INFO Logging to /home/yjx/workloadConfig/qpme/output/SimQPN_Output_config_2025-08-14_055007316.log
WARN Batch means correlation test was run for depository of place Workload, color 0
    However, the standard deviation of the token residence time is 0 and therefore the result of the test is ignored!
    In future runs, you should set numBMeansCorlTested to 0 to switch off the correlation test!
WARN Batch means correlation test was run for depository of place W/loginAction, color 0
    However, the standard deviation of the token residence time is 0 and therefore the result of the test is ignored!
    In future runs, you should set numBMeansCorlTested to 0 to switch off the correlation test!
WARN Batch means correlation test was run for depository of place A/login_loginAction, color 0
    However, the standard deviation of the token residence time is 0 and therefore the result of the test is ignored!
    In future runs, you should set numBMeansCorlTested to 0 to switch off the correlation test!
WARN Batch means correlation test was run for depository of place P/getUser_loginAction, color 0
    However, the standard deviation of the token residence time is 0 and therefore the result of the test is ignored!
    In future runs, you should set numBMeansCorlTested to 0 to switch off the correlation test!
WARN Batch means correlation test was run for depository of place I/icon_loginAction, color 0
    However, the standard deviation of the token residence time is 0 and therefore the result of the test is ignored!
    In future runs, you should set numBMeansCorlTested to 0 to switch off the correlation test!
WARN Batch means correlation test was run for depository of place W/login, color 0
    However, the standard deviation of the token residence time is 0 and therefore the result of the test is ignored!
    In future runs, you should set numBMeansCorlTested to 0 to switch off the correlation test!
WARN Batch means correlation test was run for depository of place P/categories_login, color 0
    However, the standard deviation of the token residence time is 0 and therefore the result of the test is ignored!
    In future runs, you should set numBMeansCorlTested to 0 to switch off the correlation test!
WARN Batch means correlation test was run for depository of place I/icon_login, color 0
    However, the standard deviation of the token residence time is 0 and therefore the result of the test is ignored!
    In future runs, you should set numBMeansCorlTested to 0 to switch off the correlation test!
WARN Batch means correlation test was run for depository of place A/isLoggedIn_login, color 0
    However, the standard deviation of the token residence time is 0 and therefore the result of the test is ignored!
    In future runs, you should set numBMeansCorlTested to 0 to switch off the correlation test!
WARN Batch means correlation test was run for depository of place W/product, color 0
    However, the standard deviation of the token residence time is 0 and therefore the result of the test is ignored!
    In future runs, you should set numBMeansCorlTested to 0 to switch off the correlation test!
WARN Batch means correlation test was run for depository of place P/getProduct_product, color 0
    However, the standard deviation of the token residence time is 0 and therefore the result of the test is ignored!
    In future runs, you should set numBMeansCorlTested to 0 to switch off the correlation test!
WARN Batch means correlation test was run for depository of place R/getAds_product, color 0
    However, the standard deviation of the token residence time is 0 and therefore the result of the test is ignored!
    In future runs, you should set numBMeansCorlTested to 0 to switch off the correlation test!
WARN Batch means correlation test was run for depository of place I/product_product, color 0
    However, the standard deviation of the token residence time is 0 and therefore the result of the test is ignored!
    In future runs, you should set numBMeansCorlTested to 0 to switch off the correlation test!
WARN Batch means correlation test was run for depository of place A/isLoggedIn_product, color 0
    However, the standard deviation of the token residence time is 0 and therefore the result of the test is ignored!
    In future runs, you should set numBMeansCorlTested to 0 to switch off the correlation test!
WARN Batch means correlation test was run for depository of place W/logout, color 0
    However, the standard deviation of the token residence time is 0 and therefore the result of the test is ignored!
    In future runs, you should set numBMeansCorlTested to 0 to switch off the correlation test!
WARN Batch means correlation test was run for depository of place A/logout_logout, color 0
    However, the standard deviation of the token residence time is 0 and therefore the result of the test is ignored!
    In future runs, you should set numBMeansCorlTested to 0 to switch off the correlation test!
WARN Batch means correlation test was run for depository of place P/category_logout, color 0
    However, the standard deviation of the token residence time is 0 and therefore the result of the test is ignored!
    In future runs, you should set numBMeansCorlTested to 0 to switch off the correlation test!
WARN Batch means correlation test was run for depository of place I/icon_logout, color 0
    However, the standard deviation of the token residence time is 0 and therefore the result of the test is ignored!
    In future runs, you should set numBMeansCorlTested to 0 to switch off the correlation test!
WARN Batch means correlation test was run for depository of place W/index, color 0
    However, the standard deviation of the token residence time is 0 and therefore the result of the test is ignored!
    In future runs, you should set numBMeansCorlTested to 0 to switch off the correlation test!
WARN Batch means correlation test was run for depository of place P/categories_index, color 0
    However, the standard deviation of the token residence time is 0 and therefore the result of the test is ignored!
    In future runs, you should set numBMeansCorlTested to 0 to switch off the correlation test!
WARN Batch means correlation test was run for depository of place A/isLoggedIn_index, color 0
    However, the standard deviation of the token residence time is 0 and therefore the result of the test is ignored!
    In future runs, you should set numBMeansCorlTested to 0 to switch off the correlation test!
WARN Batch means correlation test was run for depository of place I/icon_index, color 0
    However, the standard deviation of the token residence time is 0 and therefore the result of the test is ignored!
    In future runs, you should set numBMeansCorlTested to 0 to switch off the correlation test!
WARN Batch means correlation test was run for depository of place W/category, color 0
    However, the standard deviation of the token residence time is 0 and therefore the result of the test is ignored!
    In future runs, you should set numBMeansCorlTested to 0 to switch off the correlation test!
WARN Batch means correlation test was run for depository of place P/category_category, color 0
    However, the standard deviation of the token residence time is 0 and therefore the result of the test is ignored!
    In future runs, you should set numBMeansCorlTested to 0 to switch off the correlation test!
WARN Batch means correlation test was run for depository of place I/productImages_category, color 0
    However, the standard deviation of the token residence time is 0 and therefore the result of the test is ignored!
    In future runs, you should set numBMeansCorlTested to 0 to switch off the correlation test!
WARN Batch means correlation test was run for depository of place A/isLoggedIn_category, color 0
    However, the standard deviation of the token residence time is 0 and therefore the result of the test is ignored!
    In future runs, you should set numBMeansCorlTested to 0 to switch off the correlation test!
WARN LP-1 The simulation was stopped because of reaching max totalRunLen.
The required precision may not have been reached!
REPORT for Queue of Queueing Place : W/index----------------------------------------

queueUtilQPl=0.0036060060048346424

------------------ Color = index --------------------
arrivCnt=277375 deptCnt=277375
arrivThrPut=0.027765269563284914 deptThrPut=0.027765269563284914
meanTkPop=0.0036225225331268157 tkColOcp=0.0036060060048346424
-----
meanST=0.13046956107773636 stDevST=0.1534208422907897

Steady State Statistics: numBatchesST=693 batchSizeST=400 stDevStdStateMeanST=0.007760370024039024
95% c.i. = 0.13047191849859804 +/- 5.777818606942926E-4



REPORT for Depository of Queueing Place : W/index----------------------------------------

tkOcp=0.0

------------------ Color = index --------------------
arrivCnt=277375 deptCnt=277375
arrivThrPut=0.027765269563284914 deptThrPut=0.027765269563284914
meanTkPop=0.0 tkColOcp=0.0
-----
meanST=0.0 stDevST=0.0

Steady State Statistics: numBatchesST=1386 batchSizeST=200 stDevStdStateMeanST=0.0
95% c.i. = 0.0 +/- 0.0



REPORT for Queue : WebUI----------------------------------------

totArrivThrPut=0.16673666244720728 totDeptThrPut=0.16673666244720728
meanTotTkPop=0.0363169206342391 queueUtil=0.034507029736573096
meanST=0.21781004909905693



REPORT for Queue of Queueing Place : P/categories_index----------------------------------------

queueUtilQPl=0.009958382595290333

------------------ Color = index --------------------
arrivCnt=277375 deptCnt=277375
arrivThrPut=0.027765269563284914 deptThrPut=0.027765269563284914
meanTkPop=0.010482716373085163 tkColOcp=0.009958382595290333
-----
meanST=0.37754779758907375 stDevST=1.1423246543824042

Steady State Statistics: numBatchesST=693 batchSizeST=400 stDevStdStateMeanST=0.06408425049626133
95% c.i. = 0.377558360088487 +/- 0.004771256702738743



REPORT for Depository of Queueing Place : P/categories_index----------------------------------------

tkOcp=0.0

------------------ Color = index --------------------
arrivCnt=277375 deptCnt=277375
arrivThrPut=0.027765269563284914 deptThrPut=0.027765269563284914
meanTkPop=0.0 tkColOcp=0.0
-----
meanST=0.0 stDevST=0.0

Steady State Statistics: numBatchesST=1386 batchSizeST=200 stDevStdStateMeanST=0.0
95% c.i. = 0.0 +/- 0.0



REPORT for Queue : Persistence----------------------------------------

totArrivThrPut=0.16673666244720728 totDeptThrPut=0.16673666244720728
meanTotTkPop=0.1651527397693915 queueUtil=0.12227541099823105
meanST=0.9905004535021367



REPORT for Queue of Queueing Place : A/isLoggedIn_index----------------------------------------

queueUtilQPl=0.0044318750054010096

------------------ Color = index --------------------
arrivCnt=277375 deptCnt=277375
arrivThrPut=0.027765269563284914 deptThrPut=0.027765269563284914
meanTkPop=0.004484450717356949 tkColOcp=0.0044318750054010096
-----
meanST=0.16151295441723032 stDevST=0.2568350198018645

Steady State Statistics: numBatchesST=693 batchSizeST=400 stDevStdStateMeanST=0.01354040917353848
95% c.i. = 0.16152493725262893 +/- 0.001008122393985706



REPORT for Depository of Queueing Place : A/isLoggedIn_index----------------------------------------

tkOcp=0.0

------------------ Color = index --------------------
arrivCnt=277375 deptCnt=277375
arrivThrPut=0.027765269563284914 deptThrPut=0.027765269563284914
meanTkPop=0.0 tkColOcp=0.0
-----
meanST=0.0 stDevST=0.0

Steady State Statistics: numBatchesST=1386 batchSizeST=200 stDevStdStateMeanST=0.0
95% c.i. = 0.0 +/- 0.0



REPORT for Queue : Auth----------------------------------------

totArrivThrPut=0.16673656234709167 totDeptThrPut=0.16673656234709167
meanTotTkPop=0.07333595003418461 queueUtil=0.06643910062751532
meanST=0.43983124637968035



REPORT for Queue of Queueing Place : W/login----------------------------------------

queueUtilQPl=0.006808711925858855

------------------ Color = login --------------------
arrivCnt=276342 deptCnt=276342
arrivThrPut=0.027661866143874825 deptThrPut=0.027661866143874825
meanTkPop=0.006857088980029033 tkColOcp=0.006808711925858855
-----
meanST=0.24788960167632798 stDevST=0.2553358495449662

Steady State Statistics: numBatchesST=690 batchSizeST=400 stDevStdStateMeanST=0.013137996322886876
95% c.i. = 0.24788773897281124 +/- 9.802857321747486E-4



REPORT for Depository of Queueing Place : W/login----------------------------------------

tkOcp=0.0

------------------ Color = login --------------------
arrivCnt=276342 deptCnt=276342
arrivThrPut=0.027661866143874825 deptThrPut=0.027661866143874825
meanTkPop=0.0 tkColOcp=0.0
-----
meanST=0.0 stDevST=0.0

Steady State Statistics: numBatchesST=1381 batchSizeST=200 stDevStdStateMeanST=0.0
95% c.i. = 0.0 +/- 0.0



REPORT for Queue : WebUI----------------------------------------

totArrivThrPut=0.16673666244720728 totDeptThrPut=0.16673666244720728
meanTotTkPop=0.0363169206342391 queueUtil=0.034507029736573096
meanST=0.21781004909905693



REPORT for Queue of Queueing Place : W/loginAction----------------------------------------

queueUtilQPl=0.014293531202429759

------------------ Color = loginAction --------------------
arrivCnt=277660 deptCnt=277660
arrivThrPut=0.027793798096229616 deptThrPut=0.027793798096229616
meanTkPop=0.014497767373472798 tkColOcp=0.014293531202429759
-----
meanST=0.5216187914756243 stDevST=0.5182404555036387

Steady State Statistics: numBatchesST=86 batchSizeST=3200 stDevStdStateMeanST=0.010264462065134134
95% c.i. = 0.5214818348050237 +/- 0.002200705364766327



REPORT for Depository of Queueing Place : W/loginAction----------------------------------------

tkOcp=0.0

------------------ Color = loginAction --------------------
arrivCnt=277660 deptCnt=277660
arrivThrPut=0.027793798096229616 deptThrPut=0.027793798096229616
meanTkPop=0.0 tkColOcp=0.0
-----
meanST=0.0 stDevST=0.0

Steady State Statistics: numBatchesST=1388 batchSizeST=200 stDevStdStateMeanST=0.0
95% c.i. = 0.0 +/- 0.0



REPORT for Queue : WebUI----------------------------------------

totArrivThrPut=0.16673666244720728 totDeptThrPut=0.16673666244720728
meanTotTkPop=0.0363169206342391 queueUtil=0.034507029736573096
meanST=0.21781004909905693



REPORT for Queue of Queueing Place : A/login_loginAction----------------------------------------

queueUtilQPl=0.004438686706329315

------------------ Color = loginAction --------------------
arrivCnt=277660 deptCnt=277660
arrivThrPut=0.027793798096229616 deptThrPut=0.027793798096229616
meanTkPop=0.004466269998981127 tkColOcp=0.004438686706329315
-----
meanST=0.16069304322920164 stDevST=0.2360735143981889

Steady State Statistics: numBatchesST=347 batchSizeST=800 stDevStdStateMeanST=0.008670402395346655
95% c.i. = 0.1606998281638516 +/- 9.122683488415848E-4



REPORT for Depository of Queueing Place : A/login_loginAction----------------------------------------

tkOcp=0.0

------------------ Color = loginAction --------------------
arrivCnt=277660 deptCnt=277660
arrivThrPut=0.027793798096229616 deptThrPut=0.027793798096229616
meanTkPop=0.0 tkColOcp=0.0
-----
meanST=0.0 stDevST=0.0

Steady State Statistics: numBatchesST=1388 batchSizeST=200 stDevStdStateMeanST=0.0
95% c.i. = 0.0 +/- 0.0



REPORT for Queue : Auth----------------------------------------

totArrivThrPut=0.16673656234709167 totDeptThrPut=0.16673656234709167
meanTotTkPop=0.07333595003418461 queueUtil=0.06643910062751532
meanST=0.43983124637968035



REPORT for Queue of Queueing Place : W/logout----------------------------------------

queueUtilQPl=0.004793906571438928

------------------ Color = logout --------------------
arrivCnt=278653 deptCnt=278653
arrivThrPut=0.027893197511015887 deptThrPut=0.027893197511015887
meanTkPop=0.004819380099460827 tkColOcp=0.004793906571438928
-----
meanST=0.1727797645844477 stDevST=0.18854723564708514

Steady State Statistics: numBatchesST=348 batchSizeST=800 stDevStdStateMeanST=0.007148251232746547
95% c.i. = 0.1727802699511225 +/- 7.510317147445445E-4



REPORT for Depository of Queueing Place : W/logout----------------------------------------

tkOcp=0.0

------------------ Color = logout --------------------
arrivCnt=278653 deptCnt=278653
arrivThrPut=0.027893197511015887 deptThrPut=0.027893197511015887
meanTkPop=0.0 tkColOcp=0.0
-----
meanST=0.0 stDevST=0.0

Steady State Statistics: numBatchesST=1393 batchSizeST=200 stDevStdStateMeanST=0.0
95% c.i. = 0.0 +/- 0.0



REPORT for Queue : WebUI----------------------------------------

totArrivThrPut=0.16673666244720728 totDeptThrPut=0.16673666244720728
meanTotTkPop=0.0363169206342391 queueUtil=0.034507029736573096
meanST=0.21781004909905693



REPORT for Queue of Queueing Place : A/logout_logout----------------------------------------

queueUtilQPl=0.020416840879085383

------------------ Color = logout --------------------
arrivCnt=278653 deptCnt=278653
arrivThrPut=0.027893197511015887 deptThrPut=0.027893197511015887
meanTkPop=0.020857230911779347 tkColOcp=0.020416840879085383
-----
meanST=0.7477533152497909 stDevST=0.7415743653552903

Steady State Statistics: numBatchesST=696 batchSizeST=400 stDevStdStateMeanST=0.03914855101206085
95% c.i. = 0.7476680338821793 +/- 0.0029084336691236087



REPORT for Depository of Queueing Place : A/logout_logout----------------------------------------

tkOcp=0.0

------------------ Color = logout --------------------
arrivCnt=278653 deptCnt=278653
arrivThrPut=0.027893197511015887 deptThrPut=0.027893197511015887
meanTkPop=0.0 tkColOcp=0.0
-----
meanST=0.0 stDevST=0.0

Steady State Statistics: numBatchesST=1393 batchSizeST=200 stDevStdStateMeanST=0.0
95% c.i. = 0.0 +/- 0.0



REPORT for Queue : Auth----------------------------------------

totArrivThrPut=0.16673656234709167 totDeptThrPut=0.16673656234709167
meanTotTkPop=0.07333595003418461 queueUtil=0.06643910062751532
meanST=0.43983124637968035



REPORT for Queue of Queueing Place : P/getUser_loginAction----------------------------------------

queueUtilQPl=0.02147615985309565

------------------ Color = loginAction --------------------
arrivCnt=277660 deptCnt=277660
arrivThrPut=0.027793798096229616 deptThrPut=0.027793798096229616
meanTkPop=0.022348227642831297 tkColOcp=0.02147615985309565
-----
meanST=0.8040724612539716 stDevST=1.293959540766791

Steady State Statistics: numBatchesST=694 batchSizeST=400 stDevStdStateMeanST=0.07229622252262835
95% c.i. = 0.8040691081051466 +/- 0.005378782234666131



REPORT for Depository of Queueing Place : P/getUser_loginAction----------------------------------------

tkOcp=0.0

------------------ Color = loginAction --------------------
arrivCnt=277660 deptCnt=277660
arrivThrPut=0.027793798096229616 deptThrPut=0.027793798096229616
meanTkPop=0.0 tkColOcp=0.0
-----
meanST=0.0 stDevST=0.0

Steady State Statistics: numBatchesST=1388 batchSizeST=200 stDevStdStateMeanST=0.0
95% c.i. = 0.0 +/- 0.0



REPORT for Queue : Persistence----------------------------------------

totArrivThrPut=0.16673666244720728 totDeptThrPut=0.16673666244720728
meanTotTkPop=0.1651527397693915 queueUtil=0.12227541099823105
meanST=0.9905004535021367



REPORT for Queue of Queueing Place : W/category----------------------------------------

queueUtilQPl=0.0035472164352589514

------------------ Color = category --------------------
arrivCnt=276701 deptCnt=276701
arrivThrPut=0.027697802085373587 deptThrPut=0.027697802085373587
meanTkPop=0.003562158004212281 tkColOcp=0.0035472164352589514
-----
meanST=0.12860796655390044 stDevST=0.15021053571227175

Steady State Statistics: numBatchesST=691 batchSizeST=400 stDevStdStateMeanST=0.007846818591477062
95% c.i. = 0.12861212216625964 +/- 5.850630619425143E-4



REPORT for Depository of Queueing Place : W/category----------------------------------------

tkOcp=0.0

------------------ Color = category --------------------
arrivCnt=276701 deptCnt=276701
arrivThrPut=0.027697802085373587 deptThrPut=0.027697802085373587
meanTkPop=0.0 tkColOcp=0.0
-----
meanST=0.0 stDevST=0.0

Steady State Statistics: numBatchesST=1383 batchSizeST=200 stDevStdStateMeanST=0.0
95% c.i. = 0.0 +/- 0.0



REPORT for Queue : WebUI----------------------------------------

totArrivThrPut=0.16673666244720728 totDeptThrPut=0.16673666244720728
meanTotTkPop=0.0363169206342391 queueUtil=0.034507029736573096
meanST=0.21781004909905693



REPORT for Queue of Queueing Place : W/product----------------------------------------

queueUtilQPl=0.0029477210222875186

------------------ Color = product --------------------
arrivCnt=278968 deptCnt=278968
arrivThrPut=0.02792472904742845 deptThrPut=0.02792472904742845
meanTkPop=0.0029580036439373473 tkColOcp=0.0029477210222875186
-----
meanST=0.10592774737091838 stDevST=0.13283974321578398

Steady State Statistics: numBatchesST=697 batchSizeST=400 stDevStdStateMeanST=0.0068555619975651065
95% c.i. = 0.1059284428154245 +/- 5.089495851012711E-4



REPORT for Depository of Queueing Place : W/product----------------------------------------

tkOcp=0.0

------------------ Color = product --------------------
arrivCnt=278968 deptCnt=278968
arrivThrPut=0.02792472904742845 deptThrPut=0.02792472904742845
meanTkPop=0.0 tkColOcp=0.0
-----
meanST=0.0 stDevST=0.0

Steady State Statistics: numBatchesST=1394 batchSizeST=200 stDevStdStateMeanST=0.0
95% c.i. = 0.0 +/- 0.0



REPORT for Queue : WebUI----------------------------------------

totArrivThrPut=0.16673666244720728 totDeptThrPut=0.16673666244720728
meanTotTkPop=0.0363169206342391 queueUtil=0.034507029736573096
meanST=0.21781004909905693



REPORT for Queue of Queueing Place : P/category_category----------------------------------------

queueUtilQPl=0.022755351559357654

------------------ Color = category --------------------
arrivCnt=276701 deptCnt=276701
arrivThrPut=0.027697802085373587 deptThrPut=0.027697802085373587
meanTkPop=0.02362633961987309 tkColOcp=0.022755351559357654
-----
meanST=0.8530041317736717 stDevST=1.300524605473505

Steady State Statistics: numBatchesST=691 batchSizeST=400 stDevStdStateMeanST=0.0726134919146302
95% c.i. = 0.8527840939668851 +/- 0.005414101450498115



REPORT for Depository of Queueing Place : P/category_category----------------------------------------

tkOcp=0.0

------------------ Color = category --------------------
arrivCnt=276701 deptCnt=276701
arrivThrPut=0.027697802085373587 deptThrPut=0.027697802085373587
meanTkPop=0.0 tkColOcp=0.0
-----
meanST=0.0 stDevST=0.0

Steady State Statistics: numBatchesST=1383 batchSizeST=200 stDevStdStateMeanST=0.0
95% c.i. = 0.0 +/- 0.0



REPORT for Queue : Persistence----------------------------------------

totArrivThrPut=0.16673666244720728 totDeptThrPut=0.16673666244720728
meanTotTkPop=0.1651527397693915 queueUtil=0.12227541099823105
meanST=0.9905004535021367



REPORT for Queue of Queueing Place : P/getProduct_product----------------------------------------

queueUtilQPl=0.016817771973274616

------------------ Color = product --------------------
arrivCnt=278968 deptCnt=278968
arrivThrPut=0.02792472904742845 deptThrPut=0.02792472904742845
meanTkPop=0.017514930538524272 tkColOcp=0.016817771973274616
-----
meanST=0.627219354887069 stDevST=1.2172194145576753

Steady State Statistics: numBatchesST=348 batchSizeST=800 stDevStdStateMeanST=0.04740353791661528
95% c.i. = 0.6272073965009538 +/- 0.004980457346459903



REPORT for Depository of Queueing Place : P/getProduct_product----------------------------------------

tkOcp=0.0

------------------ Color = product --------------------
arrivCnt=278968 deptCnt=278968
arrivThrPut=0.02792472904742845 deptThrPut=0.02792472904742845
meanTkPop=0.0 tkColOcp=0.0
-----
meanST=0.0 stDevST=0.0

Steady State Statistics: numBatchesST=1394 batchSizeST=200 stDevStdStateMeanST=0.0
95% c.i. = 0.0 +/- 0.0



REPORT for Queue : Persistence----------------------------------------

totArrivThrPut=0.16673666244720728 totDeptThrPut=0.16673666244720728
meanTotTkPop=0.1651527397693915 queueUtil=0.12227541099823105
meanST=0.9905004535021367



REPORT for Queue of Queueing Place : R/getAds_product----------------------------------------

queueUtilQPl=0.003954047208441036

------------------ Color = product --------------------
arrivCnt=278968 deptCnt=278968
arrivThrPut=0.02792472904742845 deptThrPut=0.02792472904742845
meanTkPop=0.003975239023202943 tkColOcp=0.003954047208441036
-----
meanST=0.1423555092137597 stDevST=0.1425872588314374

Steady State Statistics: numBatchesST=697 batchSizeST=400 stDevStdStateMeanST=0.007111892372298567
95% c.i. = 0.14235158767691236 +/- 5.279792777677196E-4



REPORT for Depository of Queueing Place : R/getAds_product----------------------------------------

tkOcp=0.0

------------------ Color = product --------------------
arrivCnt=278968 deptCnt=278967
arrivThrPut=0.02792472904742845 deptThrPut=0.027924628947312853
meanTkPop=0.0 tkColOcp=0.0
-----
meanST=0.0 stDevST=0.0

Steady State Statistics: numBatchesST=1394 batchSizeST=200 stDevStdStateMeanST=0.0
95% c.i. = 0.0 +/- 0.0



REPORT for Queue : Recommender----------------------------------------

totArrivThrPut=0.02792472904742845 totDeptThrPut=0.02792472904742845
meanTotTkPop=0.003975239023202943 queueUtil=0.003954047208441036
meanST=0.1423555092137597



REPORT for Queue of Queueing Place : I/productImages_category----------------------------------------

queueUtilQPl=0.0036733807493861815

------------------ Color = category --------------------
arrivCnt=276701 deptCnt=276701
arrivThrPut=0.027697802085373587 deptThrPut=0.027697802085373587
meanTkPop=0.003702428610374964 tkColOcp=0.0036733807493861815
-----
meanST=0.13367228919330426 stDevST=0.21960193994950306

Steady State Statistics: numBatchesST=691 batchSizeST=400 stDevStdStateMeanST=0.010960649556556781
95% c.i. = 0.13367245046651452 +/- 8.1723199226285E-4



REPORT for Depository of Queueing Place : I/productImages_category----------------------------------------

tkOcp=0.0

------------------ Color = category --------------------
arrivCnt=276701 deptCnt=276701
arrivThrPut=0.027697802085373587 deptThrPut=0.027697802085373587
meanTkPop=0.0 tkColOcp=0.0
-----
meanST=0.0 stDevST=0.0

Steady State Statistics: numBatchesST=1383 batchSizeST=200 stDevStdStateMeanST=0.0
95% c.i. = 0.0 +/- 0.0



REPORT for Queue : ImageProvider----------------------------------------

totArrivThrPut=0.16673656234709167 totDeptThrPut=0.16673656234709167
meanTotTkPop=0.06011427256847529 queueUtil=0.054450229131697704
meanST=0.36053443661226975



REPORT for Queue of Queueing Place : I/product_product----------------------------------------

queueUtilQPl=0.022792994846647388

------------------ Color = product --------------------
arrivCnt=278967 deptCnt=278967
arrivThrPut=0.027924628947312853 deptThrPut=0.027924628947312853
meanTkPop=0.02341326503363994 tkColOcp=0.022792994846647388
-----
meanST=0.8384449826644148 stDevST=0.8300164769876542

Steady State Statistics: numBatchesST=697 batchSizeST=400 stDevStdStateMeanST=0.04293612544589562
95% c.i. = 0.8384551245506585 +/- 0.003187531998004832



REPORT for Depository of Queueing Place : I/product_product----------------------------------------

tkOcp=0.0

------------------ Color = product --------------------
arrivCnt=278967 deptCnt=278967
arrivThrPut=0.027924628947312853 deptThrPut=0.027924628947312853
meanTkPop=0.0 tkColOcp=0.0
-----
meanST=0.0 stDevST=0.0

Steady State Statistics: numBatchesST=1394 batchSizeST=200 stDevStdStateMeanST=0.0
95% c.i. = 0.0 +/- 0.0



REPORT for Queue : ImageProvider----------------------------------------

totArrivThrPut=0.16673656234709167 totDeptThrPut=0.16673656234709167
meanTotTkPop=0.06011427256847529 queueUtil=0.054450229131697704
meanST=0.36053443661226975



REPORT for Queue of Queueing Place : Workload----------------------------------------

queueUtilQPl=1.0000000000000002

------------------ Color = workload --------------------
arrivCnt=1665699 deptCnt=1665698
arrivThrPut=0.16673666244720728 deptThrPut=0.1667365623470917
meanTkPop=1.0000000000000002 tkColOcp=1.0000000000000002
-----
meanST=5.997484293323423 stDevST=6.002480210159275

Steady State Statistics: numBatchesST=4164 batchSizeST=400 stDevStdStateMeanST=0.2967916267048192
95% c.i. = 5.99749735385823 +/- 0.009014556700983627



REPORT for Depository of Queueing Place : Workload----------------------------------------

tkOcp=0.0

------------------ Color = workload --------------------
arrivCnt=1665698 deptCnt=1665699
arrivThrPut=0.1667365623470917 deptThrPut=0.16673666244720728
meanTkPop=0.0 tkColOcp=0.0
-----
meanST=0.0 stDevST=0.0

Steady State Statistics: numBatchesST=8328 batchSizeST=200 stDevStdStateMeanST=0.0
95% c.i. = 0.0 +/- 0.0



REPORT for Queue : Workload----------------------------------------

totArrivThrPut=0.16673666244720728 totDeptThrPut=0.1667365623470917
meanTotTkPop=1.0000000000000002 queueUtil=1.0000000000000002
meanST=5.997484293323423



REPORT for Queue of Queueing Place : I/icon_index----------------------------------------

queueUtilQPl=0.01572976469832815

------------------ Color = index --------------------
arrivCnt=277375 deptCnt=277375
arrivThrPut=0.027765269563284914 deptThrPut=0.027765269563284914
meanTkPop=0.01606451793674691 tkColOcp=0.01572976469832815
-----
meanST=0.5785831792531789 stDevST=0.5842108416233642

Steady State Statistics: numBatchesST=693 batchSizeST=400 stDevStdStateMeanST=0.030608754624226412
95% c.i. = 0.5785748424869643 +/- 0.002278909787231511



REPORT for Depository of Queueing Place : I/icon_index----------------------------------------

tkOcp=0.0

------------------ Color = index --------------------
arrivCnt=277375 deptCnt=277375
arrivThrPut=0.027765269563284914 deptThrPut=0.027765269563284914
meanTkPop=0.0 tkColOcp=0.0
-----
meanST=0.0 stDevST=0.0

Steady State Statistics: numBatchesST=1386 batchSizeST=200 stDevStdStateMeanST=0.0
95% c.i. = 0.0 +/- 0.0



REPORT for Queue : ImageProvider----------------------------------------

totArrivThrPut=0.16673656234709167 totDeptThrPut=0.16673656234709167
meanTotTkPop=0.06011427256847529 queueUtil=0.054450229131697704
meanST=0.36053443661226975



REPORT for Queue of Queueing Place : P/categories_login----------------------------------------

queueUtilQPl=0.009219779039812137

------------------ Color = login --------------------
arrivCnt=276342 deptCnt=276342
arrivThrPut=0.027661866143874825 deptThrPut=0.027661866143874825
meanTkPop=0.009697173961920125 tkColOcp=0.009219779039812137
-----
meanST=0.35056109054548995 stDevST=1.1327078464056017

Steady State Statistics: numBatchesST=345 batchSizeST=800 stDevStdStateMeanST=0.045058187196185644
95% c.i. = 0.3506182924002082 +/- 0.004754581086942537



REPORT for Depository of Queueing Place : P/categories_login----------------------------------------

tkOcp=0.0

------------------ Color = login --------------------
arrivCnt=276342 deptCnt=276342
arrivThrPut=0.027661866143874825 deptThrPut=0.027661866143874825
meanTkPop=0.0 tkColOcp=0.0
-----
meanST=0.0 stDevST=0.0

Steady State Statistics: numBatchesST=1381 batchSizeST=200 stDevStdStateMeanST=0.0
95% c.i. = 0.0 +/- 0.0



REPORT for Queue : Persistence----------------------------------------

totArrivThrPut=0.16673666244720728 totDeptThrPut=0.16673666244720728
meanTotTkPop=0.1651527397693915 queueUtil=0.12227541099823105
meanST=0.9905004535021367



REPORT for Queue of Queueing Place : I/icon_login----------------------------------------

queueUtilQPl=0.006386241088746895

------------------ Color = login --------------------
arrivCnt=276342 deptCnt=276342
arrivThrPut=0.027661866143874825 deptThrPut=0.027661866143874825
meanTkPop=0.006479727847002053 tkColOcp=0.006386241088746895
-----
meanST=0.23424767560148363 stDevST=0.2944202554586869

Steady State Statistics: numBatchesST=690 batchSizeST=400 stDevStdStateMeanST=0.014879095328267575
95% c.i. = 0.23426184098379646 +/- 0.001110197057412759



REPORT for Depository of Queueing Place : I/icon_login----------------------------------------

tkOcp=0.0

------------------ Color = login --------------------
arrivCnt=276342 deptCnt=276342
arrivThrPut=0.027661866143874825 deptThrPut=0.027661866143874825
meanTkPop=0.0 tkColOcp=0.0
-----
meanST=0.0 stDevST=0.0

Steady State Statistics: numBatchesST=1381 batchSizeST=200 stDevStdStateMeanST=0.0
95% c.i. = 0.0 +/- 0.0



REPORT for Queue : ImageProvider----------------------------------------

totArrivThrPut=0.16673656234709167 totDeptThrPut=0.16673656234709167
meanTotTkPop=0.06011427256847529 queueUtil=0.054450229131697704
meanST=0.36053443661226975



REPORT for Queue of Queueing Place : A/isLoggedIn_login----------------------------------------

queueUtilQPl=0.01023924635932

------------------ Color = login --------------------
arrivCnt=276342 deptCnt=276342
arrivThrPut=0.027661866143874825 deptThrPut=0.027661866143874825
meanTkPop=0.010399411910112812 tkColOcp=0.01023924635932
-----
meanST=0.3759475899428989 stDevST=0.40558168446590537

Steady State Statistics: numBatchesST=690 batchSizeST=400 stDevStdStateMeanST=0.020903921613012265
95% c.i. = 0.3759181010432559 +/- 0.0015597367817829096



REPORT for Depository of Queueing Place : A/isLoggedIn_login----------------------------------------

tkOcp=0.0

------------------ Color = login --------------------
arrivCnt=276342 deptCnt=276342
arrivThrPut=0.027661866143874825 deptThrPut=0.027661866143874825
meanTkPop=0.0 tkColOcp=0.0
-----
meanST=0.0 stDevST=0.0

Steady State Statistics: numBatchesST=1381 batchSizeST=200 stDevStdStateMeanST=0.0
95% c.i. = 0.0 +/- 0.0



REPORT for Queue : Auth----------------------------------------

totArrivThrPut=0.16673656234709167 totDeptThrPut=0.16673656234709167
meanTotTkPop=0.07333595003418461 queueUtil=0.06643910062751532
meanST=0.43983124637968035



REPORT for Queue of Queueing Place : A/isLoggedIn_category----------------------------------------

queueUtilQPl=0.01641551776379197

------------------ Color = category --------------------
arrivCnt=276701 deptCnt=276701
arrivThrPut=0.027697802085373587 deptThrPut=0.027697802085373587
meanTkPop=0.01673923169346012 tkColOcp=0.01641551776379197
-----
meanST=0.6043523468708596 stDevST=0.6050402759900623

Steady State Statistics: numBatchesST=691 batchSizeST=400 stDevStdStateMeanST=0.03188320300724625
95% c.i. = 0.6043157062401848 +/- 0.0023772289569960548



REPORT for Depository of Queueing Place : A/isLoggedIn_category----------------------------------------

tkOcp=0.0

------------------ Color = category --------------------
arrivCnt=276701 deptCnt=276701
arrivThrPut=0.027697802085373587 deptThrPut=0.027697802085373587
meanTkPop=0.0 tkColOcp=0.0
-----
meanST=0.0 stDevST=0.0

Steady State Statistics: numBatchesST=1383 batchSizeST=200 stDevStdStateMeanST=0.0
95% c.i. = 0.0 +/- 0.0



REPORT for Queue : Auth----------------------------------------

totArrivThrPut=0.16673656234709167 totDeptThrPut=0.16673656234709167
meanTotTkPop=0.07333595003418461 queueUtil=0.06643910062751532
meanST=0.43983124637968035



REPORT for Queue of Queueing Place : I/icon_logout----------------------------------------

queueUtilQPl=0.006254772688344716

------------------ Color = logout --------------------
arrivCnt=278653 deptCnt=278653
arrivThrPut=0.027893197511015887 deptThrPut=0.027893197511015887
meanTkPop=0.006290311075573721 tkColOcp=0.006254772688344716
-----
meanST=0.2255141624795609 stDevST=0.252466166328157

Steady State Statistics: numBatchesST=696 batchSizeST=400 stDevStdStateMeanST=0.013227386690964191
95% c.i. = 0.22549961785428033 +/- 9.82692227731894E-4



REPORT for Depository of Queueing Place : I/icon_logout----------------------------------------

tkOcp=0.0

------------------ Color = logout --------------------
arrivCnt=278653 deptCnt=278653
arrivThrPut=0.027893197511015887 deptThrPut=0.027893197511015887
meanTkPop=0.0 tkColOcp=0.0
-----
meanST=0.0 stDevST=0.0

Steady State Statistics: numBatchesST=1393 batchSizeST=200 stDevStdStateMeanST=0.0
95% c.i. = 0.0 +/- 0.0



REPORT for Queue : ImageProvider----------------------------------------

totArrivThrPut=0.16673656234709167 totDeptThrPut=0.16673656234709167
meanTotTkPop=0.06011427256847529 queueUtil=0.054450229131697704
meanST=0.36053443661226975



REPORT for Queue of Queueing Place : I/icon_loginAction----------------------------------------

queueUtilQPl=0.004126354966837206

------------------ Color = loginAction --------------------
arrivCnt=277660 deptCnt=277660
arrivThrPut=0.027793798096229616 deptThrPut=0.027793798096229616
meanTkPop=0.0041640220651377015 tkColOcp=0.004126354966837206
-----
meanST=0.14981838936588426 stDevST=0.2341223629150743

Steady State Statistics: numBatchesST=347 batchSizeST=800 stDevStdStateMeanST=0.008998830822266046
95% c.i. = 0.14981345741087365 +/- 9.468243988467372E-4



REPORT for Depository of Queueing Place : I/icon_loginAction----------------------------------------

tkOcp=0.0

------------------ Color = loginAction --------------------
arrivCnt=277660 deptCnt=277660
arrivThrPut=0.027793798096229616 deptThrPut=0.027793798096229616
meanTkPop=0.0 tkColOcp=0.0
-----
meanST=0.0 stDevST=0.0

Steady State Statistics: numBatchesST=1388 batchSizeST=200 stDevStdStateMeanST=0.0
95% c.i. = 0.0 +/- 0.0



REPORT for Queue : ImageProvider----------------------------------------

totArrivThrPut=0.16673656234709167 totDeptThrPut=0.16673656234709167
meanTotTkPop=0.06011427256847529 queueUtil=0.054450229131697704
meanST=0.36053443661226975



REPORT for Queue of Queueing Place : A/isLoggedIn_product----------------------------------------

queueUtilQPl=0.016095846907590815

------------------ Color = product --------------------
arrivCnt=278967 deptCnt=278967
arrivThrPut=0.027924628947312853 deptThrPut=0.027924628947312853
meanTkPop=0.016389354802494267 tkColOcp=0.016095846907590815
-----
meanST=0.586913968791388 stDevST=0.5908757459454113

Steady State Statistics: numBatchesST=697 batchSizeST=400 stDevStdStateMeanST=0.029492292348939034
95% c.i. = 0.5868541282333263 +/- 0.0021894762179977445



REPORT for Depository of Queueing Place : A/isLoggedIn_product----------------------------------------

tkOcp=0.0

------------------ Color = product --------------------
arrivCnt=278967 deptCnt=278967
arrivThrPut=0.027924628947312853 deptThrPut=0.027924628947312853
meanTkPop=0.0 tkColOcp=0.0
-----
meanST=0.0 stDevST=0.0

Steady State Statistics: numBatchesST=1394 batchSizeST=200 stDevStdStateMeanST=0.0
95% c.i. = 0.0 +/- 0.0



REPORT for Queue : Auth----------------------------------------

totArrivThrPut=0.16673656234709167 totDeptThrPut=0.16673656234709167
meanTotTkPop=0.07333595003418461 queueUtil=0.06643910062751532
meanST=0.43983124637968035



REPORT for Queue of Queueing Place : P/category_logout----------------------------------------

queueUtilQPl=0.07533774004548494

------------------ Color = logout --------------------
arrivCnt=278653 deptCnt=278653
arrivThrPut=0.027893197511015887 deptThrPut=0.027893197511015887
meanTkPop=0.08148335163315754 tkColOcp=0.07533774004548494
-----
meanST=2.9212624906476656 stDevST=2.9028230674717084

Steady State Statistics: numBatchesST=696 batchSizeST=400 stDevStdStateMeanST=0.17789260962712009
95% c.i. = 2.921126375390642 +/- 0.01321604100157837



REPORT for Depository of Queueing Place : P/category_logout----------------------------------------

tkOcp=0.0

------------------ Color = logout --------------------
arrivCnt=278653 deptCnt=278653
arrivThrPut=0.027893197511015887 deptThrPut=0.027893197511015887
meanTkPop=0.0 tkColOcp=0.0
-----
meanST=0.0 stDevST=0.0

Steady State Statistics: numBatchesST=1393 batchSizeST=200 stDevStdStateMeanST=0.0
95% c.i. = 0.0 +/- 0.0



REPORT for Queue : Persistence----------------------------------------

totArrivThrPut=0.16673666244720728 totDeptThrPut=0.16673666244720728
meanTotTkPop=0.1651527397693915 queueUtil=0.12227541099823105
meanST=0.9905004535021367



REPORT for Ordinary Place : Finish_index----------------------------------------

tkOcp=1.0

------------------ Color = index --------------------
arrivCnt=277375 deptCnt=0
arrivThrPut=0.027765269563284914 deptThrPut=0.0
meanTkPop=138911.24483546533 tkColOcp=1.0
-----
meanST=NaN stDevST=NaN

Steady State Statistics: Only 0 batches collected!
Need at least 60 for steady state statistics.



REPORT for Ordinary Place : Finish_login----------------------------------------

tkOcp=1.0

------------------ Color = login --------------------
arrivCnt=276342 deptCnt=0
arrivThrPut=0.027661866143874825 deptThrPut=0.0
meanTkPop=138633.30302127314 tkColOcp=1.0
-----
meanST=NaN stDevST=NaN

Steady State Statistics: Only 0 batches collected!
Need at least 60 for steady state statistics.



REPORT for Ordinary Place : Finish_loginAction----------------------------------------

tkOcp=1.0

------------------ Color = loginAction --------------------
arrivCnt=277660 deptCnt=0
arrivThrPut=0.027793798096229616 deptThrPut=0.0
meanTkPop=139223.7375572919 tkColOcp=1.0
-----
meanST=NaN stDevST=NaN

Steady State Statistics: Only 0 batches collected!
Need at least 60 for steady state statistics.



REPORT for Ordinary Place : Finish_category----------------------------------------

tkOcp=1.0000000000000002

------------------ Color = category --------------------
arrivCnt=276701 deptCnt=0
arrivThrPut=0.027697802085373587 deptThrPut=0.0
meanTkPop=138535.47726270233 tkColOcp=1.0000000000000002
-----
meanST=NaN stDevST=NaN

Steady State Statistics: Only 0 batches collected!
Need at least 60 for steady state statistics.



REPORT for Ordinary Place : Finish_product----------------------------------------

tkOcp=1.0

------------------ Color = product --------------------
arrivCnt=278967 deptCnt=0
arrivThrPut=0.027924628947312853 deptThrPut=0.0
meanTkPop=139967.84419279898 tkColOcp=1.0
-----
meanST=NaN stDevST=NaN

Steady State Statistics: Only 0 batches collected!
Need at least 60 for steady state statistics.



REPORT for Ordinary Place : Finish_logout----------------------------------------

tkOcp=1.0

------------------ Color = logout --------------------
arrivCnt=278653 deptCnt=0
arrivThrPut=0.027893197511015887 deptThrPut=0.0
meanTkPop=139567.05165552383 tkColOcp=1.0
-----
meanST=NaN stDevST=NaN

Steady State Statistics: Only 0 batches collected!
Need at least 60 for steady state statistics.



REPORT REPORT for Probe : /index----------------------------------------


------------------ Color = index --------------------
-----
meanST=1.2481134923372192 stDevST=1.3461441064048427

Steady State Statistics: numBatchesST=693 batchSizeST=400 stDevStdStateMeanST=0.07492034198046649
95% c.i. = 1.24813005832668 +/- 0.005578034869372998



REPORT REPORT for Probe : /login----------------------------------------


------------------ Color = login --------------------
-----
meanST=1.2086459577662005 stDevST=1.3015192687486494

Steady State Statistics: numBatchesST=345 batchSizeST=800 stDevStdStateMeanST=0.0535524599201181
95% c.i. = 1.2086859734000721 +/- 0.005650904506806176



REPORT REPORT for Probe : /loginAction----------------------------------------


------------------ Color = loginAction --------------------
-----
meanST=1.6362026853246816 stDevST=1.4477540523015089

Steady State Statistics: numBatchesST=694 batchSizeST=400 stDevStdStateMeanST=0.0793093793792541
95% c.i. = 1.6362214636272752 +/- 0.005900555602528312



REPORT REPORT for Probe : /logout----------------------------------------


------------------ Color = logout --------------------
-----
meanST=4.067309732961465 stDevST=3.0072041709563413

Steady State Statistics: numBatchesST=696 batchSizeST=400 stDevStdStateMeanST=0.1834873010491037
95% c.i. = 4.067074297078227 +/- 0.013631683176816



REPORT REPORT for Probe : /category----------------------------------------


------------------ Color = category --------------------
-----
meanST=1.719636734391736 stDevST=1.4749107427596633

Steady State Statistics: numBatchesST=691 batchSizeST=400 stDevStdStateMeanST=0.08264006923957162
95% c.i. = 1.719384372839842 +/- 0.006161688509144437



REPORT REPORT for Probe : /product----------------------------------------


------------------ Color = product --------------------
-----
meanST=2.3008616143995484 stDevST=1.617788497641291

Steady State Statistics: numBatchesST=348 batchSizeST=800 stDevStdStateMeanST=0.061883484307539656
95% c.i. = 2.3009413469486177 +/- 0.006501794329912091



