INFO Logging to /home/yjx/workloadConfig/qpme/output/SimQPN_Output_config_2025-08-14_023054791.log
WARN Batch means correlation test was run for depository of place Workload, color 0
    However, the standard deviation of the token residence time is 0 and therefore the result of the test is ignored!
    In future runs, you should set numBMeansCorlTested to 0 to switch off the correlation test!
WARN Batch means correlation test was run for depository of place W/index, color 0
    However, the standard deviation of the token residence time is 0 and therefore the result of the test is ignored!
    In future runs, you should set numBMeansCorlTested to 0 to switch off the correlation test!
WARN Batch means correlation test was run for depository of place P/categories_index, color 0
    However, the standard deviation of the token residence time is 0 and therefore the result of the test is ignored!
    In future runs, you should set numBMeansCorlTested to 0 to switch off the correlation test!
WARN Batch means correlation test was run for depository of place A/isLoggedIn_index, color 0
    However, the standard deviation of the token residence time is 0 and therefore the result of the test is ignored!
    In future runs, you should set numBMeansCorlTested to 0 to switch off the correlation test!
WARN Batch means correlation test was run for depository of place I/icon_index, color 0
    However, the standard deviation of the token residence time is 0 and therefore the result of the test is ignored!
    In future runs, you should set numBMeansCorlTested to 0 to switch off the correlation test!
WARN Batch means correlation test was run for depository of place W/category, color 0
    However, the standard deviation of the token residence time is 0 and therefore the result of the test is ignored!
    In future runs, you should set numBMeansCorlTested to 0 to switch off the correlation test!
WARN Batch means correlation test was run for depository of place P/category_category, color 0
    However, the standard deviation of the token residence time is 0 and therefore the result of the test is ignored!
    In future runs, you should set numBMeansCorlTested to 0 to switch off the correlation test!
WARN Batch means correlation test was run for depository of place I/productImages_category, color 0
    However, the standard deviation of the token residence time is 0 and therefore the result of the test is ignored!
    In future runs, you should set numBMeansCorlTested to 0 to switch off the correlation test!
WARN Batch means correlation test was run for depository of place A/isLoggedIn_category, color 0
    However, the standard deviation of the token residence time is 0 and therefore the result of the test is ignored!
    In future runs, you should set numBMeansCorlTested to 0 to switch off the correlation test!
WARN Batch means correlation test was run for depository of place W/product, color 0
    However, the standard deviation of the token residence time is 0 and therefore the result of the test is ignored!
    In future runs, you should set numBMeansCorlTested to 0 to switch off the correlation test!
WARN Batch means correlation test was run for depository of place P/getProduct_product, color 0
    However, the standard deviation of the token residence time is 0 and therefore the result of the test is ignored!
    In future runs, you should set numBMeansCorlTested to 0 to switch off the correlation test!
WARN Batch means correlation test was run for depository of place R/getAds_product, color 0
    However, the standard deviation of the token residence time is 0 and therefore the result of the test is ignored!
    In future runs, you should set numBMeansCorlTested to 0 to switch off the correlation test!
WARN Batch means correlation test was run for depository of place I/product_product, color 0
    However, the standard deviation of the token residence time is 0 and therefore the result of the test is ignored!
    In future runs, you should set numBMeansCorlTested to 0 to switch off the correlation test!
WARN Batch means correlation test was run for depository of place A/isLoggedIn_product, color 0
    However, the standard deviation of the token residence time is 0 and therefore the result of the test is ignored!
    In future runs, you should set numBMeansCorlTested to 0 to switch off the correlation test!
WARN Batch means correlation test was run for depository of place W/loginAction, color 0
    However, the standard deviation of the token residence time is 0 and therefore the result of the test is ignored!
    In future runs, you should set numBMeansCorlTested to 0 to switch off the correlation test!
WARN Batch means correlation test was run for depository of place A/login_loginAction, color 0
    However, the standard deviation of the token residence time is 0 and therefore the result of the test is ignored!
    In future runs, you should set numBMeansCorlTested to 0 to switch off the correlation test!
WARN Batch means correlation test was run for depository of place P/getUser_loginAction, color 0
    However, the standard deviation of the token residence time is 0 and therefore the result of the test is ignored!
    In future runs, you should set numBMeansCorlTested to 0 to switch off the correlation test!
WARN Batch means correlation test was run for depository of place I/icon_loginAction, color 0
    However, the standard deviation of the token residence time is 0 and therefore the result of the test is ignored!
    In future runs, you should set numBMeansCorlTested to 0 to switch off the correlation test!
WARN Batch means correlation test was run for depository of place W/logout, color 0
    However, the standard deviation of the token residence time is 0 and therefore the result of the test is ignored!
    In future runs, you should set numBMeansCorlTested to 0 to switch off the correlation test!
WARN Batch means correlation test was run for depository of place A/logout_logout, color 0
    However, the standard deviation of the token residence time is 0 and therefore the result of the test is ignored!
    In future runs, you should set numBMeansCorlTested to 0 to switch off the correlation test!
WARN Batch means correlation test was run for depository of place P/category_logout, color 0
    However, the standard deviation of the token residence time is 0 and therefore the result of the test is ignored!
    In future runs, you should set numBMeansCorlTested to 0 to switch off the correlation test!
WARN Batch means correlation test was run for depository of place I/icon_logout, color 0
    However, the standard deviation of the token residence time is 0 and therefore the result of the test is ignored!
    In future runs, you should set numBMeansCorlTested to 0 to switch off the correlation test!
WARN Batch means correlation test was run for depository of place W/login, color 0
    However, the standard deviation of the token residence time is 0 and therefore the result of the test is ignored!
    In future runs, you should set numBMeansCorlTested to 0 to switch off the correlation test!
WARN Batch means correlation test was run for depository of place P/categories_login, color 0
    However, the standard deviation of the token residence time is 0 and therefore the result of the test is ignored!
    In future runs, you should set numBMeansCorlTested to 0 to switch off the correlation test!
WARN Batch means correlation test was run for depository of place I/icon_login, color 0
    However, the standard deviation of the token residence time is 0 and therefore the result of the test is ignored!
    In future runs, you should set numBMeansCorlTested to 0 to switch off the correlation test!
WARN Batch means correlation test was run for depository of place A/isLoggedIn_login, color 0
    However, the standard deviation of the token residence time is 0 and therefore the result of the test is ignored!
    In future runs, you should set numBMeansCorlTested to 0 to switch off the correlation test!
WARN LP-1 The simulation was stopped because of reaching max totalRunLen.
The required precision may not have been reached!
REPORT for Queue of Queueing Place : W/index----------------------------------------

queueUtilQPl=0.00326664981044868

------------------ Color = index --------------------
arrivCnt=277966 deptCnt=277966
arrivThrPut=0.027824440254594015 deptThrPut=0.027824440254594015
meanTkPop=0.0032799702365372417 tkColOcp=0.00326664981044868
-----
meanST=0.11788090637315499 stDevST=0.14906917829288469

Steady State Statistics: numBatchesST=694 batchSizeST=400 stDevStdStateMeanST=0.0073633336021981365
95% c.i. = 0.11788296652840902 +/- 5.478262429966807E-4



REPORT for Depository of Queueing Place : W/index----------------------------------------

tkOcp=0.0

------------------ Color = index --------------------
arrivCnt=277966 deptCnt=277966
arrivThrPut=0.027824440254594015 deptThrPut=0.027824440254594015
meanTkPop=0.0 tkColOcp=0.0
-----
meanST=0.0 stDevST=0.0

Steady State Statistics: numBatchesST=1389 batchSizeST=200 stDevStdStateMeanST=0.0
95% c.i. = 0.0 +/- 0.0



REPORT for Queue : WebUI----------------------------------------

totArrivThrPut=0.16685034517648187 totDeptThrPut=0.16685034517648187
meanTotTkPop=0.044816635504156696 queueUtil=0.04228763197089402
meanST=0.2686037925588527



REPORT for Queue of Queueing Place : P/categories_index----------------------------------------

queueUtilQPl=0.011494348172723734

------------------ Color = index --------------------
arrivCnt=277966 deptCnt=277966
arrivThrPut=0.027824440254594015 deptThrPut=0.027824440254594015
meanTkPop=0.011633771279998217 tkColOcp=0.011494348172723734
-----
meanST=0.4181133986362007 stDevST=0.4193246141085773

Steady State Statistics: numBatchesST=694 batchSizeST=400 stDevStdStateMeanST=0.021070111014566507
95% c.i. = 0.41806793917127427 +/- 0.0015675997286320356



REPORT for Depository of Queueing Place : P/categories_index----------------------------------------

tkOcp=0.0

------------------ Color = index --------------------
arrivCnt=277966 deptCnt=277966
arrivThrPut=0.027824440254594015 deptThrPut=0.027824440254594015
meanTkPop=0.0 tkColOcp=0.0
-----
meanST=0.0 stDevST=0.0

Steady State Statistics: numBatchesST=1389 batchSizeST=200 stDevStdStateMeanST=0.0
95% c.i. = 0.0 +/- 0.0



REPORT for Queue : Persistence----------------------------------------

totArrivThrPut=0.16685034517648187 totDeptThrPut=0.16685034517648187
meanTotTkPop=0.040370292044395996 queueUtil=0.03796765864600147
meanST=0.2419551005525059



REPORT for Queue of Queueing Place : A/isLoggedIn_index----------------------------------------

queueUtilQPl=0.004592660156845774

------------------ Color = index --------------------
arrivCnt=277966 deptCnt=277966
arrivThrPut=0.027824440254594015 deptThrPut=0.027824440254594015
meanTkPop=0.004622437143039915 tkColOcp=0.004592660156845774
-----
meanST=0.16612866604842905 stDevST=0.21371159287932345

Steady State Statistics: numBatchesST=694 batchSizeST=400 stDevStdStateMeanST=0.010888256594648458
95% c.i. = 0.16609065886014507 +/- 8.10077748107112E-4



REPORT for Depository of Queueing Place : A/isLoggedIn_index----------------------------------------

tkOcp=0.0

------------------ Color = index --------------------
arrivCnt=277966 deptCnt=277966
arrivThrPut=0.027824440254594015 deptThrPut=0.027824440254594015
meanTkPop=0.0 tkColOcp=0.0
-----
meanST=0.0 stDevST=0.0

Steady State Statistics: numBatchesST=1389 batchSizeST=200 stDevStdStateMeanST=0.0
95% c.i. = 0.0 +/- 0.0



REPORT for Queue : Auth----------------------------------------

totArrivThrPut=0.16685034517648187 totDeptThrPut=0.16685034517648187
meanTotTkPop=0.06144625450835631 queueUtil=0.05676869095898737
meanST=0.3682716655057743



REPORT for Queue of Queueing Place : W/login----------------------------------------

queueUtilQPl=0.012025068372515268

------------------ Color = login --------------------
arrivCnt=277935 deptCnt=277935
arrivThrPut=0.02782133714972546 deptThrPut=0.02782133714972546
meanTkPop=0.012173133939743208 tkColOcp=0.012025068372515268
-----
meanST=0.43754668850858347 stDevST=0.4364686085793435

Steady State Statistics: numBatchesST=694 batchSizeST=400 stDevStdStateMeanST=0.02121988360059884
95% c.i. = 0.43754163302874577 +/- 0.001578742691526654



REPORT for Depository of Queueing Place : W/login----------------------------------------

tkOcp=0.0

------------------ Color = login --------------------
arrivCnt=277935 deptCnt=277935
arrivThrPut=0.02782133714972546 deptThrPut=0.02782133714972546
meanTkPop=0.0 tkColOcp=0.0
-----
meanST=0.0 stDevST=0.0

Steady State Statistics: numBatchesST=1389 batchSizeST=200 stDevStdStateMeanST=0.0
95% c.i. = 0.0 +/- 0.0



REPORT for Queue : WebUI----------------------------------------

totArrivThrPut=0.16685034517648187 totDeptThrPut=0.16685034517648187
meanTotTkPop=0.044816635504156696 queueUtil=0.04228763197089402
meanST=0.2686037925588527



REPORT for Queue of Queueing Place : W/loginAction----------------------------------------

queueUtilQPl=0.010188108791407607

------------------ Color = loginAction --------------------
arrivCnt=277302 deptCnt=277302
arrivThrPut=0.027757973750312734 deptThrPut=0.027757973750312734
meanTkPop=0.010293191980987307 tkColOcp=0.010188108791407607
-----
meanST=0.37081928506656003 stDevST=0.3709272320925115

Steady State Statistics: numBatchesST=693 batchSizeST=400 stDevStdStateMeanST=0.01939262366034736
95% c.i. = 0.3708171785718075 +/- 0.0014438365886563706



REPORT for Depository of Queueing Place : W/loginAction----------------------------------------

tkOcp=0.0

------------------ Color = loginAction --------------------
arrivCnt=277302 deptCnt=277302
arrivThrPut=0.027757973750312734 deptThrPut=0.027757973750312734
meanTkPop=0.0 tkColOcp=0.0
-----
meanST=0.0 stDevST=0.0

Steady State Statistics: numBatchesST=1386 batchSizeST=200 stDevStdStateMeanST=0.0
95% c.i. = 0.0 +/- 0.0



REPORT for Queue : WebUI----------------------------------------

totArrivThrPut=0.16685034517648187 totDeptThrPut=0.16685034517648187
meanTotTkPop=0.044816635504156696 queueUtil=0.04228763197089402
meanST=0.2686037925588527



REPORT for Queue of Queueing Place : A/login_loginAction----------------------------------------

queueUtilQPl=0.006565046479863891

------------------ Color = loginAction --------------------
arrivCnt=277302 deptCnt=277302
arrivThrPut=0.027757973750312734 deptThrPut=0.027757973750312734
meanTkPop=0.006613141724941507 tkColOcp=0.006565046479863891
-----
meanST=0.238242956219634 stDevST=0.26394744870435677

Steady State Statistics: numBatchesST=693 batchSizeST=400 stDevStdStateMeanST=0.013379060816267975
95% c.i. = 0.23824327556219352 +/- 9.961095448825135E-4



REPORT for Depository of Queueing Place : A/login_loginAction----------------------------------------

tkOcp=0.0

------------------ Color = loginAction --------------------
arrivCnt=277302 deptCnt=277302
arrivThrPut=0.027757973750312734 deptThrPut=0.027757973750312734
meanTkPop=0.0 tkColOcp=0.0
-----
meanST=0.0 stDevST=0.0

Steady State Statistics: numBatchesST=1386 batchSizeST=200 stDevStdStateMeanST=0.0
95% c.i. = 0.0 +/- 0.0



REPORT for Queue : Auth----------------------------------------

totArrivThrPut=0.16685034517648187 totDeptThrPut=0.16685034517648187
meanTotTkPop=0.06144625450835631 queueUtil=0.05676869095898737
meanST=0.3682716655057743



REPORT for Queue of Queueing Place : W/logout----------------------------------------

queueUtilQPl=0.01199427511152209

------------------ Color = logout --------------------
arrivCnt=277559 deptCnt=277559
arrivThrPut=0.027783699490674614 deptThrPut=0.027783699490674614
meanTkPop=0.012134792168092904 tkColOcp=0.01199427511152209
-----
meanST=0.4367594089536512 stDevST=0.43286013578179144

Steady State Statistics: numBatchesST=693 batchSizeST=400 stDevStdStateMeanST=0.021567733615101222
95% c.i. = 0.4368022028056245 +/- 0.0016057797786047118



REPORT for Depository of Queueing Place : W/logout----------------------------------------

tkOcp=0.0

------------------ Color = logout --------------------
arrivCnt=277559 deptCnt=277559
arrivThrPut=0.027783699490674614 deptThrPut=0.027783699490674614
meanTkPop=0.0 tkColOcp=0.0
-----
meanST=0.0 stDevST=0.0

Steady State Statistics: numBatchesST=1387 batchSizeST=200 stDevStdStateMeanST=0.0
95% c.i. = 0.0 +/- 0.0



REPORT for Queue : WebUI----------------------------------------

totArrivThrPut=0.16685034517648187 totDeptThrPut=0.16685034517648187
meanTotTkPop=0.044816635504156696 queueUtil=0.04228763197089402
meanST=0.2686037925588527



REPORT for Queue of Queueing Place : A/logout_logout----------------------------------------

queueUtilQPl=0.012576135604702193

------------------ Color = logout --------------------
arrivCnt=277559 deptCnt=277559
arrivThrPut=0.027783699490674614 deptThrPut=0.027783699490674614
meanTkPop=0.012737047675613513 tkColOcp=0.012576135604702193
-----
meanST=0.4584359861755849 stDevST=0.4606933546379409

Steady State Statistics: numBatchesST=346 batchSizeST=800 stDevStdStateMeanST=0.01682517005625287
95% c.i. = 0.45837615350442196 +/- 0.0017728398451458047



REPORT for Depository of Queueing Place : A/logout_logout----------------------------------------

tkOcp=0.0

------------------ Color = logout --------------------
arrivCnt=277559 deptCnt=277559
arrivThrPut=0.027783699490674614 deptThrPut=0.027783699490674614
meanTkPop=0.0 tkColOcp=0.0
-----
meanST=0.0 stDevST=0.0

Steady State Statistics: numBatchesST=1387 batchSizeST=200 stDevStdStateMeanST=0.0
95% c.i. = 0.0 +/- 0.0



REPORT for Queue : Auth----------------------------------------

totArrivThrPut=0.16685034517648187 totDeptThrPut=0.16685034517648187
meanTotTkPop=0.06144625450835631 queueUtil=0.05676869095898737
meanST=0.3682716655057743



REPORT for Queue of Queueing Place : P/getUser_loginAction----------------------------------------

queueUtilQPl=0.003032802207627288

------------------ Color = loginAction --------------------
arrivCnt=277302 deptCnt=277302
arrivThrPut=0.027757973750312734 deptThrPut=0.027757973750312734
meanTkPop=0.0030452921686117823 tkColOcp=0.003032802207627288
-----
meanST=0.10970873436240902 stDevST=0.13974333292698124

Steady State Statistics: numBatchesST=693 batchSizeST=400 stDevStdStateMeanST=0.007013244219598772
95% c.i. = 0.1097101940203943 +/- 5.221561964379463E-4



REPORT for Depository of Queueing Place : P/getUser_loginAction----------------------------------------

tkOcp=0.0

------------------ Color = loginAction --------------------
arrivCnt=277302 deptCnt=277302
arrivThrPut=0.027757973750312734 deptThrPut=0.027757973750312734
meanTkPop=0.0 tkColOcp=0.0
-----
meanST=0.0 stDevST=0.0

Steady State Statistics: numBatchesST=1386 batchSizeST=200 stDevStdStateMeanST=0.0
95% c.i. = 0.0 +/- 0.0



REPORT for Queue : Persistence----------------------------------------

totArrivThrPut=0.16685034517648187 totDeptThrPut=0.16685034517648187
meanTotTkPop=0.040370292044395996 queueUtil=0.03796765864600147
meanST=0.2419551005525059



REPORT for Queue of Queueing Place : W/category----------------------------------------

queueUtilQPl=0.0034648517972605303

------------------ Color = category --------------------
arrivCnt=278339 deptCnt=278339
arrivThrPut=0.02786177761317371 deptThrPut=0.02786177761317371
meanTkPop=0.0034794220529878474 tkColOcp=0.0034648517972605303
-----
meanST=0.12488155283181551 stDevST=0.15559083680087415

Steady State Statistics: numBatchesST=695 batchSizeST=400 stDevStdStateMeanST=0.007986769325012709
95% c.i. = 0.12488502008590514 +/- 5.937817290085834E-4



REPORT for Depository of Queueing Place : W/category----------------------------------------

tkOcp=0.0

------------------ Color = category --------------------
arrivCnt=278339 deptCnt=278339
arrivThrPut=0.02786177761317371 deptThrPut=0.02786177761317371
meanTkPop=0.0 tkColOcp=0.0
-----
meanST=0.0 stDevST=0.0

Steady State Statistics: numBatchesST=1391 batchSizeST=200 stDevStdStateMeanST=0.0
95% c.i. = 0.0 +/- 0.0



REPORT for Queue : WebUI----------------------------------------

totArrivThrPut=0.16685034517648187 totDeptThrPut=0.16685034517648187
meanTotTkPop=0.044816635504156696 queueUtil=0.04228763197089402
meanST=0.2686037925588527



REPORT for Queue of Queueing Place : W/product----------------------------------------

queueUtilQPl=0.003441872149511537

------------------ Color = product --------------------
arrivCnt=277733 deptCnt=277733
arrivThrPut=0.027801116918001335 deptThrPut=0.027801116918001335
meanTkPop=0.0034561251258081885 tkColOcp=0.003441872149511537
-----
meanST=0.12431605305649908 stDevST=0.15493041353402573

Steady State Statistics: numBatchesST=694 batchSizeST=400 stDevStdStateMeanST=0.00752688633543218
95% c.i. = 0.12431991960185325 +/- 5.599944380316982E-4



REPORT for Depository of Queueing Place : W/product----------------------------------------

tkOcp=0.0

------------------ Color = product --------------------
arrivCnt=277733 deptCnt=277733
arrivThrPut=0.027801116918001335 deptThrPut=0.027801116918001335
meanTkPop=0.0 tkColOcp=0.0
-----
meanST=0.0 stDevST=0.0

Steady State Statistics: numBatchesST=1388 batchSizeST=200 stDevStdStateMeanST=0.0
95% c.i. = 0.0 +/- 0.0



REPORT for Queue : WebUI----------------------------------------

totArrivThrPut=0.16685034517648187 totDeptThrPut=0.16685034517648187
meanTotTkPop=0.044816635504156696 queueUtil=0.04228763197089402
meanST=0.2686037925588527



REPORT for Queue of Queueing Place : P/category_category----------------------------------------

queueUtilQPl=0.005820305961232372

------------------ Color = category --------------------
arrivCnt=278339 deptCnt=278339
arrivThrPut=0.02786177761317371 deptThrPut=0.02786177761317371
meanTkPop=0.005859012710457943 tkColOcp=0.005820305961232372
-----
meanST=0.21028854625871618 stDevST=0.22540700011819317

Steady State Statistics: numBatchesST=695 batchSizeST=400 stDevStdStateMeanST=0.0114277819448429
95% c.i. = 0.21026960839728884 +/- 8.496061230529018E-4



REPORT for Depository of Queueing Place : P/category_category----------------------------------------

tkOcp=0.0

------------------ Color = category --------------------
arrivCnt=278339 deptCnt=278339
arrivThrPut=0.02786177761317371 deptThrPut=0.02786177761317371
meanTkPop=0.0 tkColOcp=0.0
-----
meanST=0.0 stDevST=0.0

Steady State Statistics: numBatchesST=1391 batchSizeST=200 stDevStdStateMeanST=0.0
95% c.i. = 0.0 +/- 0.0



REPORT for Queue : Persistence----------------------------------------

totArrivThrPut=0.16685034517648187 totDeptThrPut=0.16685034517648187
meanTotTkPop=0.040370292044395996 queueUtil=0.03796765864600147
meanST=0.2419551005525059



REPORT for Queue of Queueing Place : P/getProduct_product----------------------------------------

queueUtilQPl=0.003710508697498053

------------------ Color = product --------------------
arrivCnt=277733 deptCnt=277733
arrivThrPut=0.027801116918001335 deptThrPut=0.027801116918001335
meanTkPop=0.003728420020482375 tkColOcp=0.003710508697498053
-----
meanST=0.13411043993229665 stDevST=0.16315396965992407

Steady State Statistics: numBatchesST=694 batchSizeST=400 stDevStdStateMeanST=0.008309438265819537
95% c.i. = 0.1341169120137643 +/- 6.182156876904026E-4



REPORT for Depository of Queueing Place : P/getProduct_product----------------------------------------

tkOcp=0.0

------------------ Color = product --------------------
arrivCnt=277733 deptCnt=277733
arrivThrPut=0.027801116918001335 deptThrPut=0.027801116918001335
meanTkPop=0.0 tkColOcp=0.0
-----
meanST=0.0 stDevST=0.0

Steady State Statistics: numBatchesST=1388 batchSizeST=200 stDevStdStateMeanST=0.0
95% c.i. = 0.0 +/- 0.0



REPORT for Queue : Persistence----------------------------------------

totArrivThrPut=0.16685034517648187 totDeptThrPut=0.16685034517648187
meanTotTkPop=0.040370292044395996 queueUtil=0.03796765864600147
meanST=0.2419551005525059



REPORT for Queue of Queueing Place : R/getAds_product----------------------------------------

queueUtilQPl=0.011699414936496953

------------------ Color = product --------------------
arrivCnt=277733 deptCnt=277733
arrivThrPut=0.027801116918001335 deptThrPut=0.027801116918001335
meanTkPop=0.011843734742952576 tkColOcp=0.011699414936496953
-----
meanST=0.426016507821803 stDevST=0.42671630500468233

Steady State Statistics: numBatchesST=694 batchSizeST=400 stDevStdStateMeanST=0.022005740929691018
95% c.i. = 0.426001705713017 +/- 0.0016372098602557002



REPORT for Depository of Queueing Place : R/getAds_product----------------------------------------

tkOcp=0.0

------------------ Color = product --------------------
arrivCnt=277733 deptCnt=277733
arrivThrPut=0.027801116918001335 deptThrPut=0.027801116918001335
meanTkPop=0.0 tkColOcp=0.0
-----
meanST=0.0 stDevST=0.0

Steady State Statistics: numBatchesST=1388 batchSizeST=200 stDevStdStateMeanST=0.0
95% c.i. = 0.0 +/- 0.0



REPORT for Queue : Recommender----------------------------------------

totArrivThrPut=0.027801116918001335 totDeptThrPut=0.027801116918001335
meanTotTkPop=0.011843734742952576 queueUtil=0.011699414936496953
meanST=0.426016507821803



REPORT for Queue of Queueing Place : I/productImages_category----------------------------------------

queueUtilQPl=0.008005883408310106

------------------ Color = category --------------------
arrivCnt=278339 deptCnt=278339
arrivThrPut=0.02786177761317371 deptThrPut=0.02786177761317371
meanTkPop=0.00812945529862012 tkColOcp=0.008005883408310106
-----
meanST=0.29177805563907455 stDevST=0.46241593958420724

Steady State Statistics: numBatchesST=695 batchSizeST=400 stDevStdStateMeanST=0.024558286084770793
95% c.i. = 0.2918206342898083 +/- 0.0018258022711679397



REPORT for Depository of Queueing Place : I/productImages_category----------------------------------------

tkOcp=0.0

------------------ Color = category --------------------
arrivCnt=278339 deptCnt=278339
arrivThrPut=0.02786177761317371 deptThrPut=0.02786177761317371
meanTkPop=0.0 tkColOcp=0.0
-----
meanST=0.0 stDevST=0.0

Steady State Statistics: numBatchesST=1391 batchSizeST=200 stDevStdStateMeanST=0.0
95% c.i. = 0.0 +/- 0.0



REPORT for Queue : ImageProvider----------------------------------------

totArrivThrPut=0.16685034517648184 totDeptThrPut=0.16685034517648184
meanTotTkPop=0.11208365828415534 queueUtil=0.09735497997555509
meanST=0.671761620664324



REPORT for Queue of Queueing Place : I/product_product----------------------------------------

queueUtilQPl=0.014586421013544267

------------------ Color = product --------------------
arrivCnt=277733 deptCnt=277733
arrivThrPut=0.027801116918001335 deptThrPut=0.027801116918001335
meanTkPop=0.014833602072319504 tkColOcp=0.014586421013544267
-----
meanST=0.5335613715114692 stDevST=0.5984864768060846

Steady State Statistics: numBatchesST=347 batchSizeST=800 stDevStdStateMeanST=0.022171845195932603
95% c.i. = 0.5336052797225099 +/- 0.0023328412783379204



REPORT for Depository of Queueing Place : I/product_product----------------------------------------

tkOcp=0.0

------------------ Color = product --------------------
arrivCnt=277733 deptCnt=277733
arrivThrPut=0.027801116918001335 deptThrPut=0.027801116918001335
meanTkPop=0.0 tkColOcp=0.0
-----
meanST=0.0 stDevST=0.0

Steady State Statistics: numBatchesST=1388 batchSizeST=200 stDevStdStateMeanST=0.0
95% c.i. = 0.0 +/- 0.0



REPORT for Queue : ImageProvider----------------------------------------

totArrivThrPut=0.16685034517648184 totDeptThrPut=0.16685034517648184
meanTotTkPop=0.11208365828415534 queueUtil=0.09735497997555509
meanST=0.671761620664324



REPORT for Queue of Queueing Place : Workload----------------------------------------

queueUtilQPl=1.0

------------------ Color = workload --------------------
arrivCnt=1666834 deptCnt=1666834
arrivThrPut=0.16685034517648187 deptThrPut=0.16685034517648187
meanTkPop=1.0 tkColOcp=1.0
-----
meanST=5.993394852988014 stDevST=5.99130301497755

Steady State Statistics: numBatchesST=4167 batchSizeST=400 stDevStdStateMeanST=0.3016442837393717
95% c.i. = 5.9934268963056665 +/- 0.009158649532412605



REPORT for Depository of Queueing Place : Workload----------------------------------------

tkOcp=0.0

------------------ Color = workload --------------------
arrivCnt=1666834 deptCnt=1666834
arrivThrPut=0.16685034517648187 deptThrPut=0.16685034517648187
meanTkPop=0.0 tkColOcp=0.0
-----
meanST=0.0 stDevST=0.0

Steady State Statistics: numBatchesST=8334 batchSizeST=200 stDevStdStateMeanST=0.0
95% c.i. = 0.0 +/- 0.0



REPORT for Queue : Workload----------------------------------------

totArrivThrPut=0.16685034517648187 totDeptThrPut=0.16685034517648187
meanTotTkPop=1.0 queueUtil=1.0
meanST=5.993394852988014



REPORT for Queue of Queueing Place : I/icon_index----------------------------------------

queueUtilQPl=0.023422410857443347

------------------ Color = index --------------------
arrivCnt=277966 deptCnt=277966
arrivThrPut=0.027824440254594015 deptThrPut=0.027824440254594015
meanTkPop=0.023998818441255662 tkColOcp=0.023422410857443347
-----
meanST=0.86250857956768 stDevST=0.8682738889647428

Steady State Statistics: numBatchesST=694 batchSizeST=400 stDevStdStateMeanST=0.04574354024791619
95% c.i. = 0.8625176371159277 +/- 0.0034032835057075904



REPORT for Depository of Queueing Place : I/icon_index----------------------------------------

tkOcp=0.0

------------------ Color = index --------------------
arrivCnt=277966 deptCnt=277966
arrivThrPut=0.027824440254594015 deptThrPut=0.027824440254594015
meanTkPop=0.0 tkColOcp=0.0
-----
meanST=0.0 stDevST=0.0

Steady State Statistics: numBatchesST=1389 batchSizeST=200 stDevStdStateMeanST=0.0
95% c.i. = 0.0 +/- 0.0



REPORT for Queue : ImageProvider----------------------------------------

totArrivThrPut=0.16685034517648184 totDeptThrPut=0.16685034517648184
meanTotTkPop=0.11208365828415534 queueUtil=0.09735497997555509
meanST=0.671761620664324



REPORT for Queue of Queueing Place : P/categories_login----------------------------------------

queueUtilQPl=0.012503884237033153

------------------ Color = login --------------------
arrivCnt=277935 deptCnt=277935
arrivThrPut=0.02782133714972546 deptThrPut=0.02782133714972546
meanTkPop=0.01266129049704425 tkColOcp=0.012503884237033153
-----
meanST=0.4550928098425058 stDevST=0.4531192389787209

Steady State Statistics: numBatchesST=694 batchSizeST=400 stDevStdStateMeanST=0.023110223676451935
95% c.i. = 0.45500805899870583 +/- 0.0017193825100772515



REPORT for Depository of Queueing Place : P/categories_login----------------------------------------

tkOcp=0.0

------------------ Color = login --------------------
arrivCnt=277935 deptCnt=277935
arrivThrPut=0.02782133714972546 deptThrPut=0.02782133714972546
meanTkPop=0.0 tkColOcp=0.0
-----
meanST=0.0 stDevST=0.0

Steady State Statistics: numBatchesST=1389 batchSizeST=200 stDevStdStateMeanST=0.0
95% c.i. = 0.0 +/- 0.0



REPORT for Queue : Persistence----------------------------------------

totArrivThrPut=0.16685034517648187 totDeptThrPut=0.16685034517648187
meanTotTkPop=0.040370292044395996 queueUtil=0.03796765864600147
meanST=0.2419551005525059



REPORT for Queue of Queueing Place : I/icon_login----------------------------------------

queueUtilQPl=0.027644866678878503

------------------ Color = login --------------------
arrivCnt=277935 deptCnt=277935
arrivThrPut=0.02782133714972546 deptThrPut=0.02782133714972546
meanTkPop=0.028425798849279628 tkColOcp=0.027644866678878503
-----
meanST=1.0217265509670204 stDevST=1.0180718075201727

Steady State Statistics: numBatchesST=694 batchSizeST=400 stDevStdStateMeanST=0.05691637751992728
95% c.i. = 1.021865819834083 +/- 0.004234533832938713



REPORT for Depository of Queueing Place : I/icon_login----------------------------------------

tkOcp=0.0

------------------ Color = login --------------------
arrivCnt=277935 deptCnt=277935
arrivThrPut=0.02782133714972546 deptThrPut=0.02782133714972546
meanTkPop=0.0 tkColOcp=0.0
-----
meanST=0.0 stDevST=0.0

Steady State Statistics: numBatchesST=1389 batchSizeST=200 stDevStdStateMeanST=0.0
95% c.i. = 0.0 +/- 0.0



REPORT for Queue : ImageProvider----------------------------------------

totArrivThrPut=0.16685034517648184 totDeptThrPut=0.16685034517648184
meanTotTkPop=0.11208365828415534 queueUtil=0.09735497997555509
meanST=0.671761620664324



REPORT for Queue of Queueing Place : A/isLoggedIn_login----------------------------------------

queueUtilQPl=0.01676259140877383

------------------ Color = login --------------------
arrivCnt=277935 deptCnt=277935
arrivThrPut=0.02782133714972546 deptThrPut=0.02782133714972546
meanTkPop=0.017042135059436296 tkColOcp=0.01676259140877383
-----
meanST=0.6125562897182484 stDevST=0.6103491618499647

Steady State Statistics: numBatchesST=694 batchSizeST=400 stDevStdStateMeanST=0.029907326570899142
95% c.i. = 0.6125676127639277 +/- 0.0022250816326615224



REPORT for Depository of Queueing Place : A/isLoggedIn_login----------------------------------------

tkOcp=0.0

------------------ Color = login --------------------
arrivCnt=277935 deptCnt=277935
arrivThrPut=0.02782133714972546 deptThrPut=0.02782133714972546
meanTkPop=0.0 tkColOcp=0.0
-----
meanST=0.0 stDevST=0.0

Steady State Statistics: numBatchesST=1389 batchSizeST=200 stDevStdStateMeanST=0.0
95% c.i. = 0.0 +/- 0.0



REPORT for Queue : Auth----------------------------------------

totArrivThrPut=0.16685034517648187 totDeptThrPut=0.16685034517648187
meanTotTkPop=0.06144625450835631 queueUtil=0.05676869095898737
meanST=0.3682716655057743



REPORT for Queue of Queueing Place : A/isLoggedIn_category----------------------------------------

queueUtilQPl=0.013011382355053093

------------------ Color = category --------------------
arrivCnt=278339 deptCnt=278339
arrivThrPut=0.02786177761317371 deptThrPut=0.02786177761317371
meanTkPop=0.013228897365134738 tkColOcp=0.013011382355053093
-----
meanST=0.474804499152983 stDevST=0.4797530003285223

Steady State Statistics: numBatchesST=695 batchSizeST=400 stDevStdStateMeanST=0.023801556238587766
95% c.i. = 0.47482975447672904 +/- 0.0017695426825691113



REPORT for Depository of Queueing Place : A/isLoggedIn_category----------------------------------------

tkOcp=0.0

------------------ Color = category --------------------
arrivCnt=278339 deptCnt=278339
arrivThrPut=0.02786177761317371 deptThrPut=0.02786177761317371
meanTkPop=0.0 tkColOcp=0.0
-----
meanST=0.0 stDevST=0.0

Steady State Statistics: numBatchesST=1391 batchSizeST=200 stDevStdStateMeanST=0.0
95% c.i. = 0.0 +/- 0.0



REPORT for Queue : Auth----------------------------------------

totArrivThrPut=0.16685034517648187 totDeptThrPut=0.16685034517648187
meanTotTkPop=0.06144625450835631 queueUtil=0.05676869095898737
meanST=0.3682716655057743



REPORT for Queue of Queueing Place : I/icon_logout----------------------------------------

queueUtilQPl=0.0075778850583281395

------------------ Color = logout --------------------
arrivCnt=277559 deptCnt=277559
arrivThrPut=0.027783699490674614 deptThrPut=0.027783699490674614
meanTkPop=0.007681985052465972 tkColOcp=0.0075778850583281395
-----
meanST=0.2764925187534645 stDevST=0.4391687439329881

Steady State Statistics: numBatchesST=346 batchSizeST=800 stDevStdStateMeanST=0.017468714421639466
95% c.i. = 0.2765112506016733 +/- 0.0018406490315767273



REPORT for Depository of Queueing Place : I/icon_logout----------------------------------------

tkOcp=0.0

------------------ Color = logout --------------------
arrivCnt=277559 deptCnt=277559
arrivThrPut=0.027783699490674614 deptThrPut=0.027783699490674614
meanTkPop=0.0 tkColOcp=0.0
-----
meanST=0.0 stDevST=0.0

Steady State Statistics: numBatchesST=1387 batchSizeST=200 stDevStdStateMeanST=0.0
95% c.i. = 0.0 +/- 0.0



REPORT for Queue : ImageProvider----------------------------------------

totArrivThrPut=0.16685034517648184 totDeptThrPut=0.16685034517648184
meanTotTkPop=0.11208365828415534 queueUtil=0.09735497997555509
meanST=0.671761620664324



REPORT for Queue of Queueing Place : I/icon_loginAction----------------------------------------

queueUtilQPl=0.028178922575993394

------------------ Color = loginAction --------------------
arrivCnt=277302 deptCnt=277302
arrivThrPut=0.027757973750312734 deptThrPut=0.027757973750312734
meanTkPop=0.02901399857021445 tkColOcp=0.028178922575993394
-----
meanST=1.0452491536738182 stDevST=1.0368906232841077

Steady State Statistics: numBatchesST=693 batchSizeST=400 stDevStdStateMeanST=0.05617109972621531
95% c.i. = 1.0452983810077467 +/- 0.004182099876233189



REPORT for Depository of Queueing Place : I/icon_loginAction----------------------------------------

tkOcp=0.0

------------------ Color = loginAction --------------------
arrivCnt=277302 deptCnt=277302
arrivThrPut=0.027757973750312734 deptThrPut=0.027757973750312734
meanTkPop=0.0 tkColOcp=0.0
-----
meanST=0.0 stDevST=0.0

Steady State Statistics: numBatchesST=1386 batchSizeST=200 stDevStdStateMeanST=0.0
95% c.i. = 0.0 +/- 0.0



REPORT for Queue : ImageProvider----------------------------------------

totArrivThrPut=0.16685034517648184 totDeptThrPut=0.16685034517648184
meanTotTkPop=0.11208365828415534 queueUtil=0.09735497997555509
meanST=0.671761620664324



REPORT for Queue of Queueing Place : A/isLoggedIn_product----------------------------------------

queueUtilQPl=0.007140601044852177

------------------ Color = product --------------------
arrivCnt=277733 deptCnt=277733
arrivThrPut=0.027801116918001335 deptThrPut=0.027801116918001335
meanTkPop=0.007202595540190337 tkColOcp=0.007140601044852177
-----
meanST=0.2590757616477857 stDevST=0.2880971532991633

Steady State Statistics: numBatchesST=694 batchSizeST=400 stDevStdStateMeanST=0.014648921993401372
95% c.i. = 0.259062467584245 +/- 0.0010898683032914385



REPORT for Depository of Queueing Place : A/isLoggedIn_product----------------------------------------

tkOcp=0.0

------------------ Color = product --------------------
arrivCnt=277733 deptCnt=277733
arrivThrPut=0.027801116918001335 deptThrPut=0.027801116918001335
meanTkPop=0.0 tkColOcp=0.0
-----
meanST=0.0 stDevST=0.0

Steady State Statistics: numBatchesST=1388 batchSizeST=200 stDevStdStateMeanST=0.0
95% c.i. = 0.0 +/- 0.0



REPORT for Queue : Auth----------------------------------------

totArrivThrPut=0.16685034517648187 totDeptThrPut=0.16685034517648187
meanTotTkPop=0.06144625450835631 queueUtil=0.05676869095898737
meanST=0.3682716655057743



REPORT for Queue of Queueing Place : P/category_logout----------------------------------------

queueUtilQPl=0.0034274354600483887

------------------ Color = logout --------------------
arrivCnt=277559 deptCnt=277559
arrivThrPut=0.027783699490674614 deptThrPut=0.027783699490674614
meanTkPop=0.0034425053678014236 tkColOcp=0.0034274354600483887
-----
meanST=0.1239037792269843 stDevST=0.15271998619825106

Steady State Statistics: numBatchesST=693 batchSizeST=400 stDevStdStateMeanST=0.007963059244079565
95% c.i. = 0.12391288083208116 +/- 5.928726558928374E-4



REPORT for Depository of Queueing Place : P/category_logout----------------------------------------

tkOcp=0.0

------------------ Color = logout --------------------
arrivCnt=277559 deptCnt=277559
arrivThrPut=0.027783699490674614 deptThrPut=0.027783699490674614
meanTkPop=0.0 tkColOcp=0.0
-----
meanST=0.0 stDevST=0.0

Steady State Statistics: numBatchesST=1387 batchSizeST=200 stDevStdStateMeanST=0.0
95% c.i. = 0.0 +/- 0.0



REPORT for Queue : Persistence----------------------------------------

totArrivThrPut=0.16685034517648187 totDeptThrPut=0.16685034517648187
meanTotTkPop=0.040370292044395996 queueUtil=0.03796765864600147
meanST=0.2419551005525059



REPORT for Ordinary Place : Finish_index----------------------------------------

tkOcp=1.0

------------------ Color = index --------------------
arrivCnt=277966 deptCnt=0
arrivThrPut=0.027824440254594015 deptThrPut=0.0
meanTkPop=139496.52436342803 tkColOcp=1.0
-----
meanST=NaN stDevST=NaN

Steady State Statistics: Only 0 batches collected!
Need at least 60 for steady state statistics.



REPORT for Ordinary Place : Finish_login----------------------------------------

tkOcp=1.0000000000000002

------------------ Color = login --------------------
arrivCnt=277935 deptCnt=0
arrivThrPut=0.02782133714972546 deptThrPut=0.0
meanTkPop=139179.12695144312 tkColOcp=1.0000000000000002
-----
meanST=NaN stDevST=NaN

Steady State Statistics: Only 0 batches collected!
Need at least 60 for steady state statistics.



REPORT for Ordinary Place : Finish_loginAction----------------------------------------

tkOcp=1.0

------------------ Color = loginAction --------------------
arrivCnt=277302 deptCnt=0
arrivThrPut=0.027757973750312734 deptThrPut=0.0
meanTkPop=138841.56958403776 tkColOcp=1.0
-----
meanST=NaN stDevST=NaN

Steady State Statistics: Only 0 batches collected!
Need at least 60 for steady state statistics.



REPORT for Ordinary Place : Finish_category----------------------------------------

tkOcp=1.0

------------------ Color = category --------------------
arrivCnt=278339 deptCnt=0
arrivThrPut=0.02786177761317371 deptThrPut=0.0
meanTkPop=139418.88313468336 tkColOcp=1.0
-----
meanST=NaN stDevST=NaN

Steady State Statistics: Only 0 batches collected!
Need at least 60 for steady state statistics.



REPORT for Ordinary Place : Finish_product----------------------------------------

tkOcp=1.0

------------------ Color = product --------------------
arrivCnt=277733 deptCnt=0
arrivThrPut=0.027801116918001335 deptThrPut=0.0
meanTkPop=139251.99659815096 tkColOcp=1.0
-----
meanST=NaN stDevST=NaN

Steady State Statistics: Only 0 batches collected!
Need at least 60 for steady state statistics.



REPORT for Ordinary Place : Finish_logout----------------------------------------

tkOcp=1.0

------------------ Color = logout --------------------
arrivCnt=277559 deptCnt=0
arrivThrPut=0.027783699490674614 deptThrPut=0.0
meanTkPop=138829.89412226892 tkColOcp=1.0
-----
meanST=NaN stDevST=NaN

Steady State Statistics: Only 0 batches collected!
Need at least 60 for steady state statistics.



REPORT REPORT for Probe : /index----------------------------------------


------------------ Color = index --------------------
-----
meanST=1.5646315506254647 stDevST=1.0096599316821047

Steady State Statistics: numBatchesST=694 batchSizeST=400 stDevStdStateMeanST=0.05253626835990201
95% c.i. = 1.5645592016757572 +/- 0.003908657147909032



REPORT REPORT for Probe : /login----------------------------------------


------------------ Color = login --------------------
-----
meanST=2.526922339036358 stDevST=1.3380232254272242

Steady State Statistics: numBatchesST=694 batchSizeST=400 stDevStdStateMeanST=0.07012720186858877
95% c.i. = 2.5269831246254606 +/- 0.005217408799741223



REPORT REPORT for Probe : /loginAction----------------------------------------


------------------ Color = loginAction --------------------
-----
meanST=1.7640201293224216 stDevST=1.1479400887749291

Steady State Statistics: numBatchesST=693 batchSizeST=400 stDevStdStateMeanST=0.060917330557232335
95% c.i. = 1.764069029162141 +/- 0.004535470407836057



REPORT REPORT for Probe : /logout----------------------------------------


------------------ Color = logout --------------------
-----
meanST=1.295591693109685 stDevST=0.7910081769274867

Steady State Statistics: numBatchesST=693 batchSizeST=400 stDevStdStateMeanST=0.04209749501025174
95% c.i. = 1.2956165133282125 +/- 0.0031342795410846296



REPORT REPORT for Probe : /category----------------------------------------


------------------ Color = category --------------------
-----
meanST=1.1017526538825893 stDevST=0.764720243323831

Steady State Statistics: numBatchesST=695 batchSizeST=400 stDevStdStateMeanST=0.0407713258934332
95% c.i. = 1.1018050172497318 +/- 0.0030311716036617435



REPORT REPORT for Probe : /product----------------------------------------


------------------ Color = product --------------------
-----
meanST=1.4770801339698536 stDevST=0.8454041332748938

Steady State Statistics: numBatchesST=694 batchSizeST=400 stDevStdStateMeanST=0.04376745999438547
95% c.i. = 1.47710628463539 +/- 0.0032562646852064402



