INFO Logging to /home/yjx/workloadConfig/qpme/output/SimQPN_Output_config_2025-08-14_080237767.log
WARN Batch means correlation test was run for depository of place Workload, color 0
    However, the standard deviation of the token residence time is 0 and therefore the result of the test is ignored!
    In future runs, you should set numBMeansCorlTested to 0 to switch off the correlation test!
WARN Batch means correlation test was run for depository of place W/logout, color 0
    However, the standard deviation of the token residence time is 0 and therefore the result of the test is ignored!
    In future runs, you should set numBMeansCorlTested to 0 to switch off the correlation test!
WARN Batch means correlation test was run for depository of place A/logout_logout, color 0
    However, the standard deviation of the token residence time is 0 and therefore the result of the test is ignored!
    In future runs, you should set numBMeansCorlTested to 0 to switch off the correlation test!
WARN Batch means correlation test was run for depository of place P/category_logout, color 0
    However, the standard deviation of the token residence time is 0 and therefore the result of the test is ignored!
    In future runs, you should set numBMeansCorlTested to 0 to switch off the correlation test!
WARN Batch means correlation test was run for depository of place I/icon_logout, color 0
    However, the standard deviation of the token residence time is 0 and therefore the result of the test is ignored!
    In future runs, you should set numBMeansCorlTested to 0 to switch off the correlation test!
WARN Batch means correlation test was run for depository of place W/product, color 0
    However, the standard deviation of the token residence time is 0 and therefore the result of the test is ignored!
    In future runs, you should set numBMeansCorlTested to 0 to switch off the correlation test!
WARN Batch means correlation test was run for depository of place P/getProduct_product, color 0
    However, the standard deviation of the token residence time is 0 and therefore the result of the test is ignored!
    In future runs, you should set numBMeansCorlTested to 0 to switch off the correlation test!
WARN Batch means correlation test was run for depository of place R/getAds_product, color 0
    However, the standard deviation of the token residence time is 0 and therefore the result of the test is ignored!
    In future runs, you should set numBMeansCorlTested to 0 to switch off the correlation test!
WARN Batch means correlation test was run for depository of place I/product_product, color 0
    However, the standard deviation of the token residence time is 0 and therefore the result of the test is ignored!
    In future runs, you should set numBMeansCorlTested to 0 to switch off the correlation test!
WARN Batch means correlation test was run for depository of place A/isLoggedIn_product, color 0
    However, the standard deviation of the token residence time is 0 and therefore the result of the test is ignored!
    In future runs, you should set numBMeansCorlTested to 0 to switch off the correlation test!
WARN Batch means correlation test was run for depository of place W/category, color 0
    However, the standard deviation of the token residence time is 0 and therefore the result of the test is ignored!
    In future runs, you should set numBMeansCorlTested to 0 to switch off the correlation test!
WARN Batch means correlation test was run for depository of place P/category_category, color 0
    However, the standard deviation of the token residence time is 0 and therefore the result of the test is ignored!
    In future runs, you should set numBMeansCorlTested to 0 to switch off the correlation test!
WARN Batch means correlation test was run for depository of place I/productImages_category, color 0
    However, the standard deviation of the token residence time is 0 and therefore the result of the test is ignored!
    In future runs, you should set numBMeansCorlTested to 0 to switch off the correlation test!
WARN Batch means correlation test was run for depository of place A/isLoggedIn_category, color 0
    However, the standard deviation of the token residence time is 0 and therefore the result of the test is ignored!
    In future runs, you should set numBMeansCorlTested to 0 to switch off the correlation test!
WARN Batch means correlation test was run for depository of place W/loginAction, color 0
    However, the standard deviation of the token residence time is 0 and therefore the result of the test is ignored!
    In future runs, you should set numBMeansCorlTested to 0 to switch off the correlation test!
WARN Batch means correlation test was run for depository of place A/login_loginAction, color 0
    However, the standard deviation of the token residence time is 0 and therefore the result of the test is ignored!
    In future runs, you should set numBMeansCorlTested to 0 to switch off the correlation test!
WARN Batch means correlation test was run for depository of place P/getUser_loginAction, color 0
    However, the standard deviation of the token residence time is 0 and therefore the result of the test is ignored!
    In future runs, you should set numBMeansCorlTested to 0 to switch off the correlation test!
WARN Batch means correlation test was run for depository of place I/icon_loginAction, color 0
    However, the standard deviation of the token residence time is 0 and therefore the result of the test is ignored!
    In future runs, you should set numBMeansCorlTested to 0 to switch off the correlation test!
WARN Batch means correlation test was run for depository of place W/index, color 0
    However, the standard deviation of the token residence time is 0 and therefore the result of the test is ignored!
    In future runs, you should set numBMeansCorlTested to 0 to switch off the correlation test!
WARN Batch means correlation test was run for depository of place P/categories_index, color 0
    However, the standard deviation of the token residence time is 0 and therefore the result of the test is ignored!
    In future runs, you should set numBMeansCorlTested to 0 to switch off the correlation test!
WARN Batch means correlation test was run for depository of place A/isLoggedIn_index, color 0
    However, the standard deviation of the token residence time is 0 and therefore the result of the test is ignored!
    In future runs, you should set numBMeansCorlTested to 0 to switch off the correlation test!
WARN Batch means correlation test was run for depository of place I/icon_index, color 0
    However, the standard deviation of the token residence time is 0 and therefore the result of the test is ignored!
    In future runs, you should set numBMeansCorlTested to 0 to switch off the correlation test!
WARN Batch means correlation test was run for depository of place W/login, color 0
    However, the standard deviation of the token residence time is 0 and therefore the result of the test is ignored!
    In future runs, you should set numBMeansCorlTested to 0 to switch off the correlation test!
WARN Batch means correlation test was run for depository of place P/categories_login, color 0
    However, the standard deviation of the token residence time is 0 and therefore the result of the test is ignored!
    In future runs, you should set numBMeansCorlTested to 0 to switch off the correlation test!
WARN Batch means correlation test was run for depository of place I/icon_login, color 0
    However, the standard deviation of the token residence time is 0 and therefore the result of the test is ignored!
    In future runs, you should set numBMeansCorlTested to 0 to switch off the correlation test!
WARN Batch means correlation test was run for depository of place A/isLoggedIn_login, color 0
    However, the standard deviation of the token residence time is 0 and therefore the result of the test is ignored!
    In future runs, you should set numBMeansCorlTested to 0 to switch off the correlation test!
WARN LP-1 The simulation was stopped because of reaching max totalRunLen.
The required precision may not have been reached!
REPORT for Queue of Queueing Place : W/index----------------------------------------

queueUtilQPl=0.012199675320856319

------------------ Color = index --------------------
arrivCnt=278611 deptCnt=278611
arrivThrPut=0.027888990865833345 deptThrPut=0.027888990865833345
meanTkPop=0.012361932939418254 tkColOcp=0.012199675320856319
-----
meanST=0.44325493879962485 stDevST=0.44210112232381316

Steady State Statistics: numBatchesST=696 batchSizeST=400 stDevStdStateMeanST=0.023270866182813047
95% c.i. = 0.4432196576181493 +/- 0.0017288448477930157



REPORT for Depository of Queueing Place : W/index----------------------------------------

tkOcp=0.0

------------------ Color = index --------------------
arrivCnt=278611 deptCnt=278611
arrivThrPut=0.027888990865833345 deptThrPut=0.027888990865833345
meanTkPop=0.0 tkColOcp=0.0
-----
meanST=0.0 stDevST=0.0

Steady State Statistics: numBatchesST=1393 batchSizeST=200 stDevStdStateMeanST=0.0
95% c.i. = 0.0 +/- 0.0



REPORT for Queue : WebUI----------------------------------------

totArrivThrPut=0.16684485607299676 totDeptThrPut=0.16684485607299676
meanTotTkPop=0.03836368868236365 queueUtil=0.03650314361555799
meanST=0.22993629881870045



REPORT for Queue of Queueing Place : P/categories_index----------------------------------------

queueUtilQPl=0.0037939924241699747

------------------ Color = index --------------------
arrivCnt=278611 deptCnt=278611
arrivThrPut=0.027888990865833345 deptThrPut=0.027888990865833345
meanTkPop=0.0038174974104631227 tkColOcp=0.0037939924241699747
-----
meanST=0.13688187675302083 stDevST=0.2199485500963616

Steady State Statistics: numBatchesST=696 batchSizeST=400 stDevStdStateMeanST=0.01104097654238953
95% c.i. = 0.13688043674624986 +/- 8.202589134396483E-4



REPORT for Depository of Queueing Place : P/categories_index----------------------------------------

tkOcp=0.0

------------------ Color = index --------------------
arrivCnt=278611 deptCnt=278611
arrivThrPut=0.027888990865833345 deptThrPut=0.027888990865833345
meanTkPop=0.0 tkColOcp=0.0
-----
meanST=0.0 stDevST=0.0

Steady State Statistics: numBatchesST=1393 batchSizeST=200 stDevStdStateMeanST=0.0
95% c.i. = 0.0 +/- 0.0



REPORT for Queue : Persistence----------------------------------------

totArrivThrPut=0.16684475597288992 totDeptThrPut=0.1668446558727831
meanTotTkPop=0.06587663814380153 queueUtil=0.06033511775464581
meanST=0.3948381417043137



REPORT for Queue of Queueing Place : A/isLoggedIn_index----------------------------------------

queueUtilQPl=0.004741640866937429

------------------ Color = index --------------------
arrivCnt=278611 deptCnt=278611
arrivThrPut=0.027888990865833345 deptThrPut=0.027888990865833345
meanTkPop=0.004783539413839496 tkColOcp=0.004741640866937429
-----
meanST=0.17152070639098618 stDevST=0.2726849991762885

Steady State Statistics: numBatchesST=696 batchSizeST=400 stDevStdStateMeanST=0.013754537213931042
95% c.i. = 0.17151025285624252 +/- 0.0010218554225387864



REPORT for Depository of Queueing Place : A/isLoggedIn_index----------------------------------------

tkOcp=0.0

------------------ Color = index --------------------
arrivCnt=278611 deptCnt=278611
arrivThrPut=0.027888990865833345 deptThrPut=0.027888990865833345
meanTkPop=0.0 tkColOcp=0.0
-----
meanST=0.0 stDevST=0.0

Steady State Statistics: numBatchesST=1393 batchSizeST=200 stDevStdStateMeanST=0.0
95% c.i. = 0.0 +/- 0.0



REPORT for Queue : Auth----------------------------------------

totArrivThrPut=0.16684475597288992 totDeptThrPut=0.16684475597288992
meanTotTkPop=0.06392828538665611 queueUtil=0.057508394087080625
meanST=0.3831602918166851



REPORT for Queue of Queueing Place : W/login----------------------------------------

queueUtilQPl=0.00416824304578294

------------------ Color = login --------------------
arrivCnt=276969 deptCnt=276969
arrivThrPut=0.027724626490407755 deptThrPut=0.027724626490407755
meanTkPop=0.004187747156995266 tkColOcp=0.00416824304578294
-----
meanST=0.15104791974182788 stDevST=0.1656519355169533

Steady State Statistics: numBatchesST=692 batchSizeST=400 stDevStdStateMeanST=0.00842052742517658
95% c.i. = 0.1510376922175673 +/- 6.273852996367184E-4



REPORT for Depository of Queueing Place : W/login----------------------------------------

tkOcp=0.0

------------------ Color = login --------------------
arrivCnt=276969 deptCnt=276968
arrivThrPut=0.027724626490407755 deptThrPut=0.02772452639030092
meanTkPop=0.0 tkColOcp=0.0
-----
meanST=0.0 stDevST=0.0

Steady State Statistics: numBatchesST=1384 batchSizeST=200 stDevStdStateMeanST=0.0
95% c.i. = 0.0 +/- 0.0



REPORT for Queue : WebUI----------------------------------------

totArrivThrPut=0.16684485607299676 totDeptThrPut=0.16684485607299676
meanTotTkPop=0.03836368868236365 queueUtil=0.03650314361555799
meanST=0.22993629881870045



REPORT for Queue of Queueing Place : W/loginAction----------------------------------------

queueUtilQPl=0.003225836445023789

------------------ Color = loginAction --------------------
arrivCnt=277886 deptCnt=277886
arrivThrPut=0.027816418288376856 deptThrPut=0.027816418288376856
meanTkPop=0.003238683327879204 tkColOcp=0.003225836445023789
-----
meanST=0.11643063798880583 stDevST=0.13838636994378792

Steady State Statistics: numBatchesST=694 batchSizeST=400 stDevStdStateMeanST=0.006959119199613035
95% c.i. = 0.11642167781695567 +/- 5.177530085764395E-4



REPORT for Depository of Queueing Place : W/loginAction----------------------------------------

tkOcp=0.0

------------------ Color = loginAction --------------------
arrivCnt=277886 deptCnt=277886
arrivThrPut=0.027816418288376856 deptThrPut=0.027816418288376856
meanTkPop=0.0 tkColOcp=0.0
-----
meanST=0.0 stDevST=0.0

Steady State Statistics: numBatchesST=1389 batchSizeST=200 stDevStdStateMeanST=0.0
95% c.i. = 0.0 +/- 0.0



REPORT for Queue : WebUI----------------------------------------

totArrivThrPut=0.16684485607299676 totDeptThrPut=0.16684485607299676
meanTotTkPop=0.03836368868236365 queueUtil=0.03650314361555799
meanST=0.22993629881870045



REPORT for Queue of Queueing Place : A/login_loginAction----------------------------------------

queueUtilQPl=0.011447254200452936

------------------ Color = loginAction --------------------
arrivCnt=277886 deptCnt=277886
arrivThrPut=0.027816418288376856 deptThrPut=0.027816418288376856
meanTkPop=0.01160042123815198 tkColOcp=0.011447254200452936
-----
meanST=0.41703504447944106 stDevST=0.45220117018102257

Steady State Statistics: numBatchesST=694 batchSizeST=400 stDevStdStateMeanST=0.0231570030534644
95% c.i. = 0.4169969020474007 +/- 0.0017228628590255607



REPORT for Depository of Queueing Place : A/login_loginAction----------------------------------------

tkOcp=0.0

------------------ Color = loginAction --------------------
arrivCnt=277886 deptCnt=277886
arrivThrPut=0.027816418288376856 deptThrPut=0.027816418288376856
meanTkPop=0.0 tkColOcp=0.0
-----
meanST=0.0 stDevST=0.0

Steady State Statistics: numBatchesST=1389 batchSizeST=200 stDevStdStateMeanST=0.0
95% c.i. = 0.0 +/- 0.0



REPORT for Queue : Auth----------------------------------------

totArrivThrPut=0.16684475597288992 totDeptThrPut=0.16684475597288992
meanTotTkPop=0.06392828538665611 queueUtil=0.057508394087080625
meanST=0.3831602918166851



REPORT for Queue of Queueing Place : W/logout----------------------------------------

queueUtilQPl=0.0031075739799668834

------------------ Color = logout --------------------
arrivCnt=277911 deptCnt=277911
arrivThrPut=0.02781892079104777 deptThrPut=0.02781892079104777
meanTkPop=0.003119713315943061 tkColOcp=0.0031075739799668834
-----
meanST=0.11214357808398505 stDevST=0.1347011125002924

Steady State Statistics: numBatchesST=694 batchSizeST=400 stDevStdStateMeanST=0.006940162862154568
95% c.i. = 0.11213607869385035 +/- 5.163426719419905E-4



REPORT for Depository of Queueing Place : W/logout----------------------------------------

tkOcp=0.0

------------------ Color = logout --------------------
arrivCnt=277911 deptCnt=277911
arrivThrPut=0.02781892079104777 deptThrPut=0.02781892079104777
meanTkPop=0.0 tkColOcp=0.0
-----
meanST=0.0 stDevST=0.0

Steady State Statistics: numBatchesST=1389 batchSizeST=200 stDevStdStateMeanST=0.0
95% c.i. = 0.0 +/- 0.0



REPORT for Queue : WebUI----------------------------------------

totArrivThrPut=0.16684485607299676 totDeptThrPut=0.16684485607299676
meanTotTkPop=0.03836368868236365 queueUtil=0.03650314361555799
meanST=0.22993629881870045



REPORT for Queue of Queueing Place : A/logout_logout----------------------------------------

queueUtilQPl=0.004096857685504681

------------------ Color = logout --------------------
arrivCnt=277911 deptCnt=277911
arrivThrPut=0.02781892079104777 deptThrPut=0.02781892079104777
meanTkPop=0.004128422067031632 tkColOcp=0.004096857685504681
-----
meanST=0.14840338696245084 stDevST=0.26463057988420724

Steady State Statistics: numBatchesST=694 batchSizeST=400 stDevStdStateMeanST=0.013542932814919069
95% c.i. = 0.14841168954007744 +/- 0.0010075835761317088



REPORT for Depository of Queueing Place : A/logout_logout----------------------------------------

tkOcp=0.0

------------------ Color = logout --------------------
arrivCnt=277911 deptCnt=277911
arrivThrPut=0.02781892079104777 deptThrPut=0.02781892079104777
meanTkPop=0.0 tkColOcp=0.0
-----
meanST=0.0 stDevST=0.0

Steady State Statistics: numBatchesST=1389 batchSizeST=200 stDevStdStateMeanST=0.0
95% c.i. = 0.0 +/- 0.0



REPORT for Queue : Auth----------------------------------------

totArrivThrPut=0.16684475597288992 totDeptThrPut=0.16684475597288992
meanTotTkPop=0.06392828538665611 queueUtil=0.057508394087080625
meanST=0.3831602918166851



REPORT for Queue of Queueing Place : P/getUser_loginAction----------------------------------------

queueUtilQPl=0.021871061517050844

------------------ Color = loginAction --------------------
arrivCnt=277886 deptCnt=277885
arrivThrPut=0.027816418288376856 deptThrPut=0.02781631818827002
meanTkPop=0.022379579717112446 tkColOcp=0.021871061517050844
-----
meanST=0.8045484416716816 stDevST=0.7994171585723326

Steady State Statistics: numBatchesST=347 batchSizeST=800 stDevStdStateMeanST=0.029318662097729715
95% c.i. = 0.8045241419197223 +/- 0.003084803477690366



REPORT for Depository of Queueing Place : P/getUser_loginAction----------------------------------------

tkOcp=0.0

------------------ Color = loginAction --------------------
arrivCnt=277885 deptCnt=277885
arrivThrPut=0.02781631818827002 deptThrPut=0.02781631818827002
meanTkPop=0.0 tkColOcp=0.0
-----
meanST=0.0 stDevST=0.0

Steady State Statistics: numBatchesST=1389 batchSizeST=200 stDevStdStateMeanST=0.0
95% c.i. = 0.0 +/- 0.0



REPORT for Queue : Persistence----------------------------------------

totArrivThrPut=0.16684475597288992 totDeptThrPut=0.1668446558727831
meanTotTkPop=0.06587663814380153 queueUtil=0.06033511775464581
meanST=0.3948381417043137



REPORT for Queue of Queueing Place : W/category----------------------------------------

queueUtilQPl=0.009646813681306812

------------------ Color = category --------------------
arrivCnt=277706 deptCnt=277706
arrivThrPut=0.02779840026914628 deptThrPut=0.02779840026914628
meanTkPop=0.009740047750566012 tkColOcp=0.009646813681306812
-----
meanST=0.3503815923312892 stDevST=0.35188117325569146

Steady State Statistics: numBatchesST=347 batchSizeST=800 stDevStdStateMeanST=0.0130751734793376
95% c.i. = 0.3503738576915391 +/- 0.001375722414822904



REPORT for Depository of Queueing Place : W/category----------------------------------------

tkOcp=0.0

------------------ Color = category --------------------
arrivCnt=277706 deptCnt=277706
arrivThrPut=0.02779840026914628 deptThrPut=0.02779840026914628
meanTkPop=0.0 tkColOcp=0.0
-----
meanST=0.0 stDevST=0.0

Steady State Statistics: numBatchesST=1388 batchSizeST=200 stDevStdStateMeanST=0.0
95% c.i. = 0.0 +/- 0.0



REPORT for Queue : WebUI----------------------------------------

totArrivThrPut=0.16684485607299676 totDeptThrPut=0.16684485607299676
meanTotTkPop=0.03836368868236365 queueUtil=0.03650314361555799
meanST=0.22993629881870045



REPORT for Queue of Queueing Place : W/product----------------------------------------

queueUtilQPl=0.00568022492189267

------------------ Color = product --------------------
arrivCnt=277697 deptCnt=277697
arrivThrPut=0.027797499368184753 deptThrPut=0.027797499368184753
meanTkPop=0.005715564191561854 tkColOcp=0.00568022492189267
-----
meanST=0.20561432939912305 stDevST=0.21355048815179625

Steady State Statistics: numBatchesST=694 batchSizeST=400 stDevStdStateMeanST=0.010961353296119575
95% c.i. = 0.205614899188191 +/- 8.155160853475188E-4



REPORT for Depository of Queueing Place : W/product----------------------------------------

tkOcp=0.0

------------------ Color = product --------------------
arrivCnt=277697 deptCnt=277697
arrivThrPut=0.027797499368184753 deptThrPut=0.027797499368184753
meanTkPop=0.0 tkColOcp=0.0
-----
meanST=0.0 stDevST=0.0

Steady State Statistics: numBatchesST=1388 batchSizeST=200 stDevStdStateMeanST=0.0
95% c.i. = 0.0 +/- 0.0



REPORT for Queue : WebUI----------------------------------------

totArrivThrPut=0.16684485607299676 totDeptThrPut=0.16684485607299676
meanTotTkPop=0.03836368868236365 queueUtil=0.03650314361555799
meanST=0.22993629881870045



REPORT for Queue of Queueing Place : P/category_category----------------------------------------

queueUtilQPl=0.003833574870598993

------------------ Color = category --------------------
arrivCnt=277706 deptCnt=277706
arrivThrPut=0.02779840026914628 deptThrPut=0.02779840026914628
meanTkPop=0.003860208137506533 tkColOcp=0.003833574870598993
-----
meanST=0.13886439867516462 stDevST=0.22796533417711246

Steady State Statistics: numBatchesST=694 batchSizeST=400 stDevStdStateMeanST=0.01205108245581453
95% c.i. = 0.13886966811985235 +/- 8.965910798664964E-4



REPORT for Depository of Queueing Place : P/category_category----------------------------------------

tkOcp=0.0

------------------ Color = category --------------------
arrivCnt=277706 deptCnt=277706
arrivThrPut=0.02779840026914628 deptThrPut=0.02779840026914628
meanTkPop=0.0 tkColOcp=0.0
-----
meanST=0.0 stDevST=0.0

Steady State Statistics: numBatchesST=1388 batchSizeST=200 stDevStdStateMeanST=0.0
95% c.i. = 0.0 +/- 0.0



REPORT for Queue : Persistence----------------------------------------

totArrivThrPut=0.16684475597288992 totDeptThrPut=0.1668446558727831
meanTotTkPop=0.06587663814380153 queueUtil=0.06033511775464581
meanST=0.3948381417043137



REPORT for Queue of Queueing Place : P/getProduct_product----------------------------------------

queueUtilQPl=0.009192649052576841

------------------ Color = product --------------------
arrivCnt=277697 deptCnt=277697
arrivThrPut=0.027797499368184753 deptThrPut=0.027797499368184753
meanTkPop=0.009291713756576591 tkColOcp=0.009192649052576841
-----
meanST=0.3342643751333724 stDevST=0.3665811289622256

Steady State Statistics: numBatchesST=694 batchSizeST=400 stDevStdStateMeanST=0.01855396412243962
95% c.i. = 0.3342718420967244 +/- 0.0013804003739362012



REPORT for Depository of Queueing Place : P/getProduct_product----------------------------------------

tkOcp=0.0

------------------ Color = product --------------------
arrivCnt=277697 deptCnt=277697
arrivThrPut=0.027797499368184753 deptThrPut=0.027797499368184753
meanTkPop=0.0 tkColOcp=0.0
-----
meanST=0.0 stDevST=0.0

Steady State Statistics: numBatchesST=1388 batchSizeST=200 stDevStdStateMeanST=0.0
95% c.i. = 0.0 +/- 0.0



REPORT for Queue : Persistence----------------------------------------

totArrivThrPut=0.16684475597288992 totDeptThrPut=0.1668446558727831
meanTotTkPop=0.06587663814380153 queueUtil=0.06033511775464581
meanST=0.3948381417043137



REPORT for Queue of Queueing Place : R/getAds_product----------------------------------------

queueUtilQPl=0.002509892216613165

------------------ Color = product --------------------
arrivCnt=277697 deptCnt=277697
arrivThrPut=0.027797499368184753 deptThrPut=0.027797499368184753
meanTkPop=0.0025166674556490747 tkColOcp=0.002509892216613165
-----
meanST=0.09053575008007705 stDevST=0.09050628624513729

Steady State Statistics: numBatchesST=694 batchSizeST=400 stDevStdStateMeanST=0.004333486011042779
95% c.i. = 0.09054017653027903 +/- 3.224079593242307E-4



REPORT for Depository of Queueing Place : R/getAds_product----------------------------------------

tkOcp=0.0

------------------ Color = product --------------------
arrivCnt=277697 deptCnt=277697
arrivThrPut=0.027797499368184753 deptThrPut=0.027797499368184753
meanTkPop=0.0 tkColOcp=0.0
-----
meanST=0.0 stDevST=0.0

Steady State Statistics: numBatchesST=1388 batchSizeST=200 stDevStdStateMeanST=0.0
95% c.i. = 0.0 +/- 0.0



REPORT for Queue : Recommender----------------------------------------

totArrivThrPut=0.027797499368184753 totDeptThrPut=0.027797499368184753
meanTotTkPop=0.0025166674556490747 queueUtil=0.002509892216613165
meanST=0.09053575008007705



REPORT for Queue of Queueing Place : I/productImages_category----------------------------------------

queueUtilQPl=0.007048964474118448

------------------ Color = category --------------------
arrivCnt=277706 deptCnt=277706
arrivThrPut=0.02779840026914628 deptThrPut=0.02779840026914628
meanTkPop=0.007134742637636889 tkColOcp=0.007048964474118448
-----
meanST=0.2566601879445491 stDevST=0.3798528809015344

Steady State Statistics: numBatchesST=347 batchSizeST=800 stDevStdStateMeanST=0.0147528156505823
95% c.i. = 0.2566634084110609 +/- 0.0015522378501768388



REPORT for Depository of Queueing Place : I/productImages_category----------------------------------------

tkOcp=0.0

------------------ Color = category --------------------
arrivCnt=277706 deptCnt=277706
arrivThrPut=0.02779840026914628 deptThrPut=0.02779840026914628
meanTkPop=0.0 tkColOcp=0.0
-----
meanST=0.0 stDevST=0.0

Steady State Statistics: numBatchesST=1388 batchSizeST=200 stDevStdStateMeanST=0.0
95% c.i. = 0.0 +/- 0.0



REPORT for Queue : ImageProvider----------------------------------------

totArrivThrPut=0.16684465587278308 totDeptThrPut=0.16684465587278308
meanTotTkPop=0.07653719516953966 queueUtil=0.06800407153529453
meanST=0.45873327359012495



REPORT for Queue of Queueing Place : I/product_product----------------------------------------

queueUtilQPl=0.015288963042308066

------------------ Color = product --------------------
arrivCnt=277697 deptCnt=277697
arrivThrPut=0.027797499368184753 deptThrPut=0.027797499368184753
meanTkPop=0.01555059233029031 tkColOcp=0.015288963042308066
-----
meanST=0.5594241454714638 stDevST=0.5967069530007554

Steady State Statistics: numBatchesST=694 batchSizeST=400 stDevStdStateMeanST=0.03184811326001801
95% c.i. = 0.5594437762070783 +/- 0.0023694746396604937



REPORT for Depository of Queueing Place : I/product_product----------------------------------------

tkOcp=0.0

------------------ Color = product --------------------
arrivCnt=277697 deptCnt=277697
arrivThrPut=0.027797499368184753 deptThrPut=0.027797499368184753
meanTkPop=0.0 tkColOcp=0.0
-----
meanST=0.0 stDevST=0.0

Steady State Statistics: numBatchesST=1388 batchSizeST=200 stDevStdStateMeanST=0.0
95% c.i. = 0.0 +/- 0.0



REPORT for Queue : ImageProvider----------------------------------------

totArrivThrPut=0.16684465587278308 totDeptThrPut=0.16684465587278308
meanTotTkPop=0.07653719516953966 queueUtil=0.06800407153529453
meanST=0.45873327359012495



REPORT for Queue of Queueing Place : Workload----------------------------------------

queueUtilQPl=1.0

------------------ Color = workload --------------------
arrivCnt=1666780 deptCnt=1666779
arrivThrPut=0.16684485607299676 deptThrPut=0.16684475597288992
meanTkPop=1.0 tkColOcp=1.0
-----
meanST=5.993595478535782 stDevST=5.990829739861395

Steady State Statistics: numBatchesST=1041 batchSizeST=1600 stDevStdStateMeanST=0.14877535504789446
95% c.i. = 5.993579600498697 +/- 0.009037612608404752



REPORT for Depository of Queueing Place : Workload----------------------------------------

tkOcp=0.0

------------------ Color = workload --------------------
arrivCnt=1666779 deptCnt=1666780
arrivThrPut=0.16684475597288992 deptThrPut=0.16684485607299676
meanTkPop=0.0 tkColOcp=0.0
-----
meanST=0.0 stDevST=0.0

Steady State Statistics: numBatchesST=8333 batchSizeST=200 stDevStdStateMeanST=0.0
95% c.i. = 0.0 +/- 0.0



REPORT for Queue : Workload----------------------------------------

totArrivThrPut=0.16684485607299676 totDeptThrPut=0.16684475597288992
meanTotTkPop=1.0 queueUtil=1.0
meanST=5.993595478535782



REPORT for Queue of Queueing Place : I/icon_index----------------------------------------

queueUtilQPl=0.03187239781577473

------------------ Color = index --------------------
arrivCnt=278611 deptCnt=278611
arrivThrPut=0.027888990865833345 deptThrPut=0.027888990865833345
meanTkPop=0.03294659044157673 tkColOcp=0.03187239781577473
-----
meanST=1.1813475288537394 stDevST=1.1711254603276036

Steady State Statistics: numBatchesST=348 batchSizeST=800 stDevStdStateMeanST=0.04432642431011581
95% c.i. = 1.18132425274598 +/- 0.0046571601045042495



REPORT for Depository of Queueing Place : I/icon_index----------------------------------------

tkOcp=0.0

------------------ Color = index --------------------
arrivCnt=278611 deptCnt=278611
arrivThrPut=0.027888990865833345 deptThrPut=0.027888990865833345
meanTkPop=0.0 tkColOcp=0.0
-----
meanST=0.0 stDevST=0.0

Steady State Statistics: numBatchesST=1393 batchSizeST=200 stDevStdStateMeanST=0.0
95% c.i. = 0.0 +/- 0.0



REPORT for Queue : ImageProvider----------------------------------------

totArrivThrPut=0.16684465587278308 totDeptThrPut=0.16684465587278308
meanTotTkPop=0.07653719516953966 queueUtil=0.06800407153529453
meanST=0.45873327359012495



REPORT for Queue of Queueing Place : P/categories_login----------------------------------------

queueUtilQPl=0.008092974696668961

------------------ Color = login --------------------
arrivCnt=276968 deptCnt=276968
arrivThrPut=0.02772452639030092 deptThrPut=0.02772452639030092
meanTkPop=0.00816822267773759 tkColOcp=0.008092974696668961
-----
meanST=0.29462081922507216 stDevST=0.3355499826536169

Steady State Statistics: numBatchesST=692 batchSizeST=400 stDevStdStateMeanST=0.01717260369529895
95% c.i. = 0.2946419548797207 +/- 0.001279473193413632



REPORT for Depository of Queueing Place : P/categories_login----------------------------------------

tkOcp=0.0

------------------ Color = login --------------------
arrivCnt=276968 deptCnt=276968
arrivThrPut=0.02772452639030092 deptThrPut=0.02772452639030092
meanTkPop=0.0 tkColOcp=0.0
-----
meanST=0.0 stDevST=0.0

Steady State Statistics: numBatchesST=1384 batchSizeST=200 stDevStdStateMeanST=0.0
95% c.i. = 0.0 +/- 0.0



REPORT for Queue : Persistence----------------------------------------

totArrivThrPut=0.16684475597288992 totDeptThrPut=0.1668446558727831
meanTotTkPop=0.06587663814380153 queueUtil=0.06033511775464581
meanST=0.3948381417043137



REPORT for Queue of Queueing Place : I/icon_login----------------------------------------

queueUtilQPl=0.007373469093699098

------------------ Color = login --------------------
arrivCnt=276968 deptCnt=276968
arrivThrPut=0.02772452639030092 deptThrPut=0.02772452639030092
meanTkPop=0.007465975616823864 tkColOcp=0.007373469093699098
-----
meanST=0.26929136720747526 stDevST=0.3908084927176065

Steady State Statistics: numBatchesST=692 batchSizeST=400 stDevStdStateMeanST=0.020042811540171
95% c.i. = 0.2692702918865774 +/- 0.001493322768131566



REPORT for Depository of Queueing Place : I/icon_login----------------------------------------

tkOcp=0.0

------------------ Color = login --------------------
arrivCnt=276968 deptCnt=276968
arrivThrPut=0.02772452639030092 deptThrPut=0.02772452639030092
meanTkPop=0.0 tkColOcp=0.0
-----
meanST=0.0 stDevST=0.0

Steady State Statistics: numBatchesST=1384 batchSizeST=200 stDevStdStateMeanST=0.0
95% c.i. = 0.0 +/- 0.0



REPORT for Queue : ImageProvider----------------------------------------

totArrivThrPut=0.16684465587278308 totDeptThrPut=0.16684465587278308
meanTotTkPop=0.07653719516953966 queueUtil=0.06800407153529453
meanST=0.45873327359012495



REPORT for Queue of Queueing Place : A/isLoggedIn_login----------------------------------------

queueUtilQPl=0.00925249090852372

------------------ Color = login --------------------
arrivCnt=276968 deptCnt=276968
arrivThrPut=0.02772452639030092 deptThrPut=0.02772452639030092
meanTkPop=0.009358779154228598 tkColOcp=0.00925249090852372
-----
meanST=0.33756317501974176 stDevST=0.39758290148191844

Steady State Statistics: numBatchesST=692 batchSizeST=400 stDevStdStateMeanST=0.020365152928697502
95% c.i. = 0.3375284539124787 +/- 0.0015173393455280553



REPORT for Depository of Queueing Place : A/isLoggedIn_login----------------------------------------

tkOcp=0.0

------------------ Color = login --------------------
arrivCnt=276968 deptCnt=276968
arrivThrPut=0.02772452639030092 deptThrPut=0.02772452639030092
meanTkPop=0.0 tkColOcp=0.0
-----
meanST=0.0 stDevST=0.0

Steady State Statistics: numBatchesST=1384 batchSizeST=200 stDevStdStateMeanST=0.0
95% c.i. = 0.0 +/- 0.0



REPORT for Queue : Auth----------------------------------------

totArrivThrPut=0.16684475597288992 totDeptThrPut=0.16684475597288992
meanTotTkPop=0.06392828538665611 queueUtil=0.057508394087080625
meanST=0.3831602918166851



REPORT for Queue of Queueing Place : A/isLoggedIn_category----------------------------------------

queueUtilQPl=0.006555288944410103

------------------ Color = category --------------------
arrivCnt=277706 deptCnt=277706
arrivThrPut=0.02779840026914628 deptThrPut=0.02779840026914628
meanTkPop=0.006627811620838836 tkColOcp=0.006555288944410103
-----
meanST=0.23842420990660781 stDevST=0.3301444985271166

Steady State Statistics: numBatchesST=347 batchSizeST=800 stDevStdStateMeanST=0.011871257534888194
95% c.i. = 0.238433488368066 +/- 0.0012490507379262971



REPORT for Depository of Queueing Place : A/isLoggedIn_category----------------------------------------

tkOcp=0.0

------------------ Color = category --------------------
arrivCnt=277706 deptCnt=277706
arrivThrPut=0.02779840026914628 deptThrPut=0.02779840026914628
meanTkPop=0.0 tkColOcp=0.0
-----
meanST=0.0 stDevST=0.0

Steady State Statistics: numBatchesST=1388 batchSizeST=200 stDevStdStateMeanST=0.0
95% c.i. = 0.0 +/- 0.0



REPORT for Queue : Auth----------------------------------------

totArrivThrPut=0.16684475597288992 totDeptThrPut=0.16684475597288992
meanTotTkPop=0.06392828538665611 queueUtil=0.057508394087080625
meanST=0.3831602918166851



REPORT for Queue of Queueing Place : I/icon_logout----------------------------------------

queueUtilQPl=0.00955163957322114

------------------ Color = logout --------------------
arrivCnt=277911 deptCnt=277911
arrivThrPut=0.02781892079104777 deptThrPut=0.02781892079104777
meanTkPop=0.009668742075284866 tkColOcp=0.00955163957322114
-----
meanST=0.3475599268536795 stDevST=0.42345937766503633

Steady State Statistics: numBatchesST=694 batchSizeST=400 stDevStdStateMeanST=0.02066497009724081
95% c.i. = 0.3475655787292689 +/- 0.0015374575622420044



REPORT for Depository of Queueing Place : I/icon_logout----------------------------------------

tkOcp=0.0

------------------ Color = logout --------------------
arrivCnt=277911 deptCnt=277911
arrivThrPut=0.02781892079104777 deptThrPut=0.02781892079104777
meanTkPop=0.0 tkColOcp=0.0
-----
meanST=0.0 stDevST=0.0

Steady State Statistics: numBatchesST=1389 batchSizeST=200 stDevStdStateMeanST=0.0
95% c.i. = 0.0 +/- 0.0



REPORT for Queue : ImageProvider----------------------------------------

totArrivThrPut=0.16684465587278308 totDeptThrPut=0.16684465587278308
meanTotTkPop=0.07653719516953966 queueUtil=0.06800407153529453
meanST=0.45873327359012495



REPORT for Queue of Queueing Place : I/icon_loginAction----------------------------------------

queueUtilQPl=0.0037316021138205464

------------------ Color = loginAction --------------------
arrivCnt=277885 deptCnt=277885
arrivThrPut=0.02781631818827002 deptThrPut=0.02781631818827002
meanTkPop=0.0037705520679270003 tkColOcp=0.0037316021138205464
-----
meanST=0.1355518024494349 stDevST=0.300392991690806

Steady State Statistics: numBatchesST=694 batchSizeST=400 stDevStdStateMeanST=0.01543241633087279
95% c.i. = 0.1355800832257888 +/- 0.0011481596672978187



REPORT for Depository of Queueing Place : I/icon_loginAction----------------------------------------

tkOcp=0.0

------------------ Color = loginAction --------------------
arrivCnt=277885 deptCnt=277885
arrivThrPut=0.02781631818827002 deptThrPut=0.02781631818827002
meanTkPop=0.0 tkColOcp=0.0
-----
meanST=0.0 stDevST=0.0

Steady State Statistics: numBatchesST=1389 batchSizeST=200 stDevStdStateMeanST=0.0
95% c.i. = 0.0 +/- 0.0



REPORT for Queue : ImageProvider----------------------------------------

totArrivThrPut=0.16684465587278308 totDeptThrPut=0.16684465587278308
meanTotTkPop=0.07653719516953966 queueUtil=0.06800407153529453
meanST=0.45873327359012495



REPORT for Queue of Queueing Place : A/isLoggedIn_product----------------------------------------

queueUtilQPl=0.02667572099401396

------------------ Color = product --------------------
arrivCnt=277697 deptCnt=277697
arrivThrPut=0.027797499368184753 deptThrPut=0.027797499368184753
meanTkPop=0.02742931189256557 tkColOcp=0.02667572099401396
-----
meanST=0.9867546547715518 stDevST=0.9808617661004226

Steady State Statistics: numBatchesST=694 batchSizeST=400 stDevStdStateMeanST=0.05257320667850675
95% c.i. = 0.9868054061895382 +/- 0.003911405329832747



REPORT for Depository of Queueing Place : A/isLoggedIn_product----------------------------------------

tkOcp=0.0

------------------ Color = product --------------------
arrivCnt=277697 deptCnt=277697
arrivThrPut=0.027797499368184753 deptThrPut=0.027797499368184753
meanTkPop=0.0 tkColOcp=0.0
-----
meanST=0.0 stDevST=0.0

Steady State Statistics: numBatchesST=1388 batchSizeST=200 stDevStdStateMeanST=0.0
95% c.i. = 0.0 +/- 0.0



REPORT for Queue : Auth----------------------------------------

totArrivThrPut=0.16684475597288992 totDeptThrPut=0.16684475597288992
meanTotTkPop=0.06392828538665611 queueUtil=0.057508394087080625
meanST=0.3831602918166851



REPORT for Queue of Queueing Place : P/category_logout----------------------------------------

queueUtilQPl=0.018013077612016308

------------------ Color = logout --------------------
arrivCnt=277911 deptCnt=277911
arrivThrPut=0.02781892079104777 deptThrPut=0.02781892079104777
meanTkPop=0.01835941644440524 tkColOcp=0.018013077612016308
-----
meanST=0.6599614910407801 stDevST=0.6637255843147203

Steady State Statistics: numBatchesST=694 batchSizeST=400 stDevStdStateMeanST=0.034492319684251316
95% c.i. = 0.6599260258125742 +/- 0.00256620152307414



REPORT for Depository of Queueing Place : P/category_logout----------------------------------------

tkOcp=0.0

------------------ Color = logout --------------------
arrivCnt=277911 deptCnt=277911
arrivThrPut=0.02781892079104777 deptThrPut=0.02781892079104777
meanTkPop=0.0 tkColOcp=0.0
-----
meanST=0.0 stDevST=0.0

Steady State Statistics: numBatchesST=1389 batchSizeST=200 stDevStdStateMeanST=0.0
95% c.i. = 0.0 +/- 0.0



REPORT for Queue : Persistence----------------------------------------

totArrivThrPut=0.16684475597288992 totDeptThrPut=0.1668446558727831
meanTotTkPop=0.06587663814380153 queueUtil=0.06033511775464581
meanST=0.3948381417043137



REPORT for Ordinary Place : Finish_index----------------------------------------

tkOcp=1.0

------------------ Color = index --------------------
arrivCnt=278611 deptCnt=0
arrivThrPut=0.027888990865833345 deptThrPut=0.0
meanTkPop=139796.7705294332 tkColOcp=1.0
-----
meanST=NaN stDevST=NaN

Steady State Statistics: Only 0 batches collected!
Need at least 60 for steady state statistics.



REPORT for Ordinary Place : Finish_login----------------------------------------

tkOcp=1.0

------------------ Color = login --------------------
arrivCnt=276968 deptCnt=0
arrivThrPut=0.02772452639030092 deptThrPut=0.0
meanTkPop=138827.34230298654 tkColOcp=1.0
-----
meanST=NaN stDevST=NaN

Steady State Statistics: Only 0 batches collected!
Need at least 60 for steady state statistics.



REPORT for Ordinary Place : Finish_loginAction----------------------------------------

tkOcp=1.0

------------------ Color = loginAction --------------------
arrivCnt=277885 deptCnt=0
arrivThrPut=0.02781631818827002 deptThrPut=0.0
meanTkPop=139159.2684947936 tkColOcp=1.0
-----
meanST=NaN stDevST=NaN

Steady State Statistics: Only 0 batches collected!
Need at least 60 for steady state statistics.



REPORT for Ordinary Place : Finish_category----------------------------------------

tkOcp=1.0

------------------ Color = category --------------------
arrivCnt=277706 deptCnt=0
arrivThrPut=0.02779840026914628 deptThrPut=0.0
meanTkPop=139008.28446814703 tkColOcp=1.0
-----
meanST=NaN stDevST=NaN

Steady State Statistics: Only 0 batches collected!
Need at least 60 for steady state statistics.



REPORT for Ordinary Place : Finish_product----------------------------------------

tkOcp=1.0

------------------ Color = product --------------------
arrivCnt=277697 deptCnt=0
arrivThrPut=0.027797499368184753 deptThrPut=0.0
meanTkPop=139115.82190214907 tkColOcp=1.0
-----
meanST=NaN stDevST=NaN

Steady State Statistics: Only 0 batches collected!
Need at least 60 for steady state statistics.



REPORT for Ordinary Place : Finish_logout----------------------------------------

tkOcp=1.0000000000000002

------------------ Color = logout --------------------
arrivCnt=277911 deptCnt=0
arrivThrPut=0.02781892079104777 deptThrPut=0.0
meanTkPop=139390.71089395072 tkColOcp=1.0000000000000002
-----
meanST=NaN stDevST=NaN

Steady State Statistics: Only 0 batches collected!
Need at least 60 for steady state statistics.



REPORT REPORT for Probe : /index----------------------------------------


------------------ Color = index --------------------
-----
meanST=1.9330050507973715 stDevST=1.2981654508179648

Steady State Statistics: numBatchesST=696 batchSizeST=400 stDevStdStateMeanST=0.06658304844933018
95% c.i. = 1.9329345999666192 +/- 0.004946604022285782



REPORT REPORT for Probe : /login----------------------------------------


------------------ Color = login --------------------
-----
meanST=1.0525229254236306 stDevST=0.6866905671916161

Steady State Statistics: numBatchesST=692 batchSizeST=400 stDevStdStateMeanST=0.035249602027239015
95% c.i. = 1.0524783928963455 +/- 0.0026263298025504217



REPORT REPORT for Probe : /loginAction----------------------------------------


------------------ Color = loginAction --------------------
-----
meanST=1.473565866945255 stDevST=0.96891459283045

Steady State Statistics: numBatchesST=694 batchSizeST=400 stDevStdStateMeanST=0.0502892766434547
95% c.i. = 1.473522805009866 +/- 0.003741482727114282



REPORT REPORT for Probe : /logout----------------------------------------


------------------ Color = logout --------------------
-----
meanST=1.2680683829408956 stDevST=0.8410886296678369

Steady State Statistics: numBatchesST=694 batchSizeST=400 stDevStdStateMeanST=0.043094579698990526
95% c.i. = 1.2680393727757704 +/- 0.0032062029191467483



REPORT REPORT for Probe : /category----------------------------------------


------------------ Color = category --------------------
-----
meanST=0.9843303888576107 stDevST=0.664471728435809

Steady State Statistics: numBatchesST=694 batchSizeST=400 stDevStdStateMeanST=0.0331584621596639
95% c.i. = 0.9843404225905177 +/- 0.0024669635697415035



REPORT REPORT for Probe : /product----------------------------------------


------------------ Color = product --------------------
-----
meanST=2.176593254855588 stDevST=1.2298551428097915

Steady State Statistics: numBatchesST=694 batchSizeST=400 stDevStdStateMeanST=0.06689425238523779
95% c.i. = 2.176676100211812 +/- 0.004976879894635861



