INFO Logging to /home/yjx/workloadConfig/qpme/output/SimQPN_Output_config_2025-08-14_074432302.log
WARN Batch means correlation test was run for depository of place Workload, color 0
    However, the standard deviation of the token residence time is 0 and therefore the result of the test is ignored!
    In future runs, you should set numBMeansCorlTested to 0 to switch off the correlation test!
WARN Batch means correlation test was run for depository of place W/index, color 0
    However, the standard deviation of the token residence time is 0 and therefore the result of the test is ignored!
    In future runs, you should set numBMeansCorlTested to 0 to switch off the correlation test!
WARN Batch means correlation test was run for depository of place P/categories_index, color 0
    However, the standard deviation of the token residence time is 0 and therefore the result of the test is ignored!
    In future runs, you should set numBMeansCorlTested to 0 to switch off the correlation test!
WARN Batch means correlation test was run for depository of place A/isLoggedIn_index, color 0
    However, the standard deviation of the token residence time is 0 and therefore the result of the test is ignored!
    In future runs, you should set numBMeansCorlTested to 0 to switch off the correlation test!
WARN Batch means correlation test was run for depository of place I/icon_index, color 0
    However, the standard deviation of the token residence time is 0 and therefore the result of the test is ignored!
    In future runs, you should set numBMeansCorlTested to 0 to switch off the correlation test!
WARN Batch means correlation test was run for depository of place W/loginAction, color 0
    However, the standard deviation of the token residence time is 0 and therefore the result of the test is ignored!
    In future runs, you should set numBMeansCorlTested to 0 to switch off the correlation test!
WARN Batch means correlation test was run for depository of place A/login_loginAction, color 0
    However, the standard deviation of the token residence time is 0 and therefore the result of the test is ignored!
    In future runs, you should set numBMeansCorlTested to 0 to switch off the correlation test!
WARN Batch means correlation test was run for depository of place P/getUser_loginAction, color 0
    However, the standard deviation of the token residence time is 0 and therefore the result of the test is ignored!
    In future runs, you should set numBMeansCorlTested to 0 to switch off the correlation test!
WARN Batch means correlation test was run for depository of place I/icon_loginAction, color 0
    However, the standard deviation of the token residence time is 0 and therefore the result of the test is ignored!
    In future runs, you should set numBMeansCorlTested to 0 to switch off the correlation test!
WARN Batch means correlation test was run for depository of place W/logout, color 0
    However, the standard deviation of the token residence time is 0 and therefore the result of the test is ignored!
    In future runs, you should set numBMeansCorlTested to 0 to switch off the correlation test!
WARN Batch means correlation test was run for depository of place A/logout_logout, color 0
    However, the standard deviation of the token residence time is 0 and therefore the result of the test is ignored!
    In future runs, you should set numBMeansCorlTested to 0 to switch off the correlation test!
WARN Batch means correlation test was run for depository of place P/category_logout, color 0
    However, the standard deviation of the token residence time is 0 and therefore the result of the test is ignored!
    In future runs, you should set numBMeansCorlTested to 0 to switch off the correlation test!
WARN Batch means correlation test was run for depository of place I/icon_logout, color 0
    However, the standard deviation of the token residence time is 0 and therefore the result of the test is ignored!
    In future runs, you should set numBMeansCorlTested to 0 to switch off the correlation test!
WARN Batch means correlation test was run for depository of place W/category, color 0
    However, the standard deviation of the token residence time is 0 and therefore the result of the test is ignored!
    In future runs, you should set numBMeansCorlTested to 0 to switch off the correlation test!
WARN Batch means correlation test was run for depository of place P/category_category, color 0
    However, the standard deviation of the token residence time is 0 and therefore the result of the test is ignored!
    In future runs, you should set numBMeansCorlTested to 0 to switch off the correlation test!
WARN Batch means correlation test was run for depository of place I/productImages_category, color 0
    However, the standard deviation of the token residence time is 0 and therefore the result of the test is ignored!
    In future runs, you should set numBMeansCorlTested to 0 to switch off the correlation test!
WARN Batch means correlation test was run for depository of place A/isLoggedIn_category, color 0
    However, the standard deviation of the token residence time is 0 and therefore the result of the test is ignored!
    In future runs, you should set numBMeansCorlTested to 0 to switch off the correlation test!
WARN Batch means correlation test was run for depository of place W/login, color 0
    However, the standard deviation of the token residence time is 0 and therefore the result of the test is ignored!
    In future runs, you should set numBMeansCorlTested to 0 to switch off the correlation test!
WARN Batch means correlation test was run for depository of place P/categories_login, color 0
    However, the standard deviation of the token residence time is 0 and therefore the result of the test is ignored!
    In future runs, you should set numBMeansCorlTested to 0 to switch off the correlation test!
WARN Batch means correlation test was run for depository of place I/icon_login, color 0
    However, the standard deviation of the token residence time is 0 and therefore the result of the test is ignored!
    In future runs, you should set numBMeansCorlTested to 0 to switch off the correlation test!
WARN Batch means correlation test was run for depository of place A/isLoggedIn_login, color 0
    However, the standard deviation of the token residence time is 0 and therefore the result of the test is ignored!
    In future runs, you should set numBMeansCorlTested to 0 to switch off the correlation test!
WARN Batch means correlation test was run for depository of place W/product, color 0
    However, the standard deviation of the token residence time is 0 and therefore the result of the test is ignored!
    In future runs, you should set numBMeansCorlTested to 0 to switch off the correlation test!
WARN Batch means correlation test was run for depository of place P/getProduct_product, color 0
    However, the standard deviation of the token residence time is 0 and therefore the result of the test is ignored!
    In future runs, you should set numBMeansCorlTested to 0 to switch off the correlation test!
WARN Batch means correlation test was run for depository of place R/getAds_product, color 0
    However, the standard deviation of the token residence time is 0 and therefore the result of the test is ignored!
    In future runs, you should set numBMeansCorlTested to 0 to switch off the correlation test!
WARN Batch means correlation test was run for depository of place I/product_product, color 0
    However, the standard deviation of the token residence time is 0 and therefore the result of the test is ignored!
    In future runs, you should set numBMeansCorlTested to 0 to switch off the correlation test!
WARN Batch means correlation test was run for depository of place A/isLoggedIn_product, color 0
    However, the standard deviation of the token residence time is 0 and therefore the result of the test is ignored!
    In future runs, you should set numBMeansCorlTested to 0 to switch off the correlation test!
WARN LP-1 The simulation was stopped because of reaching max totalRunLen.
The required precision may not have been reached!
REPORT for Queue of Queueing Place : W/index----------------------------------------

queueUtilQPl=0.006213440417691948

------------------ Color = index --------------------
arrivCnt=277027 deptCnt=277027
arrivThrPut=0.027730428171438063 deptThrPut=0.027730428171438063
meanTkPop=0.006254518326251157 tkColOcp=0.006213440417691948
-----
meanST=0.22554712417651088 stDevST=0.23659605095585057

Steady State Statistics: numBatchesST=692 batchSizeST=400 stDevStdStateMeanST=0.0117949020244572
95% c.i. = 0.22555227556378854 +/- 8.787986508629698E-4



REPORT for Depository of Queueing Place : W/index----------------------------------------

tkOcp=0.0

------------------ Color = index --------------------
arrivCnt=277027 deptCnt=277027
arrivThrPut=0.027730428171438063 deptThrPut=0.027730428171438063
meanTkPop=0.0 tkColOcp=0.0
-----
meanST=0.0 stDevST=0.0

Steady State Statistics: numBatchesST=1385 batchSizeST=200 stDevStdStateMeanST=0.0
95% c.i. = 0.0 +/- 0.0



REPORT for Queue : WebUI----------------------------------------

totArrivThrPut=0.16646485130420774 totDeptThrPut=0.16646485130420774
meanTotTkPop=0.040425832202653285 queueUtil=0.038198656856133745
meanST=0.24284905723897668



REPORT for Queue of Queueing Place : P/categories_index----------------------------------------

queueUtilQPl=0.025489309382931886

------------------ Color = index --------------------
arrivCnt=277027 deptCnt=277027
arrivThrPut=0.027730428171438063 deptThrPut=0.027730428171438063
meanTkPop=0.026157200359342263 tkColOcp=0.025489309382931886
-----
meanST=0.9432670926546961 stDevST=0.9413627677743159

Steady State Statistics: numBatchesST=346 batchSizeST=800 stDevStdStateMeanST=0.035173320321014626
95% c.i. = 0.943368893766578 +/- 0.0037061535510600828



REPORT for Depository of Queueing Place : P/categories_index----------------------------------------

tkOcp=0.0

------------------ Color = index --------------------
arrivCnt=277027 deptCnt=277027
arrivThrPut=0.027730428171438063 deptThrPut=0.027730428171438063
meanTkPop=0.0 tkColOcp=0.0
-----
meanST=0.0 stDevST=0.0

Steady State Statistics: numBatchesST=1385 batchSizeST=200 stDevStdStateMeanST=0.0
95% c.i. = 0.0 +/- 0.0



REPORT for Queue : Persistence----------------------------------------

totArrivThrPut=0.16646485130420774 totDeptThrPut=0.16646485130420774
meanTotTkPop=0.059143997923258196 queueUtil=0.05321286245502345
meanST=0.3552942105188017



REPORT for Queue of Queueing Place : A/isLoggedIn_index----------------------------------------

queueUtilQPl=0.0105959269243025

------------------ Color = index --------------------
arrivCnt=277027 deptCnt=277027
arrivThrPut=0.027730428171438063 deptThrPut=0.027730428171438063
meanTkPop=0.010710095560688112 tkColOcp=0.0105959269243025
-----
meanST=0.38622178837178406 stDevST=0.3842365561360915

Steady State Statistics: numBatchesST=692 batchSizeST=400 stDevStdStateMeanST=0.01903149436341393
95% c.i. = 0.38625410643434976 +/- 0.001417972912008487



REPORT for Depository of Queueing Place : A/isLoggedIn_index----------------------------------------

tkOcp=0.0

------------------ Color = index --------------------
arrivCnt=277027 deptCnt=277027
arrivThrPut=0.027730428171438063 deptThrPut=0.027730428171438063
meanTkPop=0.0 tkColOcp=0.0
-----
meanST=0.0 stDevST=0.0

Steady State Statistics: numBatchesST=1385 batchSizeST=200 stDevStdStateMeanST=0.0
95% c.i. = 0.0 +/- 0.0



REPORT for Queue : Auth----------------------------------------

totArrivThrPut=0.16646485130420774 totDeptThrPut=0.16646485130420774
meanTotTkPop=0.041281290008243765 queueUtil=0.039150600087253136
meanST=0.24798802681056004



REPORT for Queue of Queueing Place : W/login----------------------------------------

queueUtilQPl=0.010438061718011694

------------------ Color = login --------------------
arrivCnt=277149 deptCnt=277149
arrivThrPut=0.027742640382655438 deptThrPut=0.027742640382655438
meanTkPop=0.010545909950097162 tkColOcp=0.010438061718011694
-----
meanST=0.380133606774156 stDevST=0.3807611500324411

Steady State Statistics: numBatchesST=692 batchSizeST=400 stDevStdStateMeanST=0.019332449163948728
95% c.i. = 0.3801483834943127 +/- 0.0014403960463535038



REPORT for Depository of Queueing Place : W/login----------------------------------------

tkOcp=0.0

------------------ Color = login --------------------
arrivCnt=277149 deptCnt=277149
arrivThrPut=0.027742640382655438 deptThrPut=0.027742640382655438
meanTkPop=0.0 tkColOcp=0.0
-----
meanST=0.0 stDevST=0.0

Steady State Statistics: numBatchesST=1385 batchSizeST=200 stDevStdStateMeanST=0.0
95% c.i. = 0.0 +/- 0.0



REPORT for Queue : WebUI----------------------------------------

totArrivThrPut=0.16646485130420774 totDeptThrPut=0.16646485130420774
meanTotTkPop=0.040425832202653285 queueUtil=0.038198656856133745
meanST=0.24284905723897668



REPORT for Queue of Queueing Place : W/loginAction----------------------------------------

queueUtilQPl=0.014332769791043616

------------------ Color = loginAction --------------------
arrivCnt=277012 deptCnt=277012
arrivThrPut=0.027728926670058877 deptThrPut=0.027728926670058877
meanTkPop=0.014539402098836782 tkColOcp=0.014332769791043616
-----
meanST=0.5243406018501297 stDevST=0.5229468920429993

Steady State Statistics: numBatchesST=692 batchSizeST=400 stDevStdStateMeanST=0.02804244708836439
95% c.i. = 0.524334872611185 +/- 0.0020893488235045293



REPORT for Depository of Queueing Place : W/loginAction----------------------------------------

tkOcp=0.0

------------------ Color = loginAction --------------------
arrivCnt=277012 deptCnt=277012
arrivThrPut=0.027728926670058877 deptThrPut=0.027728926670058877
meanTkPop=0.0 tkColOcp=0.0
-----
meanST=0.0 stDevST=0.0

Steady State Statistics: numBatchesST=1385 batchSizeST=200 stDevStdStateMeanST=0.0
95% c.i. = 0.0 +/- 0.0



REPORT for Queue : WebUI----------------------------------------

totArrivThrPut=0.16646485130420774 totDeptThrPut=0.16646485130420774
meanTotTkPop=0.040425832202653285 queueUtil=0.038198656856133745
meanST=0.24284905723897668



REPORT for Queue of Queueing Place : A/login_loginAction----------------------------------------

queueUtilQPl=0.0030611462572068702

------------------ Color = loginAction --------------------
arrivCnt=277012 deptCnt=277012
arrivThrPut=0.027728926670058877 deptThrPut=0.027728926670058877
meanTkPop=0.003070751458683447 tkColOcp=0.0030611462572068702
-----
meanST=0.1107418074713718 stDevST=0.12440472470971556

Steady State Statistics: numBatchesST=692 batchSizeST=400 stDevStdStateMeanST=0.006067649065384206
95% c.i. = 0.11074304413702793 +/- 4.5208021240981776E-4



REPORT for Depository of Queueing Place : A/login_loginAction----------------------------------------

tkOcp=0.0

------------------ Color = loginAction --------------------
arrivCnt=277012 deptCnt=277012
arrivThrPut=0.027728926670058877 deptThrPut=0.027728926670058877
meanTkPop=0.0 tkColOcp=0.0
-----
meanST=0.0 stDevST=0.0

Steady State Statistics: numBatchesST=1385 batchSizeST=200 stDevStdStateMeanST=0.0
95% c.i. = 0.0 +/- 0.0



REPORT for Queue : Auth----------------------------------------

totArrivThrPut=0.16646485130420774 totDeptThrPut=0.16646485130420774
meanTotTkPop=0.041281290008243765 queueUtil=0.039150600087253136
meanST=0.24798802681056004



REPORT for Queue of Queueing Place : W/logout----------------------------------------

queueUtilQPl=0.003009121793080609

------------------ Color = logout --------------------
arrivCnt=277119 deptCnt=277119
arrivThrPut=0.027739637379897066 deptThrPut=0.027739637379897066
meanTkPop=0.0030210214762764038 tkColOcp=0.003009121793080609
-----
meanST=0.10890630742223545 stDevST=0.1433566683626739

Steady State Statistics: numBatchesST=692 batchSizeST=400 stDevStdStateMeanST=0.007221395142479703
95% c.i. = 0.10890765983981354 +/- 5.38041968928658E-4



REPORT for Depository of Queueing Place : W/logout----------------------------------------

tkOcp=0.0

------------------ Color = logout --------------------
arrivCnt=277119 deptCnt=277119
arrivThrPut=0.027739637379897066 deptThrPut=0.027739637379897066
meanTkPop=0.0 tkColOcp=0.0
-----
meanST=0.0 stDevST=0.0

Steady State Statistics: numBatchesST=1385 batchSizeST=200 stDevStdStateMeanST=0.0
95% c.i. = 0.0 +/- 0.0



REPORT for Queue : WebUI----------------------------------------

totArrivThrPut=0.16646485130420774 totDeptThrPut=0.16646485130420774
meanTotTkPop=0.040425832202653285 queueUtil=0.038198656856133745
meanST=0.24284905723897668



REPORT for Queue of Queueing Place : A/logout_logout----------------------------------------

queueUtilQPl=0.008588352198118942

------------------ Color = logout --------------------
arrivCnt=277119 deptCnt=277119
arrivThrPut=0.027739637379897066 deptThrPut=0.027739637379897066
meanTkPop=0.008666674892891227 tkColOcp=0.008588352198118942
-----
meanST=0.3124292785158025 stDevST=0.3121241967022898

Steady State Statistics: numBatchesST=692 batchSizeST=400 stDevStdStateMeanST=0.01643158038982471
95% c.i. = 0.31241513344743344 +/- 0.0012242620284748753



REPORT for Depository of Queueing Place : A/logout_logout----------------------------------------

tkOcp=0.0

------------------ Color = logout --------------------
arrivCnt=277119 deptCnt=277119
arrivThrPut=0.027739637379897066 deptThrPut=0.027739637379897066
meanTkPop=0.0 tkColOcp=0.0
-----
meanST=0.0 stDevST=0.0

Steady State Statistics: numBatchesST=1385 batchSizeST=200 stDevStdStateMeanST=0.0
95% c.i. = 0.0 +/- 0.0



REPORT for Queue : Auth----------------------------------------

totArrivThrPut=0.16646485130420774 totDeptThrPut=0.16646485130420774
meanTotTkPop=0.041281290008243765 queueUtil=0.039150600087253136
meanST=0.24798802681056004



REPORT for Queue of Queueing Place : P/getUser_loginAction----------------------------------------

queueUtilQPl=0.0033635453085250617

------------------ Color = loginAction --------------------
arrivCnt=277012 deptCnt=277012
arrivThrPut=0.027728926670058877 deptThrPut=0.027728926670058877
meanTkPop=0.003391932308791025 tkColOcp=0.0033635453085250617
-----
meanST=0.1223246881911792 stDevST=0.24777179032192664

Steady State Statistics: numBatchesST=692 batchSizeST=400 stDevStdStateMeanST=0.012631540354708249
95% c.i. = 0.12233840592438291 +/- 9.411337711005374E-4



REPORT for Depository of Queueing Place : P/getUser_loginAction----------------------------------------

tkOcp=0.0

------------------ Color = loginAction --------------------
arrivCnt=277012 deptCnt=277012
arrivThrPut=0.027728926670058877 deptThrPut=0.027728926670058877
meanTkPop=0.0 tkColOcp=0.0
-----
meanST=0.0 stDevST=0.0

Steady State Statistics: numBatchesST=1385 batchSizeST=200 stDevStdStateMeanST=0.0
95% c.i. = 0.0 +/- 0.0



REPORT for Queue : Persistence----------------------------------------

totArrivThrPut=0.16646485130420774 totDeptThrPut=0.16646485130420774
meanTotTkPop=0.059143997923258196 queueUtil=0.05321286245502345
meanST=0.3552942105188017



REPORT for Queue of Queueing Place : W/category----------------------------------------

queueUtilQPl=0.002851599843469568

------------------ Color = category --------------------
arrivCnt=277126 deptCnt=277126
arrivThrPut=0.02774033808054069 deptThrPut=0.02774033808054069
meanTkPop=0.002864410099858843 tkColOcp=0.002851599843469568
-----
meanST=0.10325793764814176 stDevST=0.14111501031903304

Steady State Statistics: numBatchesST=346 batchSizeST=800 stDevStdStateMeanST=0.005058351709417707
95% c.i. = 0.1032703725044053 +/- 5.329900043348678E-4



REPORT for Depository of Queueing Place : W/category----------------------------------------

tkOcp=0.0

------------------ Color = category --------------------
arrivCnt=277126 deptCnt=277126
arrivThrPut=0.02774033808054069 deptThrPut=0.02774033808054069
meanTkPop=0.0 tkColOcp=0.0
-----
meanST=0.0 stDevST=0.0

Steady State Statistics: numBatchesST=1385 batchSizeST=200 stDevStdStateMeanST=0.0
95% c.i. = 0.0 +/- 0.0



REPORT for Queue : WebUI----------------------------------------

totArrivThrPut=0.16646485130420774 totDeptThrPut=0.16646485130420774
meanTotTkPop=0.040425832202653285 queueUtil=0.038198656856133745
meanST=0.24284905723897668



REPORT for Queue of Queueing Place : W/product----------------------------------------

queueUtilQPl=0.0031855395669424216

------------------ Color = product --------------------
arrivCnt=277551 deptCnt=277551
arrivThrPut=0.027782880619617603 deptThrPut=0.027782880619617603
meanTkPop=0.003200570251332935 tkColOcp=0.0031855395669424216
-----
meanST=0.1151993666586538 stDevST=0.1469900508326563

Steady State Statistics: numBatchesST=693 batchSizeST=400 stDevStdStateMeanST=0.007646833330241799
95% c.i. = 0.11520566636123604 +/- 5.693287274034786E-4



REPORT for Depository of Queueing Place : W/product----------------------------------------

tkOcp=0.0

------------------ Color = product --------------------
arrivCnt=277551 deptCnt=277551
arrivThrPut=0.027782880619617603 deptThrPut=0.027782880619617603
meanTkPop=0.0 tkColOcp=0.0
-----
meanST=0.0 stDevST=0.0

Steady State Statistics: numBatchesST=1387 batchSizeST=200 stDevStdStateMeanST=0.0
95% c.i. = 0.0 +/- 0.0



REPORT for Queue : WebUI----------------------------------------

totArrivThrPut=0.16646485130420774 totDeptThrPut=0.16646485130420774
meanTotTkPop=0.040425832202653285 queueUtil=0.038198656856133745
meanST=0.24284905723897668



REPORT for Queue of Queueing Place : P/category_category----------------------------------------

queueUtilQPl=0.0046489673827323835

------------------ Color = category --------------------
arrivCnt=277126 deptCnt=277126
arrivThrPut=0.02774033808054069 deptThrPut=0.02774033808054069
meanTkPop=0.0046888605330502285 tkColOcp=0.0046489673827323835
-----
meanST=0.16902679842749913 stDevST=0.2844554640408872

Steady State Statistics: numBatchesST=692 batchSizeST=400 stDevStdStateMeanST=0.014467662500744749
95% c.i. = 0.16904838010934603 +/- 0.00107793708336296



REPORT for Depository of Queueing Place : P/category_category----------------------------------------

tkOcp=0.0

------------------ Color = category --------------------
arrivCnt=277126 deptCnt=277126
arrivThrPut=0.02774033808054069 deptThrPut=0.02774033808054069
meanTkPop=0.0 tkColOcp=0.0
-----
meanST=0.0 stDevST=0.0

Steady State Statistics: numBatchesST=1385 batchSizeST=200 stDevStdStateMeanST=0.0
95% c.i. = 0.0 +/- 0.0



REPORT for Queue : Persistence----------------------------------------

totArrivThrPut=0.16646485130420774 totDeptThrPut=0.16646485130420774
meanTotTkPop=0.059143997923258196 queueUtil=0.05321286245502345
meanST=0.3552942105188017



REPORT for Queue of Queueing Place : P/getProduct_product----------------------------------------

queueUtilQPl=0.017322849405798094

------------------ Color = product --------------------
arrivCnt=277551 deptCnt=277551
arrivThrPut=0.027782880619617603 deptThrPut=0.027782880619617603
meanTkPop=0.01763995725235613 tkColOcp=0.017322849405798094
-----
meanST=0.6349218244813853 stDevST=0.6452769195640843

Steady State Statistics: numBatchesST=693 batchSizeST=400 stDevStdStateMeanST=0.03182179542935488
95% c.i. = 0.6349007481522444 +/- 0.0023692241628752186



REPORT for Depository of Queueing Place : P/getProduct_product----------------------------------------

tkOcp=0.0

------------------ Color = product --------------------
arrivCnt=277551 deptCnt=277551
arrivThrPut=0.027782880619617603 deptThrPut=0.027782880619617603
meanTkPop=0.0 tkColOcp=0.0
-----
meanST=0.0 stDevST=0.0

Steady State Statistics: numBatchesST=1387 batchSizeST=200 stDevStdStateMeanST=0.0
95% c.i. = 0.0 +/- 0.0



REPORT for Queue : Persistence----------------------------------------

totArrivThrPut=0.16646485130420774 totDeptThrPut=0.16646485130420774
meanTotTkPop=0.059143997923258196 queueUtil=0.05321286245502345
meanST=0.3552942105188017



REPORT for Queue of Queueing Place : R/getAds_product----------------------------------------

queueUtilQPl=0.0067303877912990315

------------------ Color = product --------------------
arrivCnt=277551 deptCnt=277551
arrivThrPut=0.027782880619617603 deptThrPut=0.027782880619617603
meanTkPop=0.006776869649331683 tkColOcp=0.0067303877912990315
-----
meanST=0.24392249825046966 stDevST=0.2444100828002152

Steady State Statistics: numBatchesST=346 batchSizeST=800 stDevStdStateMeanST=0.008467435764355932
95% c.i. = 0.2439427372374588 +/- 8.921994523130545E-4



REPORT for Depository of Queueing Place : R/getAds_product----------------------------------------

tkOcp=0.0

------------------ Color = product --------------------
arrivCnt=277551 deptCnt=277551
arrivThrPut=0.027782880619617603 deptThrPut=0.027782880619617603
meanTkPop=0.0 tkColOcp=0.0
-----
meanST=0.0 stDevST=0.0

Steady State Statistics: numBatchesST=1387 batchSizeST=200 stDevStdStateMeanST=0.0
95% c.i. = 0.0 +/- 0.0



REPORT for Queue : Recommender----------------------------------------

totArrivThrPut=0.027782880619617603 totDeptThrPut=0.027782880619617603
meanTotTkPop=0.006776869649331683 queueUtil=0.0067303877912990315
meanST=0.24392249825046966



REPORT for Queue of Queueing Place : I/productImages_category----------------------------------------

queueUtilQPl=0.0036851396204358768

------------------ Color = category --------------------
arrivCnt=277126 deptCnt=277126
arrivThrPut=0.02774033808054069 deptThrPut=0.02774033808054069
meanTkPop=0.0037134909250236326 tkColOcp=0.0036851396204358768
-----
meanST=0.13386610192860537 stDevST=0.22051224897557026

Steady State Statistics: numBatchesST=692 batchSizeST=400 stDevStdStateMeanST=0.011562034257883571
95% c.i. = 0.13388429952313377 +/- 8.614484534073198E-4



REPORT for Depository of Queueing Place : I/productImages_category----------------------------------------

tkOcp=0.0

------------------ Color = category --------------------
arrivCnt=277126 deptCnt=277126
arrivThrPut=0.02774033808054069 deptThrPut=0.02774033808054069
meanTkPop=0.0 tkColOcp=0.0
-----
meanST=0.0 stDevST=0.0

Steady State Statistics: numBatchesST=1385 batchSizeST=200 stDevStdStateMeanST=0.0
95% c.i. = 0.0 +/- 0.0



REPORT for Queue : ImageProvider----------------------------------------

totArrivThrPut=0.16646485130420774 totDeptThrPut=0.16646485130420774
meanTotTkPop=0.051740687343267235 queueUtil=0.04702094113776129
meanST=0.3108204941637393



REPORT for Queue of Queueing Place : I/product_product----------------------------------------

queueUtilQPl=0.01770186339549744

------------------ Color = product --------------------
arrivCnt=277551 deptCnt=277551
arrivThrPut=0.027782880619617603 deptThrPut=0.027782880619617603
meanTkPop=0.018036483572235893 tkColOcp=0.01770186339549744
-----
meanST=0.6491941501379184 stDevST=0.6488402201982582

Steady State Statistics: numBatchesST=693 batchSizeST=400 stDevStdStateMeanST=0.03459128983119727
95% c.i. = 0.6492650083802648 +/- 0.0025754209838672786



REPORT for Depository of Queueing Place : I/product_product----------------------------------------

tkOcp=0.0

------------------ Color = product --------------------
arrivCnt=277551 deptCnt=277551
arrivThrPut=0.027782880619617603 deptThrPut=0.027782880619617603
meanTkPop=0.0 tkColOcp=0.0
-----
meanST=0.0 stDevST=0.0

Steady State Statistics: numBatchesST=1387 batchSizeST=200 stDevStdStateMeanST=0.0
95% c.i. = 0.0 +/- 0.0



REPORT for Queue : ImageProvider----------------------------------------

totArrivThrPut=0.16646485130420774 totDeptThrPut=0.16646485130420774
meanTotTkPop=0.051740687343267235 queueUtil=0.04702094113776129
meanST=0.3108204941637393



REPORT for Queue of Queueing Place : Workload----------------------------------------

queueUtilQPl=1.0

------------------ Color = workload --------------------
arrivCnt=1662984 deptCnt=1662984
arrivThrPut=0.16646485130420774 deptThrPut=0.16646485130420774
meanTkPop=1.0 tkColOcp=1.0
-----
meanST=6.007274161273485 stDevST=6.0039510794570505

Steady State Statistics: numBatchesST=2078 batchSizeST=800 stDevStdStateMeanST=0.21093278786731764
95% c.i. = 6.007385314734221 +/- 0.009069209037071809



REPORT for Depository of Queueing Place : Workload----------------------------------------

tkOcp=0.0

------------------ Color = workload --------------------
arrivCnt=1662984 deptCnt=1662984
arrivThrPut=0.16646485130420774 deptThrPut=0.16646485130420774
meanTkPop=0.0 tkColOcp=0.0
-----
meanST=0.0 stDevST=0.0

Steady State Statistics: numBatchesST=8314 batchSizeST=200 stDevStdStateMeanST=0.0
95% c.i. = 0.0 +/- 0.0



REPORT for Queue : Workload----------------------------------------

totArrivThrPut=0.16646485130420774 totDeptThrPut=0.16646485130420774
meanTotTkPop=1.0 queueUtil=1.0
meanST=6.007274161273485



REPORT for Queue of Queueing Place : I/icon_index----------------------------------------

queueUtilQPl=0.01784133788661599

------------------ Color = index --------------------
arrivCnt=277027 deptCnt=277027
arrivThrPut=0.027730428171438063 deptThrPut=0.027730428171438063
meanTkPop=0.018167063525100776 tkColOcp=0.01784133788661599
-----
meanST=0.6551310139456333 stDevST=0.6531034437726846

Steady State Statistics: numBatchesST=692 batchSizeST=400 stDevStdStateMeanST=0.03476027519832046
95% c.i. = 0.6551443229963556 +/- 0.0025898716991941567



REPORT for Depository of Queueing Place : I/icon_index----------------------------------------

tkOcp=0.0

------------------ Color = index --------------------
arrivCnt=277027 deptCnt=277027
arrivThrPut=0.027730428171438063 deptThrPut=0.027730428171438063
meanTkPop=0.0 tkColOcp=0.0
-----
meanST=0.0 stDevST=0.0

Steady State Statistics: numBatchesST=1385 batchSizeST=200 stDevStdStateMeanST=0.0
95% c.i. = 0.0 +/- 0.0



REPORT for Queue : ImageProvider----------------------------------------

totArrivThrPut=0.16646485130420774 totDeptThrPut=0.16646485130420774
meanTotTkPop=0.051740687343267235 queueUtil=0.04702094113776129
meanST=0.3108204941637393



REPORT for Queue of Queueing Place : P/categories_login----------------------------------------

queueUtilQPl=0.0037217397083514725

------------------ Color = login --------------------
arrivCnt=277149 deptCnt=277149
arrivThrPut=0.027742640382655438 deptThrPut=0.027742640382655438
meanTkPop=0.0037502814368971546 tkColOcp=0.0037217397083514725
-----
meanST=0.1351811285865138 stDevST=0.24384034107971658

Steady State Statistics: numBatchesST=692 batchSizeST=400 stDevStdStateMeanST=0.012520485066504453
95% c.i. = 0.1351890110933474 +/- 9.328594134804125E-4



REPORT for Depository of Queueing Place : P/categories_login----------------------------------------

tkOcp=0.0

------------------ Color = login --------------------
arrivCnt=277149 deptCnt=277149
arrivThrPut=0.027742640382655438 deptThrPut=0.027742640382655438
meanTkPop=0.0 tkColOcp=0.0
-----
meanST=0.0 stDevST=0.0

Steady State Statistics: numBatchesST=1385 batchSizeST=200 stDevStdStateMeanST=0.0
95% c.i. = 0.0 +/- 0.0



REPORT for Queue : Persistence----------------------------------------

totArrivThrPut=0.16646485130420774 totDeptThrPut=0.16646485130420774
meanTotTkPop=0.059143997923258196 queueUtil=0.05321286245502345
meanST=0.3552942105188017



REPORT for Queue of Queueing Place : I/icon_login----------------------------------------

queueUtilQPl=0.0035497251802358598

------------------ Color = login --------------------
arrivCnt=277149 deptCnt=277149
arrivThrPut=0.027742640382655438 deptThrPut=0.027742640382655438
meanTkPop=0.0035740538346216624 tkColOcp=0.0035497251802358598
-----
meanST=0.12882889967661995 stDevST=0.2094719083052326

Steady State Statistics: numBatchesST=692 batchSizeST=400 stDevStdStateMeanST=0.010504286095406809
95% c.i. = 0.1288214692279977 +/- 7.82639180027184E-4



REPORT for Depository of Queueing Place : I/icon_login----------------------------------------

tkOcp=0.0

------------------ Color = login --------------------
arrivCnt=277149 deptCnt=277149
arrivThrPut=0.027742640382655438 deptThrPut=0.027742640382655438
meanTkPop=0.0 tkColOcp=0.0
-----
meanST=0.0 stDevST=0.0

Steady State Statistics: numBatchesST=1385 batchSizeST=200 stDevStdStateMeanST=0.0
95% c.i. = 0.0 +/- 0.0



REPORT for Queue : ImageProvider----------------------------------------

totArrivThrPut=0.16646485130420774 totDeptThrPut=0.16646485130420774
meanTotTkPop=0.051740687343267235 queueUtil=0.04702094113776129
meanST=0.3108204941637393



REPORT for Queue of Queueing Place : A/isLoggedIn_login----------------------------------------

queueUtilQPl=0.0058339081214475

------------------ Color = login --------------------
arrivCnt=277149 deptCnt=277149
arrivThrPut=0.027742640382655438 deptThrPut=0.027742640382655438
meanTkPop=0.0058763240114143 tkColOcp=0.0058339081214475
-----
meanST=0.21181559975409364 stDevST=0.22060086528325418

Steady State Statistics: numBatchesST=692 batchSizeST=400 stDevStdStateMeanST=0.01161157821145044
95% c.i. = 0.21182467866439156 +/- 8.651398074739074E-4



REPORT for Depository of Queueing Place : A/isLoggedIn_login----------------------------------------

tkOcp=0.0

------------------ Color = login --------------------
arrivCnt=277149 deptCnt=277149
arrivThrPut=0.027742640382655438 deptThrPut=0.027742640382655438
meanTkPop=0.0 tkColOcp=0.0
-----
meanST=0.0 stDevST=0.0

Steady State Statistics: numBatchesST=1385 batchSizeST=200 stDevStdStateMeanST=0.0
95% c.i. = 0.0 +/- 0.0



REPORT for Queue : Auth----------------------------------------

totArrivThrPut=0.16646485130420774 totDeptThrPut=0.16646485130420774
meanTotTkPop=0.041281290008243765 queueUtil=0.039150600087253136
meanST=0.24798802681056004



REPORT for Queue of Queueing Place : A/isLoggedIn_category----------------------------------------

queueUtilQPl=0.005930116573391614

------------------ Color = category --------------------
arrivCnt=277126 deptCnt=277126
arrivThrPut=0.02774033808054069 deptThrPut=0.02774033808054069
meanTkPop=0.005975751670415121 tkColOcp=0.005930116573391614
-----
meanST=0.2154174059834907 stDevST=0.22440875281695474

Steady State Statistics: numBatchesST=692 batchSizeST=400 stDevStdStateMeanST=0.011569309356522641
95% c.i. = 0.21541434802119785 +/- 8.619904966439362E-4



REPORT for Depository of Queueing Place : A/isLoggedIn_category----------------------------------------

tkOcp=0.0

------------------ Color = category --------------------
arrivCnt=277126 deptCnt=277126
arrivThrPut=0.02774033808054069 deptThrPut=0.02774033808054069
meanTkPop=0.0 tkColOcp=0.0
-----
meanST=0.0 stDevST=0.0

Steady State Statistics: numBatchesST=1385 batchSizeST=200 stDevStdStateMeanST=0.0
95% c.i. = 0.0 +/- 0.0



REPORT for Queue : Auth----------------------------------------

totArrivThrPut=0.16646485130420774 totDeptThrPut=0.16646485130420774
meanTotTkPop=0.041281290008243765 queueUtil=0.039150600087253136
meanST=0.24798802681056004



REPORT for Queue of Queueing Place : I/icon_logout----------------------------------------

queueUtilQPl=0.004096367605065588

------------------ Color = logout --------------------
arrivCnt=277119 deptCnt=277119
arrivThrPut=0.027739637379897066 deptThrPut=0.027739637379897066
meanTkPop=0.0041315886162597 tkColOcp=0.004096367605065588
-----
meanST=0.1489416952239565 stDevST=0.2237715063679228

Steady State Statistics: numBatchesST=346 batchSizeST=800 stDevStdStateMeanST=0.008341360566297307
95% c.i. = 0.14894435388592112 +/- 8.789151209300316E-4



REPORT for Depository of Queueing Place : I/icon_logout----------------------------------------

tkOcp=0.0

------------------ Color = logout --------------------
arrivCnt=277119 deptCnt=277119
arrivThrPut=0.027739637379897066 deptThrPut=0.027739637379897066
meanTkPop=0.0 tkColOcp=0.0
-----
meanST=0.0 stDevST=0.0

Steady State Statistics: numBatchesST=1385 batchSizeST=200 stDevStdStateMeanST=0.0
95% c.i. = 0.0 +/- 0.0



REPORT for Queue : ImageProvider----------------------------------------

totArrivThrPut=0.16646485130420774 totDeptThrPut=0.16646485130420774
meanTotTkPop=0.051740687343267235 queueUtil=0.04702094113776129
meanST=0.3108204941637393



REPORT for Queue of Queueing Place : I/icon_loginAction----------------------------------------

queueUtilQPl=0.004087393750880362

------------------ Color = loginAction --------------------
arrivCnt=277012 deptCnt=277012
arrivThrPut=0.027728926670058877 deptThrPut=0.027728926670058877
meanTkPop=0.004118006870025565 tkColOcp=0.004087393750880362
-----
meanST=0.1485094219125367 stDevST=0.2217850230371365

Steady State Statistics: numBatchesST=692 batchSizeST=400 stDevStdStateMeanST=0.011112404763422595
95% c.i. = 0.14850774290372187 +/- 8.279480655023437E-4



REPORT for Depository of Queueing Place : I/icon_loginAction----------------------------------------

tkOcp=0.0

------------------ Color = loginAction --------------------
arrivCnt=277012 deptCnt=277012
arrivThrPut=0.027728926670058877 deptThrPut=0.027728926670058877
meanTkPop=0.0 tkColOcp=0.0
-----
meanST=0.0 stDevST=0.0

Steady State Statistics: numBatchesST=1385 batchSizeST=200 stDevStdStateMeanST=0.0
95% c.i. = 0.0 +/- 0.0



REPORT for Queue : ImageProvider----------------------------------------

totArrivThrPut=0.16646485130420774 totDeptThrPut=0.16646485130420774
meanTotTkPop=0.051740687343267235 queueUtil=0.04702094113776129
meanST=0.3108204941637393



REPORT for Queue of Queueing Place : A/isLoggedIn_product----------------------------------------

queueUtilQPl=0.006933500229723785

------------------ Color = product --------------------
arrivCnt=277551 deptCnt=277551
arrivThrPut=0.027782880619617603 deptThrPut=0.027782880619617603
meanTkPop=0.006981692414151558 tkColOcp=0.006933500229723785
-----
meanST=0.25129476348186003 stDevST=0.25319899559964876

Steady State Statistics: numBatchesST=346 batchSizeST=800 stDevStdStateMeanST=0.009360601842915024
95% c.i. = 0.25124500896394497 +/- 9.86310858444948E-4



REPORT for Depository of Queueing Place : A/isLoggedIn_product----------------------------------------

tkOcp=0.0

------------------ Color = product --------------------
arrivCnt=277551 deptCnt=277551
arrivThrPut=0.027782880619617603 deptThrPut=0.027782880619617603
meanTkPop=0.0 tkColOcp=0.0
-----
meanST=0.0 stDevST=0.0

Steady State Statistics: numBatchesST=1387 batchSizeST=200 stDevStdStateMeanST=0.0
95% c.i. = 0.0 +/- 0.0



REPORT for Queue : Auth----------------------------------------

totArrivThrPut=0.16646485130420774 totDeptThrPut=0.16646485130420774
meanTotTkPop=0.041281290008243765 queueUtil=0.039150600087253136
meanST=0.24798802681056004



REPORT for Queue of Queueing Place : P/category_logout----------------------------------------

queueUtilQPl=0.0034829789671350204

------------------ Color = logout --------------------
arrivCnt=277119 deptCnt=277119
arrivThrPut=0.027739637379897066 deptThrPut=0.027739637379897066
meanTkPop=0.0035157660328214006 tkColOcp=0.0034829789671350204
-----
meanST=0.1267416002838335 stDevST=0.2583585159476776

Steady State Statistics: numBatchesST=692 batchSizeST=400 stDevStdStateMeanST=0.013140475458685207
95% c.i. = 0.12672944307885223 +/- 9.790528213668612E-4



REPORT for Depository of Queueing Place : P/category_logout----------------------------------------

tkOcp=0.0

------------------ Color = logout --------------------
arrivCnt=277119 deptCnt=277119
arrivThrPut=0.027739637379897066 deptThrPut=0.027739637379897066
meanTkPop=0.0 tkColOcp=0.0
-----
meanST=0.0 stDevST=0.0

Steady State Statistics: numBatchesST=1385 batchSizeST=200 stDevStdStateMeanST=0.0
95% c.i. = 0.0 +/- 0.0



REPORT for Queue : Persistence----------------------------------------

totArrivThrPut=0.16646485130420774 totDeptThrPut=0.16646485130420774
meanTotTkPop=0.059143997923258196 queueUtil=0.05321286245502345
meanST=0.3552942105188017



REPORT for Ordinary Place : Finish_index----------------------------------------

tkOcp=1.0

------------------ Color = index --------------------
arrivCnt=277027 deptCnt=0
arrivThrPut=0.027730428171438063 deptThrPut=0.0
meanTkPop=138926.02022636405 tkColOcp=1.0
-----
meanST=NaN stDevST=NaN

Steady State Statistics: Only 0 batches collected!
Need at least 60 for steady state statistics.



REPORT for Ordinary Place : Finish_login----------------------------------------

tkOcp=1.0

------------------ Color = login --------------------
arrivCnt=277149 deptCnt=0
arrivThrPut=0.027742640382655438 deptThrPut=0.0
meanTkPop=139062.78811366696 tkColOcp=1.0
-----
meanST=NaN stDevST=NaN

Steady State Statistics: Only 0 batches collected!
Need at least 60 for steady state statistics.



REPORT for Ordinary Place : Finish_loginAction----------------------------------------

tkOcp=1.0

------------------ Color = loginAction --------------------
arrivCnt=277012 deptCnt=0
arrivThrPut=0.027728926670058877 deptThrPut=0.0
meanTkPop=138857.94010270067 tkColOcp=1.0
-----
meanST=NaN stDevST=NaN

Steady State Statistics: Only 0 batches collected!
Need at least 60 for steady state statistics.



REPORT for Ordinary Place : Finish_category----------------------------------------

tkOcp=1.0

------------------ Color = category --------------------
arrivCnt=277126 deptCnt=0
arrivThrPut=0.02774033808054069 deptThrPut=0.0
meanTkPop=138833.11359885777 tkColOcp=1.0
-----
meanST=NaN stDevST=NaN

Steady State Statistics: Only 0 batches collected!
Need at least 60 for steady state statistics.



REPORT for Ordinary Place : Finish_product----------------------------------------

tkOcp=0.9999999999999998

------------------ Color = product --------------------
arrivCnt=277551 deptCnt=0
arrivThrPut=0.027782880619617603 deptThrPut=0.0
meanTkPop=138808.67845481014 tkColOcp=0.9999999999999998
-----
meanST=NaN stDevST=NaN

Steady State Statistics: Only 0 batches collected!
Need at least 60 for steady state statistics.



REPORT for Ordinary Place : Finish_logout----------------------------------------

tkOcp=1.0

------------------ Color = logout --------------------
arrivCnt=277119 deptCnt=0
arrivThrPut=0.027739637379897066 deptThrPut=0.0
meanTkPop=138754.3608211749 tkColOcp=1.0
-----
meanST=NaN stDevST=NaN

Steady State Statistics: Only 0 batches collected!
Need at least 60 for steady state statistics.



REPORT REPORT for Probe : /index----------------------------------------


------------------ Color = index --------------------
-----
meanST=2.2101670191486247 stDevST=1.2341424523440967

Steady State Statistics: numBatchesST=692 batchSizeST=400 stDevStdStateMeanST=0.06531068993937394
95% c.i. = 2.2103195987610693 +/- 0.0048660807937735175



REPORT REPORT for Probe : /login----------------------------------------


------------------ Color = login --------------------
-----
meanST=0.8559592347913832 stDevST=0.5569694014042829

Steady State Statistics: numBatchesST=692 batchSizeST=400 stDevStdStateMeanST=0.028464962601905484
95% c.i. = 0.8559835424800488 +/- 0.0021208290394909503



REPORT REPORT for Probe : /loginAction----------------------------------------


------------------ Color = loginAction --------------------
-----
meanST=0.9059165194252173 stDevST=0.6372320429034127

Steady State Statistics: numBatchesST=692 batchSizeST=400 stDevStdStateMeanST=0.032957764983519273
95% c.i. = 0.9059240655763187 +/- 0.0024555726993678397



REPORT REPORT for Probe : /logout----------------------------------------


------------------ Color = logout --------------------
-----
meanST=0.6970188814458279 stDevST=0.5000089499733206

Steady State Statistics: numBatchesST=346 batchSizeST=800 stDevStdStateMeanST=0.018230898887775054
95% c.i. = 0.6969965902520194 +/- 0.0019209591257034835



REPORT REPORT for Probe : /category----------------------------------------


------------------ Color = category --------------------
-----
meanST=0.6215682439877369 stDevST=0.48147284169833565

Steady State Statistics: numBatchesST=346 batchSizeST=800 stDevStdStateMeanST=0.017749420760932874
95% c.i. = 0.6216174001580828 +/- 0.0018702265860038472



REPORT REPORT for Probe : /product----------------------------------------


------------------ Color = product --------------------
-----
meanST=1.894532603010287 stDevST=0.9987342604293704

Steady State Statistics: numBatchesST=693 batchSizeST=400 stDevStdStateMeanST=0.05104423826561368
95% c.i. = 1.894574629666753 +/- 0.0038003902998789245



