INFO Logging to /home/yjx/workloadConfig/qpme/output/SimQPN_Output_config_2025-08-14_105108918.log
WARN Batch means correlation test was run for depository of place Workload, color 0
    However, the standard deviation of the token residence time is 0 and therefore the result of the test is ignored!
    In future runs, you should set numBMeansCorlTested to 0 to switch off the correlation test!
WARN Batch means correlation test was run for depository of place W/loginAction, color 0
    However, the standard deviation of the token residence time is 0 and therefore the result of the test is ignored!
    In future runs, you should set numBMeansCorlTested to 0 to switch off the correlation test!
WARN Batch means correlation test was run for depository of place A/login_loginAction, color 0
    However, the standard deviation of the token residence time is 0 and therefore the result of the test is ignored!
    In future runs, you should set numBMeansCorlTested to 0 to switch off the correlation test!
WARN Batch means correlation test was run for depository of place P/getUser_loginAction, color 0
    However, the standard deviation of the token residence time is 0 and therefore the result of the test is ignored!
    In future runs, you should set numBMeansCorlTested to 0 to switch off the correlation test!
WARN Batch means correlation test was run for depository of place I/icon_loginAction, color 0
    However, the standard deviation of the token residence time is 0 and therefore the result of the test is ignored!
    In future runs, you should set numBMeansCorlTested to 0 to switch off the correlation test!
WARN Batch means correlation test was run for depository of place W/product, color 0
    However, the standard deviation of the token residence time is 0 and therefore the result of the test is ignored!
    In future runs, you should set numBMeansCorlTested to 0 to switch off the correlation test!
WARN Batch means correlation test was run for depository of place P/getProduct_product, color 0
    However, the standard deviation of the token residence time is 0 and therefore the result of the test is ignored!
    In future runs, you should set numBMeansCorlTested to 0 to switch off the correlation test!
WARN Batch means correlation test was run for depository of place R/getAds_product, color 0
    However, the standard deviation of the token residence time is 0 and therefore the result of the test is ignored!
    In future runs, you should set numBMeansCorlTested to 0 to switch off the correlation test!
WARN Batch means correlation test was run for depository of place I/product_product, color 0
    However, the standard deviation of the token residence time is 0 and therefore the result of the test is ignored!
    In future runs, you should set numBMeansCorlTested to 0 to switch off the correlation test!
WARN Batch means correlation test was run for depository of place A/isLoggedIn_product, color 0
    However, the standard deviation of the token residence time is 0 and therefore the result of the test is ignored!
    In future runs, you should set numBMeansCorlTested to 0 to switch off the correlation test!
WARN Batch means correlation test was run for depository of place W/logout, color 0
    However, the standard deviation of the token residence time is 0 and therefore the result of the test is ignored!
    In future runs, you should set numBMeansCorlTested to 0 to switch off the correlation test!
WARN Batch means correlation test was run for depository of place A/logout_logout, color 0
    However, the standard deviation of the token residence time is 0 and therefore the result of the test is ignored!
    In future runs, you should set numBMeansCorlTested to 0 to switch off the correlation test!
WARN Batch means correlation test was run for depository of place P/category_logout, color 0
    However, the standard deviation of the token residence time is 0 and therefore the result of the test is ignored!
    In future runs, you should set numBMeansCorlTested to 0 to switch off the correlation test!
WARN Batch means correlation test was run for depository of place I/icon_logout, color 0
    However, the standard deviation of the token residence time is 0 and therefore the result of the test is ignored!
    In future runs, you should set numBMeansCorlTested to 0 to switch off the correlation test!
WARN Batch means correlation test was run for depository of place W/index, color 0
    However, the standard deviation of the token residence time is 0 and therefore the result of the test is ignored!
    In future runs, you should set numBMeansCorlTested to 0 to switch off the correlation test!
WARN Batch means correlation test was run for depository of place P/categories_index, color 0
    However, the standard deviation of the token residence time is 0 and therefore the result of the test is ignored!
    In future runs, you should set numBMeansCorlTested to 0 to switch off the correlation test!
WARN Batch means correlation test was run for depository of place A/isLoggedIn_index, color 0
    However, the standard deviation of the token residence time is 0 and therefore the result of the test is ignored!
    In future runs, you should set numBMeansCorlTested to 0 to switch off the correlation test!
WARN Batch means correlation test was run for depository of place I/icon_index, color 0
    However, the standard deviation of the token residence time is 0 and therefore the result of the test is ignored!
    In future runs, you should set numBMeansCorlTested to 0 to switch off the correlation test!
WARN Batch means correlation test was run for depository of place W/category, color 0
    However, the standard deviation of the token residence time is 0 and therefore the result of the test is ignored!
    In future runs, you should set numBMeansCorlTested to 0 to switch off the correlation test!
WARN Batch means correlation test was run for depository of place P/category_category, color 0
    However, the standard deviation of the token residence time is 0 and therefore the result of the test is ignored!
    In future runs, you should set numBMeansCorlTested to 0 to switch off the correlation test!
WARN Batch means correlation test was run for depository of place I/productImages_category, color 0
    However, the standard deviation of the token residence time is 0 and therefore the result of the test is ignored!
    In future runs, you should set numBMeansCorlTested to 0 to switch off the correlation test!
WARN Batch means correlation test was run for depository of place A/isLoggedIn_category, color 0
    However, the standard deviation of the token residence time is 0 and therefore the result of the test is ignored!
    In future runs, you should set numBMeansCorlTested to 0 to switch off the correlation test!
WARN Batch means correlation test was run for depository of place W/login, color 0
    However, the standard deviation of the token residence time is 0 and therefore the result of the test is ignored!
    In future runs, you should set numBMeansCorlTested to 0 to switch off the correlation test!
WARN Batch means correlation test was run for depository of place P/categories_login, color 0
    However, the standard deviation of the token residence time is 0 and therefore the result of the test is ignored!
    In future runs, you should set numBMeansCorlTested to 0 to switch off the correlation test!
WARN Batch means correlation test was run for depository of place I/icon_login, color 0
    However, the standard deviation of the token residence time is 0 and therefore the result of the test is ignored!
    In future runs, you should set numBMeansCorlTested to 0 to switch off the correlation test!
WARN Batch means correlation test was run for depository of place A/isLoggedIn_login, color 0
    However, the standard deviation of the token residence time is 0 and therefore the result of the test is ignored!
    In future runs, you should set numBMeansCorlTested to 0 to switch off the correlation test!
WARN LP-1 The simulation was stopped because of reaching max totalRunLen.
The required precision may not have been reached!
REPORT for Queue of Queueing Place : W/index----------------------------------------

queueUtilQPl=0.005626771916603838

------------------ Color = index --------------------
arrivCnt=278444 deptCnt=278444
arrivThrPut=0.027872275428996875 deptThrPut=0.027872275428996875
meanTkPop=0.005661577144561909 tkColOcp=0.005626771916603838
-----
meanST=0.2031257605423882 stDevST=0.21879516689153347

Steady State Statistics: numBatchesST=348 batchSizeST=800 stDevStdStateMeanST=0.007944092774194214
95% c.i. = 0.20312673956626648 +/- 8.346468841163588E-4



REPORT for Depository of Queueing Place : W/index----------------------------------------

tkOcp=0.0

------------------ Color = index --------------------
arrivCnt=278444 deptCnt=278444
arrivThrPut=0.027872275428996875 deptThrPut=0.027872275428996875
meanTkPop=0.0 tkColOcp=0.0
-----
meanST=0.0 stDevST=0.0

Steady State Statistics: numBatchesST=1392 batchSizeST=200 stDevStdStateMeanST=0.0
95% c.i. = 0.0 +/- 0.0



REPORT for Queue : WebUI----------------------------------------

totArrivThrPut=0.16690942831303643 totDeptThrPut=0.16690952841314785
meanTotTkPop=0.036624072040557856 queueUtil=0.03461055751578077
meanST=0.21942619257652254



REPORT for Queue of Queueing Place : P/categories_index----------------------------------------

queueUtilQPl=0.018584362272762937

------------------ Color = index --------------------
arrivCnt=278444 deptCnt=278444
arrivThrPut=0.027872275428996875 deptThrPut=0.027872275428996875
meanTkPop=0.018928568718596297 tkColOcp=0.018584362272762937
-----
meanST=0.6791181712743837 stDevST=0.6724516306091267

Steady State Statistics: numBatchesST=696 batchSizeST=400 stDevStdStateMeanST=0.034699921871454195
95% c.i. = 0.6790984181299188 +/- 0.0025779350315112298



REPORT for Depository of Queueing Place : P/categories_index----------------------------------------

tkOcp=0.0

------------------ Color = index --------------------
arrivCnt=278444 deptCnt=278444
arrivThrPut=0.027872275428996875 deptThrPut=0.027872275428996875
meanTkPop=0.0 tkColOcp=0.0
-----
meanST=0.0 stDevST=0.0

Steady State Statistics: numBatchesST=1392 batchSizeST=200 stDevStdStateMeanST=0.0
95% c.i. = 0.0 +/- 0.0



REPORT for Queue : Persistence----------------------------------------

totArrivThrPut=0.16690952841314785 totDeptThrPut=0.16690952841314785
meanTotTkPop=0.07359822958680626 queueUtil=0.067663205258307
meanST=0.4409468427987527



REPORT for Queue of Queueing Place : A/isLoggedIn_index----------------------------------------

queueUtilQPl=0.006146667023473837

------------------ Color = index --------------------
arrivCnt=278444 deptCnt=278444
arrivThrPut=0.027872275428996875 deptThrPut=0.027872275428996875
meanTkPop=0.0061960222797890555 tkColOcp=0.006146667023473837
-----
meanST=0.22230055438326482 stDevST=0.29141875816905005

Steady State Statistics: numBatchesST=696 batchSizeST=400 stDevStdStateMeanST=0.015102784717798759
95% c.i. = 0.2222964938975559 +/- 0.001122019753866213



REPORT for Depository of Queueing Place : A/isLoggedIn_index----------------------------------------

tkOcp=0.0

------------------ Color = index --------------------
arrivCnt=278444 deptCnt=278444
arrivThrPut=0.027872275428996875 deptThrPut=0.027872275428996875
meanTkPop=0.0 tkColOcp=0.0
-----
meanST=0.0 stDevST=0.0

Steady State Statistics: numBatchesST=1392 batchSizeST=200 stDevStdStateMeanST=0.0
95% c.i. = 0.0 +/- 0.0



REPORT for Queue : Auth----------------------------------------

totArrivThrPut=0.16690952841314785 totDeptThrPut=0.16690952841314785
meanTotTkPop=0.08518685528415217 queueUtil=0.07749440840543444
meanST=0.510377424788421



REPORT for Queue of Queueing Place : W/login----------------------------------------

queueUtilQPl=0.003215423359707429

------------------ Color = login --------------------
arrivCnt=278253 deptCnt=278253
arrivThrPut=0.027853156307712387 deptThrPut=0.027853156307712387
meanTkPop=0.0032298225590885184 tkColOcp=0.003215423359707429
-----
meanST=0.1159589428001091 stDevST=0.1484037147106204

Steady State Statistics: numBatchesST=695 batchSizeST=400 stDevStdStateMeanST=0.007212124712695708
95% c.i. = 0.1159601019296262 +/- 5.361902550908061E-4



REPORT for Depository of Queueing Place : W/login----------------------------------------

tkOcp=0.0

------------------ Color = login --------------------
arrivCnt=278253 deptCnt=278253
arrivThrPut=0.027853156307712387 deptThrPut=0.027853156307712387
meanTkPop=0.0 tkColOcp=0.0
-----
meanST=0.0 stDevST=0.0

Steady State Statistics: numBatchesST=1391 batchSizeST=200 stDevStdStateMeanST=0.0
95% c.i. = 0.0 +/- 0.0



REPORT for Queue : WebUI----------------------------------------

totArrivThrPut=0.16690942831303643 totDeptThrPut=0.16690952841314785
meanTotTkPop=0.036624072040557856 queueUtil=0.03461055751578077
meanST=0.21942619257652254



REPORT for Queue of Queueing Place : W/loginAction----------------------------------------

queueUtilQPl=0.003473354060935249

------------------ Color = loginAction --------------------
arrivCnt=277331 deptCnt=277331
arrivThrPut=0.027760864004967363 deptThrPut=0.027760864004967363
meanTkPop=0.003489248151390924 tkColOcp=0.003473354060935249
-----
meanST=0.12568946524022376 stDevST=0.1563342607983181

Steady State Statistics: numBatchesST=693 batchSizeST=400 stDevStdStateMeanST=0.008373029322300047
95% c.i. = 0.1256812123336217 +/- 6.23396106951158E-4



REPORT for Depository of Queueing Place : W/loginAction----------------------------------------

tkOcp=0.0

------------------ Color = loginAction --------------------
arrivCnt=277331 deptCnt=277331
arrivThrPut=0.027760864004967363 deptThrPut=0.027760864004967363
meanTkPop=0.0 tkColOcp=0.0
-----
meanST=0.0 stDevST=0.0

Steady State Statistics: numBatchesST=1386 batchSizeST=200 stDevStdStateMeanST=0.0
95% c.i. = 0.0 +/- 0.0



REPORT for Queue : WebUI----------------------------------------

totArrivThrPut=0.16690942831303643 totDeptThrPut=0.16690952841314785
meanTotTkPop=0.036624072040557856 queueUtil=0.03461055751578077
meanST=0.21942619257652254



REPORT for Queue of Queueing Place : A/login_loginAction----------------------------------------

queueUtilQPl=0.01841218649118815

------------------ Color = loginAction --------------------
arrivCnt=277331 deptCnt=277331
arrivThrPut=0.027760864004967363 deptThrPut=0.027760864004967363
meanTkPop=0.01874999665032474 tkColOcp=0.01841218649118815
-----
meanST=0.6754111344290195 stDevST=0.6728386116043427

Steady State Statistics: numBatchesST=693 batchSizeST=400 stDevStdStateMeanST=0.03592157679883432
95% c.i. = 0.675433883050732 +/- 0.0026744646734127245



REPORT for Depository of Queueing Place : A/login_loginAction----------------------------------------

tkOcp=0.0

------------------ Color = loginAction --------------------
arrivCnt=277331 deptCnt=277331
arrivThrPut=0.027760864004967363 deptThrPut=0.027760864004967363
meanTkPop=0.0 tkColOcp=0.0
-----
meanST=0.0 stDevST=0.0

Steady State Statistics: numBatchesST=1386 batchSizeST=200 stDevStdStateMeanST=0.0
95% c.i. = 0.0 +/- 0.0



REPORT for Queue : Auth----------------------------------------

totArrivThrPut=0.16690952841314785 totDeptThrPut=0.16690952841314785
meanTotTkPop=0.08518685528415217 queueUtil=0.07749440840543444
meanST=0.510377424788421



REPORT for Queue of Queueing Place : W/logout----------------------------------------

queueUtilQPl=0.015947320515419503

------------------ Color = logout --------------------
arrivCnt=278125 deptCnt=278126
arrivThrPut=0.027840343493448435 deptThrPut=0.02784044359355987
meanTkPop=0.016207989941412516 tkColOcp=0.015947320515419503
-----
meanST=0.5821832605082465 stDevST=0.5782600669439204

Steady State Statistics: numBatchesST=695 batchSizeST=400 stDevStdStateMeanST=0.029268767273269887
95% c.i. = 0.5822016893526104 +/- 0.0021760061584656294



REPORT for Depository of Queueing Place : W/logout----------------------------------------

tkOcp=0.0

------------------ Color = logout --------------------
arrivCnt=278126 deptCnt=278126
arrivThrPut=0.02784044359355987 deptThrPut=0.02784044359355987
meanTkPop=0.0 tkColOcp=0.0
-----
meanST=0.0 stDevST=0.0

Steady State Statistics: numBatchesST=1390 batchSizeST=200 stDevStdStateMeanST=0.0
95% c.i. = 0.0 +/- 0.0



REPORT for Queue : WebUI----------------------------------------

totArrivThrPut=0.16690942831303643 totDeptThrPut=0.16690952841314785
meanTotTkPop=0.036624072040557856 queueUtil=0.03461055751578077
meanST=0.21942619257652254



REPORT for Queue of Queueing Place : A/logout_logout----------------------------------------

queueUtilQPl=0.007720525030351519

------------------ Color = logout --------------------
arrivCnt=278126 deptCnt=278126
arrivThrPut=0.02784044359355987 deptThrPut=0.02784044359355987
meanTkPop=0.007787754853441909 tkColOcp=0.007720525030351519
-----
meanST=0.27972811666130903 stDevST=0.32249184019690597

Steady State Statistics: numBatchesST=695 batchSizeST=400 stDevStdStateMeanST=0.016684393571108982
95% c.i. = 0.27973373171626104 +/- 0.0012404124445020226



REPORT for Depository of Queueing Place : A/logout_logout----------------------------------------

tkOcp=0.0

------------------ Color = logout --------------------
arrivCnt=278126 deptCnt=278126
arrivThrPut=0.02784044359355987 deptThrPut=0.02784044359355987
meanTkPop=0.0 tkColOcp=0.0
-----
meanST=0.0 stDevST=0.0

Steady State Statistics: numBatchesST=1390 batchSizeST=200 stDevStdStateMeanST=0.0
95% c.i. = 0.0 +/- 0.0



REPORT for Queue : Auth----------------------------------------

totArrivThrPut=0.16690952841314785 totDeptThrPut=0.16690952841314785
meanTotTkPop=0.08518685528415217 queueUtil=0.07749440840543444
meanST=0.510377424788421



REPORT for Queue of Queueing Place : P/getUser_loginAction----------------------------------------

queueUtilQPl=0.012844949436871176

------------------ Color = loginAction --------------------
arrivCnt=277331 deptCnt=277331
arrivThrPut=0.027760864004967363 deptThrPut=0.027760864004967363
meanTkPop=0.012999919641705604 tkColOcp=0.012844949436871176
-----
meanST=0.46828224220180886 stDevST=0.47331546420807574

Steady State Statistics: numBatchesST=693 batchSizeST=400 stDevStdStateMeanST=0.023843874628451393
95% c.i. = 0.4682752447843807 +/- 0.001775245021347297



REPORT for Depository of Queueing Place : P/getUser_loginAction----------------------------------------

tkOcp=0.0

------------------ Color = loginAction --------------------
arrivCnt=277331 deptCnt=277331
arrivThrPut=0.027760864004967363 deptThrPut=0.027760864004967363
meanTkPop=0.0 tkColOcp=0.0
-----
meanST=0.0 stDevST=0.0

Steady State Statistics: numBatchesST=1386 batchSizeST=200 stDevStdStateMeanST=0.0
95% c.i. = 0.0 +/- 0.0



REPORT for Queue : Persistence----------------------------------------

totArrivThrPut=0.16690952841314785 totDeptThrPut=0.16690952841314785
meanTotTkPop=0.07359822958680626 queueUtil=0.067663205258307
meanST=0.4409468427987527



REPORT for Queue of Queueing Place : W/category----------------------------------------

queueUtilQPl=0.003772999779592244

------------------ Color = category --------------------
arrivCnt=278103 deptCnt=278103
arrivThrPut=0.027838141290996817 deptThrPut=0.027838141290996817
meanTkPop=0.003790185563382999 tkColOcp=0.003772999779592244
-----
meanST=0.13615081279182922 stDevST=0.16588521703801257

Steady State Statistics: numBatchesST=695 batchSizeST=400 stDevStdStateMeanST=0.008110941996970449
95% c.i. = 0.13614913311284854 +/- 6.030134296938369E-4



REPORT for Depository of Queueing Place : W/category----------------------------------------

tkOcp=0.0

------------------ Color = category --------------------
arrivCnt=278103 deptCnt=278103
arrivThrPut=0.027838141290996817 deptThrPut=0.027838141290996817
meanTkPop=0.0 tkColOcp=0.0
-----
meanST=0.0 stDevST=0.0

Steady State Statistics: numBatchesST=1390 batchSizeST=200 stDevStdStateMeanST=0.0
95% c.i. = 0.0 +/- 0.0



REPORT for Queue : WebUI----------------------------------------

totArrivThrPut=0.16690942831303643 totDeptThrPut=0.16690952841314785
meanTotTkPop=0.036624072040557856 queueUtil=0.03461055751578077
meanST=0.21942619257652254



REPORT for Queue of Queueing Place : W/product----------------------------------------

queueUtilQPl=0.004225133410367495

------------------ Color = product --------------------
arrivCnt=277169 deptCnt=277169
arrivThrPut=0.027744647786914548 deptThrPut=0.027744647786914548
meanTkPop=0.004245248680720989 tkColOcp=0.004225133410367495
-----
meanST=0.15301144614721737 stDevST=0.17540570941174366

Steady State Statistics: numBatchesST=692 batchSizeST=400 stDevStdStateMeanST=0.008778702873856402
95% c.i. = 0.15300115575510137 +/- 6.540717528534885E-4



REPORT for Depository of Queueing Place : W/product----------------------------------------

tkOcp=0.0

------------------ Color = product --------------------
arrivCnt=277169 deptCnt=277169
arrivThrPut=0.027744647786914548 deptThrPut=0.027744647786914548
meanTkPop=0.0 tkColOcp=0.0
-----
meanST=0.0 stDevST=0.0

Steady State Statistics: numBatchesST=1385 batchSizeST=200 stDevStdStateMeanST=0.0
95% c.i. = 0.0 +/- 0.0



REPORT for Queue : WebUI----------------------------------------

totArrivThrPut=0.16690942831303643 totDeptThrPut=0.16690952841314785
meanTotTkPop=0.036624072040557856 queueUtil=0.03461055751578077
meanST=0.21942619257652254



REPORT for Queue of Queueing Place : P/category_category----------------------------------------

queueUtilQPl=0.015294128234085961

------------------ Color = category --------------------
arrivCnt=278103 deptCnt=278103
arrivThrPut=0.027838141290996817 deptThrPut=0.027838141290996817
meanTkPop=0.015529938213816017 tkColOcp=0.015294128234085961
-----
meanST=0.5578654857549193 stDevST=0.555952003268298

Steady State Statistics: numBatchesST=695 batchSizeST=400 stDevStdStateMeanST=0.028252244325923857
95% c.i. = 0.5578254780324586 +/- 0.002100432077295949



REPORT for Depository of Queueing Place : P/category_category----------------------------------------

tkOcp=0.0

------------------ Color = category --------------------
arrivCnt=278103 deptCnt=278103
arrivThrPut=0.027838141290996817 deptThrPut=0.027838141290996817
meanTkPop=0.0 tkColOcp=0.0
-----
meanST=0.0 stDevST=0.0

Steady State Statistics: numBatchesST=1390 batchSizeST=200 stDevStdStateMeanST=0.0
95% c.i. = 0.0 +/- 0.0



REPORT for Queue : Persistence----------------------------------------

totArrivThrPut=0.16690952841314785 totDeptThrPut=0.16690952841314785
meanTotTkPop=0.07359822958680626 queueUtil=0.067663205258307
meanST=0.4409468427987527



REPORT for Queue of Queueing Place : P/getProduct_product----------------------------------------

queueUtilQPl=0.01075053078822033

------------------ Color = product --------------------
arrivCnt=277169 deptCnt=277169
arrivThrPut=0.027744647786914548 deptThrPut=0.027744647786914548
meanTkPop=0.010870006067846816 tkColOcp=0.01075053078822033
-----
meanST=0.3917874954236591 stDevST=0.4055339565256926

Steady State Statistics: numBatchesST=692 batchSizeST=400 stDevStdStateMeanST=0.020784194592205252
95% c.i. = 0.39182169940631656 +/- 0.0015485607365817835



REPORT for Depository of Queueing Place : P/getProduct_product----------------------------------------

tkOcp=0.0

------------------ Color = product --------------------
arrivCnt=277169 deptCnt=277169
arrivThrPut=0.027744647786914548 deptThrPut=0.027744647786914548
meanTkPop=0.0 tkColOcp=0.0
-----
meanST=0.0 stDevST=0.0

Steady State Statistics: numBatchesST=1385 batchSizeST=200 stDevStdStateMeanST=0.0
95% c.i. = 0.0 +/- 0.0



REPORT for Queue : Persistence----------------------------------------

totArrivThrPut=0.16690952841314785 totDeptThrPut=0.16690952841314785
meanTotTkPop=0.07359822958680626 queueUtil=0.067663205258307
meanST=0.4409468427987527



REPORT for Queue of Queueing Place : R/getAds_product----------------------------------------

queueUtilQPl=0.019547208676630755

------------------ Color = product --------------------
arrivCnt=277169 deptCnt=277169
arrivThrPut=0.027744647786914548 deptThrPut=0.027744647786914548
meanTkPop=0.019942369051291355 tkColOcp=0.019547208676630755
-----
meanST=0.7187825631975385 stDevST=0.7190980381039658

Steady State Statistics: numBatchesST=692 batchSizeST=400 stDevStdStateMeanST=0.03772564263328848
95% c.i. = 0.7187466209216721 +/- 0.0028108112962980003



REPORT for Depository of Queueing Place : R/getAds_product----------------------------------------

tkOcp=0.0

------------------ Color = product --------------------
arrivCnt=277169 deptCnt=277169
arrivThrPut=0.027744647786914548 deptThrPut=0.027744647786914548
meanTkPop=0.0 tkColOcp=0.0
-----
meanST=0.0 stDevST=0.0

Steady State Statistics: numBatchesST=1385 batchSizeST=200 stDevStdStateMeanST=0.0
95% c.i. = 0.0 +/- 0.0



REPORT for Queue : Recommender----------------------------------------

totArrivThrPut=0.027744647786914548 totDeptThrPut=0.027744647786914548
meanTotTkPop=0.019942369051291355 queueUtil=0.019547208676630755
meanST=0.7187825631975385



REPORT for Queue of Queueing Place : I/productImages_category----------------------------------------

queueUtilQPl=0.02556372402713175

------------------ Color = category --------------------
arrivCnt=278103 deptCnt=278103
arrivThrPut=0.027838141290996817 deptThrPut=0.027838141290996817
meanTkPop=0.026224228853774807 tkColOcp=0.02556372402713175
-----
meanST=0.9420251366514915 stDevST=0.9358966870259693

Steady State Statistics: numBatchesST=347 batchSizeST=800 stDevStdStateMeanST=0.033159509610067216
95% c.i. = 0.9420169477607514 +/- 0.003488923547147921



REPORT for Depository of Queueing Place : I/productImages_category----------------------------------------

tkOcp=0.0

------------------ Color = category --------------------
arrivCnt=278103 deptCnt=278103
arrivThrPut=0.027838141290996817 deptThrPut=0.027838141290996817
meanTkPop=0.0 tkColOcp=0.0
-----
meanST=0.0 stDevST=0.0

Steady State Statistics: numBatchesST=1390 batchSizeST=200 stDevStdStateMeanST=0.0
95% c.i. = 0.0 +/- 0.0



REPORT for Queue : ImageProvider----------------------------------------

totArrivThrPut=0.16690952841314785 totDeptThrPut=0.16690952841314785
meanTotTkPop=0.07035202036404106 queueUtil=0.06354982317729166
meanST=0.42149792784687573



REPORT for Queue of Queueing Place : I/product_product----------------------------------------

queueUtilQPl=0.008716247249069614

------------------ Color = product --------------------
arrivCnt=277169 deptCnt=277169
arrivThrPut=0.027744647786914548 deptThrPut=0.027744647786914548
meanTkPop=0.008806620457890189 tkColOcp=0.008716247249069614
-----
meanST=0.3174169131836567 stDevST=0.36898115031635365

Steady State Statistics: numBatchesST=692 batchSizeST=400 stDevStdStateMeanST=0.018882947809500877
95% c.i. = 0.3174296835221592 +/- 0.0014069052057317881



REPORT for Depository of Queueing Place : I/product_product----------------------------------------

tkOcp=0.0

------------------ Color = product --------------------
arrivCnt=277169 deptCnt=277169
arrivThrPut=0.027744647786914548 deptThrPut=0.027744647786914548
meanTkPop=0.0 tkColOcp=0.0
-----
meanST=0.0 stDevST=0.0

Steady State Statistics: numBatchesST=1385 batchSizeST=200 stDevStdStateMeanST=0.0
95% c.i. = 0.0 +/- 0.0



REPORT for Queue : ImageProvider----------------------------------------

totArrivThrPut=0.16690952841314785 totDeptThrPut=0.16690952841314785
meanTotTkPop=0.07035202036404106 queueUtil=0.06354982317729166
meanST=0.42149792784687573



REPORT for Queue of Queueing Place : Workload----------------------------------------

queueUtilQPl=0.9999999999999998

------------------ Color = workload --------------------
arrivCnt=1667425 deptCnt=1667425
arrivThrPut=0.16690942831303643 deptThrPut=0.16690942831303643
meanTkPop=0.9999999999999998 tkColOcp=0.9999999999999998
-----
meanST=5.991273291791001 stDevST=5.99399385685488

Steady State Statistics: numBatchesST=4168 batchSizeST=400 stDevStdStateMeanST=0.30180913624846606
95% c.i. = 5.991280855326479 +/- 0.009162555500284726



REPORT for Depository of Queueing Place : Workload----------------------------------------

tkOcp=0.0

------------------ Color = workload --------------------
arrivCnt=1667425 deptCnt=1667425
arrivThrPut=0.16690942831303643 deptThrPut=0.16690942831303643
meanTkPop=0.0 tkColOcp=0.0
-----
meanST=0.0 stDevST=0.0

Steady State Statistics: numBatchesST=8337 batchSizeST=200 stDevStdStateMeanST=0.0
95% c.i. = 0.0 +/- 0.0



REPORT for Queue : Workload----------------------------------------

totArrivThrPut=0.16690942831303643 totDeptThrPut=0.16690942831303643
meanTotTkPop=0.9999999999999998 queueUtil=0.9999999999999998
meanST=5.991273291791001



REPORT for Queue of Queueing Place : I/icon_index----------------------------------------

queueUtilQPl=0.004085529305848562

------------------ Color = index --------------------
arrivCnt=278444 deptCnt=278444
arrivThrPut=0.027872275428996875 deptThrPut=0.027872275428996875
meanTkPop=0.004117290330072026 tkColOcp=0.004085529305848562
-----
meanST=0.1477199212012884 stDevST=0.2624814653209751

Steady State Statistics: numBatchesST=348 batchSizeST=800 stDevStdStateMeanST=0.00975739235908963
95% c.i. = 0.14771980283209532 +/- 0.0010251613823129085



REPORT for Depository of Queueing Place : I/icon_index----------------------------------------

tkOcp=0.0

------------------ Color = index --------------------
arrivCnt=278444 deptCnt=278444
arrivThrPut=0.027872275428996875 deptThrPut=0.027872275428996875
meanTkPop=0.0 tkColOcp=0.0
-----
meanST=0.0 stDevST=0.0

Steady State Statistics: numBatchesST=1392 batchSizeST=200 stDevStdStateMeanST=0.0
95% c.i. = 0.0 +/- 0.0



REPORT for Queue : ImageProvider----------------------------------------

totArrivThrPut=0.16690952841314785 totDeptThrPut=0.16690952841314785
meanTotTkPop=0.07035202036404106 queueUtil=0.06354982317729166
meanST=0.42149792784687573



REPORT for Queue of Queueing Place : P/categories_login----------------------------------------

queueUtilQPl=0.011449463033601266

------------------ Color = login --------------------
arrivCnt=278253 deptCnt=278253
arrivThrPut=0.027853156307712387 deptThrPut=0.027853156307712387
meanTkPop=0.01158905684625548 tkColOcp=0.011449463033601266
-----
meanST=0.4160769687364492 stDevST=0.4277595676228061

Steady State Statistics: numBatchesST=695 batchSizeST=400 stDevStdStateMeanST=0.022439363941955965
95% c.i. = 0.4160971493208291 +/- 0.0016682695814914212



REPORT for Depository of Queueing Place : P/categories_login----------------------------------------

tkOcp=0.0

------------------ Color = login --------------------
arrivCnt=278253 deptCnt=278253
arrivThrPut=0.027853156307712387 deptThrPut=0.027853156307712387
meanTkPop=0.0 tkColOcp=0.0
-----
meanST=0.0 stDevST=0.0

Steady State Statistics: numBatchesST=1391 batchSizeST=200 stDevStdStateMeanST=0.0
95% c.i. = 0.0 +/- 0.0



REPORT for Queue : Persistence----------------------------------------

totArrivThrPut=0.16690952841314785 totDeptThrPut=0.16690952841314785
meanTotTkPop=0.07359822958680626 queueUtil=0.067663205258307
meanST=0.4409468427987527



REPORT for Queue of Queueing Place : I/icon_login----------------------------------------

queueUtilQPl=0.006503336632059628

------------------ Color = login --------------------
arrivCnt=278253 deptCnt=278253
arrivThrPut=0.027853156307712387 deptThrPut=0.027853156307712387
meanTkPop=0.006566470644878156 tkColOcp=0.006503336632059628
-----
meanST=0.23575319695671032 stDevST=0.3127331023940586

Steady State Statistics: numBatchesST=695 batchSizeST=400 stDevStdStateMeanST=0.016273620928677252
95% c.i. = 0.23575295496558343 +/- 0.0012098732765447526



REPORT for Depository of Queueing Place : I/icon_login----------------------------------------

tkOcp=0.0

------------------ Color = login --------------------
arrivCnt=278253 deptCnt=278253
arrivThrPut=0.027853156307712387 deptThrPut=0.027853156307712387
meanTkPop=0.0 tkColOcp=0.0
-----
meanST=0.0 stDevST=0.0

Steady State Statistics: numBatchesST=1391 batchSizeST=200 stDevStdStateMeanST=0.0
95% c.i. = 0.0 +/- 0.0



REPORT for Queue : ImageProvider----------------------------------------

totArrivThrPut=0.16690952841314785 totDeptThrPut=0.16690952841314785
meanTotTkPop=0.07035202036404106 queueUtil=0.06354982317729166
meanST=0.42149792784687573



REPORT for Queue of Queueing Place : A/isLoggedIn_login----------------------------------------

queueUtilQPl=0.01850798001796163

------------------ Color = login --------------------
arrivCnt=278253 deptCnt=278253
arrivThrPut=0.027853156307712387 deptThrPut=0.027853156307712387
meanTkPop=0.018881002164173828 tkColOcp=0.01850798001796163
-----
meanST=0.6778765736846055 stDevST=0.6767649306744068

Steady State Statistics: numBatchesST=695 batchSizeST=400 stDevStdStateMeanST=0.034719303521403774
95% c.i. = 0.6778893700673299 +/- 0.0025812299361582134



REPORT for Depository of Queueing Place : A/isLoggedIn_login----------------------------------------

tkOcp=0.0

------------------ Color = login --------------------
arrivCnt=278253 deptCnt=278253
arrivThrPut=0.027853156307712387 deptThrPut=0.027853156307712387
meanTkPop=0.0 tkColOcp=0.0
-----
meanST=0.0 stDevST=0.0

Steady State Statistics: numBatchesST=1391 batchSizeST=200 stDevStdStateMeanST=0.0
95% c.i. = 0.0 +/- 0.0



REPORT for Queue : Auth----------------------------------------

totArrivThrPut=0.16690952841314785 totDeptThrPut=0.16690952841314785
meanTotTkPop=0.08518685528415217 queueUtil=0.07749440840543444
meanST=0.510377424788421



REPORT for Queue of Queueing Place : A/isLoggedIn_category----------------------------------------

queueUtilQPl=0.01864131759589048

------------------ Color = category --------------------
arrivCnt=278103 deptCnt=278103
arrivThrPut=0.027838141290996817 deptThrPut=0.027838141290996817
meanTkPop=0.01898750795315799 tkColOcp=0.01864131759589048
-----
meanST=0.6820680933643646 stDevST=0.6774471431292223

Steady State Statistics: numBatchesST=695 batchSizeST=400 stDevStdStateMeanST=0.03506350080047445
95% c.i. = 0.6820135923401636 +/- 0.002606819514017507



REPORT for Depository of Queueing Place : A/isLoggedIn_category----------------------------------------

tkOcp=0.0

------------------ Color = category --------------------
arrivCnt=278103 deptCnt=278103
arrivThrPut=0.027838141290996817 deptThrPut=0.027838141290996817
meanTkPop=0.0 tkColOcp=0.0
-----
meanST=0.0 stDevST=0.0

Steady State Statistics: numBatchesST=1390 batchSizeST=200 stDevStdStateMeanST=0.0
95% c.i. = 0.0 +/- 0.0



REPORT for Queue : Auth----------------------------------------

totArrivThrPut=0.16690952841314785 totDeptThrPut=0.16690952841314785
meanTotTkPop=0.08518685528415217 queueUtil=0.07749440840543444
meanST=0.510377424788421



REPORT for Queue of Queueing Place : I/icon_logout----------------------------------------

queueUtilQPl=0.014505356675984961

------------------ Color = logout --------------------
arrivCnt=278126 deptCnt=278126
arrivThrPut=0.02784044359355987 deptThrPut=0.02784044359355987
meanTkPop=0.014738021483030645 tkColOcp=0.014505356675984961
-----
meanST=0.5293745206861533 stDevST=0.5509578277752527

Steady State Statistics: numBatchesST=347 batchSizeST=800 stDevStdStateMeanST=0.019090230200762025
95% c.i. = 0.5294097276493033 +/- 0.0020086049055349103



REPORT for Depository of Queueing Place : I/icon_logout----------------------------------------

tkOcp=0.0

------------------ Color = logout --------------------
arrivCnt=278126 deptCnt=278126
arrivThrPut=0.02784044359355987 deptThrPut=0.02784044359355987
meanTkPop=0.0 tkColOcp=0.0
-----
meanST=0.0 stDevST=0.0

Steady State Statistics: numBatchesST=1390 batchSizeST=200 stDevStdStateMeanST=0.0
95% c.i. = 0.0 +/- 0.0



REPORT for Queue : ImageProvider----------------------------------------

totArrivThrPut=0.16690952841314785 totDeptThrPut=0.16690952841314785
meanTotTkPop=0.07035202036404106 queueUtil=0.06354982317729166
meanST=0.42149792784687573



REPORT for Queue of Queueing Place : I/icon_loginAction----------------------------------------

queueUtilQPl=0.009791559592344692

------------------ Color = loginAction --------------------
arrivCnt=277331 deptCnt=277331
arrivThrPut=0.027760864004967363 deptThrPut=0.027760864004967363
meanTkPop=0.009899388594395235 tkColOcp=0.009791559592344692
-----
meanST=0.35659511867584154 stDevST=0.399983222598877

Steady State Statistics: numBatchesST=693 batchSizeST=400 stDevStdStateMeanST=0.01980737640035952
95% c.i. = 0.3566119917868567 +/- 0.0014747161226360609



REPORT for Depository of Queueing Place : I/icon_loginAction----------------------------------------

tkOcp=0.0

------------------ Color = loginAction --------------------
arrivCnt=277331 deptCnt=277331
arrivThrPut=0.027760864004967363 deptThrPut=0.027760864004967363
meanTkPop=0.0 tkColOcp=0.0
-----
meanST=0.0 stDevST=0.0

Steady State Statistics: numBatchesST=1386 batchSizeST=200 stDevStdStateMeanST=0.0
95% c.i. = 0.0 +/- 0.0



REPORT for Queue : ImageProvider----------------------------------------

totArrivThrPut=0.16690952841314785 totDeptThrPut=0.16690952841314785
meanTotTkPop=0.07035202036404106 queueUtil=0.06354982317729166
meanST=0.42149792784687573



REPORT for Queue of Queueing Place : A/isLoggedIn_product----------------------------------------

queueUtilQPl=0.014358486129598204

------------------ Color = product --------------------
arrivCnt=277169 deptCnt=277169
arrivThrPut=0.027744647786914548 deptThrPut=0.027744647786914548
meanTkPop=0.014584571383264652 tkColOcp=0.014358486129598204
-----
meanST=0.5256715275420906 stDevST=0.5381895992116862

Steady State Statistics: numBatchesST=692 batchSizeST=400 stDevStdStateMeanST=0.028084107927727246
95% c.i. = 0.5256306069761885 +/- 0.00209245283313089



REPORT for Depository of Queueing Place : A/isLoggedIn_product----------------------------------------

tkOcp=0.0

------------------ Color = product --------------------
arrivCnt=277169 deptCnt=277169
arrivThrPut=0.027744647786914548 deptThrPut=0.027744647786914548
meanTkPop=0.0 tkColOcp=0.0
-----
meanST=0.0 stDevST=0.0

Steady State Statistics: numBatchesST=1385 batchSizeST=200 stDevStdStateMeanST=0.0
95% c.i. = 0.0 +/- 0.0



REPORT for Queue : Auth----------------------------------------

totArrivThrPut=0.16690952841314785 totDeptThrPut=0.16690952841314785
meanTotTkPop=0.08518685528415217 queueUtil=0.07749440840543444
meanST=0.510377424788421



REPORT for Queue of Queueing Place : P/category_logout----------------------------------------

queueUtilQPl=0.003654743489492925

------------------ Color = logout --------------------
arrivCnt=278126 deptCnt=278126
arrivThrPut=0.02784044359355987 deptThrPut=0.02784044359355987
meanTkPop=0.0036807400985860374 tkColOcp=0.003654743489492925
-----
meanST=0.1322083854812384 stDevST=0.21841793111735489

Steady State Statistics: numBatchesST=347 batchSizeST=800 stDevStdStateMeanST=0.007887225059812973
95% c.i. = 0.13223999996841024 +/- 8.298652650907183E-4



REPORT for Depository of Queueing Place : P/category_logout----------------------------------------

tkOcp=0.0

------------------ Color = logout --------------------
arrivCnt=278126 deptCnt=278126
arrivThrPut=0.02784044359355987 deptThrPut=0.02784044359355987
meanTkPop=0.0 tkColOcp=0.0
-----
meanST=0.0 stDevST=0.0

Steady State Statistics: numBatchesST=1390 batchSizeST=200 stDevStdStateMeanST=0.0
95% c.i. = 0.0 +/- 0.0



REPORT for Queue : Persistence----------------------------------------

totArrivThrPut=0.16690952841314785 totDeptThrPut=0.16690952841314785
meanTotTkPop=0.07359822958680626 queueUtil=0.067663205258307
meanST=0.4409468427987527



REPORT for Ordinary Place : Finish_index----------------------------------------

tkOcp=1.0

------------------ Color = index --------------------
arrivCnt=278444 deptCnt=0
arrivThrPut=0.027872275428996875 deptThrPut=0.0
meanTkPop=139297.29104490587 tkColOcp=1.0
-----
meanST=NaN stDevST=NaN

Steady State Statistics: Only 0 batches collected!
Need at least 60 for steady state statistics.



REPORT for Ordinary Place : Finish_login----------------------------------------

tkOcp=1.0

------------------ Color = login --------------------
arrivCnt=278253 deptCnt=0
arrivThrPut=0.027853156307712387 deptThrPut=0.0
meanTkPop=139115.75901988655 tkColOcp=1.0
-----
meanST=NaN stDevST=NaN

Steady State Statistics: Only 0 batches collected!
Need at least 60 for steady state statistics.



REPORT for Ordinary Place : Finish_loginAction----------------------------------------

tkOcp=0.9999999999999998

------------------ Color = loginAction --------------------
arrivCnt=277331 deptCnt=0
arrivThrPut=0.027760864004967363 deptThrPut=0.0
meanTkPop=138925.35975156567 tkColOcp=0.9999999999999998
-----
meanST=NaN stDevST=NaN

Steady State Statistics: Only 0 batches collected!
Need at least 60 for steady state statistics.



REPORT for Ordinary Place : Finish_category----------------------------------------

tkOcp=1.0

------------------ Color = category --------------------
arrivCnt=278103 deptCnt=0
arrivThrPut=0.027838141290996817 deptThrPut=0.0
meanTkPop=139307.47619686098 tkColOcp=1.0
-----
meanST=NaN stDevST=NaN

Steady State Statistics: Only 0 batches collected!
Need at least 60 for steady state statistics.



REPORT for Ordinary Place : Finish_product----------------------------------------

tkOcp=0.9999999999999998

------------------ Color = product --------------------
arrivCnt=277169 deptCnt=0
arrivThrPut=0.027744647786914548 deptThrPut=0.0
meanTkPop=139062.32931107713 tkColOcp=0.9999999999999998
-----
meanST=NaN stDevST=NaN

Steady State Statistics: Only 0 batches collected!
Need at least 60 for steady state statistics.



REPORT for Ordinary Place : Finish_logout----------------------------------------

tkOcp=1.0

------------------ Color = logout --------------------
arrivCnt=278126 deptCnt=0
arrivThrPut=0.02784044359355987 deptThrPut=0.0
meanTkPop=139244.91377688508 tkColOcp=1.0
-----
meanST=NaN stDevST=NaN

Steady State Statistics: Only 0 batches collected!
Need at least 60 for steady state statistics.



REPORT REPORT for Probe : /index----------------------------------------


------------------ Color = index --------------------
-----
meanST=1.2522644074013252 stDevST=0.810462188484614

Steady State Statistics: numBatchesST=696 batchSizeST=400 stDevStdStateMeanST=0.04285838153325506
95% c.i. = 1.2522414544258371 +/- 0.003184045300094561



REPORT REPORT for Probe : /login----------------------------------------


------------------ Color = login --------------------
-----
meanST=1.4456656821778742 stDevST=0.8919684258467031

Steady State Statistics: numBatchesST=695 batchSizeST=400 stDevStdStateMeanST=0.04715347781795383
95% c.i. = 1.445699576283368 +/- 0.00350565697444479



REPORT REPORT for Probe : /loginAction----------------------------------------


------------------ Color = loginAction --------------------
-----
meanST=1.6259779605468938 stDevST=0.9296060362651547

Steady State Statistics: numBatchesST=693 batchSizeST=400 stDevStdStateMeanST=0.04783896216044326
95% c.i. = 1.626002331955592 +/- 0.0035617482781264047



REPORT REPORT for Probe : /logout----------------------------------------


------------------ Color = logout --------------------
-----
meanST=1.5234942833369471 stDevST=0.8989965436912256

Steady State Statistics: numBatchesST=695 batchSizeST=400 stDevStdStateMeanST=0.04708136667699509
95% c.i. = 1.5235256625121683 +/- 0.0035002958232437445



REPORT REPORT for Probe : /category----------------------------------------


------------------ Color = category --------------------
-----
meanST=2.318109528562605 stDevST=1.2886870353410198

Steady State Statistics: numBatchesST=695 batchSizeST=400 stDevStdStateMeanST=0.06750154276945136
95% c.i. = 2.3179798098961313 +/- 0.005018447528072046



REPORT REPORT for Probe : /product----------------------------------------


------------------ Color = product --------------------
-----
meanST=2.106669945494162 stDevST=1.079620816813449

Steady State Statistics: numBatchesST=692 batchSizeST=400 stDevStdStateMeanST=0.05652814350721761
95% c.i. = 2.1066297665814373 +/- 0.004211722670262478



