INFO Logging to /home/yjx/workloadConfig/qpme/output/SimQPN_Output_config_2025-08-14_093400325.log
WARN Batch means correlation test was run for depository of place Workload, color 0
    However, the standard deviation of the token residence time is 0 and therefore the result of the test is ignored!
    In future runs, you should set numBMeansCorlTested to 0 to switch off the correlation test!
WARN Batch means correlation test was run for depository of place W/login, color 0
    However, the standard deviation of the token residence time is 0 and therefore the result of the test is ignored!
    In future runs, you should set numBMeansCorlTested to 0 to switch off the correlation test!
WARN Batch means correlation test was run for depository of place P/categories_login, color 0
    However, the standard deviation of the token residence time is 0 and therefore the result of the test is ignored!
    In future runs, you should set numBMeansCorlTested to 0 to switch off the correlation test!
WARN Batch means correlation test was run for depository of place I/icon_login, color 0
    However, the standard deviation of the token residence time is 0 and therefore the result of the test is ignored!
    In future runs, you should set numBMeansCorlTested to 0 to switch off the correlation test!
WARN Batch means correlation test was run for depository of place A/isLoggedIn_login, color 0
    However, the standard deviation of the token residence time is 0 and therefore the result of the test is ignored!
    In future runs, you should set numBMeansCorlTested to 0 to switch off the correlation test!
WARN Batch means correlation test was run for depository of place W/product, color 0
    However, the standard deviation of the token residence time is 0 and therefore the result of the test is ignored!
    In future runs, you should set numBMeansCorlTested to 0 to switch off the correlation test!
WARN Batch means correlation test was run for depository of place P/getProduct_product, color 0
    However, the standard deviation of the token residence time is 0 and therefore the result of the test is ignored!
    In future runs, you should set numBMeansCorlTested to 0 to switch off the correlation test!
WARN Batch means correlation test was run for depository of place R/getAds_product, color 0
    However, the standard deviation of the token residence time is 0 and therefore the result of the test is ignored!
    In future runs, you should set numBMeansCorlTested to 0 to switch off the correlation test!
WARN Batch means correlation test was run for depository of place I/product_product, color 0
    However, the standard deviation of the token residence time is 0 and therefore the result of the test is ignored!
    In future runs, you should set numBMeansCorlTested to 0 to switch off the correlation test!
WARN Batch means correlation test was run for depository of place A/isLoggedIn_product, color 0
    However, the standard deviation of the token residence time is 0 and therefore the result of the test is ignored!
    In future runs, you should set numBMeansCorlTested to 0 to switch off the correlation test!
WARN Batch means correlation test was run for depository of place W/index, color 0
    However, the standard deviation of the token residence time is 0 and therefore the result of the test is ignored!
    In future runs, you should set numBMeansCorlTested to 0 to switch off the correlation test!
WARN Batch means correlation test was run for depository of place P/categories_index, color 0
    However, the standard deviation of the token residence time is 0 and therefore the result of the test is ignored!
    In future runs, you should set numBMeansCorlTested to 0 to switch off the correlation test!
WARN Batch means correlation test was run for depository of place A/isLoggedIn_index, color 0
    However, the standard deviation of the token residence time is 0 and therefore the result of the test is ignored!
    In future runs, you should set numBMeansCorlTested to 0 to switch off the correlation test!
WARN Batch means correlation test was run for depository of place I/icon_index, color 0
    However, the standard deviation of the token residence time is 0 and therefore the result of the test is ignored!
    In future runs, you should set numBMeansCorlTested to 0 to switch off the correlation test!
WARN Batch means correlation test was run for depository of place W/logout, color 0
    However, the standard deviation of the token residence time is 0 and therefore the result of the test is ignored!
    In future runs, you should set numBMeansCorlTested to 0 to switch off the correlation test!
WARN Batch means correlation test was run for depository of place A/logout_logout, color 0
    However, the standard deviation of the token residence time is 0 and therefore the result of the test is ignored!
    In future runs, you should set numBMeansCorlTested to 0 to switch off the correlation test!
WARN Batch means correlation test was run for depository of place P/category_logout, color 0
    However, the standard deviation of the token residence time is 0 and therefore the result of the test is ignored!
    In future runs, you should set numBMeansCorlTested to 0 to switch off the correlation test!
WARN Batch means correlation test was run for depository of place I/icon_logout, color 0
    However, the standard deviation of the token residence time is 0 and therefore the result of the test is ignored!
    In future runs, you should set numBMeansCorlTested to 0 to switch off the correlation test!
WARN Batch means correlation test was run for depository of place W/category, color 0
    However, the standard deviation of the token residence time is 0 and therefore the result of the test is ignored!
    In future runs, you should set numBMeansCorlTested to 0 to switch off the correlation test!
WARN Batch means correlation test was run for depository of place P/category_category, color 0
    However, the standard deviation of the token residence time is 0 and therefore the result of the test is ignored!
    In future runs, you should set numBMeansCorlTested to 0 to switch off the correlation test!
WARN Batch means correlation test was run for depository of place I/productImages_category, color 0
    However, the standard deviation of the token residence time is 0 and therefore the result of the test is ignored!
    In future runs, you should set numBMeansCorlTested to 0 to switch off the correlation test!
WARN Batch means correlation test was run for depository of place A/isLoggedIn_category, color 0
    However, the standard deviation of the token residence time is 0 and therefore the result of the test is ignored!
    In future runs, you should set numBMeansCorlTested to 0 to switch off the correlation test!
WARN Batch means correlation test was run for depository of place W/loginAction, color 0
    However, the standard deviation of the token residence time is 0 and therefore the result of the test is ignored!
    In future runs, you should set numBMeansCorlTested to 0 to switch off the correlation test!
WARN Batch means correlation test was run for depository of place A/login_loginAction, color 0
    However, the standard deviation of the token residence time is 0 and therefore the result of the test is ignored!
    In future runs, you should set numBMeansCorlTested to 0 to switch off the correlation test!
WARN Batch means correlation test was run for depository of place P/getUser_loginAction, color 0
    However, the standard deviation of the token residence time is 0 and therefore the result of the test is ignored!
    In future runs, you should set numBMeansCorlTested to 0 to switch off the correlation test!
WARN Batch means correlation test was run for depository of place I/icon_loginAction, color 0
    However, the standard deviation of the token residence time is 0 and therefore the result of the test is ignored!
    In future runs, you should set numBMeansCorlTested to 0 to switch off the correlation test!
WARN LP-1 The simulation was stopped because of reaching max totalRunLen.
The required precision may not have been reached!
REPORT for Queue of Queueing Place : W/index----------------------------------------

queueUtilQPl=0.0031216627448108695

------------------ Color = index --------------------
arrivCnt=277619 deptCnt=277619
arrivThrPut=0.02778969086590729 deptThrPut=0.02778969086590729
meanTkPop=0.003133979825822701 tkColOcp=0.0031216627448108695
-----
meanST=0.11277490782265244 stDevST=0.14972807985643374

Steady State Statistics: numBatchesST=694 batchSizeST=400 stDevStdStateMeanST=0.0075299117035363535
95% c.i. = 0.1127748576323882 +/- 5.602195230450536E-4



REPORT for Depository of Queueing Place : W/index----------------------------------------

tkOcp=0.0

------------------ Color = index --------------------
arrivCnt=277619 deptCnt=277619
arrivThrPut=0.02778969086590729 deptThrPut=0.02778969086590729
meanTkPop=0.0 tkColOcp=0.0
-----
meanST=0.0 stDevST=0.0

Steady State Statistics: numBatchesST=1388 batchSizeST=200 stDevStdStateMeanST=0.0
95% c.i. = 0.0 +/- 0.0



REPORT for Queue : WebUI----------------------------------------

totArrivThrPut=0.16671432137061154 totDeptThrPut=0.16671432137061154
meanTotTkPop=0.03236655593037351 queueUtil=0.03044208151459661
meanST=0.19414382438339878



REPORT for Queue of Queueing Place : P/categories_index----------------------------------------

queueUtilQPl=0.004432722301287486

------------------ Color = index --------------------
arrivCnt=277619 deptCnt=277619
arrivThrPut=0.02778969086590729 deptThrPut=0.02778969086590729
meanTkPop=0.004467071983737196 tkColOcp=0.004432722301287486
-----
meanST=0.1607456522381633 stDevST=0.2521043132087426

Steady State Statistics: numBatchesST=694 batchSizeST=400 stDevStdStateMeanST=0.01307213161565817
95% c.i. = 0.16074446437410583 +/- 9.725563362803952E-4



REPORT for Depository of Queueing Place : P/categories_index----------------------------------------

tkOcp=0.0

------------------ Color = index --------------------
arrivCnt=277619 deptCnt=277619
arrivThrPut=0.02778969086590729 deptThrPut=0.02778969086590729
meanTkPop=0.0 tkColOcp=0.0
-----
meanST=0.0 stDevST=0.0

Steady State Statistics: numBatchesST=1388 batchSizeST=200 stDevStdStateMeanST=0.0
95% c.i. = 0.0 +/- 0.0



REPORT for Queue : Persistence----------------------------------------

totArrivThrPut=0.16671432137061154 totDeptThrPut=0.16671432137061154
meanTotTkPop=0.07530812347433857 queueUtil=0.06883353529187451
meanST=0.45171958146850544



REPORT for Queue of Queueing Place : A/isLoggedIn_index----------------------------------------

queueUtilQPl=0.003048925456049834

------------------ Color = index --------------------
arrivCnt=277619 deptCnt=277619
arrivThrPut=0.02778969086590729 deptThrPut=0.02778969086590729
meanTkPop=0.0030613053753751804 tkColOcp=0.003048925456049834
-----
meanST=0.1101597491726986 stDevST=0.11192077686845833

Steady State Statistics: numBatchesST=694 batchSizeST=400 stDevStdStateMeanST=0.005591228235667358
95% c.i. = 0.1101605957670083 +/- 4.15982994056961E-4



REPORT for Depository of Queueing Place : A/isLoggedIn_index----------------------------------------

tkOcp=0.0

------------------ Color = index --------------------
arrivCnt=277619 deptCnt=277619
arrivThrPut=0.02778969086590729 deptThrPut=0.02778969086590729
meanTkPop=0.0 tkColOcp=0.0
-----
meanST=0.0 stDevST=0.0

Steady State Statistics: numBatchesST=1388 batchSizeST=200 stDevStdStateMeanST=0.0
95% c.i. = 0.0 +/- 0.0



REPORT for Queue : Auth----------------------------------------

totArrivThrPut=0.16671432137061154 totDeptThrPut=0.16671432137061154
meanTotTkPop=0.020230248599769584 queueUtil=0.019674362423596926
meanST=0.12134679512503944



REPORT for Queue of Queueing Place : W/login----------------------------------------

queueUtilQPl=0.0027907651879235987

------------------ Color = login --------------------
arrivCnt=278004 deptCnt=278004
arrivThrPut=0.027828229406076998 deptThrPut=0.027828229406076998
meanTkPop=0.0028016612941795106 tkColOcp=0.0027907651879235987
-----
meanST=0.10067695121011533 stDevST=0.14421492683086992

Steady State Statistics: numBatchesST=695 batchSizeST=400 stDevStdStateMeanST=0.007417589978874259
95% c.i. = 0.10067714440605857 +/- 5.51465708285708E-4



REPORT for Depository of Queueing Place : W/login----------------------------------------

tkOcp=0.0

------------------ Color = login --------------------
arrivCnt=278004 deptCnt=278004
arrivThrPut=0.027828229406076998 deptThrPut=0.027828229406076998
meanTkPop=0.0 tkColOcp=0.0
-----
meanST=0.0 stDevST=0.0

Steady State Statistics: numBatchesST=1390 batchSizeST=200 stDevStdStateMeanST=0.0
95% c.i. = 0.0 +/- 0.0



REPORT for Queue : WebUI----------------------------------------

totArrivThrPut=0.16671432137061154 totDeptThrPut=0.16671432137061154
meanTotTkPop=0.03236655593037351 queueUtil=0.03044208151459661
meanST=0.19414382438339878



REPORT for Queue of Queueing Place : W/loginAction----------------------------------------

queueUtilQPl=0.00306613079322349

------------------ Color = loginAction --------------------
arrivCnt=277010 deptCnt=277010
arrivThrPut=0.027728729902366113 deptThrPut=0.027728729902366113
meanTkPop=0.0030786442422648477 tkColOcp=0.00306613079322349
-----
meanST=0.11102723612314261 stDevST=0.1484295835167446

Steady State Statistics: numBatchesST=173 batchSizeST=1600 stDevStdStateMeanST=0.0036605269939377545
95% c.i. = 0.11102960555472491 +/- 5.493379363570135E-4



REPORT for Depository of Queueing Place : W/loginAction----------------------------------------

tkOcp=0.0

------------------ Color = loginAction --------------------
arrivCnt=277010 deptCnt=277010
arrivThrPut=0.027728729902366113 deptThrPut=0.027728729902366113
meanTkPop=0.0 tkColOcp=0.0
-----
meanST=0.0 stDevST=0.0

Steady State Statistics: numBatchesST=1385 batchSizeST=200 stDevStdStateMeanST=0.0
95% c.i. = 0.0 +/- 0.0



REPORT for Queue : WebUI----------------------------------------

totArrivThrPut=0.16671432137061154 totDeptThrPut=0.16671432137061154
meanTotTkPop=0.03236655593037351 queueUtil=0.03044208151459661
meanST=0.19414382438339878



REPORT for Queue of Queueing Place : A/login_loginAction----------------------------------------

queueUtilQPl=0.006354214593589157

------------------ Color = loginAction --------------------
arrivCnt=277010 deptCnt=277010
arrivThrPut=0.027728729902366113 deptThrPut=0.027728729902366113
meanTkPop=0.0063978450695030675 tkColOcp=0.006354214593589157
-----
meanST=0.2307298275842463 stDevST=0.2303736559375928

Steady State Statistics: numBatchesST=692 batchSizeST=400 stDevStdStateMeanST=0.011652408614541837
95% c.i. = 0.2307427040113268 +/- 8.681819440746615E-4



REPORT for Depository of Queueing Place : A/login_loginAction----------------------------------------

tkOcp=0.0

------------------ Color = loginAction --------------------
arrivCnt=277010 deptCnt=277010
arrivThrPut=0.027728729902366113 deptThrPut=0.027728729902366113
meanTkPop=0.0 tkColOcp=0.0
-----
meanST=0.0 stDevST=0.0

Steady State Statistics: numBatchesST=1385 batchSizeST=200 stDevStdStateMeanST=0.0
95% c.i. = 0.0 +/- 0.0



REPORT for Queue : Auth----------------------------------------

totArrivThrPut=0.16671432137061154 totDeptThrPut=0.16671432137061154
meanTotTkPop=0.020230248599769584 queueUtil=0.019674362423596926
meanST=0.12134679512503944



REPORT for Queue of Queueing Place : W/logout----------------------------------------

queueUtilQPl=0.00315664859563315

------------------ Color = logout --------------------
arrivCnt=277880 deptCnt=277880
arrivThrPut=0.02781581699313922 deptThrPut=0.02781581699313922
meanTkPop=0.0031690580206984904 tkColOcp=0.00315664859563315
-----
meanST=0.1139300715661215 stDevST=0.15220452293312378

Steady State Statistics: numBatchesST=694 batchSizeST=400 stDevStdStateMeanST=0.007735818819517569
95% c.i. = 0.11391104899187887 +/- 5.755388509267344E-4



REPORT for Depository of Queueing Place : W/logout----------------------------------------

tkOcp=0.0

------------------ Color = logout --------------------
arrivCnt=277880 deptCnt=277880
arrivThrPut=0.02781581699313922 deptThrPut=0.02781581699313922
meanTkPop=0.0 tkColOcp=0.0
-----
meanST=0.0 stDevST=0.0

Steady State Statistics: numBatchesST=1389 batchSizeST=200 stDevStdStateMeanST=0.0
95% c.i. = 0.0 +/- 0.0



REPORT for Queue : WebUI----------------------------------------

totArrivThrPut=0.16671432137061154 totDeptThrPut=0.16671432137061154
meanTotTkPop=0.03236655593037351 queueUtil=0.03044208151459661
meanST=0.19414382438339878



REPORT for Queue of Queueing Place : A/logout_logout----------------------------------------

queueUtilQPl=0.0025592297127744294

------------------ Color = logout --------------------
arrivCnt=277880 deptCnt=277880
arrivThrPut=0.02781581699313922 deptThrPut=0.02781581699313922
meanTkPop=0.002565653891062399 tkColOcp=0.0025592297127744294
-----
meanST=0.09223722933233341 stDevST=0.09402320523008266

Steady State Statistics: numBatchesST=694 batchSizeST=400 stDevStdStateMeanST=0.0048013090717459
95% c.i. = 0.09224011850208495 +/- 3.5721362800338594E-4



REPORT for Depository of Queueing Place : A/logout_logout----------------------------------------

tkOcp=0.0

------------------ Color = logout --------------------
arrivCnt=277880 deptCnt=277880
arrivThrPut=0.02781581699313922 deptThrPut=0.02781581699313922
meanTkPop=0.0 tkColOcp=0.0
-----
meanST=0.0 stDevST=0.0

Steady State Statistics: numBatchesST=1389 batchSizeST=200 stDevStdStateMeanST=0.0
95% c.i. = 0.0 +/- 0.0



REPORT for Queue : Auth----------------------------------------

totArrivThrPut=0.16671432137061154 totDeptThrPut=0.16671432137061154
meanTotTkPop=0.020230248599769584 queueUtil=0.019674362423596926
meanST=0.12134679512503944



REPORT for Queue of Queueing Place : P/getUser_loginAction----------------------------------------

queueUtilQPl=0.017288717073187545

------------------ Color = loginAction --------------------
arrivCnt=277010 deptCnt=277010
arrivThrPut=0.027728729902366113 deptThrPut=0.027728729902366113
meanTkPop=0.017599653005102744 tkColOcp=0.017288717073187545
-----
meanST=0.6347082274259144 stDevST=0.6313397642045422

Steady State Statistics: numBatchesST=692 batchSizeST=400 stDevStdStateMeanST=0.03246440672156451
95% c.i. = 0.6346697155662384 +/- 0.002418814227436582



REPORT for Depository of Queueing Place : P/getUser_loginAction----------------------------------------

tkOcp=0.0

------------------ Color = loginAction --------------------
arrivCnt=277010 deptCnt=277010
arrivThrPut=0.027728729902366113 deptThrPut=0.027728729902366113
meanTkPop=0.0 tkColOcp=0.0
-----
meanST=0.0 stDevST=0.0

Steady State Statistics: numBatchesST=1385 batchSizeST=200 stDevStdStateMeanST=0.0
95% c.i. = 0.0 +/- 0.0



REPORT for Queue : Persistence----------------------------------------

totArrivThrPut=0.16671432137061154 totDeptThrPut=0.16671432137061154
meanTotTkPop=0.07530812347433857 queueUtil=0.06883353529187451
meanST=0.45171958146850544



REPORT for Queue of Queueing Place : W/category----------------------------------------

queueUtilQPl=0.016554104283878875

------------------ Color = category --------------------
arrivCnt=277960 deptCnt=277960
arrivThrPut=0.027823825001486172 deptThrPut=0.027823825001486172
meanTkPop=0.01682706862409964 tkColOcp=0.016554104283878875
-----
meanST=0.6047719399903084 stDevST=0.6035535041420831

Steady State Statistics: numBatchesST=694 batchSizeST=400 stDevStdStateMeanST=0.03265008651676222
95% c.i. = 0.6047450786664108 +/- 0.0024291408207628737



REPORT for Depository of Queueing Place : W/category----------------------------------------

tkOcp=0.0

------------------ Color = category --------------------
arrivCnt=277960 deptCnt=277960
arrivThrPut=0.027823825001486172 deptThrPut=0.027823825001486172
meanTkPop=0.0 tkColOcp=0.0
-----
meanST=0.0 stDevST=0.0

Steady State Statistics: numBatchesST=1389 batchSizeST=200 stDevStdStateMeanST=0.0
95% c.i. = 0.0 +/- 0.0



REPORT for Queue : WebUI----------------------------------------

totArrivThrPut=0.16671432137061154 totDeptThrPut=0.16671432137061154
meanTotTkPop=0.03236655593037351 queueUtil=0.03044208151459661
meanST=0.19414382438339878



REPORT for Queue of Queueing Place : W/product----------------------------------------

queueUtilQPl=0.0033422750853806197

------------------ Color = product --------------------
arrivCnt=277003 deptCnt=277003
arrivThrPut=0.027728029201635754 deptThrPut=0.027728029201635754
meanTkPop=0.0033561439233083267 tkColOcp=0.0033422750853806197
-----
meanST=0.12103795401046168 stDevST=0.1550133965403592

Steady State Statistics: numBatchesST=346 batchSizeST=800 stDevStdStateMeanST=0.005919070349768547
95% c.i. = 0.12102928757179417 +/- 6.23682478525142E-4



REPORT for Depository of Queueing Place : W/product----------------------------------------

tkOcp=0.0

------------------ Color = product --------------------
arrivCnt=277003 deptCnt=277003
arrivThrPut=0.027728029201635754 deptThrPut=0.027728029201635754
meanTkPop=0.0 tkColOcp=0.0
-----
meanST=0.0 stDevST=0.0

Steady State Statistics: numBatchesST=1385 batchSizeST=200 stDevStdStateMeanST=0.0
95% c.i. = 0.0 +/- 0.0



REPORT for Queue : WebUI----------------------------------------

totArrivThrPut=0.16671432137061154 totDeptThrPut=0.16671432137061154
meanTotTkPop=0.03236655593037351 queueUtil=0.03044208151459661
meanST=0.19414382438339878



REPORT for Queue of Queueing Place : P/category_category----------------------------------------

queueUtilQPl=0.009535966998692542

------------------ Color = category --------------------
arrivCnt=277960 deptCnt=277960
arrivThrPut=0.027823825001486172 deptThrPut=0.027823825001486172
meanTkPop=0.009631404087070751 tkColOcp=0.009535966998692542
-----
meanST=0.3461567231161173 stDevST=0.3658241875821235

Steady State Statistics: numBatchesST=694 batchSizeST=400 stDevStdStateMeanST=0.018629825960899085
95% c.i. = 0.346163607296306 +/- 0.001386044435199114



REPORT for Depository of Queueing Place : P/category_category----------------------------------------

tkOcp=0.0

------------------ Color = category --------------------
arrivCnt=277960 deptCnt=277960
arrivThrPut=0.027823825001486172 deptThrPut=0.027823825001486172
meanTkPop=0.0 tkColOcp=0.0
-----
meanST=0.0 stDevST=0.0

Steady State Statistics: numBatchesST=1389 batchSizeST=200 stDevStdStateMeanST=0.0
95% c.i. = 0.0 +/- 0.0



REPORT for Queue : Persistence----------------------------------------

totArrivThrPut=0.16671432137061154 totDeptThrPut=0.16671432137061154
meanTotTkPop=0.07530812347433857 queueUtil=0.06883353529187451
meanST=0.45171958146850544



REPORT for Queue of Queueing Place : P/getProduct_product----------------------------------------

queueUtilQPl=0.007014208234558379

------------------ Color = product --------------------
arrivCnt=277003 deptCnt=277003
arrivThrPut=0.027728029201635754 deptThrPut=0.027728029201635754
meanTkPop=0.007079875131255206 tkColOcp=0.007014208234558379
-----
meanST=0.2553327926687824 stDevST=0.3082903438753607

Steady State Statistics: numBatchesST=692 batchSizeST=400 stDevStdStateMeanST=0.015868205782906805
95% c.i. = 0.25532950986685377 +/- 0.0011822868731524053



REPORT for Depository of Queueing Place : P/getProduct_product----------------------------------------

tkOcp=0.0

------------------ Color = product --------------------
arrivCnt=277003 deptCnt=277003
arrivThrPut=0.027728029201635754 deptThrPut=0.027728029201635754
meanTkPop=0.0 tkColOcp=0.0
-----
meanST=0.0 stDevST=0.0

Steady State Statistics: numBatchesST=1385 batchSizeST=200 stDevStdStateMeanST=0.0
95% c.i. = 0.0 +/- 0.0



REPORT for Queue : Persistence----------------------------------------

totArrivThrPut=0.16671432137061154 totDeptThrPut=0.16671432137061154
meanTotTkPop=0.07530812347433857 queueUtil=0.06883353529187451
meanST=0.45171958146850544



REPORT for Queue of Queueing Place : R/getAds_product----------------------------------------

queueUtilQPl=0.003150999329344882

------------------ Color = product --------------------
arrivCnt=277003 deptCnt=277003
arrivThrPut=0.027728029201635754 deptThrPut=0.027728029201635754
meanTkPop=0.003162581680279969 tkColOcp=0.003150999329344882
-----
meanST=0.11405721110872889 stDevST=0.11412330860673207

Steady State Statistics: numBatchesST=692 batchSizeST=400 stDevStdStateMeanST=0.0059810702800176105
95% c.i. = 0.11406590546399915 +/- 4.4562951704874113E-4



REPORT for Depository of Queueing Place : R/getAds_product----------------------------------------

tkOcp=0.0

------------------ Color = product --------------------
arrivCnt=277003 deptCnt=277003
arrivThrPut=0.027728029201635754 deptThrPut=0.027728029201635754
meanTkPop=0.0 tkColOcp=0.0
-----
meanST=0.0 stDevST=0.0

Steady State Statistics: numBatchesST=1385 batchSizeST=200 stDevStdStateMeanST=0.0
95% c.i. = 0.0 +/- 0.0



REPORT for Queue : Recommender----------------------------------------

totArrivThrPut=0.027728029201635754 totDeptThrPut=0.027728029201635754
meanTotTkPop=0.003162581680279969 queueUtil=0.003150999329344882
meanST=0.11405721110872889



REPORT for Queue of Queueing Place : I/productImages_category----------------------------------------

queueUtilQPl=0.005415627871095336

------------------ Color = category --------------------
arrivCnt=277960 deptCnt=277960
arrivThrPut=0.027823825001486172 deptThrPut=0.027823825001486172
meanTkPop=0.005448474251429864 tkColOcp=0.005415627871095336
-----
meanST=0.19582046146203264 stDevST=0.2148124971265759

Steady State Statistics: numBatchesST=694 batchSizeST=400 stDevStdStateMeanST=0.011001790904698525
95% c.i. = 0.19579963522361327 +/- 8.185246116998987E-4



REPORT for Depository of Queueing Place : I/productImages_category----------------------------------------

tkOcp=0.0

------------------ Color = category --------------------
arrivCnt=277960 deptCnt=277960
arrivThrPut=0.027823825001486172 deptThrPut=0.027823825001486172
meanTkPop=0.0 tkColOcp=0.0
-----
meanST=0.0 stDevST=0.0

Steady State Statistics: numBatchesST=1389 batchSizeST=200 stDevStdStateMeanST=0.0
95% c.i. = 0.0 +/- 0.0



REPORT for Queue : ImageProvider----------------------------------------

totArrivThrPut=0.16671432137061154 totDeptThrPut=0.16671432137061154
meanTotTkPop=0.04963794012864174 queueUtil=0.04631691640268029
meanST=0.2977425077854885



REPORT for Queue of Queueing Place : I/product_product----------------------------------------

queueUtilQPl=0.003282260733699529

------------------ Color = product --------------------
arrivCnt=277003 deptCnt=277003
arrivThrPut=0.027728029201635754 deptThrPut=0.027728029201635754
meanTkPop=0.003304505971311111 tkColOcp=0.003282260733699529
-----
meanST=0.11917565245193008 stDevST=0.17177479834967094

Steady State Statistics: numBatchesST=692 batchSizeST=400 stDevStdStateMeanST=0.008843779396500814
95% c.i. = 0.1191914968884611 +/- 6.58920386626298E-4



REPORT for Depository of Queueing Place : I/product_product----------------------------------------

tkOcp=0.0

------------------ Color = product --------------------
arrivCnt=277003 deptCnt=277003
arrivThrPut=0.027728029201635754 deptThrPut=0.027728029201635754
meanTkPop=0.0 tkColOcp=0.0
-----
meanST=0.0 stDevST=0.0

Steady State Statistics: numBatchesST=1385 batchSizeST=200 stDevStdStateMeanST=0.0
95% c.i. = 0.0 +/- 0.0



REPORT for Queue : ImageProvider----------------------------------------

totArrivThrPut=0.16671432137061154 totDeptThrPut=0.16671432137061154
meanTotTkPop=0.04963794012864174 queueUtil=0.04631691640268029
meanST=0.2977425077854885



REPORT for Queue of Queueing Place : Workload----------------------------------------

queueUtilQPl=1.0

------------------ Color = workload --------------------
arrivCnt=1665476 deptCnt=1665476
arrivThrPut=0.16671432137061154 deptThrPut=0.16671432137061154
meanTkPop=1.0 tkColOcp=1.0
-----
meanST=5.998284921047462 stDevST=6.00088613782575

Steady State Statistics: numBatchesST=4163 batchSizeST=400 stDevStdStateMeanST=0.2985972055492928
95% c.i. = 5.9982125991421045 +/- 0.009070487404665028



REPORT for Depository of Queueing Place : Workload----------------------------------------

tkOcp=0.0

------------------ Color = workload --------------------
arrivCnt=1665476 deptCnt=1665476
arrivThrPut=0.16671432137061154 deptThrPut=0.16671432137061154
meanTkPop=0.0 tkColOcp=0.0
-----
meanST=0.0 stDevST=0.0

Steady State Statistics: numBatchesST=8327 batchSizeST=200 stDevStdStateMeanST=0.0
95% c.i. = 0.0 +/- 0.0



REPORT for Queue : Workload----------------------------------------

totArrivThrPut=0.16671432137061154 totDeptThrPut=0.16671432137061154
meanTotTkPop=1.0 queueUtil=1.0
meanST=5.998284921047462



REPORT for Queue of Queueing Place : I/icon_index----------------------------------------

queueUtilQPl=0.004614913337392247

------------------ Color = index --------------------
arrivCnt=277619 deptCnt=277619
arrivThrPut=0.02778969086590729 deptThrPut=0.02778969086590729
meanTkPop=0.0046487189030338496 tkColOcp=0.004614913337392247
-----
meanST=0.1672821380225194 stDevST=0.20571287397043214

Steady State Statistics: numBatchesST=694 batchSizeST=400 stDevStdStateMeanST=0.010447401058032553
95% c.i. = 0.16728506180848468 +/- 7.772784420622959E-4



REPORT for Depository of Queueing Place : I/icon_index----------------------------------------

tkOcp=0.0

------------------ Color = index --------------------
arrivCnt=277619 deptCnt=277619
arrivThrPut=0.02778969086590729 deptThrPut=0.02778969086590729
meanTkPop=0.0 tkColOcp=0.0
-----
meanST=0.0 stDevST=0.0

Steady State Statistics: numBatchesST=1388 batchSizeST=200 stDevStdStateMeanST=0.0
95% c.i. = 0.0 +/- 0.0



REPORT for Queue : ImageProvider----------------------------------------

totArrivThrPut=0.16671432137061154 totDeptThrPut=0.16671432137061154
meanTotTkPop=0.04963794012864174 queueUtil=0.04631691640268029
meanST=0.2977425077854885



REPORT for Queue of Queueing Place : P/categories_login----------------------------------------

queueUtilQPl=0.015471321994561842

------------------ Color = login --------------------
arrivCnt=278004 deptCnt=278004
arrivThrPut=0.027828229406076998 deptThrPut=0.027828229406076998
meanTkPop=0.015714955537838683 tkColOcp=0.015471321994561842
-----
meanST=0.5647127349901365 stDevST=0.5660488309311479

Steady State Statistics: numBatchesST=695 batchSizeST=400 stDevStdStateMeanST=0.029345605737408173
95% c.i. = 0.5647167453886077 +/- 0.0021817187656831072



REPORT for Depository of Queueing Place : P/categories_login----------------------------------------

tkOcp=0.0

------------------ Color = login --------------------
arrivCnt=278004 deptCnt=278004
arrivThrPut=0.027828229406076998 deptThrPut=0.027828229406076998
meanTkPop=0.0 tkColOcp=0.0
-----
meanST=0.0 stDevST=0.0

Steady State Statistics: numBatchesST=1390 batchSizeST=200 stDevStdStateMeanST=0.0
95% c.i. = 0.0 +/- 0.0



REPORT for Queue : Persistence----------------------------------------

totArrivThrPut=0.16671432137061154 totDeptThrPut=0.16671432137061154
meanTotTkPop=0.07530812347433857 queueUtil=0.06883353529187451
meanST=0.45171958146850544



REPORT for Queue of Queueing Place : I/icon_login----------------------------------------

queueUtilQPl=0.014491603526272717

------------------ Color = login --------------------
arrivCnt=278004 deptCnt=278004
arrivThrPut=0.027828229406076998 deptThrPut=0.027828229406076998
meanTkPop=0.014708977522399748 tkColOcp=0.014491603526272717
-----
meanST=0.5285631833690314 stDevST=0.5259183573549493

Steady State Statistics: numBatchesST=347 batchSizeST=800 stDevStdStateMeanST=0.01926084080930238
95% c.i. = 0.528529321540022 +/- 0.002026555936069722



REPORT for Depository of Queueing Place : I/icon_login----------------------------------------

tkOcp=0.0

------------------ Color = login --------------------
arrivCnt=278004 deptCnt=278004
arrivThrPut=0.027828229406076998 deptThrPut=0.027828229406076998
meanTkPop=0.0 tkColOcp=0.0
-----
meanST=0.0 stDevST=0.0

Steady State Statistics: numBatchesST=1390 batchSizeST=200 stDevStdStateMeanST=0.0
95% c.i. = 0.0 +/- 0.0



REPORT for Queue : ImageProvider----------------------------------------

totArrivThrPut=0.16671432137061154 totDeptThrPut=0.16671432137061154
meanTotTkPop=0.04963794012864174 queueUtil=0.04631691640268029
meanST=0.2977425077854885



REPORT for Queue of Queueing Place : A/isLoggedIn_login----------------------------------------

queueUtilQPl=0.0025816807907832534

------------------ Color = login --------------------
arrivCnt=278004 deptCnt=278004
arrivThrPut=0.027828229406076998 deptThrPut=0.027828229406076998
meanTkPop=0.0025887498209587996 tkColOcp=0.0025816807907832534
-----
meanST=0.093026034218098 stDevST=0.09557194482889761

Steady State Statistics: numBatchesST=695 batchSizeST=400 stDevStdStateMeanST=0.004869914208874305
95% c.i. = 0.09302336243261505 +/- 3.6205704226524045E-4



REPORT for Depository of Queueing Place : A/isLoggedIn_login----------------------------------------

tkOcp=0.0

------------------ Color = login --------------------
arrivCnt=278004 deptCnt=278004
arrivThrPut=0.027828229406076998 deptThrPut=0.027828229406076998
meanTkPop=0.0 tkColOcp=0.0
-----
meanST=0.0 stDevST=0.0

Steady State Statistics: numBatchesST=1390 batchSizeST=200 stDevStdStateMeanST=0.0
95% c.i. = 0.0 +/- 0.0



REPORT for Queue : Auth----------------------------------------

totArrivThrPut=0.16671432137061154 totDeptThrPut=0.16671432137061154
meanTotTkPop=0.020230248599769584 queueUtil=0.019674362423596926
meanST=0.12134679512503944



REPORT for Queue of Queueing Place : A/isLoggedIn_category----------------------------------------

queueUtilQPl=0.0029365477305956364

------------------ Color = category --------------------
arrivCnt=277960 deptCnt=277960
arrivThrPut=0.027823825001486172 deptThrPut=0.027823825001486172
meanTkPop=0.0029453514020835827 tkColOcp=0.0029365477305956364
-----
meanST=0.10585717103691748 stDevST=0.10849259790302625

Steady State Statistics: numBatchesST=694 batchSizeST=400 stDevStdStateMeanST=0.005479186338059852
95% c.i. = 0.10585555188409136 +/- 4.0764716477900795E-4



REPORT for Depository of Queueing Place : A/isLoggedIn_category----------------------------------------

tkOcp=0.0

------------------ Color = category --------------------
arrivCnt=277960 deptCnt=277960
arrivThrPut=0.027823825001486172 deptThrPut=0.027823825001486172
meanTkPop=0.0 tkColOcp=0.0
-----
meanST=0.0 stDevST=0.0

Steady State Statistics: numBatchesST=1389 batchSizeST=200 stDevStdStateMeanST=0.0
95% c.i. = 0.0 +/- 0.0



REPORT for Queue : Auth----------------------------------------

totArrivThrPut=0.16671432137061154 totDeptThrPut=0.16671432137061154
meanTotTkPop=0.020230248599769584 queueUtil=0.019674362423596926
meanST=0.12134679512503944



REPORT for Queue of Queueing Place : I/icon_logout----------------------------------------

queueUtilQPl=0.012246723004377274

------------------ Color = logout --------------------
arrivCnt=277880 deptCnt=277880
arrivThrPut=0.02781581699313922 deptThrPut=0.02781581699313922
meanTkPop=0.012396255928860461 tkColOcp=0.012246723004377274
-----
meanST=0.4456549283423169 stDevST=0.445009650959275

Steady State Statistics: numBatchesST=694 batchSizeST=400 stDevStdStateMeanST=0.022145177076185237
95% c.i. = 0.44563003720311545 +/- 0.0016475838001582819



REPORT for Depository of Queueing Place : I/icon_logout----------------------------------------

tkOcp=0.0

------------------ Color = logout --------------------
arrivCnt=277880 deptCnt=277880
arrivThrPut=0.02781581699313922 deptThrPut=0.02781581699313922
meanTkPop=0.0 tkColOcp=0.0
-----
meanST=0.0 stDevST=0.0

Steady State Statistics: numBatchesST=1389 batchSizeST=200 stDevStdStateMeanST=0.0
95% c.i. = 0.0 +/- 0.0



REPORT for Queue : ImageProvider----------------------------------------

totArrivThrPut=0.16671432137061154 totDeptThrPut=0.16671432137061154
meanTotTkPop=0.04963794012864174 queueUtil=0.04631691640268029
meanST=0.2977425077854885



REPORT for Queue of Queueing Place : I/icon_loginAction----------------------------------------

queueUtilQPl=0.009042602348316438

------------------ Color = loginAction --------------------
arrivCnt=277010 deptCnt=277010
arrivThrPut=0.027728729902366113 deptThrPut=0.027728729902366113
meanTkPop=0.00913100755160671 tkColOcp=0.009042602348316438
-----
meanST=0.3292977205864577 stDevST=0.3347854638077804

Steady State Statistics: numBatchesST=346 batchSizeST=800 stDevStdStateMeanST=0.011395818958342277
95% c.i. = 0.3292981849401309 +/- 0.001200758259790008



REPORT for Depository of Queueing Place : I/icon_loginAction----------------------------------------

tkOcp=0.0

------------------ Color = loginAction --------------------
arrivCnt=277010 deptCnt=277010
arrivThrPut=0.027728729902366113 deptThrPut=0.027728729902366113
meanTkPop=0.0 tkColOcp=0.0
-----
meanST=0.0 stDevST=0.0

Steady State Statistics: numBatchesST=1385 batchSizeST=200 stDevStdStateMeanST=0.0
95% c.i. = 0.0 +/- 0.0



REPORT for Queue : ImageProvider----------------------------------------

totArrivThrPut=0.16671432137061154 totDeptThrPut=0.16671432137061154
meanTotTkPop=0.04963794012864174 queueUtil=0.04631691640268029
meanST=0.2977425077854885



REPORT for Queue of Queueing Place : A/isLoggedIn_product----------------------------------------

queueUtilQPl=0.0026617189822486496

------------------ Color = product --------------------
arrivCnt=277003 deptCnt=277003
arrivThrPut=0.027728029201635754 deptThrPut=0.027728029201635754
meanTkPop=0.0026713430407865535 tkColOcp=0.0026617189822486496
-----
meanST=0.09634089106588807 stDevST=0.09845039686021477

Steady State Statistics: numBatchesST=692 batchSizeST=400 stDevStdStateMeanST=0.005011017278966113
95% c.i. = 0.09635040059700453 +/- 3.733541164712732E-4



REPORT for Depository of Queueing Place : A/isLoggedIn_product----------------------------------------

tkOcp=0.0

------------------ Color = product --------------------
arrivCnt=277003 deptCnt=277003
arrivThrPut=0.027728029201635754 deptThrPut=0.027728029201635754
meanTkPop=0.0 tkColOcp=0.0
-----
meanST=0.0 stDevST=0.0

Steady State Statistics: numBatchesST=1385 batchSizeST=200 stDevStdStateMeanST=0.0
95% c.i. = 0.0 +/- 0.0



REPORT for Queue : Auth----------------------------------------

totArrivThrPut=0.16671432137061154 totDeptThrPut=0.16671432137061154
meanTotTkPop=0.020230248599769584 queueUtil=0.019674362423596926
meanST=0.12134679512503944



REPORT for Queue of Queueing Place : P/category_logout----------------------------------------

queueUtilQPl=0.02039767804911871

------------------ Color = logout --------------------
arrivCnt=277880 deptCnt=277880
arrivThrPut=0.02781581699313922 deptThrPut=0.02781581699313922
meanTkPop=0.020815163729333987 tkColOcp=0.02039767804911871
-----
meanST=0.7483211344994127 stDevST=0.7382725235765074

Steady State Statistics: numBatchesST=694 batchSizeST=400 stDevStdStateMeanST=0.0390439401609859
95% c.i. = 0.7483092560833093 +/- 0.00290483851550538



REPORT for Depository of Queueing Place : P/category_logout----------------------------------------

tkOcp=0.0

------------------ Color = logout --------------------
arrivCnt=277880 deptCnt=277880
arrivThrPut=0.02781581699313922 deptThrPut=0.02781581699313922
meanTkPop=0.0 tkColOcp=0.0
-----
meanST=0.0 stDevST=0.0

Steady State Statistics: numBatchesST=1389 batchSizeST=200 stDevStdStateMeanST=0.0
95% c.i. = 0.0 +/- 0.0



REPORT for Queue : Persistence----------------------------------------

totArrivThrPut=0.16671432137061154 totDeptThrPut=0.16671432137061154
meanTotTkPop=0.07530812347433857 queueUtil=0.06883353529187451
meanST=0.45171958146850544



REPORT for Ordinary Place : Finish_index----------------------------------------

tkOcp=1.0000000000000002

------------------ Color = index --------------------
arrivCnt=277619 deptCnt=0
arrivThrPut=0.02778969086590729 deptThrPut=0.0
meanTkPop=139263.1743017434 tkColOcp=1.0000000000000002
-----
meanST=NaN stDevST=NaN

Steady State Statistics: Only 0 batches collected!
Need at least 60 for steady state statistics.



REPORT for Ordinary Place : Finish_login----------------------------------------

tkOcp=1.0

------------------ Color = login --------------------
arrivCnt=278004 deptCnt=0
arrivThrPut=0.027828229406076998 deptThrPut=0.0
meanTkPop=139417.91773709728 tkColOcp=1.0
-----
meanST=NaN stDevST=NaN

Steady State Statistics: Only 0 batches collected!
Need at least 60 for steady state statistics.



REPORT for Ordinary Place : Finish_loginAction----------------------------------------

tkOcp=1.0

------------------ Color = loginAction --------------------
arrivCnt=277010 deptCnt=0
arrivThrPut=0.027728729902366113 deptThrPut=0.0
meanTkPop=138801.3022960989 tkColOcp=1.0
-----
meanST=NaN stDevST=NaN

Steady State Statistics: Only 0 batches collected!
Need at least 60 for steady state statistics.



REPORT for Ordinary Place : Finish_category----------------------------------------

tkOcp=1.0

------------------ Color = category --------------------
arrivCnt=277960 deptCnt=0
arrivThrPut=0.027823825001486172 deptThrPut=0.0
meanTkPop=139319.2143233977 tkColOcp=1.0
-----
meanST=NaN stDevST=NaN

Steady State Statistics: Only 0 batches collected!
Need at least 60 for steady state statistics.



REPORT for Ordinary Place : Finish_product----------------------------------------

tkOcp=1.0000000000000002

------------------ Color = product --------------------
arrivCnt=277003 deptCnt=0
arrivThrPut=0.027728029201635754 deptThrPut=0.0
meanTkPop=138802.53152663607 tkColOcp=1.0000000000000002
-----
meanST=NaN stDevST=NaN

Steady State Statistics: Only 0 batches collected!
Need at least 60 for steady state statistics.



REPORT for Ordinary Place : Finish_logout----------------------------------------

tkOcp=1.0

------------------ Color = logout --------------------
arrivCnt=277880 deptCnt=0
arrivThrPut=0.02781581699313922 deptThrPut=0.0
meanTkPop=139105.5497474613 tkColOcp=1.0
-----
meanST=NaN stDevST=NaN

Steady State Statistics: Only 0 batches collected!
Need at least 60 for steady state statistics.



REPORT REPORT for Probe : /index----------------------------------------


------------------ Color = index --------------------
-----
meanST=0.5509624472560337 stDevST=0.40277423600903384

Steady State Statistics: numBatchesST=694 batchSizeST=400 stDevStdStateMeanST=0.020548128817110187
95% c.i. = 0.5509649795819871 +/- 0.0015287646626697547



REPORT REPORT for Probe : /login----------------------------------------


------------------ Color = login --------------------
-----
meanST=1.2869789037873813 stDevST=0.7963192510696961

Steady State Statistics: numBatchesST=695 batchSizeST=400 stDevStdStateMeanST=0.04147692200041293
95% c.i. = 1.2869762695696287 +/- 0.0030836296200804766



REPORT REPORT for Probe : /loginAction----------------------------------------


------------------ Color = loginAction --------------------
-----
meanST=1.305763011719761 stDevST=0.7669245203308771

Steady State Statistics: numBatchesST=692 batchSizeST=400 stDevStdStateMeanST=0.039030452553336814
95% c.i. = 1.305740210072421 +/- 0.0029080283138699513



REPORT REPORT for Probe : /logout----------------------------------------


------------------ Color = logout --------------------
-----
meanST=1.4001433637401848 stDevST=0.8819130092676414

Steady State Statistics: numBatchesST=694 batchSizeST=400 stDevStdStateMeanST=0.04554336309649228
95% c.i. = 1.40009046078039 +/- 0.0033883904826934493



REPORT REPORT for Probe : /category----------------------------------------


------------------ Color = category --------------------
-----
meanST=1.2526062956053758 stDevST=0.738311196590571

Steady State Statistics: numBatchesST=694 batchSizeST=400 stDevStdStateMeanST=0.038188423021391485
95% c.i. = 1.2525638730704187 +/- 0.0028411887115275514



REPORT REPORT for Probe : /product----------------------------------------


------------------ Color = product --------------------
-----
meanST=0.705944501305791 stDevST=0.4366479873002946

Steady State Statistics: numBatchesST=692 batchSizeST=400 stDevStdStateMeanST=0.022631891413971445
95% c.i. = 0.7059666003881133 +/- 0.0016862264391713435



