INFO Logging to /home/yjx/workloadConfig/qpme/output/SimQPN_Output_config_2025-08-14_105956939.log
WARN Batch means correlation test was run for depository of place Workload, color 0
    However, the standard deviation of the token residence time is 0 and therefore the result of the test is ignored!
    In future runs, you should set numBMeansCorlTested to 0 to switch off the correlation test!
WARN Batch means correlation test was run for depository of place W/logout, color 0
    However, the standard deviation of the token residence time is 0 and therefore the result of the test is ignored!
    In future runs, you should set numBMeansCorlTested to 0 to switch off the correlation test!
WARN Batch means correlation test was run for depository of place A/logout_logout, color 0
    However, the standard deviation of the token residence time is 0 and therefore the result of the test is ignored!
    In future runs, you should set numBMeansCorlTested to 0 to switch off the correlation test!
WARN Batch means correlation test was run for depository of place P/category_logout, color 0
    However, the standard deviation of the token residence time is 0 and therefore the result of the test is ignored!
    In future runs, you should set numBMeansCorlTested to 0 to switch off the correlation test!
WARN Batch means correlation test was run for depository of place I/icon_logout, color 0
    However, the standard deviation of the token residence time is 0 and therefore the result of the test is ignored!
    In future runs, you should set numBMeansCorlTested to 0 to switch off the correlation test!
WARN Batch means correlation test was run for depository of place W/category, color 0
    However, the standard deviation of the token residence time is 0 and therefore the result of the test is ignored!
    In future runs, you should set numBMeansCorlTested to 0 to switch off the correlation test!
WARN Batch means correlation test was run for depository of place P/category_category, color 0
    However, the standard deviation of the token residence time is 0 and therefore the result of the test is ignored!
    In future runs, you should set numBMeansCorlTested to 0 to switch off the correlation test!
WARN Batch means correlation test was run for depository of place I/productImages_category, color 0
    However, the standard deviation of the token residence time is 0 and therefore the result of the test is ignored!
    In future runs, you should set numBMeansCorlTested to 0 to switch off the correlation test!
WARN Batch means correlation test was run for depository of place A/isLoggedIn_category, color 0
    However, the standard deviation of the token residence time is 0 and therefore the result of the test is ignored!
    In future runs, you should set numBMeansCorlTested to 0 to switch off the correlation test!
WARN Batch means correlation test was run for depository of place W/index, color 0
    However, the standard deviation of the token residence time is 0 and therefore the result of the test is ignored!
    In future runs, you should set numBMeansCorlTested to 0 to switch off the correlation test!
WARN Batch means correlation test was run for depository of place P/categories_index, color 0
    However, the standard deviation of the token residence time is 0 and therefore the result of the test is ignored!
    In future runs, you should set numBMeansCorlTested to 0 to switch off the correlation test!
WARN Batch means correlation test was run for depository of place A/isLoggedIn_index, color 0
    However, the standard deviation of the token residence time is 0 and therefore the result of the test is ignored!
    In future runs, you should set numBMeansCorlTested to 0 to switch off the correlation test!
WARN Batch means correlation test was run for depository of place I/icon_index, color 0
    However, the standard deviation of the token residence time is 0 and therefore the result of the test is ignored!
    In future runs, you should set numBMeansCorlTested to 0 to switch off the correlation test!
WARN Batch means correlation test was run for depository of place W/product, color 0
    However, the standard deviation of the token residence time is 0 and therefore the result of the test is ignored!
    In future runs, you should set numBMeansCorlTested to 0 to switch off the correlation test!
WARN Batch means correlation test was run for depository of place P/getProduct_product, color 0
    However, the standard deviation of the token residence time is 0 and therefore the result of the test is ignored!
    In future runs, you should set numBMeansCorlTested to 0 to switch off the correlation test!
WARN Batch means correlation test was run for depository of place R/getAds_product, color 0
    However, the standard deviation of the token residence time is 0 and therefore the result of the test is ignored!
    In future runs, you should set numBMeansCorlTested to 0 to switch off the correlation test!
WARN Batch means correlation test was run for depository of place I/product_product, color 0
    However, the standard deviation of the token residence time is 0 and therefore the result of the test is ignored!
    In future runs, you should set numBMeansCorlTested to 0 to switch off the correlation test!
WARN Batch means correlation test was run for depository of place A/isLoggedIn_product, color 0
    However, the standard deviation of the token residence time is 0 and therefore the result of the test is ignored!
    In future runs, you should set numBMeansCorlTested to 0 to switch off the correlation test!
WARN Batch means correlation test was run for depository of place W/loginAction, color 0
    However, the standard deviation of the token residence time is 0 and therefore the result of the test is ignored!
    In future runs, you should set numBMeansCorlTested to 0 to switch off the correlation test!
WARN Batch means correlation test was run for depository of place A/login_loginAction, color 0
    However, the standard deviation of the token residence time is 0 and therefore the result of the test is ignored!
    In future runs, you should set numBMeansCorlTested to 0 to switch off the correlation test!
WARN Batch means correlation test was run for depository of place P/getUser_loginAction, color 0
    However, the standard deviation of the token residence time is 0 and therefore the result of the test is ignored!
    In future runs, you should set numBMeansCorlTested to 0 to switch off the correlation test!
WARN Batch means correlation test was run for depository of place I/icon_loginAction, color 0
    However, the standard deviation of the token residence time is 0 and therefore the result of the test is ignored!
    In future runs, you should set numBMeansCorlTested to 0 to switch off the correlation test!
WARN Batch means correlation test was run for depository of place W/login, color 0
    However, the standard deviation of the token residence time is 0 and therefore the result of the test is ignored!
    In future runs, you should set numBMeansCorlTested to 0 to switch off the correlation test!
WARN Batch means correlation test was run for depository of place P/categories_login, color 0
    However, the standard deviation of the token residence time is 0 and therefore the result of the test is ignored!
    In future runs, you should set numBMeansCorlTested to 0 to switch off the correlation test!
WARN Batch means correlation test was run for depository of place I/icon_login, color 0
    However, the standard deviation of the token residence time is 0 and therefore the result of the test is ignored!
    In future runs, you should set numBMeansCorlTested to 0 to switch off the correlation test!
WARN Batch means correlation test was run for depository of place A/isLoggedIn_login, color 0
    However, the standard deviation of the token residence time is 0 and therefore the result of the test is ignored!
    In future runs, you should set numBMeansCorlTested to 0 to switch off the correlation test!
WARN LP-1 The simulation was stopped because of reaching max totalRunLen.
The required precision may not have been reached!
REPORT for Queue of Queueing Place : W/index----------------------------------------

queueUtilQPl=0.012203804905208764

------------------ Color = index --------------------
arrivCnt=276211 deptCnt=276211
arrivThrPut=0.027648707913508114 deptThrPut=0.027648707913508114
meanTkPop=0.012366375981470331 tkColOcp=0.012203804905208764
-----
meanST=0.44726777179444926 stDevST=0.4796149595339258

Steady State Statistics: numBatchesST=690 batchSizeST=400 stDevStdStateMeanST=0.024158677213542368
95% c.i. = 0.44729765925413795 +/- 0.0018025889183265458



REPORT for Depository of Queueing Place : W/index----------------------------------------

tkOcp=0.0

------------------ Color = index --------------------
arrivCnt=276211 deptCnt=276211
arrivThrPut=0.027648707913508114 deptThrPut=0.027648707913508114
meanTkPop=0.0 tkColOcp=0.0
-----
meanST=0.0 stDevST=0.0

Steady State Statistics: numBatchesST=1381 batchSizeST=200 stDevStdStateMeanST=0.0
95% c.i. = 0.0 +/- 0.0



REPORT for Queue : WebUI----------------------------------------

totArrivThrPut=0.16652878307746588 totDeptThrPut=0.16652878307746588
meanTotTkPop=0.07502137608886358 queueUtil=0.06752933258704498
meanST=0.4505009566662426



REPORT for Queue of Queueing Place : P/categories_index----------------------------------------

queueUtilQPl=0.0096774388450696

------------------ Color = index --------------------
arrivCnt=276211 deptCnt=276211
arrivThrPut=0.027648707913508114 deptThrPut=0.027648707913508114
meanTkPop=0.009787453870993015 tkColOcp=0.0096774388450696
-----
meanST=0.3539931739888371 stDevST=0.39320961558518264

Steady State Statistics: numBatchesST=345 batchSizeST=800 stDevStdStateMeanST=0.013791361881934716
95% c.i. = 0.35399997713507664 +/- 0.0014552771082760735



REPORT for Depository of Queueing Place : P/categories_index----------------------------------------

tkOcp=0.0

------------------ Color = index --------------------
arrivCnt=276211 deptCnt=276211
arrivThrPut=0.027648707913508114 deptThrPut=0.027648707913508114
meanTkPop=0.0 tkColOcp=0.0
-----
meanST=0.0 stDevST=0.0

Steady State Statistics: numBatchesST=1381 batchSizeST=200 stDevStdStateMeanST=0.0
95% c.i. = 0.0 +/- 0.0



REPORT for Queue : Persistence----------------------------------------

totArrivThrPut=0.1665287830774659 totDeptThrPut=0.1665287830774659
meanTotTkPop=0.06826703877262504 queueUtil=0.06217876439713406
meanST=0.40994137776692063



REPORT for Queue of Queueing Place : A/isLoggedIn_index----------------------------------------

queueUtilQPl=0.013339174868527225

------------------ Color = index --------------------
arrivCnt=276211 deptCnt=276211
arrivThrPut=0.027648707913508114 deptThrPut=0.027648707913508114
meanTkPop=0.013643008658941181 tkColOcp=0.013339174868527225
-----
meanST=0.49344109321925034 stDevST=0.7345646798771246

Steady State Statistics: numBatchesST=690 batchSizeST=400 stDevStdStateMeanST=0.04020020447581919
95% c.i. = 0.49337691567321457 +/- 0.0029995203157047144



REPORT for Depository of Queueing Place : A/isLoggedIn_index----------------------------------------

tkOcp=0.0

------------------ Color = index --------------------
arrivCnt=276211 deptCnt=276211
arrivThrPut=0.027648707913508114 deptThrPut=0.027648707913508114
meanTkPop=0.0 tkColOcp=0.0
-----
meanST=0.0 stDevST=0.0

Steady State Statistics: numBatchesST=1381 batchSizeST=200 stDevStdStateMeanST=0.0
95% c.i. = 0.0 +/- 0.0



REPORT for Queue : Auth----------------------------------------

totArrivThrPut=0.16652878307746588 totDeptThrPut=0.16652878307746588
meanTotTkPop=0.10096187501161244 queueUtil=0.08165580473700099
meanST=0.6062728205048311



REPORT for Queue of Queueing Place : W/login----------------------------------------

queueUtilQPl=0.0061501957688834315

------------------ Color = login --------------------
arrivCnt=276710 deptCnt=276710
arrivThrPut=0.02769865778968553 deptThrPut=0.02769865778968553
meanTkPop=0.006204570803067189 tkColOcp=0.0061501957688834315
-----
meanST=0.22400257984261088 stDevST=0.31705345041305383

Steady State Statistics: numBatchesST=345 batchSizeST=800 stDevStdStateMeanST=0.011114425135307412
95% c.i. = 0.22396060613198135 +/- 0.0011728042965972868



REPORT for Depository of Queueing Place : W/login----------------------------------------

tkOcp=0.0

------------------ Color = login --------------------
arrivCnt=276710 deptCnt=276710
arrivThrPut=0.02769865778968553 deptThrPut=0.02769865778968553
meanTkPop=0.0 tkColOcp=0.0
-----
meanST=0.0 stDevST=0.0

Steady State Statistics: numBatchesST=1383 batchSizeST=200 stDevStdStateMeanST=0.0
95% c.i. = 0.0 +/- 0.0



REPORT for Queue : WebUI----------------------------------------

totArrivThrPut=0.16652878307746588 totDeptThrPut=0.16652878307746588
meanTotTkPop=0.07502137608886358 queueUtil=0.06752933258704498
meanST=0.4505009566662426



REPORT for Queue of Queueing Place : W/loginAction----------------------------------------

queueUtilQPl=0.004158759194007104

------------------ Color = loginAction --------------------
arrivCnt=277971 deptCnt=277971
arrivThrPut=0.027824883829484573 deptThrPut=0.027824883829484573
meanTkPop=0.004200367894306391 tkColOcp=0.004158759194007104
-----
meanST=0.15095724819722267 stDevST=0.2852141441870909

Steady State Statistics: numBatchesST=694 batchSizeST=400 stDevStdStateMeanST=0.014870018565210481
95% c.i. = 0.1509219724803701 +/- 0.0011063177147696136



REPORT for Depository of Queueing Place : W/loginAction----------------------------------------

tkOcp=0.0

------------------ Color = loginAction --------------------
arrivCnt=277971 deptCnt=277971
arrivThrPut=0.027824883829484573 deptThrPut=0.027824883829484573
meanTkPop=0.0 tkColOcp=0.0
-----
meanST=0.0 stDevST=0.0

Steady State Statistics: numBatchesST=1389 batchSizeST=200 stDevStdStateMeanST=0.0
95% c.i. = 0.0 +/- 0.0



REPORT for Queue : WebUI----------------------------------------

totArrivThrPut=0.16652878307746588 totDeptThrPut=0.16652878307746588
meanTotTkPop=0.07502137608886358 queueUtil=0.06752933258704498
meanST=0.4505009566662426



REPORT for Queue of Queueing Place : A/login_loginAction----------------------------------------

queueUtilQPl=0.00812641781127541

------------------ Color = loginAction --------------------
arrivCnt=277971 deptCnt=277971
arrivThrPut=0.027824883829484573 deptThrPut=0.027824883829484573
meanTkPop=0.00830011811267071 tkColOcp=0.00812641781127541
-----
meanST=0.2982983923144185 stDevST=0.6269053696846321

Steady State Statistics: numBatchesST=694 batchSizeST=400 stDevStdStateMeanST=0.034994707591332296
95% c.i. = 0.29827803182937856 +/- 0.002603578789205472



REPORT for Depository of Queueing Place : A/login_loginAction----------------------------------------

tkOcp=0.0

------------------ Color = loginAction --------------------
arrivCnt=277971 deptCnt=277971
arrivThrPut=0.027824883829484573 deptThrPut=0.027824883829484573
meanTkPop=0.0 tkColOcp=0.0
-----
meanST=0.0 stDevST=0.0

Steady State Statistics: numBatchesST=1389 batchSizeST=200 stDevStdStateMeanST=0.0
95% c.i. = 0.0 +/- 0.0



REPORT for Queue : Auth----------------------------------------

totArrivThrPut=0.16652878307746588 totDeptThrPut=0.16652878307746588
meanTotTkPop=0.10096187501161244 queueUtil=0.08165580473700099
meanST=0.6062728205048311



REPORT for Queue of Queueing Place : W/logout----------------------------------------

queueUtilQPl=0.005120758758162743

------------------ Color = logout --------------------
arrivCnt=277529 deptCnt=277529
arrivThrPut=0.027780639650585942 deptThrPut=0.027780639650585942
meanTkPop=0.00516719050572045 tkColOcp=0.005120758758162743
-----
meanST=0.185999695137022 stDevST=0.29545218676816143

Steady State Statistics: numBatchesST=693 batchSizeST=400 stDevStdStateMeanST=0.015317608695113283
95% c.i. = 0.1859952795988239 +/- 0.0011404400081226234



REPORT for Depository of Queueing Place : W/logout----------------------------------------

tkOcp=0.0

------------------ Color = logout --------------------
arrivCnt=277529 deptCnt=277529
arrivThrPut=0.027780639650585942 deptThrPut=0.027780639650585942
meanTkPop=0.0 tkColOcp=0.0
-----
meanST=0.0 stDevST=0.0

Steady State Statistics: numBatchesST=1387 batchSizeST=200 stDevStdStateMeanST=0.0
95% c.i. = 0.0 +/- 0.0



REPORT for Queue : WebUI----------------------------------------

totArrivThrPut=0.16652878307746588 totDeptThrPut=0.16652878307746588
meanTotTkPop=0.07502137608886358 queueUtil=0.06752933258704498
meanST=0.4505009566662426



REPORT for Queue of Queueing Place : A/logout_logout----------------------------------------

queueUtilQPl=0.010923284964034032

------------------ Color = logout --------------------
arrivCnt=277529 deptCnt=277529
arrivThrPut=0.027780639650585942 deptThrPut=0.027780639650585942
meanTkPop=0.011162706307313528 tkColOcp=0.010923284964034032
-----
meanST=0.4018160289940656 stDevST=0.6765892715569423

Steady State Statistics: numBatchesST=693 batchSizeST=400 stDevStdStateMeanST=0.037559786444139855
95% c.i. = 0.4018348032800011 +/- 0.002796434091641487



REPORT for Depository of Queueing Place : A/logout_logout----------------------------------------

tkOcp=0.0

------------------ Color = logout --------------------
arrivCnt=277529 deptCnt=277529
arrivThrPut=0.027780639650585942 deptThrPut=0.027780639650585942
meanTkPop=0.0 tkColOcp=0.0
-----
meanST=0.0 stDevST=0.0

Steady State Statistics: numBatchesST=1387 batchSizeST=200 stDevStdStateMeanST=0.0
95% c.i. = 0.0 +/- 0.0



REPORT for Queue : Auth----------------------------------------

totArrivThrPut=0.16652878307746588 totDeptThrPut=0.16652878307746588
meanTotTkPop=0.10096187501161244 queueUtil=0.08165580473700099
meanST=0.6062728205048311



REPORT for Queue of Queueing Place : P/getUser_loginAction----------------------------------------

queueUtilQPl=0.00433672024381052

------------------ Color = loginAction --------------------
arrivCnt=277971 deptCnt=277971
arrivThrPut=0.027824883829484573 deptThrPut=0.027824883829484573
meanTkPop=0.004382214238477532 tkColOcp=0.00433672024381052
-----
meanST=0.1574926337638085 stDevST=0.2780986548214239

Steady State Statistics: numBatchesST=694 batchSizeST=400 stDevStdStateMeanST=0.014771932928338229
95% c.i. = 0.15748631708016864 +/- 0.001099020220340783



REPORT for Depository of Queueing Place : P/getUser_loginAction----------------------------------------

tkOcp=0.0

------------------ Color = loginAction --------------------
arrivCnt=277971 deptCnt=277971
arrivThrPut=0.027824883829484573 deptThrPut=0.027824883829484573
meanTkPop=0.0 tkColOcp=0.0
-----
meanST=0.0 stDevST=0.0

Steady State Statistics: numBatchesST=1389 batchSizeST=200 stDevStdStateMeanST=0.0
95% c.i. = 0.0 +/- 0.0



REPORT for Queue : Persistence----------------------------------------

totArrivThrPut=0.1665287830774659 totDeptThrPut=0.1665287830774659
meanTotTkPop=0.06826703877262504 queueUtil=0.06217876439713406
meanST=0.40994137776692063



REPORT for Queue of Queueing Place : W/category----------------------------------------

queueUtilQPl=0.02293636870630969

------------------ Color = category --------------------
arrivCnt=277744 deptCnt=277744
arrivThrPut=0.0278021611403217 deptThrPut=0.0278021611403217
meanTkPop=0.023460139342546447 tkColOcp=0.02293636870630969
-----
meanST=0.8438243064681046 stDevST=0.839012949693689

Steady State Statistics: numBatchesST=694 batchSizeST=400 stDevStdStateMeanST=0.043899056935462116
95% c.i. = 0.843814602512724 +/- 0.0032660553943763128



REPORT for Depository of Queueing Place : W/category----------------------------------------

tkOcp=0.0

------------------ Color = category --------------------
arrivCnt=277744 deptCnt=277744
arrivThrPut=0.0278021611403217 deptThrPut=0.0278021611403217
meanTkPop=0.0 tkColOcp=0.0
-----
meanST=0.0 stDevST=0.0

Steady State Statistics: numBatchesST=1388 batchSizeST=200 stDevStdStateMeanST=0.0
95% c.i. = 0.0 +/- 0.0



REPORT for Queue : WebUI----------------------------------------

totArrivThrPut=0.16652878307746588 totDeptThrPut=0.16652878307746588
meanTotTkPop=0.07502137608886358 queueUtil=0.06752933258704498
meanST=0.4505009566662426



REPORT for Queue of Queueing Place : W/product----------------------------------------

queueUtilQPl=0.02306292842567584

------------------ Color = product --------------------
arrivCnt=277460 deptCnt=277460
arrivThrPut=0.027773732753880044 deptThrPut=0.027773732753880044
meanTkPop=0.02362273156175277 tkColOcp=0.02306292842567584
-----
meanST=0.8505421929089683 stDevST=0.8486495789762466

Steady State Statistics: numBatchesST=346 batchSizeST=800 stDevStdStateMeanST=0.03315916128696203
95% c.i. = 0.850516268078378 +/- 0.0034939250043000587



REPORT for Depository of Queueing Place : W/product----------------------------------------

tkOcp=0.0

------------------ Color = product --------------------
arrivCnt=277460 deptCnt=277460
arrivThrPut=0.027773732753880044 deptThrPut=0.027773732753880044
meanTkPop=0.0 tkColOcp=0.0
-----
meanST=0.0 stDevST=0.0

Steady State Statistics: numBatchesST=1387 batchSizeST=200 stDevStdStateMeanST=0.0
95% c.i. = 0.0 +/- 0.0



REPORT for Queue : WebUI----------------------------------------

totArrivThrPut=0.16652878307746588 totDeptThrPut=0.16652878307746588
meanTotTkPop=0.07502137608886358 queueUtil=0.06752933258704498
meanST=0.4505009566662426



REPORT for Queue of Queueing Place : P/category_category----------------------------------------

queueUtilQPl=0.009016667492921068

------------------ Color = category --------------------
arrivCnt=277744 deptCnt=277744
arrivThrPut=0.0278021611403217 deptThrPut=0.0278021611403217
meanTkPop=0.009102861680453512 tkColOcp=0.009016667492921068
-----
meanST=0.3274156147254163 stDevST=0.3624333999778988

Steady State Statistics: numBatchesST=694 batchSizeST=400 stDevStdStateMeanST=0.01891757353226669
95% c.i. = 0.32742883714679755 +/- 0.0014074526287524626



REPORT for Depository of Queueing Place : P/category_category----------------------------------------

tkOcp=0.0

------------------ Color = category --------------------
arrivCnt=277744 deptCnt=277744
arrivThrPut=0.0278021611403217 deptThrPut=0.0278021611403217
meanTkPop=0.0 tkColOcp=0.0
-----
meanST=0.0 stDevST=0.0

Steady State Statistics: numBatchesST=1388 batchSizeST=200 stDevStdStateMeanST=0.0
95% c.i. = 0.0 +/- 0.0



REPORT for Queue : Persistence----------------------------------------

totArrivThrPut=0.1665287830774659 totDeptThrPut=0.1665287830774659
meanTotTkPop=0.06826703877262504 queueUtil=0.06217876439713406
meanST=0.40994137776692063



REPORT for Queue of Queueing Place : P/getProduct_product----------------------------------------

queueUtilQPl=0.005975907248161232

------------------ Color = product --------------------
arrivCnt=277460 deptCnt=277460
arrivThrPut=0.027773732753880044 deptThrPut=0.027773732753880044
meanTkPop=0.006017831682132189 tkColOcp=0.005975907248161232
-----
meanST=0.21667349273717937 stDevST=0.2808601331112338

Steady State Statistics: numBatchesST=693 batchSizeST=400 stDevStdStateMeanST=0.01508309778883146
95% c.i. = 0.21667125178981855 +/- 0.0011229799968905695



REPORT for Depository of Queueing Place : P/getProduct_product----------------------------------------

tkOcp=0.0

------------------ Color = product --------------------
arrivCnt=277460 deptCnt=277460
arrivThrPut=0.027773732753880044 deptThrPut=0.027773732753880044
meanTkPop=0.0 tkColOcp=0.0
-----
meanST=0.0 stDevST=0.0

Steady State Statistics: numBatchesST=1387 batchSizeST=200 stDevStdStateMeanST=0.0
95% c.i. = 0.0 +/- 0.0



REPORT for Queue : Persistence----------------------------------------

totArrivThrPut=0.1665287830774659 totDeptThrPut=0.1665287830774659
meanTotTkPop=0.06826703877262504 queueUtil=0.06217876439713406
meanST=0.40994137776692063



REPORT for Queue of Queueing Place : R/getAds_product----------------------------------------

queueUtilQPl=0.005447172187156622

------------------ Color = product --------------------
arrivCnt=277460 deptCnt=277460
arrivThrPut=0.027773732753880044 deptThrPut=0.027773732753880044
meanTkPop=0.005476960568743199 tkColOcp=0.005447172187156622
-----
meanST=0.19719929680601023 stDevST=0.19754943902397912

Steady State Statistics: numBatchesST=693 batchSizeST=400 stDevStdStateMeanST=0.010394739047928531
95% c.i. = 0.19720766445285523 +/- 7.73918208788953E-4



REPORT for Depository of Queueing Place : R/getAds_product----------------------------------------

tkOcp=0.0

------------------ Color = product --------------------
arrivCnt=277460 deptCnt=277460
arrivThrPut=0.027773732753880044 deptThrPut=0.027773732753880044
meanTkPop=0.0 tkColOcp=0.0
-----
meanST=0.0 stDevST=0.0

Steady State Statistics: numBatchesST=1387 batchSizeST=200 stDevStdStateMeanST=0.0
95% c.i. = 0.0 +/- 0.0



REPORT for Queue : Recommender----------------------------------------

totArrivThrPut=0.027773732753880044 totDeptThrPut=0.027773732753880044
meanTotTkPop=0.005476960568743199 queueUtil=0.005447172187156622
meanST=0.19719929680601023



REPORT for Queue of Queueing Place : I/productImages_category----------------------------------------

queueUtilQPl=0.005807879591239592

------------------ Color = category --------------------
arrivCnt=277744 deptCnt=277744
arrivThrPut=0.0278021611403217 deptThrPut=0.0278021611403217
meanTkPop=0.005846408315944784 tkColOcp=0.005807879591239592
-----
meanST=0.21028611000551647 stDevST=0.23419569074925164

Steady State Statistics: numBatchesST=694 batchSizeST=400 stDevStdStateMeanST=0.011886193439060522
95% c.i. = 0.21027199423454734 +/- 8.843234663859936E-4



REPORT for Depository of Queueing Place : I/productImages_category----------------------------------------

tkOcp=0.0

------------------ Color = category --------------------
arrivCnt=277744 deptCnt=277744
arrivThrPut=0.0278021611403217 deptThrPut=0.0278021611403217
meanTkPop=0.0 tkColOcp=0.0
-----
meanST=0.0 stDevST=0.0

Steady State Statistics: numBatchesST=1388 batchSizeST=200 stDevStdStateMeanST=0.0
95% c.i. = 0.0 +/- 0.0



REPORT for Queue : ImageProvider----------------------------------------

totArrivThrPut=0.16652878307746588 totDeptThrPut=0.16652878307746588
meanTotTkPop=0.05407738099094661 queueUtil=0.05018299772413698
meanST=0.3247329380038217



REPORT for Queue of Queueing Place : I/product_product----------------------------------------

queueUtilQPl=0.0032290902342689215

------------------ Color = product --------------------
arrivCnt=277460 deptCnt=277460
arrivThrPut=0.027773732753880044 deptThrPut=0.027773732753880044
meanTkPop=0.003245259712086092 tkColOcp=0.0032290902342689215
-----
meanST=0.1168463649032816 stDevST=0.16973836798451228

Steady State Statistics: numBatchesST=693 batchSizeST=400 stDevStdStateMeanST=0.008926368893363148
95% c.i. = 0.11685168870685307 +/- 6.64593828963674E-4



REPORT for Depository of Queueing Place : I/product_product----------------------------------------

tkOcp=0.0

------------------ Color = product --------------------
arrivCnt=277460 deptCnt=277460
arrivThrPut=0.027773732753880044 deptThrPut=0.027773732753880044
meanTkPop=0.0 tkColOcp=0.0
-----
meanST=0.0 stDevST=0.0

Steady State Statistics: numBatchesST=1387 batchSizeST=200 stDevStdStateMeanST=0.0
95% c.i. = 0.0 +/- 0.0



REPORT for Queue : ImageProvider----------------------------------------

totArrivThrPut=0.16652878307746588 totDeptThrPut=0.16652878307746588
meanTotTkPop=0.05407738099094661 queueUtil=0.05018299772413698
meanST=0.3247329380038217



REPORT for Queue of Queueing Place : Workload----------------------------------------

queueUtilQPl=1.0

------------------ Color = workload --------------------
arrivCnt=1663625 deptCnt=1663625
arrivThrPut=0.1665287830774659 deptThrPut=0.1665287830774659
meanTkPop=1.0 tkColOcp=1.0
-----
meanST=6.004967919178391 stDevST=6.0083606425988325

Steady State Statistics: numBatchesST=4159 batchSizeST=400 stDevStdStateMeanST=0.3011764311017597
95% c.i. = 6.00497255921276 +/- 0.009153235019424255



REPORT for Depository of Queueing Place : Workload----------------------------------------

tkOcp=0.0

------------------ Color = workload --------------------
arrivCnt=1663625 deptCnt=1663625
arrivThrPut=0.1665287830774659 deptThrPut=0.1665287830774659
meanTkPop=0.0 tkColOcp=0.0
-----
meanST=0.0 stDevST=0.0

Steady State Statistics: numBatchesST=8318 batchSizeST=200 stDevStdStateMeanST=0.0
95% c.i. = 0.0 +/- 0.0



REPORT for Queue : Workload----------------------------------------

totArrivThrPut=0.1665287830774659 totDeptThrPut=0.1665287830774659
meanTotTkPop=1.0 queueUtil=1.0
meanST=6.004967919178391



REPORT for Queue of Queueing Place : I/icon_index----------------------------------------

queueUtilQPl=0.006714518671217334

------------------ Color = index --------------------
arrivCnt=276211 deptCnt=276211
arrivThrPut=0.027648707913508114 deptThrPut=0.027648707913508114
meanTkPop=0.006771029095659776 tkColOcp=0.006714518671217334
-----
meanST=0.24489495555601376 stDevST=0.26386920042473994

Steady State Statistics: numBatchesST=690 batchSizeST=400 stDevStdStateMeanST=0.013219827856468556
95% c.i. = 0.2449155952562968 +/- 9.863915555317208E-4



REPORT for Depository of Queueing Place : I/icon_index----------------------------------------

tkOcp=0.0

------------------ Color = index --------------------
arrivCnt=276211 deptCnt=276211
arrivThrPut=0.027648707913508114 deptThrPut=0.027648707913508114
meanTkPop=0.0 tkColOcp=0.0
-----
meanST=0.0 stDevST=0.0

Steady State Statistics: numBatchesST=1381 batchSizeST=200 stDevStdStateMeanST=0.0
95% c.i. = 0.0 +/- 0.0



REPORT for Queue : ImageProvider----------------------------------------

totArrivThrPut=0.16652878307746588 totDeptThrPut=0.16652878307746588
meanTotTkPop=0.05407738099094661 queueUtil=0.05018299772413698
meanST=0.3247329380038217



REPORT for Queue of Queueing Place : P/categories_login----------------------------------------

queueUtilQPl=0.026922841091435633

------------------ Color = login --------------------
arrivCnt=276710 deptCnt=276710
arrivThrPut=0.02769865778968553 deptThrPut=0.02769865778968553
meanTkPop=0.027659664818672207 tkColOcp=0.026922841091435633
-----
meanST=0.9985922433025674 stDevST=0.9889382142612891

Steady State Statistics: numBatchesST=691 batchSizeST=400 stDevStdStateMeanST=0.052519689715647175
95% c.i. = 0.9985668201838799 +/- 0.003915896629836995



REPORT for Depository of Queueing Place : P/categories_login----------------------------------------

tkOcp=0.0

------------------ Color = login --------------------
arrivCnt=276710 deptCnt=276710
arrivThrPut=0.02769865778968553 deptThrPut=0.02769865778968553
meanTkPop=0.0 tkColOcp=0.0
-----
meanST=0.0 stDevST=0.0

Steady State Statistics: numBatchesST=1383 batchSizeST=200 stDevStdStateMeanST=0.0
95% c.i. = 0.0 +/- 0.0



REPORT for Queue : Persistence----------------------------------------

totArrivThrPut=0.1665287830774659 totDeptThrPut=0.1665287830774659
meanTotTkPop=0.06826703877262504 queueUtil=0.06217876439713406
meanST=0.40994137776692063



REPORT for Queue of Queueing Place : I/icon_login----------------------------------------

queueUtilQPl=0.01223678427076942

------------------ Color = login --------------------
arrivCnt=276710 deptCnt=276710
arrivThrPut=0.02769865778968553 deptThrPut=0.02769865778968553
meanTkPop=0.012382014843995424 tkColOcp=0.01223678427076942
-----
meanST=0.44702580673805276 stDevST=0.44790707739042185

Steady State Statistics: numBatchesST=691 batchSizeST=400 stDevStdStateMeanST=0.02341847867888924
95% c.i. = 0.4470109978179494 +/- 0.0017460945072424992



REPORT for Depository of Queueing Place : I/icon_login----------------------------------------

tkOcp=0.0

------------------ Color = login --------------------
arrivCnt=276710 deptCnt=276710
arrivThrPut=0.02769865778968553 deptThrPut=0.02769865778968553
meanTkPop=0.0 tkColOcp=0.0
-----
meanST=0.0 stDevST=0.0

Steady State Statistics: numBatchesST=1383 batchSizeST=200 stDevStdStateMeanST=0.0
95% c.i. = 0.0 +/- 0.0



REPORT for Queue : ImageProvider----------------------------------------

totArrivThrPut=0.16652878307746588 totDeptThrPut=0.16652878307746588
meanTotTkPop=0.05407738099094661 queueUtil=0.05018299772413698
meanST=0.3247329380038217



REPORT for Queue of Queueing Place : A/isLoggedIn_login----------------------------------------

queueUtilQPl=0.049993064638788984

------------------ Color = login --------------------
arrivCnt=276710 deptCnt=276710
arrivThrPut=0.02769865778968553 deptThrPut=0.02769865778968553
meanTkPop=0.05260478584014318 tkColOcp=0.049993064638788984
-----
meanST=1.899181766841144 stDevST=1.8938134002584759

Steady State Statistics: numBatchesST=691 batchSizeST=400 stDevStdStateMeanST=0.10916812200805741
95% c.i. = 1.8990424924296916 +/- 0.008139634551756



REPORT for Depository of Queueing Place : A/isLoggedIn_login----------------------------------------

tkOcp=0.0

------------------ Color = login --------------------
arrivCnt=276710 deptCnt=276710
arrivThrPut=0.02769865778968553 deptThrPut=0.02769865778968553
meanTkPop=0.0 tkColOcp=0.0
-----
meanST=0.0 stDevST=0.0

Steady State Statistics: numBatchesST=1383 batchSizeST=200 stDevStdStateMeanST=0.0
95% c.i. = 0.0 +/- 0.0



REPORT for Queue : Auth----------------------------------------

totArrivThrPut=0.16652878307746588 totDeptThrPut=0.16652878307746588
meanTotTkPop=0.10096187501161244 queueUtil=0.08165580473700099
meanST=0.6062728205048311



REPORT for Queue of Queueing Place : A/isLoggedIn_category----------------------------------------

queueUtilQPl=0.006060402384491975

------------------ Color = category --------------------
arrivCnt=277744 deptCnt=277744
arrivThrPut=0.0278021611403217 deptThrPut=0.0278021611403217
meanTkPop=0.006235980463372729 tkColOcp=0.006060402384491975
-----
meanST=0.22429840730361914 stDevST=0.657673264171115

Steady State Statistics: numBatchesST=694 batchSizeST=400 stDevStdStateMeanST=0.03768609450405446
95% c.i. = 0.2242124014609131 +/- 0.0028038158639465747



REPORT for Depository of Queueing Place : A/isLoggedIn_category----------------------------------------

tkOcp=0.0

------------------ Color = category --------------------
arrivCnt=277744 deptCnt=277744
arrivThrPut=0.0278021611403217 deptThrPut=0.0278021611403217
meanTkPop=0.0 tkColOcp=0.0
-----
meanST=0.0 stDevST=0.0

Steady State Statistics: numBatchesST=1388 batchSizeST=200 stDevStdStateMeanST=0.0
95% c.i. = 0.0 +/- 0.0



REPORT for Queue : Auth----------------------------------------

totArrivThrPut=0.16652878307746588 totDeptThrPut=0.16652878307746588
meanTotTkPop=0.10096187501161244 queueUtil=0.08165580473700099
meanST=0.6062728205048311



REPORT for Queue of Queueing Place : I/icon_logout----------------------------------------

queueUtilQPl=0.0162795506748064

------------------ Color = logout --------------------
arrivCnt=277529 deptCnt=277529
arrivThrPut=0.027780639650585942 deptThrPut=0.027780639650585942
meanTkPop=0.016591136716106236 tkColOcp=0.0162795506748064
-----
meanST=0.5972193918060594 stDevST=0.5925865207636221

Steady State Statistics: numBatchesST=346 batchSizeST=800 stDevStdStateMeanST=0.021603985498569157
95% c.i. = 0.5971407347492568 +/- 0.0022763755835907094



REPORT for Depository of Queueing Place : I/icon_logout----------------------------------------

tkOcp=0.0

------------------ Color = logout --------------------
arrivCnt=277529 deptCnt=277529
arrivThrPut=0.027780639650585942 deptThrPut=0.027780639650585942
meanTkPop=0.0 tkColOcp=0.0
-----
meanST=0.0 stDevST=0.0

Steady State Statistics: numBatchesST=1387 batchSizeST=200 stDevStdStateMeanST=0.0
95% c.i. = 0.0 +/- 0.0



REPORT for Queue : ImageProvider----------------------------------------

totArrivThrPut=0.16652878307746588 totDeptThrPut=0.16652878307746588
meanTotTkPop=0.05407738099094661 queueUtil=0.05018299772413698
meanST=0.3247329380038217



REPORT for Queue of Queueing Place : I/icon_loginAction----------------------------------------

queueUtilQPl=0.009122637668133614

------------------ Color = loginAction --------------------
arrivCnt=277971 deptCnt=277971
arrivThrPut=0.027824883829484573 deptThrPut=0.027824883829484573
meanTkPop=0.009241532307154302 tkColOcp=0.009122637668133614
-----
meanST=0.33213192780203216 stDevST=0.34876427872238275

Steady State Statistics: numBatchesST=694 batchSizeST=400 stDevStdStateMeanST=0.017072151666285437
95% c.i. = 0.33204050574019134 +/- 0.0012701546897751176



REPORT for Depository of Queueing Place : I/icon_loginAction----------------------------------------

tkOcp=0.0

------------------ Color = loginAction --------------------
arrivCnt=277971 deptCnt=277971
arrivThrPut=0.027824883829484573 deptThrPut=0.027824883829484573
meanTkPop=0.0 tkColOcp=0.0
-----
meanST=0.0 stDevST=0.0

Steady State Statistics: numBatchesST=1389 batchSizeST=200 stDevStdStateMeanST=0.0
95% c.i. = 0.0 +/- 0.0



REPORT for Queue : ImageProvider----------------------------------------

totArrivThrPut=0.16652878307746588 totDeptThrPut=0.16652878307746588
meanTotTkPop=0.05407738099094661 queueUtil=0.05018299772413698
meanST=0.3247329380038217



REPORT for Queue of Queueing Place : A/isLoggedIn_product----------------------------------------

queueUtilQPl=0.00876926259008641

------------------ Color = product --------------------
arrivCnt=277460 deptCnt=277460
arrivThrPut=0.027773732753880044 deptThrPut=0.027773732753880044
meanTkPop=0.009015275629171104 tkColOcp=0.00876926259008641
-----
meanST=0.32459719077233695 stDevST=0.709984219964786

Steady State Statistics: numBatchesST=693 batchSizeST=400 stDevStdStateMeanST=0.03848318946259301
95% c.i. = 0.3245423595676022 +/- 0.00286518410130854



REPORT for Depository of Queueing Place : A/isLoggedIn_product----------------------------------------

tkOcp=0.0

------------------ Color = product --------------------
arrivCnt=277460 deptCnt=277460
arrivThrPut=0.027773732753880044 deptThrPut=0.027773732753880044
meanTkPop=0.0 tkColOcp=0.0
-----
meanST=0.0 stDevST=0.0

Steady State Statistics: numBatchesST=1387 batchSizeST=200 stDevStdStateMeanST=0.0
95% c.i. = 0.0 +/- 0.0



REPORT for Queue : Auth----------------------------------------

totArrivThrPut=0.16652878307746588 totDeptThrPut=0.16652878307746588
meanTotTkPop=0.10096187501161244 queueUtil=0.08165580473700099
meanST=0.6062728205048311



REPORT for Queue of Queueing Place : P/category_logout----------------------------------------

queueUtilQPl=0.011159052937969448

------------------ Color = logout --------------------
arrivCnt=277529 deptCnt=277529
arrivThrPut=0.027780639650585942 deptThrPut=0.027780639650585942
meanTkPop=0.011317012481896576 tkColOcp=0.011159052937969448
-----
meanST=0.4073704790183937 stDevST=0.44443485463222965

Steady State Statistics: numBatchesST=693 batchSizeST=400 stDevStdStateMeanST=0.022963512588604833
95% c.i. = 0.40736084738619904 +/- 0.001709699536287755



REPORT for Depository of Queueing Place : P/category_logout----------------------------------------

tkOcp=0.0

------------------ Color = logout --------------------
arrivCnt=277529 deptCnt=277529
arrivThrPut=0.027780639650585942 deptThrPut=0.027780639650585942
meanTkPop=0.0 tkColOcp=0.0
-----
meanST=0.0 stDevST=0.0

Steady State Statistics: numBatchesST=1387 batchSizeST=200 stDevStdStateMeanST=0.0
95% c.i. = 0.0 +/- 0.0



REPORT for Queue : Persistence----------------------------------------

totArrivThrPut=0.1665287830774659 totDeptThrPut=0.1665287830774659
meanTotTkPop=0.06826703877262504 queueUtil=0.06217876439713406
meanST=0.40994137776692063



REPORT for Ordinary Place : Finish_index----------------------------------------

tkOcp=1.0

------------------ Color = index --------------------
arrivCnt=276211 deptCnt=0
arrivThrPut=0.027648707913508114 deptThrPut=0.0
meanTkPop=138406.38642859907 tkColOcp=1.0
-----
meanST=NaN stDevST=NaN

Steady State Statistics: Only 0 batches collected!
Need at least 60 for steady state statistics.



REPORT for Ordinary Place : Finish_login----------------------------------------

tkOcp=0.9999999999999998

------------------ Color = login --------------------
arrivCnt=276710 deptCnt=0
arrivThrPut=0.02769865778968553 deptThrPut=0.0
meanTkPop=138461.0855500481 tkColOcp=0.9999999999999998
-----
meanST=NaN stDevST=NaN

Steady State Statistics: Only 0 batches collected!
Need at least 60 for steady state statistics.



REPORT for Ordinary Place : Finish_loginAction----------------------------------------

tkOcp=1.0

------------------ Color = loginAction --------------------
arrivCnt=277971 deptCnt=0
arrivThrPut=0.027824883829484573 deptThrPut=0.0
meanTkPop=139313.65328777872 tkColOcp=1.0
-----
meanST=NaN stDevST=NaN

Steady State Statistics: Only 0 batches collected!
Need at least 60 for steady state statistics.



REPORT for Ordinary Place : Finish_category----------------------------------------

tkOcp=0.9999999999999998

------------------ Color = category --------------------
arrivCnt=277744 deptCnt=0
arrivThrPut=0.0278021611403217 deptThrPut=0.0
meanTkPop=139314.58871529286 tkColOcp=0.9999999999999998
-----
meanST=NaN stDevST=NaN

Steady State Statistics: Only 0 batches collected!
Need at least 60 for steady state statistics.



REPORT for Ordinary Place : Finish_product----------------------------------------

tkOcp=1.0

------------------ Color = product --------------------
arrivCnt=277460 deptCnt=0
arrivThrPut=0.027773732753880044 deptThrPut=0.0
meanTkPop=138723.29946092563 tkColOcp=1.0
-----
meanST=NaN stDevST=NaN

Steady State Statistics: Only 0 batches collected!
Need at least 60 for steady state statistics.



REPORT for Ordinary Place : Finish_logout----------------------------------------

tkOcp=1.0

------------------ Color = logout --------------------
arrivCnt=277529 deptCnt=0
arrivThrPut=0.027780639650585942 deptThrPut=0.0
meanTkPop=139088.72155065925 tkColOcp=1.0
-----
meanST=NaN stDevST=NaN

Steady State Statistics: Only 0 batches collected!
Need at least 60 for steady state statistics.



REPORT REPORT for Probe : /index----------------------------------------


------------------ Color = index --------------------
-----
meanST=1.5395969945585506 stDevST=1.0126320726037787

Steady State Statistics: numBatchesST=690 batchSizeST=400 stDevStdStateMeanST=0.05526819530882052
95% c.i. = 1.5395901473187246 +/- 0.004123811726899554



REPORT REPORT for Probe : /login----------------------------------------


------------------ Color = login --------------------
-----
meanST=3.568802396724375 stDevST=2.2068409170639605

Steady State Statistics: numBatchesST=345 batchSizeST=800 stDevStdStateMeanST=0.09019709556912708
95% c.i. = 3.568650043319352 +/- 0.009517679946219054



REPORT REPORT for Probe : /loginAction----------------------------------------


------------------ Color = loginAction --------------------
-----
meanST=0.9388802020774819 stDevST=0.8471350007429673

Steady State Statistics: numBatchesST=694 batchSizeST=400 stDevStdStateMeanST=0.04599893551813308
95% c.i. = 0.9387268271301096 +/- 0.003422284713437779



REPORT REPORT for Probe : /logout----------------------------------------


------------------ Color = logout --------------------
-----
meanST=1.592405594955541 stDevST=1.0556970173067741

Steady State Statistics: numBatchesST=693 batchSizeST=400 stDevStdStateMeanST=0.0566355062150382
95% c.i. = 1.5923892294346076 +/- 0.004216676274574944



REPORT REPORT for Probe : /category----------------------------------------


------------------ Color = category --------------------
-----
meanST=1.6058244385026565 stDevST=1.1536825179693737

Steady State Statistics: numBatchesST=694 batchSizeST=400 stDevStdStateMeanST=0.06186142759481258
95% c.i. = 1.6057278353549815 +/- 0.004602441678801646



REPORT REPORT for Probe : /product----------------------------------------


------------------ Color = product --------------------
-----
meanST=1.7058585381277764 stDevST=1.186864374341527

Steady State Statistics: numBatchesST=693 batchSizeST=400 stDevStdStateMeanST=0.06063002785819207
95% c.i. = 1.7058325619619936 +/- 0.004514079895847612



