INFO Logging to /home/yjx/workloadConfig/qpme/output/SimQPN_Output_config_2025-08-14_090113126.log
WARN Batch means correlation test was run for depository of place Workload, color 0
    However, the standard deviation of the token residence time is 0 and therefore the result of the test is ignored!
    In future runs, you should set numBMeansCorlTested to 0 to switch off the correlation test!
WARN Batch means correlation test was run for depository of place W/loginAction, color 0
    However, the standard deviation of the token residence time is 0 and therefore the result of the test is ignored!
    In future runs, you should set numBMeansCorlTested to 0 to switch off the correlation test!
WARN Batch means correlation test was run for depository of place A/login_loginAction, color 0
    However, the standard deviation of the token residence time is 0 and therefore the result of the test is ignored!
    In future runs, you should set numBMeansCorlTested to 0 to switch off the correlation test!
WARN Batch means correlation test was run for depository of place P/getUser_loginAction, color 0
    However, the standard deviation of the token residence time is 0 and therefore the result of the test is ignored!
    In future runs, you should set numBMeansCorlTested to 0 to switch off the correlation test!
WARN Batch means correlation test was run for depository of place I/icon_loginAction, color 0
    However, the standard deviation of the token residence time is 0 and therefore the result of the test is ignored!
    In future runs, you should set numBMeansCorlTested to 0 to switch off the correlation test!
WARN Batch means correlation test was run for depository of place W/logout, color 0
    However, the standard deviation of the token residence time is 0 and therefore the result of the test is ignored!
    In future runs, you should set numBMeansCorlTested to 0 to switch off the correlation test!
WARN Batch means correlation test was run for depository of place A/logout_logout, color 0
    However, the standard deviation of the token residence time is 0 and therefore the result of the test is ignored!
    In future runs, you should set numBMeansCorlTested to 0 to switch off the correlation test!
WARN Batch means correlation test was run for depository of place P/category_logout, color 0
    However, the standard deviation of the token residence time is 0 and therefore the result of the test is ignored!
    In future runs, you should set numBMeansCorlTested to 0 to switch off the correlation test!
WARN Batch means correlation test was run for depository of place I/icon_logout, color 0
    However, the standard deviation of the token residence time is 0 and therefore the result of the test is ignored!
    In future runs, you should set numBMeansCorlTested to 0 to switch off the correlation test!
WARN Batch means correlation test was run for depository of place W/product, color 0
    However, the standard deviation of the token residence time is 0 and therefore the result of the test is ignored!
    In future runs, you should set numBMeansCorlTested to 0 to switch off the correlation test!
WARN Batch means correlation test was run for depository of place P/getProduct_product, color 0
    However, the standard deviation of the token residence time is 0 and therefore the result of the test is ignored!
    In future runs, you should set numBMeansCorlTested to 0 to switch off the correlation test!
WARN Batch means correlation test was run for depository of place R/getAds_product, color 0
    However, the standard deviation of the token residence time is 0 and therefore the result of the test is ignored!
    In future runs, you should set numBMeansCorlTested to 0 to switch off the correlation test!
WARN Batch means correlation test was run for depository of place I/product_product, color 0
    However, the standard deviation of the token residence time is 0 and therefore the result of the test is ignored!
    In future runs, you should set numBMeansCorlTested to 0 to switch off the correlation test!
WARN Batch means correlation test was run for depository of place A/isLoggedIn_product, color 0
    However, the standard deviation of the token residence time is 0 and therefore the result of the test is ignored!
    In future runs, you should set numBMeansCorlTested to 0 to switch off the correlation test!
WARN Batch means correlation test was run for depository of place W/index, color 0
    However, the standard deviation of the token residence time is 0 and therefore the result of the test is ignored!
    In future runs, you should set numBMeansCorlTested to 0 to switch off the correlation test!
WARN Batch means correlation test was run for depository of place P/categories_index, color 0
    However, the standard deviation of the token residence time is 0 and therefore the result of the test is ignored!
    In future runs, you should set numBMeansCorlTested to 0 to switch off the correlation test!
WARN Batch means correlation test was run for depository of place A/isLoggedIn_index, color 0
    However, the standard deviation of the token residence time is 0 and therefore the result of the test is ignored!
    In future runs, you should set numBMeansCorlTested to 0 to switch off the correlation test!
WARN Batch means correlation test was run for depository of place I/icon_index, color 0
    However, the standard deviation of the token residence time is 0 and therefore the result of the test is ignored!
    In future runs, you should set numBMeansCorlTested to 0 to switch off the correlation test!
WARN Batch means correlation test was run for depository of place W/login, color 0
    However, the standard deviation of the token residence time is 0 and therefore the result of the test is ignored!
    In future runs, you should set numBMeansCorlTested to 0 to switch off the correlation test!
WARN Batch means correlation test was run for depository of place P/categories_login, color 0
    However, the standard deviation of the token residence time is 0 and therefore the result of the test is ignored!
    In future runs, you should set numBMeansCorlTested to 0 to switch off the correlation test!
WARN Batch means correlation test was run for depository of place I/icon_login, color 0
    However, the standard deviation of the token residence time is 0 and therefore the result of the test is ignored!
    In future runs, you should set numBMeansCorlTested to 0 to switch off the correlation test!
WARN Batch means correlation test was run for depository of place A/isLoggedIn_login, color 0
    However, the standard deviation of the token residence time is 0 and therefore the result of the test is ignored!
    In future runs, you should set numBMeansCorlTested to 0 to switch off the correlation test!
WARN Batch means correlation test was run for depository of place W/category, color 0
    However, the standard deviation of the token residence time is 0 and therefore the result of the test is ignored!
    In future runs, you should set numBMeansCorlTested to 0 to switch off the correlation test!
WARN Batch means correlation test was run for depository of place P/category_category, color 0
    However, the standard deviation of the token residence time is 0 and therefore the result of the test is ignored!
    In future runs, you should set numBMeansCorlTested to 0 to switch off the correlation test!
WARN Batch means correlation test was run for depository of place I/productImages_category, color 0
    However, the standard deviation of the token residence time is 0 and therefore the result of the test is ignored!
    In future runs, you should set numBMeansCorlTested to 0 to switch off the correlation test!
WARN Batch means correlation test was run for depository of place A/isLoggedIn_category, color 0
    However, the standard deviation of the token residence time is 0 and therefore the result of the test is ignored!
    In future runs, you should set numBMeansCorlTested to 0 to switch off the correlation test!
WARN LP-1 The simulation was stopped because of reaching max totalRunLen.
The required precision may not have been reached!
REPORT for Queue of Queueing Place : W/index----------------------------------------

queueUtilQPl=0.005296715334466694

------------------ Color = index --------------------
arrivCnt=276784 deptCnt=276784
arrivThrPut=0.02770610831420481 deptThrPut=0.02770610831420481
meanTkPop=0.005385805246578019 tkColOcp=0.005296715334466694
-----
meanST=0.19439053603268913 stDevST=0.4604179491325073

Steady State Statistics: numBatchesST=691 batchSizeST=400 stDevStdStateMeanST=0.02514445682134456
95% c.i. = 0.19440968502128295 +/- 0.0018747843762765024



REPORT for Depository of Queueing Place : W/index----------------------------------------

tkOcp=0.0

------------------ Color = index --------------------
arrivCnt=276784 deptCnt=276784
arrivThrPut=0.02770610831420481 deptThrPut=0.02770610831420481
meanTkPop=0.0 tkColOcp=0.0
-----
meanST=0.0 stDevST=0.0

Steady State Statistics: numBatchesST=1383 batchSizeST=200 stDevStdStateMeanST=0.0
95% c.i. = 0.0 +/- 0.0



REPORT for Queue : WebUI----------------------------------------

totArrivThrPut=0.16675777104788186 totDeptThrPut=0.16675777104788186
meanTotTkPop=0.11074385464657446 queueUtil=0.09533043236871508
meanST=0.6641001133001239



REPORT for Queue of Queueing Place : P/categories_index----------------------------------------

queueUtilQPl=0.0317958810097691

------------------ Color = index --------------------
arrivCnt=276784 deptCnt=276784
arrivThrPut=0.02770610831420481 deptThrPut=0.02770610831420481
meanTkPop=0.03286819621006711 tkColOcp=0.0317958810097691
-----
meanST=1.186315877976111 stDevST=1.1703444050573562

Steady State Statistics: numBatchesST=172 batchSizeST=1600 stDevStdStateMeanST=0.03131964969397318
95% c.i. = 1.18638506335349 +/- 0.004714002025080888



REPORT for Depository of Queueing Place : P/categories_index----------------------------------------

tkOcp=0.0

------------------ Color = index --------------------
arrivCnt=276784 deptCnt=276784
arrivThrPut=0.02770610831420481 deptThrPut=0.02770610831420481
meanTkPop=0.0 tkColOcp=0.0
-----
meanST=0.0 stDevST=0.0

Steady State Statistics: numBatchesST=1383 batchSizeST=200 stDevStdStateMeanST=0.0
95% c.i. = 0.0 +/- 0.0



REPORT for Queue : Persistence----------------------------------------

totArrivThrPut=0.16675777104788186 totDeptThrPut=0.16675777104788186
meanTotTkPop=0.07167976706413536 queueUtil=0.06389191335127198
meanST=0.42984363855255436



REPORT for Queue of Queueing Place : A/isLoggedIn_index----------------------------------------

queueUtilQPl=0.011815820272726443

------------------ Color = index --------------------
arrivCnt=276784 deptCnt=276784
arrivThrPut=0.02770610831420481 deptThrPut=0.02770610831420481
meanTkPop=0.012339203104741807 tkColOcp=0.011815820272726443
-----
meanST=0.4453603864103695 stDevST=1.166168073461286

Steady State Statistics: numBatchesST=172 batchSizeST=1600 stDevStdStateMeanST=0.03109948395485127
95% c.i. = 0.44527877299496427 +/- 0.004680864306421351



REPORT for Depository of Queueing Place : A/isLoggedIn_index----------------------------------------

tkOcp=0.0

------------------ Color = index --------------------
arrivCnt=276784 deptCnt=276784
arrivThrPut=0.02770610831420481 deptThrPut=0.02770610831420481
meanTkPop=0.0 tkColOcp=0.0
-----
meanST=0.0 stDevST=0.0

Steady State Statistics: numBatchesST=1383 batchSizeST=200 stDevStdStateMeanST=0.0
95% c.i. = 0.0 +/- 0.0



REPORT for Queue : Auth----------------------------------------

totArrivThrPut=0.16675777104788186 totDeptThrPut=0.16675777104788186
meanTotTkPop=0.15913830688602157 queueUtil=0.11707454633527797
meanST=0.954308191372548



REPORT for Queue of Queueing Place : W/login----------------------------------------

queueUtilQPl=0.028170527643951233

------------------ Color = login --------------------
arrivCnt=277327 deptCnt=277327
arrivThrPut=0.027760462672891055 deptThrPut=0.027760462672891055
meanTkPop=0.02896882152481581 tkColOcp=0.028170527643951233
-----
meanST=1.04352805160934 stDevST=1.0483633819459521

Steady State Statistics: numBatchesST=346 batchSizeST=800 stDevStdStateMeanST=0.03995217978265975
95% c.i. = 1.0435534075985058 +/- 0.004209693927747564



REPORT for Depository of Queueing Place : W/login----------------------------------------

tkOcp=0.0

------------------ Color = login --------------------
arrivCnt=277327 deptCnt=277327
arrivThrPut=0.027760462672891055 deptThrPut=0.027760462672891055
meanTkPop=0.0 tkColOcp=0.0
-----
meanST=0.0 stDevST=0.0

Steady State Statistics: numBatchesST=1386 batchSizeST=200 stDevStdStateMeanST=0.0
95% c.i. = 0.0 +/- 0.0



REPORT for Queue : WebUI----------------------------------------

totArrivThrPut=0.16675777104788186 totDeptThrPut=0.16675777104788186
meanTotTkPop=0.11074385464657446 queueUtil=0.09533043236871508
meanST=0.6641001133001239



REPORT for Queue of Queueing Place : W/loginAction----------------------------------------

queueUtilQPl=0.005380719261000208

------------------ Color = loginAction --------------------
arrivCnt=277916 deptCnt=277916
arrivThrPut=0.027819421636548877 deptThrPut=0.027819421636548877
meanTkPop=0.005464772484734366 tkColOcp=0.005380719261000208
-----
meanST=0.19643731476986576 stDevST=0.45306243871455315

Steady State Statistics: numBatchesST=694 batchSizeST=400 stDevStdStateMeanST=0.024191944535610008
95% c.i. = 0.19642873525022073 +/- 0.0017998616933193098



REPORT for Depository of Queueing Place : W/loginAction----------------------------------------

tkOcp=0.0

------------------ Color = loginAction --------------------
arrivCnt=277916 deptCnt=277916
arrivThrPut=0.027819421636548877 deptThrPut=0.027819421636548877
meanTkPop=0.0 tkColOcp=0.0
-----
meanST=0.0 stDevST=0.0

Steady State Statistics: numBatchesST=1389 batchSizeST=200 stDevStdStateMeanST=0.0
95% c.i. = 0.0 +/- 0.0



REPORT for Queue : WebUI----------------------------------------

totArrivThrPut=0.16675777104788186 totDeptThrPut=0.16675777104788186
meanTotTkPop=0.11074385464657446 queueUtil=0.09533043236871508
meanST=0.6641001133001239



REPORT for Queue of Queueing Place : A/login_loginAction----------------------------------------

queueUtilQPl=0.07526724504403413

------------------ Color = loginAction --------------------
arrivCnt=277916 deptCnt=277916
arrivThrPut=0.027819421636548877 deptThrPut=0.027819421636548877
meanTkPop=0.08151804481357258 tkColOcp=0.07526724504403413
-----
meanST=2.9302566343246688 stDevST=2.9084131628961956

Steady State Statistics: numBatchesST=347 batchSizeST=800 stDevStdStateMeanST=0.12082699757990585
95% c.i. = 2.930349505423463 +/- 0.01271297923114442



REPORT for Depository of Queueing Place : A/login_loginAction----------------------------------------

tkOcp=0.0

------------------ Color = loginAction --------------------
arrivCnt=277916 deptCnt=277916
arrivThrPut=0.027819421636548877 deptThrPut=0.027819421636548877
meanTkPop=0.0 tkColOcp=0.0
-----
meanST=0.0 stDevST=0.0

Steady State Statistics: numBatchesST=1389 batchSizeST=200 stDevStdStateMeanST=0.0
95% c.i. = 0.0 +/- 0.0



REPORT for Queue : Auth----------------------------------------

totArrivThrPut=0.16675777104788186 totDeptThrPut=0.16675777104788186
meanTotTkPop=0.15913830688602157 queueUtil=0.11707454633527797
meanST=0.954308191372548



REPORT for Queue of Queueing Place : W/logout----------------------------------------

queueUtilQPl=0.017150607178996566

------------------ Color = logout --------------------
arrivCnt=277960 deptCnt=277960
arrivThrPut=0.0278238260413043 deptThrPut=0.0278238260413043
meanTkPop=0.017471805152069714 tkColOcp=0.017150607178996566
-----
meanST=0.6279440191342818 stDevST=0.7001504344904248

Steady State Statistics: numBatchesST=347 batchSizeST=800 stDevStdStateMeanST=0.02593098030956373
95% c.i. = 0.6280342798120884 +/- 0.002728363865043377



REPORT for Depository of Queueing Place : W/logout----------------------------------------

tkOcp=0.0

------------------ Color = logout --------------------
arrivCnt=277960 deptCnt=277960
arrivThrPut=0.0278238260413043 deptThrPut=0.0278238260413043
meanTkPop=0.0 tkColOcp=0.0
-----
meanST=0.0 stDevST=0.0

Steady State Statistics: numBatchesST=1389 batchSizeST=200 stDevStdStateMeanST=0.0
95% c.i. = 0.0 +/- 0.0



REPORT for Queue : WebUI----------------------------------------

totArrivThrPut=0.16675777104788186 totDeptThrPut=0.16675777104788186
meanTotTkPop=0.11074385464657446 queueUtil=0.09533043236871508
meanST=0.6641001133001239



REPORT for Queue of Queueing Place : A/logout_logout----------------------------------------

queueUtilQPl=0.02497605152519154

------------------ Color = logout --------------------
arrivCnt=277960 deptCnt=277960
arrivThrPut=0.0278238260413043 deptThrPut=0.0278238260413043
meanTkPop=0.02592530186325111 tkColOcp=0.02497605152519154
-----
meanST=0.9317662432465312 stDevST=1.2985691519564058

Steady State Statistics: numBatchesST=173 batchSizeST=1600 stDevStdStateMeanST=0.04026366957526413
95% c.i. = 0.9320166894301181 +/- 0.006042398045764111



REPORT for Depository of Queueing Place : A/logout_logout----------------------------------------

tkOcp=0.0

------------------ Color = logout --------------------
arrivCnt=277960 deptCnt=277960
arrivThrPut=0.0278238260413043 deptThrPut=0.0278238260413043
meanTkPop=0.0 tkColOcp=0.0
-----
meanST=0.0 stDevST=0.0

Steady State Statistics: numBatchesST=1389 batchSizeST=200 stDevStdStateMeanST=0.0
95% c.i. = 0.0 +/- 0.0



REPORT for Queue : Auth----------------------------------------

totArrivThrPut=0.16675777104788186 totDeptThrPut=0.16675777104788186
meanTotTkPop=0.15913830688602157 queueUtil=0.11707454633527797
meanST=0.954308191372548



REPORT for Queue of Queueing Place : P/getUser_loginAction----------------------------------------

queueUtilQPl=0.013557461324410283

------------------ Color = loginAction --------------------
arrivCnt=277916 deptCnt=277916
arrivThrPut=0.027819421636548877 deptThrPut=0.027819421636548877
meanTkPop=0.013737436497681912 tkColOcp=0.013557461324410283
-----
meanST=0.49380740826163705 stDevST=0.543112282582863

Steady State Statistics: numBatchesST=694 batchSizeST=400 stDevStdStateMeanST=0.028508554485445405
95% c.i. = 0.4938048844884854 +/- 0.0021210140869300617



REPORT for Depository of Queueing Place : P/getUser_loginAction----------------------------------------

tkOcp=0.0

------------------ Color = loginAction --------------------
arrivCnt=277916 deptCnt=277916
arrivThrPut=0.027819421636548877 deptThrPut=0.027819421636548877
meanTkPop=0.0 tkColOcp=0.0
-----
meanST=0.0 stDevST=0.0

Steady State Statistics: numBatchesST=1389 batchSizeST=200 stDevStdStateMeanST=0.0
95% c.i. = 0.0 +/- 0.0



REPORT for Queue : Persistence----------------------------------------

totArrivThrPut=0.16675777104788186 totDeptThrPut=0.16675777104788186
meanTotTkPop=0.07167976706413536 queueUtil=0.06389191335127198
meanST=0.42984363855255436



REPORT for Queue of Queueing Place : W/category----------------------------------------

queueUtilQPl=0.03626639810134545

------------------ Color = category --------------------
arrivCnt=277296 deptCnt=277296
arrivThrPut=0.027757359569540643 deptThrPut=0.027757359569540643
meanTkPop=0.03758477109813748 tkColOcp=0.03626639810134545
-----
meanST=1.3540470592664327 stDevST=1.3391471744802679

Steady State Statistics: numBatchesST=693 batchSizeST=400 stDevStdStateMeanST=0.07164061503018038
95% c.i. = 1.354079241691793 +/- 0.005333849768142573



REPORT for Depository of Queueing Place : W/category----------------------------------------

tkOcp=0.0

------------------ Color = category --------------------
arrivCnt=277296 deptCnt=277296
arrivThrPut=0.027757359569540643 deptThrPut=0.027757359569540643
meanTkPop=0.0 tkColOcp=0.0
-----
meanST=0.0 stDevST=0.0

Steady State Statistics: numBatchesST=1386 batchSizeST=200 stDevStdStateMeanST=0.0
95% c.i. = 0.0 +/- 0.0



REPORT for Queue : WebUI----------------------------------------

totArrivThrPut=0.16675777104788186 totDeptThrPut=0.16675777104788186
meanTotTkPop=0.11074385464657446 queueUtil=0.09533043236871508
meanST=0.6641001133001239



REPORT for Queue of Queueing Place : W/product----------------------------------------

queueUtilQPl=0.015585707499083081

------------------ Color = product --------------------
arrivCnt=278627 deptCnt=278627
arrivThrPut=0.02789059281339219 deptThrPut=0.02789059281339219
meanTkPop=0.015867879140239072 tkColOcp=0.015585707499083081
-----
meanST=0.5689330178962639 stDevST=0.6496151482482511

Steady State Statistics: numBatchesST=696 batchSizeST=400 stDevStdStateMeanST=0.0337800804693033
95% c.i. = 0.5689711425100255 +/- 0.0025095979504416053



REPORT for Depository of Queueing Place : W/product----------------------------------------

tkOcp=0.0

------------------ Color = product --------------------
arrivCnt=278627 deptCnt=278627
arrivThrPut=0.02789059281339219 deptThrPut=0.02789059281339219
meanTkPop=0.0 tkColOcp=0.0
-----
meanST=0.0 stDevST=0.0

Steady State Statistics: numBatchesST=1393 batchSizeST=200 stDevStdStateMeanST=0.0
95% c.i. = 0.0 +/- 0.0



REPORT for Queue : WebUI----------------------------------------

totArrivThrPut=0.16675777104788186 totDeptThrPut=0.16675777104788186
meanTotTkPop=0.11074385464657446 queueUtil=0.09533043236871508
meanST=0.6641001133001239



REPORT for Queue of Queueing Place : P/category_category----------------------------------------

queueUtilQPl=0.0038867229970099

------------------ Color = category --------------------
arrivCnt=277296 deptCnt=277296
arrivThrPut=0.027757359569540643 deptThrPut=0.027757359569540643
meanTkPop=0.003917252930244838 tkColOcp=0.0038867229970099
-----
meanST=0.14112484007821152 stDevST=0.26581575892003717

Steady State Statistics: numBatchesST=693 batchSizeST=400 stDevStdStateMeanST=0.013712093289299693
95% c.i. = 0.14113463949719512 +/- 0.0010209047700256231



REPORT for Depository of Queueing Place : P/category_category----------------------------------------

tkOcp=0.0

------------------ Color = category --------------------
arrivCnt=277296 deptCnt=277296
arrivThrPut=0.027757359569540643 deptThrPut=0.027757359569540643
meanTkPop=0.0 tkColOcp=0.0
-----
meanST=0.0 stDevST=0.0

Steady State Statistics: numBatchesST=1386 batchSizeST=200 stDevStdStateMeanST=0.0
95% c.i. = 0.0 +/- 0.0



REPORT for Queue : Persistence----------------------------------------

totArrivThrPut=0.16675777104788186 totDeptThrPut=0.16675777104788186
meanTotTkPop=0.07167976706413536 queueUtil=0.06389191335127198
meanST=0.42984363855255436



REPORT for Queue of Queueing Place : P/getProduct_product----------------------------------------

queueUtilQPl=0.004173295550253902

------------------ Color = product --------------------
arrivCnt=278627 deptCnt=278627
arrivThrPut=0.02789059281339219 deptThrPut=0.02789059281339219
meanTkPop=0.004219304271006435 tkColOcp=0.004173295550253902
-----
meanST=0.15128055180600025 stDevST=0.30860577894362184

Steady State Statistics: numBatchesST=696 batchSizeST=400 stDevStdStateMeanST=0.016616049944584717
95% c.i. = 0.1513031305183899 +/- 0.0012344436219818512



REPORT for Depository of Queueing Place : P/getProduct_product----------------------------------------

tkOcp=0.0

------------------ Color = product --------------------
arrivCnt=278627 deptCnt=278627
arrivThrPut=0.02789059281339219 deptThrPut=0.02789059281339219
meanTkPop=0.0 tkColOcp=0.0
-----
meanST=0.0 stDevST=0.0

Steady State Statistics: numBatchesST=1393 batchSizeST=200 stDevStdStateMeanST=0.0
95% c.i. = 0.0 +/- 0.0



REPORT for Queue : Persistence----------------------------------------

totArrivThrPut=0.16675777104788186 totDeptThrPut=0.16675777104788186
meanTotTkPop=0.07167976706413536 queueUtil=0.06389191335127198
meanST=0.42984363855255436



REPORT for Queue of Queueing Place : R/getAds_product----------------------------------------

queueUtilQPl=0.005331450789042671

------------------ Color = product --------------------
arrivCnt=278627 deptCnt=278627
arrivThrPut=0.02789059281339219 deptThrPut=0.02789059281339219
meanTkPop=0.005365554126872649 tkColOcp=0.005331450789042671
-----
meanST=0.19237863328226848 stDevST=0.19270861106753925

Steady State Statistics: numBatchesST=696 batchSizeST=400 stDevStdStateMeanST=0.00987086535446692
95% c.i. = 0.19237139463595884 +/- 7.333287286028228E-4



REPORT for Depository of Queueing Place : R/getAds_product----------------------------------------

tkOcp=0.0

------------------ Color = product --------------------
arrivCnt=278627 deptCnt=278627
arrivThrPut=0.02789059281339219 deptThrPut=0.02789059281339219
meanTkPop=0.0 tkColOcp=0.0
-----
meanST=0.0 stDevST=0.0

Steady State Statistics: numBatchesST=1393 batchSizeST=200 stDevStdStateMeanST=0.0
95% c.i. = 0.0 +/- 0.0



REPORT for Queue : Recommender----------------------------------------

totArrivThrPut=0.02789059281339219 totDeptThrPut=0.02789059281339219
meanTotTkPop=0.005365554126872649 queueUtil=0.005331450789042671
meanST=0.19237863328226848



REPORT for Queue of Queueing Place : I/productImages_category----------------------------------------

queueUtilQPl=0.01992487433789456

------------------ Color = category --------------------
arrivCnt=277296 deptCnt=277296
arrivThrPut=0.027757359569540643 deptThrPut=0.027757359569540643
meanTkPop=0.020320790657081478 tkColOcp=0.01992487433789456
-----
meanST=0.7320865879253285 stDevST=0.7278026339645405

Steady State Statistics: numBatchesST=346 batchSizeST=800 stDevStdStateMeanST=0.02707102463689565
95% c.i. = 0.7320903851638471 +/- 0.0028524282943206557



REPORT for Depository of Queueing Place : I/productImages_category----------------------------------------

tkOcp=0.0

------------------ Color = category --------------------
arrivCnt=277296 deptCnt=277296
arrivThrPut=0.027757359569540643 deptThrPut=0.027757359569540643
meanTkPop=0.0 tkColOcp=0.0
-----
meanST=0.0 stDevST=0.0

Steady State Statistics: numBatchesST=1386 batchSizeST=200 stDevStdStateMeanST=0.0
95% c.i. = 0.0 +/- 0.0



REPORT for Queue : ImageProvider----------------------------------------

totArrivThrPut=0.16675777104788186 totDeptThrPut=0.16675777104788186
meanTotTkPop=0.06101376369957714 queueUtil=0.0558037030069716
meanST=0.36588258116053846



REPORT for Queue of Queueing Place : I/product_product----------------------------------------

queueUtilQPl=0.013187378138120896

------------------ Color = product --------------------
arrivCnt=278627 deptCnt=278627
arrivThrPut=0.02789059281339219 deptThrPut=0.02789059281339219
meanTkPop=0.013388377514063448 tkColOcp=0.013187378138120896
-----
meanST=0.48003201666028295 stDevST=0.48654521970783005

Steady State Statistics: numBatchesST=696 batchSizeST=400 stDevStdStateMeanST=0.025391700145853523
95% c.i. = 0.48003496416724645 +/- 0.0018864063601674442



REPORT for Depository of Queueing Place : I/product_product----------------------------------------

tkOcp=0.0

------------------ Color = product --------------------
arrivCnt=278627 deptCnt=278627
arrivThrPut=0.02789059281339219 deptThrPut=0.02789059281339219
meanTkPop=0.0 tkColOcp=0.0
-----
meanST=0.0 stDevST=0.0

Steady State Statistics: numBatchesST=1393 batchSizeST=200 stDevStdStateMeanST=0.0
95% c.i. = 0.0 +/- 0.0



REPORT for Queue : ImageProvider----------------------------------------

totArrivThrPut=0.16675777104788186 totDeptThrPut=0.16675777104788186
meanTotTkPop=0.06101376369957714 queueUtil=0.0558037030069716
meanST=0.36588258116053846



REPORT for Queue of Queueing Place : Workload----------------------------------------

queueUtilQPl=0.9999999999999998

------------------ Color = workload --------------------
arrivCnt=1665910 deptCnt=1665910
arrivThrPut=0.1667577710478819 deptThrPut=0.1667577710478819
meanTkPop=0.9999999999999998 tkColOcp=0.9999999999999998
-----
meanST=5.996722034098582 stDevST=5.997360502640279

Steady State Statistics: numBatchesST=4164 batchSizeST=400 stDevStdStateMeanST=0.3007032956819805
95% c.i. = 5.996791169979784 +/- 0.009133367201743374



REPORT for Depository of Queueing Place : Workload----------------------------------------

tkOcp=0.0

------------------ Color = workload --------------------
arrivCnt=1665910 deptCnt=1665910
arrivThrPut=0.1667577710478819 deptThrPut=0.1667577710478819
meanTkPop=0.0 tkColOcp=0.0
-----
meanST=0.0 stDevST=0.0

Steady State Statistics: numBatchesST=8329 batchSizeST=200 stDevStdStateMeanST=0.0
95% c.i. = 0.0 +/- 0.0



REPORT for Queue : Workload----------------------------------------

totArrivThrPut=0.1667577710478819 totDeptThrPut=0.1667577710478819
meanTotTkPop=0.9999999999999998 queueUtil=0.9999999999999998
meanST=5.996722034098582



REPORT for Queue of Queueing Place : I/icon_index----------------------------------------

queueUtilQPl=0.007239557426116227

------------------ Color = index --------------------
arrivCnt=276784 deptCnt=276784
arrivThrPut=0.02770610831420481 deptThrPut=0.02770610831420481
meanTkPop=0.007328488075192274 tkColOcp=0.007239557426116227
-----
meanST=0.26450802805224677 stDevST=0.3002716833440399

Steady State Statistics: numBatchesST=691 batchSizeST=400 stDevStdStateMeanST=0.015856350851888946
95% c.i. = 0.264467954066989 +/- 0.00118225814353823



REPORT for Depository of Queueing Place : I/icon_index----------------------------------------

tkOcp=0.0

------------------ Color = index --------------------
arrivCnt=276784 deptCnt=276784
arrivThrPut=0.02770610831420481 deptThrPut=0.02770610831420481
meanTkPop=0.0 tkColOcp=0.0
-----
meanST=0.0 stDevST=0.0

Steady State Statistics: numBatchesST=1383 batchSizeST=200 stDevStdStateMeanST=0.0
95% c.i. = 0.0 +/- 0.0



REPORT for Queue : ImageProvider----------------------------------------

totArrivThrPut=0.16675777104788186 totDeptThrPut=0.16675777104788186
meanTotTkPop=0.06101376369957714 queueUtil=0.0558037030069716
meanST=0.36588258116053846



REPORT for Queue of Queueing Place : P/categories_login----------------------------------------

queueUtilQPl=0.012231410431279195

------------------ Color = login --------------------
arrivCnt=277327 deptCnt=277327
arrivThrPut=0.027760462672891055 deptThrPut=0.027760462672891055
meanTkPop=0.01238893918095547 tkColOcp=0.012231410431279195
-----
meanST=0.4462799963724542 stDevST=0.4832771490577193

Steady State Statistics: numBatchesST=693 batchSizeST=400 stDevStdStateMeanST=0.023622370485689496
95% c.i. = 0.4462955554832248 +/- 0.0017587534010559936



REPORT for Depository of Queueing Place : P/categories_login----------------------------------------

tkOcp=0.0

------------------ Color = login --------------------
arrivCnt=277327 deptCnt=277327
arrivThrPut=0.027760462672891055 deptThrPut=0.027760462672891055
meanTkPop=0.0 tkColOcp=0.0
-----
meanST=0.0 stDevST=0.0

Steady State Statistics: numBatchesST=1386 batchSizeST=200 stDevStdStateMeanST=0.0
95% c.i. = 0.0 +/- 0.0



REPORT for Queue : Persistence----------------------------------------

totArrivThrPut=0.16675777104788186 totDeptThrPut=0.16675777104788186
meanTotTkPop=0.07167976706413536 queueUtil=0.06389191335127198
meanST=0.42984363855255436



REPORT for Queue of Queueing Place : I/icon_login----------------------------------------

queueUtilQPl=0.006767509223099963

------------------ Color = login --------------------
arrivCnt=277327 deptCnt=277327
arrivThrPut=0.027760462672891055 deptThrPut=0.027760462672891055
meanTkPop=0.006818802276727144 tkColOcp=0.006767509223099963
-----
meanST=0.24562999389004833 stDevST=0.27400725666559295

Steady State Statistics: numBatchesST=693 batchSizeST=400 stDevStdStateMeanST=0.014495844816204072
95% c.i. = 0.24564488030659143 +/- 0.0010792573246247038



REPORT for Depository of Queueing Place : I/icon_login----------------------------------------

tkOcp=0.0

------------------ Color = login --------------------
arrivCnt=277327 deptCnt=277327
arrivThrPut=0.027760462672891055 deptThrPut=0.027760462672891055
meanTkPop=0.0 tkColOcp=0.0
-----
meanST=0.0 stDevST=0.0

Steady State Statistics: numBatchesST=1386 batchSizeST=200 stDevStdStateMeanST=0.0
95% c.i. = 0.0 +/- 0.0



REPORT for Queue : ImageProvider----------------------------------------

totArrivThrPut=0.16675777104788186 totDeptThrPut=0.16675777104788186
meanTotTkPop=0.06101376369957714 queueUtil=0.0558037030069716
meanST=0.36588258116053846



REPORT for Queue of Queueing Place : A/isLoggedIn_login----------------------------------------

queueUtilQPl=0.015681754695905527

------------------ Color = login --------------------
arrivCnt=277327 deptCnt=277327
arrivThrPut=0.027760462672891055 deptThrPut=0.027760462672891055
meanTkPop=0.01629219452825226 tkColOcp=0.015681754695905527
-----
meanST=0.5868848340255542 stDevST=1.2059221743337472

Steady State Statistics: numBatchesST=346 batchSizeST=800 stDevStdStateMeanST=0.044915567185138
95% c.i. = 0.5869043650868698 +/- 0.004732677702924209



REPORT for Depository of Queueing Place : A/isLoggedIn_login----------------------------------------

tkOcp=0.0

------------------ Color = login --------------------
arrivCnt=277327 deptCnt=277327
arrivThrPut=0.027760462672891055 deptThrPut=0.027760462672891055
meanTkPop=0.0 tkColOcp=0.0
-----
meanST=0.0 stDevST=0.0

Steady State Statistics: numBatchesST=1386 batchSizeST=200 stDevStdStateMeanST=0.0
95% c.i. = 0.0 +/- 0.0



REPORT for Queue : Auth----------------------------------------

totArrivThrPut=0.16675777104788186 totDeptThrPut=0.16675777104788186
meanTotTkPop=0.15913830688602157 queueUtil=0.11707454633527797
meanST=0.954308191372548



REPORT for Queue of Queueing Place : A/isLoggedIn_category----------------------------------------

queueUtilQPl=0.009610054073512174

------------------ Color = category --------------------
arrivCnt=277296 deptCnt=277296
arrivThrPut=0.027757359569540643 deptThrPut=0.027757359569540643
meanTkPop=0.010097818976382454 tkColOcp=0.009610054073512174
-----
meanST=0.3637888881715979 stDevST=1.1674227609249082

Steady State Statistics: numBatchesST=693 batchSizeST=400 stDevStdStateMeanST=0.0678266521591211
95% c.i. = 0.363789048636503 +/- 0.005049889266590013



REPORT for Depository of Queueing Place : A/isLoggedIn_category----------------------------------------

tkOcp=0.0

------------------ Color = category --------------------
arrivCnt=277296 deptCnt=277296
arrivThrPut=0.027757359569540643 deptThrPut=0.027757359569540643
meanTkPop=0.0 tkColOcp=0.0
-----
meanST=0.0 stDevST=0.0

Steady State Statistics: numBatchesST=1386 batchSizeST=200 stDevStdStateMeanST=0.0
95% c.i. = 0.0 +/- 0.0



REPORT for Queue : Auth----------------------------------------

totArrivThrPut=0.16675777104788186 totDeptThrPut=0.16675777104788186
meanTotTkPop=0.15913830688602157 queueUtil=0.11707454633527797
meanST=0.954308191372548



REPORT for Queue of Queueing Place : I/icon_logout----------------------------------------

queueUtilQPl=0.0035601265756186676

------------------ Color = logout --------------------
arrivCnt=277960 deptCnt=277960
arrivThrPut=0.0278238260413043 deptThrPut=0.0278238260413043
meanTkPop=0.003598811503712879 tkColOcp=0.0035601265756186676
-----
meanST=0.12934279772920035 stDevST=0.21740290996562894

Steady State Statistics: numBatchesST=694 batchSizeST=400 stDevStdStateMeanST=0.011249985019669572
95% c.i. = 0.12935527827693996 +/- 8.369900591295635E-4



REPORT for Depository of Queueing Place : I/icon_logout----------------------------------------

tkOcp=0.0

------------------ Color = logout --------------------
arrivCnt=277960 deptCnt=277960
arrivThrPut=0.0278238260413043 deptThrPut=0.0278238260413043
meanTkPop=0.0 tkColOcp=0.0
-----
meanST=0.0 stDevST=0.0

Steady State Statistics: numBatchesST=1389 batchSizeST=200 stDevStdStateMeanST=0.0
95% c.i. = 0.0 +/- 0.0



REPORT for Queue : ImageProvider----------------------------------------

totArrivThrPut=0.16675777104788186 totDeptThrPut=0.16675777104788186
meanTotTkPop=0.06101376369957714 queueUtil=0.0558037030069716
meanST=0.36588258116053846



REPORT for Queue of Queueing Place : I/icon_loginAction----------------------------------------

queueUtilQPl=0.009469839597728107

------------------ Color = loginAction --------------------
arrivCnt=277916 deptCnt=277916
arrivThrPut=0.027819421636548877 deptThrPut=0.027819421636548877
meanTkPop=0.009558493672799909 tkColOcp=0.009469839597728107
-----
meanST=0.3435906683351769 stDevST=0.35828735098378595

Steady State Statistics: numBatchesST=694 batchSizeST=400 stDevStdStateMeanST=0.017901086456399037
95% c.i. = 0.3436190805170883 +/- 0.00133182678780713



REPORT for Depository of Queueing Place : I/icon_loginAction----------------------------------------

tkOcp=0.0

------------------ Color = loginAction --------------------
arrivCnt=277916 deptCnt=277916
arrivThrPut=0.027819421636548877 deptThrPut=0.027819421636548877
meanTkPop=0.0 tkColOcp=0.0
-----
meanST=0.0 stDevST=0.0

Steady State Statistics: numBatchesST=1389 batchSizeST=200 stDevStdStateMeanST=0.0
95% c.i. = 0.0 +/- 0.0



REPORT for Queue : ImageProvider----------------------------------------

totArrivThrPut=0.16675777104788186 totDeptThrPut=0.16675777104788186
meanTotTkPop=0.06101376369957714 queueUtil=0.0558037030069716
meanST=0.36588258116053846



REPORT for Queue of Queueing Place : A/isLoggedIn_product----------------------------------------

queueUtilQPl=0.012388896848585003

------------------ Color = product --------------------
arrivCnt=278627 deptCnt=278627
arrivThrPut=0.02789059281339219 deptThrPut=0.02789059281339219
meanTkPop=0.01296574359982137 tkColOcp=0.012388896848585003
-----
meanST=0.46487873838219834 stDevST=1.1765853185241286

Steady State Statistics: numBatchesST=696 batchSizeST=400 stDevStdStateMeanST=0.0695082322309371
95% c.i. = 0.4649193011701838 +/- 0.005163922486925224



REPORT for Depository of Queueing Place : A/isLoggedIn_product----------------------------------------

tkOcp=0.0

------------------ Color = product --------------------
arrivCnt=278627 deptCnt=278627
arrivThrPut=0.02789059281339219 deptThrPut=0.02789059281339219
meanTkPop=0.0 tkColOcp=0.0
-----
meanST=0.0 stDevST=0.0

Steady State Statistics: numBatchesST=1393 batchSizeST=200 stDevStdStateMeanST=0.0
95% c.i. = 0.0 +/- 0.0



REPORT for Queue : Auth----------------------------------------

totArrivThrPut=0.16675777104788186 totDeptThrPut=0.16675777104788186
meanTotTkPop=0.15913830688602157 queueUtil=0.11707454633527797
meanST=0.954308191372548



REPORT for Queue of Queueing Place : P/category_logout----------------------------------------

queueUtilQPl=0.004487378523822253

------------------ Color = logout --------------------
arrivCnt=277960 deptCnt=277960
arrivThrPut=0.0278238260413043 deptThrPut=0.0278238260413043
meanTkPop=0.004548637974179594 tkColOcp=0.004487378523822253
-----
meanST=0.163479960212056 stDevST=0.3431057452284429

Steady State Statistics: numBatchesST=694 batchSizeST=400 stDevStdStateMeanST=0.018315427506914138
95% c.i. = 0.1634951162377161 +/- 0.0013626534368883592



REPORT for Depository of Queueing Place : P/category_logout----------------------------------------

tkOcp=0.0

------------------ Color = logout --------------------
arrivCnt=277960 deptCnt=277960
arrivThrPut=0.0278238260413043 deptThrPut=0.0278238260413043
meanTkPop=0.0 tkColOcp=0.0
-----
meanST=0.0 stDevST=0.0

Steady State Statistics: numBatchesST=1389 batchSizeST=200 stDevStdStateMeanST=0.0
95% c.i. = 0.0 +/- 0.0



REPORT for Queue : Persistence----------------------------------------

totArrivThrPut=0.16675777104788186 totDeptThrPut=0.16675777104788186
meanTotTkPop=0.07167976706413536 queueUtil=0.06389191335127198
meanST=0.42984363855255436



REPORT for Ordinary Place : Finish_index----------------------------------------

tkOcp=1.0

------------------ Color = index --------------------
arrivCnt=276784 deptCnt=0
arrivThrPut=0.02770610831420481 deptThrPut=0.0
meanTkPop=138465.21251420834 tkColOcp=1.0
-----
meanST=NaN stDevST=NaN

Steady State Statistics: Only 0 batches collected!
Need at least 60 for steady state statistics.



REPORT for Ordinary Place : Finish_login----------------------------------------

tkOcp=1.0

------------------ Color = login --------------------
arrivCnt=277327 deptCnt=0
arrivThrPut=0.027760462672891055 deptThrPut=0.0
meanTkPop=138674.13242142677 tkColOcp=1.0
-----
meanST=NaN stDevST=NaN

Steady State Statistics: Only 0 batches collected!
Need at least 60 for steady state statistics.



REPORT for Ordinary Place : Finish_loginAction----------------------------------------

tkOcp=0.9999999999999998

------------------ Color = loginAction --------------------
arrivCnt=277916 deptCnt=0
arrivThrPut=0.027819421636548877 deptThrPut=0.0
meanTkPop=139351.3699810581 tkColOcp=0.9999999999999998
-----
meanST=NaN stDevST=NaN

Steady State Statistics: Only 0 batches collected!
Need at least 60 for steady state statistics.



REPORT for Ordinary Place : Finish_category----------------------------------------

tkOcp=1.0

------------------ Color = category --------------------
arrivCnt=277296 deptCnt=0
arrivThrPut=0.027757359569540643 deptThrPut=0.0
meanTkPop=138688.38466650483 tkColOcp=1.0
-----
meanST=NaN stDevST=NaN

Steady State Statistics: Only 0 batches collected!
Need at least 60 for steady state statistics.



REPORT for Ordinary Place : Finish_product----------------------------------------

tkOcp=1.0

------------------ Color = product --------------------
arrivCnt=278627 deptCnt=0
arrivThrPut=0.02789059281339219 deptThrPut=0.0
meanTkPop=139675.2073350965 tkColOcp=1.0
-----
meanST=NaN stDevST=NaN

Steady State Statistics: Only 0 batches collected!
Need at least 60 for steady state statistics.



REPORT for Ordinary Place : Finish_logout----------------------------------------

tkOcp=0.9999999999999998

------------------ Color = logout --------------------
arrivCnt=277960 deptCnt=0
arrivThrPut=0.0278238260413043 deptThrPut=0.0
meanTkPop=139359.00090224345 tkColOcp=0.9999999999999998
-----
meanST=NaN stDevST=NaN

Steady State Statistics: Only 0 batches collected!
Need at least 60 for steady state statistics.



REPORT REPORT for Probe : /index----------------------------------------


------------------ Color = index --------------------
-----
meanST=2.090574828471416 stDevST=1.7690747436320673

Steady State Statistics: numBatchesST=345 batchSizeST=800 stDevStdStateMeanST=0.07110125528639852
95% c.i. = 2.09074851286587 +/- 0.007502669429878913



REPORT REPORT for Probe : /login----------------------------------------


------------------ Color = login --------------------
-----
meanST=2.3223228758973966 stDevST=1.7000800615493623

Steady State Statistics: numBatchesST=693 batchSizeST=400 stDevStdStateMeanST=0.0890424845750543
95% c.i. = 2.322417776709118 +/- 0.006629468989139919



REPORT REPORT for Probe : /loginAction----------------------------------------


------------------ Color = loginAction --------------------
-----
meanST=3.9640920256913486 stDevST=3.0167210346320603

Steady State Statistics: numBatchesST=347 batchSizeST=800 stDevStdStateMeanST=0.12343901158367712
95% c.i. = 3.9642022056792623 +/- 0.012987805887823051



REPORT REPORT for Probe : /logout----------------------------------------


------------------ Color = logout --------------------
-----
meanST=1.8525330203220693 stDevST=1.5586103401586895

Steady State Statistics: numBatchesST=173 batchSizeST=1600 stDevStdStateMeanST=0.04694212470347924
95% c.i. = 1.8529424669846437 +/- 0.007044638642340078



REPORT REPORT for Probe : /category----------------------------------------


------------------ Color = category --------------------
-----
meanST=2.591047375441571 stDevST=1.9479562857121482

Steady State Statistics: numBatchesST=693 batchSizeST=400 stDevStdStateMeanST=0.10771437474338269
95% c.i. = 2.591105200373401 +/- 0.008019644897082167



REPORT REPORT for Probe : /product----------------------------------------


------------------ Color = product --------------------
-----
meanST=1.857502958027014 stDevST=1.4982088795486475

Steady State Statistics: numBatchesST=696 batchSizeST=400 stDevStdStateMeanST=0.0870045415359169
95% c.i. = 1.857599933001805 +/- 0.006463762551307856



