INFO Logging to /home/yjx/workloadConfig/qpme/output/SimQPN_Output_config_2025-08-14_042132209.log
WARN Batch means correlation test was run for depository of place Workload, color 0
    However, the standard deviation of the token residence time is 0 and therefore the result of the test is ignored!
    In future runs, you should set numBMeansCorlTested to 0 to switch off the correlation test!
WARN Batch means correlation test was run for depository of place I/icon_index, color 0
    However, the standard deviation of the token residence time is 0 and therefore the result of the test is ignored!
    In future runs, you should set numBMeansCorlTested to 0 to switch off the correlation test!
WARN Batch means correlation test was run for depository of place W/index, color 0
    However, the standard deviation of the token residence time is 0 and therefore the result of the test is ignored!
    In future runs, you should set numBMeansCorlTested to 0 to switch off the correlation test!
WARN Batch means correlation test was run for depository of place P/categories_index, color 0
    However, the standard deviation of the token residence time is 0 and therefore the result of the test is ignored!
    In future runs, you should set numBMeansCorlTested to 0 to switch off the correlation test!
WARN Batch means correlation test was run for depository of place A/isLoggedIn_index, color 0
    However, the standard deviation of the token residence time is 0 and therefore the result of the test is ignored!
    In future runs, you should set numBMeansCorlTested to 0 to switch off the correlation test!
WARN Batch means correlation test was run for depository of place W/loginAction, color 0
    However, the standard deviation of the token residence time is 0 and therefore the result of the test is ignored!
    In future runs, you should set numBMeansCorlTested to 0 to switch off the correlation test!
WARN Batch means correlation test was run for depository of place A/login_loginAction, color 0
    However, the standard deviation of the token residence time is 0 and therefore the result of the test is ignored!
    In future runs, you should set numBMeansCorlTested to 0 to switch off the correlation test!
WARN Batch means correlation test was run for depository of place P/getUser_loginAction, color 0
    However, the standard deviation of the token residence time is 0 and therefore the result of the test is ignored!
    In future runs, you should set numBMeansCorlTested to 0 to switch off the correlation test!
WARN Batch means correlation test was run for depository of place I/icon_loginAction, color 0
    However, the standard deviation of the token residence time is 0 and therefore the result of the test is ignored!
    In future runs, you should set numBMeansCorlTested to 0 to switch off the correlation test!
WARN Batch means correlation test was run for depository of place W/login, color 0
    However, the standard deviation of the token residence time is 0 and therefore the result of the test is ignored!
    In future runs, you should set numBMeansCorlTested to 0 to switch off the correlation test!
WARN Batch means correlation test was run for depository of place P/categories_login, color 0
    However, the standard deviation of the token residence time is 0 and therefore the result of the test is ignored!
    In future runs, you should set numBMeansCorlTested to 0 to switch off the correlation test!
WARN Batch means correlation test was run for depository of place I/icon_login, color 0
    However, the standard deviation of the token residence time is 0 and therefore the result of the test is ignored!
    In future runs, you should set numBMeansCorlTested to 0 to switch off the correlation test!
WARN Batch means correlation test was run for depository of place A/isLoggedIn_login, color 0
    However, the standard deviation of the token residence time is 0 and therefore the result of the test is ignored!
    In future runs, you should set numBMeansCorlTested to 0 to switch off the correlation test!
WARN Batch means correlation test was run for depository of place W/logout, color 0
    However, the standard deviation of the token residence time is 0 and therefore the result of the test is ignored!
    In future runs, you should set numBMeansCorlTested to 0 to switch off the correlation test!
WARN Batch means correlation test was run for depository of place A/logout_logout, color 0
    However, the standard deviation of the token residence time is 0 and therefore the result of the test is ignored!
    In future runs, you should set numBMeansCorlTested to 0 to switch off the correlation test!
WARN Batch means correlation test was run for depository of place P/category_logout, color 0
    However, the standard deviation of the token residence time is 0 and therefore the result of the test is ignored!
    In future runs, you should set numBMeansCorlTested to 0 to switch off the correlation test!
WARN Batch means correlation test was run for depository of place I/icon_logout, color 0
    However, the standard deviation of the token residence time is 0 and therefore the result of the test is ignored!
    In future runs, you should set numBMeansCorlTested to 0 to switch off the correlation test!
WARN Batch means correlation test was run for depository of place W/product, color 0
    However, the standard deviation of the token residence time is 0 and therefore the result of the test is ignored!
    In future runs, you should set numBMeansCorlTested to 0 to switch off the correlation test!
WARN Batch means correlation test was run for depository of place P/getProduct_product, color 0
    However, the standard deviation of the token residence time is 0 and therefore the result of the test is ignored!
    In future runs, you should set numBMeansCorlTested to 0 to switch off the correlation test!
WARN Batch means correlation test was run for depository of place R/getAds_product, color 0
    However, the standard deviation of the token residence time is 0 and therefore the result of the test is ignored!
    In future runs, you should set numBMeansCorlTested to 0 to switch off the correlation test!
WARN Batch means correlation test was run for depository of place I/product_product, color 0
    However, the standard deviation of the token residence time is 0 and therefore the result of the test is ignored!
    In future runs, you should set numBMeansCorlTested to 0 to switch off the correlation test!
WARN Batch means correlation test was run for depository of place A/isLoggedIn_product, color 0
    However, the standard deviation of the token residence time is 0 and therefore the result of the test is ignored!
    In future runs, you should set numBMeansCorlTested to 0 to switch off the correlation test!
WARN Batch means correlation test was run for depository of place W/category, color 0
    However, the standard deviation of the token residence time is 0 and therefore the result of the test is ignored!
    In future runs, you should set numBMeansCorlTested to 0 to switch off the correlation test!
WARN Batch means correlation test was run for depository of place P/category_category, color 0
    However, the standard deviation of the token residence time is 0 and therefore the result of the test is ignored!
    In future runs, you should set numBMeansCorlTested to 0 to switch off the correlation test!
WARN Batch means correlation test was run for depository of place I/productImages_category, color 0
    However, the standard deviation of the token residence time is 0 and therefore the result of the test is ignored!
    In future runs, you should set numBMeansCorlTested to 0 to switch off the correlation test!
WARN Batch means correlation test was run for depository of place A/isLoggedIn_category, color 0
    However, the standard deviation of the token residence time is 0 and therefore the result of the test is ignored!
    In future runs, you should set numBMeansCorlTested to 0 to switch off the correlation test!
WARN LP-1 The simulation was stopped because of reaching max totalRunLen.
The required precision may not have been reached!
REPORT for Queue of Queueing Place : W/index----------------------------------------

queueUtilQPl=0.003640189743838331

------------------ Color = index --------------------
arrivCnt=278246 deptCnt=278246
arrivThrPut=0.027852408271649004 deptThrPut=0.027852408271649004
meanTkPop=0.0036555753033577125 tkColOcp=0.003640189743838331
-----
meanST=0.13124808697705062 stDevST=0.15395853055153427

Steady State Statistics: numBatchesST=695 batchSizeST=400 stDevStdStateMeanST=0.007599605813744009
95% c.i. = 0.13125479338352564 +/- 5.649977977624163E-4



REPORT for Depository of Queueing Place : W/index----------------------------------------

tkOcp=0.0

------------------ Color = index --------------------
arrivCnt=278246 deptCnt=278246
arrivThrPut=0.027852408271649004 deptThrPut=0.027852408271649004
meanTkPop=0.0 tkColOcp=0.0
-----
meanST=0.0 stDevST=0.0

Steady State Statistics: numBatchesST=1391 batchSizeST=200 stDevStdStateMeanST=0.0
95% c.i. = 0.0 +/- 0.0



REPORT for Queue : WebUI----------------------------------------

totArrivThrPut=0.16682926489708233 totDeptThrPut=0.16682926489708233
meanTotTkPop=0.03638943424368443 queueUtil=0.034540476974568385
meanST=0.21812380619271585



REPORT for Queue of Queueing Place : P/categories_index----------------------------------------

queueUtilQPl=0.010023461823786727

------------------ Color = index --------------------
arrivCnt=278246 deptCnt=278246
arrivThrPut=0.027852408271649004 deptThrPut=0.027852408271649004
meanTkPop=0.010575904148263905 tkColOcp=0.010023461823786727
-----
meanST=0.37971237693758525 stDevST=1.1485509862377334

Steady State Statistics: numBatchesST=695 batchSizeST=400 stDevStdStateMeanST=0.06478674974260251
95% c.i. = 0.37962570801292 +/- 0.004816614417363019



REPORT for Depository of Queueing Place : P/categories_index----------------------------------------

tkOcp=0.0

------------------ Color = index --------------------
arrivCnt=278246 deptCnt=278246
arrivThrPut=0.027852408271649004 deptThrPut=0.027852408271649004
meanTkPop=0.0 tkColOcp=0.0
-----
meanST=0.0 stDevST=0.0

Steady State Statistics: numBatchesST=1391 batchSizeST=200 stDevStdStateMeanST=0.0
95% c.i. = 0.0 +/- 0.0



REPORT for Queue : Persistence----------------------------------------

totArrivThrPut=0.1668292648970823 totDeptThrPut=0.1668292648970823
meanTotTkPop=0.16431669001013272 queueUtil=0.12187352192138676
meanST=0.9849392437921511



REPORT for Queue of Queueing Place : A/isLoggedIn_index----------------------------------------

queueUtilQPl=0.004437376787072547

------------------ Color = index --------------------
arrivCnt=278246 deptCnt=278246
arrivThrPut=0.027852408271649004 deptThrPut=0.027852408271649004
meanTkPop=0.004491764141458803 tkColOcp=0.004437376787072547
-----
meanST=0.1612702247378362 stDevST=0.2544376026280421

Steady State Statistics: numBatchesST=695 batchSizeST=400 stDevStdStateMeanST=0.013145842128274614
95% c.i. = 0.1612721932735101 +/- 9.773364611589499E-4



REPORT for Depository of Queueing Place : A/isLoggedIn_index----------------------------------------

tkOcp=0.0

------------------ Color = index --------------------
arrivCnt=278246 deptCnt=278246
arrivThrPut=0.027852408271649004 deptThrPut=0.027852408271649004
meanTkPop=0.0 tkColOcp=0.0
-----
meanST=0.0 stDevST=0.0

Steady State Statistics: numBatchesST=1391 batchSizeST=200 stDevStdStateMeanST=0.0
95% c.i. = 0.0 +/- 0.0



REPORT for Queue : Auth----------------------------------------

totArrivThrPut=0.16682926489708233 totDeptThrPut=0.16682926489708233
meanTotTkPop=0.07317738498259536 queueUtil=0.06631101264774052
meanST=0.438636380899591



REPORT for Queue of Queueing Place : W/login----------------------------------------

queueUtilQPl=0.006865172547742894

------------------ Color = login --------------------
arrivCnt=278344 deptCnt=278344
arrivThrPut=0.027862218065898055 deptThrPut=0.027862218065898055
meanTkPop=0.006912621609260313 tkColOcp=0.006865172547742894
-----
meanST=0.24810019047697468 stDevST=0.25518083572732503

Steady State Statistics: numBatchesST=695 batchSizeST=400 stDevStdStateMeanST=0.012859245678122577
95% c.i. = 0.2481168242094725 +/- 9.560292556076329E-4



REPORT for Depository of Queueing Place : W/login----------------------------------------

tkOcp=0.0

------------------ Color = login --------------------
arrivCnt=278344 deptCnt=278344
arrivThrPut=0.027862218065898055 deptThrPut=0.027862218065898055
meanTkPop=0.0 tkColOcp=0.0
-----
meanST=0.0 stDevST=0.0

Steady State Statistics: numBatchesST=1391 batchSizeST=200 stDevStdStateMeanST=0.0
95% c.i. = 0.0 +/- 0.0



REPORT for Queue : WebUI----------------------------------------

totArrivThrPut=0.16682926489708233 totDeptThrPut=0.16682926489708233
meanTotTkPop=0.03638943424368443 queueUtil=0.034540476974568385
meanST=0.21812380619271585



REPORT for Queue of Queueing Place : W/loginAction----------------------------------------

queueUtilQPl=0.014306960587546207

------------------ Color = loginAction --------------------
arrivCnt=278750 deptCnt=278750
arrivThrPut=0.0279028586420727 deptThrPut=0.0279028586420727
meanTkPop=0.014515625772834422 tkColOcp=0.014306960587546207
-----
meanST=0.5202200232970883 stDevST=0.5179917105117441

Steady State Statistics: numBatchesST=348 batchSizeST=800 stDevStdStateMeanST=0.018087502582065693
95% c.i. = 0.5202234071861205 +/- 0.0019003652274313994



REPORT for Depository of Queueing Place : W/loginAction----------------------------------------

tkOcp=0.0

------------------ Color = loginAction --------------------
arrivCnt=278750 deptCnt=278750
arrivThrPut=0.0279028586420727 deptThrPut=0.0279028586420727
meanTkPop=0.0 tkColOcp=0.0
-----
meanST=0.0 stDevST=0.0

Steady State Statistics: numBatchesST=1393 batchSizeST=200 stDevStdStateMeanST=0.0
95% c.i. = 0.0 +/- 0.0



REPORT for Queue : WebUI----------------------------------------

totArrivThrPut=0.16682926489708233 totDeptThrPut=0.16682926489708233
meanTotTkPop=0.03638943424368443 queueUtil=0.034540476974568385
meanST=0.21812380619271585



REPORT for Queue of Queueing Place : A/login_loginAction----------------------------------------

queueUtilQPl=0.004454013759267965

------------------ Color = loginAction --------------------
arrivCnt=278750 deptCnt=278750
arrivThrPut=0.0279028586420727 deptThrPut=0.0279028586420727
meanTkPop=0.004483533232741177 tkColOcp=0.004454013759267965
-----
meanST=0.16068365217536465 stDevST=0.23314273453418313

Steady State Statistics: numBatchesST=696 batchSizeST=400 stDevStdStateMeanST=0.013105817380886146
95% c.i. = 0.16068633865049511 +/- 9.736605709930741E-4



REPORT for Depository of Queueing Place : A/login_loginAction----------------------------------------

tkOcp=0.0

------------------ Color = loginAction --------------------
arrivCnt=278750 deptCnt=278750
arrivThrPut=0.0279028586420727 deptThrPut=0.0279028586420727
meanTkPop=0.0 tkColOcp=0.0
-----
meanST=0.0 stDevST=0.0

Steady State Statistics: numBatchesST=1393 batchSizeST=200 stDevStdStateMeanST=0.0
95% c.i. = 0.0 +/- 0.0



REPORT for Queue : Auth----------------------------------------

totArrivThrPut=0.16682926489708233 totDeptThrPut=0.16682926489708233
meanTotTkPop=0.07317738498259536 queueUtil=0.06631101264774052
meanST=0.438636380899591



REPORT for Queue of Queueing Place : W/logout----------------------------------------

queueUtilQPl=0.004766249831336671

------------------ Color = logout --------------------
arrivCnt=277292 deptCnt=277292
arrivThrPut=0.027756912927632726 deptThrPut=0.027756912927632726
meanTkPop=0.004790882497068485 tkColOcp=0.004766249831336671
-----
meanST=0.1726014167915279 stDevST=0.18748797498219752

Steady State Statistics: numBatchesST=693 batchSizeST=400 stDevStdStateMeanST=0.009377714180801392
95% c.i. = 0.17259400109469417 +/- 6.98197783309132E-4



REPORT for Depository of Queueing Place : W/logout----------------------------------------

tkOcp=0.0

------------------ Color = logout --------------------
arrivCnt=277292 deptCnt=277292
arrivThrPut=0.027756912927632726 deptThrPut=0.027756912927632726
meanTkPop=0.0 tkColOcp=0.0
-----
meanST=0.0 stDevST=0.0

Steady State Statistics: numBatchesST=1386 batchSizeST=200 stDevStdStateMeanST=0.0
95% c.i. = 0.0 +/- 0.0



REPORT for Queue : WebUI----------------------------------------

totArrivThrPut=0.16682926489708233 totDeptThrPut=0.16682926489708233
meanTotTkPop=0.03638943424368443 queueUtil=0.034540476974568385
meanST=0.21812380619271585



REPORT for Queue of Queueing Place : A/logout_logout----------------------------------------

queueUtilQPl=0.020297782728534317

------------------ Color = logout --------------------
arrivCnt=277292 deptCnt=277292
arrivThrPut=0.027756912927632726 deptThrPut=0.027756912927632726
meanTkPop=0.020723190930499104 tkColOcp=0.020297782728534317
-----
meanST=0.7465956673398154 stDevST=0.74161071620666

Steady State Statistics: numBatchesST=693 batchSizeST=400 stDevStdStateMeanST=0.03965936480287669
95% c.i. = 0.7466028410131572 +/- 0.0029527537370999724



REPORT for Depository of Queueing Place : A/logout_logout----------------------------------------

tkOcp=0.0

------------------ Color = logout --------------------
arrivCnt=277292 deptCnt=277292
arrivThrPut=0.027756912927632726 deptThrPut=0.027756912927632726
meanTkPop=0.0 tkColOcp=0.0
-----
meanST=0.0 stDevST=0.0

Steady State Statistics: numBatchesST=1386 batchSizeST=200 stDevStdStateMeanST=0.0
95% c.i. = 0.0 +/- 0.0



REPORT for Queue : Auth----------------------------------------

totArrivThrPut=0.16682926489708233 totDeptThrPut=0.16682926489708233
meanTotTkPop=0.07317738498259536 queueUtil=0.06631101264774052
meanST=0.438636380899591



REPORT for Queue of Queueing Place : P/getUser_loginAction----------------------------------------

queueUtilQPl=0.02156300803723719

------------------ Color = loginAction --------------------
arrivCnt=278750 deptCnt=278750
arrivThrPut=0.0279028586420727 deptThrPut=0.0279028586420727
meanTkPop=0.022424741771478917 tkColOcp=0.02156300803723719
-----
meanST=0.8036718409083102 stDevST=1.2857186834672205

Steady State Statistics: numBatchesST=696 batchSizeST=400 stDevStdStateMeanST=0.0740774364731857
95% c.i. = 0.8036398364526535 +/- 0.005503378919301586



REPORT for Depository of Queueing Place : P/getUser_loginAction----------------------------------------

tkOcp=0.0

------------------ Color = loginAction --------------------
arrivCnt=278750 deptCnt=278750
arrivThrPut=0.0279028586420727 deptThrPut=0.0279028586420727
meanTkPop=0.0 tkColOcp=0.0
-----
meanST=0.0 stDevST=0.0

Steady State Statistics: numBatchesST=1393 batchSizeST=200 stDevStdStateMeanST=0.0
95% c.i. = 0.0 +/- 0.0



REPORT for Queue : Persistence----------------------------------------

totArrivThrPut=0.1668292648970823 totDeptThrPut=0.1668292648970823
meanTotTkPop=0.16431669001013272 queueUtil=0.12187352192138676
meanST=0.9849392437921511



REPORT for Queue of Queueing Place : W/category----------------------------------------

queueUtilQPl=0.0035502098124394707

------------------ Color = category --------------------
arrivCnt=276892 deptCnt=276892
arrivThrPut=0.027716872951105986 deptThrPut=0.027716872951105986
meanTkPop=0.0035638221552329874 tkColOcp=0.0035502098124394707
-----
meanST=0.12857951766491682 stDevST=0.15260950072513424

Steady State Statistics: numBatchesST=692 batchSizeST=400 stDevStdStateMeanST=0.00764221899973268
95% c.i. = 0.12858208292116818 +/- 5.693961452701005E-4



REPORT for Depository of Queueing Place : W/category----------------------------------------

tkOcp=0.0

------------------ Color = category --------------------
arrivCnt=276892 deptCnt=276892
arrivThrPut=0.027716872951105986 deptThrPut=0.027716872951105986
meanTkPop=0.0 tkColOcp=0.0
-----
meanST=0.0 stDevST=0.0

Steady State Statistics: numBatchesST=1384 batchSizeST=200 stDevStdStateMeanST=0.0
95% c.i. = 0.0 +/- 0.0



REPORT for Queue : WebUI----------------------------------------

totArrivThrPut=0.16682926489708233 totDeptThrPut=0.16682926489708233
meanTotTkPop=0.03638943424368443 queueUtil=0.034540476974568385
meanST=0.21812380619271585



REPORT for Queue of Queueing Place : W/product----------------------------------------

queueUtilQPl=0.0029383514260670086

------------------ Color = product --------------------
arrivCnt=277103 deptCnt=277103
arrivThrPut=0.027737994038723842 deptThrPut=0.027737994038723842
meanTkPop=0.0029509069059305156 tkColOcp=0.0029383514260670086
-----
meanST=0.10638501478552771 stDevST=0.1349421997247667

Steady State Statistics: numBatchesST=692 batchSizeST=400 stDevStdStateMeanST=0.0067149902871386094
95% c.i. = 0.10638171991955712 +/- 5.003114390148507E-4



REPORT for Depository of Queueing Place : W/product----------------------------------------

tkOcp=0.0

------------------ Color = product --------------------
arrivCnt=277103 deptCnt=277103
arrivThrPut=0.027737994038723842 deptThrPut=0.027737994038723842
meanTkPop=0.0 tkColOcp=0.0
-----
meanST=0.0 stDevST=0.0

Steady State Statistics: numBatchesST=1385 batchSizeST=200 stDevStdStateMeanST=0.0
95% c.i. = 0.0 +/- 0.0



REPORT for Queue : WebUI----------------------------------------

totArrivThrPut=0.16682926489708233 totDeptThrPut=0.16682926489708233
meanTotTkPop=0.03638943424368443 queueUtil=0.034540476974568385
meanST=0.21812380619271585



REPORT for Queue of Queueing Place : P/category_category----------------------------------------

queueUtilQPl=0.02261910152611518

------------------ Color = category --------------------
arrivCnt=276892 deptCnt=276892
arrivThrPut=0.027716872951105986 deptThrPut=0.027716872951105986
meanTkPop=0.023469410033475687 tkColOcp=0.02261910152611518
-----
meanST=0.8467553347333574 stDevST=1.2746445959640254

Steady State Statistics: numBatchesST=692 batchSizeST=400 stDevStdStateMeanST=0.07089174578570671
95% c.i. = 0.8467546069492218 +/- 0.005281906574943907



REPORT for Depository of Queueing Place : P/category_category----------------------------------------

tkOcp=0.0

------------------ Color = category --------------------
arrivCnt=276892 deptCnt=276892
arrivThrPut=0.027716872951105986 deptThrPut=0.027716872951105986
meanTkPop=0.0 tkColOcp=0.0
-----
meanST=0.0 stDevST=0.0

Steady State Statistics: numBatchesST=1384 batchSizeST=200 stDevStdStateMeanST=0.0
95% c.i. = 0.0 +/- 0.0



REPORT for Queue : Persistence----------------------------------------

totArrivThrPut=0.1668292648970823 totDeptThrPut=0.1668292648970823
meanTotTkPop=0.16431669001013272 queueUtil=0.12187352192138676
meanST=0.9849392437921511



REPORT for Queue of Queueing Place : P/getProduct_product----------------------------------------

queueUtilQPl=0.016510934610507375

------------------ Color = product --------------------
arrivCnt=277103 deptCnt=277103
arrivThrPut=0.027737994038723842 deptThrPut=0.027737994038723842
meanTkPop=0.017187834754132013 tkColOcp=0.016510934610507375
-----
meanST=0.6196495222450766 stDevST=1.1881020831006162

Steady State Statistics: numBatchesST=692 batchSizeST=400 stDevStdStateMeanST=0.06691515908725075
95% c.i. = 0.6196470329316797 +/- 0.004985624416906773



REPORT for Depository of Queueing Place : P/getProduct_product----------------------------------------

tkOcp=0.0

------------------ Color = product --------------------
arrivCnt=277103 deptCnt=277103
arrivThrPut=0.027737994038723842 deptThrPut=0.027737994038723842
meanTkPop=0.0 tkColOcp=0.0
-----
meanST=0.0 stDevST=0.0

Steady State Statistics: numBatchesST=1385 batchSizeST=200 stDevStdStateMeanST=0.0
95% c.i. = 0.0 +/- 0.0



REPORT for Queue : Persistence----------------------------------------

totArrivThrPut=0.1668292648970823 totDeptThrPut=0.1668292648970823
meanTotTkPop=0.16431669001013272 queueUtil=0.12187352192138676
meanST=0.9849392437921511



REPORT for Queue of Queueing Place : R/getAds_product----------------------------------------

queueUtilQPl=0.003922796391887046

------------------ Color = product --------------------
arrivCnt=277103 deptCnt=277103
arrivThrPut=0.027737994038723842 deptThrPut=0.027737994038723842
meanTkPop=0.0039433893551854005 tkColOcp=0.003922796391887046
-----
meanST=0.14216562847624095 stDevST=0.1425283877865939

Steady State Statistics: numBatchesST=346 batchSizeST=800 stDevStdStateMeanST=0.00515798599644771
95% c.i. = 0.14218217530912294 +/- 5.434883014337334E-4



REPORT for Depository of Queueing Place : R/getAds_product----------------------------------------

tkOcp=0.0

------------------ Color = product --------------------
arrivCnt=277103 deptCnt=277103
arrivThrPut=0.027737994038723842 deptThrPut=0.027737994038723842
meanTkPop=0.0 tkColOcp=0.0
-----
meanST=0.0 stDevST=0.0

Steady State Statistics: numBatchesST=1385 batchSizeST=200 stDevStdStateMeanST=0.0
95% c.i. = 0.0 +/- 0.0



REPORT for Queue : Recommender----------------------------------------

totArrivThrPut=0.027737994038723842 totDeptThrPut=0.027737994038723842
meanTotTkPop=0.0039433893551854005 queueUtil=0.003922796391887046
meanST=0.14216562847624095



REPORT for Queue of Queueing Place : I/productImages_category----------------------------------------

queueUtilQPl=0.003683847959032668

------------------ Color = category --------------------
arrivCnt=276892 deptCnt=276892
arrivThrPut=0.027716872951105986 deptThrPut=0.027716872951105986
meanTkPop=0.0037189265412426254 tkColOcp=0.003683847959032668
-----
meanST=0.13417554526454 stDevST=0.22569851279622175

Steady State Statistics: numBatchesST=346 batchSizeST=800 stDevStdStateMeanST=0.008135259712590836
95% c.i. = 0.13416558212724977 +/- 8.571986209274888E-4



REPORT for Depository of Queueing Place : I/productImages_category----------------------------------------

tkOcp=0.0

------------------ Color = category --------------------
arrivCnt=276892 deptCnt=276892
arrivThrPut=0.027716872951105986 deptThrPut=0.027716872951105986
meanTkPop=0.0 tkColOcp=0.0
-----
meanST=0.0 stDevST=0.0

Steady State Statistics: numBatchesST=1384 batchSizeST=200 stDevStdStateMeanST=0.0
95% c.i. = 0.0 +/- 0.0



REPORT for Queue : ImageProvider----------------------------------------

totArrivThrPut=0.1668292648970823 totDeptThrPut=0.1668292648970823
meanTotTkPop=0.06006459546406085 queueUtil=0.05439613282490826
meanST=0.3600363251682189



REPORT for Queue of Queueing Place : I/product_product----------------------------------------

queueUtilQPl=0.022652422342220924

------------------ Color = product --------------------
arrivCnt=277103 deptCnt=277103
arrivThrPut=0.027737994038723842 deptThrPut=0.027737994038723842
meanTkPop=0.023264638028095325 tkColOcp=0.022652422342220924
-----
meanST=0.8387282078010597 stDevST=0.8312753774325738

Steady State Statistics: numBatchesST=692 batchSizeST=400 stDevStdStateMeanST=0.04366850026462767
95% c.i. = 0.8387272101631436 +/- 0.003253593716860915



REPORT for Depository of Queueing Place : I/product_product----------------------------------------

tkOcp=0.0

------------------ Color = product --------------------
arrivCnt=277103 deptCnt=277103
arrivThrPut=0.027737994038723842 deptThrPut=0.027737994038723842
meanTkPop=0.0 tkColOcp=0.0
-----
meanST=0.0 stDevST=0.0

Steady State Statistics: numBatchesST=1385 batchSizeST=200 stDevStdStateMeanST=0.0
95% c.i. = 0.0 +/- 0.0



REPORT for Queue : ImageProvider----------------------------------------

totArrivThrPut=0.1668292648970823 totDeptThrPut=0.1668292648970823
meanTotTkPop=0.06006459546406085 queueUtil=0.05439613282490826
meanST=0.3600363251682189



REPORT for Queue of Queueing Place : Workload----------------------------------------

queueUtilQPl=1.0

------------------ Color = workload --------------------
arrivCnt=1666627 deptCnt=1666628
arrivThrPut=0.1668292648970823 deptThrPut=0.16682936499702364
meanTkPop=1.0 tkColOcp=1.0
-----
meanST=5.994149224409661 stDevST=6.005710802321986

Steady State Statistics: numBatchesST=2083 batchSizeST=800 stDevStdStateMeanST=0.2139912176107542
95% c.i. = 5.994117834027904 +/- 0.009189659202691044



REPORT for Depository of Queueing Place : Workload----------------------------------------

tkOcp=0.0

------------------ Color = workload --------------------
arrivCnt=1666628 deptCnt=1666627
arrivThrPut=0.16682936499702364 deptThrPut=0.1668292648970823
meanTkPop=0.0 tkColOcp=0.0
-----
meanST=0.0 stDevST=0.0

Steady State Statistics: numBatchesST=8333 batchSizeST=200 stDevStdStateMeanST=0.0
95% c.i. = 0.0 +/- 0.0



REPORT for Queue : Workload----------------------------------------

totArrivThrPut=0.1668292648970823 totDeptThrPut=0.16682936499702364
meanTotTkPop=1.0 queueUtil=1.0
meanST=5.994149224409661



REPORT for Queue of Queueing Place : I/icon_index----------------------------------------

queueUtilQPl=0.01579257263130694

------------------ Color = index --------------------
arrivCnt=278246 deptCnt=278246
arrivThrPut=0.027852408271649004 deptThrPut=0.027852408271649004
meanTkPop=0.016136919303004243 tkColOcp=0.01579257263130694
-----
meanST=0.5793724961094309 stDevST=0.5856892363379386

Steady State Statistics: numBatchesST=695 batchSizeST=400 stDevStdStateMeanST=0.029849318438089002
95% c.i. = 0.5793519735358562 +/- 0.0022191676246851003



REPORT for Depository of Queueing Place : I/icon_index----------------------------------------

tkOcp=0.0

------------------ Color = index --------------------
arrivCnt=278246 deptCnt=278247
arrivThrPut=0.027852408271649004 deptThrPut=0.027852508371590323
meanTkPop=0.0 tkColOcp=0.0
-----
meanST=0.0 stDevST=0.0

Steady State Statistics: numBatchesST=1391 batchSizeST=200 stDevStdStateMeanST=0.0
95% c.i. = 0.0 +/- 0.0



REPORT for Queue : ImageProvider----------------------------------------

totArrivThrPut=0.1668292648970823 totDeptThrPut=0.1668292648970823
meanTotTkPop=0.06006459546406085 queueUtil=0.05439613282490826
meanST=0.3600363251682189



REPORT for Queue of Queueing Place : P/categories_login----------------------------------------

queueUtilQPl=0.009231745284001575

------------------ Color = login --------------------
arrivCnt=278344 deptCnt=278344
arrivThrPut=0.027862218065898055 deptThrPut=0.027862218065898055
meanTkPop=0.009747708571571818 tkColOcp=0.009231745284001575
-----
meanST=0.34985400474998507 stDevST=1.1293535818682499

Steady State Statistics: numBatchesST=695 batchSizeST=400 stDevStdStateMeanST=0.06454673095335826
95% c.i. = 0.3498999457652974 +/- 0.004798770059291268



REPORT for Depository of Queueing Place : P/categories_login----------------------------------------

tkOcp=0.0

------------------ Color = login --------------------
arrivCnt=278344 deptCnt=278344
arrivThrPut=0.027862218065898055 deptThrPut=0.027862218065898055
meanTkPop=0.0 tkColOcp=0.0
-----
meanST=0.0 stDevST=0.0

Steady State Statistics: numBatchesST=1391 batchSizeST=200 stDevStdStateMeanST=0.0
95% c.i. = 0.0 +/- 0.0



REPORT for Queue : Persistence----------------------------------------

totArrivThrPut=0.1668292648970823 totDeptThrPut=0.1668292648970823
meanTotTkPop=0.16431669001013272 queueUtil=0.12187352192138676
meanST=0.9849392437921511



REPORT for Queue of Queueing Place : I/icon_login----------------------------------------

queueUtilQPl=0.006444372467658936

------------------ Color = login --------------------
arrivCnt=278344 deptCnt=278344
arrivThrPut=0.027862218065898055 deptThrPut=0.027862218065898055
meanTkPop=0.00653832442075327 tkColOcp=0.006444372467658936
-----
meanST=0.2346663286206868 stDevST=0.296266678204605

Steady State Statistics: numBatchesST=695 batchSizeST=400 stDevStdStateMeanST=0.015056841699475293
95% c.i. = 0.23466376377093012 +/- 0.0011194110076177453



REPORT for Depository of Queueing Place : I/icon_login----------------------------------------

tkOcp=0.0

------------------ Color = login --------------------
arrivCnt=278344 deptCnt=278344
arrivThrPut=0.027862218065898055 deptThrPut=0.027862218065898055
meanTkPop=0.0 tkColOcp=0.0
-----
meanST=0.0 stDevST=0.0

Steady State Statistics: numBatchesST=1391 batchSizeST=200 stDevStdStateMeanST=0.0
95% c.i. = 0.0 +/- 0.0



REPORT for Queue : ImageProvider----------------------------------------

totArrivThrPut=0.1668292648970823 totDeptThrPut=0.1668292648970823
meanTotTkPop=0.06006459546406085 queueUtil=0.05439613282490826
meanST=0.3600363251682189



REPORT for Queue of Queueing Place : A/isLoggedIn_login----------------------------------------

queueUtilQPl=0.010286896843332205

------------------ Color = login --------------------
arrivCnt=278344 deptCnt=278344
arrivThrPut=0.027862218065898055 deptThrPut=0.027862218065898055
meanTkPop=0.010448420797845696 tkColOcp=0.010286896843332205
-----
meanST=0.3750031951201342 stDevST=0.40518954976696786

Steady State Statistics: numBatchesST=695 batchSizeST=400 stDevStdStateMeanST=0.0211427835160663
95% c.i. = 0.37504577718539184 +/- 0.0015718744390059176



REPORT for Depository of Queueing Place : A/isLoggedIn_login----------------------------------------

tkOcp=0.0

------------------ Color = login --------------------
arrivCnt=278344 deptCnt=278344
arrivThrPut=0.027862218065898055 deptThrPut=0.027862218065898055
meanTkPop=0.0 tkColOcp=0.0
-----
meanST=0.0 stDevST=0.0

Steady State Statistics: numBatchesST=1391 batchSizeST=200 stDevStdStateMeanST=0.0
95% c.i. = 0.0 +/- 0.0



REPORT for Queue : Auth----------------------------------------

totArrivThrPut=0.16682926489708233 totDeptThrPut=0.16682926489708233
meanTotTkPop=0.07317738498259536 queueUtil=0.06631101264774052
meanST=0.438636380899591



REPORT for Queue of Queueing Place : A/isLoggedIn_category----------------------------------------

queueUtilQPl=0.01638765693585723

------------------ Color = category --------------------
arrivCnt=276892 deptCnt=276892
arrivThrPut=0.027716872951105986 deptThrPut=0.027716872951105986
meanTkPop=0.016716411229257388 tkColOcp=0.01638765693585723
-----
meanST=0.6031131743738196 stDevST=0.6062310941292534

Steady State Statistics: numBatchesST=692 batchSizeST=400 stDevStdStateMeanST=0.03212060528511514
95% c.i. = 0.6031540094530424 +/- 0.002393198733735153



REPORT for Depository of Queueing Place : A/isLoggedIn_category----------------------------------------

tkOcp=0.0

------------------ Color = category --------------------
arrivCnt=276892 deptCnt=276892
arrivThrPut=0.027716872951105986 deptThrPut=0.027716872951105986
meanTkPop=0.0 tkColOcp=0.0
-----
meanST=0.0 stDevST=0.0

Steady State Statistics: numBatchesST=1384 batchSizeST=200 stDevStdStateMeanST=0.0
95% c.i. = 0.0 +/- 0.0



REPORT for Queue : Auth----------------------------------------

totArrivThrPut=0.16682926489708233 totDeptThrPut=0.16682926489708233
meanTotTkPop=0.07317738498259536 queueUtil=0.06631101264774052
meanST=0.438636380899591



REPORT for Queue of Queueing Place : I/icon_logout----------------------------------------

queueUtilQPl=0.006201610843060846

------------------ Color = logout --------------------
arrivCnt=277292 deptCnt=277292
arrivThrPut=0.027756912927632726 deptThrPut=0.027756912927632726
meanTkPop=0.006234668569390909 tkColOcp=0.006201610843060846
-----
meanST=0.22461678593890516 stDevST=0.25099872099748904

Steady State Statistics: numBatchesST=693 batchSizeST=400 stDevStdStateMeanST=0.012554315945504704
95% c.i. = 0.22461818532284444 +/- 9.347049179701923E-4



REPORT for Depository of Queueing Place : I/icon_logout----------------------------------------

tkOcp=0.0

------------------ Color = logout --------------------
arrivCnt=277292 deptCnt=277292
arrivThrPut=0.027756912927632726 deptThrPut=0.027756912927632726
meanTkPop=0.0 tkColOcp=0.0
-----
meanST=0.0 stDevST=0.0

Steady State Statistics: numBatchesST=1386 batchSizeST=200 stDevStdStateMeanST=0.0
95% c.i. = 0.0 +/- 0.0



REPORT for Queue : ImageProvider----------------------------------------

totArrivThrPut=0.1668292648970823 totDeptThrPut=0.1668292648970823
meanTotTkPop=0.06006459546406085 queueUtil=0.05439613282490826
meanST=0.3600363251682189



REPORT for Queue of Queueing Place : I/icon_loginAction----------------------------------------

queueUtilQPl=0.004133966505182709

------------------ Color = loginAction --------------------
arrivCnt=278750 deptCnt=278750
arrivThrPut=0.0279028586420727 deptThrPut=0.0279028586420727
meanTkPop=0.004171118601574477 tkColOcp=0.004133966505182709
-----
meanST=0.14948714234193733 stDevST=0.23483526652005435

Steady State Statistics: numBatchesST=696 batchSizeST=400 stDevStdStateMeanST=0.012337613260463419
95% c.i. = 0.14950429709073157 +/- 9.165889637218722E-4



REPORT for Depository of Queueing Place : I/icon_loginAction----------------------------------------

tkOcp=0.0

------------------ Color = loginAction --------------------
arrivCnt=278750 deptCnt=278750
arrivThrPut=0.0279028586420727 deptThrPut=0.0279028586420727
meanTkPop=0.0 tkColOcp=0.0
-----
meanST=0.0 stDevST=0.0

Steady State Statistics: numBatchesST=1393 batchSizeST=200 stDevStdStateMeanST=0.0
95% c.i. = 0.0 +/- 0.0



REPORT for Queue : ImageProvider----------------------------------------

totArrivThrPut=0.1668292648970823 totDeptThrPut=0.1668292648970823
meanTotTkPop=0.06006459546406085 queueUtil=0.05439613282490826
meanST=0.3600363251682189



REPORT for Queue of Queueing Place : A/isLoggedIn_product----------------------------------------

queueUtilQPl=0.016021448522515563

------------------ Color = product --------------------
arrivCnt=277103 deptCnt=277103
arrivThrPut=0.027737994038723842 deptThrPut=0.027737994038723842
meanTkPop=0.016314064650793204 tkColOcp=0.016021448522515563
-----
meanST=0.5881486825621862 stDevST=0.5915737991645779

Steady State Statistics: numBatchesST=692 batchSizeST=400 stDevStdStateMeanST=0.03103579352265615
95% c.i. = 0.5881138637997252 +/- 0.00231237304215141



REPORT for Depository of Queueing Place : A/isLoggedIn_product----------------------------------------

tkOcp=0.0

------------------ Color = product --------------------
arrivCnt=277103 deptCnt=277103
arrivThrPut=0.027737994038723842 deptThrPut=0.027737994038723842
meanTkPop=0.0 tkColOcp=0.0
-----
meanST=0.0 stDevST=0.0

Steady State Statistics: numBatchesST=1385 batchSizeST=200 stDevStdStateMeanST=0.0
95% c.i. = 0.0 +/- 0.0



REPORT for Queue : Auth----------------------------------------

totArrivThrPut=0.16682926489708233 totDeptThrPut=0.16682926489708233
meanTotTkPop=0.07317738498259536 queueUtil=0.06631101264774052
meanST=0.438636380899591



REPORT for Queue of Queueing Place : P/category_logout----------------------------------------

queueUtilQPl=0.07491613032322388

------------------ Color = logout --------------------
arrivCnt=277292 deptCnt=277292
arrivThrPut=0.027756912927632726 deptThrPut=0.027756912927632726
meanTkPop=0.08091109073121037 tkColOcp=0.07491613032322388
-----
meanST=2.9149888152965775 stDevST=2.889743397131408

Steady State Statistics: numBatchesST=693 batchSizeST=400 stDevStdStateMeanST=0.16701540810119964
95% c.i. = 2.914867132331713 +/- 0.01243477733128805



REPORT for Depository of Queueing Place : P/category_logout----------------------------------------

tkOcp=0.0

------------------ Color = logout --------------------
arrivCnt=277292 deptCnt=277292
arrivThrPut=0.027756912927632726 deptThrPut=0.027756912927632726
meanTkPop=0.0 tkColOcp=0.0
-----
meanST=0.0 stDevST=0.0

Steady State Statistics: numBatchesST=1386 batchSizeST=200 stDevStdStateMeanST=0.0
95% c.i. = 0.0 +/- 0.0



REPORT for Queue : Persistence----------------------------------------

totArrivThrPut=0.1668292648970823 totDeptThrPut=0.1668292648970823
meanTotTkPop=0.16431669001013272 queueUtil=0.12187352192138676
meanST=0.9849392437921511



REPORT for Ordinary Place : Finish_index----------------------------------------

tkOcp=1.0

------------------ Color = index --------------------
arrivCnt=278247 deptCnt=0
arrivThrPut=0.027852508371590323 deptThrPut=0.0
meanTkPop=139528.1028082872 tkColOcp=1.0
-----
meanST=NaN stDevST=NaN

Steady State Statistics: Only 0 batches collected!
Need at least 60 for steady state statistics.



REPORT for Ordinary Place : Finish_login----------------------------------------

tkOcp=1.0

------------------ Color = login --------------------
arrivCnt=278344 deptCnt=0
arrivThrPut=0.027862218065898055 deptThrPut=0.0
meanTkPop=139599.63998798263 tkColOcp=1.0
-----
meanST=NaN stDevST=NaN

Steady State Statistics: Only 0 batches collected!
Need at least 60 for steady state statistics.



REPORT for Ordinary Place : Finish_loginAction----------------------------------------

tkOcp=1.0

------------------ Color = loginAction --------------------
arrivCnt=278750 deptCnt=0
arrivThrPut=0.0279028586420727 deptThrPut=0.0
meanTkPop=139748.59243997635 tkColOcp=1.0
-----
meanST=NaN stDevST=NaN

Steady State Statistics: Only 0 batches collected!
Need at least 60 for steady state statistics.



REPORT for Ordinary Place : Finish_category----------------------------------------

tkOcp=1.0

------------------ Color = category --------------------
arrivCnt=276892 deptCnt=0
arrivThrPut=0.027716872951105986 deptThrPut=0.0
meanTkPop=138661.00143470758 tkColOcp=1.0
-----
meanST=NaN stDevST=NaN

Steady State Statistics: Only 0 batches collected!
Need at least 60 for steady state statistics.



REPORT for Ordinary Place : Finish_product----------------------------------------

tkOcp=1.0

------------------ Color = product --------------------
arrivCnt=277103 deptCnt=0
arrivThrPut=0.027737994038723842 deptThrPut=0.0
meanTkPop=138943.73161574142 tkColOcp=1.0
-----
meanST=NaN stDevST=NaN

Steady State Statistics: Only 0 batches collected!
Need at least 60 for steady state statistics.



REPORT for Ordinary Place : Finish_logout----------------------------------------

tkOcp=1.0

------------------ Color = logout --------------------
arrivCnt=277292 deptCnt=0
arrivThrPut=0.027756912927632726 deptThrPut=0.0
meanTkPop=139063.03173049862 tkColOcp=1.0
-----
meanST=NaN stDevST=NaN

Steady State Statistics: Only 0 batches collected!
Need at least 60 for steady state statistics.



REPORT REPORT for Probe : /index----------------------------------------


------------------ Color = index --------------------
-----
meanST=1.2516025930830608 stDevST=1.352384392378678

Steady State Statistics: numBatchesST=173 batchSizeST=1600 stDevStdStateMeanST=0.038308123113059936
95% c.i. = 1.2517497781992146 +/- 0.005748927772282562



REPORT REPORT for Probe : /login----------------------------------------


------------------ Color = login --------------------
-----
meanST=1.2076237189677808 stDevST=1.299540632799552

Steady State Statistics: numBatchesST=347 batchSizeST=800 stDevStdStateMeanST=0.05150405945281134
95% c.i. = 1.2077238366155414 +/- 0.005419070665148347



REPORT REPORT for Probe : /loginAction----------------------------------------


------------------ Color = loginAction --------------------
-----
meanST=1.6340626587227003 stDevST=1.4388578930352933

Steady State Statistics: numBatchesST=696 batchSizeST=400 stDevStdStateMeanST=0.08324385991202797
95% c.i. = 1.63405387938 +/- 0.006184373077853186



REPORT REPORT for Probe : /logout----------------------------------------


------------------ Color = logout --------------------
-----
meanST=4.058802685366826 stDevST=2.991547263120078

Steady State Statistics: numBatchesST=693 batchSizeST=400 stDevStdStateMeanST=0.17136075988085353
95% c.i. = 4.058682159762401 +/- 0.0127583012649204



REPORT REPORT for Probe : /category----------------------------------------


------------------ Color = category --------------------
-----
meanST=1.7126235720366338 stDevST=1.4538537659694442

Steady State Statistics: numBatchesST=692 batchSizeST=400 stDevStdStateMeanST=0.08045548337879169
95% c.i. = 1.712656281450683 +/- 0.005994468635788777



REPORT REPORT for Probe : /product----------------------------------------


------------------ Color = product --------------------
-----
meanST=2.2950770558700913 stDevST=1.5963768771426248

Steady State Statistics: numBatchesST=692 batchSizeST=400 stDevStdStateMeanST=0.08546555187526522
95% c.i. = 2.295052002123228 +/- 0.006367752061653827



