INFO Logging to /home/yjx/workloadConfig/qpme/output/SimQPN_Output_config_2025-08-14_052402589.log
WARN Batch means correlation test was run for depository of place Workload, color 0
    However, the standard deviation of the token residence time is 0 and therefore the result of the test is ignored!
    In future runs, you should set numBMeansCorlTested to 0 to switch off the correlation test!
WARN Batch means correlation test was run for depository of place W/product, color 0
    However, the standard deviation of the token residence time is 0 and therefore the result of the test is ignored!
    In future runs, you should set numBMeansCorlTested to 0 to switch off the correlation test!
WARN Batch means correlation test was run for depository of place P/getProduct_product, color 0
    However, the standard deviation of the token residence time is 0 and therefore the result of the test is ignored!
    In future runs, you should set numBMeansCorlTested to 0 to switch off the correlation test!
WARN Batch means correlation test was run for depository of place R/getAds_product, color 0
    However, the standard deviation of the token residence time is 0 and therefore the result of the test is ignored!
    In future runs, you should set numBMeansCorlTested to 0 to switch off the correlation test!
WARN Batch means correlation test was run for depository of place I/product_product, color 0
    However, the standard deviation of the token residence time is 0 and therefore the result of the test is ignored!
    In future runs, you should set numBMeansCorlTested to 0 to switch off the correlation test!
WARN Batch means correlation test was run for depository of place A/isLoggedIn_product, color 0
    However, the standard deviation of the token residence time is 0 and therefore the result of the test is ignored!
    In future runs, you should set numBMeansCorlTested to 0 to switch off the correlation test!
WARN Batch means correlation test was run for depository of place W/logout, color 0
    However, the standard deviation of the token residence time is 0 and therefore the result of the test is ignored!
    In future runs, you should set numBMeansCorlTested to 0 to switch off the correlation test!
WARN Batch means correlation test was run for depository of place A/logout_logout, color 0
    However, the standard deviation of the token residence time is 0 and therefore the result of the test is ignored!
    In future runs, you should set numBMeansCorlTested to 0 to switch off the correlation test!
WARN Batch means correlation test was run for depository of place P/category_logout, color 0
    However, the standard deviation of the token residence time is 0 and therefore the result of the test is ignored!
    In future runs, you should set numBMeansCorlTested to 0 to switch off the correlation test!
WARN Batch means correlation test was run for depository of place I/icon_logout, color 0
    However, the standard deviation of the token residence time is 0 and therefore the result of the test is ignored!
    In future runs, you should set numBMeansCorlTested to 0 to switch off the correlation test!
WARN Batch means correlation test was run for depository of place W/login, color 0
    However, the standard deviation of the token residence time is 0 and therefore the result of the test is ignored!
    In future runs, you should set numBMeansCorlTested to 0 to switch off the correlation test!
WARN Batch means correlation test was run for depository of place P/categories_login, color 0
    However, the standard deviation of the token residence time is 0 and therefore the result of the test is ignored!
    In future runs, you should set numBMeansCorlTested to 0 to switch off the correlation test!
WARN Batch means correlation test was run for depository of place I/icon_login, color 0
    However, the standard deviation of the token residence time is 0 and therefore the result of the test is ignored!
    In future runs, you should set numBMeansCorlTested to 0 to switch off the correlation test!
WARN Batch means correlation test was run for depository of place A/isLoggedIn_login, color 0
    However, the standard deviation of the token residence time is 0 and therefore the result of the test is ignored!
    In future runs, you should set numBMeansCorlTested to 0 to switch off the correlation test!
WARN Batch means correlation test was run for depository of place W/index, color 0
    However, the standard deviation of the token residence time is 0 and therefore the result of the test is ignored!
    In future runs, you should set numBMeansCorlTested to 0 to switch off the correlation test!
WARN Batch means correlation test was run for depository of place P/categories_index, color 0
    However, the standard deviation of the token residence time is 0 and therefore the result of the test is ignored!
    In future runs, you should set numBMeansCorlTested to 0 to switch off the correlation test!
WARN Batch means correlation test was run for depository of place A/isLoggedIn_index, color 0
    However, the standard deviation of the token residence time is 0 and therefore the result of the test is ignored!
    In future runs, you should set numBMeansCorlTested to 0 to switch off the correlation test!
WARN Batch means correlation test was run for depository of place I/icon_index, color 0
    However, the standard deviation of the token residence time is 0 and therefore the result of the test is ignored!
    In future runs, you should set numBMeansCorlTested to 0 to switch off the correlation test!
WARN Batch means correlation test was run for depository of place W/category, color 0
    However, the standard deviation of the token residence time is 0 and therefore the result of the test is ignored!
    In future runs, you should set numBMeansCorlTested to 0 to switch off the correlation test!
WARN Batch means correlation test was run for depository of place P/category_category, color 0
    However, the standard deviation of the token residence time is 0 and therefore the result of the test is ignored!
    In future runs, you should set numBMeansCorlTested to 0 to switch off the correlation test!
WARN Batch means correlation test was run for depository of place I/productImages_category, color 0
    However, the standard deviation of the token residence time is 0 and therefore the result of the test is ignored!
    In future runs, you should set numBMeansCorlTested to 0 to switch off the correlation test!
WARN Batch means correlation test was run for depository of place A/isLoggedIn_category, color 0
    However, the standard deviation of the token residence time is 0 and therefore the result of the test is ignored!
    In future runs, you should set numBMeansCorlTested to 0 to switch off the correlation test!
WARN Batch means correlation test was run for depository of place W/loginAction, color 0
    However, the standard deviation of the token residence time is 0 and therefore the result of the test is ignored!
    In future runs, you should set numBMeansCorlTested to 0 to switch off the correlation test!
WARN Batch means correlation test was run for depository of place A/login_loginAction, color 0
    However, the standard deviation of the token residence time is 0 and therefore the result of the test is ignored!
    In future runs, you should set numBMeansCorlTested to 0 to switch off the correlation test!
WARN Batch means correlation test was run for depository of place P/getUser_loginAction, color 0
    However, the standard deviation of the token residence time is 0 and therefore the result of the test is ignored!
    In future runs, you should set numBMeansCorlTested to 0 to switch off the correlation test!
WARN Batch means correlation test was run for depository of place I/icon_loginAction, color 0
    However, the standard deviation of the token residence time is 0 and therefore the result of the test is ignored!
    In future runs, you should set numBMeansCorlTested to 0 to switch off the correlation test!
WARN LP-1 The simulation was stopped because of reaching max totalRunLen.
The required precision may not have been reached!
REPORT for Queue of Queueing Place : W/index----------------------------------------

queueUtilQPl=0.009006623783514352

------------------ Color = index --------------------
arrivCnt=277545 deptCnt=277545
arrivThrPut=0.02778233455989589 deptThrPut=0.02778233455989589
meanTkPop=0.009092125432586626 tkColOcp=0.009006623783514352
-----
meanST=0.3272628300182955 stDevST=0.3409411081406781

Steady State Statistics: numBatchesST=693 batchSizeST=400 stDevStdStateMeanST=0.01690631087754675
95% c.i. = 0.3272342275790775 +/- 0.0012587234533980517



REPORT for Depository of Queueing Place : W/index----------------------------------------

tkOcp=0.0

------------------ Color = index --------------------
arrivCnt=277545 deptCnt=277545
arrivThrPut=0.02778233455989589 deptThrPut=0.02778233455989589
meanTkPop=0.0 tkColOcp=0.0
-----
meanST=0.0 stDevST=0.0

Steady State Statistics: numBatchesST=1387 batchSizeST=200 stDevStdStateMeanST=0.0
95% c.i. = 0.0 +/- 0.0



REPORT for Queue : WebUI----------------------------------------

totArrivThrPut=0.16645176466130857 totDeptThrPut=0.16645176466130857
meanTotTkPop=0.05287768592724089 queueUtil=0.04912046399936921
meanST=0.3176757304726384



REPORT for Queue of Queueing Place : P/categories_index----------------------------------------

queueUtilQPl=0.007296043886846459

------------------ Color = index --------------------
arrivCnt=277545 deptCnt=277545
arrivThrPut=0.02778233455989589 deptThrPut=0.02778233455989589
meanTkPop=0.0073599857555553625 tkColOcp=0.007296043886846459
-----
meanST=0.2649160292734932 stDevST=0.3016187263557674

Steady State Statistics: numBatchesST=693 batchSizeST=400 stDevStdStateMeanST=0.01542383158544396
95% c.i. = 0.2648812041368989 +/- 0.0011483486077169044



REPORT for Depository of Queueing Place : P/categories_index----------------------------------------

tkOcp=0.0

------------------ Color = index --------------------
arrivCnt=277545 deptCnt=277545
arrivThrPut=0.02778233455989589 deptThrPut=0.02778233455989589
meanTkPop=0.0 tkColOcp=0.0
-----
meanST=0.0 stDevST=0.0

Steady State Statistics: numBatchesST=1387 batchSizeST=200 stDevStdStateMeanST=0.0
95% c.i. = 0.0 +/- 0.0



REPORT for Queue : Persistence----------------------------------------

totArrivThrPut=0.1664516645610201 totDeptThrPut=0.1664516645610201
meanTotTkPop=0.05656132340814121 queueUtil=0.05153894095668472
meanST=0.33980629486229147



REPORT for Queue of Queueing Place : A/isLoggedIn_index----------------------------------------

queueUtilQPl=0.009782678178334694

------------------ Color = index --------------------
arrivCnt=277545 deptCnt=277545
arrivThrPut=0.02778233455989589 deptThrPut=0.02778233455989589
meanTkPop=0.010021991076981273 tkColOcp=0.009782678178334694
-----
meanST=0.36073250271228574 stDevST=0.6830176243028827

Steady State Statistics: numBatchesST=693 batchSizeST=400 stDevStdStateMeanST=0.03682622905686784
95% c.i. = 0.36079719392757353 +/- 0.0027418186350548594



REPORT for Depository of Queueing Place : A/isLoggedIn_index----------------------------------------

tkOcp=0.0

------------------ Color = index --------------------
arrivCnt=277545 deptCnt=277545
arrivThrPut=0.02778233455989589 deptThrPut=0.02778233455989589
meanTkPop=0.0 tkColOcp=0.0
-----
meanST=0.0 stDevST=0.0

Steady State Statistics: numBatchesST=1387 batchSizeST=200 stDevStdStateMeanST=0.0
95% c.i. = 0.0 +/- 0.0



REPORT for Queue : Auth----------------------------------------

totArrivThrPut=0.16645166456102006 totDeptThrPut=0.16645166456102006
meanTotTkPop=0.1272069042126042 queueUtil=0.10232582474514612
meanST=0.7642272881324715



REPORT for Queue of Queueing Place : W/login----------------------------------------

queueUtilQPl=0.0034115717465289914

------------------ Color = login --------------------
arrivCnt=277879 deptCnt=277879
arrivThrPut=0.027815768056240645 deptThrPut=0.027815768056240645
meanTkPop=0.0034314480248020572 tkColOcp=0.0034115717465289914
-----
meanST=0.12336341092088558 stDevST=0.18416610180376258

Steady State Statistics: numBatchesST=694 batchSizeST=400 stDevStdStateMeanST=0.00937677581317182
95% c.i. = 0.12336001816765305 +/- 6.976247638187396E-4



REPORT for Depository of Queueing Place : W/login----------------------------------------

tkOcp=0.0

------------------ Color = login --------------------
arrivCnt=277879 deptCnt=277879
arrivThrPut=0.027815768056240645 deptThrPut=0.027815768056240645
meanTkPop=0.0 tkColOcp=0.0
-----
meanST=0.0 stDevST=0.0

Steady State Statistics: numBatchesST=1389 batchSizeST=200 stDevStdStateMeanST=0.0
95% c.i. = 0.0 +/- 0.0



REPORT for Queue : WebUI----------------------------------------

totArrivThrPut=0.16645176466130857 totDeptThrPut=0.16645176466130857
meanTotTkPop=0.05287768592724089 queueUtil=0.04912046399936921
meanST=0.3176757304726384



REPORT for Queue of Queueing Place : W/loginAction----------------------------------------

queueUtilQPl=0.004477526321802852

------------------ Color = loginAction --------------------
arrivCnt=276545 deptCnt=276545
arrivThrPut=0.02768223427143854 deptThrPut=0.02768223427143854
meanTkPop=0.004504226364192058 tkColOcp=0.004477526321802852
-----
meanST=0.1627118071477108 stDevST=0.20690454043575124

Steady State Statistics: numBatchesST=691 batchSizeST=400 stDevStdStateMeanST=0.010733695015159406
95% c.i. = 0.16270125073381497 +/- 8.003101382192341E-4



REPORT for Depository of Queueing Place : W/loginAction----------------------------------------

tkOcp=0.0

------------------ Color = loginAction --------------------
arrivCnt=276545 deptCnt=276545
arrivThrPut=0.02768223427143854 deptThrPut=0.02768223427143854
meanTkPop=0.0 tkColOcp=0.0
-----
meanST=0.0 stDevST=0.0

Steady State Statistics: numBatchesST=1382 batchSizeST=200 stDevStdStateMeanST=0.0
95% c.i. = 0.0 +/- 0.0



REPORT for Queue : WebUI----------------------------------------

totArrivThrPut=0.16645176466130857 totDeptThrPut=0.16645176466130857
meanTotTkPop=0.05287768592724089 queueUtil=0.04912046399936921
meanST=0.3176757304726384



REPORT for Queue of Queueing Place : A/login_loginAction----------------------------------------

queueUtilQPl=0.006578242380019589

------------------ Color = loginAction --------------------
arrivCnt=276545 deptCnt=276545
arrivThrPut=0.02768223427143854 deptThrPut=0.02768223427143854
meanTkPop=0.006753008800727924 tkColOcp=0.006578242380019589
-----
meanST=0.2439473900304145 stDevST=0.6465141985553085

Steady State Statistics: numBatchesST=691 batchSizeST=400 stDevStdStateMeanST=0.03352592562280882
95% c.i. = 0.2439872000551247 +/- 0.0024997112486635545



REPORT for Depository of Queueing Place : A/login_loginAction----------------------------------------

tkOcp=0.0

------------------ Color = loginAction --------------------
arrivCnt=276545 deptCnt=276545
arrivThrPut=0.02768223427143854 deptThrPut=0.02768223427143854
meanTkPop=0.0 tkColOcp=0.0
-----
meanST=0.0 stDevST=0.0

Steady State Statistics: numBatchesST=1382 batchSizeST=200 stDevStdStateMeanST=0.0
95% c.i. = 0.0 +/- 0.0



REPORT for Queue : Auth----------------------------------------

totArrivThrPut=0.16645166456102006 totDeptThrPut=0.16645166456102006
meanTotTkPop=0.1272069042126042 queueUtil=0.10232582474514612
meanST=0.7642272881324715



REPORT for Queue of Queueing Place : W/logout----------------------------------------

queueUtilQPl=0.014559709202968283

------------------ Color = logout --------------------
arrivCnt=277290 deptCnt=277290
arrivThrPut=0.027756808986339265 deptThrPut=0.027756808986339265
meanTkPop=0.014779014003465391 tkColOcp=0.014559709202968283
-----
meanST=0.5324464354219897 stDevST=0.5317442254132744

Steady State Statistics: numBatchesST=693 batchSizeST=400 stDevStdStateMeanST=0.027713437201839705
95% c.i. = 0.5324284355180139 +/- 0.002063345080597004



REPORT for Depository of Queueing Place : W/logout----------------------------------------

tkOcp=0.0

------------------ Color = logout --------------------
arrivCnt=277290 deptCnt=277290
arrivThrPut=0.027756808986339265 deptThrPut=0.027756808986339265
meanTkPop=0.0 tkColOcp=0.0
-----
meanST=0.0 stDevST=0.0

Steady State Statistics: numBatchesST=1386 batchSizeST=200 stDevStdStateMeanST=0.0
95% c.i. = 0.0 +/- 0.0



REPORT for Queue : WebUI----------------------------------------

totArrivThrPut=0.16645176466130857 totDeptThrPut=0.16645176466130857
meanTotTkPop=0.05287768592724089 queueUtil=0.04912046399936921
meanST=0.3176757304726384



REPORT for Queue of Queueing Place : A/logout_logout----------------------------------------

queueUtilQPl=0.025024350652847648

------------------ Color = logout --------------------
arrivCnt=277290 deptCnt=277290
arrivThrPut=0.027756808986339265 deptThrPut=0.027756808986339265
meanTkPop=0.02572309836056841 tkColOcp=0.025024350652847648
-----
meanST=0.9267311085084831 stDevST=1.0134895428209922

Steady State Statistics: numBatchesST=693 batchSizeST=400 stDevStdStateMeanST=0.056861749244912205
95% c.i. = 0.9267478991889809 +/- 0.004233520718636863



REPORT for Depository of Queueing Place : A/logout_logout----------------------------------------

tkOcp=0.0

------------------ Color = logout --------------------
arrivCnt=277290 deptCnt=277290
arrivThrPut=0.027756808986339265 deptThrPut=0.027756808986339265
meanTkPop=0.0 tkColOcp=0.0
-----
meanST=0.0 stDevST=0.0

Steady State Statistics: numBatchesST=1386 batchSizeST=200 stDevStdStateMeanST=0.0
95% c.i. = 0.0 +/- 0.0



REPORT for Queue : Auth----------------------------------------

totArrivThrPut=0.16645166456102006 totDeptThrPut=0.16645166456102006
meanTotTkPop=0.1272069042126042 queueUtil=0.10232582474514612
meanST=0.7642272881324715



REPORT for Queue of Queueing Place : P/getUser_loginAction----------------------------------------

queueUtilQPl=0.003721562681120397

------------------ Color = loginAction --------------------
arrivCnt=276545 deptCnt=276545
arrivThrPut=0.02768223427143854 deptThrPut=0.02768223427143854
meanTkPop=0.003757836151799118 tkColOcp=0.003721562681120397
-----
meanST=0.13574901920674476 stDevST=0.22245387817476728

Steady State Statistics: numBatchesST=691 batchSizeST=400 stDevStdStateMeanST=0.011267678015844731
95% c.i. = 0.13575066523606813 +/- 8.401242011753398E-4



REPORT for Depository of Queueing Place : P/getUser_loginAction----------------------------------------

tkOcp=0.0

------------------ Color = loginAction --------------------
arrivCnt=276545 deptCnt=276545
arrivThrPut=0.02768223427143854 deptThrPut=0.02768223427143854
meanTkPop=0.0 tkColOcp=0.0
-----
meanST=0.0 stDevST=0.0

Steady State Statistics: numBatchesST=1382 batchSizeST=200 stDevStdStateMeanST=0.0
95% c.i. = 0.0 +/- 0.0



REPORT for Queue : Persistence----------------------------------------

totArrivThrPut=0.1664516645610201 totDeptThrPut=0.1664516645610201
meanTotTkPop=0.05656132340814121 queueUtil=0.05153894095668472
meanST=0.33980629486229147



REPORT for Queue of Queueing Place : W/category----------------------------------------

queueUtilQPl=0.003254334195466048

------------------ Color = category --------------------
arrivCnt=277282 deptCnt=277282
arrivThrPut=0.027756008184031605 deptThrPut=0.027756008184031605
meanTkPop=0.0032729433407708243 tkColOcp=0.003254334195466048
-----
meanST=0.11791837353088083 stDevST=0.1808224694839606

Steady State Statistics: numBatchesST=693 batchSizeST=400 stDevStdStateMeanST=0.009499042273235975
95% c.i. = 0.11790853130469056 +/- 7.072310086301144E-4



REPORT for Depository of Queueing Place : W/category----------------------------------------

tkOcp=0.0

------------------ Color = category --------------------
arrivCnt=277282 deptCnt=277282
arrivThrPut=0.027756008184031605 deptThrPut=0.027756008184031605
meanTkPop=0.0 tkColOcp=0.0
-----
meanST=0.0 stDevST=0.0

Steady State Statistics: numBatchesST=1386 batchSizeST=200 stDevStdStateMeanST=0.0
95% c.i. = 0.0 +/- 0.0



REPORT for Queue : WebUI----------------------------------------

totArrivThrPut=0.16645176466130857 totDeptThrPut=0.16645176466130857
meanTotTkPop=0.05287768592724089 queueUtil=0.04912046399936921
meanST=0.3176757304726384



REPORT for Queue of Queueing Place : W/product----------------------------------------

queueUtilQPl=0.017482696404836306

------------------ Color = product --------------------
arrivCnt=276309 deptCnt=276309
arrivThrPut=0.027658610603362603 deptThrPut=0.027658610603362603
meanTkPop=0.017797928761423935 tkColOcp=0.017482696404836306
-----
meanST=0.6434860021226138 stDevST=0.6400468976196241

Steady State Statistics: numBatchesST=690 batchSizeST=400 stDevStdStateMeanST=0.032424696149972766
95% c.i. = 0.6434934963547523 +/- 0.0024193542321631146



REPORT for Depository of Queueing Place : W/product----------------------------------------

tkOcp=0.0

------------------ Color = product --------------------
arrivCnt=276309 deptCnt=276308
arrivThrPut=0.027658610603362603 deptThrPut=0.027658510503074146
meanTkPop=0.0 tkColOcp=0.0
-----
meanST=0.0 stDevST=0.0

Steady State Statistics: numBatchesST=1381 batchSizeST=200 stDevStdStateMeanST=0.0
95% c.i. = 0.0 +/- 0.0



REPORT for Queue : WebUI----------------------------------------

totArrivThrPut=0.16645176466130857 totDeptThrPut=0.16645176466130857
meanTotTkPop=0.05287768592724089 queueUtil=0.04912046399936921
meanST=0.3176757304726384



REPORT for Queue of Queueing Place : P/category_category----------------------------------------

queueUtilQPl=0.0063859595881702175

------------------ Color = category --------------------
arrivCnt=277282 deptCnt=277282
arrivThrPut=0.027756008184031605 deptThrPut=0.027756008184031605
meanTkPop=0.006449056804555481 tkColOcp=0.0063859595881702175
-----
meanST=0.23234813744815466 stDevST=0.28940654202059657

Steady State Statistics: numBatchesST=693 batchSizeST=400 stDevStdStateMeanST=0.014725868050221302
95% c.i. = 0.23234651814091742 +/- 0.0010963832157538256



REPORT for Depository of Queueing Place : P/category_category----------------------------------------

tkOcp=0.0

------------------ Color = category --------------------
arrivCnt=277282 deptCnt=277282
arrivThrPut=0.027756008184031605 deptThrPut=0.027756008184031605
meanTkPop=0.0 tkColOcp=0.0
-----
meanST=0.0 stDevST=0.0

Steady State Statistics: numBatchesST=1386 batchSizeST=200 stDevStdStateMeanST=0.0
95% c.i. = 0.0 +/- 0.0



REPORT for Queue : Persistence----------------------------------------

totArrivThrPut=0.1664516645610201 totDeptThrPut=0.1664516645610201
meanTotTkPop=0.05656132340814121 queueUtil=0.05153894095668472
meanST=0.33980629486229147



REPORT for Queue of Queueing Place : P/getProduct_product----------------------------------------

queueUtilQPl=0.019799271004369397

------------------ Color = product --------------------
arrivCnt=276308 deptCnt=276308
arrivThrPut=0.027658510503074146 deptThrPut=0.027658510503074146
meanTkPop=0.020191715022745343 tkColOcp=0.019799271004369397
-----
meanST=0.7300362404006212 stDevST=0.7271189517858705

Steady State Statistics: numBatchesST=690 batchSizeST=400 stDevStdStateMeanST=0.036375699763402373
95% c.i. = 0.7300738411288155 +/- 0.0027141566034553652



REPORT for Depository of Queueing Place : P/getProduct_product----------------------------------------

tkOcp=0.0

------------------ Color = product --------------------
arrivCnt=276308 deptCnt=276308
arrivThrPut=0.027658510503074146 deptThrPut=0.027658510503074146
meanTkPop=0.0 tkColOcp=0.0
-----
meanST=0.0 stDevST=0.0

Steady State Statistics: numBatchesST=1381 batchSizeST=200 stDevStdStateMeanST=0.0
95% c.i. = 0.0 +/- 0.0



REPORT for Queue : Persistence----------------------------------------

totArrivThrPut=0.1664516645610201 totDeptThrPut=0.1664516645610201
meanTotTkPop=0.05656132340814121 queueUtil=0.05153894095668472
meanST=0.33980629486229147



REPORT for Queue of Queueing Place : R/getAds_product----------------------------------------

queueUtilQPl=0.0028407126597153783

------------------ Color = product --------------------
arrivCnt=276308 deptCnt=276308
arrivThrPut=0.027658510503074146 deptThrPut=0.027658510503074146
meanTkPop=0.002847896550049111 tkColOcp=0.0028407126597153783
-----
meanST=0.1029663744811051 stDevST=0.10315808063659306

Steady State Statistics: numBatchesST=690 batchSizeST=400 stDevStdStateMeanST=0.005222003543021317
95% c.i. = 0.10296736753499208 +/- 3.8963746379439907E-4



REPORT for Depository of Queueing Place : R/getAds_product----------------------------------------

tkOcp=0.0

------------------ Color = product --------------------
arrivCnt=276308 deptCnt=276308
arrivThrPut=0.027658510503074146 deptThrPut=0.027658510503074146
meanTkPop=0.0 tkColOcp=0.0
-----
meanST=0.0 stDevST=0.0

Steady State Statistics: numBatchesST=1381 batchSizeST=200 stDevStdStateMeanST=0.0
95% c.i. = 0.0 +/- 0.0



REPORT for Queue : Recommender----------------------------------------

totArrivThrPut=0.027658510503074146 totDeptThrPut=0.027658510503074146
meanTotTkPop=0.002847896550049111 queueUtil=0.0028407126597153783
meanST=0.1029663744811051



REPORT for Queue of Queueing Place : I/productImages_category----------------------------------------

queueUtilQPl=0.004943806184383864

------------------ Color = category --------------------
arrivCnt=277282 deptCnt=277282
arrivThrPut=0.027756008184031605 deptThrPut=0.027756008184031605
meanTkPop=0.005030196525135421 tkColOcp=0.004943806184383864
-----
meanST=0.18122910512864596 stDevST=0.3980319346591637

Steady State Statistics: numBatchesST=693 batchSizeST=400 stDevStdStateMeanST=0.021204240236225084
95% c.i. = 0.1812332133740297 +/- 0.0015787166514411178



REPORT for Depository of Queueing Place : I/productImages_category----------------------------------------

tkOcp=0.0

------------------ Color = category --------------------
arrivCnt=277282 deptCnt=277282
arrivThrPut=0.027756008184031605 deptThrPut=0.027756008184031605
meanTkPop=0.0 tkColOcp=0.0
-----
meanST=0.0 stDevST=0.0

Steady State Statistics: numBatchesST=1386 batchSizeST=200 stDevStdStateMeanST=0.0
95% c.i. = 0.0 +/- 0.0



REPORT for Queue : ImageProvider----------------------------------------

totArrivThrPut=0.1664516645610201 totDeptThrPut=0.1664516645610201
meanTotTkPop=0.0896687165436676 queueUtil=0.07637716557657874
meanST=0.538707238405511



REPORT for Queue of Queueing Place : I/product_product----------------------------------------

queueUtilQPl=0.023701335396669392

------------------ Color = product --------------------
arrivCnt=276308 deptCnt=276308
arrivThrPut=0.027658510503074146 deptThrPut=0.027658510503074146
meanTkPop=0.024264670694190457 tkColOcp=0.023701335396669392
-----
meanST=0.8772949176526886 stDevST=0.8863364669876235

Steady State Statistics: numBatchesST=690 batchSizeST=400 stDevStdStateMeanST=0.046121563408426464
95% c.i. = 0.8772739897047441 +/- 0.0034413398697723725



REPORT for Depository of Queueing Place : I/product_product----------------------------------------

tkOcp=0.0

------------------ Color = product --------------------
arrivCnt=276308 deptCnt=276308
arrivThrPut=0.027658510503074146 deptThrPut=0.027658510503074146
meanTkPop=0.0 tkColOcp=0.0
-----
meanST=0.0 stDevST=0.0

Steady State Statistics: numBatchesST=1381 batchSizeST=200 stDevStdStateMeanST=0.0
95% c.i. = 0.0 +/- 0.0



REPORT for Queue : ImageProvider----------------------------------------

totArrivThrPut=0.1664516645610201 totDeptThrPut=0.1664516645610201
meanTotTkPop=0.0896687165436676 queueUtil=0.07637716557657874
meanST=0.538707238405511



REPORT for Queue of Queueing Place : Workload----------------------------------------

queueUtilQPl=1.0

------------------ Color = workload --------------------
arrivCnt=1662850 deptCnt=1662849
arrivThrPut=0.16645176466130854 deptThrPut=0.1664516645610201
meanTkPop=1.0 tkColOcp=1.0
-----
meanST=6.007749588959759 stDevST=6.00273496163242

Steady State Statistics: numBatchesST=4157 batchSizeST=400 stDevStdStateMeanST=0.30150050883662566
95% c.i. = 6.007762276496769 +/- 0.009165288250843813



REPORT for Depository of Queueing Place : Workload----------------------------------------

tkOcp=0.0

------------------ Color = workload --------------------
arrivCnt=1662849 deptCnt=1662850
arrivThrPut=0.1664516645610201 deptThrPut=0.16645176466130854
meanTkPop=0.0 tkColOcp=0.0
-----
meanST=0.0 stDevST=0.0

Steady State Statistics: numBatchesST=8314 batchSizeST=200 stDevStdStateMeanST=0.0
95% c.i. = 0.0 +/- 0.0



REPORT for Queue : Workload----------------------------------------

totArrivThrPut=0.16645176466130854 totDeptThrPut=0.1664516645610201
meanTotTkPop=1.0 queueUtil=1.0
meanST=6.007749588959759



REPORT for Queue of Queueing Place : I/icon_index----------------------------------------

queueUtilQPl=0.010894816551066184

------------------ Color = index --------------------
arrivCnt=277545 deptCnt=277545
arrivThrPut=0.02778233455989589 deptThrPut=0.02778233455989589
meanTkPop=0.011095056537499844 tkColOcp=0.010894816551066184
-----
meanST=0.3993565232460948 stDevST=0.5197548473804958

Steady State Statistics: numBatchesST=693 batchSizeST=400 stDevStdStateMeanST=0.0278337015158408
95% c.i. = 0.399347920539361 +/- 0.0020722991045550665



REPORT for Depository of Queueing Place : I/icon_index----------------------------------------

tkOcp=0.0

------------------ Color = index --------------------
arrivCnt=277545 deptCnt=277545
arrivThrPut=0.02778233455989589 deptThrPut=0.02778233455989589
meanTkPop=0.0 tkColOcp=0.0
-----
meanST=0.0 stDevST=0.0

Steady State Statistics: numBatchesST=1387 batchSizeST=200 stDevStdStateMeanST=0.0
95% c.i. = 0.0 +/- 0.0



REPORT for Queue : ImageProvider----------------------------------------

totArrivThrPut=0.1664516645610201 totDeptThrPut=0.1664516645610201
meanTotTkPop=0.0896687165436676 queueUtil=0.07637716557657874
meanST=0.538707238405511



REPORT for Queue of Queueing Place : P/categories_login----------------------------------------

queueUtilQPl=0.014810264631471653

------------------ Color = login --------------------
arrivCnt=277879 deptCnt=277879
arrivThrPut=0.027815768056240645 deptThrPut=0.027815768056240645
meanTkPop=0.015041406995056817 tkColOcp=0.014810264631471653
-----
meanST=0.5407510935755802 stDevST=0.5467857148176324

Steady State Statistics: numBatchesST=694 batchSizeST=400 stDevStdStateMeanST=0.027489558458496637
95% c.i. = 0.5407630206346288 +/- 0.0020452015819927274



REPORT for Depository of Queueing Place : P/categories_login----------------------------------------

tkOcp=0.0

------------------ Color = login --------------------
arrivCnt=277879 deptCnt=277879
arrivThrPut=0.027815768056240645 deptThrPut=0.027815768056240645
meanTkPop=0.0 tkColOcp=0.0
-----
meanST=0.0 stDevST=0.0

Steady State Statistics: numBatchesST=1389 batchSizeST=200 stDevStdStateMeanST=0.0
95% c.i. = 0.0 +/- 0.0



REPORT for Queue : Persistence----------------------------------------

totArrivThrPut=0.1664516645610201 totDeptThrPut=0.1664516645610201
meanTotTkPop=0.05656132340814121 queueUtil=0.05153894095668472
meanST=0.33980629486229147



REPORT for Queue of Queueing Place : I/icon_login----------------------------------------

queueUtilQPl=0.009828311867128365

------------------ Color = login --------------------
arrivCnt=277879 deptCnt=277879
arrivThrPut=0.027815768056240645 deptThrPut=0.027815768056240645
meanTkPop=0.009957664807779631 tkColOcp=0.009828311867128365
-----
meanST=0.35798633306282424 stDevST=0.45893828069156833

Steady State Statistics: numBatchesST=694 batchSizeST=400 stDevStdStateMeanST=0.023900276543470957
95% c.i. = 0.35797078711220215 +/- 0.0017781618235363863



REPORT for Depository of Queueing Place : I/icon_login----------------------------------------

tkOcp=0.0

------------------ Color = login --------------------
arrivCnt=277879 deptCnt=277879
arrivThrPut=0.027815768056240645 deptThrPut=0.027815768056240645
meanTkPop=0.0 tkColOcp=0.0
-----
meanST=0.0 stDevST=0.0

Steady State Statistics: numBatchesST=1389 batchSizeST=200 stDevStdStateMeanST=0.0
95% c.i. = 0.0 +/- 0.0



REPORT for Queue : ImageProvider----------------------------------------

totArrivThrPut=0.1664516645610201 totDeptThrPut=0.1664516645610201
meanTotTkPop=0.0896687165436676 queueUtil=0.07637716557657874
meanST=0.538707238405511



REPORT for Queue of Queueing Place : A/isLoggedIn_login----------------------------------------

queueUtilQPl=0.007855552601947797

------------------ Color = login --------------------
arrivCnt=277879 deptCnt=277879
arrivThrPut=0.027815768056240645 deptThrPut=0.027815768056240645
meanTkPop=0.008141161876561566 tkColOcp=0.007855552601947797
-----
meanST=0.2926815416385759 stDevST=0.7467034922841775

Steady State Statistics: numBatchesST=347 batchSizeST=800 stDevStdStateMeanST=0.02823955425702536
95% c.i. = 0.29275077270073213 +/- 0.002971263657602003



REPORT for Depository of Queueing Place : A/isLoggedIn_login----------------------------------------

tkOcp=0.0

------------------ Color = login --------------------
arrivCnt=277879 deptCnt=277879
arrivThrPut=0.027815768056240645 deptThrPut=0.027815768056240645
meanTkPop=0.0 tkColOcp=0.0
-----
meanST=0.0 stDevST=0.0

Steady State Statistics: numBatchesST=1389 batchSizeST=200 stDevStdStateMeanST=0.0
95% c.i. = 0.0 +/- 0.0



REPORT for Queue : Auth----------------------------------------

totArrivThrPut=0.16645166456102006 totDeptThrPut=0.16645166456102006
meanTotTkPop=0.1272069042126042 queueUtil=0.10232582474514612
meanST=0.7642272881324715



REPORT for Queue of Queueing Place : A/isLoggedIn_category----------------------------------------

queueUtilQPl=0.024302381114881453

------------------ Color = category --------------------
arrivCnt=277282 deptCnt=277282
arrivThrPut=0.027756008184031605 deptThrPut=0.027756008184031605
meanTkPop=0.025145336285032252 tkColOcp=0.024302381114881453
-----
meanST=0.9059420979526406 stDevST=1.0558620753965176

Steady State Statistics: numBatchesST=693 batchSizeST=400 stDevStdStateMeanST=0.05984120941213133
95% c.i. = 0.9059227802313041 +/- 0.004455350094549072



REPORT for Depository of Queueing Place : A/isLoggedIn_category----------------------------------------

tkOcp=0.0

------------------ Color = category --------------------
arrivCnt=277282 deptCnt=277282
arrivThrPut=0.027756008184031605 deptThrPut=0.027756008184031605
meanTkPop=0.0 tkColOcp=0.0
-----
meanST=0.0 stDevST=0.0

Steady State Statistics: numBatchesST=1386 batchSizeST=200 stDevStdStateMeanST=0.0
95% c.i. = 0.0 +/- 0.0



REPORT for Queue : Auth----------------------------------------

totArrivThrPut=0.16645166456102006 totDeptThrPut=0.16645166456102006
meanTotTkPop=0.1272069042126042 queueUtil=0.10232582474514612
meanST=0.7642272881324715



REPORT for Queue of Queueing Place : I/icon_logout----------------------------------------

queueUtilQPl=0.032353873799559424

------------------ Color = logout --------------------
arrivCnt=277290 deptCnt=277290
arrivThrPut=0.027756808986339265 deptThrPut=0.027756808986339265
meanTkPop=0.03346131817307955 tkColOcp=0.032353873799559424
-----
meanST=1.2055174710301824 stDevST=1.1918942175126241

Steady State Statistics: numBatchesST=693 batchSizeST=400 stDevStdStateMeanST=0.05920928030072699
95% c.i. = 1.2055001717349978 +/- 0.0044083011552996446



REPORT for Depository of Queueing Place : I/icon_logout----------------------------------------

tkOcp=0.0

------------------ Color = logout --------------------
arrivCnt=277290 deptCnt=277290
arrivThrPut=0.027756808986339265 deptThrPut=0.027756808986339265
meanTkPop=0.0 tkColOcp=0.0
-----
meanST=0.0 stDevST=0.0

Steady State Statistics: numBatchesST=1386 batchSizeST=200 stDevStdStateMeanST=0.0
95% c.i. = 0.0 +/- 0.0



REPORT for Queue : ImageProvider----------------------------------------

totArrivThrPut=0.1664516645610201 totDeptThrPut=0.1664516645610201
meanTotTkPop=0.0896687165436676 queueUtil=0.07637716557657874
meanST=0.538707238405511



REPORT for Queue of Queueing Place : I/icon_loginAction----------------------------------------

queueUtilQPl=0.005720936936283873

------------------ Color = loginAction --------------------
arrivCnt=276545 deptCnt=276545
arrivThrPut=0.02768223427143854 deptThrPut=0.02768223427143854
meanTkPop=0.00585980980598271 tkColOcp=0.005720936936283873
-----
meanST=0.21168124467571015 stDevST=0.47161607768197483

Steady State Statistics: numBatchesST=345 batchSizeST=800 stDevStdStateMeanST=0.01807658062491589
95% c.i. = 0.21160778530448682 +/- 0.0019074573058521255



REPORT for Depository of Queueing Place : I/icon_loginAction----------------------------------------

tkOcp=0.0

------------------ Color = loginAction --------------------
arrivCnt=276545 deptCnt=276545
arrivThrPut=0.02768223427143854 deptThrPut=0.02768223427143854
meanTkPop=0.0 tkColOcp=0.0
-----
meanST=0.0 stDevST=0.0

Steady State Statistics: numBatchesST=1382 batchSizeST=200 stDevStdStateMeanST=0.0
95% c.i. = 0.0 +/- 0.0



REPORT for Queue : ImageProvider----------------------------------------

totArrivThrPut=0.1664516645610201 totDeptThrPut=0.1664516645610201
meanTotTkPop=0.0896687165436676 queueUtil=0.07637716557657874
meanST=0.538707238405511



REPORT for Queue of Queueing Place : A/isLoggedIn_product----------------------------------------

queueUtilQPl=0.04899769524325429

------------------ Color = product --------------------
arrivCnt=276308 deptCnt=276308
arrivThrPut=0.027658510503074146 deptThrPut=0.027658510503074146
meanTkPop=0.05142230781273277 tkColOcp=0.04899769524325429
-----
meanST=1.8591857217697014 stDevST=1.8404069077850806

Steady State Statistics: numBatchesST=690 batchSizeST=400 stDevStdStateMeanST=0.10458835533677235
95% c.i. = 1.8592264880450995 +/- 0.007803813455911519



REPORT for Depository of Queueing Place : A/isLoggedIn_product----------------------------------------

tkOcp=0.0

------------------ Color = product --------------------
arrivCnt=276308 deptCnt=276308
arrivThrPut=0.027658510503074146 deptThrPut=0.027658510503074146
meanTkPop=0.0 tkColOcp=0.0
-----
meanST=0.0 stDevST=0.0

Steady State Statistics: numBatchesST=1381 batchSizeST=200 stDevStdStateMeanST=0.0
95% c.i. = 0.0 +/- 0.0



REPORT for Queue : Auth----------------------------------------

totArrivThrPut=0.16645166456102006 totDeptThrPut=0.16645166456102006
meanTotTkPop=0.1272069042126042 queueUtil=0.10232582474514612
meanST=0.7642272881324715



REPORT for Queue of Queueing Place : P/category_logout----------------------------------------

queueUtilQPl=0.0037386162237023307

------------------ Color = logout --------------------
arrivCnt=277290 deptCnt=277290
arrivThrPut=0.027756808986339265 deptThrPut=0.027756808986339265
meanTkPop=0.003761322678429097 tkColOcp=0.0037386162237023307
-----
meanST=0.13550990966866047 stDevST=0.2075660494530289

Steady State Statistics: numBatchesST=693 batchSizeST=400 stDevStdStateMeanST=0.010514841449491987
95% c.i. = 0.13550722723855382 +/- 7.828601779005071E-4



REPORT for Depository of Queueing Place : P/category_logout----------------------------------------

tkOcp=0.0

------------------ Color = logout --------------------
arrivCnt=277290 deptCnt=277290
arrivThrPut=0.027756808986339265 deptThrPut=0.027756808986339265
meanTkPop=0.0 tkColOcp=0.0
-----
meanST=0.0 stDevST=0.0

Steady State Statistics: numBatchesST=1386 batchSizeST=200 stDevStdStateMeanST=0.0
95% c.i. = 0.0 +/- 0.0



REPORT for Queue : Persistence----------------------------------------

totArrivThrPut=0.1664516645610201 totDeptThrPut=0.1664516645610201
meanTotTkPop=0.05656132340814121 queueUtil=0.05153894095668472
meanST=0.33980629486229147



REPORT for Ordinary Place : Finish_index----------------------------------------

tkOcp=1.0

------------------ Color = index --------------------
arrivCnt=277545 deptCnt=0
arrivThrPut=0.02778233455989589 deptThrPut=0.0
meanTkPop=138899.36969021833 tkColOcp=1.0
-----
meanST=NaN stDevST=NaN

Steady State Statistics: Only 0 batches collected!
Need at least 60 for steady state statistics.



REPORT for Ordinary Place : Finish_login----------------------------------------

tkOcp=1.0

------------------ Color = login --------------------
arrivCnt=277879 deptCnt=0
arrivThrPut=0.027815768056240645 deptThrPut=0.0
meanTkPop=139164.85285309106 tkColOcp=1.0
-----
meanST=NaN stDevST=NaN

Steady State Statistics: Only 0 batches collected!
Need at least 60 for steady state statistics.



REPORT for Ordinary Place : Finish_loginAction----------------------------------------

tkOcp=1.0

------------------ Color = loginAction --------------------
arrivCnt=276545 deptCnt=0
arrivThrPut=0.02768223427143854 deptThrPut=0.0
meanTkPop=138603.32714512272 tkColOcp=1.0
-----
meanST=NaN stDevST=NaN

Steady State Statistics: Only 0 batches collected!
Need at least 60 for steady state statistics.



REPORT for Ordinary Place : Finish_category----------------------------------------

tkOcp=1.0

------------------ Color = category --------------------
arrivCnt=277282 deptCnt=0
arrivThrPut=0.027756008184031605 deptThrPut=0.0
meanTkPop=138726.67820364464 tkColOcp=1.0
-----
meanST=NaN stDevST=NaN

Steady State Statistics: Only 0 batches collected!
Need at least 60 for steady state statistics.



REPORT for Ordinary Place : Finish_product----------------------------------------

tkOcp=1.0

------------------ Color = product --------------------
arrivCnt=276308 deptCnt=0
arrivThrPut=0.027658510503074146 deptThrPut=0.0
meanTkPop=138511.06162407328 tkColOcp=1.0
-----
meanST=NaN stDevST=NaN

Steady State Statistics: Only 0 batches collected!
Need at least 60 for steady state statistics.



REPORT for Ordinary Place : Finish_logout----------------------------------------

tkOcp=1.0

------------------ Color = logout --------------------
arrivCnt=277290 deptCnt=0
arrivThrPut=0.027756808986339265 deptThrPut=0.0
meanTkPop=138928.47450504627 tkColOcp=1.0
-----
meanST=NaN stDevST=NaN

Steady State Statistics: Only 0 batches collected!
Need at least 60 for steady state statistics.



REPORT REPORT for Probe : /index----------------------------------------


------------------ Color = index --------------------
-----
meanST=1.3522678852501693 stDevST=1.0080928212183697

Steady State Statistics: numBatchesST=693 batchSizeST=400 stDevStdStateMeanST=0.05366030711531875
95% c.i. = 1.352260546182911 +/- 0.0039951641473893905



REPORT REPORT for Probe : /login----------------------------------------


------------------ Color = login --------------------
-----
meanST=1.314782379197866 stDevST=1.121444802070825

Steady State Statistics: numBatchesST=694 batchSizeST=400 stDevStdStateMeanST=0.06051619566640943
95% c.i. = 1.3148445986152166 +/- 0.004502357478749067



REPORT REPORT for Probe : /loginAction----------------------------------------


------------------ Color = loginAction --------------------
-----
meanST=0.7540894610605803 stDevST=0.9226105555956998

Steady State Statistics: numBatchesST=691 batchSizeST=400 stDevStdStateMeanST=0.05006342220967382
95% c.i. = 0.7541075163886785 +/- 0.003732755988666118



REPORT REPORT for Probe : /logout----------------------------------------


------------------ Color = logout --------------------
-----
meanST=2.8002049246293157 stDevST=1.6715771272454907

Steady State Statistics: numBatchesST=693 batchSizeST=400 stDevStdStateMeanST=0.09077988148417669
95% c.i. = 2.8001837336805444 +/- 0.006758823184340367



REPORT REPORT for Probe : /category----------------------------------------


------------------ Color = category --------------------
-----
meanST=1.437437714060322 stDevST=1.2728774382256605

Steady State Statistics: numBatchesST=693 batchSizeST=400 stDevStdStateMeanST=0.07075720596382516
95% c.i. = 1.437411043050943 +/- 0.005268077423198733



REPORT REPORT for Probe : /product----------------------------------------


------------------ Color = product --------------------
-----
meanST=4.212968669311619 stDevST=2.263166472539569

Steady State Statistics: numBatchesST=690 batchSizeST=400 stDevStdStateMeanST=0.12695613274554077
95% c.i. = 4.2130351827683965 +/- 0.009472775184579308



