INFO Logging to /home/yjx/workloadConfig/qpme/output/SimQPN_Output_config_2025-08-14_112146451.log
WARN Batch means correlation test was run for depository of place Workload, color 0
    However, the standard deviation of the token residence time is 0 and therefore the result of the test is ignored!
    In future runs, you should set numBMeansCorlTested to 0 to switch off the correlation test!
WARN Batch means correlation test was run for depository of place W/logout, color 0
    However, the standard deviation of the token residence time is 0 and therefore the result of the test is ignored!
    In future runs, you should set numBMeansCorlTested to 0 to switch off the correlation test!
WARN Batch means correlation test was run for depository of place A/logout_logout, color 0
    However, the standard deviation of the token residence time is 0 and therefore the result of the test is ignored!
    In future runs, you should set numBMeansCorlTested to 0 to switch off the correlation test!
WARN Batch means correlation test was run for depository of place P/category_logout, color 0
    However, the standard deviation of the token residence time is 0 and therefore the result of the test is ignored!
    In future runs, you should set numBMeansCorlTested to 0 to switch off the correlation test!
WARN Batch means correlation test was run for depository of place I/icon_logout, color 0
    However, the standard deviation of the token residence time is 0 and therefore the result of the test is ignored!
    In future runs, you should set numBMeansCorlTested to 0 to switch off the correlation test!
WARN Batch means correlation test was run for depository of place W/login, color 0
    However, the standard deviation of the token residence time is 0 and therefore the result of the test is ignored!
    In future runs, you should set numBMeansCorlTested to 0 to switch off the correlation test!
WARN Batch means correlation test was run for depository of place P/categories_login, color 0
    However, the standard deviation of the token residence time is 0 and therefore the result of the test is ignored!
    In future runs, you should set numBMeansCorlTested to 0 to switch off the correlation test!
WARN Batch means correlation test was run for depository of place I/icon_login, color 0
    However, the standard deviation of the token residence time is 0 and therefore the result of the test is ignored!
    In future runs, you should set numBMeansCorlTested to 0 to switch off the correlation test!
WARN Batch means correlation test was run for depository of place A/isLoggedIn_login, color 0
    However, the standard deviation of the token residence time is 0 and therefore the result of the test is ignored!
    In future runs, you should set numBMeansCorlTested to 0 to switch off the correlation test!
WARN Batch means correlation test was run for depository of place W/loginAction, color 0
    However, the standard deviation of the token residence time is 0 and therefore the result of the test is ignored!
    In future runs, you should set numBMeansCorlTested to 0 to switch off the correlation test!
WARN Batch means correlation test was run for depository of place A/login_loginAction, color 0
    However, the standard deviation of the token residence time is 0 and therefore the result of the test is ignored!
    In future runs, you should set numBMeansCorlTested to 0 to switch off the correlation test!
WARN Batch means correlation test was run for depository of place P/getUser_loginAction, color 0
    However, the standard deviation of the token residence time is 0 and therefore the result of the test is ignored!
    In future runs, you should set numBMeansCorlTested to 0 to switch off the correlation test!
WARN Batch means correlation test was run for depository of place I/icon_loginAction, color 0
    However, the standard deviation of the token residence time is 0 and therefore the result of the test is ignored!
    In future runs, you should set numBMeansCorlTested to 0 to switch off the correlation test!
WARN Batch means correlation test was run for depository of place W/category, color 0
    However, the standard deviation of the token residence time is 0 and therefore the result of the test is ignored!
    In future runs, you should set numBMeansCorlTested to 0 to switch off the correlation test!
WARN Batch means correlation test was run for depository of place P/category_category, color 0
    However, the standard deviation of the token residence time is 0 and therefore the result of the test is ignored!
    In future runs, you should set numBMeansCorlTested to 0 to switch off the correlation test!
WARN Batch means correlation test was run for depository of place I/productImages_category, color 0
    However, the standard deviation of the token residence time is 0 and therefore the result of the test is ignored!
    In future runs, you should set numBMeansCorlTested to 0 to switch off the correlation test!
WARN Batch means correlation test was run for depository of place A/isLoggedIn_category, color 0
    However, the standard deviation of the token residence time is 0 and therefore the result of the test is ignored!
    In future runs, you should set numBMeansCorlTested to 0 to switch off the correlation test!
WARN Batch means correlation test was run for depository of place W/index, color 0
    However, the standard deviation of the token residence time is 0 and therefore the result of the test is ignored!
    In future runs, you should set numBMeansCorlTested to 0 to switch off the correlation test!
WARN Batch means correlation test was run for depository of place P/categories_index, color 0
    However, the standard deviation of the token residence time is 0 and therefore the result of the test is ignored!
    In future runs, you should set numBMeansCorlTested to 0 to switch off the correlation test!
WARN Batch means correlation test was run for depository of place A/isLoggedIn_index, color 0
    However, the standard deviation of the token residence time is 0 and therefore the result of the test is ignored!
    In future runs, you should set numBMeansCorlTested to 0 to switch off the correlation test!
WARN Batch means correlation test was run for depository of place I/icon_index, color 0
    However, the standard deviation of the token residence time is 0 and therefore the result of the test is ignored!
    In future runs, you should set numBMeansCorlTested to 0 to switch off the correlation test!
WARN Batch means correlation test was run for depository of place W/product, color 0
    However, the standard deviation of the token residence time is 0 and therefore the result of the test is ignored!
    In future runs, you should set numBMeansCorlTested to 0 to switch off the correlation test!
WARN Batch means correlation test was run for depository of place P/getProduct_product, color 0
    However, the standard deviation of the token residence time is 0 and therefore the result of the test is ignored!
    In future runs, you should set numBMeansCorlTested to 0 to switch off the correlation test!
WARN Batch means correlation test was run for depository of place R/getAds_product, color 0
    However, the standard deviation of the token residence time is 0 and therefore the result of the test is ignored!
    In future runs, you should set numBMeansCorlTested to 0 to switch off the correlation test!
WARN Batch means correlation test was run for depository of place I/product_product, color 0
    However, the standard deviation of the token residence time is 0 and therefore the result of the test is ignored!
    In future runs, you should set numBMeansCorlTested to 0 to switch off the correlation test!
WARN Batch means correlation test was run for depository of place A/isLoggedIn_product, color 0
    However, the standard deviation of the token residence time is 0 and therefore the result of the test is ignored!
    In future runs, you should set numBMeansCorlTested to 0 to switch off the correlation test!
WARN LP-1 The simulation was stopped because of reaching max totalRunLen.
The required precision may not have been reached!
REPORT for Queue of Queueing Place : W/index----------------------------------------

queueUtilQPl=0.0036953983865817244

------------------ Color = index --------------------
arrivCnt=277766 deptCnt=277766
arrivThrPut=0.027804388828763967 deptThrPut=0.027804388828763967
meanTkPop=0.003727673776034551 tkColOcp=0.0036953983865817244
-----
meanST=0.13406781925658545 stDevST=0.25016574325257057

Steady State Statistics: numBatchesST=347 batchSizeST=800 stDevStdStateMeanST=0.008619944665101078
95% c.i. = 0.13407247373182096 +/- 9.06959369147386E-4



REPORT for Depository of Queueing Place : W/index----------------------------------------

tkOcp=0.0

------------------ Color = index --------------------
arrivCnt=277766 deptCnt=277766
arrivThrPut=0.027804388828763967 deptThrPut=0.027804388828763967
meanTkPop=0.0 tkColOcp=0.0
-----
meanST=0.0 stDevST=0.0

Steady State Statistics: numBatchesST=1388 batchSizeST=200 stDevStdStateMeanST=0.0
95% c.i. = 0.0 +/- 0.0



REPORT for Queue : WebUI----------------------------------------

totArrivThrPut=0.16659139816925614 totDeptThrPut=0.16659139816925614
meanTotTkPop=0.06032738906852339 queueUtil=0.054833032196244094
meanST=0.362127875337423



REPORT for Queue of Queueing Place : P/categories_index----------------------------------------

queueUtilQPl=0.026483952195968708

------------------ Color = index --------------------
arrivCnt=277766 deptCnt=277766
arrivThrPut=0.027804388828763967 deptThrPut=0.027804388828763967
meanTkPop=0.027257788052837188 tkColOcp=0.026483952195968708
-----
meanST=0.9803412051495513 stDevST=1.0556949348026814

Steady State Statistics: numBatchesST=694 batchSizeST=400 stDevStdStateMeanST=0.056659831989907414
95% c.i. = 0.9803310571142896 +/- 0.004215447046781636



REPORT for Depository of Queueing Place : P/categories_index----------------------------------------

tkOcp=0.0

------------------ Color = index --------------------
arrivCnt=277766 deptCnt=277766
arrivThrPut=0.027804388828763967 deptThrPut=0.027804388828763967
meanTkPop=0.0 tkColOcp=0.0
-----
meanST=0.0 stDevST=0.0

Steady State Statistics: numBatchesST=1388 batchSizeST=200 stDevStdStateMeanST=0.0
95% c.i. = 0.0 +/- 0.0



REPORT for Queue : Persistence----------------------------------------

totArrivThrPut=0.16659139816925617 totDeptThrPut=0.16659139816925617
meanTotTkPop=0.14298264379316605 queueUtil=0.11866274879600985
meanST=0.8582834730031877



REPORT for Queue of Queueing Place : A/isLoggedIn_index----------------------------------------

queueUtilQPl=0.026250583040698744

------------------ Color = index --------------------
arrivCnt=277766 deptCnt=277766
arrivThrPut=0.027804388828763967 deptThrPut=0.027804388828763967
meanTkPop=0.026983679949226062 tkColOcp=0.026250583040698744
-----
meanST=0.9704827577907819 stDevST=0.9652842402791516

Steady State Statistics: numBatchesST=694 batchSizeST=400 stDevStdStateMeanST=0.05122166899574458
95% c.i. = 0.9705572265243979 +/- 0.0038108519866031257



REPORT for Depository of Queueing Place : A/isLoggedIn_index----------------------------------------

tkOcp=0.0

------------------ Color = index --------------------
arrivCnt=277766 deptCnt=277766
arrivThrPut=0.027804388828763967 deptThrPut=0.027804388828763967
meanTkPop=0.0 tkColOcp=0.0
-----
meanST=0.0 stDevST=0.0

Steady State Statistics: numBatchesST=1388 batchSizeST=200 stDevStdStateMeanST=0.0
95% c.i. = 0.0 +/- 0.0



REPORT for Queue : Auth----------------------------------------

totArrivThrPut=0.16659139816925614 totDeptThrPut=0.16659139816925614
meanTotTkPop=0.07078383392031522 queueUtil=0.0635093825758329
meanST=0.4248948907217835



REPORT for Queue of Queueing Place : W/login----------------------------------------

queueUtilQPl=0.012194586768866646

------------------ Color = login --------------------
arrivCnt=277342 deptCnt=277342
arrivThrPut=0.02776194641009719 deptThrPut=0.02776194641009719
meanTkPop=0.01235084569903215 tkColOcp=0.012194586768866646
-----
meanST=0.44488399756221964 stDevST=0.4682588628427741

Steady State Statistics: numBatchesST=173 batchSizeST=1600 stDevStdStateMeanST=0.012743613376964754
95% c.i. = 0.4449431781941232 +/- 0.0019124432863976005



REPORT for Depository of Queueing Place : W/login----------------------------------------

tkOcp=0.0

------------------ Color = login --------------------
arrivCnt=277342 deptCnt=277342
arrivThrPut=0.02776194641009719 deptThrPut=0.02776194641009719
meanTkPop=0.0 tkColOcp=0.0
-----
meanST=0.0 stDevST=0.0

Steady State Statistics: numBatchesST=1386 batchSizeST=200 stDevStdStateMeanST=0.0
95% c.i. = 0.0 +/- 0.0



REPORT for Queue : WebUI----------------------------------------

totArrivThrPut=0.16659139816925614 totDeptThrPut=0.16659139816925614
meanTotTkPop=0.06032738906852339 queueUtil=0.054833032196244094
meanST=0.362127875337423



REPORT for Queue of Queueing Place : W/loginAction----------------------------------------

queueUtilQPl=0.0040428488275511916

------------------ Color = loginAction --------------------
arrivCnt=277743 deptCnt=277743
arrivThrPut=0.027802086527751384 deptThrPut=0.027802086527751384
meanTkPop=0.0040750927403413175 tkColOcp=0.0040428488275511916
-----
meanST=0.14657506861125896 stDevST=0.25266490096029115

Steady State Statistics: numBatchesST=347 batchSizeST=800 stDevStdStateMeanST=0.008761982837269523
95% c.i. = 0.14657609205692074 +/- 9.219041113736669E-4



REPORT for Depository of Queueing Place : W/loginAction----------------------------------------

tkOcp=0.0

------------------ Color = loginAction --------------------
arrivCnt=277743 deptCnt=277743
arrivThrPut=0.027802086527751384 deptThrPut=0.027802086527751384
meanTkPop=0.0 tkColOcp=0.0
-----
meanST=0.0 stDevST=0.0

Steady State Statistics: numBatchesST=1388 batchSizeST=200 stDevStdStateMeanST=0.0
95% c.i. = 0.0 +/- 0.0



REPORT for Queue : WebUI----------------------------------------

totArrivThrPut=0.16659139816925614 totDeptThrPut=0.16659139816925614
meanTotTkPop=0.06032738906852339 queueUtil=0.054833032196244094
meanST=0.362127875337423



REPORT for Queue of Queueing Place : A/login_loginAction----------------------------------------

queueUtilQPl=0.003975774824283453

------------------ Color = loginAction --------------------
arrivCnt=277743 deptCnt=277743
arrivThrPut=0.027802086527751384 deptThrPut=0.027802086527751384
meanTkPop=0.004014465625785851 tkColOcp=0.003975774824283453
-----
meanST=0.1443944008223522 stDevST=0.2786608651548462

Steady State Statistics: numBatchesST=347 batchSizeST=800 stDevStdStateMeanST=0.01019684999141371
95% c.i. = 0.14438732063843876 +/- 0.001072875638395373



REPORT for Depository of Queueing Place : A/login_loginAction----------------------------------------

tkOcp=0.0

------------------ Color = loginAction --------------------
arrivCnt=277743 deptCnt=277743
arrivThrPut=0.027802086527751384 deptThrPut=0.027802086527751384
meanTkPop=0.0 tkColOcp=0.0
-----
meanST=0.0 stDevST=0.0

Steady State Statistics: numBatchesST=1388 batchSizeST=200 stDevStdStateMeanST=0.0
95% c.i. = 0.0 +/- 0.0



REPORT for Queue : Auth----------------------------------------

totArrivThrPut=0.16659139816925614 totDeptThrPut=0.16659139816925614
meanTotTkPop=0.07078383392031522 queueUtil=0.0635093825758329
meanST=0.4248948907217835



REPORT for Queue of Queueing Place : W/logout----------------------------------------

queueUtilQPl=0.0075854097441178155

------------------ Color = logout --------------------
arrivCnt=277228 deptCnt=277228
arrivThrPut=0.027750535005078292 deptThrPut=0.027750535005078292
meanTkPop=0.007658100650065837 tkColOcp=0.0075854097441178155
-----
meanST=0.2759622705891768 stDevST=0.3355524094271197

Steady State Statistics: numBatchesST=346 batchSizeST=800 stDevStdStateMeanST=0.0114637796780303
95% c.i. = 0.2759536483603235 +/- 0.0012079191664176908



REPORT for Depository of Queueing Place : W/logout----------------------------------------

tkOcp=0.0

------------------ Color = logout --------------------
arrivCnt=277228 deptCnt=277228
arrivThrPut=0.027750535005078292 deptThrPut=0.027750535005078292
meanTkPop=0.0 tkColOcp=0.0
-----
meanST=0.0 stDevST=0.0

Steady State Statistics: numBatchesST=1386 batchSizeST=200 stDevStdStateMeanST=0.0
95% c.i. = 0.0 +/- 0.0



REPORT for Queue : WebUI----------------------------------------

totArrivThrPut=0.16659139816925614 totDeptThrPut=0.16659139816925614
meanTotTkPop=0.06032738906852339 queueUtil=0.054833032196244094
meanST=0.362127875337423



REPORT for Queue of Queueing Place : A/logout_logout----------------------------------------

queueUtilQPl=0.003948332329330063

------------------ Color = logout --------------------
arrivCnt=277228 deptCnt=277228
arrivThrPut=0.027750535005078292 deptThrPut=0.027750535005078292
meanTkPop=0.003987296094645743 tkColOcp=0.003948332329330063
-----
meanST=0.1436835756109234 stDevST=0.2799014389383965

Steady State Statistics: numBatchesST=693 batchSizeST=400 stDevStdStateMeanST=0.014237396698950962
95% c.i. = 0.1436900102081674 +/- 0.0010600151192122203



REPORT for Depository of Queueing Place : A/logout_logout----------------------------------------

tkOcp=0.0

------------------ Color = logout --------------------
arrivCnt=277228 deptCnt=277228
arrivThrPut=0.027750535005078292 deptThrPut=0.027750535005078292
meanTkPop=0.0 tkColOcp=0.0
-----
meanST=0.0 stDevST=0.0

Steady State Statistics: numBatchesST=1386 batchSizeST=200 stDevStdStateMeanST=0.0
95% c.i. = 0.0 +/- 0.0



REPORT for Queue : Auth----------------------------------------

totArrivThrPut=0.16659139816925614 totDeptThrPut=0.16659139816925614
meanTotTkPop=0.07078383392031522 queueUtil=0.0635093825758329
meanST=0.4248948907217835



REPORT for Queue of Queueing Place : P/getUser_loginAction----------------------------------------

queueUtilQPl=0.015389923887414999

------------------ Color = loginAction --------------------
arrivCnt=277743 deptCnt=277743
arrivThrPut=0.027802086527751384 deptThrPut=0.027802086527751384
meanTkPop=0.015780260455383274 tkColOcp=0.015389923887414999
-----
meanST=0.5675926675370855 stDevST=0.7875441805225298

Steady State Statistics: numBatchesST=694 batchSizeST=400 stDevStdStateMeanST=0.041088555402794734
95% c.i. = 0.5676175046134532 +/- 0.0030569562853643355



REPORT for Depository of Queueing Place : P/getUser_loginAction----------------------------------------

tkOcp=0.0

------------------ Color = loginAction --------------------
arrivCnt=277743 deptCnt=277743
arrivThrPut=0.027802086527751384 deptThrPut=0.027802086527751384
meanTkPop=0.0 tkColOcp=0.0
-----
meanST=0.0 stDevST=0.0

Steady State Statistics: numBatchesST=1388 batchSizeST=200 stDevStdStateMeanST=0.0
95% c.i. = 0.0 +/- 0.0



REPORT for Queue : Persistence----------------------------------------

totArrivThrPut=0.16659139816925617 totDeptThrPut=0.16659139816925617
meanTotTkPop=0.14298264379316605 queueUtil=0.11866274879600985
meanST=0.8582834730031877



REPORT for Queue of Queueing Place : W/category----------------------------------------

queueUtilQPl=0.025560612232621828

------------------ Color = category --------------------
arrivCnt=277880 deptCnt=277880
arrivThrPut=0.027815800233782866 deptThrPut=0.027815800233782866
meanTkPop=0.026234029811651547 tkColOcp=0.025560612232621828
-----
meanST=0.9431341033212403 stDevST=0.939637501399445

Steady State Statistics: numBatchesST=694 batchSizeST=400 stDevStdStateMeanST=0.05044040220324971
95% c.i. = 0.9431135617355784 +/- 0.003752726350195349



REPORT for Depository of Queueing Place : W/category----------------------------------------

tkOcp=0.0

------------------ Color = category --------------------
arrivCnt=277880 deptCnt=277880
arrivThrPut=0.027815800233782866 deptThrPut=0.027815800233782866
meanTkPop=0.0 tkColOcp=0.0
-----
meanST=0.0 stDevST=0.0

Steady State Statistics: numBatchesST=1389 batchSizeST=200 stDevStdStateMeanST=0.0
95% c.i. = 0.0 +/- 0.0



REPORT for Queue : WebUI----------------------------------------

totArrivThrPut=0.16659139816925614 totDeptThrPut=0.16659139816925614
meanTotTkPop=0.06032738906852339 queueUtil=0.054833032196244094
meanST=0.362127875337423



REPORT for Queue of Queueing Place : W/product----------------------------------------

queueUtilQPl=0.006228239540215198

------------------ Color = product --------------------
arrivCnt=276290 deptCnt=276290
arrivThrPut=0.027656641163782452 deptThrPut=0.027656641163782452
meanTkPop=0.006281646391397987 tkColOcp=0.006228239540215198
-----
meanST=0.2271297643917827 stDevST=0.29432692114794273

Steady State Statistics: numBatchesST=690 batchSizeST=400 stDevStdStateMeanST=0.015418091265618944
95% c.i. = 0.22714765805456621 +/- 0.0011504139987255878



REPORT for Depository of Queueing Place : W/product----------------------------------------

tkOcp=0.0

------------------ Color = product --------------------
arrivCnt=276290 deptCnt=276290
arrivThrPut=0.027656641163782452 deptThrPut=0.027656641163782452
meanTkPop=0.0 tkColOcp=0.0
-----
meanST=0.0 stDevST=0.0

Steady State Statistics: numBatchesST=1381 batchSizeST=200 stDevStdStateMeanST=0.0
95% c.i. = 0.0 +/- 0.0



REPORT for Queue : WebUI----------------------------------------

totArrivThrPut=0.16659139816925614 totDeptThrPut=0.16659139816925614
meanTotTkPop=0.06032738906852339 queueUtil=0.054833032196244094
meanST=0.362127875337423



REPORT for Queue of Queueing Place : P/category_category----------------------------------------

queueUtilQPl=0.01721890316373409

------------------ Color = category --------------------
arrivCnt=277880 deptCnt=277880
arrivThrPut=0.027815800233782866 deptThrPut=0.027815800233782866
meanTkPop=0.01754995379473257 tkColOcp=0.01721890316373409
-----
meanST=0.630934707872175 stDevST=0.7692562888723165

Steady State Statistics: numBatchesST=694 batchSizeST=400 stDevStdStateMeanST=0.03958782747178543
95% c.i. = 0.6308996913310253 +/- 0.0029453033047144323



REPORT for Depository of Queueing Place : P/category_category----------------------------------------

tkOcp=0.0

------------------ Color = category --------------------
arrivCnt=277880 deptCnt=277880
arrivThrPut=0.027815800233782866 deptThrPut=0.027815800233782866
meanTkPop=0.0 tkColOcp=0.0
-----
meanST=0.0 stDevST=0.0

Steady State Statistics: numBatchesST=1389 batchSizeST=200 stDevStdStateMeanST=0.0
95% c.i. = 0.0 +/- 0.0



REPORT for Queue : Persistence----------------------------------------

totArrivThrPut=0.16659139816925617 totDeptThrPut=0.16659139816925617
meanTotTkPop=0.14298264379316605 queueUtil=0.11866274879600985
meanST=0.8582834730031877



REPORT for Queue of Queueing Place : P/getProduct_product----------------------------------------

queueUtilQPl=0.049545493070616634

------------------ Color = product --------------------
arrivCnt=276290 deptCnt=276290
arrivThrPut=0.027656641163782452 deptThrPut=0.027656641163782452
meanTkPop=0.052123338779295994 tkColOcp=0.049545493070616634
-----
meanST=1.884659039780786 stDevST=1.8537302990503894

Steady State Statistics: numBatchesST=690 batchSizeST=400 stDevStdStateMeanST=0.10285803126169643
95% c.i. = 1.884477603404795 +/- 0.007674706097289372



REPORT for Depository of Queueing Place : P/getProduct_product----------------------------------------

tkOcp=0.0

------------------ Color = product --------------------
arrivCnt=276290 deptCnt=276290
arrivThrPut=0.027656641163782452 deptThrPut=0.027656641163782452
meanTkPop=0.0 tkColOcp=0.0
-----
meanST=0.0 stDevST=0.0

Steady State Statistics: numBatchesST=1381 batchSizeST=200 stDevStdStateMeanST=0.0
95% c.i. = 0.0 +/- 0.0



REPORT for Queue : Persistence----------------------------------------

totArrivThrPut=0.16659139816925617 totDeptThrPut=0.16659139816925617
meanTotTkPop=0.14298264379316605 queueUtil=0.11866274879600985
meanST=0.8582834730031877



REPORT for Queue of Queueing Place : R/getAds_product----------------------------------------

queueUtilQPl=0.005383470417047236

------------------ Color = product --------------------
arrivCnt=276290 deptCnt=276290
arrivThrPut=0.027656641163782452 deptThrPut=0.027656641163782452
meanTkPop=0.005409804817063484 tkColOcp=0.005383470417047236
-----
meanST=0.19560599513970822 stDevST=0.19598837286396198

Steady State Statistics: numBatchesST=690 batchSizeST=400 stDevStdStateMeanST=0.009880950659306118
95% c.i. = 0.19558775663949526 +/- 7.372627235986374E-4



REPORT for Depository of Queueing Place : R/getAds_product----------------------------------------

tkOcp=0.0

------------------ Color = product --------------------
arrivCnt=276290 deptCnt=276290
arrivThrPut=0.027656641163782452 deptThrPut=0.027656641163782452
meanTkPop=0.0 tkColOcp=0.0
-----
meanST=0.0 stDevST=0.0

Steady State Statistics: numBatchesST=1381 batchSizeST=200 stDevStdStateMeanST=0.0
95% c.i. = 0.0 +/- 0.0



REPORT for Queue : Recommender----------------------------------------

totArrivThrPut=0.027656641163782452 totDeptThrPut=0.027656641163782452
meanTotTkPop=0.005409804817063484 queueUtil=0.005383470417047236
meanST=0.19560599513970822



REPORT for Queue of Queueing Place : I/productImages_category----------------------------------------

queueUtilQPl=0.006106999604774634

------------------ Color = category --------------------
arrivCnt=277880 deptCnt=277880
arrivThrPut=0.027815800233782866 deptThrPut=0.027815800233782866
meanTkPop=0.006147125188197636 tkColOcp=0.006106999604774634
-----
meanST=0.22099400831660507 stDevST=0.22936059617549062

Steady State Statistics: numBatchesST=694 batchSizeST=400 stDevStdStateMeanST=0.011284853086156505
95% c.i. = 0.2210084006321077 +/- 8.395842159199597E-4



REPORT for Depository of Queueing Place : I/productImages_category----------------------------------------

tkOcp=0.0

------------------ Color = category --------------------
arrivCnt=277880 deptCnt=277880
arrivThrPut=0.027815800233782866 deptThrPut=0.027815800233782866
meanTkPop=0.0 tkColOcp=0.0
-----
meanST=0.0 stDevST=0.0

Steady State Statistics: numBatchesST=1389 batchSizeST=200 stDevStdStateMeanST=0.0
95% c.i. = 0.0 +/- 0.0



REPORT for Queue : ImageProvider----------------------------------------

totArrivThrPut=0.16659139816925614 totDeptThrPut=0.16659139816925614
meanTotTkPop=0.044908290998887115 queueUtil=0.04200189027662571
meanST=0.2695714874381478



REPORT for Queue of Queueing Place : I/product_product----------------------------------------

queueUtilQPl=0.00407666965830128

------------------ Color = product --------------------
arrivCnt=276290 deptCnt=276290
arrivThrPut=0.027656641163782452 deptThrPut=0.027656641163782452
meanTkPop=0.004099141892305806 tkColOcp=0.00407666965830128
-----
meanST=0.1482154636215842 stDevST=0.19617235879435185

Steady State Statistics: numBatchesST=690 batchSizeST=400 stDevStdStateMeanST=0.010052092947534536
95% c.i. = 0.14822666488277483 +/- 7.500324290543924E-4



REPORT for Depository of Queueing Place : I/product_product----------------------------------------

tkOcp=0.0

------------------ Color = product --------------------
arrivCnt=276290 deptCnt=276290
arrivThrPut=0.027656641163782452 deptThrPut=0.027656641163782452
meanTkPop=0.0 tkColOcp=0.0
-----
meanST=0.0 stDevST=0.0

Steady State Statistics: numBatchesST=1381 batchSizeST=200 stDevStdStateMeanST=0.0
95% c.i. = 0.0 +/- 0.0



REPORT for Queue : ImageProvider----------------------------------------

totArrivThrPut=0.16659139816925614 totDeptThrPut=0.16659139816925614
meanTotTkPop=0.044908290998887115 queueUtil=0.04200189027662571
meanST=0.2695714874381478



REPORT for Queue of Queueing Place : Workload----------------------------------------

queueUtilQPl=1.0

------------------ Color = workload --------------------
arrivCnt=1664249 deptCnt=1664249
arrivThrPut=0.16659139816925614 deptThrPut=0.16659139816925614
meanTkPop=1.0 tkColOcp=1.0
-----
meanST=6.002710890174559 stDevST=6.002804825383886

Steady State Statistics: numBatchesST=2080 batchSizeST=800 stDevStdStateMeanST=0.21378981415328127
95% c.i. = 6.002702103256102 +/- 0.009187628648580744



REPORT for Depository of Queueing Place : Workload----------------------------------------

tkOcp=0.0

------------------ Color = workload --------------------
arrivCnt=1664249 deptCnt=1664249
arrivThrPut=0.16659139816925614 deptThrPut=0.16659139816925614
meanTkPop=0.0 tkColOcp=0.0
-----
meanST=0.0 stDevST=0.0

Steady State Statistics: numBatchesST=8321 batchSizeST=200 stDevStdStateMeanST=0.0
95% c.i. = 0.0 +/- 0.0



REPORT for Queue : Workload----------------------------------------

totArrivThrPut=0.16659139816925614 totDeptThrPut=0.16659139816925614
meanTotTkPop=1.0 queueUtil=1.0
meanST=6.002710890174559



REPORT for Queue of Queueing Place : I/icon_index----------------------------------------

queueUtilQPl=0.0032366307941996157

------------------ Color = index --------------------
arrivCnt=277766 deptCnt=277766
arrivThrPut=0.027804388828763967 deptThrPut=0.027804388828763967
meanTkPop=0.0032497049648780624 tkColOcp=0.0032366307941996157
-----
meanST=0.11687741042939971 stDevST=0.15243762936839

Steady State Statistics: numBatchesST=694 batchSizeST=400 stDevStdStateMeanST=0.007630482402354834
95% c.i. = 0.11688203418552959 +/- 5.677019041329934E-4



REPORT for Depository of Queueing Place : I/icon_index----------------------------------------

tkOcp=0.0

------------------ Color = index --------------------
arrivCnt=277766 deptCnt=277766
arrivThrPut=0.027804388828763967 deptThrPut=0.027804388828763967
meanTkPop=0.0 tkColOcp=0.0
-----
meanST=0.0 stDevST=0.0

Steady State Statistics: numBatchesST=1388 batchSizeST=200 stDevStdStateMeanST=0.0
95% c.i. = 0.0 +/- 0.0



REPORT for Queue : ImageProvider----------------------------------------

totArrivThrPut=0.16659139816925614 totDeptThrPut=0.16659139816925614
meanTotTkPop=0.044908290998887115 queueUtil=0.04200189027662571
meanST=0.2695714874381478



REPORT for Queue of Queueing Place : P/categories_login----------------------------------------

queueUtilQPl=0.0227111991459254

------------------ Color = login --------------------
arrivCnt=277342 deptCnt=277342
arrivThrPut=0.02776194641009719 deptThrPut=0.02776194641009719
meanTkPop=0.023305479671714733 tkColOcp=0.0227111991459254
-----
meanST=0.8394757099321533 stDevST=0.9401188562060742

Steady State Statistics: numBatchesST=693 batchSizeST=400 stDevStdStateMeanST=0.052476959889616856
95% c.i. = 0.8395288569005903 +/- 0.0039070605441081626



REPORT for Depository of Queueing Place : P/categories_login----------------------------------------

tkOcp=0.0

------------------ Color = login --------------------
arrivCnt=277342 deptCnt=277342
arrivThrPut=0.02776194641009719 deptThrPut=0.02776194641009719
meanTkPop=0.0 tkColOcp=0.0
-----
meanST=0.0 stDevST=0.0

Steady State Statistics: numBatchesST=1386 batchSizeST=200 stDevStdStateMeanST=0.0
95% c.i. = 0.0 +/- 0.0



REPORT for Queue : Persistence----------------------------------------

totArrivThrPut=0.16659139816925617 totDeptThrPut=0.16659139816925617
meanTotTkPop=0.14298264379316605 queueUtil=0.11866274879600985
meanST=0.8582834730031877



REPORT for Queue of Queueing Place : I/icon_login----------------------------------------

queueUtilQPl=0.00417638892848343

------------------ Color = login --------------------
arrivCnt=277342 deptCnt=277342
arrivThrPut=0.02776194641009719 deptThrPut=0.02776194641009719
meanTkPop=0.00419706075827999 tkColOcp=0.00417638892848343
-----
meanST=0.15118034939918668 stDevST=0.17022540264539204

Steady State Statistics: numBatchesST=693 batchSizeST=400 stDevStdStateMeanST=0.009067084041172593
95% c.i. = 0.15118278984626377 +/- 6.750704762984485E-4



REPORT for Depository of Queueing Place : I/icon_login----------------------------------------

tkOcp=0.0

------------------ Color = login --------------------
arrivCnt=277342 deptCnt=277342
arrivThrPut=0.02776194641009719 deptThrPut=0.02776194641009719
meanTkPop=0.0 tkColOcp=0.0
-----
meanST=0.0 stDevST=0.0

Steady State Statistics: numBatchesST=1386 batchSizeST=200 stDevStdStateMeanST=0.0
95% c.i. = 0.0 +/- 0.0



REPORT for Queue : ImageProvider----------------------------------------

totArrivThrPut=0.16659139816925614 totDeptThrPut=0.16659139816925614
meanTotTkPop=0.044908290998887115 queueUtil=0.04200189027662571
meanST=0.2695714874381478



REPORT for Queue of Queueing Place : A/isLoggedIn_login----------------------------------------

queueUtilQPl=0.01835442786862235

------------------ Color = login --------------------
arrivCnt=277342 deptCnt=277342
arrivThrPut=0.02776194641009719 deptThrPut=0.02776194641009719
meanTkPop=0.01872092154294938 tkColOcp=0.01835442786862235
-----
meanST=0.6743375002028125 stDevST=0.6831855979608651

Steady State Statistics: numBatchesST=346 batchSizeST=800 stDevStdStateMeanST=0.024233725510966617
95% c.i. = 0.6743181401871841 +/- 0.002553466861762951



REPORT for Depository of Queueing Place : A/isLoggedIn_login----------------------------------------

tkOcp=0.0

------------------ Color = login --------------------
arrivCnt=277342 deptCnt=277342
arrivThrPut=0.02776194641009719 deptThrPut=0.02776194641009719
meanTkPop=0.0 tkColOcp=0.0
-----
meanST=0.0 stDevST=0.0

Steady State Statistics: numBatchesST=1386 batchSizeST=200 stDevStdStateMeanST=0.0
95% c.i. = 0.0 +/- 0.0



REPORT for Queue : Auth----------------------------------------

totArrivThrPut=0.16659139816925614 totDeptThrPut=0.16659139816925614
meanTotTkPop=0.07078383392031522 queueUtil=0.0635093825758329
meanST=0.4248948907217835



REPORT for Queue of Queueing Place : A/isLoggedIn_category----------------------------------------

queueUtilQPl=0.011977040689646497

------------------ Color = category --------------------
arrivCnt=277880 deptCnt=277880
arrivThrPut=0.027815800233782866 deptThrPut=0.027815800233782866
meanTkPop=0.012135557557988688 tkColOcp=0.011977040689646497
-----
meanST=0.4362828844035845 stDevST=0.46761244247194494

Steady State Statistics: numBatchesST=694 batchSizeST=400 stDevStdStateMeanST=0.024353576019982164
95% c.i. = 0.43625634978537947 +/- 0.0018118869489463453



REPORT for Depository of Queueing Place : A/isLoggedIn_category----------------------------------------

tkOcp=0.0

------------------ Color = category --------------------
arrivCnt=277880 deptCnt=277880
arrivThrPut=0.027815800233782866 deptThrPut=0.027815800233782866
meanTkPop=0.0 tkColOcp=0.0
-----
meanST=0.0 stDevST=0.0

Steady State Statistics: numBatchesST=1389 batchSizeST=200 stDevStdStateMeanST=0.0
95% c.i. = 0.0 +/- 0.0



REPORT for Queue : Auth----------------------------------------

totArrivThrPut=0.16659139816925614 totDeptThrPut=0.16659139816925614
meanTotTkPop=0.07078383392031522 queueUtil=0.0635093825758329
meanST=0.4248948907217835



REPORT for Queue of Queueing Place : I/icon_logout----------------------------------------

queueUtilQPl=0.015843764222440507

------------------ Color = logout --------------------
arrivCnt=277228 deptCnt=277228
arrivThrPut=0.027750535005078292 deptThrPut=0.027750535005078292
meanTkPop=0.016152149988861542 tkColOcp=0.015843764222440507
-----
meanST=0.5820482374810334 stDevST=0.5733412034515486

Steady State Statistics: numBatchesST=693 batchSizeST=400 stDevStdStateMeanST=0.029879981672328696
95% c.i. = 0.5820542429974437 +/- 0.002224650545614578



REPORT for Depository of Queueing Place : I/icon_logout----------------------------------------

tkOcp=0.0

------------------ Color = logout --------------------
arrivCnt=277228 deptCnt=277228
arrivThrPut=0.027750535005078292 deptThrPut=0.027750535005078292
meanTkPop=0.0 tkColOcp=0.0
-----
meanST=0.0 stDevST=0.0

Steady State Statistics: numBatchesST=1386 batchSizeST=200 stDevStdStateMeanST=0.0
95% c.i. = 0.0 +/- 0.0



REPORT for Queue : ImageProvider----------------------------------------

totArrivThrPut=0.16659139816925614 totDeptThrPut=0.16659139816925614
meanTotTkPop=0.044908290998887115 queueUtil=0.04200189027662571
meanST=0.2695714874381478



REPORT for Queue of Queueing Place : I/icon_loginAction----------------------------------------

queueUtilQPl=0.01091467343562494

------------------ Color = loginAction --------------------
arrivCnt=277743 deptCnt=277743
arrivThrPut=0.027802086527751384 deptThrPut=0.027802086527751384
meanTkPop=0.011063108206364079 tkColOcp=0.01091467343562494
-----
meanST=0.3979236664601107 stDevST=0.39960433761499353

Steady State Statistics: numBatchesST=694 batchSizeST=400 stDevStdStateMeanST=0.02098569566572659
95% c.i. = 0.3979210121597656 +/- 0.0015613192929075943



REPORT for Depository of Queueing Place : I/icon_loginAction----------------------------------------

tkOcp=0.0

------------------ Color = loginAction --------------------
arrivCnt=277743 deptCnt=277743
arrivThrPut=0.027802086527751384 deptThrPut=0.027802086527751384
meanTkPop=0.0 tkColOcp=0.0
-----
meanST=0.0 stDevST=0.0

Steady State Statistics: numBatchesST=1388 batchSizeST=200 stDevStdStateMeanST=0.0
95% c.i. = 0.0 +/- 0.0



REPORT for Queue : ImageProvider----------------------------------------

totArrivThrPut=0.16659139816925614 totDeptThrPut=0.16659139816925614
meanTotTkPop=0.044908290998887115 queueUtil=0.04200189027662571
meanST=0.2695714874381478



REPORT for Queue of Queueing Place : A/isLoggedIn_product----------------------------------------

queueUtilQPl=0.004899387781446622

------------------ Color = product --------------------
arrivCnt=276290 deptCnt=276290
arrivThrPut=0.027656641163782452 deptThrPut=0.027656641163782452
meanTkPop=0.004941913149719491 tkColOcp=0.004899387781446622
-----
meanST=0.17868811763704467 stDevST=0.2895230460413833

Steady State Statistics: numBatchesST=690 batchSizeST=400 stDevStdStateMeanST=0.014825558983550913
95% c.i. = 0.17867087130298703 +/- 0.0011062024669448727



REPORT for Depository of Queueing Place : A/isLoggedIn_product----------------------------------------

tkOcp=0.0

------------------ Color = product --------------------
arrivCnt=276290 deptCnt=276290
arrivThrPut=0.027656641163782452 deptThrPut=0.027656641163782452
meanTkPop=0.0 tkColOcp=0.0
-----
meanST=0.0 stDevST=0.0

Steady State Statistics: numBatchesST=1381 batchSizeST=200 stDevStdStateMeanST=0.0
95% c.i. = 0.0 +/- 0.0



REPORT for Queue : Auth----------------------------------------

totArrivThrPut=0.16659139816925614 totDeptThrPut=0.16659139816925614
meanTotTkPop=0.07078383392031522 queueUtil=0.0635093825758329
meanST=0.4248948907217835



REPORT for Queue of Queueing Place : P/category_logout----------------------------------------

queueUtilQPl=0.006768693767277226

------------------ Color = logout --------------------
arrivCnt=277228 deptCnt=277228
arrivThrPut=0.027750535005078292 deptThrPut=0.027750535005078292
meanTkPop=0.006965823039202293 tkColOcp=0.006768693767277226
-----
meanST=0.2510158106114913 stDevST=0.6696418749418827

Steady State Statistics: numBatchesST=693 batchSizeST=400 stDevStdStateMeanST=0.03650595953911976
95% c.i. = 0.25103237051787813 +/- 0.002717973648628318



REPORT for Depository of Queueing Place : P/category_logout----------------------------------------

tkOcp=0.0

------------------ Color = logout --------------------
arrivCnt=277228 deptCnt=277228
arrivThrPut=0.027750535005078292 deptThrPut=0.027750535005078292
meanTkPop=0.0 tkColOcp=0.0
-----
meanST=0.0 stDevST=0.0

Steady State Statistics: numBatchesST=1386 batchSizeST=200 stDevStdStateMeanST=0.0
95% c.i. = 0.0 +/- 0.0



REPORT for Queue : Persistence----------------------------------------

totArrivThrPut=0.16659139816925617 totDeptThrPut=0.16659139816925617
meanTotTkPop=0.14298264379316605 queueUtil=0.11866274879600985
meanST=0.8582834730031877



REPORT for Ordinary Place : Finish_index----------------------------------------

tkOcp=1.0000000000000002

------------------ Color = index --------------------
arrivCnt=277766 deptCnt=0
arrivThrPut=0.027804388828763967 deptThrPut=0.0
meanTkPop=139039.3271204686 tkColOcp=1.0000000000000002
-----
meanST=NaN stDevST=NaN

Steady State Statistics: Only 0 batches collected!
Need at least 60 for steady state statistics.



REPORT for Ordinary Place : Finish_login----------------------------------------

tkOcp=1.0

------------------ Color = login --------------------
arrivCnt=277342 deptCnt=0
arrivThrPut=0.02776194641009719 deptThrPut=0.0
meanTkPop=139092.41952009354 tkColOcp=1.0
-----
meanST=NaN stDevST=NaN

Steady State Statistics: Only 0 batches collected!
Need at least 60 for steady state statistics.



REPORT for Ordinary Place : Finish_loginAction----------------------------------------

tkOcp=1.0

------------------ Color = loginAction --------------------
arrivCnt=277743 deptCnt=0
arrivThrPut=0.027802086527751384 deptThrPut=0.0
meanTkPop=139188.1962563245 tkColOcp=1.0
-----
meanST=NaN stDevST=NaN

Steady State Statistics: Only 0 batches collected!
Need at least 60 for steady state statistics.



REPORT for Ordinary Place : Finish_category----------------------------------------

tkOcp=1.0

------------------ Color = category --------------------
arrivCnt=277880 deptCnt=0
arrivThrPut=0.027815800233782866 deptThrPut=0.0
meanTkPop=139264.6368429642 tkColOcp=1.0
-----
meanST=NaN stDevST=NaN

Steady State Statistics: Only 0 batches collected!
Need at least 60 for steady state statistics.



REPORT for Ordinary Place : Finish_product----------------------------------------

tkOcp=1.0000000000000002

------------------ Color = product --------------------
arrivCnt=276290 deptCnt=0
arrivThrPut=0.027656641163782452 deptThrPut=0.0
meanTkPop=138331.98560095948 tkColOcp=1.0000000000000002
-----
meanST=NaN stDevST=NaN

Steady State Statistics: Only 0 batches collected!
Need at least 60 for steady state statistics.



REPORT for Ordinary Place : Finish_logout----------------------------------------

tkOcp=1.0

------------------ Color = logout --------------------
arrivCnt=277228 deptCnt=0
arrivThrPut=0.027750535005078292 deptThrPut=0.0
meanTkPop=139134.1911749922 tkColOcp=1.0
-----
meanST=NaN stDevST=NaN

Steady State Statistics: Only 0 batches collected!
Need at least 60 for steady state statistics.



REPORT REPORT for Probe : /index----------------------------------------


------------------ Color = index --------------------
-----
meanST=2.201769192626318 stDevST=1.4732146620465518

Steady State Statistics: numBatchesST=347 batchSizeST=800 stDevStdStateMeanST=0.053673095357933215
95% c.i. = 2.2018427915560372 +/- 0.005647288770089546



REPORT REPORT for Probe : /login----------------------------------------


------------------ Color = login --------------------
-----
meanST=2.109877557096372 stDevST=1.2679584505900554

Steady State Statistics: numBatchesST=693 batchSizeST=400 stDevStdStateMeanST=0.06872017801664612
95% c.i. = 2.109956813918651 +/- 0.005116414835723967



REPORT REPORT for Probe : /loginAction----------------------------------------


------------------ Color = loginAction --------------------
-----
meanST=1.2564858034308073 stDevST=0.9783215314288914

Steady State Statistics: numBatchesST=694 batchSizeST=400 stDevStdStateMeanST=0.05014547839453389
95% c.i. = 1.256501929468578 +/- 0.003730784250213511



REPORT REPORT for Probe : /logout----------------------------------------


------------------ Color = logout --------------------
-----
meanST=1.2527098942926251 stDevST=1.006291585629872

Steady State Statistics: numBatchesST=693 batchSizeST=400 stDevStdStateMeanST=0.055507380032635945
95% c.i. = 1.2527408781812395 +/- 0.004132684036737414



REPORT REPORT for Probe : /category----------------------------------------


------------------ Color = category --------------------
-----
meanST=2.231345703913605 stDevST=1.2993849874729462

Steady State Statistics: numBatchesST=347 batchSizeST=800 stDevStdStateMeanST=0.05001900395003805
95% c.i. = 2.2312780034840913 +/- 0.005262818501790831



REPORT REPORT for Probe : /product----------------------------------------


------------------ Color = product --------------------
-----
meanST=2.6342983805709057 stDevST=1.9427988501798523

Steady State Statistics: numBatchesST=690 batchSizeST=400 stDevStdStateMeanST=0.10864091973733078
95% c.i. = 2.634110554284618 +/- 0.008106193740009041



