INFO Logging to /home/yjx/workloadConfig/qpme/output/SimQPN_Output_config_2025-08-14_105723885.log
WARN Batch means correlation test was run for depository of place Workload, color 0
    However, the standard deviation of the token residence time is 0 and therefore the result of the test is ignored!
    In future runs, you should set numBMeansCorlTested to 0 to switch off the correlation test!
WARN Batch means correlation test was run for depository of place W/category, color 0
    However, the standard deviation of the token residence time is 0 and therefore the result of the test is ignored!
    In future runs, you should set numBMeansCorlTested to 0 to switch off the correlation test!
WARN Batch means correlation test was run for depository of place P/category_category, color 0
    However, the standard deviation of the token residence time is 0 and therefore the result of the test is ignored!
    In future runs, you should set numBMeansCorlTested to 0 to switch off the correlation test!
WARN Batch means correlation test was run for depository of place I/productImages_category, color 0
    However, the standard deviation of the token residence time is 0 and therefore the result of the test is ignored!
    In future runs, you should set numBMeansCorlTested to 0 to switch off the correlation test!
WARN Batch means correlation test was run for depository of place A/isLoggedIn_category, color 0
    However, the standard deviation of the token residence time is 0 and therefore the result of the test is ignored!
    In future runs, you should set numBMeansCorlTested to 0 to switch off the correlation test!
WARN Batch means correlation test was run for depository of place W/logout, color 0
    However, the standard deviation of the token residence time is 0 and therefore the result of the test is ignored!
    In future runs, you should set numBMeansCorlTested to 0 to switch off the correlation test!
WARN Batch means correlation test was run for depository of place A/logout_logout, color 0
    However, the standard deviation of the token residence time is 0 and therefore the result of the test is ignored!
    In future runs, you should set numBMeansCorlTested to 0 to switch off the correlation test!
WARN Batch means correlation test was run for depository of place P/category_logout, color 0
    However, the standard deviation of the token residence time is 0 and therefore the result of the test is ignored!
    In future runs, you should set numBMeansCorlTested to 0 to switch off the correlation test!
WARN Batch means correlation test was run for depository of place I/icon_logout, color 0
    However, the standard deviation of the token residence time is 0 and therefore the result of the test is ignored!
    In future runs, you should set numBMeansCorlTested to 0 to switch off the correlation test!
WARN Batch means correlation test was run for depository of place W/product, color 0
    However, the standard deviation of the token residence time is 0 and therefore the result of the test is ignored!
    In future runs, you should set numBMeansCorlTested to 0 to switch off the correlation test!
WARN Batch means correlation test was run for depository of place P/getProduct_product, color 0
    However, the standard deviation of the token residence time is 0 and therefore the result of the test is ignored!
    In future runs, you should set numBMeansCorlTested to 0 to switch off the correlation test!
WARN Batch means correlation test was run for depository of place R/getAds_product, color 0
    However, the standard deviation of the token residence time is 0 and therefore the result of the test is ignored!
    In future runs, you should set numBMeansCorlTested to 0 to switch off the correlation test!
WARN Batch means correlation test was run for depository of place I/product_product, color 0
    However, the standard deviation of the token residence time is 0 and therefore the result of the test is ignored!
    In future runs, you should set numBMeansCorlTested to 0 to switch off the correlation test!
WARN Batch means correlation test was run for depository of place A/isLoggedIn_product, color 0
    However, the standard deviation of the token residence time is 0 and therefore the result of the test is ignored!
    In future runs, you should set numBMeansCorlTested to 0 to switch off the correlation test!
WARN Batch means correlation test was run for depository of place W/login, color 0
    However, the standard deviation of the token residence time is 0 and therefore the result of the test is ignored!
    In future runs, you should set numBMeansCorlTested to 0 to switch off the correlation test!
WARN Batch means correlation test was run for depository of place P/categories_login, color 0
    However, the standard deviation of the token residence time is 0 and therefore the result of the test is ignored!
    In future runs, you should set numBMeansCorlTested to 0 to switch off the correlation test!
WARN Batch means correlation test was run for depository of place I/icon_login, color 0
    However, the standard deviation of the token residence time is 0 and therefore the result of the test is ignored!
    In future runs, you should set numBMeansCorlTested to 0 to switch off the correlation test!
WARN Batch means correlation test was run for depository of place A/isLoggedIn_login, color 0
    However, the standard deviation of the token residence time is 0 and therefore the result of the test is ignored!
    In future runs, you should set numBMeansCorlTested to 0 to switch off the correlation test!
WARN Batch means correlation test was run for depository of place W/index, color 0
    However, the standard deviation of the token residence time is 0 and therefore the result of the test is ignored!
    In future runs, you should set numBMeansCorlTested to 0 to switch off the correlation test!
WARN Batch means correlation test was run for depository of place P/categories_index, color 0
    However, the standard deviation of the token residence time is 0 and therefore the result of the test is ignored!
    In future runs, you should set numBMeansCorlTested to 0 to switch off the correlation test!
WARN Batch means correlation test was run for depository of place A/isLoggedIn_index, color 0
    However, the standard deviation of the token residence time is 0 and therefore the result of the test is ignored!
    In future runs, you should set numBMeansCorlTested to 0 to switch off the correlation test!
WARN Batch means correlation test was run for depository of place I/icon_index, color 0
    However, the standard deviation of the token residence time is 0 and therefore the result of the test is ignored!
    In future runs, you should set numBMeansCorlTested to 0 to switch off the correlation test!
WARN Batch means correlation test was run for depository of place W/loginAction, color 0
    However, the standard deviation of the token residence time is 0 and therefore the result of the test is ignored!
    In future runs, you should set numBMeansCorlTested to 0 to switch off the correlation test!
WARN Batch means correlation test was run for depository of place A/login_loginAction, color 0
    However, the standard deviation of the token residence time is 0 and therefore the result of the test is ignored!
    In future runs, you should set numBMeansCorlTested to 0 to switch off the correlation test!
WARN Batch means correlation test was run for depository of place P/getUser_loginAction, color 0
    However, the standard deviation of the token residence time is 0 and therefore the result of the test is ignored!
    In future runs, you should set numBMeansCorlTested to 0 to switch off the correlation test!
WARN Batch means correlation test was run for depository of place I/icon_loginAction, color 0
    However, the standard deviation of the token residence time is 0 and therefore the result of the test is ignored!
    In future runs, you should set numBMeansCorlTested to 0 to switch off the correlation test!
WARN LP-1 The simulation was stopped because of reaching max totalRunLen.
The required precision may not have been reached!
REPORT for Queue of Queueing Place : W/index----------------------------------------

queueUtilQPl=0.02374827909672767

------------------ Color = index --------------------
arrivCnt=277182 deptCnt=277182
arrivThrPut=0.027745946368225423 deptThrPut=0.027745946368225423
meanTkPop=0.02431228292062971 tkColOcp=0.02374827909672767
-----
meanST=0.876246302720172 stDevST=0.8720572352793469

Steady State Statistics: numBatchesST=692 batchSizeST=400 stDevStdStateMeanST=0.04501758053575259
95% c.i. = 0.8761621404844518 +/- 0.003354109170038237



REPORT for Depository of Queueing Place : W/index----------------------------------------

tkOcp=0.0

------------------ Color = index --------------------
arrivCnt=277182 deptCnt=277182
arrivThrPut=0.027745946368225423 deptThrPut=0.027745946368225423
meanTkPop=0.0 tkColOcp=0.0
-----
meanST=0.0 stDevST=0.0

Steady State Statistics: numBatchesST=1385 batchSizeST=200 stDevStdStateMeanST=0.0
95% c.i. = 0.0 +/- 0.0



REPORT for Queue : WebUI----------------------------------------

totArrivThrPut=0.16655425678912703 totDeptThrPut=0.16655425678912703
meanTotTkPop=0.08914987852199002 queueUtil=0.07928286697711438
meanST=0.5352602823887109



REPORT for Queue of Queueing Place : P/categories_index----------------------------------------

queueUtilQPl=0.012105383148833873

------------------ Color = index --------------------
arrivCnt=277182 deptCnt=277182
arrivThrPut=0.027745946368225423 deptThrPut=0.027745946368225423
meanTkPop=0.012246240213837889 tkColOcp=0.012105383148833873
-----
meanST=0.441370427640639 stDevST=0.4463029504056378

Steady State Statistics: numBatchesST=692 batchSizeST=400 stDevStdStateMeanST=0.0223056155818956
95% c.i. = 0.44131965224640646 +/- 0.0016619167195617277



REPORT for Depository of Queueing Place : P/categories_index----------------------------------------

tkOcp=0.0

------------------ Color = index --------------------
arrivCnt=277182 deptCnt=277182
arrivThrPut=0.027745946368225423 deptThrPut=0.027745946368225423
meanTkPop=0.0 tkColOcp=0.0
-----
meanST=0.0 stDevST=0.0

Steady State Statistics: numBatchesST=1385 batchSizeST=200 stDevStdStateMeanST=0.0
95% c.i. = 0.0 +/- 0.0



REPORT for Queue : Persistence----------------------------------------

totArrivThrPut=0.16655425678912703 totDeptThrPut=0.1665541566890254
meanTotTkPop=0.05764060861284388 queueUtil=0.052653471503669926
meanST=0.34607704686868823



REPORT for Queue of Queueing Place : A/isLoggedIn_index----------------------------------------

queueUtilQPl=0.0031144208982141824

------------------ Color = index --------------------
arrivCnt=277182 deptCnt=277182
arrivThrPut=0.027745946368225423 deptThrPut=0.027745946368225423
meanTkPop=0.003125742557930029 tkColOcp=0.0031144208982141824
-----
meanST=0.11265582786210603 stDevST=0.13947534399996517

Steady State Statistics: numBatchesST=692 batchSizeST=400 stDevStdStateMeanST=0.00721445108976969
95% c.i. = 0.11266005388770864 +/- 5.375245908156031E-4



REPORT for Depository of Queueing Place : A/isLoggedIn_index----------------------------------------

tkOcp=0.0

------------------ Color = index --------------------
arrivCnt=277182 deptCnt=277182
arrivThrPut=0.027745946368225423 deptThrPut=0.027745946368225423
meanTkPop=0.0 tkColOcp=0.0
-----
meanST=0.0 stDevST=0.0

Steady State Statistics: numBatchesST=1385 batchSizeST=200 stDevStdStateMeanST=0.0
95% c.i. = 0.0 +/- 0.0



REPORT for Queue : Auth----------------------------------------

totArrivThrPut=0.16655415668902543 totDeptThrPut=0.16655415668902543
meanTotTkPop=0.044401294064262756 queueUtil=0.04211089535427556
meanST=0.2665877270608428



REPORT for Queue of Queueing Place : W/login----------------------------------------

queueUtilQPl=0.0051976345998184246

------------------ Color = login --------------------
arrivCnt=278020 deptCnt=278020
arrivThrPut=0.027829830253385975 deptThrPut=0.027829830253385975
meanTkPop=0.005253992566138023 tkColOcp=0.0051976345998184246
-----
meanST=0.18878996092686495 stDevST=0.33756817234095815

Steady State Statistics: numBatchesST=695 batchSizeST=400 stDevStdStateMeanST=0.017915543856408183
95% c.i. = 0.18878404082277891 +/- 0.001331943139245508



REPORT for Depository of Queueing Place : W/login----------------------------------------

tkOcp=0.0

------------------ Color = login --------------------
arrivCnt=278020 deptCnt=278020
arrivThrPut=0.027829830253385975 deptThrPut=0.027829830253385975
meanTkPop=0.0 tkColOcp=0.0
-----
meanST=0.0 stDevST=0.0

Steady State Statistics: numBatchesST=1390 batchSizeST=200 stDevStdStateMeanST=0.0
95% c.i. = 0.0 +/- 0.0



REPORT for Queue : WebUI----------------------------------------

totArrivThrPut=0.16655425678912703 totDeptThrPut=0.16655425678912703
meanTotTkPop=0.08914987852199002 queueUtil=0.07928286697711438
meanST=0.5352602823887109



REPORT for Queue of Queueing Place : W/loginAction----------------------------------------

queueUtilQPl=0.010314136194533138

------------------ Color = loginAction --------------------
arrivCnt=276445 deptCnt=276445
arrivThrPut=0.027672172593328846 deptThrPut=0.027672172593328846
meanTkPop=0.010439592532929193 tkColOcp=0.010314136194533138
-----
meanST=0.3772595916609002 stDevST=0.4436487936890375

Steady State Statistics: numBatchesST=345 batchSizeST=800 stDevStdStateMeanST=0.015354944261394133
95% c.i. = 0.37726539979054274 +/- 0.001620267749752295



REPORT for Depository of Queueing Place : W/loginAction----------------------------------------

tkOcp=0.0

------------------ Color = loginAction --------------------
arrivCnt=276445 deptCnt=276445
arrivThrPut=0.027672172593328846 deptThrPut=0.027672172593328846
meanTkPop=0.0 tkColOcp=0.0
-----
meanST=0.0 stDevST=0.0

Steady State Statistics: numBatchesST=1382 batchSizeST=200 stDevStdStateMeanST=0.0
95% c.i. = 0.0 +/- 0.0



REPORT for Queue : WebUI----------------------------------------

totArrivThrPut=0.16655425678912703 totDeptThrPut=0.16655425678912703
meanTotTkPop=0.08914987852199002 queueUtil=0.07928286697711438
meanST=0.5352602823887109



REPORT for Queue of Queueing Place : A/login_loginAction----------------------------------------

queueUtilQPl=0.0032518755368652055

------------------ Color = loginAction --------------------
arrivCnt=276445 deptCnt=276445
arrivThrPut=0.027672172593328846 deptThrPut=0.027672172593328846
meanTkPop=0.0032672199477419284 tkColOcp=0.0032518755368652055
-----
meanST=0.11806879046893425 stDevST=0.14694941903516825

Steady State Statistics: numBatchesST=691 batchSizeST=400 stDevStdStateMeanST=0.007289401135963613
95% c.i. = 0.1180710208336328 +/- 5.4350171328879E-4



REPORT for Depository of Queueing Place : A/login_loginAction----------------------------------------

tkOcp=0.0

------------------ Color = loginAction --------------------
arrivCnt=276445 deptCnt=276445
arrivThrPut=0.027672172593328846 deptThrPut=0.027672172593328846
meanTkPop=0.0 tkColOcp=0.0
-----
meanST=0.0 stDevST=0.0

Steady State Statistics: numBatchesST=1382 batchSizeST=200 stDevStdStateMeanST=0.0
95% c.i. = 0.0 +/- 0.0



REPORT for Queue : Auth----------------------------------------

totArrivThrPut=0.16655415668902543 totDeptThrPut=0.16655415668902543
meanTotTkPop=0.044401294064262756 queueUtil=0.04211089535427556
meanST=0.2665877270608428



REPORT for Queue of Queueing Place : W/logout----------------------------------------

queueUtilQPl=0.026479949748040747

------------------ Color = logout --------------------
arrivCnt=277479 deptCnt=277479
arrivThrPut=0.02777567609840762 deptThrPut=0.02777567609840762
meanTkPop=0.02718348212032108 tkColOcp=0.026479949748040747
-----
meanST=0.9786794036628153 stDevST=0.9677244823736242

Steady State Statistics: numBatchesST=693 batchSizeST=400 stDevStdStateMeanST=0.05050882164686223
95% c.i. = 0.9786637466721105 +/- 0.0037605269931975955



REPORT for Depository of Queueing Place : W/logout----------------------------------------

tkOcp=0.0

------------------ Color = logout --------------------
arrivCnt=277479 deptCnt=277479
arrivThrPut=0.02777567609840762 deptThrPut=0.02777567609840762
meanTkPop=0.0 tkColOcp=0.0
-----
meanST=0.0 stDevST=0.0

Steady State Statistics: numBatchesST=1387 batchSizeST=200 stDevStdStateMeanST=0.0
95% c.i. = 0.0 +/- 0.0



REPORT for Queue : WebUI----------------------------------------

totArrivThrPut=0.16655425678912703 totDeptThrPut=0.16655425678912703
meanTotTkPop=0.08914987852199002 queueUtil=0.07928286697711438
meanST=0.5352602823887109



REPORT for Queue of Queueing Place : A/logout_logout----------------------------------------

queueUtilQPl=0.005269669550298327

------------------ Color = logout --------------------
arrivCnt=277479 deptCnt=277479
arrivThrPut=0.02777567609840762 deptThrPut=0.02777567609840762
meanTkPop=0.005298414535967017 tkColOcp=0.005269669550298327
-----
meanST=0.1907573560836121 stDevST=0.20163966036410635

Steady State Statistics: numBatchesST=693 batchSizeST=400 stDevStdStateMeanST=0.010272145639307461
95% c.i. = 0.19075835796109566 +/- 7.647907770398839E-4



REPORT for Depository of Queueing Place : A/logout_logout----------------------------------------

tkOcp=0.0

------------------ Color = logout --------------------
arrivCnt=277479 deptCnt=277479
arrivThrPut=0.02777567609840762 deptThrPut=0.02777567609840762
meanTkPop=0.0 tkColOcp=0.0
-----
meanST=0.0 stDevST=0.0

Steady State Statistics: numBatchesST=1387 batchSizeST=200 stDevStdStateMeanST=0.0
95% c.i. = 0.0 +/- 0.0



REPORT for Queue : Auth----------------------------------------

totArrivThrPut=0.16655415668902543 totDeptThrPut=0.16655415668902543
meanTotTkPop=0.044401294064262756 queueUtil=0.04211089535427556
meanST=0.2665877270608428



REPORT for Queue of Queueing Place : P/getUser_loginAction----------------------------------------

queueUtilQPl=0.003605512187156343

------------------ Color = loginAction --------------------
arrivCnt=276445 deptCnt=276445
arrivThrPut=0.027672172593328846 deptThrPut=0.027672172593328846
meanTkPop=0.0036298805760497425 tkColOcp=0.003605512187156343
-----
meanST=0.13117439781091952 stDevST=0.2077472597451997

Steady State Statistics: numBatchesST=691 batchSizeST=400 stDevStdStateMeanST=0.01011070223652696
95% c.i. = 0.1311714040429535 +/- 7.538594578083642E-4



REPORT for Depository of Queueing Place : P/getUser_loginAction----------------------------------------

tkOcp=0.0

------------------ Color = loginAction --------------------
arrivCnt=276445 deptCnt=276445
arrivThrPut=0.027672172593328846 deptThrPut=0.027672172593328846
meanTkPop=0.0 tkColOcp=0.0
-----
meanST=0.0 stDevST=0.0

Steady State Statistics: numBatchesST=1382 batchSizeST=200 stDevStdStateMeanST=0.0
95% c.i. = 0.0 +/- 0.0



REPORT for Queue : Persistence----------------------------------------

totArrivThrPut=0.16655425678912703 totDeptThrPut=0.1665541566890254
meanTotTkPop=0.05764060861284388 queueUtil=0.052653471503669926
meanST=0.34607704686868823



REPORT for Queue of Queueing Place : W/category----------------------------------------

queueUtilQPl=0.017185329431304023

------------------ Color = category --------------------
arrivCnt=277472 deptCnt=277472
arrivThrPut=0.027774975397696258 deptThrPut=0.027774975397696258
meanTkPop=0.01749070729035637 tkColOcp=0.017185329431304023
-----
meanST=0.6297289930923611 stDevST=0.6490647702128565

Steady State Statistics: numBatchesST=346 batchSizeST=800 stDevStdStateMeanST=0.02318946534552788
95% c.i. = 0.6297006673219223 +/- 0.0024434349260500443



REPORT for Depository of Queueing Place : W/category----------------------------------------

tkOcp=0.0

------------------ Color = category --------------------
arrivCnt=277472 deptCnt=277472
arrivThrPut=0.027774975397696258 deptThrPut=0.027774975397696258
meanTkPop=0.0 tkColOcp=0.0
-----
meanST=0.0 stDevST=0.0

Steady State Statistics: numBatchesST=1387 batchSizeST=200 stDevStdStateMeanST=0.0
95% c.i. = 0.0 +/- 0.0



REPORT for Queue : WebUI----------------------------------------

totArrivThrPut=0.16655425678912703 totDeptThrPut=0.16655425678912703
meanTotTkPop=0.08914987852199002 queueUtil=0.07928286697711438
meanST=0.5352602823887109



REPORT for Queue of Queueing Place : W/product----------------------------------------

queueUtilQPl=0.004414960748900952

------------------ Color = product --------------------
arrivCnt=277279 deptCnt=277279
arrivThrPut=0.02775565607808291 deptThrPut=0.02775565607808291
meanTkPop=0.0044698210916156375 tkColOcp=0.004414960748900952
-----
meanST=0.16104180996626505 stDevST=0.32794397684997706

Steady State Statistics: numBatchesST=346 batchSizeST=800 stDevStdStateMeanST=0.012828491205365946
95% c.i. = 0.16101117427353293 +/- 0.001351716522682228



REPORT for Depository of Queueing Place : W/product----------------------------------------

tkOcp=0.0

------------------ Color = product --------------------
arrivCnt=277279 deptCnt=277279
arrivThrPut=0.02775565607808291 deptThrPut=0.02775565607808291
meanTkPop=0.0 tkColOcp=0.0
-----
meanST=0.0 stDevST=0.0

Steady State Statistics: numBatchesST=1386 batchSizeST=200 stDevStdStateMeanST=0.0
95% c.i. = 0.0 +/- 0.0



REPORT for Queue : WebUI----------------------------------------

totArrivThrPut=0.16655425678912703 totDeptThrPut=0.16655425678912703
meanTotTkPop=0.08914987852199002 queueUtil=0.07928286697711438
meanST=0.5352602823887109



REPORT for Queue of Queueing Place : P/category_category----------------------------------------

queueUtilQPl=0.014655579781705695

------------------ Color = category --------------------
arrivCnt=277472 deptCnt=277472
arrivThrPut=0.027774975397696258 deptThrPut=0.027774975397696258
meanTkPop=0.01487008880907051 tkColOcp=0.014655579781705695
-----
meanST=0.5353772090218982 stDevST=0.5350923432764878

Steady State Statistics: numBatchesST=693 batchSizeST=400 stDevStdStateMeanST=0.028194178589254486
95% c.i. = 0.5354053862495785 +/- 0.0020991376591045813



REPORT for Depository of Queueing Place : P/category_category----------------------------------------

tkOcp=0.0

------------------ Color = category --------------------
arrivCnt=277472 deptCnt=277472
arrivThrPut=0.027774975397696258 deptThrPut=0.027774975397696258
meanTkPop=0.0 tkColOcp=0.0
-----
meanST=0.0 stDevST=0.0

Steady State Statistics: numBatchesST=1387 batchSizeST=200 stDevStdStateMeanST=0.0
95% c.i. = 0.0 +/- 0.0



REPORT for Queue : Persistence----------------------------------------

totArrivThrPut=0.16655425678912703 totDeptThrPut=0.1665541566890254
meanTotTkPop=0.05764060861284388 queueUtil=0.052653471503669926
meanST=0.34607704686868823



REPORT for Queue of Queueing Place : P/getProduct_product----------------------------------------

queueUtilQPl=0.0037124986159032336

------------------ Color = product --------------------
arrivCnt=277279 deptCnt=277279
arrivThrPut=0.02775565607808291 deptThrPut=0.02775565607808291
meanTkPop=0.003751739229817202 tkColOcp=0.0037124986159032336
-----
meanST=0.13517025932526022 stDevST=0.22362272533389127

Steady State Statistics: numBatchesST=693 batchSizeST=400 stDevStdStateMeanST=0.012139190750341394
95% c.i. = 0.13517253671931212 +/- 9.037976536336262E-4



REPORT for Depository of Queueing Place : P/getProduct_product----------------------------------------

tkOcp=0.0

------------------ Color = product --------------------
arrivCnt=277279 deptCnt=277279
arrivThrPut=0.02775565607808291 deptThrPut=0.02775565607808291
meanTkPop=0.0 tkColOcp=0.0
-----
meanST=0.0 stDevST=0.0

Steady State Statistics: numBatchesST=1386 batchSizeST=200 stDevStdStateMeanST=0.0
95% c.i. = 0.0 +/- 0.0



REPORT for Queue : Persistence----------------------------------------

totArrivThrPut=0.16655425678912703 totDeptThrPut=0.1665541566890254
meanTotTkPop=0.05764060861284388 queueUtil=0.052653471503669926
meanST=0.34607704686868823



REPORT for Queue of Queueing Place : R/getAds_product----------------------------------------

queueUtilQPl=0.008456622608884641

------------------ Color = product --------------------
arrivCnt=277279 deptCnt=277279
arrivThrPut=0.02775565607808291 deptThrPut=0.02775565607808291
meanTkPop=0.008543809342244078 tkColOcp=0.008456622608884641
-----
meanST=0.3078222801942933 stDevST=0.30867984289919187

Steady State Statistics: numBatchesST=346 batchSizeST=800 stDevStdStateMeanST=0.011598499788154396
95% c.i. = 0.3077803301424698 +/- 0.0012221143976321096



REPORT for Depository of Queueing Place : R/getAds_product----------------------------------------

tkOcp=0.0

------------------ Color = product --------------------
arrivCnt=277279 deptCnt=277279
arrivThrPut=0.02775565607808291 deptThrPut=0.02775565607808291
meanTkPop=0.0 tkColOcp=0.0
-----
meanST=0.0 stDevST=0.0

Steady State Statistics: numBatchesST=1386 batchSizeST=200 stDevStdStateMeanST=0.0
95% c.i. = 0.0 +/- 0.0



REPORT for Queue : Recommender----------------------------------------

totArrivThrPut=0.02775565607808291 totDeptThrPut=0.02775565607808291
meanTotTkPop=0.008543809342244078 queueUtil=0.008456622608884641
meanST=0.3078222801942933



REPORT for Queue of Queueing Place : I/productImages_category----------------------------------------

queueUtilQPl=0.003192954090755773

------------------ Color = category --------------------
arrivCnt=277472 deptCnt=277472
arrivThrPut=0.027774975397696258 deptThrPut=0.027774975397696258
meanTkPop=0.003205899422999159 tkColOcp=0.003192954090755773
-----
meanST=0.11542402385944386 stDevST=0.15211879441152032

Steady State Statistics: numBatchesST=693 batchSizeST=400 stDevStdStateMeanST=0.00778136843585891
95% c.i. = 0.1154125042411765 +/- 5.79345252828345E-4



REPORT for Depository of Queueing Place : I/productImages_category----------------------------------------

tkOcp=0.0

------------------ Color = category --------------------
arrivCnt=277472 deptCnt=277472
arrivThrPut=0.027774975397696258 deptThrPut=0.027774975397696258
meanTkPop=0.0 tkColOcp=0.0
-----
meanST=0.0 stDevST=0.0

Steady State Statistics: numBatchesST=1387 batchSizeST=200 stDevStdStateMeanST=0.0
95% c.i. = 0.0 +/- 0.0



REPORT for Queue : ImageProvider----------------------------------------

totArrivThrPut=0.1665541566890254 totDeptThrPut=0.1665541566890254
meanTotTkPop=0.047157703563594756 queueUtil=0.04417968755176142
meanST=0.2831373560471581



REPORT for Queue of Queueing Place : I/product_product----------------------------------------

queueUtilQPl=0.016763150846432057

------------------ Color = product --------------------
arrivCnt=277279 deptCnt=277279
arrivThrPut=0.02775565607808291 deptThrPut=0.02775565607808291
meanTkPop=0.017067658390508368 tkColOcp=0.016763150846432057
-----
meanST=0.6149254170931215 stDevST=0.6131941019567183

Steady State Statistics: numBatchesST=693 batchSizeST=400 stDevStdStateMeanST=0.03302229667221457
95% c.i. = 0.6149430672777044 +/- 0.002458604932054608



REPORT for Depository of Queueing Place : I/product_product----------------------------------------

tkOcp=0.0

------------------ Color = product --------------------
arrivCnt=277279 deptCnt=277279
arrivThrPut=0.02775565607808291 deptThrPut=0.02775565607808291
meanTkPop=0.0 tkColOcp=0.0
-----
meanST=0.0 stDevST=0.0

Steady State Statistics: numBatchesST=1386 batchSizeST=200 stDevStdStateMeanST=0.0
95% c.i. = 0.0 +/- 0.0



REPORT for Queue : ImageProvider----------------------------------------

totArrivThrPut=0.1665541566890254 totDeptThrPut=0.1665541566890254
meanTotTkPop=0.047157703563594756 queueUtil=0.04417968755176142
meanST=0.2831373560471581



REPORT for Queue of Queueing Place : Workload----------------------------------------

queueUtilQPl=1.0000000000000002

------------------ Color = workload --------------------
arrivCnt=1663877 deptCnt=1663877
arrivThrPut=0.16655425678912703 deptThrPut=0.16655425678912703
meanTkPop=1.0000000000000002 tkColOcp=1.0000000000000002
-----
meanST=6.004049486805323 stDevST=6.011096196986883

Steady State Statistics: numBatchesST=4159 batchSizeST=400 stDevStdStateMeanST=0.3047083904442588
95% c.i. = 6.004043492762036 +/- 0.009260576931348375



REPORT for Depository of Queueing Place : Workload----------------------------------------

tkOcp=0.0

------------------ Color = workload --------------------
arrivCnt=1663877 deptCnt=1663877
arrivThrPut=0.16655425678912703 deptThrPut=0.16655425678912703
meanTkPop=0.0 tkColOcp=0.0
-----
meanST=0.0 stDevST=0.0

Steady State Statistics: numBatchesST=8319 batchSizeST=200 stDevStdStateMeanST=0.0
95% c.i. = 0.0 +/- 0.0



REPORT for Queue : Workload----------------------------------------

totArrivThrPut=0.16655425678912703 totDeptThrPut=0.16655425678912703
meanTotTkPop=1.0000000000000002 queueUtil=1.0000000000000002
meanST=6.004049486805323



REPORT for Queue of Queueing Place : I/icon_index----------------------------------------

queueUtilQPl=0.00340517181222737

------------------ Color = index --------------------
arrivCnt=277182 deptCnt=277182
arrivThrPut=0.027745946368225423 deptThrPut=0.027745946368225423
meanTkPop=0.003420729600142953 tkColOcp=0.00340517181222737
-----
meanST=0.12328754459283331 stDevST=0.16950361343116557

Steady State Statistics: numBatchesST=692 batchSizeST=400 stDevStdStateMeanST=0.00838057090699479
95% c.i. = 0.12329630841661166 +/- 6.244082732740975E-4



REPORT for Depository of Queueing Place : I/icon_index----------------------------------------

tkOcp=0.0

------------------ Color = index --------------------
arrivCnt=277182 deptCnt=277182
arrivThrPut=0.027745946368225423 deptThrPut=0.027745946368225423
meanTkPop=0.0 tkColOcp=0.0
-----
meanST=0.0 stDevST=0.0

Steady State Statistics: numBatchesST=1385 batchSizeST=200 stDevStdStateMeanST=0.0
95% c.i. = 0.0 +/- 0.0



REPORT for Queue : ImageProvider----------------------------------------

totArrivThrPut=0.1665541566890254 totDeptThrPut=0.1665541566890254
meanTotTkPop=0.047157703563594756 queueUtil=0.04417968755176142
meanST=0.2831373560471581



REPORT for Queue of Queueing Place : P/categories_login----------------------------------------

queueUtilQPl=0.018724550474901274

------------------ Color = login --------------------
arrivCnt=278020 deptCnt=278019
arrivThrPut=0.027829830253385975 deptThrPut=0.02782973015328435
meanTkPop=0.0190970757003641 tkColOcp=0.018724550474901274
-----
meanST=0.6862099514791435 stDevST=0.67499427293064

Steady State Statistics: numBatchesST=347 batchSizeST=800 stDevStdStateMeanST=0.02371002504113147
95% c.i. = 0.6862445672276516 +/- 0.002494682992668743



REPORT for Depository of Queueing Place : P/categories_login----------------------------------------

tkOcp=0.0

------------------ Color = login --------------------
arrivCnt=278019 deptCnt=278019
arrivThrPut=0.02782973015328435 deptThrPut=0.02782973015328435
meanTkPop=0.0 tkColOcp=0.0
-----
meanST=0.0 stDevST=0.0

Steady State Statistics: numBatchesST=1390 batchSizeST=200 stDevStdStateMeanST=0.0
95% c.i. = 0.0 +/- 0.0



REPORT for Queue : Persistence----------------------------------------

totArrivThrPut=0.16655425678912703 totDeptThrPut=0.1665541566890254
meanTotTkPop=0.05764060861284388 queueUtil=0.052653471503669926
meanST=0.34607704686868823



REPORT for Queue of Queueing Place : I/icon_login----------------------------------------

queueUtilQPl=0.005698289315259466

------------------ Color = login --------------------
arrivCnt=278019 deptCnt=278019
arrivThrPut=0.02782973015328435 deptThrPut=0.02782973015328435
meanTkPop=0.005732909533611463 tkColOcp=0.005698289315259466
-----
meanST=0.2059994653931234 stDevST=0.22765113672126108

Steady State Statistics: numBatchesST=695 batchSizeST=400 stDevStdStateMeanST=0.011632298703918426
95% c.i. = 0.20600342938983507 +/- 8.648110588502561E-4



REPORT for Depository of Queueing Place : I/icon_login----------------------------------------

tkOcp=0.0

------------------ Color = login --------------------
arrivCnt=278019 deptCnt=278019
arrivThrPut=0.02782973015328435 deptThrPut=0.02782973015328435
meanTkPop=0.0 tkColOcp=0.0
-----
meanST=0.0 stDevST=0.0

Steady State Statistics: numBatchesST=1390 batchSizeST=200 stDevStdStateMeanST=0.0
95% c.i. = 0.0 +/- 0.0



REPORT for Queue : ImageProvider----------------------------------------

totArrivThrPut=0.1665541566890254 totDeptThrPut=0.1665541566890254
meanTotTkPop=0.047157703563594756 queueUtil=0.04417968755176142
meanST=0.2831373560471581



REPORT for Queue of Queueing Place : A/isLoggedIn_login----------------------------------------

queueUtilQPl=0.012621644182545064

------------------ Color = login --------------------
arrivCnt=278019 deptCnt=278019
arrivThrPut=0.02782973015328435 deptThrPut=0.02782973015328435
meanTkPop=0.012785719855739204 tkColOcp=0.012621644182545064
-----
meanST=0.45942665578560365 stDevST=0.4577573989837732

Steady State Statistics: numBatchesST=695 batchSizeST=400 stDevStdStateMeanST=0.023421238211417734
95% c.i. = 0.45942227476040143 +/- 0.0017412676834353661



REPORT for Depository of Queueing Place : A/isLoggedIn_login----------------------------------------

tkOcp=0.0

------------------ Color = login --------------------
arrivCnt=278019 deptCnt=278019
arrivThrPut=0.02782973015328435 deptThrPut=0.02782973015328435
meanTkPop=0.0 tkColOcp=0.0
-----
meanST=0.0 stDevST=0.0

Steady State Statistics: numBatchesST=1390 batchSizeST=200 stDevStdStateMeanST=0.0
95% c.i. = 0.0 +/- 0.0



REPORT for Queue : Auth----------------------------------------

totArrivThrPut=0.16655415668902543 totDeptThrPut=0.16655415668902543
meanTotTkPop=0.044401294064262756 queueUtil=0.04211089535427556
meanST=0.2665877270608428



REPORT for Queue of Queueing Place : A/isLoggedIn_category----------------------------------------

queueUtilQPl=0.011270239847507534

------------------ Color = category --------------------
arrivCnt=277472 deptCnt=277472
arrivThrPut=0.027774975397696258 deptThrPut=0.027774975397696258
meanTkPop=0.01140714532516823 tkColOcp=0.011270239847507534
-----
meanST=0.41069866532138755 stDevST=0.4106419911411

Steady State Statistics: numBatchesST=346 batchSizeST=800 stDevStdStateMeanST=0.01447642825760153
95% c.i. = 0.41068613637320445 +/- 0.0015253568757204203



REPORT for Depository of Queueing Place : A/isLoggedIn_category----------------------------------------

tkOcp=0.0

------------------ Color = category --------------------
arrivCnt=277472 deptCnt=277472
arrivThrPut=0.027774975397696258 deptThrPut=0.027774975397696258
meanTkPop=0.0 tkColOcp=0.0
-----
meanST=0.0 stDevST=0.0

Steady State Statistics: numBatchesST=1387 batchSizeST=200 stDevStdStateMeanST=0.0
95% c.i. = 0.0 +/- 0.0



REPORT for Queue : Auth----------------------------------------

totArrivThrPut=0.16655415668902543 totDeptThrPut=0.16655415668902543
meanTotTkPop=0.044401294064262756 queueUtil=0.04211089535427556
meanST=0.2665877270608428



REPORT for Queue of Queueing Place : I/icon_logout----------------------------------------

queueUtilQPl=0.002885805237641747

------------------ Color = logout --------------------
arrivCnt=277479 deptCnt=277479
arrivThrPut=0.02777567609840762 deptThrPut=0.02777567609840762
meanTkPop=0.002900812574019305 tkColOcp=0.002885805237641747
-----
meanST=0.10443715442756075 stDevST=0.15844420955038968

Steady State Statistics: numBatchesST=693 batchSizeST=400 stDevStdStateMeanST=0.007788369700811137
95% c.i. = 0.10443488716033532 +/- 5.798665171338847E-4



REPORT for Depository of Queueing Place : I/icon_logout----------------------------------------

tkOcp=0.0

------------------ Color = logout --------------------
arrivCnt=277479 deptCnt=277479
arrivThrPut=0.02777567609840762 deptThrPut=0.02777567609840762
meanTkPop=0.0 tkColOcp=0.0
-----
meanST=0.0 stDevST=0.0

Steady State Statistics: numBatchesST=1387 batchSizeST=200 stDevStdStateMeanST=0.0
95% c.i. = 0.0 +/- 0.0



REPORT for Queue : ImageProvider----------------------------------------

totArrivThrPut=0.1665541566890254 totDeptThrPut=0.1665541566890254
meanTotTkPop=0.047157703563594756 queueUtil=0.04417968755176142
meanST=0.2831373560471581



REPORT for Queue of Queueing Place : I/icon_loginAction----------------------------------------

queueUtilQPl=0.014600000507418958

------------------ Color = loginAction --------------------
arrivCnt=276445 deptCnt=276445
arrivThrPut=0.027672172593328846 deptThrPut=0.027672172593328846
meanTkPop=0.01482969404231351 tkColOcp=0.014600000507418958
-----
meanST=0.5359063872667743 stDevST=0.5344509548187096

Steady State Statistics: numBatchesST=691 batchSizeST=400 stDevStdStateMeanST=0.02816026712651746
95% c.i. = 0.5359165391981014 +/- 0.002099644832882281



REPORT for Depository of Queueing Place : I/icon_loginAction----------------------------------------

tkOcp=0.0

------------------ Color = loginAction --------------------
arrivCnt=276445 deptCnt=276445
arrivThrPut=0.027672172593328846 deptThrPut=0.027672172593328846
meanTkPop=0.0 tkColOcp=0.0
-----
meanST=0.0 stDevST=0.0

Steady State Statistics: numBatchesST=1382 batchSizeST=200 stDevStdStateMeanST=0.0
95% c.i. = 0.0 +/- 0.0



REPORT for Queue : ImageProvider----------------------------------------

totArrivThrPut=0.1665541566890254 totDeptThrPut=0.1665541566890254
meanTotTkPop=0.047157703563594756 queueUtil=0.04417968755176142
meanST=0.2831373560471581



REPORT for Queue of Queueing Place : A/isLoggedIn_product----------------------------------------

queueUtilQPl=0.008441982182778949

------------------ Color = product --------------------
arrivCnt=277279 deptCnt=277279
arrivThrPut=0.02775565607808291 deptThrPut=0.02775565607808291
meanTkPop=0.00851705184171635 tkColOcp=0.008441982182778949
-----
meanST=0.30685824243375714 stDevST=0.3105481002264415

Steady State Statistics: numBatchesST=693 batchSizeST=400 stDevStdStateMeanST=0.01546657146322854
95% c.i. = 0.3068659341788508 +/- 0.0011515307145024993



REPORT for Depository of Queueing Place : A/isLoggedIn_product----------------------------------------

tkOcp=0.0

------------------ Color = product --------------------
arrivCnt=277279 deptCnt=277279
arrivThrPut=0.02775565607808291 deptThrPut=0.02775565607808291
meanTkPop=0.0 tkColOcp=0.0
-----
meanST=0.0 stDevST=0.0

Steady State Statistics: numBatchesST=1386 batchSizeST=200 stDevStdStateMeanST=0.0
95% c.i. = 0.0 +/- 0.0



REPORT for Queue : Auth----------------------------------------

totArrivThrPut=0.16655415668902543 totDeptThrPut=0.16655415668902543
meanTotTkPop=0.044401294064262756 queueUtil=0.04211089535427556
meanST=0.2665877270608428



REPORT for Queue of Queueing Place : P/category_logout----------------------------------------

queueUtilQPl=0.00402126096916379

------------------ Color = logout --------------------
arrivCnt=277479 deptCnt=277479
arrivThrPut=0.02777567609840762 deptThrPut=0.02777567609840762
meanTkPop=0.004045584083704437 tkColOcp=0.00402126096916379
-----
meanST=0.14565204711385477 stDevST=0.212028800141964

Steady State Statistics: numBatchesST=693 batchSizeST=400 stDevStdStateMeanST=0.010748904897708366
95% c.i. = 0.1456618484637831 +/- 8.002868745930695E-4



REPORT for Depository of Queueing Place : P/category_logout----------------------------------------

tkOcp=0.0

------------------ Color = logout --------------------
arrivCnt=277479 deptCnt=277479
arrivThrPut=0.02777567609840762 deptThrPut=0.02777567609840762
meanTkPop=0.0 tkColOcp=0.0
-----
meanST=0.0 stDevST=0.0

Steady State Statistics: numBatchesST=1387 batchSizeST=200 stDevStdStateMeanST=0.0
95% c.i. = 0.0 +/- 0.0



REPORT for Queue : Persistence----------------------------------------

totArrivThrPut=0.16655425678912703 totDeptThrPut=0.1665541566890254
meanTotTkPop=0.05764060861284388 queueUtil=0.052653471503669926
meanST=0.34607704686868823



REPORT for Ordinary Place : Finish_index----------------------------------------

tkOcp=1.0000000000000002

------------------ Color = index --------------------
arrivCnt=277182 deptCnt=0
arrivThrPut=0.027745946368225423 deptThrPut=0.0
meanTkPop=138758.19100390663 tkColOcp=1.0000000000000002
-----
meanST=NaN stDevST=NaN

Steady State Statistics: Only 0 batches collected!
Need at least 60 for steady state statistics.



REPORT for Ordinary Place : Finish_login----------------------------------------

tkOcp=1.0

------------------ Color = login --------------------
arrivCnt=278019 deptCnt=0
arrivThrPut=0.02782973015328435 deptThrPut=0.0
meanTkPop=139152.8706407797 tkColOcp=1.0
-----
meanST=NaN stDevST=NaN

Steady State Statistics: Only 0 batches collected!
Need at least 60 for steady state statistics.



REPORT for Ordinary Place : Finish_loginAction----------------------------------------

tkOcp=1.0000000000000002

------------------ Color = loginAction --------------------
arrivCnt=276445 deptCnt=0
arrivThrPut=0.027672172593328846 deptThrPut=0.0
meanTkPop=138671.58971124905 tkColOcp=1.0000000000000002
-----
meanST=NaN stDevST=NaN

Steady State Statistics: Only 0 batches collected!
Need at least 60 for steady state statistics.



REPORT for Ordinary Place : Finish_category----------------------------------------

tkOcp=1.0

------------------ Color = category --------------------
arrivCnt=277472 deptCnt=0
arrivThrPut=0.027774975397696258 deptThrPut=0.0
meanTkPop=139042.6087860895 tkColOcp=1.0
-----
meanST=NaN stDevST=NaN

Steady State Statistics: Only 0 batches collected!
Need at least 60 for steady state statistics.



REPORT for Ordinary Place : Finish_product----------------------------------------

tkOcp=1.0

------------------ Color = product --------------------
arrivCnt=277279 deptCnt=0
arrivThrPut=0.02775565607808291 deptThrPut=0.0
meanTkPop=139031.70326444876 tkColOcp=1.0
-----
meanST=NaN stDevST=NaN

Steady State Statistics: Only 0 batches collected!
Need at least 60 for steady state statistics.



REPORT for Ordinary Place : Finish_logout----------------------------------------

tkOcp=1.0000000000000002

------------------ Color = logout --------------------
arrivCnt=277479 deptCnt=0
arrivThrPut=0.02777567609840762 deptThrPut=0.0
meanTkPop=139363.1425893926 tkColOcp=1.0000000000000002
-----
meanST=NaN stDevST=NaN

Steady State Statistics: Only 0 batches collected!
Need at least 60 for steady state statistics.



REPORT REPORT for Probe : /index----------------------------------------


------------------ Color = index --------------------
-----
meanST=1.5535601028157504 stDevST=0.9994407251610039

Steady State Statistics: numBatchesST=692 batchSizeST=400 stDevStdStateMeanST=0.05270145618091618
95% c.i. = 1.5534381550351792 +/- 0.0039266090124588735



REPORT REPORT for Probe : /login----------------------------------------


------------------ Color = login --------------------
-----
meanST=1.5404266804569673 stDevST=0.9207669533021204

Steady State Statistics: numBatchesST=695 batchSizeST=400 stDevStdStateMeanST=0.048666382946409736
95% c.i. = 1.5404335682648642 +/- 0.003618134922216127



REPORT REPORT for Probe : /loginAction----------------------------------------


------------------ Color = loginAction --------------------
-----
meanST=1.1624091672075283 stDevST=0.7541656004141264

Steady State Statistics: numBatchesST=172 batchSizeST=1600 stDevStdStateMeanST=0.019346818965378775
95% c.i. = 1.1624551291579455 +/- 0.0029119400974404446



REPORT REPORT for Probe : /logout----------------------------------------


------------------ Color = logout --------------------
-----
meanST=1.4195259612878428 stDevST=1.0282981489640277

Steady State Statistics: numBatchesST=693 batchSizeST=400 stDevStdStateMeanST=0.05368883332131678
95% c.i. = 1.419518840257325 +/- 0.003997288005443715



REPORT REPORT for Probe : /category----------------------------------------


------------------ Color = category --------------------
-----
meanST=1.6912288912950908 stDevST=0.9445704348808464

Steady State Statistics: numBatchesST=693 batchSizeST=400 stDevStdStateMeanST=0.04917915018985982
95% c.i. = 1.6911452859180154 +/- 0.003661529130188599



REPORT REPORT for Probe : /product----------------------------------------


------------------ Color = product --------------------
-----
meanST=1.5258180090126972 stDevST=0.8685432476806935

Steady State Statistics: numBatchesST=693 batchSizeST=400 stDevStdStateMeanST=0.04668726735867863
95% c.i. = 1.5258525393378228 +/- 0.003476001288813494



