INFO Logging to /home/yjx/workloadConfig/qpme/output/SimQPN_Output_config_2025-08-14_080022247.log
WARN Batch means correlation test was run for depository of place Workload, color 0
    However, the standard deviation of the token residence time is 0 and therefore the result of the test is ignored!
    In future runs, you should set numBMeansCorlTested to 0 to switch off the correlation test!
WARN Batch means correlation test was run for depository of place W/logout, color 0
    However, the standard deviation of the token residence time is 0 and therefore the result of the test is ignored!
    In future runs, you should set numBMeansCorlTested to 0 to switch off the correlation test!
WARN Batch means correlation test was run for depository of place A/logout_logout, color 0
    However, the standard deviation of the token residence time is 0 and therefore the result of the test is ignored!
    In future runs, you should set numBMeansCorlTested to 0 to switch off the correlation test!
WARN Batch means correlation test was run for depository of place P/category_logout, color 0
    However, the standard deviation of the token residence time is 0 and therefore the result of the test is ignored!
    In future runs, you should set numBMeansCorlTested to 0 to switch off the correlation test!
WARN Batch means correlation test was run for depository of place I/icon_logout, color 0
    However, the standard deviation of the token residence time is 0 and therefore the result of the test is ignored!
    In future runs, you should set numBMeansCorlTested to 0 to switch off the correlation test!
WARN Batch means correlation test was run for depository of place W/login, color 0
    However, the standard deviation of the token residence time is 0 and therefore the result of the test is ignored!
    In future runs, you should set numBMeansCorlTested to 0 to switch off the correlation test!
WARN Batch means correlation test was run for depository of place P/categories_login, color 0
    However, the standard deviation of the token residence time is 0 and therefore the result of the test is ignored!
    In future runs, you should set numBMeansCorlTested to 0 to switch off the correlation test!
WARN Batch means correlation test was run for depository of place I/icon_login, color 0
    However, the standard deviation of the token residence time is 0 and therefore the result of the test is ignored!
    In future runs, you should set numBMeansCorlTested to 0 to switch off the correlation test!
WARN Batch means correlation test was run for depository of place A/isLoggedIn_login, color 0
    However, the standard deviation of the token residence time is 0 and therefore the result of the test is ignored!
    In future runs, you should set numBMeansCorlTested to 0 to switch off the correlation test!
WARN Batch means correlation test was run for depository of place W/product, color 0
    However, the standard deviation of the token residence time is 0 and therefore the result of the test is ignored!
    In future runs, you should set numBMeansCorlTested to 0 to switch off the correlation test!
WARN Batch means correlation test was run for depository of place P/getProduct_product, color 0
    However, the standard deviation of the token residence time is 0 and therefore the result of the test is ignored!
    In future runs, you should set numBMeansCorlTested to 0 to switch off the correlation test!
WARN Batch means correlation test was run for depository of place R/getAds_product, color 0
    However, the standard deviation of the token residence time is 0 and therefore the result of the test is ignored!
    In future runs, you should set numBMeansCorlTested to 0 to switch off the correlation test!
WARN Batch means correlation test was run for depository of place I/product_product, color 0
    However, the standard deviation of the token residence time is 0 and therefore the result of the test is ignored!
    In future runs, you should set numBMeansCorlTested to 0 to switch off the correlation test!
WARN Batch means correlation test was run for depository of place A/isLoggedIn_product, color 0
    However, the standard deviation of the token residence time is 0 and therefore the result of the test is ignored!
    In future runs, you should set numBMeansCorlTested to 0 to switch off the correlation test!
WARN Batch means correlation test was run for depository of place W/index, color 0
    However, the standard deviation of the token residence time is 0 and therefore the result of the test is ignored!
    In future runs, you should set numBMeansCorlTested to 0 to switch off the correlation test!
WARN Batch means correlation test was run for depository of place P/categories_index, color 0
    However, the standard deviation of the token residence time is 0 and therefore the result of the test is ignored!
    In future runs, you should set numBMeansCorlTested to 0 to switch off the correlation test!
WARN Batch means correlation test was run for depository of place A/isLoggedIn_index, color 0
    However, the standard deviation of the token residence time is 0 and therefore the result of the test is ignored!
    In future runs, you should set numBMeansCorlTested to 0 to switch off the correlation test!
WARN Batch means correlation test was run for depository of place I/icon_index, color 0
    However, the standard deviation of the token residence time is 0 and therefore the result of the test is ignored!
    In future runs, you should set numBMeansCorlTested to 0 to switch off the correlation test!
WARN Batch means correlation test was run for depository of place W/category, color 0
    However, the standard deviation of the token residence time is 0 and therefore the result of the test is ignored!
    In future runs, you should set numBMeansCorlTested to 0 to switch off the correlation test!
WARN Batch means correlation test was run for depository of place P/category_category, color 0
    However, the standard deviation of the token residence time is 0 and therefore the result of the test is ignored!
    In future runs, you should set numBMeansCorlTested to 0 to switch off the correlation test!
WARN Batch means correlation test was run for depository of place I/productImages_category, color 0
    However, the standard deviation of the token residence time is 0 and therefore the result of the test is ignored!
    In future runs, you should set numBMeansCorlTested to 0 to switch off the correlation test!
WARN Batch means correlation test was run for depository of place A/isLoggedIn_category, color 0
    However, the standard deviation of the token residence time is 0 and therefore the result of the test is ignored!
    In future runs, you should set numBMeansCorlTested to 0 to switch off the correlation test!
WARN Batch means correlation test was run for depository of place W/loginAction, color 0
    However, the standard deviation of the token residence time is 0 and therefore the result of the test is ignored!
    In future runs, you should set numBMeansCorlTested to 0 to switch off the correlation test!
WARN Batch means correlation test was run for depository of place A/login_loginAction, color 0
    However, the standard deviation of the token residence time is 0 and therefore the result of the test is ignored!
    In future runs, you should set numBMeansCorlTested to 0 to switch off the correlation test!
WARN Batch means correlation test was run for depository of place P/getUser_loginAction, color 0
    However, the standard deviation of the token residence time is 0 and therefore the result of the test is ignored!
    In future runs, you should set numBMeansCorlTested to 0 to switch off the correlation test!
WARN Batch means correlation test was run for depository of place I/icon_loginAction, color 0
    However, the standard deviation of the token residence time is 0 and therefore the result of the test is ignored!
    In future runs, you should set numBMeansCorlTested to 0 to switch off the correlation test!
WARN LP-1 The simulation was stopped because of reaching max totalRunLen.
The required precision may not have been reached!
REPORT for Queue of Queueing Place : W/index----------------------------------------

queueUtilQPl=0.0032521054493935544

------------------ Color = index --------------------
arrivCnt=277671 deptCnt=277671
arrivThrPut=0.027794894374704372 deptThrPut=0.027794894374704372
meanTkPop=0.003263627208305706 tkColOcp=0.0032521054493935544
-----
meanST=0.11741822668251885 stDevST=0.13176025769104854

Steady State Statistics: numBatchesST=694 batchSizeST=400 stDevStdStateMeanST=0.006609019476863058
95% c.i. = 0.11741601316194918 +/- 4.917058638794989E-4



REPORT for Depository of Queueing Place : W/index----------------------------------------

tkOcp=0.0

------------------ Color = index --------------------
arrivCnt=277671 deptCnt=277671
arrivThrPut=0.027794894374704372 deptThrPut=0.027794894374704372
meanTkPop=0.0 tkColOcp=0.0
-----
meanST=0.0 stDevST=0.0

Steady State Statistics: numBatchesST=1388 batchSizeST=200 stDevStdStateMeanST=0.0
95% c.i. = 0.0 +/- 0.0



REPORT for Queue : WebUI----------------------------------------

totArrivThrPut=0.1666893862697431 totDeptThrPut=0.1666893862697431
meanTotTkPop=0.029983327652597952 queueUtil=0.028711031944586046
meanST=0.17987544572320757



REPORT for Queue of Queueing Place : P/categories_index----------------------------------------

queueUtilQPl=0.0071246332834664925

------------------ Color = index --------------------
arrivCnt=277671 deptCnt=277671
arrivThrPut=0.027794894374704372 deptThrPut=0.027794894374704372
meanTkPop=0.0071801920238032755 tkColOcp=0.0071246332834664925
-----
meanST=0.2583277319570546 stDevST=0.27098919878333644

Steady State Statistics: numBatchesST=694 batchSizeST=400 stDevStdStateMeanST=0.013804662528760815
95% c.i. = 0.25830925026610024 +/- 0.0010270560614978094



REPORT for Depository of Queueing Place : P/categories_index----------------------------------------

tkOcp=0.0

------------------ Color = index --------------------
arrivCnt=277671 deptCnt=277671
arrivThrPut=0.027794894374704372 deptThrPut=0.027794894374704372
meanTkPop=0.0 tkColOcp=0.0
-----
meanST=0.0 stDevST=0.0

Steady State Statistics: numBatchesST=1388 batchSizeST=200 stDevStdStateMeanST=0.0
95% c.i. = 0.0 +/- 0.0



REPORT for Queue : Persistence----------------------------------------

totArrivThrPut=0.1666893862697431 totDeptThrPut=0.1666893862697431
meanTotTkPop=0.055121669011831936 queueUtil=0.05168375393301299
meanST=0.3306849358880712



REPORT for Queue of Queueing Place : A/isLoggedIn_index----------------------------------------

queueUtilQPl=0.012447536511707564

------------------ Color = index --------------------
arrivCnt=277671 deptCnt=277671
arrivThrPut=0.027794894374704372 deptThrPut=0.027794894374704372
meanTkPop=0.01260711711613119 tkColOcp=0.012447536511707564
-----
meanST=0.4535767233425682 stDevST=0.45447545326058575

Steady State Statistics: numBatchesST=694 batchSizeST=400 stDevStdStateMeanST=0.02332982986757538
95% c.i. = 0.45356316870662033 +/- 0.0017357210384017121



REPORT for Depository of Queueing Place : A/isLoggedIn_index----------------------------------------

tkOcp=0.0

------------------ Color = index --------------------
arrivCnt=277671 deptCnt=277671
arrivThrPut=0.027794894374704372 deptThrPut=0.027794894374704372
meanTkPop=0.0 tkColOcp=0.0
-----
meanST=0.0 stDevST=0.0

Steady State Statistics: numBatchesST=1388 batchSizeST=200 stDevStdStateMeanST=0.0
95% c.i. = 0.0 +/- 0.0



REPORT for Queue : Auth----------------------------------------

totArrivThrPut=0.1666893862697431 totDeptThrPut=0.1666893862697431
meanTotTkPop=0.05489619855011632 queueUtil=0.05103548462591904
meanST=0.3293322975062203



REPORT for Queue of Queueing Place : W/login----------------------------------------

queueUtilQPl=0.0030081275853917613

------------------ Color = login --------------------
arrivCnt=276960 deptCnt=276960
arrivThrPut=0.027723723204865193 deptThrPut=0.027723723204865193
meanTkPop=0.003017983311840352 tkColOcp=0.0030081275853917613
-----
meanST=0.1088592354475221 stDevST=0.12548026493996503

Steady State Statistics: numBatchesST=692 batchSizeST=400 stDevStdStateMeanST=0.006326357477569758
95% c.i. = 0.10885039252859502 +/- 4.7135570983439484E-4



REPORT for Depository of Queueing Place : W/login----------------------------------------

tkOcp=0.0

------------------ Color = login --------------------
arrivCnt=276960 deptCnt=276960
arrivThrPut=0.027723723204865193 deptThrPut=0.027723723204865193
meanTkPop=0.0 tkColOcp=0.0
-----
meanST=0.0 stDevST=0.0

Steady State Statistics: numBatchesST=1384 batchSizeST=200 stDevStdStateMeanST=0.0
95% c.i. = 0.0 +/- 0.0



REPORT for Queue : WebUI----------------------------------------

totArrivThrPut=0.1666893862697431 totDeptThrPut=0.1666893862697431
meanTotTkPop=0.029983327652597952 queueUtil=0.028711031944586046
meanST=0.17987544572320757



REPORT for Queue of Queueing Place : W/loginAction----------------------------------------

queueUtilQPl=0.002596689926228365

------------------ Color = loginAction --------------------
arrivCnt=276963 deptCnt=276963
arrivThrPut=0.027724023505159873 deptThrPut=0.027724023505159873
meanTkPop=0.0026048830154062085 tkColOcp=0.002596689926228365
-----
meanST=0.09395761098389631 stDevST=0.11324422768296218

Steady State Statistics: numBatchesST=692 batchSizeST=400 stDevStdStateMeanST=0.005707830566549709
95% c.i. = 0.0939561513330247 +/- 4.2527134102829833E-4



REPORT for Depository of Queueing Place : W/loginAction----------------------------------------

tkOcp=0.0

------------------ Color = loginAction --------------------
arrivCnt=276963 deptCnt=276963
arrivThrPut=0.027724023505159873 deptThrPut=0.027724023505159873
meanTkPop=0.0 tkColOcp=0.0
-----
meanST=0.0 stDevST=0.0

Steady State Statistics: numBatchesST=1384 batchSizeST=200 stDevStdStateMeanST=0.0
95% c.i. = 0.0 +/- 0.0



REPORT for Queue : WebUI----------------------------------------

totArrivThrPut=0.1666893862697431 totDeptThrPut=0.1666893862697431
meanTotTkPop=0.029983327652597952 queueUtil=0.028711031944586046
meanST=0.17987544572320757



REPORT for Queue of Queueing Place : A/login_loginAction----------------------------------------

queueUtilQPl=0.003138920180051991

------------------ Color = loginAction --------------------
arrivCnt=276963 deptCnt=276963
arrivThrPut=0.027724023505159873 deptThrPut=0.027724023505159873
meanTkPop=0.0031545020309741855 tkColOcp=0.003138920180051991
-----
meanST=0.11378225928812546 stDevST=0.17381787919435931

Steady State Statistics: numBatchesST=346 batchSizeST=800 stDevStdStateMeanST=0.006299588284467344
95% c.i. = 0.11378582157875802 +/- 6.637770127361594E-4



REPORT for Depository of Queueing Place : A/login_loginAction----------------------------------------

tkOcp=0.0

------------------ Color = loginAction --------------------
arrivCnt=276963 deptCnt=276963
arrivThrPut=0.027724023505159873 deptThrPut=0.027724023505159873
meanTkPop=0.0 tkColOcp=0.0
-----
meanST=0.0 stDevST=0.0

Steady State Statistics: numBatchesST=1384 batchSizeST=200 stDevStdStateMeanST=0.0
95% c.i. = 0.0 +/- 0.0



REPORT for Queue : Auth----------------------------------------

totArrivThrPut=0.1666893862697431 totDeptThrPut=0.1666893862697431
meanTotTkPop=0.05489619855011632 queueUtil=0.05103548462591904
meanST=0.3293322975062203



REPORT for Queue of Queueing Place : W/logout----------------------------------------

queueUtilQPl=0.012128453160042208

------------------ Color = logout --------------------
arrivCnt=278204 deptCnt=278204
arrivThrPut=0.0278482477270592 deptThrPut=0.0278482477270592
meanTkPop=0.012275189503315954 tkColOcp=0.012128453160042208
-----
meanST=0.44078857756599776 stDevST=0.4386168073920377

Steady State Statistics: numBatchesST=695 batchSizeST=400 stDevStdStateMeanST=0.02275357165867245
95% c.i. = 0.44082717141001904 +/- 0.0016916295651979068



REPORT for Depository of Queueing Place : W/logout----------------------------------------

tkOcp=0.0

------------------ Color = logout --------------------
arrivCnt=278204 deptCnt=278204
arrivThrPut=0.0278482477270592 deptThrPut=0.0278482477270592
meanTkPop=0.0 tkColOcp=0.0
-----
meanST=0.0 stDevST=0.0

Steady State Statistics: numBatchesST=1391 batchSizeST=200 stDevStdStateMeanST=0.0
95% c.i. = 0.0 +/- 0.0



REPORT for Queue : WebUI----------------------------------------

totArrivThrPut=0.1666893862697431 totDeptThrPut=0.1666893862697431
meanTotTkPop=0.029983327652597952 queueUtil=0.028711031944586046
meanST=0.17987544572320757



REPORT for Queue of Queueing Place : A/logout_logout----------------------------------------

queueUtilQPl=0.008643335718064103

------------------ Color = logout --------------------
arrivCnt=278204 deptCnt=278204
arrivThrPut=0.0278482477270592 deptThrPut=0.0278482477270592
meanTkPop=0.008720250514668742 tkColOcp=0.008643335718064103
-----
meanST=0.31313462161554856 stDevST=0.3228103973099498

Steady State Statistics: numBatchesST=695 batchSizeST=400 stDevStdStateMeanST=0.01628149094107897
95% c.i. = 0.31315534583298044 +/- 0.0012104583779018903



REPORT for Depository of Queueing Place : A/logout_logout----------------------------------------

tkOcp=0.0

------------------ Color = logout --------------------
arrivCnt=278204 deptCnt=278204
arrivThrPut=0.0278482477270592 deptThrPut=0.0278482477270592
meanTkPop=0.0 tkColOcp=0.0
-----
meanST=0.0 stDevST=0.0

Steady State Statistics: numBatchesST=1391 batchSizeST=200 stDevStdStateMeanST=0.0
95% c.i. = 0.0 +/- 0.0



REPORT for Queue : Auth----------------------------------------

totArrivThrPut=0.1666893862697431 totDeptThrPut=0.1666893862697431
meanTotTkPop=0.05489619855011632 queueUtil=0.05103548462591904
meanST=0.3293322975062203



REPORT for Queue of Queueing Place : P/getUser_loginAction----------------------------------------

queueUtilQPl=0.014475176419917536

------------------ Color = loginAction --------------------
arrivCnt=276963 deptCnt=276963
arrivThrPut=0.027724023505159873 deptThrPut=0.027724023505159873
meanTkPop=0.014689604050328497 tkColOcp=0.014475176419917536
-----
meanST=0.529851089168011 stDevST=0.5237477878208046

Steady State Statistics: numBatchesST=692 batchSizeST=400 stDevStdStateMeanST=0.025308708929004876
95% c.i. = 0.5298618206489322 +/- 0.001885667148042005



REPORT for Depository of Queueing Place : P/getUser_loginAction----------------------------------------

tkOcp=0.0

------------------ Color = loginAction --------------------
arrivCnt=276963 deptCnt=276963
arrivThrPut=0.027724023505159873 deptThrPut=0.027724023505159873
meanTkPop=0.0 tkColOcp=0.0
-----
meanST=0.0 stDevST=0.0

Steady State Statistics: numBatchesST=1384 batchSizeST=200 stDevStdStateMeanST=0.0
95% c.i. = 0.0 +/- 0.0



REPORT for Queue : Persistence----------------------------------------

totArrivThrPut=0.1666893862697431 totDeptThrPut=0.1666893862697431
meanTotTkPop=0.055121669011831936 queueUtil=0.05168375393301299
meanST=0.3306849358880712



REPORT for Queue of Queueing Place : W/category----------------------------------------

queueUtilQPl=0.005706755286164824

------------------ Color = category --------------------
arrivCnt=277215 deptCnt=277215
arrivThrPut=0.027749248729913 deptThrPut=0.027749248729913
meanTkPop=0.005740094352800041 tkColOcp=0.005706755286164824
-----
meanST=0.20685584711388466 stDevST=0.21243213130097813

Steady State Statistics: numBatchesST=693 batchSizeST=400 stDevStdStateMeanST=0.011142776448249639
95% c.i. = 0.20685885508686588 +/- 8.296117439796247E-4



REPORT for Depository of Queueing Place : W/category----------------------------------------

tkOcp=0.0

------------------ Color = category --------------------
arrivCnt=277215 deptCnt=277215
arrivThrPut=0.027749248729913 deptThrPut=0.027749248729913
meanTkPop=0.0 tkColOcp=0.0
-----
meanST=0.0 stDevST=0.0

Steady State Statistics: numBatchesST=1386 batchSizeST=200 stDevStdStateMeanST=0.0
95% c.i. = 0.0 +/- 0.0



REPORT for Queue : WebUI----------------------------------------

totArrivThrPut=0.1666893862697431 totDeptThrPut=0.1666893862697431
meanTotTkPop=0.029983327652597952 queueUtil=0.028711031944586046
meanST=0.17987544572320757



REPORT for Queue of Queueing Place : W/product----------------------------------------

queueUtilQPl=0.003071465311233166

------------------ Color = product --------------------
arrivCnt=278214 deptCnt=278214
arrivThrPut=0.027849248728041467 deptThrPut=0.027849248728041467
meanTkPop=0.0030815502609296895 tkColOcp=0.003071465311233166
-----
meanST=0.11065110915637986 stDevST=0.12573335889473028

Steady State Statistics: numBatchesST=695 batchSizeST=400 stDevStdStateMeanST=0.006300046067979707
95% c.i. = 0.11065396109958212 +/- 4.6838115574006074E-4



REPORT for Depository of Queueing Place : W/product----------------------------------------

tkOcp=0.0

------------------ Color = product --------------------
arrivCnt=278214 deptCnt=278214
arrivThrPut=0.027849248728041467 deptThrPut=0.027849248728041467
meanTkPop=0.0 tkColOcp=0.0
-----
meanST=0.0 stDevST=0.0

Steady State Statistics: numBatchesST=1391 batchSizeST=200 stDevStdStateMeanST=0.0
95% c.i. = 0.0 +/- 0.0



REPORT for Queue : WebUI----------------------------------------

totArrivThrPut=0.1666893862697431 totDeptThrPut=0.1666893862697431
meanTotTkPop=0.029983327652597952 queueUtil=0.028711031944586046
meanST=0.17987544572320757



REPORT for Queue of Queueing Place : P/category_category----------------------------------------

queueUtilQPl=0.00717188225285605

------------------ Color = category --------------------
arrivCnt=277215 deptCnt=277215
arrivThrPut=0.027749248729913 deptThrPut=0.027749248729913
meanTkPop=0.007229280595040719 tkColOcp=0.00717188225285605
-----
meanST=0.2605216690874854 stDevST=0.2723644851158564

Steady State Statistics: numBatchesST=693 batchSizeST=400 stDevStdStateMeanST=0.013562694745509994
95% c.i. = 0.26052540655062817 +/- 0.0010097816188938547



REPORT for Depository of Queueing Place : P/category_category----------------------------------------

tkOcp=0.0

------------------ Color = category --------------------
arrivCnt=277215 deptCnt=277215
arrivThrPut=0.027749248729913 deptThrPut=0.027749248729913
meanTkPop=0.0 tkColOcp=0.0
-----
meanST=0.0 stDevST=0.0

Steady State Statistics: numBatchesST=1386 batchSizeST=200 stDevStdStateMeanST=0.0
95% c.i. = 0.0 +/- 0.0



REPORT for Queue : Persistence----------------------------------------

totArrivThrPut=0.1666893862697431 totDeptThrPut=0.1666893862697431
meanTotTkPop=0.055121669011831936 queueUtil=0.05168375393301299
meanST=0.3306849358880712



REPORT for Queue of Queueing Place : P/getProduct_product----------------------------------------

queueUtilQPl=0.00438323593923698

------------------ Color = product --------------------
arrivCnt=278214 deptCnt=278214
arrivThrPut=0.027849248728041467 deptThrPut=0.027849248728041467
meanTkPop=0.00440649651733771 tkColOcp=0.00438323593923698
-----
meanST=0.15822676440462827 stDevST=0.18905272763556022

Steady State Statistics: numBatchesST=695 batchSizeST=400 stDevStdStateMeanST=0.009519936476079979
95% c.i. = 0.158211812986763 +/- 7.07766070457989E-4



REPORT for Depository of Queueing Place : P/getProduct_product----------------------------------------

tkOcp=0.0

------------------ Color = product --------------------
arrivCnt=278214 deptCnt=278214
arrivThrPut=0.027849248728041467 deptThrPut=0.027849248728041467
meanTkPop=0.0 tkColOcp=0.0
-----
meanST=0.0 stDevST=0.0

Steady State Statistics: numBatchesST=1391 batchSizeST=200 stDevStdStateMeanST=0.0
95% c.i. = 0.0 +/- 0.0



REPORT for Queue : Persistence----------------------------------------

totArrivThrPut=0.1666893862697431 totDeptThrPut=0.1666893862697431
meanTotTkPop=0.055121669011831936 queueUtil=0.05168375393301299
meanST=0.3306849358880712



REPORT for Queue of Queueing Place : R/getAds_product----------------------------------------

queueUtilQPl=0.0028429521164914317

------------------ Color = product --------------------
arrivCnt=278214 deptCnt=278214
arrivThrPut=0.027849248728041467 deptThrPut=0.027849248728041467
meanTkPop=0.0028520693766311274 tkColOcp=0.0028429521164914317
-----
meanST=0.10241099874839255 stDevST=0.10279524171677908

Steady State Statistics: numBatchesST=347 batchSizeST=800 stDevStdStateMeanST=0.003630184989341883
95% c.i. = 0.1024132461060711 +/- 3.8195492149173995E-4



REPORT for Depository of Queueing Place : R/getAds_product----------------------------------------

tkOcp=0.0

------------------ Color = product --------------------
arrivCnt=278214 deptCnt=278214
arrivThrPut=0.027849248728041467 deptThrPut=0.027849248728041467
meanTkPop=0.0 tkColOcp=0.0
-----
meanST=0.0 stDevST=0.0

Steady State Statistics: numBatchesST=1391 batchSizeST=200 stDevStdStateMeanST=0.0
95% c.i. = 0.0 +/- 0.0



REPORT for Queue : Recommender----------------------------------------

totArrivThrPut=0.027849248728041467 totDeptThrPut=0.027849248728041467
meanTotTkPop=0.0028520693766311274 queueUtil=0.0028429521164914317
meanST=0.10241099874839255



REPORT for Queue of Queueing Place : I/productImages_category----------------------------------------

queueUtilQPl=0.012687407230386425

------------------ Color = category --------------------
arrivCnt=277215 deptCnt=277215
arrivThrPut=0.027749248729913 deptThrPut=0.027749248729913
meanTkPop=0.012861039657206603 tkColOcp=0.012687407230386425
-----
meanST=0.4634734360697384 stDevST=0.4940308180538406

Steady State Statistics: numBatchesST=346 batchSizeST=800 stDevStdStateMeanST=0.01858749784271059
95% c.i. = 0.46345342163802516 +/- 0.001958533357282327



REPORT for Depository of Queueing Place : I/productImages_category----------------------------------------

tkOcp=0.0

------------------ Color = category --------------------
arrivCnt=277215 deptCnt=277215
arrivThrPut=0.027749248729913 deptThrPut=0.027749248729913
meanTkPop=0.0 tkColOcp=0.0
-----
meanST=0.0 stDevST=0.0

Steady State Statistics: numBatchesST=1386 batchSizeST=200 stDevStdStateMeanST=0.0
95% c.i. = 0.0 +/- 0.0



REPORT for Queue : ImageProvider----------------------------------------

totArrivThrPut=0.1666893862697431 totDeptThrPut=0.1666893862697431
meanTotTkPop=0.08600979619151583 queueUtil=0.07773177825437295
meanST=0.5159884388339608



REPORT for Queue of Queueing Place : I/product_product----------------------------------------

queueUtilQPl=0.02733916195183036

------------------ Color = product --------------------
arrivCnt=278214 deptCnt=278214
arrivThrPut=0.027849248728041467 deptThrPut=0.027849248728041467
meanTkPop=0.028094362235348204 tkColOcp=0.02733916195183036
-----
meanST=1.0088014405595054 stDevST=0.9942354940333114

Steady State Statistics: numBatchesST=695 batchSizeST=400 stDevStdStateMeanST=0.05142925787479572
95% c.i. = 1.0087231698619001 +/- 0.003823542714184488



REPORT for Depository of Queueing Place : I/product_product----------------------------------------

tkOcp=0.0

------------------ Color = product --------------------
arrivCnt=278214 deptCnt=278214
arrivThrPut=0.027849248728041467 deptThrPut=0.027849248728041467
meanTkPop=0.0 tkColOcp=0.0
-----
meanST=0.0 stDevST=0.0

Steady State Statistics: numBatchesST=1391 batchSizeST=200 stDevStdStateMeanST=0.0
95% c.i. = 0.0 +/- 0.0



REPORT for Queue : ImageProvider----------------------------------------

totArrivThrPut=0.1666893862697431 totDeptThrPut=0.1666893862697431
meanTotTkPop=0.08600979619151583 queueUtil=0.07773177825437295
meanST=0.5159884388339608



REPORT for Queue of Queueing Place : Workload----------------------------------------

queueUtilQPl=1.0

------------------ Color = workload --------------------
arrivCnt=1665227 deptCnt=1665227
arrivThrPut=0.1666893862697431 deptThrPut=0.1666893862697431
meanTkPop=1.0 tkColOcp=1.0
-----
meanST=5.99918220576901 stDevST=5.998538405620108

Steady State Statistics: numBatchesST=4163 batchSizeST=400 stDevStdStateMeanST=0.2975079463081263
95% c.i. = 5.9991367882650275 +/- 0.00903739897636162



REPORT for Depository of Queueing Place : Workload----------------------------------------

tkOcp=0.0

------------------ Color = workload --------------------
arrivCnt=1665227 deptCnt=1665227
arrivThrPut=0.1666893862697431 deptThrPut=0.1666893862697431
meanTkPop=0.0 tkColOcp=0.0
-----
meanST=0.0 stDevST=0.0

Steady State Statistics: numBatchesST=8326 batchSizeST=200 stDevStdStateMeanST=0.0
95% c.i. = 0.0 +/- 0.0



REPORT for Queue : Workload----------------------------------------

totArrivThrPut=0.1666893862697431 totDeptThrPut=0.1666893862697431
meanTotTkPop=1.0 queueUtil=1.0
meanST=5.99918220576901



REPORT for Queue of Queueing Place : I/icon_index----------------------------------------

queueUtilQPl=0.012539775545811907

------------------ Color = index --------------------
arrivCnt=277671 deptCnt=277671
arrivThrPut=0.027794894374704372 deptThrPut=0.027794894374704372
meanTkPop=0.012717183991374944 tkColOcp=0.012539775545811907
-----
meanST=0.45753669072938163 stDevST=0.49509354130385486

Steady State Statistics: numBatchesST=694 batchSizeST=400 stDevStdStateMeanST=0.02618006715803572
95% c.i. = 0.45754125986038163 +/- 0.0019477764566182387



REPORT for Depository of Queueing Place : I/icon_index----------------------------------------

tkOcp=0.0

------------------ Color = index --------------------
arrivCnt=277671 deptCnt=277671
arrivThrPut=0.027794894374704372 deptThrPut=0.027794894374704372
meanTkPop=0.0 tkColOcp=0.0
-----
meanST=0.0 stDevST=0.0

Steady State Statistics: numBatchesST=1388 batchSizeST=200 stDevStdStateMeanST=0.0
95% c.i. = 0.0 +/- 0.0



REPORT for Queue : ImageProvider----------------------------------------

totArrivThrPut=0.1666893862697431 totDeptThrPut=0.1666893862697431
meanTotTkPop=0.08600979619151583 queueUtil=0.07773177825437295
meanST=0.5159884388339608



REPORT for Queue of Queueing Place : P/categories_login----------------------------------------

queueUtilQPl=0.008691943056279024

------------------ Color = login --------------------
arrivCnt=276960 deptCnt=276960
arrivThrPut=0.027723723204865193 deptThrPut=0.027723723204865193
meanTkPop=0.008768314050244764 tkColOcp=0.008691943056279024
-----
meanST=0.31627476531384596 stDevST=0.32373436565344826

Steady State Statistics: numBatchesST=692 batchSizeST=400 stDevStdStateMeanST=0.016249317418132233
95% c.i. = 0.3162731465512829 +/- 0.0012106822248195758



REPORT for Depository of Queueing Place : P/categories_login----------------------------------------

tkOcp=0.0

------------------ Color = login --------------------
arrivCnt=276960 deptCnt=276960
arrivThrPut=0.027723723204865193 deptThrPut=0.027723723204865193
meanTkPop=0.0 tkColOcp=0.0
-----
meanST=0.0 stDevST=0.0

Steady State Statistics: numBatchesST=1384 batchSizeST=200 stDevStdStateMeanST=0.0
95% c.i. = 0.0 +/- 0.0



REPORT for Queue : Persistence----------------------------------------

totArrivThrPut=0.1666893862697431 totDeptThrPut=0.1666893862697431
meanTotTkPop=0.055121669011831936 queueUtil=0.05168375393301299
meanST=0.3306849358880712



REPORT for Queue of Queueing Place : I/icon_login----------------------------------------

queueUtilQPl=0.004392546965100046

------------------ Color = login --------------------
arrivCnt=276960 deptCnt=276960
arrivThrPut=0.027723723204865193 deptThrPut=0.027723723204865193
meanTkPop=0.004434119539481392 tkColOcp=0.004392546965100046
-----
meanST=0.1599395401084965 stDevST=0.28981874135254165

Steady State Statistics: numBatchesST=692 batchSizeST=400 stDevStdStateMeanST=0.014989930405846983
95% c.i. = 0.15994611367294118 +/- 0.0011168495159920046



REPORT for Depository of Queueing Place : I/icon_login----------------------------------------

tkOcp=0.0

------------------ Color = login --------------------
arrivCnt=276960 deptCnt=276960
arrivThrPut=0.027723723204865193 deptThrPut=0.027723723204865193
meanTkPop=0.0 tkColOcp=0.0
-----
meanST=0.0 stDevST=0.0

Steady State Statistics: numBatchesST=1384 batchSizeST=200 stDevStdStateMeanST=0.0
95% c.i. = 0.0 +/- 0.0



REPORT for Queue : ImageProvider----------------------------------------

totArrivThrPut=0.1666893862697431 totDeptThrPut=0.1666893862697431
meanTotTkPop=0.08600979619151583 queueUtil=0.07773177825437295
meanST=0.5159884388339608



REPORT for Queue of Queueing Place : A/isLoggedIn_login----------------------------------------

queueUtilQPl=0.0038860832516228122

------------------ Color = login --------------------
arrivCnt=276960 deptCnt=276960
arrivThrPut=0.027723723204865193 deptThrPut=0.027723723204865193
meanTkPop=0.003917382467554247 tkColOcp=0.0038860832516228122
-----
meanST=0.14130073506385288 stDevST=0.20199542489815667

Steady State Statistics: numBatchesST=692 batchSizeST=400 stDevStdStateMeanST=0.010483985610816829
95% c.i. = 0.14129205010906914 +/- 7.811266589030113E-4



REPORT for Depository of Queueing Place : A/isLoggedIn_login----------------------------------------

tkOcp=0.0

------------------ Color = login --------------------
arrivCnt=276960 deptCnt=276960
arrivThrPut=0.027723723204865193 deptThrPut=0.027723723204865193
meanTkPop=0.0 tkColOcp=0.0
-----
meanST=0.0 stDevST=0.0

Steady State Statistics: numBatchesST=1384 batchSizeST=200 stDevStdStateMeanST=0.0
95% c.i. = 0.0 +/- 0.0



REPORT for Queue : Auth----------------------------------------

totArrivThrPut=0.1666893862697431 totDeptThrPut=0.1666893862697431
meanTotTkPop=0.05489619855011632 queueUtil=0.05103548462591904
meanST=0.3293322975062203



REPORT for Queue of Queueing Place : A/isLoggedIn_category----------------------------------------

queueUtilQPl=0.016208468433901686

------------------ Color = category --------------------
arrivCnt=277215 deptCnt=277215
arrivThrPut=0.027749248729913 deptThrPut=0.027749248729913
meanTkPop=0.016480695692564915 tkColOcp=0.016208468433901686
-----
meanST=0.5939150228164244 stDevST=0.5896659971480562

Steady State Statistics: numBatchesST=346 batchSizeST=800 stDevStdStateMeanST=0.02153758585729825
95% c.i. = 0.59396443877529 +/- 0.002269379165167901



REPORT for Depository of Queueing Place : A/isLoggedIn_category----------------------------------------

tkOcp=0.0

------------------ Color = category --------------------
arrivCnt=277215 deptCnt=277215
arrivThrPut=0.027749248729913 deptThrPut=0.027749248729913
meanTkPop=0.0 tkColOcp=0.0
-----
meanST=0.0 stDevST=0.0

Steady State Statistics: numBatchesST=1386 batchSizeST=200 stDevStdStateMeanST=0.0
95% c.i. = 0.0 +/- 0.0



REPORT for Queue : Auth----------------------------------------

totArrivThrPut=0.1666893862697431 totDeptThrPut=0.1666893862697431
meanTotTkPop=0.05489619855011632 queueUtil=0.05103548462591904
meanST=0.3293322975062203



REPORT for Queue of Queueing Place : I/icon_logout----------------------------------------

queueUtilQPl=0.011953478780917376

------------------ Color = logout --------------------
arrivCnt=278204 deptCnt=278204
arrivThrPut=0.0278482477270592 deptThrPut=0.0278482477270592
meanTkPop=0.012099820914281854 tkColOcp=0.011953478780917376
-----
meanST=0.43449128407906495 stDevST=0.4647389092005995

Steady State Statistics: numBatchesST=695 batchSizeST=400 stDevStdStateMeanST=0.023200493086479847
95% c.i. = 0.43450197677118346 +/- 0.0017248562388797635



REPORT for Depository of Queueing Place : I/icon_logout----------------------------------------

tkOcp=0.0

------------------ Color = logout --------------------
arrivCnt=278204 deptCnt=278204
arrivThrPut=0.0278482477270592 deptThrPut=0.0278482477270592
meanTkPop=0.0 tkColOcp=0.0
-----
meanST=0.0 stDevST=0.0

Steady State Statistics: numBatchesST=1391 batchSizeST=200 stDevStdStateMeanST=0.0
95% c.i. = 0.0 +/- 0.0



REPORT for Queue : ImageProvider----------------------------------------

totArrivThrPut=0.1666893862697431 totDeptThrPut=0.1666893862697431
meanTotTkPop=0.08600979619151583 queueUtil=0.07773177825437295
meanST=0.5159884388339608



REPORT for Queue of Queueing Place : I/icon_loginAction----------------------------------------

queueUtilQPl=0.01555049747734172

------------------ Color = loginAction --------------------
arrivCnt=276963 deptCnt=276963
arrivThrPut=0.027724023505159873 deptThrPut=0.027724023505159873
meanTkPop=0.01580326985382283 tkColOcp=0.01555049747734172
-----
meanST=0.5700207926487149 stDevST=0.5853569526228736

Steady State Statistics: numBatchesST=692 batchSizeST=400 stDevStdStateMeanST=0.03067683749818442
95% c.i. = 0.5700053798149537 +/- 0.0022856284308463907



REPORT for Depository of Queueing Place : I/icon_loginAction----------------------------------------

tkOcp=0.0

------------------ Color = loginAction --------------------
arrivCnt=276963 deptCnt=276963
arrivThrPut=0.027724023505159873 deptThrPut=0.027724023505159873
meanTkPop=0.0 tkColOcp=0.0
-----
meanST=0.0 stDevST=0.0

Steady State Statistics: numBatchesST=1384 batchSizeST=200 stDevStdStateMeanST=0.0
95% c.i. = 0.0 +/- 0.0



REPORT for Queue : ImageProvider----------------------------------------

totArrivThrPut=0.1666893862697431 totDeptThrPut=0.1666893862697431
meanTotTkPop=0.08600979619151583 queueUtil=0.07773177825437295
meanST=0.5159884388339608



REPORT for Queue of Queueing Place : A/isLoggedIn_product----------------------------------------

queueUtilQPl=0.009919554127149168

------------------ Color = product --------------------
arrivCnt=278214 deptCnt=278214
arrivThrPut=0.027849248728041467 deptThrPut=0.027849248728041467
meanTkPop=0.010016250728223038 tkColOcp=0.009919554127149168
-----
meanST=0.3596596384353325 stDevST=0.36440301437123485

Steady State Statistics: numBatchesST=695 batchSizeST=400 stDevStdStateMeanST=0.017721698440266075
95% c.i. = 0.3596340153860642 +/- 0.001317531571604913



REPORT for Depository of Queueing Place : A/isLoggedIn_product----------------------------------------

tkOcp=0.0

------------------ Color = product --------------------
arrivCnt=278214 deptCnt=278214
arrivThrPut=0.027849248728041467 deptThrPut=0.027849248728041467
meanTkPop=0.0 tkColOcp=0.0
-----
meanST=0.0 stDevST=0.0

Steady State Statistics: numBatchesST=1391 batchSizeST=200 stDevStdStateMeanST=0.0
95% c.i. = 0.0 +/- 0.0



REPORT for Queue : Auth----------------------------------------

totArrivThrPut=0.1666893862697431 totDeptThrPut=0.1666893862697431
meanTotTkPop=0.05489619855011632 queueUtil=0.05103548462591904
meanST=0.3293322975062203



REPORT for Queue of Queueing Place : P/category_logout----------------------------------------

queueUtilQPl=0.012684691681275551

------------------ Color = logout --------------------
arrivCnt=278204 deptCnt=278204
arrivThrPut=0.0278482477270592 deptThrPut=0.0278482477270592
meanTkPop=0.012847781775076964 tkColOcp=0.012684691681275551
-----
meanST=0.4613497373694076 stDevST=0.4598871643678457

Steady State Statistics: numBatchesST=695 batchSizeST=400 stDevStdStateMeanST=0.023252424341732775
95% c.i. = 0.461372566790048 +/- 0.0017287171029261431



REPORT for Depository of Queueing Place : P/category_logout----------------------------------------

tkOcp=0.0

------------------ Color = logout --------------------
arrivCnt=278204 deptCnt=278204
arrivThrPut=0.0278482477270592 deptThrPut=0.0278482477270592
meanTkPop=0.0 tkColOcp=0.0
-----
meanST=0.0 stDevST=0.0

Steady State Statistics: numBatchesST=1391 batchSizeST=200 stDevStdStateMeanST=0.0
95% c.i. = 0.0 +/- 0.0



REPORT for Queue : Persistence----------------------------------------

totArrivThrPut=0.1666893862697431 totDeptThrPut=0.1666893862697431
meanTotTkPop=0.055121669011831936 queueUtil=0.05168375393301299
meanST=0.3306849358880712



REPORT for Ordinary Place : Finish_index----------------------------------------

tkOcp=1.0

------------------ Color = index --------------------
arrivCnt=277671 deptCnt=0
arrivThrPut=0.027794894374704372 deptThrPut=0.0
meanTkPop=138914.66697753264 tkColOcp=1.0
-----
meanST=NaN stDevST=NaN

Steady State Statistics: Only 0 batches collected!
Need at least 60 for steady state statistics.



REPORT for Ordinary Place : Finish_login----------------------------------------

tkOcp=1.0

------------------ Color = login --------------------
arrivCnt=276960 deptCnt=0
arrivThrPut=0.027723723204865193 deptThrPut=0.0
meanTkPop=138931.4573962069 tkColOcp=1.0
-----
meanST=NaN stDevST=NaN

Steady State Statistics: Only 0 batches collected!
Need at least 60 for steady state statistics.



REPORT for Ordinary Place : Finish_loginAction----------------------------------------

tkOcp=1.0

------------------ Color = loginAction --------------------
arrivCnt=276963 deptCnt=0
arrivThrPut=0.027724023505159873 deptThrPut=0.0
meanTkPop=138878.61897074198 tkColOcp=1.0
-----
meanST=NaN stDevST=NaN

Steady State Statistics: Only 0 batches collected!
Need at least 60 for steady state statistics.



REPORT for Ordinary Place : Finish_category----------------------------------------

tkOcp=1.0

------------------ Color = category --------------------
arrivCnt=277215 deptCnt=0
arrivThrPut=0.027749248729913 deptThrPut=0.0
meanTkPop=138878.22215262023 tkColOcp=1.0
-----
meanST=NaN stDevST=NaN

Steady State Statistics: Only 0 batches collected!
Need at least 60 for steady state statistics.



REPORT for Ordinary Place : Finish_product----------------------------------------

tkOcp=1.0

------------------ Color = product --------------------
arrivCnt=278214 deptCnt=0
arrivThrPut=0.027849248728041467 deptThrPut=0.0
meanTkPop=139469.17268099354 tkColOcp=1.0
-----
meanST=NaN stDevST=NaN

Steady State Statistics: Only 0 batches collected!
Need at least 60 for steady state statistics.



REPORT for Ordinary Place : Finish_logout----------------------------------------

tkOcp=1.0

------------------ Color = logout --------------------
arrivCnt=278204 deptCnt=0
arrivThrPut=0.0278482477270592 deptThrPut=0.0
meanTkPop=139330.7907476165 tkColOcp=1.0
-----
meanST=NaN stDevST=NaN

Steady State Statistics: Only 0 batches collected!
Need at least 60 for steady state statistics.



REPORT REPORT for Probe : /index----------------------------------------


------------------ Color = index --------------------
-----
meanST=1.2868593727115232 stDevST=0.7412602148695884

Steady State Statistics: numBatchesST=694 batchSizeST=400 stDevStdStateMeanST=0.039338610942784624
95% c.i. = 1.2868296919950504 +/- 0.002926761790483103



REPORT REPORT for Probe : /login----------------------------------------


------------------ Color = login --------------------
-----
meanST=0.7263742759337175 stDevST=0.5153665837830544

Steady State Statistics: numBatchesST=346 batchSizeST=800 stDevStdStateMeanST=0.019080333971627304
95% c.i. = 0.7263617028618888 +/- 0.002010462670540368



REPORT REPORT for Probe : /loginAction----------------------------------------


------------------ Color = loginAction --------------------
-----
meanST=1.3076117520887476 stDevST=0.8131834744664219

Steady State Statistics: numBatchesST=692 batchSizeST=400 stDevStdStateMeanST=0.041458082605689645
95% c.i. = 1.3076091733756692 +/- 0.0030889028993797236



REPORT REPORT for Probe : /logout----------------------------------------


------------------ Color = logout --------------------
-----
meanST=1.6497642206300187 stDevST=0.845115697705855

Steady State Statistics: numBatchesST=695 batchSizeST=400 stDevStdStateMeanST=0.04421410606279671
95% c.i. = 1.6498570608042311 +/- 0.0032871274073631197



REPORT REPORT for Probe : /category----------------------------------------


------------------ Color = category --------------------
-----
meanST=1.5247659750875329 stDevST=0.8473101547970695

Steady State Statistics: numBatchesST=346 batchSizeST=800 stDevStdStateMeanST=0.031000082572187178
95% c.i. = 1.5247329210104805 +/- 0.003266426514741759



REPORT REPORT for Probe : /product----------------------------------------


------------------ Color = product --------------------
-----
meanST=1.7397499513042387 stDevST=1.0916172681474774

Steady State Statistics: numBatchesST=695 batchSizeST=400 stDevStdStateMeanST=0.05641250554254306
95% c.i. = 1.7396351563137584 +/- 0.004194025608559092



