INFO Logging to /home/yjx/workloadConfig/qpme/output/SimQPN_Output_config_2025-08-14_05133837.log
WARN Batch means correlation test was run for depository of place Workload, color 0
    However, the standard deviation of the token residence time is 0 and therefore the result of the test is ignored!
    In future runs, you should set numBMeansCorlTested to 0 to switch off the correlation test!
WARN Batch means correlation test was run for depository of place W/loginAction, color 0
    However, the standard deviation of the token residence time is 0 and therefore the result of the test is ignored!
    In future runs, you should set numBMeansCorlTested to 0 to switch off the correlation test!
WARN Batch means correlation test was run for depository of place A/login_loginAction, color 0
    However, the standard deviation of the token residence time is 0 and therefore the result of the test is ignored!
    In future runs, you should set numBMeansCorlTested to 0 to switch off the correlation test!
WARN Batch means correlation test was run for depository of place P/getUser_loginAction, color 0
    However, the standard deviation of the token residence time is 0 and therefore the result of the test is ignored!
    In future runs, you should set numBMeansCorlTested to 0 to switch off the correlation test!
WARN Batch means correlation test was run for depository of place I/icon_loginAction, color 0
    However, the standard deviation of the token residence time is 0 and therefore the result of the test is ignored!
    In future runs, you should set numBMeansCorlTested to 0 to switch off the correlation test!
WARN Batch means correlation test was run for depository of place W/index, color 0
    However, the standard deviation of the token residence time is 0 and therefore the result of the test is ignored!
    In future runs, you should set numBMeansCorlTested to 0 to switch off the correlation test!
WARN Batch means correlation test was run for depository of place P/categories_index, color 0
    However, the standard deviation of the token residence time is 0 and therefore the result of the test is ignored!
    In future runs, you should set numBMeansCorlTested to 0 to switch off the correlation test!
WARN Batch means correlation test was run for depository of place A/isLoggedIn_index, color 0
    However, the standard deviation of the token residence time is 0 and therefore the result of the test is ignored!
    In future runs, you should set numBMeansCorlTested to 0 to switch off the correlation test!
WARN Batch means correlation test was run for depository of place I/icon_index, color 0
    However, the standard deviation of the token residence time is 0 and therefore the result of the test is ignored!
    In future runs, you should set numBMeansCorlTested to 0 to switch off the correlation test!
WARN Batch means correlation test was run for depository of place W/category, color 0
    However, the standard deviation of the token residence time is 0 and therefore the result of the test is ignored!
    In future runs, you should set numBMeansCorlTested to 0 to switch off the correlation test!
WARN Batch means correlation test was run for depository of place P/category_category, color 0
    However, the standard deviation of the token residence time is 0 and therefore the result of the test is ignored!
    In future runs, you should set numBMeansCorlTested to 0 to switch off the correlation test!
WARN Batch means correlation test was run for depository of place I/productImages_category, color 0
    However, the standard deviation of the token residence time is 0 and therefore the result of the test is ignored!
    In future runs, you should set numBMeansCorlTested to 0 to switch off the correlation test!
WARN Batch means correlation test was run for depository of place A/isLoggedIn_category, color 0
    However, the standard deviation of the token residence time is 0 and therefore the result of the test is ignored!
    In future runs, you should set numBMeansCorlTested to 0 to switch off the correlation test!
WARN Batch means correlation test was run for depository of place W/product, color 0
    However, the standard deviation of the token residence time is 0 and therefore the result of the test is ignored!
    In future runs, you should set numBMeansCorlTested to 0 to switch off the correlation test!
WARN Batch means correlation test was run for depository of place P/getProduct_product, color 0
    However, the standard deviation of the token residence time is 0 and therefore the result of the test is ignored!
    In future runs, you should set numBMeansCorlTested to 0 to switch off the correlation test!
WARN Batch means correlation test was run for depository of place R/getAds_product, color 0
    However, the standard deviation of the token residence time is 0 and therefore the result of the test is ignored!
    In future runs, you should set numBMeansCorlTested to 0 to switch off the correlation test!
WARN Batch means correlation test was run for depository of place I/product_product, color 0
    However, the standard deviation of the token residence time is 0 and therefore the result of the test is ignored!
    In future runs, you should set numBMeansCorlTested to 0 to switch off the correlation test!
WARN Batch means correlation test was run for depository of place A/isLoggedIn_product, color 0
    However, the standard deviation of the token residence time is 0 and therefore the result of the test is ignored!
    In future runs, you should set numBMeansCorlTested to 0 to switch off the correlation test!
WARN Batch means correlation test was run for depository of place W/login, color 0
    However, the standard deviation of the token residence time is 0 and therefore the result of the test is ignored!
    In future runs, you should set numBMeansCorlTested to 0 to switch off the correlation test!
WARN Batch means correlation test was run for depository of place P/categories_login, color 0
    However, the standard deviation of the token residence time is 0 and therefore the result of the test is ignored!
    In future runs, you should set numBMeansCorlTested to 0 to switch off the correlation test!
WARN Batch means correlation test was run for depository of place I/icon_login, color 0
    However, the standard deviation of the token residence time is 0 and therefore the result of the test is ignored!
    In future runs, you should set numBMeansCorlTested to 0 to switch off the correlation test!
WARN Batch means correlation test was run for depository of place A/isLoggedIn_login, color 0
    However, the standard deviation of the token residence time is 0 and therefore the result of the test is ignored!
    In future runs, you should set numBMeansCorlTested to 0 to switch off the correlation test!
WARN Batch means correlation test was run for depository of place W/logout, color 0
    However, the standard deviation of the token residence time is 0 and therefore the result of the test is ignored!
    In future runs, you should set numBMeansCorlTested to 0 to switch off the correlation test!
WARN Batch means correlation test was run for depository of place A/logout_logout, color 0
    However, the standard deviation of the token residence time is 0 and therefore the result of the test is ignored!
    In future runs, you should set numBMeansCorlTested to 0 to switch off the correlation test!
WARN Batch means correlation test was run for depository of place P/category_logout, color 0
    However, the standard deviation of the token residence time is 0 and therefore the result of the test is ignored!
    In future runs, you should set numBMeansCorlTested to 0 to switch off the correlation test!
WARN Batch means correlation test was run for depository of place I/icon_logout, color 0
    However, the standard deviation of the token residence time is 0 and therefore the result of the test is ignored!
    In future runs, you should set numBMeansCorlTested to 0 to switch off the correlation test!
WARN LP-1 The simulation was stopped because of reaching max totalRunLen.
The required precision may not have been reached!
REPORT for Queue of Queueing Place : W/index----------------------------------------

queueUtilQPl=0.00739447406007384

------------------ Color = index --------------------
arrivCnt=277657 deptCnt=277657
arrivThrPut=0.027793457588855926 deptThrPut=0.027793457588855926
meanTkPop=0.0074485047235536075 tkColOcp=0.00739447406007384
-----
meanST=0.2679948941127844 stDevST=0.26939271751443905

Steady State Statistics: numBatchesST=694 batchSizeST=400 stDevStdStateMeanST=0.01365597719028594
95% c.i. = 0.2679786384095017 +/- 0.0010159939889684503



REPORT for Depository of Queueing Place : W/index----------------------------------------

tkOcp=0.0

------------------ Color = index --------------------
arrivCnt=277657 deptCnt=277657
arrivThrPut=0.027793457588855926 deptThrPut=0.027793457588855926
meanTkPop=0.0 tkColOcp=0.0
-----
meanST=0.0 stDevST=0.0

Steady State Statistics: numBatchesST=1388 batchSizeST=200 stDevStdStateMeanST=0.0
95% c.i. = 0.0 +/- 0.0



REPORT for Queue : WebUI----------------------------------------

totArrivThrPut=0.1665105957061384 totDeptThrPut=0.1665105957061384
meanTotTkPop=0.03383975344255567 queueUtil=0.03248244772296076
meanST=0.20322882936697204



REPORT for Queue of Queueing Place : P/categories_index----------------------------------------

queueUtilQPl=0.018086497301061173

------------------ Color = index --------------------
arrivCnt=277657 deptCnt=277657
arrivThrPut=0.027793457588855926 deptThrPut=0.027793457588855926
meanTkPop=0.018408747646131585 tkColOcp=0.018086497301061173
-----
meanST=0.6623410414943394 stDevST=0.6611557692988048

Steady State Statistics: numBatchesST=347 batchSizeST=800 stDevStdStateMeanST=0.02452704774891454
95% c.i. = 0.6623562973546419 +/- 0.0025806471639505013



REPORT for Depository of Queueing Place : P/categories_index----------------------------------------

tkOcp=0.0

------------------ Color = index --------------------
arrivCnt=277657 deptCnt=277657
arrivThrPut=0.027793457588855926 deptThrPut=0.027793457588855926
meanTkPop=0.0 tkColOcp=0.0
-----
meanST=0.0 stDevST=0.0

Steady State Statistics: numBatchesST=1388 batchSizeST=200 stDevStdStateMeanST=0.0
95% c.i. = 0.0 +/- 0.0



REPORT for Queue : Persistence----------------------------------------

totArrivThrPut=0.1665105957061384 totDeptThrPut=0.1665105957061384
meanTotTkPop=0.040073956743161415 queueUtil=0.03735087699766867
meanST=0.24066910921323484



REPORT for Queue of Queueing Place : A/isLoggedIn_index----------------------------------------

queueUtilQPl=0.002688395374525272

------------------ Color = index --------------------
arrivCnt=277657 deptCnt=277657
arrivThrPut=0.027793457588855926 deptThrPut=0.027793457588855926
meanTkPop=0.0026958243150112748 tkColOcp=0.002688395374525272
-----
meanST=0.09699492430521467 stDevST=0.10390362100925277

Steady State Statistics: numBatchesST=694 batchSizeST=400 stDevStdStateMeanST=0.005344726443912634
95% c.i. = 0.09699490308084867 +/- 3.976434541468545E-4



REPORT for Depository of Queueing Place : A/isLoggedIn_index----------------------------------------

tkOcp=0.0

------------------ Color = index --------------------
arrivCnt=277657 deptCnt=277657
arrivThrPut=0.027793457588855926 deptThrPut=0.027793457588855926
meanTkPop=0.0 tkColOcp=0.0
-----
meanST=0.0 stDevST=0.0

Steady State Statistics: numBatchesST=1388 batchSizeST=200 stDevStdStateMeanST=0.0
95% c.i. = 0.0 +/- 0.0



REPORT for Queue : Auth----------------------------------------

totArrivThrPut=0.1665105957061384 totDeptThrPut=0.1665105957061384
meanTotTkPop=0.02675152328384134 queueUtil=0.02581627499996362
meanST=0.16065958547798978



REPORT for Queue of Queueing Place : W/login----------------------------------------

queueUtilQPl=0.0029749557184369354

------------------ Color = login --------------------
arrivCnt=276918 deptCnt=276918
arrivThrPut=0.0277194837104442 deptThrPut=0.0277194837104442
meanTkPop=0.0029858928564178563 tkColOcp=0.0029749557184369354
-----
meanST=0.10771819878062253 stDevST=0.12115091262796368

Steady State Statistics: numBatchesST=692 batchSizeST=400 stDevStdStateMeanST=0.005978349500717298
95% c.i. = 0.10772159230190305 +/- 4.4542680089446936E-4



REPORT for Depository of Queueing Place : W/login----------------------------------------

tkOcp=0.0

------------------ Color = login --------------------
arrivCnt=276918 deptCnt=276918
arrivThrPut=0.0277194837104442 deptThrPut=0.0277194837104442
meanTkPop=0.0 tkColOcp=0.0
-----
meanST=0.0 stDevST=0.0

Steady State Statistics: numBatchesST=1384 batchSizeST=200 stDevStdStateMeanST=0.0
95% c.i. = 0.0 +/- 0.0



REPORT for Queue : WebUI----------------------------------------

totArrivThrPut=0.1665105957061384 totDeptThrPut=0.1665105957061384
meanTotTkPop=0.03383975344255567 queueUtil=0.03248244772296076
meanST=0.20322882936697204



REPORT for Queue of Queueing Place : W/loginAction----------------------------------------

queueUtilQPl=0.010628592149870884

------------------ Color = loginAction --------------------
arrivCnt=277467 deptCnt=277467
arrivThrPut=0.027774438594406363 deptThrPut=0.027774438594406363
meanTkPop=0.01074479702717754 tkColOcp=0.010628592149870884
-----
meanST=0.38685919755517545 stDevST=0.38476228830947423

Steady State Statistics: numBatchesST=693 batchSizeST=400 stDevStdStateMeanST=0.020439498238090607
95% c.i. = 0.3868891439088388 +/- 0.0015217794109146359



REPORT for Depository of Queueing Place : W/loginAction----------------------------------------

tkOcp=0.0

------------------ Color = loginAction --------------------
arrivCnt=277467 deptCnt=277467
arrivThrPut=0.027774438594406363 deptThrPut=0.027774438594406363
meanTkPop=0.0 tkColOcp=0.0
-----
meanST=0.0 stDevST=0.0

Steady State Statistics: numBatchesST=1387 batchSizeST=200 stDevStdStateMeanST=0.0
95% c.i. = 0.0 +/- 0.0



REPORT for Queue : WebUI----------------------------------------

totArrivThrPut=0.1665105957061384 totDeptThrPut=0.1665105957061384
meanTotTkPop=0.03383975344255567 queueUtil=0.03248244772296076
meanST=0.20322882936697204



REPORT for Queue of Queueing Place : A/login_loginAction----------------------------------------

queueUtilQPl=0.0058798623179546015

------------------ Color = loginAction --------------------
arrivCnt=277467 deptCnt=277467
arrivThrPut=0.027774438594406363 deptThrPut=0.027774438594406363
meanTkPop=0.005914682666750662 tkColOcp=0.0058798623179546015
-----
meanST=0.2129541753525074 stDevST=0.21415755761193098

Steady State Statistics: numBatchesST=346 batchSizeST=800 stDevStdStateMeanST=0.007427159362051105
95% c.i. = 0.2129549736545405 +/- 7.825872790152558E-4



REPORT for Depository of Queueing Place : A/login_loginAction----------------------------------------

tkOcp=0.0

------------------ Color = loginAction --------------------
arrivCnt=277467 deptCnt=277467
arrivThrPut=0.027774438594406363 deptThrPut=0.027774438594406363
meanTkPop=0.0 tkColOcp=0.0
-----
meanST=0.0 stDevST=0.0

Steady State Statistics: numBatchesST=1387 batchSizeST=200 stDevStdStateMeanST=0.0
95% c.i. = 0.0 +/- 0.0



REPORT for Queue : Auth----------------------------------------

totArrivThrPut=0.1665105957061384 totDeptThrPut=0.1665105957061384
meanTotTkPop=0.02675152328384134 queueUtil=0.02581627499996362
meanST=0.16065958547798978



REPORT for Queue of Queueing Place : W/logout----------------------------------------

queueUtilQPl=0.004122713972464754

------------------ Color = logout --------------------
arrivCnt=277123 deptCnt=277123
arrivThrPut=0.027740004204455573 deptThrPut=0.027740004204455573
meanTkPop=0.004142180997157531 tkColOcp=0.004122713972464754
-----
meanST=0.14932157063235837 stDevST=0.15681341940038684

Steady State Statistics: numBatchesST=692 batchSizeST=400 stDevStdStateMeanST=0.00798452064545023
95% c.i. = 0.14932198698779714 +/- 5.948998945866277E-4



REPORT for Depository of Queueing Place : W/logout----------------------------------------

tkOcp=0.0

------------------ Color = logout --------------------
arrivCnt=277123 deptCnt=277123
arrivThrPut=0.027740004204455573 deptThrPut=0.027740004204455573
meanTkPop=0.0 tkColOcp=0.0
-----
meanST=0.0 stDevST=0.0

Steady State Statistics: numBatchesST=1385 batchSizeST=200 stDevStdStateMeanST=0.0
95% c.i. = 0.0 +/- 0.0



REPORT for Queue : WebUI----------------------------------------

totArrivThrPut=0.1665105957061384 totDeptThrPut=0.1665105957061384
meanTotTkPop=0.03383975344255567 queueUtil=0.03248244772296076
meanST=0.20322882936697204



REPORT for Queue of Queueing Place : A/logout_logout----------------------------------------

queueUtilQPl=0.0031604023889243516

------------------ Color = logout --------------------
arrivCnt=277123 deptCnt=277123
arrivThrPut=0.027740004204455573 deptThrPut=0.027740004204455573
meanTkPop=0.003171783399821791 tkColOcp=0.0031604023889243516
-----
meanST=0.11433968706148726 stDevST=0.12222754345355778

Steady State Statistics: numBatchesST=692 batchSizeST=400 stDevStdStateMeanST=0.006125193583872683
95% c.i. = 0.1143452343109628 +/- 4.56367661776279E-4



REPORT for Depository of Queueing Place : A/logout_logout----------------------------------------

tkOcp=0.0

------------------ Color = logout --------------------
arrivCnt=277123 deptCnt=277123
arrivThrPut=0.027740004204455573 deptThrPut=0.027740004204455573
meanTkPop=0.0 tkColOcp=0.0
-----
meanST=0.0 stDevST=0.0

Steady State Statistics: numBatchesST=1385 batchSizeST=200 stDevStdStateMeanST=0.0
95% c.i. = 0.0 +/- 0.0



REPORT for Queue : Auth----------------------------------------

totArrivThrPut=0.1665105957061384 totDeptThrPut=0.1665105957061384
meanTotTkPop=0.02675152328384134 queueUtil=0.02581627499996362
meanST=0.16065958547798978



REPORT for Queue of Queueing Place : P/getUser_loginAction----------------------------------------

queueUtilQPl=0.0028931682771682044

------------------ Color = loginAction --------------------
arrivCnt=277467 deptCnt=277467
arrivThrPut=0.027774438594406363 deptThrPut=0.027774438594406363
meanTkPop=0.0029068046263138105 tkColOcp=0.0028931682771682044
-----
meanST=0.10465754749401944 stDevST=0.15786236764972814

Steady State Statistics: numBatchesST=693 batchSizeST=400 stDevStdStateMeanST=0.007929603115304941
95% c.i. = 0.10467069263650156 +/- 5.903817509134161E-4



REPORT for Depository of Queueing Place : P/getUser_loginAction----------------------------------------

tkOcp=0.0

------------------ Color = loginAction --------------------
arrivCnt=277467 deptCnt=277467
arrivThrPut=0.027774438594406363 deptThrPut=0.027774438594406363
meanTkPop=0.0 tkColOcp=0.0
-----
meanST=0.0 stDevST=0.0

Steady State Statistics: numBatchesST=1387 batchSizeST=200 stDevStdStateMeanST=0.0
95% c.i. = 0.0 +/- 0.0



REPORT for Queue : Persistence----------------------------------------

totArrivThrPut=0.1665105957061384 totDeptThrPut=0.1665105957061384
meanTotTkPop=0.040073956743161415 queueUtil=0.03735087699766867
meanST=0.24066910921323484



REPORT for Queue of Queueing Place : W/category----------------------------------------

queueUtilQPl=0.0038036276312980156

------------------ Color = category --------------------
arrivCnt=277615 deptCnt=277615
arrivThrPut=0.027789253390082865 deptThrPut=0.027789253390082865
meanTkPop=0.0038180736893561797 tkColOcp=0.0038036276312980156
-----
meanST=0.13739389237131264 stDevST=0.14576782437951424

Steady State Statistics: numBatchesST=173 batchSizeST=1600 stDevStdStateMeanST=0.0037243594950936427
95% c.i. = 0.1374134278229704 +/- 5.589173260229154E-4



REPORT for Depository of Queueing Place : W/category----------------------------------------

tkOcp=0.0

------------------ Color = category --------------------
arrivCnt=277615 deptCnt=277615
arrivThrPut=0.027789253390082865 deptThrPut=0.027789253390082865
meanTkPop=0.0 tkColOcp=0.0
-----
meanST=0.0 stDevST=0.0

Steady State Statistics: numBatchesST=1388 batchSizeST=200 stDevStdStateMeanST=0.0
95% c.i. = 0.0 +/- 0.0



REPORT for Queue : WebUI----------------------------------------

totArrivThrPut=0.1665105957061384 totDeptThrPut=0.1665105957061384
meanTotTkPop=0.03383975344255567 queueUtil=0.03248244772296076
meanST=0.20322882936697204



REPORT for Queue of Queueing Place : W/product----------------------------------------

queueUtilQPl=0.004676772477675416

------------------ Color = product --------------------
arrivCnt=276663 deptCnt=276663
arrivThrPut=0.027693958217893472 deptThrPut=0.027693958217893472
meanTkPop=0.004700304148892955 tkColOcp=0.004676772477675416
-----
meanST=0.16972308948801765 stDevST=0.1766028865669635

Steady State Statistics: numBatchesST=691 batchSizeST=400 stDevStdStateMeanST=0.008971480554109228
95% c.i. = 0.16972589688813666 +/- 6.689184695624312E-4



REPORT for Depository of Queueing Place : W/product----------------------------------------

tkOcp=0.0

------------------ Color = product --------------------
arrivCnt=276663 deptCnt=276663
arrivThrPut=0.027693958217893472 deptThrPut=0.027693958217893472
meanTkPop=0.0 tkColOcp=0.0
-----
meanST=0.0 stDevST=0.0

Steady State Statistics: numBatchesST=1383 batchSizeST=200 stDevStdStateMeanST=0.0
95% c.i. = 0.0 +/- 0.0



REPORT for Queue : WebUI----------------------------------------

totArrivThrPut=0.1665105957061384 totDeptThrPut=0.1665105957061384
meanTotTkPop=0.03383975344255567 queueUtil=0.03248244772296076
meanST=0.20322882936697204



REPORT for Queue of Queueing Place : P/category_category----------------------------------------

queueUtilQPl=0.0032418904354446537

------------------ Color = category --------------------
arrivCnt=277615 deptCnt=277615
arrivThrPut=0.027789253390082865 deptThrPut=0.027789253390082865
meanTkPop=0.003258321385184237 tkColOcp=0.0032418904354446537
-----
meanST=0.11725113083991787 stDevST=0.16930746084397102

Steady State Statistics: numBatchesST=173 batchSizeST=1600 stDevStdStateMeanST=0.0045976976385750535
95% c.i. = 0.11726621206561476 +/- 6.89979813549022E-4



REPORT for Depository of Queueing Place : P/category_category----------------------------------------

tkOcp=0.0

------------------ Color = category --------------------
arrivCnt=277615 deptCnt=277615
arrivThrPut=0.027789253390082865 deptThrPut=0.027789253390082865
meanTkPop=0.0 tkColOcp=0.0
-----
meanST=0.0 stDevST=0.0

Steady State Statistics: numBatchesST=1388 batchSizeST=200 stDevStdStateMeanST=0.0
95% c.i. = 0.0 +/- 0.0



REPORT for Queue : Persistence----------------------------------------

totArrivThrPut=0.1665105957061384 totDeptThrPut=0.1665105957061384
meanTotTkPop=0.040073956743161415 queueUtil=0.03735087699766867
meanST=0.24066910921323484



REPORT for Queue of Queueing Place : P/getProduct_product----------------------------------------

queueUtilQPl=0.005812502620989567

------------------ Color = product --------------------
arrivCnt=276663 deptCnt=276663
arrivThrPut=0.027693958217893472 deptThrPut=0.027693958217893472
meanTkPop=0.005852377707599083 tkColOcp=0.005812502620989567
-----
meanST=0.21132326630787568 stDevST=0.23888743572061177

Steady State Statistics: numBatchesST=691 batchSizeST=400 stDevStdStateMeanST=0.01213467674419824
95% c.i. = 0.21134057041335225 +/- 9.047680979084343E-4



REPORT for Depository of Queueing Place : P/getProduct_product----------------------------------------

tkOcp=0.0

------------------ Color = product --------------------
arrivCnt=276663 deptCnt=276663
arrivThrPut=0.027693958217893472 deptThrPut=0.027693958217893472
meanTkPop=0.0 tkColOcp=0.0
-----
meanST=0.0 stDevST=0.0

Steady State Statistics: numBatchesST=1383 batchSizeST=200 stDevStdStateMeanST=0.0
95% c.i. = 0.0 +/- 0.0



REPORT for Queue : Persistence----------------------------------------

totArrivThrPut=0.1665105957061384 totDeptThrPut=0.1665105957061384
meanTotTkPop=0.040073956743161415 queueUtil=0.03735087699766867
meanST=0.24066910921323484



REPORT for Queue of Queueing Place : R/getAds_product----------------------------------------

queueUtilQPl=0.01229644176566388

------------------ Color = product --------------------
arrivCnt=276663 deptCnt=276663
arrivThrPut=0.027693958217893472 deptThrPut=0.027693958217893472
meanTkPop=0.012452344458023448 tkColOcp=0.01229644176566388
-----
meanST=0.4496411946623725 stDevST=0.44900319851392

Steady State Statistics: numBatchesST=691 batchSizeST=400 stDevStdStateMeanST=0.02313044280788873
95% c.i. = 0.4495912585154177 +/- 0.001724618396042493



REPORT for Depository of Queueing Place : R/getAds_product----------------------------------------

tkOcp=0.0

------------------ Color = product --------------------
arrivCnt=276663 deptCnt=276663
arrivThrPut=0.027693958217893472 deptThrPut=0.027693958217893472
meanTkPop=0.0 tkColOcp=0.0
-----
meanST=0.0 stDevST=0.0

Steady State Statistics: numBatchesST=1383 batchSizeST=200 stDevStdStateMeanST=0.0
95% c.i. = 0.0 +/- 0.0



REPORT for Queue : Recommender----------------------------------------

totArrivThrPut=0.027693958217893472 totDeptThrPut=0.027693958217893472
meanTotTkPop=0.012452344458023448 queueUtil=0.01229644176566388
meanST=0.4496411946623725



REPORT for Queue of Queueing Place : I/productImages_category----------------------------------------

queueUtilQPl=0.008090444389193782

------------------ Color = category --------------------
arrivCnt=277615 deptCnt=277615
arrivThrPut=0.027789253390082865 deptThrPut=0.027789253390082865
meanTkPop=0.00827649853644267 tkColOcp=0.008090444389193782
-----
meanST=0.29783090679925567 stDevST=0.6735652447593264

Steady State Statistics: numBatchesST=694 batchSizeST=400 stDevStdStateMeanST=0.03568122573236673
95% c.i. = 0.2978292795350328 +/- 0.0026546552002809777



REPORT for Depository of Queueing Place : I/productImages_category----------------------------------------

tkOcp=0.0

------------------ Color = category --------------------
arrivCnt=277615 deptCnt=277615
arrivThrPut=0.027789253390082865 deptThrPut=0.027789253390082865
meanTkPop=0.0 tkColOcp=0.0
-----
meanST=0.0 stDevST=0.0

Steady State Statistics: numBatchesST=1388 batchSizeST=200 stDevStdStateMeanST=0.0
95% c.i. = 0.0 +/- 0.0



REPORT for Queue : ImageProvider----------------------------------------

totArrivThrPut=0.1665105957061384 totDeptThrPut=0.1665105957061384
meanTotTkPop=0.12086727439901807 queueUtil=0.09940399484323002
meanST=0.7258833822943455



REPORT for Queue of Queueing Place : I/product_product----------------------------------------

queueUtilQPl=0.00617015453584993

------------------ Color = product --------------------
arrivCnt=276663 deptCnt=276663
arrivThrPut=0.027693958217893472 deptThrPut=0.027693958217893472
meanTkPop=0.006339193074553476 tkColOcp=0.00617015453584993
-----
meanST=0.2289016624014992 stDevST=0.6423648297546755

Steady State Statistics: numBatchesST=691 batchSizeST=400 stDevStdStateMeanST=0.034824628811752426
95% c.i. = 0.2289368224546921 +/- 0.002596543264775555



REPORT for Depository of Queueing Place : I/product_product----------------------------------------

tkOcp=0.0

------------------ Color = product --------------------
arrivCnt=276663 deptCnt=276663
arrivThrPut=0.027693958217893472 deptThrPut=0.027693958217893472
meanTkPop=0.0 tkColOcp=0.0
-----
meanST=0.0 stDevST=0.0

Steady State Statistics: numBatchesST=1383 batchSizeST=200 stDevStdStateMeanST=0.0
95% c.i. = 0.0 +/- 0.0



REPORT for Queue : ImageProvider----------------------------------------

totArrivThrPut=0.1665105957061384 totDeptThrPut=0.1665105957061384
meanTotTkPop=0.12086727439901807 queueUtil=0.09940399484323002
meanST=0.7258833822943455



REPORT for Queue of Queueing Place : Workload----------------------------------------

queueUtilQPl=1.0

------------------ Color = workload --------------------
arrivCnt=1663443 deptCnt=1663443
arrivThrPut=0.1665105957061384 deptThrPut=0.1665105957061384
meanTkPop=1.0 tkColOcp=1.0
-----
meanST=6.005623820869768 stDevST=6.0077095497643525

Steady State Statistics: numBatchesST=519 batchSizeST=3200 stDevStdStateMeanST=0.10538227332149076
95% c.i. = 6.005343615802414 +/- 0.009066339445502728



REPORT for Depository of Queueing Place : Workload----------------------------------------

tkOcp=0.0

------------------ Color = workload --------------------
arrivCnt=1663443 deptCnt=1663443
arrivThrPut=0.1665105957061384 deptThrPut=0.1665105957061384
meanTkPop=0.0 tkColOcp=0.0
-----
meanST=0.0 stDevST=0.0

Steady State Statistics: numBatchesST=8317 batchSizeST=200 stDevStdStateMeanST=0.0
95% c.i. = 0.0 +/- 0.0



REPORT for Queue : Workload----------------------------------------

totArrivThrPut=0.1665105957061384 totDeptThrPut=0.1665105957061384
meanTotTkPop=1.0 queueUtil=1.0
meanST=6.005623820869768



REPORT for Queue of Queueing Place : I/icon_index----------------------------------------

queueUtilQPl=0.012488231814500728

------------------ Color = index --------------------
arrivCnt=277657 deptCnt=277657
arrivThrPut=0.027793457588855926 deptThrPut=0.027793457588855926
meanTkPop=0.012747543719967629 tkColOcp=0.012488231814500728
-----
meanST=0.458652676775231 stDevST=0.7055885889154873

Steady State Statistics: numBatchesST=694 batchSizeST=400 stDevStdStateMeanST=0.0378374055483006
95% c.i. = 0.45867135698804773 +/- 0.002815073286925281



REPORT for Depository of Queueing Place : I/icon_index----------------------------------------

tkOcp=0.0

------------------ Color = index --------------------
arrivCnt=277657 deptCnt=277657
arrivThrPut=0.027793457588855926 deptThrPut=0.027793457588855926
meanTkPop=0.0 tkColOcp=0.0
-----
meanST=0.0 stDevST=0.0

Steady State Statistics: numBatchesST=1388 batchSizeST=200 stDevStdStateMeanST=0.0
95% c.i. = 0.0 +/- 0.0



REPORT for Queue : ImageProvider----------------------------------------

totArrivThrPut=0.1665105957061384 totDeptThrPut=0.1665105957061384
meanTotTkPop=0.12086727439901807 queueUtil=0.09940399484323002
meanST=0.7258833822943455



REPORT for Queue of Queueing Place : P/categories_login----------------------------------------

queueUtilQPl=0.003631045383085301

------------------ Color = login --------------------
arrivCnt=276918 deptCnt=276918
arrivThrPut=0.0277194837104442 deptThrPut=0.0277194837104442
meanTkPop=0.003652100606034563 tkColOcp=0.003631045383085301
-----
meanST=0.1317521150171537 stDevST=0.18441262991693552

Steady State Statistics: numBatchesST=692 batchSizeST=400 stDevStdStateMeanST=0.008904721913786197
95% c.i. = 0.131758505218014 +/- 6.634610095038376E-4



REPORT for Depository of Queueing Place : P/categories_login----------------------------------------

tkOcp=0.0

------------------ Color = login --------------------
arrivCnt=276918 deptCnt=276918
arrivThrPut=0.0277194837104442 deptThrPut=0.0277194837104442
meanTkPop=0.0 tkColOcp=0.0
-----
meanST=0.0 stDevST=0.0

Steady State Statistics: numBatchesST=1384 batchSizeST=200 stDevStdStateMeanST=0.0
95% c.i. = 0.0 +/- 0.0



REPORT for Queue : Persistence----------------------------------------

totArrivThrPut=0.1665105957061384 totDeptThrPut=0.1665105957061384
meanTotTkPop=0.040073956743161415 queueUtil=0.03735087699766867
meanST=0.24066910921323484



REPORT for Queue of Queueing Place : I/icon_login----------------------------------------

queueUtilQPl=0.018139534155732915

------------------ Color = login --------------------
arrivCnt=276918 deptCnt=276918
arrivThrPut=0.0277194837104442 deptThrPut=0.0277194837104442
meanTkPop=0.01856732089351944 tkColOcp=0.018139534155732915
-----
meanST=0.669829246730292 stDevST=0.8445110211099467

Steady State Statistics: numBatchesST=692 batchSizeST=400 stDevStdStateMeanST=0.04404284860919342
95% c.i. = 0.6698771087626378 +/- 0.0032814851583900626



REPORT for Depository of Queueing Place : I/icon_login----------------------------------------

tkOcp=0.0

------------------ Color = login --------------------
arrivCnt=276918 deptCnt=276918
arrivThrPut=0.0277194837104442 deptThrPut=0.0277194837104442
meanTkPop=0.0 tkColOcp=0.0
-----
meanST=0.0 stDevST=0.0

Steady State Statistics: numBatchesST=1384 batchSizeST=200 stDevStdStateMeanST=0.0
95% c.i. = 0.0 +/- 0.0



REPORT for Queue : ImageProvider----------------------------------------

totArrivThrPut=0.1665105957061384 totDeptThrPut=0.1665105957061384
meanTotTkPop=0.12086727439901807 queueUtil=0.09940399484323002
meanST=0.7258833822943455



REPORT for Queue of Queueing Place : A/isLoggedIn_login----------------------------------------

queueUtilQPl=0.003127418355344268

------------------ Color = login --------------------
arrivCnt=276918 deptCnt=276918
arrivThrPut=0.0277194837104442 deptThrPut=0.0277194837104442
meanTkPop=0.0031389013757011737 tkColOcp=0.003127418355344268
-----
meanST=0.11323808944242682 stDevST=0.11807256227241147

Steady State Statistics: numBatchesST=692 batchSizeST=400 stDevStdStateMeanST=0.005781171086594435
95% c.i. = 0.1132372306314201 +/- 4.3073569757278265E-4



REPORT for Depository of Queueing Place : A/isLoggedIn_login----------------------------------------

tkOcp=0.0

------------------ Color = login --------------------
arrivCnt=276918 deptCnt=276918
arrivThrPut=0.0277194837104442 deptThrPut=0.0277194837104442
meanTkPop=0.0 tkColOcp=0.0
-----
meanST=0.0 stDevST=0.0

Steady State Statistics: numBatchesST=1384 batchSizeST=200 stDevStdStateMeanST=0.0
95% c.i. = 0.0 +/- 0.0



REPORT for Queue : Auth----------------------------------------

totArrivThrPut=0.1665105957061384 totDeptThrPut=0.1665105957061384
meanTotTkPop=0.02675152328384134 queueUtil=0.02581627499996362
meanST=0.16065958547798978



REPORT for Queue of Queueing Place : A/isLoggedIn_category----------------------------------------

queueUtilQPl=0.002634811761281568

------------------ Color = category --------------------
arrivCnt=277615 deptCnt=277615
arrivThrPut=0.027789253390082865 deptThrPut=0.027789253390082865
meanTkPop=0.002646786034901768 tkColOcp=0.002634811761281568
-----
meanST=0.09524494946835545 stDevST=0.1053280532693037

Steady State Statistics: numBatchesST=347 batchSizeST=800 stDevStdStateMeanST=0.0037155809825395584
95% c.i. = 0.09524377106753405 +/- 3.909399787197575E-4



REPORT for Depository of Queueing Place : A/isLoggedIn_category----------------------------------------

tkOcp=0.0

------------------ Color = category --------------------
arrivCnt=277615 deptCnt=277615
arrivThrPut=0.027789253390082865 deptThrPut=0.027789253390082865
meanTkPop=0.0 tkColOcp=0.0
-----
meanST=0.0 stDevST=0.0

Steady State Statistics: numBatchesST=1388 batchSizeST=200 stDevStdStateMeanST=0.0
95% c.i. = 0.0 +/- 0.0



REPORT for Queue : Auth----------------------------------------

totArrivThrPut=0.1665105957061384 totDeptThrPut=0.1665105957061384
meanTotTkPop=0.02675152328384134 queueUtil=0.02581627499996362
meanST=0.16065958547798978



REPORT for Queue of Queueing Place : I/icon_logout----------------------------------------

queueUtilQPl=0.050833231431187356

------------------ Color = logout --------------------
arrivCnt=277123 deptCnt=277123
arrivThrPut=0.027740004204455573 deptThrPut=0.027740004204455573
meanTkPop=0.053591491620853166 tkColOcp=0.050833231431187356
-----
meanST=1.9319208182472212 stDevST=1.9193543597274887

Steady State Statistics: numBatchesST=692 batchSizeST=400 stDevStdStateMeanST=0.11326221004768976
95% c.i. = 1.9319614047979639 +/- 0.008438787976134007



REPORT for Depository of Queueing Place : I/icon_logout----------------------------------------

tkOcp=0.0

------------------ Color = logout --------------------
arrivCnt=277123 deptCnt=277123
arrivThrPut=0.027740004204455573 deptThrPut=0.027740004204455573
meanTkPop=0.0 tkColOcp=0.0
-----
meanST=0.0 stDevST=0.0

Steady State Statistics: numBatchesST=1385 batchSizeST=200 stDevStdStateMeanST=0.0
95% c.i. = 0.0 +/- 0.0



REPORT for Queue : ImageProvider----------------------------------------

totArrivThrPut=0.1665105957061384 totDeptThrPut=0.1665105957061384
meanTotTkPop=0.12086727439901807 queueUtil=0.09940399484323002
meanST=0.7258833822943455



REPORT for Queue of Queueing Place : I/icon_loginAction----------------------------------------

queueUtilQPl=0.020816100894584355

------------------ Color = loginAction --------------------
arrivCnt=277467 deptCnt=277467
arrivThrPut=0.027774438594406363 deptThrPut=0.027774438594406363
meanTkPop=0.021345226553681686 tkColOcp=0.020816100894584355
-----
meanST=0.7685205402488499 stDevST=0.8947753047126896

Steady State Statistics: numBatchesST=693 batchSizeST=400 stDevStdStateMeanST=0.0469235283812902
95% c.i. = 0.7685899633009105 +/- 0.003493591601238184



REPORT for Depository of Queueing Place : I/icon_loginAction----------------------------------------

tkOcp=0.0

------------------ Color = loginAction --------------------
arrivCnt=277467 deptCnt=277467
arrivThrPut=0.027774438594406363 deptThrPut=0.027774438594406363
meanTkPop=0.0 tkColOcp=0.0
-----
meanST=0.0 stDevST=0.0

Steady State Statistics: numBatchesST=1387 batchSizeST=200 stDevStdStateMeanST=0.0
95% c.i. = 0.0 +/- 0.0



REPORT for Queue : ImageProvider----------------------------------------

totArrivThrPut=0.1665105957061384 totDeptThrPut=0.1665105957061384
meanTotTkPop=0.12086727439901807 queueUtil=0.09940399484323002
meanST=0.7258833822943455



REPORT for Queue of Queueing Place : A/isLoggedIn_product----------------------------------------

queueUtilQPl=0.009075290796095066

------------------ Color = product --------------------
arrivCnt=276663 deptCnt=276663
arrivThrPut=0.027693958217893472 deptThrPut=0.027693958217893472
meanTkPop=0.009183545491654668 tkColOcp=0.009075290796095066
-----
meanST=0.3316082670234205 stDevST=0.3298060886429533

Steady State Statistics: numBatchesST=691 batchSizeST=400 stDevStdStateMeanST=0.017062962306143716
95% c.i. = 0.33165078076074717 +/- 0.001272223749824576



REPORT for Depository of Queueing Place : A/isLoggedIn_product----------------------------------------

tkOcp=0.0

------------------ Color = product --------------------
arrivCnt=276663 deptCnt=276663
arrivThrPut=0.027693958217893472 deptThrPut=0.027693958217893472
meanTkPop=0.0 tkColOcp=0.0
-----
meanST=0.0 stDevST=0.0

Steady State Statistics: numBatchesST=1383 batchSizeST=200 stDevStdStateMeanST=0.0
95% c.i. = 0.0 +/- 0.0



REPORT for Queue : Auth----------------------------------------

totArrivThrPut=0.1665105957061384 totDeptThrPut=0.1665105957061384
meanTotTkPop=0.02675152328384134 queueUtil=0.02581627499996362
meanST=0.16065958547798978



REPORT for Queue of Queueing Place : P/category_logout----------------------------------------

queueUtilQPl=0.005953821890541647

------------------ Color = logout --------------------
arrivCnt=277123 deptCnt=277123
arrivThrPut=0.027740004204455573 deptThrPut=0.027740004204455573
meanTkPop=0.005995604771898135 tkColOcp=0.005953821890541647
-----
meanST=0.21613568360365012 stDevST=0.23953721203981201

Steady State Statistics: numBatchesST=692 batchSizeST=400 stDevStdStateMeanST=0.011882346453473788
95% c.i. = 0.21617229166349208 +/- 8.853138424335244E-4



REPORT for Depository of Queueing Place : P/category_logout----------------------------------------

tkOcp=0.0

------------------ Color = logout --------------------
arrivCnt=277123 deptCnt=277123
arrivThrPut=0.027740004204455573 deptThrPut=0.027740004204455573
meanTkPop=0.0 tkColOcp=0.0
-----
meanST=0.0 stDevST=0.0

Steady State Statistics: numBatchesST=1385 batchSizeST=200 stDevStdStateMeanST=0.0
95% c.i. = 0.0 +/- 0.0



REPORT for Queue : Persistence----------------------------------------

totArrivThrPut=0.1665105957061384 totDeptThrPut=0.1665105957061384
meanTotTkPop=0.040073956743161415 queueUtil=0.03735087699766867
meanST=0.24066910921323484



REPORT for Ordinary Place : Finish_index----------------------------------------

tkOcp=1.0

------------------ Color = index --------------------
arrivCnt=277657 deptCnt=0
arrivThrPut=0.027793457588855926 deptThrPut=0.0
meanTkPop=139215.41977070377 tkColOcp=1.0
-----
meanST=NaN stDevST=NaN

Steady State Statistics: Only 0 batches collected!
Need at least 60 for steady state statistics.



REPORT for Ordinary Place : Finish_login----------------------------------------

tkOcp=1.0

------------------ Color = login --------------------
arrivCnt=276918 deptCnt=0
arrivThrPut=0.0277194837104442 deptThrPut=0.0
meanTkPop=138667.2960216986 tkColOcp=1.0
-----
meanST=NaN stDevST=NaN

Steady State Statistics: Only 0 batches collected!
Need at least 60 for steady state statistics.



REPORT for Ordinary Place : Finish_loginAction----------------------------------------

tkOcp=1.0000000000000002

------------------ Color = loginAction --------------------
arrivCnt=277467 deptCnt=0
arrivThrPut=0.027774438594406363 deptThrPut=0.0
meanTkPop=139339.3701018784 tkColOcp=1.0000000000000002
-----
meanST=NaN stDevST=NaN

Steady State Statistics: Only 0 batches collected!
Need at least 60 for steady state statistics.



REPORT for Ordinary Place : Finish_category----------------------------------------

tkOcp=1.0000000000000002

------------------ Color = category --------------------
arrivCnt=277615 deptCnt=0
arrivThrPut=0.027789253390082865 deptThrPut=0.0
meanTkPop=138935.00470848498 tkColOcp=1.0000000000000002
-----
meanST=NaN stDevST=NaN

Steady State Statistics: Only 0 batches collected!
Need at least 60 for steady state statistics.



REPORT for Ordinary Place : Finish_product----------------------------------------

tkOcp=1.0

------------------ Color = product --------------------
arrivCnt=276663 deptCnt=0
arrivThrPut=0.027693958217893472 deptThrPut=0.0
meanTkPop=138654.05565393582 tkColOcp=1.0
-----
meanST=NaN stDevST=NaN

Steady State Statistics: Only 0 batches collected!
Need at least 60 for steady state statistics.



REPORT for Ordinary Place : Finish_logout----------------------------------------

tkOcp=1.0000000000000002

------------------ Color = logout --------------------
arrivCnt=277123 deptCnt=0
arrivThrPut=0.027740004204455573 deptThrPut=0.0
meanTkPop=138699.81371723674 tkColOcp=1.0000000000000002
-----
meanST=NaN stDevST=NaN

Steady State Statistics: Only 0 batches collected!
Need at least 60 for steady state statistics.



REPORT REPORT for Probe : /index----------------------------------------


------------------ Color = index --------------------
-----
meanST=1.4859835366875693 stDevST=1.0081946817023923

Steady State Statistics: numBatchesST=694 batchSizeST=400 stDevStdStateMeanST=0.054451905619984635
95% c.i. = 1.4860011958330404 +/- 0.004051179057119045



REPORT REPORT for Probe : /login----------------------------------------


------------------ Color = login --------------------
-----
meanST=1.0225376499704952 stDevST=0.8862994874812853

Steady State Statistics: numBatchesST=692 batchSizeST=400 stDevStdStateMeanST=0.046341598057326426
95% c.i. = 1.0225944369139737 +/- 0.003452757281677093



REPORT REPORT for Probe : /loginAction----------------------------------------


------------------ Color = loginAction --------------------
-----
meanST=1.472991460650552 stDevST=1.006752098182509

Steady State Statistics: numBatchesST=693 batchSizeST=400 stDevStdStateMeanST=0.051984400423828785
95% c.i. = 1.4731188334840888 +/- 0.0038703880756866768



REPORT REPORT for Probe : /logout----------------------------------------


------------------ Color = logout --------------------
-----
meanST=2.411717759544717 stDevST=1.9468928922479103

Steady State Statistics: numBatchesST=692 batchSizeST=400 stDevStdStateMeanST=0.11536243165559742
95% c.i. = 2.4118009177602167 +/- 0.008595268454879438



REPORT REPORT for Probe : /category----------------------------------------


------------------ Color = category --------------------
-----
meanST=0.6477208794788416 stDevST=0.7262746765057659

Steady State Statistics: numBatchesST=694 batchSizeST=400 stDevStdStateMeanST=0.03856957530472373
95% c.i. = 0.6477185059158402 +/- 0.0028695461423690893



REPORT REPORT for Probe : /product----------------------------------------


------------------ Color = product --------------------
-----
meanST=1.3911974798831854 stDevST=0.9065435082630068

Steady State Statistics: numBatchesST=691 batchSizeST=400 stDevStdStateMeanST=0.05003321355285695
95% c.i. = 1.3912453290323443 +/- 0.0037305036147838354



