INFO Logging to /home/yjx/workloadConfig/qpme/output/SimQPN_Output_config_2025-08-14_053452383.log
WARN Batch means correlation test was run for depository of place Workload, color 0
    However, the standard deviation of the token residence time is 0 and therefore the result of the test is ignored!
    In future runs, you should set numBMeansCorlTested to 0 to switch off the correlation test!
WARN Batch means correlation test was run for depository of place W/login, color 0
    However, the standard deviation of the token residence time is 0 and therefore the result of the test is ignored!
    In future runs, you should set numBMeansCorlTested to 0 to switch off the correlation test!
WARN Batch means correlation test was run for depository of place P/categories_login, color 0
    However, the standard deviation of the token residence time is 0 and therefore the result of the test is ignored!
    In future runs, you should set numBMeansCorlTested to 0 to switch off the correlation test!
WARN Batch means correlation test was run for depository of place I/icon_login, color 0
    However, the standard deviation of the token residence time is 0 and therefore the result of the test is ignored!
    In future runs, you should set numBMeansCorlTested to 0 to switch off the correlation test!
WARN Batch means correlation test was run for depository of place A/isLoggedIn_login, color 0
    However, the standard deviation of the token residence time is 0 and therefore the result of the test is ignored!
    In future runs, you should set numBMeansCorlTested to 0 to switch off the correlation test!
WARN Batch means correlation test was run for depository of place W/loginAction, color 0
    However, the standard deviation of the token residence time is 0 and therefore the result of the test is ignored!
    In future runs, you should set numBMeansCorlTested to 0 to switch off the correlation test!
WARN Batch means correlation test was run for depository of place A/login_loginAction, color 0
    However, the standard deviation of the token residence time is 0 and therefore the result of the test is ignored!
    In future runs, you should set numBMeansCorlTested to 0 to switch off the correlation test!
WARN Batch means correlation test was run for depository of place P/getUser_loginAction, color 0
    However, the standard deviation of the token residence time is 0 and therefore the result of the test is ignored!
    In future runs, you should set numBMeansCorlTested to 0 to switch off the correlation test!
WARN Batch means correlation test was run for depository of place I/icon_loginAction, color 0
    However, the standard deviation of the token residence time is 0 and therefore the result of the test is ignored!
    In future runs, you should set numBMeansCorlTested to 0 to switch off the correlation test!
WARN Batch means correlation test was run for depository of place W/index, color 0
    However, the standard deviation of the token residence time is 0 and therefore the result of the test is ignored!
    In future runs, you should set numBMeansCorlTested to 0 to switch off the correlation test!
WARN Batch means correlation test was run for depository of place P/categories_index, color 0
    However, the standard deviation of the token residence time is 0 and therefore the result of the test is ignored!
    In future runs, you should set numBMeansCorlTested to 0 to switch off the correlation test!
WARN Batch means correlation test was run for depository of place A/isLoggedIn_index, color 0
    However, the standard deviation of the token residence time is 0 and therefore the result of the test is ignored!
    In future runs, you should set numBMeansCorlTested to 0 to switch off the correlation test!
WARN Batch means correlation test was run for depository of place I/icon_index, color 0
    However, the standard deviation of the token residence time is 0 and therefore the result of the test is ignored!
    In future runs, you should set numBMeansCorlTested to 0 to switch off the correlation test!
WARN Batch means correlation test was run for depository of place W/logout, color 0
    However, the standard deviation of the token residence time is 0 and therefore the result of the test is ignored!
    In future runs, you should set numBMeansCorlTested to 0 to switch off the correlation test!
WARN Batch means correlation test was run for depository of place A/logout_logout, color 0
    However, the standard deviation of the token residence time is 0 and therefore the result of the test is ignored!
    In future runs, you should set numBMeansCorlTested to 0 to switch off the correlation test!
WARN Batch means correlation test was run for depository of place P/category_logout, color 0
    However, the standard deviation of the token residence time is 0 and therefore the result of the test is ignored!
    In future runs, you should set numBMeansCorlTested to 0 to switch off the correlation test!
WARN Batch means correlation test was run for depository of place I/icon_logout, color 0
    However, the standard deviation of the token residence time is 0 and therefore the result of the test is ignored!
    In future runs, you should set numBMeansCorlTested to 0 to switch off the correlation test!
WARN Batch means correlation test was run for depository of place W/category, color 0
    However, the standard deviation of the token residence time is 0 and therefore the result of the test is ignored!
    In future runs, you should set numBMeansCorlTested to 0 to switch off the correlation test!
WARN Batch means correlation test was run for depository of place P/category_category, color 0
    However, the standard deviation of the token residence time is 0 and therefore the result of the test is ignored!
    In future runs, you should set numBMeansCorlTested to 0 to switch off the correlation test!
WARN Batch means correlation test was run for depository of place I/productImages_category, color 0
    However, the standard deviation of the token residence time is 0 and therefore the result of the test is ignored!
    In future runs, you should set numBMeansCorlTested to 0 to switch off the correlation test!
WARN Batch means correlation test was run for depository of place A/isLoggedIn_category, color 0
    However, the standard deviation of the token residence time is 0 and therefore the result of the test is ignored!
    In future runs, you should set numBMeansCorlTested to 0 to switch off the correlation test!
WARN Batch means correlation test was run for depository of place W/product, color 0
    However, the standard deviation of the token residence time is 0 and therefore the result of the test is ignored!
    In future runs, you should set numBMeansCorlTested to 0 to switch off the correlation test!
WARN Batch means correlation test was run for depository of place P/getProduct_product, color 0
    However, the standard deviation of the token residence time is 0 and therefore the result of the test is ignored!
    In future runs, you should set numBMeansCorlTested to 0 to switch off the correlation test!
WARN Batch means correlation test was run for depository of place R/getAds_product, color 0
    However, the standard deviation of the token residence time is 0 and therefore the result of the test is ignored!
    In future runs, you should set numBMeansCorlTested to 0 to switch off the correlation test!
WARN Batch means correlation test was run for depository of place I/product_product, color 0
    However, the standard deviation of the token residence time is 0 and therefore the result of the test is ignored!
    In future runs, you should set numBMeansCorlTested to 0 to switch off the correlation test!
WARN Batch means correlation test was run for depository of place A/isLoggedIn_product, color 0
    However, the standard deviation of the token residence time is 0 and therefore the result of the test is ignored!
    In future runs, you should set numBMeansCorlTested to 0 to switch off the correlation test!
WARN LP-1 The simulation was stopped because of reaching max totalRunLen.
The required precision may not have been reached!
REPORT for Queue of Queueing Place : W/index----------------------------------------

queueUtilQPl=0.028091444242581053

------------------ Color = index --------------------
arrivCnt=277572 deptCnt=277572
arrivThrPut=0.02778511442852755 deptThrPut=0.02778511442852755
meanTkPop=0.0289018262891517 tkColOcp=0.028091444242581053
-----
meanST=1.0401910117554742 stDevST=1.0414964202509531

Steady State Statistics: numBatchesST=693 batchSizeST=400 stDevStdStateMeanST=0.05465790343864581
95% c.i. = 1.0402162482315072 +/- 0.0040694380619228756



REPORT for Depository of Queueing Place : W/index----------------------------------------

tkOcp=0.0

------------------ Color = index --------------------
arrivCnt=277572 deptCnt=277572
arrivThrPut=0.02778511442852755 deptThrPut=0.02778511442852755
meanTkPop=0.0 tkColOcp=0.0
-----
meanST=0.0 stDevST=0.0

Steady State Statistics: numBatchesST=1387 batchSizeST=200 stDevStdStateMeanST=0.0
95% c.i. = 0.0 +/- 0.0



REPORT for Queue : WebUI----------------------------------------

totArrivThrPut=0.16661479022851358 totDeptThrPut=0.16661479022851358
meanTotTkPop=0.11055942543706337 queueUtil=0.09592217472918534
meanST=0.6635630923607094



REPORT for Queue of Queueing Place : P/categories_index----------------------------------------

queueUtilQPl=0.007567351639990994

------------------ Color = index --------------------
arrivCnt=277572 deptCnt=277572
arrivThrPut=0.02778511442852755 deptThrPut=0.02778511442852755
meanTkPop=0.007628261444393067 tkColOcp=0.007567351639990994
-----
meanST=0.27454489935664883 stDevST=0.2834886899902895

Steady State Statistics: numBatchesST=693 batchSizeST=400 stDevStdStateMeanST=0.014567425940329082
95% c.i. = 0.27456005507086617 +/- 0.0010845867451239096



REPORT for Depository of Queueing Place : P/categories_index----------------------------------------

tkOcp=0.0

------------------ Color = index --------------------
arrivCnt=277572 deptCnt=277572
arrivThrPut=0.02778511442852755 deptThrPut=0.02778511442852755
meanTkPop=0.0 tkColOcp=0.0
-----
meanST=0.0 stDevST=0.0

Steady State Statistics: numBatchesST=1387 batchSizeST=200 stDevStdStateMeanST=0.0
95% c.i. = 0.0 +/- 0.0



REPORT for Queue : Persistence----------------------------------------

totArrivThrPut=0.16661479022851358 totDeptThrPut=0.16661479022851358
meanTotTkPop=0.05504024650867585 queueUtil=0.051036147064231936
meanST=0.33034430156643174



REPORT for Queue of Queueing Place : A/isLoggedIn_index----------------------------------------

queueUtilQPl=0.022569917791277497

------------------ Color = index --------------------
arrivCnt=277572 deptCnt=277572
arrivThrPut=0.02778511442852755 deptThrPut=0.02778511442852755
meanTkPop=0.023096029483048997 tkColOcp=0.022569917791277497
-----
meanST=0.8312375154134988 stDevST=0.8260031604696427

Steady State Statistics: numBatchesST=693 batchSizeST=400 stDevStdStateMeanST=0.044879285048578216
95% c.i. = 0.8311380233043075 +/- 0.0033413918075650088



REPORT for Depository of Queueing Place : A/isLoggedIn_index----------------------------------------

tkOcp=0.0

------------------ Color = index --------------------
arrivCnt=277572 deptCnt=277571
arrivThrPut=0.02778511442852755 deptThrPut=0.02778501432796111
meanTkPop=0.0 tkColOcp=0.0
-----
meanST=0.0 stDevST=0.0

Steady State Statistics: numBatchesST=1387 batchSizeST=200 stDevStdStateMeanST=0.0
95% c.i. = 0.0 +/- 0.0



REPORT for Queue : Auth----------------------------------------

totArrivThrPut=0.16661479022851355 totDeptThrPut=0.1666146901279471
meanTotTkPop=0.05850235154326078 queueUtil=0.05331884550192207
meanST=0.3511228107427943



REPORT for Queue of Queueing Place : W/login----------------------------------------

queueUtilQPl=0.013345941105078595

------------------ Color = login --------------------
arrivCnt=277462 deptCnt=277462
arrivThrPut=0.027774103366218897 deptThrPut=0.027774103366218897
meanTkPop=0.013559754253783805 tkColOcp=0.013345941105078595
-----
meanST=0.48821573373548655 stDevST=0.5799855816135159

Steady State Statistics: numBatchesST=693 batchSizeST=400 stDevStdStateMeanST=0.030218240507363936
95% c.i. = 0.4881705102763458 +/- 0.0022498348884355444



REPORT for Depository of Queueing Place : W/login----------------------------------------

tkOcp=0.0

------------------ Color = login --------------------
arrivCnt=277462 deptCnt=277462
arrivThrPut=0.027774103366218897 deptThrPut=0.027774103366218897
meanTkPop=0.0 tkColOcp=0.0
-----
meanST=0.0 stDevST=0.0

Steady State Statistics: numBatchesST=1387 batchSizeST=200 stDevStdStateMeanST=0.0
95% c.i. = 0.0 +/- 0.0



REPORT for Queue : WebUI----------------------------------------

totArrivThrPut=0.16661479022851358 totDeptThrPut=0.16661479022851358
meanTotTkPop=0.11055942543706337 queueUtil=0.09592217472918534
meanST=0.6635630923607094



REPORT for Queue of Queueing Place : W/loginAction----------------------------------------

queueUtilQPl=0.0047957203257320115

------------------ Color = loginAction --------------------
arrivCnt=276732 deptCnt=276732
arrivThrPut=0.027701029952716002 deptThrPut=0.027701029952716002
meanTkPop=0.004871329406202438 tkColOcp=0.0047957203257320115
-----
meanST=0.17585372870674862 stDevST=0.4270503891710303

Steady State Statistics: numBatchesST=691 batchSizeST=400 stDevStdStateMeanST=0.021208122149238808
95% c.i. = 0.17581916352361085 +/- 0.0015812891222133948



REPORT for Depository of Queueing Place : W/loginAction----------------------------------------

tkOcp=0.0

------------------ Color = loginAction --------------------
arrivCnt=276732 deptCnt=276732
arrivThrPut=0.027701029952716002 deptThrPut=0.027701029952716002
meanTkPop=0.0 tkColOcp=0.0
-----
meanST=0.0 stDevST=0.0

Steady State Statistics: numBatchesST=1383 batchSizeST=200 stDevStdStateMeanST=0.0
95% c.i. = 0.0 +/- 0.0



REPORT for Queue : WebUI----------------------------------------

totArrivThrPut=0.16661479022851358 totDeptThrPut=0.16661479022851358
meanTotTkPop=0.11055942543706337 queueUtil=0.09592217472918534
meanST=0.6635630923607094



REPORT for Queue of Queueing Place : A/login_loginAction----------------------------------------

queueUtilQPl=0.0036984076619311543

------------------ Color = loginAction --------------------
arrivCnt=276732 deptCnt=276732
arrivThrPut=0.027701029952716002 deptThrPut=0.027701029952716002
meanTkPop=0.0037349125730582753 tkColOcp=0.0036984076619311543
-----
meanST=0.13482937563814584 stDevST=0.23542206746546912

Steady State Statistics: numBatchesST=691 batchSizeST=400 stDevStdStateMeanST=0.011538683295883883
95% c.i. = 0.1348286777519088 +/- 8.603305022505947E-4



REPORT for Depository of Queueing Place : A/login_loginAction----------------------------------------

tkOcp=0.0

------------------ Color = loginAction --------------------
arrivCnt=276732 deptCnt=276732
arrivThrPut=0.027701029952716002 deptThrPut=0.027701029952716002
meanTkPop=0.0 tkColOcp=0.0
-----
meanST=0.0 stDevST=0.0

Steady State Statistics: numBatchesST=1383 batchSizeST=200 stDevStdStateMeanST=0.0
95% c.i. = 0.0 +/- 0.0



REPORT for Queue : Auth----------------------------------------

totArrivThrPut=0.16661479022851355 totDeptThrPut=0.1666146901279471
meanTotTkPop=0.05850235154326078 queueUtil=0.05331884550192207
meanST=0.3511228107427943



REPORT for Queue of Queueing Place : W/logout----------------------------------------

queueUtilQPl=0.03268453395941749

------------------ Color = logout --------------------
arrivCnt=277830 deptCnt=277830
arrivThrPut=0.02781094037466967 deptThrPut=0.02781094037466967
meanTkPop=0.0337681253942907 tkColOcp=0.03268453395941749
-----
meanST=1.2142029337866929 stDevST=1.200851002797191

Steady State Statistics: numBatchesST=694 batchSizeST=400 stDevStdStateMeanST=0.06373575971894019
95% c.i. = 1.2141719557178692 +/- 0.004741890518303131



REPORT for Depository of Queueing Place : W/logout----------------------------------------

tkOcp=0.0

------------------ Color = logout --------------------
arrivCnt=277830 deptCnt=277830
arrivThrPut=0.02781094037466967 deptThrPut=0.02781094037466967
meanTkPop=0.0 tkColOcp=0.0
-----
meanST=0.0 stDevST=0.0

Steady State Statistics: numBatchesST=1389 batchSizeST=200 stDevStdStateMeanST=0.0
95% c.i. = 0.0 +/- 0.0



REPORT for Queue : WebUI----------------------------------------

totArrivThrPut=0.16661479022851358 totDeptThrPut=0.16661479022851358
meanTotTkPop=0.11055942543706337 queueUtil=0.09592217472918534
meanST=0.6635630923607094



REPORT for Queue of Queueing Place : A/logout_logout----------------------------------------

queueUtilQPl=0.003700439531103246

------------------ Color = logout --------------------
arrivCnt=277830 deptCnt=277830
arrivThrPut=0.02781094037466967 deptThrPut=0.02781094037466967
meanTkPop=0.0037256032351272697 tkColOcp=0.003700439531103246
-----
meanST=0.13396178571942738 stDevST=0.21925262571159485

Steady State Statistics: numBatchesST=694 batchSizeST=400 stDevStdStateMeanST=0.011249152670355587
95% c.i. = 0.13397682348514203 +/- 8.369281329936345E-4



REPORT for Depository of Queueing Place : A/logout_logout----------------------------------------

tkOcp=0.0

------------------ Color = logout --------------------
arrivCnt=277830 deptCnt=277830
arrivThrPut=0.02781094037466967 deptThrPut=0.02781094037466967
meanTkPop=0.0 tkColOcp=0.0
-----
meanST=0.0 stDevST=0.0

Steady State Statistics: numBatchesST=1389 batchSizeST=200 stDevStdStateMeanST=0.0
95% c.i. = 0.0 +/- 0.0



REPORT for Queue : Auth----------------------------------------

totArrivThrPut=0.16661479022851355 totDeptThrPut=0.1666146901279471
meanTotTkPop=0.05850235154326078 queueUtil=0.05331884550192207
meanST=0.3511228107427943



REPORT for Queue of Queueing Place : P/getUser_loginAction----------------------------------------

queueUtilQPl=0.0033844960325388595

------------------ Color = loginAction --------------------
arrivCnt=276732 deptCnt=276732
arrivThrPut=0.027701029952716002 deptThrPut=0.027701029952716002
meanTkPop=0.0034135121852919 tkColOcp=0.0033844960325388595
-----
meanST=0.12322690496052172 stDevST=0.19102992237491234

Steady State Statistics: numBatchesST=345 batchSizeST=800 stDevStdStateMeanST=0.006718869093548271
95% c.i. = 0.12319961704938759 +/- 7.089812064283773E-4



REPORT for Depository of Queueing Place : P/getUser_loginAction----------------------------------------

tkOcp=0.0

------------------ Color = loginAction --------------------
arrivCnt=276732 deptCnt=276732
arrivThrPut=0.027701029952716002 deptThrPut=0.027701029952716002
meanTkPop=0.0 tkColOcp=0.0
-----
meanST=0.0 stDevST=0.0

Steady State Statistics: numBatchesST=1383 batchSizeST=200 stDevStdStateMeanST=0.0
95% c.i. = 0.0 +/- 0.0



REPORT for Queue : Persistence----------------------------------------

totArrivThrPut=0.16661479022851358 totDeptThrPut=0.16661479022851358
meanTotTkPop=0.05504024650867585 queueUtil=0.051036147064231936
meanST=0.33034430156643174



REPORT for Queue of Queueing Place : W/category----------------------------------------

queueUtilQPl=0.0073257178700673695

------------------ Color = category --------------------
arrivCnt=276606 deptCnt=276606
arrivThrPut=0.02768841728134427 deptThrPut=0.02768841728134427
meanTkPop=0.007430230567632648 tkColOcp=0.0073257178700673695
-----
meanST=0.268351581534382 stDevST=0.45870680213844844

Steady State Statistics: numBatchesST=691 batchSizeST=400 stDevStdStateMeanST=0.024538885037714793
95% c.i. = 0.2683652896802188 +/- 0.001829632614728039



REPORT for Depository of Queueing Place : W/category----------------------------------------

tkOcp=0.0

------------------ Color = category --------------------
arrivCnt=276606 deptCnt=276606
arrivThrPut=0.02768841728134427 deptThrPut=0.02768841728134427
meanTkPop=0.0 tkColOcp=0.0
-----
meanST=0.0 stDevST=0.0

Steady State Statistics: numBatchesST=1383 batchSizeST=200 stDevStdStateMeanST=0.0
95% c.i. = 0.0 +/- 0.0



REPORT for Queue : WebUI----------------------------------------

totArrivThrPut=0.16661479022851358 totDeptThrPut=0.16661479022851358
meanTotTkPop=0.11055942543706337 queueUtil=0.09592217472918534
meanST=0.6635630923607094



REPORT for Queue of Queueing Place : W/product----------------------------------------

queueUtilQPl=0.02153558836780565

------------------ Color = product --------------------
arrivCnt=278272 deptCnt=278272
arrivThrPut=0.027855184825037176 deptThrPut=0.027855184825037176
meanTkPop=0.022028159526002088 tkColOcp=0.02153558836780565
-----
meanST=0.7908100292410352 stDevST=0.8167020422619824

Steady State Statistics: numBatchesST=695 batchSizeST=400 stDevStdStateMeanST=0.04300002874801148
95% c.i. = 0.7907426380465845 +/- 0.003196866014077904



REPORT for Depository of Queueing Place : W/product----------------------------------------

tkOcp=0.0

------------------ Color = product --------------------
arrivCnt=278272 deptCnt=278272
arrivThrPut=0.027855184825037176 deptThrPut=0.027855184825037176
meanTkPop=0.0 tkColOcp=0.0
-----
meanST=0.0 stDevST=0.0

Steady State Statistics: numBatchesST=1391 batchSizeST=200 stDevStdStateMeanST=0.0
95% c.i. = 0.0 +/- 0.0



REPORT for Queue : WebUI----------------------------------------

totArrivThrPut=0.16661479022851358 totDeptThrPut=0.16661479022851358
meanTotTkPop=0.11055942543706337 queueUtil=0.09592217472918534
meanST=0.6635630923607094



REPORT for Queue of Queueing Place : P/category_category----------------------------------------

queueUtilQPl=0.014804208242076107

------------------ Color = category --------------------
arrivCnt=276606 deptCnt=276606
arrivThrPut=0.02768841728134427 deptThrPut=0.02768841728134427
meanTkPop=0.015054221615436267 tkColOcp=0.014804208242076107
-----
meanST=0.5437010524100779 stDevST=0.5363876124255831

Steady State Statistics: numBatchesST=691 batchSizeST=400 stDevStdStateMeanST=0.028245904944535275
95% c.i. = 0.5436821923162877 +/- 0.00210603003517076



REPORT for Depository of Queueing Place : P/category_category----------------------------------------

tkOcp=0.0

------------------ Color = category --------------------
arrivCnt=276606 deptCnt=276606
arrivThrPut=0.02768841728134427 deptThrPut=0.02768841728134427
meanTkPop=0.0 tkColOcp=0.0
-----
meanST=0.0 stDevST=0.0

Steady State Statistics: numBatchesST=1383 batchSizeST=200 stDevStdStateMeanST=0.0
95% c.i. = 0.0 +/- 0.0



REPORT for Queue : Persistence----------------------------------------

totArrivThrPut=0.16661479022851358 totDeptThrPut=0.16661479022851358
meanTotTkPop=0.05504024650867585 queueUtil=0.051036147064231936
meanST=0.33034430156643174



REPORT for Queue of Queueing Place : P/getProduct_product----------------------------------------

queueUtilQPl=0.011467200703706626

------------------ Color = product --------------------
arrivCnt=278272 deptCnt=278272
arrivThrPut=0.027855184825037176 deptThrPut=0.027855184825037176
meanTkPop=0.01159748074919111 tkColOcp=0.011467200703706626
-----
meanST=0.41634908624863637 stDevST=0.4178475998473643

Steady State Statistics: numBatchesST=347 batchSizeST=800 stDevStdStateMeanST=0.016197997982621646
95% c.i. = 0.4163498323807513 +/- 0.0017042947028705656



REPORT for Depository of Queueing Place : P/getProduct_product----------------------------------------

tkOcp=0.0

------------------ Color = product --------------------
arrivCnt=278272 deptCnt=278272
arrivThrPut=0.027855184825037176 deptThrPut=0.027855184825037176
meanTkPop=0.0 tkColOcp=0.0
-----
meanST=0.0 stDevST=0.0

Steady State Statistics: numBatchesST=1391 batchSizeST=200 stDevStdStateMeanST=0.0
95% c.i. = 0.0 +/- 0.0



REPORT for Queue : Persistence----------------------------------------

totArrivThrPut=0.16661479022851358 totDeptThrPut=0.16661479022851358
meanTotTkPop=0.05504024650867585 queueUtil=0.051036147064231936
meanST=0.33034430156643174



REPORT for Queue of Queueing Place : R/getAds_product----------------------------------------

queueUtilQPl=0.011227191437639518

------------------ Color = product --------------------
arrivCnt=278272 deptCnt=278272
arrivThrPut=0.027855184825037176 deptThrPut=0.027855184825037176
meanTkPop=0.011347551471591772 tkColOcp=0.011227191437639518
-----
meanST=0.40737663536851537 stDevST=0.40733744536675687

Steady State Statistics: numBatchesST=695 batchSizeST=400 stDevStdStateMeanST=0.02172924700650733
95% c.i. = 0.4073592561523364 +/- 0.001615475461044191



REPORT for Depository of Queueing Place : R/getAds_product----------------------------------------

tkOcp=0.0

------------------ Color = product --------------------
arrivCnt=278272 deptCnt=278272
arrivThrPut=0.027855184825037176 deptThrPut=0.027855184825037176
meanTkPop=0.0 tkColOcp=0.0
-----
meanST=0.0 stDevST=0.0

Steady State Statistics: numBatchesST=1391 batchSizeST=200 stDevStdStateMeanST=0.0
95% c.i. = 0.0 +/- 0.0



REPORT for Queue : Recommender----------------------------------------

totArrivThrPut=0.027855184825037176 totDeptThrPut=0.027855184825037176
meanTotTkPop=0.011347551471591772 queueUtil=0.011227191437639518
meanST=0.40737663536851537



REPORT for Queue of Queueing Place : I/productImages_category----------------------------------------

queueUtilQPl=0.0088599796091261

------------------ Color = category --------------------
arrivCnt=276606 deptCnt=276606
arrivThrPut=0.02768841728134427 deptThrPut=0.02768841728134427
meanTkPop=0.008954690486339163 tkColOcp=0.0088599796091261
-----
meanST=0.32340925793445763 stDevST=0.3362479926955105

Steady State Statistics: numBatchesST=691 batchSizeST=400 stDevStdStateMeanST=0.01694238509503214
95% c.i. = 0.32339669414955485 +/- 0.0012632334473840364



REPORT for Depository of Queueing Place : I/productImages_category----------------------------------------

tkOcp=0.0

------------------ Color = category --------------------
arrivCnt=276606 deptCnt=276606
arrivThrPut=0.02768841728134427 deptThrPut=0.02768841728134427
meanTkPop=0.0 tkColOcp=0.0
-----
meanST=0.0 stDevST=0.0

Steady State Statistics: numBatchesST=1383 batchSizeST=200 stDevStdStateMeanST=0.0
95% c.i. = 0.0 +/- 0.0



REPORT for Queue : ImageProvider----------------------------------------

totArrivThrPut=0.16661469012794713 totDeptThrPut=0.16661469012794713
meanTotTkPop=0.05111306518532212 queueUtil=0.04693192490963962
meanST=0.3067740614352268



REPORT for Queue of Queueing Place : I/product_product----------------------------------------

queueUtilQPl=0.008240269322855225

------------------ Color = product --------------------
arrivCnt=278272 deptCnt=278272
arrivThrPut=0.027855184825037176 deptThrPut=0.027855184825037176
meanTkPop=0.0083131007355959 tkColOcp=0.008240269322855225
-----
meanST=0.2984399776132093 stDevST=0.31080798860265385

Steady State Statistics: numBatchesST=347 batchSizeST=800 stDevStdStateMeanST=0.011003394755732752
95% c.i. = 0.29847127685272695 +/- 0.001157737358401246



REPORT for Depository of Queueing Place : I/product_product----------------------------------------

tkOcp=0.0

------------------ Color = product --------------------
arrivCnt=278272 deptCnt=278272
arrivThrPut=0.027855184825037176 deptThrPut=0.027855184825037176
meanTkPop=0.0 tkColOcp=0.0
-----
meanST=0.0 stDevST=0.0

Steady State Statistics: numBatchesST=1391 batchSizeST=200 stDevStdStateMeanST=0.0
95% c.i. = 0.0 +/- 0.0



REPORT for Queue : ImageProvider----------------------------------------

totArrivThrPut=0.16661469012794713 totDeptThrPut=0.16661469012794713
meanTotTkPop=0.05111306518532212 queueUtil=0.04693192490963962
meanST=0.3067740614352268



REPORT for Queue of Queueing Place : Workload----------------------------------------

queueUtilQPl=0.9999999999999998

------------------ Color = workload --------------------
arrivCnt=1664474 deptCnt=1664473
arrivThrPut=0.16661479022851355 deptThrPut=0.1666146901279471
meanTkPop=0.9999999999999998 tkColOcp=0.9999999999999998
-----
meanST=6.001870660641778 stDevST=6.000489763959848

Steady State Statistics: numBatchesST=4161 batchSizeST=400 stDevStdStateMeanST=0.3054778656836417
95% c.i. = 6.001880332513004 +/- 0.00928173106501216



REPORT for Depository of Queueing Place : Workload----------------------------------------

tkOcp=0.0

------------------ Color = workload --------------------
arrivCnt=1664473 deptCnt=1664474
arrivThrPut=0.1666146901279471 deptThrPut=0.16661479022851355
meanTkPop=0.0 tkColOcp=0.0
-----
meanST=0.0 stDevST=0.0

Steady State Statistics: numBatchesST=8322 batchSizeST=200 stDevStdStateMeanST=0.0
95% c.i. = 0.0 +/- 0.0



REPORT for Queue : Workload----------------------------------------

totArrivThrPut=0.16661479022851355 totDeptThrPut=0.1666146901279471
meanTotTkPop=0.9999999999999998 queueUtil=0.9999999999999998
meanST=6.001870660641778



REPORT for Queue of Queueing Place : I/icon_index----------------------------------------

queueUtilQPl=0.01739841915234552

------------------ Color = index --------------------
arrivCnt=277571 deptCnt=277571
arrivThrPut=0.02778501432796111 deptThrPut=0.02778501432796111
meanTkPop=0.017699072102806045 tkColOcp=0.01739841915234552
-----
meanST=0.6370006469636692 stDevST=0.6333815297267493

Steady State Statistics: numBatchesST=693 batchSizeST=400 stDevStdStateMeanST=0.03251789531344129
95% c.i. = 0.6370224041645887 +/- 0.002421050800652885



REPORT for Depository of Queueing Place : I/icon_index----------------------------------------

tkOcp=0.0

------------------ Color = index --------------------
arrivCnt=277571 deptCnt=277571
arrivThrPut=0.02778501432796111 deptThrPut=0.02778501432796111
meanTkPop=0.0 tkColOcp=0.0
-----
meanST=0.0 stDevST=0.0

Steady State Statistics: numBatchesST=1387 batchSizeST=200 stDevStdStateMeanST=0.0
95% c.i. = 0.0 +/- 0.0



REPORT for Queue : ImageProvider----------------------------------------

totArrivThrPut=0.16661469012794713 totDeptThrPut=0.16661469012794713
meanTotTkPop=0.05111306518532212 queueUtil=0.04693192490963962
meanST=0.3067740614352268



REPORT for Queue of Queueing Place : P/categories_login----------------------------------------

queueUtilQPl=0.013643492330841247

------------------ Color = login --------------------
arrivCnt=277462 deptCnt=277462
arrivThrPut=0.027774103366218897 deptThrPut=0.027774103366218897
meanTkPop=0.013843514974198386 tkColOcp=0.013643492330841247
-----
meanST=0.4984324711283384 stDevST=0.49653123273983907

Steady State Statistics: numBatchesST=693 batchSizeST=400 stDevStdStateMeanST=0.025546301816894094
95% c.i. = 0.4984861991771266 +/- 0.0019019956202991533



REPORT for Depository of Queueing Place : P/categories_login----------------------------------------

tkOcp=0.0

------------------ Color = login --------------------
arrivCnt=277462 deptCnt=277462
arrivThrPut=0.027774103366218897 deptThrPut=0.027774103366218897
meanTkPop=0.0 tkColOcp=0.0
-----
meanST=0.0 stDevST=0.0

Steady State Statistics: numBatchesST=1387 batchSizeST=200 stDevStdStateMeanST=0.0
95% c.i. = 0.0 +/- 0.0



REPORT for Queue : Persistence----------------------------------------

totArrivThrPut=0.16661479022851358 totDeptThrPut=0.16661479022851358
meanTotTkPop=0.05504024650867585 queueUtil=0.051036147064231936
meanST=0.33034430156643174



REPORT for Queue of Queueing Place : I/icon_login----------------------------------------

queueUtilQPl=0.003696364947913629

------------------ Color = login --------------------
arrivCnt=277462 deptCnt=277462
arrivThrPut=0.027774103366218897 deptThrPut=0.027774103366218897
meanTkPop=0.0037187091804261195 tkColOcp=0.003696364947913629
-----
meanST=0.1338912414702508 stDevST=0.18457966720996583

Steady State Statistics: numBatchesST=346 batchSizeST=800 stDevStdStateMeanST=0.006425213726894465
95% c.i. = 0.13388723327376958 +/- 6.770139541254146E-4



REPORT for Depository of Queueing Place : I/icon_login----------------------------------------

tkOcp=0.0

------------------ Color = login --------------------
arrivCnt=277462 deptCnt=277462
arrivThrPut=0.027774103366218897 deptThrPut=0.027774103366218897
meanTkPop=0.0 tkColOcp=0.0
-----
meanST=0.0 stDevST=0.0

Steady State Statistics: numBatchesST=1387 batchSizeST=200 stDevStdStateMeanST=0.0
95% c.i. = 0.0 +/- 0.0



REPORT for Queue : ImageProvider----------------------------------------

totArrivThrPut=0.16661469012794713 totDeptThrPut=0.16661469012794713
meanTotTkPop=0.05111306518532212 queueUtil=0.04693192490963962
meanST=0.3067740614352268



REPORT for Queue of Queueing Place : A/isLoggedIn_login----------------------------------------

queueUtilQPl=0.012073888346336591

------------------ Color = login --------------------
arrivCnt=277462 deptCnt=277462
arrivThrPut=0.027774103366218897 deptThrPut=0.027774103366218897
meanTkPop=0.012241564290832447 tkColOcp=0.012073888346336591
-----
meanST=0.4407546169689 stDevST=0.45855339543691465

Steady State Statistics: numBatchesST=693 batchSizeST=400 stDevStdStateMeanST=0.023864636129682964
95% c.i. = 0.44076053978640445 +/- 0.0017767907748068902



REPORT for Depository of Queueing Place : A/isLoggedIn_login----------------------------------------

tkOcp=0.0

------------------ Color = login --------------------
arrivCnt=277462 deptCnt=277462
arrivThrPut=0.027774103366218897 deptThrPut=0.027774103366218897
meanTkPop=0.0 tkColOcp=0.0
-----
meanST=0.0 stDevST=0.0

Steady State Statistics: numBatchesST=1387 batchSizeST=200 stDevStdStateMeanST=0.0
95% c.i. = 0.0 +/- 0.0



REPORT for Queue : Auth----------------------------------------

totArrivThrPut=0.16661479022851355 totDeptThrPut=0.1666146901279471
meanTotTkPop=0.05850235154326078 queueUtil=0.05331884550192207
meanST=0.3511228107427943



REPORT for Queue of Queueing Place : A/isLoggedIn_category----------------------------------------

queueUtilQPl=0.003908192475964704

------------------ Color = category --------------------
arrivCnt=276606 deptCnt=276605
arrivThrPut=0.02768841728134427 deptThrPut=0.027688317180777827
meanTkPop=0.00394483884723353 tkColOcp=0.003908192475964704
-----
meanST=0.14246823261168773 stDevST=0.2388253339019609

Steady State Statistics: numBatchesST=691 batchSizeST=400 stDevStdStateMeanST=0.011717221272810812
95% c.i. = 0.14248222176503772 +/- 8.736423909142817E-4



REPORT for Depository of Queueing Place : A/isLoggedIn_category----------------------------------------

tkOcp=0.0

------------------ Color = category --------------------
arrivCnt=276605 deptCnt=276605
arrivThrPut=0.027688317180777827 deptThrPut=0.027688317180777827
meanTkPop=0.0 tkColOcp=0.0
-----
meanST=0.0 stDevST=0.0

Steady State Statistics: numBatchesST=1383 batchSizeST=200 stDevStdStateMeanST=0.0
95% c.i. = 0.0 +/- 0.0



REPORT for Queue : Auth----------------------------------------

totArrivThrPut=0.16661479022851355 totDeptThrPut=0.1666146901279471
meanTotTkPop=0.05850235154326078 queueUtil=0.05331884550192207
meanST=0.3511228107427943



REPORT for Queue of Queueing Place : I/icon_logout----------------------------------------

queueUtilQPl=0.008419245522151644

------------------ Color = logout --------------------
arrivCnt=277830 deptCnt=277830
arrivThrPut=0.02781094037466967 deptThrPut=0.02781094037466967
meanTkPop=0.008502679004643503 tkColOcp=0.008419245522151644
-----
meanST=0.3057314456143951 stDevST=0.32612770254966666

Steady State Statistics: numBatchesST=694 batchSizeST=400 stDevStdStateMeanST=0.016953269968632844
95% c.i. = 0.3057427038461437 +/- 0.0012613099847400711



REPORT for Depository of Queueing Place : I/icon_logout----------------------------------------

tkOcp=0.0

------------------ Color = logout --------------------
arrivCnt=277830 deptCnt=277830
arrivThrPut=0.02781094037466967 deptThrPut=0.02781094037466967
meanTkPop=0.0 tkColOcp=0.0
-----
meanST=0.0 stDevST=0.0

Steady State Statistics: numBatchesST=1389 batchSizeST=200 stDevStdStateMeanST=0.0
95% c.i. = 0.0 +/- 0.0



REPORT for Queue : ImageProvider----------------------------------------

totArrivThrPut=0.16661469012794713 totDeptThrPut=0.16661469012794713
meanTotTkPop=0.05111306518532212 queueUtil=0.04693192490963962
meanST=0.3067740614352268



REPORT for Queue of Queueing Place : I/icon_loginAction----------------------------------------

queueUtilQPl=0.0038779420384623437

------------------ Color = loginAction --------------------
arrivCnt=276732 deptCnt=276732
arrivThrPut=0.027701029952716002 deptThrPut=0.027701029952716002
meanTkPop=0.003924813675511385 tkColOcp=0.0038779420384623437
-----
meanST=0.1416847562062063 stDevST=0.2213898925910862

Steady State Statistics: numBatchesST=691 batchSizeST=400 stDevStdStateMeanST=0.012049317341571008
95% c.i. = 0.14169413655308633 +/- 8.98403654422903E-4



REPORT for Depository of Queueing Place : I/icon_loginAction----------------------------------------

tkOcp=0.0

------------------ Color = loginAction --------------------
arrivCnt=276732 deptCnt=276732
arrivThrPut=0.027701029952716002 deptThrPut=0.027701029952716002
meanTkPop=0.0 tkColOcp=0.0
-----
meanST=0.0 stDevST=0.0

Steady State Statistics: numBatchesST=1383 batchSizeST=200 stDevStdStateMeanST=0.0
95% c.i. = 0.0 +/- 0.0



REPORT for Queue : ImageProvider----------------------------------------

totArrivThrPut=0.16661469012794713 totDeptThrPut=0.16661469012794713
meanTotTkPop=0.05111306518532212 queueUtil=0.04693192490963962
meanST=0.3067740614352268



REPORT for Queue of Queueing Place : A/isLoggedIn_product----------------------------------------

queueUtilQPl=0.011613097278410908

------------------ Color = product --------------------
arrivCnt=278272 deptCnt=278272
arrivThrPut=0.027855184825037176 deptThrPut=0.027855184825037176
meanTkPop=0.011759403113960258 tkColOcp=0.011613097278410908
-----
meanST=0.4221620925448145 stDevST=0.43890361454152915

Steady State Statistics: numBatchesST=695 batchSizeST=400 stDevStdStateMeanST=0.022110612846782236
95% c.i. = 0.4221497516976469 +/- 0.0016438283605468799



REPORT for Depository of Queueing Place : A/isLoggedIn_product----------------------------------------

tkOcp=0.0

------------------ Color = product --------------------
arrivCnt=278272 deptCnt=278272
arrivThrPut=0.027855184825037176 deptThrPut=0.027855184825037176
meanTkPop=0.0 tkColOcp=0.0
-----
meanST=0.0 stDevST=0.0

Steady State Statistics: numBatchesST=1391 batchSizeST=200 stDevStdStateMeanST=0.0
95% c.i. = 0.0 +/- 0.0



REPORT for Queue : Auth----------------------------------------

totArrivThrPut=0.16661479022851355 totDeptThrPut=0.1666146901279471
meanTotTkPop=0.05850235154326078 queueUtil=0.05331884550192207
meanST=0.3511228107427943



REPORT for Queue of Queueing Place : P/category_logout----------------------------------------

queueUtilQPl=0.003487041269160241

------------------ Color = logout --------------------
arrivCnt=277830 deptCnt=277830
arrivThrPut=0.02781094037466967 deptThrPut=0.02781094037466967
meanTkPop=0.00350325554016512 tkColOcp=0.003487041269160241
-----
meanST=0.12596681352623015 stDevST=0.1750162935911385

Steady State Statistics: numBatchesST=694 batchSizeST=400 stDevStdStateMeanST=0.008737769154358086
95% c.i. = 0.12598112647381302 +/- 6.500831697446523E-4



REPORT for Depository of Queueing Place : P/category_logout----------------------------------------

tkOcp=0.0

------------------ Color = logout --------------------
arrivCnt=277830 deptCnt=277830
arrivThrPut=0.02781094037466967 deptThrPut=0.02781094037466967
meanTkPop=0.0 tkColOcp=0.0
-----
meanST=0.0 stDevST=0.0

Steady State Statistics: numBatchesST=1389 batchSizeST=200 stDevStdStateMeanST=0.0
95% c.i. = 0.0 +/- 0.0



REPORT for Queue : Persistence----------------------------------------

totArrivThrPut=0.16661479022851358 totDeptThrPut=0.16661479022851358
meanTotTkPop=0.05504024650867585 queueUtil=0.051036147064231936
meanST=0.33034430156643174



REPORT for Ordinary Place : Finish_index----------------------------------------

tkOcp=1.0

------------------ Color = index --------------------
arrivCnt=277571 deptCnt=0
arrivThrPut=0.02778501432796111 deptThrPut=0.0
meanTkPop=139043.45698309576 tkColOcp=1.0
-----
meanST=NaN stDevST=NaN

Steady State Statistics: Only 0 batches collected!
Need at least 60 for steady state statistics.



REPORT for Ordinary Place : Finish_login----------------------------------------

tkOcp=1.0

------------------ Color = login --------------------
arrivCnt=277462 deptCnt=0
arrivThrPut=0.027774103366218897 deptThrPut=0.0
meanTkPop=138789.05676304223 tkColOcp=1.0
-----
meanST=NaN stDevST=NaN

Steady State Statistics: Only 0 batches collected!
Need at least 60 for steady state statistics.



REPORT for Ordinary Place : Finish_loginAction----------------------------------------

tkOcp=0.9999999999999998

------------------ Color = loginAction --------------------
arrivCnt=276732 deptCnt=0
arrivThrPut=0.027701029952716002 deptThrPut=0.0
meanTkPop=138708.51402389206 tkColOcp=0.9999999999999998
-----
meanST=NaN stDevST=NaN

Steady State Statistics: Only 0 batches collected!
Need at least 60 for steady state statistics.



REPORT for Ordinary Place : Finish_category----------------------------------------

tkOcp=1.0

------------------ Color = category --------------------
arrivCnt=276605 deptCnt=0
arrivThrPut=0.027688317180777827 deptThrPut=0.0
meanTkPop=138733.11681661423 tkColOcp=1.0
-----
meanST=NaN stDevST=NaN

Steady State Statistics: Only 0 batches collected!
Need at least 60 for steady state statistics.



REPORT for Ordinary Place : Finish_product----------------------------------------

tkOcp=1.0

------------------ Color = product --------------------
arrivCnt=278272 deptCnt=0
arrivThrPut=0.027855184825037176 deptThrPut=0.0
meanTkPop=139203.5887305303 tkColOcp=1.0
-----
meanST=NaN stDevST=NaN

Steady State Statistics: Only 0 batches collected!
Need at least 60 for steady state statistics.



REPORT for Ordinary Place : Finish_logout----------------------------------------

tkOcp=0.9999999999999998

------------------ Color = logout --------------------
arrivCnt=277830 deptCnt=0
arrivThrPut=0.02781094037466967 deptThrPut=0.0
meanTkPop=139329.1403870886 tkColOcp=0.9999999999999998
-----
meanST=NaN stDevST=NaN

Steady State Statistics: Only 0 batches collected!
Need at least 60 for steady state statistics.



REPORT REPORT for Probe : /index----------------------------------------


------------------ Color = index --------------------
-----
meanST=2.782975337624069 stDevST=1.4985132734834792

Steady State Statistics: numBatchesST=693 batchSizeST=400 stDevStdStateMeanST=0.08315084802121875
95% c.i. = 2.782936730771267 +/- 0.006190819708233865



REPORT REPORT for Probe : /login----------------------------------------


------------------ Color = login --------------------
-----
meanST=1.5612940633029757 stDevST=0.9277041924217215

Steady State Statistics: numBatchesST=693 batchSizeST=400 stDevStdStateMeanST=0.04951851945013806
95% c.i. = 1.561309791388461 +/- 0.00368679614736157



REPORT REPORT for Probe : /loginAction----------------------------------------


------------------ Color = loginAction --------------------
-----
meanST=0.5755947655116225 stDevST=0.637794722105282

Steady State Statistics: numBatchesST=691 batchSizeST=400 stDevStdStateMeanST=0.033215298464562754
95% c.i. = 0.5755691869672602 +/- 0.002476550718799472



REPORT REPORT for Probe : /logout----------------------------------------


------------------ Color = logout --------------------
-----
meanST=1.7798629786467455 stDevST=1.2815633981892982

Steady State Statistics: numBatchesST=694 batchSizeST=400 stDevStdStateMeanST=0.06816074733768947
95% c.i. = 1.7798726095229687 +/- 0.005071106125451853



REPORT REPORT for Probe : /category----------------------------------------


------------------ Color = category --------------------
-----
meanST=1.2779292421025137 stDevST=0.8467605044881238

Steady State Statistics: numBatchesST=691 batchSizeST=400 stDevStdStateMeanST=0.047272107433570014
95% c.i. = 1.2779263979110993 +/- 0.00352463404080734



REPORT REPORT for Probe : /product----------------------------------------


------------------ Color = product --------------------
-----
meanST=2.3351378210162106 stDevST=1.1474069829237465

Steady State Statistics: numBatchesST=695 batchSizeST=400 stDevStdStateMeanST=0.062168996026649624
95% c.i. = 2.3350553523293534 +/- 0.0046219957593896105



