INFO Logging to /home/yjx/workloadConfig/qpme/output/SimQPN_Output_config_2025-08-14_102601143.log
WARN Batch means correlation test was run for depository of place Workload, color 0
    However, the standard deviation of the token residence time is 0 and therefore the result of the test is ignored!
    In future runs, you should set numBMeansCorlTested to 0 to switch off the correlation test!
WARN Batch means correlation test was run for depository of place W/logout, color 0
    However, the standard deviation of the token residence time is 0 and therefore the result of the test is ignored!
    In future runs, you should set numBMeansCorlTested to 0 to switch off the correlation test!
WARN Batch means correlation test was run for depository of place A/logout_logout, color 0
    However, the standard deviation of the token residence time is 0 and therefore the result of the test is ignored!
    In future runs, you should set numBMeansCorlTested to 0 to switch off the correlation test!
WARN Batch means correlation test was run for depository of place P/category_logout, color 0
    However, the standard deviation of the token residence time is 0 and therefore the result of the test is ignored!
    In future runs, you should set numBMeansCorlTested to 0 to switch off the correlation test!
WARN Batch means correlation test was run for depository of place I/icon_logout, color 0
    However, the standard deviation of the token residence time is 0 and therefore the result of the test is ignored!
    In future runs, you should set numBMeansCorlTested to 0 to switch off the correlation test!
WARN Batch means correlation test was run for depository of place W/login, color 0
    However, the standard deviation of the token residence time is 0 and therefore the result of the test is ignored!
    In future runs, you should set numBMeansCorlTested to 0 to switch off the correlation test!
WARN Batch means correlation test was run for depository of place P/categories_login, color 0
    However, the standard deviation of the token residence time is 0 and therefore the result of the test is ignored!
    In future runs, you should set numBMeansCorlTested to 0 to switch off the correlation test!
WARN Batch means correlation test was run for depository of place I/icon_login, color 0
    However, the standard deviation of the token residence time is 0 and therefore the result of the test is ignored!
    In future runs, you should set numBMeansCorlTested to 0 to switch off the correlation test!
WARN Batch means correlation test was run for depository of place A/isLoggedIn_login, color 0
    However, the standard deviation of the token residence time is 0 and therefore the result of the test is ignored!
    In future runs, you should set numBMeansCorlTested to 0 to switch off the correlation test!
WARN Batch means correlation test was run for depository of place W/product, color 0
    However, the standard deviation of the token residence time is 0 and therefore the result of the test is ignored!
    In future runs, you should set numBMeansCorlTested to 0 to switch off the correlation test!
WARN Batch means correlation test was run for depository of place P/getProduct_product, color 0
    However, the standard deviation of the token residence time is 0 and therefore the result of the test is ignored!
    In future runs, you should set numBMeansCorlTested to 0 to switch off the correlation test!
WARN Batch means correlation test was run for depository of place R/getAds_product, color 0
    However, the standard deviation of the token residence time is 0 and therefore the result of the test is ignored!
    In future runs, you should set numBMeansCorlTested to 0 to switch off the correlation test!
WARN Batch means correlation test was run for depository of place I/product_product, color 0
    However, the standard deviation of the token residence time is 0 and therefore the result of the test is ignored!
    In future runs, you should set numBMeansCorlTested to 0 to switch off the correlation test!
WARN Batch means correlation test was run for depository of place A/isLoggedIn_product, color 0
    However, the standard deviation of the token residence time is 0 and therefore the result of the test is ignored!
    In future runs, you should set numBMeansCorlTested to 0 to switch off the correlation test!
WARN Batch means correlation test was run for depository of place W/index, color 0
    However, the standard deviation of the token residence time is 0 and therefore the result of the test is ignored!
    In future runs, you should set numBMeansCorlTested to 0 to switch off the correlation test!
WARN Batch means correlation test was run for depository of place P/categories_index, color 0
    However, the standard deviation of the token residence time is 0 and therefore the result of the test is ignored!
    In future runs, you should set numBMeansCorlTested to 0 to switch off the correlation test!
WARN Batch means correlation test was run for depository of place A/isLoggedIn_index, color 0
    However, the standard deviation of the token residence time is 0 and therefore the result of the test is ignored!
    In future runs, you should set numBMeansCorlTested to 0 to switch off the correlation test!
WARN Batch means correlation test was run for depository of place I/icon_index, color 0
    However, the standard deviation of the token residence time is 0 and therefore the result of the test is ignored!
    In future runs, you should set numBMeansCorlTested to 0 to switch off the correlation test!
WARN Batch means correlation test was run for depository of place W/category, color 0
    However, the standard deviation of the token residence time is 0 and therefore the result of the test is ignored!
    In future runs, you should set numBMeansCorlTested to 0 to switch off the correlation test!
WARN Batch means correlation test was run for depository of place P/category_category, color 0
    However, the standard deviation of the token residence time is 0 and therefore the result of the test is ignored!
    In future runs, you should set numBMeansCorlTested to 0 to switch off the correlation test!
WARN Batch means correlation test was run for depository of place I/productImages_category, color 0
    However, the standard deviation of the token residence time is 0 and therefore the result of the test is ignored!
    In future runs, you should set numBMeansCorlTested to 0 to switch off the correlation test!
WARN Batch means correlation test was run for depository of place A/isLoggedIn_category, color 0
    However, the standard deviation of the token residence time is 0 and therefore the result of the test is ignored!
    In future runs, you should set numBMeansCorlTested to 0 to switch off the correlation test!
WARN Batch means correlation test was run for depository of place W/loginAction, color 0
    However, the standard deviation of the token residence time is 0 and therefore the result of the test is ignored!
    In future runs, you should set numBMeansCorlTested to 0 to switch off the correlation test!
WARN Batch means correlation test was run for depository of place A/login_loginAction, color 0
    However, the standard deviation of the token residence time is 0 and therefore the result of the test is ignored!
    In future runs, you should set numBMeansCorlTested to 0 to switch off the correlation test!
WARN Batch means correlation test was run for depository of place P/getUser_loginAction, color 0
    However, the standard deviation of the token residence time is 0 and therefore the result of the test is ignored!
    In future runs, you should set numBMeansCorlTested to 0 to switch off the correlation test!
WARN Batch means correlation test was run for depository of place I/icon_loginAction, color 0
    However, the standard deviation of the token residence time is 0 and therefore the result of the test is ignored!
    In future runs, you should set numBMeansCorlTested to 0 to switch off the correlation test!
WARN LP-1 The simulation was stopped because of reaching max totalRunLen.
The required precision may not have been reached!
REPORT for Queue of Queueing Place : W/index----------------------------------------

queueUtilQPl=0.03516460358751821

------------------ Color = index --------------------
arrivCnt=277683 deptCnt=277683
arrivThrPut=0.027796094061453076 deptThrPut=0.027796094061453076
meanTkPop=0.0364195137260944 tkColOcp=0.03516460358751821
-----
meanST=1.3102385409106838 stDevST=1.3067790892231455

Steady State Statistics: numBatchesST=694 batchSizeST=400 stDevStdStateMeanST=0.06662555104521013
95% c.i. = 1.3101961585851143 +/- 0.004956888725751217



REPORT for Depository of Queueing Place : W/index----------------------------------------

tkOcp=0.0

------------------ Color = index --------------------
arrivCnt=277683 deptCnt=277683
arrivThrPut=0.027796094061453076 deptThrPut=0.027796094061453076
meanTkPop=0.0 tkColOcp=0.0
-----
meanST=0.0 stDevST=0.0

Steady State Statistics: numBatchesST=1388 batchSizeST=200 stDevStdStateMeanST=0.0
95% c.i. = 0.0 +/- 0.0



REPORT for Queue : WebUI----------------------------------------

totArrivThrPut=0.1667283161240019 totDeptThrPut=0.1667283161240019
meanTotTkPop=0.06550835364944296 queueUtil=0.05695569597148
meanST=0.3929047876949828



REPORT for Queue of Queueing Place : P/categories_index----------------------------------------

queueUtilQPl=0.006614527828683127

------------------ Color = index --------------------
arrivCnt=277683 deptCnt=277683
arrivThrPut=0.027796094061453076 deptThrPut=0.027796094061453076
meanTkPop=0.006657754635456846 tkColOcp=0.006614527828683127
-----
meanST=0.23952122987990793 stDevST=0.26255225119220715

Steady State Statistics: numBatchesST=347 batchSizeST=800 stDevStdStateMeanST=0.009971951436045868
95% c.i. = 0.23950610049930926 +/- 0.0010492126266449157



REPORT for Depository of Queueing Place : P/categories_index----------------------------------------

tkOcp=0.0

------------------ Color = index --------------------
arrivCnt=277683 deptCnt=277683
arrivThrPut=0.027796094061453076 deptThrPut=0.027796094061453076
meanTkPop=0.0 tkColOcp=0.0
-----
meanST=0.0 stDevST=0.0

Steady State Statistics: numBatchesST=1388 batchSizeST=200 stDevStdStateMeanST=0.0
95% c.i. = 0.0 +/- 0.0



REPORT for Queue : Persistence----------------------------------------

totArrivThrPut=0.16672831612400194 totDeptThrPut=0.16672831612400194
meanTotTkPop=0.0549347133615906 queueUtil=0.05025672284202962
meanST=0.329486404221426



REPORT for Queue of Queueing Place : A/isLoggedIn_index----------------------------------------

queueUtilQPl=0.0059950011619403325

------------------ Color = index --------------------
arrivCnt=277683 deptCnt=277683
arrivThrPut=0.027796094061453076 deptThrPut=0.027796094061453076
meanTkPop=0.0060322866585452795 tkColOcp=0.0059950011619403325
-----
meanST=0.21701922022600661 stDevST=0.23696784979207755

Steady State Statistics: numBatchesST=694 batchSizeST=400 stDevStdStateMeanST=0.01230563685097752
95% c.i. = 0.21701692739898004 +/- 9.155297271523945E-4



REPORT for Depository of Queueing Place : A/isLoggedIn_index----------------------------------------

tkOcp=0.0

------------------ Color = index --------------------
arrivCnt=277683 deptCnt=277683
arrivThrPut=0.027796094061453076 deptThrPut=0.027796094061453076
meanTkPop=0.0 tkColOcp=0.0
-----
meanST=0.0 stDevST=0.0

Steady State Statistics: numBatchesST=1388 batchSizeST=200 stDevStdStateMeanST=0.0
95% c.i. = 0.0 +/- 0.0



REPORT for Queue : Auth----------------------------------------

totArrivThrPut=0.16672831612400194 totDeptThrPut=0.16672831612400194
meanTotTkPop=0.05632981157927522 queueUtil=0.052681226453996276
meanST=0.3378538984186747



REPORT for Queue of Queueing Place : W/login----------------------------------------

queueUtilQPl=0.005296851106278241

------------------ Color = login --------------------
arrivCnt=277568 deptCnt=277568
arrivThrPut=0.027784582550784195 deptThrPut=0.027784582550784195
meanTkPop=0.0053604068714126945 tkColOcp=0.005296851106278241
-----
meanST=0.1929273855964916 stDevST=0.3752555792012863

Steady State Statistics: numBatchesST=346 batchSizeST=800 stDevStdStateMeanST=0.014125063115248145
95% c.i. = 0.19292227760856653 +/- 0.0014883341221626986



REPORT for Depository of Queueing Place : W/login----------------------------------------

tkOcp=0.0

------------------ Color = login --------------------
arrivCnt=277568 deptCnt=277568
arrivThrPut=0.027784582550784195 deptThrPut=0.027784582550784195
meanTkPop=0.0 tkColOcp=0.0
-----
meanST=0.0 stDevST=0.0

Steady State Statistics: numBatchesST=1387 batchSizeST=200 stDevStdStateMeanST=0.0
95% c.i. = 0.0 +/- 0.0



REPORT for Queue : WebUI----------------------------------------

totArrivThrPut=0.1667283161240019 totDeptThrPut=0.1667283161240019
meanTotTkPop=0.06550835364944296 queueUtil=0.05695569597148
meanST=0.3929047876949828



REPORT for Queue of Queueing Place : W/loginAction----------------------------------------

queueUtilQPl=0.010680055109891255

------------------ Color = loginAction --------------------
arrivCnt=276387 deptCnt=276387
arrivThrPut=0.027666364341219416 deptThrPut=0.027666364341219416
meanTkPop=0.010824793402905484 tkColOcp=0.010680055109891255
-----
meanST=0.3912618683611384 stDevST=0.4894297796504088

Steady State Statistics: numBatchesST=690 batchSizeST=400 stDevStdStateMeanST=0.026241568989944696
95% c.i. = 0.39125784995819546 +/- 0.0019580029586330106



REPORT for Depository of Queueing Place : W/loginAction----------------------------------------

tkOcp=0.0

------------------ Color = loginAction --------------------
arrivCnt=276387 deptCnt=276387
arrivThrPut=0.027666364341219416 deptThrPut=0.027666364341219416
meanTkPop=0.0 tkColOcp=0.0
-----
meanST=0.0 stDevST=0.0

Steady State Statistics: numBatchesST=1381 batchSizeST=200 stDevStdStateMeanST=0.0
95% c.i. = 0.0 +/- 0.0



REPORT for Queue : WebUI----------------------------------------

totArrivThrPut=0.1667283161240019 totDeptThrPut=0.1667283161240019
meanTotTkPop=0.06550835364944296 queueUtil=0.05695569597148
meanST=0.3929047876949828



REPORT for Queue of Queueing Place : A/login_loginAction----------------------------------------

queueUtilQPl=0.01086001361410349

------------------ Color = loginAction --------------------
arrivCnt=276387 deptCnt=276387
arrivThrPut=0.027666364341219416 deptThrPut=0.027666364341219416
meanTkPop=0.010980962034185453 tkColOcp=0.01086001361410349
-----
meanST=0.39690657936667145 stDevST=0.3974818837897114

Steady State Statistics: numBatchesST=345 batchSizeST=800 stDevStdStateMeanST=0.013895943088986788
95% c.i. = 0.3968266876942946 +/- 0.0014663126128101195



REPORT for Depository of Queueing Place : A/login_loginAction----------------------------------------

tkOcp=0.0

------------------ Color = loginAction --------------------
arrivCnt=276387 deptCnt=276387
arrivThrPut=0.027666364341219416 deptThrPut=0.027666364341219416
meanTkPop=0.0 tkColOcp=0.0
-----
meanST=0.0 stDevST=0.0

Steady State Statistics: numBatchesST=1381 batchSizeST=200 stDevStdStateMeanST=0.0
95% c.i. = 0.0 +/- 0.0



REPORT for Queue : Auth----------------------------------------

totArrivThrPut=0.16672831612400194 totDeptThrPut=0.16672831612400194
meanTotTkPop=0.05632981157927522 queueUtil=0.052681226453996276
meanST=0.3378538984186747



REPORT for Queue of Queueing Place : W/logout----------------------------------------

queueUtilQPl=0.004230534319305101

------------------ Color = logout --------------------
arrivCnt=278403 deptCnt=278403
arrivThrPut=0.027868166128249553 deptThrPut=0.027868166128249553
meanTkPop=0.0042885181348354074 tkColOcp=0.004230534319305101
-----
meanST=0.15388591108218633 stDevST=0.3646215630323726

Steady State Statistics: numBatchesST=696 batchSizeST=400 stDevStdStateMeanST=0.02011888152900473
95% c.i. = 0.15388723150386763 +/- 0.0014946768376188266



REPORT for Depository of Queueing Place : W/logout----------------------------------------

tkOcp=0.0

------------------ Color = logout --------------------
arrivCnt=278403 deptCnt=278403
arrivThrPut=0.027868166128249553 deptThrPut=0.027868166128249553
meanTkPop=0.0 tkColOcp=0.0
-----
meanST=0.0 stDevST=0.0

Steady State Statistics: numBatchesST=1392 batchSizeST=200 stDevStdStateMeanST=0.0
95% c.i. = 0.0 +/- 0.0



REPORT for Queue : WebUI----------------------------------------

totArrivThrPut=0.1667283161240019 totDeptThrPut=0.1667283161240019
meanTotTkPop=0.06550835364944296 queueUtil=0.05695569597148
meanST=0.3929047876949828



REPORT for Queue of Queueing Place : A/logout_logout----------------------------------------

queueUtilQPl=0.012630866158572666

------------------ Color = logout --------------------
arrivCnt=278403 deptCnt=278403
arrivThrPut=0.027868166128249553 deptThrPut=0.027868166128249553
meanTkPop=0.012805884583644392 tkColOcp=0.012630866158572666
-----
meanST=0.4595165869440994 stDevST=0.4547702925934026

Steady State Statistics: numBatchesST=696 batchSizeST=400 stDevStdStateMeanST=0.02360686700078746
95% c.i. = 0.4595208882259875 +/- 0.0017538071022465405



REPORT for Depository of Queueing Place : A/logout_logout----------------------------------------

tkOcp=0.0

------------------ Color = logout --------------------
arrivCnt=278403 deptCnt=278403
arrivThrPut=0.027868166128249553 deptThrPut=0.027868166128249553
meanTkPop=0.0 tkColOcp=0.0
-----
meanST=0.0 stDevST=0.0

Steady State Statistics: numBatchesST=1392 batchSizeST=200 stDevStdStateMeanST=0.0
95% c.i. = 0.0 +/- 0.0



REPORT for Queue : Auth----------------------------------------

totArrivThrPut=0.16672831612400194 totDeptThrPut=0.16672831612400194
meanTotTkPop=0.05632981157927522 queueUtil=0.052681226453996276
meanST=0.3378538984186747



REPORT for Queue of Queueing Place : P/getUser_loginAction----------------------------------------

queueUtilQPl=0.004031450665199686

------------------ Color = loginAction --------------------
arrivCnt=276387 deptCnt=276387
arrivThrPut=0.027666364341219416 deptThrPut=0.027666364341219416
meanTkPop=0.004060512728603682 tkColOcp=0.004031450665199686
-----
meanST=0.14676712409783554 stDevST=0.22870978626502803

Steady State Statistics: numBatchesST=690 batchSizeST=400 stDevStdStateMeanST=0.01174381709850342
95% c.i. = 0.14677459239437743 +/- 8.762596715663492E-4



REPORT for Depository of Queueing Place : P/getUser_loginAction----------------------------------------

tkOcp=0.0

------------------ Color = loginAction --------------------
arrivCnt=276387 deptCnt=276387
arrivThrPut=0.027666364341219416 deptThrPut=0.027666364341219416
meanTkPop=0.0 tkColOcp=0.0
-----
meanST=0.0 stDevST=0.0

Steady State Statistics: numBatchesST=1381 batchSizeST=200 stDevStdStateMeanST=0.0
95% c.i. = 0.0 +/- 0.0



REPORT for Queue : Persistence----------------------------------------

totArrivThrPut=0.16672831612400194 totDeptThrPut=0.16672831612400194
meanTotTkPop=0.0549347133615906 queueUtil=0.05025672284202962
meanST=0.329486404221426



REPORT for Queue of Queueing Place : W/category----------------------------------------

queueUtilQPl=0.004233803585564578

------------------ Color = category --------------------
arrivCnt=277405 deptCnt=277405
arrivThrPut=0.027768266235662215 deptThrPut=0.027768266235662215
meanTkPop=0.00429082823433354 tkColOcp=0.004233803585564578
-----
meanST=0.15452272741547393 stDevST=0.3634747257060178

Steady State Statistics: numBatchesST=693 batchSizeST=400 stDevStdStateMeanST=0.019782828933625516
95% c.i. = 0.15454322775383356 +/- 0.0014728884931595062



REPORT for Depository of Queueing Place : W/category----------------------------------------

tkOcp=0.0

------------------ Color = category --------------------
arrivCnt=277405 deptCnt=277405
arrivThrPut=0.027768266235662215 deptThrPut=0.027768266235662215
meanTkPop=0.0 tkColOcp=0.0
-----
meanST=0.0 stDevST=0.0

Steady State Statistics: numBatchesST=1387 batchSizeST=200 stDevStdStateMeanST=0.0
95% c.i. = 0.0 +/- 0.0



REPORT for Queue : WebUI----------------------------------------

totArrivThrPut=0.1667283161240019 totDeptThrPut=0.1667283161240019
meanTotTkPop=0.06550835364944296 queueUtil=0.05695569597148
meanST=0.3929047876949828



REPORT for Queue of Queueing Place : W/product----------------------------------------

queueUtilQPl=0.004262138151912586

------------------ Color = product --------------------
arrivCnt=278170 deptCnt=278170
arrivThrPut=0.02784484280663347 deptThrPut=0.02784484280663347
meanTkPop=0.004324293279861431 tkColOcp=0.004262138151912586
-----
meanST=0.1552996118488144 stDevST=0.3623250505453497

Steady State Statistics: numBatchesST=695 batchSizeST=400 stDevStdStateMeanST=0.018113963167562655
95% c.i. = 0.15527055647983443 +/- 0.001346694756182411



REPORT for Depository of Queueing Place : W/product----------------------------------------

tkOcp=0.0

------------------ Color = product --------------------
arrivCnt=278170 deptCnt=278170
arrivThrPut=0.02784484280663347 deptThrPut=0.02784484280663347
meanTkPop=0.0 tkColOcp=0.0
-----
meanST=0.0 stDevST=0.0

Steady State Statistics: numBatchesST=1390 batchSizeST=200 stDevStdStateMeanST=0.0
95% c.i. = 0.0 +/- 0.0



REPORT for Queue : WebUI----------------------------------------

totArrivThrPut=0.1667283161240019 totDeptThrPut=0.1667283161240019
meanTotTkPop=0.06550835364944296 queueUtil=0.05695569597148
meanST=0.3929047876949828



REPORT for Queue of Queueing Place : P/category_category----------------------------------------

queueUtilQPl=0.011925590431637602

------------------ Color = category --------------------
arrivCnt=277405 deptCnt=277405
arrivThrPut=0.027768266235662215 deptThrPut=0.027768266235662215
meanTkPop=0.012087560301082252 tkColOcp=0.011925590431637602
-----
meanST=0.43530122473251304 stDevST=0.45082084150354346

Steady State Statistics: numBatchesST=693 batchSizeST=400 stDevStdStateMeanST=0.022911916326776516
95% c.i. = 0.43528238387747403 +/- 0.0017058580462464695



REPORT for Depository of Queueing Place : P/category_category----------------------------------------

tkOcp=0.0

------------------ Color = category --------------------
arrivCnt=277405 deptCnt=277405
arrivThrPut=0.027768266235662215 deptThrPut=0.027768266235662215
meanTkPop=0.0 tkColOcp=0.0
-----
meanST=0.0 stDevST=0.0

Steady State Statistics: numBatchesST=1387 batchSizeST=200 stDevStdStateMeanST=0.0
95% c.i. = 0.0 +/- 0.0



REPORT for Queue : Persistence----------------------------------------

totArrivThrPut=0.16672831612400194 totDeptThrPut=0.16672831612400194
meanTotTkPop=0.0549347133615906 queueUtil=0.05025672284202962
meanST=0.329486404221426



REPORT for Queue of Queueing Place : P/getProduct_product----------------------------------------

queueUtilQPl=0.003708571275142756

------------------ Color = product --------------------
arrivCnt=278170 deptCnt=278170
arrivThrPut=0.02784484280663347 deptThrPut=0.02784484280663347
meanTkPop=0.003742823513704072 tkColOcp=0.003708571275142756
-----
meanST=0.13441711772969392 stDevST=0.22560776283465744

Steady State Statistics: numBatchesST=695 batchSizeST=400 stDevStdStateMeanST=0.012450858696406619
95% c.i. = 0.1344171123223497 +/- 9.256674511983748E-4



REPORT for Depository of Queueing Place : P/getProduct_product----------------------------------------

tkOcp=0.0

------------------ Color = product --------------------
arrivCnt=278170 deptCnt=278170
arrivThrPut=0.02784484280663347 deptThrPut=0.02784484280663347
meanTkPop=0.0 tkColOcp=0.0
-----
meanST=0.0 stDevST=0.0

Steady State Statistics: numBatchesST=1390 batchSizeST=200 stDevStdStateMeanST=0.0
95% c.i. = 0.0 +/- 0.0



REPORT for Queue : Persistence----------------------------------------

totArrivThrPut=0.16672831612400194 totDeptThrPut=0.16672831612400194
meanTotTkPop=0.0549347133615906 queueUtil=0.05025672284202962
meanST=0.329486404221426



REPORT for Queue of Queueing Place : R/getAds_product----------------------------------------

queueUtilQPl=0.048429862396562266

------------------ Color = product --------------------
arrivCnt=278170 deptCnt=278170
arrivThrPut=0.02784484280663347 deptThrPut=0.02784484280663347
meanTkPop=0.050983395524132114 tkColOcp=0.048429862396562266
-----
meanST=1.830981624790726 stDevST=1.8271548549958883

Steady State Statistics: numBatchesST=173 batchSizeST=1600 stDevStdStateMeanST=0.04077356926870038
95% c.i. = 1.830965158907843 +/- 0.00611891906194709



REPORT for Depository of Queueing Place : R/getAds_product----------------------------------------

tkOcp=0.0

------------------ Color = product --------------------
arrivCnt=278170 deptCnt=278170
arrivThrPut=0.02784484280663347 deptThrPut=0.02784484280663347
meanTkPop=0.0 tkColOcp=0.0
-----
meanST=0.0 stDevST=0.0

Steady State Statistics: numBatchesST=1390 batchSizeST=200 stDevStdStateMeanST=0.0
95% c.i. = 0.0 +/- 0.0



REPORT for Queue : Recommender----------------------------------------

totArrivThrPut=0.02784484280663347 totDeptThrPut=0.02784484280663347
meanTotTkPop=0.050983395524132114 queueUtil=0.048429862396562266
meanST=1.830981624790726



REPORT for Queue of Queueing Place : I/productImages_category----------------------------------------

queueUtilQPl=0.0037495971909181514

------------------ Color = category --------------------
arrivCnt=277405 deptCnt=277405
arrivThrPut=0.027768266235662215 deptThrPut=0.027768266235662215
meanTkPop=0.0037724652629339294 tkColOcp=0.0037495971909181514
-----
meanST=0.13585526841747972 stDevST=0.16729398817630592

Steady State Statistics: numBatchesST=693 batchSizeST=400 stDevStdStateMeanST=0.008459070679936493
95% c.i. = 0.13584391926975461 +/- 6.298021334109603E-4



REPORT for Depository of Queueing Place : I/productImages_category----------------------------------------

tkOcp=0.0

------------------ Color = category --------------------
arrivCnt=277405 deptCnt=277405
arrivThrPut=0.027768266235662215 deptThrPut=0.027768266235662215
meanTkPop=0.0 tkColOcp=0.0
-----
meanST=0.0 stDevST=0.0

Steady State Statistics: numBatchesST=1387 batchSizeST=200 stDevStdStateMeanST=0.0
95% c.i. = 0.0 +/- 0.0



REPORT for Queue : ImageProvider----------------------------------------

totArrivThrPut=0.16672831612400194 totDeptThrPut=0.16672831612400194
meanTotTkPop=0.038334251896194015 queueUtil=0.03570834834181581
meanST=0.2299204645459469



REPORT for Queue of Queueing Place : I/product_product----------------------------------------

queueUtilQPl=0.004149971764599319

------------------ Color = product --------------------
arrivCnt=278170 deptCnt=278170
arrivThrPut=0.02784484280663347 deptThrPut=0.02784484280663347
meanTkPop=0.004171033932704534 tkColOcp=0.004149971764599319
-----
meanST=0.14979556399976762 stDevST=0.16840387940815005

Steady State Statistics: numBatchesST=695 batchSizeST=400 stDevStdStateMeanST=0.008777719269894655
95% c.i. = 0.14980093014926582 +/- 6.525854338257997E-4



REPORT for Depository of Queueing Place : I/product_product----------------------------------------

tkOcp=0.0

------------------ Color = product --------------------
arrivCnt=278170 deptCnt=278170
arrivThrPut=0.02784484280663347 deptThrPut=0.02784484280663347
meanTkPop=0.0 tkColOcp=0.0
-----
meanST=0.0 stDevST=0.0

Steady State Statistics: numBatchesST=1390 batchSizeST=200 stDevStdStateMeanST=0.0
95% c.i. = 0.0 +/- 0.0



REPORT for Queue : ImageProvider----------------------------------------

totArrivThrPut=0.16672831612400194 totDeptThrPut=0.16672831612400194
meanTotTkPop=0.038334251896194015 queueUtil=0.03570834834181581
meanST=0.2299204645459469



REPORT for Queue of Queueing Place : Workload----------------------------------------

queueUtilQPl=1.0

------------------ Color = workload --------------------
arrivCnt=1665616 deptCnt=1665616
arrivThrPut=0.16672831612400194 deptThrPut=0.16672831612400194
meanTkPop=1.0 tkColOcp=1.0
-----
meanST=5.997781440173987 stDevST=6.004605157105575

Steady State Statistics: numBatchesST=4164 batchSizeST=400 stDevStdStateMeanST=0.3016625897685937
95% c.i. = 5.997777056650406 +/- 0.009162504179200264



REPORT for Depository of Queueing Place : Workload----------------------------------------

tkOcp=0.0

------------------ Color = workload --------------------
arrivCnt=1665616 deptCnt=1665616
arrivThrPut=0.16672831612400194 deptThrPut=0.16672831612400194
meanTkPop=0.0 tkColOcp=0.0
-----
meanST=0.0 stDevST=0.0

Steady State Statistics: numBatchesST=8328 batchSizeST=200 stDevStdStateMeanST=0.0
95% c.i. = 0.0 +/- 0.0



REPORT for Queue : Workload----------------------------------------

totArrivThrPut=0.16672831612400194 totDeptThrPut=0.16672831612400194
meanTotTkPop=1.0 queueUtil=1.0
meanST=5.997781440173987



REPORT for Queue of Queueing Place : I/icon_index----------------------------------------

queueUtilQPl=0.0114965854693208

------------------ Color = index --------------------
arrivCnt=277683 deptCnt=277683
arrivThrPut=0.027796094061453076 deptThrPut=0.027796094061453076
meanTkPop=0.011625077335070512 tkColOcp=0.0114965854693208
-----
meanST=0.4182270109379101 stDevST=0.41712800774225917

Steady State Statistics: numBatchesST=694 batchSizeST=400 stDevStdStateMeanST=0.02142438073749944
95% c.i. = 0.41821475721786366 +/- 0.001593957118070956



REPORT for Depository of Queueing Place : I/icon_index----------------------------------------

tkOcp=0.0

------------------ Color = index --------------------
arrivCnt=277683 deptCnt=277683
arrivThrPut=0.027796094061453076 deptThrPut=0.027796094061453076
meanTkPop=0.0 tkColOcp=0.0
-----
meanST=0.0 stDevST=0.0

Steady State Statistics: numBatchesST=1388 batchSizeST=200 stDevStdStateMeanST=0.0
95% c.i. = 0.0 +/- 0.0



REPORT for Queue : ImageProvider----------------------------------------

totArrivThrPut=0.16672831612400194 totDeptThrPut=0.16672831612400194
meanTotTkPop=0.038334251896194015 queueUtil=0.03570834834181581
meanST=0.2299204645459469



REPORT for Queue of Queueing Place : P/categories_login----------------------------------------

queueUtilQPl=0.022552616943454163

------------------ Color = login --------------------
arrivCnt=277568 deptCnt=277568
arrivThrPut=0.027784582550784195 deptThrPut=0.027784582550784195
meanTkPop=0.023081238893245686 tkColOcp=0.022552616943454163
-----
meanST=0.8307210968909893 stDevST=0.8239852757911674

Steady State Statistics: numBatchesST=693 batchSizeST=400 stDevStdStateMeanST=0.042586051148411526
95% c.i. = 0.8306868033199886 +/- 0.003170653950253931



REPORT for Depository of Queueing Place : P/categories_login----------------------------------------

tkOcp=0.0

------------------ Color = login --------------------
arrivCnt=277568 deptCnt=277568
arrivThrPut=0.027784582550784195 deptThrPut=0.027784582550784195
meanTkPop=0.0 tkColOcp=0.0
-----
meanST=0.0 stDevST=0.0

Steady State Statistics: numBatchesST=1387 batchSizeST=200 stDevStdStateMeanST=0.0
95% c.i. = 0.0 +/- 0.0



REPORT for Queue : Persistence----------------------------------------

totArrivThrPut=0.16672831612400194 totDeptThrPut=0.16672831612400194
meanTotTkPop=0.0549347133615906 queueUtil=0.05025672284202962
meanST=0.329486404221426



REPORT for Queue of Queueing Place : I/icon_login----------------------------------------

queueUtilQPl=0.011627047598179726

------------------ Color = login --------------------
arrivCnt=277568 deptCnt=277568
arrivThrPut=0.027784582550784195 deptThrPut=0.027784582550784195
meanTkPop=0.011762800108330185 tkColOcp=0.011627047598179726
-----
meanST=0.4233570933387369 stDevST=0.4232426564867125

Steady State Statistics: numBatchesST=693 batchSizeST=400 stDevStdStateMeanST=0.020668349895144177
95% c.i. = 0.4233491685095963 +/- 0.0015388180747703273



REPORT for Depository of Queueing Place : I/icon_login----------------------------------------

tkOcp=0.0

------------------ Color = login --------------------
arrivCnt=277568 deptCnt=277568
arrivThrPut=0.027784582550784195 deptThrPut=0.027784582550784195
meanTkPop=0.0 tkColOcp=0.0
-----
meanST=0.0 stDevST=0.0

Steady State Statistics: numBatchesST=1387 batchSizeST=200 stDevStdStateMeanST=0.0
95% c.i. = 0.0 +/- 0.0



REPORT for Queue : ImageProvider----------------------------------------

totArrivThrPut=0.16672831612400194 totDeptThrPut=0.16672831612400194
meanTotTkPop=0.038334251896194015 queueUtil=0.03570834834181581
meanST=0.2299204645459469



REPORT for Queue of Queueing Place : A/isLoggedIn_login----------------------------------------

queueUtilQPl=0.009279474411946015

------------------ Color = login --------------------
arrivCnt=277568 deptCnt=277568
arrivThrPut=0.027784582550784195 deptThrPut=0.027784582550784195
meanTkPop=0.009364607274556538 tkColOcp=0.009279474411946015
-----
meanST=0.3370432957716772 stDevST=0.3386045807202609

Steady State Statistics: numBatchesST=693 batchSizeST=400 stDevStdStateMeanST=0.016816186988064117
95% c.i. = 0.33699211798789763 +/- 0.0012520134707043162



REPORT for Depository of Queueing Place : A/isLoggedIn_login----------------------------------------

tkOcp=0.0

------------------ Color = login --------------------
arrivCnt=277568 deptCnt=277568
arrivThrPut=0.027784582550784195 deptThrPut=0.027784582550784195
meanTkPop=0.0 tkColOcp=0.0
-----
meanST=0.0 stDevST=0.0

Steady State Statistics: numBatchesST=1387 batchSizeST=200 stDevStdStateMeanST=0.0
95% c.i. = 0.0 +/- 0.0



REPORT for Queue : Auth----------------------------------------

totArrivThrPut=0.16672831612400194 totDeptThrPut=0.16672831612400194
meanTotTkPop=0.05632981157927522 queueUtil=0.052681226453996276
meanST=0.3378538984186747



REPORT for Queue of Queueing Place : A/isLoggedIn_category----------------------------------------

queueUtilQPl=0.004121513984431456

------------------ Color = category --------------------
arrivCnt=277405 deptCnt=277405
arrivThrPut=0.027768266235662215 deptThrPut=0.027768266235662215
meanTkPop=0.004148925098894298 tkColOcp=0.004121513984431456
-----
meanST=0.14941246470641795 stDevST=0.18662404564217602

Steady State Statistics: numBatchesST=693 batchSizeST=400 stDevStdStateMeanST=0.009534587855011167
95% c.i. = 0.1494285635006482 +/- 7.098774793929663E-4



REPORT for Depository of Queueing Place : A/isLoggedIn_category----------------------------------------

tkOcp=0.0

------------------ Color = category --------------------
arrivCnt=277405 deptCnt=277405
arrivThrPut=0.027768266235662215 deptThrPut=0.027768266235662215
meanTkPop=0.0 tkColOcp=0.0
-----
meanST=0.0 stDevST=0.0

Steady State Statistics: numBatchesST=1387 batchSizeST=200 stDevStdStateMeanST=0.0
95% c.i. = 0.0 +/- 0.0



REPORT for Queue : Auth----------------------------------------

totArrivThrPut=0.16672831612400194 totDeptThrPut=0.16672831612400194
meanTotTkPop=0.05632981157927522 queueUtil=0.052681226453996276
meanST=0.3378538984186747



REPORT for Queue of Queueing Place : I/icon_logout----------------------------------------

queueUtilQPl=0.00338103915336389

------------------ Color = logout --------------------
arrivCnt=278403 deptCnt=278403
arrivThrPut=0.027868166128249553 deptThrPut=0.027868166128249553
meanTkPop=0.0034044133757110814 tkColOcp=0.00338103915336389
-----
meanST=0.12216137079289467 stDevST=0.16147146157149486

Steady State Statistics: numBatchesST=696 batchSizeST=400 stDevStdStateMeanST=0.008081263810187074
95% c.i. = 0.12216164005195747 +/- 6.003752156082913E-4



REPORT for Depository of Queueing Place : I/icon_logout----------------------------------------

tkOcp=0.0

------------------ Color = logout --------------------
arrivCnt=278403 deptCnt=278403
arrivThrPut=0.027868166128249553 deptThrPut=0.027868166128249553
meanTkPop=0.0 tkColOcp=0.0
-----
meanST=0.0 stDevST=0.0

Steady State Statistics: numBatchesST=1392 batchSizeST=200 stDevStdStateMeanST=0.0
95% c.i. = 0.0 +/- 0.0



REPORT for Queue : ImageProvider----------------------------------------

totArrivThrPut=0.16672831612400194 totDeptThrPut=0.16672831612400194
meanTotTkPop=0.038334251896194015 queueUtil=0.03570834834181581
meanST=0.2299204645459469



REPORT for Queue of Queueing Place : I/icon_loginAction----------------------------------------

queueUtilQPl=0.003577154530461923

------------------ Color = loginAction --------------------
arrivCnt=276387 deptCnt=276387
arrivThrPut=0.027666364341219416 deptThrPut=0.027666364341219416
meanTkPop=0.0035984618814437724 tkColOcp=0.003577154530461923
-----
meanST=0.13006630857103674 stDevST=0.16487601794084444

Steady State Statistics: numBatchesST=345 batchSizeST=800 stDevStdStateMeanST=0.005962741497643377
95% c.i. = 0.13009316217736458 +/- 6.291939315619557E-4



REPORT for Depository of Queueing Place : I/icon_loginAction----------------------------------------

tkOcp=0.0

------------------ Color = loginAction --------------------
arrivCnt=276387 deptCnt=276387
arrivThrPut=0.027666364341219416 deptThrPut=0.027666364341219416
meanTkPop=0.0 tkColOcp=0.0
-----
meanST=0.0 stDevST=0.0

Steady State Statistics: numBatchesST=1381 batchSizeST=200 stDevStdStateMeanST=0.0
95% c.i. = 0.0 +/- 0.0



REPORT for Queue : ImageProvider----------------------------------------

totArrivThrPut=0.16672831612400194 totDeptThrPut=0.16672831612400194
meanTotTkPop=0.038334251896194015 queueUtil=0.03570834834181581
meanST=0.2299204645459469



REPORT for Queue of Queueing Place : A/isLoggedIn_product----------------------------------------

queueUtilQPl=0.012825878314716873

------------------ Color = product --------------------
arrivCnt=278170 deptCnt=278170
arrivThrPut=0.02784484280663347 deptThrPut=0.02784484280663347
meanTkPop=0.012997145929449264 tkColOcp=0.012825878314716873
-----
meanST=0.4667703107432503 stDevST=0.4635462947532822

Steady State Statistics: numBatchesST=695 batchSizeST=400 stDevStdStateMeanST=0.02464642384618515
95% c.i. = 0.4667780808349007 +/- 0.001832354932229486



REPORT for Depository of Queueing Place : A/isLoggedIn_product----------------------------------------

tkOcp=0.0

------------------ Color = product --------------------
arrivCnt=278170 deptCnt=278170
arrivThrPut=0.02784484280663347 deptThrPut=0.02784484280663347
meanTkPop=0.0 tkColOcp=0.0
-----
meanST=0.0 stDevST=0.0

Steady State Statistics: numBatchesST=1390 batchSizeST=200 stDevStdStateMeanST=0.0
95% c.i. = 0.0 +/- 0.0



REPORT for Queue : Auth----------------------------------------

totArrivThrPut=0.16672831612400194 totDeptThrPut=0.16672831612400194
meanTotTkPop=0.05632981157927522 queueUtil=0.052681226453996276
meanST=0.3378538984186747



REPORT for Queue of Queueing Place : P/category_logout----------------------------------------

queueUtilQPl=0.005265009092644895

------------------ Color = logout --------------------
arrivCnt=278403 deptCnt=278403
arrivThrPut=0.027868166128249553 deptThrPut=0.027868166128249553
meanTkPop=0.005304823289498063 tkColOcp=0.005265009092644895
-----
meanST=0.19035422944894248 stDevST=0.2532914331928337

Steady State Statistics: numBatchesST=696 batchSizeST=400 stDevStdStateMeanST=0.013078717338802642
95% c.i. = 0.19035501876847097 +/- 9.716472480783626E-4



REPORT for Depository of Queueing Place : P/category_logout----------------------------------------

tkOcp=0.0

------------------ Color = logout --------------------
arrivCnt=278403 deptCnt=278403
arrivThrPut=0.027868166128249553 deptThrPut=0.027868166128249553
meanTkPop=0.0 tkColOcp=0.0
-----
meanST=0.0 stDevST=0.0

Steady State Statistics: numBatchesST=1392 batchSizeST=200 stDevStdStateMeanST=0.0
95% c.i. = 0.0 +/- 0.0



REPORT for Queue : Persistence----------------------------------------

totArrivThrPut=0.16672831612400194 totDeptThrPut=0.16672831612400194
meanTotTkPop=0.0549347133615906 queueUtil=0.05025672284202962
meanST=0.329486404221426



REPORT for Ordinary Place : Finish_index----------------------------------------

tkOcp=1.0

------------------ Color = index --------------------
arrivCnt=277683 deptCnt=0
arrivThrPut=0.027796094061453076 deptThrPut=0.0
meanTkPop=138932.8565564798 tkColOcp=1.0
-----
meanST=NaN stDevST=NaN

Steady State Statistics: Only 0 batches collected!
Need at least 60 for steady state statistics.



REPORT for Ordinary Place : Finish_login----------------------------------------

tkOcp=1.0

------------------ Color = login --------------------
arrivCnt=277568 deptCnt=0
arrivThrPut=0.027784582550784195 deptThrPut=0.0
meanTkPop=139074.6494136497 tkColOcp=1.0
-----
meanST=NaN stDevST=NaN

Steady State Statistics: Only 0 batches collected!
Need at least 60 for steady state statistics.



REPORT for Ordinary Place : Finish_loginAction----------------------------------------

tkOcp=1.0000000000000002

------------------ Color = loginAction --------------------
arrivCnt=276387 deptCnt=0
arrivThrPut=0.027666364341219416 deptThrPut=0.0
meanTkPop=138146.79700720904 tkColOcp=1.0000000000000002
-----
meanST=NaN stDevST=NaN

Steady State Statistics: Only 0 batches collected!
Need at least 60 for steady state statistics.



REPORT for Ordinary Place : Finish_category----------------------------------------

tkOcp=1.0

------------------ Color = category --------------------
arrivCnt=277405 deptCnt=0
arrivThrPut=0.027768266235662215 deptThrPut=0.0
meanTkPop=139057.05430220586 tkColOcp=1.0
-----
meanST=NaN stDevST=NaN

Steady State Statistics: Only 0 batches collected!
Need at least 60 for steady state statistics.



REPORT for Ordinary Place : Finish_product----------------------------------------

tkOcp=1.0000000000000002

------------------ Color = product --------------------
arrivCnt=278170 deptCnt=0
arrivThrPut=0.02784484280663347 deptThrPut=0.0
meanTkPop=139285.3344557542 tkColOcp=1.0000000000000002
-----
meanST=NaN stDevST=NaN

Steady State Statistics: Only 0 batches collected!
Need at least 60 for steady state statistics.



REPORT for Ordinary Place : Finish_logout----------------------------------------

tkOcp=1.0

------------------ Color = logout --------------------
arrivCnt=278403 deptCnt=0
arrivThrPut=0.027868166128249553 deptThrPut=0.0
meanTkPop=139638.3264825153 tkColOcp=1.0
-----
meanST=NaN stDevST=NaN

Steady State Statistics: Only 0 batches collected!
Need at least 60 for steady state statistics.



REPORT REPORT for Probe : /index----------------------------------------


------------------ Color = index --------------------
-----
meanST=2.1850060019545086 stDevST=1.4161900159300052

Steady State Statistics: numBatchesST=694 batchSizeST=400 stDevStdStateMeanST=0.07259461158887066
95% c.i. = 2.1849339437012674 +/- 0.005400982147089222



REPORT REPORT for Probe : /login----------------------------------------


------------------ Color = login --------------------
-----
meanST=1.7840488715978948 stDevST=1.0639289259211464

Steady State Statistics: numBatchesST=693 batchSizeST=400 stDevStdStateMeanST=0.05516123503464882
95% c.i. = 1.7839202718185228 +/- 0.0041069125464106



REPORT REPORT for Probe : /loginAction----------------------------------------


------------------ Color = loginAction --------------------
-----
meanST=1.065001880396682 stDevST=0.7141461207774232

Steady State Statistics: numBatchesST=690 batchSizeST=400 stDevStdStateMeanST=0.039356444773800354
95% c.i. = 1.0649522922242323 +/- 0.0029365635621065875



REPORT REPORT for Probe : /logout----------------------------------------


------------------ Color = logout --------------------
-----
meanST=0.9259180982681229 stDevST=0.6842827080308149

Steady State Statistics: numBatchesST=348 batchSizeST=800 stDevStdStateMeanST=0.026418458440358387
95% c.i. = 0.9259247785502837 +/- 0.002775657919307121



REPORT REPORT for Probe : /category----------------------------------------


------------------ Color = category --------------------
-----
meanST=0.8750916852718847 stDevST=0.666088042886583

Steady State Statistics: numBatchesST=693 batchSizeST=400 stDevStdStateMeanST=0.03610952977540551
95% c.i. = 0.8750980944017104 +/- 0.00268845831291573



REPORT REPORT for Probe : /product----------------------------------------


------------------ Color = product --------------------
-----
meanST=2.7372642291122524 stDevST=1.9457565381292363

Steady State Statistics: numBatchesST=86 batchSizeST=3200 stDevStdStateMeanST=0.02953681637424898
95% c.i. = 2.737808410538803 +/- 0.006332706949516908



