INFO Logging to /home/yjx/workloadConfig/qpme/output/SimQPN_Output_config_2025-08-14_070315271.log
WARN Batch means correlation test was run for depository of place Workload, color 0
    However, the standard deviation of the token residence time is 0 and therefore the result of the test is ignored!
    In future runs, you should set numBMeansCorlTested to 0 to switch off the correlation test!
WARN Batch means correlation test was run for depository of place W/product, color 0
    However, the standard deviation of the token residence time is 0 and therefore the result of the test is ignored!
    In future runs, you should set numBMeansCorlTested to 0 to switch off the correlation test!
WARN Batch means correlation test was run for depository of place P/getProduct_product, color 0
    However, the standard deviation of the token residence time is 0 and therefore the result of the test is ignored!
    In future runs, you should set numBMeansCorlTested to 0 to switch off the correlation test!
WARN Batch means correlation test was run for depository of place R/getAds_product, color 0
    However, the standard deviation of the token residence time is 0 and therefore the result of the test is ignored!
    In future runs, you should set numBMeansCorlTested to 0 to switch off the correlation test!
WARN Batch means correlation test was run for depository of place I/product_product, color 0
    However, the standard deviation of the token residence time is 0 and therefore the result of the test is ignored!
    In future runs, you should set numBMeansCorlTested to 0 to switch off the correlation test!
WARN Batch means correlation test was run for depository of place A/isLoggedIn_product, color 0
    However, the standard deviation of the token residence time is 0 and therefore the result of the test is ignored!
    In future runs, you should set numBMeansCorlTested to 0 to switch off the correlation test!
WARN Batch means correlation test was run for depository of place W/category, color 0
    However, the standard deviation of the token residence time is 0 and therefore the result of the test is ignored!
    In future runs, you should set numBMeansCorlTested to 0 to switch off the correlation test!
WARN Batch means correlation test was run for depository of place P/category_category, color 0
    However, the standard deviation of the token residence time is 0 and therefore the result of the test is ignored!
    In future runs, you should set numBMeansCorlTested to 0 to switch off the correlation test!
WARN Batch means correlation test was run for depository of place I/productImages_category, color 0
    However, the standard deviation of the token residence time is 0 and therefore the result of the test is ignored!
    In future runs, you should set numBMeansCorlTested to 0 to switch off the correlation test!
WARN Batch means correlation test was run for depository of place A/isLoggedIn_category, color 0
    However, the standard deviation of the token residence time is 0 and therefore the result of the test is ignored!
    In future runs, you should set numBMeansCorlTested to 0 to switch off the correlation test!
WARN Batch means correlation test was run for depository of place W/logout, color 0
    However, the standard deviation of the token residence time is 0 and therefore the result of the test is ignored!
    In future runs, you should set numBMeansCorlTested to 0 to switch off the correlation test!
WARN Batch means correlation test was run for depository of place A/logout_logout, color 0
    However, the standard deviation of the token residence time is 0 and therefore the result of the test is ignored!
    In future runs, you should set numBMeansCorlTested to 0 to switch off the correlation test!
WARN Batch means correlation test was run for depository of place P/category_logout, color 0
    However, the standard deviation of the token residence time is 0 and therefore the result of the test is ignored!
    In future runs, you should set numBMeansCorlTested to 0 to switch off the correlation test!
WARN Batch means correlation test was run for depository of place I/icon_logout, color 0
    However, the standard deviation of the token residence time is 0 and therefore the result of the test is ignored!
    In future runs, you should set numBMeansCorlTested to 0 to switch off the correlation test!
WARN Batch means correlation test was run for depository of place W/index, color 0
    However, the standard deviation of the token residence time is 0 and therefore the result of the test is ignored!
    In future runs, you should set numBMeansCorlTested to 0 to switch off the correlation test!
WARN Batch means correlation test was run for depository of place P/categories_index, color 0
    However, the standard deviation of the token residence time is 0 and therefore the result of the test is ignored!
    In future runs, you should set numBMeansCorlTested to 0 to switch off the correlation test!
WARN Batch means correlation test was run for depository of place A/isLoggedIn_index, color 0
    However, the standard deviation of the token residence time is 0 and therefore the result of the test is ignored!
    In future runs, you should set numBMeansCorlTested to 0 to switch off the correlation test!
WARN Batch means correlation test was run for depository of place I/icon_index, color 0
    However, the standard deviation of the token residence time is 0 and therefore the result of the test is ignored!
    In future runs, you should set numBMeansCorlTested to 0 to switch off the correlation test!
WARN Batch means correlation test was run for depository of place W/loginAction, color 0
    However, the standard deviation of the token residence time is 0 and therefore the result of the test is ignored!
    In future runs, you should set numBMeansCorlTested to 0 to switch off the correlation test!
WARN Batch means correlation test was run for depository of place A/login_loginAction, color 0
    However, the standard deviation of the token residence time is 0 and therefore the result of the test is ignored!
    In future runs, you should set numBMeansCorlTested to 0 to switch off the correlation test!
WARN Batch means correlation test was run for depository of place P/getUser_loginAction, color 0
    However, the standard deviation of the token residence time is 0 and therefore the result of the test is ignored!
    In future runs, you should set numBMeansCorlTested to 0 to switch off the correlation test!
WARN Batch means correlation test was run for depository of place I/icon_loginAction, color 0
    However, the standard deviation of the token residence time is 0 and therefore the result of the test is ignored!
    In future runs, you should set numBMeansCorlTested to 0 to switch off the correlation test!
WARN Batch means correlation test was run for depository of place W/login, color 0
    However, the standard deviation of the token residence time is 0 and therefore the result of the test is ignored!
    In future runs, you should set numBMeansCorlTested to 0 to switch off the correlation test!
WARN Batch means correlation test was run for depository of place P/categories_login, color 0
    However, the standard deviation of the token residence time is 0 and therefore the result of the test is ignored!
    In future runs, you should set numBMeansCorlTested to 0 to switch off the correlation test!
WARN Batch means correlation test was run for depository of place I/icon_login, color 0
    However, the standard deviation of the token residence time is 0 and therefore the result of the test is ignored!
    In future runs, you should set numBMeansCorlTested to 0 to switch off the correlation test!
WARN Batch means correlation test was run for depository of place A/isLoggedIn_login, color 0
    However, the standard deviation of the token residence time is 0 and therefore the result of the test is ignored!
    In future runs, you should set numBMeansCorlTested to 0 to switch off the correlation test!
WARN LP-1 The simulation was stopped because of reaching max totalRunLen.
The required precision may not have been reached!
REPORT for Queue of Queueing Place : W/index----------------------------------------

queueUtilQPl=0.003268691547699853

------------------ Color = index --------------------
arrivCnt=277579 deptCnt=277579
arrivThrPut=0.027785743861740857 deptThrPut=0.027785743861740857
meanTkPop=0.0032826551416571858 tkColOcp=0.003268691547699853
-----
meanST=0.11814170453709488 stDevST=0.14935934473254844

Steady State Statistics: numBatchesST=693 batchSizeST=400 stDevStdStateMeanST=0.0077455368640746355
95% c.i. = 0.11814737971269422 +/- 5.766774892870463E-4



REPORT for Depository of Queueing Place : W/index----------------------------------------

tkOcp=0.0

------------------ Color = index --------------------
arrivCnt=277579 deptCnt=277579
arrivThrPut=0.027785743861740857 deptThrPut=0.027785743861740857
meanTkPop=0.0 tkColOcp=0.0
-----
meanST=0.0 stDevST=0.0

Steady State Statistics: numBatchesST=1387 batchSizeST=200 stDevStdStateMeanST=0.0
95% c.i. = 0.0 +/- 0.0



REPORT for Queue : WebUI----------------------------------------

totArrivThrPut=0.1669267759272846 totDeptThrPut=0.1669267759272846
meanTotTkPop=0.04484815323823679 queueUtil=0.042348804376345014
meanST=0.2686696186942064



REPORT for Queue of Queueing Place : P/categories_index----------------------------------------

queueUtilQPl=0.011494739755099768

------------------ Color = index --------------------
arrivCnt=277579 deptCnt=277579
arrivThrPut=0.027785743861740857 deptThrPut=0.027785743861740857
meanTkPop=0.011630276498547153 tkColOcp=0.011494739755099768
-----
meanST=0.41856991687601636 stDevST=0.4179672756239438

Steady State Statistics: numBatchesST=693 batchSizeST=400 stDevStdStateMeanST=0.022168929736817732
95% c.i. = 0.4185735860601195 +/- 0.0016505405584092251



REPORT for Depository of Queueing Place : P/categories_index----------------------------------------

tkOcp=0.0

------------------ Color = index --------------------
arrivCnt=277579 deptCnt=277579
arrivThrPut=0.027785743861740857 deptThrPut=0.027785743861740857
meanTkPop=0.0 tkColOcp=0.0
-----
meanST=0.0 stDevST=0.0

Steady State Statistics: numBatchesST=1387 batchSizeST=200 stDevStdStateMeanST=0.0
95% c.i. = 0.0 +/- 0.0



REPORT for Queue : Persistence----------------------------------------

totArrivThrPut=0.16692677592728464 totDeptThrPut=0.16692677592728464
meanTotTkPop=0.04030282030633349 queueUtil=0.037957956714665904
meanST=0.2414401169761398



REPORT for Queue of Queueing Place : A/isLoggedIn_index----------------------------------------

queueUtilQPl=0.004567408285191668

------------------ Color = index --------------------
arrivCnt=277579 deptCnt=277579
arrivThrPut=0.027785743861740857 deptThrPut=0.027785743861740857
meanTkPop=0.004592856900607417 tkColOcp=0.004567408285191668
-----
meanST=0.16529544515565334 stDevST=0.2097555053006301

Steady State Statistics: numBatchesST=346 batchSizeST=800 stDevStdStateMeanST=0.007783342908148042
95% c.i. = 0.16529363033901856 +/- 8.201177396640804E-4



REPORT for Depository of Queueing Place : A/isLoggedIn_index----------------------------------------

tkOcp=0.0

------------------ Color = index --------------------
arrivCnt=277579 deptCnt=277579
arrivThrPut=0.027785743861740857 deptThrPut=0.027785743861740857
meanTkPop=0.0 tkColOcp=0.0
-----
meanST=0.0 stDevST=0.0

Steady State Statistics: numBatchesST=1387 batchSizeST=200 stDevStdStateMeanST=0.0
95% c.i. = 0.0 +/- 0.0



REPORT for Queue : Auth----------------------------------------

totArrivThrPut=0.16692677592728464 totDeptThrPut=0.16692677592728464
meanTotTkPop=0.06136505087469309 queueUtil=0.056746787565291584
meanST=0.36761658238355044



REPORT for Queue of Queueing Place : W/login----------------------------------------

queueUtilQPl=0.011973533671309334

------------------ Color = login --------------------
arrivCnt=277531 deptCnt=277531
arrivThrPut=0.027780939046876032 deptThrPut=0.027780939046876032
meanTkPop=0.012116362760242251 tkColOcp=0.011973533671309334
-----
meanST=0.43613942422168545 stDevST=0.4343717072457741

Steady State Statistics: numBatchesST=693 batchSizeST=400 stDevStdStateMeanST=0.022474157395443152
95% c.i. = 0.4361367103418573 +/- 0.0016732656351761408



REPORT for Depository of Queueing Place : W/login----------------------------------------

tkOcp=0.0

------------------ Color = login --------------------
arrivCnt=277531 deptCnt=277531
arrivThrPut=0.027780939046876032 deptThrPut=0.027780939046876032
meanTkPop=0.0 tkColOcp=0.0
-----
meanST=0.0 stDevST=0.0

Steady State Statistics: numBatchesST=1387 batchSizeST=200 stDevStdStateMeanST=0.0
95% c.i. = 0.0 +/- 0.0



REPORT for Queue : WebUI----------------------------------------

totArrivThrPut=0.1669267759272846 totDeptThrPut=0.1669267759272846
meanTotTkPop=0.04484815323823679 queueUtil=0.042348804376345014
meanST=0.2686696186942064



REPORT for Queue of Queueing Place : W/loginAction----------------------------------------

queueUtilQPl=0.010254011998222949

------------------ Color = loginAction --------------------
arrivCnt=277800 deptCnt=277800
arrivThrPut=0.027807866030180994 deptThrPut=0.027807866030180994
meanTkPop=0.010359137971684614 tkColOcp=0.010254011998222949
-----
meanST=0.3725254559426252 stDevST=0.37391548765071453

Steady State Statistics: numBatchesST=694 batchSizeST=400 stDevStdStateMeanST=0.018815785289609654
95% c.i. = 0.3725063910682403 +/- 0.0013998796633581754



REPORT for Depository of Queueing Place : W/loginAction----------------------------------------

tkOcp=0.0

------------------ Color = loginAction --------------------
arrivCnt=277800 deptCnt=277800
arrivThrPut=0.027807866030180994 deptThrPut=0.027807866030180994
meanTkPop=0.0 tkColOcp=0.0
-----
meanST=0.0 stDevST=0.0

Steady State Statistics: numBatchesST=1389 batchSizeST=200 stDevStdStateMeanST=0.0
95% c.i. = 0.0 +/- 0.0



REPORT for Queue : WebUI----------------------------------------

totArrivThrPut=0.1669267759272846 totDeptThrPut=0.1669267759272846
meanTotTkPop=0.04484815323823679 queueUtil=0.042348804376345014
meanST=0.2686696186942064



REPORT for Queue of Queueing Place : A/login_loginAction----------------------------------------

queueUtilQPl=0.006564368296695907

------------------ Color = loginAction --------------------
arrivCnt=277800 deptCnt=277800
arrivThrPut=0.027807866030180994 deptThrPut=0.027807866030180994
meanTkPop=0.006610603157204103 tkColOcp=0.006564368296695907
-----
meanST=0.2377242162354116 stDevST=0.2630132633408543

Steady State Statistics: numBatchesST=694 batchSizeST=400 stDevStdStateMeanST=0.01358569929593981
95% c.i. = 0.23770123680446195 +/- 0.001010765368766608



REPORT for Depository of Queueing Place : A/login_loginAction----------------------------------------

tkOcp=0.0

------------------ Color = loginAction --------------------
arrivCnt=277800 deptCnt=277800
arrivThrPut=0.027807866030180994 deptThrPut=0.027807866030180994
meanTkPop=0.0 tkColOcp=0.0
-----
meanST=0.0 stDevST=0.0

Steady State Statistics: numBatchesST=1389 batchSizeST=200 stDevStdStateMeanST=0.0
95% c.i. = 0.0 +/- 0.0



REPORT for Queue : Auth----------------------------------------

totArrivThrPut=0.16692677592728464 totDeptThrPut=0.16692677592728464
meanTotTkPop=0.06136505087469309 queueUtil=0.056746787565291584
meanST=0.36761658238355044



REPORT for Queue of Queueing Place : W/logout----------------------------------------

queueUtilQPl=0.011996359290310558

------------------ Color = logout --------------------
arrivCnt=277541 deptCnt=277541
arrivThrPut=0.027781940049972868 deptThrPut=0.027781940049972868
meanTkPop=0.01214138501551295 tkColOcp=0.011996359290310558
-----
meanST=0.43702437603974337 stDevST=0.43416779959966517

Steady State Statistics: numBatchesST=693 batchSizeST=400 stDevStdStateMeanST=0.022298520681895282
95% c.i. = 0.43702781539816543 +/- 0.0016601889768666053



REPORT for Depository of Queueing Place : W/logout----------------------------------------

tkOcp=0.0

------------------ Color = logout --------------------
arrivCnt=277541 deptCnt=277541
arrivThrPut=0.027781940049972868 deptThrPut=0.027781940049972868
meanTkPop=0.0 tkColOcp=0.0
-----
meanST=0.0 stDevST=0.0

Steady State Statistics: numBatchesST=1387 batchSizeST=200 stDevStdStateMeanST=0.0
95% c.i. = 0.0 +/- 0.0



REPORT for Queue : WebUI----------------------------------------

totArrivThrPut=0.1669267759272846 totDeptThrPut=0.1669267759272846
meanTotTkPop=0.04484815323823679 queueUtil=0.042348804376345014
meanST=0.2686696186942064



REPORT for Queue of Queueing Place : A/logout_logout----------------------------------------

queueUtilQPl=0.012576368408625117

------------------ Color = logout --------------------
arrivCnt=277541 deptCnt=277541
arrivThrPut=0.027781940049972868 deptThrPut=0.027781940049972868
meanTkPop=0.012741355713036941 tkColOcp=0.012576368408625117
-----
meanST=0.4586200852106937 stDevST=0.4597526214033922

Steady State Statistics: numBatchesST=693 batchSizeST=400 stDevStdStateMeanST=0.023220712402123474
95% c.i. = 0.4585916126815801 +/- 0.0017288488018981183



REPORT for Depository of Queueing Place : A/logout_logout----------------------------------------

tkOcp=0.0

------------------ Color = logout --------------------
arrivCnt=277541 deptCnt=277541
arrivThrPut=0.027781940049972868 deptThrPut=0.027781940049972868
meanTkPop=0.0 tkColOcp=0.0
-----
meanST=0.0 stDevST=0.0

Steady State Statistics: numBatchesST=1387 batchSizeST=200 stDevStdStateMeanST=0.0
95% c.i. = 0.0 +/- 0.0



REPORT for Queue : Auth----------------------------------------

totArrivThrPut=0.16692677592728464 totDeptThrPut=0.16692677592728464
meanTotTkPop=0.06136505087469309 queueUtil=0.056746787565291584
meanST=0.36761658238355044



REPORT for Queue of Queueing Place : P/getUser_loginAction----------------------------------------

queueUtilQPl=0.0030087971403910682

------------------ Color = loginAction --------------------
arrivCnt=277800 deptCnt=277800
arrivThrPut=0.027807866030180994 deptThrPut=0.027807866030180994
meanTkPop=0.0030209716275900727 tkColOcp=0.0030087971403910682
-----
meanST=0.10863730515355946 stDevST=0.1373254411221032

Steady State Statistics: numBatchesST=694 batchSizeST=400 stDevStdStateMeanST=0.007305033127834351
95% c.i. = 0.10863665467997628 +/- 5.434887334444716E-4



REPORT for Depository of Queueing Place : P/getUser_loginAction----------------------------------------

tkOcp=0.0

------------------ Color = loginAction --------------------
arrivCnt=277800 deptCnt=277800
arrivThrPut=0.027807866030180994 deptThrPut=0.027807866030180994
meanTkPop=0.0 tkColOcp=0.0
-----
meanST=0.0 stDevST=0.0

Steady State Statistics: numBatchesST=1389 batchSizeST=200 stDevStdStateMeanST=0.0
95% c.i. = 0.0 +/- 0.0



REPORT for Queue : Persistence----------------------------------------

totArrivThrPut=0.16692677592728464 totDeptThrPut=0.16692677592728464
meanTotTkPop=0.04030282030633349 queueUtil=0.037957956714665904
meanST=0.2414401169761398



REPORT for Queue of Queueing Place : W/category----------------------------------------

queueUtilQPl=0.00346769516752539

------------------ Color = category --------------------
arrivCnt=278902 deptCnt=278902
arrivThrPut=0.027918176571452624 deptThrPut=0.027918176571452624
meanTkPop=0.003483002804935133 tkColOcp=0.00346769516752539
-----
meanST=0.12475753192623021 stDevST=0.15360252739329747

Steady State Statistics: numBatchesST=697 batchSizeST=400 stDevStdStateMeanST=0.007652804408458576
95% c.i. = 0.12475937301189843 +/- 5.681360083869887E-4



REPORT for Depository of Queueing Place : W/category----------------------------------------

tkOcp=0.0

------------------ Color = category --------------------
arrivCnt=278902 deptCnt=278902
arrivThrPut=0.027918176571452624 deptThrPut=0.027918176571452624
meanTkPop=0.0 tkColOcp=0.0
-----
meanST=0.0 stDevST=0.0

Steady State Statistics: numBatchesST=1394 batchSizeST=200 stDevStdStateMeanST=0.0
95% c.i. = 0.0 +/- 0.0



REPORT for Queue : WebUI----------------------------------------

totArrivThrPut=0.1669267759272846 totDeptThrPut=0.1669267759272846
meanTotTkPop=0.04484815323823679 queueUtil=0.042348804376345014
meanST=0.2686696186942064



REPORT for Queue of Queueing Place : W/product----------------------------------------

queueUtilQPl=0.0034497806337625667

------------------ Color = product --------------------
arrivCnt=278242 deptCnt=278242
arrivThrPut=0.027852110367061266 deptThrPut=0.027852110367061266
meanTkPop=0.0034656095442046637 tkColOcp=0.0034497806337625667
-----
meanST=0.124428974987231 stDevST=0.15492034897590426

Steady State Statistics: numBatchesST=347 batchSizeST=800 stDevStdStateMeanST=0.0054027963370226135
95% c.i. = 0.12442763687851033 +/- 5.684626697543166E-4



REPORT for Depository of Queueing Place : W/product----------------------------------------

tkOcp=0.0

------------------ Color = product --------------------
arrivCnt=278242 deptCnt=278242
arrivThrPut=0.027852110367061266 deptThrPut=0.027852110367061266
meanTkPop=0.0 tkColOcp=0.0
-----
meanST=0.0 stDevST=0.0

Steady State Statistics: numBatchesST=1391 batchSizeST=200 stDevStdStateMeanST=0.0
95% c.i. = 0.0 +/- 0.0



REPORT for Queue : WebUI----------------------------------------

totArrivThrPut=0.1669267759272846 totDeptThrPut=0.1669267759272846
meanTotTkPop=0.04484815323823679 queueUtil=0.042348804376345014
meanST=0.2686696186942064



REPORT for Queue of Queueing Place : P/category_category----------------------------------------

queueUtilQPl=0.005837067871394067

------------------ Color = category --------------------
arrivCnt=278902 deptCnt=278902
arrivThrPut=0.027918176571452624 deptThrPut=0.027918176571452624
meanTkPop=0.005877288709010859 tkColOcp=0.005837067871394067
-----
meanST=0.21051835867463511 stDevST=0.22466047650766557

Steady State Statistics: numBatchesST=697 batchSizeST=400 stDevStdStateMeanST=0.011628816233188826
95% c.i. = 0.21050477028485678 +/- 8.633108706773345E-4



REPORT for Depository of Queueing Place : P/category_category----------------------------------------

tkOcp=0.0

------------------ Color = category --------------------
arrivCnt=278902 deptCnt=278902
arrivThrPut=0.027918176571452624 deptThrPut=0.027918176571452624
meanTkPop=0.0 tkColOcp=0.0
-----
meanST=0.0 stDevST=0.0

Steady State Statistics: numBatchesST=1394 batchSizeST=200 stDevStdStateMeanST=0.0
95% c.i. = 0.0 +/- 0.0



REPORT for Queue : Persistence----------------------------------------

totArrivThrPut=0.16692677592728464 totDeptThrPut=0.16692677592728464
meanTotTkPop=0.04030282030633349 queueUtil=0.037957956714665904
meanST=0.2414401169761398



REPORT for Queue of Queueing Place : P/getProduct_product----------------------------------------

queueUtilQPl=0.0037093577884689016

------------------ Color = product --------------------
arrivCnt=278242 deptCnt=278242
arrivThrPut=0.027852110367061266 deptThrPut=0.027852110367061266
meanTkPop=0.0037284264171295154 tkColOcp=0.0037093577884689016
-----
meanST=0.13386513151042456 stDevST=0.16246003595526

Steady State Statistics: numBatchesST=695 batchSizeST=400 stDevStdStateMeanST=0.008613657985790182
95% c.i. = 0.1338675787144178 +/- 6.40388187483172E-4



REPORT for Depository of Queueing Place : P/getProduct_product----------------------------------------

tkOcp=0.0

------------------ Color = product --------------------
arrivCnt=278242 deptCnt=278242
arrivThrPut=0.027852110367061266 deptThrPut=0.027852110367061266
meanTkPop=0.0 tkColOcp=0.0
-----
meanST=0.0 stDevST=0.0

Steady State Statistics: numBatchesST=1391 batchSizeST=200 stDevStdStateMeanST=0.0
95% c.i. = 0.0 +/- 0.0



REPORT for Queue : Persistence----------------------------------------

totArrivThrPut=0.16692677592728464 totDeptThrPut=0.16692677592728464
meanTotTkPop=0.04030282030633349 queueUtil=0.037957956714665904
meanST=0.2414401169761398



REPORT for Queue of Queueing Place : R/getAds_product----------------------------------------

queueUtilQPl=0.011757583282182644

------------------ Color = product --------------------
arrivCnt=278242 deptCnt=278242
arrivThrPut=0.027852110367061266 deptThrPut=0.027852110367061266
meanTkPop=0.011906175797973012 tkColOcp=0.011757583282182644
-----
meanST=0.42747840795768244 stDevST=0.42683421373839886

Steady State Statistics: numBatchesST=695 batchSizeST=400 stDevStdStateMeanST=0.023204404939244173
95% c.i. = 0.427467913374022 +/- 0.0017251470682005448



REPORT for Depository of Queueing Place : R/getAds_product----------------------------------------

tkOcp=0.0

------------------ Color = product --------------------
arrivCnt=278242 deptCnt=278242
arrivThrPut=0.027852110367061266 deptThrPut=0.027852110367061266
meanTkPop=0.0 tkColOcp=0.0
-----
meanST=0.0 stDevST=0.0

Steady State Statistics: numBatchesST=1391 batchSizeST=200 stDevStdStateMeanST=0.0
95% c.i. = 0.0 +/- 0.0



REPORT for Queue : Recommender----------------------------------------

totArrivThrPut=0.027852110367061266 totDeptThrPut=0.027852110367061266
meanTotTkPop=0.011906175797973012 queueUtil=0.011757583282182644
meanST=0.42747840795768244



REPORT for Queue of Queueing Place : I/productImages_category----------------------------------------

queueUtilQPl=0.007990041399673018

------------------ Color = category --------------------
arrivCnt=278902 deptCnt=278902
arrivThrPut=0.027918176571452624 deptThrPut=0.027918176571452624
meanTkPop=0.00810556311180267 tkColOcp=0.007990041399673018
-----
meanST=0.2903328263956504 stDevST=0.4576301659755686

Steady State Statistics: numBatchesST=348 batchSizeST=800 stDevStdStateMeanST=0.0171787919717497
95% c.i. = 0.290325511086291 +/- 0.0018048914583022808



REPORT for Depository of Queueing Place : I/productImages_category----------------------------------------

tkOcp=0.0

------------------ Color = category --------------------
arrivCnt=278902 deptCnt=278902
arrivThrPut=0.027918176571452624 deptThrPut=0.027918176571452624
meanTkPop=0.0 tkColOcp=0.0
-----
meanST=0.0 stDevST=0.0

Steady State Statistics: numBatchesST=1394 batchSizeST=200 stDevStdStateMeanST=0.0
95% c.i. = 0.0 +/- 0.0



REPORT for Queue : ImageProvider----------------------------------------

totArrivThrPut=0.16692677592728464 totDeptThrPut=0.16692677592728464
meanTotTkPop=0.11205126091324014 queueUtil=0.0973731903182672
meanST=0.6712599598883466



REPORT for Queue of Queueing Place : I/product_product----------------------------------------

queueUtilQPl=0.014677872397329598

------------------ Color = product --------------------
arrivCnt=278242 deptCnt=278242
arrivThrPut=0.027852110367061266 deptThrPut=0.027852110367061266
meanTkPop=0.014945896392938912 tkColOcp=0.014677872397329598
-----
meanST=0.536616299302561 stDevST=0.6051445764697088

Steady State Statistics: numBatchesST=695 batchSizeST=400 stDevStdStateMeanST=0.0314902718209872
95% c.i. = 0.5366033086178242 +/- 0.002341165405924165



REPORT for Depository of Queueing Place : I/product_product----------------------------------------

tkOcp=0.0

------------------ Color = product --------------------
arrivCnt=278242 deptCnt=278242
arrivThrPut=0.027852110367061266 deptThrPut=0.027852110367061266
meanTkPop=0.0 tkColOcp=0.0
-----
meanST=0.0 stDevST=0.0

Steady State Statistics: numBatchesST=1391 batchSizeST=200 stDevStdStateMeanST=0.0
95% c.i. = 0.0 +/- 0.0



REPORT for Queue : ImageProvider----------------------------------------

totArrivThrPut=0.16692677592728464 totDeptThrPut=0.16692677592728464
meanTotTkPop=0.11205126091324014 queueUtil=0.0973731903182672
meanST=0.6712599598883466



REPORT for Queue of Queueing Place : Workload----------------------------------------

queueUtilQPl=0.9999999999999998

------------------ Color = workload --------------------
arrivCnt=1667595 deptCnt=1667595
arrivThrPut=0.16692677592728464 deptThrPut=0.16692677592728464
meanTkPop=0.9999999999999998 tkColOcp=0.9999999999999998
-----
meanST=5.9906506577207965 stDevST=5.993867278555884

Steady State Statistics: numBatchesST=4168 batchSizeST=400 stDevStdStateMeanST=0.30477684308563324
95% c.i. = 5.9906826388890675 +/- 0.009252651442846692



REPORT for Depository of Queueing Place : Workload----------------------------------------

tkOcp=0.0

------------------ Color = workload --------------------
arrivCnt=1667595 deptCnt=1667595
arrivThrPut=0.16692677592728464 deptThrPut=0.16692677592728464
meanTkPop=0.0 tkColOcp=0.0
-----
meanST=0.0 stDevST=0.0

Steady State Statistics: numBatchesST=8337 batchSizeST=200 stDevStdStateMeanST=0.0
95% c.i. = 0.0 +/- 0.0



REPORT for Queue : Workload----------------------------------------

totArrivThrPut=0.16692677592728464 totDeptThrPut=0.16692677592728464
meanTotTkPop=0.9999999999999998 queueUtil=0.9999999999999998
meanST=5.9906506577207965



REPORT for Queue of Queueing Place : I/icon_index----------------------------------------

queueUtilQPl=0.023321495121225663

------------------ Color = index --------------------
arrivCnt=277579 deptCnt=277579
arrivThrPut=0.027785743861740857 deptThrPut=0.027785743861740857
meanTkPop=0.023880481498267072 tkColOcp=0.023321495121225663
-----
meanST=0.8594508614595316 stDevST=0.8674320453155747

Steady State Statistics: numBatchesST=693 batchSizeST=400 stDevStdStateMeanST=0.046244235642099216
95% c.i. = 0.8593866647818758 +/- 0.0034430163037214275



REPORT for Depository of Queueing Place : I/icon_index----------------------------------------

tkOcp=0.0

------------------ Color = index --------------------
arrivCnt=277579 deptCnt=277579
arrivThrPut=0.027785743861740857 deptThrPut=0.027785743861740857
meanTkPop=0.0 tkColOcp=0.0
-----
meanST=0.0 stDevST=0.0

Steady State Statistics: numBatchesST=1387 batchSizeST=200 stDevStdStateMeanST=0.0
95% c.i. = 0.0 +/- 0.0



REPORT for Queue : ImageProvider----------------------------------------

totArrivThrPut=0.16692677592728464 totDeptThrPut=0.16692677592728464
meanTotTkPop=0.11205126091324014 queueUtil=0.0973731903182672
meanST=0.6712599598883466



REPORT for Queue of Queueing Place : P/categories_login----------------------------------------

queueUtilQPl=0.012463413198491867

------------------ Color = login --------------------
arrivCnt=277531 deptCnt=277531
arrivThrPut=0.027780939046876032 deptThrPut=0.027780939046876032
meanTkPop=0.012623439481029756 tkColOcp=0.012463413198491867
-----
meanST=0.4543921089107052 stDevST=0.45293970387363025

Steady State Statistics: numBatchesST=693 batchSizeST=400 stDevStdStateMeanST=0.023560666710476474
95% c.i. = 0.45445210564469213 +/- 0.00175415937758237



REPORT for Depository of Queueing Place : P/categories_login----------------------------------------

tkOcp=0.0

------------------ Color = login --------------------
arrivCnt=277531 deptCnt=277531
arrivThrPut=0.027780939046876032 deptThrPut=0.027780939046876032
meanTkPop=0.0 tkColOcp=0.0
-----
meanST=0.0 stDevST=0.0

Steady State Statistics: numBatchesST=1387 batchSizeST=200 stDevStdStateMeanST=0.0
95% c.i. = 0.0 +/- 0.0



REPORT for Queue : Persistence----------------------------------------

totArrivThrPut=0.16692677592728464 totDeptThrPut=0.16692677592728464
meanTotTkPop=0.04030282030633349 queueUtil=0.037957956714665904
meanST=0.2414401169761398



REPORT for Queue of Queueing Place : I/icon_login----------------------------------------

queueUtilQPl=0.027560853270541686

------------------ Color = login --------------------
arrivCnt=277531 deptCnt=277531
arrivThrPut=0.027780939046876032 deptThrPut=0.027780939046876032
meanTkPop=0.02833005067328027 tkColOcp=0.027560853270541686
-----
meanST=1.0197657690936113 stDevST=1.0146588089373278

Steady State Statistics: numBatchesST=693 batchSizeST=400 stDevStdStateMeanST=0.05435921417072211
95% c.i. = 1.0196923392555515 +/- 0.0040471997871427065



REPORT for Depository of Queueing Place : I/icon_login----------------------------------------

tkOcp=0.0

------------------ Color = login --------------------
arrivCnt=277531 deptCnt=277531
arrivThrPut=0.027780939046876032 deptThrPut=0.027780939046876032
meanTkPop=0.0 tkColOcp=0.0
-----
meanST=0.0 stDevST=0.0

Steady State Statistics: numBatchesST=1387 batchSizeST=200 stDevStdStateMeanST=0.0
95% c.i. = 0.0 +/- 0.0



REPORT for Queue : ImageProvider----------------------------------------

totArrivThrPut=0.16692677592728464 totDeptThrPut=0.16692677592728464
meanTotTkPop=0.11205126091324014 queueUtil=0.0973731903182672
meanST=0.6712599598883466



REPORT for Queue of Queueing Place : A/isLoggedIn_login----------------------------------------

queueUtilQPl=0.016710476498940363

------------------ Color = login --------------------
arrivCnt=277531 deptCnt=277531
arrivThrPut=0.027780939046876032 deptThrPut=0.027780939046876032
meanTkPop=0.01697116885644 tkColOcp=0.016710476498940363
-----
meanST=0.6108925557845176 stDevST=0.6064202873788889

Steady State Statistics: numBatchesST=693 batchSizeST=400 stDevStdStateMeanST=0.03132542633515323
95% c.i. = 0.6108069905323797 +/- 0.002332268056665002



REPORT for Depository of Queueing Place : A/isLoggedIn_login----------------------------------------

tkOcp=0.0

------------------ Color = login --------------------
arrivCnt=277531 deptCnt=277531
arrivThrPut=0.027780939046876032 deptThrPut=0.027780939046876032
meanTkPop=0.0 tkColOcp=0.0
-----
meanST=0.0 stDevST=0.0

Steady State Statistics: numBatchesST=1387 batchSizeST=200 stDevStdStateMeanST=0.0
95% c.i. = 0.0 +/- 0.0



REPORT for Queue : Auth----------------------------------------

totArrivThrPut=0.16692677592728464 totDeptThrPut=0.16692677592728464
meanTotTkPop=0.06136505087469309 queueUtil=0.056746787565291584
meanST=0.36761658238355044



REPORT for Queue of Queueing Place : A/isLoggedIn_category----------------------------------------

queueUtilQPl=0.01303596390397872

------------------ Color = category --------------------
arrivCnt=278902 deptCnt=278902
arrivThrPut=0.027918176571452624 deptThrPut=0.027918176571452624
meanTkPop=0.013236529465975729 tkColOcp=0.01303596390397872
-----
meanST=0.47411869582881616 stDevST=0.4782307386369438

Steady State Statistics: numBatchesST=697 batchSizeST=400 stDevStdStateMeanST=0.0250716936551775
95% c.i. = 0.474098037505417 +/- 0.001861295702397676



REPORT for Depository of Queueing Place : A/isLoggedIn_category----------------------------------------

tkOcp=0.0

------------------ Color = category --------------------
arrivCnt=278902 deptCnt=278902
arrivThrPut=0.027918176571452624 deptThrPut=0.027918176571452624
meanTkPop=0.0 tkColOcp=0.0
-----
meanST=0.0 stDevST=0.0

Steady State Statistics: numBatchesST=1394 batchSizeST=200 stDevStdStateMeanST=0.0
95% c.i. = 0.0 +/- 0.0



REPORT for Queue : Auth----------------------------------------

totArrivThrPut=0.16692677592728464 totDeptThrPut=0.16692677592728464
meanTotTkPop=0.06136505087469309 queueUtil=0.056746787565291584
meanST=0.36761658238355044



REPORT for Queue of Queueing Place : I/icon_logout----------------------------------------

queueUtilQPl=0.007582312545428435

------------------ Color = logout --------------------
arrivCnt=277541 deptCnt=277541
arrivThrPut=0.027781940049972868 deptThrPut=0.027781940049972868
meanTkPop=0.007691164580846325 tkColOcp=0.007582312545428435
-----
meanST=0.27684044264050006 stDevST=0.4366942917036426

Steady State Statistics: numBatchesST=693 batchSizeST=400 stDevStdStateMeanST=0.022359859849084292
95% c.i. = 0.2768216838171558 +/- 0.0016647558542245305



REPORT for Depository of Queueing Place : I/icon_logout----------------------------------------

tkOcp=0.0

------------------ Color = logout --------------------
arrivCnt=277541 deptCnt=277541
arrivThrPut=0.027781940049972868 deptThrPut=0.027781940049972868
meanTkPop=0.0 tkColOcp=0.0
-----
meanST=0.0 stDevST=0.0

Steady State Statistics: numBatchesST=1387 batchSizeST=200 stDevStdStateMeanST=0.0
95% c.i. = 0.0 +/- 0.0



REPORT for Queue : ImageProvider----------------------------------------

totArrivThrPut=0.16692677592728464 totDeptThrPut=0.16692677592728464
meanTotTkPop=0.11205126091324014 queueUtil=0.0973731903182672
meanST=0.6712599598883466



REPORT for Queue of Queueing Place : I/icon_loginAction----------------------------------------

queueUtilQPl=0.02826791746171632

------------------ Color = loginAction --------------------
arrivCnt=277800 deptCnt=277800
arrivThrPut=0.027807866030180994 deptThrPut=0.027807866030180994
meanTkPop=0.02909810465610488 tkColOcp=0.02826791746171632
-----
meanST=1.046398332922186 stDevST=1.035333475155096

Steady State Statistics: numBatchesST=694 batchSizeST=400 stDevStdStateMeanST=0.054798320584443144
95% c.i. = 1.0464110180358577 +/- 0.0040769520586900285



REPORT for Depository of Queueing Place : I/icon_loginAction----------------------------------------

tkOcp=0.0

------------------ Color = loginAction --------------------
arrivCnt=277800 deptCnt=277800
arrivThrPut=0.027807866030180994 deptThrPut=0.027807866030180994
meanTkPop=0.0 tkColOcp=0.0
-----
meanST=0.0 stDevST=0.0

Steady State Statistics: numBatchesST=1389 batchSizeST=200 stDevStdStateMeanST=0.0
95% c.i. = 0.0 +/- 0.0



REPORT for Queue : ImageProvider----------------------------------------

totArrivThrPut=0.16692677592728464 totDeptThrPut=0.16692677592728464
meanTotTkPop=0.11205126091324014 queueUtil=0.0973731903182672
meanST=0.6712599598883466



REPORT for Queue of Queueing Place : A/isLoggedIn_product----------------------------------------

queueUtilQPl=0.007139823294181539

------------------ Color = product --------------------
arrivCnt=278242 deptCnt=278242
arrivThrPut=0.027852110367061266 deptThrPut=0.027852110367061266
meanTkPop=0.007212536781428904 tkColOcp=0.007139823294181539
-----
meanST=0.25895835850049853 stDevST=0.29044891274464263

Steady State Statistics: numBatchesST=695 batchSizeST=400 stDevStdStateMeanST=0.014964275559578317
95% c.i. = 0.2589769148839218 +/- 0.001112529115784017



REPORT for Depository of Queueing Place : A/isLoggedIn_product----------------------------------------

tkOcp=0.0

------------------ Color = product --------------------
arrivCnt=278242 deptCnt=278242
arrivThrPut=0.027852110367061266 deptThrPut=0.027852110367061266
meanTkPop=0.0 tkColOcp=0.0
-----
meanST=0.0 stDevST=0.0

Steady State Statistics: numBatchesST=1391 batchSizeST=200 stDevStdStateMeanST=0.0
95% c.i. = 0.0 +/- 0.0



REPORT for Queue : Auth----------------------------------------

totArrivThrPut=0.16692677592728464 totDeptThrPut=0.16692677592728464
meanTotTkPop=0.06136505087469309 queueUtil=0.056746787565291584
meanST=0.36761658238355044



REPORT for Queue of Queueing Place : P/category_logout----------------------------------------

queueUtilQPl=0.003407035926508461

------------------ Color = logout --------------------
arrivCnt=277541 deptCnt=277541
arrivThrPut=0.027781940049972868 deptThrPut=0.027781940049972868
meanTkPop=0.0034224175730261275 tkColOcp=0.003407035926508461
-----
meanST=0.12318857383141858 stDevST=0.1494668806159864

Steady State Statistics: numBatchesST=693 batchSizeST=400 stDevStdStateMeanST=0.007585934053566341
95% c.i. = 0.12319101627290471 +/- 5.647946011590486E-4



REPORT for Depository of Queueing Place : P/category_logout----------------------------------------

tkOcp=0.0

------------------ Color = logout --------------------
arrivCnt=277541 deptCnt=277541
arrivThrPut=0.027781940049972868 deptThrPut=0.027781940049972868
meanTkPop=0.0 tkColOcp=0.0
-----
meanST=0.0 stDevST=0.0

Steady State Statistics: numBatchesST=1387 batchSizeST=200 stDevStdStateMeanST=0.0
95% c.i. = 0.0 +/- 0.0



REPORT for Queue : Persistence----------------------------------------

totArrivThrPut=0.16692677592728464 totDeptThrPut=0.16692677592728464
meanTotTkPop=0.04030282030633349 queueUtil=0.037957956714665904
meanST=0.2414401169761398



REPORT for Ordinary Place : Finish_index----------------------------------------

tkOcp=0.9999999999999998

------------------ Color = index --------------------
arrivCnt=277579 deptCnt=0
arrivThrPut=0.027785743861740857 deptThrPut=0.0
meanTkPop=138908.6179069684 tkColOcp=0.9999999999999998
-----
meanST=NaN stDevST=NaN

Steady State Statistics: Only 0 batches collected!
Need at least 60 for steady state statistics.



REPORT for Ordinary Place : Finish_login----------------------------------------

tkOcp=0.9999999999999998

------------------ Color = login --------------------
arrivCnt=277531 deptCnt=0
arrivThrPut=0.027780939046876032 deptThrPut=0.0
meanTkPop=138962.2845217613 tkColOcp=0.9999999999999998
-----
meanST=NaN stDevST=NaN

Steady State Statistics: Only 0 batches collected!
Need at least 60 for steady state statistics.



REPORT for Ordinary Place : Finish_loginAction----------------------------------------

tkOcp=1.0

------------------ Color = loginAction --------------------
arrivCnt=277800 deptCnt=0
arrivThrPut=0.027807866030180994 deptThrPut=0.0
meanTkPop=139206.89930381515 tkColOcp=1.0
-----
meanST=NaN stDevST=NaN

Steady State Statistics: Only 0 batches collected!
Need at least 60 for steady state statistics.



REPORT for Ordinary Place : Finish_category----------------------------------------

tkOcp=1.0

------------------ Color = category --------------------
arrivCnt=278902 deptCnt=0
arrivThrPut=0.027918176571452624 deptThrPut=0.0
meanTkPop=139768.70619592565 tkColOcp=1.0
-----
meanST=NaN stDevST=NaN

Steady State Statistics: Only 0 batches collected!
Need at least 60 for steady state statistics.



REPORT for Ordinary Place : Finish_product----------------------------------------

tkOcp=0.9999999999999998

------------------ Color = product --------------------
arrivCnt=278242 deptCnt=0
arrivThrPut=0.027852110367061266 deptThrPut=0.0
meanTkPop=139679.95311691874 tkColOcp=0.9999999999999998
-----
meanST=NaN stDevST=NaN

Steady State Statistics: Only 0 batches collected!
Need at least 60 for steady state statistics.



REPORT for Ordinary Place : Finish_logout----------------------------------------

tkOcp=0.9999999999999998

------------------ Color = logout --------------------
arrivCnt=277541 deptCnt=0
arrivThrPut=0.027781940049972868 deptThrPut=0.0
meanTkPop=139133.07309115335 tkColOcp=0.9999999999999998
-----
meanST=NaN stDevST=NaN

Steady State Statistics: Only 0 batches collected!
Need at least 60 for steady state statistics.



REPORT REPORT for Probe : /index----------------------------------------


------------------ Color = index --------------------
-----
meanST=1.5614579280282963 stDevST=1.0060948691008462

Steady State Statistics: numBatchesST=693 batchSizeST=400 stDevStdStateMeanST=0.05247531017122849
95% c.i. = 1.5613991236476998 +/- 0.003906937717830923



REPORT REPORT for Probe : /login----------------------------------------


------------------ Color = login --------------------
-----
meanST=2.5211898580105196 stDevST=1.3328442819676674

Steady State Statistics: numBatchesST=693 batchSizeST=400 stDevStdStateMeanST=0.07153755816486226
95% c.i. = 2.521088145774481 +/- 0.005326176888213346



REPORT REPORT for Probe : /loginAction----------------------------------------


------------------ Color = loginAction --------------------
-----
meanST=1.7652853102537822 stDevST=1.1488788911593122

Steady State Statistics: numBatchesST=694 batchSizeST=400 stDevStdStateMeanST=0.0600716884203157
95% c.i. = 1.7652553005885343 +/- 0.0044692864883841



REPORT REPORT for Probe : /logout----------------------------------------


------------------ Color = logout --------------------
-----
meanST=1.2956734777223557 stDevST=0.7911220338060739

Steady State Statistics: numBatchesST=693 batchSizeST=400 stDevStdStateMeanST=0.04082848840938705
95% c.i. = 1.295632128169806 +/- 0.003039798351037028



REPORT REPORT for Probe : /category----------------------------------------


------------------ Color = category --------------------
-----
meanST=1.099727412825332 stDevST=0.7615251730971548

Steady State Statistics: numBatchesST=697 batchSizeST=400 stDevStdStateMeanST=0.04048214094808567
95% c.i. = 1.099693279606384 +/- 0.0030053508154192304



REPORT REPORT for Probe : /product----------------------------------------


------------------ Color = product --------------------
-----
meanST=1.4813471722583977 stDevST=0.8517410475461744

Steady State Statistics: numBatchesST=695 batchSizeST=400 stDevStdStateMeanST=0.044946371078614905
95% c.i. = 1.481347720022543 +/- 0.0033415681417190393



