INFO Logging to /home/yjx/workloadConfig/qpme/output/SimQPN_Output_config_2025-08-14_101648423.log
WARN Batch means correlation test was run for depository of place Workload, color 0
    However, the standard deviation of the token residence time is 0 and therefore the result of the test is ignored!
    In future runs, you should set numBMeansCorlTested to 0 to switch off the correlation test!
WARN Batch means correlation test was run for depository of place W/logout, color 0
    However, the standard deviation of the token residence time is 0 and therefore the result of the test is ignored!
    In future runs, you should set numBMeansCorlTested to 0 to switch off the correlation test!
WARN Batch means correlation test was run for depository of place A/logout_logout, color 0
    However, the standard deviation of the token residence time is 0 and therefore the result of the test is ignored!
    In future runs, you should set numBMeansCorlTested to 0 to switch off the correlation test!
WARN Batch means correlation test was run for depository of place P/category_logout, color 0
    However, the standard deviation of the token residence time is 0 and therefore the result of the test is ignored!
    In future runs, you should set numBMeansCorlTested to 0 to switch off the correlation test!
WARN Batch means correlation test was run for depository of place I/icon_logout, color 0
    However, the standard deviation of the token residence time is 0 and therefore the result of the test is ignored!
    In future runs, you should set numBMeansCorlTested to 0 to switch off the correlation test!
WARN Batch means correlation test was run for depository of place W/product, color 0
    However, the standard deviation of the token residence time is 0 and therefore the result of the test is ignored!
    In future runs, you should set numBMeansCorlTested to 0 to switch off the correlation test!
WARN Batch means correlation test was run for depository of place P/getProduct_product, color 0
    However, the standard deviation of the token residence time is 0 and therefore the result of the test is ignored!
    In future runs, you should set numBMeansCorlTested to 0 to switch off the correlation test!
WARN Batch means correlation test was run for depository of place R/getAds_product, color 0
    However, the standard deviation of the token residence time is 0 and therefore the result of the test is ignored!
    In future runs, you should set numBMeansCorlTested to 0 to switch off the correlation test!
WARN Batch means correlation test was run for depository of place I/product_product, color 0
    However, the standard deviation of the token residence time is 0 and therefore the result of the test is ignored!
    In future runs, you should set numBMeansCorlTested to 0 to switch off the correlation test!
WARN Batch means correlation test was run for depository of place A/isLoggedIn_product, color 0
    However, the standard deviation of the token residence time is 0 and therefore the result of the test is ignored!
    In future runs, you should set numBMeansCorlTested to 0 to switch off the correlation test!
WARN Batch means correlation test was run for depository of place W/category, color 0
    However, the standard deviation of the token residence time is 0 and therefore the result of the test is ignored!
    In future runs, you should set numBMeansCorlTested to 0 to switch off the correlation test!
WARN Batch means correlation test was run for depository of place P/category_category, color 0
    However, the standard deviation of the token residence time is 0 and therefore the result of the test is ignored!
    In future runs, you should set numBMeansCorlTested to 0 to switch off the correlation test!
WARN Batch means correlation test was run for depository of place I/productImages_category, color 0
    However, the standard deviation of the token residence time is 0 and therefore the result of the test is ignored!
    In future runs, you should set numBMeansCorlTested to 0 to switch off the correlation test!
WARN Batch means correlation test was run for depository of place A/isLoggedIn_category, color 0
    However, the standard deviation of the token residence time is 0 and therefore the result of the test is ignored!
    In future runs, you should set numBMeansCorlTested to 0 to switch off the correlation test!
WARN Batch means correlation test was run for depository of place W/index, color 0
    However, the standard deviation of the token residence time is 0 and therefore the result of the test is ignored!
    In future runs, you should set numBMeansCorlTested to 0 to switch off the correlation test!
WARN Batch means correlation test was run for depository of place P/categories_index, color 0
    However, the standard deviation of the token residence time is 0 and therefore the result of the test is ignored!
    In future runs, you should set numBMeansCorlTested to 0 to switch off the correlation test!
WARN Batch means correlation test was run for depository of place A/isLoggedIn_index, color 0
    However, the standard deviation of the token residence time is 0 and therefore the result of the test is ignored!
    In future runs, you should set numBMeansCorlTested to 0 to switch off the correlation test!
WARN Batch means correlation test was run for depository of place I/icon_index, color 0
    However, the standard deviation of the token residence time is 0 and therefore the result of the test is ignored!
    In future runs, you should set numBMeansCorlTested to 0 to switch off the correlation test!
WARN Batch means correlation test was run for depository of place W/login, color 0
    However, the standard deviation of the token residence time is 0 and therefore the result of the test is ignored!
    In future runs, you should set numBMeansCorlTested to 0 to switch off the correlation test!
WARN Batch means correlation test was run for depository of place P/categories_login, color 0
    However, the standard deviation of the token residence time is 0 and therefore the result of the test is ignored!
    In future runs, you should set numBMeansCorlTested to 0 to switch off the correlation test!
WARN Batch means correlation test was run for depository of place I/icon_login, color 0
    However, the standard deviation of the token residence time is 0 and therefore the result of the test is ignored!
    In future runs, you should set numBMeansCorlTested to 0 to switch off the correlation test!
WARN Batch means correlation test was run for depository of place A/isLoggedIn_login, color 0
    However, the standard deviation of the token residence time is 0 and therefore the result of the test is ignored!
    In future runs, you should set numBMeansCorlTested to 0 to switch off the correlation test!
WARN Batch means correlation test was run for depository of place P/getUser_loginAction, color 0
    However, the standard deviation of the token residence time is 0 and therefore the result of the test is ignored!
    In future runs, you should set numBMeansCorlTested to 0 to switch off the correlation test!
WARN Batch means correlation test was run for depository of place I/icon_loginAction, color 0
    However, the standard deviation of the token residence time is 0 and therefore the result of the test is ignored!
    In future runs, you should set numBMeansCorlTested to 0 to switch off the correlation test!
WARN Batch means correlation test was run for depository of place W/loginAction, color 0
    However, the standard deviation of the token residence time is 0 and therefore the result of the test is ignored!
    In future runs, you should set numBMeansCorlTested to 0 to switch off the correlation test!
WARN Batch means correlation test was run for depository of place A/login_loginAction, color 0
    However, the standard deviation of the token residence time is 0 and therefore the result of the test is ignored!
    In future runs, you should set numBMeansCorlTested to 0 to switch off the correlation test!
WARN LP-1 The simulation was stopped because of reaching max totalRunLen.
The required precision may not have been reached!
REPORT for Queue of Queueing Place : W/index----------------------------------------

queueUtilQPl=0.004031625813071382

------------------ Color = index --------------------
arrivCnt=277348 deptCnt=277348
arrivThrPut=0.027762561265908887 deptThrPut=0.027762561265908887
meanTkPop=0.004065685042201023 tkColOcp=0.004031625813071382
-----
meanST=0.14644488321016305 stDevST=0.24824739291608502

Steady State Statistics: numBatchesST=693 batchSizeST=400 stDevStdStateMeanST=0.012630105822919731
95% c.i. = 0.14643624506426914 +/- 9.403476922527329E-4



REPORT for Depository of Queueing Place : W/index----------------------------------------

tkOcp=0.0

------------------ Color = index --------------------
arrivCnt=277348 deptCnt=277348
arrivThrPut=0.027762561265908887 deptThrPut=0.027762561265908887
meanTkPop=0.0 tkColOcp=0.0
-----
meanST=0.0 stDevST=0.0

Steady State Statistics: numBatchesST=1386 batchSizeST=200 stDevStdStateMeanST=0.0
95% c.i. = 0.0 +/- 0.0



REPORT for Queue : WebUI----------------------------------------

totArrivThrPut=0.16645284507865327 totDeptThrPut=0.16645284507865327
meanTotTkPop=0.08090741401080791 queueUtil=0.07381609721530319
meanST=0.4860680751511161



REPORT for Queue of Queueing Place : P/categories_index----------------------------------------

queueUtilQPl=0.006415917509343767

------------------ Color = index --------------------
arrivCnt=277348 deptCnt=277348
arrivThrPut=0.027762561265908887 deptThrPut=0.027762561265908887
meanTkPop=0.006514651806713711 tkColOcp=0.006415917509343767
-----
meanST=0.2346560082953656 stDevST=0.42835882788859764

Steady State Statistics: numBatchesST=693 batchSizeST=400 stDevStdStateMeanST=0.023270980659989605
95% c.i. = 0.2346831538592355 +/- 0.001732591418226178



REPORT for Depository of Queueing Place : P/categories_index----------------------------------------

tkOcp=0.0

------------------ Color = index --------------------
arrivCnt=277348 deptCnt=277348
arrivThrPut=0.027762561265908887 deptThrPut=0.027762561265908887
meanTkPop=0.0 tkColOcp=0.0
-----
meanST=0.0 stDevST=0.0

Steady State Statistics: numBatchesST=1386 batchSizeST=200 stDevStdStateMeanST=0.0
95% c.i. = 0.0 +/- 0.0



REPORT for Queue : Persistence----------------------------------------

totArrivThrPut=0.16645284507865324 totDeptThrPut=0.16645284507865324
meanTotTkPop=0.08139422382068845 queueUtil=0.07018751207703045
meanST=0.48899268608011837



REPORT for Queue of Queueing Place : A/isLoggedIn_index----------------------------------------

queueUtilQPl=0.049115722349848887

------------------ Color = index --------------------
arrivCnt=277348 deptCnt=277348
arrivThrPut=0.027762561265908887 deptThrPut=0.027762561265908887
meanTkPop=0.051725425572979496 tkColOcp=0.049115722349848887
-----
meanST=1.8631359361103284 stDevST=1.8427377825860174

Steady State Statistics: numBatchesST=693 batchSizeST=400 stDevStdStateMeanST=0.10353923088956783
95% c.i. = 1.863133702107071 +/- 0.007708793432905726



REPORT for Depository of Queueing Place : A/isLoggedIn_index----------------------------------------

tkOcp=0.0

------------------ Color = index --------------------
arrivCnt=277348 deptCnt=277348
arrivThrPut=0.027762561265908887 deptThrPut=0.027762561265908887
meanTkPop=0.0 tkColOcp=0.0
-----
meanST=0.0 stDevST=0.0

Steady State Statistics: numBatchesST=1386 batchSizeST=200 stDevStdStateMeanST=0.0
95% c.i. = 0.0 +/- 0.0



REPORT for Queue : Auth----------------------------------------

totArrivThrPut=0.1664528450786532 totDeptThrPut=0.1664528450786532
meanTotTkPop=0.11688178864351728 queueUtil=0.0968649349250797
meanST=0.7021915941916623



REPORT for Queue of Queueing Place : W/login----------------------------------------

queueUtilQPl=0.013105318010355983

------------------ Color = login --------------------
arrivCnt=277156 deptCnt=277156
arrivThrPut=0.027743342047587303 deptThrPut=0.027743342047587303
meanTkPop=0.013287708426850724 tkColOcp=0.013105318010355983
-----
meanST=0.47895125266662986 stDevST=0.49376692777431785

Steady State Statistics: numBatchesST=692 batchSizeST=400 stDevStdStateMeanST=0.025482114042187486
95% c.i. = 0.47901398180762284 +/- 0.00189858698232309



REPORT for Depository of Queueing Place : W/login----------------------------------------

tkOcp=0.0

------------------ Color = login --------------------
arrivCnt=277156 deptCnt=277156
arrivThrPut=0.027743342047587303 deptThrPut=0.027743342047587303
meanTkPop=0.0 tkColOcp=0.0
-----
meanST=0.0 stDevST=0.0

Steady State Statistics: numBatchesST=1385 batchSizeST=200 stDevStdStateMeanST=0.0
95% c.i. = 0.0 +/- 0.0



REPORT for Queue : WebUI----------------------------------------

totArrivThrPut=0.16645284507865327 totDeptThrPut=0.16645284507865327
meanTotTkPop=0.08090741401080791 queueUtil=0.07381609721530319
meanST=0.4860680751511161



REPORT for Queue of Queueing Place : W/loginAction----------------------------------------

queueUtilQPl=0.022068250596174906

------------------ Color = loginAction --------------------
arrivCnt=277708 deptCnt=277708
arrivThrPut=0.027798597300261855 deptThrPut=0.027798597300261855
meanTkPop=0.02253874401761652 tkColOcp=0.022068250596174906
-----
meanST=0.8107870974268263 stDevST=0.8015320453063722

Steady State Statistics: numBatchesST=694 batchSizeST=400 stDevStdStateMeanST=0.04089655189837498
95% c.i. = 0.8107669917236208 +/- 0.0030426713752745535



REPORT for Depository of Queueing Place : W/loginAction----------------------------------------

tkOcp=0.0

------------------ Color = loginAction --------------------
arrivCnt=277708 deptCnt=277708
arrivThrPut=0.027798597300261855 deptThrPut=0.027798597300261855
meanTkPop=0.0 tkColOcp=0.0
-----
meanST=0.0 stDevST=0.0

Steady State Statistics: numBatchesST=1388 batchSizeST=200 stDevStdStateMeanST=0.0
95% c.i. = 0.0 +/- 0.0



REPORT for Queue : WebUI----------------------------------------

totArrivThrPut=0.16645284507865327 totDeptThrPut=0.16645284507865327
meanTotTkPop=0.08090741401080791 queueUtil=0.07381609721530319
meanST=0.4860680751511161



REPORT for Queue of Queueing Place : A/login_loginAction----------------------------------------

queueUtilQPl=0.008916190706964275

------------------ Color = loginAction --------------------
arrivCnt=277708 deptCnt=277708
arrivThrPut=0.027798597300261855 deptThrPut=0.027798597300261855
meanTkPop=0.009084642254260063 tkColOcp=0.008916190706964275
-----
meanST=0.3268021819998266 stDevST=0.594035109489505

Steady State Statistics: numBatchesST=694 batchSizeST=400 stDevStdStateMeanST=0.03170126873436441
95% c.i. = 0.32680905446013936 +/- 0.002358549522160802



REPORT for Depository of Queueing Place : A/login_loginAction----------------------------------------

tkOcp=0.0

------------------ Color = loginAction --------------------
arrivCnt=277708 deptCnt=277708
arrivThrPut=0.027798597300261855 deptThrPut=0.027798597300261855
meanTkPop=0.0 tkColOcp=0.0
-----
meanST=0.0 stDevST=0.0

Steady State Statistics: numBatchesST=1388 batchSizeST=200 stDevStdStateMeanST=0.0
95% c.i. = 0.0 +/- 0.0



REPORT for Queue : Auth----------------------------------------

totArrivThrPut=0.1664528450786532 totDeptThrPut=0.1664528450786532
meanTotTkPop=0.11688178864351728 queueUtil=0.0968649349250797
meanST=0.7021915941916623



REPORT for Queue of Queueing Place : W/logout----------------------------------------

queueUtilQPl=0.010958604911428024

------------------ Color = logout --------------------
arrivCnt=277132 deptCnt=277132
arrivThrPut=0.027740939645297107 deptThrPut=0.027740939645297107
meanTkPop=0.01108785750414794 tkColOcp=0.010958604911428024
-----
meanST=0.39969293203186984 stDevST=0.4241296449060289

Steady State Statistics: numBatchesST=692 batchSizeST=400 stDevStdStateMeanST=0.021540660161369986
95% c.i. = 0.3996748583753105 +/- 0.001604922452874789



REPORT for Depository of Queueing Place : W/logout----------------------------------------

tkOcp=0.0

------------------ Color = logout --------------------
arrivCnt=277132 deptCnt=277132
arrivThrPut=0.027740939645297107 deptThrPut=0.027740939645297107
meanTkPop=0.0 tkColOcp=0.0
-----
meanST=0.0 stDevST=0.0

Steady State Statistics: numBatchesST=1385 batchSizeST=200 stDevStdStateMeanST=0.0
95% c.i. = 0.0 +/- 0.0



REPORT for Queue : WebUI----------------------------------------

totArrivThrPut=0.16645284507865327 totDeptThrPut=0.16645284507865327
meanTotTkPop=0.08090741401080791 queueUtil=0.07381609721530319
meanST=0.4860680751511161



REPORT for Queue of Queueing Place : A/logout_logout----------------------------------------

queueUtilQPl=0.013104552904027286

------------------ Color = logout --------------------
arrivCnt=277132 deptCnt=277132
arrivThrPut=0.027740939645297107 deptThrPut=0.027740939645297107
meanTkPop=0.013392432161674619 tkColOcp=0.013104552904027286
-----
meanST=0.4827677913190307 stDevST=0.7014348583408359

Steady State Statistics: numBatchesST=692 batchSizeST=400 stDevStdStateMeanST=0.04078341666254317
95% c.i. = 0.48277711094010334 +/- 0.003038635799289284



REPORT for Depository of Queueing Place : A/logout_logout----------------------------------------

tkOcp=0.0

------------------ Color = logout --------------------
arrivCnt=277132 deptCnt=277132
arrivThrPut=0.027740939645297107 deptThrPut=0.027740939645297107
meanTkPop=0.0 tkColOcp=0.0
-----
meanST=0.0 stDevST=0.0

Steady State Statistics: numBatchesST=1385 batchSizeST=200 stDevStdStateMeanST=0.0
95% c.i. = 0.0 +/- 0.0



REPORT for Queue : Auth----------------------------------------

totArrivThrPut=0.1664528450786532 totDeptThrPut=0.1664528450786532
meanTotTkPop=0.11688178864351728 queueUtil=0.0968649349250797
meanST=0.7021915941916623



REPORT for Queue of Queueing Place : P/getUser_loginAction----------------------------------------

queueUtilQPl=0.03549195440736906

------------------ Color = loginAction --------------------
arrivCnt=277708 deptCnt=277708
arrivThrPut=0.027798597300261855 deptThrPut=0.027798597300261855
meanTkPop=0.036848926957021105 tkColOcp=0.03549195440736906
-----
meanST=1.325567853622384 stDevST=1.315284023158833

Steady State Statistics: numBatchesST=694 batchSizeST=400 stDevStdStateMeanST=0.07111976146191676
95% c.i. = 1.3256215276356893 +/- 0.005291254454758246



REPORT for Depository of Queueing Place : P/getUser_loginAction----------------------------------------

tkOcp=0.0

------------------ Color = loginAction --------------------
arrivCnt=277708 deptCnt=277709
arrivThrPut=0.027798597300261855 deptThrPut=0.027798697400357283
meanTkPop=0.0 tkColOcp=0.0
-----
meanST=0.0 stDevST=0.0

Steady State Statistics: numBatchesST=1388 batchSizeST=200 stDevStdStateMeanST=0.0
95% c.i. = 0.0 +/- 0.0



REPORT for Queue : Persistence----------------------------------------

totArrivThrPut=0.16645284507865324 totDeptThrPut=0.16645284507865324
meanTotTkPop=0.08139422382068845 queueUtil=0.07018751207703045
meanST=0.48899268608011837



REPORT for Queue of Queueing Place : W/category----------------------------------------

queueUtilQPl=0.01206654312323359

------------------ Color = category --------------------
arrivCnt=277099 deptCnt=277099
arrivThrPut=0.027737636342148084 deptThrPut=0.027737636342148084
meanTkPop=0.012220577444795318 tkColOcp=0.01206654312323359
-----
meanST=0.4405774628397526 stDevST=0.4607834269673863

Steady State Statistics: numBatchesST=346 batchSizeST=800 stDevStdStateMeanST=0.015402293953752868
95% c.i. = 0.4405697966126593 +/- 0.0016229137855111025



REPORT for Depository of Queueing Place : W/category----------------------------------------

tkOcp=0.0

------------------ Color = category --------------------
arrivCnt=277099 deptCnt=277099
arrivThrPut=0.027737636342148084 deptThrPut=0.027737636342148084
meanTkPop=0.0 tkColOcp=0.0
-----
meanST=0.0 stDevST=0.0

Steady State Statistics: numBatchesST=1385 batchSizeST=200 stDevStdStateMeanST=0.0
95% c.i. = 0.0 +/- 0.0



REPORT for Queue : WebUI----------------------------------------

totArrivThrPut=0.16645284507865327 totDeptThrPut=0.16645284507865327
meanTotTkPop=0.08090741401080791 queueUtil=0.07381609721530319
meanST=0.4860680751511161



REPORT for Queue of Queueing Place : W/product----------------------------------------

queueUtilQPl=0.017407791378077426

------------------ Color = product --------------------
arrivCnt=276421 deptCnt=276421
arrivThrPut=0.027669768477449994 deptThrPut=0.027669768477449994
meanTkPop=0.017706841575196378 tkColOcp=0.017407791378077426
-----
meanST=0.6399345765985323 stDevST=0.6392483527922738

Steady State Statistics: numBatchesST=691 batchSizeST=400 stDevStdStateMeanST=0.03463796736385283
95% c.i. = 0.6399452987772254 +/- 0.002582625685697917



REPORT for Depository of Queueing Place : W/product----------------------------------------

tkOcp=0.0

------------------ Color = product --------------------
arrivCnt=276421 deptCnt=276421
arrivThrPut=0.027669768477449994 deptThrPut=0.027669768477449994
meanTkPop=0.0 tkColOcp=0.0
-----
meanST=0.0 stDevST=0.0

Steady State Statistics: numBatchesST=1382 batchSizeST=200 stDevStdStateMeanST=0.0
95% c.i. = 0.0 +/- 0.0



REPORT for Queue : WebUI----------------------------------------

totArrivThrPut=0.16645284507865327 totDeptThrPut=0.16645284507865327
meanTotTkPop=0.08090741401080791 queueUtil=0.07381609721530319
meanST=0.4860680751511161



REPORT for Queue of Queueing Place : P/category_category----------------------------------------

queueUtilQPl=0.016963002372990137

------------------ Color = category --------------------
arrivCnt=277099 deptCnt=277099
arrivThrPut=0.027737636342148084 deptThrPut=0.027737636342148084
meanTkPop=0.017289872450444225 tkColOcp=0.016963002372990137
-----
meanST=0.62333618615411 stDevST=0.6812472735498762

Steady State Statistics: numBatchesST=692 batchSizeST=400 stDevStdStateMeanST=0.03532897137812119
95% c.i. = 0.6233346768889435 +/- 0.0026322433470911477



REPORT for Depository of Queueing Place : P/category_category----------------------------------------

tkOcp=0.0

------------------ Color = category --------------------
arrivCnt=277099 deptCnt=277099
arrivThrPut=0.027737636342148084 deptThrPut=0.027737636342148084
meanTkPop=0.0 tkColOcp=0.0
-----
meanST=0.0 stDevST=0.0

Steady State Statistics: numBatchesST=1385 batchSizeST=200 stDevStdStateMeanST=0.0
95% c.i. = 0.0 +/- 0.0



REPORT for Queue : Persistence----------------------------------------

totArrivThrPut=0.16645284507865324 totDeptThrPut=0.16645284507865324
meanTotTkPop=0.08139422382068845 queueUtil=0.07018751207703045
meanST=0.48899268608011837



REPORT for Queue of Queueing Place : P/getProduct_product----------------------------------------

queueUtilQPl=0.004871814149917671

------------------ Color = product --------------------
arrivCnt=276421 deptCnt=276421
arrivThrPut=0.027669768477449994 deptThrPut=0.027669768477449994
meanTkPop=0.004942755353616083 tkColOcp=0.004871814149917671
-----
meanST=0.17863378067815333 stDevST=0.38750936348378745

Steady State Statistics: numBatchesST=691 batchSizeST=400 stDevStdStateMeanST=0.02007557540852611
95% c.i. = 0.17863668640646402 +/- 0.0014968458212513858



REPORT for Depository of Queueing Place : P/getProduct_product----------------------------------------

tkOcp=0.0

------------------ Color = product --------------------
arrivCnt=276421 deptCnt=276421
arrivThrPut=0.027669768477449994 deptThrPut=0.027669768477449994
meanTkPop=0.0 tkColOcp=0.0
-----
meanST=0.0 stDevST=0.0

Steady State Statistics: numBatchesST=1382 batchSizeST=200 stDevStdStateMeanST=0.0
95% c.i. = 0.0 +/- 0.0



REPORT for Queue : Persistence----------------------------------------

totArrivThrPut=0.16645284507865324 totDeptThrPut=0.16645284507865324
meanTotTkPop=0.08139422382068845 queueUtil=0.07018751207703045
meanST=0.48899268608011837



REPORT for Queue of Queueing Place : R/getAds_product----------------------------------------

queueUtilQPl=0.003279946537792364

------------------ Color = product --------------------
arrivCnt=276421 deptCnt=276421
arrivThrPut=0.027669768477449994 deptThrPut=0.027669768477449994
meanTkPop=0.0032920238801391983 tkColOcp=0.003279946537792364
-----
meanST=0.11897547617075639 stDevST=0.11910914806737884

Steady State Statistics: numBatchesST=345 batchSizeST=800 stDevStdStateMeanST=0.003992121289570733
95% c.i. = 0.11896454338046758 +/- 4.21252286460838E-4



REPORT for Depository of Queueing Place : R/getAds_product----------------------------------------

tkOcp=0.0

------------------ Color = product --------------------
arrivCnt=276421 deptCnt=276421
arrivThrPut=0.027669768477449994 deptThrPut=0.027669768477449994
meanTkPop=0.0 tkColOcp=0.0
-----
meanST=0.0 stDevST=0.0

Steady State Statistics: numBatchesST=1382 batchSizeST=200 stDevStdStateMeanST=0.0
95% c.i. = 0.0 +/- 0.0



REPORT for Queue : Recommender----------------------------------------

totArrivThrPut=0.027669768477449994 totDeptThrPut=0.027669768477449994
meanTotTkPop=0.0032920238801391983 queueUtil=0.003279946537792364
meanST=0.11897547617075639



REPORT for Queue of Queueing Place : I/productImages_category----------------------------------------

queueUtilQPl=0.03541159900873186

------------------ Color = category --------------------
arrivCnt=277099 deptCnt=277099
arrivThrPut=0.027737636342148084 deptThrPut=0.027737636342148084
meanTkPop=0.036724372308760314 tkColOcp=0.03541159900873186
-----
meanST=1.32399069105094 stDevST=1.3148686564233862

Steady State Statistics: numBatchesST=346 batchSizeST=800 stDevStdStateMeanST=0.0503222515954642
95% c.i. = 1.3241764017290707 +/- 0.005302370937566597



REPORT for Depository of Queueing Place : I/productImages_category----------------------------------------

tkOcp=0.0

------------------ Color = category --------------------
arrivCnt=277099 deptCnt=277099
arrivThrPut=0.027737636342148084 deptThrPut=0.027737636342148084
meanTkPop=0.0 tkColOcp=0.0
-----
meanST=0.0 stDevST=0.0

Steady State Statistics: numBatchesST=1385 batchSizeST=200 stDevStdStateMeanST=0.0
95% c.i. = 0.0 +/- 0.0



REPORT for Queue : ImageProvider----------------------------------------

totArrivThrPut=0.16645294517874865 totDeptThrPut=0.16645294517874865
meanTotTkPop=0.09070051123955504 queueUtil=0.07920114953225449
meanST=0.5449018107919602



REPORT for Queue of Queueing Place : I/product_product----------------------------------------

queueUtilQPl=0.01501684846636841

------------------ Color = product --------------------
arrivCnt=276421 deptCnt=276421
arrivThrPut=0.027669768477449994 deptThrPut=0.027669768477449994
meanTkPop=0.015302466012726649 tkColOcp=0.01501684846636841
-----
meanST=0.5530391779460564 stDevST=0.6242687846010609

Steady State Statistics: numBatchesST=345 batchSizeST=800 stDevStdStateMeanST=0.023384645509426052
95% c.i. = 0.5531167755642322 +/- 0.0024675691629552515



REPORT for Depository of Queueing Place : I/product_product----------------------------------------

tkOcp=0.0

------------------ Color = product --------------------
arrivCnt=276421 deptCnt=276421
arrivThrPut=0.027669768477449994 deptThrPut=0.027669768477449994
meanTkPop=0.0 tkColOcp=0.0
-----
meanST=0.0 stDevST=0.0

Steady State Statistics: numBatchesST=1382 batchSizeST=200 stDevStdStateMeanST=0.0
95% c.i. = 0.0 +/- 0.0



REPORT for Queue : ImageProvider----------------------------------------

totArrivThrPut=0.16645294517874865 totDeptThrPut=0.16645294517874865
meanTotTkPop=0.09070051123955504 queueUtil=0.07920114953225449
meanST=0.5449018107919602



REPORT for Queue of Queueing Place : Workload----------------------------------------

queueUtilQPl=1.0

------------------ Color = workload --------------------
arrivCnt=1662864 deptCnt=1662865
arrivThrPut=0.16645284507865324 deptThrPut=0.16645294517874865
meanTkPop=1.0 tkColOcp=1.0
-----
meanST=6.007705580523082 stDevST=6.002302583458556

Steady State Statistics: numBatchesST=2078 batchSizeST=800 stDevStdStateMeanST=0.21148543159605981
95% c.i. = 6.007684578724854 +/- 0.009092970357204466



REPORT for Depository of Queueing Place : Workload----------------------------------------

tkOcp=0.0

------------------ Color = workload --------------------
arrivCnt=1662865 deptCnt=1662864
arrivThrPut=0.16645294517874865 deptThrPut=0.16645284507865324
meanTkPop=0.0 tkColOcp=0.0
-----
meanST=0.0 stDevST=0.0

Steady State Statistics: numBatchesST=8314 batchSizeST=200 stDevStdStateMeanST=0.0
95% c.i. = 0.0 +/- 0.0



REPORT for Queue : Workload----------------------------------------

totArrivThrPut=0.16645284507865324 totDeptThrPut=0.16645294517874865
meanTotTkPop=1.0 queueUtil=1.0
meanST=6.007705580523082



REPORT for Queue of Queueing Place : I/icon_index----------------------------------------

queueUtilQPl=0.013578573731601993

------------------ Color = index --------------------
arrivCnt=277348 deptCnt=277348
arrivThrPut=0.027762561265908887 deptThrPut=0.027762561265908887
meanTkPop=0.013788098169373882 tkColOcp=0.013578573731601993
-----
meanST=0.4966435926898796 stDevST=0.5739816759867714

Steady State Statistics: numBatchesST=693 batchSizeST=400 stDevStdStateMeanST=0.03106904361361109
95% c.i. = 0.4966518977659462 +/- 0.0023131796259015696



REPORT for Depository of Queueing Place : I/icon_index----------------------------------------

tkOcp=0.0

------------------ Color = index --------------------
arrivCnt=277348 deptCnt=277348
arrivThrPut=0.027762561265908887 deptThrPut=0.027762561265908887
meanTkPop=0.0 tkColOcp=0.0
-----
meanST=0.0 stDevST=0.0

Steady State Statistics: numBatchesST=1386 batchSizeST=200 stDevStdStateMeanST=0.0
95% c.i. = 0.0 +/- 0.0



REPORT for Queue : ImageProvider----------------------------------------

totArrivThrPut=0.16645294517874865 totDeptThrPut=0.16645294517874865
meanTotTkPop=0.09070051123955504 queueUtil=0.07920114953225449
meanST=0.5449018107919602



REPORT for Queue of Queueing Place : P/categories_login----------------------------------------

queueUtilQPl=0.004339837746925182

------------------ Color = login --------------------
arrivCnt=277156 deptCnt=277156
arrivThrPut=0.027743342047587303 deptThrPut=0.027743342047587303
meanTkPop=0.004406087272861938 tkColOcp=0.004339837746925182
-----
meanST=0.15881602386995453 stDevST=0.39864173027380945

Steady State Statistics: numBatchesST=692 batchSizeST=400 stDevStdStateMeanST=0.021258199223242312
95% c.i. = 0.15879333666992296 +/- 0.0015838772342851493



REPORT for Depository of Queueing Place : P/categories_login----------------------------------------

tkOcp=0.0

------------------ Color = login --------------------
arrivCnt=277156 deptCnt=277156
arrivThrPut=0.027743342047587303 deptThrPut=0.027743342047587303
meanTkPop=0.0 tkColOcp=0.0
-----
meanST=0.0 stDevST=0.0

Steady State Statistics: numBatchesST=1385 batchSizeST=200 stDevStdStateMeanST=0.0
95% c.i. = 0.0 +/- 0.0



REPORT for Queue : Persistence----------------------------------------

totArrivThrPut=0.16645284507865324 totDeptThrPut=0.16645284507865324
meanTotTkPop=0.08139422382068845 queueUtil=0.07018751207703045
meanST=0.48899268608011837



REPORT for Queue of Queueing Place : I/icon_login----------------------------------------

queueUtilQPl=0.006187509342545616

------------------ Color = login --------------------
arrivCnt=277156 deptCnt=277156
arrivThrPut=0.027743342047587303 deptThrPut=0.027743342047587303
meanTkPop=0.006299984991623514 tkColOcp=0.006187509342545616
-----
meanST=0.22708096886155038 stDevST=0.44076174280144853

Steady State Statistics: numBatchesST=692 batchSizeST=400 stDevStdStateMeanST=0.023988549490070444
95% c.i. = 0.2270499243056824 +/- 0.0017873064892205952



REPORT for Depository of Queueing Place : I/icon_login----------------------------------------

tkOcp=0.0

------------------ Color = login --------------------
arrivCnt=277156 deptCnt=277156
arrivThrPut=0.027743342047587303 deptThrPut=0.027743342047587303
meanTkPop=0.0 tkColOcp=0.0
-----
meanST=0.0 stDevST=0.0

Steady State Statistics: numBatchesST=1385 batchSizeST=200 stDevStdStateMeanST=0.0
95% c.i. = 0.0 +/- 0.0



REPORT for Queue : ImageProvider----------------------------------------

totArrivThrPut=0.16645294517874865 totDeptThrPut=0.16645294517874865
meanTotTkPop=0.09070051123955504 queueUtil=0.07920114953225449
meanST=0.5449018107919602



REPORT for Queue of Queueing Place : A/isLoggedIn_login----------------------------------------

queueUtilQPl=0.00619615370605436

------------------ Color = login --------------------
arrivCnt=277156 deptCnt=277156
arrivThrPut=0.027743342047587303 deptThrPut=0.027743342047587303
meanTkPop=0.006372823153187969 tkColOcp=0.00619615370605436
-----
meanST=0.22970639738560916 stDevST=0.6242346228142803

Steady State Statistics: numBatchesST=692 batchSizeST=400 stDevStdStateMeanST=0.033772035876203005
95% c.i. = 0.2297376608122212 +/- 0.0025162412967367426



REPORT for Depository of Queueing Place : A/isLoggedIn_login----------------------------------------

tkOcp=0.0

------------------ Color = login --------------------
arrivCnt=277156 deptCnt=277156
arrivThrPut=0.027743342047587303 deptThrPut=0.027743342047587303
meanTkPop=0.0 tkColOcp=0.0
-----
meanST=0.0 stDevST=0.0

Steady State Statistics: numBatchesST=1385 batchSizeST=200 stDevStdStateMeanST=0.0
95% c.i. = 0.0 +/- 0.0



REPORT for Queue : Auth----------------------------------------

totArrivThrPut=0.1664528450786532 totDeptThrPut=0.1664528450786532
meanTotTkPop=0.11688178864351728 queueUtil=0.0968649349250797
meanST=0.7021915941916623



REPORT for Queue of Queueing Place : A/isLoggedIn_category----------------------------------------

queueUtilQPl=0.011150276664218705

------------------ Color = category --------------------
arrivCnt=277099 deptCnt=277099
arrivThrPut=0.027737636342148084 deptThrPut=0.027737636342148084
meanTkPop=0.011381824564852597 tkColOcp=0.011150276664218705
-----
meanST=0.41033866132124636 stDevST=0.6827111847823417

Steady State Statistics: numBatchesST=692 batchSizeST=400 stDevStdStateMeanST=0.03672867517717587
95% c.i. = 0.4103376277642192 +/- 0.002736530589805538



REPORT for Depository of Queueing Place : A/isLoggedIn_category----------------------------------------

tkOcp=0.0

------------------ Color = category --------------------
arrivCnt=277099 deptCnt=277099
arrivThrPut=0.027737636342148084 deptThrPut=0.027737636342148084
meanTkPop=0.0 tkColOcp=0.0
-----
meanST=0.0 stDevST=0.0

Steady State Statistics: numBatchesST=1385 batchSizeST=200 stDevStdStateMeanST=0.0
95% c.i. = 0.0 +/- 0.0



REPORT for Queue : Auth----------------------------------------

totArrivThrPut=0.1664528450786532 totDeptThrPut=0.1664528450786532
meanTotTkPop=0.11688178864351728 queueUtil=0.0968649349250797
meanST=0.7021915941916623



REPORT for Queue of Queueing Place : I/icon_logout----------------------------------------

queueUtilQPl=0.0113994658764913

------------------ Color = logout --------------------
arrivCnt=277132 deptCnt=277132
arrivThrPut=0.027740939645297107 deptThrPut=0.027740939645297107
meanTkPop=0.011589382434957397 tkColOcp=0.0113994658764913
-----
meanST=0.4177718052503724 stDevST=0.5249601829614802

Steady State Statistics: numBatchesST=692 batchSizeST=400 stDevStdStateMeanST=0.026826375160488806
95% c.i. = 0.41779478579184526 +/- 0.0019987433765619915



REPORT for Depository of Queueing Place : I/icon_logout----------------------------------------

tkOcp=0.0

------------------ Color = logout --------------------
arrivCnt=277132 deptCnt=277132
arrivThrPut=0.027740939645297107 deptThrPut=0.027740939645297107
meanTkPop=0.0 tkColOcp=0.0
-----
meanST=0.0 stDevST=0.0

Steady State Statistics: numBatchesST=1385 batchSizeST=200 stDevStdStateMeanST=0.0
95% c.i. = 0.0 +/- 0.0



REPORT for Queue : ImageProvider----------------------------------------

totArrivThrPut=0.16645294517874865 totDeptThrPut=0.16645294517874865
meanTotTkPop=0.09070051123955504 queueUtil=0.07920114953225449
meanST=0.5449018107919602



REPORT for Queue of Queueing Place : I/icon_loginAction----------------------------------------

queueUtilQPl=0.006930862954325145

------------------ Color = loginAction --------------------
arrivCnt=277709 deptCnt=277709
arrivThrPut=0.027798697400357283 deptThrPut=0.027798697400357283
meanTkPop=0.006996207322113283 tkColOcp=0.006930862954325145
-----
meanST=0.2516739263481952 stDevST=0.3702872040955185

Steady State Statistics: numBatchesST=694 batchSizeST=400 stDevStdStateMeanST=0.018838275303149833
95% c.i. = 0.2516768244094057 +/- 0.0014015529027207084



REPORT for Depository of Queueing Place : I/icon_loginAction----------------------------------------

tkOcp=0.0

------------------ Color = loginAction --------------------
arrivCnt=277709 deptCnt=277709
arrivThrPut=0.027798697400357283 deptThrPut=0.027798697400357283
meanTkPop=0.0 tkColOcp=0.0
-----
meanST=0.0 stDevST=0.0

Steady State Statistics: numBatchesST=1388 batchSizeST=200 stDevStdStateMeanST=0.0
95% c.i. = 0.0 +/- 0.0



REPORT for Queue : ImageProvider----------------------------------------

totArrivThrPut=0.16645294517874865 totDeptThrPut=0.16645294517874865
meanTotTkPop=0.09070051123955504 queueUtil=0.07920114953225449
meanST=0.5449018107919602



REPORT for Queue of Queueing Place : A/isLoggedIn_product----------------------------------------

queueUtilQPl=0.024247931347664793

------------------ Color = product --------------------
arrivCnt=276421 deptCnt=276421
arrivThrPut=0.027669768477449994 deptThrPut=0.027669768477449994
meanTkPop=0.024924640936562548 tkColOcp=0.024247931347664793
-----
meanST=0.900789645452775 stDevST=0.9947154629049015

Steady State Statistics: numBatchesST=345 batchSizeST=800 stDevStdStateMeanST=0.03874192932330614
95% c.i. = 0.9008467029059645 +/- 0.004088083784423739



REPORT for Depository of Queueing Place : A/isLoggedIn_product----------------------------------------

tkOcp=0.0

------------------ Color = product --------------------
arrivCnt=276421 deptCnt=276421
arrivThrPut=0.027669768477449994 deptThrPut=0.027669768477449994
meanTkPop=0.0 tkColOcp=0.0
-----
meanST=0.0 stDevST=0.0

Steady State Statistics: numBatchesST=1382 batchSizeST=200 stDevStdStateMeanST=0.0
95% c.i. = 0.0 +/- 0.0



REPORT for Queue : Auth----------------------------------------

totArrivThrPut=0.1664528450786532 totDeptThrPut=0.1664528450786532
meanTotTkPop=0.11688178864351728 queueUtil=0.0968649349250797
meanST=0.7021915941916623



REPORT for Queue of Queueing Place : P/category_logout----------------------------------------

queueUtilQPl=0.011203597899992484

------------------ Color = logout --------------------
arrivCnt=277132 deptCnt=277132
arrivThrPut=0.027740939645297107 deptThrPut=0.027740939645297107
meanTkPop=0.011391929980031376 tkColOcp=0.011203597899992484
-----
meanST=0.41065407753636196 stDevST=0.5227516011853756

Steady State Statistics: numBatchesST=692 batchSizeST=400 stDevStdStateMeanST=0.027785271612240633
95% c.i. = 0.41068041639907993 +/- 0.0020701875400123927



REPORT for Depository of Queueing Place : P/category_logout----------------------------------------

tkOcp=0.0

------------------ Color = logout --------------------
arrivCnt=277132 deptCnt=277132
arrivThrPut=0.027740939645297107 deptThrPut=0.027740939645297107
meanTkPop=0.0 tkColOcp=0.0
-----
meanST=0.0 stDevST=0.0

Steady State Statistics: numBatchesST=1385 batchSizeST=200 stDevStdStateMeanST=0.0
95% c.i. = 0.0 +/- 0.0



REPORT for Queue : Persistence----------------------------------------

totArrivThrPut=0.16645284507865324 totDeptThrPut=0.16645284507865324
meanTotTkPop=0.08139422382068845 queueUtil=0.07018751207703045
meanST=0.48899268608011837



REPORT for Ordinary Place : Finish_index----------------------------------------

tkOcp=1.0

------------------ Color = index --------------------
arrivCnt=277348 deptCnt=0
arrivThrPut=0.027762561265908887 deptThrPut=0.0
meanTkPop=138677.25704690372 tkColOcp=1.0
-----
meanST=NaN stDevST=NaN

Steady State Statistics: Only 0 batches collected!
Need at least 60 for steady state statistics.



REPORT for Ordinary Place : Finish_login----------------------------------------

tkOcp=1.0

------------------ Color = login --------------------
arrivCnt=277156 deptCnt=0
arrivThrPut=0.027743342047587303 deptThrPut=0.0
meanTkPop=138757.57992410648 tkColOcp=1.0
-----
meanST=NaN stDevST=NaN

Steady State Statistics: Only 0 batches collected!
Need at least 60 for steady state statistics.



REPORT for Ordinary Place : Finish_loginAction----------------------------------------

tkOcp=1.0

------------------ Color = loginAction --------------------
arrivCnt=277709 deptCnt=0
arrivThrPut=0.027798697400357283 deptThrPut=0.0
meanTkPop=139142.92593769068 tkColOcp=1.0
-----
meanST=NaN stDevST=NaN

Steady State Statistics: Only 0 batches collected!
Need at least 60 for steady state statistics.



REPORT for Ordinary Place : Finish_category----------------------------------------

tkOcp=1.0

------------------ Color = category --------------------
arrivCnt=277099 deptCnt=0
arrivThrPut=0.027737636342148084 deptThrPut=0.0
meanTkPop=138642.24410109632 tkColOcp=1.0
-----
meanST=NaN stDevST=NaN

Steady State Statistics: Only 0 batches collected!
Need at least 60 for steady state statistics.



REPORT for Ordinary Place : Finish_product----------------------------------------

tkOcp=1.0

------------------ Color = product --------------------
arrivCnt=276421 deptCnt=0
arrivThrPut=0.027669768477449994 deptThrPut=0.0
meanTkPop=138466.62458608067 tkColOcp=1.0
-----
meanST=NaN stDevST=NaN

Steady State Statistics: Only 0 batches collected!
Need at least 60 for steady state statistics.



REPORT for Ordinary Place : Finish_logout----------------------------------------

tkOcp=1.0

------------------ Color = logout --------------------
arrivCnt=277132 deptCnt=0
arrivThrPut=0.027740939645297107 deptThrPut=0.0
meanTkPop=138912.34111584333 tkColOcp=1.0
-----
meanST=NaN stDevST=NaN

Steady State Statistics: Only 0 batches collected!
Need at least 60 for steady state statistics.



REPORT REPORT for Probe : /index----------------------------------------


------------------ Color = index --------------------
-----
meanST=2.7408804203057366 stDevST=2.0009430939134005

Steady State Statistics: numBatchesST=693 batchSizeST=400 stDevStdStateMeanST=0.11086228228803872
95% c.i. = 2.7409049987965215 +/- 0.008254015664559865



REPORT REPORT for Probe : /login----------------------------------------


------------------ Color = login --------------------
-----
meanST=1.0945546427837438 stDevST=1.0392235447217415

Steady State Statistics: numBatchesST=346 batchSizeST=800 stDevStdStateMeanST=0.04104820489951305
95% c.i. = 1.0945949035954499 +/- 0.00432518024924932



REPORT REPORT for Probe : /loginAction----------------------------------------


------------------ Color = loginAction --------------------
-----
meanST=2.7148325372580917 stDevST=1.6719189073696845

Steady State Statistics: numBatchesST=694 batchSizeST=400 stDevStdStateMeanST=0.08800705594899061
95% c.i. = 2.714877858374312 +/- 0.00654765591543232



REPORT REPORT for Probe : /logout----------------------------------------


------------------ Color = logout --------------------
-----
meanST=1.7108866061376349 stDevST=1.1275605917820353

Steady State Statistics: numBatchesST=692 batchSizeST=400 stDevStdStateMeanST=0.06100983067444903
95% c.i. = 1.7109271715063359 +/- 0.004545638172738566



REPORT REPORT for Probe : /category----------------------------------------


------------------ Color = category --------------------
-----
meanST=2.7982430013660493 stDevST=1.7033763251864757

Steady State Statistics: numBatchesST=692 batchSizeST=400 stDevStdStateMeanST=0.09150589867368134
95% c.i. = 2.798418502994892 +/- 0.006817798073582173



REPORT REPORT for Probe : /product----------------------------------------


------------------ Color = product --------------------
-----
meanST=2.3913726568462734 stDevST=1.4159103468387626

Steady State Statistics: numBatchesST=691 batchSizeST=400 stDevStdStateMeanST=0.08043951485461699
95% c.i. = 2.391379146801749 +/- 0.005997613977355085



