INFO Logging to /home/yjx/workloadConfig/qpme/output/SimQPN_Output_config_2025-08-14_065659481.log
WARN Batch means correlation test was run for depository of place Workload, color 0
    However, the standard deviation of the token residence time is 0 and therefore the result of the test is ignored!
    In future runs, you should set numBMeansCorlTested to 0 to switch off the correlation test!
WARN Batch means correlation test was run for depository of place W/product, color 0
    However, the standard deviation of the token residence time is 0 and therefore the result of the test is ignored!
    In future runs, you should set numBMeansCorlTested to 0 to switch off the correlation test!
WARN Batch means correlation test was run for depository of place P/getProduct_product, color 0
    However, the standard deviation of the token residence time is 0 and therefore the result of the test is ignored!
    In future runs, you should set numBMeansCorlTested to 0 to switch off the correlation test!
WARN Batch means correlation test was run for depository of place R/getAds_product, color 0
    However, the standard deviation of the token residence time is 0 and therefore the result of the test is ignored!
    In future runs, you should set numBMeansCorlTested to 0 to switch off the correlation test!
WARN Batch means correlation test was run for depository of place I/product_product, color 0
    However, the standard deviation of the token residence time is 0 and therefore the result of the test is ignored!
    In future runs, you should set numBMeansCorlTested to 0 to switch off the correlation test!
WARN Batch means correlation test was run for depository of place A/isLoggedIn_product, color 0
    However, the standard deviation of the token residence time is 0 and therefore the result of the test is ignored!
    In future runs, you should set numBMeansCorlTested to 0 to switch off the correlation test!
WARN Batch means correlation test was run for depository of place W/index, color 0
    However, the standard deviation of the token residence time is 0 and therefore the result of the test is ignored!
    In future runs, you should set numBMeansCorlTested to 0 to switch off the correlation test!
WARN Batch means correlation test was run for depository of place P/categories_index, color 0
    However, the standard deviation of the token residence time is 0 and therefore the result of the test is ignored!
    In future runs, you should set numBMeansCorlTested to 0 to switch off the correlation test!
WARN Batch means correlation test was run for depository of place A/isLoggedIn_index, color 0
    However, the standard deviation of the token residence time is 0 and therefore the result of the test is ignored!
    In future runs, you should set numBMeansCorlTested to 0 to switch off the correlation test!
WARN Batch means correlation test was run for depository of place I/icon_index, color 0
    However, the standard deviation of the token residence time is 0 and therefore the result of the test is ignored!
    In future runs, you should set numBMeansCorlTested to 0 to switch off the correlation test!
WARN Batch means correlation test was run for depository of place W/category, color 0
    However, the standard deviation of the token residence time is 0 and therefore the result of the test is ignored!
    In future runs, you should set numBMeansCorlTested to 0 to switch off the correlation test!
WARN Batch means correlation test was run for depository of place P/category_category, color 0
    However, the standard deviation of the token residence time is 0 and therefore the result of the test is ignored!
    In future runs, you should set numBMeansCorlTested to 0 to switch off the correlation test!
WARN Batch means correlation test was run for depository of place I/productImages_category, color 0
    However, the standard deviation of the token residence time is 0 and therefore the result of the test is ignored!
    In future runs, you should set numBMeansCorlTested to 0 to switch off the correlation test!
WARN Batch means correlation test was run for depository of place A/isLoggedIn_category, color 0
    However, the standard deviation of the token residence time is 0 and therefore the result of the test is ignored!
    In future runs, you should set numBMeansCorlTested to 0 to switch off the correlation test!
WARN Batch means correlation test was run for depository of place W/logout, color 0
    However, the standard deviation of the token residence time is 0 and therefore the result of the test is ignored!
    In future runs, you should set numBMeansCorlTested to 0 to switch off the correlation test!
WARN Batch means correlation test was run for depository of place A/logout_logout, color 0
    However, the standard deviation of the token residence time is 0 and therefore the result of the test is ignored!
    In future runs, you should set numBMeansCorlTested to 0 to switch off the correlation test!
WARN Batch means correlation test was run for depository of place P/category_logout, color 0
    However, the standard deviation of the token residence time is 0 and therefore the result of the test is ignored!
    In future runs, you should set numBMeansCorlTested to 0 to switch off the correlation test!
WARN Batch means correlation test was run for depository of place I/icon_logout, color 0
    However, the standard deviation of the token residence time is 0 and therefore the result of the test is ignored!
    In future runs, you should set numBMeansCorlTested to 0 to switch off the correlation test!
WARN Batch means correlation test was run for depository of place W/login, color 0
    However, the standard deviation of the token residence time is 0 and therefore the result of the test is ignored!
    In future runs, you should set numBMeansCorlTested to 0 to switch off the correlation test!
WARN Batch means correlation test was run for depository of place P/categories_login, color 0
    However, the standard deviation of the token residence time is 0 and therefore the result of the test is ignored!
    In future runs, you should set numBMeansCorlTested to 0 to switch off the correlation test!
WARN Batch means correlation test was run for depository of place I/icon_login, color 0
    However, the standard deviation of the token residence time is 0 and therefore the result of the test is ignored!
    In future runs, you should set numBMeansCorlTested to 0 to switch off the correlation test!
WARN Batch means correlation test was run for depository of place A/isLoggedIn_login, color 0
    However, the standard deviation of the token residence time is 0 and therefore the result of the test is ignored!
    In future runs, you should set numBMeansCorlTested to 0 to switch off the correlation test!
WARN Batch means correlation test was run for depository of place W/loginAction, color 0
    However, the standard deviation of the token residence time is 0 and therefore the result of the test is ignored!
    In future runs, you should set numBMeansCorlTested to 0 to switch off the correlation test!
WARN Batch means correlation test was run for depository of place A/login_loginAction, color 0
    However, the standard deviation of the token residence time is 0 and therefore the result of the test is ignored!
    In future runs, you should set numBMeansCorlTested to 0 to switch off the correlation test!
WARN Batch means correlation test was run for depository of place P/getUser_loginAction, color 0
    However, the standard deviation of the token residence time is 0 and therefore the result of the test is ignored!
    In future runs, you should set numBMeansCorlTested to 0 to switch off the correlation test!
WARN Batch means correlation test was run for depository of place I/icon_loginAction, color 0
    However, the standard deviation of the token residence time is 0 and therefore the result of the test is ignored!
    In future runs, you should set numBMeansCorlTested to 0 to switch off the correlation test!
WARN LP-1 The simulation was stopped because of reaching max totalRunLen.
The required precision may not have been reached!
REPORT for Queue of Queueing Place : W/index----------------------------------------

queueUtilQPl=0.009565001596174716

------------------ Color = index --------------------
arrivCnt=277027 deptCnt=277027
arrivThrPut=0.02773043868967414 deptThrPut=0.02773043868967414
meanTkPop=0.009944655511368264 tkColOcp=0.009565001596174716
-----
meanST=0.3586187590703825 stDevST=0.9465630337144618

Steady State Statistics: numBatchesST=692 batchSizeST=400 stDevStdStateMeanST=0.05058416261930775
95% c.i. = 0.35862634613447936 +/- 0.0037688565596140644



REPORT for Depository of Queueing Place : W/index----------------------------------------

tkOcp=0.0

------------------ Color = index --------------------
arrivCnt=277027 deptCnt=277027
arrivThrPut=0.02773043868967414 deptThrPut=0.02773043868967414
meanTkPop=0.0 tkColOcp=0.0
-----
meanST=0.0 stDevST=0.0

Steady State Statistics: numBatchesST=1385 batchSizeST=200 stDevStdStateMeanST=0.0
95% c.i. = 0.0 +/- 0.0



REPORT for Queue : WebUI----------------------------------------

totArrivThrPut=0.16653558513655337 totDeptThrPut=0.16653558513655337
meanTotTkPop=0.1944516576743228 queueUtil=0.15213991159659032
meanST=1.1676282730497463



REPORT for Queue of Queueing Place : P/categories_index----------------------------------------

queueUtilQPl=0.010972086739444765

------------------ Color = index --------------------
arrivCnt=277027 deptCnt=277027
arrivThrPut=0.02773043868967414 deptThrPut=0.02773043868967414
meanTkPop=0.011150575841080586 tkColOcp=0.010972086739444765
-----
meanST=0.4021060022116663 stDevST=0.3978169293828074

Steady State Statistics: numBatchesST=692 batchSizeST=400 stDevStdStateMeanST=0.02062787111362824
95% c.i. = 0.40209955266509756 +/- 0.0015369135976918773



REPORT for Depository of Queueing Place : P/categories_index----------------------------------------

tkOcp=0.0

------------------ Color = index --------------------
arrivCnt=277027 deptCnt=277027
arrivThrPut=0.02773043868967414 deptThrPut=0.02773043868967414
meanTkPop=0.0 tkColOcp=0.0
-----
meanST=0.0 stDevST=0.0

Steady State Statistics: numBatchesST=1385 batchSizeST=200 stDevStdStateMeanST=0.0
95% c.i. = 0.0 +/- 0.0



REPORT for Queue : Persistence----------------------------------------

totArrivThrPut=0.16653558513655337 totDeptThrPut=0.16653558513655337
meanTotTkPop=0.04030221346080805 queueUtil=0.038040968550696816
meanST=0.24200361398893597



REPORT for Queue of Queueing Place : A/isLoggedIn_index----------------------------------------

queueUtilQPl=0.00356467292293034

------------------ Color = index --------------------
arrivCnt=277027 deptCnt=277027
arrivThrPut=0.02773043868967414 deptThrPut=0.02773043868967414
meanTkPop=0.0035949167887321795 tkColOcp=0.00356467292293034
-----
meanST=0.12963793429170678 stDevST=0.17720517981540235

Steady State Statistics: numBatchesST=692 batchSizeST=400 stDevStdStateMeanST=0.009181416358544036
95% c.i. = 0.1296558746706361 +/- 6.840765859834276E-4



REPORT for Depository of Queueing Place : A/isLoggedIn_index----------------------------------------

tkOcp=0.0

------------------ Color = index --------------------
arrivCnt=277027 deptCnt=277027
arrivThrPut=0.02773043868967414 deptThrPut=0.02773043868967414
meanTkPop=0.0 tkColOcp=0.0
-----
meanST=0.0 stDevST=0.0

Steady State Statistics: numBatchesST=1385 batchSizeST=200 stDevStdStateMeanST=0.0
95% c.i. = 0.0 +/- 0.0



REPORT for Queue : Auth----------------------------------------

totArrivThrPut=0.16653558513655337 totDeptThrPut=0.16653558513655337
meanTotTkPop=0.0443053841217162 queueUtil=0.041423085785138064
meanST=0.2660415435258917



REPORT for Queue of Queueing Place : W/login----------------------------------------

queueUtilQPl=0.05355834223999926

------------------ Color = login --------------------
arrivCnt=276668 deptCnt=276668
arrivThrPut=0.02769450274303503 deptThrPut=0.02769450274303503
meanTkPop=0.05659882575026931 tkColOcp=0.05355834223999926
-----
meanST=2.0436844913022862 stDevST=2.021944644696227

Steady State Statistics: numBatchesST=691 batchSizeST=400 stDevStdStateMeanST=0.11382098250978354
95% c.i. = 2.0438431984737226 +/- 0.0084865543613828



REPORT for Depository of Queueing Place : W/login----------------------------------------

tkOcp=0.0

------------------ Color = login --------------------
arrivCnt=276668 deptCnt=276668
arrivThrPut=0.02769450274303503 deptThrPut=0.02769450274303503
meanTkPop=0.0 tkColOcp=0.0
-----
meanST=0.0 stDevST=0.0

Steady State Statistics: numBatchesST=1383 batchSizeST=200 stDevStdStateMeanST=0.0
95% c.i. = 0.0 +/- 0.0



REPORT for Queue : WebUI----------------------------------------

totArrivThrPut=0.16653558513655337 totDeptThrPut=0.16653558513655337
meanTotTkPop=0.1944516576743228 queueUtil=0.15213991159659032
meanST=1.1676282730497463



REPORT for Queue of Queueing Place : W/loginAction----------------------------------------

queueUtilQPl=0.05366323236220896

------------------ Color = loginAction --------------------
arrivCnt=276909 deptCnt=276909
arrivThrPut=0.02771862687434429 deptThrPut=0.02771862687434429
meanTkPop=0.056664914459952614 tkColOcp=0.05366323236220896
-----
meanST=2.0442900983814725 stDevST=2.01774093461331

Steady State Statistics: numBatchesST=346 batchSizeST=800 stDevStdStateMeanST=0.0794231849626523
95% c.i. = 2.0441883017336946 +/- 0.008368687297626855



REPORT for Depository of Queueing Place : W/loginAction----------------------------------------

tkOcp=0.0

------------------ Color = loginAction --------------------
arrivCnt=276909 deptCnt=276909
arrivThrPut=0.02771862687434429 deptThrPut=0.02771862687434429
meanTkPop=0.0 tkColOcp=0.0
-----
meanST=0.0 stDevST=0.0

Steady State Statistics: numBatchesST=1384 batchSizeST=200 stDevStdStateMeanST=0.0
95% c.i. = 0.0 +/- 0.0



REPORT for Queue : WebUI----------------------------------------

totArrivThrPut=0.16653558513655337 totDeptThrPut=0.16653558513655337
meanTotTkPop=0.1944516576743228 queueUtil=0.15213991159659032
meanST=1.1676282730497463



REPORT for Queue of Queueing Place : A/login_loginAction----------------------------------------

queueUtilQPl=0.0036515397164330805

------------------ Color = loginAction --------------------
arrivCnt=276909 deptCnt=276909
arrivThrPut=0.02771862687434429 deptThrPut=0.02771862687434429
meanTkPop=0.0036652102044840273 tkColOcp=0.0036515397164330805
-----
meanST=0.13222914039354738 stDevST=0.15906620873542815

Steady State Statistics: numBatchesST=692 batchSizeST=400 stDevStdStateMeanST=0.00818229083931515
95% c.i. = 0.13224275615933495 +/- 6.096350894351326E-4



REPORT for Depository of Queueing Place : A/login_loginAction----------------------------------------

tkOcp=0.0

------------------ Color = loginAction --------------------
arrivCnt=276909 deptCnt=276909
arrivThrPut=0.02771862687434429 deptThrPut=0.02771862687434429
meanTkPop=0.0 tkColOcp=0.0
-----
meanST=0.0 stDevST=0.0

Steady State Statistics: numBatchesST=1384 batchSizeST=200 stDevStdStateMeanST=0.0
95% c.i. = 0.0 +/- 0.0



REPORT for Queue : Auth----------------------------------------

totArrivThrPut=0.16653558513655337 totDeptThrPut=0.16653558513655337
meanTotTkPop=0.0443053841217162 queueUtil=0.041423085785138064
meanST=0.2660415435258917



REPORT for Queue of Queueing Place : W/logout----------------------------------------

queueUtilQPl=0.012061344464905614

------------------ Color = logout --------------------
arrivCnt=276910 deptCnt=276910
arrivThrPut=0.027718726974474205 deptThrPut=0.027718726974474205
meanTkPop=0.012477245768911786 tkColOcp=0.012061344464905614
-----
meanST=0.45013776355609364 stDevST=0.9624888842836027

Steady State Statistics: numBatchesST=692 batchSizeST=400 stDevStdStateMeanST=0.05309465553918782
95% c.i. = 0.4501711775496739 +/- 0.0039559049798906345



REPORT for Depository of Queueing Place : W/logout----------------------------------------

tkOcp=0.0

------------------ Color = logout --------------------
arrivCnt=276910 deptCnt=276910
arrivThrPut=0.027718726974474205 deptThrPut=0.027718726974474205
meanTkPop=0.0 tkColOcp=0.0
-----
meanST=0.0 stDevST=0.0

Steady State Statistics: numBatchesST=1384 batchSizeST=200 stDevStdStateMeanST=0.0
95% c.i. = 0.0 +/- 0.0



REPORT for Queue : WebUI----------------------------------------

totArrivThrPut=0.16653558513655337 totDeptThrPut=0.16653558513655337
meanTotTkPop=0.1944516576743228 queueUtil=0.15213991159659032
meanST=1.1676282730497463



REPORT for Queue of Queueing Place : A/logout_logout----------------------------------------

queueUtilQPl=0.0036643165173044306

------------------ Color = logout --------------------
arrivCnt=276910 deptCnt=276910
arrivThrPut=0.027718726974474205 deptThrPut=0.027718726974474205
meanTkPop=0.003695155706190292 tkColOcp=0.0036643165173044306
-----
meanST=0.13330899754498501 stDevST=0.17156493620739297

Steady State Statistics: numBatchesST=692 batchSizeST=400 stDevStdStateMeanST=0.008775423169402084
95% c.i. = 0.133302235019402 +/- 6.538273930577304E-4



REPORT for Depository of Queueing Place : A/logout_logout----------------------------------------

tkOcp=0.0

------------------ Color = logout --------------------
arrivCnt=276910 deptCnt=276910
arrivThrPut=0.027718726974474205 deptThrPut=0.027718726974474205
meanTkPop=0.0 tkColOcp=0.0
-----
meanST=0.0 stDevST=0.0

Steady State Statistics: numBatchesST=1384 batchSizeST=200 stDevStdStateMeanST=0.0
95% c.i. = 0.0 +/- 0.0



REPORT for Queue : Auth----------------------------------------

totArrivThrPut=0.16653558513655337 totDeptThrPut=0.16653558513655337
meanTotTkPop=0.0443053841217162 queueUtil=0.041423085785138064
meanST=0.2660415435258917



REPORT for Queue of Queueing Place : P/getUser_loginAction----------------------------------------

queueUtilQPl=0.003010154693998085

------------------ Color = loginAction --------------------
arrivCnt=276909 deptCnt=276909
arrivThrPut=0.02771862687434429 deptThrPut=0.02771862687434429
meanTkPop=0.003020594336410455 tkColOcp=0.003010154693998085
-----
meanST=0.10897344771454917 stDevST=0.13598560584827754

Steady State Statistics: numBatchesST=692 batchSizeST=400 stDevStdStateMeanST=0.007119006441920291
95% c.i. = 0.10897199883337709 +/- 5.304133297310921E-4



REPORT for Depository of Queueing Place : P/getUser_loginAction----------------------------------------

tkOcp=0.0

------------------ Color = loginAction --------------------
arrivCnt=276909 deptCnt=276909
arrivThrPut=0.02771862687434429 deptThrPut=0.02771862687434429
meanTkPop=0.0 tkColOcp=0.0
-----
meanST=0.0 stDevST=0.0

Steady State Statistics: numBatchesST=1384 batchSizeST=200 stDevStdStateMeanST=0.0
95% c.i. = 0.0 +/- 0.0



REPORT for Queue : Persistence----------------------------------------

totArrivThrPut=0.16653558513655337 totDeptThrPut=0.16653558513655337
meanTotTkPop=0.04030221346080805 queueUtil=0.038040968550696816
meanST=0.24200361398893597



REPORT for Queue of Queueing Place : W/category----------------------------------------

queueUtilQPl=0.02841907113867993

------------------ Color = category --------------------
arrivCnt=278024 deptCnt=278024
arrivThrPut=0.027830238519198355 deptThrPut=0.027830238519198355
meanTkPop=0.029395423057050268 tkColOcp=0.02841907113867993
-----
meanST=1.0562404284380167 stDevST=1.233489624999481

Steady State Statistics: numBatchesST=173 batchSizeST=1600 stDevStdStateMeanST=0.03462894149520278
95% c.i. = 1.0559047173346159 +/- 0.005196790323007224



REPORT for Depository of Queueing Place : W/category----------------------------------------

tkOcp=0.0

------------------ Color = category --------------------
arrivCnt=278024 deptCnt=278024
arrivThrPut=0.027830238519198355 deptThrPut=0.027830238519198355
meanTkPop=0.0 tkColOcp=0.0
-----
meanST=0.0 stDevST=0.0

Steady State Statistics: numBatchesST=1390 batchSizeST=200 stDevStdStateMeanST=0.0
95% c.i. = 0.0 +/- 0.0



REPORT for Queue : WebUI----------------------------------------

totArrivThrPut=0.16653558513655337 totDeptThrPut=0.16653558513655337
meanTotTkPop=0.1944516576743228 queueUtil=0.15213991159659032
meanST=1.1676282730497463



REPORT for Queue of Queueing Place : W/product----------------------------------------

queueUtilQPl=0.028354825211477523

------------------ Color = product --------------------
arrivCnt=278152 deptCnt=278152
arrivThrPut=0.027843051335827342 deptThrPut=0.027843051335827342
meanTkPop=0.029370593126770563 tkColOcp=0.028354825211477523
-----
meanST=1.0548625857316738 stDevST=1.235557467796197

Steady State Statistics: numBatchesST=695 batchSizeST=400 stDevStdStateMeanST=0.06747165895434416
95% c.i. = 1.0548123891180412 +/- 0.00501622579576933



REPORT for Depository of Queueing Place : W/product----------------------------------------

tkOcp=0.0

------------------ Color = product --------------------
arrivCnt=278152 deptCnt=278152
arrivThrPut=0.027843051335827342 deptThrPut=0.027843051335827342
meanTkPop=0.0 tkColOcp=0.0
-----
meanST=0.0 stDevST=0.0

Steady State Statistics: numBatchesST=1390 batchSizeST=200 stDevStdStateMeanST=0.0
95% c.i. = 0.0 +/- 0.0



REPORT for Queue : WebUI----------------------------------------

totArrivThrPut=0.16653558513655337 totDeptThrPut=0.16653558513655337
meanTotTkPop=0.1944516576743228 queueUtil=0.15213991159659032
meanST=1.1676282730497463



REPORT for Queue of Queueing Place : P/category_category----------------------------------------

queueUtilQPl=0.007437723940240923

------------------ Color = category --------------------
arrivCnt=278024 deptCnt=278024
arrivThrPut=0.027830238519198355 deptThrPut=0.027830238519198355
meanTkPop=0.007498302680463361 tkColOcp=0.007437723940240923
-----
meanST=0.26943005448159374 stDevST=0.272464561691696

Steady State Statistics: numBatchesST=695 batchSizeST=400 stDevStdStateMeanST=0.01450206208328696
95% c.i. = 0.2694221323159598 +/- 0.0010781655444881961



REPORT for Depository of Queueing Place : P/category_category----------------------------------------

tkOcp=0.0

------------------ Color = category --------------------
arrivCnt=278024 deptCnt=278024
arrivThrPut=0.027830238519198355 deptThrPut=0.027830238519198355
meanTkPop=0.0 tkColOcp=0.0
-----
meanST=0.0 stDevST=0.0

Steady State Statistics: numBatchesST=1390 batchSizeST=200 stDevStdStateMeanST=0.0
95% c.i. = 0.0 +/- 0.0



REPORT for Queue : Persistence----------------------------------------

totArrivThrPut=0.16653558513655337 totDeptThrPut=0.16653558513655337
meanTotTkPop=0.04030221346080805 queueUtil=0.038040968550696816
meanST=0.24200361398893597



REPORT for Queue of Queueing Place : P/getProduct_product----------------------------------------

queueUtilQPl=0.0031110674130561235

------------------ Color = product --------------------
arrivCnt=278152 deptCnt=278152
arrivThrPut=0.027843051335827342 deptThrPut=0.027843051335827342
meanTkPop=0.003123905434072777 tkColOcp=0.0031110674130561235
-----
meanST=0.11219694983836268 stDevST=0.13100057685232996

Steady State Statistics: numBatchesST=695 batchSizeST=400 stDevStdStateMeanST=0.006704802884117829
95% c.i. = 0.11220009907756204 +/- 4.984730730515852E-4



REPORT for Depository of Queueing Place : P/getProduct_product----------------------------------------

tkOcp=0.0

------------------ Color = product --------------------
arrivCnt=278152 deptCnt=278152
arrivThrPut=0.027843051335827342 deptThrPut=0.027843051335827342
meanTkPop=0.0 tkColOcp=0.0
-----
meanST=0.0 stDevST=0.0

Steady State Statistics: numBatchesST=1390 batchSizeST=200 stDevStdStateMeanST=0.0
95% c.i. = 0.0 +/- 0.0



REPORT for Queue : Persistence----------------------------------------

totArrivThrPut=0.16653558513655337 totDeptThrPut=0.16653558513655337
meanTotTkPop=0.04030221346080805 queueUtil=0.038040968550696816
meanST=0.24200361398893597



REPORT for Queue of Queueing Place : R/getAds_product----------------------------------------

queueUtilQPl=0.008472087202617655

------------------ Color = product --------------------
arrivCnt=278152 deptCnt=278152
arrivThrPut=0.027843051335827342 deptThrPut=0.027843051335827342
meanTkPop=0.008550744642427117 tkColOcp=0.008472087202617655
-----
meanST=0.30710515666163196 stDevST=0.30726388122506065

Steady State Statistics: numBatchesST=695 batchSizeST=400 stDevStdStateMeanST=0.014969239374781045
95% c.i. = 0.30710471583117094 +/- 0.0011128981539587298



REPORT for Depository of Queueing Place : R/getAds_product----------------------------------------

tkOcp=0.0

------------------ Color = product --------------------
arrivCnt=278152 deptCnt=278152
arrivThrPut=0.027843051335827342 deptThrPut=0.027843051335827342
meanTkPop=0.0 tkColOcp=0.0
-----
meanST=0.0 stDevST=0.0

Steady State Statistics: numBatchesST=1390 batchSizeST=200 stDevStdStateMeanST=0.0
95% c.i. = 0.0 +/- 0.0



REPORT for Queue : Recommender----------------------------------------

totArrivThrPut=0.027843051335827342 totDeptThrPut=0.027843051335827342
meanTotTkPop=0.008550744642427117 queueUtil=0.008472087202617655
meanST=0.30710515666163196



REPORT for Queue of Queueing Place : I/productImages_category----------------------------------------

queueUtilQPl=0.02297976751553229

------------------ Color = category --------------------
arrivCnt=278024 deptCnt=278024
arrivThrPut=0.027830238519198355 deptThrPut=0.027830238519198355
meanTkPop=0.02357054478186283 tkColOcp=0.02297976751553229
-----
meanST=0.8469400923604363 stDevST=0.8499670391196613

Steady State Statistics: numBatchesST=695 batchSizeST=400 stDevStdStateMeanST=0.04102804068046839
95% c.i. = 0.8469426787241783 +/- 0.003050257236901512



REPORT for Depository of Queueing Place : I/productImages_category----------------------------------------

tkOcp=0.0

------------------ Color = category --------------------
arrivCnt=278024 deptCnt=278024
arrivThrPut=0.027830238519198355 deptThrPut=0.027830238519198355
meanTkPop=0.0 tkColOcp=0.0
-----
meanST=0.0 stDevST=0.0

Steady State Statistics: numBatchesST=1390 batchSizeST=200 stDevStdStateMeanST=0.0
95% c.i. = 0.0 +/- 0.0



REPORT for Queue : ImageProvider----------------------------------------

totArrivThrPut=0.16653558513655337 totDeptThrPut=0.16653558513655337
meanTotTkPop=0.09999036187413309 queueUtil=0.08663935925777944
meanST=0.6004143906669825



REPORT for Queue of Queueing Place : I/product_product----------------------------------------

queueUtilQPl=0.017371634202741945

------------------ Color = product --------------------
arrivCnt=278152 deptCnt=278152
arrivThrPut=0.027843051335827342 deptThrPut=0.027843051335827342
meanTkPop=0.017735623075294894 tkColOcp=0.017371634202741945
-----
meanST=0.6369856112887093 stDevST=0.6649331267180728

Steady State Statistics: numBatchesST=695 batchSizeST=400 stDevStdStateMeanST=0.03568701342333635
95% c.i. = 0.6370185245879169 +/- 0.0026531749786860735



REPORT for Depository of Queueing Place : I/product_product----------------------------------------

tkOcp=0.0

------------------ Color = product --------------------
arrivCnt=278152 deptCnt=278152
arrivThrPut=0.027843051335827342 deptThrPut=0.027843051335827342
meanTkPop=0.0 tkColOcp=0.0
-----
meanST=0.0 stDevST=0.0

Steady State Statistics: numBatchesST=1390 batchSizeST=200 stDevStdStateMeanST=0.0
95% c.i. = 0.0 +/- 0.0



REPORT for Queue : ImageProvider----------------------------------------

totArrivThrPut=0.16653558513655337 totDeptThrPut=0.16653558513655337
meanTotTkPop=0.09999036187413309 queueUtil=0.08663935925777944
meanST=0.6004143906669825



REPORT for Queue of Queueing Place : Workload----------------------------------------

queueUtilQPl=0.9999999999999998

------------------ Color = workload --------------------
arrivCnt=1663690 deptCnt=1663690
arrivThrPut=0.16653558513655337 deptThrPut=0.16653558513655337
meanTkPop=0.9999999999999998 tkColOcp=0.9999999999999998
-----
meanST=6.004722649396732 stDevST=6.002586041030018

Steady State Statistics: numBatchesST=2079 batchSizeST=800 stDevStdStateMeanST=0.21684389885939803
95% c.i. = 6.004909218882617 +/- 0.009321119024456655



REPORT for Depository of Queueing Place : Workload----------------------------------------

tkOcp=0.0

------------------ Color = workload --------------------
arrivCnt=1663690 deptCnt=1663690
arrivThrPut=0.16653558513655337 deptThrPut=0.16653558513655337
meanTkPop=0.0 tkColOcp=0.0
-----
meanST=0.0 stDevST=0.0

Steady State Statistics: numBatchesST=8318 batchSizeST=200 stDevStdStateMeanST=0.0
95% c.i. = 0.0 +/- 0.0



REPORT for Queue : Workload----------------------------------------

totArrivThrPut=0.16653558513655337 totDeptThrPut=0.16653558513655337
meanTotTkPop=0.9999999999999998 queueUtil=0.9999999999999998
meanST=6.004722649396732



REPORT for Queue of Queueing Place : I/icon_index----------------------------------------

queueUtilQPl=0.007721248260392281

------------------ Color = index --------------------
arrivCnt=277027 deptCnt=277027
arrivThrPut=0.02773043868967414 deptThrPut=0.02773043868967414
meanTkPop=0.007876171550638349 tkColOcp=0.007721248260392281
-----
meanST=0.284026215336116 stDevST=0.4448208716656531

Steady State Statistics: numBatchesST=692 batchSizeST=400 stDevStdStateMeanST=0.024263434797889838
95% c.i. = 0.284087313667562 +/- 0.0018077872729653718



REPORT for Depository of Queueing Place : I/icon_index----------------------------------------

tkOcp=0.0

------------------ Color = index --------------------
arrivCnt=277027 deptCnt=277027
arrivThrPut=0.02773043868967414 deptThrPut=0.02773043868967414
meanTkPop=0.0 tkColOcp=0.0
-----
meanST=0.0 stDevST=0.0

Steady State Statistics: numBatchesST=1385 batchSizeST=200 stDevStdStateMeanST=0.0
95% c.i. = 0.0 +/- 0.0



REPORT for Queue : ImageProvider----------------------------------------

totArrivThrPut=0.16653558513655337 totDeptThrPut=0.16653558513655337
meanTotTkPop=0.09999036187413309 queueUtil=0.08663935925777944
meanST=0.6004143906669825



REPORT for Queue of Queueing Place : P/categories_login----------------------------------------

queueUtilQPl=0.003274936885052247

------------------ Color = login --------------------
arrivCnt=276668 deptCnt=276668
arrivThrPut=0.02769450274303503 deptThrPut=0.02769450274303503
meanTkPop=0.0032848719682730078 tkColOcp=0.003274936885052247
-----
meanST=0.1186109748476755 stDevST=0.1282513889758611

Steady State Statistics: numBatchesST=691 batchSizeST=400 stDevStdStateMeanST=0.006485133115261311
95% c.i. = 0.11860814381952796 +/- 4.8353505223642064E-4



REPORT for Depository of Queueing Place : P/categories_login----------------------------------------

tkOcp=0.0

------------------ Color = login --------------------
arrivCnt=276668 deptCnt=276668
arrivThrPut=0.02769450274303503 deptThrPut=0.02769450274303503
meanTkPop=0.0 tkColOcp=0.0
-----
meanST=0.0 stDevST=0.0

Steady State Statistics: numBatchesST=1383 batchSizeST=200 stDevStdStateMeanST=0.0
95% c.i. = 0.0 +/- 0.0



REPORT for Queue : Persistence----------------------------------------

totArrivThrPut=0.16653558513655337 totDeptThrPut=0.16653558513655337
meanTotTkPop=0.04030221346080805 queueUtil=0.038040968550696816
meanST=0.24200361398893597



REPORT for Queue of Queueing Place : I/icon_login----------------------------------------

queueUtilQPl=0.0166959820814122

------------------ Color = login --------------------
arrivCnt=276668 deptCnt=276668
arrivThrPut=0.02769450274303503 deptThrPut=0.02769450274303503
meanTkPop=0.016973810381766652 tkColOcp=0.0166959820814122
-----
meanST=0.6128945711450061 stDevST=0.6347187857583647

Steady State Statistics: numBatchesST=691 batchSizeST=400 stDevStdStateMeanST=0.034458688969292654
95% c.i. = 0.6128836418647585 +/- 0.0025692585910927937



REPORT for Depository of Queueing Place : I/icon_login----------------------------------------

tkOcp=0.0

------------------ Color = login --------------------
arrivCnt=276668 deptCnt=276668
arrivThrPut=0.02769450274303503 deptThrPut=0.02769450274303503
meanTkPop=0.0 tkColOcp=0.0
-----
meanST=0.0 stDevST=0.0

Steady State Statistics: numBatchesST=1383 batchSizeST=200 stDevStdStateMeanST=0.0
95% c.i. = 0.0 +/- 0.0



REPORT for Queue : ImageProvider----------------------------------------

totArrivThrPut=0.16653558513655337 totDeptThrPut=0.16653558513655337
meanTotTkPop=0.09999036187413309 queueUtil=0.08663935925777944
meanST=0.6004143906669825



REPORT for Queue of Queueing Place : A/isLoggedIn_login----------------------------------------

queueUtilQPl=0.014698248061442931

------------------ Color = login --------------------
arrivCnt=276668 deptCnt=276668
arrivThrPut=0.02769450274303503 deptThrPut=0.02769450274303503
meanTkPop=0.01489897218729664 tkColOcp=0.014698248061442931
-----
meanST=0.5379757970575452 stDevST=0.5330562413723311

Steady State Statistics: numBatchesST=345 batchSizeST=800 stDevStdStateMeanST=0.020084841121272217
95% c.i. = 0.5379715064161962 +/- 0.0021193707885684906



REPORT for Depository of Queueing Place : A/isLoggedIn_login----------------------------------------

tkOcp=0.0

------------------ Color = login --------------------
arrivCnt=276668 deptCnt=276668
arrivThrPut=0.02769450274303503 deptThrPut=0.02769450274303503
meanTkPop=0.0 tkColOcp=0.0
-----
meanST=0.0 stDevST=0.0

Steady State Statistics: numBatchesST=1383 batchSizeST=200 stDevStdStateMeanST=0.0
95% c.i. = 0.0 +/- 0.0



REPORT for Queue : Auth----------------------------------------

totArrivThrPut=0.16653558513655337 totDeptThrPut=0.16653558513655337
meanTotTkPop=0.0443053841217162 queueUtil=0.041423085785138064
meanST=0.2660415435258917



REPORT for Queue of Queueing Place : A/isLoggedIn_category----------------------------------------

queueUtilQPl=0.008832441273757456

------------------ Color = category --------------------
arrivCnt=278024 deptCnt=278024
arrivThrPut=0.027830238519198355 deptThrPut=0.027830238519198355
meanTkPop=0.008911931991086254 tkColOcp=0.008832441273757456
-----
meanST=0.3202247794225143 stDevST=0.3260080970467652

Steady State Statistics: numBatchesST=695 batchSizeST=400 stDevStdStateMeanST=0.016227343426470444
95% c.i. = 0.32022452621155095 +/- 0.0012064327445653823



REPORT for Depository of Queueing Place : A/isLoggedIn_category----------------------------------------

tkOcp=0.0

------------------ Color = category --------------------
arrivCnt=278024 deptCnt=278024
arrivThrPut=0.027830238519198355 deptThrPut=0.027830238519198355
meanTkPop=0.0 tkColOcp=0.0
-----
meanST=0.0 stDevST=0.0

Steady State Statistics: numBatchesST=1390 batchSizeST=200 stDevStdStateMeanST=0.0
95% c.i. = 0.0 +/- 0.0



REPORT for Queue : Auth----------------------------------------

totArrivThrPut=0.16653558513655337 totDeptThrPut=0.16653558513655337
meanTotTkPop=0.0443053841217162 queueUtil=0.041423085785138064
meanST=0.2660415435258917



REPORT for Queue of Queueing Place : I/icon_logout----------------------------------------

queueUtilQPl=0.005619896239332955

------------------ Color = logout --------------------
arrivCnt=276910 deptCnt=276910
arrivThrPut=0.027718726974474205 deptThrPut=0.027718726974474205
meanTkPop=0.0057461117442441575 tkColOcp=0.005619896239332955
-----
meanST=0.20730070863411848 stDevST=0.4159973552401997

Steady State Statistics: numBatchesST=346 batchSizeST=800 stDevStdStateMeanST=0.015487097190029804
95% c.i. = 0.20730219987387002 +/- 0.0016318493597588762



REPORT for Depository of Queueing Place : I/icon_logout----------------------------------------

tkOcp=0.0

------------------ Color = logout --------------------
arrivCnt=276910 deptCnt=276910
arrivThrPut=0.027718726974474205 deptThrPut=0.027718726974474205
meanTkPop=0.0 tkColOcp=0.0
-----
meanST=0.0 stDevST=0.0

Steady State Statistics: numBatchesST=1384 batchSizeST=200 stDevStdStateMeanST=0.0
95% c.i. = 0.0 +/- 0.0



REPORT for Queue : ImageProvider----------------------------------------

totArrivThrPut=0.16653558513655337 totDeptThrPut=0.16653558513655337
meanTotTkPop=0.09999036187413309 queueUtil=0.08663935925777944
meanST=0.6004143906669825



REPORT for Queue of Queueing Place : I/icon_loginAction----------------------------------------

queueUtilQPl=0.027370190338277683

------------------ Color = loginAction --------------------
arrivCnt=276909 deptCnt=276909
arrivThrPut=0.02771862687434429 deptThrPut=0.02771862687434429
meanTkPop=0.028088100340326206 tkColOcp=0.027370190338277683
-----
meanST=1.0133294288947585 stDevST=1.0034545311044403

Steady State Statistics: numBatchesST=346 batchSizeST=800 stDevStdStateMeanST=0.03702378418947701
95% c.i. = 1.0133625571658904 +/- 0.00390113381378816



REPORT for Depository of Queueing Place : I/icon_loginAction----------------------------------------

tkOcp=0.0

------------------ Color = loginAction --------------------
arrivCnt=276909 deptCnt=276909
arrivThrPut=0.02771862687434429 deptThrPut=0.02771862687434429
meanTkPop=0.0 tkColOcp=0.0
-----
meanST=0.0 stDevST=0.0

Steady State Statistics: numBatchesST=1384 batchSizeST=200 stDevStdStateMeanST=0.0
95% c.i. = 0.0 +/- 0.0



REPORT for Queue : ImageProvider----------------------------------------

totArrivThrPut=0.16653558513655337 totDeptThrPut=0.16653558513655337
meanTotTkPop=0.09999036187413309 queueUtil=0.08663935925777944
meanST=0.6004143906669825



REPORT for Queue of Queueing Place : A/isLoggedIn_product----------------------------------------

queueUtilQPl=0.009437310642592997

------------------ Color = product --------------------
arrivCnt=278152 deptCnt=278152
arrivThrPut=0.027843051335827342 deptThrPut=0.027843051335827342
meanTkPop=0.00953919724392681 tkColOcp=0.009437310642592997
-----
meanST=0.34260602865937134 stDevST=0.34609751048756104

Steady State Statistics: numBatchesST=695 batchSizeST=400 stDevStdStateMeanST=0.017804760910960997
95% c.i. = 0.34260922191487614 +/- 0.0013237069067695952



REPORT for Depository of Queueing Place : A/isLoggedIn_product----------------------------------------

tkOcp=0.0

------------------ Color = product --------------------
arrivCnt=278152 deptCnt=278152
arrivThrPut=0.027843051335827342 deptThrPut=0.027843051335827342
meanTkPop=0.0 tkColOcp=0.0
-----
meanST=0.0 stDevST=0.0

Steady State Statistics: numBatchesST=1390 batchSizeST=200 stDevStdStateMeanST=0.0
95% c.i. = 0.0 +/- 0.0



REPORT for Queue : Auth----------------------------------------

totArrivThrPut=0.16653558513655337 totDeptThrPut=0.16653558513655337
meanTotTkPop=0.0443053841217162 queueUtil=0.041423085785138064
meanST=0.2660415435258917



REPORT for Queue of Queueing Place : P/category_logout----------------------------------------

queueUtilQPl=0.012033252994698169

------------------ Color = logout --------------------
arrivCnt=276910 deptCnt=276910
arrivThrPut=0.027718726974474205 deptThrPut=0.027718726974474205
meanTkPop=0.012223963200507856 tkColOcp=0.012033252994698169
-----
meanST=0.44100016612468296 stDevST=0.43661613238514246

Steady State Statistics: numBatchesST=692 batchSizeST=400 stDevStdStateMeanST=0.022544640568353123
95% c.i. = 0.44101062309639594 +/- 0.0016797256708515182



REPORT for Depository of Queueing Place : P/category_logout----------------------------------------

tkOcp=0.0

------------------ Color = logout --------------------
arrivCnt=276910 deptCnt=276910
arrivThrPut=0.027718726974474205 deptThrPut=0.027718726974474205
meanTkPop=0.0 tkColOcp=0.0
-----
meanST=0.0 stDevST=0.0

Steady State Statistics: numBatchesST=1384 batchSizeST=200 stDevStdStateMeanST=0.0
95% c.i. = 0.0 +/- 0.0



REPORT for Queue : Persistence----------------------------------------

totArrivThrPut=0.16653558513655337 totDeptThrPut=0.16653558513655337
meanTotTkPop=0.04030221346080805 queueUtil=0.038040968550696816
meanST=0.24200361398893597



REPORT for Ordinary Place : Finish_index----------------------------------------

tkOcp=0.9999999999999998

------------------ Color = index --------------------
arrivCnt=277027 deptCnt=0
arrivThrPut=0.02773043868967414 deptThrPut=0.0
meanTkPop=138843.2650407313 tkColOcp=0.9999999999999998
-----
meanST=NaN stDevST=NaN

Steady State Statistics: Only 0 batches collected!
Need at least 60 for steady state statistics.



REPORT for Ordinary Place : Finish_login----------------------------------------

tkOcp=1.0

------------------ Color = login --------------------
arrivCnt=276668 deptCnt=0
arrivThrPut=0.02769450274303503 deptThrPut=0.0
meanTkPop=138659.6423388616 tkColOcp=1.0
-----
meanST=NaN stDevST=NaN

Steady State Statistics: Only 0 batches collected!
Need at least 60 for steady state statistics.



REPORT for Ordinary Place : Finish_loginAction----------------------------------------

tkOcp=1.0

------------------ Color = loginAction --------------------
arrivCnt=276909 deptCnt=0
arrivThrPut=0.02771862687434429 deptThrPut=0.0
meanTkPop=138666.89284678944 tkColOcp=1.0
-----
meanST=NaN stDevST=NaN

Steady State Statistics: Only 0 batches collected!
Need at least 60 for steady state statistics.



REPORT for Ordinary Place : Finish_category----------------------------------------

tkOcp=0.9999999999999998

------------------ Color = category --------------------
arrivCnt=278024 deptCnt=0
arrivThrPut=0.027830238519198355 deptThrPut=0.0
meanTkPop=139427.43668083358 tkColOcp=0.9999999999999998
-----
meanST=NaN stDevST=NaN

Steady State Statistics: Only 0 batches collected!
Need at least 60 for steady state statistics.



REPORT for Ordinary Place : Finish_product----------------------------------------

tkOcp=1.0

------------------ Color = product --------------------
arrivCnt=278152 deptCnt=0
arrivThrPut=0.027843051335827342 deptThrPut=0.0
meanTkPop=139041.50576634635 tkColOcp=1.0
-----
meanST=NaN stDevST=NaN

Steady State Statistics: Only 0 batches collected!
Need at least 60 for steady state statistics.



REPORT for Ordinary Place : Finish_logout----------------------------------------

tkOcp=0.9999999999999998

------------------ Color = logout --------------------
arrivCnt=276910 deptCnt=0
arrivThrPut=0.027718726974474205 deptThrPut=0.0
meanTkPop=138584.91867311468 tkColOcp=0.9999999999999998
-----
meanST=NaN stDevST=NaN

Steady State Statistics: Only 0 batches collected!
Need at least 60 for steady state statistics.



REPORT REPORT for Probe : /index----------------------------------------


------------------ Color = index --------------------
-----
meanST=1.1743889109098717 stDevST=1.2314961355944007

Steady State Statistics: numBatchesST=346 batchSizeST=800 stDevStdStateMeanST=0.04658216157041121
95% c.i. = 1.1744690871377754 +/- 0.004908283947736611



REPORT REPORT for Probe : /login----------------------------------------


------------------ Color = login --------------------
-----
meanST=3.313165834352513 stDevST=2.1784015443777442

Steady State Statistics: numBatchesST=691 batchSizeST=400 stDevStdStateMeanST=0.12170742535980617
95% c.i. = 3.313339753825475 +/- 0.009074571829593488



REPORT REPORT for Probe : /loginAction----------------------------------------


------------------ Color = loginAction --------------------
-----
meanST=3.298822115384327 stDevST=2.270044912825691

Steady State Statistics: numBatchesST=346 batchSizeST=800 stDevStdStateMeanST=0.08932020423647652
95% c.i. = 3.298765613892301 +/- 0.009411519557755535



REPORT REPORT for Probe : /logout----------------------------------------


------------------ Color = logout --------------------
-----
meanST=1.23174763585988 stDevST=1.2335498850844717

Steady State Statistics: numBatchesST=346 batchSizeST=800 stDevStdStateMeanST=0.04631346346811968
95% c.i. = 1.2317862355393423 +/- 0.0048799716810275775



REPORT REPORT for Probe : /category----------------------------------------


------------------ Color = category --------------------
-----
meanST=2.492835354702561 stDevST=1.5826697626068862

Steady State Statistics: numBatchesST=695 batchSizeST=400 stDevStdStateMeanST=0.08465398583868226
95% c.i. = 2.4927427761795315 +/- 0.006293657426832081



REPORT REPORT for Probe : /product----------------------------------------


------------------ Color = product --------------------
-----
meanST=2.4537563321797493 stDevST=1.5243568980028388

Steady State Statistics: numBatchesST=695 batchSizeST=400 stDevStdStateMeanST=0.0835599093703193
95% c.i. = 2.453744950529566 +/- 0.006212317577061082



