INFO Logging to /home/yjx/workloadConfig/qpme/output/SimQPN_Output_config_2025-08-14_105633640.log
WARN Batch means correlation test was run for depository of place Workload, color 0
    However, the standard deviation of the token residence time is 0 and therefore the result of the test is ignored!
    In future runs, you should set numBMeansCorlTested to 0 to switch off the correlation test!
WARN Batch means correlation test was run for depository of place W/loginAction, color 0
    However, the standard deviation of the token residence time is 0 and therefore the result of the test is ignored!
    In future runs, you should set numBMeansCorlTested to 0 to switch off the correlation test!
WARN Batch means correlation test was run for depository of place A/login_loginAction, color 0
    However, the standard deviation of the token residence time is 0 and therefore the result of the test is ignored!
    In future runs, you should set numBMeansCorlTested to 0 to switch off the correlation test!
WARN Batch means correlation test was run for depository of place P/getUser_loginAction, color 0
    However, the standard deviation of the token residence time is 0 and therefore the result of the test is ignored!
    In future runs, you should set numBMeansCorlTested to 0 to switch off the correlation test!
WARN Batch means correlation test was run for depository of place I/icon_loginAction, color 0
    However, the standard deviation of the token residence time is 0 and therefore the result of the test is ignored!
    In future runs, you should set numBMeansCorlTested to 0 to switch off the correlation test!
WARN Batch means correlation test was run for depository of place W/index, color 0
    However, the standard deviation of the token residence time is 0 and therefore the result of the test is ignored!
    In future runs, you should set numBMeansCorlTested to 0 to switch off the correlation test!
WARN Batch means correlation test was run for depository of place P/categories_index, color 0
    However, the standard deviation of the token residence time is 0 and therefore the result of the test is ignored!
    In future runs, you should set numBMeansCorlTested to 0 to switch off the correlation test!
WARN Batch means correlation test was run for depository of place A/isLoggedIn_index, color 0
    However, the standard deviation of the token residence time is 0 and therefore the result of the test is ignored!
    In future runs, you should set numBMeansCorlTested to 0 to switch off the correlation test!
WARN Batch means correlation test was run for depository of place I/icon_index, color 0
    However, the standard deviation of the token residence time is 0 and therefore the result of the test is ignored!
    In future runs, you should set numBMeansCorlTested to 0 to switch off the correlation test!
WARN Batch means correlation test was run for depository of place W/category, color 0
    However, the standard deviation of the token residence time is 0 and therefore the result of the test is ignored!
    In future runs, you should set numBMeansCorlTested to 0 to switch off the correlation test!
WARN Batch means correlation test was run for depository of place P/category_category, color 0
    However, the standard deviation of the token residence time is 0 and therefore the result of the test is ignored!
    In future runs, you should set numBMeansCorlTested to 0 to switch off the correlation test!
WARN Batch means correlation test was run for depository of place I/productImages_category, color 0
    However, the standard deviation of the token residence time is 0 and therefore the result of the test is ignored!
    In future runs, you should set numBMeansCorlTested to 0 to switch off the correlation test!
WARN Batch means correlation test was run for depository of place A/isLoggedIn_category, color 0
    However, the standard deviation of the token residence time is 0 and therefore the result of the test is ignored!
    In future runs, you should set numBMeansCorlTested to 0 to switch off the correlation test!
WARN Batch means correlation test was run for depository of place W/product, color 0
    However, the standard deviation of the token residence time is 0 and therefore the result of the test is ignored!
    In future runs, you should set numBMeansCorlTested to 0 to switch off the correlation test!
WARN Batch means correlation test was run for depository of place P/getProduct_product, color 0
    However, the standard deviation of the token residence time is 0 and therefore the result of the test is ignored!
    In future runs, you should set numBMeansCorlTested to 0 to switch off the correlation test!
WARN Batch means correlation test was run for depository of place R/getAds_product, color 0
    However, the standard deviation of the token residence time is 0 and therefore the result of the test is ignored!
    In future runs, you should set numBMeansCorlTested to 0 to switch off the correlation test!
WARN Batch means correlation test was run for depository of place I/product_product, color 0
    However, the standard deviation of the token residence time is 0 and therefore the result of the test is ignored!
    In future runs, you should set numBMeansCorlTested to 0 to switch off the correlation test!
WARN Batch means correlation test was run for depository of place A/isLoggedIn_product, color 0
    However, the standard deviation of the token residence time is 0 and therefore the result of the test is ignored!
    In future runs, you should set numBMeansCorlTested to 0 to switch off the correlation test!
WARN Batch means correlation test was run for depository of place W/logout, color 0
    However, the standard deviation of the token residence time is 0 and therefore the result of the test is ignored!
    In future runs, you should set numBMeansCorlTested to 0 to switch off the correlation test!
WARN Batch means correlation test was run for depository of place A/logout_logout, color 0
    However, the standard deviation of the token residence time is 0 and therefore the result of the test is ignored!
    In future runs, you should set numBMeansCorlTested to 0 to switch off the correlation test!
WARN Batch means correlation test was run for depository of place P/category_logout, color 0
    However, the standard deviation of the token residence time is 0 and therefore the result of the test is ignored!
    In future runs, you should set numBMeansCorlTested to 0 to switch off the correlation test!
WARN Batch means correlation test was run for depository of place I/icon_logout, color 0
    However, the standard deviation of the token residence time is 0 and therefore the result of the test is ignored!
    In future runs, you should set numBMeansCorlTested to 0 to switch off the correlation test!
WARN Batch means correlation test was run for depository of place W/login, color 0
    However, the standard deviation of the token residence time is 0 and therefore the result of the test is ignored!
    In future runs, you should set numBMeansCorlTested to 0 to switch off the correlation test!
WARN Batch means correlation test was run for depository of place P/categories_login, color 0
    However, the standard deviation of the token residence time is 0 and therefore the result of the test is ignored!
    In future runs, you should set numBMeansCorlTested to 0 to switch off the correlation test!
WARN Batch means correlation test was run for depository of place I/icon_login, color 0
    However, the standard deviation of the token residence time is 0 and therefore the result of the test is ignored!
    In future runs, you should set numBMeansCorlTested to 0 to switch off the correlation test!
WARN Batch means correlation test was run for depository of place A/isLoggedIn_login, color 0
    However, the standard deviation of the token residence time is 0 and therefore the result of the test is ignored!
    In future runs, you should set numBMeansCorlTested to 0 to switch off the correlation test!
WARN LP-1 The simulation was stopped because of reaching max totalRunLen.
The required precision may not have been reached!
REPORT for Queue of Queueing Place : W/index----------------------------------------

queueUtilQPl=0.003789591701255737

------------------ Color = index --------------------
arrivCnt=277765 deptCnt=277765
arrivThrPut=0.027804294434178475 deptThrPut=0.027804294434178475
meanTkPop=0.0038180792788796362 tkColOcp=0.003789591701255737
-----
meanST=0.1373197686392738 stDevST=0.23598199786400711

Steady State Statistics: numBatchesST=694 batchSizeST=400 stDevStdStateMeanST=0.012254471101749567
95% c.i. = 0.1372974067892722 +/- 9.117230355526427E-4



REPORT for Depository of Queueing Place : W/index----------------------------------------

tkOcp=0.0

------------------ Color = index --------------------
arrivCnt=277765 deptCnt=277765
arrivThrPut=0.027804294434178475 deptThrPut=0.027804294434178475
meanTkPop=0.0 tkColOcp=0.0
-----
meanST=0.0 stDevST=0.0

Steady State Statistics: numBatchesST=1388 batchSizeST=200 stDevStdStateMeanST=0.0
95% c.i. = 0.0 +/- 0.0



REPORT for Queue : WebUI----------------------------------------

totArrivThrPut=0.1666437846876898 totDeptThrPut=0.1666437846876898
meanTotTkPop=0.07157214449769313 queueUtil=0.06536991986785966
meanST=0.4294918327246815



REPORT for Queue of Queueing Place : P/categories_index----------------------------------------

queueUtilQPl=0.02664485270440492

------------------ Color = index --------------------
arrivCnt=277765 deptCnt=277765
arrivThrPut=0.027804294434178475 deptThrPut=0.027804294434178475
meanTkPop=0.0273905854587805 tkColOcp=0.02664485270440492
-----
meanST=0.9851206806783983 stDevST=0.974554240711785

Steady State Statistics: numBatchesST=347 batchSizeST=800 stDevStdStateMeanST=0.03591813080257132
95% c.i. = 0.9850943297044696 +/- 0.003779175681433611



REPORT for Depository of Queueing Place : P/categories_index----------------------------------------

tkOcp=0.0

------------------ Color = index --------------------
arrivCnt=277765 deptCnt=277765
arrivThrPut=0.027804294434178475 deptThrPut=0.027804294434178475
meanTkPop=0.0 tkColOcp=0.0
-----
meanST=0.0 stDevST=0.0

Steady State Statistics: numBatchesST=1388 batchSizeST=200 stDevStdStateMeanST=0.0
95% c.i. = 0.0 +/- 0.0



REPORT for Queue : Persistence----------------------------------------

totArrivThrPut=0.16664378468768984 totDeptThrPut=0.16664378468768984
meanTotTkPop=0.08629055985691775 queueUtil=0.07709915400774324
meanST=0.5178144508577771



REPORT for Queue of Queueing Place : A/isLoggedIn_index----------------------------------------

queueUtilQPl=0.004817989153269932

------------------ Color = index --------------------
arrivCnt=277765 deptCnt=277765
arrivThrPut=0.027804294434178475 deptThrPut=0.027804294434178475
meanTkPop=0.00489639779939721 tkColOcp=0.004817989153269932
-----
meanST=0.17610221367021292 stDevST=0.42029699365152423

Steady State Statistics: numBatchesST=694 batchSizeST=400 stDevStdStateMeanST=0.02272732613145644
95% c.i. = 0.17609415625445785 +/- 0.0016908952331372365



REPORT for Depository of Queueing Place : A/isLoggedIn_index----------------------------------------

tkOcp=0.0

------------------ Color = index --------------------
arrivCnt=277765 deptCnt=277765
arrivThrPut=0.027804294434178475 deptThrPut=0.027804294434178475
meanTkPop=0.0 tkColOcp=0.0
-----
meanST=0.0 stDevST=0.0

Steady State Statistics: numBatchesST=1388 batchSizeST=200 stDevStdStateMeanST=0.0
95% c.i. = 0.0 +/- 0.0



REPORT for Queue : Auth----------------------------------------

totArrivThrPut=0.1666437846876898 totDeptThrPut=0.1666437846876898
meanTotTkPop=0.08377583823420238 queueUtil=0.0708096860378936
meanST=0.502724049331982



REPORT for Queue of Queueing Place : W/login----------------------------------------

queueUtilQPl=0.009298432365642536

------------------ Color = login --------------------
arrivCnt=277131 deptCnt=277131
arrivThrPut=0.027740830993243624 deptThrPut=0.027740830993243624
meanTkPop=0.009390071601924994 tkColOcp=0.009298432365642536
-----
meanST=0.33849280161116946 stDevST=0.36920567794193804

Steady State Statistics: numBatchesST=692 batchSizeST=400 stDevStdStateMeanST=0.01888906734789562
95% c.i. = 0.33847298531283193 +/- 0.0014073611520443608



REPORT for Depository of Queueing Place : W/login----------------------------------------

tkOcp=0.0

------------------ Color = login --------------------
arrivCnt=277131 deptCnt=277131
arrivThrPut=0.027740830993243624 deptThrPut=0.027740830993243624
meanTkPop=0.0 tkColOcp=0.0
-----
meanST=0.0 stDevST=0.0

Steady State Statistics: numBatchesST=1385 batchSizeST=200 stDevStdStateMeanST=0.0
95% c.i. = 0.0 +/- 0.0



REPORT for Queue : WebUI----------------------------------------

totArrivThrPut=0.1666437846876898 totDeptThrPut=0.1666437846876898
meanTotTkPop=0.07157214449769313 queueUtil=0.06536991986785966
meanST=0.4294918327246815



REPORT for Queue of Queueing Place : W/loginAction----------------------------------------

queueUtilQPl=0.020183866005631088

------------------ Color = loginAction --------------------
arrivCnt=277011 deptCnt=277011
arrivThrPut=0.0277288189854957 deptThrPut=0.0277288189854957
meanTkPop=0.020601460770272754 tkColOcp=0.020183866005631088
-----
meanST=0.7429620706546822 stDevST=0.7377533163943852

Steady State Statistics: numBatchesST=692 batchSizeST=400 stDevStdStateMeanST=0.03819245976534391
95% c.i. = 0.7429843996337226 +/- 0.00284559227752187



REPORT for Depository of Queueing Place : W/loginAction----------------------------------------

tkOcp=0.0

------------------ Color = loginAction --------------------
arrivCnt=277011 deptCnt=277011
arrivThrPut=0.0277288189854957 deptThrPut=0.0277288189854957
meanTkPop=0.0 tkColOcp=0.0
-----
meanST=0.0 stDevST=0.0

Steady State Statistics: numBatchesST=1385 batchSizeST=200 stDevStdStateMeanST=0.0
95% c.i. = 0.0 +/- 0.0



REPORT for Queue : WebUI----------------------------------------

totArrivThrPut=0.1666437846876898 totDeptThrPut=0.1666437846876898
meanTotTkPop=0.07157214449769313 queueUtil=0.06536991986785966
meanST=0.4294918327246815



REPORT for Queue of Queueing Place : A/login_loginAction----------------------------------------

queueUtilQPl=0.022710098462592188

------------------ Color = loginAction --------------------
arrivCnt=277011 deptCnt=277011
arrivThrPut=0.0277288189854957 deptThrPut=0.0277288189854957
meanTkPop=0.023247164179273836 tkColOcp=0.022710098462592188
-----
meanST=0.8383755612323008 stDevST=0.868350899836486

Steady State Statistics: numBatchesST=692 batchSizeST=400 stDevStdStateMeanST=0.046698680731317464
95% c.i. = 0.838377645871807 +/- 0.0034793623159113055



REPORT for Depository of Queueing Place : A/login_loginAction----------------------------------------

tkOcp=0.0

------------------ Color = loginAction --------------------
arrivCnt=277011 deptCnt=277011
arrivThrPut=0.0277288189854957 deptThrPut=0.0277288189854957
meanTkPop=0.0 tkColOcp=0.0
-----
meanST=0.0 stDevST=0.0

Steady State Statistics: numBatchesST=1385 batchSizeST=200 stDevStdStateMeanST=0.0
95% c.i. = 0.0 +/- 0.0



REPORT for Queue : Auth----------------------------------------

totArrivThrPut=0.1666437846876898 totDeptThrPut=0.1666437846876898
meanTotTkPop=0.08377583823420238 queueUtil=0.0708096860378936
meanST=0.502724049331982



REPORT for Queue of Queueing Place : W/logout----------------------------------------

queueUtilQPl=0.004314752508634643

------------------ Color = logout --------------------
arrivCnt=277534 deptCnt=277534
arrivThrPut=0.027781171319263727 deptThrPut=0.027781171319263727
meanTkPop=0.004345663018032764 tkColOcp=0.004314752508634643
-----
meanST=0.15642475862849742 stDevST=0.2419043861334456

Steady State Statistics: numBatchesST=693 batchSizeST=400 stDevStdStateMeanST=0.013144966927694587
95% c.i. = 0.15642597478720033 +/- 9.786805818178504E-4



REPORT for Depository of Queueing Place : W/logout----------------------------------------

tkOcp=0.0

------------------ Color = logout --------------------
arrivCnt=277534 deptCnt=277534
arrivThrPut=0.027781171319263727 deptThrPut=0.027781171319263727
meanTkPop=0.0 tkColOcp=0.0
-----
meanST=0.0 stDevST=0.0

Steady State Statistics: numBatchesST=1387 batchSizeST=200 stDevStdStateMeanST=0.0
95% c.i. = 0.0 +/- 0.0



REPORT for Queue : WebUI----------------------------------------

totArrivThrPut=0.1666437846876898 totDeptThrPut=0.1666437846876898
meanTotTkPop=0.07157214449769313 queueUtil=0.06536991986785966
meanST=0.4294918327246815



REPORT for Queue of Queueing Place : A/logout_logout----------------------------------------

queueUtilQPl=0.005458440514253679

------------------ Color = logout --------------------
arrivCnt=277534 deptCnt=277534
arrivThrPut=0.027781171319263727 deptThrPut=0.027781171319263727
meanTkPop=0.005551694715464777 tkColOcp=0.005458440514253679
-----
meanST=0.1998365962206633 stDevST=0.43915224325624136

Steady State Statistics: numBatchesST=693 batchSizeST=400 stDevStdStateMeanST=0.022517160504177305
95% c.i. = 0.19981604883325935 +/- 0.001676467340262766



REPORT for Depository of Queueing Place : A/logout_logout----------------------------------------

tkOcp=0.0

------------------ Color = logout --------------------
arrivCnt=277534 deptCnt=277534
arrivThrPut=0.027781171319263727 deptThrPut=0.027781171319263727
meanTkPop=0.0 tkColOcp=0.0
-----
meanST=0.0 stDevST=0.0

Steady State Statistics: numBatchesST=1387 batchSizeST=200 stDevStdStateMeanST=0.0
95% c.i. = 0.0 +/- 0.0



REPORT for Queue : Auth----------------------------------------

totArrivThrPut=0.1666437846876898 totDeptThrPut=0.1666437846876898
meanTotTkPop=0.08377583823420238 queueUtil=0.0708096860378936
meanST=0.502724049331982



REPORT for Queue of Queueing Place : P/getUser_loginAction----------------------------------------

queueUtilQPl=0.013473488435609825

------------------ Color = loginAction --------------------
arrivCnt=277011 deptCnt=277011
arrivThrPut=0.0277288189854957 deptThrPut=0.0277288189854957
meanTkPop=0.013666503833697635 tkColOcp=0.013473488435609825
-----
meanST=0.4928628168710057 stDevST=0.5231294222041738

Steady State Statistics: numBatchesST=346 batchSizeST=800 stDevStdStateMeanST=0.020205700241196736
95% c.i. = 0.4928844397607705 +/- 0.002129040619910594



REPORT for Depository of Queueing Place : P/getUser_loginAction----------------------------------------

tkOcp=0.0

------------------ Color = loginAction --------------------
arrivCnt=277011 deptCnt=277011
arrivThrPut=0.0277288189854957 deptThrPut=0.0277288189854957
meanTkPop=0.0 tkColOcp=0.0
-----
meanST=0.0 stDevST=0.0

Steady State Statistics: numBatchesST=1385 batchSizeST=200 stDevStdStateMeanST=0.0
95% c.i. = 0.0 +/- 0.0



REPORT for Queue : Persistence----------------------------------------

totArrivThrPut=0.16664378468768984 totDeptThrPut=0.16664378468768984
meanTotTkPop=0.08629055985691775 queueUtil=0.07709915400774324
meanST=0.5178144508577771



REPORT for Queue of Queueing Place : W/category----------------------------------------

queueUtilQPl=0.017248892420027955

------------------ Color = category --------------------
arrivCnt=278051 deptCnt=278051
arrivThrPut=0.027832923052644357 deptThrPut=0.027832923052644357
meanTkPop=0.01753912363342819 tkColOcp=0.017248892420027955
-----
meanST=0.6301574434080802 stDevST=0.6312508934444699

Steady State Statistics: numBatchesST=695 batchSizeST=400 stDevStdStateMeanST=0.032614196909101244
95% c.i. = 0.6301653993789972 +/- 0.0024247243713754955



REPORT for Depository of Queueing Place : W/category----------------------------------------

tkOcp=0.0

------------------ Color = category --------------------
arrivCnt=278051 deptCnt=278051
arrivThrPut=0.027832923052644357 deptThrPut=0.027832923052644357
meanTkPop=0.0 tkColOcp=0.0
-----
meanST=0.0 stDevST=0.0

Steady State Statistics: numBatchesST=1390 batchSizeST=200 stDevStdStateMeanST=0.0
95% c.i. = 0.0 +/- 0.0



REPORT for Queue : WebUI----------------------------------------

totArrivThrPut=0.1666437846876898 totDeptThrPut=0.1666437846876898
meanTotTkPop=0.07157214449769313 queueUtil=0.06536991986785966
meanST=0.4294918327246815



REPORT for Queue of Queueing Place : W/product----------------------------------------

queueUtilQPl=0.015628627026916163

------------------ Color = product --------------------
arrivCnt=277280 deptCnt=277280
arrivThrPut=0.02775574590286396 deptThrPut=0.02775574590286396
meanTkPop=0.015877746195154793 tkColOcp=0.015628627026916163
-----
meanST=0.5720525851015396 stDevST=0.579150112963613

Steady State Statistics: numBatchesST=693 batchSizeST=400 stDevStdStateMeanST=0.031085774654398973
95% c.i. = 0.5720304060643142 +/- 0.00231442529999286



REPORT for Depository of Queueing Place : W/product----------------------------------------

tkOcp=0.0

------------------ Color = product --------------------
arrivCnt=277280 deptCnt=277280
arrivThrPut=0.02775574590286396 deptThrPut=0.02775574590286396
meanTkPop=0.0 tkColOcp=0.0
-----
meanST=0.0 stDevST=0.0

Steady State Statistics: numBatchesST=1386 batchSizeST=200 stDevStdStateMeanST=0.0
95% c.i. = 0.0 +/- 0.0



REPORT for Queue : WebUI----------------------------------------

totArrivThrPut=0.1666437846876898 totDeptThrPut=0.1666437846876898
meanTotTkPop=0.07157214449769313 queueUtil=0.06536991986785966
meanST=0.4294918327246815



REPORT for Queue of Queueing Place : P/category_category----------------------------------------

queueUtilQPl=0.018890885561025948

------------------ Color = category --------------------
arrivCnt=278051 deptCnt=278051
arrivThrPut=0.027832923052644357 deptThrPut=0.027832923052644357
meanTkPop=0.019244068829161888 tkColOcp=0.018890885561025948
-----
meanST=0.6914138623802771 stDevST=0.6955225880757937

Steady State Statistics: numBatchesST=695 batchSizeST=400 stDevStdStateMeanST=0.03657579705445699
95% c.i. = 0.6914263507199508 +/- 0.0027192521946072306



REPORT for Depository of Queueing Place : P/category_category----------------------------------------

tkOcp=0.0

------------------ Color = category --------------------
arrivCnt=278051 deptCnt=278051
arrivThrPut=0.027832923052644357 deptThrPut=0.027832923052644357
meanTkPop=0.0 tkColOcp=0.0
-----
meanST=0.0 stDevST=0.0

Steady State Statistics: numBatchesST=1390 batchSizeST=200 stDevStdStateMeanST=0.0
95% c.i. = 0.0 +/- 0.0



REPORT for Queue : Persistence----------------------------------------

totArrivThrPut=0.16664378468768984 totDeptThrPut=0.16664378468768984
meanTotTkPop=0.08629055985691775 queueUtil=0.07709915400774324
meanST=0.5178144508577771



REPORT for Queue of Queueing Place : P/getProduct_product----------------------------------------

queueUtilQPl=0.004093209702090667

------------------ Color = product --------------------
arrivCnt=277280 deptCnt=277280
arrivThrPut=0.02775574590286396 deptThrPut=0.02775574590286396
meanTkPop=0.004121667423824828 tkColOcp=0.004093209702090667
-----
meanST=0.14849780792234218 stDevST=0.2769878652221115

Steady State Statistics: numBatchesST=693 batchSizeST=400 stDevStdStateMeanST=0.014044021846843873
95% c.i. = 0.1485075755783077 +/- 0.001045617805486738



REPORT for Depository of Queueing Place : P/getProduct_product----------------------------------------

tkOcp=0.0

------------------ Color = product --------------------
arrivCnt=277280 deptCnt=277280
arrivThrPut=0.02775574590286396 deptThrPut=0.02775574590286396
meanTkPop=0.0 tkColOcp=0.0
-----
meanST=0.0 stDevST=0.0

Steady State Statistics: numBatchesST=1386 batchSizeST=200 stDevStdStateMeanST=0.0
95% c.i. = 0.0 +/- 0.0



REPORT for Queue : Persistence----------------------------------------

totArrivThrPut=0.16664378468768984 totDeptThrPut=0.16664378468768984
meanTotTkPop=0.08629055985691775 queueUtil=0.07709915400774324
meanST=0.5178144508577771



REPORT for Queue of Queueing Place : R/getAds_product----------------------------------------

queueUtilQPl=0.009444720918670957

------------------ Color = product --------------------
arrivCnt=277280 deptCnt=277280
arrivThrPut=0.02775574590286396 deptThrPut=0.02775574590286396
meanTkPop=0.009535364035951217 tkColOcp=0.009444720918670957
-----
meanST=0.3435455876171325 stDevST=0.3445172868990096

Steady State Statistics: numBatchesST=693 batchSizeST=400 stDevStdStateMeanST=0.017932123651594984
95% c.i. = 0.34355037159850743 +/- 0.0013350981638148988



REPORT for Depository of Queueing Place : R/getAds_product----------------------------------------

tkOcp=0.0

------------------ Color = product --------------------
arrivCnt=277280 deptCnt=277280
arrivThrPut=0.02775574590286396 deptThrPut=0.02775574590286396
meanTkPop=0.0 tkColOcp=0.0
-----
meanST=0.0 stDevST=0.0

Steady State Statistics: numBatchesST=1386 batchSizeST=200 stDevStdStateMeanST=0.0
95% c.i. = 0.0 +/- 0.0



REPORT for Queue : Recommender----------------------------------------

totArrivThrPut=0.02775574590286396 totDeptThrPut=0.02775574590286396
meanTotTkPop=0.009535364035951217 queueUtil=0.009444720918670957
meanST=0.3435455876171325



REPORT for Queue of Queueing Place : I/productImages_category----------------------------------------

queueUtilQPl=0.007033080544163579

------------------ Color = category --------------------
arrivCnt=278051 deptCnt=278051
arrivThrPut=0.027832923052644357 deptThrPut=0.027832923052644357
meanTkPop=0.00709429380628332 tkColOcp=0.007033080544163579
-----
meanST=0.2548885646277567 stDevST=0.32952859995480027

Steady State Statistics: numBatchesST=347 batchSizeST=800 stDevStdStateMeanST=0.011433035471176899
95% c.i. = 0.25489727664129247 +/- 0.001202942598965825



REPORT for Depository of Queueing Place : I/productImages_category----------------------------------------

tkOcp=0.0

------------------ Color = category --------------------
arrivCnt=278051 deptCnt=278051
arrivThrPut=0.027832923052644357 deptThrPut=0.027832923052644357
meanTkPop=0.0 tkColOcp=0.0
-----
meanST=0.0 stDevST=0.0

Steady State Statistics: numBatchesST=1390 batchSizeST=200 stDevStdStateMeanST=0.0
95% c.i. = 0.0 +/- 0.0



REPORT for Queue : ImageProvider----------------------------------------

totArrivThrPut=0.16664378468768984 totDeptThrPut=0.16664378468768984
meanTotTkPop=0.08292519003492937 queueUtil=0.07357249104920525
meanST=0.49761945931761564



REPORT for Queue of Queueing Place : I/product_product----------------------------------------

queueUtilQPl=0.005043703431112474

------------------ Color = product --------------------
arrivCnt=277280 deptCnt=277280
arrivThrPut=0.02775574590286396 deptThrPut=0.02775574590286396
meanTkPop=0.005098316013167507 tkColOcp=0.005043703431112474
-----
meanST=0.18368506582420616 stDevST=0.32479101483287454

Steady State Statistics: numBatchesST=693 batchSizeST=400 stDevStdStateMeanST=0.01638821892460802
95% c.i. = 0.183694677384321 +/- 0.001220150017897887



REPORT for Depository of Queueing Place : I/product_product----------------------------------------

tkOcp=0.0

------------------ Color = product --------------------
arrivCnt=277280 deptCnt=277280
arrivThrPut=0.02775574590286396 deptThrPut=0.02775574590286396
meanTkPop=0.0 tkColOcp=0.0
-----
meanST=0.0 stDevST=0.0

Steady State Statistics: numBatchesST=1386 batchSizeST=200 stDevStdStateMeanST=0.0
95% c.i. = 0.0 +/- 0.0



REPORT for Queue : ImageProvider----------------------------------------

totArrivThrPut=0.16664378468768984 totDeptThrPut=0.16664378468768984
meanTotTkPop=0.08292519003492937 queueUtil=0.07357249104920525
meanST=0.49761945931761564



REPORT for Queue of Queueing Place : Workload----------------------------------------

queueUtilQPl=1.0

------------------ Color = workload --------------------
arrivCnt=1664772 deptCnt=1664772
arrivThrPut=0.16664378468768984 deptThrPut=0.16664378468768984
meanTkPop=1.0 tkColOcp=1.0
-----
meanST=6.0008238643530465 stDevST=6.004651204596377

Steady State Statistics: numBatchesST=4161 batchSizeST=400 stDevStdStateMeanST=0.3017714525986954
95% c.i. = 6.000921889651265 +/- 0.009169114298513142



REPORT for Depository of Queueing Place : Workload----------------------------------------

tkOcp=0.0

------------------ Color = workload --------------------
arrivCnt=1664772 deptCnt=1664772
arrivThrPut=0.16664378468768984 deptThrPut=0.16664378468768984
meanTkPop=0.0 tkColOcp=0.0
-----
meanST=0.0 stDevST=0.0

Steady State Statistics: numBatchesST=8323 batchSizeST=200 stDevStdStateMeanST=0.0
95% c.i. = 0.0 +/- 0.0



REPORT for Queue : Workload----------------------------------------

totArrivThrPut=0.16664378468768984 totDeptThrPut=0.16664378468768984
meanTotTkPop=1.0 queueUtil=1.0
meanST=6.0008238643530465



REPORT for Queue of Queueing Place : I/icon_index----------------------------------------

queueUtilQPl=0.022970001204383934

------------------ Color = index --------------------
arrivCnt=277765 deptCnt=277765
arrivThrPut=0.027804294434178475 deptThrPut=0.027804294434178475
meanTkPop=0.023548932880279733 tkColOcp=0.022970001204383934
-----
meanST=0.8469530825904421 stDevST=0.8409616250344399

Steady State Statistics: numBatchesST=694 batchSizeST=400 stDevStdStateMeanST=0.042691471384445935
95% c.i. = 0.8470066433018594 +/- 0.003176211976808924



REPORT for Depository of Queueing Place : I/icon_index----------------------------------------

tkOcp=0.0

------------------ Color = index --------------------
arrivCnt=277765 deptCnt=277765
arrivThrPut=0.027804294434178475 deptThrPut=0.027804294434178475
meanTkPop=0.0 tkColOcp=0.0
-----
meanST=0.0 stDevST=0.0

Steady State Statistics: numBatchesST=1388 batchSizeST=200 stDevStdStateMeanST=0.0
95% c.i. = 0.0 +/- 0.0



REPORT for Queue : ImageProvider----------------------------------------

totArrivThrPut=0.16664378468768984 totDeptThrPut=0.16664378468768984
meanTotTkPop=0.08292519003492937 queueUtil=0.07357249104920525
meanST=0.49761945931761564



REPORT for Queue of Queueing Place : P/categories_login----------------------------------------

queueUtilQPl=0.004378252713952396

------------------ Color = login --------------------
arrivCnt=277131 deptCnt=277131
arrivThrPut=0.027740830993243624 deptThrPut=0.027740830993243624
meanTkPop=0.004423711457039242 tkColOcp=0.004378252713952396
-----
meanST=0.15946571528865347 stDevST=0.3038641556514088

Steady State Statistics: numBatchesST=692 batchSizeST=400 stDevStdStateMeanST=0.015423638463691602
95% c.i. = 0.1594599463082286 +/- 0.0011491636509726882



REPORT for Depository of Queueing Place : P/categories_login----------------------------------------

tkOcp=0.0

------------------ Color = login --------------------
arrivCnt=277131 deptCnt=277131
arrivThrPut=0.027740830993243624 deptThrPut=0.027740830993243624
meanTkPop=0.0 tkColOcp=0.0
-----
meanST=0.0 stDevST=0.0

Steady State Statistics: numBatchesST=1385 batchSizeST=200 stDevStdStateMeanST=0.0
95% c.i. = 0.0 +/- 0.0



REPORT for Queue : Persistence----------------------------------------

totArrivThrPut=0.16664378468768984 totDeptThrPut=0.16664378468768984
meanTotTkPop=0.08629055985691775 queueUtil=0.07709915400774324
meanST=0.5178144508577771



REPORT for Queue of Queueing Place : I/icon_login----------------------------------------

queueUtilQPl=0.007288204132863978

------------------ Color = login --------------------
arrivCnt=277131 deptCnt=277131
arrivThrPut=0.027740830993243624 deptThrPut=0.027740830993243624
meanTkPop=0.0073887790629222645 tkColOcp=0.007288204132863978
-----
meanST=0.2663503146218593 stDevST=0.37437186786888604

Steady State Statistics: numBatchesST=692 batchSizeST=400 stDevStdStateMeanST=0.020116966617653772
95% c.i. = 0.2663879491987199 +/- 0.0014988478146229546



REPORT for Depository of Queueing Place : I/icon_login----------------------------------------

tkOcp=0.0

------------------ Color = login --------------------
arrivCnt=277131 deptCnt=277131
arrivThrPut=0.027740830993243624 deptThrPut=0.027740830993243624
meanTkPop=0.0 tkColOcp=0.0
-----
meanST=0.0 stDevST=0.0

Steady State Statistics: numBatchesST=1385 batchSizeST=200 stDevStdStateMeanST=0.0
95% c.i. = 0.0 +/- 0.0



REPORT for Queue : ImageProvider----------------------------------------

totArrivThrPut=0.16664378468768984 totDeptThrPut=0.16664378468768984
meanTotTkPop=0.08292519003492937 queueUtil=0.07357249104920525
meanST=0.49761945931761564



REPORT for Queue of Queueing Place : A/isLoggedIn_login----------------------------------------

queueUtilQPl=0.00557530865719948

------------------ Color = login --------------------
arrivCnt=277131 deptCnt=277131
arrivThrPut=0.027740830993243624 deptThrPut=0.027740830993243624
meanTkPop=0.005704731913259116 tkColOcp=0.00557530865719948
-----
meanST=0.2056438725519262 stDevST=0.48366714801983485

Steady State Statistics: numBatchesST=692 batchSizeST=400 stDevStdStateMeanST=0.025939752731510408
95% c.i. = 0.2056294940530041 +/- 0.0019326841085158945



REPORT for Depository of Queueing Place : A/isLoggedIn_login----------------------------------------

tkOcp=0.0

------------------ Color = login --------------------
arrivCnt=277131 deptCnt=277131
arrivThrPut=0.027740830993243624 deptThrPut=0.027740830993243624
meanTkPop=0.0 tkColOcp=0.0
-----
meanST=0.0 stDevST=0.0

Steady State Statistics: numBatchesST=1385 batchSizeST=200 stDevStdStateMeanST=0.0
95% c.i. = 0.0 +/- 0.0



REPORT for Queue : Auth----------------------------------------

totArrivThrPut=0.1666437846876898 totDeptThrPut=0.1666437846876898
meanTotTkPop=0.08377583823420238 queueUtil=0.0708096860378936
meanST=0.502724049331982



REPORT for Queue of Queueing Place : A/isLoggedIn_category----------------------------------------

queueUtilQPl=0.035792638841724976

------------------ Color = category --------------------
arrivCnt=278051 deptCnt=278051
arrivThrPut=0.027832923052644357 deptThrPut=0.027832923052644357
meanTkPop=0.037120957597963106 tkColOcp=0.035792638841724976
-----
meanST=1.3337067589972844 stDevST=1.3230567245322076

Steady State Statistics: numBatchesST=695 batchSizeST=400 stDevStdStateMeanST=0.06851745085856313
95% c.i. = 1.3336564040819625 +/- 0.0050939758971933905



REPORT for Depository of Queueing Place : A/isLoggedIn_category----------------------------------------

tkOcp=0.0

------------------ Color = category --------------------
arrivCnt=278051 deptCnt=278051
arrivThrPut=0.027832923052644357 deptThrPut=0.027832923052644357
meanTkPop=0.0 tkColOcp=0.0
-----
meanST=0.0 stDevST=0.0

Steady State Statistics: numBatchesST=1390 batchSizeST=200 stDevStdStateMeanST=0.0
95% c.i. = 0.0 +/- 0.0



REPORT for Queue : Auth----------------------------------------

totArrivThrPut=0.1666437846876898 totDeptThrPut=0.1666437846876898
meanTotTkPop=0.08377583823420238 queueUtil=0.0708096860378936
meanST=0.502724049331982



REPORT for Queue of Queueing Place : I/icon_logout----------------------------------------

queueUtilQPl=0.023840182365395066

------------------ Color = logout --------------------
arrivCnt=277534 deptCnt=277534
arrivThrPut=0.027781171319263727 deptThrPut=0.027781171319263727
meanTkPop=0.024458787890249578 tkColOcp=0.023840182365395066
-----
meanST=0.8804088067118186 stDevST=0.8685592293548092

Steady State Statistics: numBatchesST=693 batchSizeST=400 stDevStdStateMeanST=0.04503123816857704
95% c.i. = 0.8805301769863081 +/- 0.003352705154240395



REPORT for Depository of Queueing Place : I/icon_logout----------------------------------------

tkOcp=0.0

------------------ Color = logout --------------------
arrivCnt=277534 deptCnt=277534
arrivThrPut=0.027781171319263727 deptThrPut=0.027781171319263727
meanTkPop=0.0 tkColOcp=0.0
-----
meanST=0.0 stDevST=0.0

Steady State Statistics: numBatchesST=1387 batchSizeST=200 stDevStdStateMeanST=0.0
95% c.i. = 0.0 +/- 0.0



REPORT for Queue : ImageProvider----------------------------------------

totArrivThrPut=0.16664378468768984 totDeptThrPut=0.16664378468768984
meanTotTkPop=0.08292519003492937 queueUtil=0.07357249104920525
meanST=0.49761945931761564



REPORT for Queue of Queueing Place : I/icon_loginAction----------------------------------------

queueUtilQPl=0.015097542487654705

------------------ Color = loginAction --------------------
arrivCnt=277011 deptCnt=277011
arrivThrPut=0.0277288189854957 deptThrPut=0.0277288189854957
meanTkPop=0.015336080382026973 tkColOcp=0.015097542487654705
-----
meanST=0.5530736952788692 stDevST=0.5714888563192347

Steady State Statistics: numBatchesST=692 batchSizeST=400 stDevStdStateMeanST=0.02965901376599635
95% c.i. = 0.5530872658499089 +/- 0.002209793793067418



REPORT for Depository of Queueing Place : I/icon_loginAction----------------------------------------

tkOcp=0.0

------------------ Color = loginAction --------------------
arrivCnt=277011 deptCnt=277011
arrivThrPut=0.0277288189854957 deptThrPut=0.0277288189854957
meanTkPop=0.0 tkColOcp=0.0
-----
meanST=0.0 stDevST=0.0

Steady State Statistics: numBatchesST=1385 batchSizeST=200 stDevStdStateMeanST=0.0
95% c.i. = 0.0 +/- 0.0



REPORT for Queue : ImageProvider----------------------------------------

totArrivThrPut=0.16664378468768984 totDeptThrPut=0.16664378468768984
meanTotTkPop=0.08292519003492937 queueUtil=0.07357249104920525
meanST=0.49761945931761564



REPORT for Queue of Queueing Place : A/isLoggedIn_product----------------------------------------

queueUtilQPl=0.007129471546370003

------------------ Color = product --------------------
arrivCnt=277280 deptCnt=277280
arrivThrPut=0.02775574590286396 deptThrPut=0.02775574590286396
meanTkPop=0.007254892028844341 tkColOcp=0.007129471546370003
-----
meanST=0.2613834286505609 stDevST=0.47293294895889093

Steady State Statistics: numBatchesST=693 batchSizeST=400 stDevStdStateMeanST=0.02529215143599297
95% c.i. = 0.2613951661496469 +/- 0.0018830733937148095



REPORT for Depository of Queueing Place : A/isLoggedIn_product----------------------------------------

tkOcp=0.0

------------------ Color = product --------------------
arrivCnt=277280 deptCnt=277280
arrivThrPut=0.02775574590286396 deptThrPut=0.02775574590286396
meanTkPop=0.0 tkColOcp=0.0
-----
meanST=0.0 stDevST=0.0

Steady State Statistics: numBatchesST=1386 batchSizeST=200 stDevStdStateMeanST=0.0
95% c.i. = 0.0 +/- 0.0



REPORT for Queue : Auth----------------------------------------

totArrivThrPut=0.1666437846876898 totDeptThrPut=0.1666437846876898
meanTotTkPop=0.08377583823420238 queueUtil=0.0708096860378936
meanST=0.502724049331982



REPORT for Queue of Queueing Place : P/category_logout----------------------------------------

queueUtilQPl=0.017087721497293575

------------------ Color = logout --------------------
arrivCnt=277534 deptCnt=277534
arrivThrPut=0.027781171319263727 deptThrPut=0.027781171319263727
meanTkPop=0.01744402285441366 tkColOcp=0.017087721497293575
-----
meanST=0.6279081127986066 stDevST=0.642773081631695

Steady State Statistics: numBatchesST=693 batchSizeST=400 stDevStdStateMeanST=0.03366392115505338
95% c.i. = 0.6279364197282594 +/- 0.0025063757195831994



REPORT for Depository of Queueing Place : P/category_logout----------------------------------------

tkOcp=0.0

------------------ Color = logout --------------------
arrivCnt=277534 deptCnt=277534
arrivThrPut=0.027781171319263727 deptThrPut=0.027781171319263727
meanTkPop=0.0 tkColOcp=0.0
-----
meanST=0.0 stDevST=0.0

Steady State Statistics: numBatchesST=1387 batchSizeST=200 stDevStdStateMeanST=0.0
95% c.i. = 0.0 +/- 0.0



REPORT for Queue : Persistence----------------------------------------

totArrivThrPut=0.16664378468768984 totDeptThrPut=0.16664378468768984
meanTotTkPop=0.08629055985691775 queueUtil=0.07709915400774324
meanST=0.5178144508577771



REPORT for Ordinary Place : Finish_index----------------------------------------

tkOcp=1.0

------------------ Color = index --------------------
arrivCnt=277765 deptCnt=0
arrivThrPut=0.027804294434178475 deptThrPut=0.0
meanTkPop=139133.8562055367 tkColOcp=1.0
-----
meanST=NaN stDevST=NaN

Steady State Statistics: Only 0 batches collected!
Need at least 60 for steady state statistics.



REPORT for Ordinary Place : Finish_login----------------------------------------

tkOcp=1.0

------------------ Color = login --------------------
arrivCnt=277131 deptCnt=0
arrivThrPut=0.027740830993243624 deptThrPut=0.0
meanTkPop=138949.1662210155 tkColOcp=1.0
-----
meanST=NaN stDevST=NaN

Steady State Statistics: Only 0 batches collected!
Need at least 60 for steady state statistics.



REPORT for Ordinary Place : Finish_loginAction----------------------------------------

tkOcp=1.0

------------------ Color = loginAction --------------------
arrivCnt=277011 deptCnt=0
arrivThrPut=0.0277288189854957 deptThrPut=0.0
meanTkPop=138871.56002283553 tkColOcp=1.0
-----
meanST=NaN stDevST=NaN

Steady State Statistics: Only 0 batches collected!
Need at least 60 for steady state statistics.



REPORT for Ordinary Place : Finish_category----------------------------------------

tkOcp=1.0

------------------ Color = category --------------------
arrivCnt=278051 deptCnt=0
arrivThrPut=0.027832923052644357 deptThrPut=0.0
meanTkPop=139394.5280685953 tkColOcp=1.0
-----
meanST=NaN stDevST=NaN

Steady State Statistics: Only 0 batches collected!
Need at least 60 for steady state statistics.



REPORT for Ordinary Place : Finish_product----------------------------------------

tkOcp=1.0

------------------ Color = product --------------------
arrivCnt=277280 deptCnt=0
arrivThrPut=0.02775574590286396 deptThrPut=0.0
meanTkPop=138969.1018927449 tkColOcp=1.0
-----
meanST=NaN stDevST=NaN

Steady State Statistics: Only 0 batches collected!
Need at least 60 for steady state statistics.



REPORT for Ordinary Place : Finish_logout----------------------------------------

tkOcp=1.0000000000000002

------------------ Color = logout --------------------
arrivCnt=277534 deptCnt=0
arrivThrPut=0.027781171319263727 deptThrPut=0.0
meanTkPop=139038.5512687582 tkColOcp=1.0000000000000002
-----
meanST=NaN stDevST=NaN

Steady State Statistics: Only 0 batches collected!
Need at least 60 for steady state statistics.



REPORT REPORT for Probe : /index----------------------------------------


------------------ Color = index --------------------
-----
meanST=2.145495745578327 stDevST=1.3833945989211365

Steady State Statistics: numBatchesST=173 batchSizeST=1600 stDevStdStateMeanST=0.04104545339839246
95% c.i. = 2.1456108057765766 +/- 0.006159720910145622



REPORT REPORT for Probe : /login----------------------------------------


------------------ Color = login --------------------
-----
meanST=0.9699527040736083 stDevST=0.8350200246065379

Steady State Statistics: numBatchesST=692 batchSizeST=400 stDevStdStateMeanST=0.045755856293494546
95% c.i. = 0.9699503748727835 +/- 0.0034091156243964984



REPORT REPORT for Probe : /loginAction----------------------------------------


------------------ Color = loginAction --------------------
-----
meanST=2.627274144036858 stDevST=1.388086858277211

Steady State Statistics: numBatchesST=692 batchSizeST=400 stDevStdStateMeanST=0.07392501027453986
95% c.i. = 2.6273337511162085 +/- 0.00550790495415637



REPORT REPORT for Probe : /logout----------------------------------------


------------------ Color = logout --------------------
-----
meanST=1.864578274359586 stDevST=1.2302948364544048

Steady State Statistics: numBatchesST=693 batchSizeST=400 stDevStdStateMeanST=0.06598572995197524
95% c.i. = 1.864708620335027 +/- 0.0049128273152985995



REPORT REPORT for Probe : /category----------------------------------------


------------------ Color = category --------------------
-----
meanST=2.9101666294133985 stDevST=1.6512392282031951

Steady State Statistics: numBatchesST=695 batchSizeST=400 stDevStdStateMeanST=0.0862463774547274
95% c.i. = 2.9101470983943982 +/- 0.006412044850902646



REPORT REPORT for Probe : /product----------------------------------------


------------------ Color = product --------------------
-----
meanST=1.5091644751157813 stDevST=0.9529797612410783

Steady State Statistics: numBatchesST=693 batchSizeST=400 stDevStdStateMeanST=0.048692331721847885
95% c.i. = 1.5091781967750966 +/- 0.003625284095557906



