INFO Logging to /home/yjx/workloadConfig/qpme/output/SimQPN_Output_config_2025-08-14_064321743.log
WARN Batch means correlation test was run for depository of place Workload, color 0
    However, the standard deviation of the token residence time is 0 and therefore the result of the test is ignored!
    In future runs, you should set numBMeansCorlTested to 0 to switch off the correlation test!
WARN Batch means correlation test was run for depository of place W/login, color 0
    However, the standard deviation of the token residence time is 0 and therefore the result of the test is ignored!
    In future runs, you should set numBMeansCorlTested to 0 to switch off the correlation test!
WARN Batch means correlation test was run for depository of place P/categories_login, color 0
    However, the standard deviation of the token residence time is 0 and therefore the result of the test is ignored!
    In future runs, you should set numBMeansCorlTested to 0 to switch off the correlation test!
WARN Batch means correlation test was run for depository of place I/icon_login, color 0
    However, the standard deviation of the token residence time is 0 and therefore the result of the test is ignored!
    In future runs, you should set numBMeansCorlTested to 0 to switch off the correlation test!
WARN Batch means correlation test was run for depository of place A/isLoggedIn_login, color 0
    However, the standard deviation of the token residence time is 0 and therefore the result of the test is ignored!
    In future runs, you should set numBMeansCorlTested to 0 to switch off the correlation test!
WARN Batch means correlation test was run for depository of place W/product, color 0
    However, the standard deviation of the token residence time is 0 and therefore the result of the test is ignored!
    In future runs, you should set numBMeansCorlTested to 0 to switch off the correlation test!
WARN Batch means correlation test was run for depository of place P/getProduct_product, color 0
    However, the standard deviation of the token residence time is 0 and therefore the result of the test is ignored!
    In future runs, you should set numBMeansCorlTested to 0 to switch off the correlation test!
WARN Batch means correlation test was run for depository of place R/getAds_product, color 0
    However, the standard deviation of the token residence time is 0 and therefore the result of the test is ignored!
    In future runs, you should set numBMeansCorlTested to 0 to switch off the correlation test!
WARN Batch means correlation test was run for depository of place I/product_product, color 0
    However, the standard deviation of the token residence time is 0 and therefore the result of the test is ignored!
    In future runs, you should set numBMeansCorlTested to 0 to switch off the correlation test!
WARN Batch means correlation test was run for depository of place A/isLoggedIn_product, color 0
    However, the standard deviation of the token residence time is 0 and therefore the result of the test is ignored!
    In future runs, you should set numBMeansCorlTested to 0 to switch off the correlation test!
WARN Batch means correlation test was run for depository of place W/loginAction, color 0
    However, the standard deviation of the token residence time is 0 and therefore the result of the test is ignored!
    In future runs, you should set numBMeansCorlTested to 0 to switch off the correlation test!
WARN Batch means correlation test was run for depository of place A/login_loginAction, color 0
    However, the standard deviation of the token residence time is 0 and therefore the result of the test is ignored!
    In future runs, you should set numBMeansCorlTested to 0 to switch off the correlation test!
WARN Batch means correlation test was run for depository of place P/getUser_loginAction, color 0
    However, the standard deviation of the token residence time is 0 and therefore the result of the test is ignored!
    In future runs, you should set numBMeansCorlTested to 0 to switch off the correlation test!
WARN Batch means correlation test was run for depository of place I/icon_loginAction, color 0
    However, the standard deviation of the token residence time is 0 and therefore the result of the test is ignored!
    In future runs, you should set numBMeansCorlTested to 0 to switch off the correlation test!
WARN Batch means correlation test was run for depository of place W/index, color 0
    However, the standard deviation of the token residence time is 0 and therefore the result of the test is ignored!
    In future runs, you should set numBMeansCorlTested to 0 to switch off the correlation test!
WARN Batch means correlation test was run for depository of place P/categories_index, color 0
    However, the standard deviation of the token residence time is 0 and therefore the result of the test is ignored!
    In future runs, you should set numBMeansCorlTested to 0 to switch off the correlation test!
WARN Batch means correlation test was run for depository of place A/isLoggedIn_index, color 0
    However, the standard deviation of the token residence time is 0 and therefore the result of the test is ignored!
    In future runs, you should set numBMeansCorlTested to 0 to switch off the correlation test!
WARN Batch means correlation test was run for depository of place I/icon_index, color 0
    However, the standard deviation of the token residence time is 0 and therefore the result of the test is ignored!
    In future runs, you should set numBMeansCorlTested to 0 to switch off the correlation test!
WARN Batch means correlation test was run for depository of place W/category, color 0
    However, the standard deviation of the token residence time is 0 and therefore the result of the test is ignored!
    In future runs, you should set numBMeansCorlTested to 0 to switch off the correlation test!
WARN Batch means correlation test was run for depository of place P/category_category, color 0
    However, the standard deviation of the token residence time is 0 and therefore the result of the test is ignored!
    In future runs, you should set numBMeansCorlTested to 0 to switch off the correlation test!
WARN Batch means correlation test was run for depository of place I/productImages_category, color 0
    However, the standard deviation of the token residence time is 0 and therefore the result of the test is ignored!
    In future runs, you should set numBMeansCorlTested to 0 to switch off the correlation test!
WARN Batch means correlation test was run for depository of place A/isLoggedIn_category, color 0
    However, the standard deviation of the token residence time is 0 and therefore the result of the test is ignored!
    In future runs, you should set numBMeansCorlTested to 0 to switch off the correlation test!
WARN Batch means correlation test was run for depository of place W/logout, color 0
    However, the standard deviation of the token residence time is 0 and therefore the result of the test is ignored!
    In future runs, you should set numBMeansCorlTested to 0 to switch off the correlation test!
WARN Batch means correlation test was run for depository of place A/logout_logout, color 0
    However, the standard deviation of the token residence time is 0 and therefore the result of the test is ignored!
    In future runs, you should set numBMeansCorlTested to 0 to switch off the correlation test!
WARN Batch means correlation test was run for depository of place P/category_logout, color 0
    However, the standard deviation of the token residence time is 0 and therefore the result of the test is ignored!
    In future runs, you should set numBMeansCorlTested to 0 to switch off the correlation test!
WARN Batch means correlation test was run for depository of place I/icon_logout, color 0
    However, the standard deviation of the token residence time is 0 and therefore the result of the test is ignored!
    In future runs, you should set numBMeansCorlTested to 0 to switch off the correlation test!
WARN LP-1 The simulation was stopped because of reaching max totalRunLen.
The required precision may not have been reached!
REPORT for Queue of Queueing Place : W/index----------------------------------------

queueUtilQPl=0.007355755205768713

------------------ Color = index --------------------
arrivCnt=277113 deptCnt=277113
arrivThrPut=0.027739045174267195 deptThrPut=0.027739045174267195
meanTkPop=0.0074120405571701095 tkColOcp=0.007355755205768713
-----
meanST=0.2672060451470071 stDevST=0.26830428825912495

Steady State Statistics: numBatchesST=346 batchSizeST=800 stDevStdStateMeanST=0.009335552551785399
95% c.i. = 0.2672193692681588 +/- 9.836714568068794E-4



REPORT for Depository of Queueing Place : W/index----------------------------------------

tkOcp=0.0

------------------ Color = index --------------------
arrivCnt=277113 deptCnt=277113
arrivThrPut=0.027739045174267195 deptThrPut=0.027739045174267195
meanTkPop=0.0 tkColOcp=0.0
-----
meanST=0.0 stDevST=0.0

Steady State Statistics: numBatchesST=1385 batchSizeST=200 stDevStdStateMeanST=0.0
95% c.i. = 0.0 +/- 0.0



REPORT for Queue : WebUI----------------------------------------

totArrivThrPut=0.166488024811246 totDeptThrPut=0.166488024811246
meanTotTkPop=0.03385758386465287 queueUtil=0.032504407695719696
meanST=0.20336347856272868



REPORT for Queue of Queueing Place : P/categories_index----------------------------------------

queueUtilQPl=0.017962001891465282

------------------ Color = index --------------------
arrivCnt=277113 deptCnt=277113
arrivThrPut=0.027739045174267195 deptThrPut=0.027739045174267195
meanTkPop=0.0182840104031284 tkColOcp=0.017962001891465282
-----
meanST=0.6591434668447064 stDevST=0.6569925072906538

Steady State Statistics: numBatchesST=692 batchSizeST=400 stDevStdStateMeanST=0.034198862728192024
95% c.i. = 0.6591327342428775 +/- 0.002548042736113031



REPORT for Depository of Queueing Place : P/categories_index----------------------------------------

tkOcp=0.0

------------------ Color = index --------------------
arrivCnt=277113 deptCnt=277113
arrivThrPut=0.027739045174267195 deptThrPut=0.027739045174267195
meanTkPop=0.0 tkColOcp=0.0
-----
meanST=0.0 stDevST=0.0

Steady State Statistics: numBatchesST=1385 batchSizeST=200 stDevStdStateMeanST=0.0
95% c.i. = 0.0 +/- 0.0



REPORT for Queue : Persistence----------------------------------------

totArrivThrPut=0.166488024811246 totDeptThrPut=0.166488024811246
meanTotTkPop=0.039910392917429746 queueUtil=0.03721062720080779
meanST=0.23971930090874538



REPORT for Queue of Queueing Place : A/isLoggedIn_index----------------------------------------

queueUtilQPl=0.0026741208081306096

------------------ Color = index --------------------
arrivCnt=277113 deptCnt=277113
arrivThrPut=0.027739045174267195 deptThrPut=0.027739045174267195
meanTkPop=0.002681599726320481 tkColOcp=0.0026741208081306096
-----
meanST=0.09667238758485215 stDevST=0.10346548569072717

Steady State Statistics: numBatchesST=692 batchSizeST=400 stDevStdStateMeanST=0.00510133925070547
95% c.i. = 0.09667615925282055 +/- 3.800837041137347E-4



REPORT for Depository of Queueing Place : A/isLoggedIn_index----------------------------------------

tkOcp=0.0

------------------ Color = index --------------------
arrivCnt=277113 deptCnt=277113
arrivThrPut=0.027739045174267195 deptThrPut=0.027739045174267195
meanTkPop=0.0 tkColOcp=0.0
-----
meanST=0.0 stDevST=0.0

Steady State Statistics: numBatchesST=1385 batchSizeST=200 stDevStdStateMeanST=0.0
95% c.i. = 0.0 +/- 0.0



REPORT for Queue : Auth----------------------------------------

totArrivThrPut=0.166488024811246 totDeptThrPut=0.166488024811246
meanTotTkPop=0.02673081416426836 queueUtil=0.02580725332805922
meanST=0.1605569781644904



REPORT for Queue of Queueing Place : W/login----------------------------------------

queueUtilQPl=0.0029921336402764036

------------------ Color = login --------------------
arrivCnt=277478 deptCnt=277478
arrivThrPut=0.02777558171888476 deptThrPut=0.02777558171888476
meanTkPop=0.0030017685285012603 tkColOcp=0.0029921336402764036
-----
meanST=0.10807221101188827 stDevST=0.1212022902580501

Steady State Statistics: numBatchesST=693 batchSizeST=400 stDevStdStateMeanST=0.006194149479992522
95% c.i. = 0.1080750575548853 +/- 4.6117223803536863E-4



REPORT for Depository of Queueing Place : W/login----------------------------------------

tkOcp=0.0

------------------ Color = login --------------------
arrivCnt=277478 deptCnt=277478
arrivThrPut=0.02777558171888476 deptThrPut=0.02777558171888476
meanTkPop=0.0 tkColOcp=0.0
-----
meanST=0.0 stDevST=0.0

Steady State Statistics: numBatchesST=1387 batchSizeST=200 stDevStdStateMeanST=0.0
95% c.i. = 0.0 +/- 0.0



REPORT for Queue : WebUI----------------------------------------

totArrivThrPut=0.166488024811246 totDeptThrPut=0.166488024811246
meanTotTkPop=0.03385758386465287 queueUtil=0.032504407695719696
meanST=0.20336347856272868



REPORT for Queue of Queueing Place : W/loginAction----------------------------------------

queueUtilQPl=0.010636328745270509

------------------ Color = loginAction --------------------
arrivCnt=276903 deptCnt=276903
arrivThrPut=0.027718024148596813 deptThrPut=0.027718024148596813
meanTkPop=0.010752860561074143 tkColOcp=0.010636328745270509
-----
meanST=0.3879374844118711 stDevST=0.38635238686481504

Steady State Statistics: numBatchesST=346 batchSizeST=800 stDevStdStateMeanST=0.014231176914664448
95% c.i. = 0.38792024704006195 +/- 0.0014995151545740242



REPORT for Depository of Queueing Place : W/loginAction----------------------------------------

tkOcp=0.0

------------------ Color = loginAction --------------------
arrivCnt=276903 deptCnt=276903
arrivThrPut=0.027718024148596813 deptThrPut=0.027718024148596813
meanTkPop=0.0 tkColOcp=0.0
-----
meanST=0.0 stDevST=0.0

Steady State Statistics: numBatchesST=1384 batchSizeST=200 stDevStdStateMeanST=0.0
95% c.i. = 0.0 +/- 0.0



REPORT for Queue : WebUI----------------------------------------

totArrivThrPut=0.166488024811246 totDeptThrPut=0.166488024811246
meanTotTkPop=0.03385758386465287 queueUtil=0.032504407695719696
meanST=0.20336347856272868



REPORT for Queue of Queueing Place : A/login_loginAction----------------------------------------

queueUtilQPl=0.005881549467620174

------------------ Color = loginAction --------------------
arrivCnt=276903 deptCnt=276903
arrivThrPut=0.027718024148596813 deptThrPut=0.027718024148596813
meanTkPop=0.005918417312325782 tkColOcp=0.005881549467620174
-----
meanST=0.21352233768890028 stDevST=0.21410334926623148

Steady State Statistics: numBatchesST=692 batchSizeST=400 stDevStdStateMeanST=0.010749849444671031
95% c.i. = 0.21351694898546528 +/- 8.009352828339152E-4



REPORT for Depository of Queueing Place : A/login_loginAction----------------------------------------

tkOcp=0.0

------------------ Color = loginAction --------------------
arrivCnt=276903 deptCnt=276903
arrivThrPut=0.027718024148596813 deptThrPut=0.027718024148596813
meanTkPop=0.0 tkColOcp=0.0
-----
meanST=0.0 stDevST=0.0

Steady State Statistics: numBatchesST=1384 batchSizeST=200 stDevStdStateMeanST=0.0
95% c.i. = 0.0 +/- 0.0



REPORT for Queue : Auth----------------------------------------

totArrivThrPut=0.166488024811246 totDeptThrPut=0.166488024811246
meanTotTkPop=0.02673081416426836 queueUtil=0.02580725332805922
meanST=0.1605569781644904



REPORT for Queue of Queueing Place : W/logout----------------------------------------

queueUtilQPl=0.004150874468329364

------------------ Color = logout --------------------
arrivCnt=278079 deptCnt=278079
arrivThrPut=0.027835741892350944 deptThrPut=0.027835741892350944
meanTkPop=0.004169001021854189 tkColOcp=0.004150874468329364
-----
meanST=0.14977150736549255 stDevST=0.15775273800003128

Steady State Statistics: numBatchesST=695 batchSizeST=400 stDevStdStateMeanST=0.007982691894778843
95% c.i. = 0.14977404914350068 +/- 5.934785897196354E-4



REPORT for Depository of Queueing Place : W/logout----------------------------------------

tkOcp=0.0

------------------ Color = logout --------------------
arrivCnt=278079 deptCnt=278079
arrivThrPut=0.027835741892350944 deptThrPut=0.027835741892350944
meanTkPop=0.0 tkColOcp=0.0
-----
meanST=0.0 stDevST=0.0

Steady State Statistics: numBatchesST=1390 batchSizeST=200 stDevStdStateMeanST=0.0
95% c.i. = 0.0 +/- 0.0



REPORT for Queue : WebUI----------------------------------------

totArrivThrPut=0.166488024811246 totDeptThrPut=0.166488024811246
meanTotTkPop=0.03385758386465287 queueUtil=0.032504407695719696
meanST=0.20336347856272868



REPORT for Queue of Queueing Place : A/logout_logout----------------------------------------

queueUtilQPl=0.0031636288268753294

------------------ Color = logout --------------------
arrivCnt=278079 deptCnt=278079
arrivThrPut=0.027835741892350944 deptThrPut=0.027835741892350944
meanTkPop=0.0031745857930719256 tkColOcp=0.0031636288268753294
-----
meanST=0.1140471055288912 stDevST=0.12117573728743354

Steady State Statistics: numBatchesST=347 batchSizeST=800 stDevStdStateMeanST=0.0043003861759923845
95% c.i. = 0.11406381413569461 +/- 4.524710638873293E-4



REPORT for Depository of Queueing Place : A/logout_logout----------------------------------------

tkOcp=0.0

------------------ Color = logout --------------------
arrivCnt=278079 deptCnt=278079
arrivThrPut=0.027835741892350944 deptThrPut=0.027835741892350944
meanTkPop=0.0 tkColOcp=0.0
-----
meanST=0.0 stDevST=0.0

Steady State Statistics: numBatchesST=1390 batchSizeST=200 stDevStdStateMeanST=0.0
95% c.i. = 0.0 +/- 0.0



REPORT for Queue : Auth----------------------------------------

totArrivThrPut=0.166488024811246 totDeptThrPut=0.166488024811246
meanTotTkPop=0.02673081416426836 queueUtil=0.02580725332805922
meanST=0.1605569781644904



REPORT for Queue of Queueing Place : P/getUser_loginAction----------------------------------------

queueUtilQPl=0.0028611118061522937

------------------ Color = loginAction --------------------
arrivCnt=276903 deptCnt=276903
arrivThrPut=0.027718024148596813 deptThrPut=0.027718024148596813
meanTkPop=0.002873407531398311 tkColOcp=0.0028611118061522937
-----
meanST=0.10366566952947016 stDevST=0.15482900386166729

Steady State Statistics: numBatchesST=692 batchSizeST=400 stDevStdStateMeanST=0.007618231808205298
95% c.i. = 0.1036681486173005 +/- 5.676089399581322E-4



REPORT for Depository of Queueing Place : P/getUser_loginAction----------------------------------------

tkOcp=0.0

------------------ Color = loginAction --------------------
arrivCnt=276903 deptCnt=276903
arrivThrPut=0.027718024148596813 deptThrPut=0.027718024148596813
meanTkPop=0.0 tkColOcp=0.0
-----
meanST=0.0 stDevST=0.0

Steady State Statistics: numBatchesST=1384 batchSizeST=200 stDevStdStateMeanST=0.0
95% c.i. = 0.0 +/- 0.0



REPORT for Queue : Persistence----------------------------------------

totArrivThrPut=0.166488024811246 totDeptThrPut=0.166488024811246
meanTotTkPop=0.039910392917429746 queueUtil=0.03721062720080779
meanST=0.23971930090874538



REPORT for Queue of Queueing Place : W/category----------------------------------------

queueUtilQPl=0.0037926402357812555

------------------ Color = category --------------------
arrivCnt=276819 deptCnt=276819
arrivThrPut=0.027709615738328662 deptThrPut=0.027709615738328662
meanTkPop=0.003807366674075799 tkColOcp=0.0037926402357812555
-----
meanST=0.13740236277651985 stDevST=0.14697390350579217

Steady State Statistics: numBatchesST=346 batchSizeST=800 stDevStdStateMeanST=0.005184585895263755
95% c.i. = 0.13740487230719578 +/- 5.462910879934096E-4



REPORT for Depository of Queueing Place : W/category----------------------------------------

tkOcp=0.0

------------------ Color = category --------------------
arrivCnt=276819 deptCnt=276819
arrivThrPut=0.027709615738328662 deptThrPut=0.027709615738328662
meanTkPop=0.0 tkColOcp=0.0
-----
meanST=0.0 stDevST=0.0

Steady State Statistics: numBatchesST=1384 batchSizeST=200 stDevStdStateMeanST=0.0
95% c.i. = 0.0 +/- 0.0



REPORT for Queue : WebUI----------------------------------------

totArrivThrPut=0.166488024811246 totDeptThrPut=0.166488024811246
meanTotTkPop=0.03385758386465287 queueUtil=0.032504407695719696
meanST=0.20336347856272868



REPORT for Queue of Queueing Place : W/product----------------------------------------

queueUtilQPl=0.004690479875711966

------------------ Color = product --------------------
arrivCnt=276823 deptCnt=276823
arrivThrPut=0.02771001613881762 deptThrPut=0.02771001613881762
meanTkPop=0.004714546521977367 tkColOcp=0.004690479875711966
-----
meanST=0.17013871440417483 stDevST=0.17627691121366812

Steady State Statistics: numBatchesST=692 batchSizeST=400 stDevStdStateMeanST=0.008922300514015085
95% c.i. = 0.17013980538178816 +/- 6.647707321393606E-4



REPORT for Depository of Queueing Place : W/product----------------------------------------

tkOcp=0.0

------------------ Color = product --------------------
arrivCnt=276823 deptCnt=276823
arrivThrPut=0.02771001613881762 deptThrPut=0.02771001613881762
meanTkPop=0.0 tkColOcp=0.0
-----
meanST=0.0 stDevST=0.0

Steady State Statistics: numBatchesST=1384 batchSizeST=200 stDevStdStateMeanST=0.0
95% c.i. = 0.0 +/- 0.0



REPORT for Queue : WebUI----------------------------------------

totArrivThrPut=0.166488024811246 totDeptThrPut=0.166488024811246
meanTotTkPop=0.03385758386465287 queueUtil=0.032504407695719696
meanST=0.20336347856272868



REPORT for Queue of Queueing Place : P/category_category----------------------------------------

queueUtilQPl=0.003235783843311929

------------------ Color = category --------------------
arrivCnt=276819 deptCnt=276819
arrivThrPut=0.027709615738328662 deptThrPut=0.027709615738328662
meanTkPop=0.0032555905140226817 tkColOcp=0.003235783843311929
-----
meanST=0.11748955830951723 stDevST=0.17163513823027346

Steady State Statistics: numBatchesST=692 batchSizeST=400 stDevStdStateMeanST=0.008825744955745729
95% c.i. = 0.1174871083962146 +/- 6.575767008396952E-4



REPORT for Depository of Queueing Place : P/category_category----------------------------------------

tkOcp=0.0

------------------ Color = category --------------------
arrivCnt=276819 deptCnt=276819
arrivThrPut=0.027709615738328662 deptThrPut=0.027709615738328662
meanTkPop=0.0 tkColOcp=0.0
-----
meanST=0.0 stDevST=0.0

Steady State Statistics: numBatchesST=1384 batchSizeST=200 stDevStdStateMeanST=0.0
95% c.i. = 0.0 +/- 0.0



REPORT for Queue : Persistence----------------------------------------

totArrivThrPut=0.166488024811246 totDeptThrPut=0.166488024811246
meanTotTkPop=0.039910392917429746 queueUtil=0.03721062720080779
meanST=0.23971930090874538



REPORT for Queue of Queueing Place : P/getProduct_product----------------------------------------

queueUtilQPl=0.005814521822205052

------------------ Color = product --------------------
arrivCnt=276823 deptCnt=276823
arrivThrPut=0.02771001613881762 deptThrPut=0.02771001613881762
meanTkPop=0.00585124028433278 tkColOcp=0.005814521822205052
-----
meanST=0.21115975736066284 stDevST=0.23706342164051386

Steady State Statistics: numBatchesST=692 batchSizeST=400 stDevStdStateMeanST=0.01152703382663898
95% c.i. = 0.21116028248783025 +/- 8.588406884853569E-4



REPORT for Depository of Queueing Place : P/getProduct_product----------------------------------------

tkOcp=0.0

------------------ Color = product --------------------
arrivCnt=276823 deptCnt=276823
arrivThrPut=0.02771001613881762 deptThrPut=0.02771001613881762
meanTkPop=0.0 tkColOcp=0.0
-----
meanST=0.0 stDevST=0.0

Steady State Statistics: numBatchesST=1384 batchSizeST=200 stDevStdStateMeanST=0.0
95% c.i. = 0.0 +/- 0.0



REPORT for Queue : Persistence----------------------------------------

totArrivThrPut=0.166488024811246 totDeptThrPut=0.166488024811246
meanTotTkPop=0.039910392917429746 queueUtil=0.03721062720080779
meanST=0.23971930090874538



REPORT for Queue of Queueing Place : R/getAds_product----------------------------------------

queueUtilQPl=0.012280182904868046

------------------ Color = product --------------------
arrivCnt=276823 deptCnt=276823
arrivThrPut=0.02771001613881762 deptThrPut=0.02771001613881762
meanTkPop=0.012437606865465555 tkColOcp=0.012280182904868046
-----
meanST=0.44884877739361234 stDevST=0.4484504580975539

Steady State Statistics: numBatchesST=692 batchSizeST=400 stDevStdStateMeanST=0.022700534724558744
95% c.i. = 0.4488522494192877 +/- 0.0016913408223692542



REPORT for Depository of Queueing Place : R/getAds_product----------------------------------------

tkOcp=0.0

------------------ Color = product --------------------
arrivCnt=276823 deptCnt=276823
arrivThrPut=0.02771001613881762 deptThrPut=0.02771001613881762
meanTkPop=0.0 tkColOcp=0.0
-----
meanST=0.0 stDevST=0.0

Steady State Statistics: numBatchesST=1384 batchSizeST=200 stDevStdStateMeanST=0.0
95% c.i. = 0.0 +/- 0.0



REPORT for Queue : Recommender----------------------------------------

totArrivThrPut=0.02771001613881762 totDeptThrPut=0.02771001613881762
meanTotTkPop=0.012437606865465555 queueUtil=0.012280182904868046
meanST=0.44884877739361234



REPORT for Queue of Queueing Place : I/productImages_category----------------------------------------

queueUtilQPl=0.007949935432138627

------------------ Color = category --------------------
arrivCnt=276819 deptCnt=276819
arrivThrPut=0.027709615738328662 deptThrPut=0.027709615738328662
meanTkPop=0.008142055082431635 tkColOcp=0.007949935432138627
-----
meanST=0.29383500512312527 stDevST=0.660475952849174

Steady State Statistics: numBatchesST=692 batchSizeST=400 stDevStdStateMeanST=0.037038411203521776
95% c.i. = 0.29384153709167093 +/- 0.002759607983879015



REPORT for Depository of Queueing Place : I/productImages_category----------------------------------------

tkOcp=0.0

------------------ Color = category --------------------
arrivCnt=276819 deptCnt=276819
arrivThrPut=0.027709615738328662 deptThrPut=0.027709615738328662
meanTkPop=0.0 tkColOcp=0.0
-----
meanST=0.0 stDevST=0.0

Steady State Statistics: numBatchesST=1384 batchSizeST=200 stDevStdStateMeanST=0.0
95% c.i. = 0.0 +/- 0.0



REPORT for Queue : ImageProvider----------------------------------------

totArrivThrPut=0.166488024811246 totDeptThrPut=0.166488024811246
meanTotTkPop=0.1203712967754448 queueUtil=0.09929977540469584
meanST=0.723002731949727



REPORT for Queue of Queueing Place : I/product_product----------------------------------------

queueUtilQPl=0.006170856759085934

------------------ Color = product --------------------
arrivCnt=276823 deptCnt=276823
arrivThrPut=0.02771001613881762 deptThrPut=0.02771001613881762
meanTkPop=0.006352979636412177 tkColOcp=0.006170856759085934
-----
meanST=0.22926654407510774 stDevST=0.6461235240332952

Steady State Statistics: numBatchesST=346 batchSizeST=800 stDevStdStateMeanST=0.02408053995193531
95% c.i. = 0.2292728716564668 +/- 0.0025373259572821247



REPORT for Depository of Queueing Place : I/product_product----------------------------------------

tkOcp=0.0

------------------ Color = product --------------------
arrivCnt=276823 deptCnt=276823
arrivThrPut=0.02771001613881762 deptThrPut=0.02771001613881762
meanTkPop=0.0 tkColOcp=0.0
-----
meanST=0.0 stDevST=0.0

Steady State Statistics: numBatchesST=1384 batchSizeST=200 stDevStdStateMeanST=0.0
95% c.i. = 0.0 +/- 0.0



REPORT for Queue : ImageProvider----------------------------------------

totArrivThrPut=0.166488024811246 totDeptThrPut=0.166488024811246
meanTotTkPop=0.1203712967754448 queueUtil=0.09929977540469584
meanST=0.723002731949727



REPORT for Queue of Queueing Place : Workload----------------------------------------

queueUtilQPl=1.0

------------------ Color = workload --------------------
arrivCnt=1663215 deptCnt=1663215
arrivThrPut=0.166488024811246 deptThrPut=0.166488024811246
meanTkPop=1.0 tkColOcp=1.0
-----
meanST=6.0064380073806465 stDevST=6.006649898864225

Steady State Statistics: numBatchesST=519 batchSizeST=3200 stDevStdStateMeanST=0.10398851124786475
95% c.i. = 6.006525689430554 +/- 0.008946430093887098



REPORT for Depository of Queueing Place : Workload----------------------------------------

tkOcp=0.0

------------------ Color = workload --------------------
arrivCnt=1663215 deptCnt=1663215
arrivThrPut=0.166488024811246 deptThrPut=0.166488024811246
meanTkPop=0.0 tkColOcp=0.0
-----
meanST=0.0 stDevST=0.0

Steady State Statistics: numBatchesST=8316 batchSizeST=200 stDevStdStateMeanST=0.0
95% c.i. = 0.0 +/- 0.0



REPORT for Queue : Workload----------------------------------------

totArrivThrPut=0.166488024811246 totDeptThrPut=0.166488024811246
meanTotTkPop=1.0 queueUtil=1.0
meanST=6.0064380073806465



REPORT for Queue of Queueing Place : I/icon_index----------------------------------------

queueUtilQPl=0.012444773110708443

------------------ Color = index --------------------
arrivCnt=277113 deptCnt=277113
arrivThrPut=0.027739045174267195 deptThrPut=0.027739045174267195
meanTkPop=0.012689727058090919 tkColOcp=0.012444773110708443
-----
meanST=0.45746805552856074 stDevST=0.694615962285547

Steady State Statistics: numBatchesST=692 batchSizeST=400 stDevStdStateMeanST=0.03858449153529034
95% c.i. = 0.4574317209714844 +/- 0.00287480125185756



REPORT for Depository of Queueing Place : I/icon_index----------------------------------------

tkOcp=0.0

------------------ Color = index --------------------
arrivCnt=277113 deptCnt=277113
arrivThrPut=0.027739045174267195 deptThrPut=0.027739045174267195
meanTkPop=0.0 tkColOcp=0.0
-----
meanST=0.0 stDevST=0.0

Steady State Statistics: numBatchesST=1385 batchSizeST=200 stDevStdStateMeanST=0.0
95% c.i. = 0.0 +/- 0.0



REPORT for Queue : ImageProvider----------------------------------------

totArrivThrPut=0.166488024811246 totDeptThrPut=0.166488024811246
meanTotTkPop=0.1203712967754448 queueUtil=0.09929977540469584
meanST=0.723002731949727



REPORT for Queue of Queueing Place : P/categories_login----------------------------------------

queueUtilQPl=0.003630080225934744

------------------ Color = login --------------------
arrivCnt=277478 deptCnt=277478
arrivThrPut=0.02777558171888476 deptThrPut=0.02777558171888476
meanTkPop=0.0036505582336004406 tkColOcp=0.003630080225934744
-----
meanST=0.13143048705685278 stDevST=0.18102991390741685

Steady State Statistics: numBatchesST=346 batchSizeST=800 stDevStdStateMeanST=0.006609903496490484
95% c.i. = 0.1314022388705438 +/- 6.964744042389002E-4



REPORT for Depository of Queueing Place : P/categories_login----------------------------------------

tkOcp=0.0

------------------ Color = login --------------------
arrivCnt=277478 deptCnt=277478
arrivThrPut=0.02777558171888476 deptThrPut=0.02777558171888476
meanTkPop=0.0 tkColOcp=0.0
-----
meanST=0.0 stDevST=0.0

Steady State Statistics: numBatchesST=1387 batchSizeST=200 stDevStdStateMeanST=0.0
95% c.i. = 0.0 +/- 0.0



REPORT for Queue : Persistence----------------------------------------

totArrivThrPut=0.166488024811246 totDeptThrPut=0.166488024811246
meanTotTkPop=0.039910392917429746 queueUtil=0.03721062720080779
meanST=0.23971930090874538



REPORT for Queue of Queueing Place : I/icon_login----------------------------------------

queueUtilQPl=0.018169920074660326

------------------ Color = login --------------------
arrivCnt=277478 deptCnt=277478
arrivThrPut=0.02777558171888476 deptThrPut=0.02777558171888476
meanTkPop=0.018610674368135884 tkColOcp=0.018169920074660326
-----
meanST=0.6700372491382381 stDevST=0.8416841182826217

Steady State Statistics: numBatchesST=346 batchSizeST=800 stDevStdStateMeanST=0.03162409124117939
95% c.i. = 0.6700289139223803 +/- 0.0033321772577302178



REPORT for Depository of Queueing Place : I/icon_login----------------------------------------

tkOcp=0.0

------------------ Color = login --------------------
arrivCnt=277478 deptCnt=277478
arrivThrPut=0.02777558171888476 deptThrPut=0.02777558171888476
meanTkPop=0.0 tkColOcp=0.0
-----
meanST=0.0 stDevST=0.0

Steady State Statistics: numBatchesST=1387 batchSizeST=200 stDevStdStateMeanST=0.0
95% c.i. = 0.0 +/- 0.0



REPORT for Queue : ImageProvider----------------------------------------

totArrivThrPut=0.166488024811246 totDeptThrPut=0.166488024811246
meanTotTkPop=0.1203712967754448 queueUtil=0.09929977540469584
meanST=0.723002731949727



REPORT for Queue of Queueing Place : A/isLoggedIn_login----------------------------------------

queueUtilQPl=0.003140526474161719

------------------ Color = login --------------------
arrivCnt=277478 deptCnt=277478
arrivThrPut=0.02777558171888476 deptThrPut=0.02777558171888476
meanTkPop=0.0031509369169747414 tkColOcp=0.003140526474161719
-----
meanST=0.11344269757750575 stDevST=0.11813762833978483

Steady State Statistics: numBatchesST=693 batchSizeST=400 stDevStdStateMeanST=0.005889153718044532
95% c.i. = 0.11345602674228042 +/- 4.384644266428307E-4



REPORT for Depository of Queueing Place : A/isLoggedIn_login----------------------------------------

tkOcp=0.0

------------------ Color = login --------------------
arrivCnt=277478 deptCnt=277478
arrivThrPut=0.02777558171888476 deptThrPut=0.02777558171888476
meanTkPop=0.0 tkColOcp=0.0
-----
meanST=0.0 stDevST=0.0

Steady State Statistics: numBatchesST=1387 batchSizeST=200 stDevStdStateMeanST=0.0
95% c.i. = 0.0 +/- 0.0



REPORT for Queue : Auth----------------------------------------

totArrivThrPut=0.166488024811246 totDeptThrPut=0.166488024811246
meanTotTkPop=0.02673081416426836 queueUtil=0.02580725332805922
meanST=0.1605569781644904



REPORT for Queue of Queueing Place : A/isLoggedIn_category----------------------------------------

queueUtilQPl=0.002623021191724441

------------------ Color = category --------------------
arrivCnt=276819 deptCnt=276819
arrivThrPut=0.027709615738328662 deptThrPut=0.027709615738328662
meanTkPop=0.002633497556261185 tkColOcp=0.002623021191724441
-----
meanST=0.09503912219967968 stDevST=0.10443951628648274

Steady State Statistics: numBatchesST=692 batchSizeST=400 stDevStdStateMeanST=0.005134627632883115
95% c.i. = 0.0950364558538002 +/- 3.8256390999306006E-4



REPORT for Depository of Queueing Place : A/isLoggedIn_category----------------------------------------

tkOcp=0.0

------------------ Color = category --------------------
arrivCnt=276819 deptCnt=276819
arrivThrPut=0.027709615738328662 deptThrPut=0.027709615738328662
meanTkPop=0.0 tkColOcp=0.0
-----
meanST=0.0 stDevST=0.0

Steady State Statistics: numBatchesST=1384 batchSizeST=200 stDevStdStateMeanST=0.0
95% c.i. = 0.0 +/- 0.0



REPORT for Queue : Auth----------------------------------------

totArrivThrPut=0.166488024811246 totDeptThrPut=0.166488024811246
meanTotTkPop=0.02673081416426836 queueUtil=0.02580725332805922
meanST=0.1605569781644904



REPORT for Queue of Queueing Place : I/icon_logout----------------------------------------

queueUtilQPl=0.05080014859634513

------------------ Color = logout --------------------
arrivCnt=278079 deptCnt=278079
arrivThrPut=0.027835741892350944 deptThrPut=0.027835741892350944
meanTkPop=0.05344509317432761 tkColOcp=0.05080014859634513
-----
meanST=1.9200168395372972 stDevST=1.8966816283737638

Steady State Statistics: numBatchesST=695 batchSizeST=400 stDevStdStateMeanST=0.10479167053519163
95% c.i. = 1.9198929647587415 +/- 0.007790807119120709



REPORT for Depository of Queueing Place : I/icon_logout----------------------------------------

tkOcp=0.0

------------------ Color = logout --------------------
arrivCnt=278079 deptCnt=278079
arrivThrPut=0.027835741892350944 deptThrPut=0.027835741892350944
meanTkPop=0.0 tkColOcp=0.0
-----
meanST=0.0 stDevST=0.0

Steady State Statistics: numBatchesST=1390 batchSizeST=200 stDevStdStateMeanST=0.0
95% c.i. = 0.0 +/- 0.0



REPORT for Queue : ImageProvider----------------------------------------

totArrivThrPut=0.166488024811246 totDeptThrPut=0.166488024811246
meanTotTkPop=0.1203712967754448 queueUtil=0.09929977540469584
meanST=0.723002731949727



REPORT for Queue of Queueing Place : I/icon_loginAction----------------------------------------

queueUtilQPl=0.020628526871436705

------------------ Color = loginAction --------------------
arrivCnt=276903 deptCnt=276903
arrivThrPut=0.027718024148596813 deptThrPut=0.027718024148596813
meanTkPop=0.02113076745604657 tkColOcp=0.020628526871436705
-----
meanST=0.7623475375720923 stDevST=0.885170814310784

Steady State Statistics: numBatchesST=692 batchSizeST=400 stDevStdStateMeanST=0.04977289429175895
95% c.i. = 0.7623831830637516 +/- 0.003708411673318321



REPORT for Depository of Queueing Place : I/icon_loginAction----------------------------------------

tkOcp=0.0

------------------ Color = loginAction --------------------
arrivCnt=276903 deptCnt=276903
arrivThrPut=0.027718024148596813 deptThrPut=0.027718024148596813
meanTkPop=0.0 tkColOcp=0.0
-----
meanST=0.0 stDevST=0.0

Steady State Statistics: numBatchesST=1384 batchSizeST=200 stDevStdStateMeanST=0.0
95% c.i. = 0.0 +/- 0.0



REPORT for Queue : ImageProvider----------------------------------------

totArrivThrPut=0.166488024811246 totDeptThrPut=0.166488024811246
meanTotTkPop=0.1203712967754448 queueUtil=0.09929977540469584
meanST=0.723002731949727



REPORT for Queue of Queueing Place : A/isLoggedIn_product----------------------------------------

queueUtilQPl=0.009064376924190034

------------------ Color = product --------------------
arrivCnt=276823 deptCnt=276823
arrivThrPut=0.02771001613881762 deptThrPut=0.02771001613881762
meanTkPop=0.009171776859314246 tkColOcp=0.009064376924190034
-----
meanST=0.3309913936306211 stDevST=0.3289712473380564

Steady State Statistics: numBatchesST=346 batchSizeST=800 stDevStdStateMeanST=0.012454174609123915
95% c.i. = 0.3309882811214078 +/- 0.0013122754130649968



REPORT for Depository of Queueing Place : A/isLoggedIn_product----------------------------------------

tkOcp=0.0

------------------ Color = product --------------------
arrivCnt=276823 deptCnt=276823
arrivThrPut=0.02771001613881762 deptThrPut=0.02771001613881762
meanTkPop=0.0 tkColOcp=0.0
-----
meanST=0.0 stDevST=0.0

Steady State Statistics: numBatchesST=1384 batchSizeST=200 stDevStdStateMeanST=0.0
95% c.i. = 0.0 +/- 0.0



REPORT for Queue : Auth----------------------------------------

totArrivThrPut=0.166488024811246 totDeptThrPut=0.166488024811246
meanTotTkPop=0.02673081416426836 queueUtil=0.02580725332805922
meanST=0.1605569781644904



REPORT for Queue of Queueing Place : P/category_logout----------------------------------------

queueUtilQPl=0.005955151685367019

------------------ Color = logout --------------------
arrivCnt=278079 deptCnt=278079
arrivThrPut=0.027835741892350944 deptThrPut=0.027835741892350944
meanTkPop=0.005995585950947134 tkColOcp=0.005955151685367019
-----
meanST=0.2153916347598652 stDevST=0.24208410512101416

Steady State Statistics: numBatchesST=695 batchSizeST=400 stDevStdStateMeanST=0.0122144215970146
95% c.i. = 0.2153874232919054 +/- 9.080893762639841E-4



REPORT for Depository of Queueing Place : P/category_logout----------------------------------------

tkOcp=0.0

------------------ Color = logout --------------------
arrivCnt=278079 deptCnt=278079
arrivThrPut=0.027835741892350944 deptThrPut=0.027835741892350944
meanTkPop=0.0 tkColOcp=0.0
-----
meanST=0.0 stDevST=0.0

Steady State Statistics: numBatchesST=1390 batchSizeST=200 stDevStdStateMeanST=0.0
95% c.i. = 0.0 +/- 0.0



REPORT for Queue : Persistence----------------------------------------

totArrivThrPut=0.166488024811246 totDeptThrPut=0.166488024811246
meanTotTkPop=0.039910392917429746 queueUtil=0.03721062720080779
meanST=0.23971930090874538



REPORT for Ordinary Place : Finish_index----------------------------------------

tkOcp=1.0

------------------ Color = index --------------------
arrivCnt=277113 deptCnt=0
arrivThrPut=0.027739045174267195 deptThrPut=0.0
meanTkPop=138788.8392592805 tkColOcp=1.0
-----
meanST=NaN stDevST=NaN

Steady State Statistics: Only 0 batches collected!
Need at least 60 for steady state statistics.



REPORT for Ordinary Place : Finish_login----------------------------------------

tkOcp=1.0

------------------ Color = login --------------------
arrivCnt=277478 deptCnt=0
arrivThrPut=0.02777558171888476 deptThrPut=0.0
meanTkPop=139041.91052332352 tkColOcp=1.0
-----
meanST=NaN stDevST=NaN

Steady State Statistics: Only 0 batches collected!
Need at least 60 for steady state statistics.



REPORT for Ordinary Place : Finish_loginAction----------------------------------------

tkOcp=1.0

------------------ Color = loginAction --------------------
arrivCnt=276903 deptCnt=0
arrivThrPut=0.027718024148596813 deptThrPut=0.0
meanTkPop=138691.0635451981 tkColOcp=1.0
-----
meanST=NaN stDevST=NaN

Steady State Statistics: Only 0 batches collected!
Need at least 60 for steady state statistics.



REPORT for Ordinary Place : Finish_category----------------------------------------

tkOcp=1.0

------------------ Color = category --------------------
arrivCnt=276819 deptCnt=0
arrivThrPut=0.027709615738328662 deptThrPut=0.0
meanTkPop=138670.6924846899 tkColOcp=1.0
-----
meanST=NaN stDevST=NaN

Steady State Statistics: Only 0 batches collected!
Need at least 60 for steady state statistics.



REPORT for Ordinary Place : Finish_product----------------------------------------

tkOcp=1.0

------------------ Color = product --------------------
arrivCnt=276823 deptCnt=0
arrivThrPut=0.02771001613881762 deptThrPut=0.0
meanTkPop=138521.11540704343 tkColOcp=1.0
-----
meanST=NaN stDevST=NaN

Steady State Statistics: Only 0 batches collected!
Need at least 60 for steady state statistics.



REPORT for Ordinary Place : Finish_logout----------------------------------------

tkOcp=1.0

------------------ Color = logout --------------------
arrivCnt=278079 deptCnt=0
arrivThrPut=0.027835741892350944 deptThrPut=0.0
meanTkPop=139449.49468965613 tkColOcp=1.0
-----
meanST=NaN stDevST=NaN

Steady State Statistics: Only 0 batches collected!
Need at least 60 for steady state statistics.



REPORT REPORT for Probe : /index----------------------------------------


------------------ Color = index --------------------
-----
meanST=1.4804899551051263 stDevST=0.996603318105602

Steady State Statistics: numBatchesST=692 batchSizeST=400 stDevStdStateMeanST=0.05388554879270508
95% c.i. = 1.4804599837353396 +/- 0.004014831787652701



REPORT REPORT for Probe : /login----------------------------------------


------------------ Color = login --------------------
-----
meanST=1.0229826447844852 stDevST=0.8833994038111043

Steady State Statistics: numBatchesST=346 batchSizeST=800 stDevStdStateMeanST=0.03282432881837972
95% c.i. = 1.0229607644205772 +/- 0.003458644270746305



REPORT REPORT for Probe : /loginAction----------------------------------------


------------------ Color = loginAction --------------------
-----
meanST=1.467473029202334 stDevST=0.9978168382427332

Steady State Statistics: numBatchesST=692 batchSizeST=400 stDevStdStateMeanST=0.05386959331845719
95% c.i. = 1.4674885277065763 +/- 0.004013642998698468



REPORT REPORT for Probe : /logout----------------------------------------


------------------ Color = logout --------------------
-----
meanST=2.3992270871915458 stDevST=1.9232624513763739

Steady State Statistics: numBatchesST=695 batchSizeST=400 stDevStdStateMeanST=0.10597897483120482
95% c.i. = 2.399101204373153 +/- 0.00787907805434581



REPORT REPORT for Probe : /category----------------------------------------


------------------ Color = category --------------------
-----
meanST=0.643766048408842 stDevST=0.7141753198553605

Steady State Statistics: numBatchesST=692 batchSizeST=400 stDevStdStateMeanST=0.040101387270129824
95% c.i. = 0.6437699736488816 +/- 0.0029878200732528213



REPORT REPORT for Probe : /product----------------------------------------


------------------ Color = product --------------------
-----
meanST=1.3904051868641787 stDevST=0.9104793901483127

Steady State Statistics: numBatchesST=692 batchSizeST=400 stDevStdStateMeanST=0.049539093426925834
95% c.i. = 1.390413490066782 +/- 0.0036909919538361327



