INFO Logging to /home/yjx/workloadConfig/qpme/output/SimQPN_Output_config_2025-08-14_063221946.log
WARN Batch means correlation test was run for depository of place Workload, color 0
    However, the standard deviation of the token residence time is 0 and therefore the result of the test is ignored!
    In future runs, you should set numBMeansCorlTested to 0 to switch off the correlation test!
WARN Batch means correlation test was run for depository of place W/login, color 0
    However, the standard deviation of the token residence time is 0 and therefore the result of the test is ignored!
    In future runs, you should set numBMeansCorlTested to 0 to switch off the correlation test!
WARN Batch means correlation test was run for depository of place P/categories_login, color 0
    However, the standard deviation of the token residence time is 0 and therefore the result of the test is ignored!
    In future runs, you should set numBMeansCorlTested to 0 to switch off the correlation test!
WARN Batch means correlation test was run for depository of place I/icon_login, color 0
    However, the standard deviation of the token residence time is 0 and therefore the result of the test is ignored!
    In future runs, you should set numBMeansCorlTested to 0 to switch off the correlation test!
WARN Batch means correlation test was run for depository of place A/isLoggedIn_login, color 0
    However, the standard deviation of the token residence time is 0 and therefore the result of the test is ignored!
    In future runs, you should set numBMeansCorlTested to 0 to switch off the correlation test!
WARN Batch means correlation test was run for depository of place W/loginAction, color 0
    However, the standard deviation of the token residence time is 0 and therefore the result of the test is ignored!
    In future runs, you should set numBMeansCorlTested to 0 to switch off the correlation test!
WARN Batch means correlation test was run for depository of place A/login_loginAction, color 0
    However, the standard deviation of the token residence time is 0 and therefore the result of the test is ignored!
    In future runs, you should set numBMeansCorlTested to 0 to switch off the correlation test!
WARN Batch means correlation test was run for depository of place P/getUser_loginAction, color 0
    However, the standard deviation of the token residence time is 0 and therefore the result of the test is ignored!
    In future runs, you should set numBMeansCorlTested to 0 to switch off the correlation test!
WARN Batch means correlation test was run for depository of place I/icon_loginAction, color 0
    However, the standard deviation of the token residence time is 0 and therefore the result of the test is ignored!
    In future runs, you should set numBMeansCorlTested to 0 to switch off the correlation test!
WARN Batch means correlation test was run for depository of place W/logout, color 0
    However, the standard deviation of the token residence time is 0 and therefore the result of the test is ignored!
    In future runs, you should set numBMeansCorlTested to 0 to switch off the correlation test!
WARN Batch means correlation test was run for depository of place A/logout_logout, color 0
    However, the standard deviation of the token residence time is 0 and therefore the result of the test is ignored!
    In future runs, you should set numBMeansCorlTested to 0 to switch off the correlation test!
WARN Batch means correlation test was run for depository of place P/category_logout, color 0
    However, the standard deviation of the token residence time is 0 and therefore the result of the test is ignored!
    In future runs, you should set numBMeansCorlTested to 0 to switch off the correlation test!
WARN Batch means correlation test was run for depository of place I/icon_logout, color 0
    However, the standard deviation of the token residence time is 0 and therefore the result of the test is ignored!
    In future runs, you should set numBMeansCorlTested to 0 to switch off the correlation test!
WARN Batch means correlation test was run for depository of place A/isLoggedIn_product, color 0
    However, the standard deviation of the token residence time is 0 and therefore the result of the test is ignored!
    In future runs, you should set numBMeansCorlTested to 0 to switch off the correlation test!
WARN Batch means correlation test was run for depository of place W/product, color 0
    However, the standard deviation of the token residence time is 0 and therefore the result of the test is ignored!
    In future runs, you should set numBMeansCorlTested to 0 to switch off the correlation test!
WARN Batch means correlation test was run for depository of place P/getProduct_product, color 0
    However, the standard deviation of the token residence time is 0 and therefore the result of the test is ignored!
    In future runs, you should set numBMeansCorlTested to 0 to switch off the correlation test!
WARN Batch means correlation test was run for depository of place R/getAds_product, color 0
    However, the standard deviation of the token residence time is 0 and therefore the result of the test is ignored!
    In future runs, you should set numBMeansCorlTested to 0 to switch off the correlation test!
WARN Batch means correlation test was run for depository of place I/product_product, color 0
    However, the standard deviation of the token residence time is 0 and therefore the result of the test is ignored!
    In future runs, you should set numBMeansCorlTested to 0 to switch off the correlation test!
WARN Batch means correlation test was run for depository of place W/category, color 0
    However, the standard deviation of the token residence time is 0 and therefore the result of the test is ignored!
    In future runs, you should set numBMeansCorlTested to 0 to switch off the correlation test!
WARN Batch means correlation test was run for depository of place P/category_category, color 0
    However, the standard deviation of the token residence time is 0 and therefore the result of the test is ignored!
    In future runs, you should set numBMeansCorlTested to 0 to switch off the correlation test!
WARN Batch means correlation test was run for depository of place I/productImages_category, color 0
    However, the standard deviation of the token residence time is 0 and therefore the result of the test is ignored!
    In future runs, you should set numBMeansCorlTested to 0 to switch off the correlation test!
WARN Batch means correlation test was run for depository of place A/isLoggedIn_category, color 0
    However, the standard deviation of the token residence time is 0 and therefore the result of the test is ignored!
    In future runs, you should set numBMeansCorlTested to 0 to switch off the correlation test!
WARN Batch means correlation test was run for depository of place W/index, color 0
    However, the standard deviation of the token residence time is 0 and therefore the result of the test is ignored!
    In future runs, you should set numBMeansCorlTested to 0 to switch off the correlation test!
WARN Batch means correlation test was run for depository of place P/categories_index, color 0
    However, the standard deviation of the token residence time is 0 and therefore the result of the test is ignored!
    In future runs, you should set numBMeansCorlTested to 0 to switch off the correlation test!
WARN Batch means correlation test was run for depository of place A/isLoggedIn_index, color 0
    However, the standard deviation of the token residence time is 0 and therefore the result of the test is ignored!
    In future runs, you should set numBMeansCorlTested to 0 to switch off the correlation test!
WARN Batch means correlation test was run for depository of place I/icon_index, color 0
    However, the standard deviation of the token residence time is 0 and therefore the result of the test is ignored!
    In future runs, you should set numBMeansCorlTested to 0 to switch off the correlation test!
WARN LP-1 The simulation was stopped because of reaching max totalRunLen.
The required precision may not have been reached!
REPORT for Queue of Queueing Place : W/index----------------------------------------

queueUtilQPl=0.0034581822887155447

------------------ Color = index --------------------
arrivCnt=278442 deptCnt=278442
arrivThrPut=0.0278720640558714 deptThrPut=0.0278720640558714
meanTkPop=0.0034740550585434004 tkColOcp=0.0034581822887155447
-----
meanST=0.12464290594264661 stDevST=0.16761629379656906

Steady State Statistics: numBatchesST=696 batchSizeST=400 stDevStdStateMeanST=0.008237710248764938
95% c.i. = 0.12464401620633386 +/- 6.119979724565374E-4



REPORT for Depository of Queueing Place : W/index----------------------------------------

tkOcp=0.0

------------------ Color = index --------------------
arrivCnt=278442 deptCnt=278442
arrivThrPut=0.0278720640558714 deptThrPut=0.0278720640558714
meanTkPop=0.0 tkColOcp=0.0
-----
meanST=0.0 stDevST=0.0

Steady State Statistics: numBatchesST=1392 batchSizeST=200 stDevStdStateMeanST=0.0
95% c.i. = 0.0 +/- 0.0



REPORT for Queue : WebUI----------------------------------------

totArrivThrPut=0.1665347869382647 totDeptThrPut=0.1665347869382647
meanTotTkPop=0.04199328085790274 queueUtil=0.039371544519053746
meanST=0.2521592132787841



REPORT for Queue of Queueing Place : P/categories_index----------------------------------------

queueUtilQPl=0.010132352578951016

------------------ Color = index --------------------
arrivCnt=278442 deptCnt=278442
arrivThrPut=0.0278720640558714 deptThrPut=0.0278720640558714
meanTkPop=0.010270188431149938 tkColOcp=0.010132352578951016
-----
meanST=0.36847606300569147 stDevST=0.44559386733965084

Steady State Statistics: numBatchesST=696 batchSizeST=400 stDevStdStateMeanST=0.02260127070236815
95% c.i. = 0.36849028710742904 +/- 0.0016790990975756204



REPORT for Depository of Queueing Place : P/categories_index----------------------------------------

tkOcp=0.0

------------------ Color = index --------------------
arrivCnt=278442 deptCnt=278442
arrivThrPut=0.0278720640558714 deptThrPut=0.0278720640558714
meanTkPop=0.0 tkColOcp=0.0
-----
meanST=0.0 stDevST=0.0

Steady State Statistics: numBatchesST=1392 batchSizeST=200 stDevStdStateMeanST=0.0
95% c.i. = 0.0 +/- 0.0



REPORT for Queue : Persistence----------------------------------------

totArrivThrPut=0.1665347869382647 totDeptThrPut=0.1665347869382647
meanTotTkPop=0.08613262302376852 queueUtil=0.07650166790578108
meanST=0.5172049912652684



REPORT for Queue of Queueing Place : A/isLoggedIn_index----------------------------------------

queueUtilQPl=0.004603341686427347

------------------ Color = index --------------------
arrivCnt=278442 deptCnt=278442
arrivThrPut=0.0278720640558714 deptThrPut=0.0278720640558714
meanTkPop=0.004667976216734609 tkColOcp=0.004603341686427347
-----
meanST=0.16747866994627097 stDevST=0.3495380368783676

Steady State Statistics: numBatchesST=696 batchSizeST=400 stDevStdStateMeanST=0.019075414891141368
95% c.i. = 0.16747974830305318 +/- 0.001417155360483337



REPORT for Depository of Queueing Place : A/isLoggedIn_index----------------------------------------

tkOcp=0.0

------------------ Color = index --------------------
arrivCnt=278442 deptCnt=278442
arrivThrPut=0.0278720640558714 deptThrPut=0.0278720640558714
meanTkPop=0.0 tkColOcp=0.0
-----
meanST=0.0 stDevST=0.0

Steady State Statistics: numBatchesST=1392 batchSizeST=200 stDevStdStateMeanST=0.0
95% c.i. = 0.0 +/- 0.0



REPORT for Queue : Auth----------------------------------------

totArrivThrPut=0.1665347869382647 totDeptThrPut=0.1665347869382647
meanTotTkPop=0.07199105046315007 queueUtil=0.06293893034275587
meanST=0.4322883632104896



REPORT for Queue of Queueing Place : W/login----------------------------------------

queueUtilQPl=0.005935610111988005

------------------ Color = login --------------------
arrivCnt=277408 deptCnt=277408
arrivThrPut=0.02776856058213622 deptThrPut=0.02776856058213622
meanTkPop=0.005973881584424636 tkColOcp=0.005935610111988005
-----
meanST=0.2151311216422104 stDevST=0.2389138492286198

Steady State Statistics: numBatchesST=346 batchSizeST=800 stDevStdStateMeanST=0.00851433214367655
95% c.i. = 0.21510889608642672 +/- 8.971408448561728E-4



REPORT for Depository of Queueing Place : W/login----------------------------------------

tkOcp=0.0

------------------ Color = login --------------------
arrivCnt=277408 deptCnt=277408
arrivThrPut=0.02776856058213622 deptThrPut=0.02776856058213622
meanTkPop=0.0 tkColOcp=0.0
-----
meanST=0.0 stDevST=0.0

Steady State Statistics: numBatchesST=1387 batchSizeST=200 stDevStdStateMeanST=0.0
95% c.i. = 0.0 +/- 0.0



REPORT for Queue : WebUI----------------------------------------

totArrivThrPut=0.1665347869382647 totDeptThrPut=0.1665347869382647
meanTotTkPop=0.04199328085790274 queueUtil=0.039371544519053746
meanST=0.2521592132787841



REPORT for Queue of Queueing Place : W/loginAction----------------------------------------

queueUtilQPl=0.003270095542117701

------------------ Color = loginAction --------------------
arrivCnt=276709 deptCnt=276709
arrivThrPut=0.027698590632290097 deptThrPut=0.027698590632290097
meanTkPop=0.00328500771837473 tkColOcp=0.003270095542117701
-----
meanST=0.11859837065302438 stDevST=0.1636062147379252

Steady State Statistics: numBatchesST=691 batchSizeST=400 stDevStdStateMeanST=0.008041019997855956
95% c.i. = 0.11860634842148107 +/- 5.995428244252339E-4



REPORT for Depository of Queueing Place : W/loginAction----------------------------------------

tkOcp=0.0

------------------ Color = loginAction --------------------
arrivCnt=276709 deptCnt=276709
arrivThrPut=0.027698590632290097 deptThrPut=0.027698590632290097
meanTkPop=0.0 tkColOcp=0.0
-----
meanST=0.0 stDevST=0.0

Steady State Statistics: numBatchesST=1383 batchSizeST=200 stDevStdStateMeanST=0.0
95% c.i. = 0.0 +/- 0.0



REPORT for Queue : WebUI----------------------------------------

totArrivThrPut=0.1665347869382647 totDeptThrPut=0.1665347869382647
meanTotTkPop=0.04199328085790274 queueUtil=0.039371544519053746
meanST=0.2521592132787841



REPORT for Queue of Queueing Place : A/login_loginAction----------------------------------------

queueUtilQPl=0.018481826374032544

------------------ Color = loginAction --------------------
arrivCnt=276709 deptCnt=276709
arrivThrPut=0.027698590632290097 deptThrPut=0.027698590632290097
meanTkPop=0.0188376378364968 tkColOcp=0.018481826374032544
-----
meanST=0.6800937306368399 stDevST=0.7055669711881133

Steady State Statistics: numBatchesST=691 batchSizeST=400 stDevStdStateMeanST=0.034972932544756634
95% c.i. = 0.6801420611163709 +/- 0.002607600871768431



REPORT for Depository of Queueing Place : A/login_loginAction----------------------------------------

tkOcp=0.0

------------------ Color = loginAction --------------------
arrivCnt=276709 deptCnt=276709
arrivThrPut=0.027698590632290097 deptThrPut=0.027698590632290097
meanTkPop=0.0 tkColOcp=0.0
-----
meanST=0.0 stDevST=0.0

Steady State Statistics: numBatchesST=1383 batchSizeST=200 stDevStdStateMeanST=0.0
95% c.i. = 0.0 +/- 0.0



REPORT for Queue : Auth----------------------------------------

totArrivThrPut=0.1665347869382647 totDeptThrPut=0.1665347869382647
meanTotTkPop=0.07199105046315007 queueUtil=0.06293893034275587
meanST=0.4322883632104896



REPORT for Queue of Queueing Place : W/logout----------------------------------------

queueUtilQPl=0.0032286628796483275

------------------ Color = logout --------------------
arrivCnt=276762 deptCnt=276762
arrivThrPut=0.02770389593606956 deptThrPut=0.02770389593606956
meanTkPop=0.0032449361596637487 tkColOcp=0.0032286628796483275
-----
meanST=0.11712923579961 stDevST=0.16439252787350178

Steady State Statistics: numBatchesST=691 batchSizeST=400 stDevStdStateMeanST=0.008640709443142719
95% c.i. = 0.11714927719415688 +/- 6.442559956275311E-4



REPORT for Depository of Queueing Place : W/logout----------------------------------------

tkOcp=0.0

------------------ Color = logout --------------------
arrivCnt=276762 deptCnt=276762
arrivThrPut=0.02770389593606956 deptThrPut=0.02770389593606956
meanTkPop=0.0 tkColOcp=0.0
-----
meanST=0.0 stDevST=0.0

Steady State Statistics: numBatchesST=1383 batchSizeST=200 stDevStdStateMeanST=0.0
95% c.i. = 0.0 +/- 0.0



REPORT for Queue : WebUI----------------------------------------

totArrivThrPut=0.1665347869382647 totDeptThrPut=0.1665347869382647
meanTotTkPop=0.04199328085790274 queueUtil=0.039371544519053746
meanST=0.2521592132787841



REPORT for Queue of Queueing Place : A/logout_logout----------------------------------------

queueUtilQPl=0.0044451276108506115

------------------ Color = logout --------------------
arrivCnt=276762 deptCnt=276762
arrivThrPut=0.02770389593606956 deptThrPut=0.02770389593606956
meanTkPop=0.004500750349814258 tkColOcp=0.0044451276108506115
-----
meanST=0.16245911261724127 stDevST=0.3449470743846471

Steady State Statistics: numBatchesST=691 batchSizeST=400 stDevStdStateMeanST=0.018356788512792883
95% c.i. = 0.16246001327595386 +/- 0.0013686921354841889



REPORT for Depository of Queueing Place : A/logout_logout----------------------------------------

tkOcp=0.0

------------------ Color = logout --------------------
arrivCnt=276762 deptCnt=276762
arrivThrPut=0.02770389593606956 deptThrPut=0.02770389593606956
meanTkPop=0.0 tkColOcp=0.0
-----
meanST=0.0 stDevST=0.0

Steady State Statistics: numBatchesST=1383 batchSizeST=200 stDevStdStateMeanST=0.0
95% c.i. = 0.0 +/- 0.0



REPORT for Queue : Auth----------------------------------------

totArrivThrPut=0.1665347869382647 totDeptThrPut=0.1665347869382647
meanTotTkPop=0.07199105046315007 queueUtil=0.06293893034275587
meanST=0.4322883632104896



REPORT for Queue of Queueing Place : P/getUser_loginAction----------------------------------------

queueUtilQPl=0.004399626157220829

------------------ Color = loginAction --------------------
arrivCnt=276709 deptCnt=276709
arrivThrPut=0.027698590632290097 deptThrPut=0.027698590632290097
meanTkPop=0.004443083518234249 tkColOcp=0.004399626157220829
-----
meanST=0.16040828853778033 stDevST=0.3057868852491094

Steady State Statistics: numBatchesST=691 batchSizeST=400 stDevStdStateMeanST=0.016809071484255162
95% c.i. = 0.16040508105604945 +/- 0.0012532935120573155



REPORT for Depository of Queueing Place : P/getUser_loginAction----------------------------------------

tkOcp=0.0

------------------ Color = loginAction --------------------
arrivCnt=276709 deptCnt=276709
arrivThrPut=0.027698590632290097 deptThrPut=0.027698590632290097
meanTkPop=0.0 tkColOcp=0.0
-----
meanST=0.0 stDevST=0.0

Steady State Statistics: numBatchesST=1383 batchSizeST=200 stDevStdStateMeanST=0.0
95% c.i. = 0.0 +/- 0.0



REPORT for Queue : Persistence----------------------------------------

totArrivThrPut=0.1665347869382647 totDeptThrPut=0.1665347869382647
meanTotTkPop=0.08613262302376852 queueUtil=0.07650166790578108
meanST=0.5172049912652684



REPORT for Queue of Queueing Place : W/category----------------------------------------

queueUtilQPl=0.017541228194960228

------------------ Color = category --------------------
arrivCnt=276749 deptCnt=276749
arrivThrPut=0.027702594635142522 deptThrPut=0.027702594635142522
meanTkPop=0.017848019115478665 tkColOcp=0.017541228194960228
-----
meanST=0.6442724716058656 stDevST=0.6405311211404345

Steady State Statistics: numBatchesST=691 batchSizeST=400 stDevStdStateMeanST=0.03487813952589177
95% c.i. = 0.6442619132956785 +/- 0.0026005330527254255



REPORT for Depository of Queueing Place : W/category----------------------------------------

tkOcp=0.0

------------------ Color = category --------------------
arrivCnt=276749 deptCnt=276749
arrivThrPut=0.027702594635142522 deptThrPut=0.027702594635142522
meanTkPop=0.0 tkColOcp=0.0
-----
meanST=0.0 stDevST=0.0

Steady State Statistics: numBatchesST=1383 batchSizeST=200 stDevStdStateMeanST=0.0
95% c.i. = 0.0 +/- 0.0



REPORT for Queue : WebUI----------------------------------------

totArrivThrPut=0.1665347869382647 totDeptThrPut=0.1665347869382647
meanTotTkPop=0.04199328085790274 queueUtil=0.039371544519053746
meanST=0.2521592132787841



REPORT for Queue of Queueing Place : W/product----------------------------------------

queueUtilQPl=0.008097887586861368

------------------ Color = product --------------------
arrivCnt=277613 deptCnt=277613
arrivThrPut=0.027789081096754896 deptThrPut=0.027789081096754896
meanTkPop=0.00816738122141757 tkColOcp=0.008097887586861368
-----
meanST=0.2939061278413889 stDevST=0.30626745860336047

Steady State Statistics: numBatchesST=694 batchSizeST=400 stDevStdStateMeanST=0.015518200845046395
95% c.i. = 0.2939086078477767 +/- 0.0011545419678488885



REPORT for Depository of Queueing Place : W/product----------------------------------------

tkOcp=0.0

------------------ Color = product --------------------
arrivCnt=277613 deptCnt=277613
arrivThrPut=0.027789081096754896 deptThrPut=0.027789081096754896
meanTkPop=0.0 tkColOcp=0.0
-----
meanST=0.0 stDevST=0.0

Steady State Statistics: numBatchesST=1388 batchSizeST=200 stDevStdStateMeanST=0.0
95% c.i. = 0.0 +/- 0.0



REPORT for Queue : WebUI----------------------------------------

totArrivThrPut=0.1665347869382647 totDeptThrPut=0.1665347869382647
meanTotTkPop=0.04199328085790274 queueUtil=0.039371544519053746
meanST=0.2521592132787841



REPORT for Queue of Queueing Place : P/category_category----------------------------------------

queueUtilQPl=0.026854432093550856

------------------ Color = category --------------------
arrivCnt=276749 deptCnt=276749
arrivThrPut=0.027702594635142522 deptThrPut=0.027702594635142522
meanTkPop=0.02759724530344933 tkColOcp=0.026854432093550856
-----
meanST=0.996197131240568 stDevST=0.9868157754561875

Steady State Statistics: numBatchesST=691 batchSizeST=400 stDevStdStateMeanST=0.05427055789554996
95% c.i. = 0.9961704501628862 +/- 0.004046442313600383



REPORT for Depository of Queueing Place : P/category_category----------------------------------------

tkOcp=0.0

------------------ Color = category --------------------
arrivCnt=276749 deptCnt=276749
arrivThrPut=0.027702594635142522 deptThrPut=0.027702594635142522
meanTkPop=0.0 tkColOcp=0.0
-----
meanST=0.0 stDevST=0.0

Steady State Statistics: numBatchesST=1383 batchSizeST=200 stDevStdStateMeanST=0.0
95% c.i. = 0.0 +/- 0.0



REPORT for Queue : Persistence----------------------------------------

totArrivThrPut=0.1665347869382647 totDeptThrPut=0.1665347869382647
meanTotTkPop=0.08613262302376852 queueUtil=0.07650166790578108
meanST=0.5172049912652684



REPORT for Queue of Queueing Place : P/getProduct_product----------------------------------------

queueUtilQPl=0.01916520938093851

------------------ Color = product --------------------
arrivCnt=277613 deptCnt=277613
arrivThrPut=0.027789081096754896 deptThrPut=0.027789081096754896
meanTkPop=0.019564080757011083 tkColOcp=0.01916520938093851
-----
meanST=0.7040204276238448 stDevST=0.7154169215322701

Steady State Statistics: numBatchesST=694 batchSizeST=400 stDevStdStateMeanST=0.035727202737950964
95% c.i. = 0.7040239647851814 +/- 0.0026580758534245396



REPORT for Depository of Queueing Place : P/getProduct_product----------------------------------------

tkOcp=0.0

------------------ Color = product --------------------
arrivCnt=277613 deptCnt=277613
arrivThrPut=0.027789081096754896 deptThrPut=0.027789081096754896
meanTkPop=0.0 tkColOcp=0.0
-----
meanST=0.0 stDevST=0.0

Steady State Statistics: numBatchesST=1388 batchSizeST=200 stDevStdStateMeanST=0.0
95% c.i. = 0.0 +/- 0.0



REPORT for Queue : Persistence----------------------------------------

totArrivThrPut=0.1665347869382647 totDeptThrPut=0.1665347869382647
meanTotTkPop=0.08613262302376852 queueUtil=0.07650166790578108
meanST=0.5172049912652684



REPORT for Queue of Queueing Place : R/getAds_product----------------------------------------

queueUtilQPl=0.005331184471612051

------------------ Color = product --------------------
arrivCnt=277613 deptCnt=277613
arrivThrPut=0.027789081096754896 deptThrPut=0.027789081096754896
meanTkPop=0.005360060079106496 tkColOcp=0.005331184471612051
-----
meanST=0.1928836747226026 stDevST=0.19292492499160718

Steady State Statistics: numBatchesST=694 batchSizeST=400 stDevStdStateMeanST=0.00971707140989764
95% c.i. = 0.1928807795789576 +/- 7.229424892314476E-4



REPORT for Depository of Queueing Place : R/getAds_product----------------------------------------

tkOcp=0.0

------------------ Color = product --------------------
arrivCnt=277613 deptCnt=277613
arrivThrPut=0.027789081096754896 deptThrPut=0.027789081096754896
meanTkPop=0.0 tkColOcp=0.0
-----
meanST=0.0 stDevST=0.0

Steady State Statistics: numBatchesST=1388 batchSizeST=200 stDevStdStateMeanST=0.0
95% c.i. = 0.0 +/- 0.0



REPORT for Queue : Recommender----------------------------------------

totArrivThrPut=0.027789081096754896 totDeptThrPut=0.027789081096754896
meanTotTkPop=0.005360060079106496 queueUtil=0.005331184471612051
meanST=0.1928836747226026



REPORT for Queue of Queueing Place : I/productImages_category----------------------------------------

queueUtilQPl=0.03168155549491172

------------------ Color = category --------------------
arrivCnt=276749 deptCnt=276749
arrivThrPut=0.027702594635142522 deptThrPut=0.027702594635142522
meanTkPop=0.03273343143647249 tkColOcp=0.03168155549491172
-----
meanST=1.181601646617896 stDevST=1.1757515429351546

Steady State Statistics: numBatchesST=691 batchSizeST=400 stDevStdStateMeanST=0.06371750188013117
95% c.i. = 1.1816363445310585 +/- 0.004750811595135934



REPORT for Depository of Queueing Place : I/productImages_category----------------------------------------

tkOcp=0.0

------------------ Color = category --------------------
arrivCnt=276749 deptCnt=276749
arrivThrPut=0.027702594635142522 deptThrPut=0.027702594635142522
meanTkPop=0.0 tkColOcp=0.0
-----
meanST=0.0 stDevST=0.0

Steady State Statistics: numBatchesST=1383 batchSizeST=200 stDevStdStateMeanST=0.0
95% c.i. = 0.0 +/- 0.0



REPORT for Queue : ImageProvider----------------------------------------

totArrivThrPut=0.1665347869382647 totDeptThrPut=0.1665347869382647
meanTotTkPop=0.09608801461458218 queueUtil=0.08228256427698913
meanST=0.576984643155682



REPORT for Queue of Queueing Place : I/product_product----------------------------------------

queueUtilQPl=0.01955169887430113

------------------ Color = product --------------------
arrivCnt=277613 deptCnt=277613
arrivThrPut=0.027789081096754896 deptThrPut=0.027789081096754896
meanTkPop=0.019954912039828843 tkColOcp=0.01955169887430113
-----
meanST=0.7180846308069935 stDevST=0.7405059233614812

Steady State Statistics: numBatchesST=694 batchSizeST=400 stDevStdStateMeanST=0.038477732965237155
95% c.i. = 0.7180723242550372 +/- 0.002862713144367487



REPORT for Depository of Queueing Place : I/product_product----------------------------------------

tkOcp=0.0

------------------ Color = product --------------------
arrivCnt=277613 deptCnt=277613
arrivThrPut=0.027789081096754896 deptThrPut=0.027789081096754896
meanTkPop=0.0 tkColOcp=0.0
-----
meanST=0.0 stDevST=0.0

Steady State Statistics: numBatchesST=1388 batchSizeST=200 stDevStdStateMeanST=0.0
95% c.i. = 0.0 +/- 0.0



REPORT for Queue : ImageProvider----------------------------------------

totArrivThrPut=0.1665347869382647 totDeptThrPut=0.1665347869382647
meanTotTkPop=0.09608801461458218 queueUtil=0.08228256427698913
meanST=0.576984643155682



REPORT for Queue of Queueing Place : Workload----------------------------------------

queueUtilQPl=1.0

------------------ Color = workload --------------------
arrivCnt=1663683 deptCnt=1663684
arrivThrPut=0.1665347869382647 deptThrPut=0.166534887038336
meanTkPop=1.0 tkColOcp=1.0
-----
meanST=6.004749772895463 stDevST=6.00022038093852

Steady State Statistics: numBatchesST=4159 batchSizeST=400 stDevStdStateMeanST=0.30073937316308647
95% c.i. = 6.004695387093635 +/- 0.009139952127349513



REPORT for Depository of Queueing Place : Workload----------------------------------------

tkOcp=0.0

------------------ Color = workload --------------------
arrivCnt=1663684 deptCnt=1663683
arrivThrPut=0.166534887038336 deptThrPut=0.1665347869382647
meanTkPop=0.0 tkColOcp=0.0
-----
meanST=0.0 stDevST=0.0

Steady State Statistics: numBatchesST=8318 batchSizeST=200 stDevStdStateMeanST=0.0
95% c.i. = 0.0 +/- 0.0



REPORT for Queue : Workload----------------------------------------

totArrivThrPut=0.1665347869382647 totDeptThrPut=0.166534887038336
meanTotTkPop=1.0 queueUtil=1.0
meanST=6.004749772895463



REPORT for Queue of Queueing Place : I/icon_index----------------------------------------

queueUtilQPl=0.01638238917901614

------------------ Color = index --------------------
arrivCnt=278442 deptCnt=278442
arrivThrPut=0.0278720640558714 deptThrPut=0.0278720640558714
meanTkPop=0.016729009420498174 tkColOcp=0.01638238917901614
-----
meanST=0.6002070527307832 stDevST=0.658542256916571

Steady State Statistics: numBatchesST=696 batchSizeST=400 stDevStdStateMeanST=0.03531721215218488
95% c.i. = 0.6001731880154622 +/- 0.002623794911115632



REPORT for Depository of Queueing Place : I/icon_index----------------------------------------

tkOcp=0.0

------------------ Color = index --------------------
arrivCnt=278442 deptCnt=278442
arrivThrPut=0.0278720640558714 deptThrPut=0.0278720640558714
meanTkPop=0.0 tkColOcp=0.0
-----
meanST=0.0 stDevST=0.0

Steady State Statistics: numBatchesST=1392 batchSizeST=200 stDevStdStateMeanST=0.0
95% c.i. = 0.0 +/- 0.0



REPORT for Queue : ImageProvider----------------------------------------

totArrivThrPut=0.1665347869382647 totDeptThrPut=0.1665347869382647
meanTotTkPop=0.09608801461458218 queueUtil=0.08228256427698913
meanST=0.576984643155682



REPORT for Queue of Queueing Place : P/categories_login----------------------------------------

queueUtilQPl=0.012474191262258662

------------------ Color = login --------------------
arrivCnt=277408 deptCnt=277408
arrivThrPut=0.02776856058213622 deptThrPut=0.02776856058213622
meanTkPop=0.012654570171840065 tkColOcp=0.012474191262258662
-----
meanST=0.45571574134746007 stDevST=0.5024586368271586

Steady State Statistics: numBatchesST=693 batchSizeST=400 stDevStdStateMeanST=0.025028855159781246
95% c.i. = 0.45572018851168056 +/- 0.0018634702289285626



REPORT for Depository of Queueing Place : P/categories_login----------------------------------------

tkOcp=0.0

------------------ Color = login --------------------
arrivCnt=277408 deptCnt=277408
arrivThrPut=0.02776856058213622 deptThrPut=0.02776856058213622
meanTkPop=0.0 tkColOcp=0.0
-----
meanST=0.0 stDevST=0.0

Steady State Statistics: numBatchesST=1387 batchSizeST=200 stDevStdStateMeanST=0.0
95% c.i. = 0.0 +/- 0.0



REPORT for Queue : Persistence----------------------------------------

totArrivThrPut=0.1665347869382647 totDeptThrPut=0.1665347869382647
meanTotTkPop=0.08613262302376852 queueUtil=0.07650166790578108
meanST=0.5172049912652684



REPORT for Queue of Queueing Place : I/icon_login----------------------------------------

queueUtilQPl=0.0062326329419712155

------------------ Color = login --------------------
arrivCnt=277408 deptCnt=277408
arrivThrPut=0.02776856058213622 deptThrPut=0.02776856058213622
meanTkPop=0.006343515239789615 tkColOcp=0.0062326329419712155
-----
meanST=0.22844235015445702 stDevST=0.4355964822511429

Steady State Statistics: numBatchesST=693 batchSizeST=400 stDevStdStateMeanST=0.024749297887067225
95% c.i. = 0.2284357653731496 +/- 0.0018426563861995452



REPORT for Depository of Queueing Place : I/icon_login----------------------------------------

tkOcp=0.0

------------------ Color = login --------------------
arrivCnt=277408 deptCnt=277408
arrivThrPut=0.02776856058213622 deptThrPut=0.02776856058213622
meanTkPop=0.0 tkColOcp=0.0
-----
meanST=0.0 stDevST=0.0

Steady State Statistics: numBatchesST=1387 batchSizeST=200 stDevStdStateMeanST=0.0
95% c.i. = 0.0 +/- 0.0



REPORT for Queue : ImageProvider----------------------------------------

totArrivThrPut=0.1665347869382647 totDeptThrPut=0.1665347869382647
meanTotTkPop=0.09608801461458218 queueUtil=0.08228256427698913
meanST=0.576984643155682



REPORT for Queue of Queueing Place : A/isLoggedIn_login----------------------------------------

queueUtilQPl=0.0069431340456079915

------------------ Color = login --------------------
arrivCnt=277408 deptCnt=277408
arrivThrPut=0.02776856058213622 deptThrPut=0.02776856058213622
meanTkPop=0.007063992979647932 tkColOcp=0.0069431340456079915
-----
meanST=0.25438815810252213 stDevST=0.4277648810396248

Steady State Statistics: numBatchesST=346 batchSizeST=800 stDevStdStateMeanST=0.016735818193469833
95% c.i. = 0.2543589652331928 +/- 0.0017634249897802924



REPORT for Depository of Queueing Place : A/isLoggedIn_login----------------------------------------

tkOcp=0.0

------------------ Color = login --------------------
arrivCnt=277408 deptCnt=277408
arrivThrPut=0.02776856058213622 deptThrPut=0.02776856058213622
meanTkPop=0.0 tkColOcp=0.0
-----
meanST=0.0 stDevST=0.0

Steady State Statistics: numBatchesST=1387 batchSizeST=200 stDevStdStateMeanST=0.0
95% c.i. = 0.0 +/- 0.0



REPORT for Queue : Auth----------------------------------------

totArrivThrPut=0.1665347869382647 totDeptThrPut=0.1665347869382647
meanTotTkPop=0.07199105046315007 queueUtil=0.06293893034275587
meanST=0.4322883632104896



REPORT for Queue of Queueing Place : A/isLoggedIn_category----------------------------------------

queueUtilQPl=0.004084297093011083

------------------ Color = category --------------------
arrivCnt=276749 deptCnt=276749
arrivThrPut=0.027702594635142522 deptThrPut=0.027702594635142522
meanTkPop=0.004121049371932887 tkColOcp=0.004084297093011083
-----
meanST=0.14876041129754217 stDevST=0.294317618536492

Steady State Statistics: numBatchesST=691 batchSizeST=400 stDevStdStateMeanST=0.015976430139487914
95% c.i. = 0.14877215388593548 +/- 0.0011912113205308568



REPORT for Depository of Queueing Place : A/isLoggedIn_category----------------------------------------

tkOcp=0.0

------------------ Color = category --------------------
arrivCnt=276749 deptCnt=276749
arrivThrPut=0.027702594635142522 deptThrPut=0.027702594635142522
meanTkPop=0.0 tkColOcp=0.0
-----
meanST=0.0 stDevST=0.0

Steady State Statistics: numBatchesST=1383 batchSizeST=200 stDevStdStateMeanST=0.0
95% c.i. = 0.0 +/- 0.0



REPORT for Queue : Auth----------------------------------------

totArrivThrPut=0.1665347869382647 totDeptThrPut=0.1665347869382647
meanTotTkPop=0.07199105046315007 queueUtil=0.06293893034275587
meanST=0.4322883632104896



REPORT for Queue of Queueing Place : I/icon_logout----------------------------------------

queueUtilQPl=0.010799674804002716

------------------ Color = logout --------------------
arrivCnt=276762 deptCnt=276762
arrivThrPut=0.02770389593606956 deptThrPut=0.02770389593606956
meanTkPop=0.010999468097646755 tkColOcp=0.010799674804002716
-----
meanST=0.39703686885878786 stDevST=0.5205306600884896

Steady State Statistics: numBatchesST=691 batchSizeST=400 stDevStdStateMeanST=0.027536519886128367
95% c.i. = 0.3970397415777619 +/- 0.0020531378993924954



REPORT for Depository of Queueing Place : I/icon_logout----------------------------------------

tkOcp=0.0

------------------ Color = logout --------------------
arrivCnt=276762 deptCnt=276762
arrivThrPut=0.02770389593606956 deptThrPut=0.02770389593606956
meanTkPop=0.0 tkColOcp=0.0
-----
meanST=0.0 stDevST=0.0

Steady State Statistics: numBatchesST=1383 batchSizeST=200 stDevStdStateMeanST=0.0
95% c.i. = 0.0 +/- 0.0



REPORT for Queue : ImageProvider----------------------------------------

totArrivThrPut=0.1665347869382647 totDeptThrPut=0.1665347869382647
meanTotTkPop=0.09608801461458218 queueUtil=0.08228256427698913
meanST=0.576984643155682



REPORT for Queue of Queueing Place : I/icon_loginAction----------------------------------------

queueUtilQPl=0.009169652854247727

------------------ Color = loginAction --------------------
arrivCnt=276709 deptCnt=276709
arrivThrPut=0.027698590632290097 deptThrPut=0.027698590632290097
meanTkPop=0.009327678380346304 tkColOcp=0.009169652854247727
-----
meanST=0.3367564257754113 stDevST=0.49537285466716613

Steady State Statistics: numBatchesST=691 batchSizeST=400 stDevStdStateMeanST=0.026328180533803595
95% c.i. = 0.33677498615739226 +/- 0.0019630434600862736



REPORT for Depository of Queueing Place : I/icon_loginAction----------------------------------------

tkOcp=0.0

------------------ Color = loginAction --------------------
arrivCnt=276709 deptCnt=276709
arrivThrPut=0.027698590632290097 deptThrPut=0.027698590632290097
meanTkPop=0.0 tkColOcp=0.0
-----
meanST=0.0 stDevST=0.0

Steady State Statistics: numBatchesST=1383 batchSizeST=200 stDevStdStateMeanST=0.0
95% c.i. = 0.0 +/- 0.0



REPORT for Queue : ImageProvider----------------------------------------

totArrivThrPut=0.1665347869382647 totDeptThrPut=0.1665347869382647
meanTotTkPop=0.09608801461458218 queueUtil=0.08228256427698913
meanST=0.576984643155682



REPORT for Queue of Queueing Place : A/isLoggedIn_product----------------------------------------

queueUtilQPl=0.03173258290838415

------------------ Color = product --------------------
arrivCnt=277613 deptCnt=277613
arrivThrPut=0.027789081096754896 deptThrPut=0.027789081096754896
meanTkPop=0.032799643708523576 tkColOcp=0.03173258290838415
-----
meanST=1.1803068836397685 stDevST=1.1757596953821816

Steady State Statistics: numBatchesST=173 batchSizeST=1600 stDevStdStateMeanST=0.03375998134641605
95% c.i. = 1.1803540378859094 +/- 0.005066384844314802



REPORT for Depository of Queueing Place : A/isLoggedIn_product----------------------------------------

tkOcp=0.0

------------------ Color = product --------------------
arrivCnt=277613 deptCnt=277614
arrivThrPut=0.027789081096754896 deptThrPut=0.027789181196826208
meanTkPop=0.0 tkColOcp=0.0
-----
meanST=0.0 stDevST=0.0

Steady State Statistics: numBatchesST=1388 batchSizeST=200 stDevStdStateMeanST=0.0
95% c.i. = 0.0 +/- 0.0



REPORT for Queue : Auth----------------------------------------

totArrivThrPut=0.1665347869382647 totDeptThrPut=0.1665347869382647
meanTotTkPop=0.07199105046315007 queueUtil=0.06293893034275587
meanST=0.4322883632104896



REPORT for Queue of Queueing Place : P/category_logout----------------------------------------

queueUtilQPl=0.011432561463978197

------------------ Color = logout --------------------
arrivCnt=276762 deptCnt=276762
arrivThrPut=0.02770389593606956 deptThrPut=0.02770389593606956
meanTkPop=0.011603454842083862 tkColOcp=0.011432561463978197
-----
meanST=0.41883837814220726 stDevST=0.47475380404627426

Steady State Statistics: numBatchesST=691 batchSizeST=400 stDevStdStateMeanST=0.02466934573987174
95% c.i. = 0.4188410957737965 +/- 0.0018393598356363976



REPORT for Depository of Queueing Place : P/category_logout----------------------------------------

tkOcp=0.0

------------------ Color = logout --------------------
arrivCnt=276762 deptCnt=276762
arrivThrPut=0.02770389593606956 deptThrPut=0.02770389593606956
meanTkPop=0.0 tkColOcp=0.0
-----
meanST=0.0 stDevST=0.0

Steady State Statistics: numBatchesST=1383 batchSizeST=200 stDevStdStateMeanST=0.0
95% c.i. = 0.0 +/- 0.0



REPORT for Queue : Persistence----------------------------------------

totArrivThrPut=0.1665347869382647 totDeptThrPut=0.1665347869382647
meanTotTkPop=0.08613262302376852 queueUtil=0.07650166790578108
meanST=0.5172049912652684



REPORT for Ordinary Place : Finish_index----------------------------------------

tkOcp=1.0

------------------ Color = index --------------------
arrivCnt=278442 deptCnt=0
arrivThrPut=0.0278720640558714 deptThrPut=0.0
meanTkPop=139638.43006568312 tkColOcp=1.0
-----
meanST=NaN stDevST=NaN

Steady State Statistics: Only 0 batches collected!
Need at least 60 for steady state statistics.



REPORT for Ordinary Place : Finish_login----------------------------------------

tkOcp=1.0

------------------ Color = login --------------------
arrivCnt=277408 deptCnt=0
arrivThrPut=0.02776856058213622 deptThrPut=0.0
meanTkPop=138966.8160912134 tkColOcp=1.0
-----
meanST=NaN stDevST=NaN

Steady State Statistics: Only 0 batches collected!
Need at least 60 for steady state statistics.



REPORT for Ordinary Place : Finish_loginAction----------------------------------------

tkOcp=1.0

------------------ Color = loginAction --------------------
arrivCnt=276709 deptCnt=0
arrivThrPut=0.027698590632290097 deptThrPut=0.0
meanTkPop=138995.3273594327 tkColOcp=1.0
-----
meanST=NaN stDevST=NaN

Steady State Statistics: Only 0 batches collected!
Need at least 60 for steady state statistics.



REPORT for Ordinary Place : Finish_category----------------------------------------

tkOcp=1.0

------------------ Color = category --------------------
arrivCnt=276749 deptCnt=0
arrivThrPut=0.027702594635142522 deptThrPut=0.0
meanTkPop=138706.31915968427 tkColOcp=1.0
-----
meanST=NaN stDevST=NaN

Steady State Statistics: Only 0 batches collected!
Need at least 60 for steady state statistics.



REPORT for Ordinary Place : Finish_product----------------------------------------

tkOcp=1.0

------------------ Color = product --------------------
arrivCnt=277614 deptCnt=0
arrivThrPut=0.027789181196826208 deptThrPut=0.0
meanTkPop=139005.18516414435 tkColOcp=1.0
-----
meanST=NaN stDevST=NaN

Steady State Statistics: Only 0 batches collected!
Need at least 60 for steady state statistics.



REPORT for Ordinary Place : Finish_logout----------------------------------------

tkOcp=1.0

------------------ Color = logout --------------------
arrivCnt=276762 deptCnt=0
arrivThrPut=0.02770389593606956 deptThrPut=0.0
meanTkPop=138419.21375622947 tkColOcp=1.0
-----
meanST=NaN stDevST=NaN

Steady State Statistics: Only 0 batches collected!
Need at least 60 for steady state statistics.



REPORT REPORT for Probe : /index----------------------------------------


------------------ Color = index --------------------
-----
meanST=1.2608046916253923 stDevST=0.9429518581825757

Steady State Statistics: numBatchesST=696 batchSizeST=400 stDevStdStateMeanST=0.050057152804345514
95% c.i. = 1.2607872396322788 +/- 0.0037188581654470725



REPORT REPORT for Probe : /login----------------------------------------


------------------ Color = login --------------------
-----
meanST=1.1536773712466495 stDevST=0.9016461143299271

Steady State Statistics: numBatchesST=693 batchSizeST=400 stDevStdStateMeanST=0.04936054999599992
95% c.i. = 1.1536611229177676 +/- 0.003675034867311512



REPORT REPORT for Probe : /loginAction----------------------------------------


------------------ Color = loginAction --------------------
-----
meanST=1.2958568156030559 stDevST=0.9738014048223355

Steady State Statistics: numBatchesST=345 batchSizeST=800 stDevStdStateMeanST=0.035433913019243556
95% c.i. = 1.2959310480523634 +/- 0.0037390188811662686



REPORT REPORT for Probe : /logout----------------------------------------


------------------ Color = logout --------------------
-----
meanST=1.0954635954178464 stDevST=0.8576667999401565

Steady State Statistics: numBatchesST=691 batchSizeST=400 stDevStdStateMeanST=0.047513816036456664
95% c.i. = 1.0954901278216687 +/- 0.0035426559657000998



REPORT REPORT for Probe : /category----------------------------------------


------------------ Color = category --------------------
-----
meanST=2.970831660761872 stDevST=1.6783937522783374

Steady State Statistics: numBatchesST=691 batchSizeST=400 stDevStdStateMeanST=0.09410120953469493
95% c.i. = 2.9708408618755575 +/- 0.007016237363083898



REPORT REPORT for Probe : /product----------------------------------------


------------------ Color = product --------------------
-----
meanST=3.0892023165587825 stDevST=1.6220845873710792

Steady State Statistics: numBatchesST=694 batchSizeST=400 stDevStdStateMeanST=0.08332764492156812
95% c.i. = 3.0892000939815927 +/- 0.006199511406289772



