INFO Logging to /home/yjx/workloadConfig/qpme/output/SimQPN_Output_config_2025-08-14_041615764.log
WARN Batch means correlation test was run for depository of place Workload, color 0
    However, the standard deviation of the token residence time is 0 and therefore the result of the test is ignored!
    In future runs, you should set numBMeansCorlTested to 0 to switch off the correlation test!
WARN Batch means correlation test was run for depository of place W/index, color 0
    However, the standard deviation of the token residence time is 0 and therefore the result of the test is ignored!
    In future runs, you should set numBMeansCorlTested to 0 to switch off the correlation test!
WARN Batch means correlation test was run for depository of place P/categories_index, color 0
    However, the standard deviation of the token residence time is 0 and therefore the result of the test is ignored!
    In future runs, you should set numBMeansCorlTested to 0 to switch off the correlation test!
WARN Batch means correlation test was run for depository of place A/isLoggedIn_index, color 0
    However, the standard deviation of the token residence time is 0 and therefore the result of the test is ignored!
    In future runs, you should set numBMeansCorlTested to 0 to switch off the correlation test!
WARN Batch means correlation test was run for depository of place I/icon_index, color 0
    However, the standard deviation of the token residence time is 0 and therefore the result of the test is ignored!
    In future runs, you should set numBMeansCorlTested to 0 to switch off the correlation test!
WARN Batch means correlation test was run for depository of place W/category, color 0
    However, the standard deviation of the token residence time is 0 and therefore the result of the test is ignored!
    In future runs, you should set numBMeansCorlTested to 0 to switch off the correlation test!
WARN Batch means correlation test was run for depository of place P/category_category, color 0
    However, the standard deviation of the token residence time is 0 and therefore the result of the test is ignored!
    In future runs, you should set numBMeansCorlTested to 0 to switch off the correlation test!
WARN Batch means correlation test was run for depository of place I/productImages_category, color 0
    However, the standard deviation of the token residence time is 0 and therefore the result of the test is ignored!
    In future runs, you should set numBMeansCorlTested to 0 to switch off the correlation test!
WARN Batch means correlation test was run for depository of place A/isLoggedIn_category, color 0
    However, the standard deviation of the token residence time is 0 and therefore the result of the test is ignored!
    In future runs, you should set numBMeansCorlTested to 0 to switch off the correlation test!
WARN Batch means correlation test was run for depository of place W/loginAction, color 0
    However, the standard deviation of the token residence time is 0 and therefore the result of the test is ignored!
    In future runs, you should set numBMeansCorlTested to 0 to switch off the correlation test!
WARN Batch means correlation test was run for depository of place A/login_loginAction, color 0
    However, the standard deviation of the token residence time is 0 and therefore the result of the test is ignored!
    In future runs, you should set numBMeansCorlTested to 0 to switch off the correlation test!
WARN Batch means correlation test was run for depository of place P/getUser_loginAction, color 0
    However, the standard deviation of the token residence time is 0 and therefore the result of the test is ignored!
    In future runs, you should set numBMeansCorlTested to 0 to switch off the correlation test!
WARN Batch means correlation test was run for depository of place I/icon_loginAction, color 0
    However, the standard deviation of the token residence time is 0 and therefore the result of the test is ignored!
    In future runs, you should set numBMeansCorlTested to 0 to switch off the correlation test!
WARN Batch means correlation test was run for depository of place W/login, color 0
    However, the standard deviation of the token residence time is 0 and therefore the result of the test is ignored!
    In future runs, you should set numBMeansCorlTested to 0 to switch off the correlation test!
WARN Batch means correlation test was run for depository of place P/categories_login, color 0
    However, the standard deviation of the token residence time is 0 and therefore the result of the test is ignored!
    In future runs, you should set numBMeansCorlTested to 0 to switch off the correlation test!
WARN Batch means correlation test was run for depository of place I/icon_login, color 0
    However, the standard deviation of the token residence time is 0 and therefore the result of the test is ignored!
    In future runs, you should set numBMeansCorlTested to 0 to switch off the correlation test!
WARN Batch means correlation test was run for depository of place A/isLoggedIn_login, color 0
    However, the standard deviation of the token residence time is 0 and therefore the result of the test is ignored!
    In future runs, you should set numBMeansCorlTested to 0 to switch off the correlation test!
WARN Batch means correlation test was run for depository of place W/logout, color 0
    However, the standard deviation of the token residence time is 0 and therefore the result of the test is ignored!
    In future runs, you should set numBMeansCorlTested to 0 to switch off the correlation test!
WARN Batch means correlation test was run for depository of place A/logout_logout, color 0
    However, the standard deviation of the token residence time is 0 and therefore the result of the test is ignored!
    In future runs, you should set numBMeansCorlTested to 0 to switch off the correlation test!
WARN Batch means correlation test was run for depository of place P/category_logout, color 0
    However, the standard deviation of the token residence time is 0 and therefore the result of the test is ignored!
    In future runs, you should set numBMeansCorlTested to 0 to switch off the correlation test!
WARN Batch means correlation test was run for depository of place I/icon_logout, color 0
    However, the standard deviation of the token residence time is 0 and therefore the result of the test is ignored!
    In future runs, you should set numBMeansCorlTested to 0 to switch off the correlation test!
WARN Batch means correlation test was run for depository of place W/product, color 0
    However, the standard deviation of the token residence time is 0 and therefore the result of the test is ignored!
    In future runs, you should set numBMeansCorlTested to 0 to switch off the correlation test!
WARN Batch means correlation test was run for depository of place P/getProduct_product, color 0
    However, the standard deviation of the token residence time is 0 and therefore the result of the test is ignored!
    In future runs, you should set numBMeansCorlTested to 0 to switch off the correlation test!
WARN Batch means correlation test was run for depository of place R/getAds_product, color 0
    However, the standard deviation of the token residence time is 0 and therefore the result of the test is ignored!
    In future runs, you should set numBMeansCorlTested to 0 to switch off the correlation test!
WARN Batch means correlation test was run for depository of place I/product_product, color 0
    However, the standard deviation of the token residence time is 0 and therefore the result of the test is ignored!
    In future runs, you should set numBMeansCorlTested to 0 to switch off the correlation test!
WARN Batch means correlation test was run for depository of place A/isLoggedIn_product, color 0
    However, the standard deviation of the token residence time is 0 and therefore the result of the test is ignored!
    In future runs, you should set numBMeansCorlTested to 0 to switch off the correlation test!
WARN LP-1 The simulation was stopped because of reaching max totalRunLen.
The required precision may not have been reached!
REPORT for Queue of Queueing Place : W/index----------------------------------------

queueUtilQPl=0.0121563597127484

------------------ Color = index --------------------
arrivCnt=277954 deptCnt=277954
arrivThrPut=0.02782322929508882 deptThrPut=0.02782322929508882
meanTkPop=0.012317023639041776 tkColOcp=0.0121563597127484
-----
meanST=0.4426884999009047 stDevST=0.4696962417409458

Steady State Statistics: numBatchesST=694 batchSizeST=400 stDevStdStateMeanST=0.02450854256753892
95% c.i. = 0.4426715498771328 +/- 0.0018234163385033853



REPORT for Depository of Queueing Place : W/index----------------------------------------

tkOcp=0.0

------------------ Color = index --------------------
arrivCnt=277954 deptCnt=277954
arrivThrPut=0.02782322929508882 deptThrPut=0.02782322929508882
meanTkPop=0.0 tkColOcp=0.0
-----
meanST=0.0 stDevST=0.0

Steady State Statistics: numBatchesST=1389 batchSizeST=200 stDevStdStateMeanST=0.0
95% c.i. = 0.0 +/- 0.0



REPORT for Queue : WebUI----------------------------------------

totArrivThrPut=0.16666540173676958 totDeptThrPut=0.16666540173676958
meanTotTkPop=0.054565432528232836 queueUtil=0.04935542162609383
meanST=0.32739507996034584



REPORT for Queue of Queueing Place : P/categories_index----------------------------------------

queueUtilQPl=0.00891884872136108

------------------ Color = index --------------------
arrivCnt=277954 deptCnt=277954
arrivThrPut=0.02782322929508882 deptThrPut=0.02782322929508882
meanTkPop=0.009011448446195 tkColOcp=0.00891884872136108
-----
meanST=0.3238821903317184 stDevST=0.34370228827073107

Steady State Statistics: numBatchesST=694 batchSizeST=400 stDevStdStateMeanST=0.017599619100119698
95% c.i. = 0.32388215241762325 +/- 0.0013093978530203984



REPORT for Depository of Queueing Place : P/categories_index----------------------------------------

tkOcp=0.0

------------------ Color = index --------------------
arrivCnt=277954 deptCnt=277954
arrivThrPut=0.02782322929508882 deptThrPut=0.02782322929508882
meanTkPop=0.0 tkColOcp=0.0
-----
meanST=0.0 stDevST=0.0

Steady State Statistics: numBatchesST=1389 batchSizeST=200 stDevStdStateMeanST=0.0
95% c.i. = 0.0 +/- 0.0



REPORT for Queue : Persistence----------------------------------------

totArrivThrPut=0.16666540173676958 totDeptThrPut=0.16666540173676958
meanTotTkPop=0.06514079599568819 queueUtil=0.059645636535727166
meanST=0.39084774234409614



REPORT for Queue of Queueing Place : A/isLoggedIn_index----------------------------------------

queueUtilQPl=0.009306031197482793

------------------ Color = index --------------------
arrivCnt=277954 deptCnt=277954
arrivThrPut=0.02782322929508882 deptThrPut=0.02782322929508882
meanTkPop=0.009394608241213164 tkColOcp=0.009306031197482793
-----
meanST=0.3376534097309632 stDevST=0.3445888083809199

Steady State Statistics: numBatchesST=694 batchSizeST=400 stDevStdStateMeanST=0.018272245812636114
95% c.i. = 0.33767546560867434 +/- 0.0013594407527128796



REPORT for Depository of Queueing Place : A/isLoggedIn_index----------------------------------------

tkOcp=0.0

------------------ Color = index --------------------
arrivCnt=277954 deptCnt=277954
arrivThrPut=0.02782322929508882 deptThrPut=0.02782322929508882
meanTkPop=0.0 tkColOcp=0.0
-----
meanST=0.0 stDevST=0.0

Steady State Statistics: numBatchesST=1389 batchSizeST=200 stDevStdStateMeanST=0.0
95% c.i. = 0.0 +/- 0.0



REPORT for Queue : Auth----------------------------------------

totArrivThrPut=0.16666540173676958 totDeptThrPut=0.16666540173676958
meanTotTkPop=0.05053298260162983 queueUtil=0.04699712873645359
meanST=0.30320019677174115



REPORT for Queue of Queueing Place : W/login----------------------------------------

queueUtilQPl=0.0036672299294049303

------------------ Color = login --------------------
arrivCnt=277461 deptCnt=277461
arrivThrPut=0.027773879934969957 deptThrPut=0.027773879934969957
meanTkPop=0.0036972493697397567 tkColOcp=0.0036672299294049303
-----
meanST=0.1331196569725416 stDevST=0.2485515873131306

Steady State Statistics: numBatchesST=346 batchSizeST=800 stDevStdStateMeanST=0.00922042035550961
95% c.i. = 0.13312112091579606 +/- 9.715401711001409E-4



REPORT for Depository of Queueing Place : W/login----------------------------------------

tkOcp=0.0

------------------ Color = login --------------------
arrivCnt=277461 deptCnt=277461
arrivThrPut=0.027773879934969957 deptThrPut=0.027773879934969957
meanTkPop=0.0 tkColOcp=0.0
-----
meanST=0.0 stDevST=0.0

Steady State Statistics: numBatchesST=1387 batchSizeST=200 stDevStdStateMeanST=0.0
95% c.i. = 0.0 +/- 0.0



REPORT for Queue : WebUI----------------------------------------

totArrivThrPut=0.16666540173676958 totDeptThrPut=0.16666540173676958
meanTotTkPop=0.054565432528232836 queueUtil=0.04935542162609383
meanST=0.32739507996034584



REPORT for Queue of Queueing Place : W/loginAction----------------------------------------

queueUtilQPl=0.003290228524665829

------------------ Color = loginAction --------------------
arrivCnt=277405 deptCnt=277405
arrivThrPut=0.027768274328141038 deptThrPut=0.027768274328141038
meanTkPop=0.003317539053091205 tkColOcp=0.003290228524665829
-----
meanST=0.11947228026802986 stDevST=0.244515612846831

Steady State Statistics: numBatchesST=693 batchSizeST=400 stDevStdStateMeanST=0.01235993891715695
95% c.i. = 0.11945578899647709 +/- 9.202329893421628E-4



REPORT for Depository of Queueing Place : W/loginAction----------------------------------------

tkOcp=0.0

------------------ Color = loginAction --------------------
arrivCnt=277405 deptCnt=277405
arrivThrPut=0.027768274328141038 deptThrPut=0.027768274328141038
meanTkPop=0.0 tkColOcp=0.0
-----
meanST=0.0 stDevST=0.0

Steady State Statistics: numBatchesST=1387 batchSizeST=200 stDevStdStateMeanST=0.0
95% c.i. = 0.0 +/- 0.0



REPORT for Queue : WebUI----------------------------------------

totArrivThrPut=0.16666540173676958 totDeptThrPut=0.16666540173676958
meanTotTkPop=0.054565432528232836 queueUtil=0.04935542162609383
meanST=0.32739507996034584



REPORT for Queue of Queueing Place : A/login_loginAction----------------------------------------

queueUtilQPl=0.01610306791661182

------------------ Color = loginAction --------------------
arrivCnt=277405 deptCnt=277405
arrivThrPut=0.027768274328141038 deptThrPut=0.027768274328141038
meanTkPop=0.016371388706651516 tkColOcp=0.01610306791661182
-----
meanST=0.5895717001780105 stDevST=0.5865854177207129

Steady State Statistics: numBatchesST=693 batchSizeST=400 stDevStdStateMeanST=0.02958727790781484
95% c.i. = 0.5895209796797127 +/- 0.0022028579087726282



REPORT for Depository of Queueing Place : A/login_loginAction----------------------------------------

tkOcp=0.0

------------------ Color = loginAction --------------------
arrivCnt=277405 deptCnt=277405
arrivThrPut=0.027768274328141038 deptThrPut=0.027768274328141038
meanTkPop=0.0 tkColOcp=0.0
-----
meanST=0.0 stDevST=0.0

Steady State Statistics: numBatchesST=1387 batchSizeST=200 stDevStdStateMeanST=0.0
95% c.i. = 0.0 +/- 0.0



REPORT for Queue : Auth----------------------------------------

totArrivThrPut=0.16666540173676958 totDeptThrPut=0.16666540173676958
meanTotTkPop=0.05053298260162983 queueUtil=0.04699712873645359
meanST=0.30320019677174115



REPORT for Queue of Queueing Place : W/logout----------------------------------------

queueUtilQPl=0.0036287378419644907

------------------ Color = logout --------------------
arrivCnt=277299 deptCnt=277299
arrivThrPut=0.027757663715214872 deptThrPut=0.027757663715214872
meanTkPop=0.0036591036273454654 tkColOcp=0.0036287378419644907
-----
meanST=0.13182318457658207 stDevST=0.2506037446828983

Steady State Statistics: numBatchesST=693 batchSizeST=400 stDevStdStateMeanST=0.01277677348443179
95% c.i. = 0.13182422653249265 +/- 9.512675213471726E-4



REPORT for Depository of Queueing Place : W/logout----------------------------------------

tkOcp=0.0

------------------ Color = logout --------------------
arrivCnt=277299 deptCnt=277299
arrivThrPut=0.027757663715214872 deptThrPut=0.027757663715214872
meanTkPop=0.0 tkColOcp=0.0
-----
meanST=0.0 stDevST=0.0

Steady State Statistics: numBatchesST=1386 batchSizeST=200 stDevStdStateMeanST=0.0
95% c.i. = 0.0 +/- 0.0



REPORT for Queue : WebUI----------------------------------------

totArrivThrPut=0.16666540173676958 totDeptThrPut=0.16666540173676958
meanTotTkPop=0.054565432528232836 queueUtil=0.04935542162609383
meanST=0.32739507996034584



REPORT for Queue of Queueing Place : A/logout_logout----------------------------------------

queueUtilQPl=0.009896176294569728

------------------ Color = logout --------------------
arrivCnt=277299 deptCnt=277299
arrivThrPut=0.027757663715214872 deptThrPut=0.027757663715214872
meanTkPop=0.01000423153880175 tkColOcp=0.009896176294569728
-----
meanST=0.3604133129301551 stDevST=0.3653614400773989

Steady State Statistics: numBatchesST=346 batchSizeST=800 stDevStdStateMeanST=0.01305309910680347
95% c.i. = 0.36045914853155003 +/- 0.0013753830791492182



REPORT for Depository of Queueing Place : A/logout_logout----------------------------------------

tkOcp=0.0

------------------ Color = logout --------------------
arrivCnt=277299 deptCnt=277299
arrivThrPut=0.027757663715214872 deptThrPut=0.027757663715214872
meanTkPop=0.0 tkColOcp=0.0
-----
meanST=0.0 stDevST=0.0

Steady State Statistics: numBatchesST=1386 batchSizeST=200 stDevStdStateMeanST=0.0
95% c.i. = 0.0 +/- 0.0



REPORT for Queue : Auth----------------------------------------

totArrivThrPut=0.16666540173676958 totDeptThrPut=0.16666540173676958
meanTotTkPop=0.05053298260162983 queueUtil=0.04699712873645359
meanST=0.30320019677174115



REPORT for Queue of Queueing Place : P/getUser_loginAction----------------------------------------

queueUtilQPl=0.009577391413848245

------------------ Color = loginAction --------------------
arrivCnt=277405 deptCnt=277405
arrivThrPut=0.027768274328141038 deptThrPut=0.027768274328141038
meanTkPop=0.009674430389608815 tkColOcp=0.009577391413848245
-----
meanST=0.3483986896443368 stDevST=0.36459363031744024

Steady State Statistics: numBatchesST=693 batchSizeST=400 stDevStdStateMeanST=0.017719907619533178
95% c.i. = 0.34841701103241124 +/- 0.0013192980700701404



REPORT for Depository of Queueing Place : P/getUser_loginAction----------------------------------------

tkOcp=0.0

------------------ Color = loginAction --------------------
arrivCnt=277405 deptCnt=277405
arrivThrPut=0.027768274328141038 deptThrPut=0.027768274328141038
meanTkPop=0.0 tkColOcp=0.0
-----
meanST=0.0 stDevST=0.0

Steady State Statistics: numBatchesST=1387 batchSizeST=200 stDevStdStateMeanST=0.0
95% c.i. = 0.0 +/- 0.0



REPORT for Queue : Persistence----------------------------------------

totArrivThrPut=0.16666540173676958 totDeptThrPut=0.16666540173676958
meanTotTkPop=0.06514079599568819 queueUtil=0.059645636535727166
meanST=0.39084774234409614



REPORT for Queue of Queueing Place : W/category----------------------------------------

queueUtilQPl=0.025537975780057783

------------------ Color = category --------------------
arrivCnt=277375 deptCnt=277375
arrivThrPut=0.02776527132448269 deptThrPut=0.02776527132448269
meanTkPop=0.026223027381331802 tkColOcp=0.025537975780057783
-----
meanST=0.9444542095365379 stDevST=0.9449663496385888

Steady State Statistics: numBatchesST=173 batchSizeST=1600 stDevStdStateMeanST=0.024654310785394932
95% c.i. = 0.9443805304103523 +/- 0.003699890270330735



REPORT for Depository of Queueing Place : W/category----------------------------------------

tkOcp=0.0

------------------ Color = category --------------------
arrivCnt=277375 deptCnt=277375
arrivThrPut=0.02776527132448269 deptThrPut=0.02776527132448269
meanTkPop=0.0 tkColOcp=0.0
-----
meanST=0.0 stDevST=0.0

Steady State Statistics: numBatchesST=1386 batchSizeST=200 stDevStdStateMeanST=0.0
95% c.i. = 0.0 +/- 0.0



REPORT for Queue : WebUI----------------------------------------

totArrivThrPut=0.16666540173676958 totDeptThrPut=0.16666540173676958
meanTotTkPop=0.054565432528232836 queueUtil=0.04935542162609383
meanST=0.32739507996034584



REPORT for Queue of Queueing Place : W/product----------------------------------------

queueUtilQPl=0.0053086440923876665

------------------ Color = product --------------------
arrivCnt=277493 deptCnt=277493
arrivThrPut=0.027777083138872196 deptThrPut=0.027777083138872196
meanTkPop=0.00535148945768283 tkColOcp=0.0053086440923876665
-----
meanST=0.19265843828626392 stDevST=0.27705561865617506

Steady State Statistics: numBatchesST=693 batchSizeST=400 stDevStdStateMeanST=0.014554246084511502
95% c.i. = 0.19267773200606908 +/- 0.0010836054669639283



REPORT for Depository of Queueing Place : W/product----------------------------------------

tkOcp=0.0

------------------ Color = product --------------------
arrivCnt=277493 deptCnt=277493
arrivThrPut=0.027777083138872196 deptThrPut=0.027777083138872196
meanTkPop=0.0 tkColOcp=0.0
-----
meanST=0.0 stDevST=0.0

Steady State Statistics: numBatchesST=1387 batchSizeST=200 stDevStdStateMeanST=0.0
95% c.i. = 0.0 +/- 0.0



REPORT for Queue : WebUI----------------------------------------

totArrivThrPut=0.16666540173676958 totDeptThrPut=0.16666540173676958
meanTotTkPop=0.054565432528232836 queueUtil=0.04935542162609383
meanST=0.32739507996034584



REPORT for Queue of Queueing Place : P/category_category----------------------------------------

queueUtilQPl=0.017724532931249978

------------------ Color = category --------------------
arrivCnt=277375 deptCnt=277375
arrivThrPut=0.02776527132448269 deptThrPut=0.02776527132448269
meanTkPop=0.01804591557669728 tkColOcp=0.017724532931249978
-----
meanST=0.6499455872698375 stDevST=0.6470818822963633

Steady State Statistics: numBatchesST=693 batchSizeST=400 stDevStdStateMeanST=0.034846586265950365
95% c.i. = 0.6499078756712598 +/- 0.002594428537456004



REPORT for Depository of Queueing Place : P/category_category----------------------------------------

tkOcp=0.0

------------------ Color = category --------------------
arrivCnt=277375 deptCnt=277375
arrivThrPut=0.02776527132448269 deptThrPut=0.02776527132448269
meanTkPop=0.0 tkColOcp=0.0
-----
meanST=0.0 stDevST=0.0

Steady State Statistics: numBatchesST=1386 batchSizeST=200 stDevStdStateMeanST=0.0
95% c.i. = 0.0 +/- 0.0



REPORT for Queue : Persistence----------------------------------------

totArrivThrPut=0.16666540173676958 totDeptThrPut=0.16666540173676958
meanTotTkPop=0.06514079599568819 queueUtil=0.059645636535727166
meanST=0.39084774234409614



REPORT for Queue of Queueing Place : P/getProduct_product----------------------------------------

queueUtilQPl=0.011864093240291444

------------------ Color = product --------------------
arrivCnt=277493 deptCnt=277493
arrivThrPut=0.027777083138872196 deptThrPut=0.027777083138872196
meanTkPop=0.012016597136576435 tkColOcp=0.011864093240291444
-----
meanST=0.4326083151531487 stDevST=0.4427930318908783

Steady State Statistics: numBatchesST=693 batchSizeST=400 stDevStdStateMeanST=0.022251853818274575
95% c.i. = 0.4325860533889962 +/- 0.0016567144946947484



REPORT for Depository of Queueing Place : P/getProduct_product----------------------------------------

tkOcp=0.0

------------------ Color = product --------------------
arrivCnt=277493 deptCnt=277493
arrivThrPut=0.027777083138872196 deptThrPut=0.027777083138872196
meanTkPop=0.0 tkColOcp=0.0
-----
meanST=0.0 stDevST=0.0

Steady State Statistics: numBatchesST=1387 batchSizeST=200 stDevStdStateMeanST=0.0
95% c.i. = 0.0 +/- 0.0



REPORT for Queue : Persistence----------------------------------------

totArrivThrPut=0.16666540173676958 totDeptThrPut=0.16666540173676958
meanTotTkPop=0.06514079599568819 queueUtil=0.059645636535727166
meanST=0.39084774234409614



REPORT for Queue of Queueing Place : R/getAds_product----------------------------------------

queueUtilQPl=0.006338487509790837

------------------ Color = product --------------------
arrivCnt=277493 deptCnt=277493
arrivThrPut=0.027777083138872196 deptThrPut=0.027777083138872196
meanTkPop=0.006380607332083031 tkColOcp=0.006338487509790837
-----
meanST=0.22970760825328676 stDevST=0.22906547738179914

Steady State Statistics: Only 43 batches collected!
Need at least 60 for steady state statistics.



REPORT for Depository of Queueing Place : R/getAds_product----------------------------------------

tkOcp=0.0

------------------ Color = product --------------------
arrivCnt=277493 deptCnt=277493
arrivThrPut=0.027777083138872196 deptThrPut=0.027777083138872196
meanTkPop=0.0 tkColOcp=0.0
-----
meanST=0.0 stDevST=0.0

Steady State Statistics: numBatchesST=1387 batchSizeST=200 stDevStdStateMeanST=0.0
95% c.i. = 0.0 +/- 0.0



REPORT for Queue : Recommender----------------------------------------

totArrivThrPut=0.027777083138872196 totDeptThrPut=0.027777083138872196
meanTotTkPop=0.006380607332083031 queueUtil=0.006338487509790837
meanST=0.22970760825328676



REPORT for Queue of Queueing Place : I/productImages_category----------------------------------------

queueUtilQPl=0.03181114130622798

------------------ Color = category --------------------
arrivCnt=277375 deptCnt=277375
arrivThrPut=0.02776527132448269 deptThrPut=0.02776527132448269
meanTkPop=0.03283122768501069 tkColOcp=0.03181114130622798
-----
meanST=1.1824565768266408 stDevST=1.1811282936347114

Steady State Statistics: numBatchesST=346 batchSizeST=800 stDevStdStateMeanST=0.047198871511195284
95% c.i. = 1.182458765466607 +/- 0.00497326563602054



REPORT for Depository of Queueing Place : I/productImages_category----------------------------------------

tkOcp=0.0

------------------ Color = category --------------------
arrivCnt=277375 deptCnt=277375
arrivThrPut=0.02776527132448269 deptThrPut=0.02776527132448269
meanTkPop=0.0 tkColOcp=0.0
-----
meanST=0.0 stDevST=0.0

Steady State Statistics: numBatchesST=1386 batchSizeST=200 stDevStdStateMeanST=0.0
95% c.i. = 0.0 +/- 0.0



REPORT for Queue : ImageProvider----------------------------------------

totArrivThrPut=0.16666540173676958 totDeptThrPut=0.16666540173676958
meanTotTkPop=0.08904334696706039 queueUtil=0.07535558259446058
meanST=0.5342641366424387



REPORT for Queue of Queueing Place : I/product_product----------------------------------------

queueUtilQPl=0.026828105509644224

------------------ Color = product --------------------
arrivCnt=277493 deptCnt=277493
arrivThrPut=0.027777083138872196 deptThrPut=0.027777083138872196
meanTkPop=0.02758761206526434 tkColOcp=0.026828105509644224
-----
meanST=0.9931788707741346 stDevST=1.000633693504464

Steady State Statistics: numBatchesST=693 batchSizeST=400 stDevStdStateMeanST=0.05220776252967031
95% c.i. = 0.9931773640444215 +/- 0.0038870180266712237



REPORT for Depository of Queueing Place : I/product_product----------------------------------------

tkOcp=0.0

------------------ Color = product --------------------
arrivCnt=277493 deptCnt=277493
arrivThrPut=0.027777083138872196 deptThrPut=0.027777083138872196
meanTkPop=0.0 tkColOcp=0.0
-----
meanST=0.0 stDevST=0.0

Steady State Statistics: numBatchesST=1387 batchSizeST=200 stDevStdStateMeanST=0.0
95% c.i. = 0.0 +/- 0.0



REPORT for Queue : ImageProvider----------------------------------------

totArrivThrPut=0.16666540173676958 totDeptThrPut=0.16666540173676958
meanTotTkPop=0.08904334696706039 queueUtil=0.07535558259446058
meanST=0.5342641366424387



REPORT for Queue of Queueing Place : Workload----------------------------------------

queueUtilQPl=1.0

------------------ Color = workload --------------------
arrivCnt=1664987 deptCnt=1664987
arrivThrPut=0.16666540173676958 deptThrPut=0.16666540173676958
meanTkPop=1.0 tkColOcp=1.0
-----
meanST=6.000045537821908 stDevST=6.001510167138557

Steady State Statistics: numBatchesST=4162 batchSizeST=400 stDevStdStateMeanST=0.3065060752945367
95% c.i. = 6.000047127330907 +/- 0.009311853617148447



REPORT for Depository of Queueing Place : Workload----------------------------------------

tkOcp=0.0

------------------ Color = workload --------------------
arrivCnt=1664987 deptCnt=1664987
arrivThrPut=0.16666540173676958 deptThrPut=0.16666540173676958
meanTkPop=0.0 tkColOcp=0.0
-----
meanST=0.0 stDevST=0.0

Steady State Statistics: numBatchesST=8324 batchSizeST=200 stDevStdStateMeanST=0.0
95% c.i. = 0.0 +/- 0.0



REPORT for Queue : Workload----------------------------------------

totArrivThrPut=0.16666540173676958 totDeptThrPut=0.16666540173676958
meanTotTkPop=1.0 queueUtil=1.0
meanST=6.000045537821908



REPORT for Queue of Queueing Place : I/icon_index----------------------------------------

queueUtilQPl=0.008245523845919318

------------------ Color = index --------------------
arrivCnt=277954 deptCnt=277954
arrivThrPut=0.02782322929508882 deptThrPut=0.02782322929508882
meanTkPop=0.008363017534002362 tkColOcp=0.008245523845919318
-----
meanST=0.30057681102741546 stDevST=0.45404559750466805

Steady State Statistics: numBatchesST=694 batchSizeST=400 stDevStdStateMeanST=0.024232887574269894
95% c.i. = 0.30054232504651657 +/- 0.001802907823273169



REPORT for Depository of Queueing Place : I/icon_index----------------------------------------

tkOcp=0.0

------------------ Color = index --------------------
arrivCnt=277954 deptCnt=277954
arrivThrPut=0.02782322929508882 deptThrPut=0.02782322929508882
meanTkPop=0.0 tkColOcp=0.0
-----
meanST=0.0 stDevST=0.0

Steady State Statistics: numBatchesST=1389 batchSizeST=200 stDevStdStateMeanST=0.0
95% c.i. = 0.0 +/- 0.0



REPORT for Queue : ImageProvider----------------------------------------

totArrivThrPut=0.16666540173676958 totDeptThrPut=0.16666540173676958
meanTotTkPop=0.08904334696706039 queueUtil=0.07535558259446058
meanST=0.5342641366424387



REPORT for Queue of Queueing Place : P/categories_login----------------------------------------

queueUtilQPl=0.003952584070747969

------------------ Color = login --------------------
arrivCnt=277461 deptCnt=277461
arrivThrPut=0.027773879934969957 deptThrPut=0.027773879934969957
meanTkPop=0.0039917518343188805 tkColOcp=0.003952584070747969
-----
meanST=0.14372323361608852 stDevST=0.23222482702326297

Steady State Statistics: numBatchesST=693 batchSizeST=400 stDevStdStateMeanST=0.012061982300775457
95% c.i. = 0.14375434288318928 +/- 8.980492625758102E-4



REPORT for Depository of Queueing Place : P/categories_login----------------------------------------

tkOcp=0.0

------------------ Color = login --------------------
arrivCnt=277461 deptCnt=277461
arrivThrPut=0.027773879934969957 deptThrPut=0.027773879934969957
meanTkPop=0.0 tkColOcp=0.0
-----
meanST=0.0 stDevST=0.0

Steady State Statistics: numBatchesST=1387 batchSizeST=200 stDevStdStateMeanST=0.0
95% c.i. = 0.0 +/- 0.0



REPORT for Queue : Persistence----------------------------------------

totArrivThrPut=0.16666540173676958 totDeptThrPut=0.16666540173676958
meanTotTkPop=0.06514079599568819 queueUtil=0.059645636535727166
meanST=0.39084774234409614



REPORT for Queue of Queueing Place : I/icon_login----------------------------------------

queueUtilQPl=0.005539330325017233

------------------ Color = login --------------------
arrivCnt=277461 deptCnt=277461
arrivThrPut=0.027773879934969957 deptThrPut=0.027773879934969957
meanTkPop=0.005675310635724617 tkColOcp=0.005539330325017233
-----
meanST=0.20433985633310314 stDevST=0.4862406842042789

Steady State Statistics: numBatchesST=346 batchSizeST=800 stDevStdStateMeanST=0.018614193806411876
95% c.i. = 0.20441071371994537 +/- 0.0019613462660372444



REPORT for Depository of Queueing Place : I/icon_login----------------------------------------

tkOcp=0.0

------------------ Color = login --------------------
arrivCnt=277461 deptCnt=277461
arrivThrPut=0.027773879934969957 deptThrPut=0.027773879934969957
meanTkPop=0.0 tkColOcp=0.0
-----
meanST=0.0 stDevST=0.0

Steady State Statistics: numBatchesST=1387 batchSizeST=200 stDevStdStateMeanST=0.0
95% c.i. = 0.0 +/- 0.0



REPORT for Queue : ImageProvider----------------------------------------

totArrivThrPut=0.16666540173676958 totDeptThrPut=0.16666540173676958
meanTotTkPop=0.08904334696706039 queueUtil=0.07535558259446058
meanST=0.5342641366424387



REPORT for Queue of Queueing Place : A/isLoggedIn_login----------------------------------------

queueUtilQPl=0.005275776983944855

------------------ Color = login --------------------
arrivCnt=277461 deptCnt=277461
arrivThrPut=0.027773879934969957 deptThrPut=0.027773879934969957
meanTkPop=0.005332239137645166 tkColOcp=0.005275776983944855
-----
meanST=0.19198754909757385 stDevST=0.21932941148541424

Steady State Statistics: numBatchesST=693 batchSizeST=400 stDevStdStateMeanST=0.010996496859243072
95% c.i. = 0.1919833223967509 +/- 8.187208079989946E-4



REPORT for Depository of Queueing Place : A/isLoggedIn_login----------------------------------------

tkOcp=0.0

------------------ Color = login --------------------
arrivCnt=277461 deptCnt=277461
arrivThrPut=0.027773879934969957 deptThrPut=0.027773879934969957
meanTkPop=0.0 tkColOcp=0.0
-----
meanST=0.0 stDevST=0.0

Steady State Statistics: numBatchesST=1387 batchSizeST=200 stDevStdStateMeanST=0.0
95% c.i. = 0.0 +/- 0.0



REPORT for Queue : Auth----------------------------------------

totArrivThrPut=0.16666540173676958 totDeptThrPut=0.16666540173676958
meanTotTkPop=0.05053298260162983 queueUtil=0.04699712873645359
meanST=0.30320019677174115



REPORT for Queue of Queueing Place : A/isLoggedIn_category----------------------------------------

queueUtilQPl=0.006067509877954121

------------------ Color = category --------------------
arrivCnt=277375 deptCnt=277375
arrivThrPut=0.02776527132448269 deptThrPut=0.02776527132448269
meanTkPop=0.006107644670853015 tkColOcp=0.006067509877954121
-----
meanST=0.21997424766627272 stDevST=0.2422039320301449

Steady State Statistics: numBatchesST=693 batchSizeST=400 stDevStdStateMeanST=0.011805161799051016
95% c.i. = 0.21999288665832054 +/- 8.789282378191119E-4



REPORT for Depository of Queueing Place : A/isLoggedIn_category----------------------------------------

tkOcp=0.0

------------------ Color = category --------------------
arrivCnt=277375 deptCnt=277375
arrivThrPut=0.02776527132448269 deptThrPut=0.02776527132448269
meanTkPop=0.0 tkColOcp=0.0
-----
meanST=0.0 stDevST=0.0

Steady State Statistics: numBatchesST=1386 batchSizeST=200 stDevStdStateMeanST=0.0
95% c.i. = 0.0 +/- 0.0



REPORT for Queue : Auth----------------------------------------

totArrivThrPut=0.16666540173676958 totDeptThrPut=0.16666540173676958
meanTotTkPop=0.05053298260162983 queueUtil=0.04699712873645359
meanST=0.30320019677174115



REPORT for Queue of Queueing Place : I/icon_logout----------------------------------------

queueUtilQPl=0.005503086416812976

------------------ Color = logout --------------------
arrivCnt=277299 deptCnt=277299
arrivThrPut=0.027757663715214872 deptThrPut=0.027757663715214872
meanTkPop=0.005601892737305463 tkColOcp=0.005503086416812976
-----
meanST=0.20181427352024892 stDevST=0.4340767602886694

Steady State Statistics: numBatchesST=693 batchSizeST=400 stDevStdStateMeanST=0.024029847961600487
95% c.i. = 0.20184727473507558 +/- 0.0017890912707057107



REPORT for Depository of Queueing Place : I/icon_logout----------------------------------------

tkOcp=0.0

------------------ Color = logout --------------------
arrivCnt=277299 deptCnt=277299
arrivThrPut=0.027757663715214872 deptThrPut=0.027757663715214872
meanTkPop=0.0 tkColOcp=0.0
-----
meanST=0.0 stDevST=0.0

Steady State Statistics: numBatchesST=1386 batchSizeST=200 stDevStdStateMeanST=0.0
95% c.i. = 0.0 +/- 0.0



REPORT for Queue : ImageProvider----------------------------------------

totArrivThrPut=0.16666540173676958 totDeptThrPut=0.16666540173676958
meanTotTkPop=0.08904334696706039 queueUtil=0.07535558259446058
meanST=0.5342641366424387



REPORT for Queue of Queueing Place : I/icon_loginAction----------------------------------------

queueUtilQPl=0.008836987578884337

------------------ Color = loginAction --------------------
arrivCnt=277405 deptCnt=277405
arrivThrPut=0.027768274328141038 deptThrPut=0.027768274328141038
meanTkPop=0.008984286309752908 tkColOcp=0.008836987578884337
-----
meanST=0.3235449997210672 stDevST=0.4873237785227727

Steady State Statistics: numBatchesST=693 batchSizeST=400 stDevStdStateMeanST=0.025044112850649388
95% c.i. = 0.3235820578055676 +/- 0.001864606207882193



REPORT for Depository of Queueing Place : I/icon_loginAction----------------------------------------

tkOcp=0.0

------------------ Color = loginAction --------------------
arrivCnt=277405 deptCnt=277405
arrivThrPut=0.027768274328141038 deptThrPut=0.027768274328141038
meanTkPop=0.0 tkColOcp=0.0
-----
meanST=0.0 stDevST=0.0

Steady State Statistics: numBatchesST=1387 batchSizeST=200 stDevStdStateMeanST=0.0
95% c.i. = 0.0 +/- 0.0



REPORT for Queue : ImageProvider----------------------------------------

totArrivThrPut=0.16666540173676958 totDeptThrPut=0.16666540173676958
meanTotTkPop=0.08904334696706039 queueUtil=0.07535558259446058
meanST=0.5342641366424387



REPORT for Queue of Queueing Place : A/isLoggedIn_product----------------------------------------

queueUtilQPl=0.0033070995490850318

------------------ Color = product --------------------
arrivCnt=277493 deptCnt=277493
arrivThrPut=0.027777083138872196 deptThrPut=0.027777083138872196
meanTkPop=0.003322870306465218 tkColOcp=0.0033070995490850318
-----
meanST=0.11962632252826721 stDevST=0.16225323156150284

Steady State Statistics: numBatchesST=86 batchSizeST=3200 stDevStdStateMeanST=0.0027368836177913917
95% c.i. = 0.11963519042494815 +/- 5.867891003147157E-4



REPORT for Depository of Queueing Place : A/isLoggedIn_product----------------------------------------

tkOcp=0.0

------------------ Color = product --------------------
arrivCnt=277493 deptCnt=277493
arrivThrPut=0.027777083138872196 deptThrPut=0.027777083138872196
meanTkPop=0.0 tkColOcp=0.0
-----
meanST=0.0 stDevST=0.0

Steady State Statistics: numBatchesST=1387 batchSizeST=200 stDevStdStateMeanST=0.0
95% c.i. = 0.0 +/- 0.0



REPORT for Queue : Auth----------------------------------------

totArrivThrPut=0.16666540173676958 totDeptThrPut=0.16666540173676958
meanTotTkPop=0.05053298260162983 queueUtil=0.04699712873645359
meanST=0.30320019677174115



REPORT for Queue of Queueing Place : P/category_logout----------------------------------------

queueUtilQPl=0.01223939866858207

------------------ Color = logout --------------------
arrivCnt=277299 deptCnt=277299
arrivThrPut=0.027757663715214872 deptThrPut=0.027757663715214872
meanTkPop=0.012400652612291781 tkColOcp=0.01223939866858207
-----
meanST=0.4467469863284849 stDevST=0.45133323814999665

Steady State Statistics: numBatchesST=693 batchSizeST=400 stDevStdStateMeanST=0.02366812060062898
95% c.i. = 0.4467220400532018 +/- 0.0017621596286527233



REPORT for Depository of Queueing Place : P/category_logout----------------------------------------

tkOcp=0.0

------------------ Color = logout --------------------
arrivCnt=277299 deptCnt=277299
arrivThrPut=0.027757663715214872 deptThrPut=0.027757663715214872
meanTkPop=0.0 tkColOcp=0.0
-----
meanST=0.0 stDevST=0.0

Steady State Statistics: numBatchesST=1386 batchSizeST=200 stDevStdStateMeanST=0.0
95% c.i. = 0.0 +/- 0.0



REPORT for Queue : Persistence----------------------------------------

totArrivThrPut=0.16666540173676958 totDeptThrPut=0.16666540173676958
meanTotTkPop=0.06514079599568819 queueUtil=0.059645636535727166
meanST=0.39084774234409614



REPORT for Ordinary Place : Finish_index----------------------------------------

tkOcp=1.0

------------------ Color = index --------------------
arrivCnt=277954 deptCnt=0
arrivThrPut=0.02782322929508882 deptThrPut=0.0
meanTkPop=139191.08287201685 tkColOcp=1.0
-----
meanST=NaN stDevST=NaN

Steady State Statistics: Only 0 batches collected!
Need at least 60 for steady state statistics.



REPORT for Ordinary Place : Finish_login----------------------------------------

tkOcp=1.0

------------------ Color = login --------------------
arrivCnt=277461 deptCnt=0
arrivThrPut=0.027773879934969957 deptThrPut=0.0
meanTkPop=139196.05215302718 tkColOcp=1.0
-----
meanST=NaN stDevST=NaN

Steady State Statistics: Only 0 batches collected!
Need at least 60 for steady state statistics.



REPORT for Ordinary Place : Finish_loginAction----------------------------------------

tkOcp=1.0000000000000002

------------------ Color = loginAction --------------------
arrivCnt=277405 deptCnt=0
arrivThrPut=0.027768274328141038 deptThrPut=0.0
meanTkPop=139008.7004042533 tkColOcp=1.0000000000000002
-----
meanST=NaN stDevST=NaN

Steady State Statistics: Only 0 batches collected!
Need at least 60 for steady state statistics.



REPORT for Ordinary Place : Finish_category----------------------------------------

tkOcp=1.0000000000000002

------------------ Color = category --------------------
arrivCnt=277375 deptCnt=0
arrivThrPut=0.02776527132448269 deptThrPut=0.0
meanTkPop=138880.84683331338 tkColOcp=1.0000000000000002
-----
meanST=NaN stDevST=NaN

Steady State Statistics: Only 0 batches collected!
Need at least 60 for steady state statistics.



REPORT for Ordinary Place : Finish_product----------------------------------------

tkOcp=1.0

------------------ Color = product --------------------
arrivCnt=277493 deptCnt=0
arrivThrPut=0.027777083138872196 deptThrPut=0.0
meanTkPop=139163.7576664103 tkColOcp=1.0
-----
meanST=NaN stDevST=NaN

Steady State Statistics: Only 0 batches collected!
Need at least 60 for steady state statistics.



REPORT for Ordinary Place : Finish_logout----------------------------------------

tkOcp=1.0

------------------ Color = logout --------------------
arrivCnt=277299 deptCnt=0
arrivThrPut=0.027757663715214872 deptThrPut=0.0
meanTkPop=138756.67251689648 tkColOcp=1.0
-----
meanST=NaN stDevST=NaN

Steady State Statistics: Only 0 batches collected!
Need at least 60 for steady state statistics.



REPORT REPORT for Probe : /index----------------------------------------


------------------ Color = index --------------------
-----
meanST=1.4048009109910018 stDevST=0.8503696324290188

Steady State Statistics: numBatchesST=694 batchSizeST=400 stDevStdStateMeanST=0.04536100072674958
95% c.i. = 1.4047714929499473 +/- 0.003374822865459553



REPORT REPORT for Probe : /login----------------------------------------


------------------ Color = login --------------------
-----
meanST=0.6731702960193071 stDevST=0.7462736443696406

Steady State Statistics: numBatchesST=693 batchSizeST=400 stDevStdStateMeanST=0.04102676722616474
95% c.i. = 0.6732498425130268 +/- 0.003054560779031982



REPORT REPORT for Probe : /loginAction----------------------------------------


------------------ Color = loginAction --------------------
-----
meanST=1.3809876698114443 stDevST=0.9143044584077996

Steady State Statistics: numBatchesST=693 batchSizeST=400 stDevStdStateMeanST=0.04620741717302164
95% c.i. = 1.3809758375141685 +/- 0.0034402750628391428



REPORT REPORT for Probe : /logout----------------------------------------


------------------ Color = logout --------------------
-----
meanST=1.140797757355471 stDevST=0.8089791455455568

Steady State Statistics: numBatchesST=693 batchSizeST=400 stDevStdStateMeanST=0.043899459066514254
95% c.i. = 1.1408052995479208 +/- 0.003268440946031363



REPORT REPORT for Probe : /category----------------------------------------


------------------ Color = category --------------------
-----
meanST=2.996830621299289 stDevST=1.6581479167505055

Steady State Statistics: numBatchesST=693 batchSizeST=400 stDevStdStateMeanST=0.09263537127914206
95% c.i. = 2.99684773022931 +/- 0.0068969697344292745



REPORT REPORT for Probe : /product----------------------------------------


------------------ Color = product --------------------
-----
meanST=1.9677795549951012 stDevST=1.1979659983116715

Steady State Statistics: numBatchesST=346 batchSizeST=800 stDevStdStateMeanST=0.04401151583153086
95% c.i. = 1.9678558931683765 +/- 0.0046374193336848986



