INFO Logging to /home/yjx/workloadConfig/qpme/output/SimQPN_Output_config_2025-08-14_030432664.log
WARN Batch means correlation test was run for depository of place Workload, color 0
    However, the standard deviation of the token residence time is 0 and therefore the result of the test is ignored!
    In future runs, you should set numBMeansCorlTested to 0 to switch off the correlation test!
WARN Batch means correlation test was run for depository of place W/index, color 0
    However, the standard deviation of the token residence time is 0 and therefore the result of the test is ignored!
    In future runs, you should set numBMeansCorlTested to 0 to switch off the correlation test!
WARN Batch means correlation test was run for depository of place P/categories_index, color 0
    However, the standard deviation of the token residence time is 0 and therefore the result of the test is ignored!
    In future runs, you should set numBMeansCorlTested to 0 to switch off the correlation test!
WARN Batch means correlation test was run for depository of place A/isLoggedIn_index, color 0
    However, the standard deviation of the token residence time is 0 and therefore the result of the test is ignored!
    In future runs, you should set numBMeansCorlTested to 0 to switch off the correlation test!
WARN Batch means correlation test was run for depository of place I/icon_index, color 0
    However, the standard deviation of the token residence time is 0 and therefore the result of the test is ignored!
    In future runs, you should set numBMeansCorlTested to 0 to switch off the correlation test!
WARN Batch means correlation test was run for depository of place W/logout, color 0
    However, the standard deviation of the token residence time is 0 and therefore the result of the test is ignored!
    In future runs, you should set numBMeansCorlTested to 0 to switch off the correlation test!
WARN Batch means correlation test was run for depository of place A/logout_logout, color 0
    However, the standard deviation of the token residence time is 0 and therefore the result of the test is ignored!
    In future runs, you should set numBMeansCorlTested to 0 to switch off the correlation test!
WARN Batch means correlation test was run for depository of place P/category_logout, color 0
    However, the standard deviation of the token residence time is 0 and therefore the result of the test is ignored!
    In future runs, you should set numBMeansCorlTested to 0 to switch off the correlation test!
WARN Batch means correlation test was run for depository of place I/icon_logout, color 0
    However, the standard deviation of the token residence time is 0 and therefore the result of the test is ignored!
    In future runs, you should set numBMeansCorlTested to 0 to switch off the correlation test!
WARN Batch means correlation test was run for depository of place W/category, color 0
    However, the standard deviation of the token residence time is 0 and therefore the result of the test is ignored!
    In future runs, you should set numBMeansCorlTested to 0 to switch off the correlation test!
WARN Batch means correlation test was run for depository of place P/category_category, color 0
    However, the standard deviation of the token residence time is 0 and therefore the result of the test is ignored!
    In future runs, you should set numBMeansCorlTested to 0 to switch off the correlation test!
WARN Batch means correlation test was run for depository of place I/productImages_category, color 0
    However, the standard deviation of the token residence time is 0 and therefore the result of the test is ignored!
    In future runs, you should set numBMeansCorlTested to 0 to switch off the correlation test!
WARN Batch means correlation test was run for depository of place A/isLoggedIn_category, color 0
    However, the standard deviation of the token residence time is 0 and therefore the result of the test is ignored!
    In future runs, you should set numBMeansCorlTested to 0 to switch off the correlation test!
WARN Batch means correlation test was run for depository of place W/login, color 0
    However, the standard deviation of the token residence time is 0 and therefore the result of the test is ignored!
    In future runs, you should set numBMeansCorlTested to 0 to switch off the correlation test!
WARN Batch means correlation test was run for depository of place P/categories_login, color 0
    However, the standard deviation of the token residence time is 0 and therefore the result of the test is ignored!
    In future runs, you should set numBMeansCorlTested to 0 to switch off the correlation test!
WARN Batch means correlation test was run for depository of place I/icon_login, color 0
    However, the standard deviation of the token residence time is 0 and therefore the result of the test is ignored!
    In future runs, you should set numBMeansCorlTested to 0 to switch off the correlation test!
WARN Batch means correlation test was run for depository of place A/isLoggedIn_login, color 0
    However, the standard deviation of the token residence time is 0 and therefore the result of the test is ignored!
    In future runs, you should set numBMeansCorlTested to 0 to switch off the correlation test!
WARN Batch means correlation test was run for depository of place R/getAds_product, color 0
    However, the standard deviation of the token residence time is 0 and therefore the result of the test is ignored!
    In future runs, you should set numBMeansCorlTested to 0 to switch off the correlation test!
WARN Batch means correlation test was run for depository of place I/product_product, color 0
    However, the standard deviation of the token residence time is 0 and therefore the result of the test is ignored!
    In future runs, you should set numBMeansCorlTested to 0 to switch off the correlation test!
WARN Batch means correlation test was run for depository of place A/isLoggedIn_product, color 0
    However, the standard deviation of the token residence time is 0 and therefore the result of the test is ignored!
    In future runs, you should set numBMeansCorlTested to 0 to switch off the correlation test!
WARN Batch means correlation test was run for depository of place W/product, color 0
    However, the standard deviation of the token residence time is 0 and therefore the result of the test is ignored!
    In future runs, you should set numBMeansCorlTested to 0 to switch off the correlation test!
WARN Batch means correlation test was run for depository of place P/getProduct_product, color 0
    However, the standard deviation of the token residence time is 0 and therefore the result of the test is ignored!
    In future runs, you should set numBMeansCorlTested to 0 to switch off the correlation test!
WARN Batch means correlation test was run for depository of place W/loginAction, color 0
    However, the standard deviation of the token residence time is 0 and therefore the result of the test is ignored!
    In future runs, you should set numBMeansCorlTested to 0 to switch off the correlation test!
WARN Batch means correlation test was run for depository of place A/login_loginAction, color 0
    However, the standard deviation of the token residence time is 0 and therefore the result of the test is ignored!
    In future runs, you should set numBMeansCorlTested to 0 to switch off the correlation test!
WARN Batch means correlation test was run for depository of place P/getUser_loginAction, color 0
    However, the standard deviation of the token residence time is 0 and therefore the result of the test is ignored!
    In future runs, you should set numBMeansCorlTested to 0 to switch off the correlation test!
WARN Batch means correlation test was run for depository of place I/icon_loginAction, color 0
    However, the standard deviation of the token residence time is 0 and therefore the result of the test is ignored!
    In future runs, you should set numBMeansCorlTested to 0 to switch off the correlation test!
WARN LP-1 The simulation was stopped because of reaching max totalRunLen.
The required precision may not have been reached!
REPORT for Queue of Queueing Place : W/index----------------------------------------

queueUtilQPl=0.002853890207868506

------------------ Color = index --------------------
arrivCnt=277762 deptCnt=277762
arrivThrPut=0.02780399142757672 deptThrPut=0.02780399142757672
meanTkPop=0.002862022739501812 tkColOcp=0.002853890207868506
-----
meanST=0.10293567910768321 stDevST=0.10461372255945822

Steady State Statistics: numBatchesST=694 batchSizeST=400 stDevStdStateMeanST=0.005302197363276961
95% c.i. = 0.10293627992843406 +/- 3.944793239143484E-4



REPORT for Depository of Queueing Place : W/index----------------------------------------

tkOcp=0.0

------------------ Color = index --------------------
arrivCnt=277762 deptCnt=277762
arrivThrPut=0.02780399142757672 deptThrPut=0.02780399142757672
meanTkPop=0.0 tkColOcp=0.0
-----
meanST=0.0 stDevST=0.0

Steady State Statistics: numBatchesST=1388 batchSizeST=200 stDevStdStateMeanST=0.0
95% c.i. = 0.0 +/- 0.0



REPORT for Queue : WebUI----------------------------------------

totArrivThrPut=0.1665131378952368 totDeptThrPut=0.1665131378952368
meanTotTkPop=0.021500362509474277 queueUtil=0.020996445308400582
meanST=0.1291211178964234



REPORT for Queue of Queueing Place : P/categories_index----------------------------------------

queueUtilQPl=0.0049270163980369075

------------------ Color = index --------------------
arrivCnt=277762 deptCnt=277762
arrivThrPut=0.02780399142757672 deptThrPut=0.02780399142757672
meanTkPop=0.004956960309789797 tkColOcp=0.0049270163980369075
-----
meanST=0.1782823276543437 stDevST=0.2047988453027706

Steady State Statistics: numBatchesST=694 batchSizeST=400 stDevStdStateMeanST=0.010073749030689085
95% c.i. = 0.17829278336185653 +/- 7.494790243818911E-4



REPORT for Depository of Queueing Place : P/categories_index----------------------------------------

tkOcp=0.0

------------------ Color = index --------------------
arrivCnt=277762 deptCnt=277762
arrivThrPut=0.02780399142757672 deptThrPut=0.02780399142757672
meanTkPop=0.0 tkColOcp=0.0
-----
meanST=0.0 stDevST=0.0

Steady State Statistics: numBatchesST=1388 batchSizeST=200 stDevStdStateMeanST=0.0
95% c.i. = 0.0 +/- 0.0



REPORT for Queue : Persistence----------------------------------------

totArrivThrPut=0.1665131378952368 totDeptThrPut=0.1665131378952368
meanTotTkPop=0.044500516404901755 queueUtil=0.04182821077433326
meanST=0.2672492811522154



REPORT for Queue of Queueing Place : A/isLoggedIn_index----------------------------------------

queueUtilQPl=0.026837382364859955

------------------ Color = index --------------------
arrivCnt=277762 deptCnt=277762
arrivThrPut=0.02780399142757672 deptThrPut=0.02780399142757672
meanTkPop=0.02758300885810626 tkColOcp=0.026837382364859955
-----
meanST=0.9920521278376139 stDevST=0.988565704348022

Steady State Statistics: numBatchesST=694 batchSizeST=400 stDevStdStateMeanST=0.051448062739504946
95% c.i. = 0.991997121169898 +/- 0.0038276955035185032



REPORT for Depository of Queueing Place : A/isLoggedIn_index----------------------------------------

tkOcp=0.0

------------------ Color = index --------------------
arrivCnt=277762 deptCnt=277762
arrivThrPut=0.02780399142757672 deptThrPut=0.02780399142757672
meanTkPop=0.0 tkColOcp=0.0
-----
meanST=0.0 stDevST=0.0

Steady State Statistics: numBatchesST=1388 batchSizeST=200 stDevStdStateMeanST=0.0
95% c.i. = 0.0 +/- 0.0



REPORT for Queue : Auth----------------------------------------

totArrivThrPut=0.16651323799529164 totDeptThrPut=0.16651323799529164
meanTotTkPop=0.06111179999996375 queueUtil=0.055117737729659166
meanST=0.367008657904375



REPORT for Queue of Queueing Place : W/login----------------------------------------

queueUtilQPl=0.003946179851957208

------------------ Color = login --------------------
arrivCnt=276551 deptCnt=276551
arrivThrPut=0.027682770261186804 deptThrPut=0.027682770261186804
meanTkPop=0.003962011155326901 tkColOcp=0.003946179851957208
-----
meanST=0.14312191727725748 stDevST=0.14369107727809907

Steady State Statistics: numBatchesST=691 batchSizeST=400 stDevStdStateMeanST=0.007401968890177692
95% c.i. = 0.14311868406553885 +/- 5.518948262668337E-4



REPORT for Depository of Queueing Place : W/login----------------------------------------

tkOcp=0.0

------------------ Color = login --------------------
arrivCnt=276551 deptCnt=276551
arrivThrPut=0.027682770261186804 deptThrPut=0.027682770261186804
meanTkPop=0.0 tkColOcp=0.0
-----
meanST=0.0 stDevST=0.0

Steady State Statistics: numBatchesST=1382 batchSizeST=200 stDevStdStateMeanST=0.0
95% c.i. = 0.0 +/- 0.0



REPORT for Queue : WebUI----------------------------------------

totArrivThrPut=0.1665131378952368 totDeptThrPut=0.1665131378952368
meanTotTkPop=0.021500362509474277 queueUtil=0.020996445308400582
meanST=0.1291211178964234



REPORT for Queue of Queueing Place : W/loginAction----------------------------------------

queueUtilQPl=0.0032117097476459283

------------------ Color = loginAction --------------------
arrivCnt=276669 deptCnt=276669
arrivThrPut=0.02769458206765585 deptThrPut=0.02769458206765585
meanTkPop=0.003222290747765375 tkColOcp=0.0032117097476459283
-----
meanST=0.11635094329618527 stDevST=0.1174199834568079

Steady State Statistics: numBatchesST=691 batchSizeST=400 stDevStdStateMeanST=0.005928910620609272
95% c.i. = 0.11635689691896377 +/- 4.420628005144437E-4



REPORT for Depository of Queueing Place : W/loginAction----------------------------------------

tkOcp=0.0

------------------ Color = loginAction --------------------
arrivCnt=276669 deptCnt=276669
arrivThrPut=0.02769458206765585 deptThrPut=0.02769458206765585
meanTkPop=0.0 tkColOcp=0.0
-----
meanST=0.0 stDevST=0.0

Steady State Statistics: numBatchesST=1383 batchSizeST=200 stDevStdStateMeanST=0.0
95% c.i. = 0.0 +/- 0.0



REPORT for Queue : WebUI----------------------------------------

totArrivThrPut=0.1665131378952368 totDeptThrPut=0.1665131378952368
meanTotTkPop=0.021500362509474277 queueUtil=0.020996445308400582
meanST=0.1291211178964234



REPORT for Queue of Queueing Place : A/login_loginAction----------------------------------------

queueUtilQPl=0.0059355992427360055

------------------ Color = loginAction --------------------
arrivCnt=276669 deptCnt=276669
arrivThrPut=0.02769458206765585 deptThrPut=0.02769458206765585
meanTkPop=0.005987924109133884 tkColOcp=0.0059355992427360055
-----
meanST=0.21621283522191528 stDevST=0.30658858567700126

Steady State Statistics: numBatchesST=691 batchSizeST=400 stDevStdStateMeanST=0.016015470888460476
95% c.i. = 0.21620561573901828 +/- 0.001194122220007904



REPORT for Depository of Queueing Place : A/login_loginAction----------------------------------------

tkOcp=0.0

------------------ Color = loginAction --------------------
arrivCnt=276669 deptCnt=276669
arrivThrPut=0.02769458206765585 deptThrPut=0.02769458206765585
meanTkPop=0.0 tkColOcp=0.0
-----
meanST=0.0 stDevST=0.0

Steady State Statistics: numBatchesST=1383 batchSizeST=200 stDevStdStateMeanST=0.0
95% c.i. = 0.0 +/- 0.0



REPORT for Queue : Auth----------------------------------------

totArrivThrPut=0.16651323799529164 totDeptThrPut=0.16651323799529164
meanTotTkPop=0.06111179999996375 queueUtil=0.055117737729659166
meanST=0.367008657904375



REPORT for Queue of Queueing Place : W/logout----------------------------------------

queueUtilQPl=0.002880398233243593

------------------ Color = logout --------------------
arrivCnt=277747 deptCnt=277747
arrivThrPut=0.027802489926754385 deptThrPut=0.027802489926754385
meanTkPop=0.0028896422774815685 tkColOcp=0.002880398233243593
-----
meanST=0.10393465783439997 stDevST=0.1054343095050181

Steady State Statistics: numBatchesST=694 batchSizeST=400 stDevStdStateMeanST=0.005355906254880469
95% c.i. = 0.10392710400097703 +/- 3.984752233115836E-4



REPORT for Depository of Queueing Place : W/logout----------------------------------------

tkOcp=0.0

------------------ Color = logout --------------------
arrivCnt=277747 deptCnt=277747
arrivThrPut=0.027802489926754385 deptThrPut=0.027802489926754385
meanTkPop=0.0 tkColOcp=0.0
-----
meanST=0.0 stDevST=0.0

Steady State Statistics: numBatchesST=1388 batchSizeST=200 stDevStdStateMeanST=0.0
95% c.i. = 0.0 +/- 0.0



REPORT for Queue : WebUI----------------------------------------

totArrivThrPut=0.1665131378952368 totDeptThrPut=0.1665131378952368
meanTotTkPop=0.021500362509474277 queueUtil=0.020996445308400582
meanST=0.1291211178964234



REPORT for Queue of Queueing Place : A/logout_logout----------------------------------------

queueUtilQPl=0.003424268796056423

------------------ Color = logout --------------------
arrivCnt=277747 deptCnt=277747
arrivThrPut=0.027802489926754385 deptThrPut=0.027802489926754385
meanTkPop=0.003453658890461921 tkColOcp=0.003424268796056423
-----
meanST=0.12422120822849249 stDevST=0.2581098573179049

Steady State Statistics: numBatchesST=694 batchSizeST=400 stDevStdStateMeanST=0.013210834475798926
95% c.i. = 0.12422136411622837 +/- 9.828757202535894E-4



REPORT for Depository of Queueing Place : A/logout_logout----------------------------------------

tkOcp=0.0

------------------ Color = logout --------------------
arrivCnt=277747 deptCnt=277747
arrivThrPut=0.027802489926754385 deptThrPut=0.027802489926754385
meanTkPop=0.0 tkColOcp=0.0
-----
meanST=0.0 stDevST=0.0

Steady State Statistics: numBatchesST=1388 batchSizeST=200 stDevStdStateMeanST=0.0
95% c.i. = 0.0 +/- 0.0



REPORT for Queue : Auth----------------------------------------

totArrivThrPut=0.16651323799529164 totDeptThrPut=0.16651323799529164
meanTotTkPop=0.06111179999996375 queueUtil=0.055117737729659166
meanST=0.367008657904375



REPORT for Queue of Queueing Place : P/getUser_loginAction----------------------------------------

queueUtilQPl=0.0032458679040881073

------------------ Color = loginAction --------------------
arrivCnt=276669 deptCnt=276669
arrivThrPut=0.02769458206765585 deptThrPut=0.02769458206765585
meanTkPop=0.0032604887300800417 tkColOcp=0.0032458679040881073
-----
meanST=0.1177302016009812 stDevST=0.15901050248814108

Steady State Statistics: numBatchesST=345 batchSizeST=800 stDevStdStateMeanST=0.006091192719614317
95% c.i. = 0.11773590363465124 +/- 6.427482218825701E-4



REPORT for Depository of Queueing Place : P/getUser_loginAction----------------------------------------

tkOcp=0.0

------------------ Color = loginAction --------------------
arrivCnt=276669 deptCnt=276669
arrivThrPut=0.02769458206765585 deptThrPut=0.02769458206765585
meanTkPop=0.0 tkColOcp=0.0
-----
meanST=0.0 stDevST=0.0

Steady State Statistics: numBatchesST=1383 batchSizeST=200 stDevStdStateMeanST=0.0
95% c.i. = 0.0 +/- 0.0



REPORT for Queue : Persistence----------------------------------------

totArrivThrPut=0.1665131378952368 totDeptThrPut=0.1665131378952368
meanTotTkPop=0.044500516404901755 queueUtil=0.04182821077433326
meanST=0.2672492811522154



REPORT for Queue of Queueing Place : W/category----------------------------------------

queueUtilQPl=0.0059492861533289474

------------------ Color = category --------------------
arrivCnt=277259 deptCnt=277259
arrivThrPut=0.02775364110000106 deptThrPut=0.02775364110000106
meanTkPop=0.005986280315726602 tkColOcp=0.0059492861533289474
-----
meanST=0.21569351185875119 stDevST=0.21548102230693025

Steady State Statistics: numBatchesST=693 batchSizeST=400 stDevStdStateMeanST=0.011652915209129377
95% c.i. = 0.21568991460272957 +/- 8.675930414641961E-4



REPORT for Depository of Queueing Place : W/category----------------------------------------

tkOcp=0.0

------------------ Color = category --------------------
arrivCnt=277259 deptCnt=277259
arrivThrPut=0.02775364110000106 deptThrPut=0.02775364110000106
meanTkPop=0.0 tkColOcp=0.0
-----
meanST=0.0 stDevST=0.0

Steady State Statistics: numBatchesST=1386 batchSizeST=200 stDevStdStateMeanST=0.0
95% c.i. = 0.0 +/- 0.0



REPORT for Queue : WebUI----------------------------------------

totArrivThrPut=0.1665131378952368 totDeptThrPut=0.1665131378952368
meanTotTkPop=0.021500362509474277 queueUtil=0.020996445308400582
meanST=0.1291211178964234



REPORT for Queue of Queueing Place : W/product----------------------------------------

queueUtilQPl=0.0025711266631588603

------------------ Color = product --------------------
arrivCnt=277479 deptCnt=277479
arrivThrPut=0.027775663112061984 deptThrPut=0.027775663112061984
meanTkPop=0.0025781152736720175 tkColOcp=0.0025711266631588603
-----
meanST=0.09281921599029022 stDevST=0.09506261601464262

Steady State Statistics: numBatchesST=693 batchSizeST=400 stDevStdStateMeanST=0.004497860079339062
95% c.i. = 0.09282251698892575 +/- 3.3487861503162176E-4



REPORT for Depository of Queueing Place : W/product----------------------------------------

tkOcp=0.0

------------------ Color = product --------------------
arrivCnt=277479 deptCnt=277479
arrivThrPut=0.027775663112061984 deptThrPut=0.027775663112061984
meanTkPop=0.0 tkColOcp=0.0
-----
meanST=0.0 stDevST=0.0

Steady State Statistics: numBatchesST=1387 batchSizeST=200 stDevStdStateMeanST=0.0
95% c.i. = 0.0 +/- 0.0



REPORT for Queue : WebUI----------------------------------------

totArrivThrPut=0.1665131378952368 totDeptThrPut=0.1665131378952368
meanTotTkPop=0.021500362509474277 queueUtil=0.020996445308400582
meanST=0.1291211178964234



REPORT for Queue of Queueing Place : P/category_category----------------------------------------

queueUtilQPl=0.003179219753142558

------------------ Color = category --------------------
arrivCnt=277259 deptCnt=277259
arrivThrPut=0.02775364110000106 deptThrPut=0.02775364110000106
meanTkPop=0.0031927980542374415 tkColOcp=0.003179219753142558
-----
meanST=0.11504069115591899 stDevST=0.15270263267597237

Steady State Statistics: numBatchesST=346 batchSizeST=800 stDevStdStateMeanST=0.0051316547776304846
95% c.i. = 0.11503978072646343 +/- 5.40713825233234E-4



REPORT for Depository of Queueing Place : P/category_category----------------------------------------

tkOcp=0.0

------------------ Color = category --------------------
arrivCnt=277259 deptCnt=277259
arrivThrPut=0.02775364110000106 deptThrPut=0.02775364110000106
meanTkPop=0.0 tkColOcp=0.0
-----
meanST=0.0 stDevST=0.0

Steady State Statistics: numBatchesST=1386 batchSizeST=200 stDevStdStateMeanST=0.0
95% c.i. = 0.0 +/- 0.0



REPORT for Queue : Persistence----------------------------------------

totArrivThrPut=0.1665131378952368 totDeptThrPut=0.1665131378952368
meanTotTkPop=0.044500516404901755 queueUtil=0.04182821077433326
meanST=0.2672492811522154



REPORT for Queue of Queueing Place : P/getProduct_product----------------------------------------

queueUtilQPl=0.005755929914218457

------------------ Color = product --------------------
arrivCnt=277479 deptCnt=277479
arrivThrPut=0.027775663112061984 deptThrPut=0.027775663112061984
meanTkPop=0.00579273530880269 tkColOcp=0.005755929914218457
-----
meanST=0.20855434793515737 stDevST=0.22924657158809494

Steady State Statistics: numBatchesST=693 batchSizeST=400 stDevStdStateMeanST=0.011839295936321173
95% c.i. = 0.20855260701941708 +/- 8.814696224804172E-4



REPORT for Depository of Queueing Place : P/getProduct_product----------------------------------------

tkOcp=0.0

------------------ Color = product --------------------
arrivCnt=277479 deptCnt=277479
arrivThrPut=0.027775663112061984 deptThrPut=0.027775663112061984
meanTkPop=0.0 tkColOcp=0.0
-----
meanST=0.0 stDevST=0.0

Steady State Statistics: numBatchesST=1387 batchSizeST=200 stDevStdStateMeanST=0.0
95% c.i. = 0.0 +/- 0.0



REPORT for Queue : Persistence----------------------------------------

totArrivThrPut=0.1665131378952368 totDeptThrPut=0.1665131378952368
meanTotTkPop=0.044500516404901755 queueUtil=0.04182821077433326
meanST=0.2672492811522154



REPORT for Queue of Queueing Place : R/getAds_product----------------------------------------

queueUtilQPl=0.07418039046794178

------------------ Color = product --------------------
arrivCnt=277479 deptCnt=277479
arrivThrPut=0.027775663112061984 deptThrPut=0.027775663112061984
meanTkPop=0.08019923578392775 tkColOcp=0.07418039046794178
-----
meanST=2.8873922995235377 stDevST=2.891766726543279

Steady State Statistics: numBatchesST=693 batchSizeST=400 stDevStdStateMeanST=0.17272214577406875
95% c.i. = 2.887654182222968 +/- 0.012859660358889925



REPORT for Depository of Queueing Place : R/getAds_product----------------------------------------

tkOcp=0.0

------------------ Color = product --------------------
arrivCnt=277479 deptCnt=277480
arrivThrPut=0.027775663112061984 deptThrPut=0.027775763212116805
meanTkPop=0.0 tkColOcp=0.0
-----
meanST=0.0 stDevST=0.0

Steady State Statistics: numBatchesST=1387 batchSizeST=200 stDevStdStateMeanST=0.0
95% c.i. = 0.0 +/- 0.0



REPORT for Queue : Recommender----------------------------------------

totArrivThrPut=0.027775663112061984 totDeptThrPut=0.027775663112061984
meanTotTkPop=0.08019923578392775 queueUtil=0.07418039046794178
meanST=2.8873922995235377



REPORT for Queue of Queueing Place : I/productImages_category----------------------------------------

queueUtilQPl=0.004159669707700111

------------------ Color = category --------------------
arrivCnt=277259 deptCnt=277259
arrivThrPut=0.02775364110000106 deptThrPut=0.02775364110000106
meanTkPop=0.004194637043772619 tkColOcp=0.004159669707700111
-----
meanST=0.15113826069374586 stDevST=0.2557964863875026

Steady State Statistics: numBatchesST=693 batchSizeST=400 stDevStdStateMeanST=0.013564018315812198
95% c.i. = 0.15114562639939239 +/- 0.0010098801625083474



REPORT for Depository of Queueing Place : I/productImages_category----------------------------------------

tkOcp=0.0

------------------ Color = category --------------------
arrivCnt=277259 deptCnt=277259
arrivThrPut=0.02775364110000106 deptThrPut=0.02775364110000106
meanTkPop=0.0 tkColOcp=0.0
-----
meanST=0.0 stDevST=0.0

Steady State Statistics: numBatchesST=1386 batchSizeST=200 stDevStdStateMeanST=0.0
95% c.i. = 0.0 +/- 0.0



REPORT for Queue : ImageProvider----------------------------------------

totArrivThrPut=0.16651323799529164 totDeptThrPut=0.16651323799529164
meanTotTkPop=0.0662107883911994 queueUtil=0.06014482850690182
meanST=0.3976307781191042



REPORT for Queue of Queueing Place : I/product_product----------------------------------------

queueUtilQPl=0.005881335263428879

------------------ Color = product --------------------
arrivCnt=277480 deptCnt=277480
arrivThrPut=0.027775763212116805 deptThrPut=0.027775763212116805
meanTkPop=0.005927398342096338 tkColOcp=0.005881335263428879
-----
meanST=0.2134018171464894 stDevST=0.2739979762714497

Steady State Statistics: numBatchesST=693 batchSizeST=400 stDevStdStateMeanST=0.013810858692204902
95% c.i. = 0.21340332775287668 +/- 0.0010282581382395131



REPORT for Depository of Queueing Place : I/product_product----------------------------------------

tkOcp=0.0

------------------ Color = product --------------------
arrivCnt=277480 deptCnt=277480
arrivThrPut=0.027775763212116805 deptThrPut=0.027775763212116805
meanTkPop=0.0 tkColOcp=0.0
-----
meanST=0.0 stDevST=0.0

Steady State Statistics: numBatchesST=1387 batchSizeST=200 stDevStdStateMeanST=0.0
95% c.i. = 0.0 +/- 0.0



REPORT for Queue : ImageProvider----------------------------------------

totArrivThrPut=0.16651323799529164 totDeptThrPut=0.16651323799529164
meanTotTkPop=0.0662107883911994 queueUtil=0.06014482850690182
meanST=0.3976307781191042



REPORT for Queue of Queueing Place : Workload----------------------------------------

queueUtilQPl=1.0

------------------ Color = workload --------------------
arrivCnt=1663467 deptCnt=1663468
arrivThrPut=0.1665131378952368 deptThrPut=0.1665132379952916
meanTkPop=1.0 tkColOcp=1.0
-----
meanST=6.005530245837104 stDevST=6.010404181659334

Steady State Statistics: numBatchesST=4158 batchSizeST=400 stDevStdStateMeanST=0.30136039649541896
95% c.i. = 6.005443529664418 +/- 0.009159927306654709



REPORT for Depository of Queueing Place : Workload----------------------------------------

tkOcp=0.0

------------------ Color = workload --------------------
arrivCnt=1663468 deptCnt=1663467
arrivThrPut=0.1665132379952916 deptThrPut=0.1665131378952368
meanTkPop=0.0 tkColOcp=0.0
-----
meanST=0.0 stDevST=0.0

Steady State Statistics: numBatchesST=8317 batchSizeST=200 stDevStdStateMeanST=0.0
95% c.i. = 0.0 +/- 0.0



REPORT for Queue : Workload----------------------------------------

totArrivThrPut=0.1665131378952368 totDeptThrPut=0.1665132379952916
meanTotTkPop=1.0 queueUtil=1.0
meanST=6.005530245837104



REPORT for Queue of Queueing Place : I/icon_index----------------------------------------

queueUtilQPl=0.012119577323703945

------------------ Color = index --------------------
arrivCnt=277762 deptCnt=277762
arrivThrPut=0.02780399142757672 deptThrPut=0.02780399142757672
meanTkPop=0.012266926939842934 tkColOcp=0.012119577323703945
-----
meanST=0.44119301977903347 stDevST=0.45798535545266134

Steady State Statistics: numBatchesST=694 batchSizeST=400 stDevStdStateMeanST=0.02194933754068006
95% c.i. = 0.4412104595973162 +/- 0.0016330134923653564



REPORT for Depository of Queueing Place : I/icon_index----------------------------------------

tkOcp=0.0

------------------ Color = index --------------------
arrivCnt=277762 deptCnt=277762
arrivThrPut=0.02780399142757672 deptThrPut=0.02780399142757672
meanTkPop=0.0 tkColOcp=0.0
-----
meanST=0.0 stDevST=0.0

Steady State Statistics: numBatchesST=1388 batchSizeST=200 stDevStdStateMeanST=0.0
95% c.i. = 0.0 +/- 0.0



REPORT for Queue : ImageProvider----------------------------------------

totArrivThrPut=0.16651323799529164 totDeptThrPut=0.16651323799529164
meanTotTkPop=0.0662107883911994 queueUtil=0.06014482850690182
meanST=0.3976307781191042



REPORT for Queue of Queueing Place : P/categories_login----------------------------------------

queueUtilQPl=0.010834279241669765

------------------ Color = login --------------------
arrivCnt=276551 deptCnt=276551
arrivThrPut=0.027682770261186804 deptThrPut=0.027682770261186804
meanTkPop=0.010954743927573049 tkColOcp=0.010834279241669765
-----
meanST=0.3957242654624191 stDevST=0.3977670224231926

Steady State Statistics: numBatchesST=691 batchSizeST=400 stDevStdStateMeanST=0.020764521708404555
95% c.i. = 0.3957229068701952 +/- 0.0015482140320774466



REPORT for Depository of Queueing Place : P/categories_login----------------------------------------

tkOcp=0.0

------------------ Color = login --------------------
arrivCnt=276551 deptCnt=276551
arrivThrPut=0.027682770261186804 deptThrPut=0.027682770261186804
meanTkPop=0.0 tkColOcp=0.0
-----
meanST=0.0 stDevST=0.0

Steady State Statistics: numBatchesST=1382 batchSizeST=200 stDevStdStateMeanST=0.0
95% c.i. = 0.0 +/- 0.0



REPORT for Queue : Persistence----------------------------------------

totArrivThrPut=0.1665131378952368 totDeptThrPut=0.1665131378952368
meanTotTkPop=0.044500516404901755 queueUtil=0.04182821077433326
meanST=0.2672492811522154



REPORT for Queue of Queueing Place : I/icon_login----------------------------------------

queueUtilQPl=0.021694870615858484

------------------ Color = login --------------------
arrivCnt=276551 deptCnt=276551
arrivThrPut=0.027682770261186804 deptThrPut=0.027682770261186804
meanTkPop=0.0221646247615625 tkColOcp=0.021694870615858484
-----
meanST=0.8006649823135247 stDevST=0.7954342918984046

Steady State Statistics: numBatchesST=691 batchSizeST=400 stDevStdStateMeanST=0.04115452062179587
95% c.i. = 0.8007049856544081 +/- 0.0030685034408616126



REPORT for Depository of Queueing Place : I/icon_login----------------------------------------

tkOcp=0.0

------------------ Color = login --------------------
arrivCnt=276551 deptCnt=276551
arrivThrPut=0.027682770261186804 deptThrPut=0.027682770261186804
meanTkPop=0.0 tkColOcp=0.0
-----
meanST=0.0 stDevST=0.0

Steady State Statistics: numBatchesST=1382 batchSizeST=200 stDevStdStateMeanST=0.0
95% c.i. = 0.0 +/- 0.0



REPORT for Queue : ImageProvider----------------------------------------

totArrivThrPut=0.16651323799529164 totDeptThrPut=0.16651323799529164
meanTotTkPop=0.0662107883911994 queueUtil=0.06014482850690182
meanST=0.3976307781191042



REPORT for Queue of Queueing Place : A/isLoggedIn_login----------------------------------------

queueUtilQPl=0.0034020815608658615

------------------ Color = login --------------------
arrivCnt=276551 deptCnt=276551
arrivThrPut=0.027682770261186804 deptThrPut=0.027682770261186804
meanTkPop=0.0034309337783446723 tkColOcp=0.0034020815608658615
-----
meanST=0.12393751586180966 stDevST=0.2523713422075356

Steady State Statistics: numBatchesST=345 batchSizeST=800 stDevStdStateMeanST=0.008781975246907747
95% c.i. = 0.12394557456622952 +/- 9.266820529894684E-4



REPORT for Depository of Queueing Place : A/isLoggedIn_login----------------------------------------

tkOcp=0.0

------------------ Color = login --------------------
arrivCnt=276551 deptCnt=276551
arrivThrPut=0.027682770261186804 deptThrPut=0.027682770261186804
meanTkPop=0.0 tkColOcp=0.0
-----
meanST=0.0 stDevST=0.0

Steady State Statistics: numBatchesST=1382 batchSizeST=200 stDevStdStateMeanST=0.0
95% c.i. = 0.0 +/- 0.0



REPORT for Queue : Auth----------------------------------------

totArrivThrPut=0.16651323799529164 totDeptThrPut=0.16651323799529164
meanTotTkPop=0.06111179999996375 queueUtil=0.055117737729659166
meanST=0.367008657904375



REPORT for Queue of Queueing Place : A/isLoggedIn_category----------------------------------------

queueUtilQPl=0.014148159369684284

------------------ Color = category --------------------
arrivCnt=277259 deptCnt=277259
arrivThrPut=0.02775364110000106 deptThrPut=0.02775364110000106
meanTkPop=0.014381896903178516 tkColOcp=0.014148159369684284
-----
meanST=0.5181985618160194 stDevST=0.540938315226575

Steady State Statistics: numBatchesST=693 batchSizeST=400 stDevStdStateMeanST=0.027828503706405296
95% c.i. = 0.5181468802803033 +/- 0.0020719121126979933



REPORT for Depository of Queueing Place : A/isLoggedIn_category----------------------------------------

tkOcp=0.0

------------------ Color = category --------------------
arrivCnt=277259 deptCnt=277259
arrivThrPut=0.02775364110000106 deptThrPut=0.02775364110000106
meanTkPop=0.0 tkColOcp=0.0
-----
meanST=0.0 stDevST=0.0

Steady State Statistics: numBatchesST=1386 batchSizeST=200 stDevStdStateMeanST=0.0
95% c.i. = 0.0 +/- 0.0



REPORT for Queue : Auth----------------------------------------

totArrivThrPut=0.16651323799529164 totDeptThrPut=0.16651323799529164
meanTotTkPop=0.06111179999996375 queueUtil=0.055117737729659166
meanST=0.367008657904375



REPORT for Queue of Queueing Place : I/icon_logout----------------------------------------

queueUtilQPl=0.015571199816133911

------------------ Color = logout --------------------
arrivCnt=277747 deptCnt=277747
arrivThrPut=0.027802489926754385 deptThrPut=0.027802489926754385
meanTkPop=0.015827849570150872 tkColOcp=0.015571199816133911
-----
meanST=0.5692961174286661 stDevST=0.5721841437229831

Steady State Statistics: numBatchesST=694 batchSizeST=400 stDevStdStateMeanST=0.02883792237744747
95% c.i. = 0.5692959509292054 +/- 0.0021455187996848074



REPORT for Depository of Queueing Place : I/icon_logout----------------------------------------

tkOcp=0.0

------------------ Color = logout --------------------
arrivCnt=277747 deptCnt=277747
arrivThrPut=0.027802489926754385 deptThrPut=0.027802489926754385
meanTkPop=0.0 tkColOcp=0.0
-----
meanST=0.0 stDevST=0.0

Steady State Statistics: numBatchesST=1388 batchSizeST=200 stDevStdStateMeanST=0.0
95% c.i. = 0.0 +/- 0.0



REPORT for Queue : ImageProvider----------------------------------------

totArrivThrPut=0.16651323799529164 totDeptThrPut=0.16651323799529164
meanTotTkPop=0.0662107883911994 queueUtil=0.06014482850690182
meanST=0.3976307781191042



REPORT for Queue of Queueing Place : I/icon_loginAction----------------------------------------

queueUtilQPl=0.005771631328512227

------------------ Color = loginAction --------------------
arrivCnt=276669 deptCnt=276669
arrivThrPut=0.02769458206765585 deptThrPut=0.02769458206765585
meanTkPop=0.005829351733774136 tkColOcp=0.005771631328512227
-----
meanST=0.21048708081362102 stDevST=0.29379823563734303

Steady State Statistics: numBatchesST=691 batchSizeST=400 stDevStdStateMeanST=0.015026331777794794
95% c.i. = 0.21050106895485118 +/- 0.0011203714699393689



REPORT for Depository of Queueing Place : I/icon_loginAction----------------------------------------

tkOcp=0.0

------------------ Color = loginAction --------------------
arrivCnt=276669 deptCnt=276669
arrivThrPut=0.02769458206765585 deptThrPut=0.02769458206765585
meanTkPop=0.0 tkColOcp=0.0
-----
meanST=0.0 stDevST=0.0

Steady State Statistics: numBatchesST=1383 batchSizeST=200 stDevStdStateMeanST=0.0
95% c.i. = 0.0 +/- 0.0



REPORT for Queue : ImageProvider----------------------------------------

totArrivThrPut=0.16651323799529164 totDeptThrPut=0.16651323799529164
meanTotTkPop=0.0662107883911994 queueUtil=0.06014482850690182
meanST=0.3976307781191042



REPORT for Queue of Queueing Place : A/isLoggedIn_product----------------------------------------

queueUtilQPl=0.0062165318029132974

------------------ Color = product --------------------
arrivCnt=277480 deptCnt=277480
arrivThrPut=0.027775763212116805 deptThrPut=0.027775763212116805
meanTkPop=0.006274377460738506 tkColOcp=0.0062165318029132974
-----
meanST=0.22589397140314735 stDevST=0.3079501048575273

Steady State Statistics: numBatchesST=346 batchSizeST=800 stDevStdStateMeanST=0.011277807699601981
95% c.i. = 0.22594671617804138 +/- 0.0011883236121180308



REPORT for Depository of Queueing Place : A/isLoggedIn_product----------------------------------------

tkOcp=0.0

------------------ Color = product --------------------
arrivCnt=277480 deptCnt=277480
arrivThrPut=0.027775763212116805 deptThrPut=0.027775763212116805
meanTkPop=0.0 tkColOcp=0.0
-----
meanST=0.0 stDevST=0.0

Steady State Statistics: numBatchesST=1387 batchSizeST=200 stDevStdStateMeanST=0.0
95% c.i. = 0.0 +/- 0.0



REPORT for Queue : Auth----------------------------------------

totArrivThrPut=0.16651323799529164 totDeptThrPut=0.16651323799529164
meanTotTkPop=0.06111179999996375 queueUtil=0.055117737729659166
meanST=0.367008657904375



REPORT for Queue of Queueing Place : P/category_logout----------------------------------------

queueUtilQPl=0.016071071726805778

------------------ Color = logout --------------------
arrivCnt=277747 deptCnt=277747
arrivThrPut=0.027802489926754385 deptThrPut=0.027802489926754385
meanTkPop=0.016342790074418734 tkColOcp=0.016071071726805778
-----
meanST=0.5878174982698956 stDevST=0.5868964637486315

Steady State Statistics: numBatchesST=694 batchSizeST=400 stDevStdStateMeanST=0.03075241890958711
95% c.i. = 0.5878375533424028 +/- 0.002287955839630836



REPORT for Depository of Queueing Place : P/category_logout----------------------------------------

tkOcp=0.0

------------------ Color = logout --------------------
arrivCnt=277747 deptCnt=277747
arrivThrPut=0.027802489926754385 deptThrPut=0.027802489926754385
meanTkPop=0.0 tkColOcp=0.0
-----
meanST=0.0 stDevST=0.0

Steady State Statistics: numBatchesST=1388 batchSizeST=200 stDevStdStateMeanST=0.0
95% c.i. = 0.0 +/- 0.0



REPORT for Queue : Persistence----------------------------------------

totArrivThrPut=0.1665131378952368 totDeptThrPut=0.1665131378952368
meanTotTkPop=0.044500516404901755 queueUtil=0.04182821077433326
meanST=0.2672492811522154



REPORT for Ordinary Place : Finish_index----------------------------------------

tkOcp=1.0

------------------ Color = index --------------------
arrivCnt=277762 deptCnt=0
arrivThrPut=0.02780399142757672 deptThrPut=0.0
meanTkPop=139484.74631936903 tkColOcp=1.0
-----
meanST=NaN stDevST=NaN

Steady State Statistics: Only 0 batches collected!
Need at least 60 for steady state statistics.



REPORT for Ordinary Place : Finish_login----------------------------------------

tkOcp=1.0

------------------ Color = login --------------------
arrivCnt=276551 deptCnt=0
arrivThrPut=0.027682770261186804 deptThrPut=0.0
meanTkPop=138699.7146791276 tkColOcp=1.0
-----
meanST=NaN stDevST=NaN

Steady State Statistics: Only 0 batches collected!
Need at least 60 for steady state statistics.



REPORT for Ordinary Place : Finish_loginAction----------------------------------------

tkOcp=0.9999999999999998

------------------ Color = loginAction --------------------
arrivCnt=276669 deptCnt=0
arrivThrPut=0.02769458206765585 deptThrPut=0.0
meanTkPop=138501.034431818 tkColOcp=0.9999999999999998
-----
meanST=NaN stDevST=NaN

Steady State Statistics: Only 0 batches collected!
Need at least 60 for steady state statistics.



REPORT for Ordinary Place : Finish_category----------------------------------------

tkOcp=1.0

------------------ Color = category --------------------
arrivCnt=277259 deptCnt=0
arrivThrPut=0.02775364110000106 deptThrPut=0.0
meanTkPop=138869.50390536987 tkColOcp=1.0
-----
meanST=NaN stDevST=NaN

Steady State Statistics: Only 0 batches collected!
Need at least 60 for steady state statistics.



REPORT for Ordinary Place : Finish_product----------------------------------------

tkOcp=1.0

------------------ Color = product --------------------
arrivCnt=277480 deptCnt=0
arrivThrPut=0.027775763212116805 deptThrPut=0.0
meanTkPop=138950.40205746435 tkColOcp=1.0
-----
meanST=NaN stDevST=NaN

Steady State Statistics: Only 0 batches collected!
Need at least 60 for steady state statistics.



REPORT for Ordinary Place : Finish_logout----------------------------------------

tkOcp=1.0

------------------ Color = logout --------------------
arrivCnt=277747 deptCnt=0
arrivThrPut=0.027802489926754385 deptThrPut=0.0
meanTkPop=139030.17056238046 tkColOcp=1.0
-----
meanST=NaN stDevST=NaN

Steady State Statistics: Only 0 batches collected!
Need at least 60 for steady state statistics.



REPORT REPORT for Probe : /index----------------------------------------


------------------ Color = index --------------------
-----
meanST=1.7144631543786744 stDevST=1.1128705984171743

Steady State Statistics: numBatchesST=694 batchSizeST=400 stDevStdStateMeanST=0.05687760860145626
95% c.i. = 1.7144366440575018 +/- 0.004231649455821169



REPORT REPORT for Probe : /login----------------------------------------


------------------ Color = login --------------------
-----
meanST=1.463448680915011 stDevST=0.9365184176087649

Steady State Statistics: numBatchesST=691 batchSizeST=400 stDevStdStateMeanST=0.048983154590127344
95% c.i. = 1.4634745176180233 +/- 0.003652210647412059



REPORT REPORT for Probe : /loginAction----------------------------------------


------------------ Color = loginAction --------------------
-----
meanST=0.6607810609327027 stDevST=0.4917733802732674

Steady State Statistics: numBatchesST=691 batchSizeST=400 stDevStdStateMeanST=0.02591261239499683
95% c.i. = 0.6607982632126365 +/- 0.0019320584736358252



REPORT REPORT for Probe : /logout----------------------------------------


------------------ Color = logout --------------------
-----
meanST=1.3852694817614541 stDevST=0.8661665789659135

Steady State Statistics: numBatchesST=694 batchSizeST=400 stDevStdStateMeanST=0.043688431758250955
95% c.i. = 1.385281972388813 +/- 0.003250385046440745



REPORT REPORT for Probe : /category----------------------------------------


------------------ Color = category --------------------
-----
meanST=1.0000710255244356 stDevST=0.6629219427906723

Steady State Statistics: numBatchesST=693 batchSizeST=400 stDevStdStateMeanST=0.03488726251705142
95% c.i. = 1.0000258261853692 +/- 0.002597457001301727



REPORT REPORT for Probe : /product----------------------------------------


------------------ Color = product --------------------
-----
meanST=3.628073056602262 stDevST=2.931156885693572

Steady State Statistics: numBatchesST=693 batchSizeST=400 stDevStdStateMeanST=0.17483217928124414
95% c.i. = 3.6283540193721753 +/- 0.01301675842021002



