INFO Logging to /home/yjx/workloadConfig/qpme/output/SimQPN_Output_config_2025-08-14_062405508.log
WARN Batch means correlation test was run for depository of place Workload, color 0
    However, the standard deviation of the token residence time is 0 and therefore the result of the test is ignored!
    In future runs, you should set numBMeansCorlTested to 0 to switch off the correlation test!
WARN Batch means correlation test was run for depository of place W/category, color 0
    However, the standard deviation of the token residence time is 0 and therefore the result of the test is ignored!
    In future runs, you should set numBMeansCorlTested to 0 to switch off the correlation test!
WARN Batch means correlation test was run for depository of place P/category_category, color 0
    However, the standard deviation of the token residence time is 0 and therefore the result of the test is ignored!
    In future runs, you should set numBMeansCorlTested to 0 to switch off the correlation test!
WARN Batch means correlation test was run for depository of place I/productImages_category, color 0
    However, the standard deviation of the token residence time is 0 and therefore the result of the test is ignored!
    In future runs, you should set numBMeansCorlTested to 0 to switch off the correlation test!
WARN Batch means correlation test was run for depository of place A/isLoggedIn_category, color 0
    However, the standard deviation of the token residence time is 0 and therefore the result of the test is ignored!
    In future runs, you should set numBMeansCorlTested to 0 to switch off the correlation test!
WARN Batch means correlation test was run for depository of place W/index, color 0
    However, the standard deviation of the token residence time is 0 and therefore the result of the test is ignored!
    In future runs, you should set numBMeansCorlTested to 0 to switch off the correlation test!
WARN Batch means correlation test was run for depository of place P/categories_index, color 0
    However, the standard deviation of the token residence time is 0 and therefore the result of the test is ignored!
    In future runs, you should set numBMeansCorlTested to 0 to switch off the correlation test!
WARN Batch means correlation test was run for depository of place A/isLoggedIn_index, color 0
    However, the standard deviation of the token residence time is 0 and therefore the result of the test is ignored!
    In future runs, you should set numBMeansCorlTested to 0 to switch off the correlation test!
WARN Batch means correlation test was run for depository of place I/icon_index, color 0
    However, the standard deviation of the token residence time is 0 and therefore the result of the test is ignored!
    In future runs, you should set numBMeansCorlTested to 0 to switch off the correlation test!
WARN Batch means correlation test was run for depository of place W/login, color 0
    However, the standard deviation of the token residence time is 0 and therefore the result of the test is ignored!
    In future runs, you should set numBMeansCorlTested to 0 to switch off the correlation test!
WARN Batch means correlation test was run for depository of place P/categories_login, color 0
    However, the standard deviation of the token residence time is 0 and therefore the result of the test is ignored!
    In future runs, you should set numBMeansCorlTested to 0 to switch off the correlation test!
WARN Batch means correlation test was run for depository of place I/icon_login, color 0
    However, the standard deviation of the token residence time is 0 and therefore the result of the test is ignored!
    In future runs, you should set numBMeansCorlTested to 0 to switch off the correlation test!
WARN Batch means correlation test was run for depository of place A/isLoggedIn_login, color 0
    However, the standard deviation of the token residence time is 0 and therefore the result of the test is ignored!
    In future runs, you should set numBMeansCorlTested to 0 to switch off the correlation test!
WARN Batch means correlation test was run for depository of place W/loginAction, color 0
    However, the standard deviation of the token residence time is 0 and therefore the result of the test is ignored!
    In future runs, you should set numBMeansCorlTested to 0 to switch off the correlation test!
WARN Batch means correlation test was run for depository of place A/login_loginAction, color 0
    However, the standard deviation of the token residence time is 0 and therefore the result of the test is ignored!
    In future runs, you should set numBMeansCorlTested to 0 to switch off the correlation test!
WARN Batch means correlation test was run for depository of place P/getUser_loginAction, color 0
    However, the standard deviation of the token residence time is 0 and therefore the result of the test is ignored!
    In future runs, you should set numBMeansCorlTested to 0 to switch off the correlation test!
WARN Batch means correlation test was run for depository of place I/icon_loginAction, color 0
    However, the standard deviation of the token residence time is 0 and therefore the result of the test is ignored!
    In future runs, you should set numBMeansCorlTested to 0 to switch off the correlation test!
WARN Batch means correlation test was run for depository of place W/logout, color 0
    However, the standard deviation of the token residence time is 0 and therefore the result of the test is ignored!
    In future runs, you should set numBMeansCorlTested to 0 to switch off the correlation test!
WARN Batch means correlation test was run for depository of place A/logout_logout, color 0
    However, the standard deviation of the token residence time is 0 and therefore the result of the test is ignored!
    In future runs, you should set numBMeansCorlTested to 0 to switch off the correlation test!
WARN Batch means correlation test was run for depository of place P/category_logout, color 0
    However, the standard deviation of the token residence time is 0 and therefore the result of the test is ignored!
    In future runs, you should set numBMeansCorlTested to 0 to switch off the correlation test!
WARN Batch means correlation test was run for depository of place I/icon_logout, color 0
    However, the standard deviation of the token residence time is 0 and therefore the result of the test is ignored!
    In future runs, you should set numBMeansCorlTested to 0 to switch off the correlation test!
WARN Batch means correlation test was run for depository of place W/product, color 0
    However, the standard deviation of the token residence time is 0 and therefore the result of the test is ignored!
    In future runs, you should set numBMeansCorlTested to 0 to switch off the correlation test!
WARN Batch means correlation test was run for depository of place P/getProduct_product, color 0
    However, the standard deviation of the token residence time is 0 and therefore the result of the test is ignored!
    In future runs, you should set numBMeansCorlTested to 0 to switch off the correlation test!
WARN Batch means correlation test was run for depository of place R/getAds_product, color 0
    However, the standard deviation of the token residence time is 0 and therefore the result of the test is ignored!
    In future runs, you should set numBMeansCorlTested to 0 to switch off the correlation test!
WARN Batch means correlation test was run for depository of place I/product_product, color 0
    However, the standard deviation of the token residence time is 0 and therefore the result of the test is ignored!
    In future runs, you should set numBMeansCorlTested to 0 to switch off the correlation test!
WARN Batch means correlation test was run for depository of place A/isLoggedIn_product, color 0
    However, the standard deviation of the token residence time is 0 and therefore the result of the test is ignored!
    In future runs, you should set numBMeansCorlTested to 0 to switch off the correlation test!
WARN LP-1 The simulation was stopped because of reaching max totalRunLen.
The required precision may not have been reached!
REPORT for Queue of Queueing Place : W/index----------------------------------------

queueUtilQPl=0.03528283286246081

------------------ Color = index --------------------
arrivCnt=277703 deptCnt=277703
arrivThrPut=0.0277980633875806 deptThrPut=0.0277980633875806
meanTkPop=0.03657455972063168 tkColOcp=0.03528283286246081
-----
meanST=1.3157233009610365 stDevST=1.3132595706084023

Steady State Statistics: numBatchesST=694 batchSizeST=400 stDevStdStateMeanST=0.07433339435086081
95% c.i. = 1.3157457679401827 +/- 0.005530346220394837



REPORT for Depository of Queueing Place : W/index----------------------------------------

tkOcp=0.0

------------------ Color = index --------------------
arrivCnt=277703 deptCnt=277703
arrivThrPut=0.0277980633875806 deptThrPut=0.0277980633875806
meanTkPop=0.0 tkColOcp=0.0
-----
meanST=0.0 stDevST=0.0

Steady State Statistics: numBatchesST=1388 batchSizeST=200 stDevStdStateMeanST=0.0
95% c.i. = 0.0 +/- 0.0



REPORT for Queue : WebUI----------------------------------------

totArrivThrPut=0.16652521749092314 totDeptThrPut=0.16652521749092314
meanTotTkPop=0.06695026055234427 queueUtil=0.05810313272478357
meanST=0.4020427750289145



REPORT for Queue of Queueing Place : P/categories_index----------------------------------------

queueUtilQPl=0.018658858343700107

------------------ Color = index --------------------
arrivCnt=277703 deptCnt=277703
arrivThrPut=0.0277980633875806 deptThrPut=0.0277980633875806
meanTkPop=0.01923951502899644 tkColOcp=0.018658858343700107
-----
meanST=0.6921171004161434 stDevST=1.0987760391809738

Steady State Statistics: numBatchesST=694 batchSizeST=400 stDevStdStateMeanST=0.06074961702763078
95% c.i. = 0.6921474244015596 +/- 0.004519723844889926



REPORT for Depository of Queueing Place : P/categories_index----------------------------------------

tkOcp=0.0

------------------ Color = index --------------------
arrivCnt=277703 deptCnt=277703
arrivThrPut=0.0277980633875806 deptThrPut=0.0277980633875806
meanTkPop=0.0 tkColOcp=0.0
-----
meanST=0.0 stDevST=0.0

Steady State Statistics: numBatchesST=1388 batchSizeST=200 stDevStdStateMeanST=0.0
95% c.i. = 0.0 +/- 0.0



REPORT for Queue : Persistence----------------------------------------

totArrivThrPut=0.16652521749092314 totDeptThrPut=0.16652521749092314
meanTotTkPop=0.1646459798995648 queueUtil=0.12282681209081675
meanST=0.9887149969255513



REPORT for Queue of Queueing Place : A/isLoggedIn_index----------------------------------------

queueUtilQPl=0.0033344233603493667

------------------ Color = index --------------------
arrivCnt=277703 deptCnt=277703
arrivThrPut=0.0277980633875806 deptThrPut=0.0277980633875806
meanTkPop=0.003352314911883702 tkColOcp=0.0033344233603493667
-----
meanST=0.12059526827978322 stDevST=0.1652699727093634

Steady State Statistics: numBatchesST=694 batchSizeST=400 stDevStdStateMeanST=0.008518050952947531
95% c.i. = 0.1205860127916178 +/- 6.337363079427099E-4



REPORT for Depository of Queueing Place : A/isLoggedIn_index----------------------------------------

tkOcp=0.0

------------------ Color = index --------------------
arrivCnt=277703 deptCnt=277703
arrivThrPut=0.0277980633875806 deptThrPut=0.0277980633875806
meanTkPop=0.0 tkColOcp=0.0
-----
meanST=0.0 stDevST=0.0

Steady State Statistics: numBatchesST=1388 batchSizeST=200 stDevStdStateMeanST=0.0
95% c.i. = 0.0 +/- 0.0



REPORT for Queue : Auth----------------------------------------

totArrivThrPut=0.16652521749092314 totDeptThrPut=0.16652521749092314
meanTotTkPop=0.0524358978579596 queueUtil=0.04886593344996509
meanST=0.31488262647558324



REPORT for Queue of Queueing Place : W/login----------------------------------------

queueUtilQPl=0.003912626897091763

------------------ Color = login --------------------
arrivCnt=277158 deptCnt=277158
arrivThrPut=0.027743508901146418 deptThrPut=0.027743508901146418
meanTkPop=0.003961773471675619 tkColOcp=0.003912626897091763
-----
meanST=0.14280001443912202 stDevST=0.3593673495111751

Steady State Statistics: numBatchesST=692 batchSizeST=400 stDevStdStateMeanST=0.018020638390571858
95% c.i. = 0.142760924630381 +/- 0.001342657418644627



REPORT for Depository of Queueing Place : W/login----------------------------------------

tkOcp=0.0

------------------ Color = login --------------------
arrivCnt=277158 deptCnt=277158
arrivThrPut=0.027743508901146418 deptThrPut=0.027743508901146418
meanTkPop=0.0 tkColOcp=0.0
-----
meanST=0.0 stDevST=0.0

Steady State Statistics: numBatchesST=1385 batchSizeST=200 stDevStdStateMeanST=0.0
95% c.i. = 0.0 +/- 0.0



REPORT for Queue : WebUI----------------------------------------

totArrivThrPut=0.16652521749092314 totDeptThrPut=0.16652521749092314
meanTotTkPop=0.06695026055234427 queueUtil=0.05810313272478357
meanST=0.4020427750289145



REPORT for Queue of Queueing Place : W/loginAction----------------------------------------

queueUtilQPl=0.012367672997692647

------------------ Color = loginAction --------------------
arrivCnt=277420 deptCnt=277420
arrivThrPut=0.02776973509462487 deptThrPut=0.02776973509462487
meanTkPop=0.01255138555283816 tkColOcp=0.012367672997692647
-----
meanST=0.45198074486737244 stDevST=0.5330373729238309

Steady State Statistics: numBatchesST=693 batchSizeST=400 stDevStdStateMeanST=0.02805840060647522
95% c.i. = 0.45197263330032544 +/- 0.0020890285979015067



REPORT for Depository of Queueing Place : W/loginAction----------------------------------------

tkOcp=0.0

------------------ Color = loginAction --------------------
arrivCnt=277420 deptCnt=277420
arrivThrPut=0.02776973509462487 deptThrPut=0.02776973509462487
meanTkPop=0.0 tkColOcp=0.0
-----
meanST=0.0 stDevST=0.0

Steady State Statistics: numBatchesST=1387 batchSizeST=200 stDevStdStateMeanST=0.0
95% c.i. = 0.0 +/- 0.0



REPORT for Queue : WebUI----------------------------------------

totArrivThrPut=0.16652521749092314 totDeptThrPut=0.16652521749092314
meanTotTkPop=0.06695026055234427 queueUtil=0.05810313272478357
meanST=0.4020427750289145



REPORT for Queue of Queueing Place : A/login_loginAction----------------------------------------

queueUtilQPl=0.006034475124557371

------------------ Color = loginAction --------------------
arrivCnt=277420 deptCnt=277420
arrivThrPut=0.02776973509462487 deptThrPut=0.02776973509462487
meanTkPop=0.006076372492853471 tkColOcp=0.006034475124557371
-----
meanST=0.2188127640450419 stDevST=0.2389273362141515

Steady State Statistics: numBatchesST=693 batchSizeST=400 stDevStdStateMeanST=0.011933432987845992
95% c.i. = 0.21882230974399347 +/- 8.884783966267273E-4



REPORT for Depository of Queueing Place : A/login_loginAction----------------------------------------

tkOcp=0.0

------------------ Color = loginAction --------------------
arrivCnt=277420 deptCnt=277420
arrivThrPut=0.02776973509462487 deptThrPut=0.02776973509462487
meanTkPop=0.0 tkColOcp=0.0
-----
meanST=0.0 stDevST=0.0

Steady State Statistics: numBatchesST=1387 batchSizeST=200 stDevStdStateMeanST=0.0
95% c.i. = 0.0 +/- 0.0



REPORT for Queue : Auth----------------------------------------

totArrivThrPut=0.16652521749092314 totDeptThrPut=0.16652521749092314
meanTotTkPop=0.0524358978579596 queueUtil=0.04886593344996509
meanST=0.31488262647558324



REPORT for Queue of Queueing Place : W/logout----------------------------------------

queueUtilQPl=0.004052074601241465

------------------ Color = logout --------------------
arrivCnt=277793 deptCnt=277793
arrivThrPut=0.027807072385340373 deptThrPut=0.027807072385340373
meanTkPop=0.0041148551701952665 tkColOcp=0.004052074601241465
-----
meanST=0.14797872689268 stDevST=0.36664917283212395

Steady State Statistics: numBatchesST=694 batchSizeST=400 stDevStdStateMeanST=0.01935042601733335
95% c.i. = 0.14795166035641102 +/- 0.0014396565140409217



REPORT for Depository of Queueing Place : W/logout----------------------------------------

tkOcp=0.0

------------------ Color = logout --------------------
arrivCnt=277793 deptCnt=277793
arrivThrPut=0.027807072385340373 deptThrPut=0.027807072385340373
meanTkPop=0.0 tkColOcp=0.0
-----
meanST=0.0 stDevST=0.0

Steady State Statistics: numBatchesST=1388 batchSizeST=200 stDevStdStateMeanST=0.0
95% c.i. = 0.0 +/- 0.0



REPORT for Queue : WebUI----------------------------------------

totArrivThrPut=0.16652521749092314 totDeptThrPut=0.16652521749092314
meanTotTkPop=0.06695026055234427 queueUtil=0.05810313272478357
meanST=0.4020427750289145



REPORT for Queue of Queueing Place : A/logout_logout----------------------------------------

queueUtilQPl=0.01149747990151052

------------------ Color = logout --------------------
arrivCnt=277793 deptCnt=277793
arrivThrPut=0.027807072385340373 deptThrPut=0.027807072385340373
meanTkPop=0.011644944377413976 tkColOcp=0.01149747990151052
-----
meanST=0.4187763535852512 stDevST=0.421917055373071

Steady State Statistics: numBatchesST=694 batchSizeST=400 stDevStdStateMeanST=0.021409692058680062
95% c.i. = 0.41879811244992654 +/- 0.0015928642918910038



REPORT for Depository of Queueing Place : A/logout_logout----------------------------------------

tkOcp=0.0

------------------ Color = logout --------------------
arrivCnt=277793 deptCnt=277793
arrivThrPut=0.027807072385340373 deptThrPut=0.027807072385340373
meanTkPop=0.0 tkColOcp=0.0
-----
meanST=0.0 stDevST=0.0

Steady State Statistics: numBatchesST=1388 batchSizeST=200 stDevStdStateMeanST=0.0
95% c.i. = 0.0 +/- 0.0



REPORT for Queue : Auth----------------------------------------

totArrivThrPut=0.16652521749092314 totDeptThrPut=0.16652521749092314
meanTotTkPop=0.0524358978579596 queueUtil=0.04886593344996509
meanST=0.31488262647558324



REPORT for Queue of Queueing Place : P/getUser_loginAction----------------------------------------

queueUtilQPl=0.00976966535688789

------------------ Color = loginAction --------------------
arrivCnt=277420 deptCnt=277420
arrivThrPut=0.02776973509462487 deptThrPut=0.02776973509462487
meanTkPop=0.010317324995944123 tkColOcp=0.00976966535688789
-----
meanST=0.3715312717527922 stDevST=1.1653891425070884

Steady State Statistics: numBatchesST=693 batchSizeST=400 stDevStdStateMeanST=0.06598070859426798
95% c.i. = 0.3715099729594093 +/- 0.004912453460780023



REPORT for Depository of Queueing Place : P/getUser_loginAction----------------------------------------

tkOcp=0.0

------------------ Color = loginAction --------------------
arrivCnt=277420 deptCnt=277420
arrivThrPut=0.02776973509462487 deptThrPut=0.02776973509462487
meanTkPop=0.0 tkColOcp=0.0
-----
meanST=0.0 stDevST=0.0

Steady State Statistics: numBatchesST=1387 batchSizeST=200 stDevStdStateMeanST=0.0
95% c.i. = 0.0 +/- 0.0



REPORT for Queue : Persistence----------------------------------------

totArrivThrPut=0.16652521749092314 totDeptThrPut=0.16652521749092314
meanTotTkPop=0.1646459798995648 queueUtil=0.12282681209081675
meanST=0.9887149969255513



REPORT for Queue of Queueing Place : W/category----------------------------------------

queueUtilQPl=0.004329878158583584

------------------ Color = category --------------------
arrivCnt=276780 deptCnt=276780
arrivThrPut=0.02770567111055537 deptThrPut=0.02770567111055537
meanTkPop=0.004390742926683799 tkColOcp=0.004329878158583584
-----
meanST=0.15847812923076976 stDevST=0.36934116123137095

Steady State Statistics: numBatchesST=691 batchSizeST=400 stDevStdStateMeanST=0.019315177150819915
95% c.i. = 0.1584672194015244 +/- 0.001440150113588085



REPORT for Depository of Queueing Place : W/category----------------------------------------

tkOcp=0.0

------------------ Color = category --------------------
arrivCnt=276780 deptCnt=276780
arrivThrPut=0.02770567111055537 deptThrPut=0.02770567111055537
meanTkPop=0.0 tkColOcp=0.0
-----
meanST=0.0 stDevST=0.0

Steady State Statistics: numBatchesST=1383 batchSizeST=200 stDevStdStateMeanST=0.0
95% c.i. = 0.0 +/- 0.0



REPORT for Queue : WebUI----------------------------------------

totArrivThrPut=0.16652521749092314 totDeptThrPut=0.16652521749092314
meanTotTkPop=0.06695026055234427 queueUtil=0.05810313272478357
meanST=0.4020427750289145



REPORT for Queue of Queueing Place : W/product----------------------------------------

queueUtilQPl=0.005287992756825656

------------------ Color = product --------------------
arrivCnt=276735 deptCnt=276735
arrivThrPut=0.027701166611675487 deptThrPut=0.027701166611675487
meanTkPop=0.005356943710319738 tkColOcp=0.005287992756825656
-----
meanST=0.19338332516515364 stDevST=0.38919269852730143

Steady State Statistics: numBatchesST=691 batchSizeST=400 stDevStdStateMeanST=0.020548510640976812
95% c.i. = 0.19340352813390063 +/- 0.001532108129404991



REPORT for Depository of Queueing Place : W/product----------------------------------------

tkOcp=0.0

------------------ Color = product --------------------
arrivCnt=276735 deptCnt=276735
arrivThrPut=0.027701166611675487 deptThrPut=0.027701166611675487
meanTkPop=0.0 tkColOcp=0.0
-----
meanST=0.0 stDevST=0.0

Steady State Statistics: numBatchesST=1383 batchSizeST=200 stDevStdStateMeanST=0.0
95% c.i. = 0.0 +/- 0.0



REPORT for Queue : WebUI----------------------------------------

totArrivThrPut=0.16652521749092314 totDeptThrPut=0.16652521749092314
meanTotTkPop=0.06695026055234427 queueUtil=0.05810313272478357
meanST=0.4020427750289145



REPORT for Queue of Queueing Place : P/category_category----------------------------------------

queueUtilQPl=0.009643212897493784

------------------ Color = category --------------------
arrivCnt=276780 deptCnt=276780
arrivThrPut=0.02770567111055537 deptThrPut=0.02770567111055537
meanTkPop=0.010175348572618068 tkColOcp=0.009643212897493784
-----
meanST=0.3672659121670379 stDevST=1.153448486740676

Steady State Statistics: numBatchesST=691 batchSizeST=400 stDevStdStateMeanST=0.06830899838150015
95% c.i. = 0.36724489974634905 +/- 0.005093156071521186



REPORT for Depository of Queueing Place : P/category_category----------------------------------------

tkOcp=0.0

------------------ Color = category --------------------
arrivCnt=276780 deptCnt=276780
arrivThrPut=0.02770567111055537 deptThrPut=0.02770567111055537
meanTkPop=0.0 tkColOcp=0.0
-----
meanST=0.0 stDevST=0.0

Steady State Statistics: numBatchesST=1383 batchSizeST=200 stDevStdStateMeanST=0.0
95% c.i. = 0.0 +/- 0.0



REPORT for Queue : Persistence----------------------------------------

totArrivThrPut=0.16652521749092314 totDeptThrPut=0.16652521749092314
meanTotTkPop=0.1646459798995648 queueUtil=0.12282681209081675
meanST=0.9887149969255513



REPORT for Queue of Queueing Place : P/getProduct_product----------------------------------------

queueUtilQPl=0.0176670667365473

------------------ Color = product --------------------
arrivCnt=276735 deptCnt=276735
arrivThrPut=0.027701166611675487 deptThrPut=0.027701166611675487
meanTkPop=0.018368867974433444 tkColOcp=0.0176670667365473
-----
meanST=0.6631081005336192 stDevST=1.2144049359658633

Steady State Statistics: numBatchesST=345 batchSizeST=800 stDevStdStateMeanST=0.050765424194767865
95% c.i. = 0.6630584807027822 +/- 0.005356813950284515



REPORT for Depository of Queueing Place : P/getProduct_product----------------------------------------

tkOcp=0.0

------------------ Color = product --------------------
arrivCnt=276735 deptCnt=276735
arrivThrPut=0.027701166611675487 deptThrPut=0.027701166611675487
meanTkPop=0.0 tkColOcp=0.0
-----
meanST=0.0 stDevST=0.0

Steady State Statistics: numBatchesST=1383 batchSizeST=200 stDevStdStateMeanST=0.0
95% c.i. = 0.0 +/- 0.0



REPORT for Queue : Persistence----------------------------------------

totArrivThrPut=0.16652521749092314 totDeptThrPut=0.16652521749092314
meanTotTkPop=0.1646459798995648 queueUtil=0.12282681209081675
meanST=0.9887149969255513



REPORT for Queue of Queueing Place : R/getAds_product----------------------------------------

queueUtilQPl=0.015359640311346633

------------------ Color = product --------------------
arrivCnt=276735 deptCnt=276735
arrivThrPut=0.027701166611675487 deptThrPut=0.027701166611675487
meanTkPop=0.01564529624428407 tkColOcp=0.015359640311346633
-----
meanST=0.5647883521876618 stDevST=0.5674093004161971

Steady State Statistics: numBatchesST=691 batchSizeST=400 stDevStdStateMeanST=0.029989261596251815
95% c.i. = 0.564784577693895 +/- 0.002236015655307179



REPORT for Depository of Queueing Place : R/getAds_product----------------------------------------

tkOcp=0.0

------------------ Color = product --------------------
arrivCnt=276735 deptCnt=276735
arrivThrPut=0.027701166611675487 deptThrPut=0.027701166611675487
meanTkPop=0.0 tkColOcp=0.0
-----
meanST=0.0 stDevST=0.0

Steady State Statistics: numBatchesST=1383 batchSizeST=200 stDevStdStateMeanST=0.0
95% c.i. = 0.0 +/- 0.0



REPORT for Queue : Recommender----------------------------------------

totArrivThrPut=0.027701166611675487 totDeptThrPut=0.027701166611675487
meanTotTkPop=0.01564529624428407 queueUtil=0.015359640311346633
meanST=0.5647883521876618



REPORT for Queue of Queueing Place : I/productImages_category----------------------------------------

queueUtilQPl=0.005116016251577947

------------------ Color = category --------------------
arrivCnt=276780 deptCnt=276780
arrivThrPut=0.02770567111055537 deptThrPut=0.02770567111055537
meanTkPop=0.005236490649404789 tkColOcp=0.005116016251577947
-----
meanST=0.189004288274027 stDevST=0.3242950371110494

Steady State Statistics: numBatchesST=691 batchSizeST=400 stDevStdStateMeanST=0.017361105800802728
95% c.i. = 0.18896176068621673 +/- 0.0012944534909419387



REPORT for Depository of Queueing Place : I/productImages_category----------------------------------------

tkOcp=0.0

------------------ Color = category --------------------
arrivCnt=276780 deptCnt=276780
arrivThrPut=0.02770567111055537 deptThrPut=0.02770567111055537
meanTkPop=0.0 tkColOcp=0.0
-----
meanST=0.0 stDevST=0.0

Steady State Statistics: numBatchesST=1383 batchSizeST=200 stDevStdStateMeanST=0.0
95% c.i. = 0.0 +/- 0.0



REPORT for Queue : ImageProvider----------------------------------------

totArrivThrPut=0.16652521749092314 totDeptThrPut=0.16652521749092314
meanTotTkPop=0.06423043610069964 queueUtil=0.0559769398891017
meanST=0.3857099667454311



REPORT for Queue of Queueing Place : I/product_product----------------------------------------

queueUtilQPl=0.011892013014491535

------------------ Color = product --------------------
arrivCnt=276735 deptCnt=276735
arrivThrPut=0.027701166611675487 deptThrPut=0.027701166611675487
meanTkPop=0.01207701956226403 tkColOcp=0.011892013014491535
-----
meanST=0.4359751244979628 stDevST=0.46061769000736447

Steady State Statistics: numBatchesST=691 batchSizeST=400 stDevStdStateMeanST=0.023088045351302752
95% c.i. = 0.43592940211666764 +/- 0.0017214572186201287



REPORT for Depository of Queueing Place : I/product_product----------------------------------------

tkOcp=0.0

------------------ Color = product --------------------
arrivCnt=276735 deptCnt=276735
arrivThrPut=0.027701166611675487 deptThrPut=0.027701166611675487
meanTkPop=0.0 tkColOcp=0.0
-----
meanST=0.0 stDevST=0.0

Steady State Statistics: numBatchesST=1383 batchSizeST=200 stDevStdStateMeanST=0.0
95% c.i. = 0.0 +/- 0.0



REPORT for Queue : ImageProvider----------------------------------------

totArrivThrPut=0.16652521749092314 totDeptThrPut=0.16652521749092314
meanTotTkPop=0.06423043610069964 queueUtil=0.0559769398891017
meanST=0.3857099667454311



REPORT for Queue of Queueing Place : Workload----------------------------------------

queueUtilQPl=0.9999999999999998

------------------ Color = workload --------------------
arrivCnt=1663589 deptCnt=1663589
arrivThrPut=0.1665252174909231 deptThrPut=0.1665252174909231
meanTkPop=0.9999999999999998 tkColOcp=0.9999999999999998
-----
meanST=6.00509649569746 stDevST=6.000875104891608

Steady State Statistics: numBatchesST=4158 batchSizeST=400 stDevStdStateMeanST=0.30226337004011455
95% c.i. = 6.005094071962835 +/- 0.00918737342142437



REPORT for Depository of Queueing Place : Workload----------------------------------------

tkOcp=0.0

------------------ Color = workload --------------------
arrivCnt=1663589 deptCnt=1663589
arrivThrPut=0.1665252174909231 deptThrPut=0.1665252174909231
meanTkPop=0.0 tkColOcp=0.0
-----
meanST=0.0 stDevST=0.0

Steady State Statistics: numBatchesST=8317 batchSizeST=200 stDevStdStateMeanST=0.0
95% c.i. = 0.0 +/- 0.0



REPORT for Queue : Workload----------------------------------------

totArrivThrPut=0.1665252174909231 totDeptThrPut=0.1665252174909231
meanTotTkPop=0.9999999999999998 queueUtil=0.9999999999999998
meanST=6.00509649569746



REPORT for Queue of Queueing Place : I/icon_index----------------------------------------

queueUtilQPl=0.003709634363793587

------------------ Color = index --------------------
arrivCnt=277703 deptCnt=277703
arrivThrPut=0.0277980633875806 deptThrPut=0.0277980633875806
meanTkPop=0.003750056256625226 tkColOcp=0.003709634363793587
-----
meanST=0.13490350764149442 stDevST=0.24658719909505042

Steady State Statistics: numBatchesST=694 batchSizeST=400 stDevStdStateMeanST=0.012324340314892766
95% c.i. = 0.13490457822188529 +/- 9.169212501936234E-4



REPORT for Depository of Queueing Place : I/icon_index----------------------------------------

tkOcp=0.0

------------------ Color = index --------------------
arrivCnt=277703 deptCnt=277703
arrivThrPut=0.0277980633875806 deptThrPut=0.0277980633875806
meanTkPop=0.0 tkColOcp=0.0
-----
meanST=0.0 stDevST=0.0

Steady State Statistics: numBatchesST=1388 batchSizeST=200 stDevStdStateMeanST=0.0
95% c.i. = 0.0 +/- 0.0



REPORT for Queue : ImageProvider----------------------------------------

totArrivThrPut=0.16652521749092314 totDeptThrPut=0.16652521749092314
meanTotTkPop=0.06423043610069964 queueUtil=0.0559769398891017
meanST=0.3857099667454311



REPORT for Queue of Queueing Place : P/categories_login----------------------------------------

queueUtilQPl=0.07560646962741296

------------------ Color = login --------------------
arrivCnt=277158 deptCnt=277158
arrivThrPut=0.027743508901146418 deptThrPut=0.027743508901146418
meanTkPop=0.0816974940697838 tkColOcp=0.07560646962741296
-----
meanST=2.9447426553318166 stDevST=2.9107793672657185

Steady State Statistics: numBatchesST=692 batchSizeST=400 stDevStdStateMeanST=0.17342298633265024
95% c.i. = 2.944870896697299 +/- 0.01292116594964034



REPORT for Depository of Queueing Place : P/categories_login----------------------------------------

tkOcp=0.0

------------------ Color = login --------------------
arrivCnt=277158 deptCnt=277158
arrivThrPut=0.027743508901146418 deptThrPut=0.027743508901146418
meanTkPop=0.0 tkColOcp=0.0
-----
meanST=0.0 stDevST=0.0

Steady State Statistics: numBatchesST=1385 batchSizeST=200 stDevStdStateMeanST=0.0
95% c.i. = 0.0 +/- 0.0



REPORT for Queue : Persistence----------------------------------------

totArrivThrPut=0.16652521749092314 totDeptThrPut=0.16652521749092314
meanTotTkPop=0.1646459798995648 queueUtil=0.12282681209081675
meanST=0.9887149969255513



REPORT for Queue of Queueing Place : I/icon_login----------------------------------------

queueUtilQPl=0.01432301965558256

------------------ Color = login --------------------
arrivCnt=277158 deptCnt=277158
arrivThrPut=0.027743508901146418 deptThrPut=0.027743508901146418
meanTkPop=0.014509277809989174 tkColOcp=0.01432301965558256
-----
meanST=0.5229791898958254 stDevST=0.5272960554028577

Steady State Statistics: numBatchesST=692 batchSizeST=400 stDevStdStateMeanST=0.027537843545265724
95% c.i. = 0.5229889337575522 +/- 0.0020517525033336387



REPORT for Depository of Queueing Place : I/icon_login----------------------------------------

tkOcp=0.0

------------------ Color = login --------------------
arrivCnt=277158 deptCnt=277158
arrivThrPut=0.027743508901146418 deptThrPut=0.027743508901146418
meanTkPop=0.0 tkColOcp=0.0
-----
meanST=0.0 stDevST=0.0

Steady State Statistics: numBatchesST=1385 batchSizeST=200 stDevStdStateMeanST=0.0
95% c.i. = 0.0 +/- 0.0



REPORT for Queue : ImageProvider----------------------------------------

totArrivThrPut=0.16652521749092314 totDeptThrPut=0.16652521749092314
meanTotTkPop=0.06423043610069964 queueUtil=0.0559769398891017
meanST=0.3857099667454311



REPORT for Queue of Queueing Place : A/isLoggedIn_login----------------------------------------

queueUtilQPl=0.005610201101502602

------------------ Color = login --------------------
arrivCnt=277158 deptCnt=277158
arrivThrPut=0.027743508901146418 deptThrPut=0.027743508901146418
meanTkPop=0.005637402945752432 tkColOcp=0.005610201101502602
-----
meanST=0.2031971862621704 stDevST=0.21594717692609008

Steady State Statistics: numBatchesST=692 batchSizeST=400 stDevStdStateMeanST=0.010693994054420636
95% c.i. = 0.20320115298048627 +/- 7.967736847558904E-4



REPORT for Depository of Queueing Place : A/isLoggedIn_login----------------------------------------

tkOcp=0.0

------------------ Color = login --------------------
arrivCnt=277158 deptCnt=277158
arrivThrPut=0.027743508901146418 deptThrPut=0.027743508901146418
meanTkPop=0.0 tkColOcp=0.0
-----
meanST=0.0 stDevST=0.0

Steady State Statistics: numBatchesST=1385 batchSizeST=200 stDevStdStateMeanST=0.0
95% c.i. = 0.0 +/- 0.0



REPORT for Queue : Auth----------------------------------------

totArrivThrPut=0.16652521749092314 totDeptThrPut=0.16652521749092314
meanTotTkPop=0.0524358978579596 queueUtil=0.04886593344996509
meanST=0.31488262647558324



REPORT for Queue of Queueing Place : A/isLoggedIn_category----------------------------------------

queueUtilQPl=0.009169903505768521

------------------ Color = category --------------------
arrivCnt=276780 deptCnt=276780
arrivThrPut=0.02770567111055537 deptThrPut=0.02770567111055537
meanTkPop=0.00932394671536371 tkColOcp=0.009169903505768521
-----
meanST=0.33653567452518596 stDevST=0.3465328703315047

Steady State Statistics: numBatchesST=345 batchSizeST=800 stDevStdStateMeanST=0.012637304150284561
95% c.i. = 0.3365898206608791 +/- 0.0013334998818587591



REPORT for Depository of Queueing Place : A/isLoggedIn_category----------------------------------------

tkOcp=0.0

------------------ Color = category --------------------
arrivCnt=276780 deptCnt=276780
arrivThrPut=0.02770567111055537 deptThrPut=0.02770567111055537
meanTkPop=0.0 tkColOcp=0.0
-----
meanST=0.0 stDevST=0.0

Steady State Statistics: numBatchesST=1383 batchSizeST=200 stDevStdStateMeanST=0.0
95% c.i. = 0.0 +/- 0.0



REPORT for Queue : Auth----------------------------------------

totArrivThrPut=0.16652521749092314 totDeptThrPut=0.16652521749092314
meanTotTkPop=0.0524358978579596 queueUtil=0.04886593344996509
meanST=0.31488262647558324



REPORT for Queue of Queueing Place : I/icon_logout----------------------------------------

queueUtilQPl=0.0229941834430448

------------------ Color = logout --------------------
arrivCnt=277793 deptCnt=277793
arrivThrPut=0.027807072385340373 deptThrPut=0.027807072385340373
meanTkPop=0.023608256888309333 tkColOcp=0.0229941834430448
-----
meanST=0.8490018856050227 stDevST=0.8369409432727527

Steady State Statistics: numBatchesST=694 batchSizeST=400 stDevStdStateMeanST=0.04499426534964618
95% c.i. = 0.8490197118922231 +/- 0.003347538041130454



REPORT for Depository of Queueing Place : I/icon_logout----------------------------------------

tkOcp=0.0

------------------ Color = logout --------------------
arrivCnt=277793 deptCnt=277793
arrivThrPut=0.027807072385340373 deptThrPut=0.027807072385340373
meanTkPop=0.0 tkColOcp=0.0
-----
meanST=0.0 stDevST=0.0

Steady State Statistics: numBatchesST=1388 batchSizeST=200 stDevStdStateMeanST=0.0
95% c.i. = 0.0 +/- 0.0



REPORT for Queue : ImageProvider----------------------------------------

totArrivThrPut=0.16652521749092314 totDeptThrPut=0.16652521749092314
meanTotTkPop=0.06423043610069964 queueUtil=0.0559769398891017
meanST=0.3857099667454311



REPORT for Queue of Queueing Place : I/icon_loginAction----------------------------------------

queueUtilQPl=0.004928214468837746

------------------ Color = loginAction --------------------
arrivCnt=277420 deptCnt=277420
arrivThrPut=0.02776973509462487 deptThrPut=0.02776973509462487
meanTkPop=0.005049334934107085 tkColOcp=0.004928214468837746
-----
meanST=0.18182870369132323 stDevST=0.32310438145326875

Steady State Statistics: numBatchesST=693 batchSizeST=400 stDevStdStateMeanST=0.01670283052912463
95% c.i. = 0.18180411620669748 +/- 0.0012435737564168675



REPORT for Depository of Queueing Place : I/icon_loginAction----------------------------------------

tkOcp=0.0

------------------ Color = loginAction --------------------
arrivCnt=277420 deptCnt=277420
arrivThrPut=0.02776973509462487 deptThrPut=0.02776973509462487
meanTkPop=0.0 tkColOcp=0.0
-----
meanST=0.0 stDevST=0.0

Steady State Statistics: numBatchesST=1387 batchSizeST=200 stDevStdStateMeanST=0.0
95% c.i. = 0.0 +/- 0.0



REPORT for Queue : ImageProvider----------------------------------------

totArrivThrPut=0.16652521749092314 totDeptThrPut=0.16652521749092314
meanTotTkPop=0.06423043610069964 queueUtil=0.0559769398891017
meanST=0.3857099667454311



REPORT for Queue of Queueing Place : A/isLoggedIn_product----------------------------------------

queueUtilQPl=0.01610511838719439

------------------ Color = product --------------------
arrivCnt=276735 deptCnt=276735
arrivThrPut=0.027701166611675487 deptThrPut=0.027701166611675487
meanTkPop=0.016400916414692313 tkColOcp=0.01610511838719439
-----
meanST=0.5920659098804762 stDevST=0.589554742872132

Steady State Statistics: numBatchesST=691 batchSizeST=400 stDevStdStateMeanST=0.029941420267024028
95% c.i. = 0.5920768881468695 +/- 0.0022324485797798038



REPORT for Depository of Queueing Place : A/isLoggedIn_product----------------------------------------

tkOcp=0.0

------------------ Color = product --------------------
arrivCnt=276735 deptCnt=276735
arrivThrPut=0.027701166611675487 deptThrPut=0.027701166611675487
meanTkPop=0.0 tkColOcp=0.0
-----
meanST=0.0 stDevST=0.0

Steady State Statistics: numBatchesST=1383 batchSizeST=200 stDevStdStateMeanST=0.0
95% c.i. = 0.0 +/- 0.0



REPORT for Queue : Auth----------------------------------------

totArrivThrPut=0.16652521749092314 totDeptThrPut=0.16652521749092314
meanTotTkPop=0.0524358978579596 queueUtil=0.04886593344996509
meanST=0.31488262647558324



REPORT for Queue of Queueing Place : P/category_logout----------------------------------------

queueUtilQPl=0.02393533898998127

------------------ Color = logout --------------------
arrivCnt=277793 deptCnt=277793
arrivThrPut=0.027807072385340373 deptThrPut=0.027807072385340373
meanTkPop=0.024847429257788947 tkColOcp=0.02393533898998127
-----
meanST=0.8935650942847287 stDevST=1.3133921691610406

Steady State Statistics: numBatchesST=694 batchSizeST=400 stDevStdStateMeanST=0.07456186406782399
95% c.i. = 0.8934914815095322 +/- 0.00554734418808777



REPORT for Depository of Queueing Place : P/category_logout----------------------------------------

tkOcp=0.0

------------------ Color = logout --------------------
arrivCnt=277793 deptCnt=277793
arrivThrPut=0.027807072385340373 deptThrPut=0.027807072385340373
meanTkPop=0.0 tkColOcp=0.0
-----
meanST=0.0 stDevST=0.0

Steady State Statistics: numBatchesST=1388 batchSizeST=200 stDevStdStateMeanST=0.0
95% c.i. = 0.0 +/- 0.0



REPORT for Queue : Persistence----------------------------------------

totArrivThrPut=0.16652521749092314 totDeptThrPut=0.16652521749092314
meanTotTkPop=0.1646459798995648 queueUtil=0.12282681209081675
meanST=0.9887149969255513



REPORT for Ordinary Place : Finish_index----------------------------------------

tkOcp=1.0

------------------ Color = index --------------------
arrivCnt=277703 deptCnt=0
arrivThrPut=0.0277980633875806 deptThrPut=0.0
meanTkPop=139221.09839067492 tkColOcp=1.0
-----
meanST=NaN stDevST=NaN

Steady State Statistics: Only 0 batches collected!
Need at least 60 for steady state statistics.



REPORT for Ordinary Place : Finish_login----------------------------------------

tkOcp=1.0

------------------ Color = login --------------------
arrivCnt=277158 deptCnt=0
arrivThrPut=0.027743508901146418 deptThrPut=0.0
meanTkPop=139048.79224538538 tkColOcp=1.0
-----
meanST=NaN stDevST=NaN

Steady State Statistics: Only 0 batches collected!
Need at least 60 for steady state statistics.



REPORT for Ordinary Place : Finish_loginAction----------------------------------------

tkOcp=1.0

------------------ Color = loginAction --------------------
arrivCnt=277420 deptCnt=0
arrivThrPut=0.02776973509462487 deptThrPut=0.0
meanTkPop=138861.6570744438 tkColOcp=1.0
-----
meanST=NaN stDevST=NaN

Steady State Statistics: Only 0 batches collected!
Need at least 60 for steady state statistics.



REPORT for Ordinary Place : Finish_category----------------------------------------

tkOcp=1.0

------------------ Color = category --------------------
arrivCnt=276780 deptCnt=0
arrivThrPut=0.02770567111055537 deptThrPut=0.0
meanTkPop=138861.7564383256 tkColOcp=1.0
-----
meanST=NaN stDevST=NaN

Steady State Statistics: Only 0 batches collected!
Need at least 60 for steady state statistics.



REPORT for Ordinary Place : Finish_product----------------------------------------

tkOcp=1.0

------------------ Color = product --------------------
arrivCnt=276735 deptCnt=0
arrivThrPut=0.027701166611675487 deptThrPut=0.0
meanTkPop=138918.49701438885 tkColOcp=1.0
-----
meanST=NaN stDevST=NaN

Steady State Statistics: Only 0 batches collected!
Need at least 60 for steady state statistics.



REPORT for Ordinary Place : Finish_logout----------------------------------------

tkOcp=1.0

------------------ Color = logout --------------------
arrivCnt=277793 deptCnt=0
arrivThrPut=0.027807072385340373 deptThrPut=0.0
meanTkPop=139295.64801336805 tkColOcp=1.0
-----
meanST=NaN stDevST=NaN

Steady State Statistics: Only 0 batches collected!
Need at least 60 for steady state statistics.



REPORT REPORT for Probe : /index----------------------------------------


------------------ Color = index --------------------
-----
meanST=2.2633391772984575 stDevST=1.7174862456767452

Steady State Statistics: numBatchesST=694 batchSizeST=400 stDevStdStateMeanST=0.09864915548900137
95% c.i. = 2.2633837833552426 +/- 0.007339419771800365



REPORT REPORT for Probe : /login----------------------------------------


------------------ Color = login --------------------
-----
meanST=3.8137190459289343 stDevST=2.9855262021625597

Steady State Statistics: numBatchesST=692 batchSizeST=400 stDevStdStateMeanST=0.17785433302716336
95% c.i. = 3.8138219080657203 +/- 0.013251330752075265



REPORT REPORT for Probe : /loginAction----------------------------------------


------------------ Color = loginAction --------------------
-----
meanST=1.2241534843565298 stDevST=1.4191213486214003

Steady State Statistics: numBatchesST=693 batchSizeST=400 stDevStdStateMeanST=0.07832016640069112
95% c.i. = 1.224109032210425 +/- 0.005831161572541321



REPORT REPORT for Probe : /logout----------------------------------------


------------------ Color = logout --------------------
-----
meanST=2.3093220603676827 stDevST=1.6867179127887926

Steady State Statistics: numBatchesST=694 batchSizeST=400 stDevStdStateMeanST=0.09544165649054603
95% c.i. = 2.309260966208091 +/- 0.007100784362803705



REPORT REPORT for Probe : /category----------------------------------------


------------------ Color = category --------------------
-----
meanST=1.0512840041970206 stDevST=1.402109328164461

Steady State Statistics: numBatchesST=691 batchSizeST=400 stDevStdStateMeanST=0.08227437629435232
95% c.i. = 1.051236643088115 +/- 0.006134422244254209



REPORT REPORT for Probe : /product----------------------------------------


------------------ Color = product --------------------
-----
meanST=2.4493208122648737 stDevST=1.6232484323239125

Steady State Statistics: numBatchesST=691 batchSizeST=400 stDevStdStateMeanST=0.08907660031800861
95% c.i. = 2.4493647395587312 +/- 0.006641599767081348



