INFO Logging to /home/yjx/workloadConfig/qpme/output/SimQPN_Output_config_2025-08-14_025306165.log
WARN Batch means correlation test was run for depository of place Workload, color 0
    However, the standard deviation of the token residence time is 0 and therefore the result of the test is ignored!
    In future runs, you should set numBMeansCorlTested to 0 to switch off the correlation test!
WARN Batch means correlation test was run for depository of place W/logout, color 0
    However, the standard deviation of the token residence time is 0 and therefore the result of the test is ignored!
    In future runs, you should set numBMeansCorlTested to 0 to switch off the correlation test!
WARN Batch means correlation test was run for depository of place A/logout_logout, color 0
    However, the standard deviation of the token residence time is 0 and therefore the result of the test is ignored!
    In future runs, you should set numBMeansCorlTested to 0 to switch off the correlation test!
WARN Batch means correlation test was run for depository of place P/category_logout, color 0
    However, the standard deviation of the token residence time is 0 and therefore the result of the test is ignored!
    In future runs, you should set numBMeansCorlTested to 0 to switch off the correlation test!
WARN Batch means correlation test was run for depository of place I/icon_logout, color 0
    However, the standard deviation of the token residence time is 0 and therefore the result of the test is ignored!
    In future runs, you should set numBMeansCorlTested to 0 to switch off the correlation test!
WARN Batch means correlation test was run for depository of place W/index, color 0
    However, the standard deviation of the token residence time is 0 and therefore the result of the test is ignored!
    In future runs, you should set numBMeansCorlTested to 0 to switch off the correlation test!
WARN Batch means correlation test was run for depository of place P/categories_index, color 0
    However, the standard deviation of the token residence time is 0 and therefore the result of the test is ignored!
    In future runs, you should set numBMeansCorlTested to 0 to switch off the correlation test!
WARN Batch means correlation test was run for depository of place A/isLoggedIn_index, color 0
    However, the standard deviation of the token residence time is 0 and therefore the result of the test is ignored!
    In future runs, you should set numBMeansCorlTested to 0 to switch off the correlation test!
WARN Batch means correlation test was run for depository of place I/icon_index, color 0
    However, the standard deviation of the token residence time is 0 and therefore the result of the test is ignored!
    In future runs, you should set numBMeansCorlTested to 0 to switch off the correlation test!
WARN Batch means correlation test was run for depository of place W/login, color 0
    However, the standard deviation of the token residence time is 0 and therefore the result of the test is ignored!
    In future runs, you should set numBMeansCorlTested to 0 to switch off the correlation test!
WARN Batch means correlation test was run for depository of place P/categories_login, color 0
    However, the standard deviation of the token residence time is 0 and therefore the result of the test is ignored!
    In future runs, you should set numBMeansCorlTested to 0 to switch off the correlation test!
WARN Batch means correlation test was run for depository of place I/icon_login, color 0
    However, the standard deviation of the token residence time is 0 and therefore the result of the test is ignored!
    In future runs, you should set numBMeansCorlTested to 0 to switch off the correlation test!
WARN Batch means correlation test was run for depository of place A/isLoggedIn_login, color 0
    However, the standard deviation of the token residence time is 0 and therefore the result of the test is ignored!
    In future runs, you should set numBMeansCorlTested to 0 to switch off the correlation test!
WARN Batch means correlation test was run for depository of place W/product, color 0
    However, the standard deviation of the token residence time is 0 and therefore the result of the test is ignored!
    In future runs, you should set numBMeansCorlTested to 0 to switch off the correlation test!
WARN Batch means correlation test was run for depository of place P/getProduct_product, color 0
    However, the standard deviation of the token residence time is 0 and therefore the result of the test is ignored!
    In future runs, you should set numBMeansCorlTested to 0 to switch off the correlation test!
WARN Batch means correlation test was run for depository of place R/getAds_product, color 0
    However, the standard deviation of the token residence time is 0 and therefore the result of the test is ignored!
    In future runs, you should set numBMeansCorlTested to 0 to switch off the correlation test!
WARN Batch means correlation test was run for depository of place I/product_product, color 0
    However, the standard deviation of the token residence time is 0 and therefore the result of the test is ignored!
    In future runs, you should set numBMeansCorlTested to 0 to switch off the correlation test!
WARN Batch means correlation test was run for depository of place A/isLoggedIn_product, color 0
    However, the standard deviation of the token residence time is 0 and therefore the result of the test is ignored!
    In future runs, you should set numBMeansCorlTested to 0 to switch off the correlation test!
WARN Batch means correlation test was run for depository of place W/loginAction, color 0
    However, the standard deviation of the token residence time is 0 and therefore the result of the test is ignored!
    In future runs, you should set numBMeansCorlTested to 0 to switch off the correlation test!
WARN Batch means correlation test was run for depository of place A/login_loginAction, color 0
    However, the standard deviation of the token residence time is 0 and therefore the result of the test is ignored!
    In future runs, you should set numBMeansCorlTested to 0 to switch off the correlation test!
WARN Batch means correlation test was run for depository of place P/getUser_loginAction, color 0
    However, the standard deviation of the token residence time is 0 and therefore the result of the test is ignored!
    In future runs, you should set numBMeansCorlTested to 0 to switch off the correlation test!
WARN Batch means correlation test was run for depository of place I/icon_loginAction, color 0
    However, the standard deviation of the token residence time is 0 and therefore the result of the test is ignored!
    In future runs, you should set numBMeansCorlTested to 0 to switch off the correlation test!
WARN Batch means correlation test was run for depository of place W/category, color 0
    However, the standard deviation of the token residence time is 0 and therefore the result of the test is ignored!
    In future runs, you should set numBMeansCorlTested to 0 to switch off the correlation test!
WARN Batch means correlation test was run for depository of place P/category_category, color 0
    However, the standard deviation of the token residence time is 0 and therefore the result of the test is ignored!
    In future runs, you should set numBMeansCorlTested to 0 to switch off the correlation test!
WARN Batch means correlation test was run for depository of place I/productImages_category, color 0
    However, the standard deviation of the token residence time is 0 and therefore the result of the test is ignored!
    In future runs, you should set numBMeansCorlTested to 0 to switch off the correlation test!
WARN Batch means correlation test was run for depository of place A/isLoggedIn_category, color 0
    However, the standard deviation of the token residence time is 0 and therefore the result of the test is ignored!
    In future runs, you should set numBMeansCorlTested to 0 to switch off the correlation test!
WARN LP-1 The simulation was stopped because of reaching max totalRunLen.
The required precision may not have been reached!
REPORT for Queue of Queueing Place : W/index----------------------------------------

queueUtilQPl=0.008827359190000057

------------------ Color = index --------------------
arrivCnt=276946 deptCnt=276946
arrivThrPut=0.027722319347778062 deptThrPut=0.027722319347778062
meanTkPop=0.00890534622762301 tkColOcp=0.008827359190000057
-----
meanST=0.32123380861121104 stDevST=0.32094136120503663

Steady State Statistics: numBatchesST=692 batchSizeST=400 stDevStdStateMeanST=0.016277661782451134
95% c.i. = 0.32125550627548777 +/- 0.0012127940684848618



REPORT for Depository of Queueing Place : W/index----------------------------------------

tkOcp=0.0

------------------ Color = index --------------------
arrivCnt=276946 deptCnt=276946
arrivThrPut=0.027722319347778062 deptThrPut=0.027722319347778062
meanTkPop=0.0 tkColOcp=0.0
-----
meanST=0.0 stDevST=0.0

Steady State Statistics: numBatchesST=1384 batchSizeST=200 stDevStdStateMeanST=0.0
95% c.i. = 0.0 +/- 0.0



REPORT for Queue : WebUI----------------------------------------

totArrivThrPut=0.16647455671221859 totDeptThrPut=0.16647455671221859
meanTotTkPop=0.032518510223989855 queueUtil=0.031182954781441757
meanST=0.19533621753505548



REPORT for Queue of Queueing Place : P/categories_index----------------------------------------

queueUtilQPl=0.0036645728753134143

------------------ Color = index --------------------
arrivCnt=276946 deptCnt=276946
arrivThrPut=0.027722319347778062 deptThrPut=0.027722319347778062
meanTkPop=0.003693546846386542 tkColOcp=0.0036645728753134143
-----
meanST=0.1332336879916427 stDevST=0.2361756458123335

Steady State Statistics: numBatchesST=692 batchSizeST=400 stDevStdStateMeanST=0.012050038145203017
95% c.i. = 0.13322281948928072 +/- 8.97807988815326E-4



REPORT for Depository of Queueing Place : P/categories_index----------------------------------------

tkOcp=0.0

------------------ Color = index --------------------
arrivCnt=276946 deptCnt=276946
arrivThrPut=0.027722319347778062 deptThrPut=0.027722319347778062
meanTkPop=0.0 tkColOcp=0.0
-----
meanST=0.0 stDevST=0.0

Steady State Statistics: numBatchesST=1384 batchSizeST=200 stDevStdStateMeanST=0.0
95% c.i. = 0.0 +/- 0.0



REPORT for Queue : Persistence----------------------------------------

totArrivThrPut=0.16647455671221859 totDeptThrPut=0.16647455671221859
meanTotTkPop=0.07372647066763699 queueUtil=0.0670695774861265
meanST=0.4428693016139791



REPORT for Queue of Queueing Place : A/isLoggedIn_index----------------------------------------

queueUtilQPl=0.003365471015728993

------------------ Color = index --------------------
arrivCnt=276946 deptCnt=276946
arrivThrPut=0.027722319347778062 deptThrPut=0.027722319347778062
meanTkPop=0.0033842858548472077 tkColOcp=0.003365471015728993
-----
meanST=0.12207801996619223 stDevST=0.1645009502330907

Steady State Statistics: numBatchesST=86 batchSizeST=3200 stDevStdStateMeanST=0.0032804838830973824
95% c.i. = 0.12210101528811672 +/- 7.033372459998992E-4



REPORT for Depository of Queueing Place : A/isLoggedIn_index----------------------------------------

tkOcp=0.0

------------------ Color = index --------------------
arrivCnt=276946 deptCnt=276946
arrivThrPut=0.027722319347778062 deptThrPut=0.027722319347778062
meanTkPop=0.0 tkColOcp=0.0
-----
meanST=0.0 stDevST=0.0

Steady State Statistics: numBatchesST=1384 batchSizeST=200 stDevStdStateMeanST=0.0
95% c.i. = 0.0 +/- 0.0



REPORT for Queue : Auth----------------------------------------

totArrivThrPut=0.16647455671221856 totDeptThrPut=0.16647455671221856
meanTotTkPop=0.04957999402060888 queueUtil=0.046462579113444875
meanST=0.2978232529930497



REPORT for Queue of Queueing Place : W/login----------------------------------------

queueUtilQPl=0.003223026982127659

------------------ Color = login --------------------
arrivCnt=277498 deptCnt=277498
arrivThrPut=0.02777757459710455 deptThrPut=0.02777757459710455
meanTkPop=0.0032352402351196984 tkColOcp=0.003223026982127659
-----
meanST=0.11646950038096307 stDevST=0.12973035210929035

Steady State Statistics: numBatchesST=693 batchSizeST=400 stDevStdStateMeanST=0.006550000312996132
95% c.i. = 0.11647449037822326 +/- 4.87666355685113E-4



REPORT for Depository of Queueing Place : W/login----------------------------------------

tkOcp=0.0

------------------ Color = login --------------------
arrivCnt=277498 deptCnt=277498
arrivThrPut=0.02777757459710455 deptThrPut=0.02777757459710455
meanTkPop=0.0 tkColOcp=0.0
-----
meanST=0.0 stDevST=0.0

Steady State Statistics: numBatchesST=1387 batchSizeST=200 stDevStdStateMeanST=0.0
95% c.i. = 0.0 +/- 0.0



REPORT for Queue : WebUI----------------------------------------

totArrivThrPut=0.16647455671221859 totDeptThrPut=0.16647455671221859
meanTotTkPop=0.032518510223989855 queueUtil=0.031182954781441757
meanST=0.19533621753505548



REPORT for Queue of Queueing Place : W/loginAction----------------------------------------

queueUtilQPl=0.010288595291902304

------------------ Color = loginAction --------------------
arrivCnt=277538 deptCnt=277538
arrivThrPut=0.02778157860067893 deptThrPut=0.02778157860067893
meanTkPop=0.010395047570963612 tkColOcp=0.010288595291902304
-----
meanST=0.3741705149436532 stDevST=0.3726753593240604

Steady State Statistics: numBatchesST=693 batchSizeST=400 stDevStdStateMeanST=0.019454502310153048
95% c.i. = 0.3742158063429025 +/- 0.0014484436320462129



REPORT for Depository of Queueing Place : W/loginAction----------------------------------------

tkOcp=0.0

------------------ Color = loginAction --------------------
arrivCnt=277538 deptCnt=277538
arrivThrPut=0.02778157860067893 deptThrPut=0.02778157860067893
meanTkPop=0.0 tkColOcp=0.0
-----
meanST=0.0 stDevST=0.0

Steady State Statistics: numBatchesST=1387 batchSizeST=200 stDevStdStateMeanST=0.0
95% c.i. = 0.0 +/- 0.0



REPORT for Queue : WebUI----------------------------------------

totArrivThrPut=0.16647455671221859 totDeptThrPut=0.16647455671221859
meanTotTkPop=0.032518510223989855 queueUtil=0.031182954781441757
meanST=0.19533621753505548



REPORT for Queue of Queueing Place : A/login_loginAction----------------------------------------

queueUtilQPl=0.01232009553177831

------------------ Color = loginAction --------------------
arrivCnt=277538 deptCnt=277538
arrivThrPut=0.02778157860067893 deptThrPut=0.02778157860067893
meanTkPop=0.012473775225028148 tkColOcp=0.01232009553177831
-----
meanST=0.44899447235598455 stDevST=0.44882427681327847

Steady State Statistics: numBatchesST=693 batchSizeST=400 stDevStdStateMeanST=0.02364573181049474
95% c.i. = 0.4489756970157772 +/- 0.001760492718855589



REPORT for Depository of Queueing Place : A/login_loginAction----------------------------------------

tkOcp=0.0

------------------ Color = loginAction --------------------
arrivCnt=277538 deptCnt=277538
arrivThrPut=0.02778157860067893 deptThrPut=0.02778157860067893
meanTkPop=0.0 tkColOcp=0.0
-----
meanST=0.0 stDevST=0.0

Steady State Statistics: numBatchesST=1387 batchSizeST=200 stDevStdStateMeanST=0.0
95% c.i. = 0.0 +/- 0.0



REPORT for Queue : Auth----------------------------------------

totArrivThrPut=0.16647455671221856 totDeptThrPut=0.16647455671221856
meanTotTkPop=0.04957999402060888 queueUtil=0.046462579113444875
meanST=0.2978232529930497



REPORT for Queue of Queueing Place : W/logout----------------------------------------

queueUtilQPl=0.0034799575658352954

------------------ Color = logout --------------------
arrivCnt=277370 deptCnt=277370
arrivThrPut=0.027764761785666524 deptThrPut=0.027764761785666524
meanTkPop=0.003494340986978912 tkColOcp=0.0034799575658352954
-----
meanST=0.12585524824429992 stDevST=0.1370050543561334

Steady State Statistics: numBatchesST=693 batchSizeST=400 stDevStdStateMeanST=0.006848644508861764
95% c.i. = 0.12585177196458616 +/- 5.099012747209696E-4



REPORT for Depository of Queueing Place : W/logout----------------------------------------

tkOcp=0.0

------------------ Color = logout --------------------
arrivCnt=277370 deptCnt=277370
arrivThrPut=0.027764761785666524 deptThrPut=0.027764761785666524
meanTkPop=0.0 tkColOcp=0.0
-----
meanST=0.0 stDevST=0.0

Steady State Statistics: numBatchesST=1386 batchSizeST=200 stDevStdStateMeanST=0.0
95% c.i. = 0.0 +/- 0.0



REPORT for Queue : WebUI----------------------------------------

totArrivThrPut=0.16647455671221859 totDeptThrPut=0.16647455671221859
meanTotTkPop=0.032518510223989855 queueUtil=0.031182954781441757
meanST=0.19533621753505548



REPORT for Queue of Queueing Place : A/logout_logout----------------------------------------

queueUtilQPl=0.005030400390378721

------------------ Color = logout --------------------
arrivCnt=277370 deptCnt=277370
arrivThrPut=0.027764761785666524 deptThrPut=0.027764761785666524
meanTkPop=0.005060796892553333 tkColOcp=0.005030400390378721
-----
meanST=0.1822740973475938 stDevST=0.20955164045960328

Steady State Statistics: numBatchesST=693 batchSizeST=400 stDevStdStateMeanST=0.010965743863574443
95% c.i. = 0.18226892456483415 +/- 8.164311590512893E-4



REPORT for Depository of Queueing Place : A/logout_logout----------------------------------------

tkOcp=0.0

------------------ Color = logout --------------------
arrivCnt=277370 deptCnt=277370
arrivThrPut=0.027764761785666524 deptThrPut=0.027764761785666524
meanTkPop=0.0 tkColOcp=0.0
-----
meanST=0.0 stDevST=0.0

Steady State Statistics: numBatchesST=1386 batchSizeST=200 stDevStdStateMeanST=0.0
95% c.i. = 0.0 +/- 0.0



REPORT for Queue : Auth----------------------------------------

totArrivThrPut=0.16647455671221856 totDeptThrPut=0.16647455671221856
meanTotTkPop=0.04957999402060888 queueUtil=0.046462579113444875
meanST=0.2978232529930497



REPORT for Queue of Queueing Place : P/getUser_loginAction----------------------------------------

queueUtilQPl=0.00551456352452628

------------------ Color = loginAction --------------------
arrivCnt=277538 deptCnt=277538
arrivThrPut=0.02778157860067893 deptThrPut=0.02778157860067893
meanTkPop=0.005555621190010421 tkColOcp=0.00551456352452628
-----
meanST=0.19997500033618143 stDevST=0.27702328248915536

Steady State Statistics: numBatchesST=693 batchSizeST=400 stDevStdStateMeanST=0.014112401316912245
95% c.i. = 0.19994818933926053 +/- 0.0010507088536361186



REPORT for Depository of Queueing Place : P/getUser_loginAction----------------------------------------

tkOcp=0.0

------------------ Color = loginAction --------------------
arrivCnt=277538 deptCnt=277538
arrivThrPut=0.02778157860067893 deptThrPut=0.02778157860067893
meanTkPop=0.0 tkColOcp=0.0
-----
meanST=0.0 stDevST=0.0

Steady State Statistics: numBatchesST=1387 batchSizeST=200 stDevStdStateMeanST=0.0
95% c.i. = 0.0 +/- 0.0



REPORT for Queue : Persistence----------------------------------------

totArrivThrPut=0.16647455671221859 totDeptThrPut=0.16647455671221859
meanTotTkPop=0.07372647066763699 queueUtil=0.0670695774861265
meanST=0.4428693016139791



REPORT for Queue of Queueing Place : W/category----------------------------------------

queueUtilQPl=0.0032247664542729947

------------------ Color = category --------------------
arrivCnt=276399 deptCnt=276399
arrivThrPut=0.02766756459889837 deptThrPut=0.02766756459889837
meanTkPop=0.003236395690526054 tkColOcp=0.0032247664542729947
-----
meanST=0.11697436104133706 stDevST=0.12925331652344346

Steady State Statistics: numBatchesST=690 batchSizeST=400 stDevStdStateMeanST=0.006510491665938288
95% c.i. = 0.1169657504022116 +/- 4.857774300365715E-4



REPORT for Depository of Queueing Place : W/category----------------------------------------

tkOcp=0.0

------------------ Color = category --------------------
arrivCnt=276399 deptCnt=276399
arrivThrPut=0.02766756459889837 deptThrPut=0.02766756459889837
meanTkPop=0.0 tkColOcp=0.0
-----
meanST=0.0 stDevST=0.0

Steady State Statistics: numBatchesST=1381 batchSizeST=200 stDevStdStateMeanST=0.0
95% c.i. = 0.0 +/- 0.0



REPORT for Queue : WebUI----------------------------------------

totArrivThrPut=0.16647455671221859 totDeptThrPut=0.16647455671221859
meanTotTkPop=0.032518510223989855 queueUtil=0.031182954781441757
meanST=0.19533621753505548



REPORT for Queue of Queueing Place : W/product----------------------------------------

queueUtilQPl=0.0032408779964064527

------------------ Color = product --------------------
arrivCnt=277330 deptCnt=277330
arrivThrPut=0.02776075778209214 deptThrPut=0.02776075778209214
meanTkPop=0.0032521395127785707 tkColOcp=0.0032408779964064527
-----
meanST=0.11714880185570636 stDevST=0.12958532618146074

Steady State Statistics: numBatchesST=693 batchSizeST=400 stDevStdStateMeanST=0.006422195698616309
95% c.i. = 0.11715697364606749 +/- 4.7815093468418795E-4



REPORT for Depository of Queueing Place : W/product----------------------------------------

tkOcp=0.0

------------------ Color = product --------------------
arrivCnt=277330 deptCnt=277330
arrivThrPut=0.02776075778209214 deptThrPut=0.02776075778209214
meanTkPop=0.0 tkColOcp=0.0
-----
meanST=0.0 stDevST=0.0

Steady State Statistics: numBatchesST=1386 batchSizeST=200 stDevStdStateMeanST=0.0
95% c.i. = 0.0 +/- 0.0



REPORT for Queue : WebUI----------------------------------------

totArrivThrPut=0.16647455671221859 totDeptThrPut=0.16647455671221859
meanTotTkPop=0.032518510223989855 queueUtil=0.031182954781441757
meanST=0.19533621753505548



REPORT for Queue of Queueing Place : P/category_category----------------------------------------

queueUtilQPl=0.022830527091137823

------------------ Color = category --------------------
arrivCnt=276399 deptCnt=276399
arrivThrPut=0.02766756459889837 deptThrPut=0.02766756459889837
meanTkPop=0.02337321857335564 tkColOcp=0.022830527091137823
-----
meanST=0.844787711249666 stDevST=0.8371776423746373

Steady State Statistics: numBatchesST=690 batchSizeST=400 stDevStdStateMeanST=0.04407713757481004
95% c.i. = 0.8447846495244621 +/- 0.0032887959486196166



REPORT for Depository of Queueing Place : P/category_category----------------------------------------

tkOcp=0.0

------------------ Color = category --------------------
arrivCnt=276399 deptCnt=276399
arrivThrPut=0.02766756459889837 deptThrPut=0.02766756459889837
meanTkPop=0.0 tkColOcp=0.0
-----
meanST=0.0 stDevST=0.0

Steady State Statistics: numBatchesST=1381 batchSizeST=200 stDevStdStateMeanST=0.0
95% c.i. = 0.0 +/- 0.0



REPORT for Queue : Persistence----------------------------------------

totArrivThrPut=0.16647455671221859 totDeptThrPut=0.16647455671221859
meanTotTkPop=0.07372647066763699 queueUtil=0.0670695774861265
meanST=0.4428693016139791



REPORT for Queue of Queueing Place : P/getProduct_product----------------------------------------

queueUtilQPl=0.006995874673925729

------------------ Color = product --------------------
arrivCnt=277330 deptCnt=277330
arrivThrPut=0.02776075778209214 deptThrPut=0.02776075778209214
meanTkPop=0.007065645667041268 tkColOcp=0.006995874673925729
-----
meanST=0.25451919297387343 stDevST=0.31957573362456915

Steady State Statistics: numBatchesST=693 batchSizeST=400 stDevStdStateMeanST=0.01673317978703832
95% c.i. = 0.2545292491417423 +/- 0.0012458333459279016



REPORT for Depository of Queueing Place : P/getProduct_product----------------------------------------

tkOcp=0.0

------------------ Color = product --------------------
arrivCnt=277330 deptCnt=277330
arrivThrPut=0.02776075778209214 deptThrPut=0.02776075778209214
meanTkPop=0.0 tkColOcp=0.0
-----
meanST=0.0 stDevST=0.0

Steady State Statistics: numBatchesST=1386 batchSizeST=200 stDevStdStateMeanST=0.0
95% c.i. = 0.0 +/- 0.0



REPORT for Queue : Persistence----------------------------------------

totArrivThrPut=0.16647455671221859 totDeptThrPut=0.16647455671221859
meanTotTkPop=0.07372647066763699 queueUtil=0.0670695774861265
meanST=0.4428693016139791



REPORT for Queue of Queueing Place : R/getAds_product----------------------------------------

queueUtilQPl=0.025113035321337226

------------------ Color = product --------------------
arrivCnt=277330 deptCnt=277330
arrivThrPut=0.02776075778209214 deptThrPut=0.02776075778209214
meanTkPop=0.025777864967590554 tkColOcp=0.025113035321337226
-----
meanST=0.9285720933820939 stDevST=0.9285712152751988

Steady State Statistics: numBatchesST=346 batchSizeST=800 stDevStdStateMeanST=0.035596840916458164
95% c.i. = 0.9286714566093522 +/- 0.003750779203242608



REPORT for Depository of Queueing Place : R/getAds_product----------------------------------------

tkOcp=0.0

------------------ Color = product --------------------
arrivCnt=277330 deptCnt=277330
arrivThrPut=0.02776075778209214 deptThrPut=0.02776075778209214
meanTkPop=0.0 tkColOcp=0.0
-----
meanST=0.0 stDevST=0.0

Steady State Statistics: numBatchesST=1386 batchSizeST=200 stDevStdStateMeanST=0.0
95% c.i. = 0.0 +/- 0.0



REPORT for Queue : Recommender----------------------------------------

totArrivThrPut=0.02776075778209214 totDeptThrPut=0.02776075778209214
meanTotTkPop=0.025777864967590554 queueUtil=0.025113035321337226
meanST=0.9285720933820939



REPORT for Queue of Queueing Place : I/productImages_category----------------------------------------

queueUtilQPl=0.0030685664849491616

------------------ Color = category --------------------
arrivCnt=276399 deptCnt=276399
arrivThrPut=0.02766756459889837 deptThrPut=0.02766756459889837
meanTkPop=0.0030781538023020296 tkColOcp=0.0030685664849491616
-----
meanST=0.11125496034532042 stDevST=0.12396528495687613

Steady State Statistics: numBatchesST=690 batchSizeST=400 stDevStdStateMeanST=0.006221521952903922
95% c.i. = 0.1112544324719215 +/- 4.642160838650287E-4



REPORT for Depository of Queueing Place : I/productImages_category----------------------------------------

tkOcp=0.0

------------------ Color = category --------------------
arrivCnt=276399 deptCnt=276399
arrivThrPut=0.02766756459889837 deptThrPut=0.02766756459889837
meanTkPop=0.0 tkColOcp=0.0
-----
meanST=0.0 stDevST=0.0

Steady State Statistics: numBatchesST=1381 batchSizeST=200 stDevStdStateMeanST=0.0
95% c.i. = 0.0 +/- 0.0



REPORT for Queue : ImageProvider----------------------------------------

totArrivThrPut=0.16647455671221856 totDeptThrPut=0.16647455671221856
meanTotTkPop=0.03581782891155815 queueUtil=0.034185680336231185
meanST=0.2151549739428095



REPORT for Queue of Queueing Place : I/product_product----------------------------------------

queueUtilQPl=0.011388336959882577

------------------ Color = product --------------------
arrivCnt=277330 deptCnt=277330
arrivThrPut=0.02776075778209214 deptThrPut=0.02776075778209214
meanTkPop=0.011522921204429657 tkColOcp=0.011388336959882577
-----
meanST=0.4150794908006021 stDevST=0.41199383774343035

Steady State Statistics: numBatchesST=693 batchSizeST=400 stDevStdStateMeanST=0.021070937327972772
95% c.i. = 0.4150776975946102 +/- 0.0015687918666528412



REPORT for Depository of Queueing Place : I/product_product----------------------------------------

tkOcp=0.0

------------------ Color = product --------------------
arrivCnt=277330 deptCnt=277330
arrivThrPut=0.02776075778209214 deptThrPut=0.02776075778209214
meanTkPop=0.0 tkColOcp=0.0
-----
meanST=0.0 stDevST=0.0

Steady State Statistics: numBatchesST=1386 batchSizeST=200 stDevStdStateMeanST=0.0
95% c.i. = 0.0 +/- 0.0



REPORT for Queue : ImageProvider----------------------------------------

totArrivThrPut=0.16647455671221856 totDeptThrPut=0.16647455671221856
meanTotTkPop=0.03581782891155815 queueUtil=0.034185680336231185
meanST=0.2151549739428095



REPORT for Queue of Queueing Place : Workload----------------------------------------

queueUtilQPl=1.0

------------------ Color = workload --------------------
arrivCnt=1663081 deptCnt=1663081
arrivThrPut=0.16647455671221859 deptThrPut=0.16647455671221859
meanTkPop=1.0 tkColOcp=1.0
-----
meanST=6.00692393930612 stDevST=6.009306053218309

Steady State Statistics: numBatchesST=2078 batchSizeST=800 stDevStdStateMeanST=0.21074339884105325
95% c.i. = 6.0071260782334495 +/- 0.00906106611777564



REPORT for Depository of Queueing Place : Workload----------------------------------------

tkOcp=0.0

------------------ Color = workload --------------------
arrivCnt=1663081 deptCnt=1663081
arrivThrPut=0.16647455671221859 deptThrPut=0.16647455671221859
meanTkPop=0.0 tkColOcp=0.0
-----
meanST=0.0 stDevST=0.0

Steady State Statistics: numBatchesST=8315 batchSizeST=200 stDevStdStateMeanST=0.0
95% c.i. = 0.0 +/- 0.0



REPORT for Queue : Workload----------------------------------------

totArrivThrPut=0.16647455671221859 totDeptThrPut=0.16647455671221859
meanTotTkPop=1.0 queueUtil=1.0
meanST=6.00692393930612



REPORT for Queue of Queueing Place : I/icon_index----------------------------------------

queueUtilQPl=0.0032228009587405414

------------------ Color = index --------------------
arrivCnt=276946 deptCnt=276946
arrivThrPut=0.027722319347778062 deptThrPut=0.027722319347778062
meanTkPop=0.003237301674592662 tkColOcp=0.0032228009587405414
-----
meanST=0.11677600398366851 stDevST=0.13409586370763393

Steady State Statistics: numBatchesST=692 batchSizeST=400 stDevStdStateMeanST=0.007134944244264094
95% c.i. = 0.11677567111726957 +/- 5.316008020109307E-4



REPORT for Depository of Queueing Place : I/icon_index----------------------------------------

tkOcp=0.0

------------------ Color = index --------------------
arrivCnt=276946 deptCnt=276946
arrivThrPut=0.027722319347778062 deptThrPut=0.027722319347778062
meanTkPop=0.0 tkColOcp=0.0
-----
meanST=0.0 stDevST=0.0

Steady State Statistics: numBatchesST=1384 batchSizeST=200 stDevStdStateMeanST=0.0
95% c.i. = 0.0 +/- 0.0



REPORT for Queue : ImageProvider----------------------------------------

totArrivThrPut=0.16647455671221856 totDeptThrPut=0.16647455671221856
meanTotTkPop=0.03581782891155815 queueUtil=0.034185680336231185
meanST=0.2151549739428095



REPORT for Queue of Queueing Place : P/categories_login----------------------------------------

queueUtilQPl=0.015076743631737338

------------------ Color = login --------------------
arrivCnt=277498 deptCnt=277498
arrivThrPut=0.02777757459710455 deptThrPut=0.02777757459710455
meanTkPop=0.015313681337637353 tkColOcp=0.015076743631737338
-----
meanST=0.5512965606159728 stDevST=0.5617453779870626

Steady State Statistics: numBatchesST=693 batchSizeST=400 stDevStdStateMeanST=0.029065260197968252
95% c.i. = 0.5512942974639735 +/- 0.0021639921893834443



REPORT for Depository of Queueing Place : P/categories_login----------------------------------------

tkOcp=0.0

------------------ Color = login --------------------
arrivCnt=277498 deptCnt=277498
arrivThrPut=0.02777757459710455 deptThrPut=0.02777757459710455
meanTkPop=0.0 tkColOcp=0.0
-----
meanST=0.0 stDevST=0.0

Steady State Statistics: numBatchesST=1387 batchSizeST=200 stDevStdStateMeanST=0.0
95% c.i. = 0.0 +/- 0.0



REPORT for Queue : Persistence----------------------------------------

totArrivThrPut=0.16647455671221859 totDeptThrPut=0.16647455671221859
meanTotTkPop=0.07372647066763699 queueUtil=0.0670695774861265
meanST=0.4428693016139791



REPORT for Queue of Queueing Place : I/icon_login----------------------------------------

queueUtilQPl=0.008522088125731684

------------------ Color = login --------------------
arrivCnt=277498 deptCnt=277498
arrivThrPut=0.02777757459710455 deptThrPut=0.02777757459710455
meanTkPop=0.0085933289633816 tkColOcp=0.008522088125731684
-----
meanST=0.30936210551216886 stDevST=0.30978903029918753

Steady State Statistics: numBatchesST=693 batchSizeST=400 stDevStdStateMeanST=0.01548925692503655
95% c.i. = 0.30939688044024005 +/- 0.0011532197123587276



REPORT for Depository of Queueing Place : I/icon_login----------------------------------------

tkOcp=0.0

------------------ Color = login --------------------
arrivCnt=277498 deptCnt=277498
arrivThrPut=0.02777757459710455 deptThrPut=0.02777757459710455
meanTkPop=0.0 tkColOcp=0.0
-----
meanST=0.0 stDevST=0.0

Steady State Statistics: numBatchesST=1387 batchSizeST=200 stDevStdStateMeanST=0.0
95% c.i. = 0.0 +/- 0.0



REPORT for Queue : ImageProvider----------------------------------------

totArrivThrPut=0.16647455671221856 totDeptThrPut=0.16647455671221856
meanTotTkPop=0.03581782891155815 queueUtil=0.034185680336231185
meanST=0.2151549739428095



REPORT for Queue of Queueing Place : A/isLoggedIn_login----------------------------------------

queueUtilQPl=0.003508516422773694

------------------ Color = login --------------------
arrivCnt=277498 deptCnt=277498
arrivThrPut=0.02777757459710455 deptThrPut=0.02777757459710455
meanTkPop=0.0035238155596262035 tkColOcp=0.003508516422773694
-----
meanST=0.12685828805202867 stDevST=0.163613816584537

Steady State Statistics: numBatchesST=693 batchSizeST=400 stDevStdStateMeanST=0.008235181759435339
95% c.i. = 0.12684886444891966 +/- 6.131329595603212E-4



REPORT for Depository of Queueing Place : A/isLoggedIn_login----------------------------------------

tkOcp=0.0

------------------ Color = login --------------------
arrivCnt=277498 deptCnt=277498
arrivThrPut=0.02777757459710455 deptThrPut=0.02777757459710455
meanTkPop=0.0 tkColOcp=0.0
-----
meanST=0.0 stDevST=0.0

Steady State Statistics: numBatchesST=1387 batchSizeST=200 stDevStdStateMeanST=0.0
95% c.i. = 0.0 +/- 0.0



REPORT for Queue : Auth----------------------------------------

totArrivThrPut=0.16647455671221856 totDeptThrPut=0.16647455671221856
meanTotTkPop=0.04957999402060888 queueUtil=0.046462579113444875
meanST=0.2978232529930497



REPORT for Queue of Queueing Place : A/isLoggedIn_category----------------------------------------

queueUtilQPl=0.011300459769854557

------------------ Color = category --------------------
arrivCnt=276399 deptCnt=276399
arrivThrPut=0.02766756459889837 deptThrPut=0.02766756459889837
meanTkPop=0.011434893966815605 tkColOcp=0.011300459769854557
-----
meanST=0.4132960068075852 stDevST=0.4154405168799517

Steady State Statistics: numBatchesST=690 batchSizeST=400 stDevStdStateMeanST=0.0218894872299911
95% c.i. = 0.41330750150249235 +/- 0.0016332743204381243



REPORT for Depository of Queueing Place : A/isLoggedIn_category----------------------------------------

tkOcp=0.0

------------------ Color = category --------------------
arrivCnt=276399 deptCnt=276399
arrivThrPut=0.02766756459889837 deptThrPut=0.02766756459889837
meanTkPop=0.0 tkColOcp=0.0
-----
meanST=0.0 stDevST=0.0

Steady State Statistics: numBatchesST=1381 batchSizeST=200 stDevStdStateMeanST=0.0
95% c.i. = 0.0 +/- 0.0



REPORT for Queue : Auth----------------------------------------

totArrivThrPut=0.16647455671221856 totDeptThrPut=0.16647455671221856
meanTotTkPop=0.04957999402060888 queueUtil=0.046462579113444875
meanST=0.2978232529930497



REPORT for Queue of Queueing Place : I/icon_logout----------------------------------------

queueUtilQPl=0.005988591493826422

------------------ Color = logout --------------------
arrivCnt=277370 deptCnt=277370
arrivThrPut=0.027764761785666524 deptThrPut=0.027764761785666524
meanTkPop=0.00602426294740647 tkColOcp=0.005988591493826422
-----
meanST=0.21697513538605176 stDevST=0.22109817045146354

Steady State Statistics: numBatchesST=693 batchSizeST=400 stDevStdStateMeanST=0.011339442487639767
95% c.i. = 0.21698840157903668 +/- 8.442540960610612E-4



REPORT for Depository of Queueing Place : I/icon_logout----------------------------------------

tkOcp=0.0

------------------ Color = logout --------------------
arrivCnt=277370 deptCnt=277370
arrivThrPut=0.027764761785666524 deptThrPut=0.027764761785666524
meanTkPop=0.0 tkColOcp=0.0
-----
meanST=0.0 stDevST=0.0

Steady State Statistics: numBatchesST=1386 batchSizeST=200 stDevStdStateMeanST=0.0
95% c.i. = 0.0 +/- 0.0



REPORT for Queue : ImageProvider----------------------------------------

totArrivThrPut=0.16647455671221856 totDeptThrPut=0.16647455671221856
meanTotTkPop=0.03581782891155815 queueUtil=0.034185680336231185
meanST=0.2151549739428095



REPORT for Queue of Queueing Place : I/icon_loginAction----------------------------------------

queueUtilQPl=0.003346509154781671

------------------ Color = loginAction --------------------
arrivCnt=277538 deptCnt=277538
arrivThrPut=0.02778157860067893 deptThrPut=0.02778157860067893
meanTkPop=0.0033618603194457367 tkColOcp=0.003346509154781671
-----
meanST=0.12101041369058772 stDevST=0.139791166828342

Steady State Statistics: numBatchesST=693 batchSizeST=400 stDevStdStateMeanST=0.0072551855561347415
95% c.i. = 0.12099717925545792 +/- 5.401694245661922E-4



REPORT for Depository of Queueing Place : I/icon_loginAction----------------------------------------

tkOcp=0.0

------------------ Color = loginAction --------------------
arrivCnt=277538 deptCnt=277538
arrivThrPut=0.02778157860067893 deptThrPut=0.02778157860067893
meanTkPop=0.0 tkColOcp=0.0
-----
meanST=0.0 stDevST=0.0

Steady State Statistics: numBatchesST=1387 batchSizeST=200 stDevStdStateMeanST=0.0
95% c.i. = 0.0 +/- 0.0



REPORT for Queue : ImageProvider----------------------------------------

totArrivThrPut=0.16647455671221856 totDeptThrPut=0.16647455671221856
meanTotTkPop=0.03581782891155815 queueUtil=0.034185680336231185
meanST=0.2151549739428095



REPORT for Queue of Queueing Place : A/isLoggedIn_product----------------------------------------

queueUtilQPl=0.0135126100899509

------------------ Color = product --------------------
arrivCnt=277330 deptCnt=277330
arrivThrPut=0.02776075778209214 deptThrPut=0.02776075778209214
meanTkPop=0.013702426521738378 tkColOcp=0.0135126100899509
-----
meanST=0.493589787040234 stDevST=0.49106264336080674

Steady State Statistics: numBatchesST=693 batchSizeST=400 stDevStdStateMeanST=0.025579022634081607
95% c.i. = 0.49359212720929985 +/- 0.001904431779216766



REPORT for Depository of Queueing Place : A/isLoggedIn_product----------------------------------------

tkOcp=0.0

------------------ Color = product --------------------
arrivCnt=277330 deptCnt=277330
arrivThrPut=0.02776075778209214 deptThrPut=0.02776075778209214
meanTkPop=0.0 tkColOcp=0.0
-----
meanST=0.0 stDevST=0.0

Steady State Statistics: numBatchesST=1386 batchSizeST=200 stDevStdStateMeanST=0.0
95% c.i. = 0.0 +/- 0.0



REPORT for Queue : Auth----------------------------------------

totArrivThrPut=0.16647455671221856 totDeptThrPut=0.16647455671221856
meanTotTkPop=0.04957999402060888 queueUtil=0.046462579113444875
meanST=0.2978232529930497



REPORT for Queue of Queueing Place : P/category_logout----------------------------------------

queueUtilQPl=0.018371186226903473

------------------ Color = logout --------------------
arrivCnt=277370 deptCnt=277370
arrivThrPut=0.027764761785666524 deptThrPut=0.027764761785666524
meanTkPop=0.018724757053205775 tkColOcp=0.018371186226903473
-----
meanST=0.6744072647823823 stDevST=0.6741973845642876

Steady State Statistics: numBatchesST=693 batchSizeST=400 stDevStdStateMeanST=0.03473287307116831
95% c.i. = 0.6744233768519123 +/- 0.0025859622631593995



REPORT for Depository of Queueing Place : P/category_logout----------------------------------------

tkOcp=0.0

------------------ Color = logout --------------------
arrivCnt=277370 deptCnt=277370
arrivThrPut=0.027764761785666524 deptThrPut=0.027764761785666524
meanTkPop=0.0 tkColOcp=0.0
-----
meanST=0.0 stDevST=0.0

Steady State Statistics: numBatchesST=1386 batchSizeST=200 stDevStdStateMeanST=0.0
95% c.i. = 0.0 +/- 0.0



REPORT for Queue : Persistence----------------------------------------

totArrivThrPut=0.16647455671221859 totDeptThrPut=0.16647455671221859
meanTotTkPop=0.07372647066763699 queueUtil=0.0670695774861265
meanST=0.4428693016139791



REPORT for Ordinary Place : Finish_index----------------------------------------

tkOcp=1.0000000000000002

------------------ Color = index --------------------
arrivCnt=276946 deptCnt=0
arrivThrPut=0.027722319347778062 deptThrPut=0.0
meanTkPop=138658.44698556283 tkColOcp=1.0000000000000002
-----
meanST=NaN stDevST=NaN

Steady State Statistics: Only 0 batches collected!
Need at least 60 for steady state statistics.



REPORT for Ordinary Place : Finish_login----------------------------------------

tkOcp=1.0

------------------ Color = login --------------------
arrivCnt=277498 deptCnt=0
arrivThrPut=0.02777757459710455 deptThrPut=0.0
meanTkPop=139066.51492543737 tkColOcp=1.0
-----
meanST=NaN stDevST=NaN

Steady State Statistics: Only 0 batches collected!
Need at least 60 for steady state statistics.



REPORT for Ordinary Place : Finish_loginAction----------------------------------------

tkOcp=1.0

------------------ Color = loginAction --------------------
arrivCnt=277538 deptCnt=0
arrivThrPut=0.02778157860067893 deptThrPut=0.0
meanTkPop=139159.93776335008 tkColOcp=1.0
-----
meanST=NaN stDevST=NaN

Steady State Statistics: Only 0 batches collected!
Need at least 60 for steady state statistics.



REPORT for Ordinary Place : Finish_category----------------------------------------

tkOcp=1.0

------------------ Color = category --------------------
arrivCnt=276399 deptCnt=0
arrivThrPut=0.02766756459889837 deptThrPut=0.0
meanTkPop=138394.7676661031 tkColOcp=1.0
-----
meanST=NaN stDevST=NaN

Steady State Statistics: Only 0 batches collected!
Need at least 60 for steady state statistics.



REPORT for Ordinary Place : Finish_product----------------------------------------

tkOcp=1.0000000000000002

------------------ Color = product --------------------
arrivCnt=277330 deptCnt=0
arrivThrPut=0.02776075778209214 deptThrPut=0.0
meanTkPop=139098.62706024465 tkColOcp=1.0000000000000002
-----
meanST=NaN stDevST=NaN

Steady State Statistics: Only 0 batches collected!
Need at least 60 for steady state statistics.



REPORT for Ordinary Place : Finish_logout----------------------------------------

tkOcp=1.0000000000000002

------------------ Color = logout --------------------
arrivCnt=277370 deptCnt=0
arrivThrPut=0.027764761785666524 deptThrPut=0.0
meanTkPop=139107.61887030973 tkColOcp=1.0000000000000002
-----
meanST=NaN stDevST=NaN

Steady State Statistics: Only 0 batches collected!
Need at least 60 for steady state statistics.



REPORT REPORT for Probe : /index----------------------------------------


------------------ Color = index --------------------
-----
meanST=0.6933215205527145 stDevST=0.45497144916995036

Steady State Statistics: numBatchesST=692 batchSizeST=400 stDevStdStateMeanST=0.022852751605952508
95% c.i. = 0.6933256230144849 +/- 0.0017026819924552826



REPORT REPORT for Probe : /login----------------------------------------


------------------ Color = login --------------------
-----
meanST=1.1039864545611333 stDevST=0.6761121330322651

Steady State Statistics: numBatchesST=693 batchSizeST=400 stDevStdStateMeanST=0.0357383112282636
95% c.i. = 1.1040145327313562 +/- 0.0026608200247635557



REPORT REPORT for Probe : /loginAction----------------------------------------


------------------ Color = loginAction --------------------
-----
meanST=1.144150401326407 stDevST=0.6635255137337447

Steady State Statistics: numBatchesST=346 batchSizeST=800 stDevStdStateMeanST=0.024130235396093096
95% c.i. = 1.144113054218985 +/- 0.0025425622825751577



REPORT REPORT for Probe : /logout----------------------------------------


------------------ Color = logout --------------------
-----
meanST=1.1995117457603277 stDevST=0.7545753214899807

Steady State Statistics: numBatchesST=693 batchSizeST=400 stDevStdStateMeanST=0.03953867638907403
95% c.i. = 1.1995324749603695 +/- 0.0029437681376923235



REPORT REPORT for Probe : /category----------------------------------------


------------------ Color = category --------------------
-----
meanST=1.4863130394439086 stDevST=0.9500584160287351

Steady State Statistics: numBatchesST=690 batchSizeST=400 stDevStdStateMeanST=0.05141448007109279
95% c.i. = 1.4863123339010853 +/- 0.0038362684843407215



REPORT REPORT for Probe : /product----------------------------------------


------------------ Color = product --------------------
-----
meanST=2.20890936605251 stDevST=1.1798154130521288

Steady State Statistics: numBatchesST=693 batchSizeST=400 stDevStdStateMeanST=0.062333192982408775
95% c.i. = 2.208967530721411 +/- 0.004640885436239536



