INFO Logging to /home/yjx/workloadConfig/qpme/output/SimQPN_Output_config_2025-08-14_081201659.log
WARN Batch means correlation test was run for depository of place Workload, color 0
    However, the standard deviation of the token residence time is 0 and therefore the result of the test is ignored!
    In future runs, you should set numBMeansCorlTested to 0 to switch off the correlation test!
WARN Batch means correlation test was run for depository of place W/index, color 0
    However, the standard deviation of the token residence time is 0 and therefore the result of the test is ignored!
    In future runs, you should set numBMeansCorlTested to 0 to switch off the correlation test!
WARN Batch means correlation test was run for depository of place P/categories_index, color 0
    However, the standard deviation of the token residence time is 0 and therefore the result of the test is ignored!
    In future runs, you should set numBMeansCorlTested to 0 to switch off the correlation test!
WARN Batch means correlation test was run for depository of place A/isLoggedIn_index, color 0
    However, the standard deviation of the token residence time is 0 and therefore the result of the test is ignored!
    In future runs, you should set numBMeansCorlTested to 0 to switch off the correlation test!
WARN Batch means correlation test was run for depository of place I/icon_index, color 0
    However, the standard deviation of the token residence time is 0 and therefore the result of the test is ignored!
    In future runs, you should set numBMeansCorlTested to 0 to switch off the correlation test!
WARN Batch means correlation test was run for depository of place W/login, color 0
    However, the standard deviation of the token residence time is 0 and therefore the result of the test is ignored!
    In future runs, you should set numBMeansCorlTested to 0 to switch off the correlation test!
WARN Batch means correlation test was run for depository of place P/categories_login, color 0
    However, the standard deviation of the token residence time is 0 and therefore the result of the test is ignored!
    In future runs, you should set numBMeansCorlTested to 0 to switch off the correlation test!
WARN Batch means correlation test was run for depository of place I/icon_login, color 0
    However, the standard deviation of the token residence time is 0 and therefore the result of the test is ignored!
    In future runs, you should set numBMeansCorlTested to 0 to switch off the correlation test!
WARN Batch means correlation test was run for depository of place A/isLoggedIn_login, color 0
    However, the standard deviation of the token residence time is 0 and therefore the result of the test is ignored!
    In future runs, you should set numBMeansCorlTested to 0 to switch off the correlation test!
WARN Batch means correlation test was run for depository of place I/icon_loginAction, color 0
    However, the standard deviation of the token residence time is 0 and therefore the result of the test is ignored!
    In future runs, you should set numBMeansCorlTested to 0 to switch off the correlation test!
WARN Batch means correlation test was run for depository of place W/loginAction, color 0
    However, the standard deviation of the token residence time is 0 and therefore the result of the test is ignored!
    In future runs, you should set numBMeansCorlTested to 0 to switch off the correlation test!
WARN Batch means correlation test was run for depository of place A/login_loginAction, color 0
    However, the standard deviation of the token residence time is 0 and therefore the result of the test is ignored!
    In future runs, you should set numBMeansCorlTested to 0 to switch off the correlation test!
WARN Batch means correlation test was run for depository of place P/getUser_loginAction, color 0
    However, the standard deviation of the token residence time is 0 and therefore the result of the test is ignored!
    In future runs, you should set numBMeansCorlTested to 0 to switch off the correlation test!
WARN Batch means correlation test was run for depository of place W/product, color 0
    However, the standard deviation of the token residence time is 0 and therefore the result of the test is ignored!
    In future runs, you should set numBMeansCorlTested to 0 to switch off the correlation test!
WARN Batch means correlation test was run for depository of place P/getProduct_product, color 0
    However, the standard deviation of the token residence time is 0 and therefore the result of the test is ignored!
    In future runs, you should set numBMeansCorlTested to 0 to switch off the correlation test!
WARN Batch means correlation test was run for depository of place R/getAds_product, color 0
    However, the standard deviation of the token residence time is 0 and therefore the result of the test is ignored!
    In future runs, you should set numBMeansCorlTested to 0 to switch off the correlation test!
WARN Batch means correlation test was run for depository of place I/product_product, color 0
    However, the standard deviation of the token residence time is 0 and therefore the result of the test is ignored!
    In future runs, you should set numBMeansCorlTested to 0 to switch off the correlation test!
WARN Batch means correlation test was run for depository of place A/isLoggedIn_product, color 0
    However, the standard deviation of the token residence time is 0 and therefore the result of the test is ignored!
    In future runs, you should set numBMeansCorlTested to 0 to switch off the correlation test!
WARN Batch means correlation test was run for depository of place W/category, color 0
    However, the standard deviation of the token residence time is 0 and therefore the result of the test is ignored!
    In future runs, you should set numBMeansCorlTested to 0 to switch off the correlation test!
WARN Batch means correlation test was run for depository of place P/category_category, color 0
    However, the standard deviation of the token residence time is 0 and therefore the result of the test is ignored!
    In future runs, you should set numBMeansCorlTested to 0 to switch off the correlation test!
WARN Batch means correlation test was run for depository of place I/productImages_category, color 0
    However, the standard deviation of the token residence time is 0 and therefore the result of the test is ignored!
    In future runs, you should set numBMeansCorlTested to 0 to switch off the correlation test!
WARN Batch means correlation test was run for depository of place A/isLoggedIn_category, color 0
    However, the standard deviation of the token residence time is 0 and therefore the result of the test is ignored!
    In future runs, you should set numBMeansCorlTested to 0 to switch off the correlation test!
WARN Batch means correlation test was run for depository of place W/logout, color 0
    However, the standard deviation of the token residence time is 0 and therefore the result of the test is ignored!
    In future runs, you should set numBMeansCorlTested to 0 to switch off the correlation test!
WARN Batch means correlation test was run for depository of place A/logout_logout, color 0
    However, the standard deviation of the token residence time is 0 and therefore the result of the test is ignored!
    In future runs, you should set numBMeansCorlTested to 0 to switch off the correlation test!
WARN Batch means correlation test was run for depository of place P/category_logout, color 0
    However, the standard deviation of the token residence time is 0 and therefore the result of the test is ignored!
    In future runs, you should set numBMeansCorlTested to 0 to switch off the correlation test!
WARN Batch means correlation test was run for depository of place I/icon_logout, color 0
    However, the standard deviation of the token residence time is 0 and therefore the result of the test is ignored!
    In future runs, you should set numBMeansCorlTested to 0 to switch off the correlation test!
WARN LP-1 The simulation was stopped because of reaching max totalRunLen.
The required precision may not have been reached!
REPORT for Queue of Queueing Place : W/index----------------------------------------

queueUtilQPl=0.0037091336306413103

------------------ Color = index --------------------
arrivCnt=277566 deptCnt=277566
arrivThrPut=0.027784380981014847 deptThrPut=0.027784380981014847
meanTkPop=0.0037398812378545195 tkColOcp=0.0037091336306413103
-----
meanST=0.13460372719514577 stDevST=0.25215809886136464

Steady State Statistics: numBatchesST=173 batchSizeST=1600 stDevStdStateMeanST=0.0066383254404126825
95% c.i. = 0.1346332831415959 +/- 9.9621830527186E-4



REPORT for Depository of Queueing Place : W/index----------------------------------------

tkOcp=0.0

------------------ Color = index --------------------
arrivCnt=277566 deptCnt=277566
arrivThrPut=0.027784380981014847 deptThrPut=0.027784380981014847
meanTkPop=0.0 tkColOcp=0.0
-----
meanST=0.0 stDevST=0.0

Steady State Statistics: numBatchesST=1387 batchSizeST=200 stDevStdStateMeanST=0.0
95% c.i. = 0.0 +/- 0.0



REPORT for Queue : WebUI----------------------------------------

totArrivThrPut=0.16656964926618936 totDeptThrPut=0.16656964926618936
meanTotTkPop=0.060334625040699204 queueUtil=0.054820208489923805
meanST=0.3622185992856385



REPORT for Queue of Queueing Place : P/categories_index----------------------------------------

queueUtilQPl=0.02648851323750501

------------------ Color = index --------------------
arrivCnt=277566 deptCnt=277566
arrivThrPut=0.027784380981014847 deptThrPut=0.027784380981014847
meanTkPop=0.02729990467051546 tkColOcp=0.02648851323750501
-----
meanST=0.9825629978645041 stDevST=1.0571717317030118

Steady State Statistics: numBatchesST=693 batchSizeST=400 stDevStdStateMeanST=0.05352370382813844
95% c.i. = 0.9825098410913963 +/- 0.003984993639900765



REPORT for Depository of Queueing Place : P/categories_index----------------------------------------

tkOcp=0.0

------------------ Color = index --------------------
arrivCnt=277566 deptCnt=277566
arrivThrPut=0.027784380981014847 deptThrPut=0.027784380981014847
meanTkPop=0.0 tkColOcp=0.0
-----
meanST=0.0 stDevST=0.0

Steady State Statistics: numBatchesST=1387 batchSizeST=200 stDevStdStateMeanST=0.0
95% c.i. = 0.0 +/- 0.0



REPORT for Queue : Persistence----------------------------------------

totArrivThrPut=0.16656964926618936 totDeptThrPut=0.16656964926618936
meanTotTkPop=0.1433526205830249 queueUtil=0.1190117976019722
meanST=0.8606166922638943



REPORT for Queue of Queueing Place : A/isLoggedIn_index----------------------------------------

queueUtilQPl=0.02607929923278837

------------------ Color = index --------------------
arrivCnt=277566 deptCnt=277566
arrivThrPut=0.027784380981014847 deptThrPut=0.027784380981014847
meanTkPop=0.0268000762931081 tkColOcp=0.02607929923278837
-----
meanST=0.9645734526682697 stDevST=0.9556330383281841

Steady State Statistics: numBatchesST=693 batchSizeST=400 stDevStdStateMeanST=0.050284334312193306
95% c.i. = 0.9645344127611776 +/- 0.003743813265691622



REPORT for Depository of Queueing Place : A/isLoggedIn_index----------------------------------------

tkOcp=0.0

------------------ Color = index --------------------
arrivCnt=277566 deptCnt=277566
arrivThrPut=0.027784380981014847 deptThrPut=0.027784380981014847
meanTkPop=0.0 tkColOcp=0.0
-----
meanST=0.0 stDevST=0.0

Steady State Statistics: numBatchesST=1387 batchSizeST=200 stDevStdStateMeanST=0.0
95% c.i. = 0.0 +/- 0.0



REPORT for Queue : Auth----------------------------------------

totArrivThrPut=0.16656964926618936 totDeptThrPut=0.16656964926618936
meanTotTkPop=0.07056479991878309 queueUtil=0.06338421915693913
meanST=0.4236353995439819



REPORT for Queue of Queueing Place : W/login----------------------------------------

queueUtilQPl=0.01223062746704031

------------------ Color = login --------------------
arrivCnt=278851 deptCnt=278851
arrivThrPut=0.027913009593887476 deptThrPut=0.027913009593887476
meanTkPop=0.012391904307613392 tkColOcp=0.01223062746704031
-----
meanST=0.4439472664505167 stDevST=0.46913603307391943

Steady State Statistics: numBatchesST=697 batchSizeST=400 stDevStdStateMeanST=0.024610720044694688
95% c.i. = 0.4439640634324381 +/- 0.001827073514941536



REPORT for Depository of Queueing Place : W/login----------------------------------------

tkOcp=0.0

------------------ Color = login --------------------
arrivCnt=278851 deptCnt=278851
arrivThrPut=0.027913009593887476 deptThrPut=0.027913009593887476
meanTkPop=0.0 tkColOcp=0.0
-----
meanST=0.0 stDevST=0.0

Steady State Statistics: numBatchesST=1394 batchSizeST=200 stDevStdStateMeanST=0.0
95% c.i. = 0.0 +/- 0.0



REPORT for Queue : WebUI----------------------------------------

totArrivThrPut=0.16656964926618936 totDeptThrPut=0.16656964926618936
meanTotTkPop=0.060334625040699204 queueUtil=0.054820208489923805
meanST=0.3622185992856385



REPORT for Queue of Queueing Place : W/loginAction----------------------------------------

queueUtilQPl=0.004021837883624166

------------------ Color = loginAction --------------------
arrivCnt=277339 deptCnt=277339
arrivThrPut=0.027761658261075482 deptThrPut=0.027761658261075482
meanTkPop=0.004053022452485988 tkColOcp=0.004021837883624166
-----
meanST=0.14599352871397872 stDevST=0.2514695337367178

Steady State Statistics: numBatchesST=693 batchSizeST=400 stDevStdStateMeanST=0.013279851816649082
95% c.i. = 0.1460063339233235 +/- 9.887231496178723E-4



REPORT for Depository of Queueing Place : W/loginAction----------------------------------------

tkOcp=0.0

------------------ Color = loginAction --------------------
arrivCnt=277339 deptCnt=277339
arrivThrPut=0.027761658261075482 deptThrPut=0.027761658261075482
meanTkPop=0.0 tkColOcp=0.0
-----
meanST=0.0 stDevST=0.0

Steady State Statistics: numBatchesST=1386 batchSizeST=200 stDevStdStateMeanST=0.0
95% c.i. = 0.0 +/- 0.0



REPORT for Queue : WebUI----------------------------------------

totArrivThrPut=0.16656964926618936 totDeptThrPut=0.16656964926618936
meanTotTkPop=0.060334625040699204 queueUtil=0.054820208489923805
meanST=0.3622185992856385



REPORT for Queue of Queueing Place : A/login_loginAction----------------------------------------

queueUtilQPl=0.003934167887760849

------------------ Color = loginAction --------------------
arrivCnt=277339 deptCnt=277339
arrivThrPut=0.027761658261075482 deptThrPut=0.027761658261075482
meanTkPop=0.003972748856530351 tkColOcp=0.003934167887760849
-----
meanST=0.14310200129869502 stDevST=0.2731862749580118

Steady State Statistics: numBatchesST=693 batchSizeST=400 stDevStdStateMeanST=0.01411959267322296
95% c.i. = 0.14308826989936804 +/- 0.0010512442707898432



REPORT for Depository of Queueing Place : A/login_loginAction----------------------------------------

tkOcp=0.0

------------------ Color = loginAction --------------------
arrivCnt=277339 deptCnt=277339
arrivThrPut=0.027761658261075482 deptThrPut=0.027761658261075482
meanTkPop=0.0 tkColOcp=0.0
-----
meanST=0.0 stDevST=0.0

Steady State Statistics: numBatchesST=1386 batchSizeST=200 stDevStdStateMeanST=0.0
95% c.i. = 0.0 +/- 0.0



REPORT for Queue : Auth----------------------------------------

totArrivThrPut=0.16656964926618936 totDeptThrPut=0.16656964926618936
meanTotTkPop=0.07056479991878309 queueUtil=0.06338421915693913
meanST=0.4236353995439819



REPORT for Queue of Queueing Place : W/logout----------------------------------------

queueUtilQPl=0.007553053443434251

------------------ Color = logout --------------------
arrivCnt=276199 deptCnt=276199
arrivThrPut=0.027647544160939452 deptThrPut=0.027647544160939452
meanTkPop=0.007627182729789044 tkColOcp=0.007553053443434251
-----
meanST=0.2758719792756405 stDevST=0.3328662465365524

Steady State Statistics: numBatchesST=345 batchSizeST=800 stDevStdStateMeanST=0.01227334101002275
95% c.i. = 0.2758586765068484 +/- 0.0012950941587101918



REPORT for Depository of Queueing Place : W/logout----------------------------------------

tkOcp=0.0

------------------ Color = logout --------------------
arrivCnt=276199 deptCnt=276199
arrivThrPut=0.027647544160939452 deptThrPut=0.027647544160939452
meanTkPop=0.0 tkColOcp=0.0
-----
meanST=0.0 stDevST=0.0

Steady State Statistics: numBatchesST=1380 batchSizeST=200 stDevStdStateMeanST=0.0
95% c.i. = 0.0 +/- 0.0



REPORT for Queue : WebUI----------------------------------------

totArrivThrPut=0.16656964926618936 totDeptThrPut=0.16656964926618936
meanTotTkPop=0.060334625040699204 queueUtil=0.054820208489923805
meanST=0.3622185992856385



REPORT for Queue of Queueing Place : A/logout_logout----------------------------------------

queueUtilQPl=0.003938061210308836

------------------ Color = logout --------------------
arrivCnt=276199 deptCnt=276199
arrivThrPut=0.027647544160939452 deptThrPut=0.027647544160939452
meanTkPop=0.003975481033040469 tkColOcp=0.003938061210308836
-----
meanST=0.14379147058772196 stDevST=0.27769754717185324

Steady State Statistics: numBatchesST=690 batchSizeST=400 stDevStdStateMeanST=0.014280556955012583
95% c.i. = 0.1438024017146608 +/- 0.0010655373838186332



REPORT for Depository of Queueing Place : A/logout_logout----------------------------------------

tkOcp=0.0

------------------ Color = logout --------------------
arrivCnt=276199 deptCnt=276199
arrivThrPut=0.027647544160939452 deptThrPut=0.027647544160939452
meanTkPop=0.0 tkColOcp=0.0
-----
meanST=0.0 stDevST=0.0

Steady State Statistics: numBatchesST=1380 batchSizeST=200 stDevStdStateMeanST=0.0
95% c.i. = 0.0 +/- 0.0



REPORT for Queue : Auth----------------------------------------

totArrivThrPut=0.16656964926618936 totDeptThrPut=0.16656964926618936
meanTotTkPop=0.07056479991878309 queueUtil=0.06338421915693913
meanST=0.4236353995439819



REPORT for Queue of Queueing Place : P/getUser_loginAction----------------------------------------

queueUtilQPl=0.015372928677979509

------------------ Color = loginAction --------------------
arrivCnt=277339 deptCnt=277339
arrivThrPut=0.027761658261075482 deptThrPut=0.027761658261075482
meanTkPop=0.015739087913326122 tkColOcp=0.015372928677979509
-----
meanST=0.5669361594078061 stDevST=0.7767084021453075

Steady State Statistics: numBatchesST=693 batchSizeST=400 stDevStdStateMeanST=0.040284928116325454
95% c.i. = 0.5669103591690706 +/- 0.0029993287243888383



REPORT for Depository of Queueing Place : P/getUser_loginAction----------------------------------------

tkOcp=0.0

------------------ Color = loginAction --------------------
arrivCnt=277339 deptCnt=277339
arrivThrPut=0.027761658261075482 deptThrPut=0.027761658261075482
meanTkPop=0.0 tkColOcp=0.0
-----
meanST=0.0 stDevST=0.0

Steady State Statistics: numBatchesST=1386 batchSizeST=200 stDevStdStateMeanST=0.0
95% c.i. = 0.0 +/- 0.0



REPORT for Queue : Persistence----------------------------------------

totArrivThrPut=0.16656964926618936 totDeptThrPut=0.16656964926618936
meanTotTkPop=0.1433526205830249 queueUtil=0.1190117976019722
meanST=0.8606166922638943



REPORT for Queue of Queueing Place : W/category----------------------------------------

queueUtilQPl=0.025512714506347945

------------------ Color = category --------------------
arrivCnt=276649 deptCnt=276649
arrivThrPut=0.02769258920046683 deptThrPut=0.02769258920046683
meanTkPop=0.026183590958529075 tkColOcp=0.025512714506347945
-----
meanST=0.9455089507516213 stDevST=0.9449399636901354

Steady State Statistics: numBatchesST=691 batchSizeST=400 stDevStdStateMeanST=0.04826769172954632
95% c.i. = 0.945438404421674 +/- 0.003598865347398071



REPORT for Depository of Queueing Place : W/category----------------------------------------

tkOcp=0.0

------------------ Color = category --------------------
arrivCnt=276649 deptCnt=276649
arrivThrPut=0.02769258920046683 deptThrPut=0.02769258920046683
meanTkPop=0.0 tkColOcp=0.0
-----
meanST=0.0 stDevST=0.0

Steady State Statistics: numBatchesST=1383 batchSizeST=200 stDevStdStateMeanST=0.0
95% c.i. = 0.0 +/- 0.0



REPORT for Queue : WebUI----------------------------------------

totArrivThrPut=0.16656964926618936 totDeptThrPut=0.16656964926618936
meanTotTkPop=0.060334625040699204 queueUtil=0.054820208489923805
meanST=0.3622185992856385



REPORT for Queue of Queueing Place : W/product----------------------------------------

queueUtilQPl=0.006283979954175596

------------------ Color = product --------------------
arrivCnt=277427 deptCnt=277427
arrivThrPut=0.02777046706880528 deptThrPut=0.02777046706880528
meanTkPop=0.006339043354427186 tkColOcp=0.006283979954175596
-----
meanST=0.22826563697042995 stDevST=0.2974214896826653

Steady State Statistics: numBatchesST=693 batchSizeST=400 stDevStdStateMeanST=0.015220633926467355
95% c.i. = 0.22826196246343503 +/- 0.0011332199577777197



REPORT for Depository of Queueing Place : W/product----------------------------------------

tkOcp=0.0

------------------ Color = product --------------------
arrivCnt=277427 deptCnt=277427
arrivThrPut=0.02777046706880528 deptThrPut=0.02777046706880528
meanTkPop=0.0 tkColOcp=0.0
-----
meanST=0.0 stDevST=0.0

Steady State Statistics: numBatchesST=1387 batchSizeST=200 stDevStdStateMeanST=0.0
95% c.i. = 0.0 +/- 0.0



REPORT for Queue : WebUI----------------------------------------

totArrivThrPut=0.16656964926618936 totDeptThrPut=0.16656964926618936
meanTotTkPop=0.060334625040699204 queueUtil=0.054820208489923805
meanST=0.3622185992856385



REPORT for Queue of Queueing Place : P/category_category----------------------------------------

queueUtilQPl=0.017137014829699853

------------------ Color = category --------------------
arrivCnt=276649 deptCnt=276649
arrivThrPut=0.02769258920046683 deptThrPut=0.02769258920046683
meanTkPop=0.017486056437599082 tkColOcp=0.017137014829699853
-----
meanST=0.6314345080200846 stDevST=0.7690676405184405

Steady State Statistics: numBatchesST=691 batchSizeST=400 stDevStdStateMeanST=0.03950082038190424
95% c.i. = 0.6313696911887205 +/- 0.0029452026515535802



REPORT for Depository of Queueing Place : P/category_category----------------------------------------

tkOcp=0.0

------------------ Color = category --------------------
arrivCnt=276649 deptCnt=276649
arrivThrPut=0.02769258920046683 deptThrPut=0.02769258920046683
meanTkPop=0.0 tkColOcp=0.0
-----
meanST=0.0 stDevST=0.0

Steady State Statistics: numBatchesST=1383 batchSizeST=200 stDevStdStateMeanST=0.0
95% c.i. = 0.0 +/- 0.0



REPORT for Queue : Persistence----------------------------------------

totArrivThrPut=0.16656964926618936 totDeptThrPut=0.16656964926618936
meanTotTkPop=0.1433526205830249 queueUtil=0.1190117976019722
meanST=0.8606166922638943



REPORT for Queue of Queueing Place : P/getProduct_product----------------------------------------

queueUtilQPl=0.0498322179803913

------------------ Color = product --------------------
arrivCnt=277427 deptCnt=277427
arrivThrPut=0.02777046706880528 deptThrPut=0.02777046706880528
meanTkPop=0.052397377051727784 tkColOcp=0.0498322179803913
-----
meanST=1.8868021528736205 stDevST=1.8494089030144119

Steady State Statistics: numBatchesST=693 batchSizeST=400 stDevStdStateMeanST=0.10338102894501398
95% c.i. = 1.8868578545340942 +/- 0.007697014843275768



REPORT for Depository of Queueing Place : P/getProduct_product----------------------------------------

tkOcp=0.0

------------------ Color = product --------------------
arrivCnt=277427 deptCnt=277427
arrivThrPut=0.02777046706880528 deptThrPut=0.02777046706880528
meanTkPop=0.0 tkColOcp=0.0
-----
meanST=0.0 stDevST=0.0

Steady State Statistics: numBatchesST=1387 batchSizeST=200 stDevStdStateMeanST=0.0
95% c.i. = 0.0 +/- 0.0



REPORT for Queue : Persistence----------------------------------------

totArrivThrPut=0.16656964926618936 totDeptThrPut=0.16656964926618936
meanTotTkPop=0.1433526205830249 queueUtil=0.1190117976019722
meanST=0.8606166922638943



REPORT for Queue of Queueing Place : R/getAds_product----------------------------------------

queueUtilQPl=0.005404818996275791

------------------ Color = product --------------------
arrivCnt=277427 deptCnt=277427
arrivThrPut=0.02777046706880528 deptThrPut=0.02777046706880528
meanTkPop=0.005432051211221399 tkColOcp=0.005404818996275791
-----
meanST=0.19560532409349546 stDevST=0.1951791062999614

Steady State Statistics: Only 43 batches collected!
Need at least 60 for steady state statistics.



REPORT for Depository of Queueing Place : R/getAds_product----------------------------------------

tkOcp=0.0

------------------ Color = product --------------------
arrivCnt=277427 deptCnt=277427
arrivThrPut=0.02777046706880528 deptThrPut=0.02777046706880528
meanTkPop=0.0 tkColOcp=0.0
-----
meanST=0.0 stDevST=0.0

Steady State Statistics: numBatchesST=1387 batchSizeST=200 stDevStdStateMeanST=0.0
95% c.i. = 0.0 +/- 0.0



REPORT for Queue : Recommender----------------------------------------

totArrivThrPut=0.02777046706880528 totDeptThrPut=0.02777046706880528
meanTotTkPop=0.005432051211221399 queueUtil=0.005404818996275791
meanST=0.19560532409349546



REPORT for Queue of Queueing Place : I/productImages_category----------------------------------------

queueUtilQPl=0.006108592168631298

------------------ Color = category --------------------
arrivCnt=276649 deptCnt=276649
arrivThrPut=0.02769258920046683 deptThrPut=0.02769258920046683
meanTkPop=0.006147831439941251 tkColOcp=0.006108592168631298
-----
meanST=0.22200276743489242 stDevST=0.23029453278327017

Steady State Statistics: numBatchesST=691 batchSizeST=400 stDevStdStateMeanST=0.011302820788628471
95% c.i. = 0.2220098678391422 +/- 8.427444654277002E-4



REPORT for Depository of Queueing Place : I/productImages_category----------------------------------------

tkOcp=0.0

------------------ Color = category --------------------
arrivCnt=276649 deptCnt=276649
arrivThrPut=0.02769258920046683 deptThrPut=0.02769258920046683
meanTkPop=0.0 tkColOcp=0.0
-----
meanST=0.0 stDevST=0.0

Steady State Statistics: numBatchesST=1383 batchSizeST=200 stDevStdStateMeanST=0.0
95% c.i. = 0.0 +/- 0.0



REPORT for Queue : ImageProvider----------------------------------------

totArrivThrPut=0.1665696492661894 totDeptThrPut=0.1665696492661894
meanTotTkPop=0.044818217492291784 queueUtil=0.04190765771129519
meanST=0.26906592941592433



REPORT for Queue of Queueing Place : I/product_product----------------------------------------

queueUtilQPl=0.004078613151695021

------------------ Color = product --------------------
arrivCnt=277427 deptCnt=277427
arrivThrPut=0.02777046706880528 deptThrPut=0.02777046706880528
meanTkPop=0.004101300786642039 tkColOcp=0.004078613151695021
-----
meanST=0.1476856970565343 stDevST=0.19640257063652816

Steady State Statistics: numBatchesST=346 batchSizeST=800 stDevStdStateMeanST=0.007619636346123786
95% c.i. = 0.1476805798241082 +/- 8.028682548090623E-4



REPORT for Depository of Queueing Place : I/product_product----------------------------------------

tkOcp=0.0

------------------ Color = product --------------------
arrivCnt=277427 deptCnt=277427
arrivThrPut=0.02777046706880528 deptThrPut=0.02777046706880528
meanTkPop=0.0 tkColOcp=0.0
-----
meanST=0.0 stDevST=0.0

Steady State Statistics: numBatchesST=1387 batchSizeST=200 stDevStdStateMeanST=0.0
95% c.i. = 0.0 +/- 0.0



REPORT for Queue : ImageProvider----------------------------------------

totArrivThrPut=0.1665696492661894 totDeptThrPut=0.1665696492661894
meanTotTkPop=0.044818217492291784 queueUtil=0.04190765771129519
meanST=0.26906592941592433



REPORT for Queue of Queueing Place : Workload----------------------------------------

queueUtilQPl=1.0

------------------ Color = workload --------------------
arrivCnt=1664031 deptCnt=1664032
arrivThrPut=0.16656964926618936 deptThrPut=0.16656974936627722
meanTkPop=1.0 tkColOcp=1.0
-----
meanST=6.00349164971589 stDevST=6.005840816637872

Steady State Statistics: numBatchesST=4160 batchSizeST=400 stDevStdStateMeanST=0.3058011252539166
95% c.i. = 6.003477952805221 +/- 0.009292669786822227



REPORT for Depository of Queueing Place : Workload----------------------------------------

tkOcp=0.0

------------------ Color = workload --------------------
arrivCnt=1664032 deptCnt=1664031
arrivThrPut=0.16656974936627722 deptThrPut=0.16656964926618936
meanTkPop=0.0 tkColOcp=0.0
-----
meanST=0.0 stDevST=0.0

Steady State Statistics: numBatchesST=8320 batchSizeST=200 stDevStdStateMeanST=0.0
95% c.i. = 0.0 +/- 0.0



REPORT for Queue : Workload----------------------------------------

totArrivThrPut=0.16656964926618936 totDeptThrPut=0.16656974936627722
meanTotTkPop=1.0 queueUtil=1.0
meanST=6.00349164971589



REPORT for Queue of Queueing Place : I/icon_index----------------------------------------

queueUtilQPl=0.003225998368811643

------------------ Color = index --------------------
arrivCnt=277566 deptCnt=277566
arrivThrPut=0.027784380981014847 deptThrPut=0.027784380981014847
meanTkPop=0.003239917970236801 tkColOcp=0.003225998368811643
-----
meanST=0.1166093271054211 stDevST=0.1502637520101813

Steady State Statistics: numBatchesST=693 batchSizeST=400 stDevStdStateMeanST=0.007274334977919766
95% c.i. = 0.11661671307421369 +/- 5.415951540759834E-4



REPORT for Depository of Queueing Place : I/icon_index----------------------------------------

tkOcp=0.0

------------------ Color = index --------------------
arrivCnt=277566 deptCnt=277566
arrivThrPut=0.027784380981014847 deptThrPut=0.027784380981014847
meanTkPop=0.0 tkColOcp=0.0
-----
meanST=0.0 stDevST=0.0

Steady State Statistics: numBatchesST=1387 batchSizeST=200 stDevStdStateMeanST=0.0
95% c.i. = 0.0 +/- 0.0



REPORT for Queue : ImageProvider----------------------------------------

totArrivThrPut=0.1665696492661894 totDeptThrPut=0.1665696492661894
meanTotTkPop=0.044818217492291784 queueUtil=0.04190765771129519
meanST=0.26906592941592433



REPORT for Queue of Queueing Place : P/categories_login----------------------------------------

queueUtilQPl=0.02288059819302499

------------------ Color = login --------------------
arrivCnt=278851 deptCnt=278851
arrivThrPut=0.027913009593887476 deptThrPut=0.027913009593887476
meanTkPop=0.023467396670910124 tkColOcp=0.02288059819302499
-----
meanST=0.8407333000755721 stDevST=0.9359705342322768

Steady State Statistics: numBatchesST=348 batchSizeST=800 stDevStdStateMeanST=0.03593432362502652
95% c.i. = 0.8407056469775477 +/- 0.0037754432254222306



REPORT for Depository of Queueing Place : P/categories_login----------------------------------------

tkOcp=0.0

------------------ Color = login --------------------
arrivCnt=278851 deptCnt=278851
arrivThrPut=0.027913009593887476 deptThrPut=0.027913009593887476
meanTkPop=0.0 tkColOcp=0.0
-----
meanST=0.0 stDevST=0.0

Steady State Statistics: numBatchesST=1394 batchSizeST=200 stDevStdStateMeanST=0.0
95% c.i. = 0.0 +/- 0.0



REPORT for Queue : Persistence----------------------------------------

totArrivThrPut=0.16656964926618936 totDeptThrPut=0.16656964926618936
meanTotTkPop=0.1433526205830249 queueUtil=0.1190117976019722
meanST=0.8606166922638943



REPORT for Queue of Queueing Place : I/icon_login----------------------------------------

queueUtilQPl=0.004203533067158266

------------------ Color = login --------------------
arrivCnt=278851 deptCnt=278851
arrivThrPut=0.027913009593887476 deptThrPut=0.027913009593887476
meanTkPop=0.004224016749395125 tkColOcp=0.004203533067158266
-----
meanST=0.1513278865608286 stDevST=0.16916248194106354

Steady State Statistics: numBatchesST=697 batchSizeST=400 stDevStdStateMeanST=0.008585979774919332
95% c.i. = 0.1513333130293002 +/- 6.374139488031957E-4



REPORT for Depository of Queueing Place : I/icon_login----------------------------------------

tkOcp=0.0

------------------ Color = login --------------------
arrivCnt=278851 deptCnt=278851
arrivThrPut=0.027913009593887476 deptThrPut=0.027913009593887476
meanTkPop=0.0 tkColOcp=0.0
-----
meanST=0.0 stDevST=0.0

Steady State Statistics: numBatchesST=1394 batchSizeST=200 stDevStdStateMeanST=0.0
95% c.i. = 0.0 +/- 0.0



REPORT for Queue : ImageProvider----------------------------------------

totArrivThrPut=0.1665696492661894 totDeptThrPut=0.1665696492661894
meanTotTkPop=0.044818217492291784 queueUtil=0.04190765771129519
meanST=0.26906592941592433



REPORT for Queue of Queueing Place : A/isLoggedIn_login----------------------------------------

queueUtilQPl=0.018432741197581384

------------------ Color = login --------------------
arrivCnt=278851 deptCnt=278851
arrivThrPut=0.027913009593887476 deptThrPut=0.027913009593887476
meanTkPop=0.018796581016928805 tkColOcp=0.018432741197581384
-----
meanST=0.6733985797448717 stDevST=0.6805549486004452

Steady State Statistics: numBatchesST=697 batchSizeST=400 stDevStdStateMeanST=0.03605333309802335
95% c.i. = 0.6734038697934065 +/- 0.002676560860841759



REPORT for Depository of Queueing Place : A/isLoggedIn_login----------------------------------------

tkOcp=0.0

------------------ Color = login --------------------
arrivCnt=278851 deptCnt=278851
arrivThrPut=0.027913009593887476 deptThrPut=0.027913009593887476
meanTkPop=0.0 tkColOcp=0.0
-----
meanST=0.0 stDevST=0.0

Steady State Statistics: numBatchesST=1394 batchSizeST=200 stDevStdStateMeanST=0.0
95% c.i. = 0.0 +/- 0.0



REPORT for Queue : Auth----------------------------------------

totArrivThrPut=0.16656964926618936 totDeptThrPut=0.16656964926618936
meanTotTkPop=0.07056479991878309 queueUtil=0.06338421915693913
meanST=0.4236353995439819



REPORT for Queue of Queueing Place : A/isLoggedIn_category----------------------------------------

queueUtilQPl=0.011884064631359346

------------------ Color = category --------------------
arrivCnt=276649 deptCnt=276649
arrivThrPut=0.02769258920046683 deptThrPut=0.02769258920046683
meanTkPop=0.012040303446236467 tkColOcp=0.011884064631359346
-----
meanST=0.43478431572709336 stDevST=0.46770720605330746

Steady State Statistics: numBatchesST=691 batchSizeST=400 stDevStdStateMeanST=0.0252614162104131
95% c.i. = 0.43473477829301144 +/- 0.001883504931937836



REPORT for Depository of Queueing Place : A/isLoggedIn_category----------------------------------------

tkOcp=0.0

------------------ Color = category --------------------
arrivCnt=276649 deptCnt=276649
arrivThrPut=0.02769258920046683 deptThrPut=0.02769258920046683
meanTkPop=0.0 tkColOcp=0.0
-----
meanST=0.0 stDevST=0.0

Steady State Statistics: numBatchesST=1383 batchSizeST=200 stDevStdStateMeanST=0.0
95% c.i. = 0.0 +/- 0.0



REPORT for Queue : Auth----------------------------------------

totArrivThrPut=0.16656964926618936 totDeptThrPut=0.16656964926618936
meanTotTkPop=0.07056479991878309 queueUtil=0.06338421915693913
meanST=0.4236353995439819



REPORT for Queue of Queueing Place : I/icon_logout----------------------------------------

queueUtilQPl=0.015750345170098535

------------------ Color = logout --------------------
arrivCnt=276199 deptCnt=276199
arrivThrPut=0.027647544160939452 deptThrPut=0.027647544160939452
meanTkPop=0.01607406692728276 tkColOcp=0.015750345170098535
-----
meanST=0.5813922145747852 stDevST=0.5735129298012452

Steady State Statistics: numBatchesST=690 batchSizeST=400 stDevStdStateMeanST=0.030571842056344844
95% c.i. = 0.5814036769016434 +/- 0.0022811043508915753



REPORT for Depository of Queueing Place : I/icon_logout----------------------------------------

tkOcp=0.0

------------------ Color = logout --------------------
arrivCnt=276199 deptCnt=276199
arrivThrPut=0.027647544160939452 deptThrPut=0.027647544160939452
meanTkPop=0.0 tkColOcp=0.0
-----
meanST=0.0 stDevST=0.0

Steady State Statistics: numBatchesST=1380 batchSizeST=200 stDevStdStateMeanST=0.0
95% c.i. = 0.0 +/- 0.0



REPORT for Queue : ImageProvider----------------------------------------

totArrivThrPut=0.1665696492661894 totDeptThrPut=0.1665696492661894
meanTotTkPop=0.044818217492291784 queueUtil=0.04190765771129519
meanST=0.26906592941592433



REPORT for Queue of Queueing Place : I/icon_loginAction----------------------------------------

queueUtilQPl=0.010881128217875524

------------------ Color = loginAction --------------------
arrivCnt=277339 deptCnt=277339
arrivThrPut=0.027761658261075482 deptThrPut=0.027761658261075482
meanTkPop=0.011031083618793801 tkColOcp=0.010881128217875524
-----
meanST=0.39734959327917535 stDevST=0.39826192216220935

Steady State Statistics: numBatchesST=693 batchSizeST=400 stDevStdStateMeanST=0.01942713798826051
95% c.i. = 0.39737360140211464 +/- 0.0014464062796041605



REPORT for Depository of Queueing Place : I/icon_loginAction----------------------------------------

tkOcp=0.0

------------------ Color = loginAction --------------------
arrivCnt=277339 deptCnt=277340
arrivThrPut=0.027761658261075482 deptThrPut=0.02776175836116332
meanTkPop=0.0 tkColOcp=0.0
-----
meanST=0.0 stDevST=0.0

Steady State Statistics: numBatchesST=1386 batchSizeST=200 stDevStdStateMeanST=0.0
95% c.i. = 0.0 +/- 0.0



REPORT for Queue : ImageProvider----------------------------------------

totArrivThrPut=0.1665696492661894 totDeptThrPut=0.1665696492661894
meanTotTkPop=0.044818217492291784 queueUtil=0.04190765771129519
meanST=0.26906592941592433



REPORT for Queue of Queueing Place : A/isLoggedIn_product----------------------------------------

queueUtilQPl=0.004938310537480278

------------------ Color = product --------------------
arrivCnt=277427 deptCnt=277427
arrivThrPut=0.02777046706880528 deptThrPut=0.02777046706880528
meanTkPop=0.004979609272938883 tkColOcp=0.004938310537480278
-----
meanST=0.17931312644476569 stDevST=0.28818173912159945

Steady State Statistics: numBatchesST=693 batchSizeST=400 stDevStdStateMeanST=0.014514204627540116
95% c.i. = 0.17932142733673703 +/- 0.0010806242653663017



REPORT for Depository of Queueing Place : A/isLoggedIn_product----------------------------------------

tkOcp=0.0

------------------ Color = product --------------------
arrivCnt=277427 deptCnt=277427
arrivThrPut=0.02777046706880528 deptThrPut=0.02777046706880528
meanTkPop=0.0 tkColOcp=0.0
-----
meanST=0.0 stDevST=0.0

Steady State Statistics: numBatchesST=1387 batchSizeST=200 stDevStdStateMeanST=0.0
95% c.i. = 0.0 +/- 0.0



REPORT for Queue : Auth----------------------------------------

totArrivThrPut=0.16656964926618936 totDeptThrPut=0.16656964926618936
meanTotTkPop=0.07056479991878309 queueUtil=0.06338421915693913
meanST=0.4236353995439819



REPORT for Queue of Queueing Place : P/category_logout----------------------------------------

queueUtilQPl=0.006765777552939358

------------------ Color = logout --------------------
arrivCnt=276199 deptCnt=276199
arrivThrPut=0.027647544160939452 deptThrPut=0.027647544160939452
meanTkPop=0.006962797838946328 tkColOcp=0.006765777552939358
-----
meanST=0.25184145826533816 stDevST=0.6604100502906672

Steady State Statistics: numBatchesST=690 batchSizeST=400 stDevStdStateMeanST=0.035432848598798125
95% c.i. = 0.2518879236923609 +/- 0.002643806184600719



REPORT for Depository of Queueing Place : P/category_logout----------------------------------------

tkOcp=0.0

------------------ Color = logout --------------------
arrivCnt=276199 deptCnt=276199
arrivThrPut=0.027647544160939452 deptThrPut=0.027647544160939452
meanTkPop=0.0 tkColOcp=0.0
-----
meanST=0.0 stDevST=0.0

Steady State Statistics: numBatchesST=1380 batchSizeST=200 stDevStdStateMeanST=0.0
95% c.i. = 0.0 +/- 0.0



REPORT for Queue : Persistence----------------------------------------

totArrivThrPut=0.16656964926618936 totDeptThrPut=0.16656964926618936
meanTotTkPop=0.1433526205830249 queueUtil=0.1190117976019722
meanST=0.8606166922638943



REPORT for Ordinary Place : Finish_index----------------------------------------

tkOcp=1.0

------------------ Color = index --------------------
arrivCnt=277566 deptCnt=0
arrivThrPut=0.027784380981014847 deptThrPut=0.0
meanTkPop=139130.94264689542 tkColOcp=1.0
-----
meanST=NaN stDevST=NaN

Steady State Statistics: Only 0 batches collected!
Need at least 60 for steady state statistics.



REPORT for Ordinary Place : Finish_login----------------------------------------

tkOcp=1.0

------------------ Color = login --------------------
arrivCnt=278851 deptCnt=0
arrivThrPut=0.027913009593887476 deptThrPut=0.0
meanTkPop=139569.40754891207 tkColOcp=1.0
-----
meanST=NaN stDevST=NaN

Steady State Statistics: Only 0 batches collected!
Need at least 60 for steady state statistics.



REPORT for Ordinary Place : Finish_loginAction----------------------------------------

tkOcp=1.0

------------------ Color = loginAction --------------------
arrivCnt=277340 deptCnt=0
arrivThrPut=0.02776175836116332 deptThrPut=0.0
meanTkPop=138966.29773834924 tkColOcp=1.0
-----
meanST=NaN stDevST=NaN

Steady State Statistics: Only 0 batches collected!
Need at least 60 for steady state statistics.



REPORT for Ordinary Place : Finish_category----------------------------------------

tkOcp=1.0

------------------ Color = category --------------------
arrivCnt=276649 deptCnt=0
arrivThrPut=0.02769258920046683 deptThrPut=0.0
meanTkPop=138456.41769315448 tkColOcp=1.0
-----
meanST=NaN stDevST=NaN

Steady State Statistics: Only 0 batches collected!
Need at least 60 for steady state statistics.



REPORT for Ordinary Place : Finish_product----------------------------------------

tkOcp=1.0

------------------ Color = product --------------------
arrivCnt=277427 deptCnt=0
arrivThrPut=0.02777046706880528 deptThrPut=0.0
meanTkPop=139221.66271919923 tkColOcp=1.0
-----
meanST=NaN stDevST=NaN

Steady State Statistics: Only 0 batches collected!
Need at least 60 for steady state statistics.



REPORT for Ordinary Place : Finish_logout----------------------------------------

tkOcp=1.0

------------------ Color = logout --------------------
arrivCnt=276199 deptCnt=0
arrivThrPut=0.027647544160939452 deptThrPut=0.0
meanTkPop=138275.69601087767 tkColOcp=1.0
-----
meanST=NaN stDevST=NaN

Steady State Statistics: Only 0 batches collected!
Need at least 60 for steady state statistics.



REPORT REPORT for Probe : /index----------------------------------------


------------------ Color = index --------------------
-----
meanST=2.1983495048333404 stDevST=1.468153222831224

Steady State Statistics: numBatchesST=693 batchSizeST=400 stDevStdStateMeanST=0.07769618504152706
95% c.i. = 2.1982843108952763 +/- 0.005784704366297344



REPORT REPORT for Probe : /login----------------------------------------


------------------ Color = login --------------------
-----
meanST=2.1094070328317893 stDevST=1.2623796289292615

Steady State Statistics: numBatchesST=697 batchSizeST=400 stDevStdStateMeanST=0.06723534268762713
95% c.i. = 2.1093990121595123 +/- 0.00499147987825992



REPORT REPORT for Probe : /loginAction----------------------------------------


------------------ Color = loginAction --------------------
-----
meanST=1.253380344435505 stDevST=0.9664322048955681

Steady State Statistics: numBatchesST=693 batchSizeST=400 stDevStdStateMeanST=0.04891324389366549
95% c.i. = 1.2533813172151305 +/- 0.0036417316419103877



REPORT REPORT for Probe : /logout----------------------------------------


------------------ Color = logout --------------------
-----
meanST=1.252897122703486 stDevST=0.9977761855797447

Steady State Statistics: numBatchesST=690 batchSizeST=400 stDevStdStateMeanST=0.052126922326626246
95% c.i. = 1.252952678815512 +/- 0.003889427045276015



REPORT REPORT for Probe : /category----------------------------------------


------------------ Color = category --------------------
-----
meanST=2.233730541933692 stDevST=1.302889776128394

Steady State Statistics: numBatchesST=691 batchSizeST=400 stDevStdStateMeanST=0.06418794043011093
95% c.i. = 2.2335527417425483 +/- 0.0047858877492866



REPORT REPORT for Probe : /product----------------------------------------


------------------ Color = product --------------------
-----
meanST=2.6376719374388458 stDevST=1.93762831160364

Steady State Statistics: numBatchesST=693 batchSizeST=400 stDevStdStateMeanST=0.109601518500483
95% c.i. = 2.637720548187057 +/- 0.00816014817566263



