INFO Logging to /home/yjx/workloadConfig/qpme/output/SimQPN_Output_config_2025-08-14_023822357.log
WARN Batch means correlation test was run for depository of place Workload, color 0
    However, the standard deviation of the token residence time is 0 and therefore the result of the test is ignored!
    In future runs, you should set numBMeansCorlTested to 0 to switch off the correlation test!
WARN Batch means correlation test was run for depository of place W/product, color 0
    However, the standard deviation of the token residence time is 0 and therefore the result of the test is ignored!
    In future runs, you should set numBMeansCorlTested to 0 to switch off the correlation test!
WARN Batch means correlation test was run for depository of place P/getProduct_product, color 0
    However, the standard deviation of the token residence time is 0 and therefore the result of the test is ignored!
    In future runs, you should set numBMeansCorlTested to 0 to switch off the correlation test!
WARN Batch means correlation test was run for depository of place R/getAds_product, color 0
    However, the standard deviation of the token residence time is 0 and therefore the result of the test is ignored!
    In future runs, you should set numBMeansCorlTested to 0 to switch off the correlation test!
WARN Batch means correlation test was run for depository of place I/product_product, color 0
    However, the standard deviation of the token residence time is 0 and therefore the result of the test is ignored!
    In future runs, you should set numBMeansCorlTested to 0 to switch off the correlation test!
WARN Batch means correlation test was run for depository of place A/isLoggedIn_product, color 0
    However, the standard deviation of the token residence time is 0 and therefore the result of the test is ignored!
    In future runs, you should set numBMeansCorlTested to 0 to switch off the correlation test!
WARN Batch means correlation test was run for depository of place W/logout, color 0
    However, the standard deviation of the token residence time is 0 and therefore the result of the test is ignored!
    In future runs, you should set numBMeansCorlTested to 0 to switch off the correlation test!
WARN Batch means correlation test was run for depository of place A/logout_logout, color 0
    However, the standard deviation of the token residence time is 0 and therefore the result of the test is ignored!
    In future runs, you should set numBMeansCorlTested to 0 to switch off the correlation test!
WARN Batch means correlation test was run for depository of place P/category_logout, color 0
    However, the standard deviation of the token residence time is 0 and therefore the result of the test is ignored!
    In future runs, you should set numBMeansCorlTested to 0 to switch off the correlation test!
WARN Batch means correlation test was run for depository of place I/icon_logout, color 0
    However, the standard deviation of the token residence time is 0 and therefore the result of the test is ignored!
    In future runs, you should set numBMeansCorlTested to 0 to switch off the correlation test!
WARN Batch means correlation test was run for depository of place W/loginAction, color 0
    However, the standard deviation of the token residence time is 0 and therefore the result of the test is ignored!
    In future runs, you should set numBMeansCorlTested to 0 to switch off the correlation test!
WARN Batch means correlation test was run for depository of place A/login_loginAction, color 0
    However, the standard deviation of the token residence time is 0 and therefore the result of the test is ignored!
    In future runs, you should set numBMeansCorlTested to 0 to switch off the correlation test!
WARN Batch means correlation test was run for depository of place P/getUser_loginAction, color 0
    However, the standard deviation of the token residence time is 0 and therefore the result of the test is ignored!
    In future runs, you should set numBMeansCorlTested to 0 to switch off the correlation test!
WARN Batch means correlation test was run for depository of place I/icon_loginAction, color 0
    However, the standard deviation of the token residence time is 0 and therefore the result of the test is ignored!
    In future runs, you should set numBMeansCorlTested to 0 to switch off the correlation test!
WARN Batch means correlation test was run for depository of place W/index, color 0
    However, the standard deviation of the token residence time is 0 and therefore the result of the test is ignored!
    In future runs, you should set numBMeansCorlTested to 0 to switch off the correlation test!
WARN Batch means correlation test was run for depository of place P/categories_index, color 0
    However, the standard deviation of the token residence time is 0 and therefore the result of the test is ignored!
    In future runs, you should set numBMeansCorlTested to 0 to switch off the correlation test!
WARN Batch means correlation test was run for depository of place A/isLoggedIn_index, color 0
    However, the standard deviation of the token residence time is 0 and therefore the result of the test is ignored!
    In future runs, you should set numBMeansCorlTested to 0 to switch off the correlation test!
WARN Batch means correlation test was run for depository of place I/icon_index, color 0
    However, the standard deviation of the token residence time is 0 and therefore the result of the test is ignored!
    In future runs, you should set numBMeansCorlTested to 0 to switch off the correlation test!
WARN Batch means correlation test was run for depository of place W/category, color 0
    However, the standard deviation of the token residence time is 0 and therefore the result of the test is ignored!
    In future runs, you should set numBMeansCorlTested to 0 to switch off the correlation test!
WARN Batch means correlation test was run for depository of place P/category_category, color 0
    However, the standard deviation of the token residence time is 0 and therefore the result of the test is ignored!
    In future runs, you should set numBMeansCorlTested to 0 to switch off the correlation test!
WARN Batch means correlation test was run for depository of place I/productImages_category, color 0
    However, the standard deviation of the token residence time is 0 and therefore the result of the test is ignored!
    In future runs, you should set numBMeansCorlTested to 0 to switch off the correlation test!
WARN Batch means correlation test was run for depository of place A/isLoggedIn_category, color 0
    However, the standard deviation of the token residence time is 0 and therefore the result of the test is ignored!
    In future runs, you should set numBMeansCorlTested to 0 to switch off the correlation test!
WARN Batch means correlation test was run for depository of place W/login, color 0
    However, the standard deviation of the token residence time is 0 and therefore the result of the test is ignored!
    In future runs, you should set numBMeansCorlTested to 0 to switch off the correlation test!
WARN Batch means correlation test was run for depository of place P/categories_login, color 0
    However, the standard deviation of the token residence time is 0 and therefore the result of the test is ignored!
    In future runs, you should set numBMeansCorlTested to 0 to switch off the correlation test!
WARN Batch means correlation test was run for depository of place I/icon_login, color 0
    However, the standard deviation of the token residence time is 0 and therefore the result of the test is ignored!
    In future runs, you should set numBMeansCorlTested to 0 to switch off the correlation test!
WARN Batch means correlation test was run for depository of place A/isLoggedIn_login, color 0
    However, the standard deviation of the token residence time is 0 and therefore the result of the test is ignored!
    In future runs, you should set numBMeansCorlTested to 0 to switch off the correlation test!
WARN LP-1 The simulation was stopped because of reaching max totalRunLen.
The required precision may not have been reached!
REPORT for Queue of Queueing Place : W/index----------------------------------------

queueUtilQPl=0.004047460454294411

------------------ Color = index --------------------
arrivCnt=276698 deptCnt=276698
arrivThrPut=0.02769750171976836 deptThrPut=0.02769750171976836
meanTkPop=0.004080786833648472 tkColOcp=0.004047460454294411
-----
meanST=0.14733411247469724 stDevST=0.25432461929876793

Steady State Statistics: numBatchesST=691 batchSizeST=400 stDevStdStateMeanST=0.0129395477707696
95% c.i. = 0.1473320839290364 +/- 9.64779719406366E-4



REPORT for Depository of Queueing Place : W/index----------------------------------------

tkOcp=0.0

------------------ Color = index --------------------
arrivCnt=276698 deptCnt=276698
arrivThrPut=0.02769750171976836 deptThrPut=0.02769750171976836
meanTkPop=0.0 tkColOcp=0.0
-----
meanST=0.0 stDevST=0.0

Steady State Statistics: numBatchesST=1383 batchSizeST=200 stDevStdStateMeanST=0.0
95% c.i. = 0.0 +/- 0.0



REPORT for Queue : WebUI----------------------------------------

totArrivThrPut=0.16644907442292875 totDeptThrPut=0.16644907442292875
meanTotTkPop=0.08090691457065322 queueUtil=0.07379117731874606
meanST=0.48607608574066113



REPORT for Queue of Queueing Place : P/categories_index----------------------------------------

queueUtilQPl=0.006427306351518678

------------------ Color = index --------------------
arrivCnt=276698 deptCnt=276698
arrivThrPut=0.02769750171976836 deptThrPut=0.02769750171976836
meanTkPop=0.006524968573146497 tkColOcp=0.006427306351518678
-----
meanST=0.2355796793213835 stDevST=0.43052976404869575

Steady State Statistics: numBatchesST=691 batchSizeST=400 stDevStdStateMeanST=0.023329698374338112
95% c.i. = 0.2356282735801606 +/- 0.001739474999448947



REPORT for Depository of Queueing Place : P/categories_index----------------------------------------

tkOcp=0.0

------------------ Color = index --------------------
arrivCnt=276698 deptCnt=276698
arrivThrPut=0.02769750171976836 deptThrPut=0.02769750171976836
meanTkPop=0.0 tkColOcp=0.0
-----
meanST=0.0 stDevST=0.0

Steady State Statistics: numBatchesST=1383 batchSizeST=200 stDevStdStateMeanST=0.0
95% c.i. = 0.0 +/- 0.0



REPORT for Queue : Persistence----------------------------------------

totArrivThrPut=0.16644907442292875 totDeptThrPut=0.16644907442292875
meanTotTkPop=0.08134235774954868 queueUtil=0.07013821999112198
meanST=0.4886921602391534



REPORT for Queue of Queueing Place : A/isLoggedIn_index----------------------------------------

queueUtilQPl=0.048860982889905605

------------------ Color = index --------------------
arrivCnt=276698 deptCnt=276698
arrivThrPut=0.02769750171976836 deptThrPut=0.02769750171976836
meanTkPop=0.051453847005055 tkColOcp=0.048860982889905605
-----
meanST=1.8577071508341554 stDevST=1.8398664450022002

Steady State Statistics: numBatchesST=691 batchSizeST=400 stDevStdStateMeanST=0.10420862384516386
95% c.i. = 1.857593437142123 +/- 0.0077698516713371225



REPORT for Depository of Queueing Place : A/isLoggedIn_index----------------------------------------

tkOcp=0.0

------------------ Color = index --------------------
arrivCnt=276698 deptCnt=276698
arrivThrPut=0.02769750171976836 deptThrPut=0.02769750171976836
meanTkPop=0.0 tkColOcp=0.0
-----
meanST=0.0 stDevST=0.0

Steady State Statistics: numBatchesST=1383 batchSizeST=200 stDevStdStateMeanST=0.0
95% c.i. = 0.0 +/- 0.0



REPORT for Queue : Auth----------------------------------------

totArrivThrPut=0.16644907442292875 totDeptThrPut=0.16644907442292875
meanTotTkPop=0.11671342936830895 queueUtil=0.09664203889447082
meanST=0.7011960251082742



REPORT for Queue of Queueing Place : W/login----------------------------------------

queueUtilQPl=0.013084004882743442

------------------ Color = login --------------------
arrivCnt=276914 deptCnt=276914
arrivThrPut=0.02771912334468603 deptThrPut=0.02771912334468603
meanTkPop=0.01326373953268357 tkColOcp=0.013084004882743442
-----
meanST=0.47850501503058285 stDevST=0.49290513635024846

Steady State Statistics: numBatchesST=692 batchSizeST=400 stDevStdStateMeanST=0.024015542193903873
95% c.i. = 0.4784776297804469 +/- 0.0017893176251895734



REPORT for Depository of Queueing Place : W/login----------------------------------------

tkOcp=0.0

------------------ Color = login --------------------
arrivCnt=276914 deptCnt=276914
arrivThrPut=0.02771912334468603 deptThrPut=0.02771912334468603
meanTkPop=0.0 tkColOcp=0.0
-----
meanST=0.0 stDevST=0.0

Steady State Statistics: numBatchesST=1384 batchSizeST=200 stDevStdStateMeanST=0.0
95% c.i. = 0.0 +/- 0.0



REPORT for Queue : WebUI----------------------------------------

totArrivThrPut=0.16644907442292875 totDeptThrPut=0.16644907442292875
meanTotTkPop=0.08090691457065322 queueUtil=0.07379117731874606
meanST=0.48607608574066113



REPORT for Queue of Queueing Place : W/loginAction----------------------------------------

queueUtilQPl=0.02204637842250899

------------------ Color = loginAction --------------------
arrivCnt=277477 deptCnt=277477
arrivThrPut=0.027775479709633483 deptThrPut=0.027775479709633483
meanTkPop=0.022540377073985915 tkColOcp=0.02204637842250899
-----
meanST=0.8115207121397852 stDevST=0.8000628655595441

Steady State Statistics: numBatchesST=346 batchSizeST=800 stDevStdStateMeanST=0.029787527975938928
95% c.i. = 0.8116324434700836 +/- 0.003138661678163202



REPORT for Depository of Queueing Place : W/loginAction----------------------------------------

tkOcp=0.0

------------------ Color = loginAction --------------------
arrivCnt=277477 deptCnt=277477
arrivThrPut=0.027775479709633483 deptThrPut=0.027775479709633483
meanTkPop=0.0 tkColOcp=0.0
-----
meanST=0.0 stDevST=0.0

Steady State Statistics: numBatchesST=1387 batchSizeST=200 stDevStdStateMeanST=0.0
95% c.i. = 0.0 +/- 0.0



REPORT for Queue : WebUI----------------------------------------

totArrivThrPut=0.16644907442292875 totDeptThrPut=0.16644907442292875
meanTotTkPop=0.08090691457065322 queueUtil=0.07379117731874606
meanST=0.48607608574066113



REPORT for Queue of Queueing Place : A/login_loginAction----------------------------------------

queueUtilQPl=0.008939597994984966

------------------ Color = loginAction --------------------
arrivCnt=277477 deptCnt=277477
arrivThrPut=0.027775479709633483 deptThrPut=0.027775479709633483
meanTkPop=0.009097998339226606 tkColOcp=0.008939597994984966
-----
meanST=0.3275550389889796 stDevST=0.5994125652470406

Steady State Statistics: numBatchesST=346 batchSizeST=800 stDevStdStateMeanST=0.023534924496270947
95% c.i. = 0.32749460323505253 +/- 0.0024798353752139997



REPORT for Depository of Queueing Place : A/login_loginAction----------------------------------------

tkOcp=0.0

------------------ Color = loginAction --------------------
arrivCnt=277477 deptCnt=277477
arrivThrPut=0.027775479709633483 deptThrPut=0.027775479709633483
meanTkPop=0.0 tkColOcp=0.0
-----
meanST=0.0 stDevST=0.0

Steady State Statistics: numBatchesST=1387 batchSizeST=200 stDevStdStateMeanST=0.0
95% c.i. = 0.0 +/- 0.0



REPORT for Queue : Auth----------------------------------------

totArrivThrPut=0.16644907442292875 totDeptThrPut=0.16644907442292875
meanTotTkPop=0.11671342936830895 queueUtil=0.09664203889447082
meanST=0.7011960251082742



REPORT for Queue of Queueing Place : W/logout----------------------------------------

queueUtilQPl=0.010925931822709822

------------------ Color = logout --------------------
arrivCnt=277401 deptCnt=277401
arrivThrPut=0.02776787210086615 deptThrPut=0.02776787210086615
meanTkPop=0.01105275195365352 tkColOcp=0.010925931822709822
-----
meanST=0.3980410134959083 stDevST=0.42341213699418107

Steady State Statistics: numBatchesST=693 batchSizeST=400 stDevStdStateMeanST=0.021883755812152843
95% c.i. = 0.3980679114884619 +/- 0.0016293085397936211



REPORT for Depository of Queueing Place : W/logout----------------------------------------

tkOcp=0.0

------------------ Color = logout --------------------
arrivCnt=277401 deptCnt=277401
arrivThrPut=0.02776787210086615 deptThrPut=0.02776787210086615
meanTkPop=0.0 tkColOcp=0.0
-----
meanST=0.0 stDevST=0.0

Steady State Statistics: numBatchesST=1387 batchSizeST=200 stDevStdStateMeanST=0.0
95% c.i. = 0.0 +/- 0.0



REPORT for Queue : WebUI----------------------------------------

totArrivThrPut=0.16644907442292875 totDeptThrPut=0.16644907442292875
meanTotTkPop=0.08090691457065322 queueUtil=0.07379117731874606
meanST=0.48607608574066113



REPORT for Queue of Queueing Place : A/logout_logout----------------------------------------

queueUtilQPl=0.013080649272022234

------------------ Color = logout --------------------
arrivCnt=277401 deptCnt=277401
arrivThrPut=0.02776787210086615 deptThrPut=0.02776787210086615
meanTkPop=0.013352245161076378 tkColOcp=0.013080649272022234
-----
meanST=0.4808522998296253 stDevST=0.6919966816883553

Steady State Statistics: numBatchesST=173 batchSizeST=1600 stDevStdStateMeanST=0.019991429928592198
95% c.i. = 0.4807723740064549 +/- 0.0030001283640268706



REPORT for Depository of Queueing Place : A/logout_logout----------------------------------------

tkOcp=0.0

------------------ Color = logout --------------------
arrivCnt=277401 deptCnt=277401
arrivThrPut=0.02776787210086615 deptThrPut=0.02776787210086615
meanTkPop=0.0 tkColOcp=0.0
-----
meanST=0.0 stDevST=0.0

Steady State Statistics: numBatchesST=1387 batchSizeST=200 stDevStdStateMeanST=0.0
95% c.i. = 0.0 +/- 0.0



REPORT for Queue : Auth----------------------------------------

totArrivThrPut=0.16644907442292875 totDeptThrPut=0.16644907442292875
meanTotTkPop=0.11671342936830895 queueUtil=0.09664203889447082
meanST=0.7011960251082742



REPORT for Queue of Queueing Place : P/getUser_loginAction----------------------------------------

queueUtilQPl=0.035461918801418565

------------------ Color = loginAction --------------------
arrivCnt=277477 deptCnt=277477
arrivThrPut=0.027775479709633483 deptThrPut=0.027775479709633483
meanTkPop=0.03679563849303586 tkColOcp=0.035461918801418565
-----
meanST=1.3247525831308642 stDevST=1.3141256040328202

Steady State Statistics: numBatchesST=693 batchSizeST=400 stDevStdStateMeanST=0.0700338849247269
95% c.i. = 1.3247418719269253 +/- 0.005214224092164912



REPORT for Depository of Queueing Place : P/getUser_loginAction----------------------------------------

tkOcp=0.0

------------------ Color = loginAction --------------------
arrivCnt=277477 deptCnt=277477
arrivThrPut=0.027775479709633483 deptThrPut=0.027775479709633483
meanTkPop=0.0 tkColOcp=0.0
-----
meanST=0.0 stDevST=0.0

Steady State Statistics: numBatchesST=1387 batchSizeST=200 stDevStdStateMeanST=0.0
95% c.i. = 0.0 +/- 0.0



REPORT for Queue : Persistence----------------------------------------

totArrivThrPut=0.16644907442292875 totDeptThrPut=0.16644907442292875
meanTotTkPop=0.08134235774954868 queueUtil=0.07013821999112198
meanST=0.4886921602391534



REPORT for Queue of Queueing Place : W/category----------------------------------------

queueUtilQPl=0.012014779107914913

------------------ Color = category --------------------
arrivCnt=276834 deptCnt=276834
arrivThrPut=0.027711115335457264 deptThrPut=0.027711115335457264
meanTkPop=0.012171104528233431 tkColOcp=0.012014779107914913
-----
meanST=0.43921380936479704 stDevST=0.4578693701389427

Steady State Statistics: numBatchesST=692 batchSizeST=400 stDevStdStateMeanST=0.02286308236538215
95% c.i. = 0.4392370043632092 +/- 0.0017034517027445528



REPORT for Depository of Queueing Place : W/category----------------------------------------

tkOcp=0.0

------------------ Color = category --------------------
arrivCnt=276834 deptCnt=276834
arrivThrPut=0.027711115335457264 deptThrPut=0.027711115335457264
meanTkPop=0.0 tkColOcp=0.0
-----
meanST=0.0 stDevST=0.0

Steady State Statistics: numBatchesST=1384 batchSizeST=200 stDevStdStateMeanST=0.0
95% c.i. = 0.0 +/- 0.0



REPORT for Queue : WebUI----------------------------------------

totArrivThrPut=0.16644907442292875 totDeptThrPut=0.16644907442292875
meanTotTkPop=0.08090691457065322 queueUtil=0.07379117731874606
meanST=0.48607608574066113



REPORT for Queue of Queueing Place : W/product----------------------------------------

queueUtilQPl=0.017497211294959493

------------------ Color = product --------------------
arrivCnt=277502 deptCnt=277502
arrivThrPut=0.027777982212517472 deptThrPut=0.027777982212517472
meanTkPop=0.0177981546484483 tkColOcp=0.017497211294959493
-----
meanST=0.6407288518036416 stDevST=0.6377846695062483

Steady State Statistics: numBatchesST=693 batchSizeST=400 stDevStdStateMeanST=0.03273935117911981
95% c.i. = 0.6408110923888944 +/- 0.002437538826576526



REPORT for Depository of Queueing Place : W/product----------------------------------------

tkOcp=0.0

------------------ Color = product --------------------
arrivCnt=277502 deptCnt=277502
arrivThrPut=0.027777982212517472 deptThrPut=0.027777982212517472
meanTkPop=0.0 tkColOcp=0.0
-----
meanST=0.0 stDevST=0.0

Steady State Statistics: numBatchesST=1387 batchSizeST=200 stDevStdStateMeanST=0.0
95% c.i. = 0.0 +/- 0.0



REPORT for Queue : WebUI----------------------------------------

totArrivThrPut=0.16644907442292875 totDeptThrPut=0.16644907442292875
meanTotTkPop=0.08090691457065322 queueUtil=0.07379117731874606
meanST=0.48607608574066113



REPORT for Queue of Queueing Place : P/category_category----------------------------------------

queueUtilQPl=0.016898628416390945

------------------ Color = category --------------------
arrivCnt=276834 deptCnt=276834
arrivThrPut=0.027711115335457264 deptThrPut=0.027711115335457264
meanTkPop=0.017232640774769964 tkColOcp=0.016898628416390945
-----
meanST=0.6218674552128274 stDevST=0.6825144845669838

Steady State Statistics: numBatchesST=692 batchSizeST=400 stDevStdStateMeanST=0.03554490082202375
95% c.i. = 0.6218713637050565 +/- 0.0026483315268479354



REPORT for Depository of Queueing Place : P/category_category----------------------------------------

tkOcp=0.0

------------------ Color = category --------------------
arrivCnt=276834 deptCnt=276834
arrivThrPut=0.027711115335457264 deptThrPut=0.027711115335457264
meanTkPop=0.0 tkColOcp=0.0
-----
meanST=0.0 stDevST=0.0

Steady State Statistics: numBatchesST=1384 batchSizeST=200 stDevStdStateMeanST=0.0
95% c.i. = 0.0 +/- 0.0



REPORT for Queue : Persistence----------------------------------------

totArrivThrPut=0.16644907442292875 totDeptThrPut=0.16644907442292875
meanTotTkPop=0.08134235774954868 queueUtil=0.07013821999112198
meanST=0.4886921602391534



REPORT for Queue of Queueing Place : P/getProduct_product----------------------------------------

queueUtilQPl=0.004929109284546548

------------------ Color = product --------------------
arrivCnt=277502 deptCnt=277502
arrivThrPut=0.027777982212517472 deptThrPut=0.027777982212517472
meanTkPop=0.004999369994781564 tkColOcp=0.004929109284546548
-----
meanST=0.1799759952516896 stDevST=0.39610371746001016

Steady State Statistics: numBatchesST=693 batchSizeST=400 stDevStdStateMeanST=0.02131640065055134
95% c.i. = 0.17996016140367532 +/- 0.001587067316768277



REPORT for Depository of Queueing Place : P/getProduct_product----------------------------------------

tkOcp=0.0

------------------ Color = product --------------------
arrivCnt=277502 deptCnt=277502
arrivThrPut=0.027777982212517472 deptThrPut=0.027777982212517472
meanTkPop=0.0 tkColOcp=0.0
-----
meanST=0.0 stDevST=0.0

Steady State Statistics: numBatchesST=1387 batchSizeST=200 stDevStdStateMeanST=0.0
95% c.i. = 0.0 +/- 0.0



REPORT for Queue : Persistence----------------------------------------

totArrivThrPut=0.16644907442292875 totDeptThrPut=0.16644907442292875
meanTotTkPop=0.08134235774954868 queueUtil=0.07013821999112198
meanST=0.4886921602391534



REPORT for Queue of Queueing Place : R/getAds_product----------------------------------------

queueUtilQPl=0.0032706685761611553

------------------ Color = product --------------------
arrivCnt=277502 deptCnt=277502
arrivThrPut=0.027777982212517472 deptThrPut=0.027777982212517472
meanTkPop=0.0032826819207137595 tkColOcp=0.0032706685761611553
-----
meanST=0.11817567941398202 stDevST=0.11825283194635494

Steady State Statistics: numBatchesST=693 batchSizeST=400 stDevStdStateMeanST=0.006004752179748659
95% c.i. = 0.11817288687949065 +/- 4.4707106448225244E-4



REPORT for Depository of Queueing Place : R/getAds_product----------------------------------------

tkOcp=0.0

------------------ Color = product --------------------
arrivCnt=277502 deptCnt=277502
arrivThrPut=0.027777982212517472 deptThrPut=0.027777982212517472
meanTkPop=0.0 tkColOcp=0.0
-----
meanST=0.0 stDevST=0.0

Steady State Statistics: numBatchesST=1387 batchSizeST=200 stDevStdStateMeanST=0.0
95% c.i. = 0.0 +/- 0.0



REPORT for Queue : Recommender----------------------------------------

totArrivThrPut=0.027777982212517472 totDeptThrPut=0.027777982212517472
meanTotTkPop=0.0032826819207137595 queueUtil=0.0032706685761611553
meanST=0.11817567941398202



REPORT for Queue of Queueing Place : I/productImages_category----------------------------------------

queueUtilQPl=0.035547232874681284

------------------ Color = category --------------------
arrivCnt=276834 deptCnt=276834
arrivThrPut=0.027711115335457264 deptThrPut=0.027711115335457264
meanTkPop=0.036876851861469225 tkColOcp=0.035547232874681284
-----
meanST=1.3307602893299681 stDevST=1.3165161527168199

Steady State Statistics: numBatchesST=692 batchSizeST=400 stDevStdStateMeanST=0.07217431161162215
95% c.i. = 1.3307553680314328 +/- 0.005377466259553436



REPORT for Depository of Queueing Place : I/productImages_category----------------------------------------

tkOcp=0.0

------------------ Color = category --------------------
arrivCnt=276834 deptCnt=276834
arrivThrPut=0.027711115335457264 deptThrPut=0.027711115335457264
meanTkPop=0.0 tkColOcp=0.0
-----
meanST=0.0 stDevST=0.0

Steady State Statistics: numBatchesST=1384 batchSizeST=200 stDevStdStateMeanST=0.0
95% c.i. = 0.0 +/- 0.0



REPORT for Queue : ImageProvider----------------------------------------

totArrivThrPut=0.16644907442292875 totDeptThrPut=0.16644907442292875
meanTotTkPop=0.09109251778006466 queueUtil=0.07943497521562157
meanST=0.5472695963968451



REPORT for Queue of Queueing Place : I/product_product----------------------------------------

queueUtilQPl=0.015091161707650316

------------------ Color = product --------------------
arrivCnt=277502 deptCnt=277502
arrivThrPut=0.027777982212517472 deptThrPut=0.027777982212517472
meanTkPop=0.015367177302906184 tkColOcp=0.015091161707650316
-----
meanST=0.5532143114405674 stDevST=0.6273313123639567

Steady State Statistics: numBatchesST=693 batchSizeST=400 stDevStdStateMeanST=0.032057718454468066
95% c.i. = 0.5531942396801023 +/- 0.002386789310414353



REPORT for Depository of Queueing Place : I/product_product----------------------------------------

tkOcp=0.0

------------------ Color = product --------------------
arrivCnt=277502 deptCnt=277502
arrivThrPut=0.027777982212517472 deptThrPut=0.027777982212517472
meanTkPop=0.0 tkColOcp=0.0
-----
meanST=0.0 stDevST=0.0

Steady State Statistics: numBatchesST=1387 batchSizeST=200 stDevStdStateMeanST=0.0
95% c.i. = 0.0 +/- 0.0



REPORT for Queue : ImageProvider----------------------------------------

totArrivThrPut=0.16644907442292875 totDeptThrPut=0.16644907442292875
meanTotTkPop=0.09109251778006466 queueUtil=0.07943497521562157
meanST=0.5472695963968451



REPORT for Queue of Queueing Place : Workload----------------------------------------

queueUtilQPl=1.0

------------------ Color = workload --------------------
arrivCnt=1662826 deptCnt=1662826
arrivThrPut=0.16644907442292875 deptThrPut=0.16644907442292875
meanTkPop=1.0 tkColOcp=1.0
-----
meanST=6.007843560962737 stDevST=6.012579858875756

Steady State Statistics: numBatchesST=4157 batchSizeST=400 stDevStdStateMeanST=0.30315815681454145
95% c.i. = 6.007817343622992 +/- 0.009215678950331022



REPORT for Depository of Queueing Place : Workload----------------------------------------

tkOcp=0.0

------------------ Color = workload --------------------
arrivCnt=1662826 deptCnt=1662826
arrivThrPut=0.16644907442292875 deptThrPut=0.16644907442292875
meanTkPop=0.0 tkColOcp=0.0
-----
meanST=0.0 stDevST=0.0

Steady State Statistics: numBatchesST=8314 batchSizeST=200 stDevStdStateMeanST=0.0
95% c.i. = 0.0 +/- 0.0



REPORT for Queue : Workload----------------------------------------

totArrivThrPut=0.16644907442292875 totDeptThrPut=0.16644907442292875
meanTotTkPop=1.0 queueUtil=1.0
meanST=6.007843560962737



REPORT for Queue of Queueing Place : I/icon_index----------------------------------------

queueUtilQPl=0.013620209796133048

------------------ Color = index --------------------
arrivCnt=276698 deptCnt=276698
arrivThrPut=0.02769750171976836 deptThrPut=0.02769750171976836
meanTkPop=0.013834914557631207 tkColOcp=0.013620209796133048
-----
meanST=0.49950044944872785 stDevST=0.5796186257229787

Steady State Statistics: numBatchesST=691 batchSizeST=400 stDevStdStateMeanST=0.028967477667933204
95% c.i. = 0.4995204118971731 +/- 0.0021598308898794355



REPORT for Depository of Queueing Place : I/icon_index----------------------------------------

tkOcp=0.0

------------------ Color = index --------------------
arrivCnt=276698 deptCnt=276698
arrivThrPut=0.02769750171976836 deptThrPut=0.02769750171976836
meanTkPop=0.0 tkColOcp=0.0
-----
meanST=0.0 stDevST=0.0

Steady State Statistics: numBatchesST=1383 batchSizeST=200 stDevStdStateMeanST=0.0
95% c.i. = 0.0 +/- 0.0



REPORT for Queue : ImageProvider----------------------------------------

totArrivThrPut=0.16644907442292875 totDeptThrPut=0.16644907442292875
meanTotTkPop=0.09109251778006466 queueUtil=0.07943497521562157
meanST=0.5472695963968451



REPORT for Queue of Queueing Place : P/categories_login----------------------------------------

queueUtilQPl=0.004343099419133355

------------------ Color = login --------------------
arrivCnt=276914 deptCnt=276914
arrivThrPut=0.02771912334468603 deptThrPut=0.02771912334468603
meanTkPop=0.004415024338258919 tkColOcp=0.004343099419133355
-----
meanST=0.15927719947554952 stDevST=0.4027850858498148

Steady State Statistics: numBatchesST=692 batchSizeST=400 stDevStdStateMeanST=0.022078822781509203
95% c.i. = 0.15929751397064185 +/- 0.0016450191474927326



REPORT for Depository of Queueing Place : P/categories_login----------------------------------------

tkOcp=0.0

------------------ Color = login --------------------
arrivCnt=276914 deptCnt=276914
arrivThrPut=0.02771912334468603 deptThrPut=0.02771912334468603
meanTkPop=0.0 tkColOcp=0.0
-----
meanST=0.0 stDevST=0.0

Steady State Statistics: numBatchesST=1384 batchSizeST=200 stDevStdStateMeanST=0.0
95% c.i. = 0.0 +/- 0.0



REPORT for Queue : Persistence----------------------------------------

totArrivThrPut=0.16644907442292875 totDeptThrPut=0.16644907442292875
meanTotTkPop=0.08134235774954868 queueUtil=0.07013821999112198
meanST=0.4886921602391534



REPORT for Queue of Queueing Place : I/icon_login----------------------------------------

queueUtilQPl=0.006247250042673205

------------------ Color = login --------------------
arrivCnt=276914 deptCnt=276914
arrivThrPut=0.02771912334468603 deptThrPut=0.02771912334468603
meanTkPop=0.006361044081014545 tkColOcp=0.006247250042673205
-----
meanST=0.2294821521559413 stDevST=0.44826238452440476

Steady State Statistics: numBatchesST=346 batchSizeST=800 stDevStdStateMeanST=0.016616607835126106
95% c.i. = 0.22948188320588267 +/- 0.0017508639950016792



REPORT for Depository of Queueing Place : I/icon_login----------------------------------------

tkOcp=0.0

------------------ Color = login --------------------
arrivCnt=276914 deptCnt=276914
arrivThrPut=0.02771912334468603 deptThrPut=0.02771912334468603
meanTkPop=0.0 tkColOcp=0.0
-----
meanST=0.0 stDevST=0.0

Steady State Statistics: numBatchesST=1384 batchSizeST=200 stDevStdStateMeanST=0.0
95% c.i. = 0.0 +/- 0.0



REPORT for Queue : ImageProvider----------------------------------------

totArrivThrPut=0.16644907442292875 totDeptThrPut=0.16644907442292875
meanTotTkPop=0.09109251778006466 queueUtil=0.07943497521562157
meanST=0.5472695963968451



REPORT for Queue of Queueing Place : A/isLoggedIn_login----------------------------------------

queueUtilQPl=0.00626453854792208

------------------ Color = login --------------------
arrivCnt=276914 deptCnt=276914
arrivThrPut=0.02771912334468603 deptThrPut=0.02771912334468603
meanTkPop=0.006456529723608971 tkColOcp=0.00626453854792208
-----
meanST=0.2329269090989033 stDevST=0.6354194099757916

Steady State Statistics: numBatchesST=692 batchSizeST=400 stDevStdStateMeanST=0.03381239043661372
95% c.i. = 0.23292601477985614 +/- 0.0025192479798928696



REPORT for Depository of Queueing Place : A/isLoggedIn_login----------------------------------------

tkOcp=0.0

------------------ Color = login --------------------
arrivCnt=276914 deptCnt=276914
arrivThrPut=0.02771912334468603 deptThrPut=0.02771912334468603
meanTkPop=0.0 tkColOcp=0.0
-----
meanST=0.0 stDevST=0.0

Steady State Statistics: numBatchesST=1384 batchSizeST=200 stDevStdStateMeanST=0.0
95% c.i. = 0.0 +/- 0.0



REPORT for Queue : Auth----------------------------------------

totArrivThrPut=0.16644907442292875 totDeptThrPut=0.16644907442292875
meanTotTkPop=0.11671342936830895 queueUtil=0.09664203889447082
meanST=0.7011960251082742



REPORT for Queue of Queueing Place : A/isLoggedIn_category----------------------------------------

queueUtilQPl=0.011161725065856774

------------------ Color = category --------------------
arrivCnt=276834 deptCnt=276834
arrivThrPut=0.027711115335457264 deptThrPut=0.027711115335457264
meanTkPop=0.011386956653244119 tkColOcp=0.011161725065856774
-----
meanST=0.4109165768103943 stDevST=0.681591615308352

Steady State Statistics: numBatchesST=692 batchSizeST=400 stDevStdStateMeanST=0.03649732381662773
95% c.i. = 0.4109272001560764 +/- 0.00271929337468468



REPORT for Depository of Queueing Place : A/isLoggedIn_category----------------------------------------

tkOcp=0.0

------------------ Color = category --------------------
arrivCnt=276834 deptCnt=276834
arrivThrPut=0.027711115335457264 deptThrPut=0.027711115335457264
meanTkPop=0.0 tkColOcp=0.0
-----
meanST=0.0 stDevST=0.0

Steady State Statistics: numBatchesST=1384 batchSizeST=200 stDevStdStateMeanST=0.0
95% c.i. = 0.0 +/- 0.0



REPORT for Queue : Auth----------------------------------------

totArrivThrPut=0.16644907442292875 totDeptThrPut=0.16644907442292875
meanTotTkPop=0.11671342936830895 queueUtil=0.09664203889447082
meanST=0.7011960251082742



REPORT for Queue of Queueing Place : I/icon_logout----------------------------------------

queueUtilQPl=0.011440326883926412

------------------ Color = logout --------------------
arrivCnt=277401 deptCnt=277401
arrivThrPut=0.02776787210086615 deptThrPut=0.02776787210086615
meanTkPop=0.011638983973650431 tkColOcp=0.011440326883926412
-----
meanST=0.41915289480490586 stDevST=0.5226085752176172

Steady State Statistics: numBatchesST=693 batchSizeST=400 stDevStdStateMeanST=0.02706083756702497
95% c.i. = 0.4191517006386226 +/- 0.0020147571614483463



REPORT for Depository of Queueing Place : I/icon_logout----------------------------------------

tkOcp=0.0

------------------ Color = logout --------------------
arrivCnt=277401 deptCnt=277401
arrivThrPut=0.02776787210086615 deptThrPut=0.02776787210086615
meanTkPop=0.0 tkColOcp=0.0
-----
meanST=0.0 stDevST=0.0

Steady State Statistics: numBatchesST=1387 batchSizeST=200 stDevStdStateMeanST=0.0
95% c.i. = 0.0 +/- 0.0



REPORT for Queue : ImageProvider----------------------------------------

totArrivThrPut=0.16644907442292875 totDeptThrPut=0.16644907442292875
meanTotTkPop=0.09109251778006466 queueUtil=0.07943497521562157
meanST=0.5472695963968451



REPORT for Queue of Queueing Place : I/icon_loginAction----------------------------------------

queueUtilQPl=0.006948414953628003

------------------ Color = loginAction --------------------
arrivCnt=277477 deptCnt=277477
arrivThrPut=0.027775479709633483 deptThrPut=0.027775479709633483
meanTkPop=0.007013546003393081 tkColOcp=0.006948414953628003
-----
meanST=0.25250854626861924 stDevST=0.37136376756133604

Steady State Statistics: numBatchesST=693 batchSizeST=400 stDevStdStateMeanST=0.01997424362970661
95% c.i. = 0.2524885823121805 +/- 0.0014871398676330656



REPORT for Depository of Queueing Place : I/icon_loginAction----------------------------------------

tkOcp=0.0

------------------ Color = loginAction --------------------
arrivCnt=277477 deptCnt=277477
arrivThrPut=0.027775479709633483 deptThrPut=0.027775479709633483
meanTkPop=0.0 tkColOcp=0.0
-----
meanST=0.0 stDevST=0.0

Steady State Statistics: numBatchesST=1387 batchSizeST=200 stDevStdStateMeanST=0.0
95% c.i. = 0.0 +/- 0.0



REPORT for Queue : ImageProvider----------------------------------------

totArrivThrPut=0.16644907442292875 totDeptThrPut=0.16644907442292875
meanTotTkPop=0.09109251778006466 queueUtil=0.07943497521562157
meanST=0.5472695963968451



REPORT for Queue of Queueing Place : A/isLoggedIn_product----------------------------------------

queueUtilQPl=0.024267585525762973

------------------ Color = product --------------------
arrivCnt=277502 deptCnt=277502
arrivThrPut=0.027777982212517472 deptThrPut=0.027777982212517472
meanTkPop=0.02496585248609788 tkColOcp=0.024267585525762973
-----
meanST=0.8987640749099345 stDevST=0.9884201714110055

Steady State Statistics: numBatchesST=693 batchSizeST=400 stDevStdStateMeanST=0.05385208201922695
95% c.i. = 0.8987936807637245 +/- 0.004009442340371338



REPORT for Depository of Queueing Place : A/isLoggedIn_product----------------------------------------

tkOcp=0.0

------------------ Color = product --------------------
arrivCnt=277502 deptCnt=277502
arrivThrPut=0.027777982212517472 deptThrPut=0.027777982212517472
meanTkPop=0.0 tkColOcp=0.0
-----
meanST=0.0 stDevST=0.0

Steady State Statistics: numBatchesST=1387 batchSizeST=200 stDevStdStateMeanST=0.0
95% c.i. = 0.0 +/- 0.0



REPORT for Queue : Auth----------------------------------------

totArrivThrPut=0.16644907442292875 totDeptThrPut=0.16644907442292875
meanTotTkPop=0.11671342936830895 queueUtil=0.09664203889447082
meanST=0.7011960251082742



REPORT for Queue of Queueing Place : P/category_logout----------------------------------------

queueUtilQPl=0.01119454551979257

------------------ Color = logout --------------------
arrivCnt=277401 deptCnt=277401
arrivThrPut=0.02776787210086615 deptThrPut=0.02776787210086615
meanTkPop=0.01137471557555587 tkColOcp=0.01119454551979257
-----
meanST=0.4096358386496985 stDevST=0.519819196368403

Steady State Statistics: numBatchesST=693 batchSizeST=400 stDevStdStateMeanST=0.026971622017435803
95% c.i. = 0.4096787884078856 +/- 0.002008114807271314



REPORT for Depository of Queueing Place : P/category_logout----------------------------------------

tkOcp=0.0

------------------ Color = logout --------------------
arrivCnt=277401 deptCnt=277401
arrivThrPut=0.02776787210086615 deptThrPut=0.02776787210086615
meanTkPop=0.0 tkColOcp=0.0
-----
meanST=0.0 stDevST=0.0

Steady State Statistics: numBatchesST=1387 batchSizeST=200 stDevStdStateMeanST=0.0
95% c.i. = 0.0 +/- 0.0



REPORT for Queue : Persistence----------------------------------------

totArrivThrPut=0.16644907442292875 totDeptThrPut=0.16644907442292875
meanTotTkPop=0.08134235774954868 queueUtil=0.07013821999112198
meanST=0.4886921602391534



REPORT for Ordinary Place : Finish_index----------------------------------------

tkOcp=1.0

------------------ Color = index --------------------
arrivCnt=276698 deptCnt=0
arrivThrPut=0.02769750171976836 deptThrPut=0.0
meanTkPop=138822.58263654815 tkColOcp=1.0
-----
meanST=NaN stDevST=NaN

Steady State Statistics: Only 0 batches collected!
Need at least 60 for steady state statistics.



REPORT for Ordinary Place : Finish_login----------------------------------------

tkOcp=1.0

------------------ Color = login --------------------
arrivCnt=276914 deptCnt=0
arrivThrPut=0.02771912334468603 deptThrPut=0.0
meanTkPop=138578.01728640296 tkColOcp=1.0
-----
meanST=NaN stDevST=NaN

Steady State Statistics: Only 0 batches collected!
Need at least 60 for steady state statistics.



REPORT for Ordinary Place : Finish_loginAction----------------------------------------

tkOcp=1.0

------------------ Color = loginAction --------------------
arrivCnt=277477 deptCnt=0
arrivThrPut=0.027775479709633483 deptThrPut=0.0
meanTkPop=139037.33961619233 tkColOcp=1.0
-----
meanST=NaN stDevST=NaN

Steady State Statistics: Only 0 batches collected!
Need at least 60 for steady state statistics.



REPORT for Ordinary Place : Finish_category----------------------------------------

tkOcp=1.0

------------------ Color = category --------------------
arrivCnt=276834 deptCnt=0
arrivThrPut=0.027711115335457264 deptThrPut=0.0
meanTkPop=138876.06557228448 tkColOcp=1.0
-----
meanST=NaN stDevST=NaN

Steady State Statistics: Only 0 batches collected!
Need at least 60 for steady state statistics.



REPORT for Ordinary Place : Finish_product----------------------------------------

tkOcp=1.0

------------------ Color = product --------------------
arrivCnt=277502 deptCnt=0
arrivThrPut=0.027777982212517472 deptThrPut=0.0
meanTkPop=139218.9987024284 tkColOcp=1.0
-----
meanST=NaN stDevST=NaN

Steady State Statistics: Only 0 batches collected!
Need at least 60 for steady state statistics.



REPORT for Ordinary Place : Finish_logout----------------------------------------

tkOcp=1.0

------------------ Color = logout --------------------
arrivCnt=277401 deptCnt=0
arrivThrPut=0.02776787210086615 deptThrPut=0.0
meanTkPop=139073.1333661454 tkColOcp=1.0
-----
meanST=NaN stDevST=NaN

Steady State Statistics: Only 0 batches collected!
Need at least 60 for steady state statistics.



REPORT REPORT for Probe : /index----------------------------------------


------------------ Color = index --------------------
-----
meanST=2.740121392078964 stDevST=1.9978622898146239

Steady State Statistics: numBatchesST=691 batchSizeST=400 stDevStdStateMeanST=0.1109509644489609
95% c.i. = 2.740074206548496 +/- 0.008272564253809902



REPORT REPORT for Probe : /login----------------------------------------


------------------ Color = login --------------------
-----
meanST=1.1001912757609769 stDevST=1.050797064026655

Steady State Statistics: numBatchesST=692 batchSizeST=400 stDevStdStateMeanST=0.05467340604094482
95% c.i. = 1.100183041736827 +/- 0.004073532392828567



REPORT REPORT for Probe : /loginAction----------------------------------------


------------------ Color = loginAction --------------------
-----
meanST=2.716336880528248 stDevST=1.6715803502918902

Steady State Statistics: numBatchesST=693 batchSizeST=400 stDevStdStateMeanST=0.08979756649374722
95% c.i. = 2.716376076539436 +/- 0.00668568700897758



REPORT REPORT for Probe : /logout----------------------------------------


------------------ Color = logout --------------------
-----
meanST=1.707682046780138 stDevST=1.118695947616578

Steady State Statistics: numBatchesST=693 batchSizeST=400 stDevStdStateMeanST=0.056608609177803054
95% c.i. = 1.7077627407140998 +/- 0.004214673712819159



REPORT REPORT for Probe : /category----------------------------------------


------------------ Color = category --------------------
-----
meanST=2.8027581307179865 stDevST=1.697742042065233

Steady State Statistics: numBatchesST=346 batchSizeST=800 stDevStdStateMeanST=0.06903899277193262
95% c.i. = 2.802790936255773 +/- 0.007274522447357297



REPORT REPORT for Probe : /product----------------------------------------


------------------ Color = product --------------------
-----
meanST=2.3908589128198154 stDevST=1.4161246589640106

Steady State Statistics: numBatchesST=693 batchSizeST=400 stDevStdStateMeanST=0.07759548557935954
95% c.i. = 2.390932061115884 +/- 0.00577720700181062



