INFO Logging to /home/yjx/workloadConfig/qpme/output/SimQPN_Output_config_2025-08-14_104041607.log
WARN Batch means correlation test was run for depository of place Workload, color 0
    However, the standard deviation of the token residence time is 0 and therefore the result of the test is ignored!
    In future runs, you should set numBMeansCorlTested to 0 to switch off the correlation test!
WARN Batch means correlation test was run for depository of place W/category, color 0
    However, the standard deviation of the token residence time is 0 and therefore the result of the test is ignored!
    In future runs, you should set numBMeansCorlTested to 0 to switch off the correlation test!
WARN Batch means correlation test was run for depository of place P/category_category, color 0
    However, the standard deviation of the token residence time is 0 and therefore the result of the test is ignored!
    In future runs, you should set numBMeansCorlTested to 0 to switch off the correlation test!
WARN Batch means correlation test was run for depository of place I/productImages_category, color 0
    However, the standard deviation of the token residence time is 0 and therefore the result of the test is ignored!
    In future runs, you should set numBMeansCorlTested to 0 to switch off the correlation test!
WARN Batch means correlation test was run for depository of place A/isLoggedIn_category, color 0
    However, the standard deviation of the token residence time is 0 and therefore the result of the test is ignored!
    In future runs, you should set numBMeansCorlTested to 0 to switch off the correlation test!
WARN Batch means correlation test was run for depository of place W/product, color 0
    However, the standard deviation of the token residence time is 0 and therefore the result of the test is ignored!
    In future runs, you should set numBMeansCorlTested to 0 to switch off the correlation test!
WARN Batch means correlation test was run for depository of place P/getProduct_product, color 0
    However, the standard deviation of the token residence time is 0 and therefore the result of the test is ignored!
    In future runs, you should set numBMeansCorlTested to 0 to switch off the correlation test!
WARN Batch means correlation test was run for depository of place R/getAds_product, color 0
    However, the standard deviation of the token residence time is 0 and therefore the result of the test is ignored!
    In future runs, you should set numBMeansCorlTested to 0 to switch off the correlation test!
WARN Batch means correlation test was run for depository of place I/product_product, color 0
    However, the standard deviation of the token residence time is 0 and therefore the result of the test is ignored!
    In future runs, you should set numBMeansCorlTested to 0 to switch off the correlation test!
WARN Batch means correlation test was run for depository of place A/isLoggedIn_product, color 0
    However, the standard deviation of the token residence time is 0 and therefore the result of the test is ignored!
    In future runs, you should set numBMeansCorlTested to 0 to switch off the correlation test!
WARN Batch means correlation test was run for depository of place W/loginAction, color 0
    However, the standard deviation of the token residence time is 0 and therefore the result of the test is ignored!
    In future runs, you should set numBMeansCorlTested to 0 to switch off the correlation test!
WARN Batch means correlation test was run for depository of place A/login_loginAction, color 0
    However, the standard deviation of the token residence time is 0 and therefore the result of the test is ignored!
    In future runs, you should set numBMeansCorlTested to 0 to switch off the correlation test!
WARN Batch means correlation test was run for depository of place P/getUser_loginAction, color 0
    However, the standard deviation of the token residence time is 0 and therefore the result of the test is ignored!
    In future runs, you should set numBMeansCorlTested to 0 to switch off the correlation test!
WARN Batch means correlation test was run for depository of place I/icon_loginAction, color 0
    However, the standard deviation of the token residence time is 0 and therefore the result of the test is ignored!
    In future runs, you should set numBMeansCorlTested to 0 to switch off the correlation test!
WARN Batch means correlation test was run for depository of place W/index, color 0
    However, the standard deviation of the token residence time is 0 and therefore the result of the test is ignored!
    In future runs, you should set numBMeansCorlTested to 0 to switch off the correlation test!
WARN Batch means correlation test was run for depository of place P/categories_index, color 0
    However, the standard deviation of the token residence time is 0 and therefore the result of the test is ignored!
    In future runs, you should set numBMeansCorlTested to 0 to switch off the correlation test!
WARN Batch means correlation test was run for depository of place A/isLoggedIn_index, color 0
    However, the standard deviation of the token residence time is 0 and therefore the result of the test is ignored!
    In future runs, you should set numBMeansCorlTested to 0 to switch off the correlation test!
WARN Batch means correlation test was run for depository of place I/icon_index, color 0
    However, the standard deviation of the token residence time is 0 and therefore the result of the test is ignored!
    In future runs, you should set numBMeansCorlTested to 0 to switch off the correlation test!
WARN Batch means correlation test was run for depository of place W/login, color 0
    However, the standard deviation of the token residence time is 0 and therefore the result of the test is ignored!
    In future runs, you should set numBMeansCorlTested to 0 to switch off the correlation test!
WARN Batch means correlation test was run for depository of place P/categories_login, color 0
    However, the standard deviation of the token residence time is 0 and therefore the result of the test is ignored!
    In future runs, you should set numBMeansCorlTested to 0 to switch off the correlation test!
WARN Batch means correlation test was run for depository of place I/icon_login, color 0
    However, the standard deviation of the token residence time is 0 and therefore the result of the test is ignored!
    In future runs, you should set numBMeansCorlTested to 0 to switch off the correlation test!
WARN Batch means correlation test was run for depository of place A/isLoggedIn_login, color 0
    However, the standard deviation of the token residence time is 0 and therefore the result of the test is ignored!
    In future runs, you should set numBMeansCorlTested to 0 to switch off the correlation test!
WARN Batch means correlation test was run for depository of place A/logout_logout, color 0
    However, the standard deviation of the token residence time is 0 and therefore the result of the test is ignored!
    In future runs, you should set numBMeansCorlTested to 0 to switch off the correlation test!
WARN Batch means correlation test was run for depository of place P/category_logout, color 0
    However, the standard deviation of the token residence time is 0 and therefore the result of the test is ignored!
    In future runs, you should set numBMeansCorlTested to 0 to switch off the correlation test!
WARN Batch means correlation test was run for depository of place I/icon_logout, color 0
    However, the standard deviation of the token residence time is 0 and therefore the result of the test is ignored!
    In future runs, you should set numBMeansCorlTested to 0 to switch off the correlation test!
WARN Batch means correlation test was run for depository of place W/logout, color 0
    However, the standard deviation of the token residence time is 0 and therefore the result of the test is ignored!
    In future runs, you should set numBMeansCorlTested to 0 to switch off the correlation test!
WARN LP-1 The simulation was stopped because of reaching max totalRunLen.
The required precision may not have been reached!
REPORT for Queue of Queueing Place : W/index----------------------------------------

queueUtilQPl=0.0033962149849622544

------------------ Color = index --------------------
arrivCnt=277871 deptCnt=277871
arrivThrPut=0.027814916684764563 deptThrPut=0.027814916684764563
meanTkPop=0.0034114320491072277 tkColOcp=0.0033962149849622544
-----
meanST=0.12264757388167254 stDevST=0.16104996285423787

Steady State Statistics: numBatchesST=694 batchSizeST=400 stDevStdStateMeanST=0.008075522948992478
95% c.i. = 0.12265132928964036 +/- 6.008125716400187E-4



REPORT for Depository of Queueing Place : W/index----------------------------------------

tkOcp=0.0

------------------ Color = index --------------------
arrivCnt=277871 deptCnt=277871
arrivThrPut=0.027814916684764563 deptThrPut=0.027814916684764563
meanTkPop=0.0 tkColOcp=0.0
-----
meanST=0.0 stDevST=0.0

Steady State Statistics: numBatchesST=1389 batchSizeST=200 stDevStdStateMeanST=0.0
95% c.i. = 0.0 +/- 0.0



REPORT for Queue : WebUI----------------------------------------

totArrivThrPut=0.16676217277315825 totDeptThrPut=0.16676217277315825
meanTotTkPop=0.03917653450176776 queueUtil=0.03680646660799481
meanST=0.23492458661508603



REPORT for Queue of Queueing Place : P/categories_index----------------------------------------

queueUtilQPl=0.022276365297530992

------------------ Color = index --------------------
arrivCnt=277871 deptCnt=277871
arrivThrPut=0.027814916684764563 deptThrPut=0.027814916684764563
meanTkPop=0.02317009939659247 tkColOcp=0.022276365297530992
-----
meanST=0.8330098435737447 stDevST=1.2925365781529536

Steady State Statistics: numBatchesST=694 batchSizeST=400 stDevStdStateMeanST=0.07167335713185567
95% c.i. = 0.8329885423201779 +/- 0.005332441538270439



REPORT for Depository of Queueing Place : P/categories_index----------------------------------------

tkOcp=0.0

------------------ Color = index --------------------
arrivCnt=277871 deptCnt=277871
arrivThrPut=0.027814916684764563 deptThrPut=0.027814916684764563
meanTkPop=0.0 tkColOcp=0.0
-----
meanST=0.0 stDevST=0.0

Steady State Statistics: numBatchesST=1389 batchSizeST=200 stDevStdStateMeanST=0.0
95% c.i. = 0.0 +/- 0.0



REPORT for Queue : Persistence----------------------------------------

totArrivThrPut=0.16676227287326473 totDeptThrPut=0.16676227287326473
meanTotTkPop=0.16248373874240116 queueUtil=0.12054838370841299
meanST=0.9743435127313528



REPORT for Queue of Queueing Place : A/isLoggedIn_index----------------------------------------

queueUtilQPl=0.016061400264865834

------------------ Color = index --------------------
arrivCnt=277871 deptCnt=277871
arrivThrPut=0.027814916684764563 deptThrPut=0.027814916684764563
meanTkPop=0.01758623868700283 tkColOcp=0.016061400264865834
-----
meanST=0.6322592616872937 stDevST=1.9682524323915898

Steady State Statistics: numBatchesST=347 batchSizeST=800 stDevStdStateMeanST=0.08131557475731188
95% c.i. = 0.632119396082126 +/- 0.008555730372879825



REPORT for Depository of Queueing Place : A/isLoggedIn_index----------------------------------------

tkOcp=0.0

------------------ Color = index --------------------
arrivCnt=277871 deptCnt=277871
arrivThrPut=0.027814916684764563 deptThrPut=0.027814916684764563
meanTkPop=0.0 tkColOcp=0.0
-----
meanST=0.0 stDevST=0.0

Steady State Statistics: numBatchesST=1389 batchSizeST=200 stDevStdStateMeanST=0.0
95% c.i. = 0.0 +/- 0.0



REPORT for Queue : Auth----------------------------------------

totArrivThrPut=0.16676217277315825 totDeptThrPut=0.16676227287326473
meanTotTkPop=0.24774642380116665 queueUtil=0.1615352990538149
meanST=1.4856318363000003



REPORT for Queue of Queueing Place : W/login----------------------------------------

queueUtilQPl=0.003233767446443402

------------------ Color = login --------------------
arrivCnt=278020 deptCnt=278020
arrivThrPut=0.027829831600628505 deptThrPut=0.027829831600628505
meanTkPop=0.0032493185997734173 tkColOcp=0.003233767446443402
-----
meanST=0.11675667486611867 stDevST=0.1582297423316396

Steady State Statistics: numBatchesST=695 batchSizeST=400 stDevStdStateMeanST=0.008230740240507513
95% c.i. = 0.11675708108651554 +/- 6.119199105604941E-4



REPORT for Depository of Queueing Place : W/login----------------------------------------

tkOcp=0.0

------------------ Color = login --------------------
arrivCnt=278020 deptCnt=278020
arrivThrPut=0.027829831600628505 deptThrPut=0.027829831600628505
meanTkPop=0.0 tkColOcp=0.0
-----
meanST=0.0 stDevST=0.0

Steady State Statistics: numBatchesST=1390 batchSizeST=200 stDevStdStateMeanST=0.0
95% c.i. = 0.0 +/- 0.0



REPORT for Queue : WebUI----------------------------------------

totArrivThrPut=0.16676217277315825 totDeptThrPut=0.16676217277315825
meanTotTkPop=0.03917653450176776 queueUtil=0.03680646660799481
meanST=0.23492458661508603



REPORT for Queue of Queueing Place : W/loginAction----------------------------------------

queueUtilQPl=0.0034077559597512842

------------------ Color = loginAction --------------------
arrivCnt=278057 deptCnt=278057
arrivThrPut=0.027833535304567874 deptThrPut=0.027833535304567874
meanTkPop=0.0034226299888029527 tkColOcp=0.0034077559597512842
-----
meanST=0.12296784980243781 stDevST=0.16121632476730866

Steady State Statistics: numBatchesST=695 batchSizeST=400 stDevStdStateMeanST=0.008481387319655627
95% c.i. = 0.12296724049068136 +/- 6.305544359826091E-4



REPORT for Depository of Queueing Place : W/loginAction----------------------------------------

tkOcp=0.0

------------------ Color = loginAction --------------------
arrivCnt=278057 deptCnt=278057
arrivThrPut=0.027833535304567874 deptThrPut=0.027833535304567874
meanTkPop=0.0 tkColOcp=0.0
-----
meanST=0.0 stDevST=0.0

Steady State Statistics: numBatchesST=1390 batchSizeST=200 stDevStdStateMeanST=0.0
95% c.i. = 0.0 +/- 0.0



REPORT for Queue : WebUI----------------------------------------

totArrivThrPut=0.16676217277315825 totDeptThrPut=0.16676217277315825
meanTotTkPop=0.03917653450176776 queueUtil=0.03680646660799481
meanST=0.23492458661508603



REPORT for Queue of Queueing Place : A/login_loginAction----------------------------------------

queueUtilQPl=0.03874408227910431

------------------ Color = loginAction --------------------
arrivCnt=278057 deptCnt=278057
arrivThrPut=0.027833535304567874 deptThrPut=0.027833535304567874
meanTkPop=0.04121204384696249 tkColOcp=0.03874408227910431
-----
meanST=1.480661489674257 stDevST=2.1996650624643705

Steady State Statistics: numBatchesST=347 batchSizeST=800 stDevStdStateMeanST=0.08562045652227078
95% c.i. = 1.4804708315223136 +/- 0.009008674446361928



REPORT for Depository of Queueing Place : A/login_loginAction----------------------------------------

tkOcp=0.0

------------------ Color = loginAction --------------------
arrivCnt=278057 deptCnt=278057
arrivThrPut=0.027833535304567874 deptThrPut=0.027833535304567874
meanTkPop=0.0 tkColOcp=0.0
-----
meanST=0.0 stDevST=0.0

Steady State Statistics: numBatchesST=1390 batchSizeST=200 stDevStdStateMeanST=0.0
95% c.i. = 0.0 +/- 0.0



REPORT for Queue : Auth----------------------------------------

totArrivThrPut=0.16676217277315825 totDeptThrPut=0.16676227287326473
meanTotTkPop=0.24774642380116665 queueUtil=0.1615352990538149
meanST=1.4856318363000003



REPORT for Queue of Queueing Place : W/logout----------------------------------------

queueUtilQPl=0.008646123653423312

------------------ Color = logout --------------------
arrivCnt=276728 deptCnt=276728
arrivThrPut=0.027700502263070012 deptThrPut=0.027700502263070012
meanTkPop=0.008724935086321375 tkColOcp=0.008646123653423312
-----
meanST=0.3149738948218768 stDevST=0.32299743977519135

Steady State Statistics: numBatchesST=691 batchSizeST=400 stDevStdStateMeanST=0.015912276990589922
95% c.i. = 0.3149776878725745 +/- 0.0011864280268571274



REPORT for Depository of Queueing Place : W/logout----------------------------------------

tkOcp=0.0

------------------ Color = logout --------------------
arrivCnt=276728 deptCnt=276728
arrivThrPut=0.027700502263070012 deptThrPut=0.027700502263070012
meanTkPop=0.0 tkColOcp=0.0
-----
meanST=0.0 stDevST=0.0

Steady State Statistics: numBatchesST=1383 batchSizeST=200 stDevStdStateMeanST=0.0
95% c.i. = 0.0 +/- 0.0



REPORT for Queue : WebUI----------------------------------------

totArrivThrPut=0.16676217277315825 totDeptThrPut=0.16676217277315825
meanTotTkPop=0.03917653450176776 queueUtil=0.03680646660799481
meanST=0.23492458661508603



REPORT for Queue of Queueing Place : A/logout_logout----------------------------------------

queueUtilQPl=0.10523441153522158

------------------ Color = logout --------------------
arrivCnt=276728 deptCnt=276729
arrivThrPut=0.027700502263070012 deptThrPut=0.027700602363176483
meanTkPop=0.11777912548887444 tkColOcp=0.10523441153522158
-----
meanST=4.251894663436905 stDevST=4.217954618549119

Steady State Statistics: numBatchesST=691 batchSizeST=400 stDevStdStateMeanST=0.2706185324847827
95% c.i. = 4.251728950637872 +/- 0.02017746496725539



REPORT for Depository of Queueing Place : A/logout_logout----------------------------------------

tkOcp=0.0

------------------ Color = logout --------------------
arrivCnt=276729 deptCnt=276729
arrivThrPut=0.027700602363176483 deptThrPut=0.027700602363176483
meanTkPop=0.0 tkColOcp=0.0
-----
meanST=0.0 stDevST=0.0

Steady State Statistics: numBatchesST=1383 batchSizeST=200 stDevStdStateMeanST=0.0
95% c.i. = 0.0 +/- 0.0



REPORT for Queue : Auth----------------------------------------

totArrivThrPut=0.16676217277315825 totDeptThrPut=0.16676227287326473
meanTotTkPop=0.24774642380116665 queueUtil=0.1615352990538149
meanST=1.4856318363000003



REPORT for Queue of Queueing Place : P/getUser_loginAction----------------------------------------

queueUtilQPl=0.010445374513979632

------------------ Color = loginAction --------------------
arrivCnt=278057 deptCnt=278057
arrivThrPut=0.027833535304567874 deptThrPut=0.027833535304567874
meanTkPop=0.011044672584114696 tkColOcp=0.010445374513979632
-----
meanST=0.39681170441550445 stDevST=1.1548986344084649

Steady State Statistics: numBatchesST=695 batchSizeST=400 stDevStdStateMeanST=0.06611112516475741
95% c.i. = 0.39683800340109715 +/- 0.004915075997511679



REPORT for Depository of Queueing Place : P/getUser_loginAction----------------------------------------

tkOcp=0.0

------------------ Color = loginAction --------------------
arrivCnt=278057 deptCnt=278057
arrivThrPut=0.027833535304567874 deptThrPut=0.027833535304567874
meanTkPop=0.0 tkColOcp=0.0
-----
meanST=0.0 stDevST=0.0

Steady State Statistics: numBatchesST=1390 batchSizeST=200 stDevStdStateMeanST=0.0
95% c.i. = 0.0 +/- 0.0



REPORT for Queue : Persistence----------------------------------------

totArrivThrPut=0.16676227287326473 totDeptThrPut=0.16676227287326473
meanTotTkPop=0.16248373874240116 queueUtil=0.12054838370841299
meanST=0.9743435127313528



REPORT for Queue of Queueing Place : W/category----------------------------------------

queueUtilQPl=0.003509129410031292

------------------ Color = category --------------------
arrivCnt=278804 deptCnt=278804
arrivThrPut=0.02790831008410053 deptThrPut=0.02790831008410053
meanTkPop=0.0035262146083810566 tkColOcp=0.003509129410031292
-----
meanST=0.1263499867156039 stDevST=0.16174217914758976

Steady State Statistics: numBatchesST=697 batchSizeST=400 stDevStdStateMeanST=0.007666241860815745
95% c.i. = 0.12634902298176368 +/- 5.691335904677034E-4



REPORT for Depository of Queueing Place : W/category----------------------------------------

tkOcp=0.0

------------------ Color = category --------------------
arrivCnt=278804 deptCnt=278804
arrivThrPut=0.02790831008410053 deptThrPut=0.02790831008410053
meanTkPop=0.0 tkColOcp=0.0
-----
meanST=0.0 stDevST=0.0

Steady State Statistics: numBatchesST=1394 batchSizeST=200 stDevStdStateMeanST=0.0
95% c.i. = 0.0 +/- 0.0



REPORT for Queue : WebUI----------------------------------------

totArrivThrPut=0.16676217277315825 totDeptThrPut=0.16676217277315825
meanTotTkPop=0.03917653450176776 queueUtil=0.03680646660799481
meanST=0.23492458661508603



REPORT for Queue of Queueing Place : W/product----------------------------------------

queueUtilQPl=0.016563235502337112

------------------ Color = product --------------------
arrivCnt=276474 deptCnt=276474
arrivThrPut=0.027675076836026782 deptThrPut=0.027675076836026782
meanTkPop=0.016842004169381728 tkColOcp=0.016563235502337112
-----
meanST=0.6085621466986207 stDevST=0.6066608620959094

Steady State Statistics: numBatchesST=691 batchSizeST=400 stDevStdStateMeanST=0.030462830547532405
95% c.i. = 0.6085688953397244 +/- 0.0022713252138814102



REPORT for Depository of Queueing Place : W/product----------------------------------------

tkOcp=0.0

------------------ Color = product --------------------
arrivCnt=276474 deptCnt=276474
arrivThrPut=0.027675076836026782 deptThrPut=0.027675076836026782
meanTkPop=0.0 tkColOcp=0.0
-----
meanST=0.0 stDevST=0.0

Steady State Statistics: numBatchesST=1382 batchSizeST=200 stDevStdStateMeanST=0.0
95% c.i. = 0.0 +/- 0.0



REPORT for Queue : WebUI----------------------------------------

totArrivThrPut=0.16676217277315825 totDeptThrPut=0.16676217277315825
meanTotTkPop=0.03917653450176776 queueUtil=0.03680646660799481
meanST=0.23492458661508603



REPORT for Queue of Queueing Place : P/category_category----------------------------------------

queueUtilQPl=0.012240941356815204

------------------ Color = category --------------------
arrivCnt=278804 deptCnt=278804
arrivThrPut=0.02790831008410053 deptThrPut=0.02790831008410053
meanTkPop=0.012830088908921521 tkColOcp=0.012240941356815204
-----
meanST=0.4597228879232953 stDevST=1.165991067337391

Steady State Statistics: numBatchesST=697 batchSizeST=400 stDevStdStateMeanST=0.06591950723219704
95% c.i. = 0.4597279908235903 +/- 0.0048937936624047435



REPORT for Depository of Queueing Place : P/category_category----------------------------------------

tkOcp=0.0

------------------ Color = category --------------------
arrivCnt=278804 deptCnt=278804
arrivThrPut=0.02790831008410053 deptThrPut=0.02790831008410053
meanTkPop=0.0 tkColOcp=0.0
-----
meanST=0.0 stDevST=0.0

Steady State Statistics: numBatchesST=1394 batchSizeST=200 stDevStdStateMeanST=0.0
95% c.i. = 0.0 +/- 0.0



REPORT for Queue : Persistence----------------------------------------

totArrivThrPut=0.16676227287326473 totDeptThrPut=0.16676227287326473
meanTotTkPop=0.16248373874240116 queueUtil=0.12054838370841299
meanST=0.9743435127313528



REPORT for Queue of Queueing Place : P/getProduct_product----------------------------------------

queueUtilQPl=0.023067020015273478

------------------ Color = product --------------------
arrivCnt=276474 deptCnt=276474
arrivThrPut=0.027675076836026782 deptThrPut=0.027675076836026782
meanTkPop=0.023889240900519634 tkColOcp=0.023067020015273478
-----
meanST=0.8632041400304684 stDevST=1.2411477618163815

Steady State Statistics: numBatchesST=691 batchSizeST=400 stDevStdStateMeanST=0.0666033911354661
95% c.i. = 0.8632367860004563 +/- 0.004965985067603765



REPORT for Depository of Queueing Place : P/getProduct_product----------------------------------------

tkOcp=0.0

------------------ Color = product --------------------
arrivCnt=276474 deptCnt=276474
arrivThrPut=0.027675076836026782 deptThrPut=0.027675076836026782
meanTkPop=0.0 tkColOcp=0.0
-----
meanST=0.0 stDevST=0.0

Steady State Statistics: numBatchesST=1382 batchSizeST=200 stDevStdStateMeanST=0.0
95% c.i. = 0.0 +/- 0.0



REPORT for Queue : Persistence----------------------------------------

totArrivThrPut=0.16676227287326473 totDeptThrPut=0.16676227287326473
meanTotTkPop=0.16248373874240116 queueUtil=0.12054838370841299
meanST=0.9743435127313528



REPORT for Queue of Queueing Place : R/getAds_product----------------------------------------

queueUtilQPl=0.049699766854620374

------------------ Color = product --------------------
arrivCnt=276474 deptCnt=276474
arrivThrPut=0.027675076836026782 deptThrPut=0.027675076836026782
meanTkPop=0.0523928432234097 tkColOcp=0.049699766854620374
-----
meanST=1.8931417438814804 stDevST=1.889679795141613

Steady State Statistics: numBatchesST=691 batchSizeST=400 stDevStdStateMeanST=0.10733408496157229
95% c.i. = 1.893202164646721 +/- 0.008002887752065986



REPORT for Depository of Queueing Place : R/getAds_product----------------------------------------

tkOcp=0.0

------------------ Color = product --------------------
arrivCnt=276474 deptCnt=276474
arrivThrPut=0.027675076836026782 deptThrPut=0.027675076836026782
meanTkPop=0.0 tkColOcp=0.0
-----
meanST=0.0 stDevST=0.0

Steady State Statistics: numBatchesST=1382 batchSizeST=200 stDevStdStateMeanST=0.0
95% c.i. = 0.0 +/- 0.0



REPORT for Queue : Recommender----------------------------------------

totArrivThrPut=0.027675076836026782 totDeptThrPut=0.027675076836026782
meanTotTkPop=0.0523928432234097 queueUtil=0.049699766854620374
meanST=1.8931417438814804



REPORT for Queue of Queueing Place : I/productImages_category----------------------------------------

queueUtilQPl=0.0270659955319964

------------------ Color = category --------------------
arrivCnt=278804 deptCnt=278804
arrivThrPut=0.02790831008410053 deptThrPut=0.02790831008410053
meanTkPop=0.027973670650899965 tkColOcp=0.0270659955319964
-----
meanST=1.0023419750820624 stDevST=0.9890950511004111

Steady State Statistics: numBatchesST=697 batchSizeST=400 stDevStdStateMeanST=0.05137831012386892
95% c.i. = 1.002340618087007 +/- 0.003814270752716534



REPORT for Depository of Queueing Place : I/productImages_category----------------------------------------

tkOcp=0.0

------------------ Color = category --------------------
arrivCnt=278804 deptCnt=278804
arrivThrPut=0.02790831008410053 deptThrPut=0.02790831008410053
meanTkPop=0.0 tkColOcp=0.0
-----
meanST=0.0 stDevST=0.0

Steady State Statistics: numBatchesST=1394 batchSizeST=200 stDevStdStateMeanST=0.0
95% c.i. = 0.0 +/- 0.0



REPORT for Queue : ImageProvider----------------------------------------

totArrivThrPut=0.16676227287326473 totDeptThrPut=0.16676227287326473
meanTotTkPop=0.09782223664057843 queueUtil=0.08393508758723453
meanST=0.5865969260020878



REPORT for Queue of Queueing Place : I/product_product----------------------------------------

queueUtilQPl=0.018107071796203366

------------------ Color = product --------------------
arrivCnt=276474 deptCnt=276474
arrivThrPut=0.027675076836026782 deptThrPut=0.027675076836026782
meanTkPop=0.018473368503064067 tkColOcp=0.018107071796203366
-----
meanST=0.6675092037690699 stDevST=0.6876469523175719

Steady State Statistics: numBatchesST=691 batchSizeST=400 stDevStdStateMeanST=0.03684906786695664
95% c.i. = 0.6675639045882322 +/- 0.0027474865417923405



REPORT for Depository of Queueing Place : I/product_product----------------------------------------

tkOcp=0.0

------------------ Color = product --------------------
arrivCnt=276474 deptCnt=276474
arrivThrPut=0.027675076836026782 deptThrPut=0.027675076836026782
meanTkPop=0.0 tkColOcp=0.0
-----
meanST=0.0 stDevST=0.0

Steady State Statistics: numBatchesST=1382 batchSizeST=200 stDevStdStateMeanST=0.0
95% c.i. = 0.0 +/- 0.0



REPORT for Queue : ImageProvider----------------------------------------

totArrivThrPut=0.16676227287326473 totDeptThrPut=0.16676227287326473
meanTotTkPop=0.09782223664057843 queueUtil=0.08393508758723453
meanST=0.5865969260020878



REPORT for Queue of Queueing Place : Workload----------------------------------------

queueUtilQPl=1.0000000000000002

------------------ Color = workload --------------------
arrivCnt=1665954 deptCnt=1665954
arrivThrPut=0.16676217277315827 deptThrPut=0.16676217277315827
meanTkPop=1.0000000000000002 tkColOcp=1.0000000000000002
-----
meanST=5.996563749263876 stDevST=5.9934064288919915

Steady State Statistics: numBatchesST=4164 batchSizeST=400 stDevStdStateMeanST=0.2992268141983978
95% c.i. = 5.996553527292451 +/- 0.009088521509162745



REPORT for Depository of Queueing Place : Workload----------------------------------------

tkOcp=0.0

------------------ Color = workload --------------------
arrivCnt=1665954 deptCnt=1665954
arrivThrPut=0.16676217277315827 deptThrPut=0.16676217277315827
meanTkPop=0.0 tkColOcp=0.0
-----
meanST=0.0 stDevST=0.0

Steady State Statistics: numBatchesST=8329 batchSizeST=200 stDevStdStateMeanST=0.0
95% c.i. = 0.0 +/- 0.0



REPORT for Queue : Workload----------------------------------------

totArrivThrPut=0.16676217277315827 totDeptThrPut=0.16676217277315827
meanTotTkPop=1.0000000000000002 queueUtil=1.0000000000000002
meanST=5.996563749263876



REPORT for Queue of Queueing Place : I/icon_index----------------------------------------

queueUtilQPl=0.005859461143890105

------------------ Color = index --------------------
arrivCnt=277871 deptCnt=277871
arrivThrPut=0.027814916684764563 deptThrPut=0.027814916684764563
meanTkPop=0.006099699040044906 tkColOcp=0.005859461143890105
-----
meanST=0.21929596659140727 stDevST=0.43935141534250227

Steady State Statistics: numBatchesST=694 batchSizeST=400 stDevStdStateMeanST=0.02383672004711426
95% c.i. = 0.219302250763802 +/- 0.0017734332700715908



REPORT for Depository of Queueing Place : I/icon_index----------------------------------------

tkOcp=0.0

------------------ Color = index --------------------
arrivCnt=277871 deptCnt=277871
arrivThrPut=0.027814916684764563 deptThrPut=0.027814916684764563
meanTkPop=0.0 tkColOcp=0.0
-----
meanST=0.0 stDevST=0.0

Steady State Statistics: numBatchesST=1389 batchSizeST=200 stDevStdStateMeanST=0.0
95% c.i. = 0.0 +/- 0.0



REPORT for Queue : ImageProvider----------------------------------------

totArrivThrPut=0.16676227287326473 totDeptThrPut=0.16676227287326473
meanTotTkPop=0.09782223664057843 queueUtil=0.08393508758723453
meanST=0.5865969260020878



REPORT for Queue of Queueing Place : P/categories_login----------------------------------------

queueUtilQPl=0.07556243361498229

------------------ Color = login --------------------
arrivCnt=278020 deptCnt=278020
arrivThrPut=0.027829831600628505 deptThrPut=0.027829831600628505
meanTkPop=0.0816621741829864 tkColOcp=0.07556243361498229
-----
meanST=2.934339501398282 stDevST=2.9060131878765008

Steady State Statistics: numBatchesST=347 batchSizeST=800 stDevStdStateMeanST=0.10849213854308422
95% c.i. = 2.9342096256918095 +/- 0.01141515002165419



REPORT for Depository of Queueing Place : P/categories_login----------------------------------------

tkOcp=0.0

------------------ Color = login --------------------
arrivCnt=278020 deptCnt=278020
arrivThrPut=0.027829831600628505 deptThrPut=0.027829831600628505
meanTkPop=0.0 tkColOcp=0.0
-----
meanST=0.0 stDevST=0.0

Steady State Statistics: numBatchesST=1390 batchSizeST=200 stDevStdStateMeanST=0.0
95% c.i. = 0.0 +/- 0.0



REPORT for Queue : Persistence----------------------------------------

totArrivThrPut=0.16676227287326473 totDeptThrPut=0.16676227287326473
meanTotTkPop=0.16248373874240116 queueUtil=0.12054838370841299
meanST=0.9743435127313528



REPORT for Queue of Queueing Place : I/icon_login----------------------------------------

queueUtilQPl=0.008888208898887378

------------------ Color = login --------------------
arrivCnt=278020 deptCnt=278020
arrivThrPut=0.027829831600628505 deptThrPut=0.027829831600628505
meanTkPop=0.0089628952122411 tkColOcp=0.008888208898887378
-----
meanST=0.3220607059669985 stDevST=0.36384381258081133

Steady State Statistics: numBatchesST=695 batchSizeST=400 stDevStdStateMeanST=0.01892193846606376
95% c.i. = 0.32205968006476793 +/- 0.0014067642223478745



REPORT for Depository of Queueing Place : I/icon_login----------------------------------------

tkOcp=0.0

------------------ Color = login --------------------
arrivCnt=278020 deptCnt=278020
arrivThrPut=0.027829831600628505 deptThrPut=0.027829831600628505
meanTkPop=0.0 tkColOcp=0.0
-----
meanST=0.0 stDevST=0.0

Steady State Statistics: numBatchesST=1390 batchSizeST=200 stDevStdStateMeanST=0.0
95% c.i. = 0.0 +/- 0.0



REPORT for Queue : ImageProvider----------------------------------------

totArrivThrPut=0.16676227287326473 totDeptThrPut=0.16676227287326473
meanTotTkPop=0.09782223664057843 queueUtil=0.08393508758723453
meanST=0.5865969260020878



REPORT for Queue of Queueing Place : A/isLoggedIn_login----------------------------------------

queueUtilQPl=0.02938651116043947

------------------ Color = login --------------------
arrivCnt=278020 deptCnt=278020
arrivThrPut=0.027829831600628505 deptThrPut=0.027829831600628505
meanTkPop=0.0312008556646823 tkColOcp=0.02938651116043947
-----
meanST=1.1211298764731894 stDevST=2.0271479979840126

Steady State Statistics: numBatchesST=695 batchSizeST=400 stDevStdStateMeanST=0.11760490260718057
95% c.i. = 1.1211171446471009 +/- 0.008743415462279752



REPORT for Depository of Queueing Place : A/isLoggedIn_login----------------------------------------

tkOcp=0.0

------------------ Color = login --------------------
arrivCnt=278020 deptCnt=278020
arrivThrPut=0.027829831600628505 deptThrPut=0.027829831600628505
meanTkPop=0.0 tkColOcp=0.0
-----
meanST=0.0 stDevST=0.0

Steady State Statistics: numBatchesST=1390 batchSizeST=200 stDevStdStateMeanST=0.0
95% c.i. = 0.0 +/- 0.0



REPORT for Queue : Auth----------------------------------------

totArrivThrPut=0.16676217277315825 totDeptThrPut=0.16676227287326473
meanTotTkPop=0.24774642380116665 queueUtil=0.1615352990538149
meanST=1.4856318363000003



REPORT for Queue of Queueing Place : A/isLoggedIn_category----------------------------------------

queueUtilQPl=0.02131252208582631

------------------ Color = category --------------------
arrivCnt=278804 deptCnt=278804
arrivThrPut=0.02790831008410053 deptThrPut=0.02790831008410053
meanTkPop=0.02292830527085237 tkColOcp=0.02131252208582631
-----
meanST=0.8215583531127065 stDevST=1.9656399808578375

Steady State Statistics: numBatchesST=348 batchSizeST=800 stDevStdStateMeanST=0.08643404743770887
95% c.i. = 0.8214895373340125 +/- 0.00908120164580615



REPORT for Depository of Queueing Place : A/isLoggedIn_category----------------------------------------

tkOcp=0.0

------------------ Color = category --------------------
arrivCnt=278804 deptCnt=278804
arrivThrPut=0.02790831008410053 deptThrPut=0.02790831008410053
meanTkPop=0.0 tkColOcp=0.0
-----
meanST=0.0 stDevST=0.0

Steady State Statistics: numBatchesST=1394 batchSizeST=200 stDevStdStateMeanST=0.0
95% c.i. = 0.0 +/- 0.0



REPORT for Queue : Auth----------------------------------------

totArrivThrPut=0.16676217277315825 totDeptThrPut=0.16676227287326473
meanTotTkPop=0.24774642380116665 queueUtil=0.1615352990538149
meanST=1.4856318363000003



REPORT for Queue of Queueing Place : I/icon_logout----------------------------------------

queueUtilQPl=0.02397002930378257

------------------ Color = logout --------------------
arrivCnt=276729 deptCnt=276729
arrivThrPut=0.027700602363176483 deptThrPut=0.027700602363176483
meanTkPop=0.02462976149030513 tkColOcp=0.02397002930378257
-----
meanST=0.8891417293887607 stDevST=0.8794846357722813

Steady State Statistics: numBatchesST=691 batchSizeST=400 stDevStdStateMeanST=0.04912141857366619
95% c.i. = 0.88915997158618 +/- 0.003662519685224335



REPORT for Depository of Queueing Place : I/icon_logout----------------------------------------

tkOcp=0.0

------------------ Color = logout --------------------
arrivCnt=276729 deptCnt=276729
arrivThrPut=0.027700602363176483 deptThrPut=0.027700602363176483
meanTkPop=0.0 tkColOcp=0.0
-----
meanST=0.0 stDevST=0.0

Steady State Statistics: numBatchesST=1383 batchSizeST=200 stDevStdStateMeanST=0.0
95% c.i. = 0.0 +/- 0.0



REPORT for Queue : ImageProvider----------------------------------------

totArrivThrPut=0.16676227287326473 totDeptThrPut=0.16676227287326473
meanTotTkPop=0.09782223664057843 queueUtil=0.08393508758723453
meanST=0.5865969260020878



REPORT for Queue of Queueing Place : I/icon_loginAction----------------------------------------

queueUtilQPl=0.011386400181158466

------------------ Color = loginAction --------------------
arrivCnt=278057 deptCnt=278057
arrivThrPut=0.027833535304567874 deptThrPut=0.027833535304567874
meanTkPop=0.011682841744023263 tkColOcp=0.011386400181158466
-----
meanST=0.41973977132922613 stDevST=0.5163909209621467

Steady State Statistics: numBatchesST=695 batchSizeST=400 stDevStdStateMeanST=0.0285787363632377
95% c.i. = 0.4197347654467878 +/- 0.0021247053470668195



REPORT for Depository of Queueing Place : I/icon_loginAction----------------------------------------

tkOcp=0.0

------------------ Color = loginAction --------------------
arrivCnt=278057 deptCnt=278057
arrivThrPut=0.027833535304567874 deptThrPut=0.027833535304567874
meanTkPop=0.0 tkColOcp=0.0
-----
meanST=0.0 stDevST=0.0

Steady State Statistics: numBatchesST=1390 batchSizeST=200 stDevStdStateMeanST=0.0
95% c.i. = 0.0 +/- 0.0



REPORT for Queue : ImageProvider----------------------------------------

totArrivThrPut=0.16676227287326473 totDeptThrPut=0.16676227287326473
meanTotTkPop=0.09782223664057843 queueUtil=0.08393508758723453
meanST=0.5865969260020878



REPORT for Queue of Queueing Place : A/isLoggedIn_product----------------------------------------

queueUtilQPl=0.01556008576074519

------------------ Color = product --------------------
arrivCnt=276474 deptCnt=276474
arrivThrPut=0.027675076836026782 deptThrPut=0.027675076836026782
meanTkPop=0.017039854842792194 tkColOcp=0.01556008576074519
-----
meanST=0.6157112026735225 stDevST=1.9491977500263922

Steady State Statistics: numBatchesST=345 batchSizeST=800 stDevStdStateMeanST=0.0858385286102829
95% c.i. = 0.6153545316799149 +/- 0.009057759977879814



REPORT for Depository of Queueing Place : A/isLoggedIn_product----------------------------------------

tkOcp=0.0

------------------ Color = product --------------------
arrivCnt=276474 deptCnt=276474
arrivThrPut=0.027675076836026782 deptThrPut=0.027675076836026782
meanTkPop=0.0 tkColOcp=0.0
-----
meanST=0.0 stDevST=0.0

Steady State Statistics: numBatchesST=1382 batchSizeST=200 stDevStdStateMeanST=0.0
95% c.i. = 0.0 +/- 0.0



REPORT for Queue : Auth----------------------------------------

totArrivThrPut=0.16676217277315825 totDeptThrPut=0.16676227287326473
meanTotTkPop=0.24774642380116665 queueUtil=0.1615352990538149
meanST=1.4856318363000003



REPORT for Queue of Queueing Place : P/category_logout----------------------------------------

queueUtilQPl=0.009427027608328484

------------------ Color = logout --------------------
arrivCnt=276729 deptCnt=276729
arrivThrPut=0.027700602363176483 deptThrPut=0.027700602363176483
meanTkPop=0.00988746276926643 tkColOcp=0.009427027608328484
-----
meanST=0.35694035240223615 stDevST=1.153731845545819

Steady State Statistics: numBatchesST=691 batchSizeST=400 stDevStdStateMeanST=0.06214131380856954
95% c.i. = 0.35698535753458405 +/- 0.004633290155256244



REPORT for Depository of Queueing Place : P/category_logout----------------------------------------

tkOcp=0.0

------------------ Color = logout --------------------
arrivCnt=276729 deptCnt=276729
arrivThrPut=0.027700602363176483 deptThrPut=0.027700602363176483
meanTkPop=0.0 tkColOcp=0.0
-----
meanST=0.0 stDevST=0.0

Steady State Statistics: numBatchesST=1383 batchSizeST=200 stDevStdStateMeanST=0.0
95% c.i. = 0.0 +/- 0.0



REPORT for Queue : Persistence----------------------------------------

totArrivThrPut=0.16676227287326473 totDeptThrPut=0.16676227287326473
meanTotTkPop=0.16248373874240116 queueUtil=0.12054838370841299
meanST=0.9743435127313528



REPORT for Ordinary Place : Finish_index----------------------------------------

tkOcp=1.0

------------------ Color = index --------------------
arrivCnt=277871 deptCnt=0
arrivThrPut=0.027814916684764563 deptThrPut=0.0
meanTkPop=139080.57640242175 tkColOcp=1.0
-----
meanST=NaN stDevST=NaN

Steady State Statistics: Only 0 batches collected!
Need at least 60 for steady state statistics.



REPORT for Ordinary Place : Finish_login----------------------------------------

tkOcp=1.0000000000000002

------------------ Color = login --------------------
arrivCnt=278020 deptCnt=0
arrivThrPut=0.027829831600628505 deptThrPut=0.0
meanTkPop=139187.48280634487 tkColOcp=1.0000000000000002
-----
meanST=NaN stDevST=NaN

Steady State Statistics: Only 0 batches collected!
Need at least 60 for steady state statistics.



REPORT for Ordinary Place : Finish_loginAction----------------------------------------

tkOcp=1.0000000000000002

------------------ Color = loginAction --------------------
arrivCnt=278057 deptCnt=0
arrivThrPut=0.027833535304567874 deptThrPut=0.0
meanTkPop=139293.60174461897 tkColOcp=1.0000000000000002
-----
meanST=NaN stDevST=NaN

Steady State Statistics: Only 0 batches collected!
Need at least 60 for steady state statistics.



REPORT for Ordinary Place : Finish_category----------------------------------------

tkOcp=1.0

------------------ Color = category --------------------
arrivCnt=278804 deptCnt=0
arrivThrPut=0.02790831008410053 deptThrPut=0.0
meanTkPop=139527.56758958948 tkColOcp=1.0
-----
meanST=NaN stDevST=NaN

Steady State Statistics: Only 0 batches collected!
Need at least 60 for steady state statistics.



REPORT for Ordinary Place : Finish_product----------------------------------------

tkOcp=1.0

------------------ Color = product --------------------
arrivCnt=276474 deptCnt=0
arrivThrPut=0.027675076836026782 deptThrPut=0.0
meanTkPop=138502.7995953663 tkColOcp=1.0
-----
meanST=NaN stDevST=NaN

Steady State Statistics: Only 0 batches collected!
Need at least 60 for steady state statistics.



REPORT for Ordinary Place : Finish_logout----------------------------------------

tkOcp=1.0

------------------ Color = logout --------------------
arrivCnt=276729 deptCnt=0
arrivThrPut=0.027700602363176483 deptThrPut=0.0
meanTkPop=138653.89881528966 tkColOcp=1.0
-----
meanST=NaN stDevST=NaN

Steady State Statistics: Only 0 batches collected!
Need at least 60 for steady state statistics.



REPORT REPORT for Probe : /index----------------------------------------


------------------ Color = index --------------------
-----
meanST=1.8072126457341182 stDevST=2.5012459198859887

Steady State Statistics: numBatchesST=694 batchSizeST=400 stDevStdStateMeanST=0.1458992496114891
95% c.i. = 1.8070615184557455 +/- 0.010854789703788063



REPORT REPORT for Probe : /login----------------------------------------


------------------ Color = login --------------------
-----
meanST=4.494286758704589 stDevST=3.5540105410095784

Steady State Statistics: numBatchesST=695 batchSizeST=400 stDevStdStateMeanST=0.20780515339885097
95% c.i. = 4.494248053936015 +/- 0.015449413681653723



REPORT REPORT for Probe : /loginAction----------------------------------------


------------------ Color = loginAction --------------------
-----
meanST=2.4201808152214257 stDevST=2.615331622530326

Steady State Statistics: numBatchesST=347 batchSizeST=800 stDevStdStateMeanST=0.10174350022862218
95% c.i. = 2.4199439274742764 +/- 0.010705082731655338



REPORT REPORT for Probe : /logout----------------------------------------


------------------ Color = logout --------------------
-----
meanST=5.81294962272005 stDevST=4.478240076592967

Steady State Statistics: numBatchesST=691 batchSizeST=400 stDevStdStateMeanST=0.28252585960451493
95% c.i. = 5.81285189140695 +/- 0.02106528175351173



REPORT REPORT for Probe : /category----------------------------------------


------------------ Color = category --------------------
-----
meanST=2.409973202833668 stDevST=2.5297250804234346

Steady State Statistics: numBatchesST=697 batchSizeST=400 stDevStdStateMeanST=0.14690695982594681
95% c.i. = 2.4099858282181095 +/- 0.010906215461031526



REPORT REPORT for Probe : /product----------------------------------------


------------------ Color = product --------------------
-----
meanST=4.6481284370531615 stDevST=3.1318755724273597

Steady State Statistics: numBatchesST=691 batchSizeST=400 stDevStdStateMeanST=0.17837617922802806
95% c.i. = 4.648313008887578 +/- 0.013299824939257597



