INFO Logging to /home/yjx/workloadConfig/qpme/output/SimQPN_Output_config_2025-08-14_035033127.log
WARN Batch means correlation test was run for depository of place Workload, color 0
    However, the standard deviation of the token residence time is 0 and therefore the result of the test is ignored!
    In future runs, you should set numBMeansCorlTested to 0 to switch off the correlation test!
WARN Batch means correlation test was run for depository of place A/isLoggedIn_index, color 0
    However, the standard deviation of the token residence time is 0 and therefore the result of the test is ignored!
    In future runs, you should set numBMeansCorlTested to 0 to switch off the correlation test!
WARN Batch means correlation test was run for depository of place I/icon_index, color 0
    However, the standard deviation of the token residence time is 0 and therefore the result of the test is ignored!
    In future runs, you should set numBMeansCorlTested to 0 to switch off the correlation test!
WARN Batch means correlation test was run for depository of place W/index, color 0
    However, the standard deviation of the token residence time is 0 and therefore the result of the test is ignored!
    In future runs, you should set numBMeansCorlTested to 0 to switch off the correlation test!
WARN Batch means correlation test was run for depository of place P/categories_index, color 0
    However, the standard deviation of the token residence time is 0 and therefore the result of the test is ignored!
    In future runs, you should set numBMeansCorlTested to 0 to switch off the correlation test!
WARN Batch means correlation test was run for depository of place W/logout, color 0
    However, the standard deviation of the token residence time is 0 and therefore the result of the test is ignored!
    In future runs, you should set numBMeansCorlTested to 0 to switch off the correlation test!
WARN Batch means correlation test was run for depository of place A/logout_logout, color 0
    However, the standard deviation of the token residence time is 0 and therefore the result of the test is ignored!
    In future runs, you should set numBMeansCorlTested to 0 to switch off the correlation test!
WARN Batch means correlation test was run for depository of place P/category_logout, color 0
    However, the standard deviation of the token residence time is 0 and therefore the result of the test is ignored!
    In future runs, you should set numBMeansCorlTested to 0 to switch off the correlation test!
WARN Batch means correlation test was run for depository of place I/icon_logout, color 0
    However, the standard deviation of the token residence time is 0 and therefore the result of the test is ignored!
    In future runs, you should set numBMeansCorlTested to 0 to switch off the correlation test!
WARN Batch means correlation test was run for depository of place W/product, color 0
    However, the standard deviation of the token residence time is 0 and therefore the result of the test is ignored!
    In future runs, you should set numBMeansCorlTested to 0 to switch off the correlation test!
WARN Batch means correlation test was run for depository of place P/getProduct_product, color 0
    However, the standard deviation of the token residence time is 0 and therefore the result of the test is ignored!
    In future runs, you should set numBMeansCorlTested to 0 to switch off the correlation test!
WARN Batch means correlation test was run for depository of place R/getAds_product, color 0
    However, the standard deviation of the token residence time is 0 and therefore the result of the test is ignored!
    In future runs, you should set numBMeansCorlTested to 0 to switch off the correlation test!
WARN Batch means correlation test was run for depository of place I/product_product, color 0
    However, the standard deviation of the token residence time is 0 and therefore the result of the test is ignored!
    In future runs, you should set numBMeansCorlTested to 0 to switch off the correlation test!
WARN Batch means correlation test was run for depository of place A/isLoggedIn_product, color 0
    However, the standard deviation of the token residence time is 0 and therefore the result of the test is ignored!
    In future runs, you should set numBMeansCorlTested to 0 to switch off the correlation test!
WARN Batch means correlation test was run for depository of place W/login, color 0
    However, the standard deviation of the token residence time is 0 and therefore the result of the test is ignored!
    In future runs, you should set numBMeansCorlTested to 0 to switch off the correlation test!
WARN Batch means correlation test was run for depository of place P/categories_login, color 0
    However, the standard deviation of the token residence time is 0 and therefore the result of the test is ignored!
    In future runs, you should set numBMeansCorlTested to 0 to switch off the correlation test!
WARN Batch means correlation test was run for depository of place I/icon_login, color 0
    However, the standard deviation of the token residence time is 0 and therefore the result of the test is ignored!
    In future runs, you should set numBMeansCorlTested to 0 to switch off the correlation test!
WARN Batch means correlation test was run for depository of place A/isLoggedIn_login, color 0
    However, the standard deviation of the token residence time is 0 and therefore the result of the test is ignored!
    In future runs, you should set numBMeansCorlTested to 0 to switch off the correlation test!
WARN Batch means correlation test was run for depository of place W/loginAction, color 0
    However, the standard deviation of the token residence time is 0 and therefore the result of the test is ignored!
    In future runs, you should set numBMeansCorlTested to 0 to switch off the correlation test!
WARN Batch means correlation test was run for depository of place A/login_loginAction, color 0
    However, the standard deviation of the token residence time is 0 and therefore the result of the test is ignored!
    In future runs, you should set numBMeansCorlTested to 0 to switch off the correlation test!
WARN Batch means correlation test was run for depository of place P/getUser_loginAction, color 0
    However, the standard deviation of the token residence time is 0 and therefore the result of the test is ignored!
    In future runs, you should set numBMeansCorlTested to 0 to switch off the correlation test!
WARN Batch means correlation test was run for depository of place I/icon_loginAction, color 0
    However, the standard deviation of the token residence time is 0 and therefore the result of the test is ignored!
    In future runs, you should set numBMeansCorlTested to 0 to switch off the correlation test!
WARN Batch means correlation test was run for depository of place W/category, color 0
    However, the standard deviation of the token residence time is 0 and therefore the result of the test is ignored!
    In future runs, you should set numBMeansCorlTested to 0 to switch off the correlation test!
WARN Batch means correlation test was run for depository of place P/category_category, color 0
    However, the standard deviation of the token residence time is 0 and therefore the result of the test is ignored!
    In future runs, you should set numBMeansCorlTested to 0 to switch off the correlation test!
WARN Batch means correlation test was run for depository of place I/productImages_category, color 0
    However, the standard deviation of the token residence time is 0 and therefore the result of the test is ignored!
    In future runs, you should set numBMeansCorlTested to 0 to switch off the correlation test!
WARN Batch means correlation test was run for depository of place A/isLoggedIn_category, color 0
    However, the standard deviation of the token residence time is 0 and therefore the result of the test is ignored!
    In future runs, you should set numBMeansCorlTested to 0 to switch off the correlation test!
WARN LP-1 The simulation was stopped because of reaching max totalRunLen.
The required precision may not have been reached!
REPORT for Queue of Queueing Place : W/index----------------------------------------

queueUtilQPl=0.032316117749597556

------------------ Color = index --------------------
arrivCnt=278456 deptCnt=278456
arrivThrPut=0.027873468983034 deptThrPut=0.027873468983034
meanTkPop=0.03337713496131844 tkColOcp=0.032316117749597556
-----
meanST=1.1974517768719208 stDevST=1.1901989993921103

Steady State Statistics: numBatchesST=348 batchSizeST=800 stDevStdStateMeanST=0.04521553281412866
95% c.i. = 1.197435229457371 +/- 0.004750574376417879



REPORT for Depository of Queueing Place : W/index----------------------------------------

tkOcp=0.0

------------------ Color = index --------------------
arrivCnt=278456 deptCnt=278456
arrivThrPut=0.027873468983034 deptThrPut=0.027873468983034
meanTkPop=0.0 tkColOcp=0.0
-----
meanST=0.0 stDevST=0.0

Steady State Statistics: numBatchesST=1392 batchSizeST=200 stDevStdStateMeanST=0.0
95% c.i. = 0.0 +/- 0.0



REPORT for Queue : WebUI----------------------------------------

totArrivThrPut=0.1667152884573411 totDeptThrPut=0.1667152884573411
meanTotTkPop=0.09206485212621357 queueUtil=0.08035966868870237
meanST=0.5522280108687874



REPORT for Queue of Queueing Place : P/categories_index----------------------------------------

queueUtilQPl=0.01161859892096995

------------------ Color = index --------------------
arrivCnt=278456 deptCnt=278456
arrivThrPut=0.027873468983034 deptThrPut=0.027873468983034
meanTkPop=0.01174740276124781 tkColOcp=0.01161859892096995
-----
meanST=0.42145463732548716 stDevST=0.4317028333697195

Steady State Statistics: numBatchesST=696 batchSizeST=400 stDevStdStateMeanST=0.022370129006303772
95% c.i. = 0.4214422483530961 +/- 0.0016619270624991533



REPORT for Depository of Queueing Place : P/categories_index----------------------------------------

tkOcp=0.0

------------------ Color = index --------------------
arrivCnt=278456 deptCnt=278456
arrivThrPut=0.027873468983034 deptThrPut=0.027873468983034
meanTkPop=0.0 tkColOcp=0.0
-----
meanST=0.0 stDevST=0.0

Steady State Statistics: numBatchesST=1392 batchSizeST=200 stDevStdStateMeanST=0.0
95% c.i. = 0.0 +/- 0.0



REPORT for Queue : Persistence----------------------------------------

totArrivThrPut=0.16671528845734107 totDeptThrPut=0.16671528845734107
meanTotTkPop=0.0702022471560733 queueUtil=0.06402317143661393
meanST=0.4210906378513485



REPORT for Queue of Queueing Place : A/isLoggedIn_index----------------------------------------

queueUtilQPl=0.006504755838535279

------------------ Color = index --------------------
arrivCnt=278456 deptCnt=278456
arrivThrPut=0.027873468983034 deptThrPut=0.027873468983034
meanTkPop=0.006552390038448067 tkColOcp=0.006504755838535279
-----
meanST=0.23507623118013657 stDevST=0.2596431173563574

Steady State Statistics: numBatchesST=696 batchSizeST=400 stDevStdStateMeanST=0.013288280353566485
95% c.i. = 0.23508642166091934 +/- 9.87216154517695E-4



REPORT for Depository of Queueing Place : A/isLoggedIn_index----------------------------------------

tkOcp=0.0

------------------ Color = index --------------------
arrivCnt=278456 deptCnt=278457
arrivThrPut=0.027873468983034 deptThrPut=0.027873569083117975
meanTkPop=0.0 tkColOcp=0.0
-----
meanST=0.0 stDevST=0.0

Steady State Statistics: numBatchesST=1392 batchSizeST=200 stDevStdStateMeanST=0.0
95% c.i. = 0.0 +/- 0.0



REPORT for Queue : Auth----------------------------------------

totArrivThrPut=0.16671518835725713 totDeptThrPut=0.16671518835725713
meanTotTkPop=0.05236489965261498 queueUtil=0.04839609445856513
meanST=0.31409795453310024



REPORT for Queue of Queueing Place : W/login----------------------------------------

queueUtilQPl=0.010249750121851881

------------------ Color = login --------------------
arrivCnt=277729 deptCnt=277729
arrivThrPut=0.027800696221984982 deptThrPut=0.027800696221984982
meanTkPop=0.010389260808621523 tkColOcp=0.010249750121851881
-----
meanST=0.37370505852316116 stDevST=0.4857059756588885

Steady State Statistics: numBatchesST=694 batchSizeST=400 stDevStdStateMeanST=0.02537678338806748
95% c.i. = 0.3737130521427667 +/- 0.0018880127743601724



REPORT for Depository of Queueing Place : W/login----------------------------------------

tkOcp=0.0

------------------ Color = login --------------------
arrivCnt=277729 deptCnt=277729
arrivThrPut=0.027800696221984982 deptThrPut=0.027800696221984982
meanTkPop=0.0 tkColOcp=0.0
-----
meanST=0.0 stDevST=0.0

Steady State Statistics: numBatchesST=1388 batchSizeST=200 stDevStdStateMeanST=0.0
95% c.i. = 0.0 +/- 0.0



REPORT for Queue : WebUI----------------------------------------

totArrivThrPut=0.1667152884573411 totDeptThrPut=0.1667152884573411
meanTotTkPop=0.09206485212621357 queueUtil=0.08035966868870237
meanST=0.5522280108687874



REPORT for Queue of Queueing Place : W/loginAction----------------------------------------

queueUtilQPl=0.005449537395655859

------------------ Color = loginAction --------------------
arrivCnt=276961 deptCnt=276961
arrivThrPut=0.027723819357493032 deptThrPut=0.027723819357493032
meanTkPop=0.005521157070368543 tkColOcp=0.005449537395655859
-----
meanST=0.19914850112007806 stDevST=0.39768741292696475

Steady State Statistics: numBatchesST=692 batchSizeST=400 stDevStdStateMeanST=0.02006364752829453
95% c.i. = 0.1991309141255883 +/- 0.0014948751878307194



REPORT for Depository of Queueing Place : W/loginAction----------------------------------------

tkOcp=0.0

------------------ Color = loginAction --------------------
arrivCnt=276961 deptCnt=276961
arrivThrPut=0.027723819357493032 deptThrPut=0.027723819357493032
meanTkPop=0.0 tkColOcp=0.0
-----
meanST=0.0 stDevST=0.0

Steady State Statistics: numBatchesST=1384 batchSizeST=200 stDevStdStateMeanST=0.0
95% c.i. = 0.0 +/- 0.0



REPORT for Queue : WebUI----------------------------------------

totArrivThrPut=0.1667152884573411 totDeptThrPut=0.1667152884573411
meanTotTkPop=0.09206485212621357 queueUtil=0.08035966868870237
meanST=0.5522280108687874



REPORT for Queue of Queueing Place : A/login_loginAction----------------------------------------

queueUtilQPl=0.005922368869900746

------------------ Color = loginAction --------------------
arrivCnt=276961 deptCnt=276961
arrivThrPut=0.027723819357493032 deptThrPut=0.027723819357493032
meanTkPop=0.005969874487833836 tkColOcp=0.005922368869900746
-----
meanST=0.2153337680805633 stDevST=0.24723785461670364

Steady State Statistics: numBatchesST=692 batchSizeST=400 stDevStdStateMeanST=0.011975172949957782
95% c.i. = 0.2153411139171276 +/- 8.922300338275113E-4



REPORT for Depository of Queueing Place : A/login_loginAction----------------------------------------

tkOcp=0.0

------------------ Color = loginAction --------------------
arrivCnt=276961 deptCnt=276961
arrivThrPut=0.027723819357493032 deptThrPut=0.027723819357493032
meanTkPop=0.0 tkColOcp=0.0
-----
meanST=0.0 stDevST=0.0

Steady State Statistics: numBatchesST=1384 batchSizeST=200 stDevStdStateMeanST=0.0
95% c.i. = 0.0 +/- 0.0



REPORT for Queue : Auth----------------------------------------

totArrivThrPut=0.16671518835725713 totDeptThrPut=0.16671518835725713
meanTotTkPop=0.05236489965261498 queueUtil=0.04839609445856513
meanST=0.31409795453310024



REPORT for Queue of Queueing Place : W/logout----------------------------------------

queueUtilQPl=0.004713894869768379

------------------ Color = logout --------------------
arrivCnt=277364 deptCnt=277364
arrivThrPut=0.02776415969133451 deptThrPut=0.02776415969133451
meanTkPop=0.004784920423719291 tkColOcp=0.004713894869768379
-----
meanST=0.1723416259276421 stDevST=0.39192168184529574

Steady State Statistics: numBatchesST=693 batchSizeST=400 stDevStdStateMeanST=0.02114167981436669
95% c.i. = 0.17234790784830323 +/- 0.001574058848161739



REPORT for Depository of Queueing Place : W/logout----------------------------------------

tkOcp=0.0

------------------ Color = logout --------------------
arrivCnt=277364 deptCnt=277364
arrivThrPut=0.02776415969133451 deptThrPut=0.02776415969133451
meanTkPop=0.0 tkColOcp=0.0
-----
meanST=0.0 stDevST=0.0

Steady State Statistics: numBatchesST=1386 batchSizeST=200 stDevStdStateMeanST=0.0
95% c.i. = 0.0 +/- 0.0



REPORT for Queue : WebUI----------------------------------------

totArrivThrPut=0.1667152884573411 totDeptThrPut=0.1667152884573411
meanTotTkPop=0.09206485212621357 queueUtil=0.08035966868870237
meanST=0.5522280108687874



REPORT for Queue of Queueing Place : A/logout_logout----------------------------------------

queueUtilQPl=0.011646070494582479

------------------ Color = logout --------------------
arrivCnt=277364 deptCnt=277364
arrivThrPut=0.02776415969133451 deptThrPut=0.02776415969133451
meanTkPop=0.011800888348283458 tkColOcp=0.011646070494582479
-----
meanST=0.42504035704587306 stDevST=0.42852822594313794

Steady State Statistics: numBatchesST=693 batchSizeST=400 stDevStdStateMeanST=0.022448589612752062
95% c.i. = 0.42501236060018455 +/- 0.0016713620402429965



REPORT for Depository of Queueing Place : A/logout_logout----------------------------------------

tkOcp=0.0

------------------ Color = logout --------------------
arrivCnt=277364 deptCnt=277364
arrivThrPut=0.02776415969133451 deptThrPut=0.02776415969133451
meanTkPop=0.0 tkColOcp=0.0
-----
meanST=0.0 stDevST=0.0

Steady State Statistics: numBatchesST=1386 batchSizeST=200 stDevStdStateMeanST=0.0
95% c.i. = 0.0 +/- 0.0



REPORT for Queue : Auth----------------------------------------

totArrivThrPut=0.16671518835725713 totDeptThrPut=0.16671518835725713
meanTotTkPop=0.05236489965261498 queueUtil=0.04839609445856513
meanST=0.31409795453310024



REPORT for Queue of Queueing Place : P/getUser_loginAction----------------------------------------

queueUtilQPl=0.022921775754159306

------------------ Color = loginAction --------------------
arrivCnt=276961 deptCnt=276961
arrivThrPut=0.027723819357493032 deptThrPut=0.027723819357493032
meanTkPop=0.02346624399773728 tkColOcp=0.022921775754159306
-----
meanST=0.8464289748517265 stDevST=0.831461904027899

Steady State Statistics: numBatchesST=692 batchSizeST=400 stDevStdStateMeanST=0.04299066740594513
95% c.i. = 0.8463994392954667 +/- 0.003203090660499307



REPORT for Depository of Queueing Place : P/getUser_loginAction----------------------------------------

tkOcp=0.0

------------------ Color = loginAction --------------------
arrivCnt=276961 deptCnt=276961
arrivThrPut=0.027723819357493032 deptThrPut=0.027723819357493032
meanTkPop=0.0 tkColOcp=0.0
-----
meanST=0.0 stDevST=0.0

Steady State Statistics: numBatchesST=1384 batchSizeST=200 stDevStdStateMeanST=0.0
95% c.i. = 0.0 +/- 0.0



REPORT for Queue : Persistence----------------------------------------

totArrivThrPut=0.16671528845734107 totDeptThrPut=0.16671528845734107
meanTotTkPop=0.0702022471560733 queueUtil=0.06402317143661393
meanST=0.4210906378513485



REPORT for Queue of Queueing Place : W/category----------------------------------------

queueUtilQPl=0.026639754250773303

------------------ Color = category --------------------
arrivCnt=277675 deptCnt=277675
arrivThrPut=0.027795290817450392 deptThrPut=0.027795290817450392
meanTkPop=0.027355590187494602 tkColOcp=0.026639754250773303
-----
meanST=0.9841807508745425 stDevST=0.991380073937394

Steady State Statistics: numBatchesST=347 batchSizeST=800 stDevStdStateMeanST=0.037878123972264456
95% c.i. = 0.9841302976873583 +/- 0.003985399066592339



REPORT for Depository of Queueing Place : W/category----------------------------------------

tkOcp=0.0

------------------ Color = category --------------------
arrivCnt=277675 deptCnt=277675
arrivThrPut=0.027795290817450392 deptThrPut=0.027795290817450392
meanTkPop=0.0 tkColOcp=0.0
-----
meanST=0.0 stDevST=0.0

Steady State Statistics: numBatchesST=1388 batchSizeST=200 stDevStdStateMeanST=0.0
95% c.i. = 0.0 +/- 0.0



REPORT for Queue : WebUI----------------------------------------

totArrivThrPut=0.1667152884573411 totDeptThrPut=0.1667152884573411
meanTotTkPop=0.09206485212621357 queueUtil=0.08035966868870237
meanST=0.5522280108687874



REPORT for Queue of Queueing Place : W/product----------------------------------------

queueUtilQPl=0.010492164001400493

------------------ Color = product --------------------
arrivCnt=277301 deptCnt=277301
arrivThrPut=0.027757853386044157 deptThrPut=0.027757853386044157
meanTkPop=0.010636788674691176 tkColOcp=0.010492164001400493
-----
meanST=0.3831992527217196 stDevST=0.4868502103911013

Steady State Statistics: numBatchesST=693 batchSizeST=400 stDevStdStateMeanST=0.02670062090547491
95% c.i. = 0.3832009903803146 +/- 0.001987937995310808



REPORT for Depository of Queueing Place : W/product----------------------------------------

tkOcp=0.0

------------------ Color = product --------------------
arrivCnt=277301 deptCnt=277301
arrivThrPut=0.027757853386044157 deptThrPut=0.027757853386044157
meanTkPop=0.0 tkColOcp=0.0
-----
meanST=0.0 stDevST=0.0

Steady State Statistics: numBatchesST=1386 batchSizeST=200 stDevStdStateMeanST=0.0
95% c.i. = 0.0 +/- 0.0



REPORT for Queue : WebUI----------------------------------------

totArrivThrPut=0.1667152884573411 totDeptThrPut=0.1667152884573411
meanTotTkPop=0.09206485212621357 queueUtil=0.08035966868870237
meanST=0.5522280108687874



REPORT for Queue of Queueing Place : P/category_category----------------------------------------

queueUtilQPl=0.009339590760431074

------------------ Color = category --------------------
arrivCnt=277675 deptCnt=277675
arrivThrPut=0.027795290817450392 deptThrPut=0.027795290817450392
meanTkPop=0.009429130715486992 tkColOcp=0.009339590760431074
-----
meanST=0.33923482856913345 stDevST=0.36378988813505925

Steady State Statistics: numBatchesST=694 batchSizeST=400 stDevStdStateMeanST=0.018413414731162644
95% c.i. = 0.3392483571229395 +/- 0.0013699436094951943



REPORT for Depository of Queueing Place : P/category_category----------------------------------------

tkOcp=0.0

------------------ Color = category --------------------
arrivCnt=277675 deptCnt=277675
arrivThrPut=0.027795290817450392 deptThrPut=0.027795290817450392
meanTkPop=0.0 tkColOcp=0.0
-----
meanST=0.0 stDevST=0.0

Steady State Statistics: numBatchesST=1388 batchSizeST=200 stDevStdStateMeanST=0.0
95% c.i. = 0.0 +/- 0.0



REPORT for Queue : Persistence----------------------------------------

totArrivThrPut=0.16671528845734107 totDeptThrPut=0.16671528845734107
meanTotTkPop=0.0702022471560733 queueUtil=0.06402317143661393
meanST=0.4210906378513485



REPORT for Queue of Queueing Place : P/getProduct_product----------------------------------------

queueUtilQPl=0.016210441595542774

------------------ Color = product --------------------
arrivCnt=277301 deptCnt=277301
arrivThrPut=0.027757853386044157 deptThrPut=0.027757853386044157
meanTkPop=0.016490212355426248 tkColOcp=0.016210441595542774
-----
meanST=0.5940737608952518 stDevST=0.5948005723296397

Steady State Statistics: numBatchesST=693 batchSizeST=400 stDevStdStateMeanST=0.03155468970462208
95% c.i. = 0.5940460659627899 +/- 0.002349337373693755



REPORT for Depository of Queueing Place : P/getProduct_product----------------------------------------

tkOcp=0.0

------------------ Color = product --------------------
arrivCnt=277301 deptCnt=277301
arrivThrPut=0.027757853386044157 deptThrPut=0.027757853386044157
meanTkPop=0.0 tkColOcp=0.0
-----
meanST=0.0 stDevST=0.0

Steady State Statistics: numBatchesST=1386 batchSizeST=200 stDevStdStateMeanST=0.0
95% c.i. = 0.0 +/- 0.0



REPORT for Queue : Persistence----------------------------------------

totArrivThrPut=0.16671528845734107 totDeptThrPut=0.16671528845734107
meanTotTkPop=0.0702022471560733 queueUtil=0.06402317143661393
meanST=0.4210906378513485



REPORT for Queue of Queueing Place : R/getAds_product----------------------------------------

queueUtilQPl=0.0039276503342377455

------------------ Color = product --------------------
arrivCnt=277301 deptCnt=277301
arrivThrPut=0.027757853386044157 deptThrPut=0.027757853386044157
meanTkPop=0.003943233669936599 tkColOcp=0.0039276503342377455
-----
meanST=0.14205830743090325 stDevST=0.14184183992722907

Steady State Statistics: numBatchesST=693 batchSizeST=400 stDevStdStateMeanST=0.007132742976746161
95% c.i. = 0.142056539838759 +/- 5.310532224871421E-4



REPORT for Depository of Queueing Place : R/getAds_product----------------------------------------

tkOcp=0.0

------------------ Color = product --------------------
arrivCnt=277301 deptCnt=277301
arrivThrPut=0.027757853386044157 deptThrPut=0.027757853386044157
meanTkPop=0.0 tkColOcp=0.0
-----
meanST=0.0 stDevST=0.0

Steady State Statistics: numBatchesST=1386 batchSizeST=200 stDevStdStateMeanST=0.0
95% c.i. = 0.0 +/- 0.0



REPORT for Queue : Recommender----------------------------------------

totArrivThrPut=0.027757853386044157 totDeptThrPut=0.027757853386044157
meanTotTkPop=0.003943233669936599 queueUtil=0.0039276503342377455
meanST=0.14205830743090325



REPORT for Queue of Queueing Place : I/productImages_category----------------------------------------

queueUtilQPl=0.02920825234926528

------------------ Color = category --------------------
arrivCnt=277675 deptCnt=277675
arrivThrPut=0.027795290817450392 deptThrPut=0.027795290817450392
meanTkPop=0.03008901547839874 tkColOcp=0.02920825234926528
-----
meanST=1.0825220601580576 stDevST=1.1445520985947366

Steady State Statistics: numBatchesST=347 batchSizeST=800 stDevStdStateMeanST=0.04230856549598377
95% c.i. = 1.0825237840148754 +/- 0.004451554083302035



REPORT for Depository of Queueing Place : I/productImages_category----------------------------------------

tkOcp=0.0

------------------ Color = category --------------------
arrivCnt=277675 deptCnt=277674
arrivThrPut=0.027795290817450392 deptThrPut=0.027795190717366417
meanTkPop=0.0 tkColOcp=0.0
-----
meanST=0.0 stDevST=0.0

Steady State Statistics: numBatchesST=1388 batchSizeST=200 stDevStdStateMeanST=0.0
95% c.i. = 0.0 +/- 0.0



REPORT for Queue : ImageProvider----------------------------------------

totArrivThrPut=0.16671538855742507 totDeptThrPut=0.16671538855742507
meanTotTkPop=0.14016805930719115 queueUtil=0.11458473380685162
meanST=0.8407625745892695



REPORT for Queue of Queueing Place : I/product_product----------------------------------------

queueUtilQPl=0.05119012958564588

------------------ Color = product --------------------
arrivCnt=277301 deptCnt=277301
arrivThrPut=0.027757853386044157 deptThrPut=0.027757853386044157
meanTkPop=0.053936553541769613 tkColOcp=0.05119012958564588
-----
meanST=1.9431096775259773 stDevST=1.9109957311170538

Steady State Statistics: numBatchesST=693 batchSizeST=400 stDevStdStateMeanST=0.11020245689419127
95% c.i. = 1.9430936833569157 +/- 0.008204889766875917



REPORT for Depository of Queueing Place : I/product_product----------------------------------------

tkOcp=0.0

------------------ Color = product --------------------
arrivCnt=277301 deptCnt=277301
arrivThrPut=0.027757853386044157 deptThrPut=0.027757853386044157
meanTkPop=0.0 tkColOcp=0.0
-----
meanST=0.0 stDevST=0.0

Steady State Statistics: numBatchesST=1386 batchSizeST=200 stDevStdStateMeanST=0.0
95% c.i. = 0.0 +/- 0.0



REPORT for Queue : ImageProvider----------------------------------------

totArrivThrPut=0.16671538855742507 totDeptThrPut=0.16671538855742507
meanTotTkPop=0.14016805930719115 queueUtil=0.11458473380685162
meanST=0.8407625745892695



REPORT for Queue of Queueing Place : Workload----------------------------------------

queueUtilQPl=1.0

------------------ Color = workload --------------------
arrivCnt=1665486 deptCnt=1665486
arrivThrPut=0.16671528845734107 deptThrPut=0.16671528845734107
meanTkPop=1.0 tkColOcp=1.0
-----
meanST=5.998249299477471 stDevST=5.997137295581209

Steady State Statistics: numBatchesST=4163 batchSizeST=400 stDevStdStateMeanST=0.30530974854605303
95% c.i. = 5.998252226645864 +/- 0.009274394325338923



REPORT for Depository of Queueing Place : Workload----------------------------------------

tkOcp=0.0

------------------ Color = workload --------------------
arrivCnt=1665486 deptCnt=1665486
arrivThrPut=0.16671528845734107 deptThrPut=0.16671528845734107
meanTkPop=0.0 tkColOcp=0.0
-----
meanST=0.0 stDevST=0.0

Steady State Statistics: numBatchesST=8327 batchSizeST=200 stDevStdStateMeanST=0.0
95% c.i. = 0.0 +/- 0.0



REPORT for Queue : Workload----------------------------------------

totArrivThrPut=0.16671528845734107 totDeptThrPut=0.16671528845734107
meanTotTkPop=1.0 queueUtil=1.0
meanST=5.998249299477471



REPORT for Queue of Queueing Place : I/icon_index----------------------------------------

queueUtilQPl=0.007517965139536865

------------------ Color = index --------------------
arrivCnt=278457 deptCnt=278457
arrivThrPut=0.027873569083117975 deptThrPut=0.027873569083117975
meanTkPop=0.007679875839367771 tkColOcp=0.007517965139536865
-----
meanST=0.2755253845127138 stDevST=0.6373625174601011

Steady State Statistics: numBatchesST=696 batchSizeST=400 stDevStdStateMeanST=0.03389087285213419
95% c.i. = 0.275544264719188 +/- 0.00251782896508142



REPORT for Depository of Queueing Place : I/icon_index----------------------------------------

tkOcp=0.0

------------------ Color = index --------------------
arrivCnt=278457 deptCnt=278457
arrivThrPut=0.027873569083117975 deptThrPut=0.027873569083117975
meanTkPop=0.0 tkColOcp=0.0
-----
meanST=0.0 stDevST=0.0

Steady State Statistics: numBatchesST=1392 batchSizeST=200 stDevStdStateMeanST=0.0
95% c.i. = 0.0 +/- 0.0



REPORT for Queue : ImageProvider----------------------------------------

totArrivThrPut=0.16671538855742507 totDeptThrPut=0.16671538855742507
meanTotTkPop=0.14016805930719115 queueUtil=0.11458473380685162
meanST=0.8407625745892695



REPORT for Queue of Queueing Place : P/categories_login----------------------------------------

queueUtilQPl=0.00508403770057367

------------------ Color = login --------------------
arrivCnt=277729 deptCnt=277729
arrivThrPut=0.027800696221984982 deptThrPut=0.027800696221984982
meanTkPop=0.005128939831070448 tkColOcp=0.00508403770057367
-----
meanST=0.18448961817777956 stDevST=0.26740162026453485

Steady State Statistics: numBatchesST=694 batchSizeST=400 stDevStdStateMeanST=0.013929178293586903
95% c.i. = 0.18448598960550458 +/- 0.001036319936710277



REPORT for Depository of Queueing Place : P/categories_login----------------------------------------

tkOcp=0.0

------------------ Color = login --------------------
arrivCnt=277729 deptCnt=277729
arrivThrPut=0.027800696221984982 deptThrPut=0.027800696221984982
meanTkPop=0.0 tkColOcp=0.0
-----
meanST=0.0 stDevST=0.0

Steady State Statistics: numBatchesST=1388 batchSizeST=200 stDevStdStateMeanST=0.0
95% c.i. = 0.0 +/- 0.0



REPORT for Queue : Persistence----------------------------------------

totArrivThrPut=0.16671528845734107 totDeptThrPut=0.16671528845734107
meanTotTkPop=0.0702022471560733 queueUtil=0.06402317143661393
meanST=0.4210906378513485



REPORT for Queue of Queueing Place : I/icon_login----------------------------------------

queueUtilQPl=0.019817277249348612

------------------ Color = login --------------------
arrivCnt=277729 deptCnt=277729
arrivThrPut=0.027800696221984982 deptThrPut=0.027800696221984982
meanTkPop=0.020353741172725946 tkColOcp=0.019817277249348612
-----
meanST=0.7321306276002566 stDevST=0.9102775627801998

Steady State Statistics: numBatchesST=694 batchSizeST=400 stDevStdStateMeanST=0.04930943736503608
95% c.i. = 0.7321430106545983 +/- 0.003668583453546613



REPORT for Depository of Queueing Place : I/icon_login----------------------------------------

tkOcp=0.0

------------------ Color = login --------------------
arrivCnt=277729 deptCnt=277729
arrivThrPut=0.027800696221984982 deptThrPut=0.027800696221984982
meanTkPop=0.0 tkColOcp=0.0
-----
meanST=0.0 stDevST=0.0

Steady State Statistics: numBatchesST=1388 batchSizeST=200 stDevStdStateMeanST=0.0
95% c.i. = 0.0 +/- 0.0



REPORT for Queue : ImageProvider----------------------------------------

totArrivThrPut=0.16671538855742507 totDeptThrPut=0.16671538855742507
meanTotTkPop=0.14016805930719115 queueUtil=0.11458473380685162
meanST=0.8407625745892695



REPORT for Queue of Queueing Place : A/isLoggedIn_login----------------------------------------

queueUtilQPl=0.0034145726009809653

------------------ Color = login --------------------
arrivCnt=277729 deptCnt=277729
arrivThrPut=0.027800696221984982 deptThrPut=0.027800696221984982
meanTkPop=0.00344556153817722 tkColOcp=0.0034145726009809653
-----
meanST=0.12393795862754135 stDevST=0.2097518947913149

Steady State Statistics: numBatchesST=694 batchSizeST=400 stDevStdStateMeanST=0.01106667905436747
95% c.i. = 0.12393981780042407 +/- 8.233522391263583E-4



REPORT for Depository of Queueing Place : A/isLoggedIn_login----------------------------------------

tkOcp=0.0

------------------ Color = login --------------------
arrivCnt=277729 deptCnt=277729
arrivThrPut=0.027800696221984982 deptThrPut=0.027800696221984982
meanTkPop=0.0 tkColOcp=0.0
-----
meanST=0.0 stDevST=0.0

Steady State Statistics: numBatchesST=1388 batchSizeST=200 stDevStdStateMeanST=0.0
95% c.i. = 0.0 +/- 0.0



REPORT for Queue : Auth----------------------------------------

totArrivThrPut=0.16671518835725713 totDeptThrPut=0.16671518835725713
meanTotTkPop=0.05236489965261498 queueUtil=0.04839609445856513
meanST=0.31409795453310024



REPORT for Queue of Queueing Place : A/isLoggedIn_category----------------------------------------

queueUtilQPl=0.018279010434805735

------------------ Color = category --------------------
arrivCnt=277674 deptCnt=277674
arrivThrPut=0.027795190717366417 deptThrPut=0.027795190717366417
meanTkPop=0.018608708855972083 tkColOcp=0.018279010434805735
-----
meanST=0.6694938360090249 stDevST=0.6668108573157885

Steady State Statistics: numBatchesST=694 batchSizeST=400 stDevStdStateMeanST=0.03576732278882465
95% c.i. = 0.6695070448407292 +/- 0.002661060753732792



REPORT for Depository of Queueing Place : A/isLoggedIn_category----------------------------------------

tkOcp=0.0

------------------ Color = category --------------------
arrivCnt=277674 deptCnt=277674
arrivThrPut=0.027795190717366417 deptThrPut=0.027795190717366417
meanTkPop=0.0 tkColOcp=0.0
-----
meanST=0.0 stDevST=0.0

Steady State Statistics: numBatchesST=1388 batchSizeST=200 stDevStdStateMeanST=0.0
95% c.i. = 0.0 +/- 0.0



REPORT for Queue : Auth----------------------------------------

totArrivThrPut=0.16671518835725713 totDeptThrPut=0.16671518835725713
meanTotTkPop=0.05236489965261498 queueUtil=0.04839609445856513
meanST=0.31409795453310024



REPORT for Queue of Queueing Place : I/icon_logout----------------------------------------

queueUtilQPl=0.015655447721602475

------------------ Color = logout --------------------
arrivCnt=277364 deptCnt=277364
arrivThrPut=0.02776415969133451 deptThrPut=0.02776415969133451
meanTkPop=0.01606914584093857 tkColOcp=0.015655447721602475
-----
meanST=0.5787729943778532 stDevST=0.8329835912583636

Steady State Statistics: numBatchesST=693 batchSizeST=400 stDevStdStateMeanST=0.0446843241870665
95% c.i. = 0.5787293100802477 +/- 0.003326876410879301



REPORT for Depository of Queueing Place : I/icon_logout----------------------------------------

tkOcp=0.0

------------------ Color = logout --------------------
arrivCnt=277364 deptCnt=277364
arrivThrPut=0.02776415969133451 deptThrPut=0.02776415969133451
meanTkPop=0.0 tkColOcp=0.0
-----
meanST=0.0 stDevST=0.0

Steady State Statistics: numBatchesST=1386 batchSizeST=200 stDevStdStateMeanST=0.0
95% c.i. = 0.0 +/- 0.0



REPORT for Queue : ImageProvider----------------------------------------

totArrivThrPut=0.16671538855742507 totDeptThrPut=0.16671538855742507
meanTotTkPop=0.14016805930719115 queueUtil=0.11458473380685162
meanST=0.8407625745892695



REPORT for Queue of Queueing Place : I/icon_loginAction----------------------------------------

queueUtilQPl=0.011782989525174082

------------------ Color = loginAction --------------------
arrivCnt=276961 deptCnt=276961
arrivThrPut=0.027723819357493032 deptThrPut=0.027723819357493032
meanTkPop=0.012039727433990472 tkColOcp=0.011782989525174082
-----
meanST=0.434273765773057 stDevST=0.7256198358614873

Steady State Statistics: numBatchesST=692 batchSizeST=400 stDevStdStateMeanST=0.03968162411359798
95% c.i. = 0.4342721353516087 +/- 0.0029565449261700163



REPORT for Depository of Queueing Place : I/icon_loginAction----------------------------------------

tkOcp=0.0

------------------ Color = loginAction --------------------
arrivCnt=276961 deptCnt=276961
arrivThrPut=0.027723819357493032 deptThrPut=0.027723819357493032
meanTkPop=0.0 tkColOcp=0.0
-----
meanST=0.0 stDevST=0.0

Steady State Statistics: numBatchesST=1384 batchSizeST=200 stDevStdStateMeanST=0.0
95% c.i. = 0.0 +/- 0.0



REPORT for Queue : ImageProvider----------------------------------------

totArrivThrPut=0.16671538855742507 totDeptThrPut=0.16671538855742507
meanTotTkPop=0.14016805930719115 queueUtil=0.11458473380685162
meanST=0.8407625745892695



REPORT for Queue of Queueing Place : A/isLoggedIn_product----------------------------------------

queueUtilQPl=0.005951473319440546

------------------ Color = product --------------------
arrivCnt=277301 deptCnt=277301
arrivThrPut=0.027757853386044157 deptThrPut=0.027757853386044157
meanTkPop=0.00598747638390032 tkColOcp=0.005951473319440546
-----
meanST=0.21570386948259657 stDevST=0.23899379060299247

Steady State Statistics: numBatchesST=693 batchSizeST=400 stDevStdStateMeanST=0.01264320082785684
95% c.i. = 0.21569867559253367 +/- 9.413226530207024E-4



REPORT for Depository of Queueing Place : A/isLoggedIn_product----------------------------------------

tkOcp=0.0

------------------ Color = product --------------------
arrivCnt=277301 deptCnt=277301
arrivThrPut=0.027757853386044157 deptThrPut=0.027757853386044157
meanTkPop=0.0 tkColOcp=0.0
-----
meanST=0.0 stDevST=0.0

Steady State Statistics: numBatchesST=1386 batchSizeST=200 stDevStdStateMeanST=0.0
95% c.i. = 0.0 +/- 0.0



REPORT for Queue : Auth----------------------------------------

totArrivThrPut=0.16671518835725713 totDeptThrPut=0.16671518835725713
meanTotTkPop=0.05236489965261498 queueUtil=0.04839609445856513
meanST=0.31409795453310024



REPORT for Queue of Queueing Place : P/category_logout----------------------------------------

queueUtilQPl=0.0039050881106378658

------------------ Color = logout --------------------
arrivCnt=277364 deptCnt=277364
arrivThrPut=0.02776415969133451 deptThrPut=0.02776415969133451
meanTkPop=0.003940317495104528 tkColOcp=0.0039050881106378658
-----
meanST=0.14192100675513486 stDevST=0.24490031879998891

Steady State Statistics: numBatchesST=693 batchSizeST=400 stDevStdStateMeanST=0.012721470161103763
95% c.i. = 0.14192271187196828 +/- 9.471500299187914E-4



REPORT for Depository of Queueing Place : P/category_logout----------------------------------------

tkOcp=0.0

------------------ Color = logout --------------------
arrivCnt=277364 deptCnt=277364
arrivThrPut=0.02776415969133451 deptThrPut=0.02776415969133451
meanTkPop=0.0 tkColOcp=0.0
-----
meanST=0.0 stDevST=0.0

Steady State Statistics: numBatchesST=1386 batchSizeST=200 stDevStdStateMeanST=0.0
95% c.i. = 0.0 +/- 0.0



REPORT for Queue : Persistence----------------------------------------

totArrivThrPut=0.16671528845734107 totDeptThrPut=0.16671528845734107
meanTotTkPop=0.0702022471560733 queueUtil=0.06402317143661393
meanST=0.4210906378513485



REPORT for Ordinary Place : Finish_index----------------------------------------

tkOcp=1.0

------------------ Color = index --------------------
arrivCnt=278457 deptCnt=0
arrivThrPut=0.027873569083117975 deptThrPut=0.0
meanTkPop=139974.1428995592 tkColOcp=1.0
-----
meanST=NaN stDevST=NaN

Steady State Statistics: Only 0 batches collected!
Need at least 60 for steady state statistics.



REPORT for Ordinary Place : Finish_login----------------------------------------

tkOcp=1.0

------------------ Color = login --------------------
arrivCnt=277729 deptCnt=0
arrivThrPut=0.027800696221984982 deptThrPut=0.0
meanTkPop=139296.9042609353 tkColOcp=1.0
-----
meanST=NaN stDevST=NaN

Steady State Statistics: Only 0 batches collected!
Need at least 60 for steady state statistics.



REPORT for Ordinary Place : Finish_loginAction----------------------------------------

tkOcp=1.0

------------------ Color = loginAction --------------------
arrivCnt=276961 deptCnt=0
arrivThrPut=0.027723819357493032 deptThrPut=0.0
meanTkPop=138667.47853560923 tkColOcp=1.0
-----
meanST=NaN stDevST=NaN

Steady State Statistics: Only 0 batches collected!
Need at least 60 for steady state statistics.



REPORT for Ordinary Place : Finish_category----------------------------------------

tkOcp=0.9999999999999998

------------------ Color = category --------------------
arrivCnt=277674 deptCnt=0
arrivThrPut=0.027795190717366417 deptThrPut=0.0
meanTkPop=139058.61478603835 tkColOcp=0.9999999999999998
-----
meanST=NaN stDevST=NaN

Steady State Statistics: Only 0 batches collected!
Need at least 60 for steady state statistics.



REPORT for Ordinary Place : Finish_product----------------------------------------

tkOcp=1.0

------------------ Color = product --------------------
arrivCnt=277301 deptCnt=0
arrivThrPut=0.027757853386044157 deptThrPut=0.0
meanTkPop=138883.94419655242 tkColOcp=1.0
-----
meanST=NaN stDevST=NaN

Steady State Statistics: Only 0 batches collected!
Need at least 60 for steady state statistics.



REPORT for Ordinary Place : Finish_logout----------------------------------------

tkOcp=1.0

------------------ Color = logout --------------------
arrivCnt=277364 deptCnt=0
arrivThrPut=0.02776415969133451 deptThrPut=0.0
meanTkPop=139081.90375326242 tkColOcp=1.0
-----
meanST=NaN stDevST=NaN

Steady State Statistics: Only 0 batches collected!
Need at least 60 for steady state statistics.



REPORT REPORT for Probe : /index----------------------------------------


------------------ Color = index --------------------
-----
meanST=2.129506473666453 stDevST=1.4360269679855988

Steady State Statistics: numBatchesST=696 batchSizeST=400 stDevStdStateMeanST=0.0777843204941743
95% c.i. = 2.129508962645059 +/- 0.005778771648162946



REPORT REPORT for Probe : /login----------------------------------------


------------------ Color = login --------------------
-----
meanST=1.4142632629287386 stDevST=1.1351647115351045

Steady State Statistics: numBatchesST=694 batchSizeST=400 stDevStdStateMeanST=0.060716007036446126
95% c.i. = 1.4142818702032953 +/- 0.004517223287914979



REPORT REPORT for Probe : /loginAction----------------------------------------


------------------ Color = loginAction --------------------
-----
meanST=1.6951850098254249 stDevST=1.2030860595816002

Steady State Statistics: numBatchesST=692 batchSizeST=400 stDevStdStateMeanST=0.06370416955789575
95% c.i. = 1.695143602689793 +/- 0.004746384340093828



REPORT REPORT for Probe : /logout----------------------------------------


------------------ Color = logout --------------------
-----
meanST=1.3180759841065033 stDevST=1.0830714769745593

Steady State Statistics: numBatchesST=693 batchSizeST=400 stDevStdStateMeanST=0.05603636040085048
95% c.i. = 1.3180122904007041 +/- 0.004172068146060938



REPORT REPORT for Probe : /category----------------------------------------


------------------ Color = category --------------------
-----
meanST=3.0754300663627805 stDevST=1.6788225456304635

Steady State Statistics: numBatchesST=694 batchSizeST=400 stDevStdStateMeanST=0.09286459863798432
95% c.i. = 3.075409483665906 +/- 0.006909053280440069



REPORT REPORT for Probe : /product----------------------------------------


------------------ Color = product --------------------
-----
meanST=3.2781448680564482 stDevST=2.085022374556663

Steady State Statistics: numBatchesST=693 batchSizeST=400 stDevStdStateMeanST=0.1207579047281028
95% c.i. = 3.2780959551313082 +/- 0.00899077320684683



