INFO Logging to /home/yjx/workloadConfig/qpme/output/SimQPN_Output_config_2025-08-14_072147393.log
WARN Batch means correlation test was run for depository of place Workload, color 0
    However, the standard deviation of the token residence time is 0 and therefore the result of the test is ignored!
    In future runs, you should set numBMeansCorlTested to 0 to switch off the correlation test!
WARN Batch means correlation test was run for depository of place W/index, color 0
    However, the standard deviation of the token residence time is 0 and therefore the result of the test is ignored!
    In future runs, you should set numBMeansCorlTested to 0 to switch off the correlation test!
WARN Batch means correlation test was run for depository of place P/categories_index, color 0
    However, the standard deviation of the token residence time is 0 and therefore the result of the test is ignored!
    In future runs, you should set numBMeansCorlTested to 0 to switch off the correlation test!
WARN Batch means correlation test was run for depository of place A/isLoggedIn_index, color 0
    However, the standard deviation of the token residence time is 0 and therefore the result of the test is ignored!
    In future runs, you should set numBMeansCorlTested to 0 to switch off the correlation test!
WARN Batch means correlation test was run for depository of place I/icon_index, color 0
    However, the standard deviation of the token residence time is 0 and therefore the result of the test is ignored!
    In future runs, you should set numBMeansCorlTested to 0 to switch off the correlation test!
WARN Batch means correlation test was run for depository of place W/login, color 0
    However, the standard deviation of the token residence time is 0 and therefore the result of the test is ignored!
    In future runs, you should set numBMeansCorlTested to 0 to switch off the correlation test!
WARN Batch means correlation test was run for depository of place P/categories_login, color 0
    However, the standard deviation of the token residence time is 0 and therefore the result of the test is ignored!
    In future runs, you should set numBMeansCorlTested to 0 to switch off the correlation test!
WARN Batch means correlation test was run for depository of place I/icon_login, color 0
    However, the standard deviation of the token residence time is 0 and therefore the result of the test is ignored!
    In future runs, you should set numBMeansCorlTested to 0 to switch off the correlation test!
WARN Batch means correlation test was run for depository of place A/isLoggedIn_login, color 0
    However, the standard deviation of the token residence time is 0 and therefore the result of the test is ignored!
    In future runs, you should set numBMeansCorlTested to 0 to switch off the correlation test!
WARN Batch means correlation test was run for depository of place W/category, color 0
    However, the standard deviation of the token residence time is 0 and therefore the result of the test is ignored!
    In future runs, you should set numBMeansCorlTested to 0 to switch off the correlation test!
WARN Batch means correlation test was run for depository of place P/category_category, color 0
    However, the standard deviation of the token residence time is 0 and therefore the result of the test is ignored!
    In future runs, you should set numBMeansCorlTested to 0 to switch off the correlation test!
WARN Batch means correlation test was run for depository of place I/productImages_category, color 0
    However, the standard deviation of the token residence time is 0 and therefore the result of the test is ignored!
    In future runs, you should set numBMeansCorlTested to 0 to switch off the correlation test!
WARN Batch means correlation test was run for depository of place A/isLoggedIn_category, color 0
    However, the standard deviation of the token residence time is 0 and therefore the result of the test is ignored!
    In future runs, you should set numBMeansCorlTested to 0 to switch off the correlation test!
WARN Batch means correlation test was run for depository of place W/product, color 0
    However, the standard deviation of the token residence time is 0 and therefore the result of the test is ignored!
    In future runs, you should set numBMeansCorlTested to 0 to switch off the correlation test!
WARN Batch means correlation test was run for depository of place P/getProduct_product, color 0
    However, the standard deviation of the token residence time is 0 and therefore the result of the test is ignored!
    In future runs, you should set numBMeansCorlTested to 0 to switch off the correlation test!
WARN Batch means correlation test was run for depository of place R/getAds_product, color 0
    However, the standard deviation of the token residence time is 0 and therefore the result of the test is ignored!
    In future runs, you should set numBMeansCorlTested to 0 to switch off the correlation test!
WARN Batch means correlation test was run for depository of place I/product_product, color 0
    However, the standard deviation of the token residence time is 0 and therefore the result of the test is ignored!
    In future runs, you should set numBMeansCorlTested to 0 to switch off the correlation test!
WARN Batch means correlation test was run for depository of place A/isLoggedIn_product, color 0
    However, the standard deviation of the token residence time is 0 and therefore the result of the test is ignored!
    In future runs, you should set numBMeansCorlTested to 0 to switch off the correlation test!
WARN Batch means correlation test was run for depository of place W/logout, color 0
    However, the standard deviation of the token residence time is 0 and therefore the result of the test is ignored!
    In future runs, you should set numBMeansCorlTested to 0 to switch off the correlation test!
WARN Batch means correlation test was run for depository of place A/logout_logout, color 0
    However, the standard deviation of the token residence time is 0 and therefore the result of the test is ignored!
    In future runs, you should set numBMeansCorlTested to 0 to switch off the correlation test!
WARN Batch means correlation test was run for depository of place P/category_logout, color 0
    However, the standard deviation of the token residence time is 0 and therefore the result of the test is ignored!
    In future runs, you should set numBMeansCorlTested to 0 to switch off the correlation test!
WARN Batch means correlation test was run for depository of place I/icon_logout, color 0
    However, the standard deviation of the token residence time is 0 and therefore the result of the test is ignored!
    In future runs, you should set numBMeansCorlTested to 0 to switch off the correlation test!
WARN Batch means correlation test was run for depository of place W/loginAction, color 0
    However, the standard deviation of the token residence time is 0 and therefore the result of the test is ignored!
    In future runs, you should set numBMeansCorlTested to 0 to switch off the correlation test!
WARN Batch means correlation test was run for depository of place A/login_loginAction, color 0
    However, the standard deviation of the token residence time is 0 and therefore the result of the test is ignored!
    In future runs, you should set numBMeansCorlTested to 0 to switch off the correlation test!
WARN Batch means correlation test was run for depository of place P/getUser_loginAction, color 0
    However, the standard deviation of the token residence time is 0 and therefore the result of the test is ignored!
    In future runs, you should set numBMeansCorlTested to 0 to switch off the correlation test!
WARN Batch means correlation test was run for depository of place I/icon_loginAction, color 0
    However, the standard deviation of the token residence time is 0 and therefore the result of the test is ignored!
    In future runs, you should set numBMeansCorlTested to 0 to switch off the correlation test!
WARN LP-1 The simulation was stopped because of reaching max totalRunLen.
The required precision may not have been reached!
REPORT for Queue of Queueing Place : W/index----------------------------------------

queueUtilQPl=0.0032114796909831823

------------------ Color = index --------------------
arrivCnt=277163 deptCnt=277163
arrivThrPut=0.02774405985031127 deptThrPut=0.02774405985031127
meanTkPop=0.003222949267946214 tkColOcp=0.0032114796909831823
-----
meanST=0.1161671826450466 stDevST=0.1303555795297406

Steady State Statistics: numBatchesST=692 batchSizeST=400 stDevStdStateMeanST=0.006497820977380725
95% c.i. = 0.11616146275925572 +/- 4.8413088100526813E-4



REPORT for Depository of Queueing Place : W/index----------------------------------------

tkOcp=0.0

------------------ Color = index --------------------
arrivCnt=277163 deptCnt=277163
arrivThrPut=0.02774405985031127 deptThrPut=0.02774405985031127
meanTkPop=0.0 tkColOcp=0.0
-----
meanST=0.0 stDevST=0.0

Steady State Statistics: numBatchesST=1385 batchSizeST=200 stDevStdStateMeanST=0.0
95% c.i. = 0.0 +/- 0.0



REPORT for Queue : WebUI----------------------------------------

totArrivThrPut=0.16668688175116514 totDeptThrPut=0.16668688175116514
meanTotTkPop=0.0315038227698934 queueUtil=0.030209280043890594
meanST=0.1890000127119973



REPORT for Queue of Queueing Place : P/categories_index----------------------------------------

queueUtilQPl=0.01597716798021103

------------------ Color = index --------------------
arrivCnt=277163 deptCnt=277163
arrivThrPut=0.02774405985031127 deptThrPut=0.02774405985031127
meanTkPop=0.016254044002254022 tkColOcp=0.01597716798021103
-----
meanST=0.5858567235635365 stDevST=0.6068193184299099

Steady State Statistics: numBatchesST=692 batchSizeST=400 stDevStdStateMeanST=0.03153784393779641
95% c.i. = 0.5858673395225698 +/- 0.002349779137308081



REPORT for Depository of Queueing Place : P/categories_index----------------------------------------

tkOcp=0.0

------------------ Color = index --------------------
arrivCnt=277163 deptCnt=277163
arrivThrPut=0.02774405985031127 deptThrPut=0.02774405985031127
meanTkPop=0.0 tkColOcp=0.0
-----
meanST=0.0 stDevST=0.0

Steady State Statistics: numBatchesST=1385 batchSizeST=200 stDevStdStateMeanST=0.0
95% c.i. = 0.0 +/- 0.0



REPORT for Queue : Persistence----------------------------------------

totArrivThrPut=0.1666868817511651 totDeptThrPut=0.1666868817511651
meanTotTkPop=0.08055520028663114 queueUtil=0.07207515524042656
meanST=0.4832725853428959



REPORT for Queue of Queueing Place : A/isLoggedIn_index----------------------------------------

queueUtilQPl=0.009141830525323002

------------------ Color = index --------------------
arrivCnt=277163 deptCnt=277163
arrivThrPut=0.02774405985031127 deptThrPut=0.02774405985031127
meanTkPop=0.009609163653616715 tkColOcp=0.009141830525323002
-----
meanST=0.3463503072535689 stDevST=1.096156166220353

Steady State Statistics: numBatchesST=692 batchSizeST=400 stDevStdStateMeanST=0.06185061444162558
95% c.i. = 0.3463460200097608 +/- 0.0046082821555991395



REPORT for Depository of Queueing Place : A/isLoggedIn_index----------------------------------------

tkOcp=0.0

------------------ Color = index --------------------
arrivCnt=277163 deptCnt=277163
arrivThrPut=0.02774405985031127 deptThrPut=0.02774405985031127
meanTkPop=0.0 tkColOcp=0.0
-----
meanST=0.0 stDevST=0.0

Steady State Statistics: numBatchesST=1385 batchSizeST=200 stDevStdStateMeanST=0.0
95% c.i. = 0.0 +/- 0.0



REPORT for Queue : Auth----------------------------------------

totArrivThrPut=0.16668688175116514 totDeptThrPut=0.16668688175116514
meanTotTkPop=0.16511868105493585 queueUtil=0.12315929859809893
meanST=0.9905919369313638



REPORT for Queue of Queueing Place : W/login----------------------------------------

queueUtilQPl=0.0033214469565947756

------------------ Color = login --------------------
arrivCnt=277366 deptCnt=277366
arrivThrPut=0.027764380182208434 deptThrPut=0.027764380182208434
meanTkPop=0.003333336355630267 tkColOcp=0.0033214469565947756
-----
meanST=0.12005801439667244 stDevST=0.13309891291659343

Steady State Statistics: numBatchesST=693 batchSizeST=400 stDevStdStateMeanST=0.006493370789813648
95% c.i. = 0.12006014007353111 +/- 4.8345012486451403E-4



REPORT for Depository of Queueing Place : W/login----------------------------------------

tkOcp=0.0

------------------ Color = login --------------------
arrivCnt=277366 deptCnt=277366
arrivThrPut=0.027764380182208434 deptThrPut=0.027764380182208434
meanTkPop=0.0 tkColOcp=0.0
-----
meanST=0.0 stDevST=0.0

Steady State Statistics: numBatchesST=1386 batchSizeST=200 stDevStdStateMeanST=0.0
95% c.i. = 0.0 +/- 0.0



REPORT for Queue : WebUI----------------------------------------

totArrivThrPut=0.16668688175116514 totDeptThrPut=0.16668688175116514
meanTotTkPop=0.0315038227698934 queueUtil=0.030209280043890594
meanST=0.1890000127119973



REPORT for Queue of Queueing Place : W/loginAction----------------------------------------

queueUtilQPl=0.005994537082891367

------------------ Color = loginAction --------------------
arrivCnt=278205 deptCnt=278205
arrivThrPut=0.027848364214039564 deptThrPut=0.027848364214039564
meanTkPop=0.00603049369476122 tkColOcp=0.005994537082891367
-----
meanST=0.21654750162025632 stDevST=0.22074594395709138

Steady State Statistics: numBatchesST=695 batchSizeST=400 stDevStdStateMeanST=0.011391059711611369
95% c.i. = 0.21653884982715738 +/- 8.468759839623704E-4



REPORT for Depository of Queueing Place : W/loginAction----------------------------------------

tkOcp=0.0

------------------ Color = loginAction --------------------
arrivCnt=278205 deptCnt=278205
arrivThrPut=0.027848364214039564 deptThrPut=0.027848364214039564
meanTkPop=0.0 tkColOcp=0.0
-----
meanST=0.0 stDevST=0.0

Steady State Statistics: numBatchesST=1391 batchSizeST=200 stDevStdStateMeanST=0.0
95% c.i. = 0.0 +/- 0.0



REPORT for Queue : WebUI----------------------------------------

totArrivThrPut=0.16668688175116514 totDeptThrPut=0.16668688175116514
meanTotTkPop=0.0315038227698934 queueUtil=0.030209280043890594
meanST=0.1890000127119973



REPORT for Queue of Queueing Place : A/login_loginAction----------------------------------------

queueUtilQPl=0.020359822940190016

------------------ Color = loginAction --------------------
arrivCnt=278205 deptCnt=278205
arrivThrPut=0.027848364214039564 deptThrPut=0.027848364214039564
meanTkPop=0.02112299557945784 tkColOcp=0.020359822940190016
-----
meanST=0.7585004065987053 stDevST=1.23815211348453

Steady State Statistics: numBatchesST=695 batchSizeST=400 stDevStdStateMeanST=0.06845760841850607
95% c.i. = 0.7584338505221117 +/- 0.0050895268707999665



REPORT for Depository of Queueing Place : A/login_loginAction----------------------------------------

tkOcp=0.0

------------------ Color = loginAction --------------------
arrivCnt=278205 deptCnt=278205
arrivThrPut=0.027848364214039564 deptThrPut=0.027848364214039564
meanTkPop=0.0 tkColOcp=0.0
-----
meanST=0.0 stDevST=0.0

Steady State Statistics: numBatchesST=1391 batchSizeST=200 stDevStdStateMeanST=0.0
95% c.i. = 0.0 +/- 0.0



REPORT for Queue : Auth----------------------------------------

totArrivThrPut=0.16668688175116514 totDeptThrPut=0.16668688175116514
meanTotTkPop=0.16511868105493585 queueUtil=0.12315929859809893
meanST=0.9905919369313638



REPORT for Queue of Queueing Place : W/logout----------------------------------------

queueUtilQPl=0.004105081880385235

------------------ Color = logout --------------------
arrivCnt=277150 deptCnt=277150
arrivThrPut=0.027742758548268596 deptThrPut=0.027742758548268596
meanTkPop=0.004122476407556765 tkColOcp=0.004105081880385235
-----
meanST=0.14859648511103254 stDevST=0.1579040035262943

Steady State Statistics: numBatchesST=692 batchSizeST=400 stDevStdStateMeanST=0.00812001935219345
95% c.i. = 0.14860447203259217 +/- 6.049954494655671E-4



REPORT for Depository of Queueing Place : W/logout----------------------------------------

tkOcp=0.0

------------------ Color = logout --------------------
arrivCnt=277150 deptCnt=277150
arrivThrPut=0.027742758548268596 deptThrPut=0.027742758548268596
meanTkPop=0.0 tkColOcp=0.0
-----
meanST=0.0 stDevST=0.0

Steady State Statistics: numBatchesST=1385 batchSizeST=200 stDevStdStateMeanST=0.0
95% c.i. = 0.0 +/- 0.0



REPORT for Queue : WebUI----------------------------------------

totArrivThrPut=0.16668688175116514 totDeptThrPut=0.16668688175116514
meanTotTkPop=0.0315038227698934 queueUtil=0.030209280043890594
meanST=0.1890000127119973



REPORT for Queue of Queueing Place : A/logout_logout----------------------------------------

queueUtilQPl=0.01137875273558808

------------------ Color = logout --------------------
arrivCnt=277150 deptCnt=277150
arrivThrPut=0.027742758548268596 deptThrPut=0.027742758548268596
meanTkPop=0.011921632304342702 tkColOcp=0.01137875273558808
-----
meanST=0.4297205082760857 stDevST=1.142248255342348

Steady State Statistics: numBatchesST=692 batchSizeST=400 stDevStdStateMeanST=0.06587597495744044
95% c.i. = 0.42969509962995706 +/- 0.00490819828743305



REPORT for Depository of Queueing Place : A/logout_logout----------------------------------------

tkOcp=0.0

------------------ Color = logout --------------------
arrivCnt=277150 deptCnt=277150
arrivThrPut=0.027742758548268596 deptThrPut=0.027742758548268596
meanTkPop=0.0 tkColOcp=0.0
-----
meanST=0.0 stDevST=0.0

Steady State Statistics: numBatchesST=1385 batchSizeST=200 stDevStdStateMeanST=0.0
95% c.i. = 0.0 +/- 0.0



REPORT for Queue : Auth----------------------------------------

totArrivThrPut=0.16668688175116514 totDeptThrPut=0.16668688175116514
meanTotTkPop=0.16511868105493585 queueUtil=0.12315929859809893
meanST=0.9905919369313638



REPORT for Queue of Queueing Place : P/getUser_loginAction----------------------------------------

queueUtilQPl=0.017638926840236772

------------------ Color = loginAction --------------------
arrivCnt=278205 deptCnt=278205
arrivThrPut=0.027848364214039564 deptThrPut=0.027848364214039564
meanTkPop=0.0179999498535024 tkColOcp=0.017638926840236772
-----
meanST=0.6463557326080879 stDevST=0.6559000607745893

Steady State Statistics: numBatchesST=173 batchSizeST=1600 stDevStdStateMeanST=0.014952114121886231
95% c.i. = 0.6463692092909242 +/- 0.002243874592236161



REPORT for Depository of Queueing Place : P/getUser_loginAction----------------------------------------

tkOcp=0.0

------------------ Color = loginAction --------------------
arrivCnt=278205 deptCnt=278205
arrivThrPut=0.027848364214039564 deptThrPut=0.027848364214039564
meanTkPop=0.0 tkColOcp=0.0
-----
meanST=0.0 stDevST=0.0

Steady State Statistics: numBatchesST=1391 batchSizeST=200 stDevStdStateMeanST=0.0
95% c.i. = 0.0 +/- 0.0



REPORT for Queue : Persistence----------------------------------------

totArrivThrPut=0.1666868817511651 totDeptThrPut=0.1666868817511651
meanTotTkPop=0.08055520028663114 queueUtil=0.07207515524042656
meanST=0.4832725853428959



REPORT for Queue of Queueing Place : W/category----------------------------------------

queueUtilQPl=0.0028573940945695667

------------------ Color = category --------------------
arrivCnt=277766 deptCnt=277766
arrivThrPut=0.027804420245059986 deptThrPut=0.027804420245059986
meanTkPop=0.002867036642725032 tkColOcp=0.0028573940945695667
-----
meanST=0.10311441912673647 stDevST=0.11951994351857888

Steady State Statistics: numBatchesST=694 batchSizeST=400 stDevStdStateMeanST=0.006184694395135965
95% c.i. = 0.10312113979835139 +/- 4.601364107092094E-4



REPORT for Depository of Queueing Place : W/category----------------------------------------

tkOcp=0.0

------------------ Color = category --------------------
arrivCnt=277766 deptCnt=277766
arrivThrPut=0.027804420245059986 deptThrPut=0.027804420245059986
meanTkPop=0.0 tkColOcp=0.0
-----
meanST=0.0 stDevST=0.0

Steady State Statistics: numBatchesST=1388 batchSizeST=200 stDevStdStateMeanST=0.0
95% c.i. = 0.0 +/- 0.0



REPORT for Queue : WebUI----------------------------------------

totArrivThrPut=0.16668688175116514 totDeptThrPut=0.16668688175116514
meanTotTkPop=0.0315038227698934 queueUtil=0.030209280043890594
meanST=0.1890000127119973



REPORT for Queue of Queueing Place : W/product----------------------------------------

queueUtilQPl=0.011791988074415413

------------------ Color = product --------------------
arrivCnt=277551 deptCnt=277551
arrivThrPut=0.027782898711277277 deptThrPut=0.027782898711277277
meanTkPop=0.0119275304012739 tkColOcp=0.011791988074415413
-----
meanST=0.4293119492399269 stDevST=0.42684425826091155

Steady State Statistics: numBatchesST=693 batchSizeST=400 stDevStdStateMeanST=0.021721035801029392
95% c.i. = 0.42925121372031333 +/- 0.001617193567117335



REPORT for Depository of Queueing Place : W/product----------------------------------------

tkOcp=0.0

------------------ Color = product --------------------
arrivCnt=277551 deptCnt=277551
arrivThrPut=0.027782898711277277 deptThrPut=0.027782898711277277
meanTkPop=0.0 tkColOcp=0.0
-----
meanST=0.0 stDevST=0.0

Steady State Statistics: numBatchesST=1387 batchSizeST=200 stDevStdStateMeanST=0.0
95% c.i. = 0.0 +/- 0.0



REPORT for Queue : WebUI----------------------------------------

totArrivThrPut=0.16668688175116514 totDeptThrPut=0.16668688175116514
meanTotTkPop=0.0315038227698934 queueUtil=0.030209280043890594
meanST=0.1890000127119973



REPORT for Queue of Queueing Place : P/category_category----------------------------------------

queueUtilQPl=0.010314798770951508

------------------ Color = category --------------------
arrivCnt=277766 deptCnt=277766
arrivThrPut=0.027804420245059986 deptThrPut=0.027804420245059986
meanTkPop=0.010446144181547599 tkColOcp=0.010314798770951508
-----
meanST=0.3757008450267388 stDevST=0.43322052289556057

Steady State Statistics: numBatchesST=694 batchSizeST=400 stDevStdStateMeanST=0.023002692031430082
95% c.i. = 0.37569643354453736 +/- 0.0017113822400530887



REPORT for Depository of Queueing Place : P/category_category----------------------------------------

tkOcp=0.0

------------------ Color = category --------------------
arrivCnt=277766 deptCnt=277766
arrivThrPut=0.027804420245059986 deptThrPut=0.027804420245059986
meanTkPop=0.0 tkColOcp=0.0
-----
meanST=0.0 stDevST=0.0

Steady State Statistics: numBatchesST=1388 batchSizeST=200 stDevStdStateMeanST=0.0
95% c.i. = 0.0 +/- 0.0



REPORT for Queue : Persistence----------------------------------------

totArrivThrPut=0.1666868817511651 totDeptThrPut=0.1666868817511651
meanTotTkPop=0.08055520028663114 queueUtil=0.07207515524042656
meanST=0.4832725853428959



REPORT for Queue of Queueing Place : P/getProduct_product----------------------------------------

queueUtilQPl=0.0038989683370841193

------------------ Color = product --------------------
arrivCnt=277551 deptCnt=277551
arrivThrPut=0.027782898711277277 deptThrPut=0.027782898711277277
meanTkPop=0.00393162456638852 tkColOcp=0.0038989683370841193
-----
meanST=0.14151239606948018 stDevST=0.27510281789345564

Steady State Statistics: numBatchesST=693 batchSizeST=400 stDevStdStateMeanST=0.014470964140388412
95% c.i. = 0.14151006980825173 +/- 0.0010774048867739862



REPORT for Depository of Queueing Place : P/getProduct_product----------------------------------------

tkOcp=0.0

------------------ Color = product --------------------
arrivCnt=277551 deptCnt=277551
arrivThrPut=0.027782898711277277 deptThrPut=0.027782898711277277
meanTkPop=0.0 tkColOcp=0.0
-----
meanST=0.0 stDevST=0.0

Steady State Statistics: numBatchesST=1387 batchSizeST=200 stDevStdStateMeanST=0.0
95% c.i. = 0.0 +/- 0.0



REPORT for Queue : Persistence----------------------------------------

totArrivThrPut=0.1666868817511651 totDeptThrPut=0.1666868817511651
meanTotTkPop=0.08055520028663114 queueUtil=0.07207515524042656
meanST=0.4832725853428959



REPORT for Queue of Queueing Place : R/getAds_product----------------------------------------

queueUtilQPl=0.0024898235457446916

------------------ Color = product --------------------
arrivCnt=277551 deptCnt=277551
arrivThrPut=0.027782898711277277 deptThrPut=0.027782898711277277
meanTkPop=0.0024964236929749402 tkColOcp=0.0024898235457446916
-----
meanST=0.089854687911367 stDevST=0.08977367335852686

Steady State Statistics: numBatchesST=693 batchSizeST=400 stDevStdStateMeanST=0.004367523363518312
95% c.i. = 0.08984781356196267 +/- 3.251746717981905E-4



REPORT for Depository of Queueing Place : R/getAds_product----------------------------------------

tkOcp=0.0

------------------ Color = product --------------------
arrivCnt=277551 deptCnt=277551
arrivThrPut=0.027782898711277277 deptThrPut=0.027782898711277277
meanTkPop=0.0 tkColOcp=0.0
-----
meanST=0.0 stDevST=0.0

Steady State Statistics: numBatchesST=1387 batchSizeST=200 stDevStdStateMeanST=0.0
95% c.i. = 0.0 +/- 0.0



REPORT for Queue : Recommender----------------------------------------

totArrivThrPut=0.027782898711277277 totDeptThrPut=0.027782898711277277
meanTotTkPop=0.0024964236929749402 queueUtil=0.0024898235457446916
meanST=0.089854687911367



REPORT for Queue of Queueing Place : I/productImages_category----------------------------------------

queueUtilQPl=0.0036739695954256042

------------------ Color = category --------------------
arrivCnt=277766 deptCnt=277766
arrivThrPut=0.027804420245059986 deptThrPut=0.027804420245059986
meanTkPop=0.0036950505831293418 tkColOcp=0.0036739695954256042
-----
meanST=0.13289435818342019 stDevST=0.17128255734087847

Steady State Statistics: numBatchesST=694 batchSizeST=400 stDevStdStateMeanST=0.008995408660210055
95% c.i. = 0.13288643895798286 +/- 6.692513468453437E-4



REPORT for Depository of Queueing Place : I/productImages_category----------------------------------------

tkOcp=0.0

------------------ Color = category --------------------
arrivCnt=277766 deptCnt=277766
arrivThrPut=0.027804420245059986 deptThrPut=0.027804420245059986
meanTkPop=0.0 tkColOcp=0.0
-----
meanST=0.0 stDevST=0.0

Steady State Statistics: numBatchesST=1388 batchSizeST=200 stDevStdStateMeanST=0.0
95% c.i. = 0.0 +/- 0.0



REPORT for Queue : ImageProvider----------------------------------------

totArrivThrPut=0.16668688175116514 totDeptThrPut=0.16668688175116514
meanTotTkPop=0.0479723147242518 queueUtil=0.044638238843320674
meanST=0.2877989810611864



REPORT for Queue of Queueing Place : I/product_product----------------------------------------

queueUtilQPl=0.0036178062252746434

------------------ Color = product --------------------
arrivCnt=277551 deptCnt=277551
arrivThrPut=0.027782898711277277 deptThrPut=0.027782898711277277
meanTkPop=0.0036397568737615224 tkColOcp=0.0036178062252746434
-----
meanST=0.13100709582489026 stDevST=0.1742072326641692

Steady State Statistics: numBatchesST=693 batchSizeST=400 stDevStdStateMeanST=0.008663587094100979
95% c.i. = 0.13099018439440357 +/- 6.450289684655315E-4



REPORT for Depository of Queueing Place : I/product_product----------------------------------------

tkOcp=0.0

------------------ Color = product --------------------
arrivCnt=277551 deptCnt=277551
arrivThrPut=0.027782898711277277 deptThrPut=0.027782898711277277
meanTkPop=0.0 tkColOcp=0.0
-----
meanST=0.0 stDevST=0.0

Steady State Statistics: numBatchesST=1387 batchSizeST=200 stDevStdStateMeanST=0.0
95% c.i. = 0.0 +/- 0.0



REPORT for Queue : ImageProvider----------------------------------------

totArrivThrPut=0.16668688175116514 totDeptThrPut=0.16668688175116514
meanTotTkPop=0.0479723147242518 queueUtil=0.044638238843320674
meanST=0.2877989810611864



REPORT for Queue of Queueing Place : Workload----------------------------------------

queueUtilQPl=1.0

------------------ Color = workload --------------------
arrivCnt=1665201 deptCnt=1665201
arrivThrPut=0.16668688175116514 deptThrPut=0.16668688175116514
meanTkPop=1.0 tkColOcp=1.0
-----
meanST=5.999272345215673 stDevST=5.992851453189822

Steady State Statistics: numBatchesST=4163 batchSizeST=400 stDevStdStateMeanST=0.3062287547392303
95% c.i. = 5.999270903423488 +/- 0.009302310976751278



REPORT for Depository of Queueing Place : Workload----------------------------------------

tkOcp=0.0

------------------ Color = workload --------------------
arrivCnt=1665201 deptCnt=1665201
arrivThrPut=0.16668688175116514 deptThrPut=0.16668688175116514
meanTkPop=0.0 tkColOcp=0.0
-----
meanST=0.0 stDevST=0.0

Steady State Statistics: numBatchesST=8326 batchSizeST=200 stDevStdStateMeanST=0.0
95% c.i. = 0.0 +/- 0.0



REPORT for Queue : Workload----------------------------------------

totArrivThrPut=0.16668688175116514 totDeptThrPut=0.16668688175116514
meanTotTkPop=1.0 queueUtil=1.0
meanST=5.999272345215673



REPORT for Queue of Queueing Place : I/icon_index----------------------------------------

queueUtilQPl=0.012644831877395464

------------------ Color = index --------------------
arrivCnt=277163 deptCnt=277163
arrivThrPut=0.02774405985031127 deptThrPut=0.02774405985031127
meanTkPop=0.012863610051393274 tkColOcp=0.012644831877395464
-----
meanST=0.46365276462049415 stDevST=0.4629256368615904

Steady State Statistics: numBatchesST=692 batchSizeST=400 stDevStdStateMeanST=0.023632776491465637
95% c.i. = 0.4636402384688338 +/- 0.0017607990345135465



REPORT for Depository of Queueing Place : I/icon_index----------------------------------------

tkOcp=0.0

------------------ Color = index --------------------
arrivCnt=277163 deptCnt=277163
arrivThrPut=0.02774405985031127 deptThrPut=0.02774405985031127
meanTkPop=0.0 tkColOcp=0.0
-----
meanST=0.0 stDevST=0.0

Steady State Statistics: numBatchesST=1385 batchSizeST=200 stDevStdStateMeanST=0.0
95% c.i. = 0.0 +/- 0.0



REPORT for Queue : ImageProvider----------------------------------------

totArrivThrPut=0.16668688175116514 totDeptThrPut=0.16668688175116514
meanTotTkPop=0.0479723147242518 queueUtil=0.044638238843320674
meanST=0.2877989810611864



REPORT for Queue of Queueing Place : P/categories_login----------------------------------------

queueUtilQPl=0.003784229270110698

------------------ Color = login --------------------
arrivCnt=277366 deptCnt=277366
arrivThrPut=0.027764380182208434 deptThrPut=0.027764380182208434
meanTkPop=0.003820996304210672 tkColOcp=0.003784229270110698
-----
meanST=0.13762224400958128 stDevST=0.29456059606613333

Steady State Statistics: numBatchesST=693 batchSizeST=400 stDevStdStateMeanST=0.014894303262535451
95% c.i. = 0.13763151310229826 +/- 0.0011089237015909502



REPORT for Depository of Queueing Place : P/categories_login----------------------------------------

tkOcp=0.0

------------------ Color = login --------------------
arrivCnt=277366 deptCnt=277366
arrivThrPut=0.027764380182208434 deptThrPut=0.027764380182208434
meanTkPop=0.0 tkColOcp=0.0
-----
meanST=0.0 stDevST=0.0

Steady State Statistics: numBatchesST=1386 batchSizeST=200 stDevStdStateMeanST=0.0
95% c.i. = 0.0 +/- 0.0



REPORT for Queue : Persistence----------------------------------------

totArrivThrPut=0.1666868817511651 totDeptThrPut=0.1666868817511651
meanTotTkPop=0.08055520028663114 queueUtil=0.07207515524042656
meanST=0.4832725853428959



REPORT for Queue of Queueing Place : I/icon_login----------------------------------------

queueUtilQPl=0.011577879529437495

------------------ Color = login --------------------
arrivCnt=277366 deptCnt=277366
arrivThrPut=0.027764380182208434 deptThrPut=0.027764380182208434
meanTkPop=0.011728703625571253 tkColOcp=0.011577879529437495
-----
meanST=0.422437077600856 stDevST=0.4200103596719304

Steady State Statistics: numBatchesST=693 batchSizeST=400 stDevStdStateMeanST=0.021486850180493205
95% c.i. = 0.4224526340095826 +/- 0.0015997577743442962



REPORT for Depository of Queueing Place : I/icon_login----------------------------------------

tkOcp=0.0

------------------ Color = login --------------------
arrivCnt=277366 deptCnt=277366
arrivThrPut=0.027764380182208434 deptThrPut=0.027764380182208434
meanTkPop=0.0 tkColOcp=0.0
-----
meanST=0.0 stDevST=0.0

Steady State Statistics: numBatchesST=1386 batchSizeST=200 stDevStdStateMeanST=0.0
95% c.i. = 0.0 +/- 0.0



REPORT for Queue : ImageProvider----------------------------------------

totArrivThrPut=0.16668688175116514 totDeptThrPut=0.16668688175116514
meanTotTkPop=0.0479723147242518 queueUtil=0.044638238843320674
meanST=0.2877989810611864



REPORT for Queue of Queueing Place : A/isLoggedIn_login----------------------------------------

queueUtilQPl=0.07485471686854807

------------------ Color = login --------------------
arrivCnt=277366 deptCnt=277366
arrivThrPut=0.027764380182208434 deptThrPut=0.027764380182208434
meanTkPop=0.08099621066470479 tkColOcp=0.07485471686854807
-----
meanST=2.917270622760295 stDevST=2.8897144509201236

Steady State Statistics: numBatchesST=693 batchSizeST=400 stDevStdStateMeanST=0.16603463827771217
95% c.i. = 2.9165846835390914 +/- 0.012361756198046716



REPORT for Depository of Queueing Place : A/isLoggedIn_login----------------------------------------

tkOcp=0.0

------------------ Color = login --------------------
arrivCnt=277366 deptCnt=277366
arrivThrPut=0.027764380182208434 deptThrPut=0.027764380182208434
meanTkPop=0.0 tkColOcp=0.0
-----
meanST=0.0 stDevST=0.0

Steady State Statistics: numBatchesST=1386 batchSizeST=200 stDevStdStateMeanST=0.0
95% c.i. = 0.0 +/- 0.0



REPORT for Queue : Auth----------------------------------------

totArrivThrPut=0.16668688175116514 totDeptThrPut=0.16668688175116514
meanTotTkPop=0.16511868105493585 queueUtil=0.12315929859809893
meanST=0.9905919369313638



REPORT for Queue of Queueing Place : A/isLoggedIn_category----------------------------------------

queueUtilQPl=0.01882898548859039

------------------ Color = category --------------------
arrivCnt=277766 deptCnt=277766
arrivThrPut=0.027804420245059986 deptThrPut=0.027804420245059986
meanTkPop=0.019599385446010018 tkColOcp=0.01882898548859039
-----
meanST=0.7049017844381144 stDevST=1.2428901585597605

Steady State Statistics: numBatchesST=694 batchSizeST=400 stDevStdStateMeanST=0.07047465000348511
95% c.i. = 0.7048231815223758 +/- 0.005243258668382193



REPORT for Depository of Queueing Place : A/isLoggedIn_category----------------------------------------

tkOcp=0.0

------------------ Color = category --------------------
arrivCnt=277766 deptCnt=277766
arrivThrPut=0.027804420245059986 deptThrPut=0.027804420245059986
meanTkPop=0.0 tkColOcp=0.0
-----
meanST=0.0 stDevST=0.0

Steady State Statistics: numBatchesST=1388 batchSizeST=200 stDevStdStateMeanST=0.0
95% c.i. = 0.0 +/- 0.0



REPORT for Queue : Auth----------------------------------------

totArrivThrPut=0.16668688175116514 totDeptThrPut=0.16668688175116514
meanTotTkPop=0.16511868105493585 queueUtil=0.12315929859809893
meanST=0.9905919369313638



REPORT for Queue of Queueing Place : I/icon_logout----------------------------------------

queueUtilQPl=0.003511940258650512

------------------ Color = logout --------------------
arrivCnt=277150 deptCnt=277150
arrivThrPut=0.027742758548268596 deptThrPut=0.027742758548268596
meanTkPop=0.0035288030690941016 tkColOcp=0.003511940258650512
-----
meanST=0.12719726709780746 stDevST=0.15708113929479484

Steady State Statistics: numBatchesST=692 batchSizeST=400 stDevStdStateMeanST=0.007857176173177242
95% c.i. = 0.12718955919164432 +/- 5.854118844110191E-4



REPORT for Depository of Queueing Place : I/icon_logout----------------------------------------

tkOcp=0.0

------------------ Color = logout --------------------
arrivCnt=277150 deptCnt=277150
arrivThrPut=0.027742758548268596 deptThrPut=0.027742758548268596
meanTkPop=0.0 tkColOcp=0.0
-----
meanST=0.0 stDevST=0.0

Steady State Statistics: numBatchesST=1385 batchSizeST=200 stDevStdStateMeanST=0.0
95% c.i. = 0.0 +/- 0.0



REPORT for Queue : ImageProvider----------------------------------------

totArrivThrPut=0.16668688175116514 totDeptThrPut=0.16668688175116514
meanTotTkPop=0.0479723147242518 queueUtil=0.044638238843320674
meanST=0.2877989810611864



REPORT for Queue of Queueing Place : I/icon_loginAction----------------------------------------

queueUtilQPl=0.01234457458325468

------------------ Color = loginAction --------------------
arrivCnt=278205 deptCnt=278205
arrivThrPut=0.027848364214039564 deptThrPut=0.027848364214039564
meanTkPop=0.012516390521302299 tkColOcp=0.01234457458325468
-----
meanST=0.4494479612914659 stDevST=0.4492185818656096

Steady State Statistics: numBatchesST=695 batchSizeST=400 stDevStdStateMeanST=0.02343315061891715
95% c.i. = 0.4494590648692328 +/- 0.0017421533193707256



REPORT for Depository of Queueing Place : I/icon_loginAction----------------------------------------

tkOcp=0.0

------------------ Color = loginAction --------------------
arrivCnt=278205 deptCnt=278205
arrivThrPut=0.027848364214039564 deptThrPut=0.027848364214039564
meanTkPop=0.0 tkColOcp=0.0
-----
meanST=0.0 stDevST=0.0

Steady State Statistics: numBatchesST=1391 batchSizeST=200 stDevStdStateMeanST=0.0
95% c.i. = 0.0 +/- 0.0



REPORT for Queue : ImageProvider----------------------------------------

totArrivThrPut=0.16668688175116514 totDeptThrPut=0.16668688175116514
meanTotTkPop=0.0479723147242518 queueUtil=0.044638238843320674
meanST=0.2877989810611864



REPORT for Queue of Queueing Place : A/isLoggedIn_product----------------------------------------

queueUtilQPl=0.021096400992769902

------------------ Color = product --------------------
arrivCnt=277551 deptCnt=277551
arrivThrPut=0.027782898711277277 deptThrPut=0.027782898711277277
meanTkPop=0.021869293406803797 tkColOcp=0.021096400992769902
-----
meanST=0.7871494488056027 stDevST=1.2622584107905326

Steady State Statistics: numBatchesST=173 batchSizeST=1600 stDevStdStateMeanST=0.03878706574809692
95% c.i. = 0.7871681359667354 +/- 0.0058208030402973395



REPORT for Depository of Queueing Place : A/isLoggedIn_product----------------------------------------

tkOcp=0.0

------------------ Color = product --------------------
arrivCnt=277551 deptCnt=277551
arrivThrPut=0.027782898711277277 deptThrPut=0.027782898711277277
meanTkPop=0.0 tkColOcp=0.0
-----
meanST=0.0 stDevST=0.0

Steady State Statistics: numBatchesST=1387 batchSizeST=200 stDevStdStateMeanST=0.0
95% c.i. = 0.0 +/- 0.0



REPORT for Queue : Auth----------------------------------------

totArrivThrPut=0.16668688175116514 totDeptThrPut=0.16668688175116514
meanTotTkPop=0.16511868105493585 queueUtil=0.12315929859809893
meanST=0.9905919369313638



REPORT for Queue of Queueing Place : P/category_logout----------------------------------------

queueUtilQPl=0.02723429777324418

------------------ Color = logout --------------------
arrivCnt=277150 deptCnt=277150
arrivThrPut=0.027742758548268596 deptThrPut=0.027742758548268596
meanTkPop=0.028102441378727933 tkColOcp=0.02723429777324418
-----
meanST=1.0129649266792824 stDevST=0.9997768264197101

Steady State Statistics: numBatchesST=692 batchSizeST=400 stDevStdStateMeanST=0.05329293486922268
95% c.i. = 1.0129914871782253 +/- 0.003970678108770157



REPORT for Depository of Queueing Place : P/category_logout----------------------------------------

tkOcp=0.0

------------------ Color = logout --------------------
arrivCnt=277150 deptCnt=277150
arrivThrPut=0.027742758548268596 deptThrPut=0.027742758548268596
meanTkPop=0.0 tkColOcp=0.0
-----
meanST=0.0 stDevST=0.0

Steady State Statistics: numBatchesST=1385 batchSizeST=200 stDevStdStateMeanST=0.0
95% c.i. = 0.0 +/- 0.0



REPORT for Queue : Persistence----------------------------------------

totArrivThrPut=0.1666868817511651 totDeptThrPut=0.1666868817511651
meanTotTkPop=0.08055520028663114 queueUtil=0.07207515524042656
meanST=0.4832725853428959



REPORT for Ordinary Place : Finish_index----------------------------------------

tkOcp=1.0

------------------ Color = index --------------------
arrivCnt=277163 deptCnt=0
arrivThrPut=0.02774405985031127 deptThrPut=0.0
meanTkPop=139009.9235651517 tkColOcp=1.0
-----
meanST=NaN stDevST=NaN

Steady State Statistics: Only 0 batches collected!
Need at least 60 for steady state statistics.



REPORT for Ordinary Place : Finish_login----------------------------------------

tkOcp=1.0

------------------ Color = login --------------------
arrivCnt=277366 deptCnt=0
arrivThrPut=0.027764380182208434 deptThrPut=0.0
meanTkPop=138978.59747022382 tkColOcp=1.0
-----
meanST=NaN stDevST=NaN

Steady State Statistics: Only 0 batches collected!
Need at least 60 for steady state statistics.



REPORT for Ordinary Place : Finish_loginAction----------------------------------------

tkOcp=1.0

------------------ Color = loginAction --------------------
arrivCnt=278205 deptCnt=0
arrivThrPut=0.027848364214039564 deptThrPut=0.0
meanTkPop=139085.74440484916 tkColOcp=1.0
-----
meanST=NaN stDevST=NaN

Steady State Statistics: Only 0 batches collected!
Need at least 60 for steady state statistics.



REPORT for Ordinary Place : Finish_category----------------------------------------

tkOcp=1.0

------------------ Color = category --------------------
arrivCnt=277766 deptCnt=0
arrivThrPut=0.027804420245059986 deptThrPut=0.0
meanTkPop=138893.17610382842 tkColOcp=1.0
-----
meanST=NaN stDevST=NaN

Steady State Statistics: Only 0 batches collected!
Need at least 60 for steady state statistics.



REPORT for Ordinary Place : Finish_product----------------------------------------

tkOcp=1.0

------------------ Color = product --------------------
arrivCnt=277551 deptCnt=0
arrivThrPut=0.027782898711277277 deptThrPut=0.0
meanTkPop=139180.96327319922 tkColOcp=1.0
-----
meanST=NaN stDevST=NaN

Steady State Statistics: Only 0 batches collected!
Need at least 60 for steady state statistics.



REPORT for Ordinary Place : Finish_logout----------------------------------------

tkOcp=0.9999999999999998

------------------ Color = logout --------------------
arrivCnt=277150 deptCnt=0
arrivThrPut=0.027742758548268596 deptThrPut=0.0
meanTkPop=138810.44912267392 tkColOcp=0.9999999999999998
-----
meanST=NaN stDevST=NaN

Steady State Statistics: Only 0 batches collected!
Need at least 60 for steady state statistics.



REPORT REPORT for Probe : /index----------------------------------------


------------------ Color = index --------------------
-----
meanST=1.5120269780826463 stDevST=1.3322206901315703

Steady State Statistics: numBatchesST=692 batchSizeST=400 stDevStdStateMeanST=0.07337151087227221
95% c.i. = 1.5120150607604204 +/- 0.005466665567262129



REPORT REPORT for Probe : /login----------------------------------------


------------------ Color = login --------------------
-----
meanST=3.597387958767405 stDevST=2.9377285997978935

Steady State Statistics: numBatchesST=693 batchSizeST=400 stDevStdStateMeanST=0.16814468509087438
95% c.i. = 3.596728970724503 +/- 0.012518855250035784



REPORT REPORT for Probe : /loginAction----------------------------------------


------------------ Color = loginAction --------------------
-----
meanST=2.0708516021185157 stDevST=1.497399861817511

Steady State Statistics: numBatchesST=695 batchSizeST=400 stDevStdStateMeanST=0.08239810285649075
95% c.i. = 2.070749385289654 +/- 0.006125942291575615



REPORT REPORT for Probe : /logout----------------------------------------


------------------ Color = logout --------------------
-----
meanST=1.718479187164208 stDevST=1.5463131624669408

Steady State Statistics: numBatchesST=692 batchSizeST=400 stDevStdStateMeanST=0.08664060461110912
95% c.i. = 1.718480618032419 +/- 0.00645530130596389



REPORT REPORT for Probe : /category----------------------------------------


------------------ Color = category --------------------
-----
meanST=1.3166114067750097 stDevST=1.3320757967079004

Steady State Statistics: numBatchesST=347 batchSizeST=800 stDevStdStateMeanST=0.052449245611513776
95% c.i. = 1.3165271938232475 +/- 0.005518519730719994



REPORT REPORT for Probe : /product----------------------------------------


------------------ Color = product --------------------
-----
meanST=1.5788355778512668 stDevST=1.3768170739843872

Steady State Statistics: numBatchesST=693 batchSizeST=400 stDevStdStateMeanST=0.07631827449498894
95% c.i. = 1.57874317330628 +/- 0.005682114964376697



