INFO Logging to /home/yjx/workloadConfig/qpme/output/SimQPN_Output_config_2025-08-14_04055388.log
WARN Batch means correlation test was run for depository of place Workload, color 0
    However, the standard deviation of the token residence time is 0 and therefore the result of the test is ignored!
    In future runs, you should set numBMeansCorlTested to 0 to switch off the correlation test!
WARN Batch means correlation test was run for depository of place W/logout, color 0
    However, the standard deviation of the token residence time is 0 and therefore the result of the test is ignored!
    In future runs, you should set numBMeansCorlTested to 0 to switch off the correlation test!
WARN Batch means correlation test was run for depository of place A/logout_logout, color 0
    However, the standard deviation of the token residence time is 0 and therefore the result of the test is ignored!
    In future runs, you should set numBMeansCorlTested to 0 to switch off the correlation test!
WARN Batch means correlation test was run for depository of place P/category_logout, color 0
    However, the standard deviation of the token residence time is 0 and therefore the result of the test is ignored!
    In future runs, you should set numBMeansCorlTested to 0 to switch off the correlation test!
WARN Batch means correlation test was run for depository of place I/icon_logout, color 0
    However, the standard deviation of the token residence time is 0 and therefore the result of the test is ignored!
    In future runs, you should set numBMeansCorlTested to 0 to switch off the correlation test!
WARN Batch means correlation test was run for depository of place W/index, color 0
    However, the standard deviation of the token residence time is 0 and therefore the result of the test is ignored!
    In future runs, you should set numBMeansCorlTested to 0 to switch off the correlation test!
WARN Batch means correlation test was run for depository of place P/categories_index, color 0
    However, the standard deviation of the token residence time is 0 and therefore the result of the test is ignored!
    In future runs, you should set numBMeansCorlTested to 0 to switch off the correlation test!
WARN Batch means correlation test was run for depository of place A/isLoggedIn_index, color 0
    However, the standard deviation of the token residence time is 0 and therefore the result of the test is ignored!
    In future runs, you should set numBMeansCorlTested to 0 to switch off the correlation test!
WARN Batch means correlation test was run for depository of place I/icon_index, color 0
    However, the standard deviation of the token residence time is 0 and therefore the result of the test is ignored!
    In future runs, you should set numBMeansCorlTested to 0 to switch off the correlation test!
WARN Batch means correlation test was run for depository of place W/login, color 0
    However, the standard deviation of the token residence time is 0 and therefore the result of the test is ignored!
    In future runs, you should set numBMeansCorlTested to 0 to switch off the correlation test!
WARN Batch means correlation test was run for depository of place P/categories_login, color 0
    However, the standard deviation of the token residence time is 0 and therefore the result of the test is ignored!
    In future runs, you should set numBMeansCorlTested to 0 to switch off the correlation test!
WARN Batch means correlation test was run for depository of place I/icon_login, color 0
    However, the standard deviation of the token residence time is 0 and therefore the result of the test is ignored!
    In future runs, you should set numBMeansCorlTested to 0 to switch off the correlation test!
WARN Batch means correlation test was run for depository of place A/isLoggedIn_login, color 0
    However, the standard deviation of the token residence time is 0 and therefore the result of the test is ignored!
    In future runs, you should set numBMeansCorlTested to 0 to switch off the correlation test!
WARN Batch means correlation test was run for depository of place W/category, color 0
    However, the standard deviation of the token residence time is 0 and therefore the result of the test is ignored!
    In future runs, you should set numBMeansCorlTested to 0 to switch off the correlation test!
WARN Batch means correlation test was run for depository of place P/category_category, color 0
    However, the standard deviation of the token residence time is 0 and therefore the result of the test is ignored!
    In future runs, you should set numBMeansCorlTested to 0 to switch off the correlation test!
WARN Batch means correlation test was run for depository of place I/productImages_category, color 0
    However, the standard deviation of the token residence time is 0 and therefore the result of the test is ignored!
    In future runs, you should set numBMeansCorlTested to 0 to switch off the correlation test!
WARN Batch means correlation test was run for depository of place A/isLoggedIn_category, color 0
    However, the standard deviation of the token residence time is 0 and therefore the result of the test is ignored!
    In future runs, you should set numBMeansCorlTested to 0 to switch off the correlation test!
WARN Batch means correlation test was run for depository of place W/product, color 0
    However, the standard deviation of the token residence time is 0 and therefore the result of the test is ignored!
    In future runs, you should set numBMeansCorlTested to 0 to switch off the correlation test!
WARN Batch means correlation test was run for depository of place P/getProduct_product, color 0
    However, the standard deviation of the token residence time is 0 and therefore the result of the test is ignored!
    In future runs, you should set numBMeansCorlTested to 0 to switch off the correlation test!
WARN Batch means correlation test was run for depository of place R/getAds_product, color 0
    However, the standard deviation of the token residence time is 0 and therefore the result of the test is ignored!
    In future runs, you should set numBMeansCorlTested to 0 to switch off the correlation test!
WARN Batch means correlation test was run for depository of place I/product_product, color 0
    However, the standard deviation of the token residence time is 0 and therefore the result of the test is ignored!
    In future runs, you should set numBMeansCorlTested to 0 to switch off the correlation test!
WARN Batch means correlation test was run for depository of place A/isLoggedIn_product, color 0
    However, the standard deviation of the token residence time is 0 and therefore the result of the test is ignored!
    In future runs, you should set numBMeansCorlTested to 0 to switch off the correlation test!
WARN Batch means correlation test was run for depository of place W/loginAction, color 0
    However, the standard deviation of the token residence time is 0 and therefore the result of the test is ignored!
    In future runs, you should set numBMeansCorlTested to 0 to switch off the correlation test!
WARN Batch means correlation test was run for depository of place A/login_loginAction, color 0
    However, the standard deviation of the token residence time is 0 and therefore the result of the test is ignored!
    In future runs, you should set numBMeansCorlTested to 0 to switch off the correlation test!
WARN Batch means correlation test was run for depository of place P/getUser_loginAction, color 0
    However, the standard deviation of the token residence time is 0 and therefore the result of the test is ignored!
    In future runs, you should set numBMeansCorlTested to 0 to switch off the correlation test!
WARN Batch means correlation test was run for depository of place I/icon_loginAction, color 0
    However, the standard deviation of the token residence time is 0 and therefore the result of the test is ignored!
    In future runs, you should set numBMeansCorlTested to 0 to switch off the correlation test!
WARN LP-1 The simulation was stopped because of reaching max totalRunLen.
The required precision may not have been reached!
REPORT for Queue of Queueing Place : W/index----------------------------------------

queueUtilQPl=0.00918333563084352

------------------ Color = index --------------------
arrivCnt=277046 deptCnt=277046
arrivThrPut=0.027732383014226793 deptThrPut=0.027732383014226793
meanTkPop=0.009269895433765094 tkColOcp=0.00918333563084352
-----
meanST=0.3342624912186454 stDevST=0.3398726893292509

Steady State Statistics: numBatchesST=692 batchSizeST=400 stDevStdStateMeanST=0.01804916831121954
95% c.i. = 0.33423059646010234 +/- 0.001344783087490576



REPORT for Depository of Queueing Place : W/index----------------------------------------

tkOcp=0.0

------------------ Color = index --------------------
arrivCnt=277046 deptCnt=277046
arrivThrPut=0.027732383014226793 deptThrPut=0.027732383014226793
meanTkPop=0.0 tkColOcp=0.0
-----
meanST=0.0 stDevST=0.0

Steady State Statistics: numBatchesST=1385 batchSizeST=200 stDevStdStateMeanST=0.0
95% c.i. = 0.0 +/- 0.0



REPORT for Queue : WebUI----------------------------------------

totArrivThrPut=0.16667578008126036 totDeptThrPut=0.16667578008126036
meanTotTkPop=0.0577380749357656 queueUtil=0.05421677010614343
meanST=0.34640950777381235



REPORT for Queue of Queueing Place : P/categories_index----------------------------------------

queueUtilQPl=0.0026421102903954833

------------------ Color = index --------------------
arrivCnt=277046 deptCnt=277046
arrivThrPut=0.027732383014226793 deptThrPut=0.027732383014226793
meanTkPop=0.002649956087382129 tkColOcp=0.0026421102903954833
-----
meanST=0.09555457553080433 stDevST=0.10520021851728156

Steady State Statistics: numBatchesST=692 batchSizeST=400 stDevStdStateMeanST=0.005190568659273647
95% c.i. = 0.09556420613505519 +/- 3.8673188853310654E-4



REPORT for Depository of Queueing Place : P/categories_index----------------------------------------

tkOcp=0.0

------------------ Color = index --------------------
arrivCnt=277046 deptCnt=277046
arrivThrPut=0.027732383014226793 deptThrPut=0.027732383014226793
meanTkPop=0.0 tkColOcp=0.0
-----
meanST=0.0 stDevST=0.0

Steady State Statistics: numBatchesST=1385 batchSizeST=200 stDevStdStateMeanST=0.0
95% c.i. = 0.0 +/- 0.0



REPORT for Queue : Persistence----------------------------------------

totArrivThrPut=0.16667578008126036 totDeptThrPut=0.16667578008126036
meanTotTkPop=0.029450487334487113 queueUtil=0.028218334784760626
meanST=0.17669326233318933



REPORT for Queue of Queueing Place : A/isLoggedIn_index----------------------------------------

queueUtilQPl=0.1047693906557457

------------------ Color = index --------------------
arrivCnt=277046 deptCnt=277046
arrivThrPut=0.027732383014226793 deptThrPut=0.027732383014226793
meanTkPop=0.11694682174227118 tkColOcp=0.1047693906557457
-----
meanST=4.21697701500362 stDevST=4.198671112913598

Steady State Statistics: numBatchesST=692 batchSizeST=400 stDevStdStateMeanST=0.2656825595469813
95% c.i. = 4.217638313539976 +/- 0.019795117789327507



REPORT for Depository of Queueing Place : A/isLoggedIn_index----------------------------------------

tkOcp=0.0

------------------ Color = index --------------------
arrivCnt=277046 deptCnt=277046
arrivThrPut=0.027732383014226793 deptThrPut=0.027732383014226793
meanTkPop=0.0 tkColOcp=0.0
-----
meanST=0.0 stDevST=0.0

Steady State Statistics: numBatchesST=1385 batchSizeST=200 stDevStdStateMeanST=0.0
95% c.i. = 0.0 +/- 0.0



REPORT for Queue : Auth----------------------------------------

totArrivThrPut=0.16667578008126038 totDeptThrPut=0.16667578008126038
meanTotTkPop=0.2127280902541944 queueUtil=0.13510391942950764
meanST=1.2762987528870837



REPORT for Queue of Queueing Place : W/login----------------------------------------

queueUtilQPl=0.014574176717376227

------------------ Color = login --------------------
arrivCnt=277911 deptCnt=277911
arrivThrPut=0.027818969759053666 deptThrPut=0.027818969759053666
meanTkPop=0.014788251304389094 tkColOcp=0.014574176717376227
-----
meanST=0.5315887479828856 stDevST=0.5258472258935992

Steady State Statistics: numBatchesST=347 batchSizeST=800 stDevStdStateMeanST=0.01923045672179199
95% c.i. = 0.5316137981608993 +/- 0.002023359032387484



REPORT for Depository of Queueing Place : W/login----------------------------------------

tkOcp=0.0

------------------ Color = login --------------------
arrivCnt=277911 deptCnt=277911
arrivThrPut=0.027818969759053666 deptThrPut=0.027818969759053666
meanTkPop=0.0 tkColOcp=0.0
-----
meanST=0.0 stDevST=0.0

Steady State Statistics: numBatchesST=1389 batchSizeST=200 stDevStdStateMeanST=0.0
95% c.i. = 0.0 +/- 0.0



REPORT for Queue : WebUI----------------------------------------

totArrivThrPut=0.16667578008126036 totDeptThrPut=0.16667578008126036
meanTotTkPop=0.0577380749357656 queueUtil=0.05421677010614343
meanST=0.34640950777381235



REPORT for Queue of Queueing Place : W/loginAction----------------------------------------

queueUtilQPl=0.009633622693242479

------------------ Color = loginAction --------------------
arrivCnt=277026 deptCnt=277026
arrivThrPut=0.027730381008566056 deptThrPut=0.027730381008566056
meanTkPop=0.009728063536575998 tkColOcp=0.009633622693242479
-----
meanST=0.35080886676497336 stDevST=0.35488784963005304

Steady State Statistics: numBatchesST=692 batchSizeST=400 stDevStdStateMeanST=0.01798373139481034
95% c.i. = 0.35080465337956124 +/- 0.0013399076019852453



REPORT for Depository of Queueing Place : W/loginAction----------------------------------------

tkOcp=0.0

------------------ Color = loginAction --------------------
arrivCnt=277026 deptCnt=277026
arrivThrPut=0.027730381008566056 deptThrPut=0.027730381008566056
meanTkPop=0.0 tkColOcp=0.0
-----
meanST=0.0 stDevST=0.0

Steady State Statistics: numBatchesST=1385 batchSizeST=200 stDevStdStateMeanST=0.0
95% c.i. = 0.0 +/- 0.0



REPORT for Queue : WebUI----------------------------------------

totArrivThrPut=0.16667578008126036 totDeptThrPut=0.16667578008126036
meanTotTkPop=0.0577380749357656 queueUtil=0.05421677010614343
meanST=0.34640950777381235



REPORT for Queue of Queueing Place : A/login_loginAction----------------------------------------

queueUtilQPl=0.014486048401155366

------------------ Color = loginAction --------------------
arrivCnt=277026 deptCnt=277026
arrivThrPut=0.027730381008566056 deptThrPut=0.027730381008566056
meanTkPop=0.015859448580050946 tkColOcp=0.014486048401155366
-----
meanST=0.5719159998253137 stDevST=1.9126904703965588

Steady State Statistics: numBatchesST=692 batchSizeST=400 stDevStdStateMeanST=0.11203090023994886
95% c.i. = 0.5720245594924833 +/- 0.008347047205791588



REPORT for Depository of Queueing Place : A/login_loginAction----------------------------------------

tkOcp=0.0

------------------ Color = loginAction --------------------
arrivCnt=277026 deptCnt=277026
arrivThrPut=0.027730381008566056 deptThrPut=0.027730381008566056
meanTkPop=0.0 tkColOcp=0.0
-----
meanST=0.0 stDevST=0.0

Steady State Statistics: numBatchesST=1385 batchSizeST=200 stDevStdStateMeanST=0.0
95% c.i. = 0.0 +/- 0.0



REPORT for Queue : Auth----------------------------------------

totArrivThrPut=0.16667578008126038 totDeptThrPut=0.16667578008126038
meanTotTkPop=0.2127280902541944 queueUtil=0.13510391942950764
meanST=1.2762987528870837



REPORT for Queue of Queueing Place : W/logout----------------------------------------

queueUtilQPl=0.003453184594494891

------------------ Color = logout --------------------
arrivCnt=278377 deptCnt=278377
arrivThrPut=0.02786561649094884 deptThrPut=0.02786561649094884
meanTkPop=0.003470216188450056 tkColOcp=0.003453184594494891
-----
meanST=0.12453398221342898 stDevST=0.1668996788582836

Steady State Statistics: numBatchesST=347 batchSizeST=800 stDevStdStateMeanST=0.006241323868042165
95% c.i. = 0.12453976355232672 +/- 6.566895006787922E-4



REPORT for Depository of Queueing Place : W/logout----------------------------------------

tkOcp=0.0

------------------ Color = logout --------------------
arrivCnt=278377 deptCnt=278377
arrivThrPut=0.02786561649094884 deptThrPut=0.02786561649094884
meanTkPop=0.0 tkColOcp=0.0
-----
meanST=0.0 stDevST=0.0

Steady State Statistics: numBatchesST=1391 batchSizeST=200 stDevStdStateMeanST=0.0
95% c.i. = 0.0 +/- 0.0



REPORT for Queue : WebUI----------------------------------------

totArrivThrPut=0.16667578008126036 totDeptThrPut=0.16667578008126036
meanTotTkPop=0.0577380749357656 queueUtil=0.05421677010614343
meanST=0.34640950777381235



REPORT for Queue of Queueing Place : A/logout_logout----------------------------------------

queueUtilQPl=0.014297431326454623

------------------ Color = logout --------------------
arrivCnt=278377 deptCnt=278377
arrivThrPut=0.02786561649094884 deptThrPut=0.02786561649094884
meanTkPop=0.01567976681567266 tkColOcp=0.014297431326454623
-----
meanST=0.5626922634482419 stDevST=1.911300097980619

Steady State Statistics: numBatchesST=347 batchSizeST=800 stDevStdStateMeanST=0.08074477421467413
95% c.i. = 0.5630373072469343 +/- 0.008495672806367168



REPORT for Depository of Queueing Place : A/logout_logout----------------------------------------

tkOcp=0.0

------------------ Color = logout --------------------
arrivCnt=278377 deptCnt=278377
arrivThrPut=0.02786561649094884 deptThrPut=0.02786561649094884
meanTkPop=0.0 tkColOcp=0.0
-----
meanST=0.0 stDevST=0.0

Steady State Statistics: numBatchesST=1391 batchSizeST=200 stDevStdStateMeanST=0.0
95% c.i. = 0.0 +/- 0.0



REPORT for Queue : Auth----------------------------------------

totArrivThrPut=0.16667578008126038 totDeptThrPut=0.16667578008126038
meanTotTkPop=0.2127280902541944 queueUtil=0.13510391942950764
meanST=1.2762987528870837



REPORT for Queue of Queueing Place : P/getUser_loginAction----------------------------------------

queueUtilQPl=0.008813021361020665

------------------ Color = loginAction --------------------
arrivCnt=277026 deptCnt=277026
arrivThrPut=0.027730381008566056 deptThrPut=0.027730381008566056
meanTkPop=0.00896014643615766 tkColOcp=0.008813021361020665
-----
meanST=0.3231166002872382 stDevST=0.3214427164320111

Steady State Statistics: numBatchesST=346 batchSizeST=800 stDevStdStateMeanST=0.01123091075878203
95% c.i. = 0.3231166852537854 +/- 0.001183382160410673



REPORT for Depository of Queueing Place : P/getUser_loginAction----------------------------------------

tkOcp=0.0

------------------ Color = loginAction --------------------
arrivCnt=277026 deptCnt=277026
arrivThrPut=0.027730381008566056 deptThrPut=0.027730381008566056
meanTkPop=0.0 tkColOcp=0.0
-----
meanST=0.0 stDevST=0.0

Steady State Statistics: numBatchesST=1385 batchSizeST=200 stDevStdStateMeanST=0.0
95% c.i. = 0.0 +/- 0.0



REPORT for Queue : Persistence----------------------------------------

totArrivThrPut=0.16667578008126036 totDeptThrPut=0.16667578008126036
meanTotTkPop=0.029450487334487113 queueUtil=0.028218334784760626
meanST=0.17669326233318933



REPORT for Queue of Queueing Place : W/category----------------------------------------

queueUtilQPl=0.008855231895209219

------------------ Color = category --------------------
arrivCnt=277549 deptCnt=277549
arrivThrPut=0.02778273345659433 deptThrPut=0.02778273345659433
meanTkPop=0.008940598755910275 tkColOcp=0.008855231895209219
-----
meanST=0.3218041439255212 stDevST=0.329294614604421

Steady State Statistics: numBatchesST=693 batchSizeST=400 stDevStdStateMeanST=0.016980013467714147
95% c.i. = 0.3218190433513028 +/- 0.0012642108231436945



REPORT for Depository of Queueing Place : W/category----------------------------------------

tkOcp=0.0

------------------ Color = category --------------------
arrivCnt=277549 deptCnt=277549
arrivThrPut=0.02778273345659433 deptThrPut=0.02778273345659433
meanTkPop=0.0 tkColOcp=0.0
-----
meanST=0.0 stDevST=0.0

Steady State Statistics: numBatchesST=1387 batchSizeST=200 stDevStdStateMeanST=0.0
95% c.i. = 0.0 +/- 0.0



REPORT for Queue : WebUI----------------------------------------

totArrivThrPut=0.16667578008126036 totDeptThrPut=0.16667578008126036
meanTotTkPop=0.0577380749357656 queueUtil=0.05421677010614343
meanST=0.34640950777381235



REPORT for Queue of Queueing Place : W/product----------------------------------------

queueUtilQPl=0.011410719531016453

------------------ Color = product --------------------
arrivCnt=277179 deptCnt=277179
arrivThrPut=0.027745696351870693 deptThrPut=0.027745696351870693
meanTkPop=0.011541049716675085 tkColOcp=0.011410719531016453
-----
meanST=0.4159581929504161 stDevST=0.4161107049451069

Steady State Statistics: numBatchesST=692 batchSizeST=400 stDevStdStateMeanST=0.021265378315443235
95% c.i. = 0.41595341020640597 +/- 0.0015844121244035672



REPORT for Depository of Queueing Place : W/product----------------------------------------

tkOcp=0.0

------------------ Color = product --------------------
arrivCnt=277179 deptCnt=277179
arrivThrPut=0.027745696351870693 deptThrPut=0.027745696351870693
meanTkPop=0.0 tkColOcp=0.0
-----
meanST=0.0 stDevST=0.0

Steady State Statistics: numBatchesST=1385 batchSizeST=200 stDevStdStateMeanST=0.0
95% c.i. = 0.0 +/- 0.0



REPORT for Queue : WebUI----------------------------------------

totArrivThrPut=0.16667578008126036 totDeptThrPut=0.16667578008126036
meanTotTkPop=0.0577380749357656 queueUtil=0.05421677010614343
meanST=0.34640950777381235



REPORT for Queue of Queueing Place : P/category_category----------------------------------------

queueUtilQPl=0.005464741954709675

------------------ Color = category --------------------
arrivCnt=277549 deptCnt=277549
arrivThrPut=0.02778273345659433 deptThrPut=0.02778273345659433
meanTkPop=0.005495056985887243 tkColOcp=0.005464741954709675
-----
meanST=0.19778676545532536 stDevST=0.199004477273502

Steady State Statistics: numBatchesST=693 batchSizeST=400 stDevStdStateMeanST=0.009954607060484066
95% c.i. = 0.19777007518609077 +/- 7.411491168682066E-4



REPORT for Depository of Queueing Place : P/category_category----------------------------------------

tkOcp=0.0

------------------ Color = category --------------------
arrivCnt=277549 deptCnt=277549
arrivThrPut=0.02778273345659433 deptThrPut=0.02778273345659433
meanTkPop=0.0 tkColOcp=0.0
-----
meanST=0.0 stDevST=0.0

Steady State Statistics: numBatchesST=1387 batchSizeST=200 stDevStdStateMeanST=0.0
95% c.i. = 0.0 +/- 0.0



REPORT for Queue : Persistence----------------------------------------

totArrivThrPut=0.16667578008126036 totDeptThrPut=0.16667578008126036
meanTotTkPop=0.029450487334487113 queueUtil=0.028218334784760626
meanST=0.17669326233318933



REPORT for Queue of Queueing Place : P/getProduct_product----------------------------------------

queueUtilQPl=0.0029213132821769676

------------------ Color = product --------------------
arrivCnt=277179 deptCnt=277179
arrivThrPut=0.027745696351870693 deptThrPut=0.027745696351870693
meanTkPop=0.002930142265568029 tkColOcp=0.0029213132821769676
-----
meanST=0.10560709049821597 stDevST=0.11240063103375927

Steady State Statistics: numBatchesST=346 batchSizeST=800 stDevStdStateMeanST=0.003921614829130623
95% c.i. = 0.10560451277942853 +/- 4.132139528547381E-4



REPORT for Depository of Queueing Place : P/getProduct_product----------------------------------------

tkOcp=0.0

------------------ Color = product --------------------
arrivCnt=277179 deptCnt=277179
arrivThrPut=0.027745696351870693 deptThrPut=0.027745696351870693
meanTkPop=0.0 tkColOcp=0.0
-----
meanST=0.0 stDevST=0.0

Steady State Statistics: numBatchesST=1385 batchSizeST=200 stDevStdStateMeanST=0.0
95% c.i. = 0.0 +/- 0.0



REPORT for Queue : Persistence----------------------------------------

totArrivThrPut=0.16667578008126036 totDeptThrPut=0.16667578008126036
meanTotTkPop=0.029450487334487113 queueUtil=0.028218334784760626
meanST=0.17669326233318933



REPORT for Queue of Queueing Place : R/getAds_product----------------------------------------

queueUtilQPl=0.012336413835678416

------------------ Color = product --------------------
arrivCnt=277179 deptCnt=277179
arrivThrPut=0.027745696351870693 deptThrPut=0.027745696351870693
meanTkPop=0.012488485940222309 tkColOcp=0.012336413835678416
-----
meanST=0.45010533460193003 stDevST=0.4505559475189952

Steady State Statistics: numBatchesST=692 batchSizeST=400 stDevStdStateMeanST=0.02415617513016884
95% c.i. = 0.4500991584576346 +/- 0.0017997957143165782



REPORT for Depository of Queueing Place : R/getAds_product----------------------------------------

tkOcp=0.0

------------------ Color = product --------------------
arrivCnt=277179 deptCnt=277179
arrivThrPut=0.027745696351870693 deptThrPut=0.027745696351870693
meanTkPop=0.0 tkColOcp=0.0
-----
meanST=0.0 stDevST=0.0

Steady State Statistics: numBatchesST=1385 batchSizeST=200 stDevStdStateMeanST=0.0
95% c.i. = 0.0 +/- 0.0



REPORT for Queue : Recommender----------------------------------------

totArrivThrPut=0.027745696351870693 totDeptThrPut=0.027745696351870693
meanTotTkPop=0.012488485940222309 queueUtil=0.012336413835678416
meanST=0.45010533460193003



REPORT for Queue of Queueing Place : I/productImages_category----------------------------------------

queueUtilQPl=0.006395709003810953

------------------ Color = category --------------------
arrivCnt=277549 deptCnt=277549
arrivThrPut=0.02778273345659433 deptThrPut=0.02778273345659433
meanTkPop=0.006459041664986753 tkColOcp=0.006395709003810953
-----
meanST=0.23248402375806101 stDevST=0.31757523700245205

Steady State Statistics: numBatchesST=693 batchSizeST=400 stDevStdStateMeanST=0.016059174250402524
95% c.i. = 0.2324579980725154 +/- 0.001195651695843



REPORT for Depository of Queueing Place : I/productImages_category----------------------------------------

tkOcp=0.0

------------------ Color = category --------------------
arrivCnt=277549 deptCnt=277549
arrivThrPut=0.02778273345659433 deptThrPut=0.02778273345659433
meanTkPop=0.0 tkColOcp=0.0
-----
meanST=0.0 stDevST=0.0

Steady State Statistics: numBatchesST=1387 batchSizeST=200 stDevStdStateMeanST=0.0
95% c.i. = 0.0 +/- 0.0



REPORT for Queue : ImageProvider----------------------------------------

totArrivThrPut=0.16667578008126038 totDeptThrPut=0.16667578008126038
meanTotTkPop=0.061213212947037327 queueUtil=0.054741446102458055
meanST=0.3672591957703376



REPORT for Queue of Queueing Place : I/product_product----------------------------------------

queueUtilQPl=0.011324848464091378

------------------ Color = product --------------------
arrivCnt=277179 deptCnt=277179
arrivThrPut=0.027745696351870693 deptThrPut=0.027745696351870693
meanTkPop=0.011458533227699696 tkColOcp=0.011324848464091378
-----
meanST=0.4129841645487167 stDevST=0.4464470834376916

Steady State Statistics: numBatchesST=692 batchSizeST=400 stDevStdStateMeanST=0.022548268246556438
95% c.i. = 0.4129535100576191 +/- 0.0016799959570060134



REPORT for Depository of Queueing Place : I/product_product----------------------------------------

tkOcp=0.0

------------------ Color = product --------------------
arrivCnt=277179 deptCnt=277179
arrivThrPut=0.027745696351870693 deptThrPut=0.027745696351870693
meanTkPop=0.0 tkColOcp=0.0
-----
meanST=0.0 stDevST=0.0

Steady State Statistics: numBatchesST=1385 batchSizeST=200 stDevStdStateMeanST=0.0
95% c.i. = 0.0 +/- 0.0



REPORT for Queue : ImageProvider----------------------------------------

totArrivThrPut=0.16667578008126038 totDeptThrPut=0.16667578008126038
meanTotTkPop=0.061213212947037327 queueUtil=0.054741446102458055
meanST=0.3672591957703376



REPORT for Queue of Queueing Place : Workload----------------------------------------

queueUtilQPl=1.0

------------------ Color = workload --------------------
arrivCnt=1665088 deptCnt=1665088
arrivThrPut=0.16667578008126038 deptThrPut=0.16667578008126038
meanTkPop=1.0 tkColOcp=1.0
-----
meanST=5.99967193501338 stDevST=6.004445808703875

Steady State Statistics: numBatchesST=4162 batchSizeST=400 stDevStdStateMeanST=0.29750882808329926
95% c.i. = 5.999655321562947 +/- 0.009038511403922067



REPORT for Depository of Queueing Place : Workload----------------------------------------

tkOcp=0.0

------------------ Color = workload --------------------
arrivCnt=1665088 deptCnt=1665088
arrivThrPut=0.16667578008126038 deptThrPut=0.16667578008126038
meanTkPop=0.0 tkColOcp=0.0
-----
meanST=0.0 stDevST=0.0

Steady State Statistics: numBatchesST=8325 batchSizeST=200 stDevStdStateMeanST=0.0
95% c.i. = 0.0 +/- 0.0



REPORT for Queue : Workload----------------------------------------

totArrivThrPut=0.16667578008126038 totDeptThrPut=0.16667578008126038
meanTotTkPop=1.0 queueUtil=1.0
meanST=5.99967193501338



REPORT for Queue of Queueing Place : I/icon_index----------------------------------------

queueUtilQPl=0.006619533153449349

------------------ Color = index --------------------
arrivCnt=277046 deptCnt=277046
arrivThrPut=0.027732383014226793 deptThrPut=0.027732383014226793
meanTkPop=0.006660562554644742 tkColOcp=0.006619533153449349
-----
meanST=0.24017274502619748 stDevST=0.2727147811419548

Steady State Statistics: numBatchesST=692 batchSizeST=400 stDevStdStateMeanST=0.013551058491859272
95% c.i. = 0.24017021230311836 +/- 0.001009643988200839



REPORT for Depository of Queueing Place : I/icon_index----------------------------------------

tkOcp=0.0

------------------ Color = index --------------------
arrivCnt=277046 deptCnt=277046
arrivThrPut=0.027732383014226793 deptThrPut=0.027732383014226793
meanTkPop=0.0 tkColOcp=0.0
-----
meanST=0.0 stDevST=0.0

Steady State Statistics: numBatchesST=1385 batchSizeST=200 stDevStdStateMeanST=0.0
95% c.i. = 0.0 +/- 0.0



REPORT for Queue : ImageProvider----------------------------------------

totArrivThrPut=0.16667578008126038 totDeptThrPut=0.16667578008126038
meanTotTkPop=0.061213212947037327 queueUtil=0.054741446102458055
meanST=0.3672591957703376



REPORT for Queue of Queueing Place : P/categories_login----------------------------------------

queueUtilQPl=0.006033490273784582

------------------ Color = login --------------------
arrivCnt=277911 deptCnt=277911
arrivThrPut=0.027818969759053666 deptThrPut=0.027818969759053666
meanTkPop=0.0060693879075666155 tkColOcp=0.006033490273784582
-----
meanST=0.21817443133713954 stDevST=0.21914270673212624

Steady State Statistics: numBatchesST=694 batchSizeST=400 stDevStdStateMeanST=0.010667764145771268
95% c.i. = 0.21816791818955528 +/- 7.936732829010988E-4



REPORT for Depository of Queueing Place : P/categories_login----------------------------------------

tkOcp=0.0

------------------ Color = login --------------------
arrivCnt=277911 deptCnt=277911
arrivThrPut=0.027818969759053666 deptThrPut=0.027818969759053666
meanTkPop=0.0 tkColOcp=0.0
-----
meanST=0.0 stDevST=0.0

Steady State Statistics: numBatchesST=1389 batchSizeST=200 stDevStdStateMeanST=0.0
95% c.i. = 0.0 +/- 0.0



REPORT for Queue : Persistence----------------------------------------

totArrivThrPut=0.16667578008126036 totDeptThrPut=0.16667578008126036
meanTotTkPop=0.029450487334487113 queueUtil=0.028218334784760626
meanST=0.17669326233318933



REPORT for Queue of Queueing Place : I/icon_login----------------------------------------

queueUtilQPl=0.004050185547735248

------------------ Color = login --------------------
arrivCnt=277911 deptCnt=277911
arrivThrPut=0.027818969759053666 deptThrPut=0.027818969759053666
meanTkPop=0.004085188008112973 tkColOcp=0.004050185547735248
-----
meanST=0.14684900424047698 stDevST=0.2671384819177106

Steady State Statistics: numBatchesST=173 batchSizeST=1600 stDevStdStateMeanST=0.006987953347578121
95% c.i. = 0.1468483650699 +/- 0.0010486872184456086



REPORT for Depository of Queueing Place : I/icon_login----------------------------------------

tkOcp=0.0

------------------ Color = login --------------------
arrivCnt=277911 deptCnt=277911
arrivThrPut=0.027818969759053666 deptThrPut=0.027818969759053666
meanTkPop=0.0 tkColOcp=0.0
-----
meanST=0.0 stDevST=0.0

Steady State Statistics: numBatchesST=1389 batchSizeST=200 stDevStdStateMeanST=0.0
95% c.i. = 0.0 +/- 0.0



REPORT for Queue : ImageProvider----------------------------------------

totArrivThrPut=0.16667578008126038 totDeptThrPut=0.16667578008126038
meanTotTkPop=0.061213212947037327 queueUtil=0.054741446102458055
meanST=0.3672591957703376



REPORT for Queue of Queueing Place : A/isLoggedIn_login----------------------------------------

queueUtilQPl=0.016191068493418472

------------------ Color = login --------------------
arrivCnt=277911 deptCnt=277911
arrivThrPut=0.027818969759053666 deptThrPut=0.027818969759053666
meanTkPop=0.01750677813292868 tkColOcp=0.016191068493418472
-----
meanST=0.6293108006715852 stDevST=1.8795095804994855

Steady State Statistics: numBatchesST=694 batchSizeST=400 stDevStdStateMeanST=0.11299502898952458
95% c.i. = 0.6294145112053776 +/- 0.008406741504982622



REPORT for Depository of Queueing Place : A/isLoggedIn_login----------------------------------------

tkOcp=0.0

------------------ Color = login --------------------
arrivCnt=277911 deptCnt=277911
arrivThrPut=0.027818969759053666 deptThrPut=0.027818969759053666
meanTkPop=0.0 tkColOcp=0.0
-----
meanST=0.0 stDevST=0.0

Steady State Statistics: numBatchesST=1389 batchSizeST=200 stDevStdStateMeanST=0.0
95% c.i. = 0.0 +/- 0.0



REPORT for Queue : Auth----------------------------------------

totArrivThrPut=0.16667578008126038 totDeptThrPut=0.16667578008126038
meanTotTkPop=0.2127280902541944 queueUtil=0.13510391942950764
meanST=1.2762987528870837



REPORT for Queue of Queueing Place : A/isLoggedIn_category----------------------------------------

queueUtilQPl=0.029099512784344306

------------------ Color = category --------------------
arrivCnt=277549 deptCnt=277549
arrivThrPut=0.02778273345659433 deptThrPut=0.02778273345659433
meanTkPop=0.030985681902572233 tkColOcp=0.029099512784344306
-----
meanST=1.115285576596772 stDevST=2.014976890161177

Steady State Statistics: numBatchesST=693 batchSizeST=400 stDevStdStateMeanST=0.12404842303410933
95% c.i. = 1.1154374641171994 +/- 0.009235761755537652



REPORT for Depository of Queueing Place : A/isLoggedIn_category----------------------------------------

tkOcp=0.0

------------------ Color = category --------------------
arrivCnt=277549 deptCnt=277549
arrivThrPut=0.02778273345659433 deptThrPut=0.02778273345659433
meanTkPop=0.0 tkColOcp=0.0
-----
meanST=0.0 stDevST=0.0

Steady State Statistics: numBatchesST=1387 batchSizeST=200 stDevStdStateMeanST=0.0
95% c.i. = 0.0 +/- 0.0



REPORT for Queue : Auth----------------------------------------

totArrivThrPut=0.16667578008126038 totDeptThrPut=0.16667578008126038
meanTotTkPop=0.2127280902541944 queueUtil=0.13510391942950764
meanST=1.2762987528870837



REPORT for Queue of Queueing Place : I/icon_logout----------------------------------------

queueUtilQPl=0.004749576825920823

------------------ Color = logout --------------------
arrivCnt=278377 deptCnt=278377
arrivThrPut=0.02786561649094884 deptThrPut=0.02786561649094884
meanTkPop=0.004864496594265417 tkColOcp=0.004749576825920823
-----
meanST=0.1745698537064657 stDevST=0.334214898908602

Steady State Statistics: numBatchesST=695 batchSizeST=400 stDevStdStateMeanST=0.017853080509391956
95% c.i. = 0.1745679803343417 +/- 0.001327299259764126



REPORT for Depository of Queueing Place : I/icon_logout----------------------------------------

tkOcp=0.0

------------------ Color = logout --------------------
arrivCnt=278377 deptCnt=278377
arrivThrPut=0.02786561649094884 deptThrPut=0.02786561649094884
meanTkPop=0.0 tkColOcp=0.0
-----
meanST=0.0 stDevST=0.0

Steady State Statistics: numBatchesST=1391 batchSizeST=200 stDevStdStateMeanST=0.0
95% c.i. = 0.0 +/- 0.0



REPORT for Queue : ImageProvider----------------------------------------

totArrivThrPut=0.16667578008126038 totDeptThrPut=0.16667578008126038
meanTotTkPop=0.061213212947037327 queueUtil=0.054741446102458055
meanST=0.3672591957703376



REPORT for Queue of Queueing Place : I/icon_loginAction----------------------------------------

queueUtilQPl=0.026744105903818878

------------------ Color = loginAction --------------------
arrivCnt=277026 deptCnt=277026
arrivThrPut=0.027730381008566056 deptThrPut=0.027730381008566056
meanTkPop=0.027685390897327754 tkColOcp=0.026744105903818878
-----
meanST=0.9983775876997723 stDevST=0.990172785920705

Steady State Statistics: numBatchesST=346 batchSizeST=800 stDevStdStateMeanST=0.0363561458197855
95% c.i. = 0.998412171954172 +/- 0.0038307858826837483



REPORT for Depository of Queueing Place : I/icon_loginAction----------------------------------------

tkOcp=0.0

------------------ Color = loginAction --------------------
arrivCnt=277026 deptCnt=277026
arrivThrPut=0.027730381008566056 deptThrPut=0.027730381008566056
meanTkPop=0.0 tkColOcp=0.0
-----
meanST=0.0 stDevST=0.0

Steady State Statistics: numBatchesST=1385 batchSizeST=200 stDevStdStateMeanST=0.0
95% c.i. = 0.0 +/- 0.0



REPORT for Queue : ImageProvider----------------------------------------

totArrivThrPut=0.16667578008126038 totDeptThrPut=0.16667578008126038
meanTotTkPop=0.061213212947037327 queueUtil=0.054741446102458055
meanST=0.3672591957703376



REPORT for Queue of Queueing Place : A/isLoggedIn_product----------------------------------------

queueUtilQPl=0.014377234845425068

------------------ Color = product --------------------
arrivCnt=277179 deptCnt=277179
arrivThrPut=0.027745696351870693 deptThrPut=0.027745696351870693
meanTkPop=0.01574959308069872 tkColOcp=0.014377234845425068
-----
meanST=0.5676409372092346 stDevST=1.9142620479879264

Steady State Statistics: numBatchesST=692 batchSizeST=400 stDevStdStateMeanST=0.11304585815372992
95% c.i. = 0.5677972947250063 +/- 0.008422668321038159



REPORT for Depository of Queueing Place : A/isLoggedIn_product----------------------------------------

tkOcp=0.0

------------------ Color = product --------------------
arrivCnt=277179 deptCnt=277179
arrivThrPut=0.027745696351870693 deptThrPut=0.027745696351870693
meanTkPop=0.0 tkColOcp=0.0
-----
meanST=0.0 stDevST=0.0

Steady State Statistics: numBatchesST=1385 batchSizeST=200 stDevStdStateMeanST=0.0
95% c.i. = 0.0 +/- 0.0



REPORT for Queue : Auth----------------------------------------

totArrivThrPut=0.16667578008126038 totDeptThrPut=0.16667578008126038
meanTotTkPop=0.2127280902541944 queueUtil=0.13510391942950764
meanST=1.2762987528870837



REPORT for Queue of Queueing Place : P/category_logout----------------------------------------

queueUtilQPl=0.003309441154759846

------------------ Color = logout --------------------
arrivCnt=278377 deptCnt=278377
arrivThrPut=0.02786561649094884 deptThrPut=0.02786561649094884
meanTkPop=0.003345797651925435 tkColOcp=0.003309441154759846
-----
meanST=0.12006903392976068 stDevST=0.13412618798751375

Steady State Statistics: numBatchesST=347 batchSizeST=800 stDevStdStateMeanST=0.0046651831619729306
95% c.i. = 0.1200665578294424 +/- 4.908536820045076E-4



REPORT for Depository of Queueing Place : P/category_logout----------------------------------------

tkOcp=0.0

------------------ Color = logout --------------------
arrivCnt=278377 deptCnt=278377
arrivThrPut=0.02786561649094884 deptThrPut=0.02786561649094884
meanTkPop=0.0 tkColOcp=0.0
-----
meanST=0.0 stDevST=0.0

Steady State Statistics: numBatchesST=1391 batchSizeST=200 stDevStdStateMeanST=0.0
95% c.i. = 0.0 +/- 0.0



REPORT for Queue : Persistence----------------------------------------

totArrivThrPut=0.16667578008126036 totDeptThrPut=0.16667578008126036
meanTotTkPop=0.029450487334487113 queueUtil=0.028218334784760626
meanST=0.17669326233318933



REPORT for Ordinary Place : Finish_index----------------------------------------

tkOcp=1.0

------------------ Color = index --------------------
arrivCnt=277046 deptCnt=0
arrivThrPut=0.027732383014226793 deptThrPut=0.0
meanTkPop=138910.89300153128 tkColOcp=1.0
-----
meanST=NaN stDevST=NaN

Steady State Statistics: Only 0 batches collected!
Need at least 60 for steady state statistics.



REPORT for Ordinary Place : Finish_login----------------------------------------

tkOcp=1.0

------------------ Color = login --------------------
arrivCnt=277911 deptCnt=0
arrivThrPut=0.027818969759053666 deptThrPut=0.0
meanTkPop=139039.5144821484 tkColOcp=1.0
-----
meanST=NaN stDevST=NaN

Steady State Statistics: Only 0 batches collected!
Need at least 60 for steady state statistics.



REPORT for Ordinary Place : Finish_loginAction----------------------------------------

tkOcp=1.0000000000000002

------------------ Color = loginAction --------------------
arrivCnt=277026 deptCnt=0
arrivThrPut=0.027730381008566056 deptThrPut=0.0
meanTkPop=138957.5380622013 tkColOcp=1.0000000000000002
-----
meanST=NaN stDevST=NaN

Steady State Statistics: Only 0 batches collected!
Need at least 60 for steady state statistics.



REPORT for Ordinary Place : Finish_category----------------------------------------

tkOcp=1.0000000000000002

------------------ Color = category --------------------
arrivCnt=277549 deptCnt=0
arrivThrPut=0.02778273345659433 deptThrPut=0.0
meanTkPop=138862.26593142303 tkColOcp=1.0000000000000002
-----
meanST=NaN stDevST=NaN

Steady State Statistics: Only 0 batches collected!
Need at least 60 for steady state statistics.



REPORT for Ordinary Place : Finish_product----------------------------------------

tkOcp=1.0

------------------ Color = product --------------------
arrivCnt=277179 deptCnt=0
arrivThrPut=0.027745696351870693 deptThrPut=0.0
meanTkPop=138803.3406615513 tkColOcp=1.0
-----
meanST=NaN stDevST=NaN

Steady State Statistics: Only 0 batches collected!
Need at least 60 for steady state statistics.



REPORT for Ordinary Place : Finish_logout----------------------------------------

tkOcp=1.0000000000000002

------------------ Color = logout --------------------
arrivCnt=278377 deptCnt=0
arrivThrPut=0.02786561649094884 deptThrPut=0.0
meanTkPop=139690.08322238745 tkColOcp=1.0000000000000002
-----
meanST=NaN stDevST=NaN

Steady State Statistics: Only 0 batches collected!
Need at least 60 for steady state statistics.



REPORT REPORT for Probe : /index----------------------------------------


------------------ Color = index --------------------
-----
meanST=4.8869668267792665 stDevST=4.2172960300299716

Steady State Statistics: numBatchesST=692 batchSizeST=400 stDevStdStateMeanST=0.2655643561369684
95% c.i. = 4.887603328438244 +/- 0.019786310849089148



REPORT REPORT for Probe : /login----------------------------------------


------------------ Color = login --------------------
-----
meanST=1.5259229842320874 stDevST=1.9744783936903585

Steady State Statistics: numBatchesST=694 batchSizeST=400 stDevStdStateMeanST=0.11674604343914355
95% c.i. = 1.5260376867012453 +/- 0.008685814037123171



REPORT REPORT for Probe : /loginAction----------------------------------------


------------------ Color = loginAction --------------------
-----
meanST=2.2442190545772975 stDevST=2.2310639195304955

Steady State Statistics: numBatchesST=692 batchSizeST=400 stDevStdStateMeanST=0.12851505236533978
95% c.i. = 2.2443580700800014 +/- 0.00957522617823033



REPORT REPORT for Probe : /logout----------------------------------------


------------------ Color = logout --------------------
-----
meanST=0.9818651332978972 stDevST=1.9959085637601839

Steady State Statistics: numBatchesST=347 batchSizeST=800 stDevStdStateMeanST=0.0834492319369285
95% c.i. = 0.9822304678211689 +/- 0.008780226056412058



REPORT REPORT for Probe : /category----------------------------------------


------------------ Color = category --------------------
-----
meanST=1.8673605097356796 stDevST=2.07733019011857

Steady State Statistics: numBatchesST=693 batchSizeST=400 stDevStdStateMeanST=0.12627079391109067
95% c.i. = 1.8674845807271083 +/- 0.009401223657029147



REPORT REPORT for Probe : /product----------------------------------------


------------------ Color = product --------------------
-----
meanST=1.9522957198085131 stDevST=2.0634696784473907

Steady State Statistics: numBatchesST=692 batchSizeST=400 stDevStdStateMeanST=0.12137158231931564
95% c.i. = 1.952407886226095 +/- 0.009042990147281616



