INFO Logging to /home/yjx/workloadConfig/qpme/output/SimQPN_Output_config_2025-08-14_070920572.log
WARN Batch means correlation test was run for depository of place Workload, color 0
    However, the standard deviation of the token residence time is 0 and therefore the result of the test is ignored!
    In future runs, you should set numBMeansCorlTested to 0 to switch off the correlation test!
WARN Batch means correlation test was run for depository of place W/category, color 0
    However, the standard deviation of the token residence time is 0 and therefore the result of the test is ignored!
    In future runs, you should set numBMeansCorlTested to 0 to switch off the correlation test!
WARN Batch means correlation test was run for depository of place P/category_category, color 0
    However, the standard deviation of the token residence time is 0 and therefore the result of the test is ignored!
    In future runs, you should set numBMeansCorlTested to 0 to switch off the correlation test!
WARN Batch means correlation test was run for depository of place I/productImages_category, color 0
    However, the standard deviation of the token residence time is 0 and therefore the result of the test is ignored!
    In future runs, you should set numBMeansCorlTested to 0 to switch off the correlation test!
WARN Batch means correlation test was run for depository of place A/isLoggedIn_category, color 0
    However, the standard deviation of the token residence time is 0 and therefore the result of the test is ignored!
    In future runs, you should set numBMeansCorlTested to 0 to switch off the correlation test!
WARN Batch means correlation test was run for depository of place W/loginAction, color 0
    However, the standard deviation of the token residence time is 0 and therefore the result of the test is ignored!
    In future runs, you should set numBMeansCorlTested to 0 to switch off the correlation test!
WARN Batch means correlation test was run for depository of place A/login_loginAction, color 0
    However, the standard deviation of the token residence time is 0 and therefore the result of the test is ignored!
    In future runs, you should set numBMeansCorlTested to 0 to switch off the correlation test!
WARN Batch means correlation test was run for depository of place P/getUser_loginAction, color 0
    However, the standard deviation of the token residence time is 0 and therefore the result of the test is ignored!
    In future runs, you should set numBMeansCorlTested to 0 to switch off the correlation test!
WARN Batch means correlation test was run for depository of place I/icon_loginAction, color 0
    However, the standard deviation of the token residence time is 0 and therefore the result of the test is ignored!
    In future runs, you should set numBMeansCorlTested to 0 to switch off the correlation test!
WARN Batch means correlation test was run for depository of place W/login, color 0
    However, the standard deviation of the token residence time is 0 and therefore the result of the test is ignored!
    In future runs, you should set numBMeansCorlTested to 0 to switch off the correlation test!
WARN Batch means correlation test was run for depository of place P/categories_login, color 0
    However, the standard deviation of the token residence time is 0 and therefore the result of the test is ignored!
    In future runs, you should set numBMeansCorlTested to 0 to switch off the correlation test!
WARN Batch means correlation test was run for depository of place I/icon_login, color 0
    However, the standard deviation of the token residence time is 0 and therefore the result of the test is ignored!
    In future runs, you should set numBMeansCorlTested to 0 to switch off the correlation test!
WARN Batch means correlation test was run for depository of place A/isLoggedIn_login, color 0
    However, the standard deviation of the token residence time is 0 and therefore the result of the test is ignored!
    In future runs, you should set numBMeansCorlTested to 0 to switch off the correlation test!
WARN Batch means correlation test was run for depository of place W/index, color 0
    However, the standard deviation of the token residence time is 0 and therefore the result of the test is ignored!
    In future runs, you should set numBMeansCorlTested to 0 to switch off the correlation test!
WARN Batch means correlation test was run for depository of place P/categories_index, color 0
    However, the standard deviation of the token residence time is 0 and therefore the result of the test is ignored!
    In future runs, you should set numBMeansCorlTested to 0 to switch off the correlation test!
WARN Batch means correlation test was run for depository of place A/isLoggedIn_index, color 0
    However, the standard deviation of the token residence time is 0 and therefore the result of the test is ignored!
    In future runs, you should set numBMeansCorlTested to 0 to switch off the correlation test!
WARN Batch means correlation test was run for depository of place I/icon_index, color 0
    However, the standard deviation of the token residence time is 0 and therefore the result of the test is ignored!
    In future runs, you should set numBMeansCorlTested to 0 to switch off the correlation test!
WARN Batch means correlation test was run for depository of place W/logout, color 0
    However, the standard deviation of the token residence time is 0 and therefore the result of the test is ignored!
    In future runs, you should set numBMeansCorlTested to 0 to switch off the correlation test!
WARN Batch means correlation test was run for depository of place A/logout_logout, color 0
    However, the standard deviation of the token residence time is 0 and therefore the result of the test is ignored!
    In future runs, you should set numBMeansCorlTested to 0 to switch off the correlation test!
WARN Batch means correlation test was run for depository of place P/category_logout, color 0
    However, the standard deviation of the token residence time is 0 and therefore the result of the test is ignored!
    In future runs, you should set numBMeansCorlTested to 0 to switch off the correlation test!
WARN Batch means correlation test was run for depository of place I/icon_logout, color 0
    However, the standard deviation of the token residence time is 0 and therefore the result of the test is ignored!
    In future runs, you should set numBMeansCorlTested to 0 to switch off the correlation test!
WARN Batch means correlation test was run for depository of place W/product, color 0
    However, the standard deviation of the token residence time is 0 and therefore the result of the test is ignored!
    In future runs, you should set numBMeansCorlTested to 0 to switch off the correlation test!
WARN Batch means correlation test was run for depository of place P/getProduct_product, color 0
    However, the standard deviation of the token residence time is 0 and therefore the result of the test is ignored!
    In future runs, you should set numBMeansCorlTested to 0 to switch off the correlation test!
WARN Batch means correlation test was run for depository of place R/getAds_product, color 0
    However, the standard deviation of the token residence time is 0 and therefore the result of the test is ignored!
    In future runs, you should set numBMeansCorlTested to 0 to switch off the correlation test!
WARN Batch means correlation test was run for depository of place I/product_product, color 0
    However, the standard deviation of the token residence time is 0 and therefore the result of the test is ignored!
    In future runs, you should set numBMeansCorlTested to 0 to switch off the correlation test!
WARN Batch means correlation test was run for depository of place A/isLoggedIn_product, color 0
    However, the standard deviation of the token residence time is 0 and therefore the result of the test is ignored!
    In future runs, you should set numBMeansCorlTested to 0 to switch off the correlation test!
WARN LP-1 The simulation was stopped because of reaching max totalRunLen.
The required precision may not have been reached!
REPORT for Queue of Queueing Place : W/index----------------------------------------

queueUtilQPl=0.005066859336398261

------------------ Color = index --------------------
arrivCnt=278403 deptCnt=278403
arrivThrPut=0.02786819685884291 deptThrPut=0.02786819685884291
meanTkPop=0.005109240115606708 tkColOcp=0.005066859336398261
-----
meanST=0.18333586996983933 stDevST=0.2921732223497532

Steady State Statistics: numBatchesST=696 batchSizeST=400 stDevStdStateMeanST=0.014716037232314261
95% c.i. = 0.1833368374132323 +/- 0.001093287415653096



REPORT for Depository of Queueing Place : W/index----------------------------------------

tkOcp=0.0

------------------ Color = index --------------------
arrivCnt=278403 deptCnt=278403
arrivThrPut=0.02786819685884291 deptThrPut=0.02786819685884291
meanTkPop=0.0 tkColOcp=0.0
-----
meanST=0.0 stDevST=0.0

Steady State Statistics: numBatchesST=1392 batchSizeST=200 stDevStdStateMeanST=0.0
95% c.i. = 0.0 +/- 0.0



REPORT for Queue : WebUI----------------------------------------

totArrivThrPut=0.16645362481964673 totDeptThrPut=0.16645362481964673
meanTotTkPop=0.07293297106422106 queueUtil=0.06595409331971357
meanST=0.43815790219795014



REPORT for Queue of Queueing Place : P/categories_index----------------------------------------

queueUtilQPl=0.026506011707411403

------------------ Color = index --------------------
arrivCnt=278403 deptCnt=278403
arrivThrPut=0.02786819685884291 deptThrPut=0.02786819685884291
meanTkPop=0.02723773373448077 tkColOcp=0.026506011707411403
-----
meanST=0.9773769674602364 stDevST=0.964402168605614

Steady State Statistics: numBatchesST=696 batchSizeST=400 stDevStdStateMeanST=0.04942580957974264
95% c.i. = 0.977382182009574 +/- 0.0036719542611201314



REPORT for Depository of Queueing Place : P/categories_index----------------------------------------

tkOcp=0.0

------------------ Color = index --------------------
arrivCnt=278403 deptCnt=278403
arrivThrPut=0.02786819685884291 deptThrPut=0.02786819685884291
meanTkPop=0.0 tkColOcp=0.0
-----
meanST=0.0 stDevST=0.0

Steady State Statistics: numBatchesST=1392 batchSizeST=200 stDevStdStateMeanST=0.0
95% c.i. = 0.0 +/- 0.0



REPORT for Queue : Persistence----------------------------------------

totArrivThrPut=0.16645362481964673 totDeptThrPut=0.16645362481964673
meanTotTkPop=0.08033144926173937 queueUtil=0.07282364131045488
meanST=0.48260558668385173



REPORT for Queue of Queueing Place : A/isLoggedIn_index----------------------------------------

queueUtilQPl=0.013878931184260606

------------------ Color = index --------------------
arrivCnt=278403 deptCnt=278403
arrivThrPut=0.02786819685884291 deptThrPut=0.02786819685884291
meanTkPop=0.01407101456999188 tkColOcp=0.013878931184260606
-----
meanST=0.5049129888547841 stDevST=0.5062740231544312

Steady State Statistics: numBatchesST=696 batchSizeST=400 stDevStdStateMeanST=0.025642815073169383
95% c.i. = 0.5049117519042112 +/- 0.0019050622513957036



REPORT for Depository of Queueing Place : A/isLoggedIn_index----------------------------------------

tkOcp=0.0

------------------ Color = index --------------------
arrivCnt=278403 deptCnt=278403
arrivThrPut=0.02786819685884291 deptThrPut=0.02786819685884291
meanTkPop=0.0 tkColOcp=0.0
-----
meanST=0.0 stDevST=0.0

Steady State Statistics: numBatchesST=1392 batchSizeST=200 stDevStdStateMeanST=0.0
95% c.i. = 0.0 +/- 0.0



REPORT for Queue : Auth----------------------------------------

totArrivThrPut=0.16645362481964673 totDeptThrPut=0.16645362481964673
meanTotTkPop=0.06938182093366388 queueUtil=0.06409601240510371
meanST=0.4168237309871708



REPORT for Queue of Queueing Place : W/login----------------------------------------

queueUtilQPl=0.026840916712057402

------------------ Color = login --------------------
arrivCnt=276439 deptCnt=276439
arrivThrPut=0.02767160005984733 deptThrPut=0.02767160005984733
meanTkPop=0.027563821285203568 tkColOcp=0.026840916712057402
-----
meanST=0.9961050761643468 stDevST=0.9876062636281765

Steady State Statistics: numBatchesST=691 batchSizeST=400 stDevStdStateMeanST=0.05230486617723185
95% c.i. = 0.9961329600614146 +/- 0.003899879269973584



REPORT for Depository of Queueing Place : W/login----------------------------------------

tkOcp=0.0

------------------ Color = login --------------------
arrivCnt=276439 deptCnt=276439
arrivThrPut=0.02767160005984733 deptThrPut=0.02767160005984733
meanTkPop=0.0 tkColOcp=0.0
-----
meanST=0.0 stDevST=0.0

Steady State Statistics: numBatchesST=1382 batchSizeST=200 stDevStdStateMeanST=0.0
95% c.i. = 0.0 +/- 0.0



REPORT for Queue : WebUI----------------------------------------

totArrivThrPut=0.16645362481964673 totDeptThrPut=0.16645362481964673
meanTotTkPop=0.07293297106422106 queueUtil=0.06595409331971357
meanST=0.43815790219795014



REPORT for Queue of Queueing Place : W/loginAction----------------------------------------

queueUtilQPl=0.006672857445457484

------------------ Color = loginAction --------------------
arrivCnt=277198 deptCnt=277198
arrivThrPut=0.02774757611404165 deptThrPut=0.02774757611404165
meanTkPop=0.006734822176911981 tkColOcp=0.006672857445457484
-----
meanST=0.24271749536723775 stDevST=0.3239681170797244

Steady State Statistics: numBatchesST=692 batchSizeST=400 stDevStdStateMeanST=0.016851089904127165
95% c.i. = 0.24275810958941188 +/- 0.0012555182775245697



REPORT for Depository of Queueing Place : W/loginAction----------------------------------------

tkOcp=0.0

------------------ Color = loginAction --------------------
arrivCnt=277198 deptCnt=277198
arrivThrPut=0.02774757611404165 deptThrPut=0.02774757611404165
meanTkPop=0.0 tkColOcp=0.0
-----
meanST=0.0 stDevST=0.0

Steady State Statistics: numBatchesST=1385 batchSizeST=200 stDevStdStateMeanST=0.0
95% c.i. = 0.0 +/- 0.0



REPORT for Queue : WebUI----------------------------------------

totArrivThrPut=0.16645362481964673 totDeptThrPut=0.16645362481964673
meanTotTkPop=0.07293297106422106 queueUtil=0.06595409331971357
meanST=0.43815790219795014



REPORT for Queue of Queueing Place : A/login_loginAction----------------------------------------

queueUtilQPl=0.010202261904770835

------------------ Color = loginAction --------------------
arrivCnt=277198 deptCnt=277198
arrivThrPut=0.02774757611404165 deptThrPut=0.02774757611404165
meanTkPop=0.01031566912344754 tkColOcp=0.010202261904770835
-----
meanST=0.3717682972037078 stDevST=0.3834352160716177

Steady State Statistics: numBatchesST=692 batchSizeST=400 stDevStdStateMeanST=0.019360147085769393
95% c.i. = 0.3717965280031127 +/- 0.0014424597257530645



REPORT for Depository of Queueing Place : A/login_loginAction----------------------------------------

tkOcp=0.0

------------------ Color = loginAction --------------------
arrivCnt=277198 deptCnt=277198
arrivThrPut=0.02774757611404165 deptThrPut=0.02774757611404165
meanTkPop=0.0 tkColOcp=0.0
-----
meanST=0.0 stDevST=0.0

Steady State Statistics: numBatchesST=1385 batchSizeST=200 stDevStdStateMeanST=0.0
95% c.i. = 0.0 +/- 0.0



REPORT for Queue : Auth----------------------------------------

totArrivThrPut=0.16645362481964673 totDeptThrPut=0.16645362481964673
meanTotTkPop=0.06938182093366388 queueUtil=0.06409601240510371
meanST=0.4168237309871708



REPORT for Queue of Queueing Place : W/logout----------------------------------------

queueUtilQPl=0.006082389091932076

------------------ Color = logout --------------------
arrivCnt=276765 deptCnt=276765
arrivThrPut=0.02770423272607572 deptThrPut=0.02770423272607572
meanTkPop=0.00614064578658869 tkColOcp=0.006082389091932076
-----
meanST=0.22165009395149227 stDevST=0.31535773257945254

Steady State Statistics: numBatchesST=345 batchSizeST=800 stDevStdStateMeanST=0.011057548792299022
95% c.i. = 0.22162407107125365 +/- 0.0011668026529096543



REPORT for Depository of Queueing Place : W/logout----------------------------------------

tkOcp=0.0

------------------ Color = logout --------------------
arrivCnt=276765 deptCnt=276765
arrivThrPut=0.02770423272607572 deptThrPut=0.02770423272607572
meanTkPop=0.0 tkColOcp=0.0
-----
meanST=0.0 stDevST=0.0

Steady State Statistics: numBatchesST=1383 batchSizeST=200 stDevStdStateMeanST=0.0
95% c.i. = 0.0 +/- 0.0



REPORT for Queue : WebUI----------------------------------------

totArrivThrPut=0.16645362481964673 totDeptThrPut=0.16645362481964673
meanTotTkPop=0.07293297106422106 queueUtil=0.06595409331971357
meanST=0.43815790219795014



REPORT for Queue of Queueing Place : A/logout_logout----------------------------------------

queueUtilQPl=0.017018888056842513

------------------ Color = logout --------------------
arrivCnt=276765 deptCnt=276765
arrivThrPut=0.02770423272607572 deptThrPut=0.02770423272607572
meanTkPop=0.017315748203232208 tkColOcp=0.017018888056842513
-----
meanST=0.6250217565828603 stDevST=0.6181785323587151

Steady State Statistics: numBatchesST=691 batchSizeST=400 stDevStdStateMeanST=0.03164536669889997
95% c.i. = 0.6249575174008579 +/- 0.0023594957524903054



REPORT for Depository of Queueing Place : A/logout_logout----------------------------------------

tkOcp=0.0

------------------ Color = logout --------------------
arrivCnt=276765 deptCnt=276765
arrivThrPut=0.02770423272607572 deptThrPut=0.02770423272607572
meanTkPop=0.0 tkColOcp=0.0
-----
meanST=0.0 stDevST=0.0

Steady State Statistics: numBatchesST=1383 batchSizeST=200 stDevStdStateMeanST=0.0
95% c.i. = 0.0 +/- 0.0



REPORT for Queue : Auth----------------------------------------

totArrivThrPut=0.16645362481964673 totDeptThrPut=0.16645362481964673
meanTotTkPop=0.06938182093366388 queueUtil=0.06409601240510371
meanST=0.4168237309871708



REPORT for Queue of Queueing Place : P/getUser_loginAction----------------------------------------

queueUtilQPl=0.010732274606385603

------------------ Color = loginAction --------------------
arrivCnt=277198 deptCnt=277198
arrivThrPut=0.02774757611404165 deptThrPut=0.02774757611404165
meanTkPop=0.010871530398625838 tkColOcp=0.010732274606385603
-----
meanST=0.3918010839557371 stDevST=0.4378167141356913

Steady State Statistics: numBatchesST=346 batchSizeST=800 stDevStdStateMeanST=0.01633466953413124
95% c.i. = 0.3917761496872994 +/- 0.0017211566308439747



REPORT for Depository of Queueing Place : P/getUser_loginAction----------------------------------------

tkOcp=0.0

------------------ Color = loginAction --------------------
arrivCnt=277198 deptCnt=277198
arrivThrPut=0.02774757611404165 deptThrPut=0.02774757611404165
meanTkPop=0.0 tkColOcp=0.0
-----
meanST=0.0 stDevST=0.0

Steady State Statistics: numBatchesST=1385 batchSizeST=200 stDevStdStateMeanST=0.0
95% c.i. = 0.0 +/- 0.0



REPORT for Queue : Persistence----------------------------------------

totArrivThrPut=0.16645362481964673 totDeptThrPut=0.16645362481964673
meanTotTkPop=0.08033144926173937 queueUtil=0.07282364131045488
meanST=0.48260558668385173



REPORT for Queue of Queueing Place : W/category----------------------------------------

queueUtilQPl=0.015100648983568506

------------------ Color = category --------------------
arrivCnt=277353 deptCnt=277353
arrivThrPut=0.02776309164553061 deptThrPut=0.02776309164553061
meanTkPop=0.015349357877192838 tkColOcp=0.015100648983568506
-----
meanST=0.5528691859382248 stDevST=0.5719048318599288

Steady State Statistics: numBatchesST=693 batchSizeST=400 stDevStdStateMeanST=0.029948042596222246
95% c.i. = 0.552883931959716 +/- 0.0022297178770853687



REPORT for Depository of Queueing Place : W/category----------------------------------------

tkOcp=0.0

------------------ Color = category --------------------
arrivCnt=277353 deptCnt=277353
arrivThrPut=0.02776309164553061 deptThrPut=0.02776309164553061
meanTkPop=0.0 tkColOcp=0.0
-----
meanST=0.0 stDevST=0.0

Steady State Statistics: numBatchesST=1386 batchSizeST=200 stDevStdStateMeanST=0.0
95% c.i. = 0.0 +/- 0.0



REPORT for Queue : WebUI----------------------------------------

totArrivThrPut=0.16645362481964673 totDeptThrPut=0.16645362481964673
meanTotTkPop=0.07293297106422106 queueUtil=0.06595409331971357
meanST=0.43815790219795014



REPORT for Queue of Queueing Place : W/product----------------------------------------

queueUtilQPl=0.011884121357454383

------------------ Color = product --------------------
arrivCnt=276712 deptCnt=276712
arrivThrPut=0.027698927415308525 deptThrPut=0.027698927415308525
meanTkPop=0.012035083822717278 tkColOcp=0.011884121357454383
-----
meanST=0.43449638472519986 stDevST=0.4673223917769482

Steady State Statistics: numBatchesST=691 batchSizeST=400 stDevStdStateMeanST=0.024394570092894995
95% c.i. = 0.4344662098178246 +/- 0.0018188724139516317



REPORT for Depository of Queueing Place : W/product----------------------------------------

tkOcp=0.0

------------------ Color = product --------------------
arrivCnt=276712 deptCnt=276712
arrivThrPut=0.027698927415308525 deptThrPut=0.027698927415308525
meanTkPop=0.0 tkColOcp=0.0
-----
meanST=0.0 stDevST=0.0

Steady State Statistics: numBatchesST=1383 batchSizeST=200 stDevStdStateMeanST=0.0
95% c.i. = 0.0 +/- 0.0



REPORT for Queue : WebUI----------------------------------------

totArrivThrPut=0.16645362481964673 totDeptThrPut=0.16645362481964673
meanTotTkPop=0.07293297106422106 queueUtil=0.06595409331971357
meanST=0.43815790219795014



REPORT for Queue of Queueing Place : P/category_category----------------------------------------

queueUtilQPl=0.004051378686188557

------------------ Color = category --------------------
arrivCnt=277353 deptCnt=277353
arrivThrPut=0.02776309164553061 deptThrPut=0.02776309164553061
meanTkPop=0.00408491382287483 tkColOcp=0.004051378686188557
-----
meanST=0.147134687844912 stDevST=0.2633317314871155

Steady State Statistics: numBatchesST=173 batchSizeST=1600 stDevStdStateMeanST=0.006845798903281071
95% c.i. = 0.1471296371580977 +/- 0.0010273539980641044



REPORT for Depository of Queueing Place : P/category_category----------------------------------------

tkOcp=0.0

------------------ Color = category --------------------
arrivCnt=277353 deptCnt=277353
arrivThrPut=0.02776309164553061 deptThrPut=0.02776309164553061
meanTkPop=0.0 tkColOcp=0.0
-----
meanST=0.0 stDevST=0.0

Steady State Statistics: numBatchesST=1386 batchSizeST=200 stDevStdStateMeanST=0.0
95% c.i. = 0.0 +/- 0.0



REPORT for Queue : Persistence----------------------------------------

totArrivThrPut=0.16645362481964673 totDeptThrPut=0.16645362481964673
meanTotTkPop=0.08033144926173937 queueUtil=0.07282364131045488
meanST=0.48260558668385173



REPORT for Queue of Queueing Place : P/getProduct_product----------------------------------------

queueUtilQPl=0.00947186193526875

------------------ Color = product --------------------
arrivCnt=276712 deptCnt=276712
arrivThrPut=0.027698927415308525 deptThrPut=0.027698927415308525
meanTkPop=0.009572272132576618 tkColOcp=0.00947186193526875
-----
meanST=0.34558277254036396 stDevST=0.3933154255729897

Steady State Statistics: numBatchesST=691 batchSizeST=400 stDevStdStateMeanST=0.02002398762152932
95% c.i. = 0.3455460733271266 +/- 0.0014929994077951141



REPORT for Depository of Queueing Place : P/getProduct_product----------------------------------------

tkOcp=0.0

------------------ Color = product --------------------
arrivCnt=276712 deptCnt=276712
arrivThrPut=0.027698927415308525 deptThrPut=0.027698927415308525
meanTkPop=0.0 tkColOcp=0.0
-----
meanST=0.0 stDevST=0.0

Steady State Statistics: numBatchesST=1383 batchSizeST=200 stDevStdStateMeanST=0.0
95% c.i. = 0.0 +/- 0.0



REPORT for Queue : Persistence----------------------------------------

totArrivThrPut=0.16645362481964673 totDeptThrPut=0.16645362481964673
meanTotTkPop=0.08033144926173937 queueUtil=0.07282364131045488
meanST=0.48260558668385173



REPORT for Queue of Queueing Place : R/getAds_product----------------------------------------

queueUtilQPl=0.017947307631960216

------------------ Color = product --------------------
arrivCnt=276712 deptCnt=276712
arrivThrPut=0.027698927415308525 deptThrPut=0.027698927415308525
meanTkPop=0.018287287782156762 tkColOcp=0.017947307631960216
-----
meanST=0.6602164592138619 stDevST=0.6619715257371522

Steady State Statistics: numBatchesST=691 batchSizeST=400 stDevStdStateMeanST=0.034525427204601125
95% c.i. = 0.660183457173014 +/- 0.0025742346302152766



REPORT for Depository of Queueing Place : R/getAds_product----------------------------------------

tkOcp=0.0

------------------ Color = product --------------------
arrivCnt=276712 deptCnt=276712
arrivThrPut=0.027698927415308525 deptThrPut=0.027698927415308525
meanTkPop=0.0 tkColOcp=0.0
-----
meanST=0.0 stDevST=0.0

Steady State Statistics: numBatchesST=1383 batchSizeST=200 stDevStdStateMeanST=0.0
95% c.i. = 0.0 +/- 0.0



REPORT for Queue : Recommender----------------------------------------

totArrivThrPut=0.027698927415308525 totDeptThrPut=0.027698927415308525
meanTotTkPop=0.018287287782156762 queueUtil=0.017947307631960216
meanST=0.6602164592138619



REPORT for Queue of Queueing Place : I/productImages_category----------------------------------------

queueUtilQPl=0.015528235232736273

------------------ Color = category --------------------
arrivCnt=277353 deptCnt=277353
arrivThrPut=0.02776309164553061 deptThrPut=0.02776309164553061
meanTkPop=0.015785189814303366 tkColOcp=0.015528235232736273
-----
meanST=0.5685674353506129 stDevST=0.5622618093987325

Steady State Statistics: numBatchesST=693 batchSizeST=400 stDevStdStateMeanST=0.027952447657523062
95% c.i. = 0.5685464112675189 +/- 0.002081140096218984



REPORT for Depository of Queueing Place : I/productImages_category----------------------------------------

tkOcp=0.0

------------------ Color = category --------------------
arrivCnt=277353 deptCnt=277353
arrivThrPut=0.02776309164553061 deptThrPut=0.02776309164553061
meanTkPop=0.0 tkColOcp=0.0
-----
meanST=0.0 stDevST=0.0

Steady State Statistics: numBatchesST=1386 batchSizeST=200 stDevStdStateMeanST=0.0
95% c.i. = 0.0 +/- 0.0



REPORT for Queue : ImageProvider----------------------------------------

totArrivThrPut=0.16645362481964673 totDeptThrPut=0.16645362481964673
meanTotTkPop=0.058423698249126674 queueUtil=0.0542569643580663
meanST=0.35099084392081586



REPORT for Queue of Queueing Place : I/product_product----------------------------------------

queueUtilQPl=0.011798317214584905

------------------ Color = product --------------------
arrivCnt=276712 deptCnt=276712
arrivThrPut=0.027698927415308525 deptThrPut=0.027698927415308525
meanTkPop=0.011941973662469305 tkColOcp=0.011798317214584905
-----
meanST=0.4311348769363995 stDevST=0.4366771748586841

Steady State Statistics: numBatchesST=691 batchSizeST=400 stDevStdStateMeanST=0.022716135017090938
95% c.i. = 0.4311494488708628 +/- 0.0016937273818250782



REPORT for Depository of Queueing Place : I/product_product----------------------------------------

tkOcp=0.0

------------------ Color = product --------------------
arrivCnt=276712 deptCnt=276712
arrivThrPut=0.027698927415308525 deptThrPut=0.027698927415308525
meanTkPop=0.0 tkColOcp=0.0
-----
meanST=0.0 stDevST=0.0

Steady State Statistics: numBatchesST=1383 batchSizeST=200 stDevStdStateMeanST=0.0
95% c.i. = 0.0 +/- 0.0



REPORT for Queue : ImageProvider----------------------------------------

totArrivThrPut=0.16645362481964673 totDeptThrPut=0.16645362481964673
meanTotTkPop=0.058423698249126674 queueUtil=0.0542569643580663
meanST=0.35099084392081586



REPORT for Queue of Queueing Place : Workload----------------------------------------

queueUtilQPl=1.0

------------------ Color = workload --------------------
arrivCnt=1662870 deptCnt=1662870
arrivThrPut=0.16645362481964673 deptThrPut=0.16645362481964673
meanTkPop=1.0 tkColOcp=1.0
-----
meanST=6.007679322595134 stDevST=6.003815804069035

Steady State Statistics: numBatchesST=4157 batchSizeST=400 stDevStdStateMeanST=0.2987582863434429
95% c.i. = 6.007667095141354 +/- 0.00908192766317865



REPORT for Depository of Queueing Place : Workload----------------------------------------

tkOcp=0.0

------------------ Color = workload --------------------
arrivCnt=1662870 deptCnt=1662870
arrivThrPut=0.16645362481964673 deptThrPut=0.16645362481964673
meanTkPop=0.0 tkColOcp=0.0
-----
meanST=0.0 stDevST=0.0

Steady State Statistics: numBatchesST=8314 batchSizeST=200 stDevStdStateMeanST=0.0
95% c.i. = 0.0 +/- 0.0



REPORT for Queue : Workload----------------------------------------

totArrivThrPut=0.16645362481964673 totDeptThrPut=0.16645362481964673
meanTotTkPop=1.0 queueUtil=1.0
meanST=6.007679322595134



REPORT for Queue of Queueing Place : I/icon_index----------------------------------------

queueUtilQPl=0.009503668800316388

------------------ Color = index --------------------
arrivCnt=278403 deptCnt=278403
arrivThrPut=0.02786819685884291 deptThrPut=0.02786819685884291
meanTkPop=0.009600695484230584 tkColOcp=0.009503668800316388
-----
meanST=0.3445036481140031 stDevST=0.3552379644435651

Steady State Statistics: numBatchesST=696 batchSizeST=400 stDevStdStateMeanST=0.018613228117770227
95% c.i. = 0.34450346521263464 +/- 0.0013828184683546325



REPORT for Depository of Queueing Place : I/icon_index----------------------------------------

tkOcp=0.0

------------------ Color = index --------------------
arrivCnt=278403 deptCnt=278403
arrivThrPut=0.02786819685884291 deptThrPut=0.02786819685884291
meanTkPop=0.0 tkColOcp=0.0
-----
meanST=0.0 stDevST=0.0

Steady State Statistics: numBatchesST=1392 batchSizeST=200 stDevStdStateMeanST=0.0
95% c.i. = 0.0 +/- 0.0



REPORT for Queue : ImageProvider----------------------------------------

totArrivThrPut=0.16645362481964673 totDeptThrPut=0.16645362481964673
meanTotTkPop=0.058423698249126674 queueUtil=0.0542569643580663
meanST=0.35099084392081586



REPORT for Queue of Queueing Place : P/categories_login----------------------------------------

queueUtilQPl=0.009208394040734872

------------------ Color = login --------------------
arrivCnt=276439 deptCnt=276439
arrivThrPut=0.02767160005984733 deptThrPut=0.02767160005984733
meanTkPop=0.009293111682577718 tkColOcp=0.009208394040734872
-----
meanST=0.3358357182988641 stDevST=0.37130567147332355

Steady State Statistics: numBatchesST=345 batchSizeST=800 stDevStdStateMeanST=0.014174718233988987
95% c.i. = 0.33585583594360674 +/- 0.0014957292208544245



REPORT for Depository of Queueing Place : P/categories_login----------------------------------------

tkOcp=0.0

------------------ Color = login --------------------
arrivCnt=276439 deptCnt=276439
arrivThrPut=0.02767160005984733 deptThrPut=0.02767160005984733
meanTkPop=0.0 tkColOcp=0.0
-----
meanST=0.0 stDevST=0.0

Steady State Statistics: numBatchesST=1382 batchSizeST=200 stDevStdStateMeanST=0.0
95% c.i. = 0.0 +/- 0.0



REPORT for Queue : Persistence----------------------------------------

totArrivThrPut=0.16645362481964673 totDeptThrPut=0.16645362481964673
meanTotTkPop=0.08033144926173937 queueUtil=0.07282364131045488
meanST=0.48260558668385173



REPORT for Queue of Queueing Place : I/icon_login----------------------------------------

queueUtilQPl=0.014281962791142846

------------------ Color = login --------------------
arrivCnt=276439 deptCnt=276439
arrivThrPut=0.02767160005984733 deptThrPut=0.02767160005984733
meanTkPop=0.014480880708176434 tkColOcp=0.014281962791142846
-----
meanST=0.523312012202316 stDevST=0.5210186814148404

Steady State Statistics: numBatchesST=691 batchSizeST=400 stDevStdStateMeanST=0.02648544523465135
95% c.i. = 0.5233158287087182 +/- 0.001974769201715294



REPORT for Depository of Queueing Place : I/icon_login----------------------------------------

tkOcp=0.0

------------------ Color = login --------------------
arrivCnt=276439 deptCnt=276439
arrivThrPut=0.02767160005984733 deptThrPut=0.02767160005984733
meanTkPop=0.0 tkColOcp=0.0
-----
meanST=0.0 stDevST=0.0

Steady State Statistics: numBatchesST=1382 batchSizeST=200 stDevStdStateMeanST=0.0
95% c.i. = 0.0 +/- 0.0



REPORT for Queue : ImageProvider----------------------------------------

totArrivThrPut=0.16645362481964673 totDeptThrPut=0.16645362481964673
meanTotTkPop=0.058423698249126674 queueUtil=0.0542569643580663
meanST=0.35099084392081586



REPORT for Queue of Queueing Place : A/isLoggedIn_login----------------------------------------

queueUtilQPl=0.003521612649002306

------------------ Color = login --------------------
arrivCnt=276439 deptCnt=276439
arrivThrPut=0.02767160005984733 deptThrPut=0.02767160005984733
meanTkPop=0.0035443525543327357 tkColOcp=0.003521612649002306
-----
meanST=0.12808628870998112 stDevST=0.20602995921784603

Steady State Statistics: numBatchesST=691 batchSizeST=400 stDevStdStateMeanST=0.010825708433719588
95% c.i. = 0.128090307386917 +/- 8.071707087517414E-4



REPORT for Depository of Queueing Place : A/isLoggedIn_login----------------------------------------

tkOcp=0.0

------------------ Color = login --------------------
arrivCnt=276439 deptCnt=276439
arrivThrPut=0.02767160005984733 deptThrPut=0.02767160005984733
meanTkPop=0.0 tkColOcp=0.0
-----
meanST=0.0 stDevST=0.0

Steady State Statistics: numBatchesST=1382 batchSizeST=200 stDevStdStateMeanST=0.0
95% c.i. = 0.0 +/- 0.0



REPORT for Queue : Auth----------------------------------------

totArrivThrPut=0.16645362481964673 totDeptThrPut=0.16645362481964673
meanTotTkPop=0.06938182093366388 queueUtil=0.06409601240510371
meanST=0.4168237309871708



REPORT for Queue of Queueing Place : A/isLoggedIn_category----------------------------------------

queueUtilQPl=0.012048256510600902

------------------ Color = category --------------------
arrivCnt=277353 deptCnt=277353
arrivThrPut=0.02776309164553061 deptThrPut=0.02776309164553061
meanTkPop=0.012201569223438409 tkColOcp=0.012048256510600902
-----
meanST=0.43948885013325445 stDevST=0.44453632440148

Steady State Statistics: numBatchesST=693 batchSizeST=400 stDevStdStateMeanST=0.022707513814632593
95% c.i. = 0.43951577074674936 +/- 0.0016906396915248169



REPORT for Depository of Queueing Place : A/isLoggedIn_category----------------------------------------

tkOcp=0.0

------------------ Color = category --------------------
arrivCnt=277353 deptCnt=277353
arrivThrPut=0.02776309164553061 deptThrPut=0.02776309164553061
meanTkPop=0.0 tkColOcp=0.0
-----
meanST=0.0 stDevST=0.0

Steady State Statistics: numBatchesST=1386 batchSizeST=200 stDevStdStateMeanST=0.0
95% c.i. = 0.0 +/- 0.0



REPORT for Queue : Auth----------------------------------------

totArrivThrPut=0.16645362481964673 totDeptThrPut=0.16645362481964673
meanTotTkPop=0.06938182093366388 queueUtil=0.06409601240510371
meanST=0.4168237309871708



REPORT for Queue of Queueing Place : I/icon_logout----------------------------------------

queueUtilQPl=0.003191349561400109

------------------ Color = logout --------------------
arrivCnt=276765 deptCnt=276765
arrivThrPut=0.02770423272607572 deptThrPut=0.02770423272607572
meanTkPop=0.003206877259356199 tkColOcp=0.003191349561400109
-----
meanST=0.115754054301523 stDevST=0.16721198803227444

Steady State Statistics: numBatchesST=345 batchSizeST=800 stDevStdStateMeanST=0.00650598550584572
95% c.i. = 0.11576810270019719 +/- 6.865175357217869E-4



REPORT for Depository of Queueing Place : I/icon_logout----------------------------------------

tkOcp=0.0

------------------ Color = logout --------------------
arrivCnt=276765 deptCnt=276765
arrivThrPut=0.02770423272607572 deptThrPut=0.02770423272607572
meanTkPop=0.0 tkColOcp=0.0
-----
meanST=0.0 stDevST=0.0

Steady State Statistics: numBatchesST=1383 batchSizeST=200 stDevStdStateMeanST=0.0
95% c.i. = 0.0 +/- 0.0



REPORT for Queue : ImageProvider----------------------------------------

totArrivThrPut=0.16645362481964673 totDeptThrPut=0.16645362481964673
meanTotTkPop=0.058423698249126674 queueUtil=0.0542569643580663
meanST=0.35099084392081586



REPORT for Queue of Queueing Place : I/icon_loginAction----------------------------------------

queueUtilQPl=0.00338611034328096

------------------ Color = loginAction --------------------
arrivCnt=277198 deptCnt=277198
arrivThrPut=0.02774757611404165 deptThrPut=0.02774757611404165
meanTkPop=0.0034080813205907817 tkColOcp=0.00338611034328096
-----
meanST=0.12282446966119406 stDevST=0.18317390286358468

Steady State Statistics: numBatchesST=692 batchSizeST=400 stDevStdStateMeanST=0.009511813544430451
95% c.i. = 0.12284817874010216 +/- 7.086933738638056E-4



REPORT for Depository of Queueing Place : I/icon_loginAction----------------------------------------

tkOcp=0.0

------------------ Color = loginAction --------------------
arrivCnt=277198 deptCnt=277198
arrivThrPut=0.02774757611404165 deptThrPut=0.02774757611404165
meanTkPop=0.0 tkColOcp=0.0
-----
meanST=0.0 stDevST=0.0

Steady State Statistics: numBatchesST=1385 batchSizeST=200 stDevStdStateMeanST=0.0
95% c.i. = 0.0 +/- 0.0



REPORT for Queue : ImageProvider----------------------------------------

totArrivThrPut=0.16645362481964673 totDeptThrPut=0.16645362481964673
meanTotTkPop=0.058423698249126674 queueUtil=0.0542569643580663
meanST=0.35099084392081586



REPORT for Queue of Queueing Place : A/isLoggedIn_product----------------------------------------

queueUtilQPl=0.01178371148323236

------------------ Color = product --------------------
arrivCnt=276712 deptCnt=276712
arrivThrPut=0.027698927415308525 deptThrPut=0.027698927415308525
meanTkPop=0.011933467259221115 tkColOcp=0.01178371148323236
-----
meanST=0.43082777467497807 stDevST=0.4364333207546756

Steady State Statistics: numBatchesST=691 batchSizeST=400 stDevStdStateMeanST=0.022750125513982835
95% c.i. = 0.4308479982520659 +/- 0.0016962617317602378



REPORT for Depository of Queueing Place : A/isLoggedIn_product----------------------------------------

tkOcp=0.0

------------------ Color = product --------------------
arrivCnt=276712 deptCnt=276712
arrivThrPut=0.027698927415308525 deptThrPut=0.027698927415308525
meanTkPop=0.0 tkColOcp=0.0
-----
meanST=0.0 stDevST=0.0

Steady State Statistics: numBatchesST=1383 batchSizeST=200 stDevStdStateMeanST=0.0
95% c.i. = 0.0 +/- 0.0



REPORT for Queue : Auth----------------------------------------

totArrivThrPut=0.16645362481964673 totDeptThrPut=0.16645362481964673
meanTotTkPop=0.06938182093366388 queueUtil=0.06409601240510371
meanST=0.4168237309871708



REPORT for Queue of Queueing Place : P/category_logout----------------------------------------

queueUtilQPl=0.018893560490947453

------------------ Color = logout --------------------
arrivCnt=276765 deptCnt=276765
arrivThrPut=0.02770423272607572 deptThrPut=0.02770423272607572
meanTkPop=0.019271887490603583 tkColOcp=0.018893560490947453
-----
meanST=0.6956297141001324 stDevST=0.7039247179944221

Steady State Statistics: numBatchesST=691 batchSizeST=400 stDevStdStateMeanST=0.03726327571016773
95% c.i. = 0.6956763188354688 +/- 0.0027783701038633316



REPORT for Depository of Queueing Place : P/category_logout----------------------------------------

tkOcp=0.0

------------------ Color = logout --------------------
arrivCnt=276765 deptCnt=276765
arrivThrPut=0.02770423272607572 deptThrPut=0.02770423272607572
meanTkPop=0.0 tkColOcp=0.0
-----
meanST=0.0 stDevST=0.0

Steady State Statistics: numBatchesST=1383 batchSizeST=200 stDevStdStateMeanST=0.0
95% c.i. = 0.0 +/- 0.0



REPORT for Queue : Persistence----------------------------------------

totArrivThrPut=0.16645362481964673 totDeptThrPut=0.16645362481964673
meanTotTkPop=0.08033144926173937 queueUtil=0.07282364131045488
meanST=0.48260558668385173



REPORT for Ordinary Place : Finish_index----------------------------------------

tkOcp=1.0

------------------ Color = index --------------------
arrivCnt=278403 deptCnt=0
arrivThrPut=0.02786819685884291 deptThrPut=0.0
meanTkPop=139416.76154233835 tkColOcp=1.0
-----
meanST=NaN stDevST=NaN

Steady State Statistics: Only 0 batches collected!
Need at least 60 for steady state statistics.



REPORT for Ordinary Place : Finish_login----------------------------------------

tkOcp=1.0

------------------ Color = login --------------------
arrivCnt=276439 deptCnt=0
arrivThrPut=0.02767160005984733 deptThrPut=0.0
meanTkPop=138078.16279717188 tkColOcp=1.0
-----
meanST=NaN stDevST=NaN

Steady State Statistics: Only 0 batches collected!
Need at least 60 for steady state statistics.



REPORT for Ordinary Place : Finish_loginAction----------------------------------------

tkOcp=1.0

------------------ Color = loginAction --------------------
arrivCnt=277198 deptCnt=0
arrivThrPut=0.02774757611404165 deptThrPut=0.0
meanTkPop=139041.99568035125 tkColOcp=1.0
-----
meanST=NaN stDevST=NaN

Steady State Statistics: Only 0 batches collected!
Need at least 60 for steady state statistics.



REPORT for Ordinary Place : Finish_category----------------------------------------

tkOcp=1.0

------------------ Color = category --------------------
arrivCnt=277353 deptCnt=0
arrivThrPut=0.02776309164553061 deptThrPut=0.0
meanTkPop=138873.30549900146 tkColOcp=1.0
-----
meanST=NaN stDevST=NaN

Steady State Statistics: Only 0 batches collected!
Need at least 60 for steady state statistics.



REPORT for Ordinary Place : Finish_product----------------------------------------

tkOcp=1.0

------------------ Color = product --------------------
arrivCnt=276712 deptCnt=0
arrivThrPut=0.027698927415308525 deptThrPut=0.0
meanTkPop=138503.82509727104 tkColOcp=1.0
-----
meanST=NaN stDevST=NaN

Steady State Statistics: Only 0 batches collected!
Need at least 60 for steady state statistics.



REPORT for Ordinary Place : Finish_logout----------------------------------------

tkOcp=1.0

------------------ Color = logout --------------------
arrivCnt=276765 deptCnt=0
arrivThrPut=0.02770423272607572 deptThrPut=0.0
meanTkPop=138723.5930319439 tkColOcp=1.0
-----
meanST=NaN stDevST=NaN

Steady State Statistics: Only 0 batches collected!
Need at least 60 for steady state statistics.



REPORT REPORT for Probe : /index----------------------------------------


------------------ Color = index --------------------
-----
meanST=2.010129474398863 stDevST=1.1915486006930778

Steady State Statistics: numBatchesST=696 batchSizeST=400 stDevStdStateMeanST=0.06116501409538211
95% c.i. = 2.0101342365396526 +/- 0.004544086096893443



REPORT REPORT for Probe : /login----------------------------------------


------------------ Color = login --------------------
-----
meanST=1.9833390953755081 stDevST=1.1857714055296273

Steady State Statistics: numBatchesST=691 batchSizeST=400 stDevStdStateMeanST=0.06141607323038842
95% c.i. = 1.9833700665516731 +/- 0.004579215823300044



REPORT REPORT for Probe : /loginAction----------------------------------------


------------------ Color = loginAction --------------------
-----
meanST=1.1291113461878768 stDevST=0.7065733784357143

Steady State Statistics: numBatchesST=692 batchSizeST=400 stDevStdStateMeanST=0.03647036298298166
95% c.i. = 1.1291789660199272 +/- 0.0027172846132566346



REPORT REPORT for Probe : /logout----------------------------------------


------------------ Color = logout --------------------
-----
meanST=1.6580556189360078 stDevST=1.0071040843277144

Steady State Statistics: numBatchesST=691 batchSizeST=400 stDevStdStateMeanST=0.052170227161227024
95% c.i. = 1.6580131779039722 +/- 0.0038898405117122085



REPORT REPORT for Probe : /category----------------------------------------


------------------ Color = category --------------------
-----
meanST=1.7080601592670042 stDevST=0.9599778998434116

Steady State Statistics: numBatchesST=693 batchSizeST=400 stDevStdStateMeanST=0.050340134202941075
95% c.i. = 1.7080693810103922 +/- 0.0037479677279921198



REPORT REPORT for Probe : /product----------------------------------------


------------------ Color = product --------------------
-----
meanST=2.302258268090803 stDevST=1.0993414812432634

Steady State Statistics: numBatchesST=345 batchSizeST=800 stDevStdStateMeanST=0.04073731373191294
95% c.i. = 2.302180494773657 +/- 0.004298638570594654



