INFO Logging to /home/yjx/workloadConfig/qpme/output/SimQPN_Output_config_2025-08-14_061629999.log
WARN Batch means correlation test was run for depository of place Workload, color 0
    However, the standard deviation of the token residence time is 0 and therefore the result of the test is ignored!
    In future runs, you should set numBMeansCorlTested to 0 to switch off the correlation test!
WARN Batch means correlation test was run for depository of place W/login, color 0
    However, the standard deviation of the token residence time is 0 and therefore the result of the test is ignored!
    In future runs, you should set numBMeansCorlTested to 0 to switch off the correlation test!
WARN Batch means correlation test was run for depository of place P/categories_login, color 0
    However, the standard deviation of the token residence time is 0 and therefore the result of the test is ignored!
    In future runs, you should set numBMeansCorlTested to 0 to switch off the correlation test!
WARN Batch means correlation test was run for depository of place I/icon_login, color 0
    However, the standard deviation of the token residence time is 0 and therefore the result of the test is ignored!
    In future runs, you should set numBMeansCorlTested to 0 to switch off the correlation test!
WARN Batch means correlation test was run for depository of place A/isLoggedIn_login, color 0
    However, the standard deviation of the token residence time is 0 and therefore the result of the test is ignored!
    In future runs, you should set numBMeansCorlTested to 0 to switch off the correlation test!
WARN Batch means correlation test was run for depository of place W/category, color 0
    However, the standard deviation of the token residence time is 0 and therefore the result of the test is ignored!
    In future runs, you should set numBMeansCorlTested to 0 to switch off the correlation test!
WARN Batch means correlation test was run for depository of place P/category_category, color 0
    However, the standard deviation of the token residence time is 0 and therefore the result of the test is ignored!
    In future runs, you should set numBMeansCorlTested to 0 to switch off the correlation test!
WARN Batch means correlation test was run for depository of place I/productImages_category, color 0
    However, the standard deviation of the token residence time is 0 and therefore the result of the test is ignored!
    In future runs, you should set numBMeansCorlTested to 0 to switch off the correlation test!
WARN Batch means correlation test was run for depository of place A/isLoggedIn_category, color 0
    However, the standard deviation of the token residence time is 0 and therefore the result of the test is ignored!
    In future runs, you should set numBMeansCorlTested to 0 to switch off the correlation test!
WARN Batch means correlation test was run for depository of place W/product, color 0
    However, the standard deviation of the token residence time is 0 and therefore the result of the test is ignored!
    In future runs, you should set numBMeansCorlTested to 0 to switch off the correlation test!
WARN Batch means correlation test was run for depository of place P/getProduct_product, color 0
    However, the standard deviation of the token residence time is 0 and therefore the result of the test is ignored!
    In future runs, you should set numBMeansCorlTested to 0 to switch off the correlation test!
WARN Batch means correlation test was run for depository of place R/getAds_product, color 0
    However, the standard deviation of the token residence time is 0 and therefore the result of the test is ignored!
    In future runs, you should set numBMeansCorlTested to 0 to switch off the correlation test!
WARN Batch means correlation test was run for depository of place I/product_product, color 0
    However, the standard deviation of the token residence time is 0 and therefore the result of the test is ignored!
    In future runs, you should set numBMeansCorlTested to 0 to switch off the correlation test!
WARN Batch means correlation test was run for depository of place A/isLoggedIn_product, color 0
    However, the standard deviation of the token residence time is 0 and therefore the result of the test is ignored!
    In future runs, you should set numBMeansCorlTested to 0 to switch off the correlation test!
WARN Batch means correlation test was run for depository of place W/loginAction, color 0
    However, the standard deviation of the token residence time is 0 and therefore the result of the test is ignored!
    In future runs, you should set numBMeansCorlTested to 0 to switch off the correlation test!
WARN Batch means correlation test was run for depository of place A/login_loginAction, color 0
    However, the standard deviation of the token residence time is 0 and therefore the result of the test is ignored!
    In future runs, you should set numBMeansCorlTested to 0 to switch off the correlation test!
WARN Batch means correlation test was run for depository of place P/getUser_loginAction, color 0
    However, the standard deviation of the token residence time is 0 and therefore the result of the test is ignored!
    In future runs, you should set numBMeansCorlTested to 0 to switch off the correlation test!
WARN Batch means correlation test was run for depository of place I/icon_loginAction, color 0
    However, the standard deviation of the token residence time is 0 and therefore the result of the test is ignored!
    In future runs, you should set numBMeansCorlTested to 0 to switch off the correlation test!
WARN Batch means correlation test was run for depository of place W/index, color 0
    However, the standard deviation of the token residence time is 0 and therefore the result of the test is ignored!
    In future runs, you should set numBMeansCorlTested to 0 to switch off the correlation test!
WARN Batch means correlation test was run for depository of place P/categories_index, color 0
    However, the standard deviation of the token residence time is 0 and therefore the result of the test is ignored!
    In future runs, you should set numBMeansCorlTested to 0 to switch off the correlation test!
WARN Batch means correlation test was run for depository of place A/isLoggedIn_index, color 0
    However, the standard deviation of the token residence time is 0 and therefore the result of the test is ignored!
    In future runs, you should set numBMeansCorlTested to 0 to switch off the correlation test!
WARN Batch means correlation test was run for depository of place I/icon_index, color 0
    However, the standard deviation of the token residence time is 0 and therefore the result of the test is ignored!
    In future runs, you should set numBMeansCorlTested to 0 to switch off the correlation test!
WARN Batch means correlation test was run for depository of place W/logout, color 0
    However, the standard deviation of the token residence time is 0 and therefore the result of the test is ignored!
    In future runs, you should set numBMeansCorlTested to 0 to switch off the correlation test!
WARN Batch means correlation test was run for depository of place A/logout_logout, color 0
    However, the standard deviation of the token residence time is 0 and therefore the result of the test is ignored!
    In future runs, you should set numBMeansCorlTested to 0 to switch off the correlation test!
WARN Batch means correlation test was run for depository of place P/category_logout, color 0
    However, the standard deviation of the token residence time is 0 and therefore the result of the test is ignored!
    In future runs, you should set numBMeansCorlTested to 0 to switch off the correlation test!
WARN Batch means correlation test was run for depository of place I/icon_logout, color 0
    However, the standard deviation of the token residence time is 0 and therefore the result of the test is ignored!
    In future runs, you should set numBMeansCorlTested to 0 to switch off the correlation test!
WARN LP-1 The simulation was stopped because of reaching max totalRunLen.
The required precision may not have been reached!
REPORT for Queue of Queueing Place : W/index----------------------------------------

queueUtilQPl=0.023847700968655103

------------------ Color = index --------------------
arrivCnt=278167 deptCnt=278167
arrivThrPut=0.02784457089762443 deptThrPut=0.02784457089762443
meanTkPop=0.0244164151009066 tkColOcp=0.023847700968655103
-----
meanST=0.876882433946565 stDevST=0.8741062263381761

Steady State Statistics: numBatchesST=695 batchSizeST=400 stDevStdStateMeanST=0.045030003390844155
95% c.i. = 0.8768701694092739 +/- 0.0033477858421352698



REPORT for Depository of Queueing Place : W/index----------------------------------------

tkOcp=0.0

------------------ Color = index --------------------
arrivCnt=278167 deptCnt=278167
arrivThrPut=0.02784457089762443 deptThrPut=0.02784457089762443
meanTkPop=0.0 tkColOcp=0.0
-----
meanST=0.0 stDevST=0.0

Steady State Statistics: numBatchesST=1390 batchSizeST=200 stDevStdStateMeanST=0.0
95% c.i. = 0.0 +/- 0.0



REPORT for Queue : WebUI----------------------------------------

totArrivThrPut=0.16675311077395388 totDeptThrPut=0.16675301067375903
meanTotTkPop=0.08929277537935099 queueUtil=0.07938272887017718
meanST=0.5354791320955464



REPORT for Queue of Queueing Place : P/categories_index----------------------------------------

queueUtilQPl=0.01210518242372521

------------------ Color = index --------------------
arrivCnt=278167 deptCnt=278167
arrivThrPut=0.02784457089762443 deptThrPut=0.02784457089762443
meanTkPop=0.012251944369740444 tkColOcp=0.01210518242372521
-----
meanST=0.4400119655205648 stDevST=0.44512202701115017

Steady State Statistics: numBatchesST=695 batchSizeST=400 stDevStdStateMeanST=0.022049082599408937
95% c.i. = 0.44002229079347893 +/- 0.0016392538529850773



REPORT for Depository of Queueing Place : P/categories_index----------------------------------------

tkOcp=0.0

------------------ Color = index --------------------
arrivCnt=278167 deptCnt=278167
arrivThrPut=0.02784457089762443 deptThrPut=0.02784457089762443
meanTkPop=0.0 tkColOcp=0.0
-----
meanST=0.0 stDevST=0.0

Steady State Statistics: numBatchesST=1390 batchSizeST=200 stDevStdStateMeanST=0.0
95% c.i. = 0.0 +/- 0.0



REPORT for Queue : Persistence----------------------------------------

totArrivThrPut=0.1667529105735642 totDeptThrPut=0.1667529105735642
meanTotTkPop=0.057587243976448654 queueUtil=0.052571887833485036
meanST=0.34534476057042285



REPORT for Queue of Queueing Place : A/isLoggedIn_index----------------------------------------

queueUtilQPl=0.0031222486634129706

------------------ Color = index --------------------
arrivCnt=278167 deptCnt=278167
arrivThrPut=0.02784457089762443 deptThrPut=0.02784457089762443
meanTkPop=0.0031335360378815093 tkColOcp=0.0031222486634129706
-----
meanST=0.1125366969885267 stDevST=0.1370316667517373

Steady State Statistics: numBatchesST=695 batchSizeST=400 stDevStdStateMeanST=0.007108840055526357
95% c.i. = 0.11252715471719485 +/- 5.285114878924085E-4



REPORT for Depository of Queueing Place : A/isLoggedIn_index----------------------------------------

tkOcp=0.0

------------------ Color = index --------------------
arrivCnt=278167 deptCnt=278167
arrivThrPut=0.02784457089762443 deptThrPut=0.02784457089762443
meanTkPop=0.0 tkColOcp=0.0
-----
meanST=0.0 stDevST=0.0

Steady State Statistics: numBatchesST=1390 batchSizeST=200 stDevStdStateMeanST=0.0
95% c.i. = 0.0 +/- 0.0



REPORT for Queue : Auth----------------------------------------

totArrivThrPut=0.1667529105735642 totDeptThrPut=0.1667529105735642
meanTotTkPop=0.04440129152343722 queueUtil=0.042111913138745474
meanST=0.2662699641686271



REPORT for Queue of Queueing Place : W/login----------------------------------------

queueUtilQPl=0.005235956210475859

------------------ Color = login --------------------
arrivCnt=278534 deptCnt=278534
arrivThrPut=0.027881307669130138 deptThrPut=0.027881307669130138
meanTkPop=0.005296682275869478 tkColOcp=0.005235956210475859
-----
meanST=0.18997251989489372 stDevST=0.33887637674437704

Steady State Statistics: numBatchesST=696 batchSizeST=400 stDevStdStateMeanST=0.017323678736219532
95% c.i. = 0.1899688431718796 +/- 0.0012870149522003793



REPORT for Depository of Queueing Place : W/login----------------------------------------

tkOcp=0.0

------------------ Color = login --------------------
arrivCnt=278534 deptCnt=278534
arrivThrPut=0.027881307669130138 deptThrPut=0.027881307669130138
meanTkPop=0.0 tkColOcp=0.0
-----
meanST=0.0 stDevST=0.0

Steady State Statistics: numBatchesST=1392 batchSizeST=200 stDevStdStateMeanST=0.0
95% c.i. = 0.0 +/- 0.0



REPORT for Queue : WebUI----------------------------------------

totArrivThrPut=0.16675311077395388 totDeptThrPut=0.16675301067375903
meanTotTkPop=0.08929277537935099 queueUtil=0.07938272887017718
meanST=0.5354791320955464



REPORT for Queue of Queueing Place : W/loginAction----------------------------------------

queueUtilQPl=0.010364515608661992

------------------ Color = loginAction --------------------
arrivCnt=277487 deptCnt=277486
arrivThrPut=0.02777650276513429 deptThrPut=0.027776402664939453
meanTkPop=0.010496899849414222 tkColOcp=0.010364515608661992
-----
meanST=0.3779064563035265 stDevST=0.4434852974338318

Steady State Statistics: numBatchesST=693 batchSizeST=400 stDevStdStateMeanST=0.021961534056154634
95% c.i. = 0.3778878891353459 +/- 0.0016350993536854437



REPORT for Depository of Queueing Place : W/loginAction----------------------------------------

tkOcp=0.0

------------------ Color = loginAction --------------------
arrivCnt=277486 deptCnt=277486
arrivThrPut=0.027776402664939453 deptThrPut=0.027776402664939453
meanTkPop=0.0 tkColOcp=0.0
-----
meanST=0.0 stDevST=0.0

Steady State Statistics: numBatchesST=1387 batchSizeST=200 stDevStdStateMeanST=0.0
95% c.i. = 0.0 +/- 0.0



REPORT for Queue : WebUI----------------------------------------

totArrivThrPut=0.16675311077395388 totDeptThrPut=0.16675301067375903
meanTotTkPop=0.08929277537935099 queueUtil=0.07938272887017718
meanST=0.5354791320955464



REPORT for Queue of Queueing Place : A/login_loginAction----------------------------------------

queueUtilQPl=0.0032832806168514544

------------------ Color = loginAction --------------------
arrivCnt=277486 deptCnt=277486
arrivThrPut=0.027776402664939453 deptThrPut=0.027776402664939453
meanTkPop=0.0032986308448885453 tkColOcp=0.0032832806168514544
-----
meanST=0.11875658934957103 stDevST=0.14897459975170765

Steady State Statistics: numBatchesST=693 batchSizeST=400 stDevStdStateMeanST=0.008003219348965796
95% c.i. = 0.11873123622406351 +/- 5.958626911688572E-4



REPORT for Depository of Queueing Place : A/login_loginAction----------------------------------------

tkOcp=0.0

------------------ Color = loginAction --------------------
arrivCnt=277486 deptCnt=277486
arrivThrPut=0.027776402664939453 deptThrPut=0.027776402664939453
meanTkPop=0.0 tkColOcp=0.0
-----
meanST=0.0 stDevST=0.0

Steady State Statistics: numBatchesST=1387 batchSizeST=200 stDevStdStateMeanST=0.0
95% c.i. = 0.0 +/- 0.0



REPORT for Queue : Auth----------------------------------------

totArrivThrPut=0.1667529105735642 totDeptThrPut=0.1667529105735642
meanTotTkPop=0.04440129152343722 queueUtil=0.042111913138745474
meanST=0.2662699641686271



REPORT for Queue of Queueing Place : W/logout----------------------------------------

queueUtilQPl=0.026425040675862023

------------------ Color = logout --------------------
arrivCnt=277231 deptCnt=277231
arrivThrPut=0.02775087711525565 deptThrPut=0.02775087711525565
meanTkPop=0.027133145196470684 tkColOcp=0.026425040675862023
-----
meanST=0.9777400938997572 stDevST=0.9701927986561952

Steady State Statistics: numBatchesST=693 batchSizeST=400 stDevStdStateMeanST=0.04853640450722673
95% c.i. = 0.9777624356118575 +/- 0.0036136748661116792



REPORT for Depository of Queueing Place : W/logout----------------------------------------

tkOcp=0.0

------------------ Color = logout --------------------
arrivCnt=277231 deptCnt=277231
arrivThrPut=0.02775087711525565 deptThrPut=0.02775087711525565
meanTkPop=0.0 tkColOcp=0.0
-----
meanST=0.0 stDevST=0.0

Steady State Statistics: numBatchesST=1386 batchSizeST=200 stDevStdStateMeanST=0.0
95% c.i. = 0.0 +/- 0.0



REPORT for Queue : WebUI----------------------------------------

totArrivThrPut=0.16675311077395388 totDeptThrPut=0.16675301067375903
meanTotTkPop=0.08929277537935099 queueUtil=0.07938272887017718
meanST=0.5354791320955464



REPORT for Queue of Queueing Place : A/logout_logout----------------------------------------

queueUtilQPl=0.0052524175191757064

------------------ Color = logout --------------------
arrivCnt=277231 deptCnt=277231
arrivThrPut=0.02775087711525565 deptThrPut=0.02775087711525565
meanTkPop=0.00527975937978442 tkColOcp=0.0052524175191757064
-----
meanST=0.19025558571919687 stDevST=0.19980986243747584

Steady State Statistics: numBatchesST=693 batchSizeST=400 stDevStdStateMeanST=0.010133282590422595
95% c.i. = 0.190260170646736 +/- 7.544520237951487E-4



REPORT for Depository of Queueing Place : A/logout_logout----------------------------------------

tkOcp=0.0

------------------ Color = logout --------------------
arrivCnt=277231 deptCnt=277231
arrivThrPut=0.02775087711525565 deptThrPut=0.02775087711525565
meanTkPop=0.0 tkColOcp=0.0
-----
meanST=0.0 stDevST=0.0

Steady State Statistics: numBatchesST=1386 batchSizeST=200 stDevStdStateMeanST=0.0
95% c.i. = 0.0 +/- 0.0



REPORT for Queue : Auth----------------------------------------

totArrivThrPut=0.1667529105735642 totDeptThrPut=0.1667529105735642
meanTotTkPop=0.04440129152343722 queueUtil=0.042111913138745474
meanST=0.2662699641686271



REPORT for Queue of Queueing Place : P/getUser_loginAction----------------------------------------

queueUtilQPl=0.003621026240825632

------------------ Color = loginAction --------------------
arrivCnt=277486 deptCnt=277486
arrivThrPut=0.027776402664939453 deptThrPut=0.027776402664939453
meanTkPop=0.0036440555538942323 tkColOcp=0.003621026240825632
-----
meanST=0.1311924945015977 stDevST=0.20817777963548037

Steady State Statistics: numBatchesST=693 batchSizeST=400 stDevStdStateMeanST=0.011089358748417641
95% c.i. = 0.1311993213929827 +/- 8.256346426420164E-4



REPORT for Depository of Queueing Place : P/getUser_loginAction----------------------------------------

tkOcp=0.0

------------------ Color = loginAction --------------------
arrivCnt=277486 deptCnt=277486
arrivThrPut=0.027776402664939453 deptThrPut=0.027776402664939453
meanTkPop=0.0 tkColOcp=0.0
-----
meanST=0.0 stDevST=0.0

Steady State Statistics: numBatchesST=1387 batchSizeST=200 stDevStdStateMeanST=0.0
95% c.i. = 0.0 +/- 0.0



REPORT for Queue : Persistence----------------------------------------

totArrivThrPut=0.1667529105735642 totDeptThrPut=0.1667529105735642
meanTotTkPop=0.057587243976448654 queueUtil=0.052571887833485036
meanST=0.34534476057042285



REPORT for Queue of Queueing Place : W/category----------------------------------------

queueUtilQPl=0.017181134833825

------------------ Color = category --------------------
arrivCnt=277566 deptCnt=277566
arrivThrPut=0.027784410680526526 deptThrPut=0.027784410680526526
meanTkPop=0.017497288633214068 tkColOcp=0.017181134833825
-----
meanST=0.6297520157761534 stDevST=0.6479004399045447

Steady State Statistics: numBatchesST=693 batchSizeST=400 stDevStdStateMeanST=0.033960336177490946
95% c.i. = 0.6296096280962216 +/- 0.0025284446702480774



REPORT for Depository of Queueing Place : W/category----------------------------------------

tkOcp=0.0

------------------ Color = category --------------------
arrivCnt=277566 deptCnt=277565
arrivThrPut=0.027784410680526526 deptThrPut=0.02778431058033169
meanTkPop=0.0 tkColOcp=0.0
-----
meanST=0.0 stDevST=0.0

Steady State Statistics: numBatchesST=1387 batchSizeST=200 stDevStdStateMeanST=0.0
95% c.i. = 0.0 +/- 0.0



REPORT for Queue : WebUI----------------------------------------

totArrivThrPut=0.16675311077395388 totDeptThrPut=0.16675301067375903
meanTotTkPop=0.08929277537935099 queueUtil=0.07938272887017718
meanST=0.5354791320955464



REPORT for Queue of Queueing Place : W/product----------------------------------------

queueUtilQPl=0.004403495546921963

------------------ Color = product --------------------
arrivCnt=276877 deptCnt=276877
arrivThrPut=0.02771544164628284 deptThrPut=0.02771544164628284
meanTkPop=0.004452344323475933 tkColOcp=0.004403495546921963
-----
meanST=0.16064489898082052 stDevST=0.3270690599842404

Steady State Statistics: numBatchesST=346 batchSizeST=800 stDevStdStateMeanST=0.011978983307033805
95% c.i. = 0.16064352708690074 +/- 0.0012622053055061741



REPORT for Depository of Queueing Place : W/product----------------------------------------

tkOcp=0.0

------------------ Color = product --------------------
arrivCnt=276877 deptCnt=276877
arrivThrPut=0.02771544164628284 deptThrPut=0.02771544164628284
meanTkPop=0.0 tkColOcp=0.0
-----
meanST=0.0 stDevST=0.0

Steady State Statistics: numBatchesST=1384 batchSizeST=200 stDevStdStateMeanST=0.0
95% c.i. = 0.0 +/- 0.0



REPORT for Queue : WebUI----------------------------------------

totArrivThrPut=0.16675311077395388 totDeptThrPut=0.16675301067375903
meanTotTkPop=0.08929277537935099 queueUtil=0.07938272887017718
meanST=0.5354791320955464



REPORT for Queue of Queueing Place : P/category_category----------------------------------------

queueUtilQPl=0.014603680747567169

------------------ Color = category --------------------
arrivCnt=277565 deptCnt=277565
arrivThrPut=0.02778431058033169 deptThrPut=0.02778431058033169
meanTkPop=0.014829565291595681 tkColOcp=0.014603680747567169
-----
meanST=0.5337388253244413 stDevST=0.5345645766482506

Steady State Statistics: numBatchesST=693 batchSizeST=400 stDevStdStateMeanST=0.028875129948212182
95% c.i. = 0.5337795590764209 +/- 0.0021498364456317876



REPORT for Depository of Queueing Place : P/category_category----------------------------------------

tkOcp=0.0

------------------ Color = category --------------------
arrivCnt=277565 deptCnt=277565
arrivThrPut=0.02778431058033169 deptThrPut=0.02778431058033169
meanTkPop=0.0 tkColOcp=0.0
-----
meanST=0.0 stDevST=0.0

Steady State Statistics: numBatchesST=1387 batchSizeST=200 stDevStdStateMeanST=0.0
95% c.i. = 0.0 +/- 0.0



REPORT for Queue : Persistence----------------------------------------

totArrivThrPut=0.1667529105735642 totDeptThrPut=0.1667529105735642
meanTotTkPop=0.057587243976448654 queueUtil=0.052571887833485036
meanST=0.34534476057042285



REPORT for Queue of Queueing Place : P/getProduct_product----------------------------------------

queueUtilQPl=0.003706512675996776

------------------ Color = product --------------------
arrivCnt=276877 deptCnt=276877
arrivThrPut=0.02771544164628284 deptThrPut=0.02771544164628284
meanTkPop=0.003746716330433857 tkColOcp=0.003706512675996776
-----
meanST=0.1351851570056565 stDevST=0.22538092139748256

Steady State Statistics: numBatchesST=692 batchSizeST=400 stDevStdStateMeanST=0.011233845376225416
95% c.i. = 0.13518396694504864 +/- 8.369961988797807E-4



REPORT for Depository of Queueing Place : P/getProduct_product----------------------------------------

tkOcp=0.0

------------------ Color = product --------------------
arrivCnt=276877 deptCnt=276877
arrivThrPut=0.02771544164628284 deptThrPut=0.02771544164628284
meanTkPop=0.0 tkColOcp=0.0
-----
meanST=0.0 stDevST=0.0

Steady State Statistics: numBatchesST=1384 batchSizeST=200 stDevStdStateMeanST=0.0
95% c.i. = 0.0 +/- 0.0



REPORT for Queue : Persistence----------------------------------------

totArrivThrPut=0.1667529105735642 totDeptThrPut=0.1667529105735642
meanTotTkPop=0.057587243976448654 queueUtil=0.052571887833485036
meanST=0.34534476057042285



REPORT for Queue of Queueing Place : R/getAds_product----------------------------------------

queueUtilQPl=0.008457390127820706

------------------ Color = product --------------------
arrivCnt=276877 deptCnt=276877
arrivThrPut=0.02771544164628284 deptThrPut=0.02771544164628284
meanTkPop=0.008541461043406898 tkColOcp=0.008457390127820706
-----
meanST=0.3081841939384165 stDevST=0.308671504979377

Steady State Statistics: numBatchesST=692 batchSizeST=400 stDevStdStateMeanST=0.015592560035705468
95% c.i. = 0.3081764152707179 +/- 0.001161749431615853



REPORT for Depository of Queueing Place : R/getAds_product----------------------------------------

tkOcp=0.0

------------------ Color = product --------------------
arrivCnt=276877 deptCnt=276877
arrivThrPut=0.02771544164628284 deptThrPut=0.02771544164628284
meanTkPop=0.0 tkColOcp=0.0
-----
meanST=0.0 stDevST=0.0

Steady State Statistics: numBatchesST=1384 batchSizeST=200 stDevStdStateMeanST=0.0
95% c.i. = 0.0 +/- 0.0



REPORT for Queue : Recommender----------------------------------------

totArrivThrPut=0.02771544164628284 totDeptThrPut=0.02771544164628284
meanTotTkPop=0.008541461043406898 queueUtil=0.008457390127820706
meanST=0.3081841939384165



REPORT for Queue of Queueing Place : I/productImages_category----------------------------------------

queueUtilQPl=0.0031859596504590975

------------------ Color = category --------------------
arrivCnt=277565 deptCnt=277565
arrivThrPut=0.02778431058033169 deptThrPut=0.02778431058033169
meanTkPop=0.003198294665033135 tkColOcp=0.0031859596504590975
-----
meanST=0.11511153590750546 stDevST=0.1480582375550781

Steady State Statistics: numBatchesST=693 batchSizeST=400 stDevStdStateMeanST=0.0073939979402039575
95% c.i. = 0.11512157757420839 +/- 5.505044056697323E-4



REPORT for Depository of Queueing Place : I/productImages_category----------------------------------------

tkOcp=0.0

------------------ Color = category --------------------
arrivCnt=277565 deptCnt=277565
arrivThrPut=0.02778431058033169 deptThrPut=0.02778431058033169
meanTkPop=0.0 tkColOcp=0.0
-----
meanST=0.0 stDevST=0.0

Steady State Statistics: numBatchesST=1387 batchSizeST=200 stDevStdStateMeanST=0.0
95% c.i. = 0.0 +/- 0.0



REPORT for Queue : ImageProvider----------------------------------------

totArrivThrPut=0.1667529105735642 totDeptThrPut=0.1667529105735642
meanTotTkPop=0.04718774362954978 queueUtil=0.04422266869942143
meanST=0.28298002995715377



REPORT for Queue of Queueing Place : I/product_product----------------------------------------

queueUtilQPl=0.016741791004861842

------------------ Color = product --------------------
arrivCnt=276877 deptCnt=276877
arrivThrPut=0.02771544164628284 deptThrPut=0.02771544164628284
meanTkPop=0.017040909159652597 tkColOcp=0.016741791004861842
-----
meanST=0.6148525207404768 stDevST=0.6097630275195738

Steady State Statistics: numBatchesST=346 batchSizeST=800 stDevStdStateMeanST=0.021233619847792144
95% c.i. = 0.6148786393015501 +/- 0.00223735077844606



REPORT for Depository of Queueing Place : I/product_product----------------------------------------

tkOcp=0.0

------------------ Color = product --------------------
arrivCnt=276877 deptCnt=276877
arrivThrPut=0.02771544164628284 deptThrPut=0.02771544164628284
meanTkPop=0.0 tkColOcp=0.0
-----
meanST=0.0 stDevST=0.0

Steady State Statistics: numBatchesST=1384 batchSizeST=200 stDevStdStateMeanST=0.0
95% c.i. = 0.0 +/- 0.0



REPORT for Queue : ImageProvider----------------------------------------

totArrivThrPut=0.1667529105735642 totDeptThrPut=0.1667529105735642
meanTotTkPop=0.04718774362954978 queueUtil=0.04422266869942143
meanST=0.28298002995715377



REPORT for Queue of Queueing Place : Workload----------------------------------------

queueUtilQPl=1.0

------------------ Color = workload --------------------
arrivCnt=1665862 deptCnt=1665861
arrivThrPut=0.16675311077395388 deptThrPut=0.16675301067375903
meanTkPop=1.0 tkColOcp=1.0
-----
meanST=5.996893117612042 stDevST=5.999295541155763

Steady State Statistics: numBatchesST=4164 batchSizeST=400 stDevStdStateMeanST=0.30014523580042607
95% c.i. = 5.996930126849395 +/- 0.009116417052237234



REPORT for Depository of Queueing Place : Workload----------------------------------------

tkOcp=0.0

------------------ Color = workload --------------------
arrivCnt=1665861 deptCnt=1665862
arrivThrPut=0.16675301067375903 deptThrPut=0.16675311077395388
meanTkPop=0.0 tkColOcp=0.0
-----
meanST=0.0 stDevST=0.0

Steady State Statistics: numBatchesST=8329 batchSizeST=200 stDevStdStateMeanST=0.0
95% c.i. = 0.0 +/- 0.0



REPORT for Queue : Workload----------------------------------------

totArrivThrPut=0.16675311077395388 totDeptThrPut=0.16675301067375903
meanTotTkPop=1.0 queueUtil=1.0
meanST=5.996893117612042



REPORT for Queue of Queueing Place : I/icon_index----------------------------------------

queueUtilQPl=0.003430603672332544

------------------ Color = index --------------------
arrivCnt=278167 deptCnt=278167
arrivThrPut=0.02784457089762443 deptThrPut=0.02784457089762443
meanTkPop=0.0034458445630972927 tkColOcp=0.003430603672332544
-----
meanST=0.12375283410782519 stDevST=0.1695684725003533

Steady State Statistics: numBatchesST=347 batchSizeST=800 stDevStdStateMeanST=0.006343706423305238
95% c.i. = 0.12376482288517304 +/- 6.674618224674734E-4



REPORT for Depository of Queueing Place : I/icon_index----------------------------------------

tkOcp=0.0

------------------ Color = index --------------------
arrivCnt=278167 deptCnt=278167
arrivThrPut=0.02784457089762443 deptThrPut=0.02784457089762443
meanTkPop=0.0 tkColOcp=0.0
-----
meanST=0.0 stDevST=0.0

Steady State Statistics: numBatchesST=1390 batchSizeST=200 stDevStdStateMeanST=0.0
95% c.i. = 0.0 +/- 0.0



REPORT for Queue : ImageProvider----------------------------------------

totArrivThrPut=0.1667529105735642 totDeptThrPut=0.1667529105735642
meanTotTkPop=0.04718774362954978 queueUtil=0.04422266869942143
meanST=0.28298002995715377



REPORT for Queue of Queueing Place : P/categories_login----------------------------------------

queueUtilQPl=0.018704998306822172

------------------ Color = login --------------------
arrivCnt=278534 deptCnt=278534
arrivThrPut=0.027881307669130138 deptThrPut=0.027881307669130138
meanTkPop=0.01907587875782187 tkColOcp=0.018704998306822172
-----
meanST=0.6841816382573211 stDevST=0.6765074802977207

Steady State Statistics: numBatchesST=348 batchSizeST=800 stDevStdStateMeanST=0.025981568964898543
95% c.i. = 0.6841595246228456 +/- 0.0027297560838476557



REPORT for Depository of Queueing Place : P/categories_login----------------------------------------

tkOcp=0.0

------------------ Color = login --------------------
arrivCnt=278534 deptCnt=278534
arrivThrPut=0.027881307669130138 deptThrPut=0.027881307669130138
meanTkPop=0.0 tkColOcp=0.0
-----
meanST=0.0 stDevST=0.0

Steady State Statistics: numBatchesST=1392 batchSizeST=200 stDevStdStateMeanST=0.0
95% c.i. = 0.0 +/- 0.0



REPORT for Queue : Persistence----------------------------------------

totArrivThrPut=0.1667529105735642 totDeptThrPut=0.1667529105735642
meanTotTkPop=0.057587243976448654 queueUtil=0.052571887833485036
meanST=0.34534476057042285



REPORT for Queue of Queueing Place : I/icon_login----------------------------------------

queueUtilQPl=0.005723348454042982

------------------ Color = login --------------------
arrivCnt=278534 deptCnt=278534
arrivThrPut=0.027881307669130138 deptThrPut=0.027881307669130138
meanTkPop=0.005759250133370491 tkColOcp=0.005723348454042982
-----
meanST=0.20656312830502804 stDevST=0.2270079479485321

Steady State Statistics: numBatchesST=696 batchSizeST=400 stDevStdStateMeanST=0.011456139156727073
95% c.i. = 0.20655799792517987 +/- 8.51102275313468E-4



REPORT for Depository of Queueing Place : I/icon_login----------------------------------------

tkOcp=0.0

------------------ Color = login --------------------
arrivCnt=278534 deptCnt=278534
arrivThrPut=0.027881307669130138 deptThrPut=0.027881307669130138
meanTkPop=0.0 tkColOcp=0.0
-----
meanST=0.0 stDevST=0.0

Steady State Statistics: numBatchesST=1392 batchSizeST=200 stDevStdStateMeanST=0.0
95% c.i. = 0.0 +/- 0.0



REPORT for Queue : ImageProvider----------------------------------------

totArrivThrPut=0.1667529105735642 totDeptThrPut=0.1667529105735642
meanTotTkPop=0.04718774362954978 queueUtil=0.04422266869942143
meanST=0.28298002995715377



REPORT for Queue of Queueing Place : A/isLoggedIn_login----------------------------------------

queueUtilQPl=0.012668684005957593

------------------ Color = login --------------------
arrivCnt=278534 deptCnt=278534
arrivThrPut=0.027881307669130138 deptThrPut=0.027881307669130138
meanTkPop=0.012836500531328059 tkColOcp=0.012668684005957593
-----
meanST=0.46039808045088515 stDevST=0.4574993400025234

Steady State Statistics: numBatchesST=696 batchSizeST=400 stDevStdStateMeanST=0.023015367070646657
95% c.i. = 0.4603903576624354 +/- 0.0017098632456380091



REPORT for Depository of Queueing Place : A/isLoggedIn_login----------------------------------------

tkOcp=0.0

------------------ Color = login --------------------
arrivCnt=278534 deptCnt=278534
arrivThrPut=0.027881307669130138 deptThrPut=0.027881307669130138
meanTkPop=0.0 tkColOcp=0.0
-----
meanST=0.0 stDevST=0.0

Steady State Statistics: numBatchesST=1392 batchSizeST=200 stDevStdStateMeanST=0.0
95% c.i. = 0.0 +/- 0.0



REPORT for Queue : Auth----------------------------------------

totArrivThrPut=0.1667529105735642 totDeptThrPut=0.1667529105735642
meanTotTkPop=0.04440129152343722 queueUtil=0.042111913138745474
meanST=0.2662699641686271



REPORT for Queue of Queueing Place : A/isLoggedIn_category----------------------------------------

queueUtilQPl=0.01124314451078528

------------------ Color = category --------------------
arrivCnt=277565 deptCnt=277565
arrivThrPut=0.02778431058033169 deptThrPut=0.02778431058033169
meanTkPop=0.011378286432447341 tkColOcp=0.01124314451078528
-----
meanST=0.4095219998189175 stDevST=0.407809096675813

Steady State Statistics: numBatchesST=693 batchSizeST=400 stDevStdStateMeanST=0.021079354313593316
95% c.i. = 0.40948110096410656 +/- 0.0015694185354325784



REPORT for Depository of Queueing Place : A/isLoggedIn_category----------------------------------------

tkOcp=0.0

------------------ Color = category --------------------
arrivCnt=277565 deptCnt=277565
arrivThrPut=0.02778431058033169 deptThrPut=0.02778431058033169
meanTkPop=0.0 tkColOcp=0.0
-----
meanST=0.0 stDevST=0.0

Steady State Statistics: numBatchesST=1387 batchSizeST=200 stDevStdStateMeanST=0.0
95% c.i. = 0.0 +/- 0.0



REPORT for Queue : Auth----------------------------------------

totArrivThrPut=0.1667529105735642 totDeptThrPut=0.1667529105735642
meanTotTkPop=0.04440129152343722 queueUtil=0.042111913138745474
meanST=0.2662699641686271



REPORT for Queue of Queueing Place : I/icon_logout----------------------------------------

queueUtilQPl=0.002882558017859039

------------------ Color = logout --------------------
arrivCnt=277231 deptCnt=277231
arrivThrPut=0.02775087711525565 deptThrPut=0.02775087711525565
meanTkPop=0.0028968971037599666 tkColOcp=0.002882558017859039
-----
meanST=0.1043893889093487 stDevST=0.15704355403757841

Steady State Statistics: numBatchesST=693 batchSizeST=400 stDevStdStateMeanST=0.00774139226958365
95% c.i. = 0.1043880510445888 +/- 5.763689123107671E-4



REPORT for Depository of Queueing Place : I/icon_logout----------------------------------------

tkOcp=0.0

------------------ Color = logout --------------------
arrivCnt=277231 deptCnt=277231
arrivThrPut=0.02775087711525565 deptThrPut=0.02775087711525565
meanTkPop=0.0 tkColOcp=0.0
-----
meanST=0.0 stDevST=0.0

Steady State Statistics: numBatchesST=1386 batchSizeST=200 stDevStdStateMeanST=0.0
95% c.i. = 0.0 +/- 0.0



REPORT for Queue : ImageProvider----------------------------------------

totArrivThrPut=0.1667529105735642 totDeptThrPut=0.1667529105735642
meanTotTkPop=0.04718774362954978 queueUtil=0.04422266869942143
meanST=0.28298002995715377



REPORT for Queue of Queueing Place : I/icon_loginAction----------------------------------------

queueUtilQPl=0.014620203398841708

------------------ Color = loginAction --------------------
arrivCnt=277486 deptCnt=277486
arrivThrPut=0.027776402664939453 deptThrPut=0.027776402664939453
meanTkPop=0.014846548004636303 tkColOcp=0.014620203398841708
-----
meanST=0.5345021881964666 stDevST=0.5308656285941998

Steady State Statistics: numBatchesST=693 batchSizeST=400 stDevStdStateMeanST=0.027490579011586525
95% c.i. = 0.5344609914061154 +/- 0.0020467526475768543



REPORT for Depository of Queueing Place : I/icon_loginAction----------------------------------------

tkOcp=0.0

------------------ Color = loginAction --------------------
arrivCnt=277486 deptCnt=277486
arrivThrPut=0.027776402664939453 deptThrPut=0.027776402664939453
meanTkPop=0.0 tkColOcp=0.0
-----
meanST=0.0 stDevST=0.0

Steady State Statistics: numBatchesST=1387 batchSizeST=200 stDevStdStateMeanST=0.0
95% c.i. = 0.0 +/- 0.0



REPORT for Queue : ImageProvider----------------------------------------

totArrivThrPut=0.1667529105735642 totDeptThrPut=0.1667529105735642
meanTotTkPop=0.04718774362954978 queueUtil=0.04422266869942143
meanST=0.28298002995715377



REPORT for Queue of Queueing Place : A/isLoggedIn_product----------------------------------------

queueUtilQPl=0.008399234134891574

------------------ Color = product --------------------
arrivCnt=276877 deptCnt=276877
arrivThrPut=0.02771544164628284 deptThrPut=0.02771544164628284
meanTkPop=0.00847457829710734 tkColOcp=0.008399234134891574
-----
meanST=0.3057709996204928 stDevST=0.30892755437876834

Steady State Statistics: numBatchesST=692 batchSizeST=400 stDevStdStateMeanST=0.01588121720394311
95% c.i. = 0.30576375029702224 +/- 0.0011832563105609402



REPORT for Depository of Queueing Place : A/isLoggedIn_product----------------------------------------

tkOcp=0.0

------------------ Color = product --------------------
arrivCnt=276877 deptCnt=276877
arrivThrPut=0.02771544164628284 deptThrPut=0.02771544164628284
meanTkPop=0.0 tkColOcp=0.0
-----
meanST=0.0 stDevST=0.0

Steady State Statistics: numBatchesST=1384 batchSizeST=200 stDevStdStateMeanST=0.0
95% c.i. = 0.0 +/- 0.0



REPORT for Queue : Auth----------------------------------------

totArrivThrPut=0.1667529105735642 totDeptThrPut=0.1667529105735642
meanTotTkPop=0.04440129152343722 queueUtil=0.042111913138745474
meanST=0.2662699641686271



REPORT for Queue of Queueing Place : P/category_logout----------------------------------------

queueUtilQPl=0.004016245428012889

------------------ Color = logout --------------------
arrivCnt=277231 deptCnt=277231
arrivThrPut=0.02775087711525565 deptThrPut=0.02775087711525565
meanTkPop=0.004039083672962573 tkColOcp=0.004016245428012889
-----
meanST=0.14554796434676096 stDevST=0.21111162465402172

Steady State Statistics: numBatchesST=693 batchSizeST=400 stDevStdStateMeanST=0.01100038814342809
95% c.i. = 0.14555009902690075 +/- 8.190105252946835E-4



REPORT for Depository of Queueing Place : P/category_logout----------------------------------------

tkOcp=0.0

------------------ Color = logout --------------------
arrivCnt=277231 deptCnt=277231
arrivThrPut=0.02775087711525565 deptThrPut=0.02775087711525565
meanTkPop=0.0 tkColOcp=0.0
-----
meanST=0.0 stDevST=0.0

Steady State Statistics: numBatchesST=1386 batchSizeST=200 stDevStdStateMeanST=0.0
95% c.i. = 0.0 +/- 0.0



REPORT for Queue : Persistence----------------------------------------

totArrivThrPut=0.1667529105735642 totDeptThrPut=0.1667529105735642
meanTotTkPop=0.057587243976448654 queueUtil=0.052571887833485036
meanST=0.34534476057042285



REPORT for Ordinary Place : Finish_index----------------------------------------

tkOcp=1.0

------------------ Color = index --------------------
arrivCnt=278167 deptCnt=0
arrivThrPut=0.02784457089762443 deptThrPut=0.0
meanTkPop=139326.83277737102 tkColOcp=1.0
-----
meanST=NaN stDevST=NaN

Steady State Statistics: Only 0 batches collected!
Need at least 60 for steady state statistics.



REPORT for Ordinary Place : Finish_login----------------------------------------

tkOcp=1.0000000000000002

------------------ Color = login --------------------
arrivCnt=278534 deptCnt=0
arrivThrPut=0.027881307669130138 deptThrPut=0.0
meanTkPop=139372.50505003074 tkColOcp=1.0000000000000002
-----
meanST=NaN stDevST=NaN

Steady State Statistics: Only 0 batches collected!
Need at least 60 for steady state statistics.



REPORT for Ordinary Place : Finish_loginAction----------------------------------------

tkOcp=1.0

------------------ Color = loginAction --------------------
arrivCnt=277486 deptCnt=0
arrivThrPut=0.027776402664939453 deptThrPut=0.0
meanTkPop=138945.3302334485 tkColOcp=1.0
-----
meanST=NaN stDevST=NaN

Steady State Statistics: Only 0 batches collected!
Need at least 60 for steady state statistics.



REPORT for Ordinary Place : Finish_category----------------------------------------

tkOcp=1.0

------------------ Color = category --------------------
arrivCnt=277565 deptCnt=0
arrivThrPut=0.02778431058033169 deptThrPut=0.0
meanTkPop=139313.09913460165 tkColOcp=1.0
-----
meanST=NaN stDevST=NaN

Steady State Statistics: Only 0 batches collected!
Need at least 60 for steady state statistics.



REPORT for Ordinary Place : Finish_product----------------------------------------

tkOcp=1.0

------------------ Color = product --------------------
arrivCnt=276877 deptCnt=0
arrivThrPut=0.02771544164628284 deptThrPut=0.0
meanTkPop=138745.6222291818 tkColOcp=1.0
-----
meanST=NaN stDevST=NaN

Steady State Statistics: Only 0 batches collected!
Need at least 60 for steady state statistics.



REPORT for Ordinary Place : Finish_logout----------------------------------------

tkOcp=1.0

------------------ Color = logout --------------------
arrivCnt=277231 deptCnt=0
arrivThrPut=0.02775087711525565 deptThrPut=0.0
meanTkPop=138858.19413309565 tkColOcp=1.0
-----
meanST=NaN stDevST=NaN

Steady State Statistics: Only 0 batches collected!
Need at least 60 for steady state statistics.



REPORT REPORT for Probe : /index----------------------------------------


------------------ Color = index --------------------
-----
meanST=1.5531839305634816 stDevST=0.9993241372320367

Steady State Statistics: numBatchesST=695 batchSizeST=400 stDevStdStateMeanST=0.0520157821622868
95% c.i. = 1.553171186870399 +/- 0.003867148256220276



REPORT REPORT for Probe : /login----------------------------------------


------------------ Color = login --------------------
-----
meanST=1.5411153669081281 stDevST=0.9203878846403195

Steady State Statistics: numBatchesST=696 batchSizeST=400 stDevStdStateMeanST=0.04808336547373057
95% c.i. = 1.5410767233823417 +/- 0.0035722210772370505



REPORT REPORT for Probe : /loginAction----------------------------------------


------------------ Color = loginAction --------------------
-----
meanST=1.1623577283511617 stDevST=0.7512323669467058

Steady State Statistics: numBatchesST=693 batchSizeST=400 stDevStdStateMeanST=0.03766917580282373
95% c.i. = 1.1622794381585073 +/- 0.002804578443908807



REPORT REPORT for Probe : /logout----------------------------------------


------------------ Color = logout --------------------
-----
meanST=1.4179330328750637 stDevST=1.0295592362766157

Steady State Statistics: numBatchesST=693 batchSizeST=400 stDevStdStateMeanST=0.05238959694191021
95% c.i. = 1.4179607563300838 +/- 0.0039005561214678344



REPORT REPORT for Probe : /category----------------------------------------


------------------ Color = category --------------------
-----
meanST=1.6881254436970512 stDevST=0.9395851180774855

Steady State Statistics: numBatchesST=693 batchSizeST=400 stDevStdStateMeanST=0.049857616795236336
95% c.i. = 1.687991865710957 +/- 0.0037120429196675895



REPORT REPORT for Probe : /product----------------------------------------


------------------ Color = product --------------------
-----
meanST=1.5246377702858631 stDevST=0.8666060348645046

Steady State Statistics: numBatchesST=692 batchSizeST=400 stDevStdStateMeanST=0.043149920709024854
95% c.i. = 1.5246462989012395 +/- 0.003214956090801461



