INFO Logging to /home/yjx/workloadConfig/qpme/output/SimQPN_Output_config_2025-08-14_104832230.log
WARN Batch means correlation test was run for depository of place Workload, color 0
    However, the standard deviation of the token residence time is 0 and therefore the result of the test is ignored!
    In future runs, you should set numBMeansCorlTested to 0 to switch off the correlation test!
WARN Batch means correlation test was run for depository of place W/category, color 0
    However, the standard deviation of the token residence time is 0 and therefore the result of the test is ignored!
    In future runs, you should set numBMeansCorlTested to 0 to switch off the correlation test!
WARN Batch means correlation test was run for depository of place P/category_category, color 0
    However, the standard deviation of the token residence time is 0 and therefore the result of the test is ignored!
    In future runs, you should set numBMeansCorlTested to 0 to switch off the correlation test!
WARN Batch means correlation test was run for depository of place I/productImages_category, color 0
    However, the standard deviation of the token residence time is 0 and therefore the result of the test is ignored!
    In future runs, you should set numBMeansCorlTested to 0 to switch off the correlation test!
WARN Batch means correlation test was run for depository of place A/isLoggedIn_category, color 0
    However, the standard deviation of the token residence time is 0 and therefore the result of the test is ignored!
    In future runs, you should set numBMeansCorlTested to 0 to switch off the correlation test!
WARN Batch means correlation test was run for depository of place W/logout, color 0
    However, the standard deviation of the token residence time is 0 and therefore the result of the test is ignored!
    In future runs, you should set numBMeansCorlTested to 0 to switch off the correlation test!
WARN Batch means correlation test was run for depository of place A/logout_logout, color 0
    However, the standard deviation of the token residence time is 0 and therefore the result of the test is ignored!
    In future runs, you should set numBMeansCorlTested to 0 to switch off the correlation test!
WARN Batch means correlation test was run for depository of place P/category_logout, color 0
    However, the standard deviation of the token residence time is 0 and therefore the result of the test is ignored!
    In future runs, you should set numBMeansCorlTested to 0 to switch off the correlation test!
WARN Batch means correlation test was run for depository of place I/icon_logout, color 0
    However, the standard deviation of the token residence time is 0 and therefore the result of the test is ignored!
    In future runs, you should set numBMeansCorlTested to 0 to switch off the correlation test!
WARN Batch means correlation test was run for depository of place W/index, color 0
    However, the standard deviation of the token residence time is 0 and therefore the result of the test is ignored!
    In future runs, you should set numBMeansCorlTested to 0 to switch off the correlation test!
WARN Batch means correlation test was run for depository of place P/categories_index, color 0
    However, the standard deviation of the token residence time is 0 and therefore the result of the test is ignored!
    In future runs, you should set numBMeansCorlTested to 0 to switch off the correlation test!
WARN Batch means correlation test was run for depository of place A/isLoggedIn_index, color 0
    However, the standard deviation of the token residence time is 0 and therefore the result of the test is ignored!
    In future runs, you should set numBMeansCorlTested to 0 to switch off the correlation test!
WARN Batch means correlation test was run for depository of place I/icon_index, color 0
    However, the standard deviation of the token residence time is 0 and therefore the result of the test is ignored!
    In future runs, you should set numBMeansCorlTested to 0 to switch off the correlation test!
WARN Batch means correlation test was run for depository of place W/loginAction, color 0
    However, the standard deviation of the token residence time is 0 and therefore the result of the test is ignored!
    In future runs, you should set numBMeansCorlTested to 0 to switch off the correlation test!
WARN Batch means correlation test was run for depository of place A/login_loginAction, color 0
    However, the standard deviation of the token residence time is 0 and therefore the result of the test is ignored!
    In future runs, you should set numBMeansCorlTested to 0 to switch off the correlation test!
WARN Batch means correlation test was run for depository of place P/getUser_loginAction, color 0
    However, the standard deviation of the token residence time is 0 and therefore the result of the test is ignored!
    In future runs, you should set numBMeansCorlTested to 0 to switch off the correlation test!
WARN Batch means correlation test was run for depository of place I/icon_loginAction, color 0
    However, the standard deviation of the token residence time is 0 and therefore the result of the test is ignored!
    In future runs, you should set numBMeansCorlTested to 0 to switch off the correlation test!
WARN Batch means correlation test was run for depository of place W/login, color 0
    However, the standard deviation of the token residence time is 0 and therefore the result of the test is ignored!
    In future runs, you should set numBMeansCorlTested to 0 to switch off the correlation test!
WARN Batch means correlation test was run for depository of place P/categories_login, color 0
    However, the standard deviation of the token residence time is 0 and therefore the result of the test is ignored!
    In future runs, you should set numBMeansCorlTested to 0 to switch off the correlation test!
WARN Batch means correlation test was run for depository of place I/icon_login, color 0
    However, the standard deviation of the token residence time is 0 and therefore the result of the test is ignored!
    In future runs, you should set numBMeansCorlTested to 0 to switch off the correlation test!
WARN Batch means correlation test was run for depository of place A/isLoggedIn_login, color 0
    However, the standard deviation of the token residence time is 0 and therefore the result of the test is ignored!
    In future runs, you should set numBMeansCorlTested to 0 to switch off the correlation test!
WARN Batch means correlation test was run for depository of place W/product, color 0
    However, the standard deviation of the token residence time is 0 and therefore the result of the test is ignored!
    In future runs, you should set numBMeansCorlTested to 0 to switch off the correlation test!
WARN Batch means correlation test was run for depository of place P/getProduct_product, color 0
    However, the standard deviation of the token residence time is 0 and therefore the result of the test is ignored!
    In future runs, you should set numBMeansCorlTested to 0 to switch off the correlation test!
WARN Batch means correlation test was run for depository of place R/getAds_product, color 0
    However, the standard deviation of the token residence time is 0 and therefore the result of the test is ignored!
    In future runs, you should set numBMeansCorlTested to 0 to switch off the correlation test!
WARN Batch means correlation test was run for depository of place I/product_product, color 0
    However, the standard deviation of the token residence time is 0 and therefore the result of the test is ignored!
    In future runs, you should set numBMeansCorlTested to 0 to switch off the correlation test!
WARN Batch means correlation test was run for depository of place A/isLoggedIn_product, color 0
    However, the standard deviation of the token residence time is 0 and therefore the result of the test is ignored!
    In future runs, you should set numBMeansCorlTested to 0 to switch off the correlation test!
WARN LP-1 The simulation was stopped because of reaching max totalRunLen.
The required precision may not have been reached!
REPORT for Queue of Queueing Place : W/index----------------------------------------

queueUtilQPl=0.02017441786665303

------------------ Color = index --------------------
arrivCnt=277849 deptCnt=277849
arrivThrPut=0.02781271955740368 deptThrPut=0.02781271955740368
meanTkPop=0.02058881207039406 tkColOcp=0.02017441786665303
-----
meanST=0.7402660508584953 stDevST=0.7337596233582275

Steady State Statistics: numBatchesST=694 batchSizeST=400 stDevStdStateMeanST=0.0362536293069065
95% c.i. = 0.7402752846979695 +/- 0.002697241577139468



REPORT for Depository of Queueing Place : W/index----------------------------------------

tkOcp=0.0

------------------ Color = index --------------------
arrivCnt=277849 deptCnt=277849
arrivThrPut=0.02781271955740368 deptThrPut=0.02781271955740368
meanTkPop=0.0 tkColOcp=0.0
-----
meanST=0.0 stDevST=0.0

Steady State Statistics: numBatchesST=1389 batchSizeST=200 stDevStdStateMeanST=0.0
95% c.i. = 0.0 +/- 0.0



REPORT for Queue : WebUI----------------------------------------

totArrivThrPut=0.16669823922251908 totDeptThrPut=0.16669823922251908
meanTotTkPop=0.06980027935996555 queueUtil=0.06429775000114725
meanST=0.4187223553500876



REPORT for Queue of Queueing Place : P/categories_index----------------------------------------

queueUtilQPl=0.003541350106651374

------------------ Color = index --------------------
arrivCnt=277849 deptCnt=277849
arrivThrPut=0.02781271955740368 deptThrPut=0.02781271955740368
meanTkPop=0.003559093097023641 tkColOcp=0.003541350106651374
-----
meanST=0.12796638206047775 stDevST=0.17747981385583736

Steady State Statistics: numBatchesST=694 batchSizeST=400 stDevStdStateMeanST=0.009274375970719988
95% c.i. = 0.1279658916045943 +/- 6.900062958795588E-4



REPORT for Depository of Queueing Place : P/categories_index----------------------------------------

tkOcp=0.0

------------------ Color = index --------------------
arrivCnt=277849 deptCnt=277849
arrivThrPut=0.02781271955740368 deptThrPut=0.02781271955740368
meanTkPop=0.0 tkColOcp=0.0
-----
meanST=0.0 stDevST=0.0

Steady State Statistics: numBatchesST=1389 batchSizeST=200 stDevStdStateMeanST=0.0
95% c.i. = 0.0 +/- 0.0



REPORT for Queue : Persistence----------------------------------------

totArrivThrPut=0.1666982392225191 totDeptThrPut=0.1666982392225191
meanTotTkPop=0.05501762503936027 queueUtil=0.05102525537817892
meanST=0.33004322838658995



REPORT for Queue of Queueing Place : A/isLoggedIn_index----------------------------------------

queueUtilQPl=0.016485680748519187

------------------ Color = index --------------------
arrivCnt=277849 deptCnt=277849
arrivThrPut=0.02781271955740368 deptThrPut=0.02781271955740368
meanTkPop=0.01675951275545709 tkColOcp=0.016485680748519187
-----
meanST=0.6025844657465634 stDevST=0.6000212905337609

Steady State Statistics: numBatchesST=694 batchSizeST=400 stDevStdStateMeanST=0.030722777586048917
95% c.i. = 0.6025660305759184 +/- 0.0022857505484151115



REPORT for Depository of Queueing Place : A/isLoggedIn_index----------------------------------------

tkOcp=0.0

------------------ Color = index --------------------
arrivCnt=277849 deptCnt=277849
arrivThrPut=0.02781271955740368 deptThrPut=0.02781271955740368
meanTkPop=0.0 tkColOcp=0.0
-----
meanST=0.0 stDevST=0.0

Steady State Statistics: numBatchesST=1389 batchSizeST=200 stDevStdStateMeanST=0.0
95% c.i. = 0.0 +/- 0.0



REPORT for Queue : Auth----------------------------------------

totArrivThrPut=0.16669823922251908 totDeptThrPut=0.16669823922251908
meanTotTkPop=0.0690309804025229 queueUtil=0.06280410404284914
meanST=0.41410743583425674



REPORT for Queue of Queueing Place : W/login----------------------------------------

queueUtilQPl=0.007180674474169038

------------------ Color = login --------------------
arrivCnt=277458 deptCnt=277458
arrivThrPut=0.027773580408632422 deptThrPut=0.027773580408632422
meanTkPop=0.007238744994940732 tkColOcp=0.007180674474169038
-----
meanST=0.26063420302449836 stDevST=0.2971490732844035

Steady State Statistics: numBatchesST=693 batchSizeST=400 stDevStdStateMeanST=0.01547206909362181
95% c.i. = 0.26063841758220363 +/- 0.0011519400288919153



REPORT for Depository of Queueing Place : W/login----------------------------------------

tkOcp=0.0

------------------ Color = login --------------------
arrivCnt=277458 deptCnt=277458
arrivThrPut=0.027773580408632422 deptThrPut=0.027773580408632422
meanTkPop=0.0 tkColOcp=0.0
-----
meanST=0.0 stDevST=0.0

Steady State Statistics: numBatchesST=1387 batchSizeST=200 stDevStdStateMeanST=0.0
95% c.i. = 0.0 +/- 0.0



REPORT for Queue : WebUI----------------------------------------

totArrivThrPut=0.16669823922251908 totDeptThrPut=0.16669823922251908
meanTotTkPop=0.06980027935996555 queueUtil=0.06429775000114725
meanST=0.4187223553500876



REPORT for Queue of Queueing Place : W/loginAction----------------------------------------

queueUtilQPl=0.004177919910790737

------------------ Color = loginAction --------------------
arrivCnt=277618 deptCnt=277618
arrivThrPut=0.02778959642858997 deptThrPut=0.02778959642858997
meanTkPop=0.004206857924035932 tkColOcp=0.004177919910790737
-----
meanST=0.15138247634672058 stDevST=0.2261755127498452

Steady State Statistics: numBatchesST=347 batchSizeST=800 stDevStdStateMeanST=0.008096307963268632
95% c.i. = 0.15138395234165108 +/- 8.51864211207552E-4



REPORT for Depository of Queueing Place : W/loginAction----------------------------------------

tkOcp=0.0

------------------ Color = loginAction --------------------
arrivCnt=277618 deptCnt=277618
arrivThrPut=0.02778959642858997 deptThrPut=0.02778959642858997
meanTkPop=0.0 tkColOcp=0.0
-----
meanST=0.0 stDevST=0.0

Steady State Statistics: numBatchesST=1388 batchSizeST=200 stDevStdStateMeanST=0.0
95% c.i. = 0.0 +/- 0.0



REPORT for Queue : WebUI----------------------------------------

totArrivThrPut=0.16669823922251908 totDeptThrPut=0.16669823922251908
meanTotTkPop=0.06980027935996555 queueUtil=0.06429775000114725
meanST=0.4187223553500876



REPORT for Queue of Queueing Place : A/login_loginAction----------------------------------------

queueUtilQPl=0.011481954407278089

------------------ Color = loginAction --------------------
arrivCnt=277618 deptCnt=277618
arrivThrPut=0.02778959642858997 deptThrPut=0.02778959642858997
meanTkPop=0.011628375013147356 tkColOcp=0.011481954407278089
-----
meanST=0.41844346473430866 stDevST=0.433002081589368

Steady State Statistics: numBatchesST=694 batchSizeST=400 stDevStdStateMeanST=0.022737764412122025
95% c.i. = 0.41844356634738294 +/- 0.0016916718330292563



REPORT for Depository of Queueing Place : A/login_loginAction----------------------------------------

tkOcp=0.0

------------------ Color = loginAction --------------------
arrivCnt=277618 deptCnt=277618
arrivThrPut=0.02778959642858997 deptThrPut=0.02778959642858997
meanTkPop=0.0 tkColOcp=0.0
-----
meanST=0.0 stDevST=0.0

Steady State Statistics: numBatchesST=1388 batchSizeST=200 stDevStdStateMeanST=0.0
95% c.i. = 0.0 +/- 0.0



REPORT for Queue : Auth----------------------------------------

totArrivThrPut=0.16669823922251908 totDeptThrPut=0.16669823922251908
meanTotTkPop=0.0690309804025229 queueUtil=0.06280410404284914
meanST=0.41410743583425674



REPORT for Queue of Queueing Place : W/logout----------------------------------------

queueUtilQPl=0.009929102741822697

------------------ Color = logout --------------------
arrivCnt=277276 deptCnt=277276
arrivThrPut=0.02775536218593071 deptThrPut=0.02775536218593071
meanTkPop=0.010035540525362806 tkColOcp=0.009929102741822697
-----
meanST=0.3615712329075589 stDevST=0.380002741520365

Steady State Statistics: numBatchesST=693 batchSizeST=400 stDevStdStateMeanST=0.018326945878938156
95% c.i. = 0.36157105264375045 +/- 0.0013644938138227152



REPORT for Depository of Queueing Place : W/logout----------------------------------------

tkOcp=0.0

------------------ Color = logout --------------------
arrivCnt=277276 deptCnt=277276
arrivThrPut=0.02775536218593071 deptThrPut=0.02775536218593071
meanTkPop=0.0 tkColOcp=0.0
-----
meanST=0.0 stDevST=0.0

Steady State Statistics: numBatchesST=1386 batchSizeST=200 stDevStdStateMeanST=0.0
95% c.i. = 0.0 +/- 0.0



REPORT for Queue : WebUI----------------------------------------

totArrivThrPut=0.16669823922251908 totDeptThrPut=0.16669823922251908
meanTotTkPop=0.06980027935996555 queueUtil=0.06429775000114725
meanST=0.4187223553500876



REPORT for Queue of Queueing Place : A/logout_logout----------------------------------------

queueUtilQPl=0.014929185407845937

------------------ Color = logout --------------------
arrivCnt=277276 deptCnt=277276
arrivThrPut=0.02775536218593071 deptThrPut=0.02775536218593071
meanTkPop=0.015158538038192748 tkColOcp=0.014929185407845937
-----
meanST=0.5461480897509838 stDevST=0.54671423321921

Steady State Statistics: numBatchesST=346 batchSizeST=800 stDevStdStateMeanST=0.01990580549273331
95% c.i. = 0.5461060566133471 +/- 0.0020974412151112134



REPORT for Depository of Queueing Place : A/logout_logout----------------------------------------

tkOcp=0.0

------------------ Color = logout --------------------
arrivCnt=277276 deptCnt=277276
arrivThrPut=0.02775536218593071 deptThrPut=0.02775536218593071
meanTkPop=0.0 tkColOcp=0.0
-----
meanST=0.0 stDevST=0.0

Steady State Statistics: numBatchesST=1386 batchSizeST=200 stDevStdStateMeanST=0.0
95% c.i. = 0.0 +/- 0.0



REPORT for Queue : Auth----------------------------------------

totArrivThrPut=0.16669823922251908 totDeptThrPut=0.16669823922251908
meanTotTkPop=0.0690309804025229 queueUtil=0.06280410404284914
meanST=0.41410743583425674



REPORT for Queue of Queueing Place : P/getUser_loginAction----------------------------------------

queueUtilQPl=0.0032648864288219673

------------------ Color = loginAction --------------------
arrivCnt=277618 deptCnt=277618
arrivThrPut=0.02778959642858997 deptThrPut=0.02778959642858997
meanTkPop=0.0032881311744946684 tkColOcp=0.0032648864288219673
-----
meanST=0.11832237948989556 stDevST=0.1959664772813449

Steady State Statistics: numBatchesST=694 batchSizeST=400 stDevStdStateMeanST=0.00982382475511246
95% c.i. = 0.11832631113198953 +/- 7.308848543605931E-4



REPORT for Depository of Queueing Place : P/getUser_loginAction----------------------------------------

tkOcp=0.0

------------------ Color = loginAction --------------------
arrivCnt=277618 deptCnt=277618
arrivThrPut=0.02778959642858997 deptThrPut=0.02778959642858997
meanTkPop=0.0 tkColOcp=0.0
-----
meanST=0.0 stDevST=0.0

Steady State Statistics: numBatchesST=1388 batchSizeST=200 stDevStdStateMeanST=0.0
95% c.i. = 0.0 +/- 0.0



REPORT for Queue : Persistence----------------------------------------

totArrivThrPut=0.1666982392225191 totDeptThrPut=0.1666982392225191
meanTotTkPop=0.05501762503936027 queueUtil=0.05102525537817892
meanST=0.33004322838658995



REPORT for Queue of Queueing Place : W/category----------------------------------------

queueUtilQPl=0.012515989968352194

------------------ Color = category --------------------
arrivCnt=278025 deptCnt=278025
arrivThrPut=0.02783033717935698 deptThrPut=0.02783033717935698
meanTkPop=0.012673608903237918 tkColOcp=0.012515989968352194
-----
meanST=0.455388262871587 stDevST=0.46542766697275073

Steady State Statistics: numBatchesST=695 batchSizeST=400 stDevStdStateMeanST=0.02232632204399658
95% c.i. = 0.4553838208714219 +/- 0.0016598654056739824



REPORT for Depository of Queueing Place : W/category----------------------------------------

tkOcp=0.0

------------------ Color = category --------------------
arrivCnt=278025 deptCnt=278025
arrivThrPut=0.02783033717935698 deptThrPut=0.02783033717935698
meanTkPop=0.0 tkColOcp=0.0
-----
meanST=0.0 stDevST=0.0

Steady State Statistics: numBatchesST=1390 batchSizeST=200 stDevStdStateMeanST=0.0
95% c.i. = 0.0 +/- 0.0



REPORT for Queue : WebUI----------------------------------------

totArrivThrPut=0.16669823922251908 totDeptThrPut=0.16669823922251908
meanTotTkPop=0.06980027935996555 queueUtil=0.06429775000114725
meanST=0.4187223553500876



REPORT for Queue of Queueing Place : W/product----------------------------------------

queueUtilQPl=0.01483487043593899

------------------ Color = product --------------------
arrivCnt=277089 deptCnt=277089
arrivThrPut=0.027736643462605327 deptThrPut=0.027736643462605327
meanTkPop=0.015056714941994107 tkColOcp=0.01483487043593899
-----
meanST=0.5428456028680485 stDevST=0.5445905658681333

Steady State Statistics: numBatchesST=692 batchSizeST=400 stDevStdStateMeanST=0.02798472976410969
95% c.i. = 0.5428180324755484 +/- 0.002085048498959122



REPORT for Depository of Queueing Place : W/product----------------------------------------

tkOcp=0.0

------------------ Color = product --------------------
arrivCnt=277089 deptCnt=277089
arrivThrPut=0.027736643462605327 deptThrPut=0.027736643462605327
meanTkPop=0.0 tkColOcp=0.0
-----
meanST=0.0 stDevST=0.0

Steady State Statistics: numBatchesST=1385 batchSizeST=200 stDevStdStateMeanST=0.0
95% c.i. = 0.0 +/- 0.0



REPORT for Queue : WebUI----------------------------------------

totArrivThrPut=0.16669823922251908 totDeptThrPut=0.16669823922251908
meanTotTkPop=0.06980027935996555 queueUtil=0.06429775000114725
meanST=0.4187223553500876



REPORT for Queue of Queueing Place : P/category_category----------------------------------------

queueUtilQPl=0.003496843444029627

------------------ Color = category --------------------
arrivCnt=278025 deptCnt=278025
arrivThrPut=0.02783033717935698 deptThrPut=0.02783033717935698
meanTkPop=0.0035161328125414017 tkColOcp=0.003496843444029627
-----
meanST=0.12634172521450715 stDevST=0.1867866889584566

Steady State Statistics: numBatchesST=695 batchSizeST=400 stDevStdStateMeanST=0.009619749703904007
95% c.i. = 0.1263434500505818 +/- 7.151867519104591E-4



REPORT for Depository of Queueing Place : P/category_category----------------------------------------

tkOcp=0.0

------------------ Color = category --------------------
arrivCnt=278025 deptCnt=278025
arrivThrPut=0.02783033717935698 deptThrPut=0.02783033717935698
meanTkPop=0.0 tkColOcp=0.0
-----
meanST=0.0 stDevST=0.0

Steady State Statistics: numBatchesST=1390 batchSizeST=200 stDevStdStateMeanST=0.0
95% c.i. = 0.0 +/- 0.0



REPORT for Queue : Persistence----------------------------------------

totArrivThrPut=0.1666982392225191 totDeptThrPut=0.1666982392225191
meanTotTkPop=0.05501762503936027 queueUtil=0.05102525537817892
meanST=0.33004322838658995



REPORT for Queue of Queueing Place : P/getProduct_product----------------------------------------

queueUtilQPl=0.011759141555069512

------------------ Color = product --------------------
arrivCnt=277089 deptCnt=277089
arrivThrPut=0.027736643462605327 deptThrPut=0.027736643462605327
meanTkPop=0.011893825506295495 tkColOcp=0.011759141555069512
-----
meanST=0.42881271925821907 stDevST=0.4342273174527217

Steady State Statistics: numBatchesST=692 batchSizeST=400 stDevStdStateMeanST=0.02289606432250318
95% c.i. = 0.42879089296622425 +/- 0.0017059090779190716



REPORT for Depository of Queueing Place : P/getProduct_product----------------------------------------

tkOcp=0.0

------------------ Color = product --------------------
arrivCnt=277089 deptCnt=277089
arrivThrPut=0.027736643462605327 deptThrPut=0.027736643462605327
meanTkPop=0.0 tkColOcp=0.0
-----
meanST=0.0 stDevST=0.0

Steady State Statistics: numBatchesST=1385 batchSizeST=200 stDevStdStateMeanST=0.0
95% c.i. = 0.0 +/- 0.0



REPORT for Queue : Persistence----------------------------------------

totArrivThrPut=0.1666982392225191 totDeptThrPut=0.1666982392225191
meanTotTkPop=0.05501762503936027 queueUtil=0.05102525537817892
meanST=0.33004322838658995



REPORT for Queue of Queueing Place : R/getAds_product----------------------------------------

queueUtilQPl=0.003811859415031122

------------------ Color = product --------------------
arrivCnt=277089 deptCnt=277089
arrivThrPut=0.027736643462605327 deptThrPut=0.027736643462605327
meanTkPop=0.003825677869297987 tkColOcp=0.003811859415031122
-----
meanST=0.1379286529192252 stDevST=0.13778701927919093

Steady State Statistics: numBatchesST=692 batchSizeST=400 stDevStdStateMeanST=0.0069915223527756264
95% c.i. = 0.1379237446619466 +/- 5.209149171699262E-4



REPORT for Depository of Queueing Place : R/getAds_product----------------------------------------

tkOcp=0.0

------------------ Color = product --------------------
arrivCnt=277089 deptCnt=277089
arrivThrPut=0.027736643462605327 deptThrPut=0.027736643462605327
meanTkPop=0.0 tkColOcp=0.0
-----
meanST=0.0 stDevST=0.0

Steady State Statistics: numBatchesST=1385 batchSizeST=200 stDevStdStateMeanST=0.0
95% c.i. = 0.0 +/- 0.0



REPORT for Queue : Recommender----------------------------------------

totArrivThrPut=0.027736643462605327 totDeptThrPut=0.027736643462605327
meanTotTkPop=0.003825677869297987 queueUtil=0.003811859415031122
meanST=0.1379286529192252



REPORT for Queue of Queueing Place : I/productImages_category----------------------------------------

queueUtilQPl=0.004187183458818365

------------------ Color = category --------------------
arrivCnt=278025 deptCnt=278025
arrivThrPut=0.02783033717935698 deptThrPut=0.02783033717935698
meanTkPop=0.004237771660404709 tkColOcp=0.004187183458818365
-----
meanST=0.15227166070945256 stDevST=0.3082138370258365

Steady State Statistics: numBatchesST=695 batchSizeST=400 stDevStdStateMeanST=0.01608610604386414
95% c.i. = 0.15226848024270573 +/- 0.0011959323565071003



REPORT for Depository of Queueing Place : I/productImages_category----------------------------------------

tkOcp=0.0

------------------ Color = category --------------------
arrivCnt=278025 deptCnt=278025
arrivThrPut=0.02783033717935698 deptThrPut=0.02783033717935698
meanTkPop=0.0 tkColOcp=0.0
-----
meanST=0.0 stDevST=0.0

Steady State Statistics: numBatchesST=1390 batchSizeST=200 stDevStdStateMeanST=0.0
95% c.i. = 0.0 +/- 0.0



REPORT for Queue : ImageProvider----------------------------------------

totArrivThrPut=0.16669823922251908 totDeptThrPut=0.16669823922251908
meanTotTkPop=0.0802403262616033 queueUtil=0.07135466265799954
meanST=0.48135077272468096



REPORT for Queue of Queueing Place : I/product_product----------------------------------------

queueUtilQPl=0.02341336263627736

------------------ Color = product --------------------
arrivCnt=277089 deptCnt=277089
arrivThrPut=0.027736643462605327 deptThrPut=0.027736643462605327
meanTkPop=0.023957954547829244 tkColOcp=0.02341336263627736
-----
meanST=0.8637654581431048 stDevST=0.8545705986530836

Steady State Statistics: numBatchesST=692 batchSizeST=400 stDevStdStateMeanST=0.04250106559378984
95% c.i. = 0.8638466120913021 +/- 0.003166612069062942



REPORT for Depository of Queueing Place : I/product_product----------------------------------------

tkOcp=0.0

------------------ Color = product --------------------
arrivCnt=277089 deptCnt=277089
arrivThrPut=0.027736643462605327 deptThrPut=0.027736643462605327
meanTkPop=0.0 tkColOcp=0.0
-----
meanST=0.0 stDevST=0.0

Steady State Statistics: numBatchesST=1385 batchSizeST=200 stDevStdStateMeanST=0.0
95% c.i. = 0.0 +/- 0.0



REPORT for Queue : ImageProvider----------------------------------------

totArrivThrPut=0.16669823922251908 totDeptThrPut=0.16669823922251908
meanTotTkPop=0.0802403262616033 queueUtil=0.07135466265799954
meanST=0.48135077272468096



REPORT for Queue of Queueing Place : Workload----------------------------------------

queueUtilQPl=1.0

------------------ Color = workload --------------------
arrivCnt=1665315 deptCnt=1665315
arrivThrPut=0.16669823922251908 deptThrPut=0.16669823922251908
meanTkPop=1.0 tkColOcp=1.0
-----
meanST=5.998863603263009 stDevST=5.9994567075073295

Steady State Statistics: numBatchesST=1040 batchSizeST=1600 stDevStdStateMeanST=0.1488652393906541
95% c.i. = 5.999017061712991 +/- 0.009047419372606587



REPORT for Depository of Queueing Place : Workload----------------------------------------

tkOcp=0.0

------------------ Color = workload --------------------
arrivCnt=1665315 deptCnt=1665315
arrivThrPut=0.16669823922251908 deptThrPut=0.16669823922251908
meanTkPop=0.0 tkColOcp=0.0
-----
meanST=0.0 stDevST=0.0

Steady State Statistics: numBatchesST=8326 batchSizeST=200 stDevStdStateMeanST=0.0
95% c.i. = 0.0 +/- 0.0



REPORT for Queue : Workload----------------------------------------

totArrivThrPut=0.16669823922251908 totDeptThrPut=0.16669823922251908
meanTotTkPop=1.0 queueUtil=1.0
meanST=5.998863603263009



REPORT for Queue of Queueing Place : I/icon_index----------------------------------------

queueUtilQPl=0.010715796321365618

------------------ Color = index --------------------
arrivCnt=277849 deptCnt=277849
arrivThrPut=0.02781271955740368 deptThrPut=0.02781271955740368
meanTkPop=0.010845764863399084 tkColOcp=0.010715796321365618
-----
meanST=0.38995700657801974 stDevST=0.42910885837572554

Steady State Statistics: numBatchesST=694 batchSizeST=400 stDevStdStateMeanST=0.021535411289700768
95% c.i. = 0.38993394950019616 +/- 0.0016022177040441548



REPORT for Depository of Queueing Place : I/icon_index----------------------------------------

tkOcp=0.0

------------------ Color = index --------------------
arrivCnt=277849 deptCnt=277849
arrivThrPut=0.02781271955740368 deptThrPut=0.02781271955740368
meanTkPop=0.0 tkColOcp=0.0
-----
meanST=0.0 stDevST=0.0

Steady State Statistics: numBatchesST=1389 batchSizeST=200 stDevStdStateMeanST=0.0
95% c.i. = 0.0 +/- 0.0



REPORT for Queue : ImageProvider----------------------------------------

totArrivThrPut=0.16669823922251908 totDeptThrPut=0.16669823922251908
meanTotTkPop=0.0802403262616033 queueUtil=0.07135466265799954
meanST=0.48135077272468096



REPORT for Queue of Queueing Place : P/categories_login----------------------------------------

queueUtilQPl=0.015340253260184759

------------------ Color = login --------------------
arrivCnt=277458 deptCnt=277458
arrivThrPut=0.027773580408632422 deptThrPut=0.027773580408632422
meanTkPop=0.015584965089282497 tkColOcp=0.015340253260184759
-----
meanST=0.5611435349703228 stDevST=0.5597867376216454

Steady State Statistics: numBatchesST=346 batchSizeST=800 stDevStdStateMeanST=0.021658307628089367
95% c.i. = 0.5611409781501897 +/- 0.002282099414931766



REPORT for Depository of Queueing Place : P/categories_login----------------------------------------

tkOcp=0.0

------------------ Color = login --------------------
arrivCnt=277458 deptCnt=277458
arrivThrPut=0.027773580408632422 deptThrPut=0.027773580408632422
meanTkPop=0.0 tkColOcp=0.0
-----
meanST=0.0 stDevST=0.0

Steady State Statistics: numBatchesST=1387 batchSizeST=200 stDevStdStateMeanST=0.0
95% c.i. = 0.0 +/- 0.0



REPORT for Queue : Persistence----------------------------------------

totArrivThrPut=0.1666982392225191 totDeptThrPut=0.1666982392225191
meanTotTkPop=0.05501762503936027 queueUtil=0.05102525537817892
meanST=0.33004322838658995



REPORT for Queue of Queueing Place : I/icon_login----------------------------------------

queueUtilQPl=0.018960757159857844

------------------ Color = login --------------------
arrivCnt=277458 deptCnt=277458
arrivThrPut=0.027773580408632422 deptThrPut=0.027773580408632422
meanTkPop=0.019321556793916183 tkColOcp=0.018960757159857844
-----
meanST=0.6956811656847371 stDevST=0.6973573902802519

Steady State Statistics: numBatchesST=693 batchSizeST=400 stDevStdStateMeanST=0.036039043652001
95% c.i. = 0.6956681673762845 +/- 0.0026832104183684815



REPORT for Depository of Queueing Place : I/icon_login----------------------------------------

tkOcp=0.0

------------------ Color = login --------------------
arrivCnt=277458 deptCnt=277458
arrivThrPut=0.027773580408632422 deptThrPut=0.027773580408632422
meanTkPop=0.0 tkColOcp=0.0
-----
meanST=0.0 stDevST=0.0

Steady State Statistics: numBatchesST=1387 batchSizeST=200 stDevStdStateMeanST=0.0
95% c.i. = 0.0 +/- 0.0



REPORT for Queue : ImageProvider----------------------------------------

totArrivThrPut=0.16669823922251908 totDeptThrPut=0.16669823922251908
meanTotTkPop=0.0802403262616033 queueUtil=0.07135466265799954
meanST=0.48135077272468096



REPORT for Queue of Queueing Place : A/isLoggedIn_login----------------------------------------

queueUtilQPl=0.003858153019746004

------------------ Color = login --------------------
arrivCnt=277458 deptCnt=277458
arrivThrPut=0.027773580408632422 deptThrPut=0.027773580408632422
meanTkPop=0.0038852517132253774 tkColOcp=0.003858153019746004
-----
meanST=0.139890199825219 stDevST=0.22394034664443338

Steady State Statistics: numBatchesST=693 batchSizeST=400 stDevStdStateMeanST=0.010837741059332462
95% c.i. = 0.1399012280474809 +/- 8.069009822452965E-4



REPORT for Depository of Queueing Place : A/isLoggedIn_login----------------------------------------

tkOcp=0.0

------------------ Color = login --------------------
arrivCnt=277458 deptCnt=277458
arrivThrPut=0.027773580408632422 deptThrPut=0.027773580408632422
meanTkPop=0.0 tkColOcp=0.0
-----
meanST=0.0 stDevST=0.0

Steady State Statistics: numBatchesST=1387 batchSizeST=200 stDevStdStateMeanST=0.0
95% c.i. = 0.0 +/- 0.0



REPORT for Queue : Auth----------------------------------------

totArrivThrPut=0.16669823922251908 totDeptThrPut=0.16669823922251908
meanTotTkPop=0.0690309804025229 queueUtil=0.06280410404284914
meanST=0.41410743583425674



REPORT for Queue of Queueing Place : A/isLoggedIn_category----------------------------------------

queueUtilQPl=0.0041553985525777225

------------------ Color = category --------------------
arrivCnt=278025 deptCnt=278025
arrivThrPut=0.02783033717935698 deptThrPut=0.02783033717935698
meanTkPop=0.0042022985972358165 tkColOcp=0.0041553985525777225
-----
meanST=0.15099704219009072 stDevST=0.25301650433277917

Steady State Statistics: numBatchesST=695 batchSizeST=400 stDevStdStateMeanST=0.01349430755477525
95% c.i. = 0.15099212050867394 +/- 0.0010032433573052126



REPORT for Depository of Queueing Place : A/isLoggedIn_category----------------------------------------

tkOcp=0.0

------------------ Color = category --------------------
arrivCnt=278025 deptCnt=278025
arrivThrPut=0.02783033717935698 deptThrPut=0.02783033717935698
meanTkPop=0.0 tkColOcp=0.0
-----
meanST=0.0 stDevST=0.0

Steady State Statistics: numBatchesST=1390 batchSizeST=200 stDevStdStateMeanST=0.0
95% c.i. = 0.0 +/- 0.0



REPORT for Queue : Auth----------------------------------------

totArrivThrPut=0.16669823922251908 totDeptThrPut=0.16669823922251908
meanTotTkPop=0.0690309804025229 queueUtil=0.06280410404284914
meanST=0.41410743583425674



REPORT for Queue of Queueing Place : I/icon_logout----------------------------------------

queueUtilQPl=0.016786481748295248

------------------ Color = logout --------------------
arrivCnt=277276 deptCnt=277276
arrivThrPut=0.02775536218593071 deptThrPut=0.02775536218593071
meanTkPop=0.017077348410123202 tkColOcp=0.016786481748295248
-----
meanST=0.6152810507650218 stDevST=0.6215904870568223

Steady State Statistics: numBatchesST=693 batchSizeST=400 stDevStdStateMeanST=0.031217454352170146
95% c.i. = 0.6152513516920342 +/- 0.0023242292320938057



REPORT for Depository of Queueing Place : I/icon_logout----------------------------------------

tkOcp=0.0

------------------ Color = logout --------------------
arrivCnt=277276 deptCnt=277276
arrivThrPut=0.02775536218593071 deptThrPut=0.02775536218593071
meanTkPop=0.0 tkColOcp=0.0
-----
meanST=0.0 stDevST=0.0

Steady State Statistics: numBatchesST=1386 batchSizeST=200 stDevStdStateMeanST=0.0
95% c.i. = 0.0 +/- 0.0



REPORT for Queue : ImageProvider----------------------------------------

totArrivThrPut=0.16669823922251908 totDeptThrPut=0.16669823922251908
meanTotTkPop=0.0802403262616033 queueUtil=0.07135466265799954
meanST=0.48135077272468096



REPORT for Queue of Queueing Place : I/icon_loginAction----------------------------------------

queueUtilQPl=0.004737234700260024

------------------ Color = loginAction --------------------
arrivCnt=277618 deptCnt=277618
arrivThrPut=0.02778959642858997 deptThrPut=0.02778959642858997
meanTkPop=0.004799929985930867 tkColOcp=0.004737234700260024
-----
meanST=0.17272399037046446 stDevST=0.3250615164282916

Steady State Statistics: numBatchesST=694 batchSizeST=400 stDevStdStateMeanST=0.016924718565321812
95% c.i. = 0.17272281399141137 +/- 0.0012591857827341352



REPORT for Depository of Queueing Place : I/icon_loginAction----------------------------------------

tkOcp=0.0

------------------ Color = loginAction --------------------
arrivCnt=277618 deptCnt=277618
arrivThrPut=0.02778959642858997 deptThrPut=0.02778959642858997
meanTkPop=0.0 tkColOcp=0.0
-----
meanST=0.0 stDevST=0.0

Steady State Statistics: numBatchesST=1388 batchSizeST=200 stDevStdStateMeanST=0.0
95% c.i. = 0.0 +/- 0.0



REPORT for Queue : ImageProvider----------------------------------------

totArrivThrPut=0.16669823922251908 totDeptThrPut=0.16669823922251908
meanTotTkPop=0.0802403262616033 queueUtil=0.07135466265799954
meanST=0.48135077272468096



REPORT for Queue of Queueing Place : A/isLoggedIn_product----------------------------------------

queueUtilQPl=0.017106503729189704

------------------ Color = product --------------------
arrivCnt=277089 deptCnt=277089
arrivThrPut=0.027736643462605327 deptThrPut=0.027736643462605327
meanTkPop=0.017397004285264514 tkColOcp=0.017106503729189704
-----
meanST=0.6272209652447397 stDevST=0.6245428280682288

Steady State Statistics: numBatchesST=346 batchSizeST=800 stDevStdStateMeanST=0.022330620041323464
95% c.i. = 0.6272131853774626 +/- 0.002352939842135923



REPORT for Depository of Queueing Place : A/isLoggedIn_product----------------------------------------

tkOcp=0.0

------------------ Color = product --------------------
arrivCnt=277089 deptCnt=277089
arrivThrPut=0.027736643462605327 deptThrPut=0.027736643462605327
meanTkPop=0.0 tkColOcp=0.0
-----
meanST=0.0 stDevST=0.0

Steady State Statistics: numBatchesST=1385 batchSizeST=200 stDevStdStateMeanST=0.0
95% c.i. = 0.0 +/- 0.0



REPORT for Queue : Auth----------------------------------------

totArrivThrPut=0.16669823922251908 totDeptThrPut=0.16669823922251908
meanTotTkPop=0.0690309804025229 queueUtil=0.06280410404284914
meanST=0.41410743583425674



REPORT for Queue of Queueing Place : P/category_logout----------------------------------------

queueUtilQPl=0.016883250380856415

------------------ Color = logout --------------------
arrivCnt=277276 deptCnt=277276
arrivThrPut=0.02775536218593071 deptThrPut=0.02775536218593071
meanTkPop=0.017175477359722573 tkColOcp=0.016883250380856415
-----
meanST=0.6188165459584195 stDevST=0.6155153172845975

Steady State Statistics: numBatchesST=346 batchSizeST=800 stDevStdStateMeanST=0.022724792981146432
95% c.i. = 0.6188023276114403 +/- 0.0023944731812498843



REPORT for Depository of Queueing Place : P/category_logout----------------------------------------

tkOcp=0.0

------------------ Color = logout --------------------
arrivCnt=277276 deptCnt=277276
arrivThrPut=0.02775536218593071 deptThrPut=0.02775536218593071
meanTkPop=0.0 tkColOcp=0.0
-----
meanST=0.0 stDevST=0.0

Steady State Statistics: numBatchesST=1386 batchSizeST=200 stDevStdStateMeanST=0.0
95% c.i. = 0.0 +/- 0.0



REPORT for Queue : Persistence----------------------------------------

totArrivThrPut=0.1666982392225191 totDeptThrPut=0.1666982392225191
meanTotTkPop=0.05501762503936027 queueUtil=0.05102525537817892
meanST=0.33004322838658995



REPORT for Ordinary Place : Finish_index----------------------------------------

tkOcp=0.9999999999999998

------------------ Color = index --------------------
arrivCnt=277849 deptCnt=0
arrivThrPut=0.02781271955740368 deptThrPut=0.0
meanTkPop=139270.70919007508 tkColOcp=0.9999999999999998
-----
meanST=NaN stDevST=NaN

Steady State Statistics: Only 0 batches collected!
Need at least 60 for steady state statistics.



REPORT for Ordinary Place : Finish_login----------------------------------------

tkOcp=1.0

------------------ Color = login --------------------
arrivCnt=277458 deptCnt=0
arrivThrPut=0.027773580408632422 deptThrPut=0.0
meanTkPop=138648.43207119533 tkColOcp=1.0
-----
meanST=NaN stDevST=NaN

Steady State Statistics: Only 0 batches collected!
Need at least 60 for steady state statistics.



REPORT for Ordinary Place : Finish_loginAction----------------------------------------

tkOcp=1.0

------------------ Color = loginAction --------------------
arrivCnt=277618 deptCnt=0
arrivThrPut=0.02778959642858997 deptThrPut=0.0
meanTkPop=138875.56884179026 tkColOcp=1.0
-----
meanST=NaN stDevST=NaN

Steady State Statistics: Only 0 batches collected!
Need at least 60 for steady state statistics.



REPORT for Ordinary Place : Finish_category----------------------------------------

tkOcp=1.0

------------------ Color = category --------------------
arrivCnt=278025 deptCnt=0
arrivThrPut=0.02783033717935698 deptThrPut=0.0
meanTkPop=139403.4498216334 tkColOcp=1.0
-----
meanST=NaN stDevST=NaN

Steady State Statistics: Only 0 batches collected!
Need at least 60 for steady state statistics.



REPORT for Ordinary Place : Finish_product----------------------------------------

tkOcp=0.9999999999999998

------------------ Color = product --------------------
arrivCnt=277089 deptCnt=0
arrivThrPut=0.027736643462605327 deptThrPut=0.0
meanTkPop=138866.68500435198 tkColOcp=0.9999999999999998
-----
meanST=NaN stDevST=NaN

Steady State Statistics: Only 0 batches collected!
Need at least 60 for steady state statistics.



REPORT for Ordinary Place : Finish_logout----------------------------------------

tkOcp=0.9999999999999998

------------------ Color = logout --------------------
arrivCnt=277276 deptCnt=0
arrivThrPut=0.02775536218593071 deptThrPut=0.0
meanTkPop=138820.98493786305 tkColOcp=0.9999999999999998
-----
meanST=NaN stDevST=NaN

Steady State Statistics: Only 0 batches collected!
Need at least 60 for steady state statistics.



REPORT REPORT for Probe : /index----------------------------------------


------------------ Color = index --------------------
-----
meanST=1.8607739052435561 stDevST=1.0562580025981045

Steady State Statistics: numBatchesST=694 batchSizeST=400 stDevStdStateMeanST=0.051959822223028425
95% c.i. = 1.860741156378679 +/- 0.0038657700075845555



REPORT REPORT for Probe : /login----------------------------------------


------------------ Color = login --------------------
-----
meanST=1.6573491035047772 stDevST=0.9780519619293031

Steady State Statistics: numBatchesST=693 batchSizeST=400 stDevStdStateMeanST=0.048878731644999826
95% c.i. = 1.6573381315257052 +/- 0.0036391621057685515



REPORT REPORT for Probe : /loginAction----------------------------------------


------------------ Color = loginAction --------------------
-----
meanST=0.8608723109413892 stDevST=0.6620828079438593

Steady State Statistics: numBatchesST=694 batchSizeST=400 stDevStdStateMeanST=0.034874966667127506
95% c.i. = 0.8608766438124338 +/- 0.002594670158389061



REPORT REPORT for Probe : /logout----------------------------------------


------------------ Color = logout --------------------
-----
meanST=2.141816919381984 stDevST=1.1044688609700812

Steady State Statistics: numBatchesST=693 batchSizeST=400 stDevStdStateMeanST=0.05685071536311507
95% c.i. = 2.1417788391554113 +/- 0.00423269921441275



REPORT REPORT for Probe : /category----------------------------------------


------------------ Color = category --------------------
-----
meanST=0.8849986909856375 stDevST=0.6795622979071458

Steady State Statistics: numBatchesST=695 batchSizeST=400 stDevStdStateMeanST=0.033951959834017026
95% c.i. = 0.8849878716733844 +/- 0.002524181254407335



REPORT REPORT for Probe : /product----------------------------------------


------------------ Color = product --------------------
-----
meanST=2.6005733984333372 stDevST=1.2767969871063456

Steady State Statistics: numBatchesST=692 batchSizeST=400 stDevStdStateMeanST=0.06441115504583587
95% c.i. = 2.6005924675724814 +/- 0.004799059461234573



