INFO Logging to /home/yjx/workloadConfig/qpme/output/SimQPN_Output_config_2025-08-14_071501545.log
WARN Batch means correlation test was run for depository of place Workload, color 0
    However, the standard deviation of the token residence time is 0 and therefore the result of the test is ignored!
    In future runs, you should set numBMeansCorlTested to 0 to switch off the correlation test!
WARN Batch means correlation test was run for depository of place W/loginAction, color 0
    However, the standard deviation of the token residence time is 0 and therefore the result of the test is ignored!
    In future runs, you should set numBMeansCorlTested to 0 to switch off the correlation test!
WARN Batch means correlation test was run for depository of place A/login_loginAction, color 0
    However, the standard deviation of the token residence time is 0 and therefore the result of the test is ignored!
    In future runs, you should set numBMeansCorlTested to 0 to switch off the correlation test!
WARN Batch means correlation test was run for depository of place P/getUser_loginAction, color 0
    However, the standard deviation of the token residence time is 0 and therefore the result of the test is ignored!
    In future runs, you should set numBMeansCorlTested to 0 to switch off the correlation test!
WARN Batch means correlation test was run for depository of place I/icon_loginAction, color 0
    However, the standard deviation of the token residence time is 0 and therefore the result of the test is ignored!
    In future runs, you should set numBMeansCorlTested to 0 to switch off the correlation test!
WARN Batch means correlation test was run for depository of place W/logout, color 0
    However, the standard deviation of the token residence time is 0 and therefore the result of the test is ignored!
    In future runs, you should set numBMeansCorlTested to 0 to switch off the correlation test!
WARN Batch means correlation test was run for depository of place A/logout_logout, color 0
    However, the standard deviation of the token residence time is 0 and therefore the result of the test is ignored!
    In future runs, you should set numBMeansCorlTested to 0 to switch off the correlation test!
WARN Batch means correlation test was run for depository of place P/category_logout, color 0
    However, the standard deviation of the token residence time is 0 and therefore the result of the test is ignored!
    In future runs, you should set numBMeansCorlTested to 0 to switch off the correlation test!
WARN Batch means correlation test was run for depository of place I/icon_logout, color 0
    However, the standard deviation of the token residence time is 0 and therefore the result of the test is ignored!
    In future runs, you should set numBMeansCorlTested to 0 to switch off the correlation test!
WARN Batch means correlation test was run for depository of place W/index, color 0
    However, the standard deviation of the token residence time is 0 and therefore the result of the test is ignored!
    In future runs, you should set numBMeansCorlTested to 0 to switch off the correlation test!
WARN Batch means correlation test was run for depository of place P/categories_index, color 0
    However, the standard deviation of the token residence time is 0 and therefore the result of the test is ignored!
    In future runs, you should set numBMeansCorlTested to 0 to switch off the correlation test!
WARN Batch means correlation test was run for depository of place A/isLoggedIn_index, color 0
    However, the standard deviation of the token residence time is 0 and therefore the result of the test is ignored!
    In future runs, you should set numBMeansCorlTested to 0 to switch off the correlation test!
WARN Batch means correlation test was run for depository of place I/icon_index, color 0
    However, the standard deviation of the token residence time is 0 and therefore the result of the test is ignored!
    In future runs, you should set numBMeansCorlTested to 0 to switch off the correlation test!
WARN Batch means correlation test was run for depository of place W/category, color 0
    However, the standard deviation of the token residence time is 0 and therefore the result of the test is ignored!
    In future runs, you should set numBMeansCorlTested to 0 to switch off the correlation test!
WARN Batch means correlation test was run for depository of place P/category_category, color 0
    However, the standard deviation of the token residence time is 0 and therefore the result of the test is ignored!
    In future runs, you should set numBMeansCorlTested to 0 to switch off the correlation test!
WARN Batch means correlation test was run for depository of place I/productImages_category, color 0
    However, the standard deviation of the token residence time is 0 and therefore the result of the test is ignored!
    In future runs, you should set numBMeansCorlTested to 0 to switch off the correlation test!
WARN Batch means correlation test was run for depository of place A/isLoggedIn_category, color 0
    However, the standard deviation of the token residence time is 0 and therefore the result of the test is ignored!
    In future runs, you should set numBMeansCorlTested to 0 to switch off the correlation test!
WARN Batch means correlation test was run for depository of place W/login, color 0
    However, the standard deviation of the token residence time is 0 and therefore the result of the test is ignored!
    In future runs, you should set numBMeansCorlTested to 0 to switch off the correlation test!
WARN Batch means correlation test was run for depository of place P/categories_login, color 0
    However, the standard deviation of the token residence time is 0 and therefore the result of the test is ignored!
    In future runs, you should set numBMeansCorlTested to 0 to switch off the correlation test!
WARN Batch means correlation test was run for depository of place I/icon_login, color 0
    However, the standard deviation of the token residence time is 0 and therefore the result of the test is ignored!
    In future runs, you should set numBMeansCorlTested to 0 to switch off the correlation test!
WARN Batch means correlation test was run for depository of place A/isLoggedIn_login, color 0
    However, the standard deviation of the token residence time is 0 and therefore the result of the test is ignored!
    In future runs, you should set numBMeansCorlTested to 0 to switch off the correlation test!
WARN Batch means correlation test was run for depository of place W/product, color 0
    However, the standard deviation of the token residence time is 0 and therefore the result of the test is ignored!
    In future runs, you should set numBMeansCorlTested to 0 to switch off the correlation test!
WARN Batch means correlation test was run for depository of place P/getProduct_product, color 0
    However, the standard deviation of the token residence time is 0 and therefore the result of the test is ignored!
    In future runs, you should set numBMeansCorlTested to 0 to switch off the correlation test!
WARN Batch means correlation test was run for depository of place R/getAds_product, color 0
    However, the standard deviation of the token residence time is 0 and therefore the result of the test is ignored!
    In future runs, you should set numBMeansCorlTested to 0 to switch off the correlation test!
WARN Batch means correlation test was run for depository of place I/product_product, color 0
    However, the standard deviation of the token residence time is 0 and therefore the result of the test is ignored!
    In future runs, you should set numBMeansCorlTested to 0 to switch off the correlation test!
WARN Batch means correlation test was run for depository of place A/isLoggedIn_product, color 0
    However, the standard deviation of the token residence time is 0 and therefore the result of the test is ignored!
    In future runs, you should set numBMeansCorlTested to 0 to switch off the correlation test!
WARN LP-1 The simulation was stopped because of reaching max totalRunLen.
The required precision may not have been reached!
REPORT for Queue of Queueing Place : W/index----------------------------------------

queueUtilQPl=0.02045450168194962

------------------ Color = index --------------------
arrivCnt=277247 deptCnt=277247
arrivThrPut=0.027752430563376243 deptThrPut=0.027752430563376243
meanTkPop=0.020860614963949316 tkColOcp=0.02045450168194962
-----
meanST=0.7516680355730077 stDevST=0.7541462675959675

Steady State Statistics: numBatchesST=693 batchSizeST=400 stDevStdStateMeanST=0.03805038279829989
95% c.i. = 0.7516691686580484 +/- 0.002832960400757981



REPORT for Depository of Queueing Place : W/index----------------------------------------

tkOcp=0.0

------------------ Color = index --------------------
arrivCnt=277247 deptCnt=277247
arrivThrPut=0.027752430563376243 deptThrPut=0.027752430563376243
meanTkPop=0.0 tkColOcp=0.0
-----
meanST=0.0 stDevST=0.0

Steady State Statistics: numBatchesST=1386 batchSizeST=200 stDevStdStateMeanST=0.0
95% c.i. = 0.0 +/- 0.0



REPORT for Queue : WebUI----------------------------------------

totArrivThrPut=0.16658575449529409 totDeptThrPut=0.16658575449529409
meanTotTkPop=0.07542937310841098 queueUtil=0.06752749307158545
meanST=0.452796058924365



REPORT for Queue of Queueing Place : P/categories_index----------------------------------------

queueUtilQPl=0.00856455574498674

------------------ Color = index --------------------
arrivCnt=277247 deptCnt=277247
arrivThrPut=0.027752430563376243 deptThrPut=0.027752430563376243
meanTkPop=0.008638645419760576 tkColOcp=0.00856455574498674
-----
meanST=0.3112752737110041 stDevST=0.3112089564373339

Steady State Statistics: numBatchesST=693 batchSizeST=400 stDevStdStateMeanST=0.01576332242326001
95% c.i. = 0.3112950422441812 +/- 0.001173624676687122



REPORT for Depository of Queueing Place : P/categories_index----------------------------------------

tkOcp=0.0

------------------ Color = index --------------------
arrivCnt=277247 deptCnt=277247
arrivThrPut=0.027752430563376243 deptThrPut=0.027752430563376243
meanTkPop=0.0 tkColOcp=0.0
-----
meanST=0.0 stDevST=0.0

Steady State Statistics: numBatchesST=1386 batchSizeST=200 stDevStdStateMeanST=0.0
95% c.i. = 0.0 +/- 0.0



REPORT for Queue : Persistence----------------------------------------

totArrivThrPut=0.16658575449529406 totDeptThrPut=0.16658575449529406
meanTotTkPop=0.03482626750585163 queueUtil=0.03293596060055178
meanST=0.2090590975882962



REPORT for Queue of Queueing Place : A/isLoggedIn_index----------------------------------------

queueUtilQPl=0.012956722660979641

------------------ Color = index --------------------
arrivCnt=277247 deptCnt=277247
arrivThrPut=0.027752430563376243 deptThrPut=0.027752430563376243
meanTkPop=0.01312976990882718 tkColOcp=0.012956722660979641
-----
meanST=0.4731034234584846 stDevST=0.4761403820498307

Steady State Statistics: numBatchesST=693 batchSizeST=400 stDevStdStateMeanST=0.024227757592052875
95% c.i. = 0.4731190064304783 +/- 0.0018038262117172712



REPORT for Depository of Queueing Place : A/isLoggedIn_index----------------------------------------

tkOcp=0.0

------------------ Color = index --------------------
arrivCnt=277247 deptCnt=277247
arrivThrPut=0.027752430563376243 deptThrPut=0.027752430563376243
meanTkPop=0.0 tkColOcp=0.0
-----
meanST=0.0 stDevST=0.0

Steady State Statistics: numBatchesST=1386 batchSizeST=200 stDevStdStateMeanST=0.0
95% c.i. = 0.0 +/- 0.0



REPORT for Queue : Auth----------------------------------------

totArrivThrPut=0.16658575449529409 totDeptThrPut=0.16658575449529409
meanTotTkPop=0.07221133086813851 queueUtil=0.06588411687226109
meanST=0.4334784272936041



REPORT for Queue of Queueing Place : W/login----------------------------------------

queueUtilQPl=0.004205509405845394

------------------ Color = login --------------------
arrivCnt=276964 deptCnt=276964
arrivThrPut=0.0277241022573912 deptThrPut=0.0277241022573912
meanTkPop=0.00424819063406698 tkColOcp=0.004205509405845394
-----
meanST=0.1532309538691887 stDevST=0.29267505798141225

Steady State Statistics: numBatchesST=692 batchSizeST=400 stDevStdStateMeanST=0.014638357203855314
95% c.i. = 0.15322231673044295 +/- 0.0010906549740662464



REPORT for Depository of Queueing Place : W/login----------------------------------------

tkOcp=0.0

------------------ Color = login --------------------
arrivCnt=276964 deptCnt=276964
arrivThrPut=0.0277241022573912 deptThrPut=0.0277241022573912
meanTkPop=0.0 tkColOcp=0.0
-----
meanST=0.0 stDevST=0.0

Steady State Statistics: numBatchesST=1384 batchSizeST=200 stDevStdStateMeanST=0.0
95% c.i. = 0.0 +/- 0.0



REPORT for Queue : WebUI----------------------------------------

totArrivThrPut=0.16658575449529409 totDeptThrPut=0.16658575449529409
meanTotTkPop=0.07542937310841098 queueUtil=0.06752749307158545
meanST=0.452796058924365



REPORT for Queue of Queueing Place : W/loginAction----------------------------------------

queueUtilQPl=0.004059559235218073

------------------ Color = loginAction --------------------
arrivCnt=277728 deptCnt=277728
arrivThrPut=0.027800578673548702 deptThrPut=0.027800578673548702
meanTkPop=0.004097165731591485 tkColOcp=0.004059559235218073
-----
meanST=0.14737699454759187 stDevST=0.2924960508838287

Steady State Statistics: numBatchesST=694 batchSizeST=400 stDevStdStateMeanST=0.01532624142917669
95% c.i. = 0.14739042749388578 +/- 0.0011402603379126399



REPORT for Depository of Queueing Place : W/loginAction----------------------------------------

tkOcp=0.0

------------------ Color = loginAction --------------------
arrivCnt=277728 deptCnt=277728
arrivThrPut=0.027800578673548702 deptThrPut=0.027800578673548702
meanTkPop=0.0 tkColOcp=0.0
-----
meanST=0.0 stDevST=0.0

Steady State Statistics: numBatchesST=1388 batchSizeST=200 stDevStdStateMeanST=0.0
95% c.i. = 0.0 +/- 0.0



REPORT for Queue : WebUI----------------------------------------

totArrivThrPut=0.16658575449529409 totDeptThrPut=0.16658575449529409
meanTotTkPop=0.07542937310841098 queueUtil=0.06752749307158545
meanST=0.452796058924365



REPORT for Queue of Queueing Place : A/login_loginAction----------------------------------------

queueUtilQPl=0.004953204403761685

------------------ Color = loginAction --------------------
arrivCnt=277728 deptCnt=277728
arrivThrPut=0.027800578673548702 deptThrPut=0.027800578673548702
meanTkPop=0.004994663321012849 tkColOcp=0.004953204403761685
-----
meanST=0.17966040849952164 stDevST=0.24234172235391566

Steady State Statistics: numBatchesST=173 batchSizeST=1600 stDevStdStateMeanST=0.00603852368076843
95% c.i. = 0.17971419679074616 +/- 9.062056209201373E-4



REPORT for Depository of Queueing Place : A/login_loginAction----------------------------------------

tkOcp=0.0

------------------ Color = loginAction --------------------
arrivCnt=277728 deptCnt=277728
arrivThrPut=0.027800578673548702 deptThrPut=0.027800578673548702
meanTkPop=0.0 tkColOcp=0.0
-----
meanST=0.0 stDevST=0.0

Steady State Statistics: numBatchesST=1388 batchSizeST=200 stDevStdStateMeanST=0.0
95% c.i. = 0.0 +/- 0.0



REPORT for Queue : Auth----------------------------------------

totArrivThrPut=0.16658575449529409 totDeptThrPut=0.16658575449529409
meanTotTkPop=0.07221133086813851 queueUtil=0.06588411687226109
meanST=0.4334784272936041



REPORT for Queue of Queueing Place : W/logout----------------------------------------

queueUtilQPl=0.025803566052870125

------------------ Color = logout --------------------
arrivCnt=277301 deptCnt=277301
arrivThrPut=0.027757835964518265 deptThrPut=0.027757835964518265
meanTkPop=0.026479409438791675 tkColOcp=0.025803566052870125
-----
meanST=0.9539435809275352 stDevST=0.9461210264999829

Steady State Statistics: numBatchesST=693 batchSizeST=400 stDevStdStateMeanST=0.052645301083855435
95% c.i. = 0.9539425929571445 +/- 0.003919594030029243



REPORT for Depository of Queueing Place : W/logout----------------------------------------

tkOcp=0.0

------------------ Color = logout --------------------
arrivCnt=277301 deptCnt=277301
arrivThrPut=0.027757835964518265 deptThrPut=0.027757835964518265
meanTkPop=0.0 tkColOcp=0.0
-----
meanST=0.0 stDevST=0.0

Steady State Statistics: numBatchesST=1386 batchSizeST=200 stDevStdStateMeanST=0.0
95% c.i. = 0.0 +/- 0.0



REPORT for Queue : WebUI----------------------------------------

totArrivThrPut=0.16658575449529409 totDeptThrPut=0.16658575449529409
meanTotTkPop=0.07542937310841098 queueUtil=0.06752749307158545
meanST=0.452796058924365



REPORT for Queue of Queueing Place : A/logout_logout----------------------------------------

queueUtilQPl=0.005725530142052722

------------------ Color = logout --------------------
arrivCnt=277301 deptCnt=277301
arrivThrPut=0.027757835964518265 deptThrPut=0.027757835964518265
meanTkPop=0.005763727849093684 tkColOcp=0.005725530142052722
-----
meanST=0.2076432707672611 stDevST=0.25193562401154695

Steady State Statistics: numBatchesST=693 batchSizeST=400 stDevStdStateMeanST=0.013814651921803887
95% c.i. = 0.207643698163097 +/- 0.001028540555089348



REPORT for Depository of Queueing Place : A/logout_logout----------------------------------------

tkOcp=0.0

------------------ Color = logout --------------------
arrivCnt=277301 deptCnt=277301
arrivThrPut=0.027757835964518265 deptThrPut=0.027757835964518265
meanTkPop=0.0 tkColOcp=0.0
-----
meanST=0.0 stDevST=0.0

Steady State Statistics: numBatchesST=1386 batchSizeST=200 stDevStdStateMeanST=0.0
95% c.i. = 0.0 +/- 0.0



REPORT for Queue : Auth----------------------------------------

totArrivThrPut=0.16658575449529409 totDeptThrPut=0.16658575449529409
meanTotTkPop=0.07221133086813851 queueUtil=0.06588411687226109
meanST=0.4334784272936041



REPORT for Queue of Queueing Place : P/getUser_loginAction----------------------------------------

queueUtilQPl=0.0037961014100470246

------------------ Color = loginAction --------------------
arrivCnt=277728 deptCnt=277728
arrivThrPut=0.027800578673548702 deptThrPut=0.027800578673548702
meanTkPop=0.003817683149984968 tkColOcp=0.0037961014100470246
-----
meanST=0.13732387353567438 stDevST=0.15371919095781753

Steady State Statistics: numBatchesST=694 batchSizeST=400 stDevStdStateMeanST=0.0078101515830276
95% c.i. = 0.13732451578901894 +/- 5.810691502130664E-4



REPORT for Depository of Queueing Place : P/getUser_loginAction----------------------------------------

tkOcp=0.0

------------------ Color = loginAction --------------------
arrivCnt=277728 deptCnt=277728
arrivThrPut=0.027800578673548702 deptThrPut=0.027800578673548702
meanTkPop=0.0 tkColOcp=0.0
-----
meanST=0.0 stDevST=0.0

Steady State Statistics: numBatchesST=1388 batchSizeST=200 stDevStdStateMeanST=0.0
95% c.i. = 0.0 +/- 0.0



REPORT for Queue : Persistence----------------------------------------

totArrivThrPut=0.16658575449529406 totDeptThrPut=0.16658575449529406
meanTotTkPop=0.03482626750585163 queueUtil=0.03293596060055178
meanST=0.2090590975882962



REPORT for Queue of Queueing Place : W/category----------------------------------------

queueUtilQPl=0.004211037274160213

------------------ Color = category --------------------
arrivCnt=278070 deptCnt=278070
arrivThrPut=0.02783481288078151 deptThrPut=0.02783481288078151
meanTkPop=0.004250369834690298 tkColOcp=0.004211037274160213
-----
meanST=0.1526997811300164 stDevST=0.2909363947222043

Steady State Statistics: numBatchesST=695 batchSizeST=400 stDevStdStateMeanST=0.014883931423629
95% c.i. = 0.15269310894743396 +/- 0.0011065558770415034



REPORT for Depository of Queueing Place : W/category----------------------------------------

tkOcp=0.0

------------------ Color = category --------------------
arrivCnt=278070 deptCnt=278070
arrivThrPut=0.02783481288078151 deptThrPut=0.02783481288078151
meanTkPop=0.0 tkColOcp=0.0
-----
meanST=0.0 stDevST=0.0

Steady State Statistics: numBatchesST=1390 batchSizeST=200 stDevStdStateMeanST=0.0
95% c.i. = 0.0 +/- 0.0



REPORT for Queue : WebUI----------------------------------------

totArrivThrPut=0.16658575449529409 totDeptThrPut=0.16658575449529409
meanTotTkPop=0.07542937310841098 queueUtil=0.06752749307158545
meanST=0.452796058924365



REPORT for Queue of Queueing Place : W/product----------------------------------------

queueUtilQPl=0.015247566609523592

------------------ Color = product --------------------
arrivCnt=276883 deptCnt=276883
arrivThrPut=0.027715994155678166 deptThrPut=0.027715994155678166
meanTkPop=0.01549362250532123 tkColOcp=0.015247566609523592
-----
meanST=0.5590137744399494 stDevST=0.5785857606846647

Steady State Statistics: numBatchesST=346 batchSizeST=800 stDevStdStateMeanST=0.022259031400884813
95% c.i. = 0.559029817668659 +/- 0.0023453966676060295



REPORT for Depository of Queueing Place : W/product----------------------------------------

tkOcp=0.0

------------------ Color = product --------------------
arrivCnt=276883 deptCnt=276883
arrivThrPut=0.027715994155678166 deptThrPut=0.027715994155678166
meanTkPop=0.0 tkColOcp=0.0
-----
meanST=0.0 stDevST=0.0

Steady State Statistics: numBatchesST=1384 batchSizeST=200 stDevStdStateMeanST=0.0
95% c.i. = 0.0 +/- 0.0



REPORT for Queue : WebUI----------------------------------------

totArrivThrPut=0.16658575449529409 totDeptThrPut=0.16658575449529409
meanTotTkPop=0.07542937310841098 queueUtil=0.06752749307158545
meanST=0.452796058924365



REPORT for Queue of Queueing Place : P/category_category----------------------------------------

queueUtilQPl=0.003449409398988416

------------------ Color = category --------------------
arrivCnt=278070 deptCnt=278070
arrivThrPut=0.02783481288078151 deptThrPut=0.02783481288078151
meanTkPop=0.0034689150092387638 tkColOcp=0.003449409398988416
-----
meanST=0.12462505223571556 stDevST=0.14497712639138619

Steady State Statistics: numBatchesST=695 batchSizeST=400 stDevStdStateMeanST=0.007650928100401033
95% c.i. = 0.12462141790979427 +/- 5.688133876295785E-4



REPORT for Depository of Queueing Place : P/category_category----------------------------------------

tkOcp=0.0

------------------ Color = category --------------------
arrivCnt=278070 deptCnt=278070
arrivThrPut=0.02783481288078151 deptThrPut=0.02783481288078151
meanTkPop=0.0 tkColOcp=0.0
-----
meanST=0.0 stDevST=0.0

Steady State Statistics: numBatchesST=1390 batchSizeST=200 stDevStdStateMeanST=0.0
95% c.i. = 0.0 +/- 0.0



REPORT for Queue : Persistence----------------------------------------

totArrivThrPut=0.16658575449529406 totDeptThrPut=0.16658575449529406
meanTotTkPop=0.03482626750585163 queueUtil=0.03293596060055178
meanST=0.2090590975882962



REPORT for Queue of Queueing Place : P/getProduct_product----------------------------------------

queueUtilQPl=0.002980871959228161

------------------ Color = product --------------------
arrivCnt=276883 deptCnt=276883
arrivThrPut=0.027715994155678166 deptThrPut=0.027715994155678166
meanTkPop=0.0029916558579381894 tkColOcp=0.002980871959228161
-----
meanST=0.10793969146963794 stDevST=0.1220912862181241

Steady State Statistics: numBatchesST=346 batchSizeST=800 stDevStdStateMeanST=0.004375335594951813
95% c.i. = 0.10793718010826243 +/- 4.610217461506482E-4



REPORT for Depository of Queueing Place : P/getProduct_product----------------------------------------

tkOcp=0.0

------------------ Color = product --------------------
arrivCnt=276883 deptCnt=276883
arrivThrPut=0.027715994155678166 deptThrPut=0.027715994155678166
meanTkPop=0.0 tkColOcp=0.0
-----
meanST=0.0 stDevST=0.0

Steady State Statistics: numBatchesST=1384 batchSizeST=200 stDevStdStateMeanST=0.0
95% c.i. = 0.0 +/- 0.0



REPORT for Queue : Persistence----------------------------------------

totArrivThrPut=0.16658575449529406 totDeptThrPut=0.16658575449529406
meanTotTkPop=0.03482626750585163 queueUtil=0.03293596060055178
meanST=0.2090590975882962



REPORT for Queue of Queueing Place : R/getAds_product----------------------------------------

queueUtilQPl=0.0027480012059832486

------------------ Color = product --------------------
arrivCnt=276883 deptCnt=276883
arrivThrPut=0.027715994155678166 deptThrPut=0.027715994155678166
meanTkPop=0.002755168718404377 tkColOcp=0.0027480012059832486
-----
meanST=0.09940717633756344 stDevST=0.09941809287526115

Steady State Statistics: numBatchesST=692 batchSizeST=400 stDevStdStateMeanST=0.0049487151207962205
95% c.i. = 0.09940851129656537 +/- 3.687121913046186E-4



REPORT for Depository of Queueing Place : R/getAds_product----------------------------------------

tkOcp=0.0

------------------ Color = product --------------------
arrivCnt=276883 deptCnt=276883
arrivThrPut=0.027715994155678166 deptThrPut=0.027715994155678166
meanTkPop=0.0 tkColOcp=0.0
-----
meanST=0.0 stDevST=0.0

Steady State Statistics: numBatchesST=1384 batchSizeST=200 stDevStdStateMeanST=0.0
95% c.i. = 0.0 +/- 0.0



REPORT for Queue : Recommender----------------------------------------

totArrivThrPut=0.027715994155678166 totDeptThrPut=0.027715994155678166
meanTotTkPop=0.002755168718404377 queueUtil=0.0027480012059832486
meanST=0.09940717633756344



REPORT for Queue of Queueing Place : I/productImages_category----------------------------------------

queueUtilQPl=0.007866605704866865

------------------ Color = category --------------------
arrivCnt=278070 deptCnt=278070
arrivThrPut=0.02783481288078151 deptThrPut=0.02783481288078151
meanTkPop=0.007993908408943168 tkColOcp=0.007866605704866865
-----
meanST=0.2871910238154518 stDevST=0.46107255101595973

Steady State Statistics: numBatchesST=347 batchSizeST=800 stDevStdStateMeanST=0.017501621952695317
95% c.i. = 0.28720581312942606 +/- 0.0018414572972303945



REPORT for Depository of Queueing Place : I/productImages_category----------------------------------------

tkOcp=0.0

------------------ Color = category --------------------
arrivCnt=278070 deptCnt=278070
arrivThrPut=0.02783481288078151 deptThrPut=0.02783481288078151
meanTkPop=0.0 tkColOcp=0.0
-----
meanST=0.0 stDevST=0.0

Steady State Statistics: numBatchesST=1390 batchSizeST=200 stDevStdStateMeanST=0.0
95% c.i. = 0.0 +/- 0.0



REPORT for Queue : ImageProvider----------------------------------------

totArrivThrPut=0.16658575449529409 totDeptThrPut=0.16658575449529409
meanTotTkPop=0.07840944889609996 queueUtil=0.06716980919053533
meanST=0.47068519834518613



REPORT for Queue of Queueing Place : I/product_product----------------------------------------

queueUtilQPl=0.00443648525044059

------------------ Color = product --------------------
arrivCnt=276883 deptCnt=276883
arrivThrPut=0.027715994155678166 deptThrPut=0.027715994155678166
meanTkPop=0.004498735294650571 tkColOcp=0.00443648525044059
-----
meanST=0.1623154944174686 stDevST=0.3777908253242866

Steady State Statistics: numBatchesST=692 batchSizeST=400 stDevStdStateMeanST=0.018670475324604262
95% c.i. = 0.16230670098357827 +/- 0.0013910745924138076



REPORT for Depository of Queueing Place : I/product_product----------------------------------------

tkOcp=0.0

------------------ Color = product --------------------
arrivCnt=276883 deptCnt=276883
arrivThrPut=0.027715994155678166 deptThrPut=0.027715994155678166
meanTkPop=0.0 tkColOcp=0.0
-----
meanST=0.0 stDevST=0.0

Steady State Statistics: numBatchesST=1384 batchSizeST=200 stDevStdStateMeanST=0.0
95% c.i. = 0.0 +/- 0.0



REPORT for Queue : ImageProvider----------------------------------------

totArrivThrPut=0.16658575449529409 totDeptThrPut=0.16658575449529409
meanTotTkPop=0.07840944889609996 queueUtil=0.06716980919053533
meanST=0.47068519834518613



REPORT for Queue of Queueing Place : Workload----------------------------------------

queueUtilQPl=1.0

------------------ Color = workload --------------------
arrivCnt=1664193 deptCnt=1664193
arrivThrPut=0.16658575449529409 deptThrPut=0.16658575449529409
meanTkPop=1.0 tkColOcp=1.0
-----
meanST=6.002914252960623 stDevST=6.0000630082372775

Steady State Statistics: numBatchesST=4160 batchSizeST=400 stDevStdStateMeanST=0.30359515148544985
95% c.i. = 6.0029505653381605 +/- 0.009225634762762938



REPORT for Depository of Queueing Place : Workload----------------------------------------

tkOcp=0.0

------------------ Color = workload --------------------
arrivCnt=1664193 deptCnt=1664193
arrivThrPut=0.16658575449529409 deptThrPut=0.16658575449529409
meanTkPop=0.0 tkColOcp=0.0
-----
meanST=0.0 stDevST=0.0

Steady State Statistics: numBatchesST=8320 batchSizeST=200 stDevStdStateMeanST=0.0
95% c.i. = 0.0 +/- 0.0



REPORT for Queue : Workload----------------------------------------

totArrivThrPut=0.16658575449529409 totDeptThrPut=0.16658575449529409
meanTotTkPop=1.0 queueUtil=1.0
meanST=6.002914252960623



REPORT for Queue of Queueing Place : I/icon_index----------------------------------------

queueUtilQPl=0.006774810845088475

------------------ Color = index --------------------
arrivCnt=277247 deptCnt=277247
arrivThrPut=0.027752430563376243 deptThrPut=0.027752430563376243
meanTkPop=0.006856482399812468 tkColOcp=0.006774810845088475
-----
meanST=0.2470588074855213 stDevST=0.40717766149568135

Steady State Statistics: numBatchesST=693 batchSizeST=400 stDevStdStateMeanST=0.021609437601293066
95% c.i. = 0.24707551085557242 +/- 0.00160888476028286



REPORT for Depository of Queueing Place : I/icon_index----------------------------------------

tkOcp=0.0

------------------ Color = index --------------------
arrivCnt=277247 deptCnt=277247
arrivThrPut=0.027752430563376243 deptThrPut=0.027752430563376243
meanTkPop=0.0 tkColOcp=0.0
-----
meanST=0.0 stDevST=0.0

Steady State Statistics: numBatchesST=1386 batchSizeST=200 stDevStdStateMeanST=0.0
95% c.i. = 0.0 +/- 0.0



REPORT for Queue : ImageProvider----------------------------------------

totArrivThrPut=0.16658575449529409 totDeptThrPut=0.16658575449529409
meanTotTkPop=0.07840944889609996 queueUtil=0.06716980919053533
meanST=0.47068519834518613



REPORT for Queue of Queueing Place : P/categories_login----------------------------------------

queueUtilQPl=0.011538348345637732

------------------ Color = login --------------------
arrivCnt=276964 deptCnt=276964
arrivThrPut=0.0277241022573912 deptThrPut=0.0277241022573912
meanTkPop=0.011686651534123009 tkColOcp=0.011538348345637732
-----
meanST=0.42153399326058855 stDevST=0.4181824177858609

Steady State Statistics: numBatchesST=692 batchSizeST=400 stDevStdStateMeanST=0.020892984428243052
95% c.i. = 0.42151957597961687 +/- 0.0015566663029476066



REPORT for Depository of Queueing Place : P/categories_login----------------------------------------

tkOcp=0.0

------------------ Color = login --------------------
arrivCnt=276964 deptCnt=276964
arrivThrPut=0.0277241022573912 deptThrPut=0.0277241022573912
meanTkPop=0.0 tkColOcp=0.0
-----
meanST=0.0 stDevST=0.0

Steady State Statistics: numBatchesST=1384 batchSizeST=200 stDevStdStateMeanST=0.0
95% c.i. = 0.0 +/- 0.0



REPORT for Queue : Persistence----------------------------------------

totArrivThrPut=0.16658575449529406 totDeptThrPut=0.16658575449529406
meanTotTkPop=0.03482626750585163 queueUtil=0.03293596060055178
meanST=0.2090590975882962



REPORT for Queue of Queueing Place : I/icon_login----------------------------------------

queueUtilQPl=0.03533376466908489

------------------ Color = login --------------------
arrivCnt=276964 deptCnt=276964
arrivThrPut=0.0277241022573912 deptThrPut=0.0277241022573912
meanTkPop=0.03664726054198139 tkColOcp=0.03533376466908489
-----
meanST=1.3218556259007916 stDevST=1.3182327210925835

Steady State Statistics: numBatchesST=692 batchSizeST=400 stDevStdStateMeanST=0.06894556614081594
95% c.i. = 1.321772024377964 +/- 0.005136903247004379



REPORT for Depository of Queueing Place : I/icon_login----------------------------------------

tkOcp=0.0

------------------ Color = login --------------------
arrivCnt=276964 deptCnt=276964
arrivThrPut=0.0277241022573912 deptThrPut=0.0277241022573912
meanTkPop=0.0 tkColOcp=0.0
-----
meanST=0.0 stDevST=0.0

Steady State Statistics: numBatchesST=1384 batchSizeST=200 stDevStdStateMeanST=0.0
95% c.i. = 0.0 +/- 0.0



REPORT for Queue : ImageProvider----------------------------------------

totArrivThrPut=0.16658575449529409 totDeptThrPut=0.16658575449529409
meanTotTkPop=0.07840944889609996 queueUtil=0.06716980919053533
meanST=0.47068519834518613



REPORT for Queue of Queueing Place : A/isLoggedIn_login----------------------------------------

queueUtilQPl=0.016891158903528235

------------------ Color = login --------------------
arrivCnt=276964 deptCnt=276964
arrivThrPut=0.0277241022573912 deptThrPut=0.0277241022573912
meanTkPop=0.01717343933645596 tkColOcp=0.016891158903528235
-----
meanST=0.6194407731228717 stDevST=0.6171265160158611

Steady State Statistics: numBatchesST=692 batchSizeST=400 stDevStdStateMeanST=0.032991701611568724
95% c.i. = 0.6194297870207656 +/- 0.002458101203876216



REPORT for Depository of Queueing Place : A/isLoggedIn_login----------------------------------------

tkOcp=0.0

------------------ Color = login --------------------
arrivCnt=276964 deptCnt=276964
arrivThrPut=0.0277241022573912 deptThrPut=0.0277241022573912
meanTkPop=0.0 tkColOcp=0.0
-----
meanST=0.0 stDevST=0.0

Steady State Statistics: numBatchesST=1384 batchSizeST=200 stDevStdStateMeanST=0.0
95% c.i. = 0.0 +/- 0.0



REPORT for Queue : Auth----------------------------------------

totArrivThrPut=0.16658575449529409 totDeptThrPut=0.16658575449529409
meanTotTkPop=0.07221133086813851 queueUtil=0.06588411687226109
meanST=0.4334784272936041



REPORT for Queue of Queueing Place : A/isLoggedIn_category----------------------------------------

queueUtilQPl=0.012306354422248793

------------------ Color = category --------------------
arrivCnt=278070 deptCnt=278070
arrivThrPut=0.02783481288078151 deptThrPut=0.02783481288078151
meanTkPop=0.012509959302027309 tkColOcp=0.012306354422248793
-----
meanST=0.4494357248100915 stDevST=0.4651057950315384

Steady State Statistics: numBatchesST=695 batchSizeST=400 stDevStdStateMeanST=0.024406748939481488
95% c.i. = 0.449424022571198 +/- 0.001814536140336151



REPORT for Depository of Queueing Place : A/isLoggedIn_category----------------------------------------

tkOcp=0.0

------------------ Color = category --------------------
arrivCnt=278070 deptCnt=278070
arrivThrPut=0.02783481288078151 deptThrPut=0.02783481288078151
meanTkPop=0.0 tkColOcp=0.0
-----
meanST=0.0 stDevST=0.0

Steady State Statistics: numBatchesST=1390 batchSizeST=200 stDevStdStateMeanST=0.0
95% c.i. = 0.0 +/- 0.0



REPORT for Queue : Auth----------------------------------------

totArrivThrPut=0.16658575449529409 totDeptThrPut=0.16658575449529409
meanTotTkPop=0.07221133086813851 queueUtil=0.06588411687226109
meanST=0.4334784272936041



REPORT for Queue of Queueing Place : I/icon_logout----------------------------------------

queueUtilQPl=0.016911271922560783

------------------ Color = logout --------------------
arrivCnt=277301 deptCnt=277301
arrivThrPut=0.027757835964518265 deptThrPut=0.027757835964518265
meanTkPop=0.017218223181351956 tkColOcp=0.016911271922560783
-----
meanST=0.6203013521429166 stDevST=0.678617857028616

Steady State Statistics: numBatchesST=693 batchSizeST=400 stDevStdStateMeanST=0.03543300708239532
95% c.i. = 0.6202781915580976 +/- 0.0026380892533014954



REPORT for Depository of Queueing Place : I/icon_logout----------------------------------------

tkOcp=0.0

------------------ Color = logout --------------------
arrivCnt=277301 deptCnt=277301
arrivThrPut=0.027757835964518265 deptThrPut=0.027757835964518265
meanTkPop=0.0 tkColOcp=0.0
-----
meanST=0.0 stDevST=0.0

Steady State Statistics: numBatchesST=1386 batchSizeST=200 stDevStdStateMeanST=0.0
95% c.i. = 0.0 +/- 0.0



REPORT for Queue : ImageProvider----------------------------------------

totArrivThrPut=0.16658575449529409 totDeptThrPut=0.16658575449529409
meanTotTkPop=0.07840944889609996 queueUtil=0.06716980919053533
meanST=0.47068519834518613



REPORT for Queue of Queueing Place : I/icon_loginAction----------------------------------------

queueUtilQPl=0.0050953040812611195

------------------ Color = loginAction --------------------
arrivCnt=277728 deptCnt=277728
arrivThrPut=0.027800578673548702 deptThrPut=0.027800578673548702
meanTkPop=0.005194839069360419 tkColOcp=0.0050953040812611195
-----
meanST=0.1868608251058864 stDevST=0.42961324755793695

Steady State Statistics: numBatchesST=694 batchSizeST=400 stDevStdStateMeanST=0.022110383199322122
95% c.i. = 0.18686044649848546 +/- 0.0016449951630176912



REPORT for Depository of Queueing Place : I/icon_loginAction----------------------------------------

tkOcp=0.0

------------------ Color = loginAction --------------------
arrivCnt=277728 deptCnt=277728
arrivThrPut=0.027800578673548702 deptThrPut=0.027800578673548702
meanTkPop=0.0 tkColOcp=0.0
-----
meanST=0.0 stDevST=0.0

Steady State Statistics: numBatchesST=1388 batchSizeST=200 stDevStdStateMeanST=0.0
95% c.i. = 0.0 +/- 0.0



REPORT for Queue : ImageProvider----------------------------------------

totArrivThrPut=0.16658575449529409 totDeptThrPut=0.16658575449529409
meanTotTkPop=0.07840944889609996 queueUtil=0.06716980919053533
meanST=0.47068519834518613



REPORT for Queue of Queueing Place : A/isLoggedIn_product----------------------------------------

queueUtilQPl=0.01826158987141987

------------------ Color = product --------------------
arrivCnt=276883 deptCnt=276883
arrivThrPut=0.027715994155678166 deptThrPut=0.027715994155678166
meanTkPop=0.018639771150721532 tkColOcp=0.01826158987141987
-----
meanST=0.6725276043148107 stDevST=0.6662489611831633

Steady State Statistics: numBatchesST=692 batchSizeST=400 stDevStdStateMeanST=0.03562374052383183
95% c.i. = 0.6725667970053202 +/- 0.0026542056090098484



REPORT for Depository of Queueing Place : A/isLoggedIn_product----------------------------------------

tkOcp=0.0

------------------ Color = product --------------------
arrivCnt=276883 deptCnt=276883
arrivThrPut=0.027715994155678166 deptThrPut=0.027715994155678166
meanTkPop=0.0 tkColOcp=0.0
-----
meanST=0.0 stDevST=0.0

Steady State Statistics: numBatchesST=1384 batchSizeST=200 stDevStdStateMeanST=0.0
95% c.i. = 0.0 +/- 0.0



REPORT for Queue : Auth----------------------------------------

totArrivThrPut=0.16658575449529409 totDeptThrPut=0.16658575449529409
meanTotTkPop=0.07221133086813851 queueUtil=0.06588411687226109
meanST=0.4334784272936041



REPORT for Queue of Queueing Place : P/category_logout----------------------------------------

queueUtilQPl=0.0042019431508092085

------------------ Color = logout --------------------
arrivCnt=277301 deptCnt=277301
arrivThrPut=0.027757835964518265 deptThrPut=0.027757835964518265
meanTkPop=0.0042227165348061296 tkColOcp=0.0042019431508092085
-----
meanST=0.15212700803491525 stDevST=0.16617010913907745

Steady State Statistics: numBatchesST=693 batchSizeST=400 stDevStdStateMeanST=0.008301974548063827
95% c.i. = 0.15212334612771575 +/- 6.181058747145195E-4



REPORT for Depository of Queueing Place : P/category_logout----------------------------------------

tkOcp=0.0

------------------ Color = logout --------------------
arrivCnt=277301 deptCnt=277301
arrivThrPut=0.027757835964518265 deptThrPut=0.027757835964518265
meanTkPop=0.0 tkColOcp=0.0
-----
meanST=0.0 stDevST=0.0

Steady State Statistics: numBatchesST=1386 batchSizeST=200 stDevStdStateMeanST=0.0
95% c.i. = 0.0 +/- 0.0



REPORT for Queue : Persistence----------------------------------------

totArrivThrPut=0.16658575449529406 totDeptThrPut=0.16658575449529406
meanTotTkPop=0.03482626750585163 queueUtil=0.03293596060055178
meanST=0.2090590975882962



REPORT for Ordinary Place : Finish_index----------------------------------------

tkOcp=1.0

------------------ Color = index --------------------
arrivCnt=277247 deptCnt=0
arrivThrPut=0.027752430563376243 deptThrPut=0.0
meanTkPop=139023.58363361063 tkColOcp=1.0
-----
meanST=NaN stDevST=NaN

Steady State Statistics: Only 0 batches collected!
Need at least 60 for steady state statistics.



REPORT for Ordinary Place : Finish_login----------------------------------------

tkOcp=1.0

------------------ Color = login --------------------
arrivCnt=276964 deptCnt=0
arrivThrPut=0.0277241022573912 deptThrPut=0.0
meanTkPop=138925.84433556517 tkColOcp=1.0
-----
meanST=NaN stDevST=NaN

Steady State Statistics: Only 0 batches collected!
Need at least 60 for steady state statistics.



REPORT for Ordinary Place : Finish_loginAction----------------------------------------

tkOcp=1.0

------------------ Color = loginAction --------------------
arrivCnt=277728 deptCnt=0
arrivThrPut=0.027800578673548702 deptThrPut=0.0
meanTkPop=139160.99843441337 tkColOcp=1.0
-----
meanST=NaN stDevST=NaN

Steady State Statistics: Only 0 batches collected!
Need at least 60 for steady state statistics.



REPORT for Ordinary Place : Finish_category----------------------------------------

tkOcp=1.0

------------------ Color = category --------------------
arrivCnt=278070 deptCnt=0
arrivThrPut=0.02783481288078151 deptThrPut=0.0
meanTkPop=139018.49771372037 tkColOcp=1.0
-----
meanST=NaN stDevST=NaN

Steady State Statistics: Only 0 batches collected!
Need at least 60 for steady state statistics.



REPORT for Ordinary Place : Finish_product----------------------------------------

tkOcp=1.0

------------------ Color = product --------------------
arrivCnt=276883 deptCnt=0
arrivThrPut=0.027715994155678166 deptThrPut=0.0
meanTkPop=138582.3645506925 tkColOcp=1.0
-----
meanST=NaN stDevST=NaN

Steady State Statistics: Only 0 batches collected!
Need at least 60 for steady state statistics.



REPORT for Ordinary Place : Finish_logout----------------------------------------

tkOcp=1.0

------------------ Color = logout --------------------
arrivCnt=277301 deptCnt=0
arrivThrPut=0.027757835964518265 deptThrPut=0.0
meanTkPop=138981.5500890764 tkColOcp=1.0
-----
meanST=NaN stDevST=NaN

Steady State Statistics: Only 0 batches collected!
Need at least 60 for steady state statistics.



REPORT REPORT for Probe : /index----------------------------------------


------------------ Color = index --------------------
-----
meanST=1.7831055402280178 stDevST=1.0284211041622695

Steady State Statistics: numBatchesST=693 batchSizeST=400 stDevStdStateMeanST=0.05238851851669687
95% c.i. = 1.7831587281882801 +/- 0.003900475829610042



REPORT REPORT for Probe : /login----------------------------------------


------------------ Color = login --------------------
-----
meanST=2.5160613461534407 stDevST=1.5469117226589535

Steady State Statistics: numBatchesST=692 batchSizeST=400 stDevStdStateMeanST=0.08073046654272513
95% c.i. = 2.515943704108789 +/- 0.006014956710464908



REPORT REPORT for Probe : /loginAction----------------------------------------


------------------ Color = loginAction --------------------
-----
meanST=0.6512221016886742 stDevST=0.6367416344697979

Steady State Statistics: numBatchesST=694 batchSizeST=400 stDevStdStateMeanST=0.03354859950996515
95% c.i. = 0.651242980664591 +/- 0.0024959894825161756



REPORT REPORT for Probe : /logout----------------------------------------


------------------ Color = logout --------------------
-----
meanST=1.9340152118726281 stDevST=1.2124363963775444

Steady State Statistics: numBatchesST=693 batchSizeST=400 stDevStdStateMeanST=0.06610641760951541
95% c.i. = 1.9339878288060561 +/- 0.004921812858400331



REPORT REPORT for Probe : /category----------------------------------------


------------------ Color = category --------------------
-----
meanST=1.0139515819912752 stDevST=0.7897654897846309

Steady State Statistics: numBatchesST=695 batchSizeST=400 stDevStdStateMeanST=0.04243201741401006
95% c.i. = 1.0139228808778797 +/- 0.0031546368300017376



REPORT REPORT for Probe : /product----------------------------------------


------------------ Color = product --------------------
-----
meanST=1.6012037409794302 stDevST=1.000692930040566

Steady State Statistics: numBatchesST=692 batchSizeST=400 stDevStdStateMeanST=0.052198245439925454
95% c.i. = 1.6012490070623846 +/- 0.003889116465308805



