INFO Logging to /home/yjx/workloadConfig/qpme/output/SimQPN_Output_config_2025-08-14_060900837.log
WARN Batch means correlation test was run for depository of place Workload, color 0
    However, the standard deviation of the token residence time is 0 and therefore the result of the test is ignored!
    In future runs, you should set numBMeansCorlTested to 0 to switch off the correlation test!
WARN Batch means correlation test was run for depository of place W/logout, color 0
    However, the standard deviation of the token residence time is 0 and therefore the result of the test is ignored!
    In future runs, you should set numBMeansCorlTested to 0 to switch off the correlation test!
WARN Batch means correlation test was run for depository of place A/logout_logout, color 0
    However, the standard deviation of the token residence time is 0 and therefore the result of the test is ignored!
    In future runs, you should set numBMeansCorlTested to 0 to switch off the correlation test!
WARN Batch means correlation test was run for depository of place P/category_logout, color 0
    However, the standard deviation of the token residence time is 0 and therefore the result of the test is ignored!
    In future runs, you should set numBMeansCorlTested to 0 to switch off the correlation test!
WARN Batch means correlation test was run for depository of place I/icon_logout, color 0
    However, the standard deviation of the token residence time is 0 and therefore the result of the test is ignored!
    In future runs, you should set numBMeansCorlTested to 0 to switch off the correlation test!
WARN Batch means correlation test was run for depository of place W/index, color 0
    However, the standard deviation of the token residence time is 0 and therefore the result of the test is ignored!
    In future runs, you should set numBMeansCorlTested to 0 to switch off the correlation test!
WARN Batch means correlation test was run for depository of place P/categories_index, color 0
    However, the standard deviation of the token residence time is 0 and therefore the result of the test is ignored!
    In future runs, you should set numBMeansCorlTested to 0 to switch off the correlation test!
WARN Batch means correlation test was run for depository of place A/isLoggedIn_index, color 0
    However, the standard deviation of the token residence time is 0 and therefore the result of the test is ignored!
    In future runs, you should set numBMeansCorlTested to 0 to switch off the correlation test!
WARN Batch means correlation test was run for depository of place I/icon_index, color 0
    However, the standard deviation of the token residence time is 0 and therefore the result of the test is ignored!
    In future runs, you should set numBMeansCorlTested to 0 to switch off the correlation test!
WARN Batch means correlation test was run for depository of place W/product, color 0
    However, the standard deviation of the token residence time is 0 and therefore the result of the test is ignored!
    In future runs, you should set numBMeansCorlTested to 0 to switch off the correlation test!
WARN Batch means correlation test was run for depository of place P/getProduct_product, color 0
    However, the standard deviation of the token residence time is 0 and therefore the result of the test is ignored!
    In future runs, you should set numBMeansCorlTested to 0 to switch off the correlation test!
WARN Batch means correlation test was run for depository of place R/getAds_product, color 0
    However, the standard deviation of the token residence time is 0 and therefore the result of the test is ignored!
    In future runs, you should set numBMeansCorlTested to 0 to switch off the correlation test!
WARN Batch means correlation test was run for depository of place I/product_product, color 0
    However, the standard deviation of the token residence time is 0 and therefore the result of the test is ignored!
    In future runs, you should set numBMeansCorlTested to 0 to switch off the correlation test!
WARN Batch means correlation test was run for depository of place A/isLoggedIn_product, color 0
    However, the standard deviation of the token residence time is 0 and therefore the result of the test is ignored!
    In future runs, you should set numBMeansCorlTested to 0 to switch off the correlation test!
WARN Batch means correlation test was run for depository of place W/login, color 0
    However, the standard deviation of the token residence time is 0 and therefore the result of the test is ignored!
    In future runs, you should set numBMeansCorlTested to 0 to switch off the correlation test!
WARN Batch means correlation test was run for depository of place P/categories_login, color 0
    However, the standard deviation of the token residence time is 0 and therefore the result of the test is ignored!
    In future runs, you should set numBMeansCorlTested to 0 to switch off the correlation test!
WARN Batch means correlation test was run for depository of place I/icon_login, color 0
    However, the standard deviation of the token residence time is 0 and therefore the result of the test is ignored!
    In future runs, you should set numBMeansCorlTested to 0 to switch off the correlation test!
WARN Batch means correlation test was run for depository of place A/isLoggedIn_login, color 0
    However, the standard deviation of the token residence time is 0 and therefore the result of the test is ignored!
    In future runs, you should set numBMeansCorlTested to 0 to switch off the correlation test!
WARN Batch means correlation test was run for depository of place W/category, color 0
    However, the standard deviation of the token residence time is 0 and therefore the result of the test is ignored!
    In future runs, you should set numBMeansCorlTested to 0 to switch off the correlation test!
WARN Batch means correlation test was run for depository of place P/category_category, color 0
    However, the standard deviation of the token residence time is 0 and therefore the result of the test is ignored!
    In future runs, you should set numBMeansCorlTested to 0 to switch off the correlation test!
WARN Batch means correlation test was run for depository of place I/productImages_category, color 0
    However, the standard deviation of the token residence time is 0 and therefore the result of the test is ignored!
    In future runs, you should set numBMeansCorlTested to 0 to switch off the correlation test!
WARN Batch means correlation test was run for depository of place A/isLoggedIn_category, color 0
    However, the standard deviation of the token residence time is 0 and therefore the result of the test is ignored!
    In future runs, you should set numBMeansCorlTested to 0 to switch off the correlation test!
WARN Batch means correlation test was run for depository of place W/loginAction, color 0
    However, the standard deviation of the token residence time is 0 and therefore the result of the test is ignored!
    In future runs, you should set numBMeansCorlTested to 0 to switch off the correlation test!
WARN Batch means correlation test was run for depository of place A/login_loginAction, color 0
    However, the standard deviation of the token residence time is 0 and therefore the result of the test is ignored!
    In future runs, you should set numBMeansCorlTested to 0 to switch off the correlation test!
WARN Batch means correlation test was run for depository of place P/getUser_loginAction, color 0
    However, the standard deviation of the token residence time is 0 and therefore the result of the test is ignored!
    In future runs, you should set numBMeansCorlTested to 0 to switch off the correlation test!
WARN Batch means correlation test was run for depository of place I/icon_loginAction, color 0
    However, the standard deviation of the token residence time is 0 and therefore the result of the test is ignored!
    In future runs, you should set numBMeansCorlTested to 0 to switch off the correlation test!
WARN LP-1 The simulation was stopped because of reaching max totalRunLen.
The required precision may not have been reached!
REPORT for Queue of Queueing Place : W/index----------------------------------------

queueUtilQPl=0.013347101285044826

------------------ Color = index --------------------
arrivCnt=278436 deptCnt=278436
arrivThrPut=0.027871451635410324 deptThrPut=0.027871451635410324
meanTkPop=0.013540876799819437 tkColOcp=0.013347101285044826
-----
meanST=0.4858332094413025 stDevST=0.5174444593277964

Steady State Statistics: numBatchesST=696 batchSizeST=400 stDevStdStateMeanST=0.0267314555832902
95% c.i. = 0.48583364219024777 +/- 0.0019859397968310846



REPORT for Depository of Queueing Place : W/index----------------------------------------

tkOcp=0.0

------------------ Color = index --------------------
arrivCnt=278436 deptCnt=278436
arrivThrPut=0.027871451635410324 deptThrPut=0.027871451635410324
meanTkPop=0.0 tkColOcp=0.0
-----
meanST=0.0 stDevST=0.0

Steady State Statistics: numBatchesST=1392 batchSizeST=200 stDevStdStateMeanST=0.0
95% c.i. = 0.0 +/- 0.0



REPORT for Queue : WebUI----------------------------------------

totArrivThrPut=0.166988569843229 totDeptThrPut=0.166988569843229
meanTotTkPop=0.08138822228934252 queueUtil=0.07300818374932445
meanST=0.4873879832958079



REPORT for Queue of Queueing Place : P/categories_index----------------------------------------

queueUtilQPl=0.03591147181213711

------------------ Color = index --------------------
arrivCnt=278436 deptCnt=278436
arrivThrPut=0.027871451635410324 deptThrPut=0.027871451635410324
meanTkPop=0.03729570341808818 tkColOcp=0.03591147181213711
-----
meanST=1.3381327928648132 stDevST=1.3248084388496204

Steady State Statistics: numBatchesST=696 batchSizeST=400 stDevStdStateMeanST=0.06951564465990054
95% c.i. = 1.3381213865188182 +/- 0.005164473172899798



REPORT for Depository of Queueing Place : P/categories_index----------------------------------------

tkOcp=0.0

------------------ Color = index --------------------
arrivCnt=278436 deptCnt=278436
arrivThrPut=0.027871451635410324 deptThrPut=0.027871451635410324
meanTkPop=0.0 tkColOcp=0.0
-----
meanST=0.0 stDevST=0.0

Steady State Statistics: numBatchesST=1392 batchSizeST=200 stDevStdStateMeanST=0.0
95% c.i. = 0.0 +/- 0.0



REPORT for Queue : Persistence----------------------------------------

totArrivThrPut=0.166988569843229 totDeptThrPut=0.166988569843229
meanTotTkPop=0.09780813812038212 queueUtil=0.08500620181894367
meanST=0.5857175626583644



REPORT for Queue of Queueing Place : A/isLoggedIn_index----------------------------------------

queueUtilQPl=0.023979494501783084

------------------ Color = index --------------------
arrivCnt=278436 deptCnt=278436
arrivThrPut=0.027871451635410324 deptThrPut=0.027871451635410324
meanTkPop=0.024564821919740125 tkColOcp=0.023979494501783084
-----
meanST=0.8813614102729702 stDevST=0.9013506599718542

Steady State Statistics: numBatchesST=696 batchSizeST=400 stDevStdStateMeanST=0.047065331494947335
95% c.i. = 0.881367733229743 +/- 0.0034965890493928314



REPORT for Depository of Queueing Place : A/isLoggedIn_index----------------------------------------

tkOcp=0.0

------------------ Color = index --------------------
arrivCnt=278436 deptCnt=278436
arrivThrPut=0.027871451635410324 deptThrPut=0.027871451635410324
meanTkPop=0.0 tkColOcp=0.0
-----
meanST=0.0 stDevST=0.0

Steady State Statistics: numBatchesST=1392 batchSizeST=200 stDevStdStateMeanST=0.0
95% c.i. = 0.0 +/- 0.0



REPORT for Queue : Auth----------------------------------------

totArrivThrPut=0.166988569843229 totDeptThrPut=0.166988569843229
meanTotTkPop=0.12358232997529373 queueUtil=0.10563374167575224
meanST=0.7400646049685581



REPORT for Queue of Queueing Place : W/login----------------------------------------

queueUtilQPl=0.013540755438799948

------------------ Color = login --------------------
arrivCnt=277895 deptCnt=277895
arrivThrPut=0.027817297519797553 deptThrPut=0.027817297519797553
meanTkPop=0.013738729003889113 tkColOcp=0.013540755438799948
-----
meanST=0.4938915792992208 stDevST=0.5268060067549195

Steady State Statistics: numBatchesST=694 batchSizeST=400 stDevStdStateMeanST=0.0282777122227406
95% c.i. = 0.4938137167533582 +/- 0.002103839603695366



REPORT for Depository of Queueing Place : W/login----------------------------------------

tkOcp=0.0

------------------ Color = login --------------------
arrivCnt=277895 deptCnt=277895
arrivThrPut=0.027817297519797553 deptThrPut=0.027817297519797553
meanTkPop=0.0 tkColOcp=0.0
-----
meanST=0.0 stDevST=0.0

Steady State Statistics: numBatchesST=1389 batchSizeST=200 stDevStdStateMeanST=0.0
95% c.i. = 0.0 +/- 0.0



REPORT for Queue : WebUI----------------------------------------

totArrivThrPut=0.166988569843229 totDeptThrPut=0.166988569843229
meanTotTkPop=0.08138822228934252 queueUtil=0.07300818374932445
meanST=0.4873879832958079



REPORT for Queue of Queueing Place : W/loginAction----------------------------------------

queueUtilQPl=0.017671962465799895

------------------ Color = loginAction --------------------
arrivCnt=278059 deptCnt=278059
arrivThrPut=0.027833713924530445 deptThrPut=0.027833713924530445
meanTkPop=0.017997440160393556 tkColOcp=0.017671962465799895
-----
meanST=0.6466057748956034 stDevST=0.6603278988414878

Steady State Statistics: numBatchesST=695 batchSizeST=400 stDevStdStateMeanST=0.032744872997532794
95% c.i. = 0.6465845999121953 +/- 0.002434439572925885



REPORT for Depository of Queueing Place : W/loginAction----------------------------------------

tkOcp=0.0

------------------ Color = loginAction --------------------
arrivCnt=278059 deptCnt=278059
arrivThrPut=0.027833713924530445 deptThrPut=0.027833713924530445
meanTkPop=0.0 tkColOcp=0.0
-----
meanST=0.0 stDevST=0.0

Steady State Statistics: numBatchesST=1390 batchSizeST=200 stDevStdStateMeanST=0.0
95% c.i. = 0.0 +/- 0.0



REPORT for Queue : WebUI----------------------------------------

totArrivThrPut=0.166988569843229 totDeptThrPut=0.166988569843229
meanTotTkPop=0.08138822228934252 queueUtil=0.07300818374932445
meanST=0.4873879832958079



REPORT for Queue of Queueing Place : A/login_loginAction----------------------------------------

queueUtilQPl=0.0053747079057533675

------------------ Color = loginAction --------------------
arrivCnt=278059 deptCnt=278059
arrivThrPut=0.027833713924530445 deptThrPut=0.027833713924530445
meanTkPop=0.0054685264047043035 tkColOcp=0.0053747079057533675
-----
meanST=0.1964713160281774 stDevST=0.4631899035937198

Steady State Statistics: numBatchesST=695 batchSizeST=400 stDevStdStateMeanST=0.02397032060921303
95% c.i. = 0.19648334415469548 +/- 0.0017820895830375



REPORT for Depository of Queueing Place : A/login_loginAction----------------------------------------

tkOcp=0.0

------------------ Color = loginAction --------------------
arrivCnt=278059 deptCnt=278059
arrivThrPut=0.027833713924530445 deptThrPut=0.027833713924530445
meanTkPop=0.0 tkColOcp=0.0
-----
meanST=0.0 stDevST=0.0

Steady State Statistics: numBatchesST=1390 batchSizeST=200 stDevStdStateMeanST=0.0
95% c.i. = 0.0 +/- 0.0



REPORT for Queue : Auth----------------------------------------

totArrivThrPut=0.166988569843229 totDeptThrPut=0.166988569843229
meanTotTkPop=0.12358232997529373 queueUtil=0.10563374167575224
meanST=0.7400646049685581



REPORT for Queue of Queueing Place : W/logout----------------------------------------

queueUtilQPl=0.004132812520333305

------------------ Color = logout --------------------
arrivCnt=278139 deptCnt=278139
arrivThrPut=0.027841721926839175 deptThrPut=0.027841721926839175
meanTkPop=0.004174932409565306 tkColOcp=0.004132812520333305
-----
meanST=0.14995237796483804 stDevST=0.29459467108415444

Steady State Statistics: numBatchesST=695 batchSizeST=400 stDevStdStateMeanST=0.015128879645509801
95% c.i. = 0.14996317439050183 +/- 0.001124766717092994



REPORT for Depository of Queueing Place : W/logout----------------------------------------

tkOcp=0.0

------------------ Color = logout --------------------
arrivCnt=278139 deptCnt=278139
arrivThrPut=0.027841721926839175 deptThrPut=0.027841721926839175
meanTkPop=0.0 tkColOcp=0.0
-----
meanST=0.0 stDevST=0.0

Steady State Statistics: numBatchesST=1390 batchSizeST=200 stDevStdStateMeanST=0.0
95% c.i. = 0.0 +/- 0.0



REPORT for Queue : WebUI----------------------------------------

totArrivThrPut=0.166988569843229 totDeptThrPut=0.166988569843229
meanTotTkPop=0.08138822228934252 queueUtil=0.07300818374932445
meanST=0.4873879832958079



REPORT for Queue of Queueing Place : A/logout_logout----------------------------------------

queueUtilQPl=0.013597615449710401

------------------ Color = logout --------------------
arrivCnt=278139 deptCnt=278139
arrivThrPut=0.027841721926839175 deptThrPut=0.027841721926839175
meanTkPop=0.013829208223417414 tkColOcp=0.013597615449710401
-----
meanST=0.49670807932630706 stDevST=0.6044613717375139

Steady State Statistics: numBatchesST=695 batchSizeST=400 stDevStdStateMeanST=0.03184373646573866
95% c.i. = 0.4967007124261888 +/- 0.002367443972308526



REPORT for Depository of Queueing Place : A/logout_logout----------------------------------------

tkOcp=0.0

------------------ Color = logout --------------------
arrivCnt=278139 deptCnt=278139
arrivThrPut=0.027841721926839175 deptThrPut=0.027841721926839175
meanTkPop=0.0 tkColOcp=0.0
-----
meanST=0.0 stDevST=0.0

Steady State Statistics: numBatchesST=1390 batchSizeST=200 stDevStdStateMeanST=0.0
95% c.i. = 0.0 +/- 0.0



REPORT for Queue : Auth----------------------------------------

totArrivThrPut=0.166988569843229 totDeptThrPut=0.166988569843229
meanTotTkPop=0.12358232997529373 queueUtil=0.10563374167575224
meanST=0.7400646049685581



REPORT for Queue of Queueing Place : P/getUser_loginAction----------------------------------------

queueUtilQPl=0.00726085758880176

------------------ Color = loginAction --------------------
arrivCnt=278059 deptCnt=278059
arrivThrPut=0.027833713924530445 deptThrPut=0.027833713924530445
meanTkPop=0.007364065745850637 tkColOcp=0.00726085758880176
-----
meanST=0.26457359466357555 stDevST=0.43553961308081834

Steady State Statistics: numBatchesST=695 batchSizeST=400 stDevStdStateMeanST=0.021398076963109372
95% c.i. = 0.2645830343513054 +/- 0.0015908544017694665



REPORT for Depository of Queueing Place : P/getUser_loginAction----------------------------------------

tkOcp=0.0

------------------ Color = loginAction --------------------
arrivCnt=278059 deptCnt=278059
arrivThrPut=0.027833713924530445 deptThrPut=0.027833713924530445
meanTkPop=0.0 tkColOcp=0.0
-----
meanST=0.0 stDevST=0.0

Steady State Statistics: numBatchesST=1390 batchSizeST=200 stDevStdStateMeanST=0.0
95% c.i. = 0.0 +/- 0.0



REPORT for Queue : Persistence----------------------------------------

totArrivThrPut=0.166988569843229 totDeptThrPut=0.166988569843229
meanTotTkPop=0.09780813812038212 queueUtil=0.08500620181894367
meanST=0.5857175626583644



REPORT for Queue of Queueing Place : W/category----------------------------------------

queueUtilQPl=0.003995127636697183

------------------ Color = category --------------------
arrivCnt=277984 deptCnt=277984
arrivThrPut=0.027826206422366013 deptThrPut=0.027826206422366013
meanTkPop=0.004033007429161582 tkColOcp=0.003995127636697183
-----
meanST=0.1449355822330115 stDevST=0.294398234867694

Steady State Statistics: numBatchesST=694 batchSizeST=400 stDevStdStateMeanST=0.01586589208563556
95% c.i. = 0.14492370841114685 +/- 0.0011804099233626733



REPORT for Depository of Queueing Place : W/category----------------------------------------

tkOcp=0.0

------------------ Color = category --------------------
arrivCnt=277984 deptCnt=277984
arrivThrPut=0.027826206422366013 deptThrPut=0.027826206422366013
meanTkPop=0.0 tkColOcp=0.0
-----
meanST=0.0 stDevST=0.0

Steady State Statistics: numBatchesST=1389 batchSizeST=200 stDevStdStateMeanST=0.0
95% c.i. = 0.0 +/- 0.0



REPORT for Queue : WebUI----------------------------------------

totArrivThrPut=0.166988569843229 totDeptThrPut=0.166988569843229
meanTotTkPop=0.08138822228934252 queueUtil=0.07300818374932445
meanST=0.4873879832958079



REPORT for Queue of Queueing Place : W/product----------------------------------------

queueUtilQPl=0.027158186902387433

------------------ Color = product --------------------
arrivCnt=277704 deptCnt=277704
arrivThrPut=0.027798178414285467 deptThrPut=0.027798178414285467
meanTkPop=0.027903236486513532 tkColOcp=0.027158186902387433
-----
meanST=1.0037793149846852 stDevST=0.9941920072579332

Steady State Statistics: numBatchesST=694 batchSizeST=400 stDevStdStateMeanST=0.05172274388848107
95% c.i. = 1.0038022393497874 +/- 0.0038481315654973714



REPORT for Depository of Queueing Place : W/product----------------------------------------

tkOcp=0.0

------------------ Color = product --------------------
arrivCnt=277704 deptCnt=277704
arrivThrPut=0.027798178414285467 deptThrPut=0.027798178414285467
meanTkPop=0.0 tkColOcp=0.0
-----
meanST=0.0 stDevST=0.0

Steady State Statistics: numBatchesST=1388 batchSizeST=200 stDevStdStateMeanST=0.0
95% c.i. = 0.0 +/- 0.0



REPORT for Queue : WebUI----------------------------------------

totArrivThrPut=0.166988569843229 totDeptThrPut=0.166988569843229
meanTotTkPop=0.08138822228934252 queueUtil=0.07300818374932445
meanST=0.4873879832958079



REPORT for Queue of Queueing Place : P/category_category----------------------------------------

queueUtilQPl=0.013675547247458763

------------------ Color = category --------------------
arrivCnt=277984 deptCnt=277984
arrivThrPut=0.027826206422366013 deptThrPut=0.027826206422366013
meanTkPop=0.013930722907549686 tkColOcp=0.013675547247458763
-----
meanST=0.5006332051196356 stDevST=0.6026145194647203

Steady State Statistics: numBatchesST=694 batchSizeST=400 stDevStdStateMeanST=0.03193552169305174
95% c.i. = 0.5006781374217291 +/- 0.002375977758500689



REPORT for Depository of Queueing Place : P/category_category----------------------------------------

tkOcp=0.0

------------------ Color = category --------------------
arrivCnt=277984 deptCnt=277984
arrivThrPut=0.027826206422366013 deptThrPut=0.027826206422366013
meanTkPop=0.0 tkColOcp=0.0
-----
meanST=0.0 stDevST=0.0

Steady State Statistics: numBatchesST=1389 batchSizeST=200 stDevStdStateMeanST=0.0
95% c.i. = 0.0 +/- 0.0



REPORT for Queue : Persistence----------------------------------------

totArrivThrPut=0.166988569843229 totDeptThrPut=0.166988569843229
meanTotTkPop=0.09780813812038212 queueUtil=0.08500620181894367
meanST=0.5857175626583644



REPORT for Queue of Queueing Place : P/getProduct_product----------------------------------------

queueUtilQPl=0.010276089873606405

------------------ Color = product --------------------
arrivCnt=277704 deptCnt=277704
arrivThrPut=0.027798178414285467 deptThrPut=0.027798178414285467
meanTkPop=0.01040487543795453 tkColOcp=0.010276089873606405
-----
meanST=0.3743006208136095 stDevST=0.47403862276478914

Steady State Statistics: numBatchesST=694 batchSizeST=400 stDevStdStateMeanST=0.02502314176393961
95% c.i. = 0.3743292731324168 +/- 0.0018617021149795654



REPORT for Depository of Queueing Place : P/getProduct_product----------------------------------------

tkOcp=0.0

------------------ Color = product --------------------
arrivCnt=277704 deptCnt=277704
arrivThrPut=0.027798178414285467 deptThrPut=0.027798178414285467
meanTkPop=0.0 tkColOcp=0.0
-----
meanST=0.0 stDevST=0.0

Steady State Statistics: numBatchesST=1388 batchSizeST=200 stDevStdStateMeanST=0.0
95% c.i. = 0.0 +/- 0.0



REPORT for Queue : Persistence----------------------------------------

totArrivThrPut=0.166988569843229 totDeptThrPut=0.166988569843229
meanTotTkPop=0.09780813812038212 queueUtil=0.08500620181894367
meanST=0.5857175626583644



REPORT for Queue of Queueing Place : R/getAds_product----------------------------------------

queueUtilQPl=0.0030114094957505804

------------------ Color = product --------------------
arrivCnt=277704 deptCnt=277704
arrivThrPut=0.027798178414285467 deptThrPut=0.027798178414285467
meanTkPop=0.003020702210827316 tkColOcp=0.0030114094957505804
-----
meanST=0.10866547317629195 stDevST=0.10855313934693929

Steady State Statistics: numBatchesST=694 batchSizeST=400 stDevStdStateMeanST=0.005657660134360305
95% c.i. = 0.10866284891617693 +/- 4.209254751996365E-4



REPORT for Depository of Queueing Place : R/getAds_product----------------------------------------

tkOcp=0.0

------------------ Color = product --------------------
arrivCnt=277704 deptCnt=277704
arrivThrPut=0.027798178414285467 deptThrPut=0.027798178414285467
meanTkPop=0.0 tkColOcp=0.0
-----
meanST=0.0 stDevST=0.0

Steady State Statistics: numBatchesST=1388 batchSizeST=200 stDevStdStateMeanST=0.0
95% c.i. = 0.0 +/- 0.0



REPORT for Queue : Recommender----------------------------------------

totArrivThrPut=0.027798178414285467 totDeptThrPut=0.027798178414285467
meanTotTkPop=0.003020702210827316 queueUtil=0.0030114094957505804
meanST=0.10866547317629195



REPORT for Queue of Queueing Place : I/productImages_category----------------------------------------

queueUtilQPl=0.01292018706382666

------------------ Color = category --------------------
arrivCnt=277984 deptCnt=277984
arrivThrPut=0.027826206422366013 deptThrPut=0.027826206422366013
meanTkPop=0.0131083208595899 tkColOcp=0.01292018706382666
-----
meanST=0.47107825840944517 stDevST=0.4690122924733947

Steady State Statistics: numBatchesST=694 batchSizeST=400 stDevStdStateMeanST=0.024453425097663198
95% c.i. = 0.4710358814112615 +/- 0.001819315641987817



REPORT for Depository of Queueing Place : I/productImages_category----------------------------------------

tkOcp=0.0

------------------ Color = category --------------------
arrivCnt=277984 deptCnt=277984
arrivThrPut=0.027826206422366013 deptThrPut=0.027826206422366013
meanTkPop=0.0 tkColOcp=0.0
-----
meanST=0.0 stDevST=0.0

Steady State Statistics: numBatchesST=1389 batchSizeST=200 stDevStdStateMeanST=0.0
95% c.i. = 0.0 +/- 0.0



REPORT for Queue : ImageProvider----------------------------------------

totArrivThrPut=0.16698856984322896 totDeptThrPut=0.16698856984322896
meanTotTkPop=0.05642911231170561 queueUtil=0.05229024589168355
meanST=0.3379220048694469



REPORT for Queue of Queueing Place : I/product_product----------------------------------------

queueUtilQPl=0.014419334079644708

------------------ Color = product --------------------
arrivCnt=277704 deptCnt=277704
arrivThrPut=0.027798178414285467 deptThrPut=0.027798178414285467
meanTkPop=0.014632649726629563 tkColOcp=0.014419334079644708
-----
meanST=0.5263887981634744 stDevST=0.5225402382615028

Steady State Statistics: numBatchesST=694 batchSizeST=400 stDevStdStateMeanST=0.026875810429591706
95% c.i. = 0.5263925734150836 +/- 0.0019995392101668425



REPORT for Depository of Queueing Place : I/product_product----------------------------------------

tkOcp=0.0

------------------ Color = product --------------------
arrivCnt=277704 deptCnt=277704
arrivThrPut=0.027798178414285467 deptThrPut=0.027798178414285467
meanTkPop=0.0 tkColOcp=0.0
-----
meanST=0.0 stDevST=0.0

Steady State Statistics: numBatchesST=1388 batchSizeST=200 stDevStdStateMeanST=0.0
95% c.i. = 0.0 +/- 0.0



REPORT for Queue : ImageProvider----------------------------------------

totArrivThrPut=0.16698856984322896 totDeptThrPut=0.16698856984322896
meanTotTkPop=0.05642911231170561 queueUtil=0.05229024589168355
meanST=0.3379220048694469



REPORT for Queue of Queueing Place : Workload----------------------------------------

queueUtilQPl=1.0

------------------ Color = workload --------------------
arrivCnt=1668217 deptCnt=1668217
arrivThrPut=0.166988569843229 deptThrPut=0.166988569843229
meanTkPop=1.0 tkColOcp=1.0
-----
meanST=5.98843382477503 stDevST=5.987651958310119

Steady State Statistics: numBatchesST=4170 batchSizeST=400 stDevStdStateMeanST=0.3014206388330744
95% c.i. = 5.988416326434114 +/- 0.009148566504539829



REPORT for Depository of Queueing Place : Workload----------------------------------------

tkOcp=0.0

------------------ Color = workload --------------------
arrivCnt=1668217 deptCnt=1668217
arrivThrPut=0.166988569843229 deptThrPut=0.166988569843229
meanTkPop=0.0 tkColOcp=0.0
-----
meanST=0.0 stDevST=0.0

Steady State Statistics: numBatchesST=8341 batchSizeST=200 stDevStdStateMeanST=0.0
95% c.i. = 0.0 +/- 0.0



REPORT for Queue : Workload----------------------------------------

totArrivThrPut=0.166988569843229 totDeptThrPut=0.166988569843229
meanTotTkPop=1.0 queueUtil=1.0
meanST=5.98843382477503



REPORT for Queue of Queueing Place : I/icon_index----------------------------------------

queueUtilQPl=0.005658909083779162

------------------ Color = index --------------------
arrivCnt=278436 deptCnt=278436
arrivThrPut=0.027871451635410324 deptThrPut=0.027871451635410324
meanTkPop=0.005695398122908527 tkColOcp=0.005658909083779162
-----
meanST=0.2043452274180293 stDevST=0.23048963253278038

Steady State Statistics: numBatchesST=696 batchSizeST=400 stDevStdStateMeanST=0.011803840775770479
95% c.i. = 0.20434394379804174 +/- 8.769338085245715E-4



REPORT for Depository of Queueing Place : I/icon_index----------------------------------------

tkOcp=0.0

------------------ Color = index --------------------
arrivCnt=278436 deptCnt=278436
arrivThrPut=0.027871451635410324 deptThrPut=0.027871451635410324
meanTkPop=0.0 tkColOcp=0.0
-----
meanST=0.0 stDevST=0.0

Steady State Statistics: numBatchesST=1392 batchSizeST=200 stDevStdStateMeanST=0.0
95% c.i. = 0.0 +/- 0.0



REPORT for Queue : ImageProvider----------------------------------------

totArrivThrPut=0.16698856984322896 totDeptThrPut=0.16698856984322896
meanTotTkPop=0.05642911231170561 queueUtil=0.05229024589168355
meanST=0.3379220048694469



REPORT for Queue of Queueing Place : P/categories_login----------------------------------------

queueUtilQPl=0.004974568767294311

------------------ Color = login --------------------
arrivCnt=277895 deptCnt=277895
arrivThrPut=0.027817297519797553 deptThrPut=0.027817297519797553
meanTkPop=0.0050512029109702865 tkColOcp=0.004974568767294311
-----
meanST=0.18158496192433315 stDevST=0.4103707526527727

Steady State Statistics: numBatchesST=694 batchSizeST=400 stDevStdStateMeanST=0.020574435368177137
95% c.i. = 0.18156757331785417 +/- 0.0015307218494299613



REPORT for Depository of Queueing Place : P/categories_login----------------------------------------

tkOcp=0.0

------------------ Color = login --------------------
arrivCnt=277895 deptCnt=277895
arrivThrPut=0.027817297519797553 deptThrPut=0.027817297519797553
meanTkPop=0.0 tkColOcp=0.0
-----
meanST=0.0 stDevST=0.0

Steady State Statistics: numBatchesST=1389 batchSizeST=200 stDevStdStateMeanST=0.0
95% c.i. = 0.0 +/- 0.0



REPORT for Queue : Persistence----------------------------------------

totArrivThrPut=0.166988569843229 totDeptThrPut=0.166988569843229
meanTotTkPop=0.09780813812038212 queueUtil=0.08500620181894367
meanST=0.5857175626583644



REPORT for Queue of Queueing Place : I/icon_login----------------------------------------

queueUtilQPl=0.006185758697149968

------------------ Color = login --------------------
arrivCnt=277895 deptCnt=277895
arrivThrPut=0.027817297519797553 deptThrPut=0.027817297519797553
meanTkPop=0.006239662506121498 tkColOcp=0.006185758697149968
-----
meanST=0.2243087237960745 stDevST=0.249321786210741

Steady State Statistics: numBatchesST=694 batchSizeST=400 stDevStdStateMeanST=0.01320060132879264
95% c.i. = 0.2243142380577512 +/- 9.82114382144881E-4



REPORT for Depository of Queueing Place : I/icon_login----------------------------------------

tkOcp=0.0

------------------ Color = login --------------------
arrivCnt=277895 deptCnt=277895
arrivThrPut=0.027817297519797553 deptThrPut=0.027817297519797553
meanTkPop=0.0 tkColOcp=0.0
-----
meanST=0.0 stDevST=0.0

Steady State Statistics: numBatchesST=1389 batchSizeST=200 stDevStdStateMeanST=0.0
95% c.i. = 0.0 +/- 0.0



REPORT for Queue : ImageProvider----------------------------------------

totArrivThrPut=0.16698856984322896 totDeptThrPut=0.16698856984322896
meanTotTkPop=0.05642911231170561 queueUtil=0.05229024589168355
meanST=0.3379220048694469



REPORT for Queue of Queueing Place : A/isLoggedIn_login----------------------------------------

queueUtilQPl=0.02142687757748037

------------------ Color = login --------------------
arrivCnt=277895 deptCnt=277895
arrivThrPut=0.027817297519797553 deptThrPut=0.027817297519797553
meanTkPop=0.022001845515347354 tkColOcp=0.02142687757748037
-----
meanST=0.7909411580937599 stDevST=0.8461355427229716

Steady State Statistics: numBatchesST=694 batchSizeST=400 stDevStdStateMeanST=0.04565089007584878
95% c.i. = 0.79087828408814 +/- 0.00339639040559577



REPORT for Depository of Queueing Place : A/isLoggedIn_login----------------------------------------

tkOcp=0.0

------------------ Color = login --------------------
arrivCnt=277895 deptCnt=277895
arrivThrPut=0.027817297519797553 deptThrPut=0.027817297519797553
meanTkPop=0.0 tkColOcp=0.0
-----
meanST=0.0 stDevST=0.0

Steady State Statistics: numBatchesST=1389 batchSizeST=200 stDevStdStateMeanST=0.0
95% c.i. = 0.0 +/- 0.0



REPORT for Queue : Auth----------------------------------------

totArrivThrPut=0.166988569843229 totDeptThrPut=0.166988569843229
meanTotTkPop=0.12358232997529373 queueUtil=0.10563374167575224
meanST=0.7400646049685581



REPORT for Queue of Queueing Place : A/isLoggedIn_category----------------------------------------

queueUtilQPl=0.019517919213940877

------------------ Color = category --------------------
arrivCnt=277984 deptCnt=277984
arrivThrPut=0.027826206422366013 deptThrPut=0.027826206422366013
meanTkPop=0.01996631451483908 tkColOcp=0.019517919213940877
-----
meanST=0.7175363472755184 stDevST=0.7804134345710035

Steady State Statistics: numBatchesST=694 batchSizeST=400 stDevStdStateMeanST=0.040786238660002014
95% c.i. = 0.7175396276172604 +/- 0.003034464156887406



REPORT for Depository of Queueing Place : A/isLoggedIn_category----------------------------------------

tkOcp=0.0

------------------ Color = category --------------------
arrivCnt=277984 deptCnt=277984
arrivThrPut=0.027826206422366013 deptThrPut=0.027826206422366013
meanTkPop=0.0 tkColOcp=0.0
-----
meanST=0.0 stDevST=0.0

Steady State Statistics: numBatchesST=1389 batchSizeST=200 stDevStdStateMeanST=0.0
95% c.i. = 0.0 +/- 0.0



REPORT for Queue : Auth----------------------------------------

totArrivThrPut=0.166988569843229 totDeptThrPut=0.166988569843229
meanTotTkPop=0.12358232997529373 queueUtil=0.10563374167575224
meanST=0.7400646049685581



REPORT for Queue of Queueing Place : I/icon_logout----------------------------------------

queueUtilQPl=0.006026990515421837

------------------ Color = logout --------------------
arrivCnt=278139 deptCnt=278139
arrivThrPut=0.027841721926839175 deptThrPut=0.027841721926839175
meanTkPop=0.006067075462145795 tkColOcp=0.006026990515421837
-----
meanST=0.21791308303733856 stDevST=0.23465135329144196

Steady State Statistics: numBatchesST=695 batchSizeST=400 stDevStdStateMeanST=0.012048539775600539
95% c.i. = 0.21790814286485669 +/- 8.957567808524873E-4



REPORT for Depository of Queueing Place : I/icon_logout----------------------------------------

tkOcp=0.0

------------------ Color = logout --------------------
arrivCnt=278139 deptCnt=278139
arrivThrPut=0.027841721926839175 deptThrPut=0.027841721926839175
meanTkPop=0.0 tkColOcp=0.0
-----
meanST=0.0 stDevST=0.0

Steady State Statistics: numBatchesST=1390 batchSizeST=200 stDevStdStateMeanST=0.0
95% c.i. = 0.0 +/- 0.0



REPORT for Queue : ImageProvider----------------------------------------

totArrivThrPut=0.16698856984322896 totDeptThrPut=0.16698856984322896
meanTotTkPop=0.05642911231170561 queueUtil=0.05229024589168355
meanST=0.3379220048694469



REPORT for Queue of Queueing Place : I/icon_loginAction----------------------------------------

queueUtilQPl=0.010547285402796622

------------------ Color = loginAction --------------------
arrivCnt=278059 deptCnt=278059
arrivThrPut=0.027833713924530445 deptThrPut=0.027833713924530445
meanTkPop=0.010686005634310328 tkColOcp=0.010547285402796622
-----
meanST=0.3839230964033342 stDevST=0.3882728995019278

Steady State Statistics: numBatchesST=695 batchSizeST=400 stDevStdStateMeanST=0.020678494560242514
95% c.i. = 0.3839227013105181 +/- 0.0015373565647904632



REPORT for Depository of Queueing Place : I/icon_loginAction----------------------------------------

tkOcp=0.0

------------------ Color = loginAction --------------------
arrivCnt=278059 deptCnt=278059
arrivThrPut=0.027833713924530445 deptThrPut=0.027833713924530445
meanTkPop=0.0 tkColOcp=0.0
-----
meanST=0.0 stDevST=0.0

Steady State Statistics: numBatchesST=1390 batchSizeST=200 stDevStdStateMeanST=0.0
95% c.i. = 0.0 +/- 0.0



REPORT for Queue : ImageProvider----------------------------------------

totArrivThrPut=0.16698856984322896 totDeptThrPut=0.16698856984322896
meanTotTkPop=0.05642911231170561 queueUtil=0.05229024589168355
meanST=0.3379220048694469



REPORT for Queue of Queueing Place : A/isLoggedIn_product----------------------------------------

queueUtilQPl=0.0364063816636501

------------------ Color = product --------------------
arrivCnt=277704 deptCnt=277704
arrivThrPut=0.027798178414285467 deptThrPut=0.027798178414285467
meanTkPop=0.03775161339724544 tkColOcp=0.0364063816636501
-----
meanST=1.3580606914100857 stDevST=1.3398206792971183

Steady State Statistics: numBatchesST=694 batchSizeST=400 stDevStdStateMeanST=0.0716689199700855
95% c.i. = 1.3581184913187287 +/- 0.005332111416915975



REPORT for Depository of Queueing Place : A/isLoggedIn_product----------------------------------------

tkOcp=0.0

------------------ Color = product --------------------
arrivCnt=277704 deptCnt=277704
arrivThrPut=0.027798178414285467 deptThrPut=0.027798178414285467
meanTkPop=0.0 tkColOcp=0.0
-----
meanST=0.0 stDevST=0.0

Steady State Statistics: numBatchesST=1388 batchSizeST=200 stDevStdStateMeanST=0.0
95% c.i. = 0.0 +/- 0.0



REPORT for Queue : Auth----------------------------------------

totArrivThrPut=0.166988569843229 totDeptThrPut=0.166988569843229
meanTotTkPop=0.12358232997529373 queueUtil=0.10563374167575224
meanST=0.7400646049685581



REPORT for Queue of Queueing Place : P/category_logout----------------------------------------

queueUtilQPl=0.023143295552884816

------------------ Color = logout --------------------
arrivCnt=278139 deptCnt=278139
arrivThrPut=0.027841721926839175 deptThrPut=0.027841721926839175
meanTkPop=0.0237615676999688 tkColOcp=0.023143295552884816
-----
meanST=0.853451800230174 stDevST=0.8750719298208414

Steady State Statistics: numBatchesST=695 batchSizeST=400 stDevStdStateMeanST=0.04498437662769517
95% c.i. = 0.8534098857416905 +/- 0.00334439368978816



REPORT for Depository of Queueing Place : P/category_logout----------------------------------------

tkOcp=0.0

------------------ Color = logout --------------------
arrivCnt=278139 deptCnt=278139
arrivThrPut=0.027841721926839175 deptThrPut=0.027841721926839175
meanTkPop=0.0 tkColOcp=0.0
-----
meanST=0.0 stDevST=0.0

Steady State Statistics: numBatchesST=1390 batchSizeST=200 stDevStdStateMeanST=0.0
95% c.i. = 0.0 +/- 0.0



REPORT for Queue : Persistence----------------------------------------

totArrivThrPut=0.166988569843229 totDeptThrPut=0.166988569843229
meanTotTkPop=0.09780813812038212 queueUtil=0.08500620181894367
meanST=0.5857175626583644



REPORT for Ordinary Place : Finish_index----------------------------------------

tkOcp=1.0

------------------ Color = index --------------------
arrivCnt=278436 deptCnt=0
arrivThrPut=0.027871451635410324 deptThrPut=0.0
meanTkPop=139539.64554795096 tkColOcp=1.0
-----
meanST=NaN stDevST=NaN

Steady State Statistics: Only 0 batches collected!
Need at least 60 for steady state statistics.



REPORT for Ordinary Place : Finish_login----------------------------------------

tkOcp=0.9999999999999998

------------------ Color = login --------------------
arrivCnt=277895 deptCnt=0
arrivThrPut=0.027817297519797553 deptThrPut=0.0
meanTkPop=139109.61239128112 tkColOcp=0.9999999999999998
-----
meanST=NaN stDevST=NaN

Steady State Statistics: Only 0 batches collected!
Need at least 60 for steady state statistics.



REPORT for Ordinary Place : Finish_loginAction----------------------------------------

tkOcp=1.0

------------------ Color = loginAction --------------------
arrivCnt=278059 deptCnt=0
arrivThrPut=0.027833713924530445 deptThrPut=0.0
meanTkPop=139097.95076367774 tkColOcp=1.0
-----
meanST=NaN stDevST=NaN

Steady State Statistics: Only 0 batches collected!
Need at least 60 for steady state statistics.



REPORT for Ordinary Place : Finish_category----------------------------------------

tkOcp=1.0

------------------ Color = category --------------------
arrivCnt=277984 deptCnt=0
arrivThrPut=0.027826206422366013 deptThrPut=0.0
meanTkPop=139200.4846585728 tkColOcp=1.0
-----
meanST=NaN stDevST=NaN

Steady State Statistics: Only 0 batches collected!
Need at least 60 for steady state statistics.



REPORT for Ordinary Place : Finish_product----------------------------------------

tkOcp=1.0

------------------ Color = product --------------------
arrivCnt=277704 deptCnt=0
arrivThrPut=0.027798178414285467 deptThrPut=0.0
meanTkPop=139310.48463907055 tkColOcp=1.0
-----
meanST=NaN stDevST=NaN

Steady State Statistics: Only 0 batches collected!
Need at least 60 for steady state statistics.



REPORT for Ordinary Place : Finish_logout----------------------------------------

tkOcp=1.0

------------------ Color = logout --------------------
arrivCnt=278139 deptCnt=0
arrivThrPut=0.027841721926839175 deptThrPut=0.0
meanTkPop=139500.4081969538 tkColOcp=1.0
-----
meanST=NaN stDevST=NaN

Steady State Statistics: Only 0 batches collected!
Need at least 60 for steady state statistics.



REPORT REPORT for Probe : /index----------------------------------------


------------------ Color = index --------------------
-----
meanST=2.909672639997115 stDevST=1.699835821975114

Steady State Statistics: numBatchesST=696 batchSizeST=400 stDevStdStateMeanST=0.0876444579310438
95% c.i. = 2.9096667057368455 +/- 0.006511303375703576



REPORT REPORT for Probe : /login----------------------------------------


------------------ Color = login --------------------
-----
meanST=1.6907264231133883 stDevST=1.1615466079421766

Steady State Statistics: numBatchesST=694 batchSizeST=400 stDevStdStateMeanST=0.0638517573770652
95% c.i. = 1.6905738122171021 +/- 0.004750520653060038



REPORT REPORT for Probe : /loginAction----------------------------------------


------------------ Color = loginAction --------------------
-----
meanST=1.4915737819906907 stDevST=1.0049395417247808

Steady State Statistics: numBatchesST=347 batchSizeST=800 stDevStdStateMeanST=0.03369952040853074
95% c.i. = 1.4915679087323106 +/- 0.003545741528252851



REPORT REPORT for Probe : /logout----------------------------------------


------------------ Color = logout --------------------
-----
meanST=1.7180253405586574 stDevST=1.1348723083894658

Steady State Statistics: numBatchesST=695 batchSizeST=400 stDevStdStateMeanST=0.058267599472103054
95% c.i. = 1.7179819154232354 +/- 0.0043319438125464975



REPORT REPORT for Probe : /category----------------------------------------


------------------ Color = category --------------------
-----
meanST=1.8341833930376108 stDevST=1.1819706113376016

Steady State Statistics: numBatchesST=694 batchSizeST=400 stDevStdStateMeanST=0.06018615793791923
95% c.i. = 1.834177354861399 +/- 0.004477802930685135



REPORT REPORT for Probe : /product----------------------------------------


------------------ Color = product --------------------
-----
meanST=3.3711948985481466 stDevST=1.8108383507010335

Steady State Statistics: numBatchesST=694 batchSizeST=400 stDevStdStateMeanST=0.0980887370551492
95% c.i. = 3.3713054261322006 +/- 0.007297725080005922



