INFO Logging to /home/yjx/workloadConfig/qpme/output/SimQPN_Output_config_2025-08-14_092622347.log
WARN Batch means correlation test was run for depository of place Workload, color 0
    However, the standard deviation of the token residence time is 0 and therefore the result of the test is ignored!
    In future runs, you should set numBMeansCorlTested to 0 to switch off the correlation test!
WARN Batch means correlation test was run for depository of place W/login, color 0
    However, the standard deviation of the token residence time is 0 and therefore the result of the test is ignored!
    In future runs, you should set numBMeansCorlTested to 0 to switch off the correlation test!
WARN Batch means correlation test was run for depository of place P/categories_login, color 0
    However, the standard deviation of the token residence time is 0 and therefore the result of the test is ignored!
    In future runs, you should set numBMeansCorlTested to 0 to switch off the correlation test!
WARN Batch means correlation test was run for depository of place I/icon_login, color 0
    However, the standard deviation of the token residence time is 0 and therefore the result of the test is ignored!
    In future runs, you should set numBMeansCorlTested to 0 to switch off the correlation test!
WARN Batch means correlation test was run for depository of place A/isLoggedIn_login, color 0
    However, the standard deviation of the token residence time is 0 and therefore the result of the test is ignored!
    In future runs, you should set numBMeansCorlTested to 0 to switch off the correlation test!
WARN Batch means correlation test was run for depository of place W/loginAction, color 0
    However, the standard deviation of the token residence time is 0 and therefore the result of the test is ignored!
    In future runs, you should set numBMeansCorlTested to 0 to switch off the correlation test!
WARN Batch means correlation test was run for depository of place A/login_loginAction, color 0
    However, the standard deviation of the token residence time is 0 and therefore the result of the test is ignored!
    In future runs, you should set numBMeansCorlTested to 0 to switch off the correlation test!
WARN Batch means correlation test was run for depository of place P/getUser_loginAction, color 0
    However, the standard deviation of the token residence time is 0 and therefore the result of the test is ignored!
    In future runs, you should set numBMeansCorlTested to 0 to switch off the correlation test!
WARN Batch means correlation test was run for depository of place I/icon_loginAction, color 0
    However, the standard deviation of the token residence time is 0 and therefore the result of the test is ignored!
    In future runs, you should set numBMeansCorlTested to 0 to switch off the correlation test!
WARN Batch means correlation test was run for depository of place W/category, color 0
    However, the standard deviation of the token residence time is 0 and therefore the result of the test is ignored!
    In future runs, you should set numBMeansCorlTested to 0 to switch off the correlation test!
WARN Batch means correlation test was run for depository of place P/category_category, color 0
    However, the standard deviation of the token residence time is 0 and therefore the result of the test is ignored!
    In future runs, you should set numBMeansCorlTested to 0 to switch off the correlation test!
WARN Batch means correlation test was run for depository of place I/productImages_category, color 0
    However, the standard deviation of the token residence time is 0 and therefore the result of the test is ignored!
    In future runs, you should set numBMeansCorlTested to 0 to switch off the correlation test!
WARN Batch means correlation test was run for depository of place A/isLoggedIn_category, color 0
    However, the standard deviation of the token residence time is 0 and therefore the result of the test is ignored!
    In future runs, you should set numBMeansCorlTested to 0 to switch off the correlation test!
WARN Batch means correlation test was run for depository of place W/product, color 0
    However, the standard deviation of the token residence time is 0 and therefore the result of the test is ignored!
    In future runs, you should set numBMeansCorlTested to 0 to switch off the correlation test!
WARN Batch means correlation test was run for depository of place P/getProduct_product, color 0
    However, the standard deviation of the token residence time is 0 and therefore the result of the test is ignored!
    In future runs, you should set numBMeansCorlTested to 0 to switch off the correlation test!
WARN Batch means correlation test was run for depository of place R/getAds_product, color 0
    However, the standard deviation of the token residence time is 0 and therefore the result of the test is ignored!
    In future runs, you should set numBMeansCorlTested to 0 to switch off the correlation test!
WARN Batch means correlation test was run for depository of place I/product_product, color 0
    However, the standard deviation of the token residence time is 0 and therefore the result of the test is ignored!
    In future runs, you should set numBMeansCorlTested to 0 to switch off the correlation test!
WARN Batch means correlation test was run for depository of place A/isLoggedIn_product, color 0
    However, the standard deviation of the token residence time is 0 and therefore the result of the test is ignored!
    In future runs, you should set numBMeansCorlTested to 0 to switch off the correlation test!
WARN Batch means correlation test was run for depository of place W/logout, color 0
    However, the standard deviation of the token residence time is 0 and therefore the result of the test is ignored!
    In future runs, you should set numBMeansCorlTested to 0 to switch off the correlation test!
WARN Batch means correlation test was run for depository of place A/logout_logout, color 0
    However, the standard deviation of the token residence time is 0 and therefore the result of the test is ignored!
    In future runs, you should set numBMeansCorlTested to 0 to switch off the correlation test!
WARN Batch means correlation test was run for depository of place P/category_logout, color 0
    However, the standard deviation of the token residence time is 0 and therefore the result of the test is ignored!
    In future runs, you should set numBMeansCorlTested to 0 to switch off the correlation test!
WARN Batch means correlation test was run for depository of place I/icon_logout, color 0
    However, the standard deviation of the token residence time is 0 and therefore the result of the test is ignored!
    In future runs, you should set numBMeansCorlTested to 0 to switch off the correlation test!
WARN Batch means correlation test was run for depository of place W/index, color 0
    However, the standard deviation of the token residence time is 0 and therefore the result of the test is ignored!
    In future runs, you should set numBMeansCorlTested to 0 to switch off the correlation test!
WARN Batch means correlation test was run for depository of place P/categories_index, color 0
    However, the standard deviation of the token residence time is 0 and therefore the result of the test is ignored!
    In future runs, you should set numBMeansCorlTested to 0 to switch off the correlation test!
WARN Batch means correlation test was run for depository of place A/isLoggedIn_index, color 0
    However, the standard deviation of the token residence time is 0 and therefore the result of the test is ignored!
    In future runs, you should set numBMeansCorlTested to 0 to switch off the correlation test!
WARN Batch means correlation test was run for depository of place I/icon_index, color 0
    However, the standard deviation of the token residence time is 0 and therefore the result of the test is ignored!
    In future runs, you should set numBMeansCorlTested to 0 to switch off the correlation test!
WARN LP-1 The simulation was stopped because of reaching max totalRunLen.
The required precision may not have been reached!
REPORT for Queue of Queueing Place : W/index----------------------------------------

queueUtilQPl=0.014507369271424379

------------------ Color = index --------------------
arrivCnt=277778 deptCnt=277778
arrivThrPut=0.027805602116606265 deptThrPut=0.027805602116606265
meanTkPop=0.015856489889354727 tkColOcp=0.014507369271424379
-----
meanST=0.5702624177264192 stDevST=1.8926433369632587

Steady State Statistics: numBatchesST=694 batchSizeST=400 stDevStdStateMeanST=0.10991362784283706
95% c.i. = 0.5703817714979292 +/- 0.008177487677225644



REPORT for Depository of Queueing Place : W/index----------------------------------------

tkOcp=0.0

------------------ Color = index --------------------
arrivCnt=277778 deptCnt=277778
arrivThrPut=0.027805602116606265 deptThrPut=0.027805602116606265
meanTkPop=0.0 tkColOcp=0.0
-----
meanST=0.0 stDevST=0.0

Steady State Statistics: numBatchesST=1388 batchSizeST=200 stDevStdStateMeanST=0.0
95% c.i. = 0.0 +/- 0.0



REPORT for Queue : WebUI----------------------------------------

totArrivThrPut=0.16678866776033224 totDeptThrPut=0.16678856766024472
meanTotTkPop=0.21377815546690526 queueUtil=0.13649216269472295
meanST=1.2817265403854576



REPORT for Queue of Queueing Place : P/categories_index----------------------------------------

queueUtilQPl=0.0049301135728246235

------------------ Color = index --------------------
arrivCnt=277778 deptCnt=277778
arrivThrPut=0.027805602116606265 deptThrPut=0.027805602116606265
meanTkPop=0.005124031686950637 tkColOcp=0.0049301135728246235
-----
meanST=0.1842805512882753 stDevST=0.35920572281919466

Steady State Statistics: numBatchesST=173 batchSizeST=1600 stDevStdStateMeanST=0.010089923178429692
95% c.i. = 0.1843335460099014 +/- 0.0015142020769192057



REPORT for Depository of Queueing Place : P/categories_index----------------------------------------

tkOcp=0.0

------------------ Color = index --------------------
arrivCnt=277778 deptCnt=277778
arrivThrPut=0.027805602116606265 deptThrPut=0.027805602116606265
meanTkPop=0.0 tkColOcp=0.0
-----
meanST=0.0 stDevST=0.0

Steady State Statistics: numBatchesST=1388 batchSizeST=200 stDevStdStateMeanST=0.0
95% c.i. = 0.0 +/- 0.0



REPORT for Queue : Persistence----------------------------------------

totArrivThrPut=0.1667884675601572 totDeptThrPut=0.1667884675601572
meanTotTkPop=0.06582249319036171 queueUtil=0.05326377692764875
meanST=0.39464654932824356



REPORT for Queue of Queueing Place : A/isLoggedIn_index----------------------------------------

queueUtilQPl=0.007097948675726735

------------------ Color = index --------------------
arrivCnt=277778 deptCnt=277778
arrivThrPut=0.027805602116606265 deptThrPut=0.027805602116606265
meanTkPop=0.007200900205537115 tkColOcp=0.007097948675726735
-----
meanST=0.2589730003090471 stDevST=0.26932000178534155

Steady State Statistics: numBatchesST=694 batchSizeST=400 stDevStdStateMeanST=0.013829789596221644
95% c.i. = 0.25896174882811107 +/- 0.0010289254956031009



REPORT for Depository of Queueing Place : A/isLoggedIn_index----------------------------------------

tkOcp=0.0

------------------ Color = index --------------------
arrivCnt=277778 deptCnt=277778
arrivThrPut=0.027805602116606265 deptThrPut=0.027805602116606265
meanTkPop=0.0 tkColOcp=0.0
-----
meanST=0.0 stDevST=0.0

Steady State Statistics: numBatchesST=1388 batchSizeST=200 stDevStdStateMeanST=0.0
95% c.i. = 0.0 +/- 0.0



REPORT for Queue : Auth----------------------------------------

totArrivThrPut=0.16678846756015717 totDeptThrPut=0.16678846756015717
meanTotTkPop=0.036292765510419926 queueUtil=0.033277064091864594
meanST=0.21759757159067286



REPORT for Queue of Queueing Place : W/login----------------------------------------

queueUtilQPl=0.026569733756506814

------------------ Color = login --------------------
arrivCnt=278151 deptCnt=278151
arrivThrPut=0.027842939449258575 deptThrPut=0.027842939449258575
meanTkPop=0.028315954314704166 tkColOcp=0.026569733756506814
-----
meanST=1.016988682761302 stDevST=1.968412249753795

Steady State Statistics: numBatchesST=173 batchSizeST=1600 stDevStdStateMeanST=0.057249053667324024
95% c.i. = 1.0171852682451152 +/- 0.008591406934597918



REPORT for Depository of Queueing Place : W/login----------------------------------------

tkOcp=0.0

------------------ Color = login --------------------
arrivCnt=278151 deptCnt=278151
arrivThrPut=0.027842939449258575 deptThrPut=0.027842939449258575
meanTkPop=0.0 tkColOcp=0.0
-----
meanST=0.0 stDevST=0.0

Steady State Statistics: numBatchesST=1390 batchSizeST=200 stDevStdStateMeanST=0.0
95% c.i. = 0.0 +/- 0.0



REPORT for Queue : WebUI----------------------------------------

totArrivThrPut=0.16678866776033224 totDeptThrPut=0.16678856766024472
meanTotTkPop=0.21377815546690526 queueUtil=0.13649216269472295
meanST=1.2817265403854576



REPORT for Queue of Queueing Place : W/loginAction----------------------------------------

queueUtilQPl=0.017315091883472647

------------------ Color = loginAction --------------------
arrivCnt=277700 deptCnt=277699
arrivThrPut=0.027797794309778166 deptThrPut=0.027797694209690627
meanTkPop=0.018698551372765607 tkColOcp=0.017315091883472647
-----
meanST=0.6726477822782719 stDevST=1.8956415109780511

Steady State Statistics: numBatchesST=694 batchSizeST=400 stDevStdStateMeanST=0.1159952023581744
95% c.i. = 0.6727632332391741 +/- 0.008629952049781989



REPORT for Depository of Queueing Place : W/loginAction----------------------------------------

tkOcp=0.0

------------------ Color = loginAction --------------------
arrivCnt=277699 deptCnt=277699
arrivThrPut=0.027797694209690627 deptThrPut=0.027797694209690627
meanTkPop=0.0 tkColOcp=0.0
-----
meanST=0.0 stDevST=0.0

Steady State Statistics: numBatchesST=1388 batchSizeST=200 stDevStdStateMeanST=0.0
95% c.i. = 0.0 +/- 0.0



REPORT for Queue : WebUI----------------------------------------

totArrivThrPut=0.16678866776033224 totDeptThrPut=0.16678856766024472
meanTotTkPop=0.21377815546690526 queueUtil=0.13649216269472295
meanST=1.2817265403854576



REPORT for Queue of Queueing Place : A/login_loginAction----------------------------------------

queueUtilQPl=0.0032439186730185182

------------------ Color = loginAction --------------------
arrivCnt=277699 deptCnt=277699
arrivThrPut=0.027797694209690627 deptThrPut=0.027797694209690627
meanTkPop=0.003270277297833725 tkColOcp=0.0032439186730185182
-----
meanST=0.11764563179825414 stDevST=0.14759590711017445

Steady State Statistics: numBatchesST=694 batchSizeST=400 stDevStdStateMeanST=0.007171449454283135
95% c.i. = 0.11765166391459755 +/- 5.335502129372096E-4



REPORT for Depository of Queueing Place : A/login_loginAction----------------------------------------

tkOcp=0.0

------------------ Color = loginAction --------------------
arrivCnt=277699 deptCnt=277699
arrivThrPut=0.027797694209690627 deptThrPut=0.027797694209690627
meanTkPop=0.0 tkColOcp=0.0
-----
meanST=0.0 stDevST=0.0

Steady State Statistics: numBatchesST=1388 batchSizeST=200 stDevStdStateMeanST=0.0
95% c.i. = 0.0 +/- 0.0



REPORT for Queue : Auth----------------------------------------

totArrivThrPut=0.16678846756015717 totDeptThrPut=0.16678846756015717
meanTotTkPop=0.036292765510419926 queueUtil=0.033277064091864594
meanST=0.21759757159067286



REPORT for Queue of Queueing Place : W/logout----------------------------------------

queueUtilQPl=0.10465930190202367

------------------ Color = logout --------------------
arrivCnt=277657 deptCnt=277658
arrivThrPut=0.027793490006013957 deptThrPut=0.0277935901061015
meanTkPop=0.11689443932951231 tkColOcp=0.10465930190202367
-----
meanST=4.205820862468052 stDevST=4.1839648812805015

Steady State Statistics: numBatchesST=694 batchSizeST=400 stDevStdStateMeanST=0.2661386519501188
95% c.i. = 4.2059922990614425 +/- 0.019800506902269185



REPORT for Depository of Queueing Place : W/logout----------------------------------------

tkOcp=0.0

------------------ Color = logout --------------------
arrivCnt=277658 deptCnt=277657
arrivThrPut=0.0277935901061015 deptThrPut=0.027793490006013957
meanTkPop=0.0 tkColOcp=0.0
-----
meanST=0.0 stDevST=0.0

Steady State Statistics: numBatchesST=1388 batchSizeST=200 stDevStdStateMeanST=0.0
95% c.i. = 0.0 +/- 0.0



REPORT for Queue : WebUI----------------------------------------

totArrivThrPut=0.16678866776033224 totDeptThrPut=0.16678856766024472
meanTotTkPop=0.21377815546690526 queueUtil=0.13649216269472295
meanST=1.2817265403854576



REPORT for Queue of Queueing Place : A/logout_logout----------------------------------------

queueUtilQPl=0.0029686211377797363

------------------ Color = logout --------------------
arrivCnt=277657 deptCnt=277657
arrivThrPut=0.027793490006013957 deptThrPut=0.027793490006013957
meanTkPop=0.002975840003092674 tkColOcp=0.0029686211377797363
-----
meanST=0.10706967719594629 stDevST=0.12338298225723582

Steady State Statistics: numBatchesST=694 batchSizeST=400 stDevStdStateMeanST=0.0061193251672094365
95% c.i. = 0.10706875355819133 +/- 4.552729914378222E-4



REPORT for Depository of Queueing Place : A/logout_logout----------------------------------------

tkOcp=0.0

------------------ Color = logout --------------------
arrivCnt=277657 deptCnt=277657
arrivThrPut=0.027793490006013957 deptThrPut=0.027793490006013957
meanTkPop=0.0 tkColOcp=0.0
-----
meanST=0.0 stDevST=0.0

Steady State Statistics: numBatchesST=1388 batchSizeST=200 stDevStdStateMeanST=0.0
95% c.i. = 0.0 +/- 0.0



REPORT for Queue : Auth----------------------------------------

totArrivThrPut=0.16678846756015717 totDeptThrPut=0.16678846756015717
meanTotTkPop=0.036292765510419926 queueUtil=0.033277064091864594
meanST=0.21759757159067286



REPORT for Queue of Queueing Place : P/getUser_loginAction----------------------------------------

queueUtilQPl=0.005448679546537657

------------------ Color = loginAction --------------------
arrivCnt=277699 deptCnt=277699
arrivThrPut=0.027797694209690627 deptThrPut=0.027797694209690627
meanTkPop=0.005670120743541947 tkColOcp=0.005448679546537657
-----
meanST=0.20397809619638418 stDevST=0.3952742520197609

Steady State Statistics: numBatchesST=694 batchSizeST=400 stDevStdStateMeanST=0.02200134216187362
95% c.i. = 0.20396594348068375 +/- 0.0016368825953812008



REPORT for Depository of Queueing Place : P/getUser_loginAction----------------------------------------

tkOcp=0.0

------------------ Color = loginAction --------------------
arrivCnt=277699 deptCnt=277699
arrivThrPut=0.027797694209690627 deptThrPut=0.027797694209690627
meanTkPop=0.0 tkColOcp=0.0
-----
meanST=0.0 stDevST=0.0

Steady State Statistics: numBatchesST=1388 batchSizeST=200 stDevStdStateMeanST=0.0
95% c.i. = 0.0 +/- 0.0



REPORT for Queue : Persistence----------------------------------------

totArrivThrPut=0.1667884675601572 totDeptThrPut=0.1667884675601572
meanTotTkPop=0.06582249319036171 queueUtil=0.05326377692764875
meanST=0.39464654932824356



REPORT for Queue of Queueing Place : W/category----------------------------------------

queueUtilQPl=0.014488926124511027

------------------ Color = category --------------------
arrivCnt=277046 deptCnt=277045
arrivThrPut=0.027732328852527195 deptThrPut=0.027732228752439653
meanTkPop=0.015846191743603112 tkColOcp=0.014488926124511027
-----
meanST=0.5713728402326049 stDevST=1.8903601334044815

Steady State Statistics: numBatchesST=346 batchSizeST=800 stDevStdStateMeanST=0.0805397782113588
95% c.i. = 0.5713220966770894 +/- 0.008486340848557355



REPORT for Depository of Queueing Place : W/category----------------------------------------

tkOcp=0.0

------------------ Color = category --------------------
arrivCnt=277045 deptCnt=277045
arrivThrPut=0.027732228752439653 deptThrPut=0.027732228752439653
meanTkPop=0.0 tkColOcp=0.0
-----
meanST=0.0 stDevST=0.0

Steady State Statistics: numBatchesST=1385 batchSizeST=200 stDevStdStateMeanST=0.0
95% c.i. = 0.0 +/- 0.0



REPORT for Queue : WebUI----------------------------------------

totArrivThrPut=0.16678866776033224 totDeptThrPut=0.16678856766024472
meanTotTkPop=0.21377815546690526 queueUtil=0.13649216269472295
meanST=1.2817265403854576



REPORT for Queue of Queueing Place : W/product----------------------------------------

queueUtilQPl=0.016778402431270083

------------------ Color = product --------------------
arrivCnt=277887 deptCnt=277887
arrivThrPut=0.02781651302614809 deptThrPut=0.02781651302614809
meanTkPop=0.018166528816965337 tkColOcp=0.016778402431270083
-----
meanST=0.6530843315942737 stDevST=1.910803800339952

Steady State Statistics: numBatchesST=694 batchSizeST=400 stDevStdStateMeanST=0.11485347626699095
95% c.i. = 0.6531884548622018 +/- 0.008545008524355191



REPORT for Depository of Queueing Place : W/product----------------------------------------

tkOcp=0.0

------------------ Color = product --------------------
arrivCnt=277887 deptCnt=277887
arrivThrPut=0.02781651302614809 deptThrPut=0.02781651302614809
meanTkPop=0.0 tkColOcp=0.0
-----
meanST=0.0 stDevST=0.0

Steady State Statistics: numBatchesST=1389 batchSizeST=200 stDevStdStateMeanST=0.0
95% c.i. = 0.0 +/- 0.0



REPORT for Queue : WebUI----------------------------------------

totArrivThrPut=0.16678866776033224 totDeptThrPut=0.16678856766024472
meanTotTkPop=0.21377815546690526 queueUtil=0.13649216269472295
meanST=1.2817265403854576



REPORT for Queue of Queueing Place : P/category_category----------------------------------------

queueUtilQPl=0.00705764153658462

------------------ Color = category --------------------
arrivCnt=277045 deptCnt=277045
arrivThrPut=0.027732228752439653 deptThrPut=0.027732228752439653
meanTkPop=0.007296854460553553 tkColOcp=0.00705764153658462
-----
meanST=0.2631182125926909 stDevST=0.39030866455318175

Steady State Statistics: numBatchesST=692 batchSizeST=400 stDevStdStateMeanST=0.021321749502864806
95% c.i. = 0.26308864439193086 +/- 0.0015886121528015053



REPORT for Depository of Queueing Place : P/category_category----------------------------------------

tkOcp=0.0

------------------ Color = category --------------------
arrivCnt=277045 deptCnt=277045
arrivThrPut=0.027732228752439653 deptThrPut=0.027732228752439653
meanTkPop=0.0 tkColOcp=0.0
-----
meanST=0.0 stDevST=0.0

Steady State Statistics: numBatchesST=1385 batchSizeST=200 stDevStdStateMeanST=0.0
95% c.i. = 0.0 +/- 0.0



REPORT for Queue : Persistence----------------------------------------

totArrivThrPut=0.1667884675601572 totDeptThrPut=0.1667884675601572
meanTotTkPop=0.06582249319036171 queueUtil=0.05326377692764875
meanST=0.39464654932824356



REPORT for Queue of Queueing Place : P/getProduct_product----------------------------------------

queueUtilQPl=0.010387947101224223

------------------ Color = product --------------------
arrivCnt=277887 deptCnt=277887
arrivThrPut=0.02781651302614809 deptThrPut=0.02781651302614809
meanTkPop=0.010694434220737632 tkColOcp=0.010387947101224223
-----
meanST=0.38446350952344904 stDevST=0.46292419987378924

Steady State Statistics: numBatchesST=694 batchSizeST=400 stDevStdStateMeanST=0.0251906667132495
95% c.i. = 0.38446822449155027 +/- 0.0018741658397741676



REPORT for Depository of Queueing Place : P/getProduct_product----------------------------------------

tkOcp=0.0

------------------ Color = product --------------------
arrivCnt=277887 deptCnt=277887
arrivThrPut=0.02781651302614809 deptThrPut=0.02781651302614809
meanTkPop=0.0 tkColOcp=0.0
-----
meanST=0.0 stDevST=0.0

Steady State Statistics: numBatchesST=1389 batchSizeST=200 stDevStdStateMeanST=0.0
95% c.i. = 0.0 +/- 0.0



REPORT for Queue : Persistence----------------------------------------

totArrivThrPut=0.1667884675601572 totDeptThrPut=0.1667884675601572
meanTotTkPop=0.06582249319036171 queueUtil=0.05326377692764875
meanST=0.39464654932824356



REPORT for Queue of Queueing Place : R/getAds_product----------------------------------------

queueUtilQPl=0.014165981877294495

------------------ Color = product --------------------
arrivCnt=277887 deptCnt=277887
arrivThrPut=0.02781651302614809 deptThrPut=0.02781651302614809
meanTkPop=0.014439523527797062 tkColOcp=0.014165981877294495
-----
meanST=0.5190989795961706 stDevST=0.5165732901027683

Steady State Statistics: numBatchesST=694 batchSizeST=400 stDevStdStateMeanST=0.02771247388388398
95% c.i. = 0.5191086296712512 +/- 0.002061786314750116



REPORT for Depository of Queueing Place : R/getAds_product----------------------------------------

tkOcp=0.0

------------------ Color = product --------------------
arrivCnt=277887 deptCnt=277887
arrivThrPut=0.02781651302614809 deptThrPut=0.02781651302614809
meanTkPop=0.0 tkColOcp=0.0
-----
meanST=0.0 stDevST=0.0

Steady State Statistics: numBatchesST=1389 batchSizeST=200 stDevStdStateMeanST=0.0
95% c.i. = 0.0 +/- 0.0



REPORT for Queue : Recommender----------------------------------------

totArrivThrPut=0.02781651302614809 totDeptThrPut=0.02781651302614809
meanTotTkPop=0.014439523527797062 queueUtil=0.014165981877294495
meanST=0.5190989795961706



REPORT for Queue of Queueing Place : I/productImages_category----------------------------------------

queueUtilQPl=0.004266085654515535

------------------ Color = category --------------------
arrivCnt=277045 deptCnt=277045
arrivThrPut=0.027732228752439653 deptThrPut=0.027732228752439653
meanTkPop=0.004357595635294378 tkColOcp=0.004266085654515535
-----
meanST=0.15713110093652435 stDevST=0.2402663981576732

Steady State Statistics: numBatchesST=692 batchSizeST=400 stDevStdStateMeanST=0.013421855987847701
95% c.i. = 0.15712207608855885 +/- 0.0010000175423025984



REPORT for Depository of Queueing Place : I/productImages_category----------------------------------------

tkOcp=0.0

------------------ Color = category --------------------
arrivCnt=277045 deptCnt=277045
arrivThrPut=0.027732228752439653 deptThrPut=0.027732228752439653
meanTkPop=0.0 tkColOcp=0.0
-----
meanST=0.0 stDevST=0.0

Steady State Statistics: numBatchesST=1385 batchSizeST=200 stDevStdStateMeanST=0.0
95% c.i. = 0.0 +/- 0.0



REPORT for Queue : ImageProvider----------------------------------------

totArrivThrPut=0.1667884675601572 totDeptThrPut=0.1667884675601572
meanTotTkPop=0.05093218035907755 queueUtil=0.04487978027835744
meanST=0.30536991618264825



REPORT for Queue of Queueing Place : I/product_product----------------------------------------

queueUtilQPl=0.003627018005772543

------------------ Color = product --------------------
arrivCnt=277887 deptCnt=277887
arrivThrPut=0.02781651302614809 deptThrPut=0.02781651302614809
meanTkPop=0.003669464434988375 tkColOcp=0.003627018005772543
-----
meanST=0.13191676582679515 stDevST=0.20340071672448065

Steady State Statistics: numBatchesST=347 batchSizeST=800 stDevStdStateMeanST=0.007883434747498351
95% c.i. = 0.1319394041035723 +/- 8.294664621518016E-4



REPORT for Depository of Queueing Place : I/product_product----------------------------------------

tkOcp=0.0

------------------ Color = product --------------------
arrivCnt=277887 deptCnt=277887
arrivThrPut=0.02781651302614809 deptThrPut=0.02781651302614809
meanTkPop=0.0 tkColOcp=0.0
-----
meanST=0.0 stDevST=0.0

Steady State Statistics: numBatchesST=1389 batchSizeST=200 stDevStdStateMeanST=0.0
95% c.i. = 0.0 +/- 0.0



REPORT for Queue : ImageProvider----------------------------------------

totArrivThrPut=0.1667884675601572 totDeptThrPut=0.1667884675601572
meanTotTkPop=0.05093218035907755 queueUtil=0.04487978027835744
meanST=0.30536991618264825



REPORT for Queue of Queueing Place : Workload----------------------------------------

queueUtilQPl=1.0000000000000002

------------------ Color = workload --------------------
arrivCnt=1666219 deptCnt=1666218
arrivThrPut=0.16678866776033224 deptThrPut=0.16678856766024472
meanTkPop=1.0000000000000002 tkColOcp=1.0000000000000002
-----
meanST=5.995611809718717 stDevST=5.991485013601721

Steady State Statistics: numBatchesST=4165 batchSizeST=400 stDevStdStateMeanST=0.29797870783611097
95% c.i. = 5.9956586988611305 +/- 0.009049525761338774



REPORT for Depository of Queueing Place : Workload----------------------------------------

tkOcp=0.0

------------------ Color = workload --------------------
arrivCnt=1666218 deptCnt=1666219
arrivThrPut=0.16678856766024472 deptThrPut=0.16678866776033224
meanTkPop=0.0 tkColOcp=0.0
-----
meanST=0.0 stDevST=0.0

Steady State Statistics: numBatchesST=8331 batchSizeST=200 stDevStdStateMeanST=0.0
95% c.i. = 0.0 +/- 0.0



REPORT for Queue : Workload----------------------------------------

totArrivThrPut=0.16678866776033224 totDeptThrPut=0.16678856766024472
meanTotTkPop=1.0000000000000002 queueUtil=1.0000000000000002
meanST=5.995611809718717



REPORT for Queue of Queueing Place : I/icon_index----------------------------------------

queueUtilQPl=0.004139994234287045

------------------ Color = index --------------------
arrivCnt=277778 deptCnt=277778
arrivThrPut=0.027805602116606265 deptThrPut=0.027805602116606265
meanTkPop=0.00421618674703078 tkColOcp=0.004139994234287045
-----
meanST=0.15163083789193538 stDevST=0.2333209309400321

Steady State Statistics: numBatchesST=347 batchSizeST=800 stDevStdStateMeanST=0.008409350493551388
95% c.i. = 0.1516558138128052 +/- 8.848014128732453E-4



REPORT for Depository of Queueing Place : I/icon_index----------------------------------------

tkOcp=0.0

------------------ Color = index --------------------
arrivCnt=277778 deptCnt=277778
arrivThrPut=0.027805602116606265 deptThrPut=0.027805602116606265
meanTkPop=0.0 tkColOcp=0.0
-----
meanST=0.0 stDevST=0.0

Steady State Statistics: numBatchesST=1388 batchSizeST=200 stDevStdStateMeanST=0.0
95% c.i. = 0.0 +/- 0.0



REPORT for Queue : ImageProvider----------------------------------------

totArrivThrPut=0.1667884675601572 totDeptThrPut=0.1667884675601572
meanTotTkPop=0.05093218035907755 queueUtil=0.04487978027835744
meanST=0.30536991618264825



REPORT for Queue of Queueing Place : P/categories_login----------------------------------------

queueUtilQPl=0.013350784460159996

------------------ Color = login --------------------
arrivCnt=278151 deptCnt=278151
arrivThrPut=0.027842939449258575 deptThrPut=0.027842939449258575
meanTkPop=0.013675916068624809 tkColOcp=0.013350784460159996
-----
meanST=0.4911807567425853 stDevST=0.5297805516869197

Steady State Statistics: numBatchesST=347 batchSizeST=800 stDevStdStateMeanST=0.020076525999535143
95% c.i. = 0.49118752192441767 +/- 0.002112379378597319



REPORT for Depository of Queueing Place : P/categories_login----------------------------------------

tkOcp=0.0

------------------ Color = login --------------------
arrivCnt=278151 deptCnt=278151
arrivThrPut=0.027842939449258575 deptThrPut=0.027842939449258575
meanTkPop=0.0 tkColOcp=0.0
-----
meanST=0.0 stDevST=0.0

Steady State Statistics: numBatchesST=1390 batchSizeST=200 stDevStdStateMeanST=0.0
95% c.i. = 0.0 +/- 0.0



REPORT for Queue : Persistence----------------------------------------

totArrivThrPut=0.1667884675601572 totDeptThrPut=0.1667884675601572
meanTotTkPop=0.06582249319036171 queueUtil=0.05326377692764875
meanST=0.39464654932824356



REPORT for Queue of Queueing Place : I/icon_login----------------------------------------

queueUtilQPl=0.017027937317003635

------------------ Color = login --------------------
arrivCnt=278151 deptCnt=278151
arrivThrPut=0.027842939449258575 deptThrPut=0.027842939449258575
meanTkPop=0.01741579153590299 tkColOcp=0.017027937317003635
-----
meanST=0.6255011820013403 stDevST=0.6221993595809522

Steady State Statistics: numBatchesST=347 batchSizeST=800 stDevStdStateMeanST=0.02208966683681063
95% c.i. = 0.625481764700711 +/- 0.0023241947689179024



REPORT for Depository of Queueing Place : I/icon_login----------------------------------------

tkOcp=0.0

------------------ Color = login --------------------
arrivCnt=278151 deptCnt=278151
arrivThrPut=0.027842939449258575 deptThrPut=0.027842939449258575
meanTkPop=0.0 tkColOcp=0.0
-----
meanST=0.0 stDevST=0.0

Steady State Statistics: numBatchesST=1390 batchSizeST=200 stDevStdStateMeanST=0.0
95% c.i. = 0.0 +/- 0.0



REPORT for Queue : ImageProvider----------------------------------------

totArrivThrPut=0.1667884675601572 totDeptThrPut=0.1667884675601572
meanTotTkPop=0.05093218035907755 queueUtil=0.04487978027835744
meanST=0.30536991618264825



REPORT for Queue of Queueing Place : A/isLoggedIn_login----------------------------------------

queueUtilQPl=0.015077530640031606

------------------ Color = login --------------------
arrivCnt=278151 deptCnt=278151
arrivThrPut=0.027842939449258575 deptThrPut=0.027842939449258575
meanTkPop=0.015359462151936272 tkColOcp=0.015077530640031606
-----
meanST=0.5516465738083296 stDevST=0.5488201991403173

Steady State Statistics: numBatchesST=695 batchSizeST=400 stDevStdStateMeanST=0.028336317538497992
95% c.i. = 0.5516361007398238 +/- 0.002106682556744408



REPORT for Depository of Queueing Place : A/isLoggedIn_login----------------------------------------

tkOcp=0.0

------------------ Color = login --------------------
arrivCnt=278151 deptCnt=278151
arrivThrPut=0.027842939449258575 deptThrPut=0.027842939449258575
meanTkPop=0.0 tkColOcp=0.0
-----
meanST=0.0 stDevST=0.0

Steady State Statistics: numBatchesST=1390 batchSizeST=200 stDevStdStateMeanST=0.0
95% c.i. = 0.0 +/- 0.0



REPORT for Queue : Auth----------------------------------------

totArrivThrPut=0.16678846756015717 totDeptThrPut=0.16678846756015717
meanTotTkPop=0.036292765510419926 queueUtil=0.033277064091864594
meanST=0.21759757159067286



REPORT for Queue of Queueing Place : A/isLoggedIn_category----------------------------------------

queueUtilQPl=0.0038535834351249797

------------------ Color = category --------------------
arrivCnt=277045 deptCnt=277045
arrivThrPut=0.027732228752439653 deptThrPut=0.027732228752439653
meanTkPop=0.003912980022714508 tkColOcp=0.0038535834351249797
-----
meanST=0.14109864943221614 stDevST=0.20648767684618025

Steady State Statistics: numBatchesST=692 batchSizeST=400 stDevStdStateMeanST=0.010861047921371028
95% c.i. = 0.141090667562504 +/- 8.092203089493799E-4



REPORT for Depository of Queueing Place : A/isLoggedIn_category----------------------------------------

tkOcp=0.0

------------------ Color = category --------------------
arrivCnt=277045 deptCnt=277045
arrivThrPut=0.027732228752439653 deptThrPut=0.027732228752439653
meanTkPop=0.0 tkColOcp=0.0
-----
meanST=0.0 stDevST=0.0

Steady State Statistics: numBatchesST=1385 batchSizeST=200 stDevStdStateMeanST=0.0
95% c.i. = 0.0 +/- 0.0



REPORT for Queue : Auth----------------------------------------

totArrivThrPut=0.16678846756015717 totDeptThrPut=0.16678846756015717
meanTotTkPop=0.036292765510419926 queueUtil=0.033277064091864594
meanST=0.21759757159067286



REPORT for Queue of Queueing Place : I/icon_logout----------------------------------------

queueUtilQPl=0.00867749022676065

------------------ Color = logout --------------------
arrivCnt=277657 deptCnt=277657
arrivThrPut=0.027793490006013957 deptThrPut=0.027793490006013957
meanTkPop=0.008742558018463244 tkColOcp=0.00867749022676065
-----
meanST=0.3145541641791487 stDevST=0.321334355104138

Steady State Statistics: numBatchesST=694 batchSizeST=400 stDevStdStateMeanST=0.01651217681112371
95% c.i. = 0.31455404335357684 +/- 0.0012284929998872274



REPORT for Depository of Queueing Place : I/icon_logout----------------------------------------

tkOcp=0.0

------------------ Color = logout --------------------
arrivCnt=277657 deptCnt=277657
arrivThrPut=0.027793490006013957 deptThrPut=0.027793490006013957
meanTkPop=0.0 tkColOcp=0.0
-----
meanST=0.0 stDevST=0.0

Steady State Statistics: numBatchesST=1388 batchSizeST=200 stDevStdStateMeanST=0.0
95% c.i. = 0.0 +/- 0.0



REPORT for Queue : ImageProvider----------------------------------------

totArrivThrPut=0.1667884675601572 totDeptThrPut=0.1667884675601572
meanTotTkPop=0.05093218035907755 queueUtil=0.04487978027835744
meanST=0.30536991618264825



REPORT for Queue of Queueing Place : I/icon_loginAction----------------------------------------

queueUtilQPl=0.012214961244136529

------------------ Color = loginAction --------------------
arrivCnt=277699 deptCnt=277699
arrivThrPut=0.027797694209690627 deptThrPut=0.027797694209690627
meanTkPop=0.012530583987397783 tkColOcp=0.012214961244136529
-----
meanST=0.4507778196592098 stDevST=0.45504653962041164

Steady State Statistics: numBatchesST=694 batchSizeST=400 stDevStdStateMeanST=0.025744856448374286
95% c.i. = 0.4508069723164789 +/- 0.0019153971212701063



REPORT for Depository of Queueing Place : I/icon_loginAction----------------------------------------

tkOcp=0.0

------------------ Color = loginAction --------------------
arrivCnt=277699 deptCnt=277699
arrivThrPut=0.027797694209690627 deptThrPut=0.027797694209690627
meanTkPop=0.0 tkColOcp=0.0
-----
meanST=0.0 stDevST=0.0

Steady State Statistics: numBatchesST=1388 batchSizeST=200 stDevStdStateMeanST=0.0
95% c.i. = 0.0 +/- 0.0



REPORT for Queue : ImageProvider----------------------------------------

totArrivThrPut=0.1667884675601572 totDeptThrPut=0.1667884675601572
meanTotTkPop=0.05093218035907755 queueUtil=0.04487978027835744
meanST=0.30536991618264825



REPORT for Queue of Queueing Place : A/isLoggedIn_product----------------------------------------

queueUtilQPl=0.003532100452694706

------------------ Color = product --------------------
arrivCnt=277887 deptCnt=277887
arrivThrPut=0.02781651302614809 deptThrPut=0.02781651302614809
meanTkPop=0.003573305829305627 tkColOcp=0.003532100452694706
-----
meanST=0.1284598765469506 stDevST=0.18612814799057462

Steady State Statistics: numBatchesST=694 batchSizeST=400 stDevStdStateMeanST=0.009468494357012875
95% c.i. = 0.12846977763067302 +/- 7.044485515214414E-4



REPORT for Depository of Queueing Place : A/isLoggedIn_product----------------------------------------

tkOcp=0.0

------------------ Color = product --------------------
arrivCnt=277887 deptCnt=277887
arrivThrPut=0.02781651302614809 deptThrPut=0.02781651302614809
meanTkPop=0.0 tkColOcp=0.0
-----
meanST=0.0 stDevST=0.0

Steady State Statistics: numBatchesST=1389 batchSizeST=200 stDevStdStateMeanST=0.0
95% c.i. = 0.0 +/- 0.0



REPORT for Queue : Auth----------------------------------------

totArrivThrPut=0.16678846756015717 totDeptThrPut=0.16678846756015717
meanTotTkPop=0.036292765510419926 queueUtil=0.033277064091864594
meanST=0.21759757159067286



REPORT for Queue of Queueing Place : P/category_logout----------------------------------------

queueUtilQPl=0.022893867161508437

------------------ Color = logout --------------------
arrivCnt=277657 deptCnt=277657
arrivThrPut=0.027793490006013957 deptThrPut=0.027793490006013957
meanTkPop=0.023361136009953137 tkColOcp=0.022893867161508437
-----
meanST=0.8405254613543766 stDevST=0.8292846339097781

Steady State Statistics: numBatchesST=694 batchSizeST=400 stDevStdStateMeanST=0.043637006015531735
95% c.i. = 0.8405185631416336 +/- 0.0032465590115292246



REPORT for Depository of Queueing Place : P/category_logout----------------------------------------

tkOcp=0.0

------------------ Color = logout --------------------
arrivCnt=277657 deptCnt=277657
arrivThrPut=0.027793490006013957 deptThrPut=0.027793490006013957
meanTkPop=0.0 tkColOcp=0.0
-----
meanST=0.0 stDevST=0.0

Steady State Statistics: numBatchesST=1388 batchSizeST=200 stDevStdStateMeanST=0.0
95% c.i. = 0.0 +/- 0.0



REPORT for Queue : Persistence----------------------------------------

totArrivThrPut=0.1667884675601572 totDeptThrPut=0.1667884675601572
meanTotTkPop=0.06582249319036171 queueUtil=0.05326377692764875
meanST=0.39464654932824356



REPORT for Ordinary Place : Finish_index----------------------------------------

tkOcp=1.0000000000000002

------------------ Color = index --------------------
arrivCnt=277778 deptCnt=0
arrivThrPut=0.027805602116606265 deptThrPut=0.0
meanTkPop=139150.78036238122 tkColOcp=1.0000000000000002
-----
meanST=NaN stDevST=NaN

Steady State Statistics: Only 0 batches collected!
Need at least 60 for steady state statistics.



REPORT for Ordinary Place : Finish_login----------------------------------------

tkOcp=1.0

------------------ Color = login --------------------
arrivCnt=278151 deptCnt=0
arrivThrPut=0.027842939449258575 deptThrPut=0.0
meanTkPop=139220.4659267412 tkColOcp=1.0
-----
meanST=NaN stDevST=NaN

Steady State Statistics: Only 0 batches collected!
Need at least 60 for steady state statistics.



REPORT for Ordinary Place : Finish_loginAction----------------------------------------

tkOcp=1.0000000000000002

------------------ Color = loginAction --------------------
arrivCnt=277699 deptCnt=0
arrivThrPut=0.027797694209690627 deptThrPut=0.0
meanTkPop=139218.4687832636 tkColOcp=1.0000000000000002
-----
meanST=NaN stDevST=NaN

Steady State Statistics: Only 0 batches collected!
Need at least 60 for steady state statistics.



REPORT for Ordinary Place : Finish_category----------------------------------------

tkOcp=1.0

------------------ Color = category --------------------
arrivCnt=277045 deptCnt=0
arrivThrPut=0.027732228752439653 deptThrPut=0.0
meanTkPop=138614.97532270715 tkColOcp=1.0
-----
meanST=NaN stDevST=NaN

Steady State Statistics: Only 0 batches collected!
Need at least 60 for steady state statistics.



REPORT for Ordinary Place : Finish_product----------------------------------------

tkOcp=1.0

------------------ Color = product --------------------
arrivCnt=277887 deptCnt=0
arrivThrPut=0.02781651302614809 deptThrPut=0.0
meanTkPop=139168.14679347552 tkColOcp=1.0
-----
meanST=NaN stDevST=NaN

Steady State Statistics: Only 0 batches collected!
Need at least 60 for steady state statistics.



REPORT for Ordinary Place : Finish_logout----------------------------------------

tkOcp=1.0

------------------ Color = logout --------------------
arrivCnt=277657 deptCnt=0
arrivThrPut=0.027793490006013957 deptThrPut=0.0
meanTkPop=138983.95144121174 tkColOcp=1.0
-----
meanST=NaN stDevST=NaN

Steady State Statistics: Only 0 batches collected!
Need at least 60 for steady state statistics.



REPORT REPORT for Probe : /index----------------------------------------


------------------ Color = index --------------------
-----
meanST=1.165146807215677 stDevST=2.1005000738563666

Steady State Statistics: numBatchesST=694 batchSizeST=400 stDevStdStateMeanST=0.12223456898569934
95% c.i. = 1.1652797584826453 +/- 0.009094156031687069



REPORT REPORT for Probe : /login----------------------------------------


------------------ Color = login --------------------
-----
meanST=2.685317195313557 stDevST=2.296349626634381

Steady State Statistics: numBatchesST=695 batchSizeST=400 stDevStdStateMeanST=0.13094168200131767
95% c.i. = 2.6852646889641214 +/- 0.00973494728269378



REPORT REPORT for Probe : /loginAction----------------------------------------


------------------ Color = loginAction --------------------
-----
meanST=1.44504932993212 stDevST=2.1799957846533182

Steady State Statistics: numBatchesST=694 batchSizeST=400 stDevStdStateMeanST=0.13486637132607113
95% c.i. = 1.4451878129509346 +/- 0.010033952215352679



REPORT REPORT for Probe : /logout----------------------------------------


------------------ Color = logout --------------------
-----
meanST=5.4679524397125965 stDevST=4.284109382140136

Steady State Statistics: numBatchesST=694 batchSizeST=400 stDevStdStateMeanST=0.2699204637939567
95% c.i. = 5.468133659114839 +/- 0.02008187073637709



REPORT REPORT for Probe : /category----------------------------------------


------------------ Color = category --------------------
-----
meanST=1.1327208031940366 stDevST=2.1075124135453356

Steady State Statistics: numBatchesST=346 batchSizeST=800 stDevStdStateMeanST=0.0892180765051144
95% c.i. = 1.1326234847200836 +/- 0.009400758530624886



REPORT REPORT for Probe : /product----------------------------------------


------------------ Color = product --------------------
-----
meanST=1.8170234630876392 stDevST=2.198598209162649

Steady State Statistics: numBatchesST=694 batchSizeST=400 stDevStdStateMeanST=0.13224998425623744
95% c.i. = 1.8171744907592502 +/- 0.009839295070080297



