INFO Logging to /home/yjx/workloadConfig/qpme/output/SimQPN_Output_config_2025-08-14_061800223.log
WARN Batch means correlation test was run for depository of place Workload, color 0
    However, the standard deviation of the token residence time is 0 and therefore the result of the test is ignored!
    In future runs, you should set numBMeansCorlTested to 0 to switch off the correlation test!
WARN Batch means correlation test was run for depository of place W/index, color 0
    However, the standard deviation of the token residence time is 0 and therefore the result of the test is ignored!
    In future runs, you should set numBMeansCorlTested to 0 to switch off the correlation test!
WARN Batch means correlation test was run for depository of place P/categories_index, color 0
    However, the standard deviation of the token residence time is 0 and therefore the result of the test is ignored!
    In future runs, you should set numBMeansCorlTested to 0 to switch off the correlation test!
WARN Batch means correlation test was run for depository of place A/isLoggedIn_index, color 0
    However, the standard deviation of the token residence time is 0 and therefore the result of the test is ignored!
    In future runs, you should set numBMeansCorlTested to 0 to switch off the correlation test!
WARN Batch means correlation test was run for depository of place I/icon_index, color 0
    However, the standard deviation of the token residence time is 0 and therefore the result of the test is ignored!
    In future runs, you should set numBMeansCorlTested to 0 to switch off the correlation test!
WARN Batch means correlation test was run for depository of place W/loginAction, color 0
    However, the standard deviation of the token residence time is 0 and therefore the result of the test is ignored!
    In future runs, you should set numBMeansCorlTested to 0 to switch off the correlation test!
WARN Batch means correlation test was run for depository of place A/login_loginAction, color 0
    However, the standard deviation of the token residence time is 0 and therefore the result of the test is ignored!
    In future runs, you should set numBMeansCorlTested to 0 to switch off the correlation test!
WARN Batch means correlation test was run for depository of place P/getUser_loginAction, color 0
    However, the standard deviation of the token residence time is 0 and therefore the result of the test is ignored!
    In future runs, you should set numBMeansCorlTested to 0 to switch off the correlation test!
WARN Batch means correlation test was run for depository of place I/icon_loginAction, color 0
    However, the standard deviation of the token residence time is 0 and therefore the result of the test is ignored!
    In future runs, you should set numBMeansCorlTested to 0 to switch off the correlation test!
WARN Batch means correlation test was run for depository of place W/product, color 0
    However, the standard deviation of the token residence time is 0 and therefore the result of the test is ignored!
    In future runs, you should set numBMeansCorlTested to 0 to switch off the correlation test!
WARN Batch means correlation test was run for depository of place P/getProduct_product, color 0
    However, the standard deviation of the token residence time is 0 and therefore the result of the test is ignored!
    In future runs, you should set numBMeansCorlTested to 0 to switch off the correlation test!
WARN Batch means correlation test was run for depository of place R/getAds_product, color 0
    However, the standard deviation of the token residence time is 0 and therefore the result of the test is ignored!
    In future runs, you should set numBMeansCorlTested to 0 to switch off the correlation test!
WARN Batch means correlation test was run for depository of place I/product_product, color 0
    However, the standard deviation of the token residence time is 0 and therefore the result of the test is ignored!
    In future runs, you should set numBMeansCorlTested to 0 to switch off the correlation test!
WARN Batch means correlation test was run for depository of place A/isLoggedIn_product, color 0
    However, the standard deviation of the token residence time is 0 and therefore the result of the test is ignored!
    In future runs, you should set numBMeansCorlTested to 0 to switch off the correlation test!
WARN Batch means correlation test was run for depository of place W/login, color 0
    However, the standard deviation of the token residence time is 0 and therefore the result of the test is ignored!
    In future runs, you should set numBMeansCorlTested to 0 to switch off the correlation test!
WARN Batch means correlation test was run for depository of place P/categories_login, color 0
    However, the standard deviation of the token residence time is 0 and therefore the result of the test is ignored!
    In future runs, you should set numBMeansCorlTested to 0 to switch off the correlation test!
WARN Batch means correlation test was run for depository of place I/icon_login, color 0
    However, the standard deviation of the token residence time is 0 and therefore the result of the test is ignored!
    In future runs, you should set numBMeansCorlTested to 0 to switch off the correlation test!
WARN Batch means correlation test was run for depository of place A/isLoggedIn_login, color 0
    However, the standard deviation of the token residence time is 0 and therefore the result of the test is ignored!
    In future runs, you should set numBMeansCorlTested to 0 to switch off the correlation test!
WARN Batch means correlation test was run for depository of place W/category, color 0
    However, the standard deviation of the token residence time is 0 and therefore the result of the test is ignored!
    In future runs, you should set numBMeansCorlTested to 0 to switch off the correlation test!
WARN Batch means correlation test was run for depository of place P/category_category, color 0
    However, the standard deviation of the token residence time is 0 and therefore the result of the test is ignored!
    In future runs, you should set numBMeansCorlTested to 0 to switch off the correlation test!
WARN Batch means correlation test was run for depository of place I/productImages_category, color 0
    However, the standard deviation of the token residence time is 0 and therefore the result of the test is ignored!
    In future runs, you should set numBMeansCorlTested to 0 to switch off the correlation test!
WARN Batch means correlation test was run for depository of place A/isLoggedIn_category, color 0
    However, the standard deviation of the token residence time is 0 and therefore the result of the test is ignored!
    In future runs, you should set numBMeansCorlTested to 0 to switch off the correlation test!
WARN Batch means correlation test was run for depository of place W/logout, color 0
    However, the standard deviation of the token residence time is 0 and therefore the result of the test is ignored!
    In future runs, you should set numBMeansCorlTested to 0 to switch off the correlation test!
WARN Batch means correlation test was run for depository of place A/logout_logout, color 0
    However, the standard deviation of the token residence time is 0 and therefore the result of the test is ignored!
    In future runs, you should set numBMeansCorlTested to 0 to switch off the correlation test!
WARN Batch means correlation test was run for depository of place P/category_logout, color 0
    However, the standard deviation of the token residence time is 0 and therefore the result of the test is ignored!
    In future runs, you should set numBMeansCorlTested to 0 to switch off the correlation test!
WARN Batch means correlation test was run for depository of place I/icon_logout, color 0
    However, the standard deviation of the token residence time is 0 and therefore the result of the test is ignored!
    In future runs, you should set numBMeansCorlTested to 0 to switch off the correlation test!
WARN LP-1 The simulation was stopped because of reaching max totalRunLen.
The required precision may not have been reached!
REPORT for Queue of Queueing Place : W/index----------------------------------------

queueUtilQPl=0.005484783415847517

------------------ Color = index --------------------
arrivCnt=278043 deptCnt=278043
arrivThrPut=0.027832076382265026 deptThrPut=0.027832076382265026
meanTkPop=0.005517053884297623 tkColOcp=0.005484783415847517
-----
meanST=0.19822645671571826 stDevST=0.19791167598704953

Steady State Statistics: numBatchesST=347 batchSizeST=800 stDevStdStateMeanST=0.007418046761065029
95% c.i. = 0.19822222975155634 +/- 7.805000231567563E-4



REPORT for Depository of Queueing Place : W/index----------------------------------------

tkOcp=0.0

------------------ Color = index --------------------
arrivCnt=278043 deptCnt=278043
arrivThrPut=0.027832076382265026 deptThrPut=0.027832076382265026
meanTkPop=0.0 tkColOcp=0.0
-----
meanST=0.0 stDevST=0.0

Steady State Statistics: numBatchesST=1390 batchSizeST=200 stDevStdStateMeanST=0.0
95% c.i. = 0.0 +/- 0.0



REPORT for Queue : WebUI----------------------------------------

totArrivThrPut=0.16667554201148183 totDeptThrPut=0.16667554201148183
meanTotTkPop=0.020948122384314087 queueUtil=0.020485533228648024
meanST=0.12568204147715342



REPORT for Queue of Queueing Place : P/categories_index----------------------------------------

queueUtilQPl=0.007632027459929127

------------------ Color = index --------------------
arrivCnt=278043 deptCnt=278043
arrivThrPut=0.027832076382265026 deptThrPut=0.027832076382265026
meanTkPop=0.0076935452913399665 tkColOcp=0.007632027459929127
-----
meanST=0.2764272843201306 stDevST=0.2905844608640754

Steady State Statistics: numBatchesST=695 batchSizeST=400 stDevStdStateMeanST=0.01467907269620758
95% c.i. = 0.276436404183304 +/- 0.0010913255173778235



REPORT for Depository of Queueing Place : P/categories_index----------------------------------------

tkOcp=0.0

------------------ Color = index --------------------
arrivCnt=278043 deptCnt=278043
arrivThrPut=0.027832076382265026 deptThrPut=0.027832076382265026
meanTkPop=0.0 tkColOcp=0.0
-----
meanST=0.0 stDevST=0.0

Steady State Statistics: numBatchesST=1390 batchSizeST=200 stDevStdStateMeanST=0.0
95% c.i. = 0.0 +/- 0.0



REPORT for Queue : Persistence----------------------------------------

totArrivThrPut=0.16667554201148183 totDeptThrPut=0.16667554201148183
meanTotTkPop=0.045896696622722236 queueUtil=0.0428714881721497
meanST=0.2753655159529077



REPORT for Queue of Queueing Place : A/isLoggedIn_index----------------------------------------

queueUtilQPl=0.005052099292112061

------------------ Color = index --------------------
arrivCnt=278043 deptCnt=278043
arrivThrPut=0.027832076382265026 deptThrPut=0.027832076382265026
meanTkPop=0.005101644315964057 tkColOcp=0.005052099292112061
-----
meanST=0.18330088800758298 stDevST=0.3186329949284787

Steady State Statistics: numBatchesST=695 batchSizeST=400 stDevStdStateMeanST=0.016599907683625008
95% c.i. = 0.1833072036294877 +/- 0.0012341312844602584



REPORT for Depository of Queueing Place : A/isLoggedIn_index----------------------------------------

tkOcp=0.0

------------------ Color = index --------------------
arrivCnt=278043 deptCnt=278043
arrivThrPut=0.027832076382265026 deptThrPut=0.027832076382265026
meanTkPop=0.0 tkColOcp=0.0
-----
meanST=0.0 stDevST=0.0

Steady State Statistics: numBatchesST=1390 batchSizeST=200 stDevStdStateMeanST=0.0
95% c.i. = 0.0 +/- 0.0



REPORT for Queue : Auth----------------------------------------

totArrivThrPut=0.16667554201148183 totDeptThrPut=0.16667554201148183
meanTotTkPop=0.08895395269321874 queueUtil=0.0795944338872687
meanST=0.5336952957806549



REPORT for Queue of Queueing Place : W/login----------------------------------------

queueUtilQPl=0.002717187806368045

------------------ Color = login --------------------
arrivCnt=277824 deptCnt=277824
arrivThrPut=0.027810154504254374 deptThrPut=0.027810154504254374
meanTkPop=0.0027241840304404975 tkColOcp=0.002717187806368045
-----
meanST=0.09795645076418955 stDevST=0.09944296568592258

Steady State Statistics: numBatchesST=694 batchSizeST=400 stDevStdStateMeanST=0.004952406319966778
95% c.i. = 0.09795634269709436 +/- 3.6845514472554964E-4



REPORT for Depository of Queueing Place : W/login----------------------------------------

tkOcp=0.0

------------------ Color = login --------------------
arrivCnt=277824 deptCnt=277824
arrivThrPut=0.027810154504254374 deptThrPut=0.027810154504254374
meanTkPop=0.0 tkColOcp=0.0
-----
meanST=0.0 stDevST=0.0

Steady State Statistics: numBatchesST=1389 batchSizeST=200 stDevStdStateMeanST=0.0
95% c.i. = 0.0 +/- 0.0



REPORT for Queue : WebUI----------------------------------------

totArrivThrPut=0.16667554201148183 totDeptThrPut=0.16667554201148183
meanTotTkPop=0.020948122384314087 queueUtil=0.020485533228648024
meanST=0.12568204147715342



REPORT for Queue of Queueing Place : W/loginAction----------------------------------------

queueUtilQPl=0.0038924761174214564

------------------ Color = loginAction --------------------
arrivCnt=277776 deptCnt=277776
arrivThrPut=0.027805349709073956 deptThrPut=0.027805349709073956
meanTkPop=0.00390768535691231 tkColOcp=0.0038924761174214564
-----
meanST=0.14053717711872837 stDevST=0.14057517850606316

Steady State Statistics: numBatchesST=694 batchSizeST=400 stDevStdStateMeanST=0.0074459553780382185
95% c.i. = 0.14054323222822598 +/- 5.539732382971074E-4



REPORT for Depository of Queueing Place : W/loginAction----------------------------------------

tkOcp=0.0

------------------ Color = loginAction --------------------
arrivCnt=277776 deptCnt=277776
arrivThrPut=0.027805349709073956 deptThrPut=0.027805349709073956
meanTkPop=0.0 tkColOcp=0.0
-----
meanST=0.0 stDevST=0.0

Steady State Statistics: numBatchesST=1388 batchSizeST=200 stDevStdStateMeanST=0.0
95% c.i. = 0.0 +/- 0.0



REPORT for Queue : WebUI----------------------------------------

totArrivThrPut=0.16667554201148183 totDeptThrPut=0.16667554201148183
meanTotTkPop=0.020948122384314087 queueUtil=0.020485533228648024
meanST=0.12568204147715342



REPORT for Queue of Queueing Place : A/login_loginAction----------------------------------------

queueUtilQPl=0.01531311314363554

------------------ Color = loginAction --------------------
arrivCnt=277776 deptCnt=277776
arrivThrPut=0.027805349709073956 deptThrPut=0.027805349709073956
meanTkPop=0.015552449703044513 tkColOcp=0.01531311314363554
-----
meanST=0.5593330012306642 stDevST=0.5803486479291055

Steady State Statistics: numBatchesST=694 batchSizeST=400 stDevStdStateMeanST=0.03122873812788626
95% c.i. = 0.5593241017250833 +/- 0.002323393615769356



REPORT for Depository of Queueing Place : A/login_loginAction----------------------------------------

tkOcp=0.0

------------------ Color = loginAction --------------------
arrivCnt=277776 deptCnt=277776
arrivThrPut=0.027805349709073956 deptThrPut=0.027805349709073956
meanTkPop=0.0 tkColOcp=0.0
-----
meanST=0.0 stDevST=0.0

Steady State Statistics: numBatchesST=1388 batchSizeST=200 stDevStdStateMeanST=0.0
95% c.i. = 0.0 +/- 0.0



REPORT for Queue : Auth----------------------------------------

totArrivThrPut=0.16667554201148183 totDeptThrPut=0.16667554201148183
meanTotTkPop=0.08895395269321874 queueUtil=0.0795944338872687
meanST=0.5336952957806549



REPORT for Queue of Queueing Place : W/logout----------------------------------------

queueUtilQPl=0.0029479512262252667

------------------ Color = logout --------------------
arrivCnt=276926 deptCnt=276926
arrivThrPut=0.027720264794420735 deptThrPut=0.027720264794420735
meanTkPop=0.002956872399789882 tkColOcp=0.0029479512262252667
-----
meanST=0.10666825954653263 stDevST=0.10796212265907368

Steady State Statistics: numBatchesST=692 batchSizeST=400 stDevStdStateMeanST=0.005615557436555267
95% c.i. = 0.10667351110561306 +/- 4.183963791183243E-4



REPORT for Depository of Queueing Place : W/logout----------------------------------------

tkOcp=0.0

------------------ Color = logout --------------------
arrivCnt=276926 deptCnt=276926
arrivThrPut=0.027720264794420735 deptThrPut=0.027720264794420735
meanTkPop=0.0 tkColOcp=0.0
-----
meanST=0.0 stDevST=0.0

Steady State Statistics: numBatchesST=1384 batchSizeST=200 stDevStdStateMeanST=0.0
95% c.i. = 0.0 +/- 0.0



REPORT for Queue : WebUI----------------------------------------

totArrivThrPut=0.16667554201148183 totDeptThrPut=0.16667554201148183
meanTotTkPop=0.020948122384314087 queueUtil=0.020485533228648024
meanST=0.12568204147715342



REPORT for Queue of Queueing Place : A/logout_logout----------------------------------------

queueUtilQPl=0.02637201959136528

------------------ Color = logout --------------------
arrivCnt=276926 deptCnt=276926
arrivThrPut=0.027720264794420735 deptThrPut=0.027720264794420735
meanTkPop=0.02707713437533117 tkColOcp=0.02637201959136528
-----
meanST=0.976799268554642 stDevST=0.9668528314239337

Steady State Statistics: numBatchesST=692 batchSizeST=400 stDevStdStateMeanST=0.04993863950474521
95% c.i. = 0.9768595191518624 +/- 0.0037207607940873866



REPORT for Depository of Queueing Place : A/logout_logout----------------------------------------

tkOcp=0.0

------------------ Color = logout --------------------
arrivCnt=276926 deptCnt=276926
arrivThrPut=0.027720264794420735 deptThrPut=0.027720264794420735
meanTkPop=0.0 tkColOcp=0.0
-----
meanST=0.0 stDevST=0.0

Steady State Statistics: numBatchesST=1384 batchSizeST=200 stDevStdStateMeanST=0.0
95% c.i. = 0.0 +/- 0.0



REPORT for Queue : Auth----------------------------------------

totArrivThrPut=0.16667554201148183 totDeptThrPut=0.16667554201148183
meanTotTkPop=0.08895395269321874 queueUtil=0.0795944338872687
meanST=0.5336952957806549



REPORT for Queue of Queueing Place : P/getUser_loginAction----------------------------------------

queueUtilQPl=0.0033522738620644873

------------------ Color = loginAction --------------------
arrivCnt=277776 deptCnt=277776
arrivThrPut=0.027805349709073956 deptThrPut=0.027805349709073956
meanTkPop=0.0033722738755379528 tkColOcp=0.0033522738620644873
-----
meanST=0.12128147679572071 stDevST=0.17674592732062816

Steady State Statistics: numBatchesST=694 batchSizeST=400 stDevStdStateMeanST=0.008839278370545982
95% c.i. = 0.12129460793651813 +/- 6.576353757885497E-4



REPORT for Depository of Queueing Place : P/getUser_loginAction----------------------------------------

tkOcp=0.0

------------------ Color = loginAction --------------------
arrivCnt=277776 deptCnt=277776
arrivThrPut=0.027805349709073956 deptThrPut=0.027805349709073956
meanTkPop=0.0 tkColOcp=0.0
-----
meanST=0.0 stDevST=0.0

Steady State Statistics: numBatchesST=1388 batchSizeST=200 stDevStdStateMeanST=0.0
95% c.i. = 0.0 +/- 0.0



REPORT for Queue : Persistence----------------------------------------

totArrivThrPut=0.16667554201148183 totDeptThrPut=0.16667554201148183
meanTotTkPop=0.045896696622722236 queueUtil=0.0428714881721497
meanST=0.2753655159529077



REPORT for Queue of Queueing Place : W/category----------------------------------------

queueUtilQPl=0.002986317326003323

------------------ Color = category --------------------
arrivCnt=277286 deptCnt=277286
arrivThrPut=0.027756300758273865 deptThrPut=0.027756300758273865
meanTkPop=0.0029953293723804808 tkColOcp=0.002986317326003323
-----
meanST=0.10791529456559891 stDevST=0.10862214821054408

Steady State Statistics: numBatchesST=693 batchSizeST=400 stDevStdStateMeanST=0.005734181886418199
95% c.i. = 0.10791562630703846 +/- 4.2692632820745963E-4



REPORT for Depository of Queueing Place : W/category----------------------------------------

tkOcp=0.0

------------------ Color = category --------------------
arrivCnt=277286 deptCnt=277286
arrivThrPut=0.027756300758273865 deptThrPut=0.027756300758273865
meanTkPop=0.0 tkColOcp=0.0
-----
meanST=0.0 stDevST=0.0

Steady State Statistics: numBatchesST=1386 batchSizeST=200 stDevStdStateMeanST=0.0
95% c.i. = 0.0 +/- 0.0



REPORT for Queue : WebUI----------------------------------------

totArrivThrPut=0.16667554201148183 totDeptThrPut=0.16667554201148183
meanTotTkPop=0.020948122384314087 queueUtil=0.020485533228648024
meanST=0.12568204147715342



REPORT for Queue of Queueing Place : W/product----------------------------------------

queueUtilQPl=0.0028385502442627546

------------------ Color = product --------------------
arrivCnt=277237 deptCnt=277237
arrivThrPut=0.027751395863193855 deptThrPut=0.027751395863193855
meanTkPop=0.0028469973404932924 tkColOcp=0.0028385502442627546
-----
meanST=0.10258933837159558 stDevST=0.10337336053304261

Steady State Statistics: numBatchesST=693 batchSizeST=400 stDevStdStateMeanST=0.005421006795639615
95% c.i. = 0.10258865020746172 +/- 4.0360954226650045E-4



REPORT for Depository of Queueing Place : W/product----------------------------------------

tkOcp=0.0

------------------ Color = product --------------------
arrivCnt=277237 deptCnt=277237
arrivThrPut=0.027751395863193855 deptThrPut=0.027751395863193855
meanTkPop=0.0 tkColOcp=0.0
-----
meanST=0.0 stDevST=0.0

Steady State Statistics: numBatchesST=1386 batchSizeST=200 stDevStdStateMeanST=0.0
95% c.i. = 0.0 +/- 0.0



REPORT for Queue : WebUI----------------------------------------

totArrivThrPut=0.16667554201148183 totDeptThrPut=0.16667554201148183
meanTotTkPop=0.020948122384314087 queueUtil=0.020485533228648024
meanST=0.12568204147715342



REPORT for Queue of Queueing Place : P/category_category----------------------------------------

queueUtilQPl=0.0030467833616491763

------------------ Color = category --------------------
arrivCnt=277286 deptCnt=277286
arrivThrPut=0.027756300758273865 deptThrPut=0.027756300758273865
meanTkPop=0.0030619482193835913 tkColOcp=0.0030467833616491763
-----
meanST=0.11031542877596383 stDevST=0.15966094985923593

Steady State Statistics: numBatchesST=693 batchSizeST=400 stDevStdStateMeanST=0.007791132933052049
95% c.i. = 0.11031798875998805 +/- 5.800722477189907E-4



REPORT for Depository of Queueing Place : P/category_category----------------------------------------

tkOcp=0.0

------------------ Color = category --------------------
arrivCnt=277286 deptCnt=277286
arrivThrPut=0.027756300758273865 deptThrPut=0.027756300758273865
meanTkPop=0.0 tkColOcp=0.0
-----
meanST=0.0 stDevST=0.0

Steady State Statistics: numBatchesST=1386 batchSizeST=200 stDevStdStateMeanST=0.0
95% c.i. = 0.0 +/- 0.0



REPORT for Queue : Persistence----------------------------------------

totArrivThrPut=0.16667554201148183 totDeptThrPut=0.16667554201148183
meanTotTkPop=0.045896696622722236 queueUtil=0.0428714881721497
meanST=0.2753655159529077



REPORT for Queue of Queueing Place : P/getProduct_product----------------------------------------

queueUtilQPl=0.003058547080461317

------------------ Color = product --------------------
arrivCnt=277237 deptCnt=277237
arrivThrPut=0.027751395863193855 deptThrPut=0.027751395863193855
meanTkPop=0.0030726138452529905 tkColOcp=0.003058547080461317
-----
meanST=0.11071925392149876 stDevST=0.16278393953438486

Steady State Statistics: numBatchesST=693 batchSizeST=400 stDevStdStateMeanST=0.008064243191173007
95% c.i. = 0.1107234232316185 +/- 6.004060916752735E-4



REPORT for Depository of Queueing Place : P/getProduct_product----------------------------------------

tkOcp=0.0

------------------ Color = product --------------------
arrivCnt=277237 deptCnt=277237
arrivThrPut=0.027751395863193855 deptThrPut=0.027751395863193855
meanTkPop=0.0 tkColOcp=0.0
-----
meanST=0.0 stDevST=0.0

Steady State Statistics: numBatchesST=1386 batchSizeST=200 stDevStdStateMeanST=0.0
95% c.i. = 0.0 +/- 0.0



REPORT for Queue : Persistence----------------------------------------

totArrivThrPut=0.16667554201148183 totDeptThrPut=0.16667554201148183
meanTotTkPop=0.045896696622722236 queueUtil=0.0428714881721497
meanST=0.2753655159529077



REPORT for Queue of Queueing Place : R/getAds_product----------------------------------------

queueUtilQPl=0.0031433587631266497

------------------ Color = product --------------------
arrivCnt=277237 deptCnt=277237
arrivThrPut=0.027751395863193855 deptThrPut=0.027751395863193855
meanTkPop=0.0031548235120341874 tkColOcp=0.0031433587631266497
-----
meanST=0.11368161542527558 stDevST=0.11398910058614348

Steady State Statistics: numBatchesST=693 batchSizeST=400 stDevStdStateMeanST=0.006118043170962447
95% c.i. = 0.11368669332066812 +/- 4.5550590450929216E-4



REPORT for Depository of Queueing Place : R/getAds_product----------------------------------------

tkOcp=0.0

------------------ Color = product --------------------
arrivCnt=277237 deptCnt=277237
arrivThrPut=0.027751395863193855 deptThrPut=0.027751395863193855
meanTkPop=0.0 tkColOcp=0.0
-----
meanST=0.0 stDevST=0.0

Steady State Statistics: numBatchesST=1386 batchSizeST=200 stDevStdStateMeanST=0.0
95% c.i. = 0.0 +/- 0.0



REPORT for Queue : Recommender----------------------------------------

totArrivThrPut=0.027751395863193855 totDeptThrPut=0.027751395863193855
meanTotTkPop=0.0031548235120341874 queueUtil=0.0031433587631266497
meanST=0.11368161542527558



REPORT for Queue of Queueing Place : I/productImages_category----------------------------------------

queueUtilQPl=0.013744724165597594

------------------ Color = category --------------------
arrivCnt=277286 deptCnt=277286
arrivThrPut=0.027756300758273865 deptThrPut=0.027756300758273865
meanTkPop=0.013965648212340804 tkColOcp=0.013744724165597594
-----
meanST=0.5031523593135079 stDevST=0.5333245626912021

Steady State Statistics: numBatchesST=693 batchSizeST=400 stDevStdStateMeanST=0.02860484459456816
95% c.i. = 0.5031941831920755 +/- 0.002129712923935901



REPORT for Depository of Queueing Place : I/productImages_category----------------------------------------

tkOcp=0.0

------------------ Color = category --------------------
arrivCnt=277286 deptCnt=277286
arrivThrPut=0.027756300758273865 deptThrPut=0.027756300758273865
meanTkPop=0.0 tkColOcp=0.0
-----
meanST=0.0 stDevST=0.0

Steady State Statistics: numBatchesST=1386 batchSizeST=200 stDevStdStateMeanST=0.0
95% c.i. = 0.0 +/- 0.0



REPORT for Queue : ImageProvider----------------------------------------

totArrivThrPut=0.1666755420114818 totDeptThrPut=0.1666755420114818
meanTotTkPop=0.08163094322543273 queueUtil=0.07283881849164651
meanST=0.4897595786417745



REPORT for Queue of Queueing Place : I/product_product----------------------------------------

queueUtilQPl=0.013671933338337406

------------------ Color = product --------------------
arrivCnt=277237 deptCnt=277237
arrivThrPut=0.027751395863193855 deptThrPut=0.027751395863193855
meanTkPop=0.013877252127154734 tkColOcp=0.013671933338337406
-----
meanST=0.5000560042300383 stDevST=0.5269176839969795

Steady State Statistics: numBatchesST=693 batchSizeST=400 stDevStdStateMeanST=0.02884253151391085
95% c.i. = 0.5000583769352663 +/- 0.002147409398471923



REPORT for Depository of Queueing Place : I/product_product----------------------------------------

tkOcp=0.0

------------------ Color = product --------------------
arrivCnt=277237 deptCnt=277237
arrivThrPut=0.027751395863193855 deptThrPut=0.027751395863193855
meanTkPop=0.0 tkColOcp=0.0
-----
meanST=0.0 stDevST=0.0

Steady State Statistics: numBatchesST=1386 batchSizeST=200 stDevStdStateMeanST=0.0
95% c.i. = 0.0 +/- 0.0



REPORT for Queue : ImageProvider----------------------------------------

totArrivThrPut=0.1666755420114818 totDeptThrPut=0.1666755420114818
meanTotTkPop=0.08163094322543273 queueUtil=0.07283881849164651
meanST=0.4897595786417745



REPORT for Queue of Queueing Place : Workload----------------------------------------

queueUtilQPl=1.0

------------------ Color = workload --------------------
arrivCnt=1665092 deptCnt=1665092
arrivThrPut=0.16667554201148183 deptThrPut=0.16667554201148183
meanTkPop=1.0 tkColOcp=1.0
-----
meanST=5.9996805046004456 stDevST=6.003036381430943

Steady State Statistics: numBatchesST=1040 batchSizeST=1600 stDevStdStateMeanST=0.15282286913059343
95% c.i. = 5.999447958847026 +/- 0.009287947894411248



REPORT for Depository of Queueing Place : Workload----------------------------------------

tkOcp=0.0

------------------ Color = workload --------------------
arrivCnt=1665092 deptCnt=1665092
arrivThrPut=0.16667554201148183 deptThrPut=0.16667554201148183
meanTkPop=0.0 tkColOcp=0.0
-----
meanST=0.0 stDevST=0.0

Steady State Statistics: numBatchesST=8325 batchSizeST=200 stDevStdStateMeanST=0.0
95% c.i. = 0.0 +/- 0.0



REPORT for Queue : Workload----------------------------------------

totArrivThrPut=0.16667554201148183 totDeptThrPut=0.16667554201148183
meanTotTkPop=1.0 queueUtil=1.0
meanST=5.9996805046004456



REPORT for Queue of Queueing Place : I/icon_index----------------------------------------

queueUtilQPl=0.0043471162015622875

------------------ Color = index --------------------
arrivCnt=278043 deptCnt=278043
arrivThrPut=0.027832076382265026 deptThrPut=0.027832076382265026
meanTkPop=0.004404060708931135 tkColOcp=0.0043471162015622875
-----
meanST=0.1582368720336461 stDevST=0.305256170311635

Steady State Statistics: numBatchesST=695 batchSizeST=400 stDevStdStateMeanST=0.015738147258547698
95% c.i. = 0.158239457955635 +/- 0.0011700631269399133



REPORT for Depository of Queueing Place : I/icon_index----------------------------------------

tkOcp=0.0

------------------ Color = index --------------------
arrivCnt=278043 deptCnt=278043
arrivThrPut=0.027832076382265026 deptThrPut=0.027832076382265026
meanTkPop=0.0 tkColOcp=0.0
-----
meanST=0.0 stDevST=0.0

Steady State Statistics: numBatchesST=1390 batchSizeST=200 stDevStdStateMeanST=0.0
95% c.i. = 0.0 +/- 0.0



REPORT for Queue : ImageProvider----------------------------------------

totArrivThrPut=0.1666755420114818 totDeptThrPut=0.1666755420114818
meanTotTkPop=0.08163094322543273 queueUtil=0.07283881849164651
meanST=0.4897595786417745



REPORT for Queue of Queueing Place : P/categories_login----------------------------------------

queueUtilQPl=0.011618079716198673

------------------ Color = login --------------------
arrivCnt=277824 deptCnt=277824
arrivThrPut=0.027810154504254374 deptThrPut=0.027810154504254374
meanTkPop=0.011753830751679928 tkColOcp=0.011618079716198673
-----
meanST=0.4226452877089135 stDevST=0.4250515271303199

Steady State Statistics: numBatchesST=694 batchSizeST=400 stDevStdStateMeanST=0.021241522987172377
95% c.i. = 0.4226068212244191 +/- 0.0015803526449102406



REPORT for Depository of Queueing Place : P/categories_login----------------------------------------

tkOcp=0.0

------------------ Color = login --------------------
arrivCnt=277824 deptCnt=277824
arrivThrPut=0.027810154504254374 deptThrPut=0.027810154504254374
meanTkPop=0.0 tkColOcp=0.0
-----
meanST=0.0 stDevST=0.0

Steady State Statistics: numBatchesST=1389 batchSizeST=200 stDevStdStateMeanST=0.0
95% c.i. = 0.0 +/- 0.0



REPORT for Queue : Persistence----------------------------------------

totArrivThrPut=0.16667554201148183 totDeptThrPut=0.16667554201148183
meanTotTkPop=0.045896696622722236 queueUtil=0.0428714881721497
meanST=0.2753655159529077



REPORT for Queue of Queueing Place : I/icon_login----------------------------------------

queueUtilQPl=0.007732542129393039

------------------ Color = login --------------------
arrivCnt=277824 deptCnt=277824
arrivThrPut=0.027810154504254374 deptThrPut=0.027810154504254374
meanTkPop=0.007807224881106244 tkColOcp=0.007732542129393039
-----
meanST=0.28073288409497693 stDevST=0.35097648403509357

Steady State Statistics: numBatchesST=694 batchSizeST=400 stDevStdStateMeanST=0.019009999860992822
95% c.i. = 0.28073877107438483 +/- 0.0014143290750953119



REPORT for Depository of Queueing Place : I/icon_login----------------------------------------

tkOcp=0.0

------------------ Color = login --------------------
arrivCnt=277824 deptCnt=277824
arrivThrPut=0.027810154504254374 deptThrPut=0.027810154504254374
meanTkPop=0.0 tkColOcp=0.0
-----
meanST=0.0 stDevST=0.0

Steady State Statistics: numBatchesST=1389 batchSizeST=200 stDevStdStateMeanST=0.0
95% c.i. = 0.0 +/- 0.0



REPORT for Queue : ImageProvider----------------------------------------

totArrivThrPut=0.1666755420114818 totDeptThrPut=0.1666755420114818
meanTotTkPop=0.08163094322543273 queueUtil=0.07283881849164651
meanST=0.4897595786417745



REPORT for Queue of Queueing Place : A/isLoggedIn_login----------------------------------------

queueUtilQPl=0.004387601836742424

------------------ Color = login --------------------
arrivCnt=277824 deptCnt=277824
arrivThrPut=0.027810154504254374 deptThrPut=0.027810154504254374
meanTkPop=0.0044385082609245015 tkColOcp=0.004387601836742424
-----
meanST=0.15960027335502586 stDevST=0.30840590096473297

Steady State Statistics: numBatchesST=694 batchSizeST=400 stDevStdStateMeanST=0.01638851242117635
95% c.i. = 0.15961212480566486 +/- 0.0012192924662977791



REPORT for Depository of Queueing Place : A/isLoggedIn_login----------------------------------------

tkOcp=0.0

------------------ Color = login --------------------
arrivCnt=277824 deptCnt=277824
arrivThrPut=0.027810154504254374 deptThrPut=0.027810154504254374
meanTkPop=0.0 tkColOcp=0.0
-----
meanST=0.0 stDevST=0.0

Steady State Statistics: numBatchesST=1389 batchSizeST=200 stDevStdStateMeanST=0.0
95% c.i. = 0.0 +/- 0.0



REPORT for Queue : Auth----------------------------------------

totArrivThrPut=0.16667554201148183 totDeptThrPut=0.16667554201148183
meanTotTkPop=0.08895395269321874 queueUtil=0.0795944338872687
meanST=0.5336952957806549



REPORT for Queue of Queueing Place : A/isLoggedIn_category----------------------------------------

queueUtilQPl=0.015479316445540747

------------------ Color = category --------------------
arrivCnt=277286 deptCnt=277286
arrivThrPut=0.027756300758273865 deptThrPut=0.027756300758273865
meanTkPop=0.015737804120084138 tkColOcp=0.015479316445540747
-----
meanST=0.5669993367323224 stDevST=0.5886148585335068

Steady State Statistics: numBatchesST=693 batchSizeST=400 stDevStdStateMeanST=0.029874904470504095
95% c.i. = 0.566989488042919 +/- 0.0022242725333409042



REPORT for Depository of Queueing Place : A/isLoggedIn_category----------------------------------------

tkOcp=0.0

------------------ Color = category --------------------
arrivCnt=277286 deptCnt=277286
arrivThrPut=0.027756300758273865 deptThrPut=0.027756300758273865
meanTkPop=0.0 tkColOcp=0.0
-----
meanST=0.0 stDevST=0.0

Steady State Statistics: numBatchesST=1386 batchSizeST=200 stDevStdStateMeanST=0.0
95% c.i. = 0.0 +/- 0.0



REPORT for Queue : Auth----------------------------------------

totArrivThrPut=0.16667554201148183 totDeptThrPut=0.16667554201148183
meanTotTkPop=0.08895395269321874 queueUtil=0.0795944338872687
meanST=0.5336952957806549



REPORT for Queue of Queueing Place : I/icon_logout----------------------------------------

queueUtilQPl=0.025797775373164883

------------------ Color = logout --------------------
arrivCnt=276926 deptCnt=276926
arrivThrPut=0.027720264794420735 deptThrPut=0.027720264794420735
meanTkPop=0.026462807674115345 tkColOcp=0.025797775373164883
-----
meanST=0.9546376223448457 stDevST=0.946954082913656

Steady State Statistics: numBatchesST=346 batchSizeST=800 stDevStdStateMeanST=0.03433542460455694
95% c.i. = 0.9546154913612429 +/- 0.0036178658899400627



REPORT for Depository of Queueing Place : I/icon_logout----------------------------------------

tkOcp=0.0

------------------ Color = logout --------------------
arrivCnt=276926 deptCnt=276926
arrivThrPut=0.027720264794420735 deptThrPut=0.027720264794420735
meanTkPop=0.0 tkColOcp=0.0
-----
meanST=0.0 stDevST=0.0

Steady State Statistics: numBatchesST=1384 batchSizeST=200 stDevStdStateMeanST=0.0
95% c.i. = 0.0 +/- 0.0



REPORT for Queue : ImageProvider----------------------------------------

totArrivThrPut=0.1666755420114818 totDeptThrPut=0.1666755420114818
meanTotTkPop=0.08163094322543273 queueUtil=0.07283881849164651
meanST=0.4897595786417745



REPORT for Queue of Queueing Place : I/icon_loginAction----------------------------------------

queueUtilQPl=0.014855340329806318

------------------ Color = loginAction --------------------
arrivCnt=277776 deptCnt=277776
arrivThrPut=0.027805349709073956 deptThrPut=0.027805349709073956
meanTkPop=0.01511394962178446 tkColOcp=0.014855340329806318
-----
meanST=0.54356265178899 stDevST=0.570835324890043

Steady State Statistics: numBatchesST=694 batchSizeST=400 stDevStdStateMeanST=0.02999915126700067
95% c.i. = 0.5434912073213026 +/- 0.00223191331800912



REPORT for Depository of Queueing Place : I/icon_loginAction----------------------------------------

tkOcp=0.0

------------------ Color = loginAction --------------------
arrivCnt=277776 deptCnt=277776
arrivThrPut=0.027805349709073956 deptThrPut=0.027805349709073956
meanTkPop=0.0 tkColOcp=0.0
-----
meanST=0.0 stDevST=0.0

Steady State Statistics: numBatchesST=1388 batchSizeST=200 stDevStdStateMeanST=0.0
95% c.i. = 0.0 +/- 0.0



REPORT for Queue : ImageProvider----------------------------------------

totArrivThrPut=0.1666755420114818 totDeptThrPut=0.1666755420114818
meanTotTkPop=0.08163094322543273 queueUtil=0.07283881849164651
meanST=0.4897595786417745



REPORT for Queue of Queueing Place : A/isLoggedIn_product----------------------------------------

queueUtilQPl=0.02060203687137785

------------------ Color = product --------------------
arrivCnt=277237 deptCnt=277237
arrivThrPut=0.027751395863193855 deptThrPut=0.027751395863193855
meanTkPop=0.021046411917870357 tkColOcp=0.02060203687137785
-----
meanST=0.7583911101849766 stDevST=0.7583477749584279

Steady State Statistics: numBatchesST=693 batchSizeST=400 stDevStdStateMeanST=0.039044255396052545
95% c.i. = 0.7584111864244414 +/- 0.0029069570732160968



REPORT for Depository of Queueing Place : A/isLoggedIn_product----------------------------------------

tkOcp=0.0

------------------ Color = product --------------------
arrivCnt=277237 deptCnt=277237
arrivThrPut=0.027751395863193855 deptThrPut=0.027751395863193855
meanTkPop=0.0 tkColOcp=0.0
-----
meanST=0.0 stDevST=0.0

Steady State Statistics: numBatchesST=1386 batchSizeST=200 stDevStdStateMeanST=0.0
95% c.i. = 0.0 +/- 0.0



REPORT for Queue : Auth----------------------------------------

totArrivThrPut=0.16667554201148183 totDeptThrPut=0.16667554201148183
meanTotTkPop=0.08895395269321874 queueUtil=0.0795944338872687
meanST=0.5336952957806549



REPORT for Queue of Queueing Place : P/category_logout----------------------------------------

queueUtilQPl=0.016670839009284805

------------------ Color = logout --------------------
arrivCnt=276926 deptCnt=276926
arrivThrPut=0.027720264794420735 deptThrPut=0.027720264794420735
meanTkPop=0.016942484639527806 tkColOcp=0.016670839009284805
-----
meanST=0.6111949061517559 stDevST=0.6077365200245874

Steady State Statistics: numBatchesST=692 batchSizeST=400 stDevStdStateMeanST=0.031801981700168375
95% c.i. = 0.6111913067437216 +/- 0.0023694591574331425



REPORT for Depository of Queueing Place : P/category_logout----------------------------------------

tkOcp=0.0

------------------ Color = logout --------------------
arrivCnt=276926 deptCnt=276926
arrivThrPut=0.027720264794420735 deptThrPut=0.027720264794420735
meanTkPop=0.0 tkColOcp=0.0
-----
meanST=0.0 stDevST=0.0

Steady State Statistics: numBatchesST=1384 batchSizeST=200 stDevStdStateMeanST=0.0
95% c.i. = 0.0 +/- 0.0



REPORT for Queue : Persistence----------------------------------------

totArrivThrPut=0.16667554201148183 totDeptThrPut=0.16667554201148183
meanTotTkPop=0.045896696622722236 queueUtil=0.0428714881721497
meanST=0.2753655159529077



REPORT for Ordinary Place : Finish_index----------------------------------------

tkOcp=1.0000000000000002

------------------ Color = index --------------------
arrivCnt=278043 deptCnt=0
arrivThrPut=0.027832076382265026 deptThrPut=0.0
meanTkPop=139360.16116812883 tkColOcp=1.0000000000000002
-----
meanST=NaN stDevST=NaN

Steady State Statistics: Only 0 batches collected!
Need at least 60 for steady state statistics.



REPORT for Ordinary Place : Finish_login----------------------------------------

tkOcp=1.0

------------------ Color = login --------------------
arrivCnt=277824 deptCnt=0
arrivThrPut=0.027810154504254374 deptThrPut=0.0
meanTkPop=139094.87559541038 tkColOcp=1.0
-----
meanST=NaN stDevST=NaN

Steady State Statistics: Only 0 batches collected!
Need at least 60 for steady state statistics.



REPORT for Ordinary Place : Finish_loginAction----------------------------------------

tkOcp=1.0

------------------ Color = loginAction --------------------
arrivCnt=277776 deptCnt=0
arrivThrPut=0.027805349709073956 deptThrPut=0.0
meanTkPop=139049.23327449014 tkColOcp=1.0
-----
meanST=NaN stDevST=NaN

Steady State Statistics: Only 0 batches collected!
Need at least 60 for steady state statistics.



REPORT for Ordinary Place : Finish_category----------------------------------------

tkOcp=1.0

------------------ Color = category --------------------
arrivCnt=277286 deptCnt=0
arrivThrPut=0.027756300758273865 deptThrPut=0.0
meanTkPop=138606.13268622337 tkColOcp=1.0
-----
meanST=NaN stDevST=NaN

Steady State Statistics: Only 0 batches collected!
Need at least 60 for steady state statistics.



REPORT for Ordinary Place : Finish_product----------------------------------------

tkOcp=1.0

------------------ Color = product --------------------
arrivCnt=277237 deptCnt=0
arrivThrPut=0.027751395863193855 deptThrPut=0.0
meanTkPop=138927.91110418478 tkColOcp=1.0
-----
meanST=NaN stDevST=NaN

Steady State Statistics: Only 0 batches collected!
Need at least 60 for steady state statistics.



REPORT for Ordinary Place : Finish_logout----------------------------------------

tkOcp=1.0000000000000002

------------------ Color = logout --------------------
arrivCnt=276926 deptCnt=0
arrivThrPut=0.027720264794420735 deptThrPut=0.0
meanTkPop=138657.61003009786 tkColOcp=1.0000000000000002
-----
meanST=NaN stDevST=NaN

Steady State Statistics: Only 0 batches collected!
Need at least 60 for steady state statistics.



REPORT REPORT for Probe : /index----------------------------------------


------------------ Color = index --------------------
-----
meanST=0.8161915010770778 stDevST=0.5817684986213977

Steady State Statistics: numBatchesST=695 batchSizeST=400 stDevStdStateMeanST=0.030700666316879257
95% c.i. = 0.8162082772499867 +/- 0.0022824616544591557



REPORT REPORT for Probe : /login----------------------------------------


------------------ Color = login --------------------
-----
meanST=0.9609348959231059 stDevST=0.641040701728482

Steady State Statistics: numBatchesST=694 batchSizeST=400 stDevStdStateMeanST=0.0313235810661981
95% c.i. = 0.9609140598015636 +/- 0.0023304498559693966



REPORT REPORT for Probe : /loginAction----------------------------------------


------------------ Color = loginAction --------------------
-----
meanST=1.364714306934103 stDevST=0.8727127817984873

Steady State Statistics: numBatchesST=694 batchSizeST=400 stDevStdStateMeanST=0.046084163286519216
95% c.i. = 1.3646531492111302 +/- 0.003428625592539064



REPORT REPORT for Probe : /logout----------------------------------------


------------------ Color = logout --------------------
-----
meanST=2.6493000565977765 stDevST=1.484645976870203

Steady State Statistics: numBatchesST=346 batchSizeST=800 stDevStdStateMeanST=0.05399522065887348
95% c.i. = 2.649339828362437 +/- 0.005689385504660371



REPORT REPORT for Probe : /category----------------------------------------


------------------ Color = category --------------------
-----
meanST=1.2883824193873932 stDevST=0.8281644460473386

Steady State Statistics: numBatchesST=693 batchSizeST=400 stDevStdStateMeanST=0.044410091522710735
95% c.i. = 1.2884172863020211 +/- 0.0033064590005517248



REPORT REPORT for Probe : /product----------------------------------------


------------------ Color = product --------------------
-----
meanST=1.5854373221333848 stDevST=0.9582886681504821

Steady State Statistics: numBatchesST=693 batchSizeST=400 stDevStdStateMeanST=0.05044141575387212
95% c.i. = 1.5854683301194565 +/- 0.0037555084306608935



