INFO Logging to /home/yjx/workloadConfig/qpme/output/SimQPN_Output_config_2025-08-14_05551610.log
WARN Batch means correlation test was run for depository of place Workload, color 0
    However, the standard deviation of the token residence time is 0 and therefore the result of the test is ignored!
    In future runs, you should set numBMeansCorlTested to 0 to switch off the correlation test!
WARN Batch means correlation test was run for depository of place W/index, color 0
    However, the standard deviation of the token residence time is 0 and therefore the result of the test is ignored!
    In future runs, you should set numBMeansCorlTested to 0 to switch off the correlation test!
WARN Batch means correlation test was run for depository of place P/categories_index, color 0
    However, the standard deviation of the token residence time is 0 and therefore the result of the test is ignored!
    In future runs, you should set numBMeansCorlTested to 0 to switch off the correlation test!
WARN Batch means correlation test was run for depository of place A/isLoggedIn_index, color 0
    However, the standard deviation of the token residence time is 0 and therefore the result of the test is ignored!
    In future runs, you should set numBMeansCorlTested to 0 to switch off the correlation test!
WARN Batch means correlation test was run for depository of place I/icon_index, color 0
    However, the standard deviation of the token residence time is 0 and therefore the result of the test is ignored!
    In future runs, you should set numBMeansCorlTested to 0 to switch off the correlation test!
WARN Batch means correlation test was run for depository of place W/logout, color 0
    However, the standard deviation of the token residence time is 0 and therefore the result of the test is ignored!
    In future runs, you should set numBMeansCorlTested to 0 to switch off the correlation test!
WARN Batch means correlation test was run for depository of place A/logout_logout, color 0
    However, the standard deviation of the token residence time is 0 and therefore the result of the test is ignored!
    In future runs, you should set numBMeansCorlTested to 0 to switch off the correlation test!
WARN Batch means correlation test was run for depository of place P/category_logout, color 0
    However, the standard deviation of the token residence time is 0 and therefore the result of the test is ignored!
    In future runs, you should set numBMeansCorlTested to 0 to switch off the correlation test!
WARN Batch means correlation test was run for depository of place I/icon_logout, color 0
    However, the standard deviation of the token residence time is 0 and therefore the result of the test is ignored!
    In future runs, you should set numBMeansCorlTested to 0 to switch off the correlation test!
WARN Batch means correlation test was run for depository of place W/loginAction, color 0
    However, the standard deviation of the token residence time is 0 and therefore the result of the test is ignored!
    In future runs, you should set numBMeansCorlTested to 0 to switch off the correlation test!
WARN Batch means correlation test was run for depository of place A/login_loginAction, color 0
    However, the standard deviation of the token residence time is 0 and therefore the result of the test is ignored!
    In future runs, you should set numBMeansCorlTested to 0 to switch off the correlation test!
WARN Batch means correlation test was run for depository of place P/getUser_loginAction, color 0
    However, the standard deviation of the token residence time is 0 and therefore the result of the test is ignored!
    In future runs, you should set numBMeansCorlTested to 0 to switch off the correlation test!
WARN Batch means correlation test was run for depository of place I/icon_loginAction, color 0
    However, the standard deviation of the token residence time is 0 and therefore the result of the test is ignored!
    In future runs, you should set numBMeansCorlTested to 0 to switch off the correlation test!
WARN Batch means correlation test was run for depository of place W/category, color 0
    However, the standard deviation of the token residence time is 0 and therefore the result of the test is ignored!
    In future runs, you should set numBMeansCorlTested to 0 to switch off the correlation test!
WARN Batch means correlation test was run for depository of place P/category_category, color 0
    However, the standard deviation of the token residence time is 0 and therefore the result of the test is ignored!
    In future runs, you should set numBMeansCorlTested to 0 to switch off the correlation test!
WARN Batch means correlation test was run for depository of place I/productImages_category, color 0
    However, the standard deviation of the token residence time is 0 and therefore the result of the test is ignored!
    In future runs, you should set numBMeansCorlTested to 0 to switch off the correlation test!
WARN Batch means correlation test was run for depository of place A/isLoggedIn_category, color 0
    However, the standard deviation of the token residence time is 0 and therefore the result of the test is ignored!
    In future runs, you should set numBMeansCorlTested to 0 to switch off the correlation test!
WARN Batch means correlation test was run for depository of place W/login, color 0
    However, the standard deviation of the token residence time is 0 and therefore the result of the test is ignored!
    In future runs, you should set numBMeansCorlTested to 0 to switch off the correlation test!
WARN Batch means correlation test was run for depository of place P/categories_login, color 0
    However, the standard deviation of the token residence time is 0 and therefore the result of the test is ignored!
    In future runs, you should set numBMeansCorlTested to 0 to switch off the correlation test!
WARN Batch means correlation test was run for depository of place I/icon_login, color 0
    However, the standard deviation of the token residence time is 0 and therefore the result of the test is ignored!
    In future runs, you should set numBMeansCorlTested to 0 to switch off the correlation test!
WARN Batch means correlation test was run for depository of place A/isLoggedIn_login, color 0
    However, the standard deviation of the token residence time is 0 and therefore the result of the test is ignored!
    In future runs, you should set numBMeansCorlTested to 0 to switch off the correlation test!
WARN Batch means correlation test was run for depository of place W/product, color 0
    However, the standard deviation of the token residence time is 0 and therefore the result of the test is ignored!
    In future runs, you should set numBMeansCorlTested to 0 to switch off the correlation test!
WARN Batch means correlation test was run for depository of place P/getProduct_product, color 0
    However, the standard deviation of the token residence time is 0 and therefore the result of the test is ignored!
    In future runs, you should set numBMeansCorlTested to 0 to switch off the correlation test!
WARN Batch means correlation test was run for depository of place R/getAds_product, color 0
    However, the standard deviation of the token residence time is 0 and therefore the result of the test is ignored!
    In future runs, you should set numBMeansCorlTested to 0 to switch off the correlation test!
WARN Batch means correlation test was run for depository of place I/product_product, color 0
    However, the standard deviation of the token residence time is 0 and therefore the result of the test is ignored!
    In future runs, you should set numBMeansCorlTested to 0 to switch off the correlation test!
WARN Batch means correlation test was run for depository of place A/isLoggedIn_product, color 0
    However, the standard deviation of the token residence time is 0 and therefore the result of the test is ignored!
    In future runs, you should set numBMeansCorlTested to 0 to switch off the correlation test!
WARN LP-1 The simulation was stopped because of reaching max totalRunLen.
The required precision may not have been reached!
REPORT for Queue of Queueing Place : W/index----------------------------------------

queueUtilQPl=0.014357931914504237

------------------ Color = index --------------------
arrivCnt=277317 deptCnt=277317
arrivThrPut=0.027759465950759437 deptThrPut=0.027759465950759437
meanTkPop=0.01455946437427337 tkColOcp=0.014357931914504237
-----
meanST=0.5244864724739078 stDevST=0.5203343692212026

Steady State Statistics: numBatchesST=693 batchSizeST=400 stDevStdStateMeanST=0.025934621488785895
95% c.i. = 0.5244884096702644 +/- 0.001930907136357645



REPORT for Depository of Queueing Place : W/index----------------------------------------

tkOcp=0.0

------------------ Color = index --------------------
arrivCnt=277317 deptCnt=277317
arrivThrPut=0.027759465950759437 deptThrPut=0.027759465950759437
meanTkPop=0.0 tkColOcp=0.0
-----
meanST=0.0 stDevST=0.0

Steady State Statistics: numBatchesST=1386 batchSizeST=200 stDevStdStateMeanST=0.0
95% c.i. = 0.0 +/- 0.0



REPORT for Queue : WebUI----------------------------------------

totArrivThrPut=0.16661415307532648 totDeptThrPut=0.16661415307532648
meanTotTkPop=0.04393566114256785 queueUtil=0.04163879952101418
meanST=0.26369705293105844



REPORT for Queue of Queueing Place : P/categories_index----------------------------------------

queueUtilQPl=0.01209310325837439

------------------ Color = index --------------------
arrivCnt=277317 deptCnt=277317
arrivThrPut=0.027759465950759437 deptThrPut=0.027759465950759437
meanTkPop=0.012237443238913967 tkColOcp=0.01209310325837439
-----
meanST=0.4408385687470035 stDevST=0.45481449780232375

Steady State Statistics: numBatchesST=693 batchSizeST=400 stDevStdStateMeanST=0.02234697885820558
95% c.i. = 0.4408749733038697 +/- 0.0016637968274185362



REPORT for Depository of Queueing Place : P/categories_index----------------------------------------

tkOcp=0.0

------------------ Color = index --------------------
arrivCnt=277317 deptCnt=277317
arrivThrPut=0.027759465950759437 deptThrPut=0.027759465950759437
meanTkPop=0.0 tkColOcp=0.0
-----
meanST=0.0 stDevST=0.0

Steady State Statistics: numBatchesST=1386 batchSizeST=200 stDevStdStateMeanST=0.0
95% c.i. = 0.0 +/- 0.0



REPORT for Queue : Persistence----------------------------------------

totArrivThrPut=0.1666141530753265 totDeptThrPut=0.1666141530753265
meanTotTkPop=0.06767387268146953 queueUtil=0.061727224782805575
meanST=0.4061712131434241



REPORT for Queue of Queueing Place : A/isLoggedIn_index----------------------------------------

queueUtilQPl=0.0098103334241665

------------------ Color = index --------------------
arrivCnt=277317 deptCnt=277317
arrivThrPut=0.027759465950759437 deptThrPut=0.027759465950759437
meanTkPop=0.009911027375393624 tkColOcp=0.0098103334241665
-----
meanST=0.35703235044125475 stDevST=0.3873410017390646

Steady State Statistics: numBatchesST=693 batchSizeST=400 stDevStdStateMeanST=0.020419797569234545
95% c.i. = 0.35702007693460186 +/- 0.0015203126394754756



REPORT for Depository of Queueing Place : A/isLoggedIn_index----------------------------------------

tkOcp=0.0

------------------ Color = index --------------------
arrivCnt=277317 deptCnt=277317
arrivThrPut=0.027759465950759437 deptThrPut=0.027759465950759437
meanTkPop=0.0 tkColOcp=0.0
-----
meanST=0.0 stDevST=0.0

Steady State Statistics: numBatchesST=1386 batchSizeST=200 stDevStdStateMeanST=0.0
95% c.i. = 0.0 +/- 0.0



REPORT for Queue : Auth----------------------------------------

totArrivThrPut=0.16661415307532648 totDeptThrPut=0.16661415307532648
meanTotTkPop=0.06026582483227601 queueUtil=0.054569582244136904
meanST=0.3617089167991014



REPORT for Queue of Queueing Place : W/login----------------------------------------

queueUtilQPl=0.003164459121719033

------------------ Color = login --------------------
arrivCnt=277404 deptCnt=277404
arrivThrPut=0.0277681746615046 deptThrPut=0.0277681746615046
meanTkPop=0.0031777148142152455 tkColOcp=0.003164459121719033
-----
meanST=0.11443729567937913 stDevST=0.14401429052953393

Steady State Statistics: numBatchesST=693 batchSizeST=400 stDevStdStateMeanST=0.0074236081075000245
95% c.i. = 0.11443262415098422 +/- 5.527089677592712E-4



REPORT for Depository of Queueing Place : W/login----------------------------------------

tkOcp=0.0

------------------ Color = login --------------------
arrivCnt=277404 deptCnt=277404
arrivThrPut=0.0277681746615046 deptThrPut=0.0277681746615046
meanTkPop=0.0 tkColOcp=0.0
-----
meanST=0.0 stDevST=0.0

Steady State Statistics: numBatchesST=1387 batchSizeST=200 stDevStdStateMeanST=0.0
95% c.i. = 0.0 +/- 0.0



REPORT for Queue : WebUI----------------------------------------

totArrivThrPut=0.16661415307532648 totDeptThrPut=0.16661415307532648
meanTotTkPop=0.04393566114256785 queueUtil=0.04163879952101418
meanST=0.26369705293105844



REPORT for Queue of Queueing Place : W/loginAction----------------------------------------

queueUtilQPl=0.008763925702361274

------------------ Color = loginAction --------------------
arrivCnt=277145 deptCnt=277145
arrivThrPut=0.02774224872951613 deptThrPut=0.02774224872951613
meanTkPop=0.008842284017473306 tkColOcp=0.008763925702361274
-----
meanST=0.3187298947422973 stDevST=0.32210342980487094

Steady State Statistics: numBatchesST=692 batchSizeST=400 stDevStdStateMeanST=0.01628460956985121
95% c.i. = 0.3187349158438705 +/- 0.0012133117248571666



REPORT for Depository of Queueing Place : W/loginAction----------------------------------------

tkOcp=0.0

------------------ Color = loginAction --------------------
arrivCnt=277145 deptCnt=277145
arrivThrPut=0.02774224872951613 deptThrPut=0.02774224872951613
meanTkPop=0.0 tkColOcp=0.0
-----
meanST=0.0 stDevST=0.0

Steady State Statistics: numBatchesST=1385 batchSizeST=200 stDevStdStateMeanST=0.0
95% c.i. = 0.0 +/- 0.0



REPORT for Queue : WebUI----------------------------------------

totArrivThrPut=0.16661415307532648 totDeptThrPut=0.16661415307532648
meanTotTkPop=0.04393566114256785 queueUtil=0.04163879952101418
meanST=0.26369705293105844



REPORT for Queue of Queueing Place : A/login_loginAction----------------------------------------

queueUtilQPl=0.0036969749802912627

------------------ Color = loginAction --------------------
arrivCnt=277145 deptCnt=277145
arrivThrPut=0.02774224872951613 deptThrPut=0.02774224872951613
meanTkPop=0.0037260093554592044 tkColOcp=0.0036969749802912627
-----
meanST=0.13430812302879214 stDevST=0.244514942387787

Steady State Statistics: numBatchesST=692 batchSizeST=400 stDevStdStateMeanST=0.013002573629540014
95% c.i. = 0.13433087796380094 +/- 9.687782178853703E-4



REPORT for Depository of Queueing Place : A/login_loginAction----------------------------------------

tkOcp=0.0

------------------ Color = loginAction --------------------
arrivCnt=277145 deptCnt=277145
arrivThrPut=0.02774224872951613 deptThrPut=0.02774224872951613
meanTkPop=0.0 tkColOcp=0.0
-----
meanST=0.0 stDevST=0.0

Steady State Statistics: numBatchesST=1385 batchSizeST=200 stDevStdStateMeanST=0.0
95% c.i. = 0.0 +/- 0.0



REPORT for Queue : Auth----------------------------------------

totArrivThrPut=0.16661415307532648 totDeptThrPut=0.16661415307532648
meanTotTkPop=0.06026582483227601 queueUtil=0.054569582244136904
meanST=0.3617089167991014



REPORT for Queue of Queueing Place : W/logout----------------------------------------

queueUtilQPl=0.00534932158460122

------------------ Color = logout --------------------
arrivCnt=277301 deptCnt=277301
arrivThrPut=0.027757864348783315 deptThrPut=0.027757864348783315
meanTkPop=0.005380124324716438 tkColOcp=0.00534932158460122
-----
meanST=0.19382342449383214 stDevST=0.20871885294303963

Steady State Statistics: numBatchesST=693 batchSizeST=400 stDevStdStateMeanST=0.010384831755256377
95% c.i. = 0.19381553636582924 +/- 7.73180582364333E-4



REPORT for Depository of Queueing Place : W/logout----------------------------------------

tkOcp=0.0

------------------ Color = logout --------------------
arrivCnt=277301 deptCnt=277301
arrivThrPut=0.027757864348783315 deptThrPut=0.027757864348783315
meanTkPop=0.0 tkColOcp=0.0
-----
meanST=0.0 stDevST=0.0

Steady State Statistics: numBatchesST=1386 batchSizeST=200 stDevStdStateMeanST=0.0
95% c.i. = 0.0 +/- 0.0



REPORT for Queue : WebUI----------------------------------------

totArrivThrPut=0.16661415307532648 totDeptThrPut=0.16661415307532648
meanTotTkPop=0.04393566114256785 queueUtil=0.04163879952101418
meanST=0.26369705293105844



REPORT for Queue of Queueing Place : A/logout_logout----------------------------------------

queueUtilQPl=0.012487386441845523

------------------ Color = logout --------------------
arrivCnt=277301 deptCnt=277301
arrivThrPut=0.027757864348783315 deptThrPut=0.027757864348783315
meanTkPop=0.012660235063886777 tkColOcp=0.012487386441845523
-----
meanST=0.4560954295621702 stDevST=0.4802303111683069

Steady State Statistics: numBatchesST=693 batchSizeST=400 stDevStdStateMeanST=0.024842712263075016
95% c.i. = 0.45605475962042474 +/- 0.0018496113550757955



REPORT for Depository of Queueing Place : A/logout_logout----------------------------------------

tkOcp=0.0

------------------ Color = logout --------------------
arrivCnt=277301 deptCnt=277301
arrivThrPut=0.027757864348783315 deptThrPut=0.027757864348783315
meanTkPop=0.0 tkColOcp=0.0
-----
meanST=0.0 stDevST=0.0

Steady State Statistics: numBatchesST=1386 batchSizeST=200 stDevStdStateMeanST=0.0
95% c.i. = 0.0 +/- 0.0



REPORT for Queue : Auth----------------------------------------

totArrivThrPut=0.16661415307532648 totDeptThrPut=0.16661415307532648
meanTotTkPop=0.06026582483227601 queueUtil=0.054569582244136904
meanST=0.3617089167991014



REPORT for Queue of Queueing Place : P/getUser_loginAction----------------------------------------

queueUtilQPl=0.013225949545039679

------------------ Color = loginAction --------------------
arrivCnt=277145 deptCnt=277145
arrivThrPut=0.02774224872951613 deptThrPut=0.02774224872951613
meanTkPop=0.01341582045054888 tkColOcp=0.013225949545039679
-----
meanST=0.48358806747613187 stDevST=0.4975961191102526

Steady State Statistics: numBatchesST=692 batchSizeST=400 stDevStdStateMeanST=0.025635404153137493
95% c.i. = 0.483591314316134 +/- 0.0019100081151493037



REPORT for Depository of Queueing Place : P/getUser_loginAction----------------------------------------

tkOcp=0.0

------------------ Color = loginAction --------------------
arrivCnt=277145 deptCnt=277145
arrivThrPut=0.02774224872951613 deptThrPut=0.02774224872951613
meanTkPop=0.0 tkColOcp=0.0
-----
meanST=0.0 stDevST=0.0

Steady State Statistics: numBatchesST=1385 batchSizeST=200 stDevStdStateMeanST=0.0
95% c.i. = 0.0 +/- 0.0



REPORT for Queue : Persistence----------------------------------------

totArrivThrPut=0.1666141530753265 totDeptThrPut=0.1666141530753265
meanTotTkPop=0.06767387268146953 queueUtil=0.061727224782805575
meanST=0.4061712131434241



REPORT for Queue of Queueing Place : W/category----------------------------------------

queueUtilQPl=0.006250424876298144

------------------ Color = category --------------------
arrivCnt=278417 deptCnt=278417
arrivThrPut=0.027869576086617807 deptThrPut=0.027869576086617807
meanTkPop=0.006293079472914539 tkColOcp=0.006250424876298144
-----
meanST=0.22580463561253453 stDevST=0.23691329196629443

Steady State Statistics: numBatchesST=696 batchSizeST=400 stDevStdStateMeanST=0.012647859983612212
95% c.i. = 0.22580687816125036 +/- 9.396378887015791E-4



REPORT for Depository of Queueing Place : W/category----------------------------------------

tkOcp=0.0

------------------ Color = category --------------------
arrivCnt=278417 deptCnt=278417
arrivThrPut=0.027869576086617807 deptThrPut=0.027869576086617807
meanTkPop=0.0 tkColOcp=0.0
-----
meanST=0.0 stDevST=0.0

Steady State Statistics: numBatchesST=1392 batchSizeST=200 stDevStdStateMeanST=0.0
95% c.i. = 0.0 +/- 0.0



REPORT for Queue : WebUI----------------------------------------

totArrivThrPut=0.16661415307532648 totDeptThrPut=0.16661415307532648
meanTotTkPop=0.04393566114256785 queueUtil=0.04163879952101418
meanST=0.26369705293105844



REPORT for Queue of Queueing Place : W/product----------------------------------------

queueUtilQPl=0.005650022439555938

------------------ Color = product --------------------
arrivCnt=276891 deptCnt=276891
arrivThrPut=0.027716823298145198 deptThrPut=0.027716823298145198
meanTkPop=0.005682994138974949 tkColOcp=0.005650022439555938
-----
meanST=0.205037715824932 stDevST=0.21747694036614768

Steady State Statistics: numBatchesST=692 batchSizeST=400 stDevStdStateMeanST=0.011109022733520272
95% c.i. = 0.2050349846294499 +/- 8.27696081780124E-4



REPORT for Depository of Queueing Place : W/product----------------------------------------

tkOcp=0.0

------------------ Color = product --------------------
arrivCnt=276891 deptCnt=276891
arrivThrPut=0.027716823298145198 deptThrPut=0.027716823298145198
meanTkPop=0.0 tkColOcp=0.0
-----
meanST=0.0 stDevST=0.0

Steady State Statistics: numBatchesST=1384 batchSizeST=200 stDevStdStateMeanST=0.0
95% c.i. = 0.0 +/- 0.0



REPORT for Queue : WebUI----------------------------------------

totArrivThrPut=0.16661415307532648 totDeptThrPut=0.16661415307532648
meanTotTkPop=0.04393566114256785 queueUtil=0.04163879952101418
meanST=0.26369705293105844



REPORT for Queue of Queueing Place : P/category_category----------------------------------------

queueUtilQPl=0.004893031102675749

------------------ Color = category --------------------
arrivCnt=278417 deptCnt=278417
arrivThrPut=0.027869576086617807 deptThrPut=0.027869576086617807
meanTkPop=0.004928295362677773 tkColOcp=0.004893031102675749
-----
meanST=0.17683424201935397 stDevST=0.25235410390157154

Steady State Statistics: numBatchesST=696 batchSizeST=400 stDevStdStateMeanST=0.012895098956685412
95% c.i. = 0.1768329802896319 +/- 9.580058265949666E-4



REPORT for Depository of Queueing Place : P/category_category----------------------------------------

tkOcp=0.0

------------------ Color = category --------------------
arrivCnt=278417 deptCnt=278417
arrivThrPut=0.027869576086617807 deptThrPut=0.027869576086617807
meanTkPop=0.0 tkColOcp=0.0
-----
meanST=0.0 stDevST=0.0

Steady State Statistics: numBatchesST=1392 batchSizeST=200 stDevStdStateMeanST=0.0
95% c.i. = 0.0 +/- 0.0



REPORT for Queue : Persistence----------------------------------------

totArrivThrPut=0.1666141530753265 totDeptThrPut=0.1666141530753265
meanTotTkPop=0.06767387268146953 queueUtil=0.061727224782805575
meanST=0.4061712131434241



REPORT for Queue of Queueing Place : P/getProduct_product----------------------------------------

queueUtilQPl=0.00962842971121478

------------------ Color = product --------------------
arrivCnt=276891 deptCnt=276891
arrivThrPut=0.027716823298145198 deptThrPut=0.027716823298145198
meanTkPop=0.009729648536857156 tkColOcp=0.00962842971121478
-----
meanST=0.35103765075084425 stDevST=0.37982917573516534

Steady State Statistics: numBatchesST=346 batchSizeST=800 stDevStdStateMeanST=0.013705067139875243
95% c.i. = 0.3510276043392624 +/- 0.0014440798532636308



REPORT for Depository of Queueing Place : P/getProduct_product----------------------------------------

tkOcp=0.0

------------------ Color = product --------------------
arrivCnt=276891 deptCnt=276891
arrivThrPut=0.027716823298145198 deptThrPut=0.027716823298145198
meanTkPop=0.0 tkColOcp=0.0
-----
meanST=0.0 stDevST=0.0

Steady State Statistics: numBatchesST=1384 batchSizeST=200 stDevStdStateMeanST=0.0
95% c.i. = 0.0 +/- 0.0



REPORT for Queue : Persistence----------------------------------------

totArrivThrPut=0.1666141530753265 totDeptThrPut=0.1666141530753265
meanTotTkPop=0.06767387268146953 queueUtil=0.061727224782805575
meanST=0.4061712131434241



REPORT for Queue of Queueing Place : R/getAds_product----------------------------------------

queueUtilQPl=0.0054194430740222115

------------------ Color = product --------------------
arrivCnt=276891 deptCnt=276891
arrivThrPut=0.027716823298145198 deptThrPut=0.027716823298145198
meanTkPop=0.005451234567922089 tkColOcp=0.0054194430740222115
-----
meanST=0.19667602269149237 stDevST=0.19626667669701753

Steady State Statistics: numBatchesST=692 batchSizeST=400 stDevStdStateMeanST=0.010057998269263103
95% c.i. = 0.1966733193202113 +/- 7.493877686378891E-4



REPORT for Depository of Queueing Place : R/getAds_product----------------------------------------

tkOcp=0.0

------------------ Color = product --------------------
arrivCnt=276891 deptCnt=276891
arrivThrPut=0.027716823298145198 deptThrPut=0.027716823298145198
meanTkPop=0.0 tkColOcp=0.0
-----
meanST=0.0 stDevST=0.0

Steady State Statistics: numBatchesST=1384 batchSizeST=200 stDevStdStateMeanST=0.0
95% c.i. = 0.0 +/- 0.0



REPORT for Queue : Recommender----------------------------------------

totArrivThrPut=0.027716823298145198 totDeptThrPut=0.027716823298145198
meanTotTkPop=0.005451234567922089 queueUtil=0.0054194430740222115
meanST=0.19667602269149237



REPORT for Queue of Queueing Place : I/productImages_category----------------------------------------

queueUtilQPl=0.0098068971505789

------------------ Color = category --------------------
arrivCnt=278417 deptCnt=278417
arrivThrPut=0.027869576086617807 deptThrPut=0.027869576086617807
meanTkPop=0.009919318512076157 tkColOcp=0.0098068971505789
-----
meanST=0.3559192461789592 stDevST=0.37032136836267643

Steady State Statistics: numBatchesST=696 batchSizeST=400 stDevStdStateMeanST=0.019297505308082698
95% c.i. = 0.3559116580456712 +/- 0.0014336549557307542



REPORT for Depository of Queueing Place : I/productImages_category----------------------------------------

tkOcp=0.0

------------------ Color = category --------------------
arrivCnt=278417 deptCnt=278417
arrivThrPut=0.027869576086617807 deptThrPut=0.027869576086617807
meanTkPop=0.0 tkColOcp=0.0
-----
meanST=0.0 stDevST=0.0

Steady State Statistics: numBatchesST=1392 batchSizeST=200 stDevStdStateMeanST=0.0
95% c.i. = 0.0 +/- 0.0



REPORT for Queue : ImageProvider----------------------------------------

totArrivThrPut=0.1666141530753265 totDeptThrPut=0.1666141530753265
meanTotTkPop=0.0687121485890229 queueUtil=0.0635229466928774
meanST=0.41240283205687833



REPORT for Queue of Queueing Place : I/product_product----------------------------------------

queueUtilQPl=0.011231973796190857

------------------ Color = product --------------------
arrivCnt=276891 deptCnt=276891
arrivThrPut=0.027716823298145198 deptThrPut=0.027716823298145198
meanTkPop=0.01137002381164075 tkColOcp=0.011231973796190857
-----
meanST=0.41022103035890223 stDevST=0.4183994979179661

Steady State Statistics: numBatchesST=692 batchSizeST=400 stDevStdStateMeanST=0.021681619348937784
95% c.i. = 0.41023961419377253 +/- 0.0016154248498938114



REPORT for Depository of Queueing Place : I/product_product----------------------------------------

tkOcp=0.0

------------------ Color = product --------------------
arrivCnt=276891 deptCnt=276891
arrivThrPut=0.027716823298145198 deptThrPut=0.027716823298145198
meanTkPop=0.0 tkColOcp=0.0
-----
meanST=0.0 stDevST=0.0

Steady State Statistics: numBatchesST=1384 batchSizeST=200 stDevStdStateMeanST=0.0
95% c.i. = 0.0 +/- 0.0



REPORT for Queue : ImageProvider----------------------------------------

totArrivThrPut=0.1666141530753265 totDeptThrPut=0.1666141530753265
meanTotTkPop=0.0687121485890229 queueUtil=0.0635229466928774
meanST=0.41240283205687833



REPORT for Queue of Queueing Place : Workload----------------------------------------

queueUtilQPl=1.0

------------------ Color = workload --------------------
arrivCnt=1664475 deptCnt=1664475
arrivThrPut=0.16661415307532648 deptThrPut=0.16661415307532648
meanTkPop=1.0 tkColOcp=1.0
-----
meanST=6.001891085134278 stDevST=5.996172805149209

Steady State Statistics: numBatchesST=4161 batchSizeST=400 stDevStdStateMeanST=0.296569596437522
95% c.i. = 6.001884590991562 +/- 0.009011059541194357



REPORT for Depository of Queueing Place : Workload----------------------------------------

tkOcp=0.0

------------------ Color = workload --------------------
arrivCnt=1664475 deptCnt=1664475
arrivThrPut=0.16661415307532648 deptThrPut=0.16661415307532648
meanTkPop=0.0 tkColOcp=0.0
-----
meanST=0.0 stDevST=0.0

Steady State Statistics: numBatchesST=8322 batchSizeST=200 stDevStdStateMeanST=0.0
95% c.i. = 0.0 +/- 0.0



REPORT for Queue : Workload----------------------------------------

totArrivThrPut=0.16661415307532648 totDeptThrPut=0.16661415307532648
meanTotTkPop=1.0 queueUtil=1.0
meanST=6.001891085134278



REPORT for Queue of Queueing Place : I/icon_index----------------------------------------

queueUtilQPl=0.011268777648998063

------------------ Color = index --------------------
arrivCnt=277317 deptCnt=277317
arrivThrPut=0.027759465950759437 deptThrPut=0.027759465950759437
meanTkPop=0.011395294381991503 tkColOcp=0.011268777648998063
-----
meanST=0.41050121072951523 stDevST=0.4198377872986702

Steady State Statistics: numBatchesST=693 batchSizeST=400 stDevStdStateMeanST=0.02067862263529502
95% c.i. = 0.4104919701226705 +/- 0.0015395829098104603



REPORT for Depository of Queueing Place : I/icon_index----------------------------------------

tkOcp=0.0

------------------ Color = index --------------------
arrivCnt=277317 deptCnt=277317
arrivThrPut=0.027759465950759437 deptThrPut=0.027759465950759437
meanTkPop=0.0 tkColOcp=0.0
-----
meanST=0.0 stDevST=0.0

Steady State Statistics: numBatchesST=1386 batchSizeST=200 stDevStdStateMeanST=0.0
95% c.i. = 0.0 +/- 0.0



REPORT for Queue : ImageProvider----------------------------------------

totArrivThrPut=0.1666141530753265 totDeptThrPut=0.1666141530753265
meanTotTkPop=0.0687121485890229 queueUtil=0.0635229466928774
meanST=0.41240283205687833



REPORT for Queue of Queueing Place : P/categories_login----------------------------------------

queueUtilQPl=0.004102000252189144

------------------ Color = login --------------------
arrivCnt=277404 deptCnt=277404
arrivThrPut=0.0277681746615046 deptThrPut=0.0277681746615046
meanTkPop=0.004135593387677739 tkColOcp=0.004102000252189144
-----
meanST=0.14893284985746538 stDevST=0.24979457715848216

Steady State Statistics: numBatchesST=693 batchSizeST=400 stDevStdStateMeanST=0.012378927073999171
95% c.i. = 0.14890321803768825 +/- 9.216467122132977E-4



REPORT for Depository of Queueing Place : P/categories_login----------------------------------------

tkOcp=0.0

------------------ Color = login --------------------
arrivCnt=277404 deptCnt=277404
arrivThrPut=0.0277681746615046 deptThrPut=0.0277681746615046
meanTkPop=0.0 tkColOcp=0.0
-----
meanST=0.0 stDevST=0.0

Steady State Statistics: numBatchesST=1387 batchSizeST=200 stDevStdStateMeanST=0.0
95% c.i. = 0.0 +/- 0.0



REPORT for Queue : Persistence----------------------------------------

totArrivThrPut=0.1666141530753265 totDeptThrPut=0.1666141530753265
meanTotTkPop=0.06767387268146953 queueUtil=0.061727224782805575
meanST=0.4061712131434241



REPORT for Queue of Queueing Place : I/icon_login----------------------------------------

queueUtilQPl=0.017352723854511226

------------------ Color = login --------------------
arrivCnt=277404 deptCnt=277404
arrivThrPut=0.0277681746615046 deptThrPut=0.0277681746615046
meanTkPop=0.017663194058976282 tkColOcp=0.017352723854511226
-----
meanST=0.6360948918786156 stDevST=0.6262971163489328

Steady State Statistics: numBatchesST=693 batchSizeST=400 stDevStdStateMeanST=0.033185255341498694
95% c.i. = 0.6361105477725044 +/- 0.00247073767351714



REPORT for Depository of Queueing Place : I/icon_login----------------------------------------

tkOcp=0.0

------------------ Color = login --------------------
arrivCnt=277404 deptCnt=277404
arrivThrPut=0.0277681746615046 deptThrPut=0.0277681746615046
meanTkPop=0.0 tkColOcp=0.0
-----
meanST=0.0 stDevST=0.0

Steady State Statistics: numBatchesST=1387 batchSizeST=200 stDevStdStateMeanST=0.0
95% c.i. = 0.0 +/- 0.0



REPORT for Queue : ImageProvider----------------------------------------

totArrivThrPut=0.1666141530753265 totDeptThrPut=0.1666141530753265
meanTotTkPop=0.0687121485890229 queueUtil=0.0635229466928774
meanST=0.41240283205687833



REPORT for Queue of Queueing Place : A/isLoggedIn_login----------------------------------------

queueUtilQPl=0.025475618054040815

------------------ Color = login --------------------
arrivCnt=277404 deptCnt=277404
arrivThrPut=0.0277681746615046 deptThrPut=0.0277681746615046
meanTkPop=0.026152939013935794 tkColOcp=0.025475618054040815
-----
meanST=0.9418314070961233 stDevST=0.9374565784783884

Steady State Statistics: numBatchesST=693 batchSizeST=400 stDevStdStateMeanST=0.04901780008726376
95% c.i. = 0.9418568477795292 +/- 0.0036495161511409



REPORT for Depository of Queueing Place : A/isLoggedIn_login----------------------------------------

tkOcp=0.0

------------------ Color = login --------------------
arrivCnt=277404 deptCnt=277404
arrivThrPut=0.0277681746615046 deptThrPut=0.0277681746615046
meanTkPop=0.0 tkColOcp=0.0
-----
meanST=0.0 stDevST=0.0

Steady State Statistics: numBatchesST=1387 batchSizeST=200 stDevStdStateMeanST=0.0
95% c.i. = 0.0 +/- 0.0



REPORT for Queue : Auth----------------------------------------

totArrivThrPut=0.16661415307532648 totDeptThrPut=0.16661415307532648
meanTotTkPop=0.06026582483227601 queueUtil=0.054569582244136904
meanST=0.3617089167991014



REPORT for Queue of Queueing Place : A/isLoggedIn_category----------------------------------------

queueUtilQPl=0.0038923525167028506

------------------ Color = category --------------------
arrivCnt=278417 deptCnt=278417
arrivThrPut=0.027869576086617807 deptThrPut=0.027869576086617807
meanTkPop=0.003929364643211326 tkColOcp=0.0038923525167028506
-----
meanST=0.14099118806109495 stDevST=0.26787336158938446

Steady State Statistics: numBatchesST=696 batchSizeST=400 stDevStdStateMeanST=0.013715386478483187
95% c.i. = 0.14099250207906355 +/- 0.0010189468265830277



REPORT for Depository of Queueing Place : A/isLoggedIn_category----------------------------------------

tkOcp=0.0

------------------ Color = category --------------------
arrivCnt=278417 deptCnt=278417
arrivThrPut=0.027869576086617807 deptThrPut=0.027869576086617807
meanTkPop=0.0 tkColOcp=0.0
-----
meanST=0.0 stDevST=0.0

Steady State Statistics: numBatchesST=1392 batchSizeST=200 stDevStdStateMeanST=0.0
95% c.i. = 0.0 +/- 0.0



REPORT for Queue : Auth----------------------------------------

totArrivThrPut=0.16661415307532648 totDeptThrPut=0.16661415307532648
meanTotTkPop=0.06026582483227601 queueUtil=0.054569582244136904
meanST=0.3617089167991014



REPORT for Queue of Queueing Place : I/icon_logout----------------------------------------

queueUtilQPl=0.0034375822824276895

------------------ Color = logout --------------------
arrivCnt=277301 deptCnt=277301
arrivThrPut=0.027757864348783315 deptThrPut=0.027757864348783315
meanTkPop=0.003451194646282369 tkColOcp=0.0034375822824276895
-----
meanST=0.12433213891808799 stDevST=0.17265452484246627

Steady State Statistics: numBatchesST=693 batchSizeST=400 stDevStdStateMeanST=0.008555126789816918
95% c.i. = 0.12432176948572635 +/- 6.369537869694695E-4



REPORT for Depository of Queueing Place : I/icon_logout----------------------------------------

tkOcp=0.0

------------------ Color = logout --------------------
arrivCnt=277301 deptCnt=277301
arrivThrPut=0.027757864348783315 deptThrPut=0.027757864348783315
meanTkPop=0.0 tkColOcp=0.0
-----
meanST=0.0 stDevST=0.0

Steady State Statistics: numBatchesST=1386 batchSizeST=200 stDevStdStateMeanST=0.0
95% c.i. = 0.0 +/- 0.0



REPORT for Queue : ImageProvider----------------------------------------

totArrivThrPut=0.1666141530753265 totDeptThrPut=0.1666141530753265
meanTotTkPop=0.0687121485890229 queueUtil=0.0635229466928774
meanST=0.41240283205687833



REPORT for Queue of Queueing Place : I/icon_loginAction----------------------------------------

queueUtilQPl=0.014694392070484202

------------------ Color = loginAction --------------------
arrivCnt=277145 deptCnt=277145
arrivThrPut=0.02774224872951613 deptThrPut=0.02774224872951613
meanTkPop=0.014913123178055836 tkColOcp=0.014694392070484202
-----
meanST=0.537559998234359 stDevST=0.5356679603345477

Steady State Statistics: numBatchesST=692 batchSizeST=400 stDevStdStateMeanST=0.028183424471376353
95% c.i. = 0.5375565344856352 +/- 0.002099852576205163



REPORT for Depository of Queueing Place : I/icon_loginAction----------------------------------------

tkOcp=0.0

------------------ Color = loginAction --------------------
arrivCnt=277145 deptCnt=277145
arrivThrPut=0.02774224872951613 deptThrPut=0.02774224872951613
meanTkPop=0.0 tkColOcp=0.0
-----
meanST=0.0 stDevST=0.0

Steady State Statistics: numBatchesST=1385 batchSizeST=200 stDevStdStateMeanST=0.0
95% c.i. = 0.0 +/- 0.0



REPORT for Queue : ImageProvider----------------------------------------

totArrivThrPut=0.1666141530753265 totDeptThrPut=0.1666141530753265
meanTotTkPop=0.0687121485890229 queueUtil=0.0635229466928774
meanST=0.41240283205687833



REPORT for Queue of Queueing Place : A/isLoggedIn_product----------------------------------------

queueUtilQPl=0.0038529864371806303

------------------ Color = product --------------------
arrivCnt=276891 deptCnt=276891
arrivThrPut=0.027716823298145198 deptThrPut=0.027716823298145198
meanTkPop=0.0038862493803892865 tkColOcp=0.0038529864371806303
-----
meanST=0.14021265491306695 stDevST=0.2658166824978476

Steady State Statistics: numBatchesST=692 batchSizeST=400 stDevStdStateMeanST=0.014394412624576388
95% c.i. = 0.14021064544223857 +/- 0.0010724794803901538



REPORT for Depository of Queueing Place : A/isLoggedIn_product----------------------------------------

tkOcp=0.0

------------------ Color = product --------------------
arrivCnt=276891 deptCnt=276891
arrivThrPut=0.027716823298145198 deptThrPut=0.027716823298145198
meanTkPop=0.0 tkColOcp=0.0
-----
meanST=0.0 stDevST=0.0

Steady State Statistics: numBatchesST=1384 batchSizeST=200 stDevStdStateMeanST=0.0
95% c.i. = 0.0 +/- 0.0



REPORT for Queue : Auth----------------------------------------

totArrivThrPut=0.16661415307532648 totDeptThrPut=0.16661415307532648
meanTotTkPop=0.06026582483227601 queueUtil=0.054569582244136904
meanST=0.3617089167991014



REPORT for Queue of Queueing Place : P/category_logout----------------------------------------

queueUtilQPl=0.02268847555673637

------------------ Color = logout --------------------
arrivCnt=277301 deptCnt=277301
arrivThrPut=0.027757864348783315 deptThrPut=0.027757864348783315
meanTkPop=0.023227071704794013 tkColOcp=0.02268847555673637
-----
meanST=0.8367744511227898 stDevST=0.8305824062659961

Steady State Statistics: numBatchesST=693 batchSizeST=400 stDevStdStateMeanST=0.04501117727969552
95% c.i. = 0.8367152287097649 +/- 0.0033512115633846443



REPORT for Depository of Queueing Place : P/category_logout----------------------------------------

tkOcp=0.0

------------------ Color = logout --------------------
arrivCnt=277301 deptCnt=277301
arrivThrPut=0.027757864348783315 deptThrPut=0.027757864348783315
meanTkPop=0.0 tkColOcp=0.0
-----
meanST=0.0 stDevST=0.0

Steady State Statistics: numBatchesST=1386 batchSizeST=200 stDevStdStateMeanST=0.0
95% c.i. = 0.0 +/- 0.0



REPORT for Queue : Persistence----------------------------------------

totArrivThrPut=0.1666141530753265 totDeptThrPut=0.1666141530753265
meanTotTkPop=0.06767387268146953 queueUtil=0.061727224782805575
meanST=0.4061712131434241



REPORT for Ordinary Place : Finish_index----------------------------------------

tkOcp=1.0

------------------ Color = index --------------------
arrivCnt=277317 deptCnt=0
arrivThrPut=0.027759465950759437 deptThrPut=0.0
meanTkPop=138865.02296188154 tkColOcp=1.0
-----
meanST=NaN stDevST=NaN

Steady State Statistics: Only 0 batches collected!
Need at least 60 for steady state statistics.



REPORT for Ordinary Place : Finish_login----------------------------------------

tkOcp=1.0

------------------ Color = login --------------------
arrivCnt=277404 deptCnt=0
arrivThrPut=0.0277681746615046 deptThrPut=0.0
meanTkPop=139105.4359629459 tkColOcp=1.0
-----
meanST=NaN stDevST=NaN

Steady State Statistics: Only 0 batches collected!
Need at least 60 for steady state statistics.



REPORT for Ordinary Place : Finish_loginAction----------------------------------------

tkOcp=1.0

------------------ Color = loginAction --------------------
arrivCnt=277145 deptCnt=0
arrivThrPut=0.02774224872951613 deptThrPut=0.0
meanTkPop=138694.39278406865 tkColOcp=1.0
-----
meanST=NaN stDevST=NaN

Steady State Statistics: Only 0 batches collected!
Need at least 60 for steady state statistics.



REPORT for Ordinary Place : Finish_category----------------------------------------

tkOcp=1.0

------------------ Color = category --------------------
arrivCnt=278417 deptCnt=0
arrivThrPut=0.027869576086617807 deptThrPut=0.0
meanTkPop=139613.50981634966 tkColOcp=1.0
-----
meanST=NaN stDevST=NaN

Steady State Statistics: Only 0 batches collected!
Need at least 60 for steady state statistics.



REPORT for Ordinary Place : Finish_product----------------------------------------

tkOcp=1.0

------------------ Color = product --------------------
arrivCnt=276891 deptCnt=0
arrivThrPut=0.027716823298145198 deptThrPut=0.0
meanTkPop=138585.68097459045 tkColOcp=1.0
-----
meanST=NaN stDevST=NaN

Steady State Statistics: Only 0 batches collected!
Need at least 60 for steady state statistics.



REPORT for Ordinary Place : Finish_logout----------------------------------------

tkOcp=1.0

------------------ Color = logout --------------------
arrivCnt=277301 deptCnt=0
arrivThrPut=0.027757864348783315 deptThrPut=0.0
meanTkPop=138842.75051684657 tkColOcp=1.0
-----
meanST=NaN stDevST=NaN

Steady State Statistics: Only 0 batches collected!
Need at least 60 for steady state statistics.



REPORT REPORT for Probe : /index----------------------------------------


------------------ Color = index --------------------
-----
meanST=1.7328586023916812 stDevST=0.8943344130779549

Steady State Statistics: numBatchesST=693 batchSizeST=400 stDevStdStateMeanST=0.04537615293326568
95% c.i. = 1.7328754300314066 +/- 0.0033783850501610036



REPORT REPORT for Probe : /login----------------------------------------


------------------ Color = login --------------------
-----
meanST=1.8412964445115834 stDevST=1.1724050525571934

Steady State Statistics: numBatchesST=693 batchSizeST=400 stDevStdStateMeanST=0.060053656305877876
95% c.i. = 1.8413032377407068 +/- 0.004471167376610027



REPORT REPORT for Probe : /loginAction----------------------------------------


------------------ Color = loginAction --------------------
-----
meanST=1.4741860834815803 stDevST=0.8373716443727686

Steady State Statistics: numBatchesST=173 batchSizeST=1600 stDevStdStateMeanST=0.02164105080616817
95% c.i. = 1.4742136426094419 +/- 0.0032476881635201673



REPORT REPORT for Probe : /logout----------------------------------------


------------------ Color = logout --------------------
-----
meanST=1.6110254440968803 stDevST=0.9909949743435925

Steady State Statistics: numBatchesST=693 batchSizeST=400 stDevStdStateMeanST=0.0528172999848138
95% c.i. = 1.610907294181745 +/- 0.00393239984273215



REPORT REPORT for Probe : /category----------------------------------------


------------------ Color = category --------------------
-----
meanST=0.8995493118719425 stDevST=0.5908344136971451

Steady State Statistics: numBatchesST=696 batchSizeST=400 stDevStdStateMeanST=0.0314862272412806
95% c.i. = 0.8995440185756166 +/- 0.002339182448770707



REPORT REPORT for Probe : /product----------------------------------------


------------------ Color = product --------------------
-----
meanST=1.303185074539238 stDevST=0.7047611126954998

Steady State Statistics: numBatchesST=692 batchSizeST=400 stDevStdStateMeanST=0.03799517401446235
95% c.i. = 1.3031861679249348 +/- 0.0028308931768977444



