INFO Logging to /home/yjx/workloadConfig/qpme/output/SimQPN_Output_config_2025-08-14_050256577.log
WARN Batch means correlation test was run for depository of place Workload, color 0
    However, the standard deviation of the token residence time is 0 and therefore the result of the test is ignored!
    In future runs, you should set numBMeansCorlTested to 0 to switch off the correlation test!
WARN Batch means correlation test was run for depository of place W/logout, color 0
    However, the standard deviation of the token residence time is 0 and therefore the result of the test is ignored!
    In future runs, you should set numBMeansCorlTested to 0 to switch off the correlation test!
WARN Batch means correlation test was run for depository of place A/logout_logout, color 0
    However, the standard deviation of the token residence time is 0 and therefore the result of the test is ignored!
    In future runs, you should set numBMeansCorlTested to 0 to switch off the correlation test!
WARN Batch means correlation test was run for depository of place P/category_logout, color 0
    However, the standard deviation of the token residence time is 0 and therefore the result of the test is ignored!
    In future runs, you should set numBMeansCorlTested to 0 to switch off the correlation test!
WARN Batch means correlation test was run for depository of place I/icon_logout, color 0
    However, the standard deviation of the token residence time is 0 and therefore the result of the test is ignored!
    In future runs, you should set numBMeansCorlTested to 0 to switch off the correlation test!
WARN Batch means correlation test was run for depository of place W/product, color 0
    However, the standard deviation of the token residence time is 0 and therefore the result of the test is ignored!
    In future runs, you should set numBMeansCorlTested to 0 to switch off the correlation test!
WARN Batch means correlation test was run for depository of place P/getProduct_product, color 0
    However, the standard deviation of the token residence time is 0 and therefore the result of the test is ignored!
    In future runs, you should set numBMeansCorlTested to 0 to switch off the correlation test!
WARN Batch means correlation test was run for depository of place R/getAds_product, color 0
    However, the standard deviation of the token residence time is 0 and therefore the result of the test is ignored!
    In future runs, you should set numBMeansCorlTested to 0 to switch off the correlation test!
WARN Batch means correlation test was run for depository of place I/product_product, color 0
    However, the standard deviation of the token residence time is 0 and therefore the result of the test is ignored!
    In future runs, you should set numBMeansCorlTested to 0 to switch off the correlation test!
WARN Batch means correlation test was run for depository of place A/isLoggedIn_product, color 0
    However, the standard deviation of the token residence time is 0 and therefore the result of the test is ignored!
    In future runs, you should set numBMeansCorlTested to 0 to switch off the correlation test!
WARN Batch means correlation test was run for depository of place W/login, color 0
    However, the standard deviation of the token residence time is 0 and therefore the result of the test is ignored!
    In future runs, you should set numBMeansCorlTested to 0 to switch off the correlation test!
WARN Batch means correlation test was run for depository of place P/categories_login, color 0
    However, the standard deviation of the token residence time is 0 and therefore the result of the test is ignored!
    In future runs, you should set numBMeansCorlTested to 0 to switch off the correlation test!
WARN Batch means correlation test was run for depository of place I/icon_login, color 0
    However, the standard deviation of the token residence time is 0 and therefore the result of the test is ignored!
    In future runs, you should set numBMeansCorlTested to 0 to switch off the correlation test!
WARN Batch means correlation test was run for depository of place A/isLoggedIn_login, color 0
    However, the standard deviation of the token residence time is 0 and therefore the result of the test is ignored!
    In future runs, you should set numBMeansCorlTested to 0 to switch off the correlation test!
WARN Batch means correlation test was run for depository of place W/loginAction, color 0
    However, the standard deviation of the token residence time is 0 and therefore the result of the test is ignored!
    In future runs, you should set numBMeansCorlTested to 0 to switch off the correlation test!
WARN Batch means correlation test was run for depository of place A/login_loginAction, color 0
    However, the standard deviation of the token residence time is 0 and therefore the result of the test is ignored!
    In future runs, you should set numBMeansCorlTested to 0 to switch off the correlation test!
WARN Batch means correlation test was run for depository of place P/getUser_loginAction, color 0
    However, the standard deviation of the token residence time is 0 and therefore the result of the test is ignored!
    In future runs, you should set numBMeansCorlTested to 0 to switch off the correlation test!
WARN Batch means correlation test was run for depository of place I/icon_loginAction, color 0
    However, the standard deviation of the token residence time is 0 and therefore the result of the test is ignored!
    In future runs, you should set numBMeansCorlTested to 0 to switch off the correlation test!
WARN Batch means correlation test was run for depository of place W/category, color 0
    However, the standard deviation of the token residence time is 0 and therefore the result of the test is ignored!
    In future runs, you should set numBMeansCorlTested to 0 to switch off the correlation test!
WARN Batch means correlation test was run for depository of place P/category_category, color 0
    However, the standard deviation of the token residence time is 0 and therefore the result of the test is ignored!
    In future runs, you should set numBMeansCorlTested to 0 to switch off the correlation test!
WARN Batch means correlation test was run for depository of place I/productImages_category, color 0
    However, the standard deviation of the token residence time is 0 and therefore the result of the test is ignored!
    In future runs, you should set numBMeansCorlTested to 0 to switch off the correlation test!
WARN Batch means correlation test was run for depository of place A/isLoggedIn_category, color 0
    However, the standard deviation of the token residence time is 0 and therefore the result of the test is ignored!
    In future runs, you should set numBMeansCorlTested to 0 to switch off the correlation test!
WARN Batch means correlation test was run for depository of place W/index, color 0
    However, the standard deviation of the token residence time is 0 and therefore the result of the test is ignored!
    In future runs, you should set numBMeansCorlTested to 0 to switch off the correlation test!
WARN Batch means correlation test was run for depository of place P/categories_index, color 0
    However, the standard deviation of the token residence time is 0 and therefore the result of the test is ignored!
    In future runs, you should set numBMeansCorlTested to 0 to switch off the correlation test!
WARN Batch means correlation test was run for depository of place A/isLoggedIn_index, color 0
    However, the standard deviation of the token residence time is 0 and therefore the result of the test is ignored!
    In future runs, you should set numBMeansCorlTested to 0 to switch off the correlation test!
WARN Batch means correlation test was run for depository of place I/icon_index, color 0
    However, the standard deviation of the token residence time is 0 and therefore the result of the test is ignored!
    In future runs, you should set numBMeansCorlTested to 0 to switch off the correlation test!
WARN LP-1 The simulation was stopped because of reaching max totalRunLen.
The required precision may not have been reached!
REPORT for Queue of Queueing Place : W/index----------------------------------------

queueUtilQPl=0.012191016038120027

------------------ Color = index --------------------
arrivCnt=277902 deptCnt=277902
arrivThrPut=0.027818018164728973 deptThrPut=0.027818018164728973
meanTkPop=0.012343377664347996 tkColOcp=0.012191016038120027
-----
meanST=0.4437188009316355 stDevST=0.4433993602658657

Steady State Statistics: numBatchesST=694 batchSizeST=400 stDevStdStateMeanST=0.022984854305679876
95% c.i. = 0.4437063173779841 +/- 0.0017100551272521119



REPORT for Depository of Queueing Place : W/index----------------------------------------

tkOcp=0.0

------------------ Color = index --------------------
arrivCnt=277902 deptCnt=277902
arrivThrPut=0.027818018164728973 deptThrPut=0.027818018164728973
meanTkPop=0.0 tkColOcp=0.0
-----
meanST=0.0 stDevST=0.0

Steady State Statistics: numBatchesST=1389 batchSizeST=200 stDevStdStateMeanST=0.0
95% c.i. = 0.0 +/- 0.0



REPORT for Queue : WebUI----------------------------------------

totArrivThrPut=0.16650931018747178 totDeptThrPut=0.16650931018747178
meanTotTkPop=0.038301167439845955 queueUtil=0.036465344734491985
meanST=0.23002417940908476



REPORT for Queue of Queueing Place : P/categories_index----------------------------------------

queueUtilQPl=0.0037824941011560553

------------------ Color = index --------------------
arrivCnt=277902 deptCnt=277902
arrivThrPut=0.027818018164728973 deptThrPut=0.027818018164728973
meanTkPop=0.0038060822808199998 tkColOcp=0.0037824941011560553
-----
meanST=0.13682075618333617 stDevST=0.21546626952136377

Steady State Statistics: numBatchesST=694 batchSizeST=400 stDevStdStateMeanST=0.010971555299064965
95% c.i. = 0.1368171532592365 +/- 8.162751063625312E-4



REPORT for Depository of Queueing Place : P/categories_index----------------------------------------

tkOcp=0.0

------------------ Color = index --------------------
arrivCnt=277902 deptCnt=277902
arrivThrPut=0.027818018164728973 deptThrPut=0.027818018164728973
meanTkPop=0.0 tkColOcp=0.0
-----
meanST=0.0 stDevST=0.0

Steady State Statistics: numBatchesST=1389 batchSizeST=200 stDevStdStateMeanST=0.0
95% c.i. = 0.0 +/- 0.0



REPORT for Queue : Persistence----------------------------------------

totArrivThrPut=0.1665093101874718 totDeptThrPut=0.1665093101874718
meanTotTkPop=0.06550885495186319 queueUtil=0.060095713231285104
meanST=0.39342457714891244



REPORT for Queue of Queueing Place : A/isLoggedIn_index----------------------------------------

queueUtilQPl=0.004736564201853722

------------------ Color = index --------------------
arrivCnt=277902 deptCnt=277902
arrivThrPut=0.027818018164728973 deptThrPut=0.027818018164728973
meanTkPop=0.0047739209172146455 tkColOcp=0.004736564201853722
-----
meanST=0.17161254583073052 stDevST=0.2743585740469762

Steady State Statistics: numBatchesST=694 batchSizeST=400 stDevStdStateMeanST=0.014447198954351042
95% c.i. = 0.17161624686910223 +/- 0.0010748602674507393



REPORT for Depository of Queueing Place : A/isLoggedIn_index----------------------------------------

tkOcp=0.0

------------------ Color = index --------------------
arrivCnt=277902 deptCnt=277902
arrivThrPut=0.027818018164728973 deptThrPut=0.027818018164728973
meanTkPop=0.0 tkColOcp=0.0
-----
meanST=0.0 stDevST=0.0

Steady State Statistics: numBatchesST=1389 batchSizeST=200 stDevStdStateMeanST=0.0
95% c.i. = 0.0 +/- 0.0



REPORT for Queue : Auth----------------------------------------

totArrivThrPut=0.16650931018747178 totDeptThrPut=0.16650931018747178
meanTotTkPop=0.06403356850012559 queueUtil=0.05759232814498512
meanST=0.3845644932888774



REPORT for Queue of Queueing Place : W/login----------------------------------------

queueUtilQPl=0.004171491468879001

------------------ Color = login --------------------
arrivCnt=277610 deptCnt=277610
arrivThrPut=0.02778878893534559 deptThrPut=0.02778878893534559
meanTkPop=0.004189909486689227 tkColOcp=0.004171491468879001
-----
meanST=0.15077697327643974 stDevST=0.16551140511378495

Steady State Statistics: numBatchesST=694 batchSizeST=400 stDevStdStateMeanST=0.008088302654904714
95% c.i. = 0.1507771951821899 +/- 6.017633717333912E-4



REPORT for Depository of Queueing Place : W/login----------------------------------------

tkOcp=0.0

------------------ Color = login --------------------
arrivCnt=277610 deptCnt=277610
arrivThrPut=0.02778878893534559 deptThrPut=0.02778878893534559
meanTkPop=0.0 tkColOcp=0.0
-----
meanST=0.0 stDevST=0.0

Steady State Statistics: numBatchesST=1388 batchSizeST=200 stDevStdStateMeanST=0.0
95% c.i. = 0.0 +/- 0.0



REPORT for Queue : WebUI----------------------------------------

totArrivThrPut=0.16650931018747178 totDeptThrPut=0.16650931018747178
meanTotTkPop=0.038301167439845955 queueUtil=0.036465344734491985
meanST=0.23002417940908476



REPORT for Queue of Queueing Place : W/loginAction----------------------------------------

queueUtilQPl=0.003194828970433631

------------------ Color = loginAction --------------------
arrivCnt=276150 deptCnt=276150
arrivThrPut=0.027642642788428675 deptThrPut=0.027642642788428675
meanTkPop=0.0032069696194432866 tkColOcp=0.003194828970433631
-----
meanST=0.11601530446957616 stDevST=0.13663997445937087

Steady State Statistics: numBatchesST=690 batchSizeST=400 stDevStdStateMeanST=0.0067908868304741125
95% c.i. = 0.11600890576155973 +/- 5.066989900986968E-4



REPORT for Depository of Queueing Place : W/loginAction----------------------------------------

tkOcp=0.0

------------------ Color = loginAction --------------------
arrivCnt=276150 deptCnt=276150
arrivThrPut=0.027642642788428675 deptThrPut=0.027642642788428675
meanTkPop=0.0 tkColOcp=0.0
-----
meanST=0.0 stDevST=0.0

Steady State Statistics: numBatchesST=1380 batchSizeST=200 stDevStdStateMeanST=0.0
95% c.i. = 0.0 +/- 0.0



REPORT for Queue : WebUI----------------------------------------

totArrivThrPut=0.16650931018747178 totDeptThrPut=0.16650931018747178
meanTotTkPop=0.038301167439845955 queueUtil=0.036465344734491985
meanST=0.23002417940908476



REPORT for Queue of Queueing Place : A/login_loginAction----------------------------------------

queueUtilQPl=0.0113428456955684

------------------ Color = loginAction --------------------
arrivCnt=276150 deptCnt=276150
arrivThrPut=0.027642642788428675 deptThrPut=0.027642642788428675
meanTkPop=0.011489181052914733 tkColOcp=0.0113428456955684
-----
meanST=0.41563251172656146 stDevST=0.4516897228138966

Steady State Statistics: numBatchesST=690 batchSizeST=400 stDevStdStateMeanST=0.022970592347470755
95% c.i. = 0.41565972316258537 +/- 0.0017139404962841478



REPORT for Depository of Queueing Place : A/login_loginAction----------------------------------------

tkOcp=0.0

------------------ Color = loginAction --------------------
arrivCnt=276150 deptCnt=276150
arrivThrPut=0.027642642788428675 deptThrPut=0.027642642788428675
meanTkPop=0.0 tkColOcp=0.0
-----
meanST=0.0 stDevST=0.0

Steady State Statistics: numBatchesST=1380 batchSizeST=200 stDevStdStateMeanST=0.0
95% c.i. = 0.0 +/- 0.0



REPORT for Queue : Auth----------------------------------------

totArrivThrPut=0.16650931018747178 totDeptThrPut=0.16650931018747178
meanTotTkPop=0.06403356850012559 queueUtil=0.05759232814498512
meanST=0.3845644932888774



REPORT for Queue of Queueing Place : W/logout----------------------------------------

queueUtilQPl=0.0031148500571964222

------------------ Color = logout --------------------
arrivCnt=277224 deptCnt=277224
arrivThrPut=0.027750150296503174 deptThrPut=0.027750150296503174
meanTkPop=0.0031268767923251684 tkColOcp=0.0031148500571964222
-----
meanST=0.11267963448540996 stDevST=0.1348985431279017

Steady State Statistics: numBatchesST=693 batchSizeST=400 stDevStdStateMeanST=0.006864568735282
95% c.i. = 0.11268049050472258 +/- 5.110868791628584E-4



REPORT for Depository of Queueing Place : W/logout----------------------------------------

tkOcp=0.0

------------------ Color = logout --------------------
arrivCnt=277224 deptCnt=277224
arrivThrPut=0.027750150296503174 deptThrPut=0.027750150296503174
meanTkPop=0.0 tkColOcp=0.0
-----
meanST=0.0 stDevST=0.0

Steady State Statistics: numBatchesST=1386 batchSizeST=200 stDevStdStateMeanST=0.0
95% c.i. = 0.0 +/- 0.0



REPORT for Queue : WebUI----------------------------------------

totArrivThrPut=0.16650931018747178 totDeptThrPut=0.16650931018747178
meanTotTkPop=0.038301167439845955 queueUtil=0.036465344734491985
meanST=0.23002417940908476



REPORT for Queue of Queueing Place : A/logout_logout----------------------------------------

queueUtilQPl=0.00410961873854606

------------------ Color = logout --------------------
arrivCnt=277224 deptCnt=277224
arrivThrPut=0.027750150296503174 deptThrPut=0.027750150296503174
meanTkPop=0.004147222400955832 tkColOcp=0.00410961873854606
-----
meanST=0.14944864646295006 stDevST=0.26952720359589016

Steady State Statistics: numBatchesST=693 batchSizeST=400 stDevStdStateMeanST=0.013480386795877977
95% c.i. = 0.14944438647664812 +/- 0.0010036535553941755



REPORT for Depository of Queueing Place : A/logout_logout----------------------------------------

tkOcp=0.0

------------------ Color = logout --------------------
arrivCnt=277224 deptCnt=277224
arrivThrPut=0.027750150296503174 deptThrPut=0.027750150296503174
meanTkPop=0.0 tkColOcp=0.0
-----
meanST=0.0 stDevST=0.0

Steady State Statistics: numBatchesST=1386 batchSizeST=200 stDevStdStateMeanST=0.0
95% c.i. = 0.0 +/- 0.0



REPORT for Queue : Auth----------------------------------------

totArrivThrPut=0.16650931018747178 totDeptThrPut=0.16650931018747178
meanTotTkPop=0.06403356850012559 queueUtil=0.05759232814498512
meanST=0.3845644932888774



REPORT for Queue of Queueing Place : P/getUser_loginAction----------------------------------------

queueUtilQPl=0.021639908768788508

------------------ Color = loginAction --------------------
arrivCnt=276150 deptCnt=276150
arrivThrPut=0.027642642788428675 deptThrPut=0.027642642788428675
meanTkPop=0.022124775075326203 tkColOcp=0.021639908768788508
-----
meanST=0.8003856666189575 stDevST=0.7952816085577955

Steady State Statistics: numBatchesST=690 batchSizeST=400 stDevStdStateMeanST=0.042066891366370755
95% c.i. = 0.8003562931846152 +/- 0.003138802324945166



REPORT for Depository of Queueing Place : P/getUser_loginAction----------------------------------------

tkOcp=0.0

------------------ Color = loginAction --------------------
arrivCnt=276150 deptCnt=276150
arrivThrPut=0.027642642788428675 deptThrPut=0.027642642788428675
meanTkPop=0.0 tkColOcp=0.0
-----
meanST=0.0 stDevST=0.0

Steady State Statistics: numBatchesST=1380 batchSizeST=200 stDevStdStateMeanST=0.0
95% c.i. = 0.0 +/- 0.0



REPORT for Queue : Persistence----------------------------------------

totArrivThrPut=0.1665093101874718 totDeptThrPut=0.1665093101874718
meanTotTkPop=0.06550885495186319 queueUtil=0.060095713231285104
meanST=0.39342457714891244



REPORT for Queue of Queueing Place : W/category----------------------------------------

queueUtilQPl=0.009630416117870069

------------------ Color = category --------------------
arrivCnt=276881 deptCnt=276881
arrivThrPut=0.02771581596198776 deptThrPut=0.02771581596198776
meanTkPop=0.009724073804173493 tkColOcp=0.009630416117870069
-----
meanST=0.35084927023292617 stDevST=0.3502483853347372

Steady State Statistics: numBatchesST=692 batchSizeST=400 stDevStdStateMeanST=0.01793764708029161
95% c.i. = 0.3508542671265899 +/- 0.0013364740140384334



REPORT for Depository of Queueing Place : W/category----------------------------------------

tkOcp=0.0

------------------ Color = category --------------------
arrivCnt=276881 deptCnt=276881
arrivThrPut=0.02771581596198776 deptThrPut=0.02771581596198776
meanTkPop=0.0 tkColOcp=0.0
-----
meanST=0.0 stDevST=0.0

Steady State Statistics: numBatchesST=1384 batchSizeST=200 stDevStdStateMeanST=0.0
95% c.i. = 0.0 +/- 0.0



REPORT for Queue : WebUI----------------------------------------

totArrivThrPut=0.16650931018747178 totDeptThrPut=0.16650931018747178
meanTotTkPop=0.038301167439845955 queueUtil=0.036465344734491985
meanST=0.23002417940908476



REPORT for Queue of Queueing Place : W/product----------------------------------------

queueUtilQPl=0.005674590496427441

------------------ Color = product --------------------
arrivCnt=277661 deptCnt=277661
arrivThrPut=0.02779389404047762 deptThrPut=0.02779389404047762
meanTkPop=0.005709960072866786 tkColOcp=0.005674590496427441
-----
meanST=0.20543936968857585 stDevST=0.21301182071597496

Steady State Statistics: numBatchesST=694 batchSizeST=400 stDevStdStateMeanST=0.010770641422753968
95% c.i. = 0.2054500157334047 +/- 8.013272715947982E-4



REPORT for Depository of Queueing Place : W/product----------------------------------------

tkOcp=0.0

------------------ Color = product --------------------
arrivCnt=277661 deptCnt=277661
arrivThrPut=0.02779389404047762 deptThrPut=0.02779389404047762
meanTkPop=0.0 tkColOcp=0.0
-----
meanST=0.0 stDevST=0.0

Steady State Statistics: numBatchesST=1388 batchSizeST=200 stDevStdStateMeanST=0.0
95% c.i. = 0.0 +/- 0.0



REPORT for Queue : WebUI----------------------------------------

totArrivThrPut=0.16650931018747178 totDeptThrPut=0.16650931018747178
meanTotTkPop=0.038301167439845955 queueUtil=0.036465344734491985
meanST=0.23002417940908476



REPORT for Queue of Queueing Place : P/category_category----------------------------------------

queueUtilQPl=0.003796486777027687

------------------ Color = category --------------------
arrivCnt=276881 deptCnt=276881
arrivThrPut=0.02771581596198776 deptThrPut=0.02771581596198776
meanTkPop=0.0038196329594630827 tkColOcp=0.003796486777027687
-----
meanST=0.13781419838772593 stDevST=0.22401093195924718

Steady State Statistics: numBatchesST=692 batchSizeST=400 stDevStdStateMeanST=0.011407346903465159
95% c.i. = 0.13781893619086086 +/- 8.499232166493894E-4



REPORT for Depository of Queueing Place : P/category_category----------------------------------------

tkOcp=0.0

------------------ Color = category --------------------
arrivCnt=276881 deptCnt=276881
arrivThrPut=0.02771581596198776 deptThrPut=0.02771581596198776
meanTkPop=0.0 tkColOcp=0.0
-----
meanST=0.0 stDevST=0.0

Steady State Statistics: numBatchesST=1384 batchSizeST=200 stDevStdStateMeanST=0.0
95% c.i. = 0.0 +/- 0.0



REPORT for Queue : Persistence----------------------------------------

totArrivThrPut=0.1665093101874718 totDeptThrPut=0.1665093101874718
meanTotTkPop=0.06550885495186319 queueUtil=0.060095713231285104
meanST=0.39342457714891244



REPORT for Queue of Queueing Place : P/getProduct_product----------------------------------------

queueUtilQPl=0.009178285612294673

------------------ Color = product --------------------
arrivCnt=277661 deptCnt=277661
arrivThrPut=0.02779389404047762 deptThrPut=0.02779389404047762
meanTkPop=0.009278780062287021 tkColOcp=0.009178285612294673
-----
meanST=0.33384239174164926 stDevST=0.3646091498103683

Steady State Statistics: numBatchesST=694 batchSizeST=400 stDevStdStateMeanST=0.018586224223527938
95% c.i. = 0.333837461635196 +/- 0.0013828005001470562



REPORT for Depository of Queueing Place : P/getProduct_product----------------------------------------

tkOcp=0.0

------------------ Color = product --------------------
arrivCnt=277661 deptCnt=277661
arrivThrPut=0.02779389404047762 deptThrPut=0.02779389404047762
meanTkPop=0.0 tkColOcp=0.0
-----
meanST=0.0 stDevST=0.0

Steady State Statistics: numBatchesST=1388 batchSizeST=200 stDevStdStateMeanST=0.0
95% c.i. = 0.0 +/- 0.0



REPORT for Queue : Persistence----------------------------------------

totArrivThrPut=0.1665093101874718 totDeptThrPut=0.1665093101874718
meanTotTkPop=0.06550885495186319 queueUtil=0.060095713231285104
meanST=0.39342457714891244



REPORT for Queue of Queueing Place : R/getAds_product----------------------------------------

queueUtilQPl=0.002506929240977359

------------------ Color = product --------------------
arrivCnt=277661 deptCnt=277661
arrivThrPut=0.02779389404047762 deptThrPut=0.02779389404047762
meanTkPop=0.002512937297566824 tkColOcp=0.002506929240977359
-----
meanST=0.09041328623859289 stDevST=0.0904561537351917

Steady State Statistics: numBatchesST=694 batchSizeST=400 stDevStdStateMeanST=0.004624134338144426
95% c.i. = 0.09041019129588827 +/- 3.440319668283635E-4



REPORT for Depository of Queueing Place : R/getAds_product----------------------------------------

tkOcp=0.0

------------------ Color = product --------------------
arrivCnt=277661 deptCnt=277661
arrivThrPut=0.02779389404047762 deptThrPut=0.02779389404047762
meanTkPop=0.0 tkColOcp=0.0
-----
meanST=0.0 stDevST=0.0

Steady State Statistics: numBatchesST=1388 batchSizeST=200 stDevStdStateMeanST=0.0
95% c.i. = 0.0 +/- 0.0



REPORT for Queue : Recommender----------------------------------------

totArrivThrPut=0.02779389404047762 totDeptThrPut=0.02779389404047762
meanTotTkPop=0.002512937297566824 queueUtil=0.002506929240977359
meanST=0.09041328623859289



REPORT for Queue of Queueing Place : I/productImages_category----------------------------------------

queueUtilQPl=0.007027936703378988

------------------ Color = category --------------------
arrivCnt=276881 deptCnt=276881
arrivThrPut=0.02771581596198776 deptThrPut=0.02771581596198776
meanTkPop=0.007109864111677853 tkColOcp=0.007027936703378988
-----
meanST=0.25652732437785813 stDevST=0.3814099402583568

Steady State Statistics: numBatchesST=692 batchSizeST=400 stDevStdStateMeanST=0.020500053819476696
95% c.i. = 0.25651648402361765 +/- 0.0015273903591414917



REPORT for Depository of Queueing Place : I/productImages_category----------------------------------------

tkOcp=0.0

------------------ Color = category --------------------
arrivCnt=276881 deptCnt=276881
arrivThrPut=0.02771581596198776 deptThrPut=0.02771581596198776
meanTkPop=0.0 tkColOcp=0.0
-----
meanST=0.0 stDevST=0.0

Steady State Statistics: numBatchesST=1384 batchSizeST=200 stDevStdStateMeanST=0.0
95% c.i. = 0.0 +/- 0.0



REPORT for Queue : ImageProvider----------------------------------------

totArrivThrPut=0.1665093101874718 totDeptThrPut=0.1665093101874718
meanTotTkPop=0.076188194234561 queueUtil=0.06778847011404222
meanST=0.45756116669260827



REPORT for Queue of Queueing Place : I/product_product----------------------------------------

queueUtilQPl=0.015247272160766488

------------------ Color = product --------------------
arrivCnt=277661 deptCnt=277661
arrivThrPut=0.02779389404047762 deptThrPut=0.02779389404047762
meanTkPop=0.015500228057293716 tkColOcp=0.015247272160766488
-----
meanST=0.5576846495392106 stDevST=0.5958887873765223

Steady State Statistics: numBatchesST=694 batchSizeST=400 stDevStdStateMeanST=0.03108274536401663
95% c.i. = 0.5576700826567275 +/- 0.00231253186867813



REPORT for Depository of Queueing Place : I/product_product----------------------------------------

tkOcp=0.0

------------------ Color = product --------------------
arrivCnt=277661 deptCnt=277661
arrivThrPut=0.02779389404047762 deptThrPut=0.02779389404047762
meanTkPop=0.0 tkColOcp=0.0
-----
meanST=0.0 stDevST=0.0

Steady State Statistics: numBatchesST=1388 batchSizeST=200 stDevStdStateMeanST=0.0
95% c.i. = 0.0 +/- 0.0



REPORT for Queue : ImageProvider----------------------------------------

totArrivThrPut=0.1665093101874718 totDeptThrPut=0.1665093101874718
meanTotTkPop=0.076188194234561 queueUtil=0.06778847011404222
meanST=0.45756116669260827



REPORT for Queue of Queueing Place : Workload----------------------------------------

queueUtilQPl=1.0

------------------ Color = workload --------------------
arrivCnt=1663428 deptCnt=1663428
arrivThrPut=0.16650931018747178 deptThrPut=0.16650931018747178
meanTkPop=1.0 tkColOcp=1.0
-----
meanST=6.0056701866947035 stDevST=6.000490311576939

Steady State Statistics: numBatchesST=4158 batchSizeST=400 stDevStdStateMeanST=0.2992441410401243
95% c.i. = 6.005639854760088 +/- 0.009095603173960964



REPORT for Depository of Queueing Place : Workload----------------------------------------

tkOcp=0.0

------------------ Color = workload --------------------
arrivCnt=1663428 deptCnt=1663428
arrivThrPut=0.16650931018747178 deptThrPut=0.16650931018747178
meanTkPop=0.0 tkColOcp=0.0
-----
meanST=0.0 stDevST=0.0

Steady State Statistics: numBatchesST=8317 batchSizeST=200 stDevStdStateMeanST=0.0
95% c.i. = 0.0 +/- 0.0



REPORT for Queue : Workload----------------------------------------

totArrivThrPut=0.16650931018747178 totDeptThrPut=0.16650931018747178
meanTotTkPop=1.0 queueUtil=1.0
meanST=6.0056701866947035



REPORT for Queue of Queueing Place : I/icon_index----------------------------------------

queueUtilQPl=0.031750436437353036

------------------ Color = index --------------------
arrivCnt=277902 deptCnt=277902
arrivThrPut=0.027818018164728973 deptThrPut=0.027818018164728973
meanTkPop=0.03281461902189474 tkColOcp=0.031750436437353036
-----
meanST=1.1796174273658737 stDevST=1.1683266465207518

Steady State Statistics: numBatchesST=694 batchSizeST=400 stDevStdStateMeanST=0.06416003495795537
95% c.i. = 1.1795734175776982 +/- 0.00477345626321476



REPORT for Depository of Queueing Place : I/icon_index----------------------------------------

tkOcp=0.0

------------------ Color = index --------------------
arrivCnt=277902 deptCnt=277902
arrivThrPut=0.027818018164728973 deptThrPut=0.027818018164728973
meanTkPop=0.0 tkColOcp=0.0
-----
meanST=0.0 stDevST=0.0

Steady State Statistics: numBatchesST=1389 batchSizeST=200 stDevStdStateMeanST=0.0
95% c.i. = 0.0 +/- 0.0



REPORT for Queue : ImageProvider----------------------------------------

totArrivThrPut=0.1665093101874718 totDeptThrPut=0.1665093101874718
meanTotTkPop=0.076188194234561 queueUtil=0.06778847011404222
meanST=0.45756116669260827



REPORT for Queue of Queueing Place : P/categories_login----------------------------------------

queueUtilQPl=0.008087752500772823

------------------ Color = login --------------------
arrivCnt=277610 deptCnt=277610
arrivThrPut=0.02778878893534559 deptThrPut=0.02778878893534559
meanTkPop=0.008166619676641283 tkColOcp=0.008087752500772823
-----
meanST=0.2938818131168666 stDevST=0.33232018312528805

Steady State Statistics: numBatchesST=694 batchSizeST=400 stDevStdStateMeanST=0.017657278507912395
95% c.i. = 0.2938727642745455 +/- 0.0013136876677226762



REPORT for Depository of Queueing Place : P/categories_login----------------------------------------

tkOcp=0.0

------------------ Color = login --------------------
arrivCnt=277610 deptCnt=277610
arrivThrPut=0.02778878893534559 deptThrPut=0.02778878893534559
meanTkPop=0.0 tkColOcp=0.0
-----
meanST=0.0 stDevST=0.0

Steady State Statistics: numBatchesST=1388 batchSizeST=200 stDevStdStateMeanST=0.0
95% c.i. = 0.0 +/- 0.0



REPORT for Queue : Persistence----------------------------------------

totArrivThrPut=0.1665093101874718 totDeptThrPut=0.1665093101874718
meanTotTkPop=0.06550885495186319 queueUtil=0.060095713231285104
meanST=0.39342457714891244



REPORT for Queue of Queueing Place : I/icon_login----------------------------------------

queueUtilQPl=0.0073521035627696655

------------------ Color = login --------------------
arrivCnt=277610 deptCnt=277610
arrivThrPut=0.02778878893534559 deptThrPut=0.02778878893534559
meanTkPop=0.007438702032731687 tkColOcp=0.0073521035627696655
-----
meanST=0.2676871615398153 stDevST=0.3886937130045454

Steady State Statistics: numBatchesST=694 batchSizeST=400 stDevStdStateMeanST=0.01992531111653651
95% c.i. = 0.26768970614329923 +/- 0.001482427514387453



REPORT for Depository of Queueing Place : I/icon_login----------------------------------------

tkOcp=0.0

------------------ Color = login --------------------
arrivCnt=277610 deptCnt=277610
arrivThrPut=0.02778878893534559 deptThrPut=0.02778878893534559
meanTkPop=0.0 tkColOcp=0.0
-----
meanST=0.0 stDevST=0.0

Steady State Statistics: numBatchesST=1388 batchSizeST=200 stDevStdStateMeanST=0.0
95% c.i. = 0.0 +/- 0.0



REPORT for Queue : ImageProvider----------------------------------------

totArrivThrPut=0.1665093101874718 totDeptThrPut=0.1665093101874718
meanTotTkPop=0.076188194234561 queueUtil=0.06778847011404222
meanST=0.45756116669260827



REPORT for Queue of Queueing Place : A/isLoggedIn_login----------------------------------------

queueUtilQPl=0.009251727924374837

------------------ Color = login --------------------
arrivCnt=277610 deptCnt=277610
arrivThrPut=0.02778878893534559 deptThrPut=0.02778878893534559
meanTkPop=0.009364818537625906 tkColOcp=0.009251727924374837
-----
meanST=0.33699988003847287 stDevST=0.39821846159754914

Steady State Statistics: numBatchesST=694 batchSizeST=400 stDevStdStateMeanST=0.020813416615125716
95% c.i. = 0.33700250555896577 +/- 0.0015485018667068396



REPORT for Depository of Queueing Place : A/isLoggedIn_login----------------------------------------

tkOcp=0.0

------------------ Color = login --------------------
arrivCnt=277610 deptCnt=277610
arrivThrPut=0.02778878893534559 deptThrPut=0.02778878893534559
meanTkPop=0.0 tkColOcp=0.0
-----
meanST=0.0 stDevST=0.0

Steady State Statistics: numBatchesST=1388 batchSizeST=200 stDevStdStateMeanST=0.0
95% c.i. = 0.0 +/- 0.0



REPORT for Queue : Auth----------------------------------------

totArrivThrPut=0.16650931018747178 totDeptThrPut=0.16650931018747178
meanTotTkPop=0.06403356850012559 queueUtil=0.05759232814498512
meanST=0.3845644932888774



REPORT for Queue of Queueing Place : A/isLoggedIn_category----------------------------------------

queueUtilQPl=0.00660431562681239

------------------ Color = category --------------------
arrivCnt=276881 deptCnt=276881
arrivThrPut=0.02771581596198776 deptThrPut=0.02771581596198776
meanTkPop=0.0066751166313790055 tkColOcp=0.00660431562681239
-----
meanST=0.24084142572363473 stDevST=0.3378841711788324

Steady State Statistics: numBatchesST=692 batchSizeST=400 stDevStdStateMeanST=0.018281496245222822
95% c.i. = 0.24082843112094968 +/- 0.0013620930638292101



REPORT for Depository of Queueing Place : A/isLoggedIn_category----------------------------------------

tkOcp=0.0

------------------ Color = category --------------------
arrivCnt=276881 deptCnt=276881
arrivThrPut=0.02771581596198776 deptThrPut=0.02771581596198776
meanTkPop=0.0 tkColOcp=0.0
-----
meanST=0.0 stDevST=0.0

Steady State Statistics: numBatchesST=1384 batchSizeST=200 stDevStdStateMeanST=0.0
95% c.i. = 0.0 +/- 0.0



REPORT for Queue : Auth----------------------------------------

totArrivThrPut=0.16650931018747178 totDeptThrPut=0.16650931018747178
meanTotTkPop=0.06403356850012559 queueUtil=0.05759232814498512
meanST=0.3845644932888774



REPORT for Queue of Queueing Place : I/icon_logout----------------------------------------

queueUtilQPl=0.009482451628573784

------------------ Color = logout --------------------
arrivCnt=277224 deptCnt=277224
arrivThrPut=0.027750150296503174 deptThrPut=0.027750150296503174
meanTkPop=0.009595654155523896 tkColOcp=0.009482451628573784
-----
meanST=0.34578746612169 stDevST=0.4180835984466596

Steady State Statistics: numBatchesST=693 batchSizeST=400 stDevStdStateMeanST=0.022188418713469712
95% c.i. = 0.34579236037276717 +/- 0.00165199156875514



REPORT for Depository of Queueing Place : I/icon_logout----------------------------------------

tkOcp=0.0

------------------ Color = logout --------------------
arrivCnt=277224 deptCnt=277224
arrivThrPut=0.027750150296503174 deptThrPut=0.027750150296503174
meanTkPop=0.0 tkColOcp=0.0
-----
meanST=0.0 stDevST=0.0

Steady State Statistics: numBatchesST=1386 batchSizeST=200 stDevStdStateMeanST=0.0
95% c.i. = 0.0 +/- 0.0



REPORT for Queue : ImageProvider----------------------------------------

totArrivThrPut=0.1665093101874718 totDeptThrPut=0.1665093101874718
meanTotTkPop=0.076188194234561 queueUtil=0.06778847011404222
meanST=0.45756116669260827



REPORT for Queue of Queueing Place : I/icon_loginAction----------------------------------------

queueUtilQPl=0.003695459734819038

------------------ Color = loginAction --------------------
arrivCnt=276150 deptCnt=276150
arrivThrPut=0.027642642788428675 deptThrPut=0.027642642788428675
meanTkPop=0.003729126855439106 tkColOcp=0.003695459734819038
-----
meanST=0.1349048600013069 stDevST=0.29251506515059267

Steady State Statistics: numBatchesST=345 batchSizeST=800 stDevStdStateMeanST=0.011506796751386168
95% c.i. = 0.13489054307936335 +/- 0.0012142077080736157



REPORT for Depository of Queueing Place : I/icon_loginAction----------------------------------------

tkOcp=0.0

------------------ Color = loginAction --------------------
arrivCnt=276150 deptCnt=276150
arrivThrPut=0.027642642788428675 deptThrPut=0.027642642788428675
meanTkPop=0.0 tkColOcp=0.0
-----
meanST=0.0 stDevST=0.0

Steady State Statistics: numBatchesST=1380 batchSizeST=200 stDevStdStateMeanST=0.0
95% c.i. = 0.0 +/- 0.0



REPORT for Queue : ImageProvider----------------------------------------

totArrivThrPut=0.1665093101874718 totDeptThrPut=0.1665093101874718
meanTotTkPop=0.076188194234561 queueUtil=0.06778847011404222
meanST=0.45756116669260827



REPORT for Queue of Queueing Place : A/isLoggedIn_product----------------------------------------

queueUtilQPl=0.026826129732636584

------------------ Color = product --------------------
arrivCnt=277661 deptCnt=277661
arrivThrPut=0.02779389404047762 deptThrPut=0.02779389404047762
meanTkPop=0.027583308960035476 tkColOcp=0.026826129732636584
-----
meanST=0.9924233329761041 stDevST=0.9875965975344052

Steady State Statistics: numBatchesST=347 batchSizeST=800 stDevStdStateMeanST=0.034980424994776
95% c.i. = 0.9924045757587956 +/- 0.003680513671301796



REPORT for Depository of Queueing Place : A/isLoggedIn_product----------------------------------------

tkOcp=0.0

------------------ Color = product --------------------
arrivCnt=277661 deptCnt=277661
arrivThrPut=0.02779389404047762 deptThrPut=0.02779389404047762
meanTkPop=0.0 tkColOcp=0.0
-----
meanST=0.0 stDevST=0.0

Steady State Statistics: numBatchesST=1388 batchSizeST=200 stDevStdStateMeanST=0.0
95% c.i. = 0.0 +/- 0.0



REPORT for Queue : Auth----------------------------------------

totArrivThrPut=0.16650931018747178 totDeptThrPut=0.16650931018747178
meanTotTkPop=0.06403356850012559 queueUtil=0.05759232814498512
meanST=0.3845644932888774



REPORT for Queue of Queueing Place : P/category_logout----------------------------------------

queueUtilQPl=0.017969741007313054

------------------ Color = logout --------------------
arrivCnt=277224 deptCnt=277224
arrivThrPut=0.027750150296503174 deptThrPut=0.027750150296503174
meanTkPop=0.018312964897325597 tkColOcp=0.017969741007313054
-----
meanST=0.6599230887637114 stDevST=0.662110429452568

Steady State Statistics: numBatchesST=693 batchSizeST=400 stDevStdStateMeanST=0.03356789326067502
95% c.i. = 0.6599043641883164 +/- 0.002499226166749943



REPORT for Depository of Queueing Place : P/category_logout----------------------------------------

tkOcp=0.0

------------------ Color = logout --------------------
arrivCnt=277224 deptCnt=277224
arrivThrPut=0.027750150296503174 deptThrPut=0.027750150296503174
meanTkPop=0.0 tkColOcp=0.0
-----
meanST=0.0 stDevST=0.0

Steady State Statistics: numBatchesST=1386 batchSizeST=200 stDevStdStateMeanST=0.0
95% c.i. = 0.0 +/- 0.0



REPORT for Queue : Persistence----------------------------------------

totArrivThrPut=0.1665093101874718 totDeptThrPut=0.1665093101874718
meanTotTkPop=0.06550885495186319 queueUtil=0.060095713231285104
meanST=0.39342457714891244



REPORT for Ordinary Place : Finish_index----------------------------------------

tkOcp=1.0

------------------ Color = index --------------------
arrivCnt=277902 deptCnt=0
arrivThrPut=0.027818018164728973 deptThrPut=0.0
meanTkPop=139059.88317965018 tkColOcp=1.0
-----
meanST=NaN stDevST=NaN

Steady State Statistics: Only 0 batches collected!
Need at least 60 for steady state statistics.



REPORT for Ordinary Place : Finish_login----------------------------------------

tkOcp=0.9999999999999998

------------------ Color = login --------------------
arrivCnt=277610 deptCnt=0
arrivThrPut=0.02778878893534559 deptThrPut=0.0
meanTkPop=138964.5925227034 tkColOcp=0.9999999999999998
-----
meanST=NaN stDevST=NaN

Steady State Statistics: Only 0 batches collected!
Need at least 60 for steady state statistics.



REPORT for Ordinary Place : Finish_loginAction----------------------------------------

tkOcp=1.0

------------------ Color = loginAction --------------------
arrivCnt=276150 deptCnt=0
arrivThrPut=0.027642642788428675 deptThrPut=0.0
meanTkPop=138416.81669842536 tkColOcp=1.0
-----
meanST=NaN stDevST=NaN

Steady State Statistics: Only 0 batches collected!
Need at least 60 for steady state statistics.



REPORT for Ordinary Place : Finish_category----------------------------------------

tkOcp=1.0

------------------ Color = category --------------------
arrivCnt=276881 deptCnt=0
arrivThrPut=0.02771581596198776 deptThrPut=0.0
meanTkPop=138769.90329914432 tkColOcp=1.0
-----
meanST=NaN stDevST=NaN

Steady State Statistics: Only 0 batches collected!
Need at least 60 for steady state statistics.



REPORT for Ordinary Place : Finish_product----------------------------------------

tkOcp=1.0

------------------ Color = product --------------------
arrivCnt=277661 deptCnt=0
arrivThrPut=0.02779389404047762 deptThrPut=0.0
meanTkPop=139149.84207813747 tkColOcp=1.0
-----
meanST=NaN stDevST=NaN

Steady State Statistics: Only 0 batches collected!
Need at least 60 for steady state statistics.



REPORT for Ordinary Place : Finish_logout----------------------------------------

tkOcp=0.9999999999999998

------------------ Color = logout --------------------
arrivCnt=277224 deptCnt=0
arrivThrPut=0.027750150296503174 deptThrPut=0.0
meanTkPop=138957.17014964527 tkColOcp=0.9999999999999998
-----
meanST=NaN stDevST=NaN

Steady State Statistics: Only 0 batches collected!
Need at least 60 for steady state statistics.



REPORT REPORT for Probe : /index----------------------------------------


------------------ Color = index --------------------
-----
meanST=1.931769530311576 stDevST=1.2953661700890824

Steady State Statistics: numBatchesST=694 batchSizeST=400 stDevStdStateMeanST=0.07096583150761346
95% c.i. = 1.9317131350840229 +/- 0.00527980218692599



REPORT REPORT for Probe : /login----------------------------------------


------------------ Color = login --------------------
-----
meanST=1.0493458279715946 stDevST=0.6858151971372679

Steady State Statistics: numBatchesST=694 batchSizeST=400 stDevStdStateMeanST=0.036048317879435895
95% c.i. = 1.0493421711590003 +/- 0.0026819665680156216



REPORT REPORT for Probe : /loginAction----------------------------------------


------------------ Color = loginAction --------------------
-----
meanST=1.466938342816402 stDevST=0.963132046701553

Steady State Statistics: numBatchesST=690 batchSizeST=400 stDevStdStateMeanST=0.04961637295642538
95% c.i. = 1.4669154651881249 +/- 0.003702103524470871



REPORT REPORT for Probe : /logout----------------------------------------


------------------ Color = logout --------------------
-----
meanST=1.2678388358337613 stDevST=0.838387056787355

Steady State Statistics: numBatchesST=693 batchSizeST=400 stDevStdStateMeanST=0.04221606596518234
95% c.i. = 1.2678216015424548 +/- 0.0031431074895911936



REPORT REPORT for Probe : /category----------------------------------------


------------------ Color = category --------------------
-----
meanST=0.9860322187221449 stDevST=0.6660538754473488

Steady State Statistics: numBatchesST=692 batchSizeST=400 stDevStdStateMeanST=0.03516953325390488
95% c.i. = 0.9860181184620187 +/- 0.002620364146385039



REPORT REPORT for Probe : /product----------------------------------------


------------------ Color = product --------------------
-----
meanST=2.1798030301841327 stDevST=1.23376396630547

Steady State Statistics: numBatchesST=347 batchSizeST=800 stDevStdStateMeanST=0.043667559734396746
95% c.i. = 2.1797723270800136 +/- 0.0045945425368284385



