INFO Logging to /home/yjx/workloadConfig/qpme/output/SimQPN_Output_config_2025-08-14_055140661.log
WARN Batch means correlation test was run for depository of place Workload, color 0
    However, the standard deviation of the token residence time is 0 and therefore the result of the test is ignored!
    In future runs, you should set numBMeansCorlTested to 0 to switch off the correlation test!
WARN Batch means correlation test was run for depository of place W/logout, color 0
    However, the standard deviation of the token residence time is 0 and therefore the result of the test is ignored!
    In future runs, you should set numBMeansCorlTested to 0 to switch off the correlation test!
WARN Batch means correlation test was run for depository of place A/logout_logout, color 0
    However, the standard deviation of the token residence time is 0 and therefore the result of the test is ignored!
    In future runs, you should set numBMeansCorlTested to 0 to switch off the correlation test!
WARN Batch means correlation test was run for depository of place P/category_logout, color 0
    However, the standard deviation of the token residence time is 0 and therefore the result of the test is ignored!
    In future runs, you should set numBMeansCorlTested to 0 to switch off the correlation test!
WARN Batch means correlation test was run for depository of place I/icon_logout, color 0
    However, the standard deviation of the token residence time is 0 and therefore the result of the test is ignored!
    In future runs, you should set numBMeansCorlTested to 0 to switch off the correlation test!
WARN Batch means correlation test was run for depository of place W/category, color 0
    However, the standard deviation of the token residence time is 0 and therefore the result of the test is ignored!
    In future runs, you should set numBMeansCorlTested to 0 to switch off the correlation test!
WARN Batch means correlation test was run for depository of place P/category_category, color 0
    However, the standard deviation of the token residence time is 0 and therefore the result of the test is ignored!
    In future runs, you should set numBMeansCorlTested to 0 to switch off the correlation test!
WARN Batch means correlation test was run for depository of place I/productImages_category, color 0
    However, the standard deviation of the token residence time is 0 and therefore the result of the test is ignored!
    In future runs, you should set numBMeansCorlTested to 0 to switch off the correlation test!
WARN Batch means correlation test was run for depository of place A/isLoggedIn_category, color 0
    However, the standard deviation of the token residence time is 0 and therefore the result of the test is ignored!
    In future runs, you should set numBMeansCorlTested to 0 to switch off the correlation test!
WARN Batch means correlation test was run for depository of place W/index, color 0
    However, the standard deviation of the token residence time is 0 and therefore the result of the test is ignored!
    In future runs, you should set numBMeansCorlTested to 0 to switch off the correlation test!
WARN Batch means correlation test was run for depository of place P/categories_index, color 0
    However, the standard deviation of the token residence time is 0 and therefore the result of the test is ignored!
    In future runs, you should set numBMeansCorlTested to 0 to switch off the correlation test!
WARN Batch means correlation test was run for depository of place A/isLoggedIn_index, color 0
    However, the standard deviation of the token residence time is 0 and therefore the result of the test is ignored!
    In future runs, you should set numBMeansCorlTested to 0 to switch off the correlation test!
WARN Batch means correlation test was run for depository of place I/icon_index, color 0
    However, the standard deviation of the token residence time is 0 and therefore the result of the test is ignored!
    In future runs, you should set numBMeansCorlTested to 0 to switch off the correlation test!
WARN Batch means correlation test was run for depository of place W/product, color 0
    However, the standard deviation of the token residence time is 0 and therefore the result of the test is ignored!
    In future runs, you should set numBMeansCorlTested to 0 to switch off the correlation test!
WARN Batch means correlation test was run for depository of place P/getProduct_product, color 0
    However, the standard deviation of the token residence time is 0 and therefore the result of the test is ignored!
    In future runs, you should set numBMeansCorlTested to 0 to switch off the correlation test!
WARN Batch means correlation test was run for depository of place R/getAds_product, color 0
    However, the standard deviation of the token residence time is 0 and therefore the result of the test is ignored!
    In future runs, you should set numBMeansCorlTested to 0 to switch off the correlation test!
WARN Batch means correlation test was run for depository of place I/product_product, color 0
    However, the standard deviation of the token residence time is 0 and therefore the result of the test is ignored!
    In future runs, you should set numBMeansCorlTested to 0 to switch off the correlation test!
WARN Batch means correlation test was run for depository of place A/isLoggedIn_product, color 0
    However, the standard deviation of the token residence time is 0 and therefore the result of the test is ignored!
    In future runs, you should set numBMeansCorlTested to 0 to switch off the correlation test!
WARN Batch means correlation test was run for depository of place W/loginAction, color 0
    However, the standard deviation of the token residence time is 0 and therefore the result of the test is ignored!
    In future runs, you should set numBMeansCorlTested to 0 to switch off the correlation test!
WARN Batch means correlation test was run for depository of place A/login_loginAction, color 0
    However, the standard deviation of the token residence time is 0 and therefore the result of the test is ignored!
    In future runs, you should set numBMeansCorlTested to 0 to switch off the correlation test!
WARN Batch means correlation test was run for depository of place P/getUser_loginAction, color 0
    However, the standard deviation of the token residence time is 0 and therefore the result of the test is ignored!
    In future runs, you should set numBMeansCorlTested to 0 to switch off the correlation test!
WARN Batch means correlation test was run for depository of place I/icon_loginAction, color 0
    However, the standard deviation of the token residence time is 0 and therefore the result of the test is ignored!
    In future runs, you should set numBMeansCorlTested to 0 to switch off the correlation test!
WARN Batch means correlation test was run for depository of place W/login, color 0
    However, the standard deviation of the token residence time is 0 and therefore the result of the test is ignored!
    In future runs, you should set numBMeansCorlTested to 0 to switch off the correlation test!
WARN Batch means correlation test was run for depository of place P/categories_login, color 0
    However, the standard deviation of the token residence time is 0 and therefore the result of the test is ignored!
    In future runs, you should set numBMeansCorlTested to 0 to switch off the correlation test!
WARN Batch means correlation test was run for depository of place I/icon_login, color 0
    However, the standard deviation of the token residence time is 0 and therefore the result of the test is ignored!
    In future runs, you should set numBMeansCorlTested to 0 to switch off the correlation test!
WARN Batch means correlation test was run for depository of place A/isLoggedIn_login, color 0
    However, the standard deviation of the token residence time is 0 and therefore the result of the test is ignored!
    In future runs, you should set numBMeansCorlTested to 0 to switch off the correlation test!
WARN LP-1 The simulation was stopped because of reaching max totalRunLen.
The required precision may not have been reached!
REPORT for Queue of Queueing Place : W/index----------------------------------------

queueUtilQPl=0.008840615384184061

------------------ Color = index --------------------
arrivCnt=277822 deptCnt=277822
arrivThrPut=0.027810025695950157 deptThrPut=0.027810025695950157
meanTkPop=0.008924334900754683 tkColOcp=0.008840615384184061
-----
meanST=0.3209035115006849 stDevST=0.32043016279536285

Steady State Statistics: numBatchesST=694 batchSizeST=400 stDevStdStateMeanST=0.016410970707251237
95% c.i. = 0.32092164103130344 +/- 0.0012209633451617866



REPORT for Depository of Queueing Place : W/index----------------------------------------

tkOcp=0.0

------------------ Color = index --------------------
arrivCnt=277822 deptCnt=277822
arrivThrPut=0.027810025695950157 deptThrPut=0.027810025695950157
meanTkPop=0.0 tkColOcp=0.0
-----
meanST=0.0 stDevST=0.0

Steady State Statistics: numBatchesST=1389 batchSizeST=200 stDevStdStateMeanST=0.0
95% c.i. = 0.0 +/- 0.0



REPORT for Queue : WebUI----------------------------------------

totArrivThrPut=0.16677797194716476 totDeptThrPut=0.16677797194716476
meanTotTkPop=0.03261893876951904 queueUtil=0.031250673453199915
meanST=0.19558301608231998



REPORT for Queue of Queueing Place : P/categories_index----------------------------------------

queueUtilQPl=0.0036971742130228183

------------------ Color = index --------------------
arrivCnt=277822 deptCnt=277822
arrivThrPut=0.027810025695950157 deptThrPut=0.027810025695950157
meanTkPop=0.0037273751403008484 tkColOcp=0.0036971742130228183
-----
meanST=0.13402990637450754 stDevST=0.2426673939852018

Steady State Statistics: numBatchesST=694 batchSizeST=400 stDevStdStateMeanST=0.012250863659467608
95% c.i. = 0.1340008938442241 +/- 9.114546446771344E-4



REPORT for Depository of Queueing Place : P/categories_index----------------------------------------

tkOcp=0.0

------------------ Color = index --------------------
arrivCnt=277822 deptCnt=277822
arrivThrPut=0.027810025695950157 deptThrPut=0.027810025695950157
meanTkPop=0.0 tkColOcp=0.0
-----
meanST=0.0 stDevST=0.0

Steady State Statistics: numBatchesST=1389 batchSizeST=200 stDevStdStateMeanST=0.0
95% c.i. = 0.0 +/- 0.0



REPORT for Queue : Persistence----------------------------------------

totArrivThrPut=0.1667778718470082 totDeptThrPut=0.1667778718470082
meanTotTkPop=0.07382535706650079 queueUtil=0.0671487731001015
meanST=0.4426567880313501



REPORT for Queue of Queueing Place : A/isLoggedIn_index----------------------------------------

queueUtilQPl=0.003385998751744679

------------------ Color = index --------------------
arrivCnt=277822 deptCnt=277822
arrivThrPut=0.027810025695950157 deptThrPut=0.027810025695950157
meanTkPop=0.0034062547017584474 tkColOcp=0.003385998751744679
-----
meanST=0.12248297570809093 stDevST=0.1658809610459042

Steady State Statistics: numBatchesST=694 batchSizeST=400 stDevStdStateMeanST=0.008592426877390156
95% c.i. = 0.12247422421962575 +/- 6.392698183685644E-4



REPORT for Depository of Queueing Place : A/isLoggedIn_index----------------------------------------

tkOcp=0.0

------------------ Color = index --------------------
arrivCnt=277822 deptCnt=277822
arrivThrPut=0.027810025695950157 deptThrPut=0.027810025695950157
meanTkPop=0.0 tkColOcp=0.0
-----
meanST=0.0 stDevST=0.0

Steady State Statistics: numBatchesST=1389 batchSizeST=200 stDevStdStateMeanST=0.0
95% c.i. = 0.0 +/- 0.0



REPORT for Queue : Auth----------------------------------------

totArrivThrPut=0.1667778718470082 totDeptThrPut=0.1667778718470082
meanTotTkPop=0.04969618715095622 queueUtil=0.046573568641350434
meanST=0.2979783025205194



REPORT for Queue of Queueing Place : W/login----------------------------------------

queueUtilQPl=0.0032280354261553716

------------------ Color = login --------------------
arrivCnt=277541 deptCnt=277541
arrivThrPut=0.027781897551956657 deptThrPut=0.027781897551956657
meanTkPop=0.0032400957770418273 tkColOcp=0.0032280354261553716
-----
meanST=0.11662615093091903 stDevST=0.12949712085591875

Steady State Statistics: numBatchesST=693 batchSizeST=400 stDevStdStateMeanST=0.0064813714607353246
95% c.i. = 0.11662961891886064 +/- 4.825567403144886E-4



REPORT for Depository of Queueing Place : W/login----------------------------------------

tkOcp=0.0

------------------ Color = login --------------------
arrivCnt=277541 deptCnt=277540
arrivThrPut=0.027781897551956657 deptThrPut=0.027781797451800098
meanTkPop=0.0 tkColOcp=0.0
-----
meanST=0.0 stDevST=0.0

Steady State Statistics: numBatchesST=1387 batchSizeST=200 stDevStdStateMeanST=0.0
95% c.i. = 0.0 +/- 0.0



REPORT for Queue : WebUI----------------------------------------

totArrivThrPut=0.16677797194716476 totDeptThrPut=0.16677797194716476
meanTotTkPop=0.03261893876951904 queueUtil=0.031250673453199915
meanST=0.19558301608231998



REPORT for Queue of Queueing Place : W/loginAction----------------------------------------

queueUtilQPl=0.010309326772281517

------------------ Color = loginAction --------------------
arrivCnt=277629 deptCnt=277629
arrivThrPut=0.02779070636573398 deptThrPut=0.02779070636573398
meanTkPop=0.01041913807247681 tkColOcp=0.010309326772281517
-----
meanST=0.37491447447782894 stDevST=0.37317188997835704

Steady State Statistics: numBatchesST=694 batchSizeST=400 stDevStdStateMeanST=0.019062736026623527
95% c.i. = 0.3749244791875671 +/- 0.0014182526044433364



REPORT for Depository of Queueing Place : W/loginAction----------------------------------------

tkOcp=0.0

------------------ Color = loginAction --------------------
arrivCnt=277629 deptCnt=277629
arrivThrPut=0.02779070636573398 deptThrPut=0.02779070636573398
meanTkPop=0.0 tkColOcp=0.0
-----
meanST=0.0 stDevST=0.0

Steady State Statistics: numBatchesST=1388 batchSizeST=200 stDevStdStateMeanST=0.0
95% c.i. = 0.0 +/- 0.0



REPORT for Queue : WebUI----------------------------------------

totArrivThrPut=0.16677797194716476 totDeptThrPut=0.16677797194716476
meanTotTkPop=0.03261893876951904 queueUtil=0.031250673453199915
meanST=0.19558301608231998



REPORT for Queue of Queueing Place : A/login_loginAction----------------------------------------

queueUtilQPl=0.012328225797565241

------------------ Color = loginAction --------------------
arrivCnt=277629 deptCnt=277629
arrivThrPut=0.02779070636573398 deptThrPut=0.02779070636573398
meanTkPop=0.012482430841946335 tkColOcp=0.012328225797565241
-----
meanST=0.4491584588629675 stDevST=0.4473270602403838

Steady State Statistics: numBatchesST=347 batchSizeST=800 stDevStdStateMeanST=0.016708265223570856
95% c.i. = 0.44915998244942335 +/- 0.0017579831745404067



REPORT for Depository of Queueing Place : A/login_loginAction----------------------------------------

tkOcp=0.0

------------------ Color = loginAction --------------------
arrivCnt=277629 deptCnt=277629
arrivThrPut=0.02779070636573398 deptThrPut=0.02779070636573398
meanTkPop=0.0 tkColOcp=0.0
-----
meanST=0.0 stDevST=0.0

Steady State Statistics: numBatchesST=1388 batchSizeST=200 stDevStdStateMeanST=0.0
95% c.i. = 0.0 +/- 0.0



REPORT for Queue : Auth----------------------------------------

totArrivThrPut=0.1667778718470082 totDeptThrPut=0.1667778718470082
meanTotTkPop=0.04969618715095622 queueUtil=0.046573568641350434
meanST=0.2979783025205194



REPORT for Queue of Queueing Place : W/logout----------------------------------------

queueUtilQPl=0.0034893390246781616

------------------ Color = logout --------------------
arrivCnt=277726 deptCnt=277726
arrivThrPut=0.027800416080920348 deptThrPut=0.027800416080920348
meanTkPop=0.003503303102263993 tkColOcp=0.0034893390246781616
-----
meanST=0.1260162111267226 stDevST=0.13753348732277013

Steady State Statistics: numBatchesST=694 batchSizeST=400 stDevStdStateMeanST=0.006901149943858547
95% c.i. = 0.1260225987156441 +/- 5.134401414288998E-4



REPORT for Depository of Queueing Place : W/logout----------------------------------------

tkOcp=0.0

------------------ Color = logout --------------------
arrivCnt=277726 deptCnt=277726
arrivThrPut=0.027800416080920348 deptThrPut=0.027800416080920348
meanTkPop=0.0 tkColOcp=0.0
-----
meanST=0.0 stDevST=0.0

Steady State Statistics: numBatchesST=1388 batchSizeST=200 stDevStdStateMeanST=0.0
95% c.i. = 0.0 +/- 0.0



REPORT for Queue : WebUI----------------------------------------

totArrivThrPut=0.16677797194716476 totDeptThrPut=0.16677797194716476
meanTotTkPop=0.03261893876951904 queueUtil=0.031250673453199915
meanST=0.19558301608231998



REPORT for Queue of Queueing Place : A/logout_logout----------------------------------------

queueUtilQPl=0.00502748260465301

------------------ Color = logout --------------------
arrivCnt=277726 deptCnt=277726
arrivThrPut=0.027800416080920348 deptThrPut=0.027800416080920348
meanTkPop=0.005057308056206092 tkColOcp=0.00502748260465301
-----
meanST=0.18191483327031796 stDevST=0.20808643855020795

Steady State Statistics: numBatchesST=347 batchSizeST=800 stDevStdStateMeanST=0.007473669270044932
95% c.i. = 0.1819068008983862 +/- 7.863524221702965E-4



REPORT for Depository of Queueing Place : A/logout_logout----------------------------------------

tkOcp=0.0

------------------ Color = logout --------------------
arrivCnt=277726 deptCnt=277726
arrivThrPut=0.027800416080920348 deptThrPut=0.027800416080920348
meanTkPop=0.0 tkColOcp=0.0
-----
meanST=0.0 stDevST=0.0

Steady State Statistics: numBatchesST=1388 batchSizeST=200 stDevStdStateMeanST=0.0
95% c.i. = 0.0 +/- 0.0



REPORT for Queue : Auth----------------------------------------

totArrivThrPut=0.1667778718470082 totDeptThrPut=0.1667778718470082
meanTotTkPop=0.04969618715095622 queueUtil=0.046573568641350434
meanST=0.2979783025205194



REPORT for Queue of Queueing Place : P/getUser_loginAction----------------------------------------

queueUtilQPl=0.0054937427799830315

------------------ Color = loginAction --------------------
arrivCnt=277629 deptCnt=277629
arrivThrPut=0.02779070636573398 deptThrPut=0.02779070636573398
meanTkPop=0.005534212576947062 tkColOcp=0.0054937427799830315
-----
meanST=0.19913896768636158 stDevST=0.2781747228057013

Steady State Statistics: numBatchesST=347 batchSizeST=800 stDevStdStateMeanST=0.010515314559967232
95% c.i. = 0.19914455619481222 +/- 0.0011063833272974234



REPORT for Depository of Queueing Place : P/getUser_loginAction----------------------------------------

tkOcp=0.0

------------------ Color = loginAction --------------------
arrivCnt=277629 deptCnt=277629
arrivThrPut=0.02779070636573398 deptThrPut=0.02779070636573398
meanTkPop=0.0 tkColOcp=0.0
-----
meanST=0.0 stDevST=0.0

Steady State Statistics: numBatchesST=1388 batchSizeST=200 stDevStdStateMeanST=0.0
95% c.i. = 0.0 +/- 0.0



REPORT for Queue : Persistence----------------------------------------

totArrivThrPut=0.1667778718470082 totDeptThrPut=0.1667778718470082
meanTotTkPop=0.07382535706650079 queueUtil=0.0671487731001015
meanST=0.4426567880313501



REPORT for Queue of Queueing Place : W/category----------------------------------------

queueUtilQPl=0.0032608595368507055

------------------ Color = category --------------------
arrivCnt=277873 deptCnt=277873
arrivThrPut=0.027815130803934742 deptThrPut=0.027815130803934742
meanTkPop=0.0032718584299295315 tkColOcp=0.0032608595368507055
-----
meanST=0.11762872707636855 stDevST=0.13078593646038644

Steady State Statistics: numBatchesST=694 batchSizeST=400 stDevStdStateMeanST=0.00684271370426735
95% c.i. = 0.11762641402379705 +/- 5.090925310502877E-4



REPORT for Depository of Queueing Place : W/category----------------------------------------

tkOcp=0.0

------------------ Color = category --------------------
arrivCnt=277873 deptCnt=277873
arrivThrPut=0.027815130803934742 deptThrPut=0.027815130803934742
meanTkPop=0.0 tkColOcp=0.0
-----
meanST=0.0 stDevST=0.0

Steady State Statistics: numBatchesST=1389 batchSizeST=200 stDevStdStateMeanST=0.0
95% c.i. = 0.0 +/- 0.0



REPORT for Queue : WebUI----------------------------------------

totArrivThrPut=0.16677797194716476 totDeptThrPut=0.16677797194716476
meanTotTkPop=0.03261893876951904 queueUtil=0.031250673453199915
meanST=0.19558301608231998



REPORT for Queue of Queueing Place : W/product----------------------------------------

queueUtilQPl=0.0032471334737038064

------------------ Color = product --------------------
arrivCnt=277520 deptCnt=277520
arrivThrPut=0.027779795448668886 deptThrPut=0.027779795448668886
meanTkPop=0.0032602084870521912 tkColOcp=0.0032471334737038064
-----
meanST=0.1173589810290849 stDevST=0.1304674660467502

Steady State Statistics: numBatchesST=693 batchSizeST=400 stDevStdStateMeanST=0.006413375490063982
95% c.i. = 0.11735573196738303 +/- 4.7749424479784375E-4



REPORT for Depository of Queueing Place : W/product----------------------------------------

tkOcp=0.0

------------------ Color = product --------------------
arrivCnt=277520 deptCnt=277520
arrivThrPut=0.027779795448668886 deptThrPut=0.027779795448668886
meanTkPop=0.0 tkColOcp=0.0
-----
meanST=0.0 stDevST=0.0

Steady State Statistics: numBatchesST=1387 batchSizeST=200 stDevStdStateMeanST=0.0
95% c.i. = 0.0 +/- 0.0



REPORT for Queue : WebUI----------------------------------------

totArrivThrPut=0.16677797194716476 totDeptThrPut=0.16677797194716476
meanTotTkPop=0.03261893876951904 queueUtil=0.031250673453199915
meanST=0.19558301608231998



REPORT for Queue of Queueing Place : P/category_category----------------------------------------

queueUtilQPl=0.022970815046843316

------------------ Color = category --------------------
arrivCnt=277873 deptCnt=277873
arrivThrPut=0.027815130803934742 deptThrPut=0.027815130803934742
meanTkPop=0.023515781518277202 tkColOcp=0.022970815046843316
-----
meanST=0.8454312756620453 stDevST=0.8377446776848134

Steady State Statistics: numBatchesST=694 batchSizeST=400 stDevStdStateMeanST=0.04335458630317528
95% c.i. = 0.8454142626759285 +/- 0.0032255472065062583



REPORT for Depository of Queueing Place : P/category_category----------------------------------------

tkOcp=0.0

------------------ Color = category --------------------
arrivCnt=277873 deptCnt=277873
arrivThrPut=0.027815130803934742 deptThrPut=0.027815130803934742
meanTkPop=0.0 tkColOcp=0.0
-----
meanST=0.0 stDevST=0.0

Steady State Statistics: numBatchesST=1389 batchSizeST=200 stDevStdStateMeanST=0.0
95% c.i. = 0.0 +/- 0.0



REPORT for Queue : Persistence----------------------------------------

totArrivThrPut=0.1667778718470082 totDeptThrPut=0.1667778718470082
meanTotTkPop=0.07382535706650079 queueUtil=0.0671487731001015
meanST=0.4426567880313501



REPORT for Queue of Queueing Place : P/getProduct_product----------------------------------------

queueUtilQPl=0.006995620597563959

------------------ Color = product --------------------
arrivCnt=277520 deptCnt=277520
arrivThrPut=0.027779795448668886 deptThrPut=0.027779795448668886
meanTkPop=0.007062844990613041 tkColOcp=0.006995620597563959
-----
meanST=0.2542439523596805 stDevST=0.3204161722378459

Steady State Statistics: numBatchesST=693 batchSizeST=400 stDevStdStateMeanST=0.015573666396454243
95% c.i. = 0.2542628899148264 +/- 0.0011595042401975886



REPORT for Depository of Queueing Place : P/getProduct_product----------------------------------------

tkOcp=0.0

------------------ Color = product --------------------
arrivCnt=277520 deptCnt=277520
arrivThrPut=0.027779795448668886 deptThrPut=0.027779795448668886
meanTkPop=0.0 tkColOcp=0.0
-----
meanST=0.0 stDevST=0.0

Steady State Statistics: numBatchesST=1387 batchSizeST=200 stDevStdStateMeanST=0.0
95% c.i. = 0.0 +/- 0.0



REPORT for Queue : Persistence----------------------------------------

totArrivThrPut=0.1667778718470082 totDeptThrPut=0.1667778718470082
meanTotTkPop=0.07382535706650079 queueUtil=0.0671487731001015
meanST=0.4426567880313501



REPORT for Queue of Queueing Place : R/getAds_product----------------------------------------

queueUtilQPl=0.025290882259390076

------------------ Color = product --------------------
arrivCnt=277520 deptCnt=277520
arrivThrPut=0.027779795448668886 deptThrPut=0.027779795448668886
meanTkPop=0.02597832378205121 tkColOcp=0.025290882259390076
-----
meanST=0.9351517303305416 stDevST=0.9362572223497692

Steady State Statistics: numBatchesST=346 batchSizeST=800 stDevStdStateMeanST=0.034435589604151315
95% c.i. = 0.9353409913444778 +/- 0.003628420107328428



REPORT for Depository of Queueing Place : R/getAds_product----------------------------------------

tkOcp=0.0

------------------ Color = product --------------------
arrivCnt=277520 deptCnt=277520
arrivThrPut=0.027779795448668886 deptThrPut=0.027779795448668886
meanTkPop=0.0 tkColOcp=0.0
-----
meanST=0.0 stDevST=0.0

Steady State Statistics: numBatchesST=1387 batchSizeST=200 stDevStdStateMeanST=0.0
95% c.i. = 0.0 +/- 0.0



REPORT for Queue : Recommender----------------------------------------

totArrivThrPut=0.027779795448668886 totDeptThrPut=0.027779795448668886
meanTotTkPop=0.02597832378205121 queueUtil=0.025290882259390076
meanST=0.9351517303305416



REPORT for Queue of Queueing Place : I/productImages_category----------------------------------------

queueUtilQPl=0.0030775705193992176

------------------ Color = category --------------------
arrivCnt=277873 deptCnt=277873
arrivThrPut=0.027815130803934742 deptThrPut=0.027815130803934742
meanTkPop=0.003087585906064647 tkColOcp=0.0030775705193992176
-----
meanST=0.11100382478258472 stDevST=0.12407426577361334

Steady State Statistics: numBatchesST=347 batchSizeST=800 stDevStdStateMeanST=0.004430374951904067
95% c.i. = 0.11099218627908247 +/- 4.6614801226431955E-4



REPORT for Depository of Queueing Place : I/productImages_category----------------------------------------

tkOcp=0.0

------------------ Color = category --------------------
arrivCnt=277873 deptCnt=277873
arrivThrPut=0.027815130803934742 deptThrPut=0.027815130803934742
meanTkPop=0.0 tkColOcp=0.0
-----
meanST=0.0 stDevST=0.0

Steady State Statistics: numBatchesST=1389 batchSizeST=200 stDevStdStateMeanST=0.0
95% c.i. = 0.0 +/- 0.0



REPORT for Queue : ImageProvider----------------------------------------

totArrivThrPut=0.16677787184700818 totDeptThrPut=0.16677787184700818
meanTotTkPop=0.03593749799132395 queueUtil=0.03427712569091969
meanST=0.21548121218557587



REPORT for Queue of Queueing Place : I/product_product----------------------------------------

queueUtilQPl=0.011420255902538852

------------------ Color = product --------------------
arrivCnt=277520 deptCnt=277520
arrivThrPut=0.027779795448668886 deptThrPut=0.027779795448668886
meanTkPop=0.01154974595361985 tkColOcp=0.011420255902538852
-----
meanST=0.4157606550761436 stDevST=0.413611492101802

Steady State Statistics: numBatchesST=693 batchSizeST=400 stDevStdStateMeanST=0.02130164338244422
95% c.i. = 0.4158011394701534 +/- 0.0015859685957280063



REPORT for Depository of Queueing Place : I/product_product----------------------------------------

tkOcp=0.0

------------------ Color = product --------------------
arrivCnt=277520 deptCnt=277520
arrivThrPut=0.027779795448668886 deptThrPut=0.027779795448668886
meanTkPop=0.0 tkColOcp=0.0
-----
meanST=0.0 stDevST=0.0

Steady State Statistics: numBatchesST=1387 batchSizeST=200 stDevStdStateMeanST=0.0
95% c.i. = 0.0 +/- 0.0



REPORT for Queue : ImageProvider----------------------------------------

totArrivThrPut=0.16677787184700818 totDeptThrPut=0.16677787184700818
meanTotTkPop=0.03593749799132395 queueUtil=0.03427712569091969
meanST=0.21548121218557587



REPORT for Queue of Queueing Place : Workload----------------------------------------

queueUtilQPl=1.0

------------------ Color = workload --------------------
arrivCnt=1666111 deptCnt=1666110
arrivThrPut=0.16677797194716476 deptThrPut=0.1667778718470082
meanTkPop=1.0 tkColOcp=1.0
-----
meanST=5.99599911367547 stDevST=5.997015718103753

Steady State Statistics: numBatchesST=4165 batchSizeST=400 stDevStdStateMeanST=0.29910665700398736
95% c.i. = 5.995969419967765 +/- 0.009083781245988343



REPORT for Depository of Queueing Place : Workload----------------------------------------

tkOcp=0.0

------------------ Color = workload --------------------
arrivCnt=1666110 deptCnt=1666111
arrivThrPut=0.1667778718470082 deptThrPut=0.16677797194716476
meanTkPop=0.0 tkColOcp=0.0
-----
meanST=0.0 stDevST=0.0

Steady State Statistics: numBatchesST=8330 batchSizeST=200 stDevStdStateMeanST=0.0
95% c.i. = 0.0 +/- 0.0



REPORT for Queue : Workload----------------------------------------

totArrivThrPut=0.16677797194716476 totDeptThrPut=0.1667778718470082
meanTotTkPop=1.0 queueUtil=1.0
meanST=5.99599911367547



REPORT for Queue of Queueing Place : I/icon_index----------------------------------------

queueUtilQPl=0.0032486666012418444

------------------ Color = index --------------------
arrivCnt=277822 deptCnt=277822
arrivThrPut=0.027810025695950157 deptThrPut=0.027810025695950157
meanTkPop=0.003264644207423883 tkColOcp=0.0032486666012418444
-----
meanST=0.11739090941937885 stDevST=0.1354770404950238

Steady State Statistics: numBatchesST=694 batchSizeST=400 stDevStdStateMeanST=0.006912493536112631
95% c.i. = 0.11738759247930154 +/- 5.142840957928289E-4



REPORT for Depository of Queueing Place : I/icon_index----------------------------------------

tkOcp=0.0

------------------ Color = index --------------------
arrivCnt=277822 deptCnt=277822
arrivThrPut=0.027810025695950157 deptThrPut=0.027810025695950157
meanTkPop=0.0 tkColOcp=0.0
-----
meanST=0.0 stDevST=0.0

Steady State Statistics: numBatchesST=1389 batchSizeST=200 stDevStdStateMeanST=0.0
95% c.i. = 0.0 +/- 0.0



REPORT for Queue : ImageProvider----------------------------------------

totArrivThrPut=0.16677787184700818 totDeptThrPut=0.16677787184700818
meanTotTkPop=0.03593749799132395 queueUtil=0.03427712569091969
meanST=0.21548121218557587



REPORT for Queue of Queueing Place : P/categories_login----------------------------------------

queueUtilQPl=0.015084823603520694

------------------ Color = login --------------------
arrivCnt=277540 deptCnt=277540
arrivThrPut=0.027781797451800098 deptThrPut=0.027781797451800098
meanTkPop=0.015329032845281528 tkColOcp=0.015084823603520694
-----
meanST=0.5517653374255774 stDevST=0.5631301802924438

Steady State Statistics: numBatchesST=693 batchSizeST=400 stDevStdStateMeanST=0.02989568820077644
95% c.i. = 0.5517862684866118 +/- 0.002225819941816496



REPORT for Depository of Queueing Place : P/categories_login----------------------------------------

tkOcp=0.0

------------------ Color = login --------------------
arrivCnt=277540 deptCnt=277540
arrivThrPut=0.027781797451800098 deptThrPut=0.027781797451800098
meanTkPop=0.0 tkColOcp=0.0
-----
meanST=0.0 stDevST=0.0

Steady State Statistics: numBatchesST=1387 batchSizeST=200 stDevStdStateMeanST=0.0
95% c.i. = 0.0 +/- 0.0



REPORT for Queue : Persistence----------------------------------------

totArrivThrPut=0.1667778718470082 totDeptThrPut=0.1667778718470082
meanTotTkPop=0.07382535706650079 queueUtil=0.0671487731001015
meanST=0.4426567880313501



REPORT for Queue of Queueing Place : I/icon_login----------------------------------------

queueUtilQPl=0.00854728425165686

------------------ Color = login --------------------
arrivCnt=277540 deptCnt=277540
arrivThrPut=0.027781797451800098 deptThrPut=0.027781797451800098
meanTkPop=0.008623803325923522 tkColOcp=0.00854728425165686
-----
meanST=0.3104120005512728 stDevST=0.31190035098720864

Steady State Statistics: numBatchesST=693 batchSizeST=400 stDevStdStateMeanST=0.015833932414348034
95% c.i. = 0.31045094227113734 +/- 0.0011788817935395493



REPORT for Depository of Queueing Place : I/icon_login----------------------------------------

tkOcp=0.0

------------------ Color = login --------------------
arrivCnt=277540 deptCnt=277540
arrivThrPut=0.027781797451800098 deptThrPut=0.027781797451800098
meanTkPop=0.0 tkColOcp=0.0
-----
meanST=0.0 stDevST=0.0

Steady State Statistics: numBatchesST=1387 batchSizeST=200 stDevStdStateMeanST=0.0
95% c.i. = 0.0 +/- 0.0



REPORT for Queue : ImageProvider----------------------------------------

totArrivThrPut=0.16677787184700818 totDeptThrPut=0.16677787184700818
meanTotTkPop=0.03593749799132395 queueUtil=0.03427712569091969
meanST=0.21548121218557587



REPORT for Queue of Queueing Place : A/isLoggedIn_login----------------------------------------

queueUtilQPl=0.003524980377406562

------------------ Color = login --------------------
arrivCnt=277540 deptCnt=277540
arrivThrPut=0.027781797451800098 deptThrPut=0.027781797451800098
meanTkPop=0.0035425117622418247 tkColOcp=0.003524980377406562
-----
meanST=0.12751197140458206 stDevST=0.16438883714701671

Steady State Statistics: numBatchesST=346 batchSizeST=800 stDevStdStateMeanST=0.005755455713175687
95% c.i. = 0.12750372073444716 +/- 6.064426796980821E-4



REPORT for Depository of Queueing Place : A/isLoggedIn_login----------------------------------------

tkOcp=0.0

------------------ Color = login --------------------
arrivCnt=277540 deptCnt=277540
arrivThrPut=0.027781797451800098 deptThrPut=0.027781797451800098
meanTkPop=0.0 tkColOcp=0.0
-----
meanST=0.0 stDevST=0.0

Steady State Statistics: numBatchesST=1387 batchSizeST=200 stDevStdStateMeanST=0.0
95% c.i. = 0.0 +/- 0.0



REPORT for Queue : Auth----------------------------------------

totArrivThrPut=0.1667778718470082 totDeptThrPut=0.1667778718470082
meanTotTkPop=0.04969618715095622 queueUtil=0.046573568641350434
meanST=0.2979783025205194



REPORT for Queue of Queueing Place : A/isLoggedIn_category----------------------------------------

queueUtilQPl=0.011368841400402025

------------------ Color = category --------------------
arrivCnt=277873 deptCnt=277873
arrivThrPut=0.027815130803934742 deptThrPut=0.027815130803934742
meanTkPop=0.01149891471967197 tkColOcp=0.011368841400402025
-----
meanST=0.4134050204806274 stDevST=0.41328405992780837

Steady State Statistics: numBatchesST=347 batchSizeST=800 stDevStdStateMeanST=0.01568212915488437
95% c.i. = 0.4133966643214811 +/- 0.0016500168525194331



REPORT for Depository of Queueing Place : A/isLoggedIn_category----------------------------------------

tkOcp=0.0

------------------ Color = category --------------------
arrivCnt=277873 deptCnt=277873
arrivThrPut=0.027815130803934742 deptThrPut=0.027815130803934742
meanTkPop=0.0 tkColOcp=0.0
-----
meanST=0.0 stDevST=0.0

Steady State Statistics: numBatchesST=1389 batchSizeST=200 stDevStdStateMeanST=0.0
95% c.i. = 0.0 +/- 0.0



REPORT for Queue : Auth----------------------------------------

totArrivThrPut=0.1667778718470082 totDeptThrPut=0.1667778718470082
meanTotTkPop=0.04969618715095622 queueUtil=0.046573568641350434
meanST=0.2979783025205194



REPORT for Queue of Queueing Place : I/icon_logout----------------------------------------

queueUtilQPl=0.006009462530833078

------------------ Color = logout --------------------
arrivCnt=277726 deptCnt=277726
arrivThrPut=0.027800416080920348 deptThrPut=0.027800416080920348
meanTkPop=0.006045494921648702 tkColOcp=0.006009462530833078
-----
meanST=0.21746059138293883 stDevST=0.2214103913167439

Steady State Statistics: numBatchesST=694 batchSizeST=400 stDevStdStateMeanST=0.011165697908375018
95% c.i. = 0.2174521728347238 +/- 8.307191641778864E-4



REPORT for Depository of Queueing Place : I/icon_logout----------------------------------------

tkOcp=0.0

------------------ Color = logout --------------------
arrivCnt=277726 deptCnt=277726
arrivThrPut=0.027800416080920348 deptThrPut=0.027800416080920348
meanTkPop=0.0 tkColOcp=0.0
-----
meanST=0.0 stDevST=0.0

Steady State Statistics: numBatchesST=1388 batchSizeST=200 stDevStdStateMeanST=0.0
95% c.i. = 0.0 +/- 0.0



REPORT for Queue : ImageProvider----------------------------------------

totArrivThrPut=0.16677787184700818 totDeptThrPut=0.16677787184700818
meanTotTkPop=0.03593749799132395 queueUtil=0.03427712569091969
meanST=0.21548121218557587



REPORT for Queue of Queueing Place : I/icon_loginAction----------------------------------------

queueUtilQPl=0.0033500625646463115

------------------ Color = loginAction --------------------
arrivCnt=277629 deptCnt=277629
arrivThrPut=0.02779070636573398 deptThrPut=0.02779070636573398
meanTkPop=0.0033662236766433505 tkColOcp=0.0033500625646463115
-----
meanST=0.12112767600588639 stDevST=0.14083287760038138

Steady State Statistics: numBatchesST=694 batchSizeST=400 stDevStdStateMeanST=0.006789371399891086
95% c.i. = 0.12112996219934301 +/- 5.051239054551484E-4



REPORT for Depository of Queueing Place : I/icon_loginAction----------------------------------------

tkOcp=0.0

------------------ Color = loginAction --------------------
arrivCnt=277629 deptCnt=277629
arrivThrPut=0.02779070636573398 deptThrPut=0.02779070636573398
meanTkPop=0.0 tkColOcp=0.0
-----
meanST=0.0 stDevST=0.0

Steady State Statistics: numBatchesST=1388 batchSizeST=200 stDevStdStateMeanST=0.0
95% c.i. = 0.0 +/- 0.0



REPORT for Queue : ImageProvider----------------------------------------

totArrivThrPut=0.16677787184700818 totDeptThrPut=0.16677787184700818
meanTotTkPop=0.03593749799132395 queueUtil=0.03427712569091969
meanST=0.21548121218557587



REPORT for Queue of Queueing Place : A/isLoggedIn_product----------------------------------------

queueUtilQPl=0.013524579709957183

------------------ Color = product --------------------
arrivCnt=277520 deptCnt=277520
arrivThrPut=0.027779795448668886 deptThrPut=0.027779795448668886
meanTkPop=0.013708767069131555 tkColOcp=0.013524579709957183
-----
meanST=0.49347977001711263 stDevST=0.4926033094614623

Steady State Statistics: numBatchesST=693 batchSizeST=400 stDevStdStateMeanST=0.02482028049831441
95% c.i. = 0.4934737260862791 +/- 0.0018479412456941693



REPORT for Depository of Queueing Place : A/isLoggedIn_product----------------------------------------

tkOcp=0.0

------------------ Color = product --------------------
arrivCnt=277520 deptCnt=277520
arrivThrPut=0.027779795448668886 deptThrPut=0.027779795448668886
meanTkPop=0.0 tkColOcp=0.0
-----
meanST=0.0 stDevST=0.0

Steady State Statistics: numBatchesST=1387 batchSizeST=200 stDevStdStateMeanST=0.0
95% c.i. = 0.0 +/- 0.0



REPORT for Queue : Auth----------------------------------------

totArrivThrPut=0.1667778718470082 totDeptThrPut=0.1667778718470082
meanTotTkPop=0.04969618715095622 queueUtil=0.046573568641350434
meanST=0.2979783025205194



REPORT for Queue of Queueing Place : P/category_logout----------------------------------------

queueUtilQPl=0.018293128741512635

------------------ Color = logout --------------------
arrivCnt=277726 deptCnt=277726
arrivThrPut=0.027800416080920348 deptThrPut=0.027800416080920348
meanTkPop=0.0186561099950811 tkColOcp=0.018293128741512635
-----
meanST=0.6710730494384558 stDevST=0.6733065187771679

Steady State Statistics: numBatchesST=694 batchSizeST=400 stDevStdStateMeanST=0.035982412715012
95% c.i. = 0.6710392847984298 +/- 0.0026770632754893066



REPORT for Depository of Queueing Place : P/category_logout----------------------------------------

tkOcp=0.0

------------------ Color = logout --------------------
arrivCnt=277726 deptCnt=277726
arrivThrPut=0.027800416080920348 deptThrPut=0.027800416080920348
meanTkPop=0.0 tkColOcp=0.0
-----
meanST=0.0 stDevST=0.0

Steady State Statistics: numBatchesST=1388 batchSizeST=200 stDevStdStateMeanST=0.0
95% c.i. = 0.0 +/- 0.0



REPORT for Queue : Persistence----------------------------------------

totArrivThrPut=0.1667778718470082 totDeptThrPut=0.1667778718470082
meanTotTkPop=0.07382535706650079 queueUtil=0.0671487731001015
meanST=0.4426567880313501



REPORT for Ordinary Place : Finish_index----------------------------------------

tkOcp=1.0

------------------ Color = index --------------------
arrivCnt=277822 deptCnt=0
arrivThrPut=0.027810025695950157 deptThrPut=0.0
meanTkPop=139276.13398514895 tkColOcp=1.0
-----
meanST=NaN stDevST=NaN

Steady State Statistics: Only 0 batches collected!
Need at least 60 for steady state statistics.



REPORT for Ordinary Place : Finish_login----------------------------------------

tkOcp=1.0

------------------ Color = login --------------------
arrivCnt=277540 deptCnt=0
arrivThrPut=0.027781797451800098 deptThrPut=0.0
meanTkPop=138665.7138316634 tkColOcp=1.0
-----
meanST=NaN stDevST=NaN

Steady State Statistics: Only 0 batches collected!
Need at least 60 for steady state statistics.



REPORT for Ordinary Place : Finish_loginAction----------------------------------------

tkOcp=1.0

------------------ Color = loginAction --------------------
arrivCnt=277629 deptCnt=0
arrivThrPut=0.02779070636573398 deptThrPut=0.0
meanTkPop=139247.0125836309 tkColOcp=1.0
-----
meanST=NaN stDevST=NaN

Steady State Statistics: Only 0 batches collected!
Need at least 60 for steady state statistics.



REPORT for Ordinary Place : Finish_category----------------------------------------

tkOcp=1.0

------------------ Color = category --------------------
arrivCnt=277873 deptCnt=0
arrivThrPut=0.027815130803934742 deptThrPut=0.0
meanTkPop=139575.8514541292 tkColOcp=1.0
-----
meanST=NaN stDevST=NaN

Steady State Statistics: Only 0 batches collected!
Need at least 60 for steady state statistics.



REPORT for Ordinary Place : Finish_product----------------------------------------

tkOcp=1.0

------------------ Color = product --------------------
arrivCnt=277520 deptCnt=0
arrivThrPut=0.027779795448668886 deptThrPut=0.0
meanTkPop=139109.25633507923 tkColOcp=1.0
-----
meanST=NaN stDevST=NaN

Steady State Statistics: Only 0 batches collected!
Need at least 60 for steady state statistics.



REPORT for Ordinary Place : Finish_logout----------------------------------------

tkOcp=0.9999999999999998

------------------ Color = logout --------------------
arrivCnt=277726 deptCnt=0
arrivThrPut=0.027800416080920348 deptThrPut=0.0
meanTkPop=139133.3758307406 tkColOcp=0.9999999999999998
-----
meanST=NaN stDevST=NaN

Steady State Statistics: Only 0 batches collected!
Need at least 60 for steady state statistics.



REPORT REPORT for Probe : /index----------------------------------------


------------------ Color = index --------------------
-----
meanST=0.6948073030026621 stDevST=0.4594952865447816

Steady State Statistics: numBatchesST=694 batchSizeST=400 stDevStdStateMeanST=0.023963348599715356
95% c.i. = 0.6947843515744544 +/- 0.0017828543350369016



REPORT REPORT for Probe : /login----------------------------------------


------------------ Color = login --------------------
-----
meanST=1.1063148645855412 stDevST=0.6785939578175331

Steady State Statistics: numBatchesST=693 batchSizeST=400 stDevStdStateMeanST=0.035581958090724834
95% c.i. = 1.1063724681109672 +/- 0.0026491790841315106



REPORT REPORT for Probe : /loginAction----------------------------------------


------------------ Color = loginAction --------------------
-----
meanST=1.1443395770330445 stDevST=0.6644134130815479

Steady State Statistics: numBatchesST=694 batchSizeST=400 stDevStdStateMeanST=0.0348868604568341
95% c.i. = 1.1443589800311447 +/- 0.0025955550470117914



REPORT REPORT for Probe : /logout----------------------------------------


------------------ Color = logout --------------------
-----
meanST=1.196464685218435 stDevST=0.7532495186813449

Steady State Statistics: numBatchesST=694 batchSizeST=400 stDevStdStateMeanST=0.040295030908843295
95% c.i. = 1.1964208572471846 +/- 0.002997918685585142



REPORT REPORT for Probe : /category----------------------------------------


------------------ Color = category --------------------
-----
meanST=1.487468848001626 stDevST=0.9502517497138576

Steady State Statistics: numBatchesST=347 batchSizeST=800 stDevStdStateMeanST=0.03319284259211614
95% c.i. = 1.4874295273002893 +/- 0.0034924307228370284



REPORT REPORT for Probe : /product----------------------------------------


------------------ Color = product --------------------
-----
meanST=2.215995088812563 stDevST=1.1881850052822938

Steady State Statistics: numBatchesST=693 batchSizeST=400 stDevStdStateMeanST=0.0621669728261206
95% c.i. = 2.2160643204418182 +/- 0.004628509867692214



