INFO Logging to /home/yjx/workloadConfig/qpme/output/SimQPN_Output_config_2025-08-14_100055485.log
WARN Batch means correlation test was run for depository of place Workload, color 0
    However, the standard deviation of the token residence time is 0 and therefore the result of the test is ignored!
    In future runs, you should set numBMeansCorlTested to 0 to switch off the correlation test!
WARN Batch means correlation test was run for depository of place W/logout, color 0
    However, the standard deviation of the token residence time is 0 and therefore the result of the test is ignored!
    In future runs, you should set numBMeansCorlTested to 0 to switch off the correlation test!
WARN Batch means correlation test was run for depository of place A/logout_logout, color 0
    However, the standard deviation of the token residence time is 0 and therefore the result of the test is ignored!
    In future runs, you should set numBMeansCorlTested to 0 to switch off the correlation test!
WARN Batch means correlation test was run for depository of place P/category_logout, color 0
    However, the standard deviation of the token residence time is 0 and therefore the result of the test is ignored!
    In future runs, you should set numBMeansCorlTested to 0 to switch off the correlation test!
WARN Batch means correlation test was run for depository of place I/icon_logout, color 0
    However, the standard deviation of the token residence time is 0 and therefore the result of the test is ignored!
    In future runs, you should set numBMeansCorlTested to 0 to switch off the correlation test!
WARN Batch means correlation test was run for depository of place W/category, color 0
    However, the standard deviation of the token residence time is 0 and therefore the result of the test is ignored!
    In future runs, you should set numBMeansCorlTested to 0 to switch off the correlation test!
WARN Batch means correlation test was run for depository of place P/category_category, color 0
    However, the standard deviation of the token residence time is 0 and therefore the result of the test is ignored!
    In future runs, you should set numBMeansCorlTested to 0 to switch off the correlation test!
WARN Batch means correlation test was run for depository of place I/productImages_category, color 0
    However, the standard deviation of the token residence time is 0 and therefore the result of the test is ignored!
    In future runs, you should set numBMeansCorlTested to 0 to switch off the correlation test!
WARN Batch means correlation test was run for depository of place A/isLoggedIn_category, color 0
    However, the standard deviation of the token residence time is 0 and therefore the result of the test is ignored!
    In future runs, you should set numBMeansCorlTested to 0 to switch off the correlation test!
WARN Batch means correlation test was run for depository of place A/isLoggedIn_login, color 0
    However, the standard deviation of the token residence time is 0 and therefore the result of the test is ignored!
    In future runs, you should set numBMeansCorlTested to 0 to switch off the correlation test!
WARN Batch means correlation test was run for depository of place W/login, color 0
    However, the standard deviation of the token residence time is 0 and therefore the result of the test is ignored!
    In future runs, you should set numBMeansCorlTested to 0 to switch off the correlation test!
WARN Batch means correlation test was run for depository of place P/categories_login, color 0
    However, the standard deviation of the token residence time is 0 and therefore the result of the test is ignored!
    In future runs, you should set numBMeansCorlTested to 0 to switch off the correlation test!
WARN Batch means correlation test was run for depository of place I/icon_login, color 0
    However, the standard deviation of the token residence time is 0 and therefore the result of the test is ignored!
    In future runs, you should set numBMeansCorlTested to 0 to switch off the correlation test!
WARN Batch means correlation test was run for depository of place W/product, color 0
    However, the standard deviation of the token residence time is 0 and therefore the result of the test is ignored!
    In future runs, you should set numBMeansCorlTested to 0 to switch off the correlation test!
WARN Batch means correlation test was run for depository of place P/getProduct_product, color 0
    However, the standard deviation of the token residence time is 0 and therefore the result of the test is ignored!
    In future runs, you should set numBMeansCorlTested to 0 to switch off the correlation test!
WARN Batch means correlation test was run for depository of place R/getAds_product, color 0
    However, the standard deviation of the token residence time is 0 and therefore the result of the test is ignored!
    In future runs, you should set numBMeansCorlTested to 0 to switch off the correlation test!
WARN Batch means correlation test was run for depository of place I/product_product, color 0
    However, the standard deviation of the token residence time is 0 and therefore the result of the test is ignored!
    In future runs, you should set numBMeansCorlTested to 0 to switch off the correlation test!
WARN Batch means correlation test was run for depository of place A/isLoggedIn_product, color 0
    However, the standard deviation of the token residence time is 0 and therefore the result of the test is ignored!
    In future runs, you should set numBMeansCorlTested to 0 to switch off the correlation test!
WARN Batch means correlation test was run for depository of place A/isLoggedIn_index, color 0
    However, the standard deviation of the token residence time is 0 and therefore the result of the test is ignored!
    In future runs, you should set numBMeansCorlTested to 0 to switch off the correlation test!
WARN Batch means correlation test was run for depository of place I/icon_index, color 0
    However, the standard deviation of the token residence time is 0 and therefore the result of the test is ignored!
    In future runs, you should set numBMeansCorlTested to 0 to switch off the correlation test!
WARN Batch means correlation test was run for depository of place W/index, color 0
    However, the standard deviation of the token residence time is 0 and therefore the result of the test is ignored!
    In future runs, you should set numBMeansCorlTested to 0 to switch off the correlation test!
WARN Batch means correlation test was run for depository of place P/categories_index, color 0
    However, the standard deviation of the token residence time is 0 and therefore the result of the test is ignored!
    In future runs, you should set numBMeansCorlTested to 0 to switch off the correlation test!
WARN Batch means correlation test was run for depository of place W/loginAction, color 0
    However, the standard deviation of the token residence time is 0 and therefore the result of the test is ignored!
    In future runs, you should set numBMeansCorlTested to 0 to switch off the correlation test!
WARN Batch means correlation test was run for depository of place A/login_loginAction, color 0
    However, the standard deviation of the token residence time is 0 and therefore the result of the test is ignored!
    In future runs, you should set numBMeansCorlTested to 0 to switch off the correlation test!
WARN Batch means correlation test was run for depository of place P/getUser_loginAction, color 0
    However, the standard deviation of the token residence time is 0 and therefore the result of the test is ignored!
    In future runs, you should set numBMeansCorlTested to 0 to switch off the correlation test!
WARN Batch means correlation test was run for depository of place I/icon_loginAction, color 0
    However, the standard deviation of the token residence time is 0 and therefore the result of the test is ignored!
    In future runs, you should set numBMeansCorlTested to 0 to switch off the correlation test!
WARN LP-1 The simulation was stopped because of reaching max totalRunLen.
The required precision may not have been reached!
REPORT for Queue of Queueing Place : W/index----------------------------------------

queueUtilQPl=0.01175045187254376

------------------ Color = index --------------------
arrivCnt=277172 deptCnt=277172
arrivThrPut=0.027744930299653782 deptThrPut=0.027744930299653782
meanTkPop=0.012363139530715725 tkColOcp=0.01175045187254376
-----
meanST=0.4455999491507102 stDevST=1.2353585688051563

Steady State Statistics: numBatchesST=692 batchSizeST=400 stDevStdStateMeanST=0.07137175612040819
95% c.i. = 0.44548788578400744 +/- 0.0053176705375153005



REPORT for Depository of Queueing Place : W/index----------------------------------------

tkOcp=0.0

------------------ Color = index --------------------
arrivCnt=277172 deptCnt=277172
arrivThrPut=0.027744930299653782 deptThrPut=0.027744930299653782
meanTkPop=0.0 tkColOcp=0.0
-----
meanST=0.0 stDevST=0.0

Steady State Statistics: numBatchesST=1385 batchSizeST=200 stDevStdStateMeanST=0.0
95% c.i. = 0.0 +/- 0.0



REPORT for Queue : WebUI----------------------------------------

totArrivThrPut=0.16673044252108699 totDeptThrPut=0.16673044252108699
meanTotTkPop=0.20943214293293183 queueUtil=0.15635386631487902
meanST=1.2561121998248412



REPORT for Queue of Queueing Place : P/categories_index----------------------------------------

queueUtilQPl=0.011821623999481518

------------------ Color = index --------------------
arrivCnt=277172 deptCnt=277172
arrivThrPut=0.027744930299653782 deptThrPut=0.027744930299653782
meanTkPop=0.012224228014138751 tkColOcp=0.011821623999481518
-----
meanST=0.4405932140435506 stDevST=0.6332151708908411

Steady State Statistics: numBatchesST=692 batchSizeST=400 stDevStdStateMeanST=0.03433254063922432
95% c.i. = 0.4406130604792586 +/- 0.002558002629601063



REPORT for Depository of Queueing Place : P/categories_index----------------------------------------

tkOcp=0.0

------------------ Color = index --------------------
arrivCnt=277172 deptCnt=277172
arrivThrPut=0.027744930299653782 deptThrPut=0.027744930299653782
meanTkPop=0.0 tkColOcp=0.0
-----
meanST=0.0 stDevST=0.0

Steady State Statistics: numBatchesST=1385 batchSizeST=200 stDevStdStateMeanST=0.0
95% c.i. = 0.0 +/- 0.0



REPORT for Queue : Persistence----------------------------------------

totArrivThrPut=0.166730442521087 totDeptThrPut=0.166730442521087
meanTotTkPop=0.08070582866393625 queueUtil=0.06476934630369083
meanST=0.48404974786610483



REPORT for Queue of Queueing Place : A/isLoggedIn_index----------------------------------------

queueUtilQPl=0.10454952839370794

------------------ Color = index --------------------
arrivCnt=277172 deptCnt=277173
arrivThrPut=0.027744930299653782 deptThrPut=0.027745030399701043
meanTkPop=0.11754448546081013 tkColOcp=0.10454952839370794
-----
meanST=4.23661031356551 stDevST=4.2433950380192895

Steady State Statistics: numBatchesST=692 batchSizeST=400 stDevStdStateMeanST=0.2714225613706047
95% c.i. = 4.235938230817636 +/- 0.02022278610298469



REPORT for Depository of Queueing Place : A/isLoggedIn_index----------------------------------------

tkOcp=0.0

------------------ Color = index --------------------
arrivCnt=277173 deptCnt=277173
arrivThrPut=0.027745030399701043 deptThrPut=0.027745030399701043
meanTkPop=0.0 tkColOcp=0.0
-----
meanST=0.0 stDevST=0.0

Steady State Statistics: numBatchesST=1385 batchSizeST=200 stDevStdStateMeanST=0.0
95% c.i. = 0.0 +/- 0.0



REPORT for Queue : Auth----------------------------------------

totArrivThrPut=0.16673044252108699 totDeptThrPut=0.16673064272118152
meanTotTkPop=0.19472535459781476 queueUtil=0.12185034849602748
meanST=1.1679084250781453



REPORT for Queue of Queueing Place : W/login----------------------------------------

queueUtilQPl=0.041886883355054805

------------------ Color = login --------------------
arrivCnt=277381 deptCnt=277381
arrivThrPut=0.0277658512095315 deptThrPut=0.0277658512095315
meanTkPop=0.04395444109289861 tkColOcp=0.041886883355054805
-----
meanST=1.5830395676041749 stDevST=1.7704420392793663

Steady State Statistics: numBatchesST=693 batchSizeST=400 stDevStdStateMeanST=0.0996208204890787
95% c.i. = 1.5830872092118573 +/- 0.00741705651248242



REPORT for Depository of Queueing Place : W/login----------------------------------------

tkOcp=0.0

------------------ Color = login --------------------
arrivCnt=277381 deptCnt=277381
arrivThrPut=0.0277658512095315 deptThrPut=0.0277658512095315
meanTkPop=0.0 tkColOcp=0.0
-----
meanST=0.0 stDevST=0.0

Steady State Statistics: numBatchesST=1386 batchSizeST=200 stDevStdStateMeanST=0.0
95% c.i. = 0.0 +/- 0.0



REPORT for Queue : WebUI----------------------------------------

totArrivThrPut=0.16673044252108699 totDeptThrPut=0.16673044252108699
meanTotTkPop=0.20943214293293183 queueUtil=0.15635386631487902
meanST=1.2561121998248412



REPORT for Queue of Queueing Place : W/loginAction----------------------------------------

queueUtilQPl=0.018237468201951403

------------------ Color = loginAction --------------------
arrivCnt=278350 deptCnt=278350
arrivThrPut=0.027862848155328208 deptThrPut=0.027862848155328208
meanTkPop=0.01901378378546443 tkColOcp=0.018237468201951403
-----
meanST=0.6824063239862442 stDevST=1.2873796197500618

Steady State Statistics: numBatchesST=347 batchSizeST=800 stDevStdStateMeanST=0.04941588454142672
95% c.i. = 0.6825064698130933 +/- 0.005199360461210908



REPORT for Depository of Queueing Place : W/loginAction----------------------------------------

tkOcp=0.0

------------------ Color = loginAction --------------------
arrivCnt=278350 deptCnt=278350
arrivThrPut=0.027862848155328208 deptThrPut=0.027862848155328208
meanTkPop=0.0 tkColOcp=0.0
-----
meanST=0.0 stDevST=0.0

Steady State Statistics: numBatchesST=1391 batchSizeST=200 stDevStdStateMeanST=0.0
95% c.i. = 0.0 +/- 0.0



REPORT for Queue : WebUI----------------------------------------

totArrivThrPut=0.16673044252108699 totDeptThrPut=0.16673044252108699
meanTotTkPop=0.20943214293293183 queueUtil=0.15635386631487902
meanST=1.2561121998248412



REPORT for Queue of Queueing Place : A/login_loginAction----------------------------------------

queueUtilQPl=0.013492912884436882

------------------ Color = loginAction --------------------
arrivCnt=278350 deptCnt=278350
arrivThrPut=0.027862848155328208 deptThrPut=0.027862848155328208
meanTkPop=0.014862132503405082 tkColOcp=0.013492912884436882
-----
meanST=0.5334032048896264 stDevST=1.8964167203950286

Steady State Statistics: numBatchesST=347 batchSizeST=800 stDevStdStateMeanST=0.08472082010149894
95% c.i. = 0.533307706264122 +/- 0.008914017959302486



REPORT for Depository of Queueing Place : A/login_loginAction----------------------------------------

tkOcp=0.0

------------------ Color = loginAction --------------------
arrivCnt=278350 deptCnt=278350
arrivThrPut=0.027862848155328208 deptThrPut=0.027862848155328208
meanTkPop=0.0 tkColOcp=0.0
-----
meanST=0.0 stDevST=0.0

Steady State Statistics: numBatchesST=1391 batchSizeST=200 stDevStdStateMeanST=0.0
95% c.i. = 0.0 +/- 0.0



REPORT for Queue : Auth----------------------------------------

totArrivThrPut=0.16673044252108699 totDeptThrPut=0.16673064272118152
meanTotTkPop=0.19472535459781476 queueUtil=0.12185034849602748
meanST=1.1679084250781453



REPORT for Queue of Queueing Place : W/logout----------------------------------------

queueUtilQPl=0.019918818979170014

------------------ Color = logout --------------------
arrivCnt=277644 deptCnt=277644
arrivThrPut=0.02779217752196136 deptThrPut=0.02779217752196136
meanTkPop=0.020731785835950974 tkColOcp=0.019918818979170014
-----
meanST=0.7459575925480733 stDevST=1.306345436004887

Steady State Statistics: numBatchesST=694 batchSizeST=400 stDevStdStateMeanST=0.0792023526273382
95% c.i. = 0.7459605779858766 +/- 0.0058925928961551105



REPORT for Depository of Queueing Place : W/logout----------------------------------------

tkOcp=0.0

------------------ Color = logout --------------------
arrivCnt=277644 deptCnt=277644
arrivThrPut=0.02779217752196136 deptThrPut=0.02779217752196136
meanTkPop=0.0 tkColOcp=0.0
-----
meanST=0.0 stDevST=0.0

Steady State Statistics: numBatchesST=1388 batchSizeST=200 stDevStdStateMeanST=0.0
95% c.i. = 0.0 +/- 0.0



REPORT for Queue : WebUI----------------------------------------

totArrivThrPut=0.16673044252108699 totDeptThrPut=0.16673044252108699
meanTotTkPop=0.20943214293293183 queueUtil=0.15635386631487902
meanST=1.2561121998248412



REPORT for Queue of Queueing Place : A/logout_logout----------------------------------------

queueUtilQPl=0.013923035284551358

------------------ Color = logout --------------------
arrivCnt=277644 deptCnt=277644
arrivThrPut=0.02779217752196136 deptThrPut=0.02779217752196136
meanTkPop=0.015216378145523632 tkColOcp=0.013923035284551358
-----
meanST=0.5475057912788467 stDevST=1.8620359888140376

Steady State Statistics: numBatchesST=694 batchSizeST=400 stDevStdStateMeanST=0.11216267816265502
95% c.i. = 0.5475198708973993 +/- 0.008344815256496064



REPORT for Depository of Queueing Place : A/logout_logout----------------------------------------

tkOcp=0.0

------------------ Color = logout --------------------
arrivCnt=277644 deptCnt=277644
arrivThrPut=0.02779217752196136 deptThrPut=0.02779217752196136
meanTkPop=0.0 tkColOcp=0.0
-----
meanST=0.0 stDevST=0.0

Steady State Statistics: numBatchesST=1388 batchSizeST=200 stDevStdStateMeanST=0.0
95% c.i. = 0.0 +/- 0.0



REPORT for Queue : Auth----------------------------------------

totArrivThrPut=0.16673044252108699 totDeptThrPut=0.16673064272118152
meanTotTkPop=0.19472535459781476 queueUtil=0.12185034849602748
meanST=1.1679084250781453



REPORT for Queue of Queueing Place : P/getUser_loginAction----------------------------------------

queueUtilQPl=0.0073265972426494

------------------ Color = loginAction --------------------
arrivCnt=278350 deptCnt=278350
arrivThrPut=0.027862848155328208 deptThrPut=0.027862848155328208
meanTkPop=0.00760620235950798 tkColOcp=0.0073265972426494
-----
meanST=0.27298725231194454 stDevST=0.5272769497432239

Steady State Statistics: numBatchesST=695 batchSizeST=400 stDevStdStateMeanST=0.030169666703184484
95% c.i. = 0.2729885292838481 +/- 0.002242984131584527



REPORT for Depository of Queueing Place : P/getUser_loginAction----------------------------------------

tkOcp=0.0

------------------ Color = loginAction --------------------
arrivCnt=278350 deptCnt=278350
arrivThrPut=0.027862848155328208 deptThrPut=0.027862848155328208
meanTkPop=0.0 tkColOcp=0.0
-----
meanST=0.0 stDevST=0.0

Steady State Statistics: numBatchesST=1391 batchSizeST=200 stDevStdStateMeanST=0.0
95% c.i. = 0.0 +/- 0.0



REPORT for Queue : Persistence----------------------------------------

totArrivThrPut=0.166730442521087 totDeptThrPut=0.166730442521087
meanTotTkPop=0.08070582866393625 queueUtil=0.06476934630369083
meanST=0.48404974786610483



REPORT for Queue of Queueing Place : W/category----------------------------------------

queueUtilQPl=0.07658712571519657

------------------ Color = category --------------------
arrivCnt=276794 deptCnt=276794
arrivThrPut=0.027707092481788813 deptThrPut=0.027707092481788813
meanTkPop=0.08289724656172964 tkColOcp=0.07658712571519657
-----
meanST=2.9919143127780714 stDevST=2.947714015801817

Steady State Statistics: numBatchesST=691 batchSizeST=400 stDevStdStateMeanST=0.18089819156935855
95% c.i. = 2.9919608031499174 +/- 0.01348786755111029



REPORT for Depository of Queueing Place : W/category----------------------------------------

tkOcp=0.0

------------------ Color = category --------------------
arrivCnt=276794 deptCnt=276794
arrivThrPut=0.027707092481788813 deptThrPut=0.027707092481788813
meanTkPop=0.0 tkColOcp=0.0
-----
meanST=0.0 stDevST=0.0

Steady State Statistics: numBatchesST=1383 batchSizeST=200 stDevStdStateMeanST=0.0
95% c.i. = 0.0 +/- 0.0



REPORT for Queue : WebUI----------------------------------------

totArrivThrPut=0.16673044252108699 totDeptThrPut=0.16673044252108699
meanTotTkPop=0.20943214293293183 queueUtil=0.15635386631487902
meanST=1.2561121998248412



REPORT for Queue of Queueing Place : W/product----------------------------------------

queueUtilQPl=0.029213800504389143

------------------ Color = product --------------------
arrivCnt=278297 deptCnt=278297
arrivThrPut=0.027857542852823332 deptThrPut=0.027857542852823332
meanTkPop=0.03047174612617245 tkColOcp=0.029213800504389143
-----
meanST=1.0938418469697937 stDevST=1.4662324411430352

Steady State Statistics: numBatchesST=695 batchSizeST=400 stDevStdStateMeanST=0.08389353767671826
95% c.i. = 1.093870286490631 +/- 0.006237121397549469



REPORT for Depository of Queueing Place : W/product----------------------------------------

tkOcp=0.0

------------------ Color = product --------------------
arrivCnt=278297 deptCnt=278297
arrivThrPut=0.027857542852823332 deptThrPut=0.027857542852823332
meanTkPop=0.0 tkColOcp=0.0
-----
meanST=0.0 stDevST=0.0

Steady State Statistics: numBatchesST=1391 batchSizeST=200 stDevStdStateMeanST=0.0
95% c.i. = 0.0 +/- 0.0



REPORT for Queue : WebUI----------------------------------------

totArrivThrPut=0.16673044252108699 totDeptThrPut=0.16673044252108699
meanTotTkPop=0.20943214293293183 queueUtil=0.15635386631487902
meanST=1.2561121998248412



REPORT for Queue of Queueing Place : P/category_category----------------------------------------

queueUtilQPl=0.035053586240670696

------------------ Color = category --------------------
arrivCnt=276794 deptCnt=276794
arrivThrPut=0.027707092481788813 deptThrPut=0.027707092481788813
meanTkPop=0.036234235212330254 tkColOcp=0.035053586240670696
-----
meanST=1.307760286870451 stDevST=1.3073806130989103

Steady State Statistics: numBatchesST=691 batchSizeST=400 stDevStdStateMeanST=0.07417154771937533
95% c.i. = 1.307696942811441 +/- 0.005530270938702112



REPORT for Depository of Queueing Place : P/category_category----------------------------------------

tkOcp=0.0

------------------ Color = category --------------------
arrivCnt=276794 deptCnt=276794
arrivThrPut=0.027707092481788813 deptThrPut=0.027707092481788813
meanTkPop=0.0 tkColOcp=0.0
-----
meanST=0.0 stDevST=0.0

Steady State Statistics: numBatchesST=1383 batchSizeST=200 stDevStdStateMeanST=0.0
95% c.i. = 0.0 +/- 0.0



REPORT for Queue : Persistence----------------------------------------

totArrivThrPut=0.166730442521087 totDeptThrPut=0.166730442521087
meanTotTkPop=0.08070582866393625 queueUtil=0.06476934630369083
meanST=0.48404974786610483



REPORT for Queue of Queueing Place : P/getProduct_product----------------------------------------

queueUtilQPl=0.0053632483346934155

------------------ Color = product --------------------
arrivCnt=278297 deptCnt=278297
arrivThrPut=0.027857542852823332 deptThrPut=0.027857542852823332
meanTkPop=0.005515572403976297 tkColOcp=0.0053632483346934155
-----
meanST=0.19799206387713766 stDevST=0.4818808352013327

Steady State Statistics: numBatchesST=695 batchSizeST=400 stDevStdStateMeanST=0.025841503232089308
95% c.i. = 0.1979608128698486 +/- 0.0019212039117339186



REPORT for Depository of Queueing Place : P/getProduct_product----------------------------------------

tkOcp=0.0

------------------ Color = product --------------------
arrivCnt=278297 deptCnt=278297
arrivThrPut=0.027857542852823332 deptThrPut=0.027857542852823332
meanTkPop=0.0 tkColOcp=0.0
-----
meanST=0.0 stDevST=0.0

Steady State Statistics: numBatchesST=1391 batchSizeST=200 stDevStdStateMeanST=0.0
95% c.i. = 0.0 +/- 0.0



REPORT for Queue : Persistence----------------------------------------

totArrivThrPut=0.166730442521087 totDeptThrPut=0.166730442521087
meanTotTkPop=0.08070582866393625 queueUtil=0.06476934630369083
meanST=0.48404974786610483



REPORT for Queue of Queueing Place : R/getAds_product----------------------------------------

queueUtilQPl=0.0024673945695396268

------------------ Color = product --------------------
arrivCnt=278297 deptCnt=278297
arrivThrPut=0.027857542852823332 deptThrPut=0.027857542852823332
meanTkPop=0.0024782529463599377 tkColOcp=0.0024673945695396268
-----
meanST=0.08896164889534648 stDevST=0.08921941098969835

Steady State Statistics: numBatchesST=347 batchSizeST=800 stDevStdStateMeanST=0.0033069701381321934
95% c.i. = 0.08896299151678312 +/- 3.4794742504700853E-4



REPORT for Depository of Queueing Place : R/getAds_product----------------------------------------

tkOcp=0.0

------------------ Color = product --------------------
arrivCnt=278297 deptCnt=278297
arrivThrPut=0.027857542852823332 deptThrPut=0.027857542852823332
meanTkPop=0.0 tkColOcp=0.0
-----
meanST=0.0 stDevST=0.0

Steady State Statistics: numBatchesST=1391 batchSizeST=200 stDevStdStateMeanST=0.0
95% c.i. = 0.0 +/- 0.0



REPORT for Queue : Recommender----------------------------------------

totArrivThrPut=0.027857542852823332 totDeptThrPut=0.027857542852823332
meanTotTkPop=0.0024782529463599377 queueUtil=0.0024673945695396268
meanST=0.08896164889534648



REPORT for Queue of Queueing Place : I/productImages_category----------------------------------------

queueUtilQPl=0.0045765320066857495

------------------ Color = category --------------------
arrivCnt=276794 deptCnt=276794
arrivThrPut=0.027707092481788813 deptThrPut=0.027707092481788813
meanTkPop=0.004594070412152503 tkColOcp=0.0045765320066857495
-----
meanST=0.16580846276714425 stDevST=0.1742849385430202

Steady State Statistics: numBatchesST=345 batchSizeST=800 stDevStdStateMeanST=0.005866476319930294
95% c.i. = 0.1658166212719638 +/- 6.190359420429159E-4



REPORT for Depository of Queueing Place : I/productImages_category----------------------------------------

tkOcp=0.0

------------------ Color = category --------------------
arrivCnt=276794 deptCnt=276794
arrivThrPut=0.027707092481788813 deptThrPut=0.027707092481788813
meanTkPop=0.0 tkColOcp=0.0
-----
meanST=0.0 stDevST=0.0

Steady State Statistics: numBatchesST=1383 batchSizeST=200 stDevStdStateMeanST=0.0
95% c.i. = 0.0 +/- 0.0



REPORT for Queue : ImageProvider----------------------------------------

totArrivThrPut=0.16673054262113426 totDeptThrPut=0.16673054262113426
meanTotTkPop=0.03796484811496136 queueUtil=0.03503718729495295
meanST=0.22770182066299507



REPORT for Queue of Queueing Place : I/product_product----------------------------------------

queueUtilQPl=0.0033446309255887644

------------------ Color = product --------------------
arrivCnt=278297 deptCnt=278297
arrivThrPut=0.027857542852823332 deptThrPut=0.027857542852823332
meanTkPop=0.003376893383515372 tkColOcp=0.0033446309255887644
-----
meanST=0.12122007319009212 stDevST=0.17414229397082323

Steady State Statistics: numBatchesST=695 batchSizeST=400 stDevStdStateMeanST=0.009215071814763675
95% c.i. = 0.12122283008536273 +/- 6.851007024795889E-4



REPORT for Depository of Queueing Place : I/product_product----------------------------------------

tkOcp=0.0

------------------ Color = product --------------------
arrivCnt=278297 deptCnt=278297
arrivThrPut=0.027857542852823332 deptThrPut=0.027857542852823332
meanTkPop=0.0 tkColOcp=0.0
-----
meanST=0.0 stDevST=0.0

Steady State Statistics: numBatchesST=1391 batchSizeST=200 stDevStdStateMeanST=0.0
95% c.i. = 0.0 +/- 0.0



REPORT for Queue : ImageProvider----------------------------------------

totArrivThrPut=0.16673054262113426 totDeptThrPut=0.16673054262113426
meanTotTkPop=0.03796484811496136 queueUtil=0.03503718729495295
meanST=0.22770182066299507



REPORT for Queue of Queueing Place : Workload----------------------------------------

queueUtilQPl=1.0

------------------ Color = workload --------------------
arrivCnt=1665638 deptCnt=1665638
arrivThrPut=0.16673044252108699 deptThrPut=0.16673044252108699
meanTkPop=1.0 tkColOcp=1.0
-----
meanST=5.997704947454491 stDevST=5.9991340897360566

Steady State Statistics: numBatchesST=4164 batchSizeST=400 stDevStdStateMeanST=0.30209602025971033
95% c.i. = 5.997678780699087 +/- 0.009175668916297085



REPORT for Depository of Queueing Place : Workload----------------------------------------

tkOcp=0.0

------------------ Color = workload --------------------
arrivCnt=1665638 deptCnt=1665638
arrivThrPut=0.16673044252108699 deptThrPut=0.16673044252108699
meanTkPop=0.0 tkColOcp=0.0
-----
meanST=0.0 stDevST=0.0

Steady State Statistics: numBatchesST=8328 batchSizeST=200 stDevStdStateMeanST=0.0
95% c.i. = 0.0 +/- 0.0



REPORT for Queue : Workload----------------------------------------

totArrivThrPut=0.16673044252108699 totDeptThrPut=0.16673044252108699
meanTotTkPop=1.0 queueUtil=1.0
meanST=5.997704947454491



REPORT for Queue of Queueing Place : I/icon_index----------------------------------------

queueUtilQPl=0.0027463255381869624

------------------ Color = index --------------------
arrivCnt=277173 deptCnt=277173
arrivThrPut=0.027745030399701043 deptThrPut=0.027745030399701043
meanTkPop=0.002753746333685703 tkColOcp=0.0027463255381869624
-----
meanST=0.09925187660689588 stDevST=0.12495540708357089

Steady State Statistics: numBatchesST=692 batchSizeST=400 stDevStdStateMeanST=0.00659506662968576
95% c.i. = 0.0992528155924912 +/- 4.913763289005326E-4



REPORT for Depository of Queueing Place : I/icon_index----------------------------------------

tkOcp=0.0

------------------ Color = index --------------------
arrivCnt=277173 deptCnt=277173
arrivThrPut=0.027745030399701043 deptThrPut=0.027745030399701043
meanTkPop=0.0 tkColOcp=0.0
-----
meanST=0.0 stDevST=0.0

Steady State Statistics: numBatchesST=1385 batchSizeST=200 stDevStdStateMeanST=0.0
95% c.i. = 0.0 +/- 0.0



REPORT for Queue : ImageProvider----------------------------------------

totArrivThrPut=0.16673054262113426 totDeptThrPut=0.16673054262113426
meanTotTkPop=0.03796484811496136 queueUtil=0.03503718729495295
meanST=0.22770182066299507



REPORT for Queue of Queueing Place : P/categories_login----------------------------------------

queueUtilQPl=0.0105665389771986

------------------ Color = login --------------------
arrivCnt=277381 deptCnt=277381
arrivThrPut=0.0277658512095315 deptThrPut=0.0277658512095315
meanTkPop=0.010757345061028965 tkColOcp=0.0105665389771986
-----
meanST=0.3874307680989145 stDevST=0.5260857952539038

Steady State Statistics: numBatchesST=693 batchSizeST=400 stDevStdStateMeanST=0.028341721508891644
95% c.i. = 0.3873988590591591 +/- 0.002110122653682953



REPORT for Depository of Queueing Place : P/categories_login----------------------------------------

tkOcp=0.0

------------------ Color = login --------------------
arrivCnt=277381 deptCnt=277381
arrivThrPut=0.0277658512095315 deptThrPut=0.0277658512095315
meanTkPop=0.0 tkColOcp=0.0
-----
meanST=0.0 stDevST=0.0

Steady State Statistics: numBatchesST=1386 batchSizeST=200 stDevStdStateMeanST=0.0
95% c.i. = 0.0 +/- 0.0



REPORT for Queue : Persistence----------------------------------------

totArrivThrPut=0.166730442521087 totDeptThrPut=0.166730442521087
meanTotTkPop=0.08070582866393625 queueUtil=0.06476934630369083
meanST=0.48404974786610483



REPORT for Queue of Queueing Place : I/icon_login----------------------------------------

queueUtilQPl=0.005295516067589681

------------------ Color = login --------------------
arrivCnt=277381 deptCnt=277381
arrivThrPut=0.0277658512095315 deptThrPut=0.0277658512095315
meanTkPop=0.005329477557896966 tkColOcp=0.005295516067589681
-----
meanST=0.19194360431015545 stDevST=0.2107213547941395

Steady State Statistics: numBatchesST=693 batchSizeST=400 stDevStdStateMeanST=0.010324893246986213
95% c.i. = 0.19193999295426348 +/- 7.687179880900525E-4



REPORT for Depository of Queueing Place : I/icon_login----------------------------------------

tkOcp=0.0

------------------ Color = login --------------------
arrivCnt=277381 deptCnt=277381
arrivThrPut=0.0277658512095315 deptThrPut=0.0277658512095315
meanTkPop=0.0 tkColOcp=0.0
-----
meanST=0.0 stDevST=0.0

Steady State Statistics: numBatchesST=1386 batchSizeST=200 stDevStdStateMeanST=0.0
95% c.i. = 0.0 +/- 0.0



REPORT for Queue : ImageProvider----------------------------------------

totArrivThrPut=0.16673054262113426 totDeptThrPut=0.16673054262113426
meanTotTkPop=0.03796484811496136 queueUtil=0.03503718729495295
meanST=0.22770182066299507



REPORT for Queue of Queueing Place : A/isLoggedIn_login----------------------------------------

queueUtilQPl=0.01338512702885104

------------------ Color = login --------------------
arrivCnt=277381 deptCnt=277382
arrivThrPut=0.0277658512095315 deptThrPut=0.027765951309578762
meanTkPop=0.014675450459660224 tkColOcp=0.01338512702885104
-----
meanST=0.5285546160556972 stDevST=1.8533090968806503

Steady State Statistics: numBatchesST=693 batchSizeST=400 stDevStdStateMeanST=0.11843808209812952
95% c.i. = 0.5285782975754062 +/- 0.00881805574215446



REPORT for Depository of Queueing Place : A/isLoggedIn_login----------------------------------------

tkOcp=0.0

------------------ Color = login --------------------
arrivCnt=277382 deptCnt=277382
arrivThrPut=0.027765951309578762 deptThrPut=0.027765951309578762
meanTkPop=0.0 tkColOcp=0.0
-----
meanST=0.0 stDevST=0.0

Steady State Statistics: numBatchesST=1386 batchSizeST=200 stDevStdStateMeanST=0.0
95% c.i. = 0.0 +/- 0.0



REPORT for Queue : Auth----------------------------------------

totArrivThrPut=0.16673044252108699 totDeptThrPut=0.16673064272118152
meanTotTkPop=0.19472535459781476 queueUtil=0.12185034849602748
meanST=1.1679084250781453



REPORT for Queue of Queueing Place : A/isLoggedIn_category----------------------------------------

queueUtilQPl=0.015628327481239806

------------------ Color = category --------------------
arrivCnt=276794 deptCnt=276794
arrivThrPut=0.027707092481788813 deptThrPut=0.027707092481788813
meanTkPop=0.016583874361742433 tkColOcp=0.015628327481239806
-----
meanST=0.5985425707386152 stDevST=1.7171309621284199

Steady State Statistics: numBatchesST=691 batchSizeST=400 stDevStdStateMeanST=0.10049108059470477
95% c.i. = 0.598347759704898 +/- 0.007492669624669226



REPORT for Depository of Queueing Place : A/isLoggedIn_category----------------------------------------

tkOcp=0.0

------------------ Color = category --------------------
arrivCnt=276794 deptCnt=276794
arrivThrPut=0.027707092481788813 deptThrPut=0.027707092481788813
meanTkPop=0.0 tkColOcp=0.0
-----
meanST=0.0 stDevST=0.0

Steady State Statistics: numBatchesST=1383 batchSizeST=200 stDevStdStateMeanST=0.0
95% c.i. = 0.0 +/- 0.0



REPORT for Queue : Auth----------------------------------------

totArrivThrPut=0.16673044252108699 totDeptThrPut=0.16673064272118152
meanTotTkPop=0.19472535459781476 queueUtil=0.12185034849602748
meanST=1.1679084250781453



REPORT for Queue of Queueing Place : I/icon_logout----------------------------------------

queueUtilQPl=0.017515121708321764

------------------ Color = logout --------------------
arrivCnt=277644 deptCnt=277644
arrivThrPut=0.02779217752196136 deptThrPut=0.02779217752196136
meanTkPop=0.01804424925697132 tkColOcp=0.017515121708321764
-----
meanST=0.649256404710022 stDevST=0.6416547454981772

Steady State Statistics: numBatchesST=694 batchSizeST=400 stDevStdStateMeanST=0.033691695072661745
95% c.i. = 0.6492485205086491 +/- 0.0025066356801131673



REPORT for Depository of Queueing Place : I/icon_logout----------------------------------------

tkOcp=0.0

------------------ Color = logout --------------------
arrivCnt=277644 deptCnt=277644
arrivThrPut=0.02779217752196136 deptThrPut=0.02779217752196136
meanTkPop=0.0 tkColOcp=0.0
-----
meanST=0.0 stDevST=0.0

Steady State Statistics: numBatchesST=1388 batchSizeST=200 stDevStdStateMeanST=0.0
95% c.i. = 0.0 +/- 0.0



REPORT for Queue : ImageProvider----------------------------------------

totArrivThrPut=0.16673054262113426 totDeptThrPut=0.16673054262113426
meanTotTkPop=0.03796484811496136 queueUtil=0.03503718729495295
meanST=0.22770182066299507



REPORT for Queue of Queueing Place : I/icon_loginAction----------------------------------------

queueUtilQPl=0.0037999921287702578

------------------ Color = loginAction --------------------
arrivCnt=278350 deptCnt=278350
arrivThrPut=0.027862848155328208 deptThrPut=0.027862848155328208
meanTkPop=0.003866411170739502 tkColOcp=0.0037999921287702578
-----
meanST=0.13876582713961094 stDevST=0.20463098875103444

Steady State Statistics: numBatchesST=695 batchSizeST=400 stDevStdStateMeanST=0.011018683417753502
95% c.i. = 0.13874420960580983 +/- 8.191914183250146E-4



REPORT for Depository of Queueing Place : I/icon_loginAction----------------------------------------

tkOcp=0.0

------------------ Color = loginAction --------------------
arrivCnt=278350 deptCnt=278350
arrivThrPut=0.027862848155328208 deptThrPut=0.027862848155328208
meanTkPop=0.0 tkColOcp=0.0
-----
meanST=0.0 stDevST=0.0

Steady State Statistics: numBatchesST=1391 batchSizeST=200 stDevStdStateMeanST=0.0
95% c.i. = 0.0 +/- 0.0



REPORT for Queue : ImageProvider----------------------------------------

totArrivThrPut=0.16673054262113426 totDeptThrPut=0.16673054262113426
meanTotTkPop=0.03796484811496136 queueUtil=0.03503718729495295
meanST=0.22770182066299507



REPORT for Queue of Queueing Place : A/isLoggedIn_product----------------------------------------

queueUtilQPl=0.014340171899791193

------------------ Color = product --------------------
arrivCnt=278297 deptCnt=278297
arrivThrPut=0.027857542852823332 deptThrPut=0.027857542852823332
meanTkPop=0.015843033666673254 tkColOcp=0.014340171899791193
-----
meanST=0.5687161193783312 stDevST=1.9396794959803603

Steady State Statistics: numBatchesST=695 batchSizeST=400 stDevStdStateMeanST=0.11234623333752725
95% c.i. = 0.5683492266009674 +/- 0.008352456163951189



REPORT for Depository of Queueing Place : A/isLoggedIn_product----------------------------------------

tkOcp=0.0

------------------ Color = product --------------------
arrivCnt=278297 deptCnt=278297
arrivThrPut=0.027857542852823332 deptThrPut=0.027857542852823332
meanTkPop=0.0 tkColOcp=0.0
-----
meanST=0.0 stDevST=0.0

Steady State Statistics: numBatchesST=1391 batchSizeST=200 stDevStdStateMeanST=0.0
95% c.i. = 0.0 +/- 0.0



REPORT for Queue : Auth----------------------------------------

totArrivThrPut=0.16673044252108699 totDeptThrPut=0.16673064272118152
meanTotTkPop=0.19472535459781476 queueUtil=0.12185034849602748
meanST=1.1679084250781453



REPORT for Queue of Queueing Place : P/category_logout----------------------------------------

queueUtilQPl=0.008099003487789039

------------------ Color = logout --------------------
arrivCnt=277644 deptCnt=277644
arrivThrPut=0.02779217752196136 deptThrPut=0.02779217752196136
meanTkPop=0.008368245612954005 tkColOcp=0.008099003487789039
-----
meanST=0.30110075420831717 stDevST=0.5291869497229024

Steady State Statistics: numBatchesST=694 batchSizeST=400 stDevStdStateMeanST=0.029962793053667367
95% c.i. = 0.3010835884446582 +/- 0.0022292082954624695



REPORT for Depository of Queueing Place : P/category_logout----------------------------------------

tkOcp=0.0

------------------ Color = logout --------------------
arrivCnt=277644 deptCnt=277644
arrivThrPut=0.02779217752196136 deptThrPut=0.02779217752196136
meanTkPop=0.0 tkColOcp=0.0
-----
meanST=0.0 stDevST=0.0

Steady State Statistics: numBatchesST=1388 batchSizeST=200 stDevStdStateMeanST=0.0
95% c.i. = 0.0 +/- 0.0



REPORT for Queue : Persistence----------------------------------------

totArrivThrPut=0.166730442521087 totDeptThrPut=0.166730442521087
meanTotTkPop=0.08070582866393625 queueUtil=0.06476934630369083
meanST=0.48404974786610483



REPORT for Ordinary Place : Finish_index----------------------------------------

tkOcp=1.0

------------------ Color = index --------------------
arrivCnt=277173 deptCnt=0
arrivThrPut=0.027745030399701043 deptThrPut=0.0
meanTkPop=138782.5985018028 tkColOcp=1.0
-----
meanST=NaN stDevST=NaN

Steady State Statistics: Only 0 batches collected!
Need at least 60 for steady state statistics.



REPORT for Ordinary Place : Finish_login----------------------------------------

tkOcp=1.0000000000000002

------------------ Color = login --------------------
arrivCnt=277382 deptCnt=0
arrivThrPut=0.027765951309578762 deptThrPut=0.0
meanTkPop=138915.51832810417 tkColOcp=1.0000000000000002
-----
meanST=NaN stDevST=NaN

Steady State Statistics: Only 0 batches collected!
Need at least 60 for steady state statistics.



REPORT for Ordinary Place : Finish_loginAction----------------------------------------

tkOcp=1.0

------------------ Color = loginAction --------------------
arrivCnt=278350 deptCnt=0
arrivThrPut=0.027862848155328208 deptThrPut=0.0
meanTkPop=139531.09115672047 tkColOcp=1.0
-----
meanST=NaN stDevST=NaN

Steady State Statistics: Only 0 batches collected!
Need at least 60 for steady state statistics.



REPORT for Ordinary Place : Finish_category----------------------------------------

tkOcp=1.0000000000000002

------------------ Color = category --------------------
arrivCnt=276794 deptCnt=0
arrivThrPut=0.027707092481788813 deptThrPut=0.0
meanTkPop=138667.59577617087 tkColOcp=1.0000000000000002
-----
meanST=NaN stDevST=NaN

Steady State Statistics: Only 0 batches collected!
Need at least 60 for steady state statistics.



REPORT for Ordinary Place : Finish_product----------------------------------------

tkOcp=1.0

------------------ Color = product --------------------
arrivCnt=278297 deptCnt=0
arrivThrPut=0.027857542852823332 deptThrPut=0.0
meanTkPop=139496.88690276048 tkColOcp=1.0
-----
meanST=NaN stDevST=NaN

Steady State Statistics: Only 0 batches collected!
Need at least 60 for steady state statistics.



REPORT for Ordinary Place : Finish_logout----------------------------------------

tkOcp=1.0

------------------ Color = logout --------------------
arrivCnt=277644 deptCnt=0
arrivThrPut=0.02779217752196136 deptThrPut=0.0
meanTkPop=139548.35108741163 tkColOcp=1.0
-----
meanST=NaN stDevST=NaN

Steady State Statistics: Only 0 batches collected!
Need at least 60 for steady state statistics.



REPORT REPORT for Probe : /index----------------------------------------


------------------ Color = index --------------------
-----
meanST=5.222055436278271 stDevST=4.515240605157302

Steady State Statistics: numBatchesST=692 batchSizeST=400 stDevStdStateMeanST=0.290709694731489
95% c.i. = 5.221294239830803 +/- 0.02165980582060624



REPORT REPORT for Probe : /login----------------------------------------


------------------ Color = login --------------------
-----
meanST=2.690964693339071 stDevST=2.653368925209938

Steady State Statistics: numBatchesST=693 batchSizeST=400 stDevStdStateMeanST=0.16410038706980956
95% c.i. = 2.690998500003351 +/- 0.012217745634311961



REPORT REPORT for Probe : /loginAction----------------------------------------


------------------ Color = loginAction --------------------
-----
meanST=1.6275626083274262 stDevST=2.419376899514454

Steady State Statistics: numBatchesST=695 batchSizeST=400 stDevStdStateMeanST=0.14679555486027984
95% c.i. = 1.627596140943046 +/- 0.010913614107112404



REPORT REPORT for Probe : /logout----------------------------------------


------------------ Color = logout --------------------
-----
meanST=2.243820542745259 stDevST=2.4711771347480043

Steady State Statistics: numBatchesST=694 batchSizeST=400 stDevStdStateMeanST=0.14306694229795802
95% c.i. = 2.2438125578365797 +/- 0.010644068261787857



REPORT REPORT for Probe : /category----------------------------------------


------------------ Color = category --------------------
-----
meanST=5.064025633154282 stDevST=3.618341454150913

Steady State Statistics: numBatchesST=691 batchSizeST=400 stDevStdStateMeanST=0.21042198542423737
95% c.i. = 5.063817443961917 +/- 0.015689177678460068



REPORT REPORT for Probe : /product----------------------------------------


------------------ Color = product --------------------
-----
meanST=2.070731752310701 stDevST=2.568262016747599

Steady State Statistics: numBatchesST=695 batchSizeST=400 stDevStdStateMeanST=0.14963733244009372
95% c.i. = 2.0703660645297153 +/- 0.0111248879696885



