INFO Logging to /home/yjx/workloadConfig/qpme/output/SimQPN_Output_config_2025-08-14_080320330.log
WARN Batch means correlation test was run for depository of place Workload, color 0
    However, the standard deviation of the token residence time is 0 and therefore the result of the test is ignored!
    In future runs, you should set numBMeansCorlTested to 0 to switch off the correlation test!
WARN Batch means correlation test was run for depository of place W/product, color 0
    However, the standard deviation of the token residence time is 0 and therefore the result of the test is ignored!
    In future runs, you should set numBMeansCorlTested to 0 to switch off the correlation test!
WARN Batch means correlation test was run for depository of place P/getProduct_product, color 0
    However, the standard deviation of the token residence time is 0 and therefore the result of the test is ignored!
    In future runs, you should set numBMeansCorlTested to 0 to switch off the correlation test!
WARN Batch means correlation test was run for depository of place R/getAds_product, color 0
    However, the standard deviation of the token residence time is 0 and therefore the result of the test is ignored!
    In future runs, you should set numBMeansCorlTested to 0 to switch off the correlation test!
WARN Batch means correlation test was run for depository of place I/product_product, color 0
    However, the standard deviation of the token residence time is 0 and therefore the result of the test is ignored!
    In future runs, you should set numBMeansCorlTested to 0 to switch off the correlation test!
WARN Batch means correlation test was run for depository of place A/isLoggedIn_product, color 0
    However, the standard deviation of the token residence time is 0 and therefore the result of the test is ignored!
    In future runs, you should set numBMeansCorlTested to 0 to switch off the correlation test!
WARN Batch means correlation test was run for depository of place W/index, color 0
    However, the standard deviation of the token residence time is 0 and therefore the result of the test is ignored!
    In future runs, you should set numBMeansCorlTested to 0 to switch off the correlation test!
WARN Batch means correlation test was run for depository of place P/categories_index, color 0
    However, the standard deviation of the token residence time is 0 and therefore the result of the test is ignored!
    In future runs, you should set numBMeansCorlTested to 0 to switch off the correlation test!
WARN Batch means correlation test was run for depository of place A/isLoggedIn_index, color 0
    However, the standard deviation of the token residence time is 0 and therefore the result of the test is ignored!
    In future runs, you should set numBMeansCorlTested to 0 to switch off the correlation test!
WARN Batch means correlation test was run for depository of place I/icon_index, color 0
    However, the standard deviation of the token residence time is 0 and therefore the result of the test is ignored!
    In future runs, you should set numBMeansCorlTested to 0 to switch off the correlation test!
WARN Batch means correlation test was run for depository of place W/login, color 0
    However, the standard deviation of the token residence time is 0 and therefore the result of the test is ignored!
    In future runs, you should set numBMeansCorlTested to 0 to switch off the correlation test!
WARN Batch means correlation test was run for depository of place P/categories_login, color 0
    However, the standard deviation of the token residence time is 0 and therefore the result of the test is ignored!
    In future runs, you should set numBMeansCorlTested to 0 to switch off the correlation test!
WARN Batch means correlation test was run for depository of place I/icon_login, color 0
    However, the standard deviation of the token residence time is 0 and therefore the result of the test is ignored!
    In future runs, you should set numBMeansCorlTested to 0 to switch off the correlation test!
WARN Batch means correlation test was run for depository of place A/isLoggedIn_login, color 0
    However, the standard deviation of the token residence time is 0 and therefore the result of the test is ignored!
    In future runs, you should set numBMeansCorlTested to 0 to switch off the correlation test!
WARN Batch means correlation test was run for depository of place W/loginAction, color 0
    However, the standard deviation of the token residence time is 0 and therefore the result of the test is ignored!
    In future runs, you should set numBMeansCorlTested to 0 to switch off the correlation test!
WARN Batch means correlation test was run for depository of place A/login_loginAction, color 0
    However, the standard deviation of the token residence time is 0 and therefore the result of the test is ignored!
    In future runs, you should set numBMeansCorlTested to 0 to switch off the correlation test!
WARN Batch means correlation test was run for depository of place P/getUser_loginAction, color 0
    However, the standard deviation of the token residence time is 0 and therefore the result of the test is ignored!
    In future runs, you should set numBMeansCorlTested to 0 to switch off the correlation test!
WARN Batch means correlation test was run for depository of place I/icon_loginAction, color 0
    However, the standard deviation of the token residence time is 0 and therefore the result of the test is ignored!
    In future runs, you should set numBMeansCorlTested to 0 to switch off the correlation test!
WARN Batch means correlation test was run for depository of place W/category, color 0
    However, the standard deviation of the token residence time is 0 and therefore the result of the test is ignored!
    In future runs, you should set numBMeansCorlTested to 0 to switch off the correlation test!
WARN Batch means correlation test was run for depository of place P/category_category, color 0
    However, the standard deviation of the token residence time is 0 and therefore the result of the test is ignored!
    In future runs, you should set numBMeansCorlTested to 0 to switch off the correlation test!
WARN Batch means correlation test was run for depository of place I/productImages_category, color 0
    However, the standard deviation of the token residence time is 0 and therefore the result of the test is ignored!
    In future runs, you should set numBMeansCorlTested to 0 to switch off the correlation test!
WARN Batch means correlation test was run for depository of place A/isLoggedIn_category, color 0
    However, the standard deviation of the token residence time is 0 and therefore the result of the test is ignored!
    In future runs, you should set numBMeansCorlTested to 0 to switch off the correlation test!
WARN Batch means correlation test was run for depository of place W/logout, color 0
    However, the standard deviation of the token residence time is 0 and therefore the result of the test is ignored!
    In future runs, you should set numBMeansCorlTested to 0 to switch off the correlation test!
WARN Batch means correlation test was run for depository of place A/logout_logout, color 0
    However, the standard deviation of the token residence time is 0 and therefore the result of the test is ignored!
    In future runs, you should set numBMeansCorlTested to 0 to switch off the correlation test!
WARN Batch means correlation test was run for depository of place P/category_logout, color 0
    However, the standard deviation of the token residence time is 0 and therefore the result of the test is ignored!
    In future runs, you should set numBMeansCorlTested to 0 to switch off the correlation test!
WARN Batch means correlation test was run for depository of place I/icon_logout, color 0
    However, the standard deviation of the token residence time is 0 and therefore the result of the test is ignored!
    In future runs, you should set numBMeansCorlTested to 0 to switch off the correlation test!
WARN LP-1 The simulation was stopped because of reaching max totalRunLen.
The required precision may not have been reached!
REPORT for Queue of Queueing Place : W/index----------------------------------------

queueUtilQPl=0.005016103877753004

------------------ Color = index --------------------
arrivCnt=277534 deptCnt=277534
arrivThrPut=0.027781214390883314 deptThrPut=0.027781214390883314
meanTkPop=0.005096055193286689 tkColOcp=0.005016103877753004
-----
meanST=0.18343529269760833 stDevST=0.41919707182610055

Steady State Statistics: numBatchesST=693 batchSizeST=400 stDevStdStateMeanST=0.021986857761546918
95% c.i. = 0.1833790296854158 +/- 0.0016369847763619274



REPORT for Depository of Queueing Place : W/index----------------------------------------

tkOcp=0.0

------------------ Color = index --------------------
arrivCnt=277534 deptCnt=277534
arrivThrPut=0.027781214390883314 deptThrPut=0.027781214390883314
meanTkPop=0.0 tkColOcp=0.0
-----
meanST=0.0 stDevST=0.0

Steady State Statistics: numBatchesST=1387 batchSizeST=200 stDevStdStateMeanST=0.0
95% c.i. = 0.0 +/- 0.0



REPORT for Queue : WebUI----------------------------------------

totArrivThrPut=0.1666065054679535 totDeptThrPut=0.16660640536773375
meanTotTkPop=0.09436553963451082 queueUtil=0.0818865097750526
meanST=0.5663978623909642



REPORT for Queue of Queueing Place : P/categories_index----------------------------------------

queueUtilQPl=0.02243198360819523

------------------ Color = index --------------------
arrivCnt=277534 deptCnt=277534
arrivThrPut=0.027781214390883314 deptThrPut=0.027781214390883314
meanTkPop=0.02450458264642914 tkColOcp=0.02243198360819523
-----
meanST=0.8820558490225887 stDevST=2.211619959330026

Steady State Statistics: numBatchesST=693 batchSizeST=400 stDevStdStateMeanST=0.13548277372661915
95% c.i. = 0.8821182666517969 +/- 0.010087082040328776



REPORT for Depository of Queueing Place : P/categories_index----------------------------------------

tkOcp=0.0

------------------ Color = index --------------------
arrivCnt=277534 deptCnt=277534
arrivThrPut=0.027781214390883314 deptThrPut=0.027781214390883314
meanTkPop=0.0 tkColOcp=0.0
-----
meanST=0.0 stDevST=0.0

Steady State Statistics: numBatchesST=1387 batchSizeST=200 stDevStdStateMeanST=0.0
95% c.i. = 0.0 +/- 0.0



REPORT for Queue : Persistence----------------------------------------

totArrivThrPut=0.16660640536773375 totDeptThrPut=0.16660640536773375
meanTotTkPop=0.29237418227341866 queueUtil=0.18329571589591667
meanST=1.7548796015860864



REPORT for Queue of Queueing Place : A/isLoggedIn_index----------------------------------------

queueUtilQPl=0.0042616031787230165

------------------ Color = index --------------------
arrivCnt=277534 deptCnt=277534
arrivThrPut=0.027781214390883314 deptThrPut=0.027781214390883314
meanTkPop=0.0043131241060589175 tkColOcp=0.0042616031787230165
-----
meanST=0.1552532601841305 stDevST=0.17469939920535948

Steady State Statistics: numBatchesST=693 batchSizeST=400 stDevStdStateMeanST=0.00912120150233285
95% c.i. = 0.15525593492424697 +/- 6.790996768788804E-4



REPORT for Depository of Queueing Place : A/isLoggedIn_index----------------------------------------

tkOcp=0.0

------------------ Color = index --------------------
arrivCnt=277534 deptCnt=277534
arrivThrPut=0.027781214390883314 deptThrPut=0.027781214390883314
meanTkPop=0.0 tkColOcp=0.0
-----
meanST=0.0 stDevST=0.0

Steady State Statistics: numBatchesST=1387 batchSizeST=200 stDevStdStateMeanST=0.0
95% c.i. = 0.0 +/- 0.0



REPORT for Queue : Auth----------------------------------------

totArrivThrPut=0.16660640536773375 totDeptThrPut=0.16660640536773375
meanTotTkPop=0.0352680118236102 queueUtil=0.03297669037597563
meanST=0.21168460927877666



REPORT for Queue of Queueing Place : W/login----------------------------------------

queueUtilQPl=0.023607186547469728

------------------ Color = login --------------------
arrivCnt=276810 deptCnt=276810
arrivThrPut=0.02770874183177704 deptThrPut=0.02770874183177704
meanTkPop=0.02419106122232726 tkColOcp=0.023607186547469728
-----
meanST=0.8730479849714569 stDevST=0.89377980556109

Steady State Statistics: numBatchesST=692 batchSizeST=400 stDevStdStateMeanST=0.04636519785960237
95% c.i. = 0.8730455450910487 +/- 0.003454515623913233



REPORT for Depository of Queueing Place : W/login----------------------------------------

tkOcp=0.0

------------------ Color = login --------------------
arrivCnt=276810 deptCnt=276810
arrivThrPut=0.02770874183177704 deptThrPut=0.02770874183177704
meanTkPop=0.0 tkColOcp=0.0
-----
meanST=0.0 stDevST=0.0

Steady State Statistics: numBatchesST=1384 batchSizeST=200 stDevStdStateMeanST=0.0
95% c.i. = 0.0 +/- 0.0



REPORT for Queue : WebUI----------------------------------------

totArrivThrPut=0.1666065054679535 totDeptThrPut=0.16660640536773375
meanTotTkPop=0.09436553963451082 queueUtil=0.0818865097750526
meanST=0.5663978623909642



REPORT for Queue of Queueing Place : W/loginAction----------------------------------------

queueUtilQPl=0.03582009319877354

------------------ Color = loginAction --------------------
arrivCnt=277628 deptCnt=277627
arrivThrPut=0.02779062381154076 deptThrPut=0.027790523711320996
meanTkPop=0.03716919023750929 tkColOcp=0.03582009319877354
-----
meanST=1.337476142948101 stDevST=1.3273218179654176

Steady State Statistics: numBatchesST=173 batchSizeST=1600 stDevStdStateMeanST=0.037977441130916695
95% c.i. = 1.337650491104041 +/- 0.005699302087794547



REPORT for Depository of Queueing Place : W/loginAction----------------------------------------

tkOcp=0.0

------------------ Color = loginAction --------------------
arrivCnt=277627 deptCnt=277627
arrivThrPut=0.027790523711320996 deptThrPut=0.027790523711320996
meanTkPop=0.0 tkColOcp=0.0
-----
meanST=0.0 stDevST=0.0

Steady State Statistics: numBatchesST=1388 batchSizeST=200 stDevStdStateMeanST=0.0
95% c.i. = 0.0 +/- 0.0



REPORT for Queue : WebUI----------------------------------------

totArrivThrPut=0.1666065054679535 totDeptThrPut=0.16660640536773375
meanTotTkPop=0.09436553963451082 queueUtil=0.0818865097750526
meanST=0.5663978623909642



REPORT for Queue of Queueing Place : A/login_loginAction----------------------------------------

queueUtilQPl=0.006033990103381057

------------------ Color = loginAction --------------------
arrivCnt=277627 deptCnt=277627
arrivThrPut=0.027790523711320996 deptThrPut=0.027790523711320996
meanTkPop=0.006070198053085712 tkColOcp=0.006033990103381057
-----
meanST=0.2184269039382263 stDevST=0.22370764490752773

Steady State Statistics: numBatchesST=347 batchSizeST=800 stDevStdStateMeanST=0.008472849758977193
95% c.i. = 0.21842742885664548 +/- 8.91482575682222E-4



REPORT for Depository of Queueing Place : A/login_loginAction----------------------------------------

tkOcp=0.0

------------------ Color = loginAction --------------------
arrivCnt=277627 deptCnt=277627
arrivThrPut=0.027790523711320996 deptThrPut=0.027790523711320996
meanTkPop=0.0 tkColOcp=0.0
-----
meanST=0.0 stDevST=0.0

Steady State Statistics: numBatchesST=1388 batchSizeST=200 stDevStdStateMeanST=0.0
95% c.i. = 0.0 +/- 0.0



REPORT for Queue : Auth----------------------------------------

totArrivThrPut=0.16660640536773375 totDeptThrPut=0.16660640536773375
meanTotTkPop=0.0352680118236102 queueUtil=0.03297669037597563
meanST=0.21168460927877666



REPORT for Queue of Queueing Place : W/logout----------------------------------------

queueUtilQPl=0.006971089921752707

------------------ Color = logout --------------------
arrivCnt=278147 deptCnt=278147
arrivThrPut=0.027842575825596218 deptThrPut=0.027842575825596218
meanTkPop=0.007068172791739611 tkColOcp=0.006971089921752707
-----
meanST=0.25386202900242094 stDevST=0.4367229246401581

Steady State Statistics: numBatchesST=695 batchSizeST=400 stDevStdStateMeanST=0.022153101233817734
95% c.i. = 0.25384727440664234 +/- 0.0016469871882142462



REPORT for Depository of Queueing Place : W/logout----------------------------------------

tkOcp=0.0

------------------ Color = logout --------------------
arrivCnt=278147 deptCnt=278147
arrivThrPut=0.027842575825596218 deptThrPut=0.027842575825596218
meanTkPop=0.0 tkColOcp=0.0
-----
meanST=0.0 stDevST=0.0

Steady State Statistics: numBatchesST=1390 batchSizeST=200 stDevStdStateMeanST=0.0
95% c.i. = 0.0 +/- 0.0



REPORT for Queue : WebUI----------------------------------------

totArrivThrPut=0.1666065054679535 totDeptThrPut=0.16660640536773375
meanTotTkPop=0.09436553963451082 queueUtil=0.0818865097750526
meanST=0.5663978623909642



REPORT for Queue of Queueing Place : A/logout_logout----------------------------------------

queueUtilQPl=0.003184574586370211

------------------ Color = logout --------------------
arrivCnt=278147 deptCnt=278147
arrivThrPut=0.027842575825596218 deptThrPut=0.027842575825596218
meanTkPop=0.003202179515709569 tkColOcp=0.003184574586370211
-----
meanST=0.11501017491225592 stDevST=0.13681853252224827

Steady State Statistics: numBatchesST=695 batchSizeST=400 stDevStdStateMeanST=0.006749517779301962
95% c.i. = 0.11499827197619605 +/- 5.017974319624808E-4



REPORT for Depository of Queueing Place : A/logout_logout----------------------------------------

tkOcp=0.0

------------------ Color = logout --------------------
arrivCnt=278147 deptCnt=278147
arrivThrPut=0.027842575825596218 deptThrPut=0.027842575825596218
meanTkPop=0.0 tkColOcp=0.0
-----
meanST=0.0 stDevST=0.0

Steady State Statistics: numBatchesST=1390 batchSizeST=200 stDevStdStateMeanST=0.0
95% c.i. = 0.0 +/- 0.0



REPORT for Queue : Auth----------------------------------------

totArrivThrPut=0.16660640536773375 totDeptThrPut=0.16660640536773375
meanTotTkPop=0.0352680118236102 queueUtil=0.03297669037597563
meanST=0.21168460927877666



REPORT for Queue of Queueing Place : P/getUser_loginAction----------------------------------------

queueUtilQPl=0.10827812504958788

------------------ Color = loginAction --------------------
arrivCnt=277627 deptCnt=277627
arrivThrPut=0.027790523711320996 deptThrPut=0.027790523711320996
meanTkPop=0.12096522886289438 tkColOcp=0.10827812504958788
-----
meanST=4.352750963581766 stDevST=4.29747608218743

Steady State Statistics: numBatchesST=694 batchSizeST=400 stDevStdStateMeanST=0.28383095734911284
95% c.i. = 4.352815862466411 +/- 0.02111680054320749



REPORT for Depository of Queueing Place : P/getUser_loginAction----------------------------------------

tkOcp=0.0

------------------ Color = loginAction --------------------
arrivCnt=277627 deptCnt=277627
arrivThrPut=0.027790523711320996 deptThrPut=0.027790523711320996
meanTkPop=0.0 tkColOcp=0.0
-----
meanST=0.0 stDevST=0.0

Steady State Statistics: numBatchesST=1388 batchSizeST=200 stDevStdStateMeanST=0.0
95% c.i. = 0.0 +/- 0.0



REPORT for Queue : Persistence----------------------------------------

totArrivThrPut=0.16660640536773375 totDeptThrPut=0.16660640536773375
meanTotTkPop=0.29237418227341866 queueUtil=0.18329571589591667
meanST=1.7548796015860864



REPORT for Queue of Queueing Place : W/category----------------------------------------

queueUtilQPl=0.012988300922430175

------------------ Color = category --------------------
arrivCnt=276495 deptCnt=276495
arrivThrPut=0.02767721026255263 deptThrPut=0.02767721026255263
meanTkPop=0.013188626341310749 tkColOcp=0.012988300922430175
-----
meanST=0.47651574043049455 stDevST=0.5709581518799787

Steady State Statistics: numBatchesST=691 batchSizeST=400 stDevStdStateMeanST=0.030309921692919385
95% c.i. = 0.47653740541325995 +/- 0.0022599242465167276



REPORT for Depository of Queueing Place : W/category----------------------------------------

tkOcp=0.0

------------------ Color = category --------------------
arrivCnt=276495 deptCnt=276495
arrivThrPut=0.02767721026255263 deptThrPut=0.02767721026255263
meanTkPop=0.0 tkColOcp=0.0
-----
meanST=0.0 stDevST=0.0

Steady State Statistics: numBatchesST=1382 batchSizeST=200 stDevStdStateMeanST=0.0
95% c.i. = 0.0 +/- 0.0



REPORT for Queue : WebUI----------------------------------------

totArrivThrPut=0.1666065054679535 totDeptThrPut=0.16660640536773375
meanTotTkPop=0.09436553963451082 queueUtil=0.0818865097750526
meanST=0.5663978623909642



REPORT for Queue of Queueing Place : W/product----------------------------------------

queueUtilQPl=0.007551656812131072

------------------ Color = product --------------------
arrivCnt=277783 deptCnt=277783
arrivThrPut=0.027806139345603564 deptThrPut=0.027806139345603564
meanTkPop=0.007652433848337208 tkColOcp=0.007551656812131072
-----
meanST=0.27520662804802987 stDevST=0.45213356467093496

Steady State Statistics: numBatchesST=694 batchSizeST=400 stDevStdStateMeanST=0.02366835432193924
95% c.i. = 0.2752264422218452 +/- 0.001760906992212265



REPORT for Depository of Queueing Place : W/product----------------------------------------

tkOcp=0.0

------------------ Color = product --------------------
arrivCnt=277783 deptCnt=277783
arrivThrPut=0.027806139345603564 deptThrPut=0.027806139345603564
meanTkPop=0.0 tkColOcp=0.0
-----
meanST=0.0 stDevST=0.0

Steady State Statistics: numBatchesST=1388 batchSizeST=200 stDevStdStateMeanST=0.0
95% c.i. = 0.0 +/- 0.0



REPORT for Queue : WebUI----------------------------------------

totArrivThrPut=0.1666065054679535 totDeptThrPut=0.16660640536773375
meanTotTkPop=0.09436553963451082 queueUtil=0.0818865097750526
meanST=0.5663978623909642



REPORT for Queue of Queueing Place : P/category_category----------------------------------------

queueUtilQPl=0.03318208299512544

------------------ Color = category --------------------
arrivCnt=276495 deptCnt=276495
arrivThrPut=0.02767721026255263 deptThrPut=0.02767721026255263
meanTkPop=0.03560272095319814 tkColOcp=0.03318208299512544
-----
meanST=1.286355113664355 stDevST=2.2770262067072675

Steady State Statistics: numBatchesST=691 batchSizeST=400 stDevStdStateMeanST=0.1400079145958758
95% c.i. = 1.2864158010681568 +/- 0.010439066260384895



REPORT for Depository of Queueing Place : P/category_category----------------------------------------

tkOcp=0.0

------------------ Color = category --------------------
arrivCnt=276495 deptCnt=276495
arrivThrPut=0.02767721026255263 deptThrPut=0.02767721026255263
meanTkPop=0.0 tkColOcp=0.0
-----
meanST=0.0 stDevST=0.0

Steady State Statistics: numBatchesST=1382 batchSizeST=200 stDevStdStateMeanST=0.0
95% c.i. = 0.0 +/- 0.0



REPORT for Queue : Persistence----------------------------------------

totArrivThrPut=0.16660640536773375 totDeptThrPut=0.16660640536773375
meanTotTkPop=0.29237418227341866 queueUtil=0.18329571589591667
meanST=1.7548796015860864



REPORT for Queue of Queueing Place : P/getProduct_product----------------------------------------

queueUtilQPl=0.06185188709473044

------------------ Color = product --------------------
arrivCnt=277783 deptCnt=277783
arrivThrPut=0.027806139345603564 deptThrPut=0.027806139345603564
meanTkPop=0.06683138879749069 tkColOcp=0.06185188709473044
-----
meanST=2.4034760081880053 stDevST=2.8086914695563383

Steady State Statistics: numBatchesST=694 batchSizeST=400 stDevStdStateMeanST=0.16179791569897445
95% c.i. = 2.403677827020581 +/- 0.012037637987175056



REPORT for Depository of Queueing Place : P/getProduct_product----------------------------------------

tkOcp=0.0

------------------ Color = product --------------------
arrivCnt=277783 deptCnt=277783
arrivThrPut=0.027806139345603564 deptThrPut=0.027806139345603564
meanTkPop=0.0 tkColOcp=0.0
-----
meanST=0.0 stDevST=0.0

Steady State Statistics: numBatchesST=1388 batchSizeST=200 stDevStdStateMeanST=0.0
95% c.i. = 0.0 +/- 0.0



REPORT for Queue : Persistence----------------------------------------

totArrivThrPut=0.16660640536773375 totDeptThrPut=0.16660640536773375
meanTotTkPop=0.29237418227341866 queueUtil=0.18329571589591667
meanST=1.7548796015860864



REPORT for Queue of Queueing Place : R/getAds_product----------------------------------------

queueUtilQPl=0.0030104301500462416

------------------ Color = product --------------------
arrivCnt=277783 deptCnt=277783
arrivThrPut=0.027806139345603564 deptThrPut=0.027806139345603564
meanTkPop=0.0030198899353510605 tkColOcp=0.0030104301500462416
-----
meanST=0.1086051500288024 stDevST=0.10890308087537268

Steady State Statistics: numBatchesST=694 batchSizeST=400 stDevStdStateMeanST=0.005582885025730812
95% c.i. = 0.10860239032218642 +/- 4.153622657834645E-4



REPORT for Depository of Queueing Place : R/getAds_product----------------------------------------

tkOcp=0.0

------------------ Color = product --------------------
arrivCnt=277783 deptCnt=277783
arrivThrPut=0.027806139345603564 deptThrPut=0.027806139345603564
meanTkPop=0.0 tkColOcp=0.0
-----
meanST=0.0 stDevST=0.0

Steady State Statistics: numBatchesST=1388 batchSizeST=200 stDevStdStateMeanST=0.0
95% c.i. = 0.0 +/- 0.0



REPORT for Queue : Recommender----------------------------------------

totArrivThrPut=0.027806139345603564 totDeptThrPut=0.027806139345603564
meanTotTkPop=0.0030198899353510605 queueUtil=0.0030104301500462416
meanST=0.1086051500288024



REPORT for Queue of Queueing Place : I/productImages_category----------------------------------------

queueUtilQPl=0.0031979009138756076

------------------ Color = category --------------------
arrivCnt=276495 deptCnt=276495
arrivThrPut=0.02767721026255263 deptThrPut=0.02767721026255263
meanTkPop=0.0032242132603728076 tkColOcp=0.0031979009138756076
-----
meanST=0.11649343375965822 stDevST=0.13806715200390773

Steady State Statistics: numBatchesST=86 batchSizeST=3200 stDevStdStateMeanST=0.002469297619585885
95% c.i. = 0.11647552152398818 +/- 5.294185398264573E-4



REPORT for Depository of Queueing Place : I/productImages_category----------------------------------------

tkOcp=0.0

------------------ Color = category --------------------
arrivCnt=276495 deptCnt=276495
arrivThrPut=0.02767721026255263 deptThrPut=0.02767721026255263
meanTkPop=0.0 tkColOcp=0.0
-----
meanST=0.0 stDevST=0.0

Steady State Statistics: numBatchesST=1382 batchSizeST=200 stDevStdStateMeanST=0.0
95% c.i. = 0.0 +/- 0.0



REPORT for Queue : ImageProvider----------------------------------------

totArrivThrPut=0.16660640536773375 totDeptThrPut=0.16660640536773375
meanTotTkPop=0.03392376554954436 queueUtil=0.030379259735561017
meanST=0.20361621436263388



REPORT for Queue of Queueing Place : I/product_product----------------------------------------

queueUtilQPl=0.006502254869703111

------------------ Color = product --------------------
arrivCnt=277783 deptCnt=277783
arrivThrPut=0.027806139345603564 deptThrPut=0.027806139345603564
meanTkPop=0.006548499664106509 tkColOcp=0.006502254869703111
-----
meanST=0.23550553288663906 stDevST=0.23490977437335797

Steady State Statistics: numBatchesST=694 batchSizeST=400 stDevStdStateMeanST=0.011752761160474023
95% c.i. = 0.2355028655190924 +/- 8.743962095453275E-4



REPORT for Depository of Queueing Place : I/product_product----------------------------------------

tkOcp=0.0

------------------ Color = product --------------------
arrivCnt=277783 deptCnt=277783
arrivThrPut=0.027806139345603564 deptThrPut=0.027806139345603564
meanTkPop=0.0 tkColOcp=0.0
-----
meanST=0.0 stDevST=0.0

Steady State Statistics: numBatchesST=1388 batchSizeST=200 stDevStdStateMeanST=0.0
95% c.i. = 0.0 +/- 0.0



REPORT for Queue : ImageProvider----------------------------------------

totArrivThrPut=0.16660640536773375 totDeptThrPut=0.16660640536773375
meanTotTkPop=0.03392376554954436 queueUtil=0.030379259735561017
meanST=0.20361621436263388



REPORT for Queue of Queueing Place : Workload----------------------------------------

queueUtilQPl=1.0

------------------ Color = workload --------------------
arrivCnt=1664397 deptCnt=1664397
arrivThrPut=0.16660650546795353 deptThrPut=0.16660650546795353
meanTkPop=1.0 tkColOcp=1.0
-----
meanST=6.0021665852198565 stDevST=5.99914399672235

Steady State Statistics: numBatchesST=2080 batchSizeST=800 stDevStdStateMeanST=0.2057703973120682
95% c.i. = 6.002169705697694 +/- 0.00884299378275681



REPORT for Depository of Queueing Place : Workload----------------------------------------

tkOcp=0.0

------------------ Color = workload --------------------
arrivCnt=1664397 deptCnt=1664397
arrivThrPut=0.16660650546795353 deptThrPut=0.16660650546795353
meanTkPop=0.0 tkColOcp=0.0
-----
meanST=0.0 stDevST=0.0

Steady State Statistics: numBatchesST=8321 batchSizeST=200 stDevStdStateMeanST=0.0
95% c.i. = 0.0 +/- 0.0



REPORT for Queue : Workload----------------------------------------

totArrivThrPut=0.16660650546795353 totDeptThrPut=0.16660650546795353
meanTotTkPop=1.0 queueUtil=1.0
meanST=6.0021665852198565



REPORT for Queue of Queueing Place : I/icon_index----------------------------------------

queueUtilQPl=0.005865119938145565

------------------ Color = index --------------------
arrivCnt=277534 deptCnt=277534
arrivThrPut=0.027781214390883314 deptThrPut=0.027781214390883314
meanTkPop=0.005963660250052404 tkColOcp=0.005865119938145565
-----
meanST=0.21466521103589478 stDevST=0.22205970893339738

Steady State Statistics: numBatchesST=693 batchSizeST=400 stDevStdStateMeanST=0.011373250925594224
95% c.i. = 0.21467570184457288 +/- 8.467712314718708E-4



REPORT for Depository of Queueing Place : I/icon_index----------------------------------------

tkOcp=0.0

------------------ Color = index --------------------
arrivCnt=277534 deptCnt=277534
arrivThrPut=0.027781214390883314 deptThrPut=0.027781214390883314
meanTkPop=0.0 tkColOcp=0.0
-----
meanST=0.0 stDevST=0.0

Steady State Statistics: numBatchesST=1387 batchSizeST=200 stDevStdStateMeanST=0.0
95% c.i. = 0.0 +/- 0.0



REPORT for Queue : ImageProvider----------------------------------------

totArrivThrPut=0.16660640536773375 totDeptThrPut=0.16660640536773375
meanTotTkPop=0.03392376554954436 queueUtil=0.030379259735561017
meanST=0.20361621436263388



REPORT for Queue of Queueing Place : P/categories_login----------------------------------------

queueUtilQPl=0.019097910014093705

------------------ Color = login --------------------
arrivCnt=276810 deptCnt=276810
arrivThrPut=0.02770874183177704 deptThrPut=0.02770874183177704
meanTkPop=0.020912455253272795 tkColOcp=0.019097910014093705
-----
meanST=0.7547241004385806 stDevST=2.156365225759147

Steady State Statistics: numBatchesST=692 batchSizeST=400 stDevStdStateMeanST=0.13770453433417879
95% c.i. = 0.7547419409631836 +/- 0.010259903705826577



REPORT for Depository of Queueing Place : P/categories_login----------------------------------------

tkOcp=0.0

------------------ Color = login --------------------
arrivCnt=276810 deptCnt=276810
arrivThrPut=0.02770874183177704 deptThrPut=0.02770874183177704
meanTkPop=0.0 tkColOcp=0.0
-----
meanST=0.0 stDevST=0.0

Steady State Statistics: numBatchesST=1384 batchSizeST=200 stDevStdStateMeanST=0.0
95% c.i. = 0.0 +/- 0.0



REPORT for Queue : Persistence----------------------------------------

totArrivThrPut=0.16660640536773375 totDeptThrPut=0.16660640536773375
meanTotTkPop=0.29237418227341866 queueUtil=0.18329571589591667
meanST=1.7548796015860864



REPORT for Queue of Queueing Place : I/icon_login----------------------------------------

queueUtilQPl=0.005995232343542025

------------------ Color = login --------------------
arrivCnt=276810 deptCnt=276810
arrivThrPut=0.02770874183177704 deptThrPut=0.02770874183177704
meanTkPop=0.006116727959481072 tkColOcp=0.005995232343542025
-----
meanST=0.22075083728508607 stDevST=0.229309330582353

Steady State Statistics: numBatchesST=692 batchSizeST=400 stDevStdStateMeanST=0.011814446787782217
95% c.i. = 0.2207535848437906 +/- 8.802548657264631E-4



REPORT for Depository of Queueing Place : I/icon_login----------------------------------------

tkOcp=0.0

------------------ Color = login --------------------
arrivCnt=276810 deptCnt=276810
arrivThrPut=0.02770874183177704 deptThrPut=0.02770874183177704
meanTkPop=0.0 tkColOcp=0.0
-----
meanST=0.0 stDevST=0.0

Steady State Statistics: numBatchesST=1384 batchSizeST=200 stDevStdStateMeanST=0.0
95% c.i. = 0.0 +/- 0.0



REPORT for Queue : ImageProvider----------------------------------------

totArrivThrPut=0.16660640536773375 totDeptThrPut=0.16660640536773375
meanTotTkPop=0.03392376554954436 queueUtil=0.030379259735561017
meanST=0.20361621436263388



REPORT for Queue of Queueing Place : A/isLoggedIn_login----------------------------------------

queueUtilQPl=0.012177716328702315

------------------ Color = login --------------------
arrivCnt=276810 deptCnt=276810
arrivThrPut=0.02770874183177704 deptThrPut=0.02770874183177704
meanTkPop=0.012430382799760463 tkColOcp=0.012177716328702315
-----
meanST=0.4486087053402405 stDevST=0.44527535176930544

Steady State Statistics: numBatchesST=692 batchSizeST=400 stDevStdStateMeanST=0.023817737771436323
95% c.i. = 0.4486055718031524 +/- 0.0017745798800825122



REPORT for Depository of Queueing Place : A/isLoggedIn_login----------------------------------------

tkOcp=0.0

------------------ Color = login --------------------
arrivCnt=276810 deptCnt=276810
arrivThrPut=0.02770874183177704 deptThrPut=0.02770874183177704
meanTkPop=0.0 tkColOcp=0.0
-----
meanST=0.0 stDevST=0.0

Steady State Statistics: numBatchesST=1384 batchSizeST=200 stDevStdStateMeanST=0.0
95% c.i. = 0.0 +/- 0.0



REPORT for Queue : Auth----------------------------------------

totArrivThrPut=0.16660640536773375 totDeptThrPut=0.16660640536773375
meanTotTkPop=0.0352680118236102 queueUtil=0.03297669037597563
meanST=0.21168460927877666



REPORT for Queue of Queueing Place : A/isLoggedIn_category----------------------------------------

queueUtilQPl=0.0032879742878150044

------------------ Color = category --------------------
arrivCnt=276495 deptCnt=276495
arrivThrPut=0.02767721026255263 deptThrPut=0.02767721026255263
meanTkPop=0.0033118048057157066 tkColOcp=0.0032879742878150044
-----
meanST=0.11965818716189727 stDevST=0.14355789716916684

Steady State Statistics: numBatchesST=691 batchSizeST=400 stDevStdStateMeanST=0.00741461061190111
95% c.i. = 0.11965746713258349 +/- 5.528373999141666E-4



REPORT for Depository of Queueing Place : A/isLoggedIn_category----------------------------------------

tkOcp=0.0

------------------ Color = category --------------------
arrivCnt=276495 deptCnt=276495
arrivThrPut=0.02767721026255263 deptThrPut=0.02767721026255263
meanTkPop=0.0 tkColOcp=0.0
-----
meanST=0.0 stDevST=0.0

Steady State Statistics: numBatchesST=1382 batchSizeST=200 stDevStdStateMeanST=0.0
95% c.i. = 0.0 +/- 0.0



REPORT for Queue : Auth----------------------------------------

totArrivThrPut=0.16660640536773375 totDeptThrPut=0.16660640536773375
meanTotTkPop=0.0352680118236102 queueUtil=0.03297669037597563
meanST=0.21168460927877666



REPORT for Queue of Queueing Place : I/icon_logout----------------------------------------

queueUtilQPl=0.0036533308371929753

------------------ Color = logout --------------------
arrivCnt=278147 deptCnt=278147
arrivThrPut=0.027842575825596218 deptThrPut=0.027842575825596218
meanTkPop=0.0037492946184253424 tkColOcp=0.0036533308371929753
-----
meanST=0.1346604797598699 stDevST=0.1720038244733668

Steady State Statistics: numBatchesST=695 batchSizeST=400 stDevStdStateMeanST=0.008961063889547993
95% c.i. = 0.13465995895581132 +/- 6.662163126995935E-4



REPORT for Depository of Queueing Place : I/icon_logout----------------------------------------

tkOcp=0.0

------------------ Color = logout --------------------
arrivCnt=278147 deptCnt=278147
arrivThrPut=0.027842575825596218 deptThrPut=0.027842575825596218
meanTkPop=0.0 tkColOcp=0.0
-----
meanST=0.0 stDevST=0.0

Steady State Statistics: numBatchesST=1390 batchSizeST=200 stDevStdStateMeanST=0.0
95% c.i. = 0.0 +/- 0.0



REPORT for Queue : ImageProvider----------------------------------------

totArrivThrPut=0.16660640536773375 totDeptThrPut=0.16660640536773375
meanTotTkPop=0.03392376554954436 queueUtil=0.030379259735561017
meanST=0.20361621436263388



REPORT for Queue of Queueing Place : I/icon_loginAction----------------------------------------

queueUtilQPl=0.008268808681377506

------------------ Color = loginAction --------------------
arrivCnt=277627 deptCnt=277627
arrivThrPut=0.027790523711320996 deptThrPut=0.027790523711320996
meanTkPop=0.008321369797106225 tkColOcp=0.008268808681377506
-----
meanST=0.2994319172803626 stDevST=0.2989699330867934

Steady State Statistics: numBatchesST=694 batchSizeST=400 stDevStdStateMeanST=0.015065504755381544
95% c.i. = 0.29942725866224607 +/- 0.001120861733946903



REPORT for Depository of Queueing Place : I/icon_loginAction----------------------------------------

tkOcp=0.0

------------------ Color = loginAction --------------------
arrivCnt=277627 deptCnt=277627
arrivThrPut=0.027790523711320996 deptThrPut=0.027790523711320996
meanTkPop=0.0 tkColOcp=0.0
-----
meanST=0.0 stDevST=0.0

Steady State Statistics: numBatchesST=1388 batchSizeST=200 stDevStdStateMeanST=0.0
95% c.i. = 0.0 +/- 0.0



REPORT for Queue : ImageProvider----------------------------------------

totArrivThrPut=0.16660640536773375 totDeptThrPut=0.16660640536773375
meanTotTkPop=0.03392376554954436 queueUtil=0.030379259735561017
meanST=0.20361621436263388



REPORT for Queue of Queueing Place : A/isLoggedIn_product----------------------------------------

queueUtilQPl=0.005899456568084855

------------------ Color = product --------------------
arrivCnt=277783 deptCnt=277783
arrivThrPut=0.027806139345603564 deptThrPut=0.027806139345603564
meanTkPop=0.005940322543279834 tkColOcp=0.005899456568084855
-----
meanST=0.21363348825406286 stDevST=0.22234572675169315

Steady State Statistics: numBatchesST=694 batchSizeST=400 stDevStdStateMeanST=0.011088219634106472
95% c.i. = 0.21360284792342293 +/- 8.249548413589756E-4



REPORT for Depository of Queueing Place : A/isLoggedIn_product----------------------------------------

tkOcp=0.0

------------------ Color = product --------------------
arrivCnt=277783 deptCnt=277783
arrivThrPut=0.027806139345603564 deptThrPut=0.027806139345603564
meanTkPop=0.0 tkColOcp=0.0
-----
meanST=0.0 stDevST=0.0

Steady State Statistics: numBatchesST=1388 batchSizeST=200 stDevStdStateMeanST=0.0
95% c.i. = 0.0 +/- 0.0



REPORT for Queue : Auth----------------------------------------

totArrivThrPut=0.16660640536773375 totDeptThrPut=0.16660640536773375
meanTotTkPop=0.0352680118236102 queueUtil=0.03297669037597563
meanST=0.21168460927877666



REPORT for Queue of Queueing Place : P/category_logout----------------------------------------

queueUtilQPl=0.02130851885302679

------------------ Color = logout --------------------
arrivCnt=278147 deptCnt=278147
arrivThrPut=0.027842575825596218 deptThrPut=0.027842575825596218
meanTkPop=0.02355780576013353 tkColOcp=0.02130851885302679
-----
meanST=0.8461072677936782 stDevST=2.3028182283460303

Steady State Statistics: numBatchesST=695 batchSizeST=400 stDevStdStateMeanST=0.13914375160477022
95% c.i. = 0.8462259681327553 +/- 0.010344735655488567



REPORT for Depository of Queueing Place : P/category_logout----------------------------------------

tkOcp=0.0

------------------ Color = logout --------------------
arrivCnt=278147 deptCnt=278147
arrivThrPut=0.027842575825596218 deptThrPut=0.027842575825596218
meanTkPop=0.0 tkColOcp=0.0
-----
meanST=0.0 stDevST=0.0

Steady State Statistics: numBatchesST=1390 batchSizeST=200 stDevStdStateMeanST=0.0
95% c.i. = 0.0 +/- 0.0



REPORT for Queue : Persistence----------------------------------------

totArrivThrPut=0.16660640536773375 totDeptThrPut=0.16660640536773375
meanTotTkPop=0.29237418227341866 queueUtil=0.18329571589591667
meanST=1.7548796015860864



REPORT for Ordinary Place : Finish_index----------------------------------------

tkOcp=1.0

------------------ Color = index --------------------
arrivCnt=277534 deptCnt=0
arrivThrPut=0.027781214390883314 deptThrPut=0.0
meanTkPop=139191.49527116178 tkColOcp=1.0
-----
meanST=NaN stDevST=NaN

Steady State Statistics: Only 0 batches collected!
Need at least 60 for steady state statistics.



REPORT for Ordinary Place : Finish_login----------------------------------------

tkOcp=1.0

------------------ Color = login --------------------
arrivCnt=276810 deptCnt=0
arrivThrPut=0.02770874183177704 deptThrPut=0.0
meanTkPop=138434.93603492042 tkColOcp=1.0
-----
meanST=NaN stDevST=NaN

Steady State Statistics: Only 0 batches collected!
Need at least 60 for steady state statistics.



REPORT for Ordinary Place : Finish_loginAction----------------------------------------

tkOcp=1.0

------------------ Color = loginAction --------------------
arrivCnt=277627 deptCnt=0
arrivThrPut=0.027790523711320996 deptThrPut=0.0
meanTkPop=138871.84288698644 tkColOcp=1.0
-----
meanST=NaN stDevST=NaN

Steady State Statistics: Only 0 batches collected!
Need at least 60 for steady state statistics.



REPORT for Ordinary Place : Finish_category----------------------------------------

tkOcp=1.0

------------------ Color = category --------------------
arrivCnt=276495 deptCnt=0
arrivThrPut=0.02767721026255263 deptThrPut=0.0
meanTkPop=138529.5640432591 tkColOcp=1.0
-----
meanST=NaN stDevST=NaN

Steady State Statistics: Only 0 batches collected!
Need at least 60 for steady state statistics.



REPORT for Ordinary Place : Finish_product----------------------------------------

tkOcp=1.0

------------------ Color = product --------------------
arrivCnt=277783 deptCnt=0
arrivThrPut=0.027806139345603564 deptThrPut=0.0
meanTkPop=139390.23551112405 tkColOcp=1.0
-----
meanST=NaN stDevST=NaN

Steady State Statistics: Only 0 batches collected!
Need at least 60 for steady state statistics.



REPORT for Ordinary Place : Finish_logout----------------------------------------

tkOcp=1.0

------------------ Color = logout --------------------
arrivCnt=278147 deptCnt=0
arrivThrPut=0.027842575825596218 deptThrPut=0.0
meanTkPop=139502.9689620263 tkColOcp=1.0
-----
meanST=NaN stDevST=NaN

Steady State Statistics: Only 0 batches collected!
Need at least 60 for steady state statistics.



REPORT REPORT for Probe : /index----------------------------------------


------------------ Color = index --------------------
-----
meanST=1.4354096129402225 stDevST=2.3397952615516853

Steady State Statistics: numBatchesST=693 batchSizeST=400 stDevStdStateMeanST=0.14234276912926264
95% c.i. = 1.4354289331060324 +/- 0.010597828421727573



REPORT REPORT for Probe : /login----------------------------------------


------------------ Color = login --------------------
-----
meanST=2.297131628035364 stDevST=2.4549599733581995

Steady State Statistics: numBatchesST=692 batchSizeST=400 stDevStdStateMeanST=0.1519356691401181
95% c.i. = 2.297146642701175 +/- 0.011320217902737767



REPORT REPORT for Probe : /loginAction----------------------------------------


------------------ Color = loginAction --------------------
-----
meanST=6.2080859277484555 stDevST=4.515577992383322

Steady State Statistics: numBatchesST=694 batchSizeST=400 stDevStdStateMeanST=0.2953794925740983
95% c.i. = 6.208118212105976 +/- 0.0219760025033808



REPORT REPORT for Probe : /logout----------------------------------------


------------------ Color = logout --------------------
-----
meanST=1.3496399514682247 stDevST=2.476380086910443

Steady State Statistics: numBatchesST=695 batchSizeST=400 stDevStdStateMeanST=0.14780165536075723
95% c.i. = 1.3497314734714039 +/- 0.010988413324470408



REPORT REPORT for Probe : /category----------------------------------------


------------------ Color = category --------------------
-----
meanST=1.9990224750164052 stDevST=2.4227679626737872

Steady State Statistics: numBatchesST=691 batchSizeST=400 stDevStdStateMeanST=0.148041322620676
95% c.i. = 1.9990946421894753 +/- 0.011038041531959059



REPORT REPORT for Probe : /product----------------------------------------


------------------ Color = product --------------------
-----
meanST=3.236426807405539 stDevST=2.9142644420532857

Steady State Statistics: numBatchesST=694 batchSizeST=400 stDevStdStateMeanST=0.16811377027156468
95% c.i. = 3.2366123730071212 +/- 0.012507532612183302



