INFO Logging to /home/yjx/workloadConfig/qpme/output/SimQPN_Output_config_2025-08-14_042429600.log
WARN Batch means correlation test was run for depository of place Workload, color 0
    However, the standard deviation of the token residence time is 0 and therefore the result of the test is ignored!
    In future runs, you should set numBMeansCorlTested to 0 to switch off the correlation test!
WARN Batch means correlation test was run for depository of place W/logout, color 0
    However, the standard deviation of the token residence time is 0 and therefore the result of the test is ignored!
    In future runs, you should set numBMeansCorlTested to 0 to switch off the correlation test!
WARN Batch means correlation test was run for depository of place A/logout_logout, color 0
    However, the standard deviation of the token residence time is 0 and therefore the result of the test is ignored!
    In future runs, you should set numBMeansCorlTested to 0 to switch off the correlation test!
WARN Batch means correlation test was run for depository of place P/category_logout, color 0
    However, the standard deviation of the token residence time is 0 and therefore the result of the test is ignored!
    In future runs, you should set numBMeansCorlTested to 0 to switch off the correlation test!
WARN Batch means correlation test was run for depository of place I/icon_logout, color 0
    However, the standard deviation of the token residence time is 0 and therefore the result of the test is ignored!
    In future runs, you should set numBMeansCorlTested to 0 to switch off the correlation test!
WARN Batch means correlation test was run for depository of place W/loginAction, color 0
    However, the standard deviation of the token residence time is 0 and therefore the result of the test is ignored!
    In future runs, you should set numBMeansCorlTested to 0 to switch off the correlation test!
WARN Batch means correlation test was run for depository of place A/login_loginAction, color 0
    However, the standard deviation of the token residence time is 0 and therefore the result of the test is ignored!
    In future runs, you should set numBMeansCorlTested to 0 to switch off the correlation test!
WARN Batch means correlation test was run for depository of place P/getUser_loginAction, color 0
    However, the standard deviation of the token residence time is 0 and therefore the result of the test is ignored!
    In future runs, you should set numBMeansCorlTested to 0 to switch off the correlation test!
WARN Batch means correlation test was run for depository of place I/icon_loginAction, color 0
    However, the standard deviation of the token residence time is 0 and therefore the result of the test is ignored!
    In future runs, you should set numBMeansCorlTested to 0 to switch off the correlation test!
WARN Batch means correlation test was run for depository of place W/login, color 0
    However, the standard deviation of the token residence time is 0 and therefore the result of the test is ignored!
    In future runs, you should set numBMeansCorlTested to 0 to switch off the correlation test!
WARN Batch means correlation test was run for depository of place P/categories_login, color 0
    However, the standard deviation of the token residence time is 0 and therefore the result of the test is ignored!
    In future runs, you should set numBMeansCorlTested to 0 to switch off the correlation test!
WARN Batch means correlation test was run for depository of place I/icon_login, color 0
    However, the standard deviation of the token residence time is 0 and therefore the result of the test is ignored!
    In future runs, you should set numBMeansCorlTested to 0 to switch off the correlation test!
WARN Batch means correlation test was run for depository of place A/isLoggedIn_login, color 0
    However, the standard deviation of the token residence time is 0 and therefore the result of the test is ignored!
    In future runs, you should set numBMeansCorlTested to 0 to switch off the correlation test!
WARN Batch means correlation test was run for depository of place W/product, color 0
    However, the standard deviation of the token residence time is 0 and therefore the result of the test is ignored!
    In future runs, you should set numBMeansCorlTested to 0 to switch off the correlation test!
WARN Batch means correlation test was run for depository of place P/getProduct_product, color 0
    However, the standard deviation of the token residence time is 0 and therefore the result of the test is ignored!
    In future runs, you should set numBMeansCorlTested to 0 to switch off the correlation test!
WARN Batch means correlation test was run for depository of place R/getAds_product, color 0
    However, the standard deviation of the token residence time is 0 and therefore the result of the test is ignored!
    In future runs, you should set numBMeansCorlTested to 0 to switch off the correlation test!
WARN Batch means correlation test was run for depository of place I/product_product, color 0
    However, the standard deviation of the token residence time is 0 and therefore the result of the test is ignored!
    In future runs, you should set numBMeansCorlTested to 0 to switch off the correlation test!
WARN Batch means correlation test was run for depository of place A/isLoggedIn_product, color 0
    However, the standard deviation of the token residence time is 0 and therefore the result of the test is ignored!
    In future runs, you should set numBMeansCorlTested to 0 to switch off the correlation test!
WARN Batch means correlation test was run for depository of place W/category, color 0
    However, the standard deviation of the token residence time is 0 and therefore the result of the test is ignored!
    In future runs, you should set numBMeansCorlTested to 0 to switch off the correlation test!
WARN Batch means correlation test was run for depository of place P/category_category, color 0
    However, the standard deviation of the token residence time is 0 and therefore the result of the test is ignored!
    In future runs, you should set numBMeansCorlTested to 0 to switch off the correlation test!
WARN Batch means correlation test was run for depository of place I/productImages_category, color 0
    However, the standard deviation of the token residence time is 0 and therefore the result of the test is ignored!
    In future runs, you should set numBMeansCorlTested to 0 to switch off the correlation test!
WARN Batch means correlation test was run for depository of place A/isLoggedIn_category, color 0
    However, the standard deviation of the token residence time is 0 and therefore the result of the test is ignored!
    In future runs, you should set numBMeansCorlTested to 0 to switch off the correlation test!
WARN Batch means correlation test was run for depository of place W/index, color 0
    However, the standard deviation of the token residence time is 0 and therefore the result of the test is ignored!
    In future runs, you should set numBMeansCorlTested to 0 to switch off the correlation test!
WARN Batch means correlation test was run for depository of place P/categories_index, color 0
    However, the standard deviation of the token residence time is 0 and therefore the result of the test is ignored!
    In future runs, you should set numBMeansCorlTested to 0 to switch off the correlation test!
WARN Batch means correlation test was run for depository of place A/isLoggedIn_index, color 0
    However, the standard deviation of the token residence time is 0 and therefore the result of the test is ignored!
    In future runs, you should set numBMeansCorlTested to 0 to switch off the correlation test!
WARN Batch means correlation test was run for depository of place I/icon_index, color 0
    However, the standard deviation of the token residence time is 0 and therefore the result of the test is ignored!
    In future runs, you should set numBMeansCorlTested to 0 to switch off the correlation test!
WARN LP-1 The simulation was stopped because of reaching max totalRunLen.
The required precision may not have been reached!
REPORT for Queue of Queueing Place : W/index----------------------------------------

queueUtilQPl=0.00452627477153039

------------------ Color = index --------------------
arrivCnt=277471 deptCnt=277471
arrivThrPut=0.027774892030975586 deptThrPut=0.027774892030975586
meanTkPop=0.004597567450683414 tkColOcp=0.00452627477153039
-----
meanST=0.16552962458165585 stDevST=0.3909108026821095

Steady State Statistics: numBatchesST=346 batchSizeST=800 stDevStdStateMeanST=0.015051087523896075
95% c.i. = 0.1655133588317721 +/- 0.0015859077552219682



REPORT for Depository of Queueing Place : W/index----------------------------------------

tkOcp=0.0

------------------ Color = index --------------------
arrivCnt=277471 deptCnt=277471
arrivThrPut=0.027774892030975586 deptThrPut=0.027774892030975586
meanTkPop=0.0 tkColOcp=0.0
-----
meanST=0.0 stDevST=0.0

Steady State Statistics: numBatchesST=1387 batchSizeST=200 stDevStdStateMeanST=0.0
95% c.i. = 0.0 +/- 0.0



REPORT for Queue : WebUI----------------------------------------

totArrivThrPut=0.16681571865498174 totDeptThrPut=0.16681571865498174
meanTotTkPop=0.08324351549670067 queueUtil=0.07263879061460297
meanST=0.4990148180752072



REPORT for Queue of Queueing Place : P/categories_index----------------------------------------

queueUtilQPl=0.017873760857989193

------------------ Color = index --------------------
arrivCnt=277471 deptCnt=277471
arrivThrPut=0.027774892030975586 deptThrPut=0.027774892030975586
meanTkPop=0.01843473665661126 tkColOcp=0.017873760857989193
-----
meanST=0.6637194713863211 stDevST=0.9717000588447751

Steady State Statistics: numBatchesST=693 batchSizeST=400 stDevStdStateMeanST=0.05355867784327302
95% c.i. = 0.6637440311573559 +/- 0.003987597555883871



REPORT for Depository of Queueing Place : P/categories_index----------------------------------------

tkOcp=0.0

------------------ Color = index --------------------
arrivCnt=277471 deptCnt=277471
arrivThrPut=0.027774892030975586 deptThrPut=0.027774892030975586
meanTkPop=0.0 tkColOcp=0.0
-----
meanST=0.0 stDevST=0.0

Steady State Statistics: numBatchesST=1387 batchSizeST=200 stDevStdStateMeanST=0.0
95% c.i. = 0.0 +/- 0.0



REPORT for Queue : Persistence----------------------------------------

totArrivThrPut=0.16681571865498174 totDeptThrPut=0.16681571865498174
meanTotTkPop=0.17416021898491132 queueUtil=0.13747980463933732
meanST=1.0440276275470175



REPORT for Queue of Queueing Place : A/isLoggedIn_index----------------------------------------

queueUtilQPl=0.005839651657263397

------------------ Color = index --------------------
arrivCnt=277471 deptCnt=277471
arrivThrPut=0.027774892030975586 deptThrPut=0.027774892030975586
meanTkPop=0.00589265310390126 tkColOcp=0.005839651657263397
-----
meanST=0.21215755212763945 stDevST=0.24868247143618127

Steady State Statistics: numBatchesST=693 batchSizeST=400 stDevStdStateMeanST=0.013156936954059345
95% c.i. = 0.21216337157548634 +/- 9.795717846966005E-4



REPORT for Depository of Queueing Place : A/isLoggedIn_index----------------------------------------

tkOcp=0.0

------------------ Color = index --------------------
arrivCnt=277471 deptCnt=277471
arrivThrPut=0.027774892030975586 deptThrPut=0.027774892030975586
meanTkPop=0.0 tkColOcp=0.0
-----
meanST=0.0 stDevST=0.0

Steady State Statistics: numBatchesST=1387 batchSizeST=200 stDevStdStateMeanST=0.0
95% c.i. = 0.0 +/- 0.0



REPORT for Queue : Auth----------------------------------------

totArrivThrPut=0.16681571865498174 totDeptThrPut=0.16681571865498174
meanTotTkPop=0.06879411856430542 queueUtil=0.06362432647012231
meanST=0.4123959008118985



REPORT for Queue of Queueing Place : W/login----------------------------------------

queueUtilQPl=0.016857764243394108

------------------ Color = login --------------------
arrivCnt=277650 deptCnt=277650
arrivThrPut=0.02779280995996112 deptThrPut=0.02779280995996112
meanTkPop=0.017180063774085565 tkColOcp=0.016857764243394108
-----
meanST=0.6181477799055047 stDevST=0.6644677514426571

Steady State Statistics: numBatchesST=694 batchSizeST=400 stDevStdStateMeanST=0.03351017813415026
95% c.i. = 0.6181402370442435 +/- 0.0024931309622995778



REPORT for Depository of Queueing Place : W/login----------------------------------------

tkOcp=0.0

------------------ Color = login --------------------
arrivCnt=277650 deptCnt=277650
arrivThrPut=0.02779280995996112 deptThrPut=0.02779280995996112
meanTkPop=0.0 tkColOcp=0.0
-----
meanST=0.0 stDevST=0.0

Steady State Statistics: numBatchesST=1388 batchSizeST=200 stDevStdStateMeanST=0.0
95% c.i. = 0.0 +/- 0.0



REPORT for Queue : WebUI----------------------------------------

totArrivThrPut=0.16681571865498174 totDeptThrPut=0.16681571865498174
meanTotTkPop=0.08324351549670067 queueUtil=0.07263879061460297
meanST=0.4990148180752072



REPORT for Queue of Queueing Place : W/loginAction----------------------------------------

queueUtilQPl=0.00698581318443525

------------------ Color = loginAction --------------------
arrivCnt=278363 deptCnt=278363
arrivThrPut=0.027864181375417456 deptThrPut=0.027864181375417456
meanTkPop=0.0070745189534624645 tkColOcp=0.00698581318443525
-----
meanST=0.25389294083851316 stDevST=0.4153426037648882

Steady State Statistics: numBatchesST=695 batchSizeST=400 stDevStdStateMeanST=0.022783010983906248
95% c.i. = 0.2538571443216337 +/- 0.0016938182516024864



REPORT for Depository of Queueing Place : W/loginAction----------------------------------------

tkOcp=0.0

------------------ Color = loginAction --------------------
arrivCnt=278363 deptCnt=278363
arrivThrPut=0.027864181375417456 deptThrPut=0.027864181375417456
meanTkPop=0.0 tkColOcp=0.0
-----
meanST=0.0 stDevST=0.0

Steady State Statistics: numBatchesST=1391 batchSizeST=200 stDevStdStateMeanST=0.0
95% c.i. = 0.0 +/- 0.0



REPORT for Queue : WebUI----------------------------------------

totArrivThrPut=0.16681571865498174 totDeptThrPut=0.16681571865498174
meanTotTkPop=0.08324351549670067 queueUtil=0.07263879061460297
meanST=0.4990148180752072



REPORT for Queue of Queueing Place : A/login_loginAction----------------------------------------

queueUtilQPl=0.01398895112775568

------------------ Color = loginAction --------------------
arrivCnt=278363 deptCnt=278363
arrivThrPut=0.027864181375417456 deptThrPut=0.027864181375417456
meanTkPop=0.014208253925633524 tkColOcp=0.01398895112775568
-----
meanST=0.509911047958094 stDevST=0.5073817078128727

Steady State Statistics: numBatchesST=695 batchSizeST=400 stDevStdStateMeanST=0.0269250046530495
95% c.i. = 0.5099239357034612 +/- 0.0020017575525040528



REPORT for Depository of Queueing Place : A/login_loginAction----------------------------------------

tkOcp=0.0

------------------ Color = loginAction --------------------
arrivCnt=278363 deptCnt=278363
arrivThrPut=0.027864181375417456 deptThrPut=0.027864181375417456
meanTkPop=0.0 tkColOcp=0.0
-----
meanST=0.0 stDevST=0.0

Steady State Statistics: numBatchesST=1391 batchSizeST=200 stDevStdStateMeanST=0.0
95% c.i. = 0.0 +/- 0.0



REPORT for Queue : Auth----------------------------------------

totArrivThrPut=0.16681571865498174 totDeptThrPut=0.16681571865498174
meanTotTkPop=0.06879411856430542 queueUtil=0.06362432647012231
meanST=0.4123959008118985



REPORT for Queue of Queueing Place : W/logout----------------------------------------

queueUtilQPl=0.012679938481885153

------------------ Color = logout --------------------
arrivCnt=278325 deptCnt=278325
arrivThrPut=0.027860377569264103 deptThrPut=0.027860377569264103
meanTkPop=0.012863924886896716 tkColOcp=0.012679938481885153
-----
meanST=0.4617283041091428 stDevST=0.5477171132345913

Steady State Statistics: numBatchesST=695 batchSizeST=400 stDevStdStateMeanST=0.028347192684015924
95% c.i. = 0.46171005227037126 +/- 0.0021074910767411776



REPORT for Depository of Queueing Place : W/logout----------------------------------------

tkOcp=0.0

------------------ Color = logout --------------------
arrivCnt=278325 deptCnt=278325
arrivThrPut=0.027860377569264103 deptThrPut=0.027860377569264103
meanTkPop=0.0 tkColOcp=0.0
-----
meanST=0.0 stDevST=0.0

Steady State Statistics: numBatchesST=1391 batchSizeST=200 stDevStdStateMeanST=0.0
95% c.i. = 0.0 +/- 0.0



REPORT for Queue : WebUI----------------------------------------

totArrivThrPut=0.16681571865498174 totDeptThrPut=0.16681571865498174
meanTotTkPop=0.08324351549670067 queueUtil=0.07263879061460297
meanST=0.4990148180752072



REPORT for Queue of Queueing Place : A/logout_logout----------------------------------------

queueUtilQPl=0.010568795696934294

------------------ Color = logout --------------------
arrivCnt=278325 deptCnt=278325
arrivThrPut=0.027860377569264103 deptThrPut=0.027860377569264103
meanTkPop=0.010686004806764314 tkColOcp=0.010568795696934294
-----
meanST=0.3835556348867734 stDevST=0.3898288835927323

Steady State Statistics: numBatchesST=695 batchSizeST=400 stDevStdStateMeanST=0.01955782385206973
95% c.i. = 0.3835663912918035 +/- 0.0014540395484013552



REPORT for Depository of Queueing Place : A/logout_logout----------------------------------------

tkOcp=0.0

------------------ Color = logout --------------------
arrivCnt=278325 deptCnt=278325
arrivThrPut=0.027860377569264103 deptThrPut=0.027860377569264103
meanTkPop=0.0 tkColOcp=0.0
-----
meanST=0.0 stDevST=0.0

Steady State Statistics: numBatchesST=1391 batchSizeST=200 stDevStdStateMeanST=0.0
95% c.i. = 0.0 +/- 0.0



REPORT for Queue : Auth----------------------------------------

totArrivThrPut=0.16681571865498174 totDeptThrPut=0.16681571865498174
meanTotTkPop=0.06879411856430542 queueUtil=0.06362432647012231
meanST=0.4123959008118985



REPORT for Queue of Queueing Place : P/getUser_loginAction----------------------------------------

queueUtilQPl=0.051797509070313406

------------------ Color = loginAction --------------------
arrivCnt=278363 deptCnt=278363
arrivThrPut=0.027864181375417456 deptThrPut=0.027864181375417456
meanTkPop=0.0546221008738223 tkColOcp=0.051797509070313406
-----
meanST=1.9602980664636145 stDevST=1.9410601656564115

Steady State Statistics: numBatchesST=695 batchSizeST=400 stDevStdStateMeanST=0.10667600010783124
95% c.i. = 1.960246695721417 +/- 0.007930898866626157



REPORT for Depository of Queueing Place : P/getUser_loginAction----------------------------------------

tkOcp=0.0

------------------ Color = loginAction --------------------
arrivCnt=278363 deptCnt=278363
arrivThrPut=0.027864181375417456 deptThrPut=0.027864181375417456
meanTkPop=0.0 tkColOcp=0.0
-----
meanST=0.0 stDevST=0.0

Steady State Statistics: numBatchesST=1391 batchSizeST=200 stDevStdStateMeanST=0.0
95% c.i. = 0.0 +/- 0.0



REPORT for Queue : Persistence----------------------------------------

totArrivThrPut=0.16681571865498174 totDeptThrPut=0.16681571865498174
meanTotTkPop=0.17416021898491132 queueUtil=0.13747980463933732
meanST=1.0440276275470175



REPORT for Queue of Queueing Place : W/category----------------------------------------

queueUtilQPl=0.0356511834705747

------------------ Color = category --------------------
arrivCnt=278089 deptCnt=278089
arrivThrPut=0.02783675393104854 deptThrPut=0.02783675393104854
meanTkPop=0.036965444998196914 tkColOcp=0.0356511834705747
-----
meanST=1.327936622558797 stDevST=1.3213037867796733

Steady State Statistics: numBatchesST=695 batchSizeST=400 stDevStdStateMeanST=0.06917944155179825
95% c.i. = 1.3279037170493433 +/- 0.005143192039843926



REPORT for Depository of Queueing Place : W/category----------------------------------------

tkOcp=0.0

------------------ Color = category --------------------
arrivCnt=278089 deptCnt=278089
arrivThrPut=0.02783675393104854 deptThrPut=0.02783675393104854
meanTkPop=0.0 tkColOcp=0.0
-----
meanST=0.0 stDevST=0.0

Steady State Statistics: numBatchesST=1390 batchSizeST=200 stDevStdStateMeanST=0.0
95% c.i. = 0.0 +/- 0.0



REPORT for Queue : WebUI----------------------------------------

totArrivThrPut=0.16681571865498174 totDeptThrPut=0.16681571865498174
meanTotTkPop=0.08324351549670067 queueUtil=0.07263879061460297
meanST=0.4990148180752072



REPORT for Queue of Queueing Place : W/product----------------------------------------

queueUtilQPl=0.004496178035076342

------------------ Color = product --------------------
arrivCnt=276590 deptCnt=276590
arrivThrPut=0.027686703788314948 deptThrPut=0.027686703788314948
meanTkPop=0.004561995433375593 tkColOcp=0.004496178035076342
-----
meanST=0.1647720677858721 stDevST=0.38702670221755237

Steady State Statistics: numBatchesST=691 batchSizeST=400 stDevStdStateMeanST=0.019987196852605523
95% c.i. = 0.16476604039589945 +/- 0.0014902562680542317



REPORT for Depository of Queueing Place : W/product----------------------------------------

tkOcp=0.0

------------------ Color = product --------------------
arrivCnt=276590 deptCnt=276590
arrivThrPut=0.027686703788314948 deptThrPut=0.027686703788314948
meanTkPop=0.0 tkColOcp=0.0
-----
meanST=0.0 stDevST=0.0

Steady State Statistics: numBatchesST=1382 batchSizeST=200 stDevStdStateMeanST=0.0
95% c.i. = 0.0 +/- 0.0



REPORT for Queue : WebUI----------------------------------------

totArrivThrPut=0.16681571865498174 totDeptThrPut=0.16681571865498174
meanTotTkPop=0.08324351549670067 queueUtil=0.07263879061460297
meanST=0.4990148180752072



REPORT for Queue of Queueing Place : P/category_category----------------------------------------

queueUtilQPl=0.023815260682249224

------------------ Color = category --------------------
arrivCnt=278089 deptCnt=278089
arrivThrPut=0.02783675393104854 deptThrPut=0.02783675393104854
meanTkPop=0.024466394174642463 tkColOcp=0.023815260682249224
-----
meanST=0.8789241100181998 stDevST=1.041957410806433

Steady State Statistics: numBatchesST=695 batchSizeST=400 stDevStdStateMeanST=0.05303423836679404
95% c.i. = 0.8789456146612431 +/- 0.003942866066691892



REPORT for Depository of Queueing Place : P/category_category----------------------------------------

tkOcp=0.0

------------------ Color = category --------------------
arrivCnt=278089 deptCnt=278089
arrivThrPut=0.02783675393104854 deptThrPut=0.02783675393104854
meanTkPop=0.0 tkColOcp=0.0
-----
meanST=0.0 stDevST=0.0

Steady State Statistics: numBatchesST=1390 batchSizeST=200 stDevStdStateMeanST=0.0
95% c.i. = 0.0 +/- 0.0



REPORT for Queue : Persistence----------------------------------------

totArrivThrPut=0.16681571865498174 totDeptThrPut=0.16681571865498174
meanTotTkPop=0.17416021898491132 queueUtil=0.13747980463933732
meanST=1.0440276275470175



REPORT for Queue of Queueing Place : P/getProduct_product----------------------------------------

queueUtilQPl=0.009198288426197514

------------------ Color = product --------------------
arrivCnt=276590 deptCnt=276590
arrivThrPut=0.027686703788314948 deptThrPut=0.027686703788314948
meanTkPop=0.009553222934227949 tkColOcp=0.009198288426197514
-----
meanST=0.3450473197268013 stDevST=0.8882068079591976

Steady State Statistics: numBatchesST=691 batchSizeST=400 stDevStdStateMeanST=0.04596735492361624
95% c.i. = 0.3450423209614512 +/- 0.00342735098403069



REPORT for Depository of Queueing Place : P/getProduct_product----------------------------------------

tkOcp=0.0

------------------ Color = product --------------------
arrivCnt=276590 deptCnt=276590
arrivThrPut=0.027686703788314948 deptThrPut=0.027686703788314948
meanTkPop=0.0 tkColOcp=0.0
-----
meanST=0.0 stDevST=0.0

Steady State Statistics: numBatchesST=1382 batchSizeST=200 stDevStdStateMeanST=0.0
95% c.i. = 0.0 +/- 0.0



REPORT for Queue : Persistence----------------------------------------

totArrivThrPut=0.16681571865498174 totDeptThrPut=0.16681571865498174
meanTotTkPop=0.17416021898491132 queueUtil=0.13747980463933732
meanST=1.0440276275470175



REPORT for Queue of Queueing Place : R/getAds_product----------------------------------------

queueUtilQPl=0.01740939064512157

------------------ Color = product --------------------
arrivCnt=276590 deptCnt=276590
arrivThrPut=0.027686703788314948 deptThrPut=0.027686703788314948
meanTkPop=0.017820034803937394 tkColOcp=0.01740939064512157
-----
meanST=0.6436315041394801 stDevST=0.6440081919531642

Steady State Statistics: numBatchesST=691 batchSizeST=400 stDevStdStateMeanST=0.033486244935746104
95% c.i. = 0.6436000191083353 +/- 0.0024967526350544527



REPORT for Depository of Queueing Place : R/getAds_product----------------------------------------

tkOcp=0.0

------------------ Color = product --------------------
arrivCnt=276590 deptCnt=276590
arrivThrPut=0.027686703788314948 deptThrPut=0.027686703788314948
meanTkPop=0.0 tkColOcp=0.0
-----
meanST=0.0 stDevST=0.0

Steady State Statistics: numBatchesST=1382 batchSizeST=200 stDevStdStateMeanST=0.0
95% c.i. = 0.0 +/- 0.0



REPORT for Queue : Recommender----------------------------------------

totArrivThrPut=0.027686703788314948 totDeptThrPut=0.027686703788314948
meanTotTkPop=0.017820034803937394 queueUtil=0.01740939064512157
meanST=0.6436315041394801



REPORT for Queue of Queueing Place : I/productImages_category----------------------------------------

queueUtilQPl=0.0170983429382661

------------------ Color = category --------------------
arrivCnt=278089 deptCnt=278089
arrivThrPut=0.02783675393104854 deptThrPut=0.02783675393104854
meanTkPop=0.01740597621596031 tkColOcp=0.0170983429382661
-----
meanST=0.6252875697746512 stDevST=0.622157865707434

Steady State Statistics: numBatchesST=695 batchSizeST=400 stDevStdStateMeanST=0.033107153013816004
95% c.i. = 0.6252825769881137 +/- 0.002461373524026765



REPORT for Depository of Queueing Place : I/productImages_category----------------------------------------

tkOcp=0.0

------------------ Color = category --------------------
arrivCnt=278089 deptCnt=278089
arrivThrPut=0.02783675393104854 deptThrPut=0.02783675393104854
meanTkPop=0.0 tkColOcp=0.0
-----
meanST=0.0 stDevST=0.0

Steady State Statistics: numBatchesST=1390 batchSizeST=200 stDevStdStateMeanST=0.0
95% c.i. = 0.0 +/- 0.0



REPORT for Queue : ImageProvider----------------------------------------

totArrivThrPut=0.16681571865498174 totDeptThrPut=0.16681571865498174
meanTotTkPop=0.07937428048467932 queueUtil=0.0720785382974705
meanST=0.4758201512703125



REPORT for Queue of Queueing Place : I/product_product----------------------------------------

queueUtilQPl=0.01833649306480249

------------------ Color = product --------------------
arrivCnt=276590 deptCnt=276590
arrivThrPut=0.027686703788314948 deptThrPut=0.027686703788314948
meanTkPop=0.018748143419871095 tkColOcp=0.01833649306480249
-----
meanST=0.6771533210747775 stDevST=0.6692326947962393

Steady State Statistics: numBatchesST=691 batchSizeST=400 stDevStdStateMeanST=0.03267403541085681
95% c.i. = 0.6771759770584088 +/- 0.002436193851130642



REPORT for Depository of Queueing Place : I/product_product----------------------------------------

tkOcp=0.0

------------------ Color = product --------------------
arrivCnt=276590 deptCnt=276590
arrivThrPut=0.027686703788314948 deptThrPut=0.027686703788314948
meanTkPop=0.0 tkColOcp=0.0
-----
meanST=0.0 stDevST=0.0

Steady State Statistics: numBatchesST=1382 batchSizeST=200 stDevStdStateMeanST=0.0
95% c.i. = 0.0 +/- 0.0



REPORT for Queue : ImageProvider----------------------------------------

totArrivThrPut=0.16681571865498174 totDeptThrPut=0.16681571865498174
meanTotTkPop=0.07937428048467932 queueUtil=0.0720785382974705
meanST=0.4758201512703125



REPORT for Queue of Queueing Place : Workload----------------------------------------

queueUtilQPl=1.0

------------------ Color = workload --------------------
arrivCnt=1666488 deptCnt=1666488
arrivThrPut=0.16681571865498176 deptThrPut=0.16681571865498176
meanTkPop=1.0 tkColOcp=1.0
-----
meanST=5.994638922895868 stDevST=5.991165705699729

Steady State Statistics: numBatchesST=4166 batchSizeST=400 stDevStdStateMeanST=0.2958124653066347
95% c.i. = 5.994662386885263 +/- 0.008982659326780239



REPORT for Depository of Queueing Place : Workload----------------------------------------

tkOcp=0.0

------------------ Color = workload --------------------
arrivCnt=1666488 deptCnt=1666488
arrivThrPut=0.16681571865498176 deptThrPut=0.16681571865498176
meanTkPop=0.0 tkColOcp=0.0
-----
meanST=0.0 stDevST=0.0

Steady State Statistics: numBatchesST=8332 batchSizeST=200 stDevStdStateMeanST=0.0
95% c.i. = 0.0 +/- 0.0



REPORT for Queue : Workload----------------------------------------

totArrivThrPut=0.16681571865498176 totDeptThrPut=0.16681571865498176
meanTotTkPop=1.0 queueUtil=1.0
meanST=5.994638922895868



REPORT for Queue of Queueing Place : I/icon_index----------------------------------------

queueUtilQPl=0.012529805275011316

------------------ Color = index --------------------
arrivCnt=277471 deptCnt=277471
arrivThrPut=0.027774892030975586 deptThrPut=0.027774892030975586
meanTkPop=0.012741674812621095 tkColOcp=0.012529805275011316
-----
meanST=0.45874795114994893 stDevST=0.4725101492205114

Steady State Statistics: numBatchesST=693 batchSizeST=400 stDevStdStateMeanST=0.025048854131824737
95% c.i. = 0.45874929224236916 +/- 0.0018649592098977004



REPORT for Depository of Queueing Place : I/icon_index----------------------------------------

tkOcp=0.0

------------------ Color = index --------------------
arrivCnt=277471 deptCnt=277471
arrivThrPut=0.027774892030975586 deptThrPut=0.027774892030975586
meanTkPop=0.0 tkColOcp=0.0
-----
meanST=0.0 stDevST=0.0

Steady State Statistics: numBatchesST=1387 batchSizeST=200 stDevStdStateMeanST=0.0
95% c.i. = 0.0 +/- 0.0



REPORT for Queue : ImageProvider----------------------------------------

totArrivThrPut=0.16681571865498174 totDeptThrPut=0.16681571865498174
meanTotTkPop=0.07937428048467932 queueUtil=0.0720785382974705
meanST=0.4758201512703125



REPORT for Queue of Queueing Place : P/categories_login----------------------------------------

queueUtilQPl=0.012322408054941551

------------------ Color = login --------------------
arrivCnt=277650 deptCnt=277650
arrivThrPut=0.02779280995996112 deptThrPut=0.02779280995996112
meanTkPop=0.012688706662879428 tkColOcp=0.012322408054941551
-----
meanST=0.45654637588495134 stDevST=0.8800298515807642

Steady State Statistics: numBatchesST=694 batchSizeST=400 stDevStdStateMeanST=0.04691646803765878
95% c.i. = 0.45655218162099076 +/- 0.003490548413027458



REPORT for Depository of Queueing Place : P/categories_login----------------------------------------

tkOcp=0.0

------------------ Color = login --------------------
arrivCnt=277650 deptCnt=277650
arrivThrPut=0.02779280995996112 deptThrPut=0.02779280995996112
meanTkPop=0.0 tkColOcp=0.0
-----
meanST=0.0 stDevST=0.0

Steady State Statistics: numBatchesST=1388 batchSizeST=200 stDevStdStateMeanST=0.0
95% c.i. = 0.0 +/- 0.0



REPORT for Queue : Persistence----------------------------------------

totArrivThrPut=0.16681571865498174 totDeptThrPut=0.16681571865498174
meanTotTkPop=0.17416021898491132 queueUtil=0.13747980463933732
meanST=1.0440276275470175



REPORT for Queue of Queueing Place : I/icon_login----------------------------------------

queueUtilQPl=0.010273704252225704

------------------ Color = login --------------------
arrivCnt=277650 deptCnt=277650
arrivThrPut=0.02779280995996112 deptThrPut=0.02779280995996112
meanTkPop=0.010441476923629985 tkColOcp=0.010273704252225704
-----
meanST=0.37568986146676736 stDevST=0.40439844340082237

Steady State Statistics: numBatchesST=694 batchSizeST=400 stDevStdStateMeanST=0.021832589147404637
95% c.i. = 0.3756770057764612 +/- 0.0016243275035022577



REPORT for Depository of Queueing Place : I/icon_login----------------------------------------

tkOcp=0.0

------------------ Color = login --------------------
arrivCnt=277650 deptCnt=277650
arrivThrPut=0.02779280995996112 deptThrPut=0.02779280995996112
meanTkPop=0.0 tkColOcp=0.0
-----
meanST=0.0 stDevST=0.0

Steady State Statistics: numBatchesST=1388 batchSizeST=200 stDevStdStateMeanST=0.0
95% c.i. = 0.0 +/- 0.0



REPORT for Queue : ImageProvider----------------------------------------

totArrivThrPut=0.16681571865498174 totDeptThrPut=0.16681571865498174
meanTotTkPop=0.07937428048467932 queueUtil=0.0720785382974705
meanST=0.4758201512703125



REPORT for Queue of Queueing Place : A/isLoggedIn_login----------------------------------------

queueUtilQPl=0.014807944071732622

------------------ Color = login --------------------
arrivCnt=277650 deptCnt=277650
arrivThrPut=0.02779280995996112 deptThrPut=0.02779280995996112
meanTkPop=0.015073302550881403 tkColOcp=0.014807944071732622
-----
meanST=0.5423453969784382 stDevST=0.5355468680102926

Steady State Statistics: numBatchesST=694 batchSizeST=400 stDevStdStateMeanST=0.028676342073896677
95% c.i. = 0.5423383887694672 +/- 0.002133497351870726



REPORT for Depository of Queueing Place : A/isLoggedIn_login----------------------------------------

tkOcp=0.0

------------------ Color = login --------------------
arrivCnt=277650 deptCnt=277650
arrivThrPut=0.02779280995996112 deptThrPut=0.02779280995996112
meanTkPop=0.0 tkColOcp=0.0
-----
meanST=0.0 stDevST=0.0

Steady State Statistics: numBatchesST=1388 batchSizeST=200 stDevStdStateMeanST=0.0
95% c.i. = 0.0 +/- 0.0



REPORT for Queue : Auth----------------------------------------

totArrivThrPut=0.16681571865498174 totDeptThrPut=0.16681571865498174
meanTotTkPop=0.06879411856430542 queueUtil=0.06362432647012231
meanST=0.4123959008118985



REPORT for Queue of Queueing Place : A/isLoggedIn_category----------------------------------------

queueUtilQPl=0.007841094763372901

------------------ Color = category --------------------
arrivCnt=278089 deptCnt=278089
arrivThrPut=0.02783675393104854 deptThrPut=0.02783675393104854
meanTkPop=0.007901085712088267 tkColOcp=0.007841094763372901
-----
meanST=0.28383646066129714 stDevST=0.2985675007027308

Steady State Statistics: numBatchesST=695 batchSizeST=400 stDevStdStateMeanST=0.015509289014445688
95% c.i. = 0.28384112725199834 +/- 0.0011530485070916625



REPORT for Depository of Queueing Place : A/isLoggedIn_category----------------------------------------

tkOcp=0.0

------------------ Color = category --------------------
arrivCnt=278089 deptCnt=278089
arrivThrPut=0.02783675393104854 deptThrPut=0.02783675393104854
meanTkPop=0.0 tkColOcp=0.0
-----
meanST=0.0 stDevST=0.0

Steady State Statistics: numBatchesST=1390 batchSizeST=200 stDevStdStateMeanST=0.0
95% c.i. = 0.0 +/- 0.0



REPORT for Queue : Auth----------------------------------------

totArrivThrPut=0.16681571865498174 totDeptThrPut=0.16681571865498174
meanTotTkPop=0.06879411856430542 queueUtil=0.06362432647012231
meanST=0.4123959008118985



REPORT for Queue of Queueing Place : I/icon_logout----------------------------------------

queueUtilQPl=0.006113834849581027

------------------ Color = logout --------------------
arrivCnt=278325 deptCnt=278325
arrivThrPut=0.027860377569264103 deptThrPut=0.027860377569264103
meanTkPop=0.006151194410834498 tkColOcp=0.006113834849581027
-----
meanST=0.2207864698007743 stDevST=0.25887908147373884

Steady State Statistics: numBatchesST=695 batchSizeST=400 stDevStdStateMeanST=0.012875780835320172
95% c.i. = 0.22079775979248548 +/- 9.572585729737259E-4



REPORT for Depository of Queueing Place : I/icon_logout----------------------------------------

tkOcp=0.0

------------------ Color = logout --------------------
arrivCnt=278325 deptCnt=278325
arrivThrPut=0.027860377569264103 deptThrPut=0.027860377569264103
meanTkPop=0.0 tkColOcp=0.0
-----
meanST=0.0 stDevST=0.0

Steady State Statistics: numBatchesST=1391 batchSizeST=200 stDevStdStateMeanST=0.0
95% c.i. = 0.0 +/- 0.0



REPORT for Queue : ImageProvider----------------------------------------

totArrivThrPut=0.16681571865498174 totDeptThrPut=0.16681571865498174
meanTotTkPop=0.07937428048467932 queueUtil=0.0720785382974705
meanST=0.4758201512703125



REPORT for Queue of Queueing Place : I/icon_loginAction----------------------------------------

queueUtilQPl=0.01370304724216586

------------------ Color = loginAction --------------------
arrivCnt=278363 deptCnt=278363
arrivThrPut=0.027864181375417456 deptThrPut=0.027864181375417456
meanTkPop=0.013885814701762337 tkColOcp=0.01370304724216586
-----
meanST=0.49833923037885414 stDevST=0.5026478104834765

Steady State Statistics: numBatchesST=695 batchSizeST=400 stDevStdStateMeanST=0.026142558189316347
95% c.i. = 0.49834974846777746 +/- 0.0019435860447033833



REPORT for Depository of Queueing Place : I/icon_loginAction----------------------------------------

tkOcp=0.0

------------------ Color = loginAction --------------------
arrivCnt=278363 deptCnt=278363
arrivThrPut=0.027864181375417456 deptThrPut=0.027864181375417456
meanTkPop=0.0 tkColOcp=0.0
-----
meanST=0.0 stDevST=0.0

Steady State Statistics: numBatchesST=1391 batchSizeST=200 stDevStdStateMeanST=0.0
95% c.i. = 0.0 +/- 0.0



REPORT for Queue : ImageProvider----------------------------------------

totArrivThrPut=0.16681571865498174 totDeptThrPut=0.16681571865498174
meanTotTkPop=0.07937428048467932 queueUtil=0.0720785382974705
meanST=0.4758201512703125



REPORT for Queue of Queueing Place : A/isLoggedIn_product----------------------------------------

queueUtilQPl=0.014773976941365018

------------------ Color = product --------------------
arrivCnt=276590 deptCnt=276590
arrivThrPut=0.027686703788314948 deptThrPut=0.027686703788314948
meanTkPop=0.015032818465036658 tkColOcp=0.014773976941365018
-----
meanST=0.5429616533616108 stDevST=0.5397303991956857

Steady State Statistics: numBatchesST=691 batchSizeST=400 stDevStdStateMeanST=0.026776965161626778
95% c.i. = 0.5429358936258529 +/- 0.001996505086023714



REPORT for Depository of Queueing Place : A/isLoggedIn_product----------------------------------------

tkOcp=0.0

------------------ Color = product --------------------
arrivCnt=276590 deptCnt=276590
arrivThrPut=0.027686703788314948 deptThrPut=0.027686703788314948
meanTkPop=0.0 tkColOcp=0.0
-----
meanST=0.0 stDevST=0.0

Steady State Statistics: numBatchesST=1382 batchSizeST=200 stDevStdStateMeanST=0.0
95% c.i. = 0.0 +/- 0.0



REPORT for Queue : Auth----------------------------------------

totArrivThrPut=0.16681571865498174 totDeptThrPut=0.16681571865498174
meanTotTkPop=0.06879411856430542 queueUtil=0.06362432647012231
meanST=0.4123959008118985



REPORT for Queue of Queueing Place : P/category_logout----------------------------------------

queueUtilQPl=0.051652395143751924

------------------ Color = logout --------------------
arrivCnt=278325 deptCnt=278325
arrivThrPut=0.027860377569264103 deptThrPut=0.027860377569264103
meanTkPop=0.05439505768272793 tkColOcp=0.051652395143751924
-----
meanST=1.9524163858689842 stDevST=1.934776298202209

Steady State Statistics: numBatchesST=695 batchSizeST=400 stDevStdStateMeanST=0.1048198170896187
95% c.i. = 1.9522961091919828 +/- 0.007792899693611497



REPORT for Depository of Queueing Place : P/category_logout----------------------------------------

tkOcp=0.0

------------------ Color = logout --------------------
arrivCnt=278325 deptCnt=278325
arrivThrPut=0.027860377569264103 deptThrPut=0.027860377569264103
meanTkPop=0.0 tkColOcp=0.0
-----
meanST=0.0 stDevST=0.0

Steady State Statistics: numBatchesST=1391 batchSizeST=200 stDevStdStateMeanST=0.0
95% c.i. = 0.0 +/- 0.0



REPORT for Queue : Persistence----------------------------------------

totArrivThrPut=0.16681571865498174 totDeptThrPut=0.16681571865498174
meanTotTkPop=0.17416021898491132 queueUtil=0.13747980463933732
meanST=1.0440276275470175



REPORT for Ordinary Place : Finish_index----------------------------------------

tkOcp=1.0000000000000002

------------------ Color = index --------------------
arrivCnt=277471 deptCnt=0
arrivThrPut=0.027774892030975586 deptThrPut=0.0
meanTkPop=139045.8276356347 tkColOcp=1.0000000000000002
-----
meanST=NaN stDevST=NaN

Steady State Statistics: Only 0 batches collected!
Need at least 60 for steady state statistics.



REPORT for Ordinary Place : Finish_login----------------------------------------

tkOcp=1.0

------------------ Color = login --------------------
arrivCnt=277650 deptCnt=0
arrivThrPut=0.02779280995996112 deptThrPut=0.0
meanTkPop=139237.36762261356 tkColOcp=1.0
-----
meanST=NaN stDevST=NaN

Steady State Statistics: Only 0 batches collected!
Need at least 60 for steady state statistics.



REPORT for Ordinary Place : Finish_loginAction----------------------------------------

tkOcp=1.0

------------------ Color = loginAction --------------------
arrivCnt=278363 deptCnt=0
arrivThrPut=0.027864181375417456 deptThrPut=0.0
meanTkPop=139472.30276219343 tkColOcp=1.0
-----
meanST=NaN stDevST=NaN

Steady State Statistics: Only 0 batches collected!
Need at least 60 for steady state statistics.



REPORT for Ordinary Place : Finish_category----------------------------------------

tkOcp=1.0000000000000002

------------------ Color = category --------------------
arrivCnt=278089 deptCnt=0
arrivThrPut=0.02783675393104854 deptThrPut=0.0
meanTkPop=139178.3110858078 tkColOcp=1.0000000000000002
-----
meanST=NaN stDevST=NaN

Steady State Statistics: Only 0 batches collected!
Need at least 60 for steady state statistics.



REPORT for Ordinary Place : Finish_product----------------------------------------

tkOcp=1.0

------------------ Color = product --------------------
arrivCnt=276590 deptCnt=0
arrivThrPut=0.027686703788314948 deptThrPut=0.0
meanTkPop=138641.61382232697 tkColOcp=1.0
-----
meanST=NaN stDevST=NaN

Steady State Statistics: Only 0 batches collected!
Need at least 60 for steady state statistics.



REPORT for Ordinary Place : Finish_logout----------------------------------------

tkOcp=1.0000000000000002

------------------ Color = logout --------------------
arrivCnt=278325 deptCnt=0
arrivThrPut=0.027860377569264103 deptThrPut=0.0
meanTkPop=139450.48768021516 tkColOcp=1.0000000000000002
-----
meanST=NaN stDevST=NaN

Steady State Statistics: Only 0 batches collected!
Need at least 60 for steady state statistics.



REPORT REPORT for Probe : /index----------------------------------------


------------------ Color = index --------------------
-----
meanST=1.5001545992455654 stDevST=1.2325226451258195

Steady State Statistics: numBatchesST=693 batchSizeST=400 stDevStdStateMeanST=0.06666054387647967
95% c.i. = 1.500155230586519 +/- 0.004963069152184576



REPORT REPORT for Probe : /login----------------------------------------


------------------ Color = login --------------------
-----
meanST=1.9927294142356613 stDevST=1.334487684783518

Steady State Statistics: numBatchesST=347 batchSizeST=800 stDevStdStateMeanST=0.05076784989768141
95% c.i. = 1.9927078132111624 +/- 0.0053416093612046875



REPORT REPORT for Probe : /loginAction----------------------------------------


------------------ Color = loginAction --------------------
-----
meanST=3.222441285639076 stDevST=2.1125027584060834

Steady State Statistics: numBatchesST=695 batchSizeST=400 stDevStdStateMeanST=0.11351789001188657
95% c.i. = 3.222377524214287 +/- 0.008439563766236224



REPORT REPORT for Probe : /logout----------------------------------------


------------------ Color = logout --------------------
-----
meanST=3.0184867946656744 stDevST=2.0651106891175948

Steady State Statistics: numBatchesST=695 batchSizeST=400 stDevStdStateMeanST=0.112486907221892
95% c.i. = 3.01837031254664 +/- 0.008362914658354283



REPORT REPORT for Probe : /category----------------------------------------


------------------ Color = category --------------------
-----
meanST=3.115984763012945 stDevST=1.7840115033620778

Steady State Statistics: numBatchesST=695 batchSizeST=400 stDevStdStateMeanST=0.09495292806663858
95% c.i. = 3.1159730359506996 +/- 0.007059339203057123



REPORT REPORT for Probe : /product----------------------------------------


------------------ Color = product --------------------
-----
meanST=2.3735658660885415 stDevST=1.4988667592138776

Steady State Statistics: numBatchesST=691 batchSizeST=400 stDevStdStateMeanST=0.07896560960143102
95% c.i. = 2.3735202511499467 +/- 0.00588771880004351



