INFO Logging to /home/yjx/workloadConfig/qpme/output/SimQPN_Output_config_2025-08-14_060450254.log
WARN Batch means correlation test was run for depository of place Workload, color 0
    However, the standard deviation of the token residence time is 0 and therefore the result of the test is ignored!
    In future runs, you should set numBMeansCorlTested to 0 to switch off the correlation test!
WARN Batch means correlation test was run for depository of place W/logout, color 0
    However, the standard deviation of the token residence time is 0 and therefore the result of the test is ignored!
    In future runs, you should set numBMeansCorlTested to 0 to switch off the correlation test!
WARN Batch means correlation test was run for depository of place A/logout_logout, color 0
    However, the standard deviation of the token residence time is 0 and therefore the result of the test is ignored!
    In future runs, you should set numBMeansCorlTested to 0 to switch off the correlation test!
WARN Batch means correlation test was run for depository of place P/category_logout, color 0
    However, the standard deviation of the token residence time is 0 and therefore the result of the test is ignored!
    In future runs, you should set numBMeansCorlTested to 0 to switch off the correlation test!
WARN Batch means correlation test was run for depository of place I/icon_logout, color 0
    However, the standard deviation of the token residence time is 0 and therefore the result of the test is ignored!
    In future runs, you should set numBMeansCorlTested to 0 to switch off the correlation test!
WARN Batch means correlation test was run for depository of place W/login, color 0
    However, the standard deviation of the token residence time is 0 and therefore the result of the test is ignored!
    In future runs, you should set numBMeansCorlTested to 0 to switch off the correlation test!
WARN Batch means correlation test was run for depository of place P/categories_login, color 0
    However, the standard deviation of the token residence time is 0 and therefore the result of the test is ignored!
    In future runs, you should set numBMeansCorlTested to 0 to switch off the correlation test!
WARN Batch means correlation test was run for depository of place I/icon_login, color 0
    However, the standard deviation of the token residence time is 0 and therefore the result of the test is ignored!
    In future runs, you should set numBMeansCorlTested to 0 to switch off the correlation test!
WARN Batch means correlation test was run for depository of place A/isLoggedIn_login, color 0
    However, the standard deviation of the token residence time is 0 and therefore the result of the test is ignored!
    In future runs, you should set numBMeansCorlTested to 0 to switch off the correlation test!
WARN Batch means correlation test was run for depository of place W/loginAction, color 0
    However, the standard deviation of the token residence time is 0 and therefore the result of the test is ignored!
    In future runs, you should set numBMeansCorlTested to 0 to switch off the correlation test!
WARN Batch means correlation test was run for depository of place A/login_loginAction, color 0
    However, the standard deviation of the token residence time is 0 and therefore the result of the test is ignored!
    In future runs, you should set numBMeansCorlTested to 0 to switch off the correlation test!
WARN Batch means correlation test was run for depository of place P/getUser_loginAction, color 0
    However, the standard deviation of the token residence time is 0 and therefore the result of the test is ignored!
    In future runs, you should set numBMeansCorlTested to 0 to switch off the correlation test!
WARN Batch means correlation test was run for depository of place I/icon_loginAction, color 0
    However, the standard deviation of the token residence time is 0 and therefore the result of the test is ignored!
    In future runs, you should set numBMeansCorlTested to 0 to switch off the correlation test!
WARN Batch means correlation test was run for depository of place W/category, color 0
    However, the standard deviation of the token residence time is 0 and therefore the result of the test is ignored!
    In future runs, you should set numBMeansCorlTested to 0 to switch off the correlation test!
WARN Batch means correlation test was run for depository of place P/category_category, color 0
    However, the standard deviation of the token residence time is 0 and therefore the result of the test is ignored!
    In future runs, you should set numBMeansCorlTested to 0 to switch off the correlation test!
WARN Batch means correlation test was run for depository of place I/productImages_category, color 0
    However, the standard deviation of the token residence time is 0 and therefore the result of the test is ignored!
    In future runs, you should set numBMeansCorlTested to 0 to switch off the correlation test!
WARN Batch means correlation test was run for depository of place A/isLoggedIn_category, color 0
    However, the standard deviation of the token residence time is 0 and therefore the result of the test is ignored!
    In future runs, you should set numBMeansCorlTested to 0 to switch off the correlation test!
WARN Batch means correlation test was run for depository of place W/product, color 0
    However, the standard deviation of the token residence time is 0 and therefore the result of the test is ignored!
    In future runs, you should set numBMeansCorlTested to 0 to switch off the correlation test!
WARN Batch means correlation test was run for depository of place P/getProduct_product, color 0
    However, the standard deviation of the token residence time is 0 and therefore the result of the test is ignored!
    In future runs, you should set numBMeansCorlTested to 0 to switch off the correlation test!
WARN Batch means correlation test was run for depository of place R/getAds_product, color 0
    However, the standard deviation of the token residence time is 0 and therefore the result of the test is ignored!
    In future runs, you should set numBMeansCorlTested to 0 to switch off the correlation test!
WARN Batch means correlation test was run for depository of place I/product_product, color 0
    However, the standard deviation of the token residence time is 0 and therefore the result of the test is ignored!
    In future runs, you should set numBMeansCorlTested to 0 to switch off the correlation test!
WARN Batch means correlation test was run for depository of place A/isLoggedIn_product, color 0
    However, the standard deviation of the token residence time is 0 and therefore the result of the test is ignored!
    In future runs, you should set numBMeansCorlTested to 0 to switch off the correlation test!
WARN Batch means correlation test was run for depository of place W/index, color 0
    However, the standard deviation of the token residence time is 0 and therefore the result of the test is ignored!
    In future runs, you should set numBMeansCorlTested to 0 to switch off the correlation test!
WARN Batch means correlation test was run for depository of place P/categories_index, color 0
    However, the standard deviation of the token residence time is 0 and therefore the result of the test is ignored!
    In future runs, you should set numBMeansCorlTested to 0 to switch off the correlation test!
WARN Batch means correlation test was run for depository of place A/isLoggedIn_index, color 0
    However, the standard deviation of the token residence time is 0 and therefore the result of the test is ignored!
    In future runs, you should set numBMeansCorlTested to 0 to switch off the correlation test!
WARN Batch means correlation test was run for depository of place I/icon_index, color 0
    However, the standard deviation of the token residence time is 0 and therefore the result of the test is ignored!
    In future runs, you should set numBMeansCorlTested to 0 to switch off the correlation test!
WARN LP-1 The simulation was stopped because of reaching max totalRunLen.
The required precision may not have been reached!
REPORT for Queue of Queueing Place : W/index----------------------------------------

queueUtilQPl=0.0028630783895442196

------------------ Color = index --------------------
arrivCnt=278363 deptCnt=278363
arrivThrPut=0.027864173772838927 deptThrPut=0.027864173772838927
meanTkPop=0.002872073853700108 tkColOcp=0.0028630783895442196
-----
meanST=0.10307407200064587 stDevST=0.10447435499464221

Steady State Statistics: numBatchesST=695 batchSizeST=400 stDevStdStateMeanST=0.005488739013831173
95% c.i. = 0.10306569606600574 +/- 4.0806398796353803E-4



REPORT for Depository of Queueing Place : W/index----------------------------------------

tkOcp=0.0

------------------ Color = index --------------------
arrivCnt=278363 deptCnt=278363
arrivThrPut=0.027864173772838927 deptThrPut=0.027864173772838927
meanTkPop=0.0 tkColOcp=0.0
-----
meanST=0.0 stDevST=0.0

Steady State Statistics: numBatchesST=1391 batchSizeST=200 stDevStdStateMeanST=0.0
95% c.i. = 0.0 +/- 0.0



REPORT for Queue : WebUI----------------------------------------

totArrivThrPut=0.1668576150966961 totDeptThrPut=0.1668576150966961
meanTotTkPop=0.021574631522482922 queueUtil=0.021074840922513563
meanST=0.12929965174187677



REPORT for Queue of Queueing Place : P/categories_index----------------------------------------

queueUtilQPl=0.004928081514069382

------------------ Color = index --------------------
arrivCnt=278363 deptCnt=278363
arrivThrPut=0.027864173772838927 deptThrPut=0.027864173772838927
meanTkPop=0.004954469615811404 tkColOcp=0.004928081514069382
-----
meanST=0.17780787818086524 stDevST=0.20332953316078417

Steady State Statistics: numBatchesST=695 batchSizeST=400 stDevStdStateMeanST=0.010752795320728344
95% c.i. = 0.17781338253529283 +/- 7.994237891936764E-4



REPORT for Depository of Queueing Place : P/categories_index----------------------------------------

tkOcp=0.0

------------------ Color = index --------------------
arrivCnt=278363 deptCnt=278363
arrivThrPut=0.027864173772838927 deptThrPut=0.027864173772838927
meanTkPop=0.0 tkColOcp=0.0
-----
meanST=0.0 stDevST=0.0

Steady State Statistics: numBatchesST=1391 batchSizeST=200 stDevStdStateMeanST=0.0
95% c.i. = 0.0 +/- 0.0



REPORT for Queue : Persistence----------------------------------------

totArrivThrPut=0.1668576150966961 totDeptThrPut=0.1668576150966961
meanTotTkPop=0.044469922576218984 queueUtil=0.04184511253999692
meanST=0.26651419265730303



REPORT for Queue of Queueing Place : A/isLoggedIn_index----------------------------------------

queueUtilQPl=0.02687532684293029

------------------ Color = index --------------------
arrivCnt=278363 deptCnt=278363
arrivThrPut=0.027864173772838927 deptThrPut=0.027864173772838927
meanTkPop=0.0276195534713023 tkColOcp=0.02687532684293029
-----
meanST=0.9912209741609108 stDevST=0.9860300093691625

Steady State Statistics: numBatchesST=695 batchSizeST=400 stDevStdStateMeanST=0.0520844467734097
95% c.i. = 0.9911234265603833 +/- 0.0038722531728461467



REPORT for Depository of Queueing Place : A/isLoggedIn_index----------------------------------------

tkOcp=0.0

------------------ Color = index --------------------
arrivCnt=278363 deptCnt=278363
arrivThrPut=0.027864173772838927 deptThrPut=0.027864173772838927
meanTkPop=0.0 tkColOcp=0.0
-----
meanST=0.0 stDevST=0.0

Steady State Statistics: numBatchesST=1391 batchSizeST=200 stDevStdStateMeanST=0.0
95% c.i. = 0.0 +/- 0.0



REPORT for Queue : Auth----------------------------------------

totArrivThrPut=0.16685751499656148 totDeptThrPut=0.16685751499656148
meanTotTkPop=0.06112385731380686 queueUtil=0.055097681992441756
meanST=0.3663236703187535



REPORT for Queue of Queueing Place : W/login----------------------------------------

queueUtilQPl=0.003953811498539966

------------------ Color = login --------------------
arrivCnt=276982 deptCnt=276982
arrivThrPut=0.02772593548693063 deptThrPut=0.02772593548693063
meanTkPop=0.003969299489182956 tkColOcp=0.003953811498539966
-----
meanST=0.1431619680084011 stDevST=0.14372349862314251

Steady State Statistics: numBatchesST=346 batchSizeST=800 stDevStdStateMeanST=0.0049008879559357095
95% c.i. = 0.14317388122539804 +/- 5.163983137067332E-4



REPORT for Depository of Queueing Place : W/login----------------------------------------

tkOcp=0.0

------------------ Color = login --------------------
arrivCnt=276982 deptCnt=276982
arrivThrPut=0.02772593548693063 deptThrPut=0.02772593548693063
meanTkPop=0.0 tkColOcp=0.0
-----
meanST=0.0 stDevST=0.0

Steady State Statistics: numBatchesST=1384 batchSizeST=200 stDevStdStateMeanST=0.0
95% c.i. = 0.0 +/- 0.0



REPORT for Queue : WebUI----------------------------------------

totArrivThrPut=0.1668576150966961 totDeptThrPut=0.1668576150966961
meanTotTkPop=0.021574631522482922 queueUtil=0.021074840922513563
meanST=0.12929965174187677



REPORT for Queue of Queueing Place : W/loginAction----------------------------------------

queueUtilQPl=0.003239672775213732

------------------ Color = loginAction --------------------
arrivCnt=277690 deptCnt=277690
arrivThrPut=0.027796806382240604 deptThrPut=0.027796806382240604
meanTkPop=0.0032498587260157037 tkColOcp=0.003239672775213732
-----
meanST=0.11691482400266098 stDevST=0.11820160158673154

Steady State Statistics: numBatchesST=694 batchSizeST=400 stDevStdStateMeanST=0.0060492364334628615
95% c.i. = 0.11691797856546177 +/- 4.5005844463617806E-4



REPORT for Depository of Queueing Place : W/loginAction----------------------------------------

tkOcp=0.0

------------------ Color = loginAction --------------------
arrivCnt=277690 deptCnt=277690
arrivThrPut=0.027796806382240604 deptThrPut=0.027796806382240604
meanTkPop=0.0 tkColOcp=0.0
-----
meanST=0.0 stDevST=0.0

Steady State Statistics: numBatchesST=1388 batchSizeST=200 stDevStdStateMeanST=0.0
95% c.i. = 0.0 +/- 0.0



REPORT for Queue : WebUI----------------------------------------

totArrivThrPut=0.1668576150966961 totDeptThrPut=0.1668576150966961
meanTotTkPop=0.021574631522482922 queueUtil=0.021074840922513563
meanST=0.12929965174187677



REPORT for Queue of Queueing Place : A/login_loginAction----------------------------------------

queueUtilQPl=0.005923126396052295

------------------ Color = loginAction --------------------
arrivCnt=277690 deptCnt=277690
arrivThrPut=0.027796806382240604 deptThrPut=0.027796806382240604
meanTkPop=0.005976203810645203 tkColOcp=0.005923126396052295
-----
meanST=0.2149960584847403 stDevST=0.3040943110993442

Steady State Statistics: numBatchesST=694 batchSizeST=400 stDevStdStateMeanST=0.015405407840268772
95% c.i. = 0.21499685364542856 +/- 0.0011461502567867705



REPORT for Depository of Queueing Place : A/login_loginAction----------------------------------------

tkOcp=0.0

------------------ Color = loginAction --------------------
arrivCnt=277690 deptCnt=277690
arrivThrPut=0.027796806382240604 deptThrPut=0.027796806382240604
meanTkPop=0.0 tkColOcp=0.0
-----
meanST=0.0 stDevST=0.0

Steady State Statistics: numBatchesST=1388 batchSizeST=200 stDevStdStateMeanST=0.0
95% c.i. = 0.0 +/- 0.0



REPORT for Queue : Auth----------------------------------------

totArrivThrPut=0.16685751499656148 totDeptThrPut=0.16685751499656148
meanTotTkPop=0.06112385731380686 queueUtil=0.055097681992441756
meanST=0.3663236703187535



REPORT for Queue of Queueing Place : W/logout----------------------------------------

queueUtilQPl=0.0028858905854806756

------------------ Color = logout --------------------
arrivCnt=278003 deptCnt=278003
arrivThrPut=0.02782813772437623 deptThrPut=0.02782813772437623
meanTkPop=0.0028950850995077444 tkColOcp=0.0028858905854806756
-----
meanST=0.10403445347950024 stDevST=0.10534531881194706

Steady State Statistics: numBatchesST=695 batchSizeST=400 stDevStdStateMeanST=0.005293017826797046
95% c.i. = 0.10403496756237728 +/- 3.9351296487629604E-4



REPORT for Depository of Queueing Place : W/logout----------------------------------------

tkOcp=0.0

------------------ Color = logout --------------------
arrivCnt=278003 deptCnt=278003
arrivThrPut=0.02782813772437623 deptThrPut=0.02782813772437623
meanTkPop=0.0 tkColOcp=0.0
-----
meanST=0.0 stDevST=0.0

Steady State Statistics: numBatchesST=1390 batchSizeST=200 stDevStdStateMeanST=0.0
95% c.i. = 0.0 +/- 0.0



REPORT for Queue : WebUI----------------------------------------

totArrivThrPut=0.1668576150966961 totDeptThrPut=0.1668576150966961
meanTotTkPop=0.021574631522482922 queueUtil=0.021074840922513563
meanST=0.12929965174187677



REPORT for Queue of Queueing Place : A/logout_logout----------------------------------------

queueUtilQPl=0.003448595867165545

------------------ Color = logout --------------------
arrivCnt=278003 deptCnt=278003
arrivThrPut=0.02782813772437623 deptThrPut=0.02782813772437623
meanTkPop=0.003477446800892056 tkColOcp=0.003448595867165545
-----
meanST=0.12496153480820117 stDevST=0.26253852887424156

Steady State Statistics: numBatchesST=695 batchSizeST=400 stDevStdStateMeanST=0.012506512779522498
95% c.i. = 0.12496239443080008 +/- 9.298050913823026E-4



REPORT for Depository of Queueing Place : A/logout_logout----------------------------------------

tkOcp=0.0

------------------ Color = logout --------------------
arrivCnt=278003 deptCnt=278003
arrivThrPut=0.02782813772437623 deptThrPut=0.02782813772437623
meanTkPop=0.0 tkColOcp=0.0
-----
meanST=0.0 stDevST=0.0

Steady State Statistics: numBatchesST=1390 batchSizeST=200 stDevStdStateMeanST=0.0
95% c.i. = 0.0 +/- 0.0



REPORT for Queue : Auth----------------------------------------

totArrivThrPut=0.16685751499656148 totDeptThrPut=0.16685751499656148
meanTotTkPop=0.06112385731380686 queueUtil=0.055097681992441756
meanST=0.3663236703187535



REPORT for Queue of Queueing Place : P/getUser_loginAction----------------------------------------

queueUtilQPl=0.003244624379864143

------------------ Color = loginAction --------------------
arrivCnt=277690 deptCnt=277690
arrivThrPut=0.027796806382240604 deptThrPut=0.027796806382240604
meanTkPop=0.0032594358178770245 tkColOcp=0.003244624379864143
-----
meanST=0.11725936329000299 stDevST=0.156797346779017

Steady State Statistics: numBatchesST=694 batchSizeST=400 stDevStdStateMeanST=0.008049128118209233
95% c.i. = 0.11726085557889444 +/- 5.988488169381806E-4



REPORT for Depository of Queueing Place : P/getUser_loginAction----------------------------------------

tkOcp=0.0

------------------ Color = loginAction --------------------
arrivCnt=277690 deptCnt=277690
arrivThrPut=0.027796806382240604 deptThrPut=0.027796806382240604
meanTkPop=0.0 tkColOcp=0.0
-----
meanST=0.0 stDevST=0.0

Steady State Statistics: numBatchesST=1388 batchSizeST=200 stDevStdStateMeanST=0.0
95% c.i. = 0.0 +/- 0.0



REPORT for Queue : Persistence----------------------------------------

totArrivThrPut=0.1668576150966961 totDeptThrPut=0.1668576150966961
meanTotTkPop=0.044469922576218984 queueUtil=0.04184511253999692
meanST=0.26651419265730303



REPORT for Queue of Queueing Place : W/category----------------------------------------

queueUtilQPl=0.005958527710941283

------------------ Color = category --------------------
arrivCnt=277129 deptCnt=277129
arrivThrPut=0.027740650206719567 deptThrPut=0.027740650206719567
meanTkPop=0.005996176976393594 tkColOcp=0.005958527710941283
-----
meanST=0.2161512773388834 stDevST=0.2155495293667113

Steady State Statistics: numBatchesST=346 batchSizeST=800 stDevStdStateMeanST=0.007859996964500026
95% c.i. = 0.21611751017855038 +/- 8.281946485415835E-4



REPORT for Depository of Queueing Place : W/category----------------------------------------

tkOcp=0.0

------------------ Color = category --------------------
arrivCnt=277129 deptCnt=277129
arrivThrPut=0.027740650206719567 deptThrPut=0.027740650206719567
meanTkPop=0.0 tkColOcp=0.0
-----
meanST=0.0 stDevST=0.0

Steady State Statistics: numBatchesST=1385 batchSizeST=200 stDevStdStateMeanST=0.0
95% c.i. = 0.0 +/- 0.0



REPORT for Queue : WebUI----------------------------------------

totArrivThrPut=0.1668576150966961 totDeptThrPut=0.1668576150966961
meanTotTkPop=0.021574631522482922 queueUtil=0.021074840922513563
meanST=0.12929965174187677



REPORT for Queue of Queueing Place : W/product----------------------------------------

queueUtilQPl=0.002585530761432679

------------------ Color = product --------------------
arrivCnt=278740 deptCnt=278740
arrivThrPut=0.02790191152359014 deptThrPut=0.02790191152359014
meanTkPop=0.0025921373776828186 tkColOcp=0.002585530761432679
-----
meanST=0.09290178472149668 stDevST=0.09531035716095314

Steady State Statistics: numBatchesST=696 batchSizeST=400 stDevStdStateMeanST=0.004694665208762093
95% c.i. = 0.0929043167999849 +/- 3.487772090011795E-4



REPORT for Depository of Queueing Place : W/product----------------------------------------

tkOcp=0.0

------------------ Color = product --------------------
arrivCnt=278740 deptCnt=278740
arrivThrPut=0.02790191152359014 deptThrPut=0.02790191152359014
meanTkPop=0.0 tkColOcp=0.0
-----
meanST=0.0 stDevST=0.0

Steady State Statistics: numBatchesST=1393 batchSizeST=200 stDevStdStateMeanST=0.0
95% c.i. = 0.0 +/- 0.0



REPORT for Queue : WebUI----------------------------------------

totArrivThrPut=0.1668576150966961 totDeptThrPut=0.1668576150966961
meanTotTkPop=0.021574631522482922 queueUtil=0.021074840922513563
meanST=0.12929965174187677



REPORT for Queue of Queueing Place : P/category_category----------------------------------------

queueUtilQPl=0.0031661816557832967

------------------ Color = category --------------------
arrivCnt=277129 deptCnt=277129
arrivThrPut=0.027740650206719567 deptThrPut=0.027740650206719567
meanTkPop=0.003179363871995668 tkColOcp=0.0031661816557832967
-----
meanST=0.11461028664805904 stDevST=0.15085680596118703

Steady State Statistics: numBatchesST=692 batchSizeST=400 stDevStdStateMeanST=0.008081913060813956
95% c.i. = 0.11461488701538487 +/- 6.021562773059126E-4



REPORT for Depository of Queueing Place : P/category_category----------------------------------------

tkOcp=0.0

------------------ Color = category --------------------
arrivCnt=277129 deptCnt=277129
arrivThrPut=0.027740650206719567 deptThrPut=0.027740650206719567
meanTkPop=0.0 tkColOcp=0.0
-----
meanST=0.0 stDevST=0.0

Steady State Statistics: numBatchesST=1385 batchSizeST=200 stDevStdStateMeanST=0.0
95% c.i. = 0.0 +/- 0.0



REPORT for Queue : Persistence----------------------------------------

totArrivThrPut=0.1668576150966961 totDeptThrPut=0.1668576150966961
meanTotTkPop=0.044469922576218984 queueUtil=0.04184511253999692
meanST=0.26651419265730303



REPORT for Queue of Queueing Place : P/getProduct_product----------------------------------------

queueUtilQPl=0.005763063557346697

------------------ Color = product --------------------
arrivCnt=278740 deptCnt=278740
arrivThrPut=0.02790191152359014 deptThrPut=0.02790191152359014
meanTkPop=0.005799669492926439 tkColOcp=0.005763063557346697
-----
meanST=0.20785921738813526 stDevST=0.22564008599377902

Steady State Statistics: numBatchesST=348 batchSizeST=800 stDevStdStateMeanST=0.007837350903288846
95% c.i. = 0.2078661624505875 +/- 8.234320390121672E-4



REPORT for Depository of Queueing Place : P/getProduct_product----------------------------------------

tkOcp=0.0

------------------ Color = product --------------------
arrivCnt=278740 deptCnt=278740
arrivThrPut=0.02790191152359014 deptThrPut=0.02790191152359014
meanTkPop=0.0 tkColOcp=0.0
-----
meanST=0.0 stDevST=0.0

Steady State Statistics: numBatchesST=1393 batchSizeST=200 stDevStdStateMeanST=0.0
95% c.i. = 0.0 +/- 0.0



REPORT for Queue : Persistence----------------------------------------

totArrivThrPut=0.1668576150966961 totDeptThrPut=0.1668576150966961
meanTotTkPop=0.044469922576218984 queueUtil=0.04184511253999692
meanST=0.26651419265730303



REPORT for Queue of Queueing Place : R/getAds_product----------------------------------------

queueUtilQPl=0.07453680098177536

------------------ Color = product --------------------
arrivCnt=278740 deptCnt=278740
arrivThrPut=0.02790191152359014 deptThrPut=0.02790191152359014
meanTkPop=0.08059860974506172 tkColOcp=0.07453680098177536
-----
meanST=2.8886411483642713 stDevST=2.895578096537207

Steady State Statistics: numBatchesST=696 batchSizeST=400 stDevStdStateMeanST=0.16300004400113066
95% c.i. = 2.8887720596405444 +/- 0.012109638895586852



REPORT for Depository of Queueing Place : R/getAds_product----------------------------------------

tkOcp=0.0

------------------ Color = product --------------------
arrivCnt=278740 deptCnt=278739
arrivThrPut=0.02790191152359014 deptThrPut=0.027901811423455523
meanTkPop=0.0 tkColOcp=0.0
-----
meanST=0.0 stDevST=0.0

Steady State Statistics: numBatchesST=1393 batchSizeST=200 stDevStdStateMeanST=0.0
95% c.i. = 0.0 +/- 0.0



REPORT for Queue : Recommender----------------------------------------

totArrivThrPut=0.02790191152359014 totDeptThrPut=0.02790191152359014
meanTotTkPop=0.08059860974506172 queueUtil=0.07453680098177536
meanST=2.8886411483642713



REPORT for Queue of Queueing Place : I/productImages_category----------------------------------------

queueUtilQPl=0.004152451297775917

------------------ Color = category --------------------
arrivCnt=277129 deptCnt=277129
arrivThrPut=0.027740650206719567 deptThrPut=0.027740650206719567
meanTkPop=0.004189390844609999 tkColOcp=0.004152451297775917
-----
meanST=0.1510199225105117 stDevST=0.25629810635153283

Steady State Statistics: numBatchesST=692 batchSizeST=400 stDevStdStateMeanST=0.013360849450616302
95% c.i. = 0.15104810790062959 +/- 9.954721495132723E-4



REPORT for Depository of Queueing Place : I/productImages_category----------------------------------------

tkOcp=0.0

------------------ Color = category --------------------
arrivCnt=277129 deptCnt=277129
arrivThrPut=0.027740650206719567 deptThrPut=0.027740650206719567
meanTkPop=0.0 tkColOcp=0.0
-----
meanST=0.0 stDevST=0.0

Steady State Statistics: numBatchesST=1385 batchSizeST=200 stDevStdStateMeanST=0.0
95% c.i. = 0.0 +/- 0.0



REPORT for Queue : ImageProvider----------------------------------------

totArrivThrPut=0.16685751499656148 totDeptThrPut=0.16685751499656148
meanTotTkPop=0.06619726900182242 queueUtil=0.060126376555123234
meanST=0.39672932323837246



REPORT for Queue of Queueing Place : I/product_product----------------------------------------

queueUtilQPl=0.00587046128990731

------------------ Color = product --------------------
arrivCnt=278739 deptCnt=278739
arrivThrPut=0.027901811423455523 deptThrPut=0.027901811423455523
meanTkPop=0.005917248507392933 tkColOcp=0.00587046128990731
-----
meanST=0.21207399109645717 stDevST=0.27120115698388664

Steady State Statistics: numBatchesST=696 batchSizeST=400 stDevStdStateMeanST=0.01359760813032007
95% c.i. = 0.21204405746542027 +/- 0.0010101968089084056



REPORT for Depository of Queueing Place : I/product_product----------------------------------------

tkOcp=0.0

------------------ Color = product --------------------
arrivCnt=278739 deptCnt=278739
arrivThrPut=0.027901811423455523 deptThrPut=0.027901811423455523
meanTkPop=0.0 tkColOcp=0.0
-----
meanST=0.0 stDevST=0.0

Steady State Statistics: numBatchesST=1393 batchSizeST=200 stDevStdStateMeanST=0.0
95% c.i. = 0.0 +/- 0.0



REPORT for Queue : ImageProvider----------------------------------------

totArrivThrPut=0.16685751499656148 totDeptThrPut=0.16685751499656148
meanTotTkPop=0.06619726900182242 queueUtil=0.060126376555123234
meanST=0.39672932323837246



REPORT for Queue of Queueing Place : Workload----------------------------------------

queueUtilQPl=1.0

------------------ Color = workload --------------------
arrivCnt=1666907 deptCnt=1666906
arrivThrPut=0.1668576150966961 deptThrPut=0.16685751499656148
meanTkPop=1.0 tkColOcp=1.0
-----
meanST=5.9931359411992275 stDevST=5.990980086008972

Steady State Statistics: numBatchesST=4167 batchSizeST=400 stDevStdStateMeanST=0.30290473790480504
95% c.i. = 5.993108169442665 +/- 0.009196919967408974



REPORT for Depository of Queueing Place : Workload----------------------------------------

tkOcp=0.0

------------------ Color = workload --------------------
arrivCnt=1666906 deptCnt=1666907
arrivThrPut=0.16685751499656148 deptThrPut=0.1668576150966961
meanTkPop=0.0 tkColOcp=0.0
-----
meanST=0.0 stDevST=0.0

Steady State Statistics: numBatchesST=8334 batchSizeST=200 stDevStdStateMeanST=0.0
95% c.i. = 0.0 +/- 0.0



REPORT for Queue : Workload----------------------------------------

totArrivThrPut=0.1668576150966961 totDeptThrPut=0.16685751499656148
meanTotTkPop=1.0 queueUtil=1.0
meanST=5.9931359411992275



REPORT for Queue of Queueing Place : I/icon_index----------------------------------------

queueUtilQPl=0.012170078645902058

------------------ Color = index --------------------
arrivCnt=278363 deptCnt=278363
arrivThrPut=0.027864173772838927 deptThrPut=0.027864173772838927
meanTkPop=0.01232272835337746 tkColOcp=0.012170078645902058
-----
meanST=0.4422427326874213 stDevST=0.4578061101205287

Steady State Statistics: numBatchesST=695 batchSizeST=400 stDevStdStateMeanST=0.023976337491650776
95% c.i. = 0.4422654670342416 +/- 0.0017825369122029908



REPORT for Depository of Queueing Place : I/icon_index----------------------------------------

tkOcp=0.0

------------------ Color = index --------------------
arrivCnt=278363 deptCnt=278363
arrivThrPut=0.027864173772838927 deptThrPut=0.027864173772838927
meanTkPop=0.0 tkColOcp=0.0
-----
meanST=0.0 stDevST=0.0

Steady State Statistics: numBatchesST=1391 batchSizeST=200 stDevStdStateMeanST=0.0
95% c.i. = 0.0 +/- 0.0



REPORT for Queue : ImageProvider----------------------------------------

totArrivThrPut=0.16685751499656148 totDeptThrPut=0.16685751499656148
meanTotTkPop=0.06619726900182242 queueUtil=0.060126376555123234
meanST=0.39672932323837246



REPORT for Queue of Queueing Place : P/categories_login----------------------------------------

queueUtilQPl=0.010802987782263478

------------------ Color = login --------------------
arrivCnt=276982 deptCnt=276982
arrivThrPut=0.02772593548693063 deptThrPut=0.02772593548693063
meanTkPop=0.010922596520463713 tkColOcp=0.010802987782263478
-----
meanST=0.3939487100665143 stDevST=0.39686021087361545

Steady State Statistics: numBatchesST=692 batchSizeST=400 stDevStdStateMeanST=0.019558068001866376
95% c.i. = 0.3939576548228704 +/- 0.001457206150410339



REPORT for Depository of Queueing Place : P/categories_login----------------------------------------

tkOcp=0.0

------------------ Color = login --------------------
arrivCnt=276982 deptCnt=276982
arrivThrPut=0.02772593548693063 deptThrPut=0.02772593548693063
meanTkPop=0.0 tkColOcp=0.0
-----
meanST=0.0 stDevST=0.0

Steady State Statistics: numBatchesST=1384 batchSizeST=200 stDevStdStateMeanST=0.0
95% c.i. = 0.0 +/- 0.0



REPORT for Queue : Persistence----------------------------------------

totArrivThrPut=0.1668576150966961 totDeptThrPut=0.1668576150966961
meanTotTkPop=0.044469922576218984 queueUtil=0.04184511253999692
meanST=0.26651419265730303



REPORT for Queue of Queueing Place : I/icon_login----------------------------------------

queueUtilQPl=0.021749566432400436

------------------ Color = login --------------------
arrivCnt=276982 deptCnt=276982
arrivThrPut=0.02772593548693063 deptThrPut=0.02772593548693063
meanTkPop=0.02222993331387246 tkColOcp=0.021749566432400436
-----
meanST=0.8017739680722816 stDevST=0.7983395781996176

Steady State Statistics: numBatchesST=692 batchSizeST=400 stDevStdStateMeanST=0.04142540059729376
95% c.i. = 0.8017759050592331 +/- 0.0030864678723802417



REPORT for Depository of Queueing Place : I/icon_login----------------------------------------

tkOcp=0.0

------------------ Color = login --------------------
arrivCnt=276982 deptCnt=276982
arrivThrPut=0.02772593548693063 deptThrPut=0.02772593548693063
meanTkPop=0.0 tkColOcp=0.0
-----
meanST=0.0 stDevST=0.0

Steady State Statistics: numBatchesST=1384 batchSizeST=200 stDevStdStateMeanST=0.0
95% c.i. = 0.0 +/- 0.0



REPORT for Queue : ImageProvider----------------------------------------

totArrivThrPut=0.16685751499656148 totDeptThrPut=0.16685751499656148
meanTotTkPop=0.06619726900182242 queueUtil=0.060126376555123234
meanST=0.39672932323837246



REPORT for Queue of Queueing Place : A/isLoggedIn_login----------------------------------------

queueUtilQPl=0.0034252094756716876

------------------ Color = login --------------------
arrivCnt=276982 deptCnt=276982
arrivThrPut=0.02772593548693063 deptThrPut=0.02772593548693063
meanTkPop=0.003455468761616277 tkColOcp=0.0034252094756716876
-----
meanST=0.1246294742063836 stDevST=0.2563856338096759

Steady State Statistics: numBatchesST=692 batchSizeST=400 stDevStdStateMeanST=0.013259812103184398
95% c.i. = 0.12461683555352648 +/- 9.879441951118016E-4



REPORT for Depository of Queueing Place : A/isLoggedIn_login----------------------------------------

tkOcp=0.0

------------------ Color = login --------------------
arrivCnt=276982 deptCnt=276982
arrivThrPut=0.02772593548693063 deptThrPut=0.02772593548693063
meanTkPop=0.0 tkColOcp=0.0
-----
meanST=0.0 stDevST=0.0

Steady State Statistics: numBatchesST=1384 batchSizeST=200 stDevStdStateMeanST=0.0
95% c.i. = 0.0 +/- 0.0



REPORT for Queue : Auth----------------------------------------

totArrivThrPut=0.16685751499656148 totDeptThrPut=0.16685751499656148
meanTotTkPop=0.06112385731380686 queueUtil=0.055097681992441756
meanST=0.3663236703187535



REPORT for Queue of Queueing Place : A/isLoggedIn_category----------------------------------------

queueUtilQPl=0.01405890489225738

------------------ Color = category --------------------
arrivCnt=277129 deptCnt=277129
arrivThrPut=0.027740650206719567 deptThrPut=0.027740650206719567
meanTkPop=0.01428180652185098 tkColOcp=0.01405890489225738
-----
meanST=0.5148331569528793 stDevST=0.5374320067349445

Steady State Statistics: numBatchesST=692 batchSizeST=400 stDevStdStateMeanST=0.02711458000939482
95% c.i. = 0.5148677148384576 +/- 0.0020202165547084138



REPORT for Depository of Queueing Place : A/isLoggedIn_category----------------------------------------

tkOcp=0.0

------------------ Color = category --------------------
arrivCnt=277129 deptCnt=277129
arrivThrPut=0.027740650206719567 deptThrPut=0.027740650206719567
meanTkPop=0.0 tkColOcp=0.0
-----
meanST=0.0 stDevST=0.0

Steady State Statistics: numBatchesST=1385 batchSizeST=200 stDevStdStateMeanST=0.0
95% c.i. = 0.0 +/- 0.0



REPORT for Queue : Auth----------------------------------------

totArrivThrPut=0.16685751499656148 totDeptThrPut=0.16685751499656148
meanTotTkPop=0.06112385731380686 queueUtil=0.055097681992441756
meanST=0.3663236703187535



REPORT for Queue of Queueing Place : I/icon_logout----------------------------------------

queueUtilQPl=0.01545827553649667

------------------ Color = logout --------------------
arrivCnt=278003 deptCnt=278003
arrivThrPut=0.02782813772437623 deptThrPut=0.02782813772437623
meanTkPop=0.015697032723170308 tkColOcp=0.01545827553649667
-----
meanST=0.5640705417890898 stDevST=0.5685517637732225

Steady State Statistics: numBatchesST=695 batchSizeST=400 stDevStdStateMeanST=0.030218065966464484
95% c.i. = 0.5640742365953015 +/- 0.002246582407315759



REPORT for Depository of Queueing Place : I/icon_logout----------------------------------------

tkOcp=0.0

------------------ Color = logout --------------------
arrivCnt=278003 deptCnt=278003
arrivThrPut=0.02782813772437623 deptThrPut=0.02782813772437623
meanTkPop=0.0 tkColOcp=0.0
-----
meanST=0.0 stDevST=0.0

Steady State Statistics: numBatchesST=1390 batchSizeST=200 stDevStdStateMeanST=0.0
95% c.i. = 0.0 +/- 0.0



REPORT for Queue : ImageProvider----------------------------------------

totArrivThrPut=0.16685751499656148 totDeptThrPut=0.16685751499656148
meanTotTkPop=0.06619726900182242 queueUtil=0.060126376555123234
meanST=0.39672932323837246



REPORT for Queue of Queueing Place : I/icon_loginAction----------------------------------------

queueUtilQPl=0.0057818221821776625

------------------ Color = loginAction --------------------
arrivCnt=277690 deptCnt=277690
arrivThrPut=0.027796806382240604 deptThrPut=0.027796806382240604
meanTkPop=0.00584093525939926 tkColOcp=0.0057818221821776625
-----
meanST=0.21012972422368048 stDevST=0.2943316910768415

Steady State Statistics: numBatchesST=694 batchSizeST=400 stDevStdStateMeanST=0.015143218590787804
95% c.i. = 0.2101344441219918 +/- 0.001126643582329647



REPORT for Depository of Queueing Place : I/icon_loginAction----------------------------------------

tkOcp=0.0

------------------ Color = loginAction --------------------
arrivCnt=277690 deptCnt=277690
arrivThrPut=0.027796806382240604 deptThrPut=0.027796806382240604
meanTkPop=0.0 tkColOcp=0.0
-----
meanST=0.0 stDevST=0.0

Steady State Statistics: numBatchesST=1388 batchSizeST=200 stDevStdStateMeanST=0.0
95% c.i. = 0.0 +/- 0.0



REPORT for Queue : ImageProvider----------------------------------------

totArrivThrPut=0.16685751499656148 totDeptThrPut=0.16685751499656148
meanTotTkPop=0.06619726900182242 queueUtil=0.060126376555123234
meanST=0.39672932323837246



REPORT for Queue of Queueing Place : A/isLoggedIn_product----------------------------------------

queueUtilQPl=0.006256077949125273

------------------ Color = product --------------------
arrivCnt=278739 deptCnt=278739
arrivThrPut=0.027901811423455523 deptThrPut=0.027901811423455523
meanTkPop=0.006313377947500039 tkColOcp=0.006256077949125273
-----
meanST=0.22627125714829854 stDevST=0.31007090759381695

Steady State Statistics: numBatchesST=348 batchSizeST=800 stDevStdStateMeanST=0.011051020368992012
95% c.i. = 0.22626952110715057 +/- 0.0011610765356678725



REPORT for Depository of Queueing Place : A/isLoggedIn_product----------------------------------------

tkOcp=0.0

------------------ Color = product --------------------
arrivCnt=278739 deptCnt=278739
arrivThrPut=0.027901811423455523 deptThrPut=0.027901811423455523
meanTkPop=0.0 tkColOcp=0.0
-----
meanST=0.0 stDevST=0.0

Steady State Statistics: numBatchesST=1393 batchSizeST=200 stDevStdStateMeanST=0.0
95% c.i. = 0.0 +/- 0.0



REPORT for Queue : Auth----------------------------------------

totArrivThrPut=0.16685751499656148 totDeptThrPut=0.16685751499656148
meanTotTkPop=0.06112385731380686 queueUtil=0.055097681992441756
meanST=0.3663236703187535



REPORT for Queue of Queueing Place : P/category_logout----------------------------------------

queueUtilQPl=0.016082503979773698

------------------ Color = logout --------------------
arrivCnt=278003 deptCnt=278003
arrivThrPut=0.02782813772437623 deptThrPut=0.02782813772437623
meanTkPop=0.016354387257144734 tkColOcp=0.016082503979773698
-----
meanST=0.5876924794295167 stDevST=0.5838069535573509

Steady State Statistics: numBatchesST=695 batchSizeST=400 stDevStdStateMeanST=0.030060746145332176
95% c.i. = 0.5876960506471632 +/- 0.002234886359565048



REPORT for Depository of Queueing Place : P/category_logout----------------------------------------

tkOcp=0.0

------------------ Color = logout --------------------
arrivCnt=278003 deptCnt=278003
arrivThrPut=0.02782813772437623 deptThrPut=0.02782813772437623
meanTkPop=0.0 tkColOcp=0.0
-----
meanST=0.0 stDevST=0.0

Steady State Statistics: numBatchesST=1390 batchSizeST=200 stDevStdStateMeanST=0.0
95% c.i. = 0.0 +/- 0.0



REPORT for Queue : Persistence----------------------------------------

totArrivThrPut=0.1668576150966961 totDeptThrPut=0.1668576150966961
meanTotTkPop=0.044469922576218984 queueUtil=0.04184511253999692
meanST=0.26651419265730303



REPORT for Ordinary Place : Finish_index----------------------------------------

tkOcp=1.0

------------------ Color = index --------------------
arrivCnt=278363 deptCnt=0
arrivThrPut=0.027864173772838927 deptThrPut=0.0
meanTkPop=139361.24855276255 tkColOcp=1.0
-----
meanST=NaN stDevST=NaN

Steady State Statistics: Only 0 batches collected!
Need at least 60 for steady state statistics.



REPORT for Ordinary Place : Finish_login----------------------------------------

tkOcp=1.0

------------------ Color = login --------------------
arrivCnt=276982 deptCnt=0
arrivThrPut=0.02772593548693063 deptThrPut=0.0
meanTkPop=138776.9832821862 tkColOcp=1.0
-----
meanST=NaN stDevST=NaN

Steady State Statistics: Only 0 batches collected!
Need at least 60 for steady state statistics.



REPORT for Ordinary Place : Finish_loginAction----------------------------------------

tkOcp=1.0

------------------ Color = loginAction --------------------
arrivCnt=277690 deptCnt=0
arrivThrPut=0.027796806382240604 deptThrPut=0.0
meanTkPop=139110.52181155 tkColOcp=1.0
-----
meanST=NaN stDevST=NaN

Steady State Statistics: Only 0 batches collected!
Need at least 60 for steady state statistics.



REPORT for Ordinary Place : Finish_category----------------------------------------

tkOcp=1.0

------------------ Color = category --------------------
arrivCnt=277129 deptCnt=0
arrivThrPut=0.027740650206719567 deptThrPut=0.0
meanTkPop=138987.25108479834 tkColOcp=1.0
-----
meanST=NaN stDevST=NaN

Steady State Statistics: Only 0 batches collected!
Need at least 60 for steady state statistics.



REPORT for Ordinary Place : Finish_product----------------------------------------

tkOcp=1.0

------------------ Color = product --------------------
arrivCnt=278739 deptCnt=0
arrivThrPut=0.027901811423455523 deptThrPut=0.0
meanTkPop=139838.6119395364 tkColOcp=1.0
-----
meanST=NaN stDevST=NaN

Steady State Statistics: Only 0 batches collected!
Need at least 60 for steady state statistics.



REPORT for Ordinary Place : Finish_logout----------------------------------------

tkOcp=1.0

------------------ Color = logout --------------------
arrivCnt=278003 deptCnt=0
arrivThrPut=0.02782813772437623 deptThrPut=0.0
meanTkPop=139389.79674484069 tkColOcp=1.0
-----
meanST=NaN stDevST=NaN

Steady State Statistics: Only 0 batches collected!
Need at least 60 for steady state statistics.



REPORT REPORT for Probe : /index----------------------------------------


------------------ Color = index --------------------
-----
meanST=1.7143456570298432 stDevST=1.1107492642136225

Steady State Statistics: numBatchesST=695 batchSizeST=400 stDevStdStateMeanST=0.05982808031641401
95% c.i. = 1.714267972195921 +/- 0.0044479588088627035



REPORT REPORT for Probe : /login----------------------------------------


------------------ Color = login --------------------
-----
meanST=1.4635141203535806 stDevST=0.9388919005952538

Steady State Statistics: numBatchesST=692 batchSizeST=400 stDevStdStateMeanST=0.0496617913900581
95% c.i. = 1.4635242766610295 +/- 0.0037001337681759794



REPORT REPORT for Probe : /loginAction----------------------------------------


------------------ Color = loginAction --------------------
-----
meanST=0.6592999700010848 stDevST=0.49041386506920476

Steady State Statistics: numBatchesST=694 batchSizeST=400 stDevStdStateMeanST=0.024543478131985555
95% c.i. = 0.6593101319117766 +/- 0.001826015517089027



REPORT REPORT for Probe : /logout----------------------------------------


------------------ Color = logout --------------------
-----
meanST=1.380759009506308 stDevST=0.8631753691215222

Steady State Statistics: numBatchesST=695 batchSizeST=400 stDevStdStateMeanST=0.044506261684658856
95% c.i. = 1.3807676492356424 +/- 0.0033088479132685044



REPORT REPORT for Probe : /category----------------------------------------


------------------ Color = category --------------------
-----
meanST=0.9966146434503333 stDevST=0.6594319142078972

Steady State Statistics: numBatchesST=692 batchSizeST=400 stDevStdStateMeanST=0.03385811325423429
95% c.i. = 0.9966482199330211 +/- 0.0025226546339163864



REPORT REPORT for Probe : /product----------------------------------------


------------------ Color = product --------------------
-----
meanST=3.6277506044125483 stDevST=2.93543546507643

Steady State Statistics: numBatchesST=696 batchSizeST=400 stDevStdStateMeanST=0.16377255021527645
95% c.i. = 3.627856117463684 +/- 0.012167030115050803



