INFO Logging to /home/yjx/workloadConfig/qpme/output/SimQPN_Output_config_2025-08-14_031818450.log
WARN Batch means correlation test was run for depository of place Workload, color 0
    However, the standard deviation of the token residence time is 0 and therefore the result of the test is ignored!
    In future runs, you should set numBMeansCorlTested to 0 to switch off the correlation test!
WARN Batch means correlation test was run for depository of place W/logout, color 0
    However, the standard deviation of the token residence time is 0 and therefore the result of the test is ignored!
    In future runs, you should set numBMeansCorlTested to 0 to switch off the correlation test!
WARN Batch means correlation test was run for depository of place A/logout_logout, color 0
    However, the standard deviation of the token residence time is 0 and therefore the result of the test is ignored!
    In future runs, you should set numBMeansCorlTested to 0 to switch off the correlation test!
WARN Batch means correlation test was run for depository of place P/category_logout, color 0
    However, the standard deviation of the token residence time is 0 and therefore the result of the test is ignored!
    In future runs, you should set numBMeansCorlTested to 0 to switch off the correlation test!
WARN Batch means correlation test was run for depository of place I/icon_logout, color 0
    However, the standard deviation of the token residence time is 0 and therefore the result of the test is ignored!
    In future runs, you should set numBMeansCorlTested to 0 to switch off the correlation test!
WARN Batch means correlation test was run for depository of place W/product, color 0
    However, the standard deviation of the token residence time is 0 and therefore the result of the test is ignored!
    In future runs, you should set numBMeansCorlTested to 0 to switch off the correlation test!
WARN Batch means correlation test was run for depository of place P/getProduct_product, color 0
    However, the standard deviation of the token residence time is 0 and therefore the result of the test is ignored!
    In future runs, you should set numBMeansCorlTested to 0 to switch off the correlation test!
WARN Batch means correlation test was run for depository of place R/getAds_product, color 0
    However, the standard deviation of the token residence time is 0 and therefore the result of the test is ignored!
    In future runs, you should set numBMeansCorlTested to 0 to switch off the correlation test!
WARN Batch means correlation test was run for depository of place I/product_product, color 0
    However, the standard deviation of the token residence time is 0 and therefore the result of the test is ignored!
    In future runs, you should set numBMeansCorlTested to 0 to switch off the correlation test!
WARN Batch means correlation test was run for depository of place A/isLoggedIn_product, color 0
    However, the standard deviation of the token residence time is 0 and therefore the result of the test is ignored!
    In future runs, you should set numBMeansCorlTested to 0 to switch off the correlation test!
WARN Batch means correlation test was run for depository of place W/index, color 0
    However, the standard deviation of the token residence time is 0 and therefore the result of the test is ignored!
    In future runs, you should set numBMeansCorlTested to 0 to switch off the correlation test!
WARN Batch means correlation test was run for depository of place P/categories_index, color 0
    However, the standard deviation of the token residence time is 0 and therefore the result of the test is ignored!
    In future runs, you should set numBMeansCorlTested to 0 to switch off the correlation test!
WARN Batch means correlation test was run for depository of place A/isLoggedIn_index, color 0
    However, the standard deviation of the token residence time is 0 and therefore the result of the test is ignored!
    In future runs, you should set numBMeansCorlTested to 0 to switch off the correlation test!
WARN Batch means correlation test was run for depository of place I/icon_index, color 0
    However, the standard deviation of the token residence time is 0 and therefore the result of the test is ignored!
    In future runs, you should set numBMeansCorlTested to 0 to switch off the correlation test!
WARN Batch means correlation test was run for depository of place W/category, color 0
    However, the standard deviation of the token residence time is 0 and therefore the result of the test is ignored!
    In future runs, you should set numBMeansCorlTested to 0 to switch off the correlation test!
WARN Batch means correlation test was run for depository of place P/category_category, color 0
    However, the standard deviation of the token residence time is 0 and therefore the result of the test is ignored!
    In future runs, you should set numBMeansCorlTested to 0 to switch off the correlation test!
WARN Batch means correlation test was run for depository of place I/productImages_category, color 0
    However, the standard deviation of the token residence time is 0 and therefore the result of the test is ignored!
    In future runs, you should set numBMeansCorlTested to 0 to switch off the correlation test!
WARN Batch means correlation test was run for depository of place A/isLoggedIn_category, color 0
    However, the standard deviation of the token residence time is 0 and therefore the result of the test is ignored!
    In future runs, you should set numBMeansCorlTested to 0 to switch off the correlation test!
WARN Batch means correlation test was run for depository of place W/loginAction, color 0
    However, the standard deviation of the token residence time is 0 and therefore the result of the test is ignored!
    In future runs, you should set numBMeansCorlTested to 0 to switch off the correlation test!
WARN Batch means correlation test was run for depository of place A/login_loginAction, color 0
    However, the standard deviation of the token residence time is 0 and therefore the result of the test is ignored!
    In future runs, you should set numBMeansCorlTested to 0 to switch off the correlation test!
WARN Batch means correlation test was run for depository of place P/getUser_loginAction, color 0
    However, the standard deviation of the token residence time is 0 and therefore the result of the test is ignored!
    In future runs, you should set numBMeansCorlTested to 0 to switch off the correlation test!
WARN Batch means correlation test was run for depository of place I/icon_loginAction, color 0
    However, the standard deviation of the token residence time is 0 and therefore the result of the test is ignored!
    In future runs, you should set numBMeansCorlTested to 0 to switch off the correlation test!
WARN Batch means correlation test was run for depository of place W/login, color 0
    However, the standard deviation of the token residence time is 0 and therefore the result of the test is ignored!
    In future runs, you should set numBMeansCorlTested to 0 to switch off the correlation test!
WARN Batch means correlation test was run for depository of place P/categories_login, color 0
    However, the standard deviation of the token residence time is 0 and therefore the result of the test is ignored!
    In future runs, you should set numBMeansCorlTested to 0 to switch off the correlation test!
WARN Batch means correlation test was run for depository of place I/icon_login, color 0
    However, the standard deviation of the token residence time is 0 and therefore the result of the test is ignored!
    In future runs, you should set numBMeansCorlTested to 0 to switch off the correlation test!
WARN Batch means correlation test was run for depository of place A/isLoggedIn_login, color 0
    However, the standard deviation of the token residence time is 0 and therefore the result of the test is ignored!
    In future runs, you should set numBMeansCorlTested to 0 to switch off the correlation test!
WARN LP-1 The simulation was stopped because of reaching max totalRunLen.
The required precision may not have been reached!
REPORT for Queue of Queueing Place : W/index----------------------------------------

queueUtilQPl=0.005467522717136185

------------------ Color = index --------------------
arrivCnt=277149 deptCnt=277149
arrivThrPut=0.027742625202163623 deptThrPut=0.027742625202163623
meanTkPop=0.005499275258640221 tkColOcp=0.005467522717136185
-----
meanST=0.19822476130381986 stDevST=0.1971642315235053

Steady State Statistics: numBatchesST=692 batchSizeST=400 stDevStdStateMeanST=0.010209215466630813
95% c.i. = 0.19823391317197045 +/- 7.606544556148957E-4



REPORT for Depository of Queueing Place : W/index----------------------------------------

tkOcp=0.0

------------------ Color = index --------------------
arrivCnt=277149 deptCnt=277149
arrivThrPut=0.027742625202163623 deptThrPut=0.027742625202163623
meanTkPop=0.0 tkColOcp=0.0
-----
meanST=0.0 stDevST=0.0

Steady State Statistics: numBatchesST=1385 batchSizeST=200 stDevStdStateMeanST=0.0
95% c.i. = 0.0 +/- 0.0



REPORT for Queue : WebUI----------------------------------------

totArrivThrPut=0.16674474002029713 totDeptThrPut=0.16674474002029713
meanTotTkPop=0.02097075803525658 queueUtil=0.020504367431738668
meanST=0.1257656345423784



REPORT for Queue of Queueing Place : P/categories_index----------------------------------------

queueUtilQPl=0.007597657499943351

------------------ Color = index --------------------
arrivCnt=277149 deptCnt=277149
arrivThrPut=0.027742625202163623 deptThrPut=0.027742625202163623
meanTkPop=0.007657313414606208 tkColOcp=0.007597657499943351
-----
meanST=0.2760125748304822 stDevST=0.29026402136259666

Steady State Statistics: numBatchesST=692 batchSizeST=400 stDevStdStateMeanST=0.014747003940729414
95% c.i. = 0.27604326592122125 +/- 0.0010987498785925956



REPORT for Depository of Queueing Place : P/categories_index----------------------------------------

tkOcp=0.0

------------------ Color = index --------------------
arrivCnt=277149 deptCnt=277149
arrivThrPut=0.027742625202163623 deptThrPut=0.027742625202163623
meanTkPop=0.0 tkColOcp=0.0
-----
meanST=0.0 stDevST=0.0

Steady State Statistics: numBatchesST=1385 batchSizeST=200 stDevStdStateMeanST=0.0
95% c.i. = 0.0 +/- 0.0



REPORT for Queue : Persistence----------------------------------------

totArrivThrPut=0.1667447400202971 totDeptThrPut=0.1667447400202971
meanTotTkPop=0.04596779805079437 queueUtil=0.04291180398850534
meanST=0.27567764983290577



REPORT for Queue of Queueing Place : A/isLoggedIn_index----------------------------------------

queueUtilQPl=0.005030141641488514

------------------ Color = index --------------------
arrivCnt=277149 deptCnt=277149
arrivThrPut=0.027742625202163623 deptThrPut=0.027742625202163623
meanTkPop=0.005076283424168144 tkColOcp=0.005030141641488514
-----
meanST=0.18297776029401316 stDevST=0.3144042434412737

Steady State Statistics: numBatchesST=692 batchSizeST=400 stDevStdStateMeanST=0.016667705674745074
95% c.i. = 0.18300998891609138 +/- 0.0012418549327137048



REPORT for Depository of Queueing Place : A/isLoggedIn_index----------------------------------------

tkOcp=0.0

------------------ Color = index --------------------
arrivCnt=277149 deptCnt=277149
arrivThrPut=0.027742625202163623 deptThrPut=0.027742625202163623
meanTkPop=0.0 tkColOcp=0.0
-----
meanST=0.0 stDevST=0.0

Steady State Statistics: numBatchesST=1385 batchSizeST=200 stDevStdStateMeanST=0.0
95% c.i. = 0.0 +/- 0.0



REPORT for Queue : Auth----------------------------------------

totArrivThrPut=0.16674474002029713 totDeptThrPut=0.16674474002029713
meanTotTkPop=0.08918864759825067 queueUtil=0.07980353732814038
meanST=0.5348813257161463



REPORT for Queue of Queueing Place : W/login----------------------------------------

queueUtilQPl=0.002729461157619163

------------------ Color = login --------------------
arrivCnt=278345 deptCnt=278345
arrivThrPut=0.027862344846621253 deptThrPut=0.027862344846621253
meanTkPop=0.002736683341345932 tkColOcp=0.002729461157619163
-----
meanST=0.09822157310919213 stDevST=0.09950049235642607

Steady State Statistics: numBatchesST=695 batchSizeST=400 stDevStdStateMeanST=0.004903654653066593
95% c.i. = 0.09821084522047493 +/- 3.645654982472195E-4



REPORT for Depository of Queueing Place : W/login----------------------------------------

tkOcp=0.0

------------------ Color = login --------------------
arrivCnt=278345 deptCnt=278345
arrivThrPut=0.027862344846621253 deptThrPut=0.027862344846621253
meanTkPop=0.0 tkColOcp=0.0
-----
meanST=0.0 stDevST=0.0

Steady State Statistics: numBatchesST=1391 batchSizeST=200 stDevStdStateMeanST=0.0
95% c.i. = 0.0 +/- 0.0



REPORT for Queue : WebUI----------------------------------------

totArrivThrPut=0.16674474002029713 totDeptThrPut=0.16674474002029713
meanTotTkPop=0.02097075803525658 queueUtil=0.020504367431738668
meanST=0.1257656345423784



REPORT for Queue of Queueing Place : W/loginAction----------------------------------------

queueUtilQPl=0.0038868144877371603

------------------ Color = loginAction --------------------
arrivCnt=277816 deptCnt=277816
arrivThrPut=0.027809391926957302 deptThrPut=0.027809391926957302
meanTkPop=0.003902866764257345 tkColOcp=0.0038868144877371603
-----
meanST=0.1403434772866811 stDevST=0.1405164495085851

Steady State Statistics: numBatchesST=694 batchSizeST=400 stDevStdStateMeanST=0.007246379571205193
95% c.i. = 0.1403366764116023 +/- 5.391249548487344E-4



REPORT for Depository of Queueing Place : W/loginAction----------------------------------------

tkOcp=0.0

------------------ Color = loginAction --------------------
arrivCnt=277816 deptCnt=277816
arrivThrPut=0.027809391926957302 deptThrPut=0.027809391926957302
meanTkPop=0.0 tkColOcp=0.0
-----
meanST=0.0 stDevST=0.0

Steady State Statistics: numBatchesST=1389 batchSizeST=200 stDevStdStateMeanST=0.0
95% c.i. = 0.0 +/- 0.0



REPORT for Queue : WebUI----------------------------------------

totArrivThrPut=0.16674474002029713 totDeptThrPut=0.16674474002029713
meanTotTkPop=0.02097075803525658 queueUtil=0.020504367431738668
meanST=0.1257656345423784



REPORT for Queue of Queueing Place : A/login_loginAction----------------------------------------

queueUtilQPl=0.015330327705521772

------------------ Color = loginAction --------------------
arrivCnt=277816 deptCnt=277816
arrivThrPut=0.027809391926957302 deptThrPut=0.027809391926957302
meanTkPop=0.015570131191146516 tkColOcp=0.015330327705521772
-----
meanST=0.5598875096601252 stDevST=0.5794439689496607

Steady State Statistics: numBatchesST=694 batchSizeST=400 stDevStdStateMeanST=0.031428262988055344
95% c.i. = 0.559890634086023 +/- 0.0023382381088259026



REPORT for Depository of Queueing Place : A/login_loginAction----------------------------------------

tkOcp=0.0

------------------ Color = loginAction --------------------
arrivCnt=277816 deptCnt=277816
arrivThrPut=0.027809391926957302 deptThrPut=0.027809391926957302
meanTkPop=0.0 tkColOcp=0.0
-----
meanST=0.0 stDevST=0.0

Steady State Statistics: numBatchesST=1389 batchSizeST=200 stDevStdStateMeanST=0.0
95% c.i. = 0.0 +/- 0.0



REPORT for Queue : Auth----------------------------------------

totArrivThrPut=0.16674474002029713 totDeptThrPut=0.16674474002029713
meanTotTkPop=0.08918864759825067 queueUtil=0.07980353732814038
meanST=0.5348813257161463



REPORT for Queue of Queueing Place : W/logout----------------------------------------

queueUtilQPl=0.0029622363324898855

------------------ Color = logout --------------------
arrivCnt=278295 deptCnt=278295
arrivThrPut=0.027857339844762657 deptThrPut=0.027857339844762657
meanTkPop=0.002971448758390237 tkColOcp=0.0029622363324898855
-----
meanST=0.10666663704965666 stDevST=0.10800544583306713

Steady State Statistics: numBatchesST=695 batchSizeST=400 stDevStdStateMeanST=0.005522767743447875
95% c.i. = 0.10666547531736295 +/- 4.10593876718994E-4



REPORT for Depository of Queueing Place : W/logout----------------------------------------

tkOcp=0.0

------------------ Color = logout --------------------
arrivCnt=278295 deptCnt=278295
arrivThrPut=0.027857339844762657 deptThrPut=0.027857339844762657
meanTkPop=0.0 tkColOcp=0.0
-----
meanST=0.0 stDevST=0.0

Steady State Statistics: numBatchesST=1391 batchSizeST=200 stDevStdStateMeanST=0.0
95% c.i. = 0.0 +/- 0.0



REPORT for Queue : WebUI----------------------------------------

totArrivThrPut=0.16674474002029713 totDeptThrPut=0.16674474002029713
meanTotTkPop=0.02097075803525658 queueUtil=0.020504367431738668
meanST=0.1257656345423784



REPORT for Queue of Queueing Place : A/logout_logout----------------------------------------

queueUtilQPl=0.026515836159633932

------------------ Color = logout --------------------
arrivCnt=278295 deptCnt=278295
arrivThrPut=0.027857339844762657 deptThrPut=0.027857339844762657
meanTkPop=0.027221697028713274 tkColOcp=0.026515836159633932
-----
meanST=0.9771822141097624 stDevST=0.9651132896797282

Steady State Statistics: numBatchesST=695 batchSizeST=400 stDevStdStateMeanST=0.04924099213075009
95% c.i. = 0.9772350844898822 +/- 0.0036608546279065486



REPORT for Depository of Queueing Place : A/logout_logout----------------------------------------

tkOcp=0.0

------------------ Color = logout --------------------
arrivCnt=278295 deptCnt=278295
arrivThrPut=0.027857339844762657 deptThrPut=0.027857339844762657
meanTkPop=0.0 tkColOcp=0.0
-----
meanST=0.0 stDevST=0.0

Steady State Statistics: numBatchesST=1391 batchSizeST=200 stDevStdStateMeanST=0.0
95% c.i. = 0.0 +/- 0.0



REPORT for Queue : Auth----------------------------------------

totArrivThrPut=0.16674474002029713 totDeptThrPut=0.16674474002029713
meanTotTkPop=0.08918864759825067 queueUtil=0.07980353732814038
meanST=0.5348813257161463



REPORT for Queue of Queueing Place : P/getUser_loginAction----------------------------------------

queueUtilQPl=0.003335091958755609

------------------ Color = loginAction --------------------
arrivCnt=277816 deptCnt=277816
arrivThrPut=0.027809391926957302 deptThrPut=0.027809391926957302
meanTkPop=0.0033533540907893407 tkColOcp=0.003335091958755609
-----
meanST=0.12058351004570994 stDevST=0.17527177659984078

Steady State Statistics: numBatchesST=694 batchSizeST=400 stDevStdStateMeanST=0.009048327327996788
95% c.i. = 0.12058633558332496 +/- 6.731884542105921E-4



REPORT for Depository of Queueing Place : P/getUser_loginAction----------------------------------------

tkOcp=0.0

------------------ Color = loginAction --------------------
arrivCnt=277816 deptCnt=277816
arrivThrPut=0.027809391926957302 deptThrPut=0.027809391926957302
meanTkPop=0.0 tkColOcp=0.0
-----
meanST=0.0 stDevST=0.0

Steady State Statistics: numBatchesST=1389 batchSizeST=200 stDevStdStateMeanST=0.0
95% c.i. = 0.0 +/- 0.0



REPORT for Queue : Persistence----------------------------------------

totArrivThrPut=0.1667447400202971 totDeptThrPut=0.1667447400202971
meanTotTkPop=0.04596779805079437 queueUtil=0.04291180398850534
meanST=0.27567764983290577



REPORT for Queue of Queueing Place : W/category----------------------------------------

queueUtilQPl=0.002988982605218046

------------------ Color = category --------------------
arrivCnt=277254 deptCnt=277254
arrivThrPut=0.027753135706066676 deptThrPut=0.027753135706066676
meanTkPop=0.0029983798238723885 tkColOcp=0.002988982605218046
-----
meanST=0.10803751531460137 stDevST=0.10884570547807476

Steady State Statistics: numBatchesST=693 batchSizeST=400 stDevStdStateMeanST=0.005463146400129103
95% c.i. = 0.10803591155429067 +/- 4.067469569793862E-4



REPORT for Depository of Queueing Place : W/category----------------------------------------

tkOcp=0.0

------------------ Color = category --------------------
arrivCnt=277254 deptCnt=277254
arrivThrPut=0.027753135706066676 deptThrPut=0.027753135706066676
meanTkPop=0.0 tkColOcp=0.0
-----
meanST=0.0 stDevST=0.0

Steady State Statistics: numBatchesST=1386 batchSizeST=200 stDevStdStateMeanST=0.0
95% c.i. = 0.0 +/- 0.0



REPORT for Queue : WebUI----------------------------------------

totArrivThrPut=0.16674474002029713 totDeptThrPut=0.16674474002029713
meanTotTkPop=0.02097075803525658 queueUtil=0.020504367431738668
meanST=0.1257656345423784



REPORT for Queue of Queueing Place : W/product----------------------------------------

queueUtilQPl=0.002853528926062803

------------------ Color = product --------------------
arrivCnt=276922 deptCnt=276922
arrivThrPut=0.027719902493725596 deptThrPut=0.027719902493725596
meanTkPop=0.0028621040887504604 tkColOcp=0.002853528926062803
-----
meanST=0.1032508714414958 stDevST=0.10446649024105732

Steady State Statistics: numBatchesST=692 batchSizeST=400 stDevStdStateMeanST=0.005087792032654627
95% c.i. = 0.10325635054347507 +/- 3.7907434626393297E-4



REPORT for Depository of Queueing Place : W/product----------------------------------------

tkOcp=0.0

------------------ Color = product --------------------
arrivCnt=276922 deptCnt=276922
arrivThrPut=0.027719902493725596 deptThrPut=0.027719902493725596
meanTkPop=0.0 tkColOcp=0.0
-----
meanST=0.0 stDevST=0.0

Steady State Statistics: numBatchesST=1384 batchSizeST=200 stDevStdStateMeanST=0.0
95% c.i. = 0.0 +/- 0.0



REPORT for Queue : WebUI----------------------------------------

totArrivThrPut=0.16674474002029713 totDeptThrPut=0.16674474002029713
meanTotTkPop=0.02097075803525658 queueUtil=0.020504367431738668
meanST=0.1257656345423784



REPORT for Queue of Queueing Place : P/category_category----------------------------------------

queueUtilQPl=0.0030577890456742057

------------------ Color = category --------------------
arrivCnt=277254 deptCnt=277254
arrivThrPut=0.027753135706066676 deptThrPut=0.027753135706066676
meanTkPop=0.003072172564518067 tkColOcp=0.0030577890456742057
-----
meanST=0.1106964127245091 stDevST=0.16289396538292278

Steady State Statistics: numBatchesST=693 batchSizeST=400 stDevStdStateMeanST=0.008203934153779934
95% c.i. = 0.1106926941538707 +/- 6.108064854770114E-4



REPORT for Depository of Queueing Place : P/category_category----------------------------------------

tkOcp=0.0

------------------ Color = category --------------------
arrivCnt=277254 deptCnt=277254
arrivThrPut=0.027753135706066676 deptThrPut=0.027753135706066676
meanTkPop=0.0 tkColOcp=0.0
-----
meanST=0.0 stDevST=0.0

Steady State Statistics: numBatchesST=1386 batchSizeST=200 stDevStdStateMeanST=0.0
95% c.i. = 0.0 +/- 0.0



REPORT for Queue : Persistence----------------------------------------

totArrivThrPut=0.1667447400202971 totDeptThrPut=0.1667447400202971
meanTotTkPop=0.04596779805079437 queueUtil=0.04291180398850534
meanST=0.27567764983290577



REPORT for Queue of Queueing Place : P/getProduct_product----------------------------------------

queueUtilQPl=0.0030528438290356157

------------------ Color = product --------------------
arrivCnt=276922 deptCnt=276922
arrivThrPut=0.027719902493725596 deptThrPut=0.027719902493725596
meanTkPop=0.003067219815771426 tkColOcp=0.0030528438290356157
-----
meanST=0.11065045472168208 stDevST=0.16035413009177601

Steady State Statistics: numBatchesST=692 batchSizeST=400 stDevStdStateMeanST=0.008472587035960691
95% c.i. = 0.11065592917426167 +/- 6.312640868980846E-4



REPORT for Depository of Queueing Place : P/getProduct_product----------------------------------------

tkOcp=0.0

------------------ Color = product --------------------
arrivCnt=276922 deptCnt=276922
arrivThrPut=0.027719902493725596 deptThrPut=0.027719902493725596
meanTkPop=0.0 tkColOcp=0.0
-----
meanST=0.0 stDevST=0.0

Steady State Statistics: numBatchesST=1384 batchSizeST=200 stDevStdStateMeanST=0.0
95% c.i. = 0.0 +/- 0.0



REPORT for Queue : Persistence----------------------------------------

totArrivThrPut=0.1667447400202971 totDeptThrPut=0.1667447400202971
meanTotTkPop=0.04596779805079437 queueUtil=0.04291180398850534
meanST=0.27567764983290577



REPORT for Queue of Queueing Place : R/getAds_product----------------------------------------

queueUtilQPl=0.00314254250713184

------------------ Color = product --------------------
arrivCnt=276922 deptCnt=276922
arrivThrPut=0.027719902493725596 deptThrPut=0.027719902493725596
meanTkPop=0.0031527810704244986 tkColOcp=0.00314254250713184
-----
meanST=0.11373709092729065 stDevST=0.11359922652871865

Steady State Statistics: numBatchesST=692 batchSizeST=400 stDevStdStateMeanST=0.005726993993225245
95% c.i. = 0.113743526665291 +/- 4.266991437750657E-4



REPORT for Depository of Queueing Place : R/getAds_product----------------------------------------

tkOcp=0.0

------------------ Color = product --------------------
arrivCnt=276922 deptCnt=276922
arrivThrPut=0.027719902493725596 deptThrPut=0.027719902493725596
meanTkPop=0.0 tkColOcp=0.0
-----
meanST=0.0 stDevST=0.0

Steady State Statistics: numBatchesST=1384 batchSizeST=200 stDevStdStateMeanST=0.0
95% c.i. = 0.0 +/- 0.0



REPORT for Queue : Recommender----------------------------------------

totArrivThrPut=0.027719902493725596 totDeptThrPut=0.027719902493725596
meanTotTkPop=0.0031527810704244986 queueUtil=0.00314254250713184
meanST=0.11373709092729065



REPORT for Queue of Queueing Place : I/productImages_category----------------------------------------

queueUtilQPl=0.013782526761501575

------------------ Color = category --------------------
arrivCnt=277254 deptCnt=277254
arrivThrPut=0.027753135706066676 deptThrPut=0.027753135706066676
meanTkPop=0.014001671911211747 tkColOcp=0.013782526761501575
-----
meanST=0.5045077449807253 stDevST=0.5360556676102453

Steady State Statistics: numBatchesST=693 batchSizeST=400 stDevStdStateMeanST=0.027364130189906882
95% c.i. = 0.5045129122622757 +/- 0.002037338169240596



REPORT for Depository of Queueing Place : I/productImages_category----------------------------------------

tkOcp=0.0

------------------ Color = category --------------------
arrivCnt=277254 deptCnt=277254
arrivThrPut=0.027753135706066676 deptThrPut=0.027753135706066676
meanTkPop=0.0 tkColOcp=0.0
-----
meanST=0.0 stDevST=0.0

Steady State Statistics: numBatchesST=1386 batchSizeST=200 stDevStdStateMeanST=0.0
95% c.i. = 0.0 +/- 0.0



REPORT for Queue : ImageProvider----------------------------------------

totArrivThrPut=0.1667447400202971 totDeptThrPut=0.1667447400202971
meanTotTkPop=0.08201671442257127 queueUtil=0.07308804870732939
meanST=0.49186987495130424



REPORT for Queue of Queueing Place : I/product_product----------------------------------------

queueUtilQPl=0.013689714121249382

------------------ Color = product --------------------
arrivCnt=276922 deptCnt=276922
arrivThrPut=0.027719902493725596 deptThrPut=0.027719902493725596
meanTkPop=0.013898531068706579 tkColOcp=0.013689714121249382
-----
meanST=0.5013917733604046 stDevST=0.5295846031491253

Steady State Statistics: numBatchesST=692 batchSizeST=400 stDevStdStateMeanST=0.02657361420679084
95% c.i. = 0.5013993502782816 +/- 0.0019799110043523687



REPORT for Depository of Queueing Place : I/product_product----------------------------------------

tkOcp=0.0

------------------ Color = product --------------------
arrivCnt=276922 deptCnt=276922
arrivThrPut=0.027719902493725596 deptThrPut=0.027719902493725596
meanTkPop=0.0 tkColOcp=0.0
-----
meanST=0.0 stDevST=0.0

Steady State Statistics: numBatchesST=1384 batchSizeST=200 stDevStdStateMeanST=0.0
95% c.i. = 0.0 +/- 0.0



REPORT for Queue : ImageProvider----------------------------------------

totArrivThrPut=0.1667447400202971 totDeptThrPut=0.1667447400202971
meanTotTkPop=0.08201671442257127 queueUtil=0.07308804870732939
meanST=0.49186987495130424



REPORT for Queue of Queueing Place : Workload----------------------------------------

queueUtilQPl=1.0

------------------ Color = workload --------------------
arrivCnt=1665781 deptCnt=1665781
arrivThrPut=0.1667447400202971 deptThrPut=0.1667447400202971
meanTkPop=1.0 tkColOcp=1.0
-----
meanST=5.997190675269723 stDevST=5.99174542958096

Steady State Statistics: numBatchesST=4164 batchSizeST=400 stDevStdStateMeanST=0.29981485484731923
95% c.i. = 5.997189988101555 +/- 0.009106382275084748



REPORT for Depository of Queueing Place : Workload----------------------------------------

tkOcp=0.0

------------------ Color = workload --------------------
arrivCnt=1665781 deptCnt=1665781
arrivThrPut=0.1667447400202971 deptThrPut=0.1667447400202971
meanTkPop=0.0 tkColOcp=0.0
-----
meanST=0.0 stDevST=0.0

Steady State Statistics: numBatchesST=8328 batchSizeST=200 stDevStdStateMeanST=0.0
95% c.i. = 0.0 +/- 0.0



REPORT for Queue : Workload----------------------------------------

totArrivThrPut=0.1667447400202971 totDeptThrPut=0.1667447400202971
meanTotTkPop=1.0 queueUtil=1.0
meanST=5.997190675269723



REPORT for Queue of Queueing Place : I/icon_index----------------------------------------

queueUtilQPl=0.0043547711764112765

------------------ Color = index --------------------
arrivCnt=277149 deptCnt=277149
arrivThrPut=0.027742625202163623 deptThrPut=0.027742625202163623
meanTkPop=0.004406592792059378 tkColOcp=0.0043547711764112765
-----
meanST=0.15883834928915494 stDevST=0.30599723625278075

Steady State Statistics: numBatchesST=692 batchSizeST=400 stDevStdStateMeanST=0.01623395328529217
95% c.i. = 0.158820313160398 +/- 0.0012095374947333462



REPORT for Depository of Queueing Place : I/icon_index----------------------------------------

tkOcp=0.0

------------------ Color = index --------------------
arrivCnt=277149 deptCnt=277149
arrivThrPut=0.027742625202163623 deptThrPut=0.027742625202163623
meanTkPop=0.0 tkColOcp=0.0
-----
meanST=0.0 stDevST=0.0

Steady State Statistics: numBatchesST=1385 batchSizeST=200 stDevStdStateMeanST=0.0
95% c.i. = 0.0 +/- 0.0



REPORT for Queue : ImageProvider----------------------------------------

totArrivThrPut=0.1667447400202971 totDeptThrPut=0.1667447400202971
meanTotTkPop=0.08201671442257127 queueUtil=0.07308804870732939
meanST=0.49186987495130424



REPORT for Queue of Queueing Place : P/categories_login----------------------------------------

queueUtilQPl=0.01172190777937779

------------------ Color = login --------------------
arrivCnt=278345 deptCnt=278345
arrivThrPut=0.027862344846621253 deptThrPut=0.027862344846621253
meanTkPop=0.011861696069888553 tkColOcp=0.01172190777937779
-----
meanST=0.425724975237573 stDevST=0.42879058911211265

Steady State Statistics: numBatchesST=695 batchSizeST=400 stDevStdStateMeanST=0.02112205921378477
95% c.i. = 0.42571455322983176 +/- 0.0015703336768353258



REPORT for Depository of Queueing Place : P/categories_login----------------------------------------

tkOcp=0.0

------------------ Color = login --------------------
arrivCnt=278345 deptCnt=278345
arrivThrPut=0.027862344846621253 deptThrPut=0.027862344846621253
meanTkPop=0.0 tkColOcp=0.0
-----
meanST=0.0 stDevST=0.0

Steady State Statistics: numBatchesST=1391 batchSizeST=200 stDevStdStateMeanST=0.0
95% c.i. = 0.0 +/- 0.0



REPORT for Queue : Persistence----------------------------------------

totArrivThrPut=0.1667447400202971 totDeptThrPut=0.1667447400202971
meanTotTkPop=0.04596779805079437 queueUtil=0.04291180398850534
meanST=0.27567764983290577



REPORT for Queue of Queueing Place : I/icon_login----------------------------------------

queueUtilQPl=0.007785128045047977

------------------ Color = login --------------------
arrivCnt=278345 deptCnt=278345
arrivThrPut=0.027862344846621253 deptThrPut=0.027862344846621253
meanTkPop=0.007867370487637398 tkColOcp=0.007785128045047977
-----
meanST=0.2823656993317072 stDevST=0.35505825949767605

Steady State Statistics: numBatchesST=695 batchSizeST=400 stDevStdStateMeanST=0.01784015496249413
95% c.i. = 0.282396467896895 +/- 0.0013263383012998146



REPORT for Depository of Queueing Place : I/icon_login----------------------------------------

tkOcp=0.0

------------------ Color = login --------------------
arrivCnt=278345 deptCnt=278345
arrivThrPut=0.027862344846621253 deptThrPut=0.027862344846621253
meanTkPop=0.0 tkColOcp=0.0
-----
meanST=0.0 stDevST=0.0

Steady State Statistics: numBatchesST=1391 batchSizeST=200 stDevStdStateMeanST=0.0
95% c.i. = 0.0 +/- 0.0



REPORT for Queue : ImageProvider----------------------------------------

totArrivThrPut=0.1667447400202971 totDeptThrPut=0.1667447400202971
meanTotTkPop=0.08201671442257127 queueUtil=0.07308804870732939
meanST=0.49186987495130424



REPORT for Queue of Queueing Place : A/isLoggedIn_login----------------------------------------

queueUtilQPl=0.004427166096773812

------------------ Color = login --------------------
arrivCnt=278345 deptCnt=278345
arrivThrPut=0.027862344846621253 deptThrPut=0.027862344846621253
meanTkPop=0.004474482455092456 tkColOcp=0.004427166096773812
-----
meanST=0.1605924583779264 stDevST=0.3137777923405714

Steady State Statistics: numBatchesST=695 batchSizeST=400 stDevStdStateMeanST=0.01694300110280775
95% c.i. = 0.16059707101135187 +/- 0.0012596387951148836



REPORT for Depository of Queueing Place : A/isLoggedIn_login----------------------------------------

tkOcp=0.0

------------------ Color = login --------------------
arrivCnt=278345 deptCnt=278345
arrivThrPut=0.027862344846621253 deptThrPut=0.027862344846621253
meanTkPop=0.0 tkColOcp=0.0
-----
meanST=0.0 stDevST=0.0

Steady State Statistics: numBatchesST=1391 batchSizeST=200 stDevStdStateMeanST=0.0
95% c.i. = 0.0 +/- 0.0



REPORT for Queue : Auth----------------------------------------

totArrivThrPut=0.16674474002029713 totDeptThrPut=0.16674474002029713
meanTotTkPop=0.08918864759825067 queueUtil=0.07980353732814038
meanST=0.5348813257161463



REPORT for Queue of Queueing Place : A/isLoggedIn_category----------------------------------------

queueUtilQPl=0.015487718343068453

------------------ Color = category --------------------
arrivCnt=277254 deptCnt=277254
arrivThrPut=0.027753135706066676 deptThrPut=0.027753135706066676
meanTkPop=0.015745857186324833 tkColOcp=0.015487718343068453
-----
meanST=0.5673541668620486 stDevST=0.5907647264740835

Steady State Statistics: numBatchesST=693 batchSizeST=400 stDevStdStateMeanST=0.02990167053002943
95% c.i. = 0.5673791296426575 +/- 0.0022262653434296114



REPORT for Depository of Queueing Place : A/isLoggedIn_category----------------------------------------

tkOcp=0.0

------------------ Color = category --------------------
arrivCnt=277254 deptCnt=277254
arrivThrPut=0.027753135706066676 deptThrPut=0.027753135706066676
meanTkPop=0.0 tkColOcp=0.0
-----
meanST=0.0 stDevST=0.0

Steady State Statistics: numBatchesST=1386 batchSizeST=200 stDevStdStateMeanST=0.0
95% c.i. = 0.0 +/- 0.0



REPORT for Queue : Auth----------------------------------------

totArrivThrPut=0.16674474002029713 totDeptThrPut=0.16674474002029713
meanTotTkPop=0.08918864759825067 queueUtil=0.07980353732814038
meanST=0.5348813257161463



REPORT for Queue of Queueing Place : I/icon_logout----------------------------------------

queueUtilQPl=0.025995389613314757

------------------ Color = logout --------------------
arrivCnt=278295 deptCnt=278295
arrivThrPut=0.027857339844762657 deptThrPut=0.027857339844762657
meanTkPop=0.026674406233529256 tkColOcp=0.025995389613314757
-----
meanST=0.9575360167975335 stDevST=0.9517215751269321

Steady State Statistics: numBatchesST=347 batchSizeST=800 stDevStdStateMeanST=0.03455605525663533
95% c.i. = 0.9576043983279966 +/- 0.003635863023885513



REPORT for Depository of Queueing Place : I/icon_logout----------------------------------------

tkOcp=0.0

------------------ Color = logout --------------------
arrivCnt=278295 deptCnt=278295
arrivThrPut=0.027857339844762657 deptThrPut=0.027857339844762657
meanTkPop=0.0 tkColOcp=0.0
-----
meanST=0.0 stDevST=0.0

Steady State Statistics: numBatchesST=1391 batchSizeST=200 stDevStdStateMeanST=0.0
95% c.i. = 0.0 +/- 0.0



REPORT for Queue : ImageProvider----------------------------------------

totArrivThrPut=0.1667447400202971 totDeptThrPut=0.1667447400202971
meanTotTkPop=0.08201671442257127 queueUtil=0.07308804870732939
meanST=0.49186987495130424



REPORT for Queue of Queueing Place : I/icon_loginAction----------------------------------------

queueUtilQPl=0.014910745918461504

------------------ Color = loginAction --------------------
arrivCnt=277816 deptCnt=277816
arrivThrPut=0.027809391926957302 deptThrPut=0.027809391926957302
meanTkPop=0.01516814192942692 tkColOcp=0.014910745918461504
-----
meanST=0.5454323477933919 stDevST=0.5774236348047763

Steady State Statistics: numBatchesST=694 batchSizeST=400 stDevStdStateMeanST=0.02955503064727602
95% c.i. = 0.5454442485192074 +/- 0.00219887109234268



REPORT for Depository of Queueing Place : I/icon_loginAction----------------------------------------

tkOcp=0.0

------------------ Color = loginAction --------------------
arrivCnt=277816 deptCnt=277816
arrivThrPut=0.027809391926957302 deptThrPut=0.027809391926957302
meanTkPop=0.0 tkColOcp=0.0
-----
meanST=0.0 stDevST=0.0

Steady State Statistics: numBatchesST=1389 batchSizeST=200 stDevStdStateMeanST=0.0
95% c.i. = 0.0 +/- 0.0



REPORT for Queue : ImageProvider----------------------------------------

totArrivThrPut=0.1667447400202971 totDeptThrPut=0.1667447400202971
meanTotTkPop=0.08201671442257127 queueUtil=0.07308804870732939
meanST=0.49186987495130424



REPORT for Queue of Queueing Place : A/isLoggedIn_product----------------------------------------

queueUtilQPl=0.020660255068444437

------------------ Color = product --------------------
arrivCnt=276922 deptCnt=276922
arrivThrPut=0.027719902493725596 deptThrPut=0.027719902493725596
meanTkPop=0.021100196312805453 tkColOcp=0.020660255068444437
-----
meanST=0.7611930207034995 stDevST=0.7651928664046557

Steady State Statistics: numBatchesST=692 batchSizeST=400 stDevStdStateMeanST=0.0389018350663527
95% c.i. = 0.76123127473302 +/- 0.002898445455631311



REPORT for Depository of Queueing Place : A/isLoggedIn_product----------------------------------------

tkOcp=0.0

------------------ Color = product --------------------
arrivCnt=276922 deptCnt=276922
arrivThrPut=0.027719902493725596 deptThrPut=0.027719902493725596
meanTkPop=0.0 tkColOcp=0.0
-----
meanST=0.0 stDevST=0.0

Steady State Statistics: numBatchesST=1384 batchSizeST=200 stDevStdStateMeanST=0.0
95% c.i. = 0.0 +/- 0.0



REPORT for Queue : Auth----------------------------------------

totArrivThrPut=0.16674474002029713 totDeptThrPut=0.16674474002029713
meanTotTkPop=0.08918864759825067 queueUtil=0.07980353732814038
meanST=0.5348813257161463



REPORT for Queue of Queueing Place : P/category_logout----------------------------------------

queueUtilQPl=0.016681241905522278

------------------ Color = logout --------------------
arrivCnt=278295 deptCnt=278295
arrivThrPut=0.027857339844762657 deptThrPut=0.027857339844762657
meanTkPop=0.01695604209522078 tkColOcp=0.016681241905522278
-----
meanST=0.6086741300393266 stDevST=0.6056811212435096

Steady State Statistics: numBatchesST=695 batchSizeST=400 stDevStdStateMeanST=0.03035632429476473
95% c.i. = 0.6086154080500403 +/- 0.0022568613155810636



REPORT for Depository of Queueing Place : P/category_logout----------------------------------------

tkOcp=0.0

------------------ Color = logout --------------------
arrivCnt=278295 deptCnt=278295
arrivThrPut=0.027857339844762657 deptThrPut=0.027857339844762657
meanTkPop=0.0 tkColOcp=0.0
-----
meanST=0.0 stDevST=0.0

Steady State Statistics: numBatchesST=1391 batchSizeST=200 stDevStdStateMeanST=0.0
95% c.i. = 0.0 +/- 0.0



REPORT for Queue : Persistence----------------------------------------

totArrivThrPut=0.1667447400202971 totDeptThrPut=0.1667447400202971
meanTotTkPop=0.04596779805079437 queueUtil=0.04291180398850534
meanST=0.27567764983290577



REPORT for Ordinary Place : Finish_index----------------------------------------

tkOcp=1.0

------------------ Color = index --------------------
arrivCnt=277149 deptCnt=0
arrivThrPut=0.027742625202163623 deptThrPut=0.0
meanTkPop=138984.14568731262 tkColOcp=1.0
-----
meanST=NaN stDevST=NaN

Steady State Statistics: Only 0 batches collected!
Need at least 60 for steady state statistics.



REPORT for Ordinary Place : Finish_login----------------------------------------

tkOcp=1.0

------------------ Color = login --------------------
arrivCnt=278345 deptCnt=0
arrivThrPut=0.027862344846621253 deptThrPut=0.0
meanTkPop=139264.50888798363 tkColOcp=1.0
-----
meanST=NaN stDevST=NaN

Steady State Statistics: Only 0 batches collected!
Need at least 60 for steady state statistics.



REPORT for Ordinary Place : Finish_loginAction----------------------------------------

tkOcp=1.0

------------------ Color = loginAction --------------------
arrivCnt=277816 deptCnt=0
arrivThrPut=0.027809391926957302 deptThrPut=0.0
meanTkPop=138731.2223468187 tkColOcp=1.0
-----
meanST=NaN stDevST=NaN

Steady State Statistics: Only 0 batches collected!
Need at least 60 for steady state statistics.



REPORT for Ordinary Place : Finish_category----------------------------------------

tkOcp=1.0

------------------ Color = category --------------------
arrivCnt=277254 deptCnt=0
arrivThrPut=0.027753135706066676 deptThrPut=0.0
meanTkPop=138716.92243231784 tkColOcp=1.0
-----
meanST=NaN stDevST=NaN

Steady State Statistics: Only 0 batches collected!
Need at least 60 for steady state statistics.



REPORT for Ordinary Place : Finish_product----------------------------------------

tkOcp=1.0

------------------ Color = product --------------------
arrivCnt=276922 deptCnt=0
arrivThrPut=0.027719902493725596 deptThrPut=0.0
meanTkPop=138851.17675579537 tkColOcp=1.0
-----
meanST=NaN stDevST=NaN

Steady State Statistics: Only 0 batches collected!
Need at least 60 for steady state statistics.



REPORT for Ordinary Place : Finish_logout----------------------------------------

tkOcp=1.0

------------------ Color = logout --------------------
arrivCnt=278295 deptCnt=0
arrivThrPut=0.027857339844762657 deptThrPut=0.0
meanTkPop=139877.7899822819 tkColOcp=1.0
-----
meanST=NaN stDevST=NaN

Steady State Statistics: Only 0 batches collected!
Need at least 60 for steady state statistics.



REPORT REPORT for Probe : /index----------------------------------------


------------------ Color = index --------------------
-----
meanST=0.8160534457174702 stDevST=0.5806610068285214

Steady State Statistics: numBatchesST=692 batchSizeST=400 stDevStdStateMeanST=0.030307397418079234
95% c.i. = 0.8161074811696809 +/- 0.0022581026876653163



REPORT REPORT for Probe : /login----------------------------------------


------------------ Color = login --------------------
-----
meanST=0.9669047060563986 stDevST=0.6488567987283685

Steady State Statistics: numBatchesST=695 batchSizeST=400 stDevStdStateMeanST=0.03340148350153096
95% c.i. = 0.9669189373585542 +/- 0.002483255721794515



REPORT REPORT for Probe : /loginAction----------------------------------------


------------------ Color = loginAction --------------------
-----
meanST=1.3662468447859082 stDevST=0.8774052816322926

Steady State Statistics: numBatchesST=694 batchSizeST=400 stDevStdStateMeanST=0.045660521861620194
95% c.i. = 1.3662578946001585 +/- 0.0033971070029004103



REPORT REPORT for Probe : /logout----------------------------------------


------------------ Color = logout --------------------
-----
meanST=2.6500589979962785 stDevST=1.4864689001867053

Steady State Statistics: numBatchesST=695 batchSizeST=400 stDevStdStateMeanST=0.07603010314317417
95% c.i. = 2.65007110798831 +/- 0.005652509076438494



REPORT REPORT for Probe : /category----------------------------------------


------------------ Color = category --------------------
-----
meanST=1.2905958398818844 stDevST=0.8312886961983016

Steady State Statistics: numBatchesST=693 batchSizeST=400 stDevStdStateMeanST=0.042965967465837966
95% c.i. = 1.2906206476130937 +/- 0.003198939812411381



REPORT REPORT for Probe : /product----------------------------------------


------------------ Color = product --------------------
-----
meanST=1.5902232111543726 stDevST=0.9660693511846159

Steady State Statistics: numBatchesST=692 batchSizeST=400 stDevStdStateMeanST=0.04904546753194298
95% c.i. = 1.5902864313943317 +/- 0.003654213541464206



