INFO Logging to /home/yjx/workloadConfig/qpme/output/SimQPN_Output_config_2025-08-14_103507648.log
WARN Batch means correlation test was run for depository of place Workload, color 0
    However, the standard deviation of the token residence time is 0 and therefore the result of the test is ignored!
    In future runs, you should set numBMeansCorlTested to 0 to switch off the correlation test!
WARN Batch means correlation test was run for depository of place W/logout, color 0
    However, the standard deviation of the token residence time is 0 and therefore the result of the test is ignored!
    In future runs, you should set numBMeansCorlTested to 0 to switch off the correlation test!
WARN Batch means correlation test was run for depository of place A/logout_logout, color 0
    However, the standard deviation of the token residence time is 0 and therefore the result of the test is ignored!
    In future runs, you should set numBMeansCorlTested to 0 to switch off the correlation test!
WARN Batch means correlation test was run for depository of place P/category_logout, color 0
    However, the standard deviation of the token residence time is 0 and therefore the result of the test is ignored!
    In future runs, you should set numBMeansCorlTested to 0 to switch off the correlation test!
WARN Batch means correlation test was run for depository of place I/icon_logout, color 0
    However, the standard deviation of the token residence time is 0 and therefore the result of the test is ignored!
    In future runs, you should set numBMeansCorlTested to 0 to switch off the correlation test!
WARN Batch means correlation test was run for depository of place W/category, color 0
    However, the standard deviation of the token residence time is 0 and therefore the result of the test is ignored!
    In future runs, you should set numBMeansCorlTested to 0 to switch off the correlation test!
WARN Batch means correlation test was run for depository of place P/category_category, color 0
    However, the standard deviation of the token residence time is 0 and therefore the result of the test is ignored!
    In future runs, you should set numBMeansCorlTested to 0 to switch off the correlation test!
WARN Batch means correlation test was run for depository of place I/productImages_category, color 0
    However, the standard deviation of the token residence time is 0 and therefore the result of the test is ignored!
    In future runs, you should set numBMeansCorlTested to 0 to switch off the correlation test!
WARN Batch means correlation test was run for depository of place A/isLoggedIn_category, color 0
    However, the standard deviation of the token residence time is 0 and therefore the result of the test is ignored!
    In future runs, you should set numBMeansCorlTested to 0 to switch off the correlation test!
WARN Batch means correlation test was run for depository of place W/login, color 0
    However, the standard deviation of the token residence time is 0 and therefore the result of the test is ignored!
    In future runs, you should set numBMeansCorlTested to 0 to switch off the correlation test!
WARN Batch means correlation test was run for depository of place P/categories_login, color 0
    However, the standard deviation of the token residence time is 0 and therefore the result of the test is ignored!
    In future runs, you should set numBMeansCorlTested to 0 to switch off the correlation test!
WARN Batch means correlation test was run for depository of place I/icon_login, color 0
    However, the standard deviation of the token residence time is 0 and therefore the result of the test is ignored!
    In future runs, you should set numBMeansCorlTested to 0 to switch off the correlation test!
WARN Batch means correlation test was run for depository of place A/isLoggedIn_login, color 0
    However, the standard deviation of the token residence time is 0 and therefore the result of the test is ignored!
    In future runs, you should set numBMeansCorlTested to 0 to switch off the correlation test!
WARN Batch means correlation test was run for depository of place W/product, color 0
    However, the standard deviation of the token residence time is 0 and therefore the result of the test is ignored!
    In future runs, you should set numBMeansCorlTested to 0 to switch off the correlation test!
WARN Batch means correlation test was run for depository of place P/getProduct_product, color 0
    However, the standard deviation of the token residence time is 0 and therefore the result of the test is ignored!
    In future runs, you should set numBMeansCorlTested to 0 to switch off the correlation test!
WARN Batch means correlation test was run for depository of place R/getAds_product, color 0
    However, the standard deviation of the token residence time is 0 and therefore the result of the test is ignored!
    In future runs, you should set numBMeansCorlTested to 0 to switch off the correlation test!
WARN Batch means correlation test was run for depository of place I/product_product, color 0
    However, the standard deviation of the token residence time is 0 and therefore the result of the test is ignored!
    In future runs, you should set numBMeansCorlTested to 0 to switch off the correlation test!
WARN Batch means correlation test was run for depository of place A/isLoggedIn_product, color 0
    However, the standard deviation of the token residence time is 0 and therefore the result of the test is ignored!
    In future runs, you should set numBMeansCorlTested to 0 to switch off the correlation test!
WARN Batch means correlation test was run for depository of place W/loginAction, color 0
    However, the standard deviation of the token residence time is 0 and therefore the result of the test is ignored!
    In future runs, you should set numBMeansCorlTested to 0 to switch off the correlation test!
WARN Batch means correlation test was run for depository of place A/login_loginAction, color 0
    However, the standard deviation of the token residence time is 0 and therefore the result of the test is ignored!
    In future runs, you should set numBMeansCorlTested to 0 to switch off the correlation test!
WARN Batch means correlation test was run for depository of place P/getUser_loginAction, color 0
    However, the standard deviation of the token residence time is 0 and therefore the result of the test is ignored!
    In future runs, you should set numBMeansCorlTested to 0 to switch off the correlation test!
WARN Batch means correlation test was run for depository of place I/icon_loginAction, color 0
    However, the standard deviation of the token residence time is 0 and therefore the result of the test is ignored!
    In future runs, you should set numBMeansCorlTested to 0 to switch off the correlation test!
WARN Batch means correlation test was run for depository of place W/index, color 0
    However, the standard deviation of the token residence time is 0 and therefore the result of the test is ignored!
    In future runs, you should set numBMeansCorlTested to 0 to switch off the correlation test!
WARN Batch means correlation test was run for depository of place P/categories_index, color 0
    However, the standard deviation of the token residence time is 0 and therefore the result of the test is ignored!
    In future runs, you should set numBMeansCorlTested to 0 to switch off the correlation test!
WARN Batch means correlation test was run for depository of place A/isLoggedIn_index, color 0
    However, the standard deviation of the token residence time is 0 and therefore the result of the test is ignored!
    In future runs, you should set numBMeansCorlTested to 0 to switch off the correlation test!
WARN Batch means correlation test was run for depository of place I/icon_index, color 0
    However, the standard deviation of the token residence time is 0 and therefore the result of the test is ignored!
    In future runs, you should set numBMeansCorlTested to 0 to switch off the correlation test!
WARN LP-1 The simulation was stopped because of reaching max totalRunLen.
The required precision may not have been reached!
REPORT for Queue of Queueing Place : W/index----------------------------------------

queueUtilQPl=0.01424709169157082

------------------ Color = index --------------------
arrivCnt=276542 deptCnt=276542
arrivThrPut=0.0276818815182308 deptThrPut=0.0276818815182308
meanTkPop=0.014449402174729637 tkColOcp=0.01424709169157082
-----
meanST=0.5219804934579145 stDevST=0.5190078630415839

Steady State Statistics: numBatchesST=691 batchSizeST=400 stDevStdStateMeanST=0.027195630231188324
95% c.i. = 0.5219808015999772 +/- 0.0020277209813156106



REPORT for Depository of Queueing Place : W/index----------------------------------------

tkOcp=0.0

------------------ Color = index --------------------
arrivCnt=276542 deptCnt=276542
arrivThrPut=0.0276818815182308 deptThrPut=0.0276818815182308
meanTkPop=0.0 tkColOcp=0.0
-----
meanST=0.0 stDevST=0.0

Steady State Statistics: numBatchesST=1382 batchSizeST=200 stDevStdStateMeanST=0.0
95% c.i. = 0.0 +/- 0.0



REPORT for Queue : WebUI----------------------------------------

totArrivThrPut=0.16652922704156964 totDeptThrPut=0.16652922704156964
meanTotTkPop=0.04387401552538906 queueUtil=0.04160538826972956
meanST=0.26346135333010984



REPORT for Queue of Queueing Place : P/categories_index----------------------------------------

queueUtilQPl=0.012057540480890413

------------------ Color = index --------------------
arrivCnt=276542 deptCnt=276542
arrivThrPut=0.0276818815182308 deptThrPut=0.0276818815182308
meanTkPop=0.012207807154843844 tkColOcp=0.012057540480890413
-----
meanST=0.4410035187385654 stDevST=0.45569947865532007

Steady State Statistics: numBatchesST=691 batchSizeST=400 stDevStdStateMeanST=0.02348391100347655
95% c.i. = 0.4410266224849139 +/- 0.0017509731769513475



REPORT for Depository of Queueing Place : P/categories_index----------------------------------------

tkOcp=0.0

------------------ Color = index --------------------
arrivCnt=276542 deptCnt=276542
arrivThrPut=0.0276818815182308 deptThrPut=0.0276818815182308
meanTkPop=0.0 tkColOcp=0.0
-----
meanST=0.0 stDevST=0.0

Steady State Statistics: numBatchesST=1382 batchSizeST=200 stDevStdStateMeanST=0.0
95% c.i. = 0.0 +/- 0.0



REPORT for Queue : Persistence----------------------------------------

totArrivThrPut=0.16652922704156964 totDeptThrPut=0.16652922704156964
meanTotTkPop=0.0675539958835806 queueUtil=0.06163030048943909
meanST=0.405658496611634



REPORT for Queue of Queueing Place : A/isLoggedIn_index----------------------------------------

queueUtilQPl=0.009837360744449597

------------------ Color = index --------------------
arrivCnt=276542 deptCnt=276542
arrivThrPut=0.0276818815182308 deptThrPut=0.0276818815182308
meanTkPop=0.00993674901253368 tkColOcp=0.009837360744449597
-----
meanST=0.35896219720431616 stDevST=0.38829066101002296

Steady State Statistics: numBatchesST=691 batchSizeST=400 stDevStdStateMeanST=0.020007352980498275
95% c.i. = 0.3589330712699797 +/- 0.0014917591199125183



REPORT for Depository of Queueing Place : A/isLoggedIn_index----------------------------------------

tkOcp=0.0

------------------ Color = index --------------------
arrivCnt=276542 deptCnt=276542
arrivThrPut=0.0276818815182308 deptThrPut=0.0276818815182308
meanTkPop=0.0 tkColOcp=0.0
-----
meanST=0.0 stDevST=0.0

Steady State Statistics: numBatchesST=1382 batchSizeST=200 stDevStdStateMeanST=0.0
95% c.i. = 0.0 +/- 0.0



REPORT for Queue : Auth----------------------------------------

totArrivThrPut=0.16652922704156964 totDeptThrPut=0.16652922704156964
meanTotTkPop=0.060095198015114155 queueUtil=0.054485617663043766
meanST=0.360868774104818



REPORT for Queue of Queueing Place : W/login----------------------------------------

queueUtilQPl=0.003163036039473993

------------------ Color = login --------------------
arrivCnt=276718 deptCnt=276718
arrivThrPut=0.02769949913561698 deptThrPut=0.02769949913561698
meanTkPop=0.003176718434830847 tkColOcp=0.003163036039473993
-----
meanST=0.11468504969268964 stDevST=0.14500463266968364

Steady State Statistics: numBatchesST=691 batchSizeST=400 stDevStdStateMeanST=0.007135575977160061
95% c.i. = 0.11465713353656465 +/- 5.320324257852976E-4



REPORT for Depository of Queueing Place : W/login----------------------------------------

tkOcp=0.0

------------------ Color = login --------------------
arrivCnt=276718 deptCnt=276718
arrivThrPut=0.02769949913561698 deptThrPut=0.02769949913561698
meanTkPop=0.0 tkColOcp=0.0
-----
meanST=0.0 stDevST=0.0

Steady State Statistics: numBatchesST=1383 batchSizeST=200 stDevStdStateMeanST=0.0
95% c.i. = 0.0 +/- 0.0



REPORT for Queue : WebUI----------------------------------------

totArrivThrPut=0.16652922704156964 totDeptThrPut=0.16652922704156964
meanTotTkPop=0.04387401552538906 queueUtil=0.04160538826972956
meanST=0.26346135333010984



REPORT for Queue of Queueing Place : W/loginAction----------------------------------------

queueUtilQPl=0.008793368942421534

------------------ Color = loginAction --------------------
arrivCnt=277332 deptCnt=277332
arrivThrPut=0.027760960596271034 deptThrPut=0.027760960596271034
meanTkPop=0.008868004176495197 tkColOcp=0.008793368942421534
-----
meanST=0.31944154618649556 stDevST=0.32103164971534914

Steady State Statistics: numBatchesST=693 batchSizeST=400 stDevStdStateMeanST=0.015888869950596157
95% c.i. = 0.31945477436058084 +/- 0.0011829720510681304



REPORT for Depository of Queueing Place : W/loginAction----------------------------------------

tkOcp=0.0

------------------ Color = loginAction --------------------
arrivCnt=277332 deptCnt=277332
arrivThrPut=0.027760960596271034 deptThrPut=0.027760960596271034
meanTkPop=0.0 tkColOcp=0.0
-----
meanST=0.0 stDevST=0.0

Steady State Statistics: numBatchesST=1386 batchSizeST=200 stDevStdStateMeanST=0.0
95% c.i. = 0.0 +/- 0.0



REPORT for Queue : WebUI----------------------------------------

totArrivThrPut=0.16652922704156964 totDeptThrPut=0.16652922704156964
meanTotTkPop=0.04387401552538906 queueUtil=0.04160538826972956
meanST=0.26346135333010984



REPORT for Queue of Queueing Place : A/login_loginAction----------------------------------------

queueUtilQPl=0.003704663534597718

------------------ Color = loginAction --------------------
arrivCnt=277332 deptCnt=277332
arrivThrPut=0.027760960596271034 deptThrPut=0.027760960596271034
meanTkPop=0.0037295835369629458 tkColOcp=0.003704663534597718
-----
meanST=0.1343463430967846 stDevST=0.2430533013652995

Steady State Statistics: numBatchesST=693 batchSizeST=400 stDevStdStateMeanST=0.01243717574162558
95% c.i. = 0.13434639844743523 +/- 9.259834929930668E-4



REPORT for Depository of Queueing Place : A/login_loginAction----------------------------------------

tkOcp=0.0

------------------ Color = loginAction --------------------
arrivCnt=277332 deptCnt=277332
arrivThrPut=0.027760960596271034 deptThrPut=0.027760960596271034
meanTkPop=0.0 tkColOcp=0.0
-----
meanST=0.0 stDevST=0.0

Steady State Statistics: numBatchesST=1386 batchSizeST=200 stDevStdStateMeanST=0.0
95% c.i. = 0.0 +/- 0.0



REPORT for Queue : Auth----------------------------------------

totArrivThrPut=0.16652922704156964 totDeptThrPut=0.16652922704156964
meanTotTkPop=0.060095198015114155 queueUtil=0.054485617663043766
meanST=0.360868774104818



REPORT for Queue of Queueing Place : W/logout----------------------------------------

queueUtilQPl=0.005334965746019603

------------------ Color = logout --------------------
arrivCnt=277268 deptCnt=277268
arrivThrPut=0.027754554189948787 deptThrPut=0.027754554189948787
meanTkPop=0.005363325461144457 tkColOcp=0.005334965746019603
-----
meanST=0.19324127580787323 stDevST=0.2057891222502883

Steady State Statistics: numBatchesST=173 batchSizeST=1600 stDevStdStateMeanST=0.00507330420862565
95% c.i. = 0.19325305949393845 +/- 7.613544358758405E-4



REPORT for Depository of Queueing Place : W/logout----------------------------------------

tkOcp=0.0

------------------ Color = logout --------------------
arrivCnt=277268 deptCnt=277268
arrivThrPut=0.027754554189948787 deptThrPut=0.027754554189948787
meanTkPop=0.0 tkColOcp=0.0
-----
meanST=0.0 stDevST=0.0

Steady State Statistics: numBatchesST=1386 batchSizeST=200 stDevStdStateMeanST=0.0
95% c.i. = 0.0 +/- 0.0



REPORT for Queue : WebUI----------------------------------------

totArrivThrPut=0.16652922704156964 totDeptThrPut=0.16652922704156964
meanTotTkPop=0.04387401552538906 queueUtil=0.04160538826972956
meanST=0.26346135333010984



REPORT for Queue of Queueing Place : A/logout_logout----------------------------------------

queueUtilQPl=0.012469939407286131

------------------ Color = logout --------------------
arrivCnt=277268 deptCnt=277268
arrivThrPut=0.027754554189948787 deptThrPut=0.027754554189948787
meanTkPop=0.012630828998306582 tkColOcp=0.012469939407286131
-----
meanST=0.45509032182115866 stDevST=0.4792613156046833

Steady State Statistics: numBatchesST=693 batchSizeST=400 stDevStdStateMeanST=0.024940782964291325
95% c.i. = 0.45511103962240934 +/- 0.0018569130007515594



REPORT for Depository of Queueing Place : A/logout_logout----------------------------------------

tkOcp=0.0

------------------ Color = logout --------------------
arrivCnt=277268 deptCnt=277268
arrivThrPut=0.027754554189948787 deptThrPut=0.027754554189948787
meanTkPop=0.0 tkColOcp=0.0
-----
meanST=0.0 stDevST=0.0

Steady State Statistics: numBatchesST=1386 batchSizeST=200 stDevStdStateMeanST=0.0
95% c.i. = 0.0 +/- 0.0



REPORT for Queue : Auth----------------------------------------

totArrivThrPut=0.16652922704156964 totDeptThrPut=0.16652922704156964
meanTotTkPop=0.060095198015114155 queueUtil=0.054485617663043766
meanST=0.360868774104818



REPORT for Queue of Queueing Place : P/getUser_loginAction----------------------------------------

queueUtilQPl=0.013202934415781372

------------------ Color = loginAction --------------------
arrivCnt=277332 deptCnt=277332
arrivThrPut=0.027760960596271034 deptThrPut=0.027760960596271034
meanTkPop=0.01339822223517732 tkColOcp=0.013202934415781372
-----
meanST=0.4826281925192828 stDevST=0.49646030046213757

Steady State Statistics: numBatchesST=346 batchSizeST=800 stDevStdStateMeanST=0.017199740053900948
95% c.i. = 0.48261101733825906 +/- 0.0018123076552426119



REPORT for Depository of Queueing Place : P/getUser_loginAction----------------------------------------

tkOcp=0.0

------------------ Color = loginAction --------------------
arrivCnt=277332 deptCnt=277332
arrivThrPut=0.027760960596271034 deptThrPut=0.027760960596271034
meanTkPop=0.0 tkColOcp=0.0
-----
meanST=0.0 stDevST=0.0

Steady State Statistics: numBatchesST=1386 batchSizeST=200 stDevStdStateMeanST=0.0
95% c.i. = 0.0 +/- 0.0



REPORT for Queue : Persistence----------------------------------------

totArrivThrPut=0.16652922704156964 totDeptThrPut=0.16652922704156964
meanTotTkPop=0.0675539958835806 queueUtil=0.06163030048943909
meanST=0.405658496611634



REPORT for Queue of Queueing Place : W/category----------------------------------------

queueUtilQPl=0.006240826669593037

------------------ Color = category --------------------
arrivCnt=278063 deptCnt=278063
arrivThrPut=0.027834133768482948 deptThrPut=0.027834133768482948
meanTkPop=0.006281782194018817 tkColOcp=0.006240826669593037
-----
meanST=0.22568628311802483 stDevST=0.235651243649035

Steady State Statistics: numBatchesST=695 batchSizeST=400 stDevStdStateMeanST=0.011561804005454292
95% c.i. = 0.22569387742191946 +/- 8.595700831519996E-4



REPORT for Depository of Queueing Place : W/category----------------------------------------

tkOcp=0.0

------------------ Color = category --------------------
arrivCnt=278063 deptCnt=278063
arrivThrPut=0.027834133768482948 deptThrPut=0.027834133768482948
meanTkPop=0.0 tkColOcp=0.0
-----
meanST=0.0 stDevST=0.0

Steady State Statistics: numBatchesST=1390 batchSizeST=200 stDevStdStateMeanST=0.0
95% c.i. = 0.0 +/- 0.0



REPORT for Queue : WebUI----------------------------------------

totArrivThrPut=0.16652922704156964 totDeptThrPut=0.16652922704156964
meanTotTkPop=0.04387401552538906 queueUtil=0.04160538826972956
meanST=0.26346135333010984



REPORT for Queue of Queueing Place : W/product----------------------------------------

queueUtilQPl=0.005702309319719955

------------------ Color = product --------------------
arrivCnt=277704 deptCnt=277704
arrivThrPut=0.027798197833019095 deptThrPut=0.027798197833019095
meanTkPop=0.005734783084170109 tkColOcp=0.005702309319719955
-----
meanST=0.20630053497058906 stDevST=0.21903512566753516

Steady State Statistics: numBatchesST=694 batchSizeST=400 stDevStdStateMeanST=0.011294281687413355
95% c.i. = 0.20630200176108382 +/- 8.402856964561279E-4



REPORT for Depository of Queueing Place : W/product----------------------------------------

tkOcp=0.0

------------------ Color = product --------------------
arrivCnt=277704 deptCnt=277704
arrivThrPut=0.027798197833019095 deptThrPut=0.027798197833019095
meanTkPop=0.0 tkColOcp=0.0
-----
meanST=0.0 stDevST=0.0

Steady State Statistics: numBatchesST=1388 batchSizeST=200 stDevStdStateMeanST=0.0
95% c.i. = 0.0 +/- 0.0



REPORT for Queue : WebUI----------------------------------------

totArrivThrPut=0.16652922704156964 totDeptThrPut=0.16652922704156964
meanTotTkPop=0.04387401552538906 queueUtil=0.04160538826972956
meanST=0.26346135333010984



REPORT for Queue of Queueing Place : P/category_category----------------------------------------

queueUtilQPl=0.004891886652106537

------------------ Color = category --------------------
arrivCnt=278063 deptCnt=278063
arrivThrPut=0.027834133768482948 deptThrPut=0.027834133768482948
meanTkPop=0.004926374422260709 tkColOcp=0.004891886652106537
-----
meanST=0.17699039830867397 stDevST=0.25062860525099045

Steady State Statistics: numBatchesST=695 batchSizeST=400 stDevStdStateMeanST=0.01252259280238561
95% c.i. = 0.17699455784468562 +/- 9.310005714806514E-4



REPORT for Depository of Queueing Place : P/category_category----------------------------------------

tkOcp=0.0

------------------ Color = category --------------------
arrivCnt=278063 deptCnt=278063
arrivThrPut=0.027834133768482948 deptThrPut=0.027834133768482948
meanTkPop=0.0 tkColOcp=0.0
-----
meanST=0.0 stDevST=0.0

Steady State Statistics: numBatchesST=1390 batchSizeST=200 stDevStdStateMeanST=0.0
95% c.i. = 0.0 +/- 0.0



REPORT for Queue : Persistence----------------------------------------

totArrivThrPut=0.16652922704156964 totDeptThrPut=0.16652922704156964
meanTotTkPop=0.0675539958835806 queueUtil=0.06163030048943909
meanST=0.405658496611634



REPORT for Queue of Queueing Place : P/getProduct_product----------------------------------------

queueUtilQPl=0.00963540596138929

------------------ Color = product --------------------
arrivCnt=277704 deptCnt=277704
arrivThrPut=0.027798197833019095 deptThrPut=0.027798197833019095
meanTkPop=0.009732949415413803 tkColOcp=0.00963540596138929
-----
meanST=0.350128791581333 stDevST=0.37932986375862515

Steady State Statistics: numBatchesST=694 batchSizeST=400 stDevStdStateMeanST=0.019534978621927514
95% c.i. = 0.3501048320504132 +/- 0.001453387083029388



REPORT for Depository of Queueing Place : P/getProduct_product----------------------------------------

tkOcp=0.0

------------------ Color = product --------------------
arrivCnt=277704 deptCnt=277704
arrivThrPut=0.027798197833019095 deptThrPut=0.027798197833019095
meanTkPop=0.0 tkColOcp=0.0
-----
meanST=0.0 stDevST=0.0

Steady State Statistics: numBatchesST=1388 batchSizeST=200 stDevStdStateMeanST=0.0
95% c.i. = 0.0 +/- 0.0



REPORT for Queue : Persistence----------------------------------------

totArrivThrPut=0.16652922704156964 totDeptThrPut=0.16652922704156964
meanTotTkPop=0.0675539958835806 queueUtil=0.06163030048943909
meanST=0.405658496611634



REPORT for Queue of Queueing Place : R/getAds_product----------------------------------------

queueUtilQPl=0.005427246890244222

------------------ Color = product --------------------
arrivCnt=277704 deptCnt=277704
arrivThrPut=0.027798197833019095 deptThrPut=0.027798197833019095
meanTkPop=0.005455976291584712 tkColOcp=0.005427246890244222
-----
meanST=0.19627086346957448 stDevST=0.19578031876107013

Steady State Statistics: numBatchesST=173 batchSizeST=1600 stDevStdStateMeanST=0.0050558357141189825
95% c.i. = 0.19625515352718348 +/- 7.587329262572942E-4



REPORT for Depository of Queueing Place : R/getAds_product----------------------------------------

tkOcp=0.0

------------------ Color = product --------------------
arrivCnt=277704 deptCnt=277704
arrivThrPut=0.027798197833019095 deptThrPut=0.027798197833019095
meanTkPop=0.0 tkColOcp=0.0
-----
meanST=0.0 stDevST=0.0

Steady State Statistics: numBatchesST=1388 batchSizeST=200 stDevStdStateMeanST=0.0
95% c.i. = 0.0 +/- 0.0



REPORT for Queue : Recommender----------------------------------------

totArrivThrPut=0.027798197833019095 totDeptThrPut=0.027798197833019095
meanTotTkPop=0.005455976291584712 queueUtil=0.005427246890244222
meanST=0.19627086346957448



REPORT for Queue of Queueing Place : I/productImages_category----------------------------------------

queueUtilQPl=0.009766165338333268

------------------ Color = category --------------------
arrivCnt=278063 deptCnt=278063
arrivThrPut=0.027834133768482948 deptThrPut=0.027834133768482948
meanTkPop=0.009869037827783513 tkColOcp=0.009766165338333268
-----
meanST=0.35456601271918825 stDevST=0.3700746024193385

Steady State Statistics: numBatchesST=695 batchSizeST=400 stDevStdStateMeanST=0.019227038727129702
95% c.i. = 0.35456898843182966 +/- 0.001429447106147879



REPORT for Depository of Queueing Place : I/productImages_category----------------------------------------

tkOcp=0.0

------------------ Color = category --------------------
arrivCnt=278063 deptCnt=278063
arrivThrPut=0.027834133768482948 deptThrPut=0.027834133768482948
meanTkPop=0.0 tkColOcp=0.0
-----
meanST=0.0 stDevST=0.0

Steady State Statistics: numBatchesST=1390 batchSizeST=200 stDevStdStateMeanST=0.0
95% c.i. = 0.0 +/- 0.0



REPORT for Queue : ImageProvider----------------------------------------

totArrivThrPut=0.16652922704156964 totDeptThrPut=0.16652922704156964
meanTotTkPop=0.06870542801110209 queueUtil=0.06354460971416333
meanST=0.4125727911650703



REPORT for Queue of Queueing Place : I/product_product----------------------------------------

queueUtilQPl=0.011286658656501405

------------------ Color = product --------------------
arrivCnt=277704 deptCnt=277704
arrivThrPut=0.027798197833019095 deptThrPut=0.027798197833019095
meanTkPop=0.011413443316828637 tkColOcp=0.011286658656501405
-----
meanST=0.41058213145283784 stDevST=0.4167253456586633

Steady State Statistics: numBatchesST=694 batchSizeST=400 stDevStdStateMeanST=0.02050567144739993
95% c.i. = 0.4105719792965128 +/- 0.0015256058676738373



REPORT for Depository of Queueing Place : I/product_product----------------------------------------

tkOcp=0.0

------------------ Color = product --------------------
arrivCnt=277704 deptCnt=277704
arrivThrPut=0.027798197833019095 deptThrPut=0.027798197833019095
meanTkPop=0.0 tkColOcp=0.0
-----
meanST=0.0 stDevST=0.0

Steady State Statistics: numBatchesST=1388 batchSizeST=200 stDevStdStateMeanST=0.0
95% c.i. = 0.0 +/- 0.0



REPORT for Queue : ImageProvider----------------------------------------

totArrivThrPut=0.16652922704156964 totDeptThrPut=0.16652922704156964
meanTotTkPop=0.06870542801110209 queueUtil=0.06354460971416333
meanST=0.4125727911650703



REPORT for Queue of Queueing Place : Workload----------------------------------------

queueUtilQPl=1.0

------------------ Color = workload --------------------
arrivCnt=1663627 deptCnt=1663627
arrivThrPut=0.16652922704156964 deptThrPut=0.16652922704156964
meanTkPop=1.0 tkColOcp=1.0
-----
meanST=6.004951910035445 stDevST=5.998667779803285

Steady State Statistics: numBatchesST=4159 batchSizeST=400 stDevStdStateMeanST=0.29789307321332953
95% c.i. = 6.004961366373203 +/- 0.009053448504603887



REPORT for Depository of Queueing Place : Workload----------------------------------------

tkOcp=0.0

------------------ Color = workload --------------------
arrivCnt=1663627 deptCnt=1663627
arrivThrPut=0.16652922704156964 deptThrPut=0.16652922704156964
meanTkPop=0.0 tkColOcp=0.0
-----
meanST=0.0 stDevST=0.0

Steady State Statistics: numBatchesST=8318 batchSizeST=200 stDevStdStateMeanST=0.0
95% c.i. = 0.0 +/- 0.0



REPORT for Queue : Workload----------------------------------------

totArrivThrPut=0.16652922704156964 totDeptThrPut=0.16652922704156964
meanTotTkPop=1.0 queueUtil=1.0
meanST=6.004951910035445



REPORT for Queue of Queueing Place : I/icon_index----------------------------------------

queueUtilQPl=0.01125366201103832

------------------ Color = index --------------------
arrivCnt=276542 deptCnt=276542
arrivThrPut=0.0276818815182308 deptThrPut=0.0276818815182308
meanTkPop=0.01138609497881597 tkColOcp=0.01125366201103832
-----
meanST=0.4113194029573925 stDevST=0.4179094726257773

Steady State Statistics: numBatchesST=691 batchSizeST=400 stDevStdStateMeanST=0.02131541133456177
95% c.i. = 0.4113238299397289 +/- 0.0015892886622239858



REPORT for Depository of Queueing Place : I/icon_index----------------------------------------

tkOcp=0.0

------------------ Color = index --------------------
arrivCnt=276542 deptCnt=276542
arrivThrPut=0.0276818815182308 deptThrPut=0.0276818815182308
meanTkPop=0.0 tkColOcp=0.0
-----
meanST=0.0 stDevST=0.0

Steady State Statistics: numBatchesST=1382 batchSizeST=200 stDevStdStateMeanST=0.0
95% c.i. = 0.0 +/- 0.0



REPORT for Queue : ImageProvider----------------------------------------

totArrivThrPut=0.16652922704156964 totDeptThrPut=0.16652922704156964
meanTotTkPop=0.06870542801110209 queueUtil=0.06354460971416333
meanST=0.4125727911650703



REPORT for Queue of Queueing Place : P/categories_login----------------------------------------

queueUtilQPl=0.0040851400499729825

------------------ Color = login --------------------
arrivCnt=276718 deptCnt=276718
arrivThrPut=0.02769949913561698 deptThrPut=0.02769949913561698
meanTkPop=0.0041210000082036605 tkColOcp=0.0040851400499729825
-----
meanST=0.1487752535895039 stDevST=0.2468555886276771

Steady State Statistics: numBatchesST=691 batchSizeST=400 stDevStdStateMeanST=0.012411614088240428
95% c.i. = 0.1487772384664868 +/- 9.254166969021127E-4



REPORT for Depository of Queueing Place : P/categories_login----------------------------------------

tkOcp=0.0

------------------ Color = login --------------------
arrivCnt=276718 deptCnt=276718
arrivThrPut=0.02769949913561698 deptThrPut=0.02769949913561698
meanTkPop=0.0 tkColOcp=0.0
-----
meanST=0.0 stDevST=0.0

Steady State Statistics: numBatchesST=1383 batchSizeST=200 stDevStdStateMeanST=0.0
95% c.i. = 0.0 +/- 0.0



REPORT for Queue : Persistence----------------------------------------

totArrivThrPut=0.16652922704156964 totDeptThrPut=0.16652922704156964
meanTotTkPop=0.0675539958835806 queueUtil=0.06163030048943909
meanST=0.405658496611634



REPORT for Queue of Queueing Place : I/icon_login----------------------------------------

queueUtilQPl=0.017350672291458476

------------------ Color = login --------------------
arrivCnt=276718 deptCnt=276718
arrivThrPut=0.02769949913561698 deptThrPut=0.02769949913561698
meanTkPop=0.017674510754662198 tkColOcp=0.017350672291458476
-----
meanST=0.6380805179230009 stDevST=0.6311151145677931

Steady State Statistics: numBatchesST=691 batchSizeST=400 stDevStdStateMeanST=0.0340262591652862
95% c.i. = 0.638011607539455 +/- 0.002537016389714261



REPORT for Depository of Queueing Place : I/icon_login----------------------------------------

tkOcp=0.0

------------------ Color = login --------------------
arrivCnt=276718 deptCnt=276718
arrivThrPut=0.02769949913561698 deptThrPut=0.02769949913561698
meanTkPop=0.0 tkColOcp=0.0
-----
meanST=0.0 stDevST=0.0

Steady State Statistics: numBatchesST=1383 batchSizeST=200 stDevStdStateMeanST=0.0
95% c.i. = 0.0 +/- 0.0



REPORT for Queue : ImageProvider----------------------------------------

totArrivThrPut=0.16652922704156964 totDeptThrPut=0.16652922704156964
meanTotTkPop=0.06870542801110209 queueUtil=0.06354460971416333
meanST=0.4125727911650703



REPORT for Queue of Queueing Place : A/isLoggedIn_login----------------------------------------

queueUtilQPl=0.025355584133996134

------------------ Color = login --------------------
arrivCnt=276718 deptCnt=276718
arrivThrPut=0.02769949913561698 deptThrPut=0.02769949913561698
meanTkPop=0.02602840538016297 tkColOcp=0.025355584133996134
-----
meanST=0.9396706147186157 stDevST=0.9329661298566682

Steady State Statistics: numBatchesST=691 batchSizeST=400 stDevStdStateMeanST=0.04853292566781587
95% c.i. = 0.9396940920319795 +/- 0.0036186413340920415



REPORT for Depository of Queueing Place : A/isLoggedIn_login----------------------------------------

tkOcp=0.0

------------------ Color = login --------------------
arrivCnt=276718 deptCnt=276718
arrivThrPut=0.02769949913561698 deptThrPut=0.02769949913561698
meanTkPop=0.0 tkColOcp=0.0
-----
meanST=0.0 stDevST=0.0

Steady State Statistics: numBatchesST=1383 batchSizeST=200 stDevStdStateMeanST=0.0
95% c.i. = 0.0 +/- 0.0



REPORT for Queue : Auth----------------------------------------

totArrivThrPut=0.16652922704156964 totDeptThrPut=0.16652922704156964
meanTotTkPop=0.060095198015114155 queueUtil=0.054485617663043766
meanST=0.360868774104818



REPORT for Queue of Queueing Place : A/isLoggedIn_category----------------------------------------

queueUtilQPl=0.003859733915032082

------------------ Color = category --------------------
arrivCnt=278063 deptCnt=278063
arrivThrPut=0.027834133768482948 deptThrPut=0.027834133768482948
meanTkPop=0.0038966778813879317 tkColOcp=0.003859733915032082
-----
meanST=0.13999637688743902 stDevST=0.26416414917208325

Steady State Statistics: numBatchesST=695 batchSizeST=400 stDevStdStateMeanST=0.013427594751872286
95% c.i. = 0.13998437638499533 +/- 9.982835491721951E-4



REPORT for Depository of Queueing Place : A/isLoggedIn_category----------------------------------------

tkOcp=0.0

------------------ Color = category --------------------
arrivCnt=278063 deptCnt=278063
arrivThrPut=0.027834133768482948 deptThrPut=0.027834133768482948
meanTkPop=0.0 tkColOcp=0.0
-----
meanST=0.0 stDevST=0.0

Steady State Statistics: numBatchesST=1390 batchSizeST=200 stDevStdStateMeanST=0.0
95% c.i. = 0.0 +/- 0.0



REPORT for Queue : Auth----------------------------------------

totArrivThrPut=0.16652922704156964 totDeptThrPut=0.16652922704156964
meanTotTkPop=0.060095198015114155 queueUtil=0.054485617663043766
meanST=0.360868774104818



REPORT for Queue of Queueing Place : I/icon_logout----------------------------------------

queueUtilQPl=0.0034406493155079943

------------------ Color = logout --------------------
arrivCnt=277268 deptCnt=277268
arrivThrPut=0.027754554189948787 deptThrPut=0.027754554189948787
meanTkPop=0.003456135496822833 tkColOcp=0.0034406493155079943
-----
meanST=0.12452498689654544 stDevST=0.17081204183049306

Steady State Statistics: numBatchesST=693 batchSizeST=400 stDevStdStateMeanST=0.008545421350516226
95% c.i. = 0.12451923649887073 +/- 6.362311891087182E-4



REPORT for Depository of Queueing Place : I/icon_logout----------------------------------------

tkOcp=0.0

------------------ Color = logout --------------------
arrivCnt=277268 deptCnt=277268
arrivThrPut=0.027754554189948787 deptThrPut=0.027754554189948787
meanTkPop=0.0 tkColOcp=0.0
-----
meanST=0.0 stDevST=0.0

Steady State Statistics: numBatchesST=1386 batchSizeST=200 stDevStdStateMeanST=0.0
95% c.i. = 0.0 +/- 0.0



REPORT for Queue : ImageProvider----------------------------------------

totArrivThrPut=0.16652922704156964 totDeptThrPut=0.16652922704156964
meanTotTkPop=0.06870542801110209 queueUtil=0.06354460971416333
meanST=0.4125727911650703



REPORT for Queue of Queueing Place : I/icon_loginAction----------------------------------------

queueUtilQPl=0.014684189988367841

------------------ Color = loginAction --------------------
arrivCnt=277332 deptCnt=277332
arrivThrPut=0.027760960596271034 deptThrPut=0.027760960596271034
meanTkPop=0.014906205636188942 tkColOcp=0.014684189988367841
-----
meanST=0.5369484814654146 stDevST=0.5352703681433083

Steady State Statistics: numBatchesST=693 batchSizeST=400 stDevStdStateMeanST=0.029326929825984286
95% c.i. = 0.5369458622121752 +/- 0.0021834742455346273



REPORT for Depository of Queueing Place : I/icon_loginAction----------------------------------------

tkOcp=0.0

------------------ Color = loginAction --------------------
arrivCnt=277332 deptCnt=277332
arrivThrPut=0.027760960596271034 deptThrPut=0.027760960596271034
meanTkPop=0.0 tkColOcp=0.0
-----
meanST=0.0 stDevST=0.0

Steady State Statistics: numBatchesST=1386 batchSizeST=200 stDevStdStateMeanST=0.0
95% c.i. = 0.0 +/- 0.0



REPORT for Queue : ImageProvider----------------------------------------

totArrivThrPut=0.16652922704156964 totDeptThrPut=0.16652922704156964
meanTotTkPop=0.06870542801110209 queueUtil=0.06354460971416333
meanST=0.4125727911650703



REPORT for Queue of Queueing Place : A/isLoggedIn_product----------------------------------------

queueUtilQPl=0.003839585957742795

------------------ Color = product --------------------
arrivCnt=277704 deptCnt=277704
arrivThrPut=0.027798197833019095 deptThrPut=0.027798197833019095
meanTkPop=0.0038729532057600463 tkColOcp=0.003839585957742795
-----
meanST=0.13932389534834153 stDevST=0.25637383051184326

Steady State Statistics: numBatchesST=694 batchSizeST=400 stDevStdStateMeanST=0.013357708246366609
95% c.i. = 0.13931435903412218 +/- 9.93803013551944E-4



REPORT for Depository of Queueing Place : A/isLoggedIn_product----------------------------------------

tkOcp=0.0

------------------ Color = product --------------------
arrivCnt=277704 deptCnt=277704
arrivThrPut=0.027798197833019095 deptThrPut=0.027798197833019095
meanTkPop=0.0 tkColOcp=0.0
-----
meanST=0.0 stDevST=0.0

Steady State Statistics: numBatchesST=1388 batchSizeST=200 stDevStdStateMeanST=0.0
95% c.i. = 0.0 +/- 0.0



REPORT for Queue : Auth----------------------------------------

totArrivThrPut=0.16652922704156964 totDeptThrPut=0.16652922704156964
meanTotTkPop=0.060095198015114155 queueUtil=0.054485617663043766
meanST=0.360868774104818



REPORT for Queue of Queueing Place : P/category_logout----------------------------------------

queueUtilQPl=0.022651827241985993

------------------ Color = logout --------------------
arrivCnt=277268 deptCnt=277268
arrivThrPut=0.027754554189948787 deptThrPut=0.027754554189948787
meanTkPop=0.02316764264768126 tkColOcp=0.022651827241985993
-----
meanST=0.8347330131525348 stDevST=0.8294533097505872

Steady State Statistics: numBatchesST=693 batchSizeST=400 stDevStdStateMeanST=0.04499716583415639
95% c.i. = 0.834756940376192 +/- 0.0033501683709789287



REPORT for Depository of Queueing Place : P/category_logout----------------------------------------

tkOcp=0.0

------------------ Color = logout --------------------
arrivCnt=277268 deptCnt=277268
arrivThrPut=0.027754554189948787 deptThrPut=0.027754554189948787
meanTkPop=0.0 tkColOcp=0.0
-----
meanST=0.0 stDevST=0.0

Steady State Statistics: numBatchesST=1386 batchSizeST=200 stDevStdStateMeanST=0.0
95% c.i. = 0.0 +/- 0.0



REPORT for Queue : Persistence----------------------------------------

totArrivThrPut=0.16652922704156964 totDeptThrPut=0.16652922704156964
meanTotTkPop=0.0675539958835806 queueUtil=0.06163030048943909
meanST=0.405658496611634



REPORT for Ordinary Place : Finish_index----------------------------------------

tkOcp=1.0

------------------ Color = index --------------------
arrivCnt=276542 deptCnt=0
arrivThrPut=0.0276818815182308 deptThrPut=0.0
meanTkPop=138350.07062153792 tkColOcp=1.0
-----
meanST=NaN stDevST=NaN

Steady State Statistics: Only 0 batches collected!
Need at least 60 for steady state statistics.



REPORT for Ordinary Place : Finish_login----------------------------------------

tkOcp=1.0

------------------ Color = login --------------------
arrivCnt=276718 deptCnt=0
arrivThrPut=0.02769949913561698 deptThrPut=0.0
meanTkPop=138763.10237760138 tkColOcp=1.0
-----
meanST=NaN stDevST=NaN

Steady State Statistics: Only 0 batches collected!
Need at least 60 for steady state statistics.



REPORT for Ordinary Place : Finish_loginAction----------------------------------------

tkOcp=1.0

------------------ Color = loginAction --------------------
arrivCnt=277332 deptCnt=0
arrivThrPut=0.027760960596271034 deptThrPut=0.0
meanTkPop=138658.2206046653 tkColOcp=1.0
-----
meanST=NaN stDevST=NaN

Steady State Statistics: Only 0 batches collected!
Need at least 60 for steady state statistics.



REPORT for Ordinary Place : Finish_category----------------------------------------

tkOcp=1.0

------------------ Color = category --------------------
arrivCnt=278063 deptCnt=0
arrivThrPut=0.027834133768482948 deptThrPut=0.0
meanTkPop=139185.41149805157 tkColOcp=1.0
-----
meanST=NaN stDevST=NaN

Steady State Statistics: Only 0 batches collected!
Need at least 60 for steady state statistics.



REPORT for Ordinary Place : Finish_product----------------------------------------

tkOcp=0.9999999999999998

------------------ Color = product --------------------
arrivCnt=277704 deptCnt=0
arrivThrPut=0.027798197833019095 deptThrPut=0.0
meanTkPop=139094.1869622471 tkColOcp=0.9999999999999998
-----
meanST=NaN stDevST=NaN

Steady State Statistics: Only 0 batches collected!
Need at least 60 for steady state statistics.



REPORT for Ordinary Place : Finish_logout----------------------------------------

tkOcp=1.0

------------------ Color = logout --------------------
arrivCnt=277268 deptCnt=0
arrivThrPut=0.027754554189948787 deptThrPut=0.0
meanTkPop=138873.10214337445 tkColOcp=1.0
-----
meanST=NaN stDevST=NaN

Steady State Statistics: Only 0 batches collected!
Need at least 60 for steady state statistics.



REPORT REPORT for Probe : /index----------------------------------------


------------------ Color = index --------------------
-----
meanST=1.7332656123581884 stDevST=0.8949789322097997

Steady State Statistics: numBatchesST=691 batchSizeST=400 stDevStdStateMeanST=0.046267532313937716
95% c.i. = 1.7332643252945983 +/- 0.00344973237351485



REPORT REPORT for Probe : /login----------------------------------------


------------------ Color = login --------------------
-----
meanST=1.84121143592381 stDevST=1.172358888570154

Steady State Statistics: numBatchesST=691 batchSizeST=400 stDevStdStateMeanST=0.06270531191130753
95% c.i. = 1.8411400715744866 +/- 0.0046753421605461405



REPORT REPORT for Probe : /loginAction----------------------------------------


------------------ Color = loginAction --------------------
-----
meanST=1.4733645632679773 stDevST=0.8363151127609809

Steady State Statistics: numBatchesST=693 batchSizeST=400 stDevStdStateMeanST=0.04148689254734643
95% c.i. = 1.4733672180786854 +/- 0.003088818432133754



REPORT REPORT for Probe : /logout----------------------------------------


------------------ Color = logout --------------------
-----
meanST=1.6075895976781123 stDevST=0.989163451214802

Steady State Statistics: numBatchesST=693 batchSizeST=400 stDevStdStateMeanST=0.05330242143229635
95% c.i. = 1.6076371352340226 +/- 0.003968518529305201



REPORT REPORT for Probe : /category----------------------------------------


------------------ Color = category --------------------
-----
meanST=0.897239071033326 stDevST=0.5861737164196502

Steady State Statistics: numBatchesST=695 batchSizeST=400 stDevStdStateMeanST=0.02989867852075577
95% c.i. = 0.8972418000834304 +/- 0.0022228373331788826



REPORT REPORT for Probe : /product----------------------------------------


------------------ Color = product --------------------
-----
meanST=1.3026062168226757 stDevST=0.7020192888607392

Steady State Statistics: numBatchesST=694 batchSizeST=400 stDevStdStateMeanST=0.03529292813178464
95% c.i. = 1.302559620085504 +/- 0.0026257661634420102



