INFO Logging to /home/yjx/workloadConfig/qpme/output/SimQPN_Output_config_2025-08-14_104744398.log
WARN Batch means correlation test was run for depository of place Workload, color 0
    However, the standard deviation of the token residence time is 0 and therefore the result of the test is ignored!
    In future runs, you should set numBMeansCorlTested to 0 to switch off the correlation test!
WARN Batch means correlation test was run for depository of place W/loginAction, color 0
    However, the standard deviation of the token residence time is 0 and therefore the result of the test is ignored!
    In future runs, you should set numBMeansCorlTested to 0 to switch off the correlation test!
WARN Batch means correlation test was run for depository of place A/login_loginAction, color 0
    However, the standard deviation of the token residence time is 0 and therefore the result of the test is ignored!
    In future runs, you should set numBMeansCorlTested to 0 to switch off the correlation test!
WARN Batch means correlation test was run for depository of place P/getUser_loginAction, color 0
    However, the standard deviation of the token residence time is 0 and therefore the result of the test is ignored!
    In future runs, you should set numBMeansCorlTested to 0 to switch off the correlation test!
WARN Batch means correlation test was run for depository of place I/icon_loginAction, color 0
    However, the standard deviation of the token residence time is 0 and therefore the result of the test is ignored!
    In future runs, you should set numBMeansCorlTested to 0 to switch off the correlation test!
WARN Batch means correlation test was run for depository of place W/product, color 0
    However, the standard deviation of the token residence time is 0 and therefore the result of the test is ignored!
    In future runs, you should set numBMeansCorlTested to 0 to switch off the correlation test!
WARN Batch means correlation test was run for depository of place P/getProduct_product, color 0
    However, the standard deviation of the token residence time is 0 and therefore the result of the test is ignored!
    In future runs, you should set numBMeansCorlTested to 0 to switch off the correlation test!
WARN Batch means correlation test was run for depository of place R/getAds_product, color 0
    However, the standard deviation of the token residence time is 0 and therefore the result of the test is ignored!
    In future runs, you should set numBMeansCorlTested to 0 to switch off the correlation test!
WARN Batch means correlation test was run for depository of place I/product_product, color 0
    However, the standard deviation of the token residence time is 0 and therefore the result of the test is ignored!
    In future runs, you should set numBMeansCorlTested to 0 to switch off the correlation test!
WARN Batch means correlation test was run for depository of place A/isLoggedIn_product, color 0
    However, the standard deviation of the token residence time is 0 and therefore the result of the test is ignored!
    In future runs, you should set numBMeansCorlTested to 0 to switch off the correlation test!
WARN Batch means correlation test was run for depository of place W/category, color 0
    However, the standard deviation of the token residence time is 0 and therefore the result of the test is ignored!
    In future runs, you should set numBMeansCorlTested to 0 to switch off the correlation test!
WARN Batch means correlation test was run for depository of place P/category_category, color 0
    However, the standard deviation of the token residence time is 0 and therefore the result of the test is ignored!
    In future runs, you should set numBMeansCorlTested to 0 to switch off the correlation test!
WARN Batch means correlation test was run for depository of place I/productImages_category, color 0
    However, the standard deviation of the token residence time is 0 and therefore the result of the test is ignored!
    In future runs, you should set numBMeansCorlTested to 0 to switch off the correlation test!
WARN Batch means correlation test was run for depository of place A/isLoggedIn_category, color 0
    However, the standard deviation of the token residence time is 0 and therefore the result of the test is ignored!
    In future runs, you should set numBMeansCorlTested to 0 to switch off the correlation test!
WARN Batch means correlation test was run for depository of place W/index, color 0
    However, the standard deviation of the token residence time is 0 and therefore the result of the test is ignored!
    In future runs, you should set numBMeansCorlTested to 0 to switch off the correlation test!
WARN Batch means correlation test was run for depository of place P/categories_index, color 0
    However, the standard deviation of the token residence time is 0 and therefore the result of the test is ignored!
    In future runs, you should set numBMeansCorlTested to 0 to switch off the correlation test!
WARN Batch means correlation test was run for depository of place A/isLoggedIn_index, color 0
    However, the standard deviation of the token residence time is 0 and therefore the result of the test is ignored!
    In future runs, you should set numBMeansCorlTested to 0 to switch off the correlation test!
WARN Batch means correlation test was run for depository of place I/icon_index, color 0
    However, the standard deviation of the token residence time is 0 and therefore the result of the test is ignored!
    In future runs, you should set numBMeansCorlTested to 0 to switch off the correlation test!
WARN Batch means correlation test was run for depository of place W/login, color 0
    However, the standard deviation of the token residence time is 0 and therefore the result of the test is ignored!
    In future runs, you should set numBMeansCorlTested to 0 to switch off the correlation test!
WARN Batch means correlation test was run for depository of place P/categories_login, color 0
    However, the standard deviation of the token residence time is 0 and therefore the result of the test is ignored!
    In future runs, you should set numBMeansCorlTested to 0 to switch off the correlation test!
WARN Batch means correlation test was run for depository of place I/icon_login, color 0
    However, the standard deviation of the token residence time is 0 and therefore the result of the test is ignored!
    In future runs, you should set numBMeansCorlTested to 0 to switch off the correlation test!
WARN Batch means correlation test was run for depository of place A/isLoggedIn_login, color 0
    However, the standard deviation of the token residence time is 0 and therefore the result of the test is ignored!
    In future runs, you should set numBMeansCorlTested to 0 to switch off the correlation test!
WARN Batch means correlation test was run for depository of place W/logout, color 0
    However, the standard deviation of the token residence time is 0 and therefore the result of the test is ignored!
    In future runs, you should set numBMeansCorlTested to 0 to switch off the correlation test!
WARN Batch means correlation test was run for depository of place A/logout_logout, color 0
    However, the standard deviation of the token residence time is 0 and therefore the result of the test is ignored!
    In future runs, you should set numBMeansCorlTested to 0 to switch off the correlation test!
WARN Batch means correlation test was run for depository of place P/category_logout, color 0
    However, the standard deviation of the token residence time is 0 and therefore the result of the test is ignored!
    In future runs, you should set numBMeansCorlTested to 0 to switch off the correlation test!
WARN Batch means correlation test was run for depository of place I/icon_logout, color 0
    However, the standard deviation of the token residence time is 0 and therefore the result of the test is ignored!
    In future runs, you should set numBMeansCorlTested to 0 to switch off the correlation test!
WARN LP-1 The simulation was stopped because of reaching max totalRunLen.
The required precision may not have been reached!
REPORT for Queue of Queueing Place : W/index----------------------------------------

queueUtilQPl=0.013079616129327478

------------------ Color = index --------------------
arrivCnt=276906 deptCnt=276906
arrivThrPut=0.027718321312303413 deptThrPut=0.027718321312303413
meanTkPop=0.013251005446594279 tkColOcp=0.013079616129327478
-----
meanST=0.478059450184399 stDevST=0.4912721664542766

Steady State Statistics: numBatchesST=692 batchSizeST=400 stDevStdStateMeanST=0.02608558228189351
95% c.i. = 0.47806931592181323 +/- 0.0019435493799583269



REPORT for Depository of Queueing Place : W/index----------------------------------------

tkOcp=0.0

------------------ Color = index --------------------
arrivCnt=276906 deptCnt=276906
arrivThrPut=0.027718321312303413 deptThrPut=0.027718321312303413
meanTkPop=0.0 tkColOcp=0.0
-----
meanST=0.0 stDevST=0.0

Steady State Statistics: numBatchesST=1384 batchSizeST=200 stDevStdStateMeanST=0.0
95% c.i. = 0.0 +/- 0.0



REPORT for Queue : WebUI----------------------------------------

totArrivThrPut=0.16649321117690105 totDeptThrPut=0.16649321117690105
meanTotTkPop=0.06548830022801705 queueUtil=0.05978993604798857
meanST=0.3933391623904409



REPORT for Queue of Queueing Place : P/categories_index----------------------------------------

queueUtilQPl=0.005794676284735959

------------------ Color = index --------------------
arrivCnt=276906 deptCnt=276906
arrivThrPut=0.027718321312303413 deptThrPut=0.027718321312303413
meanTkPop=0.005833495582906534 tkColOcp=0.005794676284735959
-----
meanST=0.21045630856141362 stDevST=0.2370502191678191

Steady State Statistics: numBatchesST=692 batchSizeST=400 stDevStdStateMeanST=0.01177050016903227
95% c.i. = 0.21045926876828058 +/- 8.76980550332629E-4



REPORT for Depository of Queueing Place : P/categories_index----------------------------------------

tkOcp=0.0

------------------ Color = index --------------------
arrivCnt=276906 deptCnt=276906
arrivThrPut=0.027718321312303413 deptThrPut=0.027718321312303413
meanTkPop=0.0 tkColOcp=0.0
-----
meanST=0.0 stDevST=0.0

Steady State Statistics: numBatchesST=1384 batchSizeST=200 stDevStdStateMeanST=0.0
95% c.i. = 0.0 +/- 0.0



REPORT for Queue : Persistence----------------------------------------

totArrivThrPut=0.16649321117690105 totDeptThrPut=0.16649321117690105
meanTotTkPop=0.05410703020862434 queueUtil=0.050264429430213656
meanST=0.32498039905744247



REPORT for Queue of Queueing Place : A/isLoggedIn_index----------------------------------------

queueUtilQPl=0.007178798214332779

------------------ Color = index --------------------
arrivCnt=276906 deptCnt=276906
arrivThrPut=0.027718321312303413 deptThrPut=0.027718321312303413
meanTkPop=0.007234563389282048 tkColOcp=0.007178798214332779
-----
meanST=0.26100294125931867 stDevST=0.2807112092547662

Steady State Statistics: numBatchesST=346 batchSizeST=800 stDevStdStateMeanST=0.009872038327118167
95% c.i. = 0.26101952805351 +/- 0.0010402000598274716



REPORT for Depository of Queueing Place : A/isLoggedIn_index----------------------------------------

tkOcp=0.0

------------------ Color = index --------------------
arrivCnt=276906 deptCnt=276906
arrivThrPut=0.027718321312303413 deptThrPut=0.027718321312303413
meanTkPop=0.0 tkColOcp=0.0
-----
meanST=0.0 stDevST=0.0

Steady State Statistics: numBatchesST=1384 batchSizeST=200 stDevStdStateMeanST=0.0
95% c.i. = 0.0 +/- 0.0



REPORT for Queue : Auth----------------------------------------

totArrivThrPut=0.16649321117690105 totDeptThrPut=0.16649321117690105
meanTotTkPop=0.05741843172081944 queueUtil=0.05360362577605224
meanST=0.34486950738076444



REPORT for Queue of Queueing Place : W/login----------------------------------------

queueUtilQPl=0.0058980739239336555

------------------ Color = login --------------------
arrivCnt=277651 deptCnt=277651
arrivThrPut=0.027792895894933136 deptThrPut=0.027792895894933136
meanTkPop=0.005943499126244272 tkColOcp=0.0058980739239336555
-----
meanST=0.21384958043640995 stDevST=0.27705700945572725

Steady State Statistics: numBatchesST=694 batchSizeST=400 stDevStdStateMeanST=0.013695007614127739
95% c.i. = 0.2138470929226087 +/- 0.0010188978218804126



REPORT for Depository of Queueing Place : W/login----------------------------------------

tkOcp=0.0

------------------ Color = login --------------------
arrivCnt=277651 deptCnt=277651
arrivThrPut=0.027792895894933136 deptThrPut=0.027792895894933136
meanTkPop=0.0 tkColOcp=0.0
-----
meanST=0.0 stDevST=0.0

Steady State Statistics: numBatchesST=1388 batchSizeST=200 stDevStdStateMeanST=0.0
95% c.i. = 0.0 +/- 0.0



REPORT for Queue : WebUI----------------------------------------

totArrivThrPut=0.16649321117690105 totDeptThrPut=0.16649321117690105
meanTotTkPop=0.06548830022801705 queueUtil=0.05978993604798857
meanST=0.3933391623904409



REPORT for Queue of Queueing Place : W/loginAction----------------------------------------

queueUtilQPl=0.003550676004660149

------------------ Color = loginAction --------------------
arrivCnt=277407 deptCnt=277407
arrivThrPut=0.027768471467870516 deptThrPut=0.027768471467870516
meanTkPop=0.0035782018131621934 tkColOcp=0.003550676004660149
-----
meanST=0.12885843634938093 stDevST=0.22918978795390862

Steady State Statistics: numBatchesST=693 batchSizeST=400 stDevStdStateMeanST=0.011966651134007269
95% c.i. = 0.12884975131320991 +/- 8.909515831163436E-4



REPORT for Depository of Queueing Place : W/loginAction----------------------------------------

tkOcp=0.0

------------------ Color = loginAction --------------------
arrivCnt=277407 deptCnt=277407
arrivThrPut=0.027768471467870516 deptThrPut=0.027768471467870516
meanTkPop=0.0 tkColOcp=0.0
-----
meanST=0.0 stDevST=0.0

Steady State Statistics: numBatchesST=1387 batchSizeST=200 stDevStdStateMeanST=0.0
95% c.i. = 0.0 +/- 0.0



REPORT for Queue : WebUI----------------------------------------

totArrivThrPut=0.16649321117690105 totDeptThrPut=0.16649321117690105
meanTotTkPop=0.06548830022801705 queueUtil=0.05978993604798857
meanST=0.3933391623904409



REPORT for Queue of Queueing Place : A/login_loginAction----------------------------------------

queueUtilQPl=0.017626546710039423

------------------ Color = loginAction --------------------
arrivCnt=277407 deptCnt=277407
arrivThrPut=0.027768471467870516 deptThrPut=0.027768471467870516
meanTkPop=0.017954154766872225 tkColOcp=0.017626546710039423
-----
meanST=0.6465661888392403 stDevST=0.6389641120321055

Steady State Statistics: numBatchesST=346 batchSizeST=800 stDevStdStateMeanST=0.021899068472740136
95% c.i. = 0.6465529470770539 +/- 0.002307467979833089



REPORT for Depository of Queueing Place : A/login_loginAction----------------------------------------

tkOcp=0.0

------------------ Color = loginAction --------------------
arrivCnt=277407 deptCnt=277407
arrivThrPut=0.027768471467870516 deptThrPut=0.027768471467870516
meanTkPop=0.0 tkColOcp=0.0
-----
meanST=0.0 stDevST=0.0

Steady State Statistics: numBatchesST=1387 batchSizeST=200 stDevStdStateMeanST=0.0
95% c.i. = 0.0 +/- 0.0



REPORT for Queue : Auth----------------------------------------

totArrivThrPut=0.16649321117690105 totDeptThrPut=0.16649321117690105
meanTotTkPop=0.05741843172081944 queueUtil=0.05360362577605224
meanST=0.34486950738076444



REPORT for Queue of Queueing Place : W/logout----------------------------------------

queueUtilQPl=0.021761372704022303

------------------ Color = logout --------------------
arrivCnt=276664 deptCnt=276664
arrivThrPut=0.027694097085462617 deptThrPut=0.027694097085462617
meanTkPop=0.02226313021137926 tkColOcp=0.021761372704022303
-----
meanST=0.8038944235183526 stDevST=0.7983062863314753

Steady State Statistics: numBatchesST=691 batchSizeST=400 stDevStdStateMeanST=0.040641563389822284
95% c.i. = 0.8038544110951074 +/- 0.003030257070656241



REPORT for Depository of Queueing Place : W/logout----------------------------------------

tkOcp=0.0

------------------ Color = logout --------------------
arrivCnt=276664 deptCnt=276664
arrivThrPut=0.027694097085462617 deptThrPut=0.027694097085462617
meanTkPop=0.0 tkColOcp=0.0
-----
meanST=0.0 stDevST=0.0

Steady State Statistics: numBatchesST=1383 batchSizeST=200 stDevStdStateMeanST=0.0
95% c.i. = 0.0 +/- 0.0



REPORT for Queue : WebUI----------------------------------------

totArrivThrPut=0.16649321117690105 totDeptThrPut=0.16649321117690105
meanTotTkPop=0.06548830022801705 queueUtil=0.05978993604798857
meanST=0.3933391623904409



REPORT for Queue of Queueing Place : A/logout_logout----------------------------------------

queueUtilQPl=0.008668163269647545

------------------ Color = logout --------------------
arrivCnt=276664 deptCnt=276664
arrivThrPut=0.027694097085462617 deptThrPut=0.027694097085462617
meanTkPop=0.008741912389738682 tkColOcp=0.008668163269647545
-----
meanST=0.31565977264980233 stDevST=0.32292357988498344

Steady State Statistics: numBatchesST=691 batchSizeST=400 stDevStdStateMeanST=0.01604251789841579
95% c.i. = 0.31567833518067967 +/- 0.0011961388597806182



REPORT for Depository of Queueing Place : A/logout_logout----------------------------------------

tkOcp=0.0

------------------ Color = logout --------------------
arrivCnt=276664 deptCnt=276664
arrivThrPut=0.027694097085462617 deptThrPut=0.027694097085462617
meanTkPop=0.0 tkColOcp=0.0
-----
meanST=0.0 stDevST=0.0

Steady State Statistics: numBatchesST=1383 batchSizeST=200 stDevStdStateMeanST=0.0
95% c.i. = 0.0 +/- 0.0



REPORT for Queue : Auth----------------------------------------

totArrivThrPut=0.16649321117690105 totDeptThrPut=0.16649321117690105
meanTotTkPop=0.05741843172081944 queueUtil=0.05360362577605224
meanST=0.34486950738076444



REPORT for Queue of Queueing Place : P/getUser_loginAction----------------------------------------

queueUtilQPl=0.010414221475889197

------------------ Color = loginAction --------------------
arrivCnt=277407 deptCnt=277407
arrivThrPut=0.027768471467870516 deptThrPut=0.027768471467870516
meanTkPop=0.010527264474514788 tkColOcp=0.010414221475889197
-----
meanST=0.37910853273632117 stDevST=0.39200785341507666

Steady State Statistics: numBatchesST=693 batchSizeST=400 stDevStdStateMeanST=0.01973375218130726
95% c.i. = 0.37906959172774385 +/- 0.0014692345878452701



REPORT for Depository of Queueing Place : P/getUser_loginAction----------------------------------------

tkOcp=0.0

------------------ Color = loginAction --------------------
arrivCnt=277407 deptCnt=277407
arrivThrPut=0.027768471467870516 deptThrPut=0.027768471467870516
meanTkPop=0.0 tkColOcp=0.0
-----
meanST=0.0 stDevST=0.0

Steady State Statistics: numBatchesST=1387 batchSizeST=200 stDevStdStateMeanST=0.0
95% c.i. = 0.0 +/- 0.0



REPORT for Queue : Persistence----------------------------------------

totArrivThrPut=0.16649321117690105 totDeptThrPut=0.16649321117690105
meanTotTkPop=0.05410703020862434 queueUtil=0.050264429430213656
meanST=0.32498039905744247



REPORT for Queue of Queueing Place : W/category----------------------------------------

queueUtilQPl=0.016093632729134805

------------------ Color = category --------------------
arrivCnt=277502 deptCnt=277502
arrivThrPut=0.02777798097840719 deptThrPut=0.02777798097840719
meanTkPop=0.016360012383886954 tkColOcp=0.016093632729134805
-----
meanST=0.5889561374746484 stDevST=0.5929794942078676

Steady State Statistics: numBatchesST=693 batchSizeST=400 stDevStdStateMeanST=0.030868617628627953
95% c.i. = 0.5889092107477109 +/- 0.0022982573350602406



REPORT for Depository of Queueing Place : W/category----------------------------------------

tkOcp=0.0

------------------ Color = category --------------------
arrivCnt=277502 deptCnt=277502
arrivThrPut=0.02777798097840719 deptThrPut=0.02777798097840719
meanTkPop=0.0 tkColOcp=0.0
-----
meanST=0.0 stDevST=0.0

Steady State Statistics: numBatchesST=1387 batchSizeST=200 stDevStdStateMeanST=0.0
95% c.i. = 0.0 +/- 0.0



REPORT for Queue : WebUI----------------------------------------

totArrivThrPut=0.16649321117690105 totDeptThrPut=0.16649321117690105
meanTotTkPop=0.06548830022801705 queueUtil=0.05978993604798857
meanST=0.3933391623904409



REPORT for Queue of Queueing Place : W/product----------------------------------------

queueUtilQPl=0.004061909625673243

------------------ Color = product --------------------
arrivCnt=277137 deptCnt=277137
arrivThrPut=0.027741444437924173 deptThrPut=0.027741444437924173
meanTkPop=0.004092451246750093 tkColOcp=0.004061909625673243
-----
meanST=0.1475212026506981 stDevST=0.24044283072517408

Steady State Statistics: numBatchesST=692 batchSizeST=400 stDevStdStateMeanST=0.012643843251567628
95% c.i. = 0.14752652468950897 +/- 9.420504187453682E-4



REPORT for Depository of Queueing Place : W/product----------------------------------------

tkOcp=0.0

------------------ Color = product --------------------
arrivCnt=277137 deptCnt=277137
arrivThrPut=0.027741444437924173 deptThrPut=0.027741444437924173
meanTkPop=0.0 tkColOcp=0.0
-----
meanST=0.0 stDevST=0.0

Steady State Statistics: numBatchesST=1385 batchSizeST=200 stDevStdStateMeanST=0.0
95% c.i. = 0.0 +/- 0.0



REPORT for Queue : WebUI----------------------------------------

totArrivThrPut=0.16649321117690105 totDeptThrPut=0.16649321117690105
meanTotTkPop=0.06548830022801705 queueUtil=0.05978993604798857
meanST=0.3933391623904409



REPORT for Queue of Queueing Place : P/category_category----------------------------------------

queueUtilQPl=0.008749464848395738

------------------ Color = category --------------------
arrivCnt=277502 deptCnt=277502
arrivThrPut=0.02777798097840719 deptThrPut=0.02777798097840719
meanTkPop=0.008828381763244728 tkColOcp=0.008749464848395738
-----
meanST=0.31781941855699813 stDevST=0.33011457492783497

Steady State Statistics: numBatchesST=693 batchSizeST=400 stDevStdStateMeanST=0.017222580298239802
95% c.i. = 0.3178070722774392 +/- 0.0012822706210978759



REPORT for Depository of Queueing Place : P/category_category----------------------------------------

tkOcp=0.0

------------------ Color = category --------------------
arrivCnt=277502 deptCnt=277502
arrivThrPut=0.02777798097840719 deptThrPut=0.02777798097840719
meanTkPop=0.0 tkColOcp=0.0
-----
meanST=0.0 stDevST=0.0

Steady State Statistics: numBatchesST=1387 batchSizeST=200 stDevStdStateMeanST=0.0
95% c.i. = 0.0 +/- 0.0



REPORT for Queue : Persistence----------------------------------------

totArrivThrPut=0.16649321117690105 totDeptThrPut=0.16649321117690105
meanTotTkPop=0.05410703020862434 queueUtil=0.050264429430213656
meanST=0.32498039905744247



REPORT for Queue of Queueing Place : P/getProduct_product----------------------------------------

queueUtilQPl=0.019951348099285268

------------------ Color = product --------------------
arrivCnt=277137 deptCnt=277137
arrivThrPut=0.027741444437924173 deptThrPut=0.027741444437924173
meanTkPop=0.020380431281207444 tkColOcp=0.019951348099285268
-----
meanST=0.7346564569415933 stDevST=0.7259816942898029

Steady State Statistics: numBatchesST=692 batchSizeST=400 stDevStdStateMeanST=0.039391326049794236
95% c.i. = 0.7345989609146304 +/- 0.00293491578959136



REPORT for Depository of Queueing Place : P/getProduct_product----------------------------------------

tkOcp=0.0

------------------ Color = product --------------------
arrivCnt=277137 deptCnt=277137
arrivThrPut=0.027741444437924173 deptThrPut=0.027741444437924173
meanTkPop=0.0 tkColOcp=0.0
-----
meanST=0.0 stDevST=0.0

Steady State Statistics: numBatchesST=1385 batchSizeST=200 stDevStdStateMeanST=0.0
95% c.i. = 0.0 +/- 0.0



REPORT for Queue : Persistence----------------------------------------

totArrivThrPut=0.16649321117690105 totDeptThrPut=0.16649321117690105
meanTotTkPop=0.05410703020862434 queueUtil=0.050264429430213656
meanST=0.32498039905744247



REPORT for Queue of Queueing Place : R/getAds_product----------------------------------------

queueUtilQPl=0.0026400866714426977

------------------ Color = product --------------------
arrivCnt=277137 deptCnt=277137
arrivThrPut=0.027741444437924173 deptThrPut=0.027741444437924173
meanTkPop=0.0026470470783562226 tkColOcp=0.0026400866714426977
-----
meanST=0.09541850224415693 stDevST=0.0956442554651571

Steady State Statistics: numBatchesST=692 batchSizeST=400 stDevStdStateMeanST=0.005008529725487838
95% c.i. = 0.09541195140165745 +/- 3.731687771919706E-4



REPORT for Depository of Queueing Place : R/getAds_product----------------------------------------

tkOcp=0.0

------------------ Color = product --------------------
arrivCnt=277137 deptCnt=277137
arrivThrPut=0.027741444437924173 deptThrPut=0.027741444437924173
meanTkPop=0.0 tkColOcp=0.0
-----
meanST=0.0 stDevST=0.0

Steady State Statistics: numBatchesST=1385 batchSizeST=200 stDevStdStateMeanST=0.0
95% c.i. = 0.0 +/- 0.0



REPORT for Queue : Recommender----------------------------------------

totArrivThrPut=0.027741444437924173 totDeptThrPut=0.027741444437924173
meanTotTkPop=0.0026470470783562226 queueUtil=0.0026400866714426977
meanST=0.09541850224415693



REPORT for Queue of Queueing Place : I/productImages_category----------------------------------------

queueUtilQPl=0.0028767969355670653

------------------ Color = category --------------------
arrivCnt=277502 deptCnt=277502
arrivThrPut=0.02777798097840719 deptThrPut=0.02777798097840719
meanTkPop=0.002885888804001701 tkColOcp=0.0028767969355670653
-----
meanST=0.10389123695653059 stDevST=0.10616785223250409

Steady State Statistics: numBatchesST=693 batchSizeST=400 stDevStdStateMeanST=0.005438495340209015
95% c.i. = 0.10388788883728253 +/- 4.0491161469227943E-4



REPORT for Depository of Queueing Place : I/productImages_category----------------------------------------

tkOcp=0.0

------------------ Color = category --------------------
arrivCnt=277502 deptCnt=277502
arrivThrPut=0.02777798097840719 deptThrPut=0.02777798097840719
meanTkPop=0.0 tkColOcp=0.0
-----
meanST=0.0 stDevST=0.0

Steady State Statistics: numBatchesST=1387 batchSizeST=200 stDevStdStateMeanST=0.0
95% c.i. = 0.0 +/- 0.0



REPORT for Queue : ImageProvider----------------------------------------

totArrivThrPut=0.16649321117690105 totDeptThrPut=0.16649321117690105
meanTotTkPop=0.023693105812857846 queueUtil=0.02293421160173526
meanST=0.1423067381869621



REPORT for Queue of Queueing Place : I/product_product----------------------------------------

queueUtilQPl=0.002779473902099658

------------------ Color = product --------------------
arrivCnt=277137 deptCnt=277137
arrivThrPut=0.027741444437924173 deptThrPut=0.027741444437924173
meanTkPop=0.002787220685038238 tkColOcp=0.002779473902099658
-----
meanST=0.10047136122544306 stDevST=0.10468876323244222

Steady State Statistics: numBatchesST=692 batchSizeST=400 stDevStdStateMeanST=0.005392111778323253
95% c.i. = 0.10047692764467155 +/- 4.0174819140228275E-4



REPORT for Depository of Queueing Place : I/product_product----------------------------------------

tkOcp=0.0

------------------ Color = product --------------------
arrivCnt=277137 deptCnt=277137
arrivThrPut=0.027741444437924173 deptThrPut=0.027741444437924173
meanTkPop=0.0 tkColOcp=0.0
-----
meanST=0.0 stDevST=0.0

Steady State Statistics: numBatchesST=1385 batchSizeST=200 stDevStdStateMeanST=0.0
95% c.i. = 0.0 +/- 0.0



REPORT for Queue : ImageProvider----------------------------------------

totArrivThrPut=0.16649321117690105 totDeptThrPut=0.16649321117690105
meanTotTkPop=0.023693105812857846 queueUtil=0.02293421160173526
meanST=0.1423067381869621



REPORT for Queue of Queueing Place : Workload----------------------------------------

queueUtilQPl=1.0

------------------ Color = workload --------------------
arrivCnt=1663267 deptCnt=1663266
arrivThrPut=0.16649321117690105 deptThrPut=0.16649311107679013
meanTkPop=1.0 tkColOcp=1.0
-----
meanST=6.006253302922891 stDevST=6.0039705592091135

Steady State Statistics: numBatchesST=2079 batchSizeST=800 stDevStdStateMeanST=0.21700882244564296
95% c.i. = 6.006242220169129 +/- 0.009328208328723067



REPORT for Depository of Queueing Place : Workload----------------------------------------

tkOcp=0.0

------------------ Color = workload --------------------
arrivCnt=1663266 deptCnt=1663267
arrivThrPut=0.16649311107679013 deptThrPut=0.16649321117690105
meanTkPop=0.0 tkColOcp=0.0
-----
meanST=0.0 stDevST=0.0

Steady State Statistics: numBatchesST=8316 batchSizeST=200 stDevStdStateMeanST=0.0
95% c.i. = 0.0 +/- 0.0



REPORT for Queue : Workload----------------------------------------

totArrivThrPut=0.16649321117690105 totDeptThrPut=0.16649311107679013
meanTotTkPop=1.0 queueUtil=1.0
meanST=6.006253302922891



REPORT for Queue of Queueing Place : I/icon_index----------------------------------------

queueUtilQPl=0.0030398169873348995

------------------ Color = index --------------------
arrivCnt=276906 deptCnt=276906
arrivThrPut=0.027718321312303413 deptThrPut=0.027718321312303413
meanTkPop=0.0030503078489470255 tkColOcp=0.0030398169873348995
-----
meanST=0.11004662997369456 stDevST=0.11344969313513908

Steady State Statistics: numBatchesST=692 batchSizeST=400 stDevStdStateMeanST=0.005655674963875116
95% c.i. = 0.11005057611549478 +/- 4.213854017326317E-4



REPORT for Depository of Queueing Place : I/icon_index----------------------------------------

tkOcp=0.0

------------------ Color = index --------------------
arrivCnt=276906 deptCnt=276906
arrivThrPut=0.027718321312303413 deptThrPut=0.027718321312303413
meanTkPop=0.0 tkColOcp=0.0
-----
meanST=0.0 stDevST=0.0

Steady State Statistics: numBatchesST=1384 batchSizeST=200 stDevStdStateMeanST=0.0
95% c.i. = 0.0 +/- 0.0



REPORT for Queue : ImageProvider----------------------------------------

totArrivThrPut=0.16649321117690105 totDeptThrPut=0.16649321117690105
meanTotTkPop=0.023693105812857846 queueUtil=0.02293421160173526
meanST=0.1423067381869621



REPORT for Queue of Queueing Place : P/categories_login----------------------------------------

queueUtilQPl=0.005169921745957105

------------------ Color = login --------------------
arrivCnt=277651 deptCnt=277651
arrivThrPut=0.027792895894933136 deptThrPut=0.027792895894933136
meanTkPop=0.005207037210544788 tkColOcp=0.005169921745957105
-----
meanST=0.18735137317929046 stDevST=0.23125798053311142

Steady State Statistics: numBatchesST=694 batchSizeST=400 stDevStdStateMeanST=0.011993512477026673
95% c.i. = 0.18735564415210967 +/- 8.923079186120157E-4



REPORT for Depository of Queueing Place : P/categories_login----------------------------------------

tkOcp=0.0

------------------ Color = login --------------------
arrivCnt=277651 deptCnt=277651
arrivThrPut=0.027792895894933136 deptThrPut=0.027792895894933136
meanTkPop=0.0 tkColOcp=0.0
-----
meanST=0.0 stDevST=0.0

Steady State Statistics: numBatchesST=1388 batchSizeST=200 stDevStdStateMeanST=0.0
95% c.i. = 0.0 +/- 0.0



REPORT for Queue : Persistence----------------------------------------

totArrivThrPut=0.16649321117690105 totDeptThrPut=0.16649321117690105
meanTotTkPop=0.05410703020862434 queueUtil=0.050264429430213656
meanST=0.32498039905744247



REPORT for Queue of Queueing Place : I/icon_login----------------------------------------

queueUtilQPl=0.00295357894689582

------------------ Color = login --------------------
arrivCnt=277651 deptCnt=277651
arrivThrPut=0.027792895894933136 deptThrPut=0.027792895894933136
meanTkPop=0.002963375875436191 tkColOcp=0.00295357894689582
-----
meanST=0.1066235014385974 stDevST=0.1100497225212543

Steady State Statistics: numBatchesST=694 batchSizeST=400 stDevStdStateMeanST=0.005270878387320023
95% c.i. = 0.10662518960265874 +/- 3.921492166748949E-4



REPORT for Depository of Queueing Place : I/icon_login----------------------------------------

tkOcp=0.0

------------------ Color = login --------------------
arrivCnt=277651 deptCnt=277651
arrivThrPut=0.027792895894933136 deptThrPut=0.027792895894933136
meanTkPop=0.0 tkColOcp=0.0
-----
meanST=0.0 stDevST=0.0

Steady State Statistics: numBatchesST=1388 batchSizeST=200 stDevStdStateMeanST=0.0
95% c.i. = 0.0 +/- 0.0



REPORT for Queue : ImageProvider----------------------------------------

totArrivThrPut=0.16649321117690105 totDeptThrPut=0.16649321117690105
meanTotTkPop=0.023693105812857846 queueUtil=0.02293421160173526
meanST=0.1423067381869621



REPORT for Queue of Queueing Place : A/isLoggedIn_login----------------------------------------

queueUtilQPl=0.012322613260730225

------------------ Color = login --------------------
arrivCnt=277651 deptCnt=277651
arrivThrPut=0.027792895894933136 deptThrPut=0.027792895894933136
meanTkPop=0.012486355972117055 tkColOcp=0.012322613260730225
-----
meanST=0.4492643019036176 stDevST=0.45226029881587443

Steady State Statistics: numBatchesST=694 batchSizeST=400 stDevStdStateMeanST=0.023058166301801217
95% c.i. = 0.44926970962960433 +/- 0.001715509482245583



REPORT for Depository of Queueing Place : A/isLoggedIn_login----------------------------------------

tkOcp=0.0

------------------ Color = login --------------------
arrivCnt=277651 deptCnt=277651
arrivThrPut=0.027792895894933136 deptThrPut=0.027792895894933136
meanTkPop=0.0 tkColOcp=0.0
-----
meanST=0.0 stDevST=0.0

Steady State Statistics: numBatchesST=1388 batchSizeST=200 stDevStdStateMeanST=0.0
95% c.i. = 0.0 +/- 0.0



REPORT for Queue : Auth----------------------------------------

totArrivThrPut=0.16649321117690105 totDeptThrPut=0.16649321117690105
meanTotTkPop=0.05741843172081944 queueUtil=0.05360362577605224
meanST=0.34486950738076444



REPORT for Queue of Queueing Place : A/isLoggedIn_category----------------------------------------

queueUtilQPl=0.003752102011355965

------------------ Color = category --------------------
arrivCnt=277502 deptCnt=277502
arrivThrPut=0.02777798097840719 deptThrPut=0.02777798097840719
meanTkPop=0.003774910409653431 tkColOcp=0.003752102011355965
-----
meanST=0.13589578063962973 stDevST=0.18711467087213313

Steady State Statistics: numBatchesST=693 batchSizeST=400 stDevStdStateMeanST=0.010139886561191807
95% c.i. = 0.13588704721126588 +/- 7.549437084064735E-4



REPORT for Depository of Queueing Place : A/isLoggedIn_category----------------------------------------

tkOcp=0.0

------------------ Color = category --------------------
arrivCnt=277502 deptCnt=277502
arrivThrPut=0.02777798097840719 deptThrPut=0.02777798097840719
meanTkPop=0.0 tkColOcp=0.0
-----
meanST=0.0 stDevST=0.0

Steady State Statistics: numBatchesST=1387 batchSizeST=200 stDevStdStateMeanST=0.0
95% c.i. = 0.0 +/- 0.0



REPORT for Queue : Auth----------------------------------------

totArrivThrPut=0.16649321117690105 totDeptThrPut=0.16649321117690105
meanTotTkPop=0.05741843172081944 queueUtil=0.05360362577605224
meanST=0.34486950738076444



REPORT for Queue of Queueing Place : I/icon_logout----------------------------------------

queueUtilQPl=0.0064248728348673045

------------------ Color = logout --------------------
arrivCnt=276664 deptCnt=276664
arrivThrPut=0.027694097085462617 deptThrPut=0.027694097085462617
meanTkPop=0.006465589803391961 tkColOcp=0.0064248728348673045
-----
meanST=0.23346454601641173 stDevST=0.23215594612926282

Steady State Statistics: numBatchesST=691 batchSizeST=400 stDevStdStateMeanST=0.011912907023408555
95% c.i. = 0.23343824233737914 +/- 8.882328269092706E-4



REPORT for Depository of Queueing Place : I/icon_logout----------------------------------------

tkOcp=0.0

------------------ Color = logout --------------------
arrivCnt=276664 deptCnt=276664
arrivThrPut=0.027694097085462617 deptThrPut=0.027694097085462617
meanTkPop=0.0 tkColOcp=0.0
-----
meanST=0.0 stDevST=0.0

Steady State Statistics: numBatchesST=1383 batchSizeST=200 stDevStdStateMeanST=0.0
95% c.i. = 0.0 +/- 0.0



REPORT for Queue : ImageProvider----------------------------------------

totArrivThrPut=0.16649321117690105 totDeptThrPut=0.16649321117690105
meanTotTkPop=0.023693105812857846 queueUtil=0.02293421160173526
meanST=0.1423067381869621



REPORT for Queue of Queueing Place : I/icon_loginAction----------------------------------------

queueUtilQPl=0.005510176953536126

------------------ Color = loginAction --------------------
arrivCnt=277407 deptCnt=277407
arrivThrPut=0.027768471467870516 deptThrPut=0.027768471467870516
meanTkPop=0.005540722796042729 tkColOcp=0.005510176953536126
-----
meanST=0.19953286958749666 stDevST=0.1983883858551843

Steady State Statistics: numBatchesST=693 batchSizeST=400 stDevStdStateMeanST=0.009954407466892558
95% c.i. = 0.19954006133668786 +/- 7.411342565514527E-4



REPORT for Depository of Queueing Place : I/icon_loginAction----------------------------------------

tkOcp=0.0

------------------ Color = loginAction --------------------
arrivCnt=277407 deptCnt=277407
arrivThrPut=0.027768471467870516 deptThrPut=0.027768471467870516
meanTkPop=0.0 tkColOcp=0.0
-----
meanST=0.0 stDevST=0.0

Steady State Statistics: numBatchesST=1387 batchSizeST=200 stDevStdStateMeanST=0.0
95% c.i. = 0.0 +/- 0.0



REPORT for Queue : ImageProvider----------------------------------------

totArrivThrPut=0.16649321117690105 totDeptThrPut=0.16649321117690105
meanTotTkPop=0.023693105812857846 queueUtil=0.02293421160173526
meanST=0.1423067381869621



REPORT for Queue of Queueing Place : A/isLoggedIn_product----------------------------------------

queueUtilQPl=0.00717297264708516

------------------ Color = product --------------------
arrivCnt=277137 deptCnt=277137
arrivThrPut=0.027741444437924173 deptThrPut=0.027741444437924173
meanTkPop=0.007226534793156003 tkColOcp=0.00717297264708516
-----
meanST=0.26049598135837904 stDevST=0.27939776985646975

Steady State Statistics: numBatchesST=692 batchSizeST=400 stDevStdStateMeanST=0.014600053606214348
95% c.i. = 0.2605022505517906 +/- 0.0010878011012777924



REPORT for Depository of Queueing Place : A/isLoggedIn_product----------------------------------------

tkOcp=0.0

------------------ Color = product --------------------
arrivCnt=277137 deptCnt=277136
arrivThrPut=0.027741444437924173 deptThrPut=0.02774134433781326
meanTkPop=0.0 tkColOcp=0.0
-----
meanST=0.0 stDevST=0.0

Steady State Statistics: numBatchesST=1385 batchSizeST=200 stDevStdStateMeanST=0.0
95% c.i. = 0.0 +/- 0.0



REPORT for Queue : Auth----------------------------------------

totArrivThrPut=0.16649321117690105 totDeptThrPut=0.16649321117690105
meanTotTkPop=0.05741843172081944 queueUtil=0.05360362577605224
meanST=0.34486950738076444



REPORT for Queue of Queueing Place : P/category_logout----------------------------------------

queueUtilQPl=0.0033126540940489908

------------------ Color = logout --------------------
arrivCnt=276664 deptCnt=276664
arrivThrPut=0.027694097085462617 deptThrPut=0.027694097085462617
meanTkPop=0.0033304198962060567 tkColOcp=0.0033126540940489908
-----
meanST=0.12025739224963881 stDevST=0.19470781967246167

Steady State Statistics: numBatchesST=691 batchSizeST=400 stDevStdStateMeanST=0.010212667908507235
95% c.i. = 0.12026920833800689 +/- 7.614620737687487E-4



REPORT for Depository of Queueing Place : P/category_logout----------------------------------------

tkOcp=0.0

------------------ Color = logout --------------------
arrivCnt=276664 deptCnt=276664
arrivThrPut=0.027694097085462617 deptThrPut=0.027694097085462617
meanTkPop=0.0 tkColOcp=0.0
-----
meanST=0.0 stDevST=0.0

Steady State Statistics: numBatchesST=1383 batchSizeST=200 stDevStdStateMeanST=0.0
95% c.i. = 0.0 +/- 0.0



REPORT for Queue : Persistence----------------------------------------

totArrivThrPut=0.16649321117690105 totDeptThrPut=0.16649321117690105
meanTotTkPop=0.05410703020862434 queueUtil=0.050264429430213656
meanST=0.32498039905744247



REPORT for Ordinary Place : Finish_index----------------------------------------

tkOcp=0.9999999999999998

------------------ Color = index --------------------
arrivCnt=276906 deptCnt=0
arrivThrPut=0.027718321312303413 deptThrPut=0.0
meanTkPop=138859.70002421032 tkColOcp=0.9999999999999998
-----
meanST=NaN stDevST=NaN

Steady State Statistics: Only 0 batches collected!
Need at least 60 for steady state statistics.



REPORT for Ordinary Place : Finish_login----------------------------------------

tkOcp=1.0

------------------ Color = login --------------------
arrivCnt=277651 deptCnt=0
arrivThrPut=0.027792895894933136 deptThrPut=0.0
meanTkPop=139042.32408688747 tkColOcp=1.0
-----
meanST=NaN stDevST=NaN

Steady State Statistics: Only 0 batches collected!
Need at least 60 for steady state statistics.



REPORT for Ordinary Place : Finish_loginAction----------------------------------------

tkOcp=1.0

------------------ Color = loginAction --------------------
arrivCnt=277407 deptCnt=0
arrivThrPut=0.027768471467870516 deptThrPut=0.0
meanTkPop=138941.05892554883 tkColOcp=1.0
-----
meanST=NaN stDevST=NaN

Steady State Statistics: Only 0 batches collected!
Need at least 60 for steady state statistics.



REPORT for Ordinary Place : Finish_category----------------------------------------

tkOcp=1.0

------------------ Color = category --------------------
arrivCnt=277502 deptCnt=0
arrivThrPut=0.02777798097840719 deptThrPut=0.0
meanTkPop=138969.32554571945 tkColOcp=1.0
-----
meanST=NaN stDevST=NaN

Steady State Statistics: Only 0 batches collected!
Need at least 60 for steady state statistics.



REPORT for Ordinary Place : Finish_product----------------------------------------

tkOcp=1.0

------------------ Color = product --------------------
arrivCnt=277136 deptCnt=0
arrivThrPut=0.02774134433781326 deptThrPut=0.0
meanTkPop=139047.5151858808 tkColOcp=1.0
-----
meanST=NaN stDevST=NaN

Steady State Statistics: Only 0 batches collected!
Need at least 60 for steady state statistics.



REPORT for Ordinary Place : Finish_logout----------------------------------------

tkOcp=1.0

------------------ Color = logout --------------------
arrivCnt=276664 deptCnt=0
arrivThrPut=0.027694097085462617 deptThrPut=0.0
meanTkPop=138420.10136756045 tkColOcp=1.0
-----
meanST=NaN stDevST=NaN

Steady State Statistics: Only 0 batches collected!
Need at least 60 for steady state statistics.



REPORT REPORT for Probe : /index----------------------------------------


------------------ Color = index --------------------
-----
meanST=1.059565329978826 stDevST=0.6271113103841458

Steady State Statistics: numBatchesST=692 batchSizeST=400 stDevStdStateMeanST=0.03284369427871363
95% c.i. = 1.059598688859098 +/- 0.0024470736731547925



REPORT REPORT for Probe : /login----------------------------------------


------------------ Color = login --------------------
-----
meanST=0.9570887569579153 stDevST=0.6003676797888738

Steady State Statistics: numBatchesST=694 batchSizeST=400 stDevStdStateMeanST=0.030376433117603737
95% c.i. = 0.957097636306982 +/- 0.0022599827916922103



REPORT REPORT for Probe : /loginAction----------------------------------------


------------------ Color = loginAction --------------------
-----
meanST=1.3540660275124392 stDevST=0.8154163358656645

Steady State Statistics: numBatchesST=346 batchSizeST=800 stDevStdStateMeanST=0.02875420780161098
95% c.i. = 1.3539318180723936 +/- 0.003029782470897134



REPORT REPORT for Probe : /logout----------------------------------------


------------------ Color = logout --------------------
-----
meanST=1.4732761344342054 stDevST=0.9150773363931975

Steady State Statistics: numBatchesST=691 batchSizeST=400 stDevStdStateMeanST=0.04719264795349589
95% c.i. = 1.4732401969511733 +/- 0.003518709498756244



REPORT REPORT for Probe : /category----------------------------------------


------------------ Color = category --------------------
-----
meanST=1.1465625736278067 stDevST=0.7113280666007177

Steady State Statistics: numBatchesST=346 batchSizeST=800 stDevStdStateMeanST=0.02734985423571115
95% c.i. = 1.146479133158128 +/- 0.002881808099762945



REPORT REPORT for Probe : /product----------------------------------------


------------------ Color = product --------------------
-----
meanST=1.3385610643522845 stDevST=0.8346837095816939

Steady State Statistics: numBatchesST=692 batchSizeST=400 stDevStdStateMeanST=0.045263334098024285
95% c.i. = 1.3385166152022585 +/- 0.003372419444979167



