INFO Logging to /home/yjx/workloadConfig/qpme/output/SimQPN_Output_config_2025-08-14_044359448.log
WARN Batch means correlation test was run for depository of place Workload, color 0
    However, the standard deviation of the token residence time is 0 and therefore the result of the test is ignored!
    In future runs, you should set numBMeansCorlTested to 0 to switch off the correlation test!
WARN Batch means correlation test was run for depository of place W/logout, color 0
    However, the standard deviation of the token residence time is 0 and therefore the result of the test is ignored!
    In future runs, you should set numBMeansCorlTested to 0 to switch off the correlation test!
WARN Batch means correlation test was run for depository of place A/logout_logout, color 0
    However, the standard deviation of the token residence time is 0 and therefore the result of the test is ignored!
    In future runs, you should set numBMeansCorlTested to 0 to switch off the correlation test!
WARN Batch means correlation test was run for depository of place P/category_logout, color 0
    However, the standard deviation of the token residence time is 0 and therefore the result of the test is ignored!
    In future runs, you should set numBMeansCorlTested to 0 to switch off the correlation test!
WARN Batch means correlation test was run for depository of place I/icon_logout, color 0
    However, the standard deviation of the token residence time is 0 and therefore the result of the test is ignored!
    In future runs, you should set numBMeansCorlTested to 0 to switch off the correlation test!
WARN Batch means correlation test was run for depository of place W/loginAction, color 0
    However, the standard deviation of the token residence time is 0 and therefore the result of the test is ignored!
    In future runs, you should set numBMeansCorlTested to 0 to switch off the correlation test!
WARN Batch means correlation test was run for depository of place A/login_loginAction, color 0
    However, the standard deviation of the token residence time is 0 and therefore the result of the test is ignored!
    In future runs, you should set numBMeansCorlTested to 0 to switch off the correlation test!
WARN Batch means correlation test was run for depository of place P/getUser_loginAction, color 0
    However, the standard deviation of the token residence time is 0 and therefore the result of the test is ignored!
    In future runs, you should set numBMeansCorlTested to 0 to switch off the correlation test!
WARN Batch means correlation test was run for depository of place I/icon_loginAction, color 0
    However, the standard deviation of the token residence time is 0 and therefore the result of the test is ignored!
    In future runs, you should set numBMeansCorlTested to 0 to switch off the correlation test!
WARN Batch means correlation test was run for depository of place W/index, color 0
    However, the standard deviation of the token residence time is 0 and therefore the result of the test is ignored!
    In future runs, you should set numBMeansCorlTested to 0 to switch off the correlation test!
WARN Batch means correlation test was run for depository of place P/categories_index, color 0
    However, the standard deviation of the token residence time is 0 and therefore the result of the test is ignored!
    In future runs, you should set numBMeansCorlTested to 0 to switch off the correlation test!
WARN Batch means correlation test was run for depository of place A/isLoggedIn_index, color 0
    However, the standard deviation of the token residence time is 0 and therefore the result of the test is ignored!
    In future runs, you should set numBMeansCorlTested to 0 to switch off the correlation test!
WARN Batch means correlation test was run for depository of place I/icon_index, color 0
    However, the standard deviation of the token residence time is 0 and therefore the result of the test is ignored!
    In future runs, you should set numBMeansCorlTested to 0 to switch off the correlation test!
WARN Batch means correlation test was run for depository of place W/category, color 0
    However, the standard deviation of the token residence time is 0 and therefore the result of the test is ignored!
    In future runs, you should set numBMeansCorlTested to 0 to switch off the correlation test!
WARN Batch means correlation test was run for depository of place P/category_category, color 0
    However, the standard deviation of the token residence time is 0 and therefore the result of the test is ignored!
    In future runs, you should set numBMeansCorlTested to 0 to switch off the correlation test!
WARN Batch means correlation test was run for depository of place I/productImages_category, color 0
    However, the standard deviation of the token residence time is 0 and therefore the result of the test is ignored!
    In future runs, you should set numBMeansCorlTested to 0 to switch off the correlation test!
WARN Batch means correlation test was run for depository of place A/isLoggedIn_category, color 0
    However, the standard deviation of the token residence time is 0 and therefore the result of the test is ignored!
    In future runs, you should set numBMeansCorlTested to 0 to switch off the correlation test!
WARN Batch means correlation test was run for depository of place W/login, color 0
    However, the standard deviation of the token residence time is 0 and therefore the result of the test is ignored!
    In future runs, you should set numBMeansCorlTested to 0 to switch off the correlation test!
WARN Batch means correlation test was run for depository of place P/categories_login, color 0
    However, the standard deviation of the token residence time is 0 and therefore the result of the test is ignored!
    In future runs, you should set numBMeansCorlTested to 0 to switch off the correlation test!
WARN Batch means correlation test was run for depository of place I/icon_login, color 0
    However, the standard deviation of the token residence time is 0 and therefore the result of the test is ignored!
    In future runs, you should set numBMeansCorlTested to 0 to switch off the correlation test!
WARN Batch means correlation test was run for depository of place A/isLoggedIn_login, color 0
    However, the standard deviation of the token residence time is 0 and therefore the result of the test is ignored!
    In future runs, you should set numBMeansCorlTested to 0 to switch off the correlation test!
WARN Batch means correlation test was run for depository of place W/product, color 0
    However, the standard deviation of the token residence time is 0 and therefore the result of the test is ignored!
    In future runs, you should set numBMeansCorlTested to 0 to switch off the correlation test!
WARN Batch means correlation test was run for depository of place P/getProduct_product, color 0
    However, the standard deviation of the token residence time is 0 and therefore the result of the test is ignored!
    In future runs, you should set numBMeansCorlTested to 0 to switch off the correlation test!
WARN Batch means correlation test was run for depository of place R/getAds_product, color 0
    However, the standard deviation of the token residence time is 0 and therefore the result of the test is ignored!
    In future runs, you should set numBMeansCorlTested to 0 to switch off the correlation test!
WARN Batch means correlation test was run for depository of place I/product_product, color 0
    However, the standard deviation of the token residence time is 0 and therefore the result of the test is ignored!
    In future runs, you should set numBMeansCorlTested to 0 to switch off the correlation test!
WARN Batch means correlation test was run for depository of place A/isLoggedIn_product, color 0
    However, the standard deviation of the token residence time is 0 and therefore the result of the test is ignored!
    In future runs, you should set numBMeansCorlTested to 0 to switch off the correlation test!
WARN LP-1 The simulation was stopped because of reaching max totalRunLen.
The required precision may not have been reached!
REPORT for Queue of Queueing Place : W/index----------------------------------------

queueUtilQPl=0.017741440437136952

------------------ Color = index --------------------
arrivCnt=277917 deptCnt=277917
arrivThrPut=0.027819552140230484 deptThrPut=0.027819552140230484
meanTkPop=0.018049511305653788 tkColOcp=0.017741440437136952
-----
meanST=0.6488066815264067 stDevST=0.6455533636191771

Steady State Statistics: numBatchesST=694 batchSizeST=400 stDevStdStateMeanST=0.03477433140399461
95% c.i. = 0.6488735725937739 +/- 0.002587182973766783



REPORT for Depository of Queueing Place : W/index----------------------------------------

tkOcp=0.0

------------------ Color = index --------------------
arrivCnt=277917 deptCnt=277917
arrivThrPut=0.027819552140230484 deptThrPut=0.027819552140230484
meanTkPop=0.0 tkColOcp=0.0
-----
meanST=0.0 stDevST=0.0

Steady State Statistics: numBatchesST=1389 batchSizeST=200 stDevStdStateMeanST=0.0
95% c.i. = 0.0 +/- 0.0



REPORT for Queue : WebUI----------------------------------------

totArrivThrPut=0.16689479029245086 totDeptThrPut=0.16689479029245086
meanTotTkPop=0.05282532768399045 queueUtil=0.049071425016358784
meanST=0.31651873369698524



REPORT for Queue of Queueing Place : P/categories_index----------------------------------------

queueUtilQPl=0.006191240939147905

------------------ Color = index --------------------
arrivCnt=277917 deptCnt=277917
arrivThrPut=0.027819552140230484 deptThrPut=0.027819552140230484
meanTkPop=0.006235212428531392 tkColOcp=0.006191240939147905
-----
meanST=0.22413058258815424 stDevST=0.2823738175335641

Steady State Statistics: numBatchesST=694 batchSizeST=400 stDevStdStateMeanST=0.014832998181232888
95% c.i. = 0.22414563890010128 +/- 0.0011035634272465434



REPORT for Depository of Queueing Place : P/categories_index----------------------------------------

tkOcp=0.0

------------------ Color = index --------------------
arrivCnt=277917 deptCnt=277917
arrivThrPut=0.027819552140230484 deptThrPut=0.027819552140230484
meanTkPop=0.0 tkColOcp=0.0
-----
meanST=0.0 stDevST=0.0

Steady State Statistics: numBatchesST=1389 batchSizeST=200 stDevStdStateMeanST=0.0
95% c.i. = 0.0 +/- 0.0



REPORT for Queue : Persistence----------------------------------------

totArrivThrPut=0.16689479029245086 totDeptThrPut=0.16689479029245086
meanTotTkPop=0.07416110762397365 queueUtil=0.06725876162302817
meanST=0.44435843380144247



REPORT for Queue of Queueing Place : A/isLoggedIn_index----------------------------------------

queueUtilQPl=0.00614005679315549

------------------ Color = index --------------------
arrivCnt=277917 deptCnt=277917
arrivThrPut=0.027819552140230484 deptThrPut=0.027819552140230484
meanTkPop=0.006189228046064671 tkColOcp=0.00614005679315549
-----
meanST=0.22247763065582526 stDevST=0.27310809486756465

Steady State Statistics: numBatchesST=694 batchSizeST=400 stDevStdStateMeanST=0.014511348813498757
95% c.i. = 0.22248577812095574 +/- 0.0010796329666416557



REPORT for Depository of Queueing Place : A/isLoggedIn_index----------------------------------------

tkOcp=0.0

------------------ Color = index --------------------
arrivCnt=277917 deptCnt=277917
arrivThrPut=0.027819552140230484 deptThrPut=0.027819552140230484
meanTkPop=0.0 tkColOcp=0.0
-----
meanST=0.0 stDevST=0.0

Steady State Statistics: numBatchesST=1389 batchSizeST=200 stDevStdStateMeanST=0.0
95% c.i. = 0.0 +/- 0.0



REPORT for Queue : Auth----------------------------------------

totArrivThrPut=0.16689479029245086 totDeptThrPut=0.16689479029245086
meanTotTkPop=0.06526372607945623 queueUtil=0.059792103836382664
meanST=0.3910471139637982



REPORT for Queue of Queueing Place : W/login----------------------------------------

queueUtilQPl=0.003092022130622156

------------------ Color = login --------------------
arrivCnt=278015 deptCnt=278015
arrivThrPut=0.027829361961543116 deptThrPut=0.027829361961543116
meanTkPop=0.0031068905496953398 tkColOcp=0.003092022130622156
-----
meanST=0.11164073951780477 stDevST=0.17663115830176518

Steady State Statistics: numBatchesST=695 batchSizeST=400 stDevStdStateMeanST=0.009241350164355181
95% c.i. = 0.1116426147243423 +/- 6.870543840272793E-4



REPORT for Depository of Queueing Place : W/login----------------------------------------

tkOcp=0.0

------------------ Color = login --------------------
arrivCnt=278015 deptCnt=278015
arrivThrPut=0.027829361961543116 deptThrPut=0.027829361961543116
meanTkPop=0.0 tkColOcp=0.0
-----
meanST=0.0 stDevST=0.0

Steady State Statistics: numBatchesST=1390 batchSizeST=200 stDevStdStateMeanST=0.0
95% c.i. = 0.0 +/- 0.0



REPORT for Queue : WebUI----------------------------------------

totArrivThrPut=0.16689479029245086 totDeptThrPut=0.16689479029245086
meanTotTkPop=0.05282532768399045 queueUtil=0.049071425016358784
meanST=0.31651873369698524



REPORT for Queue of Queueing Place : W/loginAction----------------------------------------

queueUtilQPl=0.011528748897726706

------------------ Color = loginAction --------------------
arrivCnt=278329 deptCnt=278329
arrivThrPut=0.027860793429830527 deptThrPut=0.027860793429830527
meanTkPop=0.01166971127846675 tkColOcp=0.011528748897726706
-----
meanST=0.41885782283472234 stDevST=0.4261375378521634

Steady State Statistics: numBatchesST=695 batchSizeST=400 stDevStdStateMeanST=0.021257774265498963
95% c.i. = 0.41888051488550043 +/- 0.001580423503494895



REPORT for Depository of Queueing Place : W/loginAction----------------------------------------

tkOcp=0.0

------------------ Color = loginAction --------------------
arrivCnt=278329 deptCnt=278329
arrivThrPut=0.027860793429830527 deptThrPut=0.027860793429830527
meanTkPop=0.0 tkColOcp=0.0
-----
meanST=0.0 stDevST=0.0

Steady State Statistics: numBatchesST=1391 batchSizeST=200 stDevStdStateMeanST=0.0
95% c.i. = 0.0 +/- 0.0



REPORT for Queue : WebUI----------------------------------------

totArrivThrPut=0.16689479029245086 totDeptThrPut=0.16689479029245086
meanTotTkPop=0.05282532768399045 queueUtil=0.049071425016358784
meanST=0.31651873369698524



REPORT for Queue of Queueing Place : A/login_loginAction----------------------------------------

queueUtilQPl=0.012829758718368018

------------------ Color = loginAction --------------------
arrivCnt=278329 deptCnt=278329
arrivThrPut=0.027860793429830527 deptThrPut=0.027860793429830527
meanTkPop=0.0130035649545443 tkColOcp=0.012829758718368018
-----
meanST=0.4667334757459346 stDevST=0.4769277982647079

Steady State Statistics: numBatchesST=695 batchSizeST=400 stDevStdStateMeanST=0.02407740624559879
95% c.i. = 0.46672847888897945 +/- 0.0017900509365883013



REPORT for Depository of Queueing Place : A/login_loginAction----------------------------------------

tkOcp=0.0

------------------ Color = loginAction --------------------
arrivCnt=278329 deptCnt=278329
arrivThrPut=0.027860793429830527 deptThrPut=0.027860793429830527
meanTkPop=0.0 tkColOcp=0.0
-----
meanST=0.0 stDevST=0.0

Steady State Statistics: numBatchesST=1391 batchSizeST=200 stDevStdStateMeanST=0.0
95% c.i. = 0.0 +/- 0.0



REPORT for Queue : Auth----------------------------------------

totArrivThrPut=0.16689479029245086 totDeptThrPut=0.16689479029245086
meanTotTkPop=0.06526372607945623 queueUtil=0.059792103836382664
meanST=0.3910471139637982



REPORT for Queue of Queueing Place : W/logout----------------------------------------

queueUtilQPl=0.01275044449737764

------------------ Color = logout --------------------
arrivCnt=277013 deptCnt=277013
arrivThrPut=0.027729061543632333 deptThrPut=0.027729061543632333
meanTkPop=0.012913697566944576 tkColOcp=0.01275044449737764
-----
meanST=0.4657098671235075 stDevST=0.46890600986819536

Steady State Statistics: numBatchesST=692 batchSizeST=400 stDevStdStateMeanST=0.0231685147368714
95% c.i. = 0.46573445996157947 +/- 0.0017262084459068157



REPORT for Depository of Queueing Place : W/logout----------------------------------------

tkOcp=0.0

------------------ Color = logout --------------------
arrivCnt=277013 deptCnt=277013
arrivThrPut=0.027729061543632333 deptThrPut=0.027729061543632333
meanTkPop=0.0 tkColOcp=0.0
-----
meanST=0.0 stDevST=0.0

Steady State Statistics: numBatchesST=1385 batchSizeST=200 stDevStdStateMeanST=0.0
95% c.i. = 0.0 +/- 0.0



REPORT for Queue : WebUI----------------------------------------

totArrivThrPut=0.16689479029245086 totDeptThrPut=0.16689479029245086
meanTotTkPop=0.05282532768399045 queueUtil=0.049071425016358784
meanST=0.31651873369698524



REPORT for Queue of Queueing Place : A/logout_logout----------------------------------------

queueUtilQPl=0.003909041666872401

------------------ Color = logout --------------------
arrivCnt=277013 deptCnt=277013
arrivThrPut=0.027729061543632333 deptThrPut=0.027729061543632333
meanTkPop=0.00393464912336295 tkColOcp=0.003909041666872401
-----
meanST=0.14189622382898484 stDevST=0.2222726999902822

Steady State Statistics: numBatchesST=346 batchSizeST=800 stDevStdStateMeanST=0.007846382943889302
95% c.i. = 0.14189999179682064 +/- 8.267601621078278E-4



REPORT for Depository of Queueing Place : A/logout_logout----------------------------------------

tkOcp=0.0

------------------ Color = logout --------------------
arrivCnt=277013 deptCnt=277013
arrivThrPut=0.027729061543632333 deptThrPut=0.027729061543632333
meanTkPop=0.0 tkColOcp=0.0
-----
meanST=0.0 stDevST=0.0

Steady State Statistics: numBatchesST=1385 batchSizeST=200 stDevStdStateMeanST=0.0
95% c.i. = 0.0 +/- 0.0



REPORT for Queue : Auth----------------------------------------

totArrivThrPut=0.16689479029245086 totDeptThrPut=0.16689479029245086
meanTotTkPop=0.06526372607945623 queueUtil=0.059792103836382664
meanST=0.3910471139637982



REPORT for Queue of Queueing Place : P/getUser_loginAction----------------------------------------

queueUtilQPl=0.006375821383960908

------------------ Color = loginAction --------------------
arrivCnt=278329 deptCnt=278329
arrivThrPut=0.027860793429830527 deptThrPut=0.027860793429830527
meanTkPop=0.006432407484230373 tkColOcp=0.006375821383960908
-----
meanST=0.23087667982000828 stDevST=0.3041416943136448

Steady State Statistics: numBatchesST=695 batchSizeST=400 stDevStdStateMeanST=0.015206130898044718
95% c.i. = 0.23085156917143407 +/- 0.0011305100133410287



REPORT for Depository of Queueing Place : P/getUser_loginAction----------------------------------------

tkOcp=0.0

------------------ Color = loginAction --------------------
arrivCnt=278329 deptCnt=278329
arrivThrPut=0.027860793429830527 deptThrPut=0.027860793429830527
meanTkPop=0.0 tkColOcp=0.0
-----
meanST=0.0 stDevST=0.0

Steady State Statistics: numBatchesST=1391 batchSizeST=200 stDevStdStateMeanST=0.0
95% c.i. = 0.0 +/- 0.0



REPORT for Queue : Persistence----------------------------------------

totArrivThrPut=0.16689479029245086 totDeptThrPut=0.16689479029245086
meanTotTkPop=0.07416110762397365 queueUtil=0.06725876162302817
meanST=0.44435843380144247



REPORT for Queue of Queueing Place : W/category----------------------------------------

queueUtilQPl=0.00378395156962614

------------------ Color = category --------------------
arrivCnt=278641 deptCnt=278641
arrivThrPut=0.027892024697682986 deptThrPut=0.027892024697682986
meanTkPop=0.0038060118059995616 tkColOcp=0.00378395156962614
-----
meanST=0.13645519990937516 stDevST=0.1917435265636168

Steady State Statistics: numBatchesST=696 batchSizeST=400 stDevStdStateMeanST=0.009911472103768693
95% c.i. = 0.13646896801813888 +/- 7.363454950937856E-4



REPORT for Depository of Queueing Place : W/category----------------------------------------

tkOcp=0.0

------------------ Color = category --------------------
arrivCnt=278641 deptCnt=278641
arrivThrPut=0.027892024697682986 deptThrPut=0.027892024697682986
meanTkPop=0.0 tkColOcp=0.0
-----
meanST=0.0 stDevST=0.0

Steady State Statistics: numBatchesST=1393 batchSizeST=200 stDevStdStateMeanST=0.0
95% c.i. = 0.0 +/- 0.0



REPORT for Queue : WebUI----------------------------------------

totArrivThrPut=0.16689479029245086 totDeptThrPut=0.16689479029245086
meanTotTkPop=0.05282532768399045 queueUtil=0.049071425016358784
meanST=0.31651873369698524



REPORT for Queue of Queueing Place : W/product----------------------------------------

queueUtilQPl=0.003261483850783779

------------------ Color = product --------------------
arrivCnt=277362 deptCnt=277362
arrivThrPut=0.0277639965195314 deptThrPut=0.0277639965195314
meanTkPop=0.003279505177230431 tkColOcp=0.003261483850783779
-----
meanST=0.11812078909185018 stDevST=0.18135156910841024

Steady State Statistics: numBatchesST=693 batchSizeST=400 stDevStdStateMeanST=0.008666115897655004
95% c.i. = 0.11813115778741931 +/- 6.452172451608758E-4



REPORT for Depository of Queueing Place : W/product----------------------------------------

tkOcp=0.0

------------------ Color = product --------------------
arrivCnt=277362 deptCnt=277362
arrivThrPut=0.0277639965195314 deptThrPut=0.0277639965195314
meanTkPop=0.0 tkColOcp=0.0
-----
meanST=0.0 stDevST=0.0

Steady State Statistics: numBatchesST=1386 batchSizeST=200 stDevStdStateMeanST=0.0
95% c.i. = 0.0 +/- 0.0



REPORT for Queue : WebUI----------------------------------------

totArrivThrPut=0.16689479029245086 totDeptThrPut=0.16689479029245086
meanTotTkPop=0.05282532768399045 queueUtil=0.049071425016358784
meanST=0.31651873369698524



REPORT for Queue of Queueing Place : P/category_category----------------------------------------

queueUtilQPl=0.009993391340938166

------------------ Color = category --------------------
arrivCnt=278641 deptCnt=278641
arrivThrPut=0.027892024697682986 deptThrPut=0.027892024697682986
meanTkPop=0.010103820717133801 tkColOcp=0.009993391340938166
-----
meanST=0.3622476613529291 stDevST=0.400693678051128

Steady State Statistics: numBatchesST=696 batchSizeST=400 stDevStdStateMeanST=0.019981737447386346
95% c.i. = 0.36225260330600595 +/- 0.0014844880961663762



REPORT for Depository of Queueing Place : P/category_category----------------------------------------

tkOcp=0.0

------------------ Color = category --------------------
arrivCnt=278641 deptCnt=278641
arrivThrPut=0.027892024697682986 deptThrPut=0.027892024697682986
meanTkPop=0.0 tkColOcp=0.0
-----
meanST=0.0 stDevST=0.0

Steady State Statistics: numBatchesST=1393 batchSizeST=200 stDevStdStateMeanST=0.0
95% c.i. = 0.0 +/- 0.0



REPORT for Queue : Persistence----------------------------------------

totArrivThrPut=0.16689479029245086 totDeptThrPut=0.16689479029245086
meanTotTkPop=0.07416110762397365 queueUtil=0.06725876162302817
meanST=0.44435843380144247



REPORT for Queue of Queueing Place : P/getProduct_product----------------------------------------

queueUtilQPl=0.007005316609512834

------------------ Color = product --------------------
arrivCnt=277362 deptCnt=277362
arrivThrPut=0.0277639965195314 deptThrPut=0.0277639965195314
meanTkPop=0.007071621089907495 tkColOcp=0.007005316609512834
-----
meanST=0.25470472469382266 stDevST=0.32533200284382485

Steady State Statistics: numBatchesST=693 batchSizeST=400 stDevStdStateMeanST=0.016807156574479034
95% c.i. = 0.2546743112081141 +/- 0.0012513411304489078



REPORT for Depository of Queueing Place : P/getProduct_product----------------------------------------

tkOcp=0.0

------------------ Color = product --------------------
arrivCnt=277362 deptCnt=277362
arrivThrPut=0.0277639965195314 deptThrPut=0.0277639965195314
meanTkPop=0.0 tkColOcp=0.0
-----
meanST=0.0 stDevST=0.0

Steady State Statistics: numBatchesST=1386 batchSizeST=200 stDevStdStateMeanST=0.0
95% c.i. = 0.0 +/- 0.0



REPORT for Queue : Persistence----------------------------------------

totArrivThrPut=0.16689479029245086 totDeptThrPut=0.16689479029245086
meanTotTkPop=0.07416110762397365 queueUtil=0.06725876162302817
meanST=0.44435843380144247



REPORT for Queue of Queueing Place : R/getAds_product----------------------------------------

queueUtilQPl=0.0035838979522305934

------------------ Color = product --------------------
arrivCnt=277362 deptCnt=277362
arrivThrPut=0.0277639965195314 deptThrPut=0.0277639965195314
meanTkPop=0.003597907681727036 tkColOcp=0.0035838979522305934
-----
meanST=0.12958896890784372 stDevST=0.12926229326044902

Steady State Statistics: numBatchesST=693 batchSizeST=400 stDevStdStateMeanST=0.00654871677690186
95% c.i. = 0.1295973138305642 +/- 4.875707927325064E-4



REPORT for Depository of Queueing Place : R/getAds_product----------------------------------------

tkOcp=0.0

------------------ Color = product --------------------
arrivCnt=277362 deptCnt=277362
arrivThrPut=0.0277639965195314 deptThrPut=0.0277639965195314
meanTkPop=0.0 tkColOcp=0.0
-----
meanST=0.0 stDevST=0.0

Steady State Statistics: numBatchesST=1386 batchSizeST=200 stDevStdStateMeanST=0.0
95% c.i. = 0.0 +/- 0.0



REPORT for Queue : Recommender----------------------------------------

totArrivThrPut=0.0277639965195314 totDeptThrPut=0.0277639965195314
meanTotTkPop=0.003597907681727036 queueUtil=0.0035838979522305934
meanST=0.12958896890784372



REPORT for Queue of Queueing Place : I/productImages_category----------------------------------------

queueUtilQPl=0.005082887019284224

------------------ Color = category --------------------
arrivCnt=278641 deptCnt=278641
arrivThrPut=0.027892024697682986 deptThrPut=0.027892024697682986
meanTkPop=0.0051100083248589966 tkColOcp=0.005082887019284224
-----
meanST=0.18320679048027264 stDevST=0.18259187181438377

Steady State Statistics: numBatchesST=696 batchSizeST=400 stDevStdStateMeanST=0.009282821558776225
95% c.i. = 0.18321362976647856 +/- 6.896416359750736E-4



REPORT for Depository of Queueing Place : I/productImages_category----------------------------------------

tkOcp=0.0

------------------ Color = category --------------------
arrivCnt=278641 deptCnt=278641
arrivThrPut=0.027892024697682986 deptThrPut=0.027892024697682986
meanTkPop=0.0 tkColOcp=0.0
-----
meanST=0.0 stDevST=0.0

Steady State Statistics: numBatchesST=1393 batchSizeST=200 stDevStdStateMeanST=0.0
95% c.i. = 0.0 +/- 0.0



REPORT for Queue : ImageProvider----------------------------------------

totArrivThrPut=0.16689479029245086 totDeptThrPut=0.16689479029245086
meanTotTkPop=0.02024643744226949 queueUtil=0.019766484545009434
meanST=0.12131257906128484



REPORT for Queue of Queueing Place : I/product_product----------------------------------------

queueUtilQPl=0.0029193317214839167

------------------ Color = product --------------------
arrivCnt=277362 deptCnt=277362
arrivThrPut=0.0277639965195314 deptThrPut=0.0277639965195314
meanTkPop=0.00292939733517424 tkColOcp=0.0029193317214839167
-----
meanST=0.10551065056910916 stDevST=0.10641118057407944

Steady State Statistics: numBatchesST=693 batchSizeST=400 stDevStdStateMeanST=0.0051931527939847
95% c.i. = 0.10550692057907114 +/- 3.866451567236707E-4



REPORT for Depository of Queueing Place : I/product_product----------------------------------------

tkOcp=0.0

------------------ Color = product --------------------
arrivCnt=277362 deptCnt=277362
arrivThrPut=0.0277639965195314 deptThrPut=0.0277639965195314
meanTkPop=0.0 tkColOcp=0.0
-----
meanST=0.0 stDevST=0.0

Steady State Statistics: numBatchesST=1386 batchSizeST=200 stDevStdStateMeanST=0.0
95% c.i. = 0.0 +/- 0.0



REPORT for Queue : ImageProvider----------------------------------------

totArrivThrPut=0.16689479029245086 totDeptThrPut=0.16689479029245086
meanTotTkPop=0.02024643744226949 queueUtil=0.019766484545009434
meanST=0.12131257906128484



REPORT for Queue of Queueing Place : Workload----------------------------------------

queueUtilQPl=1.0

------------------ Color = workload --------------------
arrivCnt=1667277 deptCnt=1667277
arrivThrPut=0.16689479029245086 deptThrPut=0.16689479029245086
meanTkPop=1.0 tkColOcp=1.0
-----
meanST=5.991798774831098 stDevST=5.983499288005173

Steady State Statistics: numBatchesST=4168 batchSizeST=400 stDevStdStateMeanST=0.298538467291231
95% c.i. = 5.99178677489569 +/- 0.00906326199904673



REPORT for Depository of Queueing Place : Workload----------------------------------------

tkOcp=0.0

------------------ Color = workload --------------------
arrivCnt=1667277 deptCnt=1667277
arrivThrPut=0.16689479029245086 deptThrPut=0.16689479029245086
meanTkPop=0.0 tkColOcp=0.0
-----
meanST=0.0 stDevST=0.0

Steady State Statistics: numBatchesST=8336 batchSizeST=200 stDevStdStateMeanST=0.0
95% c.i. = 0.0 +/- 0.0



REPORT for Queue : Workload----------------------------------------

totArrivThrPut=0.16689479029245086 totDeptThrPut=0.16689479029245086
meanTotTkPop=1.0 queueUtil=1.0
meanST=5.991798774831098



REPORT for Queue of Queueing Place : I/icon_index----------------------------------------

queueUtilQPl=0.003535398056645097

------------------ Color = index --------------------
arrivCnt=277917 deptCnt=277917
arrivThrPut=0.027819552140230484 deptThrPut=0.027819552140230484
meanTkPop=0.003549565738850035 tkColOcp=0.003535398056645097
-----
meanST=0.12759248319159414 stDevST=0.1270932352042431

Steady State Statistics: numBatchesST=694 batchSizeST=400 stDevStdStateMeanST=0.006047936848118976
95% c.i. = 0.1275844696120109 +/- 4.4996175650620097E-4



REPORT for Depository of Queueing Place : I/icon_index----------------------------------------

tkOcp=0.0

------------------ Color = index --------------------
arrivCnt=277917 deptCnt=277917
arrivThrPut=0.027819552140230484 deptThrPut=0.027819552140230484
meanTkPop=0.0 tkColOcp=0.0
-----
meanST=0.0 stDevST=0.0

Steady State Statistics: numBatchesST=1389 batchSizeST=200 stDevStdStateMeanST=0.0
95% c.i. = 0.0 +/- 0.0



REPORT for Queue : ImageProvider----------------------------------------

totArrivThrPut=0.16689479029245086 totDeptThrPut=0.16689479029245086
meanTotTkPop=0.02024643744226949 queueUtil=0.019766484545009434
meanST=0.12131257906128484



REPORT for Queue of Queueing Place : P/categories_login----------------------------------------

queueUtilQPl=0.022981028894578214

------------------ Color = login --------------------
arrivCnt=278015 deptCnt=278015
arrivThrPut=0.027829361961543116 deptThrPut=0.027829361961543116
meanTkPop=0.02350873426091879 tkColOcp=0.022981028894578214
-----
meanST=0.8447457147384506 stDevST=0.8355318743067134

Steady State Statistics: numBatchesST=695 batchSizeST=400 stDevStdStateMeanST=0.04279843616761869
95% c.i. = 0.8447243104678062 +/- 0.0031818784783084588



REPORT for Depository of Queueing Place : P/categories_login----------------------------------------

tkOcp=0.0

------------------ Color = login --------------------
arrivCnt=278015 deptCnt=278015
arrivThrPut=0.027829361961543116 deptThrPut=0.027829361961543116
meanTkPop=0.0 tkColOcp=0.0
-----
meanST=0.0 stDevST=0.0

Steady State Statistics: numBatchesST=1390 batchSizeST=200 stDevStdStateMeanST=0.0
95% c.i. = 0.0 +/- 0.0



REPORT for Queue : Persistence----------------------------------------

totArrivThrPut=0.16689479029245086 totDeptThrPut=0.16689479029245086
meanTotTkPop=0.07416110762397365 queueUtil=0.06725876162302817
meanST=0.44435843380144247



REPORT for Queue of Queueing Place : I/icon_login----------------------------------------

queueUtilQPl=0.0028641615890195914

------------------ Color = login --------------------
arrivCnt=278015 deptCnt=278015
arrivThrPut=0.027829361961543116 deptThrPut=0.027829361961543116
meanTkPop=0.002872561938958034 tkColOcp=0.0028641615890195914
-----
meanST=0.10322054608824933 stDevST=0.10396909436303296

Steady State Statistics: numBatchesST=86 batchSizeST=3200 stDevStdStateMeanST=0.0019347743177681417
95% c.i. = 0.10321863149311632 +/- 4.1481649926764256E-4



REPORT for Depository of Queueing Place : I/icon_login----------------------------------------

tkOcp=0.0

------------------ Color = login --------------------
arrivCnt=278015 deptCnt=278015
arrivThrPut=0.027829361961543116 deptThrPut=0.027829361961543116
meanTkPop=0.0 tkColOcp=0.0
-----
meanST=0.0 stDevST=0.0

Steady State Statistics: numBatchesST=1390 batchSizeST=200 stDevStdStateMeanST=0.0
95% c.i. = 0.0 +/- 0.0



REPORT for Queue : ImageProvider----------------------------------------

totArrivThrPut=0.16689479029245086 totDeptThrPut=0.16689479029245086
meanTotTkPop=0.02024643744226949 queueUtil=0.019766484545009434
meanST=0.12131257906128484



REPORT for Queue of Queueing Place : A/isLoggedIn_login----------------------------------------

queueUtilQPl=0.020120917476491213

------------------ Color = login --------------------
arrivCnt=278015 deptCnt=278015
arrivThrPut=0.027829361961543116 deptThrPut=0.027829361961543116
meanTkPop=0.020534218828613733 tkColOcp=0.020120917476491213
-----
meanST=0.7378616461631277 stDevST=0.7343727286117302

Steady State Statistics: numBatchesST=695 batchSizeST=400 stDevStdStateMeanST=0.038776540885239644
95% c.i. = 0.737846451715508 +/- 0.0028828679726233338



REPORT for Depository of Queueing Place : A/isLoggedIn_login----------------------------------------

tkOcp=0.0

------------------ Color = login --------------------
arrivCnt=278015 deptCnt=278015
arrivThrPut=0.027829361961543116 deptThrPut=0.027829361961543116
meanTkPop=0.0 tkColOcp=0.0
-----
meanST=0.0 stDevST=0.0

Steady State Statistics: numBatchesST=1390 batchSizeST=200 stDevStdStateMeanST=0.0
95% c.i. = 0.0 +/- 0.0



REPORT for Queue : Auth----------------------------------------

totArrivThrPut=0.16689479029245086 totDeptThrPut=0.16689479029245086
meanTotTkPop=0.06526372607945623 queueUtil=0.059792103836382664
meanST=0.3910471139637982



REPORT for Queue of Queueing Place : A/isLoggedIn_category----------------------------------------

queueUtilQPl=0.0038942363574668067

------------------ Color = category --------------------
arrivCnt=278641 deptCnt=278641
arrivThrPut=0.027892024697682986 deptThrPut=0.027892024697682986
meanTkPop=0.003927287950848098 tkColOcp=0.0038942363574668067
-----
meanST=0.14080325804294663 stDevST=0.23350540621120688

Steady State Statistics: numBatchesST=696 batchSizeST=400 stDevStdStateMeanST=0.012863430484945808
95% c.i. = 0.1408163428864318 +/- 9.556531047936213E-4



REPORT for Depository of Queueing Place : A/isLoggedIn_category----------------------------------------

tkOcp=0.0

------------------ Color = category --------------------
arrivCnt=278641 deptCnt=278641
arrivThrPut=0.027892024697682986 deptThrPut=0.027892024697682986
meanTkPop=0.0 tkColOcp=0.0
-----
meanST=0.0 stDevST=0.0

Steady State Statistics: numBatchesST=1393 batchSizeST=200 stDevStdStateMeanST=0.0
95% c.i. = 0.0 +/- 0.0



REPORT for Queue : Auth----------------------------------------

totArrivThrPut=0.16689479029245086 totDeptThrPut=0.16689479029245086
meanTotTkPop=0.06526372607945623 queueUtil=0.059792103836382664
meanST=0.3910471139637982



REPORT for Queue of Queueing Place : I/icon_logout----------------------------------------

queueUtilQPl=0.0028601575584027974

------------------ Color = logout --------------------
arrivCnt=277013 deptCnt=277013
arrivThrPut=0.027729061543632333 deptThrPut=0.027729061543632333
meanTkPop=0.0028678933765417863 tkColOcp=0.0028601575584027974
-----
meanST=0.1034255476705942 stDevST=0.10388413371442828

Steady State Statistics: numBatchesST=692 batchSizeST=400 stDevStdStateMeanST=0.005186513296953686
95% c.i. = 0.1034298998840533 +/- 3.864297370673163E-4



REPORT for Depository of Queueing Place : I/icon_logout----------------------------------------

tkOcp=0.0

------------------ Color = logout --------------------
arrivCnt=277013 deptCnt=277013
arrivThrPut=0.027729061543632333 deptThrPut=0.027729061543632333
meanTkPop=0.0 tkColOcp=0.0
-----
meanST=0.0 stDevST=0.0

Steady State Statistics: numBatchesST=1385 batchSizeST=200 stDevStdStateMeanST=0.0
95% c.i. = 0.0 +/- 0.0



REPORT for Queue : ImageProvider----------------------------------------

totArrivThrPut=0.16689479029245086 totDeptThrPut=0.16689479029245086
meanTotTkPop=0.02024643744226949 queueUtil=0.019766484545009434
meanST=0.12131257906128484



REPORT for Queue of Queueing Place : I/icon_loginAction----------------------------------------

queueUtilQPl=0.0029074336149458027

------------------ Color = loginAction --------------------
arrivCnt=278329 deptCnt=278329
arrivThrPut=0.027860793429830527 deptThrPut=0.027860793429830527
meanTkPop=0.0029170107278864033 tkColOcp=0.0029074336149458027
-----
meanST=0.10469948514686458 stDevST=0.10586779035395258

Steady State Statistics: numBatchesST=695 batchSizeST=400 stDevStdStateMeanST=0.005463287821118781
95% c.i. = 0.1046930965783057 +/- 4.061718019495053E-4



REPORT for Depository of Queueing Place : I/icon_loginAction----------------------------------------

tkOcp=0.0

------------------ Color = loginAction --------------------
arrivCnt=278329 deptCnt=278329
arrivThrPut=0.027860793429830527 deptThrPut=0.027860793429830527
meanTkPop=0.0 tkColOcp=0.0
-----
meanST=0.0 stDevST=0.0

Steady State Statistics: numBatchesST=1391 batchSizeST=200 stDevStdStateMeanST=0.0
95% c.i. = 0.0 +/- 0.0



REPORT for Queue : ImageProvider----------------------------------------

totArrivThrPut=0.16689479029245086 totDeptThrPut=0.16689479029245086
meanTotTkPop=0.02024643744226949 queueUtil=0.019766484545009434
meanST=0.12131257906128484



REPORT for Queue of Queueing Place : A/isLoggedIn_product----------------------------------------

queueUtilQPl=0.01734866527262691

------------------ Color = product --------------------
arrivCnt=277362 deptCnt=277362
arrivThrPut=0.0277639965195314 deptThrPut=0.0277639965195314
meanTkPop=0.017674777176022477 tkColOcp=0.01734866527262691
-----
meanST=0.6366078155783025 stDevST=0.6342560517962773

Steady State Statistics: numBatchesST=693 batchSizeST=400 stDevStdStateMeanST=0.03331601569485275
95% c.i. = 0.6365911701729385 +/- 0.0024804731577829564



REPORT for Depository of Queueing Place : A/isLoggedIn_product----------------------------------------

tkOcp=0.0

------------------ Color = product --------------------
arrivCnt=277362 deptCnt=277362
arrivThrPut=0.0277639965195314 deptThrPut=0.0277639965195314
meanTkPop=0.0 tkColOcp=0.0
-----
meanST=0.0 stDevST=0.0

Steady State Statistics: numBatchesST=1386 batchSizeST=200 stDevStdStateMeanST=0.0
95% c.i. = 0.0 +/- 0.0



REPORT for Queue : Auth----------------------------------------

totArrivThrPut=0.16689479029245086 totDeptThrPut=0.16689479029245086
meanTotTkPop=0.06526372607945623 queueUtil=0.059792103836382664
meanST=0.3910471139637982



REPORT for Queue of Queueing Place : P/category_logout----------------------------------------

queueUtilQPl=0.020370641148512843

------------------ Color = logout --------------------
arrivCnt=277013 deptCnt=277013
arrivThrPut=0.027729061543632333 deptThrPut=0.027729061543632333
meanTkPop=0.020809311643251806 tkColOcp=0.020370641148512843
-----
meanST=0.7504513490479244 stDevST=0.7462093927931912

Steady State Statistics: numBatchesST=692 batchSizeST=400 stDevStdStateMeanST=0.0383031572543864
95% c.i. = 0.750458935767771 +/- 0.0028538399767246907



REPORT for Depository of Queueing Place : P/category_logout----------------------------------------

tkOcp=0.0

------------------ Color = logout --------------------
arrivCnt=277013 deptCnt=277013
arrivThrPut=0.027729061543632333 deptThrPut=0.027729061543632333
meanTkPop=0.0 tkColOcp=0.0
-----
meanST=0.0 stDevST=0.0

Steady State Statistics: numBatchesST=1385 batchSizeST=200 stDevStdStateMeanST=0.0
95% c.i. = 0.0 +/- 0.0



REPORT for Queue : Persistence----------------------------------------

totArrivThrPut=0.16689479029245086 totDeptThrPut=0.16689479029245086
meanTotTkPop=0.07416110762397365 queueUtil=0.06725876162302817
meanST=0.44435843380144247



REPORT for Ordinary Place : Finish_index----------------------------------------

tkOcp=0.9999999999999998

------------------ Color = index --------------------
arrivCnt=277917 deptCnt=0
arrivThrPut=0.027819552140230484 deptThrPut=0.0
meanTkPop=139243.8630407708 tkColOcp=0.9999999999999998
-----
meanST=NaN stDevST=NaN

Steady State Statistics: Only 0 batches collected!
Need at least 60 for steady state statistics.



REPORT for Ordinary Place : Finish_login----------------------------------------

tkOcp=1.0

------------------ Color = login --------------------
arrivCnt=278015 deptCnt=0
arrivThrPut=0.027829361961543116 deptThrPut=0.0
meanTkPop=139425.40533336689 tkColOcp=1.0
-----
meanST=NaN stDevST=NaN

Steady State Statistics: Only 0 batches collected!
Need at least 60 for steady state statistics.



REPORT for Ordinary Place : Finish_loginAction----------------------------------------

tkOcp=1.0

------------------ Color = loginAction --------------------
arrivCnt=278329 deptCnt=0
arrivThrPut=0.027860793429830527 deptThrPut=0.0
meanTkPop=139369.71636603877 tkColOcp=1.0
-----
meanST=NaN stDevST=NaN

Steady State Statistics: Only 0 batches collected!
Need at least 60 for steady state statistics.



REPORT for Ordinary Place : Finish_category----------------------------------------

tkOcp=1.0

------------------ Color = category --------------------
arrivCnt=278641 deptCnt=0
arrivThrPut=0.027892024697682986 deptThrPut=0.0
meanTkPop=139868.57113013818 tkColOcp=1.0
-----
meanST=NaN stDevST=NaN

Steady State Statistics: Only 0 batches collected!
Need at least 60 for steady state statistics.



REPORT for Ordinary Place : Finish_product----------------------------------------

tkOcp=1.0

------------------ Color = product --------------------
arrivCnt=277362 deptCnt=0
arrivThrPut=0.0277639965195314 deptThrPut=0.0
meanTkPop=138940.8270512555 tkColOcp=1.0
-----
meanST=NaN stDevST=NaN

Steady State Statistics: Only 0 batches collected!
Need at least 60 for steady state statistics.



REPORT for Ordinary Place : Finish_logout----------------------------------------

tkOcp=0.9999999999999998

------------------ Color = logout --------------------
arrivCnt=277013 deptCnt=0
arrivThrPut=0.027729061543632333 deptThrPut=0.0
meanTkPop=138772.65238666214 tkColOcp=0.9999999999999998
-----
meanST=NaN stDevST=NaN

Steady State Statistics: Only 0 batches collected!
Need at least 60 for steady state statistics.



REPORT REPORT for Probe : /index----------------------------------------


------------------ Color = index --------------------
-----
meanST=1.2230073779619803 stDevST=0.7598726529103806

Steady State Statistics: numBatchesST=694 batchSizeST=400 stDevStdStateMeanST=0.04042827658805537
95% c.i. = 1.2230894592268413 +/- 0.00300783205957875



REPORT REPORT for Probe : /login----------------------------------------


------------------ Color = login --------------------
-----
meanST=1.7974686465076326 stDevST=1.1317623476926095

Steady State Statistics: numBatchesST=695 batchSizeST=400 stDevStdStateMeanST=0.058733333439367166
95% c.i. = 1.7974342699362849 +/- 0.004366569117107885



REPORT REPORT for Probe : /loginAction----------------------------------------


------------------ Color = loginAction --------------------
-----
meanST=1.2211674635475298 stDevST=0.7159379240990494

Steady State Statistics: numBatchesST=695 batchSizeST=400 stDevStdStateMeanST=0.036213279785099015
95% c.i. = 1.221153659524221 +/- 0.0026923006047671794



REPORT REPORT for Probe : /logout----------------------------------------


------------------ Color = logout --------------------
-----
meanST=1.4614829876710111 stDevST=0.9150640219468318

Steady State Statistics: numBatchesST=692 batchSizeST=400 stDevStdStateMeanST=0.046192820781724195
95% c.i. = 1.461523287410224 +/- 0.003441672385099978



REPORT REPORT for Probe : /category----------------------------------------


------------------ Color = category --------------------
-----
meanST=0.8227129097855235 stDevST=0.5513431531376967

Steady State Statistics: numBatchesST=696 batchSizeST=400 stDevStdStateMeanST=0.028624991150910394
95% c.i. = 0.8227515439770559 +/- 0.0021266148015548357



REPORT REPORT for Probe : /product----------------------------------------


------------------ Color = product --------------------
-----
meanST=1.2445329488409282 stDevST=0.7710243166400328

Steady State Statistics: numBatchesST=346 batchSizeST=800 stDevStdStateMeanST=0.029084950900245984
95% c.i. = 1.2445971382774703 +/- 0.0030646323144236315



