INFO Logging to /home/yjx/workloadConfig/qpme/output/SimQPN_Output_config_2025-08-14_042912407.log
WARN Batch means correlation test was run for depository of place Workload, color 0
    However, the standard deviation of the token residence time is 0 and therefore the result of the test is ignored!
    In future runs, you should set numBMeansCorlTested to 0 to switch off the correlation test!
WARN Batch means correlation test was run for depository of place A/isLoggedIn_index, color 0
    However, the standard deviation of the token residence time is 0 and therefore the result of the test is ignored!
    In future runs, you should set numBMeansCorlTested to 0 to switch off the correlation test!
WARN Batch means correlation test was run for depository of place I/icon_index, color 0
    However, the standard deviation of the token residence time is 0 and therefore the result of the test is ignored!
    In future runs, you should set numBMeansCorlTested to 0 to switch off the correlation test!
WARN Batch means correlation test was run for depository of place W/index, color 0
    However, the standard deviation of the token residence time is 0 and therefore the result of the test is ignored!
    In future runs, you should set numBMeansCorlTested to 0 to switch off the correlation test!
WARN Batch means correlation test was run for depository of place P/categories_index, color 0
    However, the standard deviation of the token residence time is 0 and therefore the result of the test is ignored!
    In future runs, you should set numBMeansCorlTested to 0 to switch off the correlation test!
WARN Batch means correlation test was run for depository of place W/loginAction, color 0
    However, the standard deviation of the token residence time is 0 and therefore the result of the test is ignored!
    In future runs, you should set numBMeansCorlTested to 0 to switch off the correlation test!
WARN Batch means correlation test was run for depository of place A/login_loginAction, color 0
    However, the standard deviation of the token residence time is 0 and therefore the result of the test is ignored!
    In future runs, you should set numBMeansCorlTested to 0 to switch off the correlation test!
WARN Batch means correlation test was run for depository of place P/getUser_loginAction, color 0
    However, the standard deviation of the token residence time is 0 and therefore the result of the test is ignored!
    In future runs, you should set numBMeansCorlTested to 0 to switch off the correlation test!
WARN Batch means correlation test was run for depository of place I/icon_loginAction, color 0
    However, the standard deviation of the token residence time is 0 and therefore the result of the test is ignored!
    In future runs, you should set numBMeansCorlTested to 0 to switch off the correlation test!
WARN Batch means correlation test was run for depository of place A/logout_logout, color 0
    However, the standard deviation of the token residence time is 0 and therefore the result of the test is ignored!
    In future runs, you should set numBMeansCorlTested to 0 to switch off the correlation test!
WARN Batch means correlation test was run for depository of place P/category_logout, color 0
    However, the standard deviation of the token residence time is 0 and therefore the result of the test is ignored!
    In future runs, you should set numBMeansCorlTested to 0 to switch off the correlation test!
WARN Batch means correlation test was run for depository of place I/icon_logout, color 0
    However, the standard deviation of the token residence time is 0 and therefore the result of the test is ignored!
    In future runs, you should set numBMeansCorlTested to 0 to switch off the correlation test!
WARN Batch means correlation test was run for depository of place W/logout, color 0
    However, the standard deviation of the token residence time is 0 and therefore the result of the test is ignored!
    In future runs, you should set numBMeansCorlTested to 0 to switch off the correlation test!
WARN Batch means correlation test was run for depository of place W/category, color 0
    However, the standard deviation of the token residence time is 0 and therefore the result of the test is ignored!
    In future runs, you should set numBMeansCorlTested to 0 to switch off the correlation test!
WARN Batch means correlation test was run for depository of place P/category_category, color 0
    However, the standard deviation of the token residence time is 0 and therefore the result of the test is ignored!
    In future runs, you should set numBMeansCorlTested to 0 to switch off the correlation test!
WARN Batch means correlation test was run for depository of place I/productImages_category, color 0
    However, the standard deviation of the token residence time is 0 and therefore the result of the test is ignored!
    In future runs, you should set numBMeansCorlTested to 0 to switch off the correlation test!
WARN Batch means correlation test was run for depository of place A/isLoggedIn_category, color 0
    However, the standard deviation of the token residence time is 0 and therefore the result of the test is ignored!
    In future runs, you should set numBMeansCorlTested to 0 to switch off the correlation test!
WARN Batch means correlation test was run for depository of place W/login, color 0
    However, the standard deviation of the token residence time is 0 and therefore the result of the test is ignored!
    In future runs, you should set numBMeansCorlTested to 0 to switch off the correlation test!
WARN Batch means correlation test was run for depository of place P/categories_login, color 0
    However, the standard deviation of the token residence time is 0 and therefore the result of the test is ignored!
    In future runs, you should set numBMeansCorlTested to 0 to switch off the correlation test!
WARN Batch means correlation test was run for depository of place I/icon_login, color 0
    However, the standard deviation of the token residence time is 0 and therefore the result of the test is ignored!
    In future runs, you should set numBMeansCorlTested to 0 to switch off the correlation test!
WARN Batch means correlation test was run for depository of place A/isLoggedIn_login, color 0
    However, the standard deviation of the token residence time is 0 and therefore the result of the test is ignored!
    In future runs, you should set numBMeansCorlTested to 0 to switch off the correlation test!
WARN Batch means correlation test was run for depository of place W/product, color 0
    However, the standard deviation of the token residence time is 0 and therefore the result of the test is ignored!
    In future runs, you should set numBMeansCorlTested to 0 to switch off the correlation test!
WARN Batch means correlation test was run for depository of place P/getProduct_product, color 0
    However, the standard deviation of the token residence time is 0 and therefore the result of the test is ignored!
    In future runs, you should set numBMeansCorlTested to 0 to switch off the correlation test!
WARN Batch means correlation test was run for depository of place R/getAds_product, color 0
    However, the standard deviation of the token residence time is 0 and therefore the result of the test is ignored!
    In future runs, you should set numBMeansCorlTested to 0 to switch off the correlation test!
WARN Batch means correlation test was run for depository of place I/product_product, color 0
    However, the standard deviation of the token residence time is 0 and therefore the result of the test is ignored!
    In future runs, you should set numBMeansCorlTested to 0 to switch off the correlation test!
WARN Batch means correlation test was run for depository of place A/isLoggedIn_product, color 0
    However, the standard deviation of the token residence time is 0 and therefore the result of the test is ignored!
    In future runs, you should set numBMeansCorlTested to 0 to switch off the correlation test!
WARN LP-1 The simulation was stopped because of reaching max totalRunLen.
The required precision may not have been reached!
REPORT for Queue of Queueing Place : W/index----------------------------------------

queueUtilQPl=0.0029812532262522423

------------------ Color = index --------------------
arrivCnt=278235 deptCnt=278235
arrivThrPut=0.027851344496191713 deptThrPut=0.027851344496191713
meanTkPop=0.0029939163182152724 tkColOcp=0.0029812532262522423
-----
meanST=0.10749629407027907 stDevST=0.16012436408085978

Steady State Statistics: numBatchesST=86 batchSizeST=3200 stDevStdStateMeanST=0.002899557967750694
95% c.i. = 0.10751056855460801 +/- 6.21666555401363E-4



REPORT for Depository of Queueing Place : W/index----------------------------------------

tkOcp=0.0

------------------ Color = index --------------------
arrivCnt=278235 deptCnt=278235
arrivThrPut=0.027851344496191713 deptThrPut=0.027851344496191713
meanTkPop=0.0 tkColOcp=0.0
-----
meanST=0.0 stDevST=0.0

Steady State Statistics: numBatchesST=1391 batchSizeST=200 stDevStdStateMeanST=0.0
95% c.i. = 0.0 +/- 0.0



REPORT for Queue : WebUI----------------------------------------

totArrivThrPut=0.16671977878443286 totDeptThrPut=0.16671977878443286
meanTotTkPop=0.05589476169513413 queueUtil=0.0523816520724629
meanST=0.3352617314074387



REPORT for Queue of Queueing Place : P/categories_index----------------------------------------

queueUtilQPl=0.009925991289914289

------------------ Color = index --------------------
arrivCnt=278235 deptCnt=278235
arrivThrPut=0.027851344496191713 deptThrPut=0.027851344496191713
meanTkPop=0.010468183401457285 tkColOcp=0.009925991289914289
-----
meanST=0.3758591763097349 stDevST=1.180126377485071

Steady State Statistics: numBatchesST=695 batchSizeST=400 stDevStdStateMeanST=0.0676930751820482
95% c.i. = 0.37585880745489153 +/- 0.005032687133910763



REPORT for Depository of Queueing Place : P/categories_index----------------------------------------

tkOcp=0.0

------------------ Color = index --------------------
arrivCnt=278235 deptCnt=278235
arrivThrPut=0.027851344496191713 deptThrPut=0.027851344496191713
meanTkPop=0.0 tkColOcp=0.0
-----
meanST=0.0 stDevST=0.0

Steady State Statistics: numBatchesST=1391 batchSizeST=200 stDevStdStateMeanST=0.0
95% c.i. = 0.0 +/- 0.0



REPORT for Queue : Persistence----------------------------------------

totArrivThrPut=0.16671987888450832 totDeptThrPut=0.16671987888450832
meanTotTkPop=0.171128460915262 queueUtil=0.12742586836864997
meanST=1.0264430496246197



REPORT for Queue of Queueing Place : A/isLoggedIn_index----------------------------------------

queueUtilQPl=0.011176717150790603

------------------ Color = index --------------------
arrivCnt=278235 deptCnt=278235
arrivThrPut=0.027851344496191713 deptThrPut=0.027851344496191713
meanTkPop=0.011356083587288686 tkColOcp=0.011176717150790603
-----
meanST=0.4077391520126245 stDevST=0.4035636527491931

Steady State Statistics: numBatchesST=695 batchSizeST=400 stDevStdStateMeanST=0.01965501988281634
95% c.i. = 0.4077612159669948 +/- 0.0014612656525795176



REPORT for Depository of Queueing Place : A/isLoggedIn_index----------------------------------------

tkOcp=0.0

------------------ Color = index --------------------
arrivCnt=278235 deptCnt=278236
arrivThrPut=0.027851344496191713 deptThrPut=0.027851444596267174
meanTkPop=0.0 tkColOcp=0.0
-----
meanST=0.0 stDevST=0.0

Steady State Statistics: numBatchesST=1391 batchSizeST=200 stDevStdStateMeanST=0.0
95% c.i. = 0.0 +/- 0.0



REPORT for Queue : Auth----------------------------------------

totArrivThrPut=0.16671977878443286 totDeptThrPut=0.16671987888450834
meanTotTkPop=0.038105681219728224 queueUtil=0.03586030198289253
meanST=0.22856137845412197



REPORT for Queue of Queueing Place : W/login----------------------------------------

queueUtilQPl=0.015679430766718287

------------------ Color = login --------------------
arrivCnt=277439 deptCnt=277439
arrivThrPut=0.027771664836123897 deptThrPut=0.027771664836123897
meanTkPop=0.015915014086979668 tkColOcp=0.015679430766718287
-----
meanST=0.573066619552396 stDevST=0.5682316199972844

Steady State Statistics: numBatchesST=693 batchSizeST=400 stDevStdStateMeanST=0.029746840736246574
95% c.i. = 0.5730546800986382 +/- 0.00221473782012007



REPORT for Depository of Queueing Place : W/login----------------------------------------

tkOcp=0.0

------------------ Color = login --------------------
arrivCnt=277439 deptCnt=277439
arrivThrPut=0.027771664836123897 deptThrPut=0.027771664836123897
meanTkPop=0.0 tkColOcp=0.0
-----
meanST=0.0 stDevST=0.0

Steady State Statistics: numBatchesST=1387 batchSizeST=200 stDevStdStateMeanST=0.0
95% c.i. = 0.0 +/- 0.0



REPORT for Queue : WebUI----------------------------------------

totArrivThrPut=0.16671977878443286 totDeptThrPut=0.16671977878443286
meanTotTkPop=0.05589476169513413 queueUtil=0.0523816520724629
meanST=0.3352617314074387



REPORT for Queue of Queueing Place : W/loginAction----------------------------------------

queueUtilQPl=0.010357699704276304

------------------ Color = loginAction --------------------
arrivCnt=277632 deptCnt=277632
arrivThrPut=0.027790984150688078 deptThrPut=0.027790984150688078
meanTkPop=0.01046713895148531 tkColOcp=0.010357699704276304
-----
meanST=0.37663793749550084 stDevST=0.3806096266612675

Steady State Statistics: numBatchesST=694 batchSizeST=400 stDevStdStateMeanST=0.019776855103725895
95% c.i. = 0.37663569509700917 +/- 0.0014713825035075944



REPORT for Depository of Queueing Place : W/loginAction----------------------------------------

tkOcp=0.0

------------------ Color = loginAction --------------------
arrivCnt=277632 deptCnt=277632
arrivThrPut=0.027790984150688078 deptThrPut=0.027790984150688078
meanTkPop=0.0 tkColOcp=0.0
-----
meanST=0.0 stDevST=0.0

Steady State Statistics: numBatchesST=1388 batchSizeST=200 stDevStdStateMeanST=0.0
95% c.i. = 0.0 +/- 0.0



REPORT for Queue : WebUI----------------------------------------

totArrivThrPut=0.16671977878443286 totDeptThrPut=0.16671977878443286
meanTotTkPop=0.05589476169513413 queueUtil=0.0523816520724629
meanST=0.3352617314074387



REPORT for Queue of Queueing Place : A/login_loginAction----------------------------------------

queueUtilQPl=0.0031256991474216808

------------------ Color = loginAction --------------------
arrivCnt=277632 deptCnt=277632
arrivThrPut=0.027790984150688078 deptThrPut=0.027790984150688078
meanTkPop=0.0031367391070617075 tkColOcp=0.0031256991474216808
-----
meanST=0.1128689466358479 stDevST=0.12722437998149425

Steady State Statistics: numBatchesST=694 batchSizeST=400 stDevStdStateMeanST=0.0065221127795802745
95% c.i. = 0.11287402795342133 +/- 4.852400737855305E-4



REPORT for Depository of Queueing Place : A/login_loginAction----------------------------------------

tkOcp=0.0

------------------ Color = loginAction --------------------
arrivCnt=277632 deptCnt=277632
arrivThrPut=0.027790984150688078 deptThrPut=0.027790984150688078
meanTkPop=0.0 tkColOcp=0.0
-----
meanST=0.0 stDevST=0.0

Steady State Statistics: numBatchesST=1388 batchSizeST=200 stDevStdStateMeanST=0.0
95% c.i. = 0.0 +/- 0.0



REPORT for Queue : Auth----------------------------------------

totArrivThrPut=0.16671977878443286 totDeptThrPut=0.16671987888450834
meanTotTkPop=0.038105681219728224 queueUtil=0.03586030198289253
meanST=0.22856137845412197



REPORT for Queue of Queueing Place : W/logout----------------------------------------

queueUtilQPl=0.008856456025557811

------------------ Color = logout --------------------
arrivCnt=277377 deptCnt=277377
arrivThrPut=0.027765458631445247 deptThrPut=0.027765458631445247
meanTkPop=0.008935246256912372 tkColOcp=0.008856456025557811
-----
meanST=0.3218115852332051 stDevST=0.3295300579320575

Steady State Statistics: numBatchesST=693 batchSizeST=400 stDevStdStateMeanST=0.017222289047049217
95% c.i. = 0.3218134160869013 +/- 0.0012822489366093395



REPORT for Depository of Queueing Place : W/logout----------------------------------------

tkOcp=0.0

------------------ Color = logout --------------------
arrivCnt=277377 deptCnt=277377
arrivThrPut=0.027765458631445247 deptThrPut=0.027765458631445247
meanTkPop=0.0 tkColOcp=0.0
-----
meanST=0.0 stDevST=0.0

Steady State Statistics: numBatchesST=1386 batchSizeST=200 stDevStdStateMeanST=0.0
95% c.i. = 0.0 +/- 0.0



REPORT for Queue : WebUI----------------------------------------

totArrivThrPut=0.16671977878443286 totDeptThrPut=0.16671977878443286
meanTotTkPop=0.05589476169513413 queueUtil=0.0523816520724629
meanST=0.3352617314074387



REPORT for Queue of Queueing Place : A/logout_logout----------------------------------------

queueUtilQPl=0.006129505919126136

------------------ Color = logout --------------------
arrivCnt=277377 deptCnt=277378
arrivThrPut=0.027765458631445247 deptThrPut=0.02776555873152071
meanTkPop=0.006166872495452057 tkColOcp=0.006129505919126136
-----
meanST=0.22210669948702902 stDevST=0.22557123119062614

Steady State Statistics: numBatchesST=693 batchSizeST=400 stDevStdStateMeanST=0.011545440962639934
95% c.i. = 0.22211193506202365 +/- 8.595912748060298E-4



REPORT for Depository of Queueing Place : A/logout_logout----------------------------------------

tkOcp=0.0

------------------ Color = logout --------------------
arrivCnt=277378 deptCnt=277378
arrivThrPut=0.02776555873152071 deptThrPut=0.02776555873152071
meanTkPop=0.0 tkColOcp=0.0
-----
meanST=0.0 stDevST=0.0

Steady State Statistics: numBatchesST=1386 batchSizeST=200 stDevStdStateMeanST=0.0
95% c.i. = 0.0 +/- 0.0



REPORT for Queue : Auth----------------------------------------

totArrivThrPut=0.16671977878443286 totDeptThrPut=0.16671987888450834
meanTotTkPop=0.038105681219728224 queueUtil=0.03586030198289253
meanST=0.22856137845412197



REPORT for Queue of Queueing Place : P/getUser_loginAction----------------------------------------

queueUtilQPl=0.07540435399161015

------------------ Color = loginAction --------------------
arrivCnt=277632 deptCnt=277632
arrivThrPut=0.027790984150688078 deptThrPut=0.027790984150688078
meanTkPop=0.08163449563899126 tkColOcp=0.07540435399161015
-----
meanST=2.9374452950767513 stDevST=2.914400518868201

Steady State Statistics: numBatchesST=694 batchSizeST=400 stDevStdStateMeanST=0.17584789606038415
95% c.i. = 2.937349585481513 +/- 0.013082945502954389



REPORT for Depository of Queueing Place : P/getUser_loginAction----------------------------------------

tkOcp=0.0

------------------ Color = loginAction --------------------
arrivCnt=277632 deptCnt=277632
arrivThrPut=0.027790984150688078 deptThrPut=0.027790984150688078
meanTkPop=0.0 tkColOcp=0.0
-----
meanST=0.0 stDevST=0.0

Steady State Statistics: numBatchesST=1388 batchSizeST=200 stDevStdStateMeanST=0.0
95% c.i. = 0.0 +/- 0.0



REPORT for Queue : Persistence----------------------------------------

totArrivThrPut=0.16671987888450832 totDeptThrPut=0.16671987888450832
meanTotTkPop=0.171128460915262 queueUtil=0.12742586836864997
meanST=1.0264430496246197



REPORT for Queue of Queueing Place : W/category----------------------------------------

queueUtilQPl=0.011522869793229428

------------------ Color = category --------------------
arrivCnt=277077 deptCnt=277077
arrivThrPut=0.027735428608806623 deptThrPut=0.027735428608806623
meanTkPop=0.01165262292781036 tkColOcp=0.011522869793229428
-----
meanST=0.4201349505776301 stDevST=0.4222835895068015

Steady State Statistics: numBatchesST=692 batchSizeST=400 stDevStdStateMeanST=0.02124689203282317
95% c.i. = 0.42015270174162306 +/- 0.001583034773392741



REPORT for Depository of Queueing Place : W/category----------------------------------------

tkOcp=0.0

------------------ Color = category --------------------
arrivCnt=277077 deptCnt=277077
arrivThrPut=0.027735428608806623 deptThrPut=0.027735428608806623
meanTkPop=0.0 tkColOcp=0.0
-----
meanST=0.0 stDevST=0.0

Steady State Statistics: numBatchesST=1385 batchSizeST=200 stDevStdStateMeanST=0.0
95% c.i. = 0.0 +/- 0.0



REPORT for Queue : WebUI----------------------------------------

totArrivThrPut=0.16671977878443286 totDeptThrPut=0.16671977878443286
meanTotTkPop=0.05589476169513413 queueUtil=0.0523816520724629
meanST=0.3352617314074387



REPORT for Queue of Queueing Place : W/product----------------------------------------

queueUtilQPl=0.005890065279894609

------------------ Color = product --------------------
arrivCnt=277771 deptCnt=277771
arrivThrPut=0.027804898061177308 deptThrPut=0.027804898061177308
meanTkPop=0.005930823153731146 tkColOcp=0.005890065279894609
-----
meanST=0.21330138095388596 stDevST=0.23589174201676572

Steady State Statistics: numBatchesST=694 batchSizeST=400 stDevStdStateMeanST=0.011828276452102427
95% c.i. = 0.21330050481205937 +/- 8.800144879958974E-4



REPORT for Depository of Queueing Place : W/product----------------------------------------

tkOcp=0.0

------------------ Color = product --------------------
arrivCnt=277771 deptCnt=277771
arrivThrPut=0.027804898061177308 deptThrPut=0.027804898061177308
meanTkPop=0.0 tkColOcp=0.0
-----
meanST=0.0 stDevST=0.0

Steady State Statistics: numBatchesST=1388 batchSizeST=200 stDevStdStateMeanST=0.0
95% c.i. = 0.0 +/- 0.0



REPORT for Queue : WebUI----------------------------------------

totArrivThrPut=0.16671977878443286 totDeptThrPut=0.16671977878443286
meanTotTkPop=0.05589476169513413 queueUtil=0.0523816520724629
meanST=0.3352617314074387



REPORT for Queue of Queueing Place : P/category_category----------------------------------------

queueUtilQPl=0.016325695195917027

------------------ Color = category --------------------
arrivCnt=277077 deptCnt=277077
arrivThrPut=0.027735428608806623 deptThrPut=0.027735428608806623
meanTkPop=0.01695576577479708 tkColOcp=0.016325695195917027
-----
meanST=0.6113395979542656 stDevST=1.1897362842193133

Steady State Statistics: numBatchesST=692 batchSizeST=400 stDevStdStateMeanST=0.06821307536070985
95% c.i. = 0.6112174591659659 +/- 0.005082327811956928



REPORT for Depository of Queueing Place : P/category_category----------------------------------------

tkOcp=0.0

------------------ Color = category --------------------
arrivCnt=277077 deptCnt=277077
arrivThrPut=0.027735428608806623 deptThrPut=0.027735428608806623
meanTkPop=0.0 tkColOcp=0.0
-----
meanST=0.0 stDevST=0.0

Steady State Statistics: numBatchesST=1385 batchSizeST=200 stDevStdStateMeanST=0.0
95% c.i. = 0.0 +/- 0.0



REPORT for Queue : Persistence----------------------------------------

totArrivThrPut=0.16671987888450832 totDeptThrPut=0.16671987888450832
meanTotTkPop=0.171128460915262 queueUtil=0.12742586836864997
meanST=1.0264430496246197



REPORT for Queue of Queueing Place : P/getProduct_product----------------------------------------

queueUtilQPl=0.022111664465550115

------------------ Color = product --------------------
arrivCnt=277771 deptCnt=277771
arrivThrPut=0.027804898061177308 deptThrPut=0.027804898061177308
meanTkPop=0.022982848511119966 tkColOcp=0.022111664465550115
-----
meanST=0.8265755357402247 stDevST=1.2926426899640753

Steady State Statistics: numBatchesST=694 batchSizeST=400 stDevStdStateMeanST=0.07578133938338079
95% c.i. = 0.8265597991708952 +/- 0.0056380721948087



REPORT for Depository of Queueing Place : P/getProduct_product----------------------------------------

tkOcp=0.0

------------------ Color = product --------------------
arrivCnt=277771 deptCnt=277771
arrivThrPut=0.027804898061177308 deptThrPut=0.027804898061177308
meanTkPop=0.0 tkColOcp=0.0
-----
meanST=0.0 stDevST=0.0

Steady State Statistics: numBatchesST=1388 batchSizeST=200 stDevStdStateMeanST=0.0
95% c.i. = 0.0 +/- 0.0



REPORT for Queue : Persistence----------------------------------------

totArrivThrPut=0.16671987888450832 totDeptThrPut=0.16671987888450832
meanTotTkPop=0.171128460915262 queueUtil=0.12742586836864997
meanST=1.0264430496246197



REPORT for Queue of Queueing Place : R/getAds_product----------------------------------------

queueUtilQPl=0.008150916054522415

------------------ Color = product --------------------
arrivCnt=277771 deptCnt=277771
arrivThrPut=0.027804898061177308 deptThrPut=0.027804898061177308
meanTkPop=0.008233864527860752 tkColOcp=0.008150916054522415
-----
meanST=0.29613000233787284 stDevST=0.2965059064567285

Steady State Statistics: numBatchesST=694 batchSizeST=400 stDevStdStateMeanST=0.015058907621024485
95% c.i. = 0.2960940264621871 +/- 0.0011203709123266121



REPORT for Depository of Queueing Place : R/getAds_product----------------------------------------

tkOcp=0.0

------------------ Color = product --------------------
arrivCnt=277771 deptCnt=277771
arrivThrPut=0.027804898061177308 deptThrPut=0.027804898061177308
meanTkPop=0.0 tkColOcp=0.0
-----
meanST=0.0 stDevST=0.0

Steady State Statistics: numBatchesST=1388 batchSizeST=200 stDevStdStateMeanST=0.0
95% c.i. = 0.0 +/- 0.0



REPORT for Queue : Recommender----------------------------------------

totArrivThrPut=0.027804898061177308 totDeptThrPut=0.027804898061177308
meanTotTkPop=0.008233864527860752 queueUtil=0.008150916054522415
meanST=0.29613000233787284



REPORT for Queue of Queueing Place : I/productImages_category----------------------------------------

queueUtilQPl=0.02077836771776637

------------------ Color = category --------------------
arrivCnt=277077 deptCnt=277077
arrivThrPut=0.027735428608806623 deptThrPut=0.027735428608806623
meanTkPop=0.0213310715550387 tkColOcp=0.02077836771776637
-----
meanST=0.7690911092776695 stDevST=0.7612124915389281

Steady State Statistics: numBatchesST=692 batchSizeST=400 stDevStdStateMeanST=0.0408544946365255
95% c.i. = 0.7691365965797446 +/- 0.0030439315811035136



REPORT for Depository of Queueing Place : I/productImages_category----------------------------------------

tkOcp=0.0

------------------ Color = category --------------------
arrivCnt=277077 deptCnt=277077
arrivThrPut=0.027735428608806623 deptThrPut=0.027735428608806623
meanTkPop=0.0 tkColOcp=0.0
-----
meanST=0.0 stDevST=0.0

Steady State Statistics: numBatchesST=1385 batchSizeST=200 stDevStdStateMeanST=0.0
95% c.i. = 0.0 +/- 0.0



REPORT for Queue : ImageProvider----------------------------------------

totArrivThrPut=0.1667199789845838 totDeptThrPut=0.1667199789845838
meanTotTkPop=0.07871907326933089 queueUtil=0.06914836293179899
meanST=0.4721634068620527



REPORT for Queue of Queueing Place : I/product_product----------------------------------------

queueUtilQPl=0.004260315814452021

------------------ Color = product --------------------
arrivCnt=277771 deptCnt=277771
arrivThrPut=0.027804898061177308 deptThrPut=0.027804898061177308
meanTkPop=0.004319688188947225 tkColOcp=0.004260315814452021
-----
meanST=0.15535709497811848 stDevST=0.2791086401087132

Steady State Statistics: numBatchesST=694 batchSizeST=400 stDevStdStateMeanST=0.01462970602676012
95% c.i. = 0.1553586497821701 +/- 0.001088438650449486



REPORT for Depository of Queueing Place : I/product_product----------------------------------------

tkOcp=0.0

------------------ Color = product --------------------
arrivCnt=277771 deptCnt=277771
arrivThrPut=0.027804898061177308 deptThrPut=0.027804898061177308
meanTkPop=0.0 tkColOcp=0.0
-----
meanST=0.0 stDevST=0.0

Steady State Statistics: numBatchesST=1388 batchSizeST=200 stDevStdStateMeanST=0.0
95% c.i. = 0.0 +/- 0.0



REPORT for Queue : ImageProvider----------------------------------------

totArrivThrPut=0.1667199789845838 totDeptThrPut=0.1667199789845838
meanTotTkPop=0.07871907326933089 queueUtil=0.06914836293179899
meanST=0.4721634068620527



REPORT for Queue of Queueing Place : Workload----------------------------------------

queueUtilQPl=0.9999999999999998

------------------ Color = workload --------------------
arrivCnt=1665531 deptCnt=1665532
arrivThrPut=0.16671977878443286 deptThrPut=0.16671987888450832
meanTkPop=0.9999999999999998 tkColOcp=0.9999999999999998
-----
meanST=5.998085735910006 stDevST=5.999563973398973

Steady State Statistics: numBatchesST=4163 batchSizeST=400 stDevStdStateMeanST=0.3020536275049411
95% c.i. = 5.998138668967435 +/- 0.009175483135473166



REPORT for Depository of Queueing Place : Workload----------------------------------------

tkOcp=0.0

------------------ Color = workload --------------------
arrivCnt=1665532 deptCnt=1665531
arrivThrPut=0.16671987888450832 deptThrPut=0.16671977878443286
meanTkPop=0.0 tkColOcp=0.0
-----
meanST=0.0 stDevST=0.0

Steady State Statistics: numBatchesST=8327 batchSizeST=200 stDevStdStateMeanST=0.0
95% c.i. = 0.0 +/- 0.0



REPORT for Queue : Workload----------------------------------------

totArrivThrPut=0.16671977878443286 totDeptThrPut=0.16671987888450832
meanTotTkPop=0.9999999999999998 queueUtil=0.9999999999999998
meanST=5.998085735910006



REPORT for Queue of Queueing Place : I/icon_index----------------------------------------

queueUtilQPl=0.01651379163450135

------------------ Color = index --------------------
arrivCnt=278236 deptCnt=278236
arrivThrPut=0.027851444596267174 deptThrPut=0.027851444596267174
meanTkPop=0.016892086137074467 tkColOcp=0.01651379163450135
-----
meanST=0.6065066420051494 stDevST=0.6137903004218328

Steady State Statistics: numBatchesST=695 batchSizeST=400 stDevStdStateMeanST=0.03254709052762817
95% c.i. = 0.6065036504278234 +/- 0.0024197353023793743



REPORT for Depository of Queueing Place : I/icon_index----------------------------------------

tkOcp=0.0

------------------ Color = index --------------------
arrivCnt=278236 deptCnt=278236
arrivThrPut=0.027851444596267174 deptThrPut=0.027851444596267174
meanTkPop=0.0 tkColOcp=0.0
-----
meanST=0.0 stDevST=0.0

Steady State Statistics: numBatchesST=1391 batchSizeST=200 stDevStdStateMeanST=0.0
95% c.i. = 0.0 +/- 0.0



REPORT for Queue : ImageProvider----------------------------------------

totArrivThrPut=0.1667199789845838 totDeptThrPut=0.1667199789845838
meanTotTkPop=0.07871907326933089 queueUtil=0.06914836293179899
meanST=0.4721634068620527



REPORT for Queue of Queueing Place : P/categories_login----------------------------------------

queueUtilQPl=0.009197698063326955

------------------ Color = login --------------------
arrivCnt=277439 deptCnt=277439
arrivThrPut=0.027771664836123897 deptThrPut=0.027771664836123897
meanTkPop=0.009677978700142335 tkColOcp=0.009197698063326955
-----
meanST=0.34848392263303346 stDevST=1.1309531550687661

Steady State Statistics: numBatchesST=693 batchSizeST=400 stDevStdStateMeanST=0.062368968847723624
95% c.i. = 0.34855207876012156 +/- 0.00464354905227402



REPORT for Depository of Queueing Place : P/categories_login----------------------------------------

tkOcp=0.0

------------------ Color = login --------------------
arrivCnt=277439 deptCnt=277439
arrivThrPut=0.027771664836123897 deptThrPut=0.027771664836123897
meanTkPop=0.0 tkColOcp=0.0
-----
meanST=0.0 stDevST=0.0

Steady State Statistics: numBatchesST=1387 batchSizeST=200 stDevStdStateMeanST=0.0
95% c.i. = 0.0 +/- 0.0



REPORT for Queue : Persistence----------------------------------------

totArrivThrPut=0.16671987888450832 totDeptThrPut=0.16671987888450832
meanTotTkPop=0.171128460915262 queueUtil=0.12742586836864997
meanST=1.0264430496246197



REPORT for Queue of Queueing Place : I/icon_login----------------------------------------

queueUtilQPl=0.005105986895321821

------------------ Color = login --------------------
arrivCnt=277439 deptCnt=277439
arrivThrPut=0.027771664836123897 deptThrPut=0.027771664836123897
meanTkPop=0.005229615623413262 tkColOcp=0.005105986895321821
-----
meanST=0.1883076025248172 stDevST=0.33300861077522337

Steady State Statistics: numBatchesST=693 batchSizeST=400 stDevStdStateMeanST=0.017572778999487688
95% c.i. = 0.18831913592103958 +/- 0.0013083439212875512



REPORT for Depository of Queueing Place : I/icon_login----------------------------------------

tkOcp=0.0

------------------ Color = login --------------------
arrivCnt=277439 deptCnt=277439
arrivThrPut=0.027771664836123897 deptThrPut=0.027771664836123897
meanTkPop=0.0 tkColOcp=0.0
-----
meanST=0.0 stDevST=0.0

Steady State Statistics: numBatchesST=1387 batchSizeST=200 stDevStdStateMeanST=0.0
95% c.i. = 0.0 +/- 0.0



REPORT for Queue : ImageProvider----------------------------------------

totArrivThrPut=0.1667199789845838 totDeptThrPut=0.1667199789845838
meanTotTkPop=0.07871907326933089 queueUtil=0.06914836293179899
meanST=0.4721634068620527



REPORT for Queue of Queueing Place : A/isLoggedIn_login----------------------------------------

queueUtilQPl=0.0058842562467941095

------------------ Color = login --------------------
arrivCnt=277439 deptCnt=277439
arrivThrPut=0.027771664836123897 deptThrPut=0.027771664836123897
meanTkPop=0.005947725995749636 tkColOcp=0.0058842562467941095
-----
meanST=0.2141652663189695 stDevST=0.22265258120229375

Steady State Statistics: numBatchesST=346 batchSizeST=800 stDevStdStateMeanST=0.0075197625312715816
95% c.i. = 0.2141294904961151 +/- 7.923447190667951E-4



REPORT for Depository of Queueing Place : A/isLoggedIn_login----------------------------------------

tkOcp=0.0

------------------ Color = login --------------------
arrivCnt=277439 deptCnt=277439
arrivThrPut=0.027771664836123897 deptThrPut=0.027771664836123897
meanTkPop=0.0 tkColOcp=0.0
-----
meanST=0.0 stDevST=0.0

Steady State Statistics: numBatchesST=1387 batchSizeST=200 stDevStdStateMeanST=0.0
95% c.i. = 0.0 +/- 0.0



REPORT for Queue : Auth----------------------------------------

totArrivThrPut=0.16671977878443286 totDeptThrPut=0.16671987888450834
meanTotTkPop=0.038105681219728224 queueUtil=0.03586030198289253
meanST=0.22856137845412197



REPORT for Queue of Queueing Place : A/isLoggedIn_category----------------------------------------

queueUtilQPl=0.008428162712321557

------------------ Color = category --------------------
arrivCnt=277077 deptCnt=277077
arrivThrPut=0.027735428608806623 deptThrPut=0.027735428608806623
meanTkPop=0.008514401412146867 tkColOcp=0.008428162712321557
-----
meanST=0.3069864732302479 stDevST=0.3087110387136838

Steady State Statistics: numBatchesST=692 batchSizeST=400 stDevStdStateMeanST=0.01648040205618493
95% c.i. = 0.30697150953774033 +/- 0.001227899567340504



REPORT for Depository of Queueing Place : A/isLoggedIn_category----------------------------------------

tkOcp=0.0

------------------ Color = category --------------------
arrivCnt=277077 deptCnt=277077
arrivThrPut=0.027735428608806623 deptThrPut=0.027735428608806623
meanTkPop=0.0 tkColOcp=0.0
-----
meanST=0.0 stDevST=0.0

Steady State Statistics: numBatchesST=1385 batchSizeST=200 stDevStdStateMeanST=0.0
95% c.i. = 0.0 +/- 0.0



REPORT for Queue : Auth----------------------------------------

totArrivThrPut=0.16671977878443286 totDeptThrPut=0.16671987888450834
meanTotTkPop=0.038105681219728224 queueUtil=0.03586030198289253
meanST=0.22856137845412197



REPORT for Queue of Queueing Place : I/icon_logout----------------------------------------

queueUtilQPl=0.014241124769980655

------------------ Color = logout --------------------
arrivCnt=277378 deptCnt=277378
arrivThrPut=0.02776555873152071 deptThrPut=0.02776555873152071
meanTkPop=0.014487802320647473 tkColOcp=0.014241124769980655
-----
meanST=0.521790411665668 stDevST=0.5327586857977363

Steady State Statistics: numBatchesST=693 batchSizeST=400 stDevStdStateMeanST=0.02662907328219925
95% c.i. = 0.5218028118293228 +/- 0.001982611069046156



REPORT for Depository of Queueing Place : I/icon_logout----------------------------------------

tkOcp=0.0

------------------ Color = logout --------------------
arrivCnt=277378 deptCnt=277378
arrivThrPut=0.02776555873152071 deptThrPut=0.02776555873152071
meanTkPop=0.0 tkColOcp=0.0
-----
meanST=0.0 stDevST=0.0

Steady State Statistics: numBatchesST=1386 batchSizeST=200 stDevStdStateMeanST=0.0
95% c.i. = 0.0 +/- 0.0



REPORT for Queue : ImageProvider----------------------------------------

totArrivThrPut=0.1667199789845838 totDeptThrPut=0.1667199789845838
meanTotTkPop=0.07871907326933089 queueUtil=0.06914836293179899
meanST=0.4721634068620527



REPORT for Queue of Queueing Place : I/icon_loginAction----------------------------------------

queueUtilQPl=0.016224081972682904

------------------ Color = loginAction --------------------
arrivCnt=277632 deptCnt=277632
arrivThrPut=0.027790984150688078 deptThrPut=0.027790984150688078
meanTkPop=0.016458809444209778 tkColOcp=0.016224081972682904
-----
meanST=0.5922355737733841 stDevST=0.5947375228464424

Steady State Statistics: numBatchesST=694 batchSizeST=400 stDevStdStateMeanST=0.029567699762505718
95% c.i. = 0.5922467667598978 +/- 0.002199813664576037



REPORT for Depository of Queueing Place : I/icon_loginAction----------------------------------------

tkOcp=0.0

------------------ Color = loginAction --------------------
arrivCnt=277632 deptCnt=277632
arrivThrPut=0.027790984150688078 deptThrPut=0.027790984150688078
meanTkPop=0.0 tkColOcp=0.0
-----
meanST=0.0 stDevST=0.0

Steady State Statistics: numBatchesST=1388 batchSizeST=200 stDevStdStateMeanST=0.0
95% c.i. = 0.0 +/- 0.0



REPORT for Queue : ImageProvider----------------------------------------

totArrivThrPut=0.1667199789845838 totDeptThrPut=0.1667199789845838
meanTotTkPop=0.07871907326933089 queueUtil=0.06914836293179899
meanST=0.4721634068620527



REPORT for Queue of Queueing Place : A/isLoggedIn_product----------------------------------------

queueUtilQPl=0.002961408036350415

------------------ Color = product --------------------
arrivCnt=277771 deptCnt=277771
arrivThrPut=0.027804898061177308 deptThrPut=0.027804898061177308
meanTkPop=0.002983858622029264 tkColOcp=0.002961408036350415
-----
meanST=0.10731413636058201 stDevST=0.1407419495573353

Steady State Statistics: numBatchesST=694 batchSizeST=400 stDevStdStateMeanST=0.007186698167678083
95% c.i. = 0.10731658347788059 +/- 5.346847052502012E-4



REPORT for Depository of Queueing Place : A/isLoggedIn_product----------------------------------------

tkOcp=0.0

------------------ Color = product --------------------
arrivCnt=277771 deptCnt=277771
arrivThrPut=0.027804898061177308 deptThrPut=0.027804898061177308
meanTkPop=0.0 tkColOcp=0.0
-----
meanST=0.0 stDevST=0.0

Steady State Statistics: numBatchesST=1388 batchSizeST=200 stDevStdStateMeanST=0.0
95% c.i. = 0.0 +/- 0.0



REPORT for Queue : Auth----------------------------------------

totArrivThrPut=0.16671977878443286 totDeptThrPut=0.16671987888450834
meanTotTkPop=0.038105681219728224 queueUtil=0.03586030198289253
meanST=0.22856137845412197



REPORT for Queue of Queueing Place : P/category_logout----------------------------------------

queueUtilQPl=0.028290200320916194

------------------ Color = logout --------------------
arrivCnt=277378 deptCnt=277378
arrivThrPut=0.02776555873152071 deptThrPut=0.02776555873152071
meanTkPop=0.029409188888754035 tkColOcp=0.028290200320916194
-----
meanST=1.0591967254513557 stDevST=1.3943645183379139

Steady State Statistics: numBatchesST=693 batchSizeST=400 stDevStdStateMeanST=0.0792611507294602
95% c.i. = 1.0591612080334196 +/- 0.005901220561310701



REPORT for Depository of Queueing Place : P/category_logout----------------------------------------

tkOcp=0.0

------------------ Color = logout --------------------
arrivCnt=277378 deptCnt=277378
arrivThrPut=0.02776555873152071 deptThrPut=0.02776555873152071
meanTkPop=0.0 tkColOcp=0.0
-----
meanST=0.0 stDevST=0.0

Steady State Statistics: numBatchesST=1386 batchSizeST=200 stDevStdStateMeanST=0.0
95% c.i. = 0.0 +/- 0.0



REPORT for Queue : Persistence----------------------------------------

totArrivThrPut=0.16671987888450832 totDeptThrPut=0.16671987888450832
meanTotTkPop=0.171128460915262 queueUtil=0.12742586836864997
meanST=1.0264430496246197



REPORT for Ordinary Place : Finish_index----------------------------------------

tkOcp=1.0

------------------ Color = index --------------------
arrivCnt=278236 deptCnt=0
arrivThrPut=0.027851444596267174 deptThrPut=0.0
meanTkPop=139498.81399767968 tkColOcp=1.0
-----
meanST=NaN stDevST=NaN

Steady State Statistics: Only 0 batches collected!
Need at least 60 for steady state statistics.



REPORT for Ordinary Place : Finish_login----------------------------------------

tkOcp=1.0

------------------ Color = login --------------------
arrivCnt=277439 deptCnt=0
arrivThrPut=0.027771664836123897 deptThrPut=0.0
meanTkPop=138924.7455460228 tkColOcp=1.0
-----
meanST=NaN stDevST=NaN

Steady State Statistics: Only 0 batches collected!
Need at least 60 for steady state statistics.



REPORT for Ordinary Place : Finish_loginAction----------------------------------------

tkOcp=1.0

------------------ Color = loginAction --------------------
arrivCnt=277632 deptCnt=0
arrivThrPut=0.027790984150688078 deptThrPut=0.0
meanTkPop=139332.65295445774 tkColOcp=1.0
-----
meanST=NaN stDevST=NaN

Steady State Statistics: Only 0 batches collected!
Need at least 60 for steady state statistics.



REPORT for Ordinary Place : Finish_category----------------------------------------

tkOcp=1.0

------------------ Color = category --------------------
arrivCnt=277077 deptCnt=0
arrivThrPut=0.027735428608806623 deptThrPut=0.0
meanTkPop=138811.40225026174 tkColOcp=1.0
-----
meanST=NaN stDevST=NaN

Steady State Statistics: Only 0 batches collected!
Need at least 60 for steady state statistics.



REPORT for Ordinary Place : Finish_product----------------------------------------

tkOcp=0.9999999999999998

------------------ Color = product --------------------
arrivCnt=277771 deptCnt=0
arrivThrPut=0.027804898061177308 deptThrPut=0.0
meanTkPop=138967.1102855369 tkColOcp=0.9999999999999998
-----
meanST=NaN stDevST=NaN

Steady State Statistics: Only 0 batches collected!
Need at least 60 for steady state statistics.



REPORT for Ordinary Place : Finish_logout----------------------------------------

tkOcp=1.0

------------------ Color = logout --------------------
arrivCnt=277378 deptCnt=0
arrivThrPut=0.02776555873152071 deptThrPut=0.0
meanTkPop=138929.9337161017 tkColOcp=1.0
-----
meanST=NaN stDevST=NaN

Steady State Statistics: Only 0 batches collected!
Need at least 60 for steady state statistics.



REPORT REPORT for Probe : /index----------------------------------------


------------------ Color = index --------------------
-----
meanST=1.4976038365079292 stDevST=1.4643014763688609

Steady State Statistics: numBatchesST=695 batchSizeST=400 stDevStdStateMeanST=0.08464363198681099
95% c.i. = 1.4976046718403977 +/- 0.00629288766276155



REPORT REPORT for Probe : /login----------------------------------------


------------------ Color = login --------------------
-----
meanST=1.3240234110292162 stDevST=1.399187748021637

Steady State Statistics: numBatchesST=346 batchSizeST=800 stDevStdStateMeanST=0.05395931732293023
95% c.i. = 1.3240142508418977 +/- 0.005685602430592113



REPORT REPORT for Probe : /loginAction----------------------------------------


------------------ Color = loginAction --------------------
-----
meanST=4.019187752981485 stDevST=2.9949790746941187

Steady State Statistics: numBatchesST=694 batchSizeST=400 stDevStdStateMeanST=0.18021030740512525
95% c.i. = 4.019106075291847 +/- 0.013407505484411998



REPORT REPORT for Probe : /logout----------------------------------------


------------------ Color = logout --------------------
-----
meanST=2.124907262341551 stDevST=1.569748038524093

Steady State Statistics: numBatchesST=693 batchSizeST=400 stDevStdStateMeanST=0.0893284300767803
95% c.i. = 2.124892194913239 +/- 0.006650758453886141



REPORT REPORT for Probe : /category----------------------------------------


------------------ Color = category --------------------
-----
meanST=2.1075521310398133 stDevST=1.5538757775854972

Steady State Statistics: numBatchesST=346 batchSizeST=800 stDevStdStateMeanST=0.061720961172276066
95% c.i. = 2.1074782670250727 +/- 0.006503433776958645



REPORT REPORT for Probe : /product----------------------------------------


------------------ Color = product --------------------
-----
meanST=1.598678150370684 stDevST=1.438710264500475

Steady State Statistics: numBatchesST=694 batchSizeST=400 stDevStdStateMeanST=0.08431856508714351
95% c.i. = 1.5986295637051915 +/- 0.006273235089168239



