INFO Logging to /home/yjx/workloadConfig/qpme/output/SimQPN_Output_config_2025-08-14_073924655.log
WARN Batch means correlation test was run for depository of place Workload, color 0
    However, the standard deviation of the token residence time is 0 and therefore the result of the test is ignored!
    In future runs, you should set numBMeansCorlTested to 0 to switch off the correlation test!
WARN Batch means correlation test was run for depository of place W/login, color 0
    However, the standard deviation of the token residence time is 0 and therefore the result of the test is ignored!
    In future runs, you should set numBMeansCorlTested to 0 to switch off the correlation test!
WARN Batch means correlation test was run for depository of place P/categories_login, color 0
    However, the standard deviation of the token residence time is 0 and therefore the result of the test is ignored!
    In future runs, you should set numBMeansCorlTested to 0 to switch off the correlation test!
WARN Batch means correlation test was run for depository of place I/icon_login, color 0
    However, the standard deviation of the token residence time is 0 and therefore the result of the test is ignored!
    In future runs, you should set numBMeansCorlTested to 0 to switch off the correlation test!
WARN Batch means correlation test was run for depository of place A/isLoggedIn_login, color 0
    However, the standard deviation of the token residence time is 0 and therefore the result of the test is ignored!
    In future runs, you should set numBMeansCorlTested to 0 to switch off the correlation test!
WARN Batch means correlation test was run for depository of place W/category, color 0
    However, the standard deviation of the token residence time is 0 and therefore the result of the test is ignored!
    In future runs, you should set numBMeansCorlTested to 0 to switch off the correlation test!
WARN Batch means correlation test was run for depository of place P/category_category, color 0
    However, the standard deviation of the token residence time is 0 and therefore the result of the test is ignored!
    In future runs, you should set numBMeansCorlTested to 0 to switch off the correlation test!
WARN Batch means correlation test was run for depository of place I/productImages_category, color 0
    However, the standard deviation of the token residence time is 0 and therefore the result of the test is ignored!
    In future runs, you should set numBMeansCorlTested to 0 to switch off the correlation test!
WARN Batch means correlation test was run for depository of place A/isLoggedIn_category, color 0
    However, the standard deviation of the token residence time is 0 and therefore the result of the test is ignored!
    In future runs, you should set numBMeansCorlTested to 0 to switch off the correlation test!
WARN Batch means correlation test was run for depository of place W/index, color 0
    However, the standard deviation of the token residence time is 0 and therefore the result of the test is ignored!
    In future runs, you should set numBMeansCorlTested to 0 to switch off the correlation test!
WARN Batch means correlation test was run for depository of place P/categories_index, color 0
    However, the standard deviation of the token residence time is 0 and therefore the result of the test is ignored!
    In future runs, you should set numBMeansCorlTested to 0 to switch off the correlation test!
WARN Batch means correlation test was run for depository of place A/isLoggedIn_index, color 0
    However, the standard deviation of the token residence time is 0 and therefore the result of the test is ignored!
    In future runs, you should set numBMeansCorlTested to 0 to switch off the correlation test!
WARN Batch means correlation test was run for depository of place I/icon_index, color 0
    However, the standard deviation of the token residence time is 0 and therefore the result of the test is ignored!
    In future runs, you should set numBMeansCorlTested to 0 to switch off the correlation test!
WARN Batch means correlation test was run for depository of place P/getProduct_product, color 0
    However, the standard deviation of the token residence time is 0 and therefore the result of the test is ignored!
    In future runs, you should set numBMeansCorlTested to 0 to switch off the correlation test!
WARN Batch means correlation test was run for depository of place R/getAds_product, color 0
    However, the standard deviation of the token residence time is 0 and therefore the result of the test is ignored!
    In future runs, you should set numBMeansCorlTested to 0 to switch off the correlation test!
WARN Batch means correlation test was run for depository of place I/product_product, color 0
    However, the standard deviation of the token residence time is 0 and therefore the result of the test is ignored!
    In future runs, you should set numBMeansCorlTested to 0 to switch off the correlation test!
WARN Batch means correlation test was run for depository of place A/isLoggedIn_product, color 0
    However, the standard deviation of the token residence time is 0 and therefore the result of the test is ignored!
    In future runs, you should set numBMeansCorlTested to 0 to switch off the correlation test!
WARN Batch means correlation test was run for depository of place W/product, color 0
    However, the standard deviation of the token residence time is 0 and therefore the result of the test is ignored!
    In future runs, you should set numBMeansCorlTested to 0 to switch off the correlation test!
WARN Batch means correlation test was run for depository of place W/loginAction, color 0
    However, the standard deviation of the token residence time is 0 and therefore the result of the test is ignored!
    In future runs, you should set numBMeansCorlTested to 0 to switch off the correlation test!
WARN Batch means correlation test was run for depository of place A/login_loginAction, color 0
    However, the standard deviation of the token residence time is 0 and therefore the result of the test is ignored!
    In future runs, you should set numBMeansCorlTested to 0 to switch off the correlation test!
WARN Batch means correlation test was run for depository of place P/getUser_loginAction, color 0
    However, the standard deviation of the token residence time is 0 and therefore the result of the test is ignored!
    In future runs, you should set numBMeansCorlTested to 0 to switch off the correlation test!
WARN Batch means correlation test was run for depository of place I/icon_loginAction, color 0
    However, the standard deviation of the token residence time is 0 and therefore the result of the test is ignored!
    In future runs, you should set numBMeansCorlTested to 0 to switch off the correlation test!
WARN Batch means correlation test was run for depository of place W/logout, color 0
    However, the standard deviation of the token residence time is 0 and therefore the result of the test is ignored!
    In future runs, you should set numBMeansCorlTested to 0 to switch off the correlation test!
WARN Batch means correlation test was run for depository of place A/logout_logout, color 0
    However, the standard deviation of the token residence time is 0 and therefore the result of the test is ignored!
    In future runs, you should set numBMeansCorlTested to 0 to switch off the correlation test!
WARN Batch means correlation test was run for depository of place P/category_logout, color 0
    However, the standard deviation of the token residence time is 0 and therefore the result of the test is ignored!
    In future runs, you should set numBMeansCorlTested to 0 to switch off the correlation test!
WARN Batch means correlation test was run for depository of place I/icon_logout, color 0
    However, the standard deviation of the token residence time is 0 and therefore the result of the test is ignored!
    In future runs, you should set numBMeansCorlTested to 0 to switch off the correlation test!
WARN LP-1 The simulation was stopped because of reaching max totalRunLen.
The required precision may not have been reached!
REPORT for Queue of Queueing Place : W/index----------------------------------------

queueUtilQPl=0.013075621217612559

------------------ Color = index --------------------
arrivCnt=277660 deptCnt=277660
arrivThrPut=0.02779377327580119 deptThrPut=0.02779377327580119
meanTkPop=0.013254703111098907 tkColOcp=0.013075621217612559
-----
meanST=0.47689469794442024 stDevST=0.49109525771747514

Steady State Statistics: numBatchesST=347 batchSizeST=800 stDevStdStateMeanST=0.01798866012223192
95% c.i. = 0.47690715815483165 +/- 0.0018927016901070666



REPORT for Depository of Queueing Place : W/index----------------------------------------

tkOcp=0.0

------------------ Color = index --------------------
arrivCnt=277660 deptCnt=277660
arrivThrPut=0.02779377327580119 deptThrPut=0.02779377327580119
meanTkPop=0.0 tkColOcp=0.0
-----
meanST=0.0 stDevST=0.0

Steady State Statistics: numBatchesST=1388 batchSizeST=200 stDevStdStateMeanST=0.0
95% c.i. = 0.0 +/- 0.0



REPORT for Queue : WebUI----------------------------------------

totArrivThrPut=0.16692830519817475 totDeptThrPut=0.16692830519817475
meanTotTkPop=0.06571149810636 queueUtil=0.059988402238310014
meanST=0.3936510229846778



REPORT for Queue of Queueing Place : P/categories_index----------------------------------------

queueUtilQPl=0.005821796245676151

------------------ Color = index --------------------
arrivCnt=277660 deptCnt=277660
arrivThrPut=0.02779377327580119 deptThrPut=0.02779377327580119
meanTkPop=0.005859655728820763 tkColOcp=0.005821796245676151
-----
meanST=0.21082620451259515 stDevST=0.24013913361968905

Steady State Statistics: numBatchesST=694 batchSizeST=400 stDevStdStateMeanST=0.011761709631064193
95% c.i. = 0.21082290445674584 +/- 8.750619687365878E-4



REPORT for Depository of Queueing Place : P/categories_index----------------------------------------

tkOcp=0.0

------------------ Color = index --------------------
arrivCnt=277660 deptCnt=277660
arrivThrPut=0.02779377327580119 deptThrPut=0.02779377327580119
meanTkPop=0.0 tkColOcp=0.0
-----
meanST=0.0 stDevST=0.0

Steady State Statistics: numBatchesST=1388 batchSizeST=200 stDevStdStateMeanST=0.0
95% c.i. = 0.0 +/- 0.0



REPORT for Queue : Persistence----------------------------------------

totArrivThrPut=0.16692830519817475 totDeptThrPut=0.16692830519817475
meanTotTkPop=0.0542599706556609 queueUtil=0.050382195821202194
meanST=0.3250495510108024



REPORT for Queue of Queueing Place : A/isLoggedIn_index----------------------------------------

queueUtilQPl=0.007174965633897675

------------------ Color = index --------------------
arrivCnt=277660 deptCnt=277660
arrivThrPut=0.02779377327580119 deptThrPut=0.02779377327580119
meanTkPop=0.007231641258939882 tkColOcp=0.007174965633897675
-----
meanST=0.2601892584781266 stDevST=0.2801894850778202

Steady State Statistics: numBatchesST=694 batchSizeST=400 stDevStdStateMeanST=0.014258296818014332
95% c.i. = 0.2601856977784236 +/- 0.0010608060967131137



REPORT for Depository of Queueing Place : A/isLoggedIn_index----------------------------------------

tkOcp=0.0

------------------ Color = index --------------------
arrivCnt=277660 deptCnt=277660
arrivThrPut=0.02779377327580119 deptThrPut=0.02779377327580119
meanTkPop=0.0 tkColOcp=0.0
-----
meanST=0.0 stDevST=0.0

Steady State Statistics: numBatchesST=1388 batchSizeST=200 stDevStdStateMeanST=0.0
95% c.i. = 0.0 +/- 0.0



REPORT for Queue : Auth----------------------------------------

totArrivThrPut=0.16692840529820097 totDeptThrPut=0.16692840529820097
meanTotTkPop=0.057538162528488965 queueUtil=0.053643656728925716
meanST=0.3446876667017981



REPORT for Queue of Queueing Place : W/login----------------------------------------

queueUtilQPl=0.005877575953989324

------------------ Color = login --------------------
arrivCnt=276958 deptCnt=276958
arrivThrPut=0.027723503057405986 deptThrPut=0.027723503057405986
meanTkPop=0.005925343690430879 tkColOcp=0.005877575953989324
-----
meanST=0.21372997770741664 stDevST=0.27501647664917955

Steady State Statistics: numBatchesST=692 batchSizeST=400 stDevStdStateMeanST=0.014628339052680303
95% c.i. = 0.2137362792282802 +/- 0.0010899085551711607



REPORT for Depository of Queueing Place : W/login----------------------------------------

tkOcp=0.0

------------------ Color = login --------------------
arrivCnt=276958 deptCnt=276958
arrivThrPut=0.027723503057405986 deptThrPut=0.027723503057405986
meanTkPop=0.0 tkColOcp=0.0
-----
meanST=0.0 stDevST=0.0

Steady State Statistics: numBatchesST=1384 batchSizeST=200 stDevStdStateMeanST=0.0
95% c.i. = 0.0 +/- 0.0



REPORT for Queue : WebUI----------------------------------------

totArrivThrPut=0.16692830519817475 totDeptThrPut=0.16692830519817475
meanTotTkPop=0.06571149810636 queueUtil=0.059988402238310014
meanST=0.3936510229846778



REPORT for Queue of Queueing Place : W/loginAction----------------------------------------

queueUtilQPl=0.0036076687664147616

------------------ Color = loginAction --------------------
arrivCnt=278038 deptCnt=278038
arrivThrPut=0.0278316110857063 deptThrPut=0.0278316110857063
meanTkPop=0.0036333100887159762 tkColOcp=0.0036076687664147616
-----
meanST=0.1305461648456982 stDevST=0.23539721992575124

Steady State Statistics: numBatchesST=695 batchSizeST=400 stDevStdStateMeanST=0.012222142925190896
95% c.i. = 0.13054658366990207 +/- 9.086634235925333E-4



REPORT for Depository of Queueing Place : W/loginAction----------------------------------------

tkOcp=0.0

------------------ Color = loginAction --------------------
arrivCnt=278038 deptCnt=278038
arrivThrPut=0.0278316110857063 deptThrPut=0.0278316110857063
meanTkPop=0.0 tkColOcp=0.0
-----
meanST=0.0 stDevST=0.0

Steady State Statistics: numBatchesST=1390 batchSizeST=200 stDevStdStateMeanST=0.0
95% c.i. = 0.0 +/- 0.0



REPORT for Queue : WebUI----------------------------------------

totArrivThrPut=0.16692830519817475 totDeptThrPut=0.16692830519817475
meanTotTkPop=0.06571149810636 queueUtil=0.059988402238310014
meanST=0.3936510229846778



REPORT for Queue of Queueing Place : A/login_loginAction----------------------------------------

queueUtilQPl=0.017627156406010862

------------------ Color = loginAction --------------------
arrivCnt=278038 deptCnt=278038
arrivThrPut=0.0278316110857063 deptThrPut=0.0278316110857063
meanTkPop=0.017947668732572163 tkColOcp=0.017627156406010862
-----
meanST=0.6448663240264121 stDevST=0.6384376351636593

Steady State Statistics: numBatchesST=695 batchSizeST=400 stDevStdStateMeanST=0.032094468839885704
95% c.i. = 0.6448720011037947 +/- 0.002386084839044617



REPORT for Depository of Queueing Place : A/login_loginAction----------------------------------------

tkOcp=0.0

------------------ Color = loginAction --------------------
arrivCnt=278038 deptCnt=278038
arrivThrPut=0.0278316110857063 deptThrPut=0.0278316110857063
meanTkPop=0.0 tkColOcp=0.0
-----
meanST=0.0 stDevST=0.0

Steady State Statistics: numBatchesST=1390 batchSizeST=200 stDevStdStateMeanST=0.0
95% c.i. = 0.0 +/- 0.0



REPORT for Queue : Auth----------------------------------------

totArrivThrPut=0.16692840529820097 totDeptThrPut=0.16692840529820097
meanTotTkPop=0.057538162528488965 queueUtil=0.053643656728925716
meanST=0.3446876667017981



REPORT for Queue of Queueing Place : W/logout----------------------------------------

queueUtilQPl=0.021888083330666885

------------------ Color = logout --------------------
arrivCnt=278243 deptCnt=278243
arrivThrPut=0.02785213159107812 deptThrPut=0.02785213159107812
meanTkPop=0.022385160266071392 tkColOcp=0.021888083330666885
-----
meanST=0.8037144371830426 stDevST=0.7994992037432469

Steady State Statistics: numBatchesST=695 batchSizeST=400 stDevStdStateMeanST=0.04362629887190828
95% c.i. = 0.8036826543055079 +/- 0.0032434264870127186



REPORT for Depository of Queueing Place : W/logout----------------------------------------

tkOcp=0.0

------------------ Color = logout --------------------
arrivCnt=278243 deptCnt=278243
arrivThrPut=0.02785213159107812 deptThrPut=0.02785213159107812
meanTkPop=0.0 tkColOcp=0.0
-----
meanST=0.0 stDevST=0.0

Steady State Statistics: numBatchesST=1391 batchSizeST=200 stDevStdStateMeanST=0.0
95% c.i. = 0.0 +/- 0.0



REPORT for Queue : WebUI----------------------------------------

totArrivThrPut=0.16692830519817475 totDeptThrPut=0.16692830519817475
meanTotTkPop=0.06571149810636 queueUtil=0.059988402238310014
meanST=0.3936510229846778



REPORT for Queue of Queueing Place : A/logout_logout----------------------------------------

queueUtilQPl=0.008751705375798995

------------------ Color = logout --------------------
arrivCnt=278243 deptCnt=278243
arrivThrPut=0.02785213159107812 deptThrPut=0.02785213159107812
meanTkPop=0.008828084364221144 tkColOcp=0.008751705375798995
-----
meanST=0.3169626114738395 stDevST=0.3245097245308548

Steady State Statistics: numBatchesST=695 batchSizeST=400 stDevStdStateMeanST=0.0173527872278887
95% c.i. = 0.3169186953456653 +/- 0.0012901046197772114



REPORT for Depository of Queueing Place : A/logout_logout----------------------------------------

tkOcp=0.0

------------------ Color = logout --------------------
arrivCnt=278243 deptCnt=278243
arrivThrPut=0.02785213159107812 deptThrPut=0.02785213159107812
meanTkPop=0.0 tkColOcp=0.0
-----
meanST=0.0 stDevST=0.0

Steady State Statistics: numBatchesST=1391 batchSizeST=200 stDevStdStateMeanST=0.0
95% c.i. = 0.0 +/- 0.0



REPORT for Queue : Auth----------------------------------------

totArrivThrPut=0.16692840529820097 totDeptThrPut=0.16692840529820097
meanTotTkPop=0.057538162528488965 queueUtil=0.053643656728925716
meanST=0.3446876667017981



REPORT for Queue of Queueing Place : P/getUser_loginAction----------------------------------------

queueUtilQPl=0.010477053082795378

------------------ Color = loginAction --------------------
arrivCnt=278038 deptCnt=278038
arrivThrPut=0.0278316110857063 deptThrPut=0.0278316110857063
meanTkPop=0.010587543001684813 tkColOcp=0.010477053082795378
-----
meanST=0.38041430548454097 stDevST=0.39346325039460517

Steady State Statistics: numBatchesST=695 batchSizeST=400 stDevStdStateMeanST=0.01932362480714129
95% c.i. = 0.3804107183931839 +/- 0.0014366278631290318



REPORT for Depository of Queueing Place : P/getUser_loginAction----------------------------------------

tkOcp=0.0

------------------ Color = loginAction --------------------
arrivCnt=278038 deptCnt=278038
arrivThrPut=0.0278316110857063 deptThrPut=0.0278316110857063
meanTkPop=0.0 tkColOcp=0.0
-----
meanST=0.0 stDevST=0.0

Steady State Statistics: numBatchesST=1390 batchSizeST=200 stDevStdStateMeanST=0.0
95% c.i. = 0.0 +/- 0.0



REPORT for Queue : Persistence----------------------------------------

totArrivThrPut=0.16692830519817475 totDeptThrPut=0.16692830519817475
meanTotTkPop=0.0542599706556609 queueUtil=0.050382195821202194
meanST=0.3250495510108024



REPORT for Queue of Queueing Place : W/category----------------------------------------

queueUtilQPl=0.016166231010673764

------------------ Color = category --------------------
arrivCnt=278959 deptCnt=278959
arrivThrPut=0.02792380320984018 deptThrPut=0.02792380320984018
meanTkPop=0.01642979239904978 tkColOcp=0.016166231010673764
-----
meanST=0.5883794652033654 stDevST=0.5934264427280216

Steady State Statistics: numBatchesST=697 batchSizeST=400 stDevStdStateMeanST=0.029909525622484095
95% c.i. = 0.588377844163486 +/- 0.0022204511696554824



REPORT for Depository of Queueing Place : W/category----------------------------------------

tkOcp=0.0

------------------ Color = category --------------------
arrivCnt=278959 deptCnt=278959
arrivThrPut=0.02792380320984018 deptThrPut=0.02792380320984018
meanTkPop=0.0 tkColOcp=0.0
-----
meanST=0.0 stDevST=0.0

Steady State Statistics: numBatchesST=1394 batchSizeST=200 stDevStdStateMeanST=0.0
95% c.i. = 0.0 +/- 0.0



REPORT for Queue : WebUI----------------------------------------

totArrivThrPut=0.16692830519817475 totDeptThrPut=0.16692830519817475
meanTotTkPop=0.06571149810636 queueUtil=0.059988402238310014
meanST=0.3936510229846778



REPORT for Queue of Queueing Place : W/product----------------------------------------

queueUtilQPl=0.004048621496300565

------------------ Color = product --------------------
arrivCnt=277757 deptCnt=277757
arrivThrPut=0.027803482978342977 deptThrPut=0.027803482978342977
meanTkPop=0.004083188550993054 tkColOcp=0.004048621496300565
-----
meanST=0.14685888649898934 stDevST=0.24012043113231982

Steady State Statistics: numBatchesST=694 batchSizeST=400 stDevStdStateMeanST=0.012627721647860713
95% c.i. = 0.14685495718114258 +/- 9.394925833443503E-4



REPORT for Depository of Queueing Place : W/product----------------------------------------

tkOcp=0.0

------------------ Color = product --------------------
arrivCnt=277757 deptCnt=277757
arrivThrPut=0.027803482978342977 deptThrPut=0.027803482978342977
meanTkPop=0.0 tkColOcp=0.0
-----
meanST=0.0 stDevST=0.0

Steady State Statistics: numBatchesST=1388 batchSizeST=200 stDevStdStateMeanST=0.0
95% c.i. = 0.0 +/- 0.0



REPORT for Queue : WebUI----------------------------------------

totArrivThrPut=0.16692830519817475 totDeptThrPut=0.16692830519817475
meanTotTkPop=0.06571149810636 queueUtil=0.059988402238310014
meanST=0.3936510229846778



REPORT for Queue of Queueing Place : P/category_category----------------------------------------

queueUtilQPl=0.008822589782490868

------------------ Color = category --------------------
arrivCnt=278959 deptCnt=278959
arrivThrPut=0.02792380320984018 deptThrPut=0.02792380320984018
meanTkPop=0.008901867036513005 tkColOcp=0.008822589782490868
-----
meanST=0.31879135408661097 stDevST=0.33195840904919327

Steady State Statistics: numBatchesST=697 batchSizeST=400 stDevStdStateMeanST=0.017210840011146564
95% c.i. = 0.3187968925709544 +/- 0.0012777143414396221



REPORT for Depository of Queueing Place : P/category_category----------------------------------------

tkOcp=0.0

------------------ Color = category --------------------
arrivCnt=278959 deptCnt=278959
arrivThrPut=0.02792380320984018 deptThrPut=0.02792380320984018
meanTkPop=0.0 tkColOcp=0.0
-----
meanST=0.0 stDevST=0.0

Steady State Statistics: numBatchesST=1394 batchSizeST=200 stDevStdStateMeanST=0.0
95% c.i. = 0.0 +/- 0.0



REPORT for Queue : Persistence----------------------------------------

totArrivThrPut=0.16692830519817475 totDeptThrPut=0.16692830519817475
meanTotTkPop=0.0542599706556609 queueUtil=0.050382195821202194
meanST=0.3250495510108024



REPORT for Queue of Queueing Place : P/getProduct_product----------------------------------------

queueUtilQPl=0.01991578834173253

------------------ Color = product --------------------
arrivCnt=277757 deptCnt=277757
arrivThrPut=0.027803482978342977 deptThrPut=0.027803482978342977
meanTkPop=0.020335976939308466 tkColOcp=0.01991578834173253
-----
meanST=0.7314183246447508 stDevST=0.7275111047581799

Steady State Statistics: numBatchesST=694 batchSizeST=400 stDevStdStateMeanST=0.037026139053649036
95% c.i. = 0.731416045651567 +/- 0.0027547156962137347



REPORT for Depository of Queueing Place : P/getProduct_product----------------------------------------

tkOcp=0.0

------------------ Color = product --------------------
arrivCnt=277757 deptCnt=277758
arrivThrPut=0.027803482978342977 deptThrPut=0.027803583078369182
meanTkPop=0.0 tkColOcp=0.0
-----
meanST=0.0 stDevST=0.0

Steady State Statistics: numBatchesST=1388 batchSizeST=200 stDevStdStateMeanST=0.0
95% c.i. = 0.0 +/- 0.0



REPORT for Queue : Persistence----------------------------------------

totArrivThrPut=0.16692830519817475 totDeptThrPut=0.16692830519817475
meanTotTkPop=0.0542599706556609 queueUtil=0.050382195821202194
meanST=0.3250495510108024



REPORT for Queue of Queueing Place : R/getAds_product----------------------------------------

queueUtilQPl=0.0026517571087511915

------------------ Color = product --------------------
arrivCnt=277758 deptCnt=277758
arrivThrPut=0.027803583078369182 deptThrPut=0.027803583078369182
meanTkPop=0.0026589041102193303 tkColOcp=0.0026517571087511915
-----
meanST=0.09563170698987794 stDevST=0.09594028996606009

Steady State Statistics: numBatchesST=347 batchSizeST=800 stDevStdStateMeanST=0.003427309709354971
95% c.i. = 0.09562931198090512 +/- 3.6060911904158336E-4



REPORT for Depository of Queueing Place : R/getAds_product----------------------------------------

tkOcp=0.0

------------------ Color = product --------------------
arrivCnt=277758 deptCnt=277758
arrivThrPut=0.027803583078369182 deptThrPut=0.027803583078369182
meanTkPop=0.0 tkColOcp=0.0
-----
meanST=0.0 stDevST=0.0

Steady State Statistics: numBatchesST=1388 batchSizeST=200 stDevStdStateMeanST=0.0
95% c.i. = 0.0 +/- 0.0



REPORT for Queue : Recommender----------------------------------------

totArrivThrPut=0.027803583078369182 totDeptThrPut=0.027803583078369182
meanTotTkPop=0.0026589041102193303 queueUtil=0.0026517571087511915
meanST=0.09563170698987794



REPORT for Queue of Queueing Place : I/productImages_category----------------------------------------

queueUtilQPl=0.0028891448609134774

------------------ Color = category --------------------
arrivCnt=278959 deptCnt=278959
arrivThrPut=0.02792380320984018 deptThrPut=0.02792380320984018
meanTkPop=0.0028977421822621893 tkColOcp=0.0028891448609134774
-----
meanST=0.10377319165610803 stDevST=0.10647768415888434

Steady State Statistics: numBatchesST=697 batchSizeST=400 stDevStdStateMeanST=0.005442778161029505
95% c.i. = 0.10377585516152156 +/- 4.040660251979464E-4



REPORT for Depository of Queueing Place : I/productImages_category----------------------------------------

tkOcp=0.0

------------------ Color = category --------------------
arrivCnt=278959 deptCnt=278959
arrivThrPut=0.02792380320984018 deptThrPut=0.02792380320984018
meanTkPop=0.0 tkColOcp=0.0
-----
meanST=0.0 stDevST=0.0

Steady State Statistics: numBatchesST=1394 batchSizeST=200 stDevStdStateMeanST=0.0
95% c.i. = 0.0 +/- 0.0



REPORT for Queue : ImageProvider----------------------------------------

totArrivThrPut=0.16692840529820097 totDeptThrPut=0.16692840529820097
meanTotTkPop=0.023755747756514543 queueUtil=0.02299247082261289
meanST=0.14231099682571857



REPORT for Queue of Queueing Place : I/product_product----------------------------------------

queueUtilQPl=0.002786457383465631

------------------ Color = product --------------------
arrivCnt=277758 deptCnt=277758
arrivThrPut=0.027803583078369182 deptThrPut=0.027803583078369182
meanTkPop=0.002794679594670011 tkColOcp=0.002786457383465631
-----
meanST=0.10051508781413984 stDevST=0.10454127171736158

Steady State Statistics: numBatchesST=694 batchSizeST=400 stDevStdStateMeanST=0.005113398088253817
95% c.i. = 0.10052064246544457 +/- 3.8043280597775106E-4



REPORT for Depository of Queueing Place : I/product_product----------------------------------------

tkOcp=0.0

------------------ Color = product --------------------
arrivCnt=277758 deptCnt=277758
arrivThrPut=0.027803583078369182 deptThrPut=0.027803583078369182
meanTkPop=0.0 tkColOcp=0.0
-----
meanST=0.0 stDevST=0.0

Steady State Statistics: numBatchesST=1388 batchSizeST=200 stDevStdStateMeanST=0.0
95% c.i. = 0.0 +/- 0.0



REPORT for Queue : ImageProvider----------------------------------------

totArrivThrPut=0.16692840529820097 totDeptThrPut=0.16692840529820097
meanTotTkPop=0.023755747756514543 queueUtil=0.02299247082261289
meanST=0.14231099682571857



REPORT for Queue of Queueing Place : Workload----------------------------------------

queueUtilQPl=1.0

------------------ Color = workload --------------------
arrivCnt=1667615 deptCnt=1667616
arrivThrPut=0.16692830519817475 deptThrPut=0.16692840529820097
meanTkPop=1.0 tkColOcp=1.0
-----
meanST=5.99059287543883 stDevST=5.9926131521173565

Steady State Statistics: numBatchesST=4169 batchSizeST=400 stDevStdStateMeanST=0.3006062148818639
95% c.i. = 5.990572989412986 +/- 0.009124941704741955



REPORT for Depository of Queueing Place : Workload----------------------------------------

tkOcp=0.0

------------------ Color = workload --------------------
arrivCnt=1667616 deptCnt=1667615
arrivThrPut=0.16692840529820097 deptThrPut=0.16692830519817475
meanTkPop=0.0 tkColOcp=0.0
-----
meanST=0.0 stDevST=0.0

Steady State Statistics: numBatchesST=8338 batchSizeST=200 stDevStdStateMeanST=0.0
95% c.i. = 0.0 +/- 0.0



REPORT for Queue : Workload----------------------------------------

totArrivThrPut=0.16692830519817475 totDeptThrPut=0.16692840529820097
meanTotTkPop=1.0 queueUtil=1.0
meanST=5.99059287543883



REPORT for Queue of Queueing Place : I/icon_index----------------------------------------

queueUtilQPl=0.0030594638422964215

------------------ Color = index --------------------
arrivCnt=277660 deptCnt=277660
arrivThrPut=0.02779377327580119 deptThrPut=0.02779377327580119
meanTkPop=0.003069989023649092 tkColOcp=0.0030594638422964215
-----
meanST=0.11045600009704318 stDevST=0.11395051221408034

Steady State Statistics: numBatchesST=694 batchSizeST=400 stDevStdStateMeanST=0.0055986142291269995
95% c.i. = 0.11045031937925825 +/- 4.1653250617557325E-4



REPORT for Depository of Queueing Place : I/icon_index----------------------------------------

tkOcp=0.0

------------------ Color = index --------------------
arrivCnt=277660 deptCnt=277660
arrivThrPut=0.02779377327580119 deptThrPut=0.02779377327580119
meanTkPop=0.0 tkColOcp=0.0
-----
meanST=0.0 stDevST=0.0

Steady State Statistics: numBatchesST=1388 batchSizeST=200 stDevStdStateMeanST=0.0
95% c.i. = 0.0 +/- 0.0



REPORT for Queue : ImageProvider----------------------------------------

totArrivThrPut=0.16692840529820097 totDeptThrPut=0.16692840529820097
meanTotTkPop=0.023755747756514543 queueUtil=0.02299247082261289
meanST=0.14231099682571857



REPORT for Queue of Queueing Place : P/categories_login----------------------------------------

queueUtilQPl=0.0051610704993442546

------------------ Color = login --------------------
arrivCnt=276958 deptCnt=276958
arrivThrPut=0.027723503057405986 deptThrPut=0.027723503057405986
meanTkPop=0.00520052107760775 tkColOcp=0.0051610704993442546
-----
meanST=0.1875852797836995 stDevST=0.230912410201511

Steady State Statistics: numBatchesST=692 batchSizeST=400 stDevStdStateMeanST=0.011732999217371635
95% c.i. = 0.18758477192865566 +/- 8.741864800082544E-4



REPORT for Depository of Queueing Place : P/categories_login----------------------------------------

tkOcp=0.0

------------------ Color = login --------------------
arrivCnt=276958 deptCnt=276958
arrivThrPut=0.027723503057405986 deptThrPut=0.027723503057405986
meanTkPop=0.0 tkColOcp=0.0
-----
meanST=0.0 stDevST=0.0

Steady State Statistics: numBatchesST=1384 batchSizeST=200 stDevStdStateMeanST=0.0
95% c.i. = 0.0 +/- 0.0



REPORT for Queue : Persistence----------------------------------------

totArrivThrPut=0.16692830519817475 totDeptThrPut=0.16692830519817475
meanTotTkPop=0.0542599706556609 queueUtil=0.050382195821202194
meanST=0.3250495510108024



REPORT for Queue of Queueing Place : I/icon_login----------------------------------------

queueUtilQPl=0.0029604588328693395

------------------ Color = login --------------------
arrivCnt=276958 deptCnt=276958
arrivThrPut=0.027723503057405986 deptThrPut=0.027723503057405986
meanTkPop=0.0029716501993086496 tkColOcp=0.0029604588328693395
-----
meanST=0.10718884237519943 stDevST=0.11071675442154333

Steady State Statistics: numBatchesST=346 batchSizeST=800 stDevStdStateMeanST=0.00427581849220641
95% c.i. = 0.10719777653904336 +/- 4.505357965625813E-4



REPORT for Depository of Queueing Place : I/icon_login----------------------------------------

tkOcp=0.0

------------------ Color = login --------------------
arrivCnt=276958 deptCnt=276958
arrivThrPut=0.027723503057405986 deptThrPut=0.027723503057405986
meanTkPop=0.0 tkColOcp=0.0
-----
meanST=0.0 stDevST=0.0

Steady State Statistics: numBatchesST=1384 batchSizeST=200 stDevStdStateMeanST=0.0
95% c.i. = 0.0 +/- 0.0



REPORT for Queue : ImageProvider----------------------------------------

totArrivThrPut=0.16692840529820097 totDeptThrPut=0.16692840529820097
meanTotTkPop=0.023755747756514543 queueUtil=0.02299247082261289
meanST=0.14231099682571857



REPORT for Queue of Queueing Place : A/isLoggedIn_login----------------------------------------

queueUtilQPl=0.012290401324855439

------------------ Color = login --------------------
arrivCnt=276958 deptCnt=276958
arrivThrPut=0.027723503057405986 deptThrPut=0.027723503057405986
meanTkPop=0.012455945121067121 tkColOcp=0.012290401324855439
-----
meanST=0.44929189126190433 stDevST=0.4509989104957825

Steady State Statistics: numBatchesST=692 batchSizeST=400 stDevStdStateMeanST=0.02272620426303674
95% c.i. = 0.4492717539619602 +/- 0.0016932533737186392



REPORT for Depository of Queueing Place : A/isLoggedIn_login----------------------------------------

tkOcp=0.0

------------------ Color = login --------------------
arrivCnt=276958 deptCnt=276958
arrivThrPut=0.027723503057405986 deptThrPut=0.027723503057405986
meanTkPop=0.0 tkColOcp=0.0
-----
meanST=0.0 stDevST=0.0

Steady State Statistics: numBatchesST=1384 batchSizeST=200 stDevStdStateMeanST=0.0
95% c.i. = 0.0 +/- 0.0



REPORT for Queue : Auth----------------------------------------

totArrivThrPut=0.16692840529820097 totDeptThrPut=0.16692840529820097
meanTotTkPop=0.057538162528488965 queueUtil=0.053643656728925716
meanST=0.3446876667017981



REPORT for Queue of Queueing Place : A/isLoggedIn_category----------------------------------------

queueUtilQPl=0.003791077802914315

------------------ Color = category --------------------
arrivCnt=278959 deptCnt=278959
arrivThrPut=0.02792380320984018 deptThrPut=0.02792380320984018
meanTkPop=0.003813774255070082 tkColOcp=0.003791077802914315
-----
meanST=0.13657789472338536 stDevST=0.19157936343963194

Steady State Statistics: numBatchesST=697 batchSizeST=400 stDevStdStateMeanST=0.010011847344142967
95% c.i. = 0.13657526949358048 +/- 7.432688310175892E-4



REPORT for Depository of Queueing Place : A/isLoggedIn_category----------------------------------------

tkOcp=0.0

------------------ Color = category --------------------
arrivCnt=278959 deptCnt=278959
arrivThrPut=0.02792380320984018 deptThrPut=0.02792380320984018
meanTkPop=0.0 tkColOcp=0.0
-----
meanST=0.0 stDevST=0.0

Steady State Statistics: numBatchesST=1394 batchSizeST=200 stDevStdStateMeanST=0.0
95% c.i. = 0.0 +/- 0.0



REPORT for Queue : Auth----------------------------------------

totArrivThrPut=0.16692840529820097 totDeptThrPut=0.16692840529820097
meanTotTkPop=0.057538162528488965 queueUtil=0.053643656728925716
meanST=0.3446876667017981



REPORT for Queue of Queueing Place : I/icon_logout----------------------------------------

queueUtilQPl=0.006438944796663913

------------------ Color = logout --------------------
arrivCnt=278243 deptCnt=278243
arrivThrPut=0.02785213159107812 deptThrPut=0.02785213159107812
meanTkPop=0.006482529345125323 tkColOcp=0.006438944796663913
-----
meanST=0.2327480510397227 stDevST=0.23103248423913844

Steady State Statistics: numBatchesST=695 batchSizeST=400 stDevStdStateMeanST=0.01138582555931012
95% c.i. = 0.2327539178065697 +/- 8.464868473945221E-4



REPORT for Depository of Queueing Place : I/icon_logout----------------------------------------

tkOcp=0.0

------------------ Color = logout --------------------
arrivCnt=278243 deptCnt=278243
arrivThrPut=0.02785213159107812 deptThrPut=0.02785213159107812
meanTkPop=0.0 tkColOcp=0.0
-----
meanST=0.0 stDevST=0.0

Steady State Statistics: numBatchesST=1391 batchSizeST=200 stDevStdStateMeanST=0.0
95% c.i. = 0.0 +/- 0.0



REPORT for Queue : ImageProvider----------------------------------------

totArrivThrPut=0.16692840529820097 totDeptThrPut=0.16692840529820097
meanTotTkPop=0.023755747756514543 queueUtil=0.02299247082261289
meanST=0.14231099682571857



REPORT for Queue of Queueing Place : I/icon_loginAction----------------------------------------

queueUtilQPl=0.005508184663763987

------------------ Color = loginAction --------------------
arrivCnt=278038 deptCnt=278038
arrivThrPut=0.0278316110857063 deptThrPut=0.0278316110857063
meanTkPop=0.0055391574114992785 tkColOcp=0.005508184663763987
-----
meanST=0.1990239585642984 stDevST=0.1988094239662292

Steady State Statistics: numBatchesST=695 batchSizeST=400 stDevStdStateMeanST=0.009899607539201046
95% c.i. = 0.199025357094588 +/- 7.35992970615043E-4



REPORT for Depository of Queueing Place : I/icon_loginAction----------------------------------------

tkOcp=0.0

------------------ Color = loginAction --------------------
arrivCnt=278038 deptCnt=278038
arrivThrPut=0.0278316110857063 deptThrPut=0.0278316110857063
meanTkPop=0.0 tkColOcp=0.0
-----
meanST=0.0 stDevST=0.0

Steady State Statistics: numBatchesST=1390 batchSizeST=200 stDevStdStateMeanST=0.0
95% c.i. = 0.0 +/- 0.0



REPORT for Queue : ImageProvider----------------------------------------

totArrivThrPut=0.16692840529820097 totDeptThrPut=0.16692840529820097
meanTotTkPop=0.023755747756514543 queueUtil=0.02299247082261289
meanST=0.14231099682571857



REPORT for Queue of Queueing Place : A/isLoggedIn_product----------------------------------------

queueUtilQPl=0.007204747296577586

------------------ Color = product --------------------
arrivCnt=277758 deptCnt=277758
arrivThrPut=0.027803583078369182 deptThrPut=0.027803583078369182
meanTkPop=0.007261048796618567 tkColOcp=0.007204747296577586
-----
meanST=0.2611551459447529 stDevST=0.28211831368089924

Steady State Statistics: numBatchesST=694 batchSizeST=400 stDevStdStateMeanST=0.015128565712569762
95% c.i. = 0.2611378491189925 +/- 0.0011255534196863463



REPORT for Depository of Queueing Place : A/isLoggedIn_product----------------------------------------

tkOcp=0.0

------------------ Color = product --------------------
arrivCnt=277758 deptCnt=277758
arrivThrPut=0.027803583078369182 deptThrPut=0.027803583078369182
meanTkPop=0.0 tkColOcp=0.0
-----
meanST=0.0 stDevST=0.0

Steady State Statistics: numBatchesST=1388 batchSizeST=200 stDevStdStateMeanST=0.0
95% c.i. = 0.0 +/- 0.0



REPORT for Queue : Auth----------------------------------------

totArrivThrPut=0.16692840529820097 totDeptThrPut=0.16692840529820097
meanTotTkPop=0.057538162528488965 queueUtil=0.053643656728925716
meanST=0.3446876667017981



REPORT for Queue of Queueing Place : P/category_logout----------------------------------------

queueUtilQPl=0.003354664999146004

------------------ Color = logout --------------------
arrivCnt=278243 deptCnt=278243
arrivThrPut=0.02785213159107812 deptThrPut=0.02785213159107812
meanTkPop=0.0033744068717260992 tkColOcp=0.003354664999146004
-----
meanST=0.12115434901962849 stDevST=0.19764245740286257

Steady State Statistics: numBatchesST=695 batchSizeST=400 stDevStdStateMeanST=0.009870581520946413
95% c.i. = 0.12116002097983498 +/- 7.338350117953866E-4



REPORT for Depository of Queueing Place : P/category_logout----------------------------------------

tkOcp=0.0

------------------ Color = logout --------------------
arrivCnt=278243 deptCnt=278243
arrivThrPut=0.02785213159107812 deptThrPut=0.02785213159107812
meanTkPop=0.0 tkColOcp=0.0
-----
meanST=0.0 stDevST=0.0

Steady State Statistics: numBatchesST=1391 batchSizeST=200 stDevStdStateMeanST=0.0
95% c.i. = 0.0 +/- 0.0



REPORT for Queue : Persistence----------------------------------------

totArrivThrPut=0.16692830519817475 totDeptThrPut=0.16692830519817475
meanTotTkPop=0.0542599706556609 queueUtil=0.050382195821202194
meanST=0.3250495510108024



REPORT for Ordinary Place : Finish_index----------------------------------------

tkOcp=1.0000000000000002

------------------ Color = index --------------------
arrivCnt=277660 deptCnt=0
arrivThrPut=0.02779377327580119 deptThrPut=0.0
meanTkPop=139104.04073201903 tkColOcp=1.0000000000000002
-----
meanST=NaN stDevST=NaN

Steady State Statistics: Only 0 batches collected!
Need at least 60 for steady state statistics.



REPORT for Ordinary Place : Finish_login----------------------------------------

tkOcp=1.0

------------------ Color = login --------------------
arrivCnt=276958 deptCnt=0
arrivThrPut=0.027723503057405986 deptThrPut=0.0
meanTkPop=138640.19595146851 tkColOcp=1.0
-----
meanST=NaN stDevST=NaN

Steady State Statistics: Only 0 batches collected!
Need at least 60 for steady state statistics.



REPORT for Ordinary Place : Finish_loginAction----------------------------------------

tkOcp=1.0000000000000002

------------------ Color = loginAction --------------------
arrivCnt=278038 deptCnt=0
arrivThrPut=0.0278316110857063 deptThrPut=0.0
meanTkPop=139174.58321088966 tkColOcp=1.0000000000000002
-----
meanST=NaN stDevST=NaN

Steady State Statistics: Only 0 batches collected!
Need at least 60 for steady state statistics.



REPORT for Ordinary Place : Finish_category----------------------------------------

tkOcp=1.0

------------------ Color = category --------------------
arrivCnt=278959 deptCnt=0
arrivThrPut=0.02792380320984018 deptThrPut=0.0
meanTkPop=139835.3084140106 tkColOcp=1.0
-----
meanST=NaN stDevST=NaN

Steady State Statistics: Only 0 batches collected!
Need at least 60 for steady state statistics.



REPORT for Ordinary Place : Finish_product----------------------------------------

tkOcp=1.0

------------------ Color = product --------------------
arrivCnt=277758 deptCnt=0
arrivThrPut=0.027803583078369182 deptThrPut=0.0
meanTkPop=139027.99189965488 tkColOcp=1.0
-----
meanST=NaN stDevST=NaN

Steady State Statistics: Only 0 batches collected!
Need at least 60 for steady state statistics.



REPORT for Ordinary Place : Finish_logout----------------------------------------

tkOcp=1.0

------------------ Color = logout --------------------
arrivCnt=278243 deptCnt=0
arrivThrPut=0.02785213159107812 deptThrPut=0.0
meanTkPop=139404.12901216795 tkColOcp=1.0
-----
meanST=NaN stDevST=NaN

Steady State Statistics: Only 0 batches collected!
Need at least 60 for steady state statistics.



REPORT REPORT for Probe : /index----------------------------------------


------------------ Color = index --------------------
-----
meanST=1.058366161032185 stDevST=0.6268288636498679

Steady State Statistics: numBatchesST=694 batchSizeST=400 stDevStdStateMeanST=0.03170678147439967
95% c.i. = 1.058366079769259 +/- 0.0023589596656943277



REPORT REPORT for Probe : /login----------------------------------------


------------------ Color = login --------------------
-----
meanST=0.9577959911282199 stDevST=0.5983496469335189

Steady State Statistics: numBatchesST=692 batchSizeST=400 stDevStdStateMeanST=0.030921859678661484
95% c.i. = 0.9577905816579411 +/- 0.0023038842129790666



REPORT REPORT for Probe : /loginAction----------------------------------------


------------------ Color = loginAction --------------------
-----
meanST=1.35485075292095 stDevST=0.818706035951286

Steady State Statistics: numBatchesST=695 batchSizeST=400 stDevStdStateMeanST=0.04163847116243387
95% c.i. = 1.3548546602614684 +/- 0.00309564010101978



REPORT REPORT for Probe : /logout----------------------------------------


------------------ Color = logout --------------------
-----
meanST=1.4745794487162334 stDevST=0.9165641529172077

Steady State Statistics: numBatchesST=695 batchSizeST=400 stDevStdStateMeanST=0.05082589004033601
95% c.i. = 1.4745152884375774 +/- 0.00377868492733798



REPORT REPORT for Probe : /category----------------------------------------


------------------ Color = category --------------------
-----
meanST=1.1475219056694699 stDevST=0.7133398424162118

Steady State Statistics: numBatchesST=697 batchSizeST=400 stDevStdStateMeanST=0.03623006325104579
95% c.i. = 1.1475258613895445 +/- 0.002689681118245543



REPORT REPORT for Probe : /product----------------------------------------


------------------ Color = product --------------------
-----
meanST=1.3355801435703174 stDevST=0.8370614057049082

Steady State Statistics: numBatchesST=694 batchSizeST=400 stDevStdStateMeanST=0.04349495460270344
95% c.i. = 1.3355575677042995 +/- 0.0032359904978632313



