INFO Logging to /home/yjx/workloadConfig/qpme/output/SimQPN_Output_config_2025-08-14_073642398.log
WARN Batch means correlation test was run for depository of place Workload, color 0
    However, the standard deviation of the token residence time is 0 and therefore the result of the test is ignored!
    In future runs, you should set numBMeansCorlTested to 0 to switch off the correlation test!
WARN Batch means correlation test was run for depository of place W/product, color 0
    However, the standard deviation of the token residence time is 0 and therefore the result of the test is ignored!
    In future runs, you should set numBMeansCorlTested to 0 to switch off the correlation test!
WARN Batch means correlation test was run for depository of place P/getProduct_product, color 0
    However, the standard deviation of the token residence time is 0 and therefore the result of the test is ignored!
    In future runs, you should set numBMeansCorlTested to 0 to switch off the correlation test!
WARN Batch means correlation test was run for depository of place R/getAds_product, color 0
    However, the standard deviation of the token residence time is 0 and therefore the result of the test is ignored!
    In future runs, you should set numBMeansCorlTested to 0 to switch off the correlation test!
WARN Batch means correlation test was run for depository of place I/product_product, color 0
    However, the standard deviation of the token residence time is 0 and therefore the result of the test is ignored!
    In future runs, you should set numBMeansCorlTested to 0 to switch off the correlation test!
WARN Batch means correlation test was run for depository of place A/isLoggedIn_product, color 0
    However, the standard deviation of the token residence time is 0 and therefore the result of the test is ignored!
    In future runs, you should set numBMeansCorlTested to 0 to switch off the correlation test!
WARN Batch means correlation test was run for depository of place W/login, color 0
    However, the standard deviation of the token residence time is 0 and therefore the result of the test is ignored!
    In future runs, you should set numBMeansCorlTested to 0 to switch off the correlation test!
WARN Batch means correlation test was run for depository of place P/categories_login, color 0
    However, the standard deviation of the token residence time is 0 and therefore the result of the test is ignored!
    In future runs, you should set numBMeansCorlTested to 0 to switch off the correlation test!
WARN Batch means correlation test was run for depository of place I/icon_login, color 0
    However, the standard deviation of the token residence time is 0 and therefore the result of the test is ignored!
    In future runs, you should set numBMeansCorlTested to 0 to switch off the correlation test!
WARN Batch means correlation test was run for depository of place A/isLoggedIn_login, color 0
    However, the standard deviation of the token residence time is 0 and therefore the result of the test is ignored!
    In future runs, you should set numBMeansCorlTested to 0 to switch off the correlation test!
WARN Batch means correlation test was run for depository of place W/category, color 0
    However, the standard deviation of the token residence time is 0 and therefore the result of the test is ignored!
    In future runs, you should set numBMeansCorlTested to 0 to switch off the correlation test!
WARN Batch means correlation test was run for depository of place P/category_category, color 0
    However, the standard deviation of the token residence time is 0 and therefore the result of the test is ignored!
    In future runs, you should set numBMeansCorlTested to 0 to switch off the correlation test!
WARN Batch means correlation test was run for depository of place I/productImages_category, color 0
    However, the standard deviation of the token residence time is 0 and therefore the result of the test is ignored!
    In future runs, you should set numBMeansCorlTested to 0 to switch off the correlation test!
WARN Batch means correlation test was run for depository of place A/isLoggedIn_category, color 0
    However, the standard deviation of the token residence time is 0 and therefore the result of the test is ignored!
    In future runs, you should set numBMeansCorlTested to 0 to switch off the correlation test!
WARN Batch means correlation test was run for depository of place W/loginAction, color 0
    However, the standard deviation of the token residence time is 0 and therefore the result of the test is ignored!
    In future runs, you should set numBMeansCorlTested to 0 to switch off the correlation test!
WARN Batch means correlation test was run for depository of place A/login_loginAction, color 0
    However, the standard deviation of the token residence time is 0 and therefore the result of the test is ignored!
    In future runs, you should set numBMeansCorlTested to 0 to switch off the correlation test!
WARN Batch means correlation test was run for depository of place P/getUser_loginAction, color 0
    However, the standard deviation of the token residence time is 0 and therefore the result of the test is ignored!
    In future runs, you should set numBMeansCorlTested to 0 to switch off the correlation test!
WARN Batch means correlation test was run for depository of place I/icon_loginAction, color 0
    However, the standard deviation of the token residence time is 0 and therefore the result of the test is ignored!
    In future runs, you should set numBMeansCorlTested to 0 to switch off the correlation test!
WARN Batch means correlation test was run for depository of place W/logout, color 0
    However, the standard deviation of the token residence time is 0 and therefore the result of the test is ignored!
    In future runs, you should set numBMeansCorlTested to 0 to switch off the correlation test!
WARN Batch means correlation test was run for depository of place A/logout_logout, color 0
    However, the standard deviation of the token residence time is 0 and therefore the result of the test is ignored!
    In future runs, you should set numBMeansCorlTested to 0 to switch off the correlation test!
WARN Batch means correlation test was run for depository of place P/category_logout, color 0
    However, the standard deviation of the token residence time is 0 and therefore the result of the test is ignored!
    In future runs, you should set numBMeansCorlTested to 0 to switch off the correlation test!
WARN Batch means correlation test was run for depository of place I/icon_logout, color 0
    However, the standard deviation of the token residence time is 0 and therefore the result of the test is ignored!
    In future runs, you should set numBMeansCorlTested to 0 to switch off the correlation test!
WARN Batch means correlation test was run for depository of place W/index, color 0
    However, the standard deviation of the token residence time is 0 and therefore the result of the test is ignored!
    In future runs, you should set numBMeansCorlTested to 0 to switch off the correlation test!
WARN Batch means correlation test was run for depository of place P/categories_index, color 0
    However, the standard deviation of the token residence time is 0 and therefore the result of the test is ignored!
    In future runs, you should set numBMeansCorlTested to 0 to switch off the correlation test!
WARN Batch means correlation test was run for depository of place A/isLoggedIn_index, color 0
    However, the standard deviation of the token residence time is 0 and therefore the result of the test is ignored!
    In future runs, you should set numBMeansCorlTested to 0 to switch off the correlation test!
WARN Batch means correlation test was run for depository of place I/icon_index, color 0
    However, the standard deviation of the token residence time is 0 and therefore the result of the test is ignored!
    In future runs, you should set numBMeansCorlTested to 0 to switch off the correlation test!
WARN LP-1 The simulation was stopped because of reaching max totalRunLen.
The required precision may not have been reached!
REPORT for Queue of Queueing Place : W/index----------------------------------------

queueUtilQPl=0.002848267243319954

------------------ Color = index --------------------
arrivCnt=276573 deptCnt=276573
arrivThrPut=0.027685007205166413 deptThrPut=0.027685007205166413
meanTkPop=0.002857687156570712 tkColOcp=0.002848267243319954
-----
meanST=0.10322147057405957 stDevST=0.10479178676599604

Steady State Statistics: numBatchesST=691 batchSizeST=400 stDevStdStateMeanST=0.005147501042262946
95% c.i. = 0.10322435088516967 +/- 3.838004773564856E-4



REPORT for Depository of Queueing Place : W/index----------------------------------------

tkOcp=0.0

------------------ Color = index --------------------
arrivCnt=276573 deptCnt=276573
arrivThrPut=0.027685007205166413 deptThrPut=0.027685007205166413
meanTkPop=0.0 tkColOcp=0.0
-----
meanST=0.0 stDevST=0.0

Steady State Statistics: numBatchesST=1382 batchSizeST=200 stDevStdStateMeanST=0.0
95% c.i. = 0.0 +/- 0.0



REPORT for Queue : WebUI----------------------------------------

totArrivThrPut=0.16666429793010146 totDeptThrPut=0.16666429793010146
meanTotTkPop=0.021522110624389357 queueUtil=0.021021132859599553
meanST=0.12913449905999466



REPORT for Queue of Queueing Place : P/categories_index----------------------------------------

queueUtilQPl=0.0048839799647070106

------------------ Color = index --------------------
arrivCnt=276573 deptCnt=276573
arrivThrPut=0.027685007205166413 deptThrPut=0.027685007205166413
meanTkPop=0.004910350954861758 tkColOcp=0.0048839799647070106
-----
meanST=0.17736498742703657 stDevST=0.2018601773232787

Steady State Statistics: numBatchesST=345 batchSizeST=800 stDevStdStateMeanST=0.007035505286854512
95% c.i. = 0.1773446048080802 +/- 7.423929468870075E-4



REPORT for Depository of Queueing Place : P/categories_index----------------------------------------

tkOcp=0.0

------------------ Color = index --------------------
arrivCnt=276573 deptCnt=276573
arrivThrPut=0.027685007205166413 deptThrPut=0.027685007205166413
meanTkPop=0.0 tkColOcp=0.0
-----
meanST=0.0 stDevST=0.0

Steady State Statistics: numBatchesST=1382 batchSizeST=200 stDevStdStateMeanST=0.0
95% c.i. = 0.0 +/- 0.0



REPORT for Queue : Persistence----------------------------------------

totArrivThrPut=0.16666429793010146 totDeptThrPut=0.16666429793010146
meanTotTkPop=0.0443750872300043 queueUtil=0.04176632124168998
meanST=0.2662543074979087



REPORT for Queue of Queueing Place : A/isLoggedIn_index----------------------------------------

queueUtilQPl=0.02666407584691918

------------------ Color = index --------------------
arrivCnt=276573 deptCnt=276573
arrivThrPut=0.027685007205166413 deptThrPut=0.027685007205166413
meanTkPop=0.02739672290891829 tkColOcp=0.02666407584691918
-----
meanST=0.989586988577907 stDevST=0.9864357808967302

Steady State Statistics: numBatchesST=691 batchSizeST=400 stDevStdStateMeanST=0.052562576012683514
95% c.i. = 0.9894800185253235 +/- 0.0039190942554692115



REPORT for Depository of Queueing Place : A/isLoggedIn_index----------------------------------------

tkOcp=0.0

------------------ Color = index --------------------
arrivCnt=276573 deptCnt=276573
arrivThrPut=0.027685007205166413 deptThrPut=0.027685007205166413
meanTkPop=0.0 tkColOcp=0.0
-----
meanST=0.0 stDevST=0.0

Steady State Statistics: numBatchesST=1382 batchSizeST=200 stDevStdStateMeanST=0.0
95% c.i. = 0.0 +/- 0.0



REPORT for Queue : Auth----------------------------------------

totArrivThrPut=0.16666429793010146 totDeptThrPut=0.16666429793010146
meanTotTkPop=0.06099005864489299 queueUtil=0.05496686235568837
meanST=0.36594555284102936



REPORT for Queue of Queueing Place : W/login----------------------------------------

queueUtilQPl=0.003941825423690119

------------------ Color = login --------------------
arrivCnt=276971 deptCnt=276971
arrivThrPut=0.027724847076982015 deptThrPut=0.027724847076982015
meanTkPop=0.003958047905926048 tkColOcp=0.003941825423690119
-----
meanST=0.14276175788944695 stDevST=0.14314748915172468

Steady State Statistics: numBatchesST=346 batchSizeST=800 stDevStdStateMeanST=0.005129796384172722
95% c.i. = 0.142764098910111 +/- 5.4051800944303E-4



REPORT for Depository of Queueing Place : W/login----------------------------------------

tkOcp=0.0

------------------ Color = login --------------------
arrivCnt=276971 deptCnt=276971
arrivThrPut=0.027724847076982015 deptThrPut=0.027724847076982015
meanTkPop=0.0 tkColOcp=0.0
-----
meanST=0.0 stDevST=0.0

Steady State Statistics: numBatchesST=1384 batchSizeST=200 stDevStdStateMeanST=0.0
95% c.i. = 0.0 +/- 0.0



REPORT for Queue : WebUI----------------------------------------

totArrivThrPut=0.16666429793010146 totDeptThrPut=0.16666429793010146
meanTotTkPop=0.021522110624389357 queueUtil=0.021021132859599553
meanST=0.12913449905999466



REPORT for Queue of Queueing Place : W/loginAction----------------------------------------

queueUtilQPl=0.003233677596282869

------------------ Color = loginAction --------------------
arrivCnt=278429 deptCnt=278429
arrivThrPut=0.027870793140065298 deptThrPut=0.027870793140065298
meanTkPop=0.003243929578934175 tkColOcp=0.003233677596282869
-----
meanST=0.11639172099020412 stDevST=0.11751943425774208

Steady State Statistics: numBatchesST=348 batchSizeST=800 stDevStdStateMeanST=0.00451175618650481
95% c.i. = 0.11638827552232665 +/- 4.7402810490728564E-4



REPORT for Depository of Queueing Place : W/loginAction----------------------------------------

tkOcp=0.0

------------------ Color = loginAction --------------------
arrivCnt=278429 deptCnt=278429
arrivThrPut=0.027870793140065298 deptThrPut=0.027870793140065298
meanTkPop=0.0 tkColOcp=0.0
-----
meanST=0.0 stDevST=0.0

Steady State Statistics: numBatchesST=1392 batchSizeST=200 stDevStdStateMeanST=0.0
95% c.i. = 0.0 +/- 0.0



REPORT for Queue : WebUI----------------------------------------

totArrivThrPut=0.16666429793010146 totDeptThrPut=0.16666429793010146
meanTotTkPop=0.021522110624389357 queueUtil=0.021021132859599553
meanST=0.12913449905999466



REPORT for Queue of Queueing Place : A/login_loginAction----------------------------------------

queueUtilQPl=0.005944159859551376

------------------ Color = loginAction --------------------
arrivCnt=278429 deptCnt=278429
arrivThrPut=0.027870793140065298 deptThrPut=0.027870793140065298
meanTkPop=0.0060007579954651285 tkColOcp=0.005944159859551376
-----
meanST=0.21530632319317877 stDevST=0.30172310267320074

Steady State Statistics: numBatchesST=696 batchSizeST=400 stDevStdStateMeanST=0.015587302850661719
95% c.i. = 0.21530437880690895 +/- 0.001158015692783222



REPORT for Depository of Queueing Place : A/login_loginAction----------------------------------------

tkOcp=0.0

------------------ Color = loginAction --------------------
arrivCnt=278429 deptCnt=278429
arrivThrPut=0.027870793140065298 deptThrPut=0.027870793140065298
meanTkPop=0.0 tkColOcp=0.0
-----
meanST=0.0 stDevST=0.0

Steady State Statistics: numBatchesST=1392 batchSizeST=200 stDevStdStateMeanST=0.0
95% c.i. = 0.0 +/- 0.0



REPORT for Queue : Auth----------------------------------------

totArrivThrPut=0.16666429793010146 totDeptThrPut=0.16666429793010146
meanTotTkPop=0.06099005864489299 queueUtil=0.05496686235568837
meanST=0.36594555284102936



REPORT for Queue of Queueing Place : W/logout----------------------------------------

queueUtilQPl=0.002876193535057039

------------------ Color = logout --------------------
arrivCnt=277518 deptCnt=277518
arrivThrPut=0.027779601875683357 deptThrPut=0.027779601875683357
meanTkPop=0.0028845700713225316 tkColOcp=0.002876193535057039
-----
meanST=0.10383770380264218 stDevST=0.10531345527105354

Steady State Statistics: numBatchesST=693 batchSizeST=400 stDevStdStateMeanST=0.005348538181219201
95% c.i. = 0.10384110485640305 +/- 3.9821404556311365E-4



REPORT for Depository of Queueing Place : W/logout----------------------------------------

tkOcp=0.0

------------------ Color = logout --------------------
arrivCnt=277518 deptCnt=277518
arrivThrPut=0.027779601875683357 deptThrPut=0.027779601875683357
meanTkPop=0.0 tkColOcp=0.0
-----
meanST=0.0 stDevST=0.0

Steady State Statistics: numBatchesST=1387 batchSizeST=200 stDevStdStateMeanST=0.0
95% c.i. = 0.0 +/- 0.0



REPORT for Queue : WebUI----------------------------------------

totArrivThrPut=0.16666429793010146 totDeptThrPut=0.16666429793010146
meanTotTkPop=0.021522110624389357 queueUtil=0.021021132859599553
meanST=0.12913449905999466



REPORT for Queue of Queueing Place : A/logout_logout----------------------------------------

queueUtilQPl=0.003461282601894976

------------------ Color = logout --------------------
arrivCnt=277518 deptCnt=277518
arrivThrPut=0.027779601875683357 deptThrPut=0.027779601875683357
meanTkPop=0.003493094419797687 tkColOcp=0.003461282601894976
-----
meanST=0.12574314187185448 stDevST=0.26568885291448424

Steady State Statistics: numBatchesST=693 batchSizeST=400 stDevStdStateMeanST=0.01342087286875711
95% c.i. = 0.12571699373140469 +/- 9.992225724072042E-4



REPORT for Depository of Queueing Place : A/logout_logout----------------------------------------

tkOcp=0.0

------------------ Color = logout --------------------
arrivCnt=277518 deptCnt=277518
arrivThrPut=0.027779601875683357 deptThrPut=0.027779601875683357
meanTkPop=0.0 tkColOcp=0.0
-----
meanST=0.0 stDevST=0.0

Steady State Statistics: numBatchesST=1387 batchSizeST=200 stDevStdStateMeanST=0.0
95% c.i. = 0.0 +/- 0.0



REPORT for Queue : Auth----------------------------------------

totArrivThrPut=0.16666429793010146 totDeptThrPut=0.16666429793010146
meanTotTkPop=0.06099005864489299 queueUtil=0.05496686235568837
meanST=0.36594555284102936



REPORT for Queue of Queueing Place : P/getUser_loginAction----------------------------------------

queueUtilQPl=0.003245926653501605

------------------ Color = loginAction --------------------
arrivCnt=278429 deptCnt=278429
arrivThrPut=0.027870793140065298 deptThrPut=0.027870793140065298
meanTkPop=0.003263112841780361 tkColOcp=0.003245926653501605
-----
meanST=0.11708001366812612 stDevST=0.15640430354037096

Steady State Statistics: numBatchesST=696 batchSizeST=400 stDevStdStateMeanST=0.007712944111804721
95% c.i. = 0.11708359953811534 +/- 5.730119190345135E-4



REPORT for Depository of Queueing Place : P/getUser_loginAction----------------------------------------

tkOcp=0.0

------------------ Color = loginAction --------------------
arrivCnt=278429 deptCnt=278429
arrivThrPut=0.027870793140065298 deptThrPut=0.027870793140065298
meanTkPop=0.0 tkColOcp=0.0
-----
meanST=0.0 stDevST=0.0

Steady State Statistics: numBatchesST=1392 batchSizeST=200 stDevStdStateMeanST=0.0
95% c.i. = 0.0 +/- 0.0



REPORT for Queue : Persistence----------------------------------------

totArrivThrPut=0.16666429793010146 totDeptThrPut=0.16666429793010146
meanTotTkPop=0.0443750872300043 queueUtil=0.04176632124168998
meanST=0.2662543074979087



REPORT for Queue of Queueing Place : W/category----------------------------------------

queueUtilQPl=0.005955122284748785

------------------ Color = category --------------------
arrivCnt=277742 deptCnt=277742
arrivThrPut=0.027802024316102188 deptThrPut=0.027802024316102188
meanTkPop=0.005991125162292137 tkColOcp=0.005955122284748785
-----
meanST=0.2154924078252186 stDevST=0.21545253536818776

Steady State Statistics: numBatchesST=694 batchSizeST=400 stDevStdStateMeanST=0.010969548469565637
95% c.i. = 0.2155052474899141 +/- 8.161257998222676E-4



REPORT for Depository of Queueing Place : W/category----------------------------------------

tkOcp=0.0

------------------ Color = category --------------------
arrivCnt=277742 deptCnt=277742
arrivThrPut=0.027802024316102188 deptThrPut=0.027802024316102188
meanTkPop=0.0 tkColOcp=0.0
-----
meanST=0.0 stDevST=0.0

Steady State Statistics: numBatchesST=1388 batchSizeST=200 stDevStdStateMeanST=0.0
95% c.i. = 0.0 +/- 0.0



REPORT for Queue : WebUI----------------------------------------

totArrivThrPut=0.16666429793010146 totDeptThrPut=0.16666429793010146
meanTotTkPop=0.021522110624389357 queueUtil=0.021021132859599553
meanST=0.12913449905999466



REPORT for Queue of Queueing Place : W/product----------------------------------------

queueUtilQPl=0.0025797588292066362

------------------ Color = product --------------------
arrivCnt=277742 deptCnt=277742
arrivThrPut=0.027802024316102188 deptThrPut=0.027802024316102188
meanTkPop=0.002586750749343754 tkColOcp=0.0025797588292066362
-----
meanST=0.093041813068467 stDevST=0.09479616410836911

Steady State Statistics: numBatchesST=694 batchSizeST=400 stDevStdStateMeanST=0.004621308277832762
95% c.i. = 0.09304711840980806 +/- 3.4382171015840107E-4



REPORT for Depository of Queueing Place : W/product----------------------------------------

tkOcp=0.0

------------------ Color = product --------------------
arrivCnt=277742 deptCnt=277742
arrivThrPut=0.027802024316102188 deptThrPut=0.027802024316102188
meanTkPop=0.0 tkColOcp=0.0
-----
meanST=0.0 stDevST=0.0

Steady State Statistics: numBatchesST=1388 batchSizeST=200 stDevStdStateMeanST=0.0
95% c.i. = 0.0 +/- 0.0



REPORT for Queue : WebUI----------------------------------------

totArrivThrPut=0.16666429793010146 totDeptThrPut=0.16666429793010146
meanTotTkPop=0.021522110624389357 queueUtil=0.021021132859599553
meanST=0.12913449905999466



REPORT for Queue of Queueing Place : P/category_category----------------------------------------

queueUtilQPl=0.0031930684155658186

------------------ Color = category --------------------
arrivCnt=277742 deptCnt=277742
arrivThrPut=0.027802024316102188 deptThrPut=0.027802024316102188
meanTkPop=0.0032064754785368966 tkColOcp=0.0031930684155658186
-----
meanST=0.11533244637440994 stDevST=0.15565804310197653

Steady State Statistics: numBatchesST=694 batchSizeST=400 stDevStdStateMeanST=0.007803095093997723
95% c.i. = 0.11533675048790101 +/- 5.805441529655112E-4



REPORT for Depository of Queueing Place : P/category_category----------------------------------------

tkOcp=0.0

------------------ Color = category --------------------
arrivCnt=277742 deptCnt=277742
arrivThrPut=0.027802024316102188 deptThrPut=0.027802024316102188
meanTkPop=0.0 tkColOcp=0.0
-----
meanST=0.0 stDevST=0.0

Steady State Statistics: numBatchesST=1388 batchSizeST=200 stDevStdStateMeanST=0.0
95% c.i. = 0.0 +/- 0.0



REPORT for Queue : Persistence----------------------------------------

totArrivThrPut=0.16666429793010146 totDeptThrPut=0.16666429793010146
meanTotTkPop=0.0443750872300043 queueUtil=0.04176632124168998
meanST=0.2662543074979087



REPORT for Queue of Queueing Place : P/getProduct_product----------------------------------------

queueUtilQPl=0.005762705566943031

------------------ Color = product --------------------
arrivCnt=277742 deptCnt=277742
arrivThrPut=0.027802024316102188 deptThrPut=0.027802024316102188
meanTkPop=0.005798588847438057 tkColOcp=0.005762705566943031
-----
meanST=0.2085671453815566 stDevST=0.2260185066804672

Steady State Statistics: numBatchesST=694 batchSizeST=400 stDevStdStateMeanST=0.011866892022906623
95% c.i. = 0.20857453434266288 +/- 8.828874561673409E-4



REPORT for Depository of Queueing Place : P/getProduct_product----------------------------------------

tkOcp=0.0

------------------ Color = product --------------------
arrivCnt=277742 deptCnt=277742
arrivThrPut=0.027802024316102188 deptThrPut=0.027802024316102188
meanTkPop=0.0 tkColOcp=0.0
-----
meanST=0.0 stDevST=0.0

Steady State Statistics: numBatchesST=1388 batchSizeST=200 stDevStdStateMeanST=0.0
95% c.i. = 0.0 +/- 0.0



REPORT for Queue : Persistence----------------------------------------

totArrivThrPut=0.16666429793010146 totDeptThrPut=0.16666429793010146
meanTotTkPop=0.0443750872300043 queueUtil=0.04176632124168998
meanST=0.2662543074979087



REPORT for Queue of Queueing Place : R/getAds_product----------------------------------------

queueUtilQPl=0.07439058364215209

------------------ Color = product --------------------
arrivCnt=277742 deptCnt=277742
arrivThrPut=0.027802024316102188 deptThrPut=0.027802024316102188
meanTkPop=0.08043880593904308 tkColOcp=0.07439058364215209
-----
meanST=2.8932715483043108 stDevST=2.8924607911713487

Steady State Statistics: numBatchesST=694 batchSizeST=400 stDevStdStateMeanST=0.1655453857439335
95% c.i. = 2.8931926327005635 +/- 0.012316446818389719



REPORT for Depository of Queueing Place : R/getAds_product----------------------------------------

tkOcp=0.0

------------------ Color = product --------------------
arrivCnt=277742 deptCnt=277742
arrivThrPut=0.027802024316102188 deptThrPut=0.027802024316102188
meanTkPop=0.0 tkColOcp=0.0
-----
meanST=0.0 stDevST=0.0

Steady State Statistics: numBatchesST=1388 batchSizeST=200 stDevStdStateMeanST=0.0
95% c.i. = 0.0 +/- 0.0



REPORT for Queue : Recommender----------------------------------------

totArrivThrPut=0.027802024316102188 totDeptThrPut=0.027802024316102188
meanTotTkPop=0.08043880593904308 queueUtil=0.07439058364215209
meanST=2.8932715483043108



REPORT for Queue of Queueing Place : I/productImages_category----------------------------------------

queueUtilQPl=0.0041504697260179805

------------------ Color = category --------------------
arrivCnt=277742 deptCnt=277742
arrivThrPut=0.027802024316102188 deptThrPut=0.027802024316102188
meanTkPop=0.00418730170271534 tkColOcp=0.0041504697260179805
-----
meanST=0.1506113963180072 stDevST=0.2551377412231302

Steady State Statistics: numBatchesST=694 batchSizeST=400 stDevStdStateMeanST=0.013116323484380923
95% c.i. = 0.1506086228861489 +/- 9.758441766420164E-4



REPORT for Depository of Queueing Place : I/productImages_category----------------------------------------

tkOcp=0.0

------------------ Color = category --------------------
arrivCnt=277742 deptCnt=277742
arrivThrPut=0.027802024316102188 deptThrPut=0.027802024316102188
meanTkPop=0.0 tkColOcp=0.0
-----
meanST=0.0 stDevST=0.0

Steady State Statistics: numBatchesST=1388 batchSizeST=200 stDevStdStateMeanST=0.0
95% c.i. = 0.0 +/- 0.0



REPORT for Queue : ImageProvider----------------------------------------

totArrivThrPut=0.16666429793010146 totDeptThrPut=0.16666429793010146
meanTotTkPop=0.06619994715923345 queueUtil=0.060176172417286775
meanST=0.3972053282041096



REPORT for Queue of Queueing Place : I/product_product----------------------------------------

queueUtilQPl=0.005860664976640372

------------------ Color = product --------------------
arrivCnt=277742 deptCnt=277742
arrivThrPut=0.027802024316102188 deptThrPut=0.027802024316102188
meanTkPop=0.005905607786646295 tkColOcp=0.005860664976640372
-----
meanST=0.21241646721479648 stDevST=0.2721275138613579

Steady State Statistics: numBatchesST=694 batchSizeST=400 stDevStdStateMeanST=0.01406641751943466
95% c.i. = 0.21241731872268943 +/- 0.0010465304274403866



REPORT for Depository of Queueing Place : I/product_product----------------------------------------

tkOcp=0.0

------------------ Color = product --------------------
arrivCnt=277742 deptCnt=277742
arrivThrPut=0.027802024316102188 deptThrPut=0.027802024316102188
meanTkPop=0.0 tkColOcp=0.0
-----
meanST=0.0 stDevST=0.0

Steady State Statistics: numBatchesST=1388 batchSizeST=200 stDevStdStateMeanST=0.0
95% c.i. = 0.0 +/- 0.0



REPORT for Queue : ImageProvider----------------------------------------

totArrivThrPut=0.16666429793010146 totDeptThrPut=0.16666429793010146
meanTotTkPop=0.06619994715923345 queueUtil=0.060176172417286775
meanST=0.3972053282041096



REPORT for Queue of Queueing Place : Workload----------------------------------------

queueUtilQPl=1.0

------------------ Color = workload --------------------
arrivCnt=1664975 deptCnt=1664975
arrivThrPut=0.16666429793010146 deptThrPut=0.16666429793010146
meanTkPop=1.0 tkColOcp=1.0
-----
meanST=6.000085275728322 stDevST=5.9922604402991535

Steady State Statistics: numBatchesST=1040 batchSizeST=1600 stDevStdStateMeanST=0.1464471543982341
95% c.i. = 6.000059468046139 +/- 0.00890045807328258



REPORT for Depository of Queueing Place : Workload----------------------------------------

tkOcp=0.0

------------------ Color = workload --------------------
arrivCnt=1664975 deptCnt=1664975
arrivThrPut=0.16666429793010146 deptThrPut=0.16666429793010146
meanTkPop=0.0 tkColOcp=0.0
-----
meanST=0.0 stDevST=0.0

Steady State Statistics: numBatchesST=8324 batchSizeST=200 stDevStdStateMeanST=0.0
95% c.i. = 0.0 +/- 0.0



REPORT for Queue : Workload----------------------------------------

totArrivThrPut=0.16666429793010146 totDeptThrPut=0.16666429793010146
meanTotTkPop=1.0 queueUtil=1.0
meanST=6.000085275728322



REPORT for Queue of Queueing Place : I/icon_index----------------------------------------

queueUtilQPl=0.012105223587514048

------------------ Color = index --------------------
arrivCnt=276573 deptCnt=276573
arrivThrPut=0.027685007205166413 deptThrPut=0.027685007205166413
meanTkPop=0.012257126773688358 tkColOcp=0.012105223587514048
-----
meanST=0.4427351845298059 stDevST=0.4568966727243264

Steady State Statistics: numBatchesST=345 batchSizeST=800 stDevStdStateMeanST=0.017179796373788792
95% c.i. = 0.4426946918856091 +/- 0.0018128278121951375



REPORT for Depository of Queueing Place : I/icon_index----------------------------------------

tkOcp=0.0

------------------ Color = index --------------------
arrivCnt=276573 deptCnt=276573
arrivThrPut=0.027685007205166413 deptThrPut=0.027685007205166413
meanTkPop=0.0 tkColOcp=0.0
-----
meanST=0.0 stDevST=0.0

Steady State Statistics: numBatchesST=1382 batchSizeST=200 stDevStdStateMeanST=0.0
95% c.i. = 0.0 +/- 0.0



REPORT for Queue : ImageProvider----------------------------------------

totArrivThrPut=0.16666429793010146 totDeptThrPut=0.16666429793010146
meanTotTkPop=0.06619994715923345 queueUtil=0.060176172417286775
meanST=0.3972053282041096



REPORT for Queue of Queueing Place : P/categories_login----------------------------------------

queueUtilQPl=0.010772257151943625

------------------ Color = login --------------------
arrivCnt=276971 deptCnt=276971
arrivThrPut=0.027724847076982015 deptThrPut=0.027724847076982015
meanTkPop=0.010889397323510307 tkColOcp=0.010772257151943625
-----
meanST=0.39276672269009577 stDevST=0.3962431073206887

Steady State Statistics: numBatchesST=692 batchSizeST=400 stDevStdStateMeanST=0.020298249102637236
95% c.i. = 0.392793851385606 +/- 0.0015123545654970368



REPORT for Depository of Queueing Place : P/categories_login----------------------------------------

tkOcp=0.0

------------------ Color = login --------------------
arrivCnt=276971 deptCnt=276971
arrivThrPut=0.027724847076982015 deptThrPut=0.027724847076982015
meanTkPop=0.0 tkColOcp=0.0
-----
meanST=0.0 stDevST=0.0

Steady State Statistics: numBatchesST=1384 batchSizeST=200 stDevStdStateMeanST=0.0
95% c.i. = 0.0 +/- 0.0



REPORT for Queue : Persistence----------------------------------------

totArrivThrPut=0.16666429793010146 totDeptThrPut=0.16666429793010146
meanTotTkPop=0.0443750872300043 queueUtil=0.04176632124168998
meanST=0.2662543074979087



REPORT for Queue of Queueing Place : I/icon_login----------------------------------------

queueUtilQPl=0.02178586676131757

------------------ Color = login --------------------
arrivCnt=276971 deptCnt=276971
arrivThrPut=0.027724847076982015 deptThrPut=0.027724847076982015
meanTkPop=0.022265037359115506 tkColOcp=0.02178586676131757
-----
meanST=0.8030716020648712 stDevST=0.7948267548298933

Steady State Statistics: numBatchesST=346 batchSizeST=800 stDevStdStateMeanST=0.029002648841244243
95% c.i. = 0.8030966872244598 +/- 0.0030559602850148354



REPORT for Depository of Queueing Place : I/icon_login----------------------------------------

tkOcp=0.0

------------------ Color = login --------------------
arrivCnt=276971 deptCnt=276971
arrivThrPut=0.027724847076982015 deptThrPut=0.027724847076982015
meanTkPop=0.0 tkColOcp=0.0
-----
meanST=0.0 stDevST=0.0

Steady State Statistics: numBatchesST=1384 batchSizeST=200 stDevStdStateMeanST=0.0
95% c.i. = 0.0 +/- 0.0



REPORT for Queue : ImageProvider----------------------------------------

totArrivThrPut=0.16666429793010146 totDeptThrPut=0.16666429793010146
meanTotTkPop=0.06619994715923345 queueUtil=0.060176172417286775
meanST=0.3972053282041096



REPORT for Queue of Queueing Place : A/isLoggedIn_login----------------------------------------

queueUtilQPl=0.003433926557860326

------------------ Color = login --------------------
arrivCnt=276971 deptCnt=276971
arrivThrPut=0.027724847076982015 deptThrPut=0.027724847076982015
meanTkPop=0.003467329411487169 tkColOcp=0.003433926557860326
-----
meanST=0.12506216542365883 stDevST=0.258756201726625

Steady State Statistics: numBatchesST=692 batchSizeST=400 stDevStdStateMeanST=0.013349616632541365
95% c.i. = 0.12505099774481618 +/- 9.946352298551714E-4



REPORT for Depository of Queueing Place : A/isLoggedIn_login----------------------------------------

tkOcp=0.0

------------------ Color = login --------------------
arrivCnt=276971 deptCnt=276971
arrivThrPut=0.027724847076982015 deptThrPut=0.027724847076982015
meanTkPop=0.0 tkColOcp=0.0
-----
meanST=0.0 stDevST=0.0

Steady State Statistics: numBatchesST=1384 batchSizeST=200 stDevStdStateMeanST=0.0
95% c.i. = 0.0 +/- 0.0



REPORT for Queue : Auth----------------------------------------

totArrivThrPut=0.16666429793010146 totDeptThrPut=0.16666429793010146
meanTotTkPop=0.06099005864489299 queueUtil=0.05496686235568837
meanST=0.36594555284102936



REPORT for Queue of Queueing Place : A/isLoggedIn_category----------------------------------------

queueUtilQPl=0.01411254865386012

------------------ Color = category --------------------
arrivCnt=277742 deptCnt=277742
arrivThrPut=0.027802024316102188 deptThrPut=0.027802024316102188
meanTkPop=0.014336227307316382 tkColOcp=0.01411254865386012
-----
meanST=0.5156540813113822 stDevST=0.539798360658939

Steady State Statistics: numBatchesST=694 batchSizeST=400 stDevStdStateMeanST=0.02763051484833028
95% c.i. = 0.5155957089230315 +/- 0.002055688626807034



REPORT for Depository of Queueing Place : A/isLoggedIn_category----------------------------------------

tkOcp=0.0

------------------ Color = category --------------------
arrivCnt=277742 deptCnt=277742
arrivThrPut=0.027802024316102188 deptThrPut=0.027802024316102188
meanTkPop=0.0 tkColOcp=0.0
-----
meanST=0.0 stDevST=0.0

Steady State Statistics: numBatchesST=1388 batchSizeST=200 stDevStdStateMeanST=0.0
95% c.i. = 0.0 +/- 0.0



REPORT for Queue : Auth----------------------------------------

totArrivThrPut=0.16666429793010146 totDeptThrPut=0.16666429793010146
meanTotTkPop=0.06099005864489299 queueUtil=0.05496686235568837
meanST=0.36594555284102936



REPORT for Queue of Queueing Place : I/icon_logout----------------------------------------

queueUtilQPl=0.015487751639608567

------------------ Color = logout --------------------
arrivCnt=277518 deptCnt=277518
arrivThrPut=0.027779601875683357 deptThrPut=0.027779601875683357
meanTkPop=0.015729867508811373 tkColOcp=0.015487751639608567
-----
meanST=0.5662380468663369 stDevST=0.570636386061066

Steady State Statistics: numBatchesST=346 batchSizeST=800 stDevStdStateMeanST=0.021009950645244628
95% c.i. = 0.5662599306648276 +/- 0.002213783131100894



REPORT for Depository of Queueing Place : I/icon_logout----------------------------------------

tkOcp=0.0

------------------ Color = logout --------------------
arrivCnt=277518 deptCnt=277518
arrivThrPut=0.027779601875683357 deptThrPut=0.027779601875683357
meanTkPop=0.0 tkColOcp=0.0
-----
meanST=0.0 stDevST=0.0

Steady State Statistics: numBatchesST=1387 batchSizeST=200 stDevStdStateMeanST=0.0
95% c.i. = 0.0 +/- 0.0



REPORT for Queue : ImageProvider----------------------------------------

totArrivThrPut=0.16666429793010146 totDeptThrPut=0.16666429793010146
meanTotTkPop=0.06619994715923345 queueUtil=0.060176172417286775
meanST=0.3972053282041096



REPORT for Queue of Queueing Place : I/icon_loginAction----------------------------------------

queueUtilQPl=0.005789774115514608

------------------ Color = loginAction --------------------
arrivCnt=278429 deptCnt=278429
arrivThrPut=0.027870793140065298 deptThrPut=0.027870793140065298
meanTkPop=0.005855006028256576 tkColOcp=0.005789774115514608
-----
meanST=0.21007676383058466 stDevST=0.2938595640798208

Steady State Statistics: numBatchesST=696 batchSizeST=400 stDevStdStateMeanST=0.0158942879209294
95% c.i. = 0.2100819134870861 +/- 0.0011808223022541503



REPORT for Depository of Queueing Place : I/icon_loginAction----------------------------------------

tkOcp=0.0

------------------ Color = loginAction --------------------
arrivCnt=278429 deptCnt=278429
arrivThrPut=0.027870793140065298 deptThrPut=0.027870793140065298
meanTkPop=0.0 tkColOcp=0.0
-----
meanST=0.0 stDevST=0.0

Steady State Statistics: numBatchesST=1392 batchSizeST=200 stDevStdStateMeanST=0.0
95% c.i. = 0.0 +/- 0.0



REPORT for Queue : ImageProvider----------------------------------------

totArrivThrPut=0.16666429793010146 totDeptThrPut=0.16666429793010146
meanTotTkPop=0.06619994715923345 queueUtil=0.060176172417286775
meanST=0.3972053282041096



REPORT for Queue of Queueing Place : A/isLoggedIn_product----------------------------------------

queueUtilQPl=0.006235588686407396

------------------ Color = product --------------------
arrivCnt=277742 deptCnt=277742
arrivThrPut=0.027802024316102188 deptThrPut=0.027802024316102188
meanTkPop=0.0062959266019083455 tkColOcp=0.006235588686407396
-----
meanST=0.2264556900722482 stDevST=0.31311015604410997

Steady State Statistics: numBatchesST=694 batchSizeST=400 stDevStdStateMeanST=0.01634088154507118
95% c.i. = 0.22646914856737344 +/- 0.0012157487664850276



REPORT for Depository of Queueing Place : A/isLoggedIn_product----------------------------------------

tkOcp=0.0

------------------ Color = product --------------------
arrivCnt=277742 deptCnt=277742
arrivThrPut=0.027802024316102188 deptThrPut=0.027802024316102188
meanTkPop=0.0 tkColOcp=0.0
-----
meanST=0.0 stDevST=0.0

Steady State Statistics: numBatchesST=1388 batchSizeST=200 stDevStdStateMeanST=0.0
95% c.i. = 0.0 +/- 0.0



REPORT for Queue : Auth----------------------------------------

totArrivThrPut=0.16666429793010146 totDeptThrPut=0.16666429793010146
meanTotTkPop=0.06099005864489299 queueUtil=0.05496686235568837
meanST=0.36594555284102936



REPORT for Queue of Queueing Place : P/category_logout----------------------------------------

queueUtilQPl=0.016034213257789146

------------------ Color = logout --------------------
arrivCnt=277518 deptCnt=277518
arrivThrPut=0.027779601875683357 deptThrPut=0.027779601875683357
meanTkPop=0.016307161783876922 tkColOcp=0.016034213257789146
-----
meanST=0.5870192761168136 stDevST=0.5835950855520502

Steady State Statistics: numBatchesST=693 batchSizeST=400 stDevStdStateMeanST=0.030752847318516338
95% c.i. = 0.58704660075456 +/- 0.002289637902612787



REPORT for Depository of Queueing Place : P/category_logout----------------------------------------

tkOcp=0.0

------------------ Color = logout --------------------
arrivCnt=277518 deptCnt=277518
arrivThrPut=0.027779601875683357 deptThrPut=0.027779601875683357
meanTkPop=0.0 tkColOcp=0.0
-----
meanST=0.0 stDevST=0.0

Steady State Statistics: numBatchesST=1387 batchSizeST=200 stDevStdStateMeanST=0.0
95% c.i. = 0.0 +/- 0.0



REPORT for Queue : Persistence----------------------------------------

totArrivThrPut=0.16666429793010146 totDeptThrPut=0.16666429793010146
meanTotTkPop=0.0443750872300043 queueUtil=0.04176632124168998
meanST=0.2662543074979087



REPORT for Ordinary Place : Finish_index----------------------------------------

tkOcp=1.0

------------------ Color = index --------------------
arrivCnt=276573 deptCnt=0
arrivThrPut=0.027685007205166413 deptThrPut=0.0
meanTkPop=138537.34176284474 tkColOcp=1.0
-----
meanST=NaN stDevST=NaN

Steady State Statistics: Only 0 batches collected!
Need at least 60 for steady state statistics.



REPORT for Ordinary Place : Finish_login----------------------------------------

tkOcp=1.0

------------------ Color = login --------------------
arrivCnt=276971 deptCnt=0
arrivThrPut=0.027724847076982015 deptThrPut=0.0
meanTkPop=138773.48559227143 tkColOcp=1.0
-----
meanST=NaN stDevST=NaN

Steady State Statistics: Only 0 batches collected!
Need at least 60 for steady state statistics.



REPORT for Ordinary Place : Finish_loginAction----------------------------------------

tkOcp=1.0

------------------ Color = loginAction --------------------
arrivCnt=278429 deptCnt=0
arrivThrPut=0.027870793140065298 deptThrPut=0.0
meanTkPop=139248.02396728954 tkColOcp=1.0
-----
meanST=NaN stDevST=NaN

Steady State Statistics: Only 0 batches collected!
Need at least 60 for steady state statistics.



REPORT for Ordinary Place : Finish_category----------------------------------------

tkOcp=1.0000000000000002

------------------ Color = category --------------------
arrivCnt=277742 deptCnt=0
arrivThrPut=0.027802024316102188 deptThrPut=0.0
meanTkPop=139450.6744027171 tkColOcp=1.0000000000000002
-----
meanST=NaN stDevST=NaN

Steady State Statistics: Only 0 batches collected!
Need at least 60 for steady state statistics.



REPORT for Ordinary Place : Finish_product----------------------------------------

tkOcp=1.0

------------------ Color = product --------------------
arrivCnt=277742 deptCnt=0
arrivThrPut=0.027802024316102188 deptThrPut=0.0
meanTkPop=139143.97062532796 tkColOcp=1.0
-----
meanST=NaN stDevST=NaN

Steady State Statistics: Only 0 batches collected!
Need at least 60 for steady state statistics.



REPORT for Ordinary Place : Finish_logout----------------------------------------

tkOcp=1.0

------------------ Color = logout --------------------
arrivCnt=277518 deptCnt=0
arrivThrPut=0.027779601875683357 deptThrPut=0.0
meanTkPop=138752.35460380046 tkColOcp=1.0
-----
meanST=NaN stDevST=NaN

Steady State Statistics: Only 0 batches collected!
Need at least 60 for steady state statistics.



REPORT REPORT for Probe : /index----------------------------------------


------------------ Color = index --------------------
-----
meanST=1.7129086311088089 stDevST=1.1102530648350692

Steady State Statistics: numBatchesST=691 batchSizeST=400 stDevStdStateMeanST=0.05936908582967503
95% c.i. = 1.7127881275484036 +/- 0.004426591329378402



REPORT REPORT for Probe : /login----------------------------------------


------------------ Color = login --------------------
-----
meanST=1.4636622480680725 stDevST=0.9365879615074043

Steady State Statistics: numBatchesST=692 batchSizeST=400 stDevStdStateMeanST=0.04825749053504125
95% c.i. = 1.4637056352649953 +/- 0.0035955040142165505



REPORT REPORT for Probe : /loginAction----------------------------------------


------------------ Color = loginAction --------------------
-----
meanST=0.6588548216820936 stDevST=0.4877075544486408

Steady State Statistics: numBatchesST=348 batchSizeST=800 stDevStdStateMeanST=0.018745622793536403
95% c.i. = 0.6588581673544369 +/- 0.001969510691802407



REPORT REPORT for Probe : /logout----------------------------------------


------------------ Color = logout --------------------
-----
meanST=1.3828381686576472 stDevST=0.8643497236894047

Steady State Statistics: numBatchesST=346 batchSizeST=800 stDevStdStateMeanST=0.03380248261554677
95% c.i. = 1.3828390340396461 +/- 0.0035617106897186316



REPORT REPORT for Probe : /category----------------------------------------


------------------ Color = category --------------------
-----
meanST=0.997090331829018 stDevST=0.6622694119450101

Steady State Statistics: numBatchesST=694 batchSizeST=400 stDevStdStateMeanST=0.03380211995436531
95% c.i. = 0.9970463297869955 +/- 0.0025148512046765195



REPORT REPORT for Probe : /product----------------------------------------


------------------ Color = product --------------------
-----
meanST=3.6337526640413795 stDevST=2.9308295660828754

Steady State Statistics: numBatchesST=694 batchSizeST=400 stDevStdStateMeanST=0.16723469564878954
95% c.i. = 3.6337007527431013 +/- 0.012442130149939182



