INFO Logging to /home/yjx/workloadConfig/qpme/output/SimQPN_Output_config_2025-08-14_060041469.log
WARN Batch means correlation test was run for depository of place Workload, color 0
    However, the standard deviation of the token residence time is 0 and therefore the result of the test is ignored!
    In future runs, you should set numBMeansCorlTested to 0 to switch off the correlation test!
WARN Batch means correlation test was run for depository of place W/index, color 0
    However, the standard deviation of the token residence time is 0 and therefore the result of the test is ignored!
    In future runs, you should set numBMeansCorlTested to 0 to switch off the correlation test!
WARN Batch means correlation test was run for depository of place P/categories_index, color 0
    However, the standard deviation of the token residence time is 0 and therefore the result of the test is ignored!
    In future runs, you should set numBMeansCorlTested to 0 to switch off the correlation test!
WARN Batch means correlation test was run for depository of place A/isLoggedIn_index, color 0
    However, the standard deviation of the token residence time is 0 and therefore the result of the test is ignored!
    In future runs, you should set numBMeansCorlTested to 0 to switch off the correlation test!
WARN Batch means correlation test was run for depository of place I/icon_index, color 0
    However, the standard deviation of the token residence time is 0 and therefore the result of the test is ignored!
    In future runs, you should set numBMeansCorlTested to 0 to switch off the correlation test!
WARN Batch means correlation test was run for depository of place W/login, color 0
    However, the standard deviation of the token residence time is 0 and therefore the result of the test is ignored!
    In future runs, you should set numBMeansCorlTested to 0 to switch off the correlation test!
WARN Batch means correlation test was run for depository of place P/categories_login, color 0
    However, the standard deviation of the token residence time is 0 and therefore the result of the test is ignored!
    In future runs, you should set numBMeansCorlTested to 0 to switch off the correlation test!
WARN Batch means correlation test was run for depository of place I/icon_login, color 0
    However, the standard deviation of the token residence time is 0 and therefore the result of the test is ignored!
    In future runs, you should set numBMeansCorlTested to 0 to switch off the correlation test!
WARN Batch means correlation test was run for depository of place A/isLoggedIn_login, color 0
    However, the standard deviation of the token residence time is 0 and therefore the result of the test is ignored!
    In future runs, you should set numBMeansCorlTested to 0 to switch off the correlation test!
WARN Batch means correlation test was run for depository of place W/category, color 0
    However, the standard deviation of the token residence time is 0 and therefore the result of the test is ignored!
    In future runs, you should set numBMeansCorlTested to 0 to switch off the correlation test!
WARN Batch means correlation test was run for depository of place P/category_category, color 0
    However, the standard deviation of the token residence time is 0 and therefore the result of the test is ignored!
    In future runs, you should set numBMeansCorlTested to 0 to switch off the correlation test!
WARN Batch means correlation test was run for depository of place I/productImages_category, color 0
    However, the standard deviation of the token residence time is 0 and therefore the result of the test is ignored!
    In future runs, you should set numBMeansCorlTested to 0 to switch off the correlation test!
WARN Batch means correlation test was run for depository of place A/isLoggedIn_category, color 0
    However, the standard deviation of the token residence time is 0 and therefore the result of the test is ignored!
    In future runs, you should set numBMeansCorlTested to 0 to switch off the correlation test!
WARN Batch means correlation test was run for depository of place W/product, color 0
    However, the standard deviation of the token residence time is 0 and therefore the result of the test is ignored!
    In future runs, you should set numBMeansCorlTested to 0 to switch off the correlation test!
WARN Batch means correlation test was run for depository of place P/getProduct_product, color 0
    However, the standard deviation of the token residence time is 0 and therefore the result of the test is ignored!
    In future runs, you should set numBMeansCorlTested to 0 to switch off the correlation test!
WARN Batch means correlation test was run for depository of place R/getAds_product, color 0
    However, the standard deviation of the token residence time is 0 and therefore the result of the test is ignored!
    In future runs, you should set numBMeansCorlTested to 0 to switch off the correlation test!
WARN Batch means correlation test was run for depository of place I/product_product, color 0
    However, the standard deviation of the token residence time is 0 and therefore the result of the test is ignored!
    In future runs, you should set numBMeansCorlTested to 0 to switch off the correlation test!
WARN Batch means correlation test was run for depository of place A/isLoggedIn_product, color 0
    However, the standard deviation of the token residence time is 0 and therefore the result of the test is ignored!
    In future runs, you should set numBMeansCorlTested to 0 to switch off the correlation test!
WARN Batch means correlation test was run for depository of place W/loginAction, color 0
    However, the standard deviation of the token residence time is 0 and therefore the result of the test is ignored!
    In future runs, you should set numBMeansCorlTested to 0 to switch off the correlation test!
WARN Batch means correlation test was run for depository of place A/login_loginAction, color 0
    However, the standard deviation of the token residence time is 0 and therefore the result of the test is ignored!
    In future runs, you should set numBMeansCorlTested to 0 to switch off the correlation test!
WARN Batch means correlation test was run for depository of place P/getUser_loginAction, color 0
    However, the standard deviation of the token residence time is 0 and therefore the result of the test is ignored!
    In future runs, you should set numBMeansCorlTested to 0 to switch off the correlation test!
WARN Batch means correlation test was run for depository of place I/icon_loginAction, color 0
    However, the standard deviation of the token residence time is 0 and therefore the result of the test is ignored!
    In future runs, you should set numBMeansCorlTested to 0 to switch off the correlation test!
WARN Batch means correlation test was run for depository of place W/logout, color 0
    However, the standard deviation of the token residence time is 0 and therefore the result of the test is ignored!
    In future runs, you should set numBMeansCorlTested to 0 to switch off the correlation test!
WARN Batch means correlation test was run for depository of place A/logout_logout, color 0
    However, the standard deviation of the token residence time is 0 and therefore the result of the test is ignored!
    In future runs, you should set numBMeansCorlTested to 0 to switch off the correlation test!
WARN Batch means correlation test was run for depository of place P/category_logout, color 0
    However, the standard deviation of the token residence time is 0 and therefore the result of the test is ignored!
    In future runs, you should set numBMeansCorlTested to 0 to switch off the correlation test!
WARN Batch means correlation test was run for depository of place I/icon_logout, color 0
    However, the standard deviation of the token residence time is 0 and therefore the result of the test is ignored!
    In future runs, you should set numBMeansCorlTested to 0 to switch off the correlation test!
WARN LP-1 The simulation was stopped because of reaching max totalRunLen.
The required precision may not have been reached!
REPORT for Queue of Queueing Place : W/index----------------------------------------

queueUtilQPl=0.003218134525573292

------------------ Color = index --------------------
arrivCnt=277904 deptCnt=277904
arrivThrPut=0.027818267803351084 deptThrPut=0.027818267803351084
meanTkPop=0.0032332313804178106 tkColOcp=0.003218134525573292
-----
meanST=0.11622691259116874 stDevST=0.16170889623444393

Steady State Statistics: numBatchesST=347 batchSizeST=800 stDevStdStateMeanST=0.006074994628770544
95% c.i. = 0.11623802954561696 +/- 6.391889403177374E-4



REPORT for Depository of Queueing Place : W/index----------------------------------------

tkOcp=0.0

------------------ Color = index --------------------
arrivCnt=277904 deptCnt=277904
arrivThrPut=0.027818267803351084 deptThrPut=0.027818267803351084
meanTkPop=0.0 tkColOcp=0.0
-----
meanST=0.0 stDevST=0.0

Steady State Statistics: numBatchesST=1389 batchSizeST=200 stDevStdStateMeanST=0.0
95% c.i. = 0.0 +/- 0.0



REPORT for Queue : WebUI----------------------------------------

totArrivThrPut=0.16673893584522054 totDeptThrPut=0.16673893584522054
meanTotTkPop=0.04235483925907548 queueUtil=0.0396592781957662
meanST=0.25401888913572285



REPORT for Queue of Queueing Place : P/categories_index----------------------------------------

queueUtilQPl=0.004413347153075066

------------------ Color = index --------------------
arrivCnt=277904 deptCnt=277904
arrivThrPut=0.027818267803351084 deptThrPut=0.027818267803351084
meanTkPop=0.004454093350709158 tkColOcp=0.004413347153075066
-----
meanST=0.16011397194805216 stDevST=0.2795749747348458

Steady State Statistics: numBatchesST=694 batchSizeST=400 stDevStdStateMeanST=0.014509892574547358
95% c.i. = 0.16013686256226162 +/- 0.0010795246236061844



REPORT for Depository of Queueing Place : P/categories_index----------------------------------------

tkOcp=0.0

------------------ Color = index --------------------
arrivCnt=277904 deptCnt=277904
arrivThrPut=0.027818267803351084 deptThrPut=0.027818267803351084
meanTkPop=0.0 tkColOcp=0.0
-----
meanST=0.0 stDevST=0.0

Steady State Statistics: numBatchesST=1389 batchSizeST=200 stDevStdStateMeanST=0.0
95% c.i. = 0.0 +/- 0.0



REPORT for Queue : Persistence----------------------------------------

totArrivThrPut=0.1667389358452205 totDeptThrPut=0.1667389358452205
meanTotTkPop=0.0644962998422389 queueUtil=0.05808820773012901
meanST=0.38681007237631143



REPORT for Queue of Queueing Place : A/isLoggedIn_index----------------------------------------

queueUtilQPl=0.0037259948435796344

------------------ Color = index --------------------
arrivCnt=277904 deptCnt=277904
arrivThrPut=0.027818267803351084 deptThrPut=0.027818267803351084
meanTkPop=0.0037500130159396888 tkColOcp=0.0037259948435796344
-----
meanST=0.13480397278682998 stDevST=0.19431242603410098

Steady State Statistics: numBatchesST=347 batchSizeST=800 stDevStdStateMeanST=0.006949953676296624
95% c.i. = 0.13480908833088734 +/- 7.312489635087036E-4



REPORT for Depository of Queueing Place : A/isLoggedIn_index----------------------------------------

tkOcp=0.0

------------------ Color = index --------------------
arrivCnt=277904 deptCnt=277904
arrivThrPut=0.027818267803351084 deptThrPut=0.027818267803351084
meanTkPop=0.0 tkColOcp=0.0
-----
meanST=0.0 stDevST=0.0

Steady State Statistics: numBatchesST=1389 batchSizeST=200 stDevStdStateMeanST=0.0
95% c.i. = 0.0 +/- 0.0



REPORT for Queue : Auth----------------------------------------

totArrivThrPut=0.16673893584522054 totDeptThrPut=0.16673893584522054
meanTotTkPop=0.04915366268002872 queueUtil=0.0453805507143295
meanST=0.2947941488942739



REPORT for Queue of Queueing Place : W/login----------------------------------------

queueUtilQPl=0.015089703806299688

------------------ Color = login --------------------
arrivCnt=277842 deptCnt=277842
arrivThrPut=0.027812061586082504 deptThrPut=0.027812061586082504
meanTkPop=0.01532118447475676 tkColOcp=0.015089703806299688
-----
meanST=0.5508827322036303 stDevST=0.5487497838210278

Steady State Statistics: numBatchesST=694 batchSizeST=400 stDevStdStateMeanST=0.029390284124242397
95% c.i. = 0.5508929148242944 +/- 0.0021866140802831785



REPORT for Depository of Queueing Place : W/login----------------------------------------

tkOcp=0.0

------------------ Color = login --------------------
arrivCnt=277842 deptCnt=277842
arrivThrPut=0.027812061586082504 deptThrPut=0.027812061586082504
meanTkPop=0.0 tkColOcp=0.0
-----
meanST=0.0 stDevST=0.0

Steady State Statistics: numBatchesST=1389 batchSizeST=200 stDevStdStateMeanST=0.0
95% c.i. = 0.0 +/- 0.0



REPORT for Queue : WebUI----------------------------------------

totArrivThrPut=0.16673893584522054 totDeptThrPut=0.16673893584522054
meanTotTkPop=0.04235483925907548 queueUtil=0.0396592781957662
meanST=0.25401888913572285



REPORT for Queue of Queueing Place : W/loginAction----------------------------------------

queueUtilQPl=0.003077953955704853

------------------ Color = loginAction --------------------
arrivCnt=278168 deptCnt=278168
arrivThrPut=0.02784469427688182 deptThrPut=0.02784469427688182
meanTkPop=0.003090485898367067 tkColOcp=0.003077953955704853
-----
meanST=0.1109901178169141 stDevST=0.15531033947465217

Steady State Statistics: numBatchesST=347 batchSizeST=800 stDevStdStateMeanST=0.005972295002063583
95% c.i. = 0.11098392982557716 +/- 6.283832574196877E-4



REPORT for Depository of Queueing Place : W/loginAction----------------------------------------

tkOcp=0.0

------------------ Color = loginAction --------------------
arrivCnt=278168 deptCnt=278168
arrivThrPut=0.02784469427688182 deptThrPut=0.02784469427688182
meanTkPop=0.0 tkColOcp=0.0
-----
meanST=0.0 stDevST=0.0

Steady State Statistics: numBatchesST=1390 batchSizeST=200 stDevStdStateMeanST=0.0
95% c.i. = 0.0 +/- 0.0



REPORT for Queue : WebUI----------------------------------------

totArrivThrPut=0.16673893584522054 totDeptThrPut=0.16673893584522054
meanTotTkPop=0.04235483925907548 queueUtil=0.0396592781957662
meanST=0.25401888913572285



REPORT for Queue of Queueing Place : A/login_loginAction----------------------------------------

queueUtilQPl=0.01005517621473257

------------------ Color = loginAction --------------------
arrivCnt=278168 deptCnt=278168
arrivThrPut=0.02784469427688182 deptThrPut=0.02784469427688182
meanTkPop=0.01016154840100374 tkColOcp=0.01005517621473257
-----
meanST=0.364936612338402 stDevST=0.3764159063816754

Steady State Statistics: numBatchesST=695 batchSizeST=400 stDevStdStateMeanST=0.019332811511792187
95% c.i. = 0.3649339488922287 +/- 0.0014373108548556637



REPORT for Depository of Queueing Place : A/login_loginAction----------------------------------------

tkOcp=0.0

------------------ Color = loginAction --------------------
arrivCnt=278168 deptCnt=278168
arrivThrPut=0.02784469427688182 deptThrPut=0.02784469427688182
meanTkPop=0.0 tkColOcp=0.0
-----
meanST=0.0 stDevST=0.0

Steady State Statistics: numBatchesST=1390 batchSizeST=200 stDevStdStateMeanST=0.0
95% c.i. = 0.0 +/- 0.0



REPORT for Queue : Auth----------------------------------------

totArrivThrPut=0.16673893584522054 totDeptThrPut=0.16673893584522054
meanTotTkPop=0.04915366268002872 queueUtil=0.0453805507143295
meanST=0.2947941488942739



REPORT for Queue of Queueing Place : W/logout----------------------------------------

queueUtilQPl=0.013530941952062368

------------------ Color = logout --------------------
arrivCnt=277553 deptCnt=277553
arrivThrPut=0.027783132605588633 deptThrPut=0.027783132605588633
meanTkPop=0.013721061214505935 tkColOcp=0.013530941952062368
-----
meanST=0.49386299987446036 stDevST=0.49476818718456234

Steady State Statistics: numBatchesST=346 batchSizeST=800 stDevStdStateMeanST=0.01805378049302449
95% c.i. = 0.49385038165318146 +/- 0.0019022964586117258



REPORT for Depository of Queueing Place : W/logout----------------------------------------

tkOcp=0.0

------------------ Color = logout --------------------
arrivCnt=277553 deptCnt=277553
arrivThrPut=0.027783132605588633 deptThrPut=0.027783132605588633
meanTkPop=0.0 tkColOcp=0.0
-----
meanST=0.0 stDevST=0.0

Steady State Statistics: numBatchesST=1387 batchSizeST=200 stDevStdStateMeanST=0.0
95% c.i. = 0.0 +/- 0.0



REPORT for Queue : WebUI----------------------------------------

totArrivThrPut=0.16673893584522054 totDeptThrPut=0.16673893584522054
meanTotTkPop=0.04235483925907548 queueUtil=0.0396592781957662
meanST=0.25401888913572285



REPORT for Queue of Queueing Place : A/logout_logout----------------------------------------

queueUtilQPl=0.018056894499166542

------------------ Color = logout --------------------
arrivCnt=277553 deptCnt=277553
arrivThrPut=0.027783132605588633 deptThrPut=0.027783132605588633
meanTkPop=0.018388413081556608 tkColOcp=0.018056894499166542
-----
meanST=0.6618552825773772 stDevST=0.6600197900325906

Steady State Statistics: numBatchesST=173 batchSizeST=1600 stDevStdStateMeanST=0.01761708958199169
95% c.i. = 0.6618618958537693 +/- 0.0026438093890894334



REPORT for Depository of Queueing Place : A/logout_logout----------------------------------------

tkOcp=0.0

------------------ Color = logout --------------------
arrivCnt=277553 deptCnt=277553
arrivThrPut=0.027783132605588633 deptThrPut=0.027783132605588633
meanTkPop=0.0 tkColOcp=0.0
-----
meanST=0.0 stDevST=0.0

Steady State Statistics: numBatchesST=1387 batchSizeST=200 stDevStdStateMeanST=0.0
95% c.i. = 0.0 +/- 0.0



REPORT for Queue : Auth----------------------------------------

totArrivThrPut=0.16673893584522054 totDeptThrPut=0.16673893584522054
meanTotTkPop=0.04915366268002872 queueUtil=0.0453805507143295
meanST=0.2947941488942739



REPORT for Queue of Queueing Place : P/getUser_loginAction----------------------------------------

queueUtilQPl=0.0061021794737479715

------------------ Color = loginAction --------------------
arrivCnt=278168 deptCnt=278168
arrivThrPut=0.02784469427688182 deptThrPut=0.02784469427688182
meanTkPop=0.0061665389303968135 tkColOcp=0.0061021794737479715
-----
meanST=0.22146190111042485 stDevST=0.311313371227597

Steady State Statistics: numBatchesST=695 batchSizeST=400 stDevStdStateMeanST=0.015263241557733242
95% c.i. = 0.2214727271145523 +/- 0.001134755943688418



REPORT for Depository of Queueing Place : P/getUser_loginAction----------------------------------------

tkOcp=0.0

------------------ Color = loginAction --------------------
arrivCnt=278168 deptCnt=278168
arrivThrPut=0.02784469427688182 deptThrPut=0.02784469427688182
meanTkPop=0.0 tkColOcp=0.0
-----
meanST=0.0 stDevST=0.0

Steady State Statistics: numBatchesST=1390 batchSizeST=200 stDevStdStateMeanST=0.0
95% c.i. = 0.0 +/- 0.0



REPORT for Queue : Persistence----------------------------------------

totArrivThrPut=0.1667389358452205 totDeptThrPut=0.1667389358452205
meanTotTkPop=0.0644962998422389 queueUtil=0.05808820773012901
meanST=0.38681007237631143



REPORT for Queue of Queueing Place : W/category----------------------------------------

queueUtilQPl=0.0038685428648000393

------------------ Color = category --------------------
arrivCnt=276764 deptCnt=276764
arrivThrPut=0.027704153485832012 deptThrPut=0.027704153485832012
meanTkPop=0.0038871479186333713 tkColOcp=0.0038685428648000393
-----
meanST=0.1403092110582361 stDevST=0.17691606382497316

Steady State Statistics: numBatchesST=691 batchSizeST=400 stDevStdStateMeanST=0.00848017244021848
95% c.i. = 0.14031178804670585 +/- 6.322862693759333E-4



REPORT for Depository of Queueing Place : W/category----------------------------------------

tkOcp=0.0

------------------ Color = category --------------------
arrivCnt=276764 deptCnt=276764
arrivThrPut=0.027704153485832012 deptThrPut=0.027704153485832012
meanTkPop=0.0 tkColOcp=0.0
-----
meanST=0.0 stDevST=0.0

Steady State Statistics: numBatchesST=1383 batchSizeST=200 stDevStdStateMeanST=0.0
95% c.i. = 0.0 +/- 0.0



REPORT for Queue : WebUI----------------------------------------

totArrivThrPut=0.16673893584522054 totDeptThrPut=0.16673893584522054
meanTotTkPop=0.04235483925907548 queueUtil=0.0396592781957662
meanST=0.25401888913572285



REPORT for Queue of Queueing Place : W/product----------------------------------------

queueUtilQPl=0.003088181968840118

------------------ Color = product --------------------
arrivCnt=277488 deptCnt=277488
arrivThrPut=0.027776626087484477 deptThrPut=0.027776626087484477
meanTkPop=0.0031017283723945364 tkColOcp=0.003088181968840118
-----
meanST=0.11166685120883366 stDevST=0.15873142664464987

Steady State Statistics: numBatchesST=693 batchSizeST=400 stDevStdStateMeanST=0.008218142832789706
95% c.i. = 0.11166782713520546 +/- 6.11864362481696E-4



REPORT for Depository of Queueing Place : W/product----------------------------------------

tkOcp=0.0

------------------ Color = product --------------------
arrivCnt=277488 deptCnt=277488
arrivThrPut=0.027776626087484477 deptThrPut=0.027776626087484477
meanTkPop=0.0 tkColOcp=0.0
-----
meanST=0.0 stDevST=0.0

Steady State Statistics: numBatchesST=1387 batchSizeST=200 stDevStdStateMeanST=0.0
95% c.i. = 0.0 +/- 0.0



REPORT for Queue : WebUI----------------------------------------

totArrivThrPut=0.16673893584522054 totDeptThrPut=0.16673893584522054
meanTotTkPop=0.04235483925907548 queueUtil=0.0396592781957662
meanST=0.25401888913572285



REPORT for Queue of Queueing Place : P/category_category----------------------------------------

queueUtilQPl=0.026808726760000703

------------------ Color = category --------------------
arrivCnt=276764 deptCnt=276764
arrivThrPut=0.027704153485832012 deptThrPut=0.027704153485832012
meanTkPop=0.0275388189190074 tkColOcp=0.026808726760000703
-----
meanST=0.9940321379280127 stDevST=0.9851217594282704

Steady State Statistics: numBatchesST=691 batchSizeST=400 stDevStdStateMeanST=0.052403356709699034
95% c.i. = 0.9941135063709239 +/- 0.003907222777641798



REPORT for Depository of Queueing Place : P/category_category----------------------------------------

tkOcp=0.0

------------------ Color = category --------------------
arrivCnt=276764 deptCnt=276764
arrivThrPut=0.027704153485832012 deptThrPut=0.027704153485832012
meanTkPop=0.0 tkColOcp=0.0
-----
meanST=0.0 stDevST=0.0

Steady State Statistics: numBatchesST=1383 batchSizeST=200 stDevStdStateMeanST=0.0
95% c.i. = 0.0 +/- 0.0



REPORT for Queue : Persistence----------------------------------------

totArrivThrPut=0.1667389358452205 totDeptThrPut=0.1667389358452205
meanTotTkPop=0.0644962998422389 queueUtil=0.05808820773012901
meanST=0.38681007237631143



REPORT for Queue of Queueing Place : P/getProduct_product----------------------------------------

queueUtilQPl=0.0038877924679389113

------------------ Color = product --------------------
arrivCnt=277488 deptCnt=277488
arrivThrPut=0.027776626087484477 deptThrPut=0.027776626087484477
meanTkPop=0.0039232271905152 tkColOcp=0.0038877924679389113
-----
meanST=0.1412420348734477 stDevST=0.26822855436518395

Steady State Statistics: numBatchesST=693 batchSizeST=400 stDevStdStateMeanST=0.013992878834820454
95% c.i. = 0.1412435814015405 +/- 0.0010418100611965988



REPORT for Depository of Queueing Place : P/getProduct_product----------------------------------------

tkOcp=0.0

------------------ Color = product --------------------
arrivCnt=277488 deptCnt=277488
arrivThrPut=0.027776626087484477 deptThrPut=0.027776626087484477
meanTkPop=0.0 tkColOcp=0.0
-----
meanST=0.0 stDevST=0.0

Steady State Statistics: numBatchesST=1387 batchSizeST=200 stDevStdStateMeanST=0.0
95% c.i. = 0.0 +/- 0.0



REPORT for Queue : Persistence----------------------------------------

totArrivThrPut=0.1667389358452205 totDeptThrPut=0.1667389358452205
meanTotTkPop=0.0644962998422389 queueUtil=0.05808820773012901
meanST=0.38681007237631143



REPORT for Queue of Queueing Place : R/getAds_product----------------------------------------

queueUtilQPl=0.0057868772230466

------------------ Color = product --------------------
arrivCnt=277488 deptCnt=277488
arrivThrPut=0.027776626087484477 deptThrPut=0.027776626087484477
meanTkPop=0.0058259900008151505 tkColOcp=0.0057868772230466
-----
meanST=0.2097443362079245 stDevST=0.20959969636235898

Steady State Statistics: numBatchesST=173 batchSizeST=1600 stDevStdStateMeanST=0.00530152531068711
95% c.i. = 0.20973532486471774 +/- 7.9560374190396E-4



REPORT for Depository of Queueing Place : R/getAds_product----------------------------------------

tkOcp=0.0

------------------ Color = product --------------------
arrivCnt=277488 deptCnt=277488
arrivThrPut=0.027776626087484477 deptThrPut=0.027776626087484477
meanTkPop=0.0 tkColOcp=0.0
-----
meanST=0.0 stDevST=0.0

Steady State Statistics: numBatchesST=1387 batchSizeST=200 stDevStdStateMeanST=0.0
95% c.i. = 0.0 +/- 0.0



REPORT for Queue : Recommender----------------------------------------

totArrivThrPut=0.027776626087484477 totDeptThrPut=0.027776626087484477
meanTotTkPop=0.0058259900008151505 queueUtil=0.0057868772230466
meanST=0.2097443362079245



REPORT for Queue of Queueing Place : I/productImages_category----------------------------------------

queueUtilQPl=0.0256305759477371

------------------ Color = category --------------------
arrivCnt=276764 deptCnt=276764
arrivThrPut=0.027704153485832012 deptThrPut=0.027704153485832012
meanTkPop=0.026291520817179042 tkColOcp=0.0256305759477371
-----
meanST=0.9490100764358169 stDevST=0.9485627975847215

Steady State Statistics: numBatchesST=691 batchSizeST=400 stDevStdStateMeanST=0.049257405160821575
95% c.i. = 0.94907340125113 +/- 0.0036726589191236197



REPORT for Depository of Queueing Place : I/productImages_category----------------------------------------

tkOcp=0.0

------------------ Color = category --------------------
arrivCnt=276764 deptCnt=276764
arrivThrPut=0.027704153485832012 deptThrPut=0.027704153485832012
meanTkPop=0.0 tkColOcp=0.0
-----
meanST=0.0 stDevST=0.0

Steady State Statistics: numBatchesST=1383 batchSizeST=200 stDevStdStateMeanST=0.0
95% c.i. = 0.0 +/- 0.0



REPORT for Queue : ImageProvider----------------------------------------

totArrivThrPut=0.16673893584522054 totDeptThrPut=0.16673893584522054
meanTotTkPop=0.06198575446626693 queueUtil=0.054477976074090786
meanST=0.3717533289513537



REPORT for Queue of Queueing Place : I/product_product----------------------------------------

queueUtilQPl=0.00414322564687595

------------------ Color = product --------------------
arrivCnt=277488 deptCnt=277488
arrivThrPut=0.027776626087484477 deptThrPut=0.027776626087484477
meanTkPop=0.004196518469327282 tkColOcp=0.00414322564687595
-----
meanST=0.15108092883959504 stDevST=0.3024525846260218

Steady State Statistics: numBatchesST=693 batchSizeST=400 stDevStdStateMeanST=0.015245882660313247
95% c.i. = 0.15108069620213682 +/- 0.0011350997986070185



REPORT for Depository of Queueing Place : I/product_product----------------------------------------

tkOcp=0.0

------------------ Color = product --------------------
arrivCnt=277488 deptCnt=277488
arrivThrPut=0.027776626087484477 deptThrPut=0.027776626087484477
meanTkPop=0.0 tkColOcp=0.0
-----
meanST=0.0 stDevST=0.0

Steady State Statistics: numBatchesST=1387 batchSizeST=200 stDevStdStateMeanST=0.0
95% c.i. = 0.0 +/- 0.0



REPORT for Queue : ImageProvider----------------------------------------

totArrivThrPut=0.16673893584522054 totDeptThrPut=0.16673893584522054
meanTotTkPop=0.06198575446626693 queueUtil=0.054477976074090786
meanST=0.3717533289513537



REPORT for Queue of Queueing Place : Workload----------------------------------------

queueUtilQPl=1.0

------------------ Color = workload --------------------
arrivCnt=1665719 deptCnt=1665719
arrivThrPut=0.16673893584522054 deptThrPut=0.16673893584522054
meanTkPop=1.0 tkColOcp=1.0
-----
meanST=5.997399437215278 stDevST=5.99431919180992

Steady State Statistics: numBatchesST=4164 batchSizeST=400 stDevStdStateMeanST=0.30126033633379
95% c.i. = 5.997462646521656 +/- 0.009150286393825174



REPORT for Depository of Queueing Place : Workload----------------------------------------

tkOcp=0.0

------------------ Color = workload --------------------
arrivCnt=1665719 deptCnt=1665719
arrivThrPut=0.16673893584522054 deptThrPut=0.16673893584522054
meanTkPop=0.0 tkColOcp=0.0
-----
meanST=0.0 stDevST=0.0

Steady State Statistics: numBatchesST=8328 batchSizeST=200 stDevStdStateMeanST=0.0
95% c.i. = 0.0 +/- 0.0



REPORT for Queue : Workload----------------------------------------

totArrivThrPut=0.16673893584522054 totDeptThrPut=0.16673893584522054
meanTotTkPop=1.0 queueUtil=1.0
meanST=5.997399437215278



REPORT for Queue of Queueing Place : I/icon_index----------------------------------------

queueUtilQPl=0.00391115993070264

------------------ Color = index --------------------
arrivCnt=277904 deptCnt=277904
arrivThrPut=0.027818267803351084 deptThrPut=0.027818267803351084
meanTkPop=0.0039731226411428965 tkColOcp=0.00391115993070264
-----
meanST=0.14282422864101843 stDevST=0.3064955041743891

Steady State Statistics: numBatchesST=694 batchSizeST=400 stDevStdStateMeanST=0.01622383920533554
95% c.i. = 0.14284943010981793 +/- 0.0012070409082359085



REPORT for Depository of Queueing Place : I/icon_index----------------------------------------

tkOcp=0.0

------------------ Color = index --------------------
arrivCnt=277904 deptCnt=277904
arrivThrPut=0.027818267803351084 deptThrPut=0.027818267803351084
meanTkPop=0.0 tkColOcp=0.0
-----
meanST=0.0 stDevST=0.0

Steady State Statistics: numBatchesST=1389 batchSizeST=200 stDevStdStateMeanST=0.0
95% c.i. = 0.0 +/- 0.0



REPORT for Queue : ImageProvider----------------------------------------

totArrivThrPut=0.16673893584522054 totDeptThrPut=0.16673893584522054
meanTotTkPop=0.06198575446626693 queueUtil=0.054477976074090786
meanST=0.3717533289513537



REPORT for Queue of Queueing Place : P/categories_login----------------------------------------

queueUtilQPl=0.011777828837634344

------------------ Color = login --------------------
arrivCnt=277842 deptCnt=277842
arrivThrPut=0.027812061586082504 deptThrPut=0.027812061586082504
meanTkPop=0.011919659019495078 tkColOcp=0.011777828837634344
-----
meanST=0.428578765461235 stDevST=0.4510802193251575

Steady State Statistics: numBatchesST=694 batchSizeST=400 stDevStdStateMeanST=0.02398270446522512
95% c.i. = 0.4285898295593297 +/- 0.0017842943962449117



REPORT for Depository of Queueing Place : P/categories_login----------------------------------------

tkOcp=0.0

------------------ Color = login --------------------
arrivCnt=277842 deptCnt=277842
arrivThrPut=0.027812061586082504 deptThrPut=0.027812061586082504
meanTkPop=0.0 tkColOcp=0.0
-----
meanST=0.0 stDevST=0.0

Steady State Statistics: numBatchesST=1389 batchSizeST=200 stDevStdStateMeanST=0.0
95% c.i. = 0.0 +/- 0.0



REPORT for Queue : Persistence----------------------------------------

totArrivThrPut=0.1667389358452205 totDeptThrPut=0.1667389358452205
meanTotTkPop=0.0644962998422389 queueUtil=0.05808820773012901
meanST=0.38681007237631143



REPORT for Queue of Queueing Place : I/icon_login----------------------------------------

queueUtilQPl=0.0038260563082719756

------------------ Color = login --------------------
arrivCnt=277842 deptCnt=277842
arrivThrPut=0.027812061586082504 deptThrPut=0.027812061586082504
meanTkPop=0.0038634112869907417 tkColOcp=0.0038260563082719756
-----
meanST=0.13891135955646092 stDevST=0.26362951659768435

Steady State Statistics: numBatchesST=694 batchSizeST=400 stDevStdStateMeanST=0.01386993964021294
95% c.i. = 0.1389151388325479 +/- 0.001031912627375772



REPORT for Depository of Queueing Place : I/icon_login----------------------------------------

tkOcp=0.0

------------------ Color = login --------------------
arrivCnt=277842 deptCnt=277842
arrivThrPut=0.027812061586082504 deptThrPut=0.027812061586082504
meanTkPop=0.0 tkColOcp=0.0
-----
meanST=0.0 stDevST=0.0

Steady State Statistics: numBatchesST=1389 batchSizeST=200 stDevStdStateMeanST=0.0
95% c.i. = 0.0 +/- 0.0



REPORT for Queue : ImageProvider----------------------------------------

totArrivThrPut=0.16673893584522054 totDeptThrPut=0.16673893584522054
meanTotTkPop=0.06198575446626693 queueUtil=0.054477976074090786
meanST=0.3717533289513537



REPORT for Queue of Queueing Place : A/isLoggedIn_login----------------------------------------

queueUtilQPl=0.006042402207699697

------------------ Color = login --------------------
arrivCnt=277842 deptCnt=277842
arrivThrPut=0.027812061586082504 deptThrPut=0.027812061586082504
meanTkPop=0.006092951951145963 tkColOcp=0.006042402207699697
-----
meanST=0.21907588304043418 stDevST=0.24520591729363128

Steady State Statistics: numBatchesST=694 batchSizeST=400 stDevStdStateMeanST=0.01222265642175637
95% c.i. = 0.21906407342487955 +/- 9.09356048321803E-4



REPORT for Depository of Queueing Place : A/isLoggedIn_login----------------------------------------

tkOcp=0.0

------------------ Color = login --------------------
arrivCnt=277842 deptCnt=277842
arrivThrPut=0.027812061586082504 deptThrPut=0.027812061586082504
meanTkPop=0.0 tkColOcp=0.0
-----
meanST=0.0 stDevST=0.0

Steady State Statistics: numBatchesST=1389 batchSizeST=200 stDevStdStateMeanST=0.0
95% c.i. = 0.0 +/- 0.0



REPORT for Queue : Auth----------------------------------------

totArrivThrPut=0.16673893584522054 totDeptThrPut=0.16673893584522054
meanTotTkPop=0.04915366268002872 queueUtil=0.0453805507143295
meanST=0.2947941488942739



REPORT for Queue of Queueing Place : A/isLoggedIn_category----------------------------------------

queueUtilQPl=0.0071507498478816335

------------------ Color = category --------------------
arrivCnt=276764 deptCnt=276764
arrivThrPut=0.027704153485832012 deptThrPut=0.027704153485832012
meanTkPop=0.00720322323318105 tkColOcp=0.0071507498478816335
-----
meanST=0.2600051734793052 stDevST=0.27836947059247513

Steady State Statistics: numBatchesST=691 batchSizeST=400 stDevStdStateMeanST=0.01446427736918358
95% c.i. = 0.2600085063657203 +/- 0.001078464387540709



REPORT for Depository of Queueing Place : A/isLoggedIn_category----------------------------------------

tkOcp=0.0

------------------ Color = category --------------------
arrivCnt=276764 deptCnt=276764
arrivThrPut=0.027704153485832012 deptThrPut=0.027704153485832012
meanTkPop=0.0 tkColOcp=0.0
-----
meanST=0.0 stDevST=0.0

Steady State Statistics: numBatchesST=1383 batchSizeST=200 stDevStdStateMeanST=0.0
95% c.i. = 0.0 +/- 0.0



REPORT for Queue : Auth----------------------------------------

totArrivThrPut=0.16673893584522054 totDeptThrPut=0.16673893584522054
meanTotTkPop=0.04915366268002872 queueUtil=0.0453805507143295
meanST=0.2947941488942739



REPORT for Queue of Queueing Place : I/icon_logout----------------------------------------

queueUtilQPl=0.011993947819919139

------------------ Color = logout --------------------
arrivCnt=277553 deptCnt=277553
arrivThrPut=0.027783132605588633 deptThrPut=0.027783132605588633
meanTkPop=0.0121679332500176 tkColOcp=0.011993947819919139
-----
meanST=0.4379611695612033 stDevST=0.4802714523226216

Steady State Statistics: numBatchesST=693 batchSizeST=400 stDevStdStateMeanST=0.024769177568184274
95% c.i. = 0.43795983999921934 +/- 0.001844136485616227



REPORT for Depository of Queueing Place : I/icon_logout----------------------------------------

tkOcp=0.0

------------------ Color = logout --------------------
arrivCnt=277553 deptCnt=277553
arrivThrPut=0.027783132605588633 deptThrPut=0.027783132605588633
meanTkPop=0.0 tkColOcp=0.0
-----
meanST=0.0 stDevST=0.0

Steady State Statistics: numBatchesST=1387 batchSizeST=200 stDevStdStateMeanST=0.0
95% c.i. = 0.0 +/- 0.0



REPORT for Queue : ImageProvider----------------------------------------

totArrivThrPut=0.16673893584522054 totDeptThrPut=0.16673893584522054
meanTotTkPop=0.06198575446626693 queueUtil=0.054477976074090786
meanST=0.3717533289513537



REPORT for Queue of Queueing Place : I/icon_loginAction----------------------------------------

queueUtilQPl=0.011317272561855166

------------------ Color = loginAction --------------------
arrivCnt=278168 deptCnt=278168
arrivThrPut=0.02784469427688182 deptThrPut=0.02784469427688182
meanTkPop=0.011493248001609373 tkColOcp=0.011317272561855166
-----
meanST=0.41276258547940653 stDevST=0.4665277010376621

Steady State Statistics: numBatchesST=695 batchSizeST=400 stDevStdStateMeanST=0.023441527415118048
95% c.i. = 0.41271340819523794 +/- 0.0017427760979097455



REPORT for Depository of Queueing Place : I/icon_loginAction----------------------------------------

tkOcp=0.0

------------------ Color = loginAction --------------------
arrivCnt=278168 deptCnt=278168
arrivThrPut=0.02784469427688182 deptThrPut=0.02784469427688182
meanTkPop=0.0 tkColOcp=0.0
-----
meanST=0.0 stDevST=0.0

Steady State Statistics: numBatchesST=1390 batchSizeST=200 stDevStdStateMeanST=0.0
95% c.i. = 0.0 +/- 0.0



REPORT for Queue : ImageProvider----------------------------------------

totArrivThrPut=0.16673893584522054 totDeptThrPut=0.16673893584522054
meanTotTkPop=0.06198575446626693 queueUtil=0.054477976074090786
meanST=0.3717533289513537



REPORT for Queue of Queueing Place : A/isLoggedIn_product----------------------------------------

queueUtilQPl=0.0035274822590375485

------------------ Color = product --------------------
arrivCnt=277488 deptCnt=277488
arrivThrPut=0.027776626087484477 deptThrPut=0.027776626087484477
meanTkPop=0.0035575129972016746 tkColOcp=0.0035274822590375485
-----
meanST=0.1280757780299534 stDevST=0.18563827471662858

Steady State Statistics: numBatchesST=693 batchSizeST=400 stDevStdStateMeanST=0.009262908791182332
95% c.i. = 0.12809087150027987 +/- 6.896501919666628E-4



REPORT for Depository of Queueing Place : A/isLoggedIn_product----------------------------------------

tkOcp=0.0

------------------ Color = product --------------------
arrivCnt=277488 deptCnt=277488
arrivThrPut=0.027776626087484477 deptThrPut=0.027776626087484477
meanTkPop=0.0 tkColOcp=0.0
-----
meanST=0.0 stDevST=0.0

Steady State Statistics: numBatchesST=1387 batchSizeST=200 stDevStdStateMeanST=0.0
95% c.i. = 0.0 +/- 0.0



REPORT for Queue : Auth----------------------------------------

totArrivThrPut=0.16673893584522054 totDeptThrPut=0.16673893584522054
meanTotTkPop=0.04915366268002872 queueUtil=0.0453805507143295
meanST=0.2947941488942739



REPORT for Queue of Queueing Place : P/category_logout----------------------------------------

queueUtilQPl=0.010373117667264922

------------------ Color = logout --------------------
arrivCnt=277553 deptCnt=277553
arrivThrPut=0.027783132605588633 deptThrPut=0.027783132605588633
meanTkPop=0.010493962432115249 tkColOcp=0.010373117667264922
-----
meanST=0.37770983499550975 stDevST=0.4182984546242318

Steady State Statistics: numBatchesST=693 batchSizeST=400 stDevStdStateMeanST=0.021943069909351038
95% c.i. = 0.3777596427152311 +/- 0.0016337246448683037



REPORT for Depository of Queueing Place : P/category_logout----------------------------------------

tkOcp=0.0

------------------ Color = logout --------------------
arrivCnt=277553 deptCnt=277553
arrivThrPut=0.027783132605588633 deptThrPut=0.027783132605588633
meanTkPop=0.0 tkColOcp=0.0
-----
meanST=0.0 stDevST=0.0

Steady State Statistics: numBatchesST=1387 batchSizeST=200 stDevStdStateMeanST=0.0
95% c.i. = 0.0 +/- 0.0



REPORT for Queue : Persistence----------------------------------------

totArrivThrPut=0.1667389358452205 totDeptThrPut=0.1667389358452205
meanTotTkPop=0.0644962998422389 queueUtil=0.05808820773012901
meanST=0.38681007237631143



REPORT for Ordinary Place : Finish_index----------------------------------------

tkOcp=0.9999999999999998

------------------ Color = index --------------------
arrivCnt=277904 deptCnt=0
arrivThrPut=0.027818267803351084 deptThrPut=0.0
meanTkPop=139336.49592313016 tkColOcp=0.9999999999999998
-----
meanST=NaN stDevST=NaN

Steady State Statistics: Only 0 batches collected!
Need at least 60 for steady state statistics.



REPORT for Ordinary Place : Finish_login----------------------------------------

tkOcp=1.0

------------------ Color = login --------------------
arrivCnt=277842 deptCnt=0
arrivThrPut=0.027812061586082504 deptThrPut=0.0
meanTkPop=139410.58278325494 tkColOcp=1.0
-----
meanST=NaN stDevST=NaN

Steady State Statistics: Only 0 batches collected!
Need at least 60 for steady state statistics.



REPORT for Ordinary Place : Finish_loginAction----------------------------------------

tkOcp=0.9999999999999998

------------------ Color = loginAction --------------------
arrivCnt=278168 deptCnt=0
arrivThrPut=0.02784469427688182 deptThrPut=0.0
meanTkPop=139338.9028631038 tkColOcp=0.9999999999999998
-----
meanST=NaN stDevST=NaN

Steady State Statistics: Only 0 batches collected!
Need at least 60 for steady state statistics.



REPORT for Ordinary Place : Finish_category----------------------------------------

tkOcp=1.0

------------------ Color = category --------------------
arrivCnt=276764 deptCnt=0
arrivThrPut=0.027704153485832012 deptThrPut=0.0
meanTkPop=138423.35703612538 tkColOcp=1.0
-----
meanST=NaN stDevST=NaN

Steady State Statistics: Only 0 batches collected!
Need at least 60 for steady state statistics.



REPORT for Ordinary Place : Finish_product----------------------------------------

tkOcp=1.0

------------------ Color = product --------------------
arrivCnt=277488 deptCnt=0
arrivThrPut=0.027776626087484477 deptThrPut=0.0
meanTkPop=138991.97181441673 tkColOcp=1.0
-----
meanST=NaN stDevST=NaN

Steady State Statistics: Only 0 batches collected!
Need at least 60 for steady state statistics.



REPORT for Ordinary Place : Finish_logout----------------------------------------

tkOcp=0.9999999999999998

------------------ Color = logout --------------------
arrivCnt=277553 deptCnt=0
arrivThrPut=0.027783132605588633 deptThrPut=0.0
meanTkPop=138983.8686378793 tkColOcp=0.9999999999999998
-----
meanST=NaN stDevST=NaN

Steady State Statistics: Only 0 batches collected!
Need at least 60 for steady state statistics.



REPORT REPORT for Probe : /index----------------------------------------


------------------ Color = index --------------------
-----
meanST=0.5539690859670694 stDevST=0.542576076562016

Steady State Statistics: numBatchesST=694 batchSizeST=400 stDevStdStateMeanST=0.028047183612290905
95% c.i. = 0.5540334105485839 +/- 0.00208668845594237



REPORT REPORT for Probe : /login----------------------------------------


------------------ Color = login --------------------
-----
meanST=1.3374487402617605 stDevST=0.8056962747995199

Steady State Statistics: numBatchesST=694 batchSizeST=400 stDevStdStateMeanST=0.04266911705877136
95% c.i. = 1.3374619566410504 +/- 0.003174548832517136



REPORT REPORT for Probe : /loginAction----------------------------------------


------------------ Color = loginAction --------------------
-----
meanST=1.1101512167451475 stDevST=0.738907707476982

Steady State Statistics: numBatchesST=695 batchSizeST=400 stDevStdStateMeanST=0.036483785355937715
95% c.i. = 1.1101025988660929 +/- 0.002712411523090065



REPORT REPORT for Probe : /logout----------------------------------------


------------------ Color = logout --------------------
-----
meanST=1.9713892870085503 stDevST=1.059812044505813

Steady State Statistics: numBatchesST=693 batchSizeST=400 stDevStdStateMeanST=0.0552400303147244
95% c.i. = 1.971416876009876 +/- 0.00411277908156227



REPORT REPORT for Probe : /category----------------------------------------


------------------ Color = category --------------------
-----
meanST=2.343356598901371 stDevST=1.4091996611771231

Steady State Statistics: numBatchesST=345 batchSizeST=800 stDevStdStateMeanST=0.051552275137014776
95% c.i. = 2.3436535372919116 +/- 0.0054398431807318225



REPORT REPORT for Probe : /product----------------------------------------


------------------ Color = product --------------------
-----
meanST=0.7418099291597543 stDevST=0.5777648951949643

Steady State Statistics: numBatchesST=693 batchSizeST=400 stDevStdStateMeanST=0.029823375451609686
95% c.i. = 0.7418188634171425 +/- 0.002220436049729384



