INFO Logging to /home/yjx/workloadConfig/qpme/output/SimQPN_Output_config_2025-08-14_08244195.log
WARN Batch means correlation test was run for depository of place Workload, color 0
    However, the standard deviation of the token residence time is 0 and therefore the result of the test is ignored!
    In future runs, you should set numBMeansCorlTested to 0 to switch off the correlation test!
WARN Batch means correlation test was run for depository of place W/login, color 0
    However, the standard deviation of the token residence time is 0 and therefore the result of the test is ignored!
    In future runs, you should set numBMeansCorlTested to 0 to switch off the correlation test!
WARN Batch means correlation test was run for depository of place P/categories_login, color 0
    However, the standard deviation of the token residence time is 0 and therefore the result of the test is ignored!
    In future runs, you should set numBMeansCorlTested to 0 to switch off the correlation test!
WARN Batch means correlation test was run for depository of place I/icon_login, color 0
    However, the standard deviation of the token residence time is 0 and therefore the result of the test is ignored!
    In future runs, you should set numBMeansCorlTested to 0 to switch off the correlation test!
WARN Batch means correlation test was run for depository of place A/isLoggedIn_login, color 0
    However, the standard deviation of the token residence time is 0 and therefore the result of the test is ignored!
    In future runs, you should set numBMeansCorlTested to 0 to switch off the correlation test!
WARN Batch means correlation test was run for depository of place W/product, color 0
    However, the standard deviation of the token residence time is 0 and therefore the result of the test is ignored!
    In future runs, you should set numBMeansCorlTested to 0 to switch off the correlation test!
WARN Batch means correlation test was run for depository of place P/getProduct_product, color 0
    However, the standard deviation of the token residence time is 0 and therefore the result of the test is ignored!
    In future runs, you should set numBMeansCorlTested to 0 to switch off the correlation test!
WARN Batch means correlation test was run for depository of place R/getAds_product, color 0
    However, the standard deviation of the token residence time is 0 and therefore the result of the test is ignored!
    In future runs, you should set numBMeansCorlTested to 0 to switch off the correlation test!
WARN Batch means correlation test was run for depository of place I/product_product, color 0
    However, the standard deviation of the token residence time is 0 and therefore the result of the test is ignored!
    In future runs, you should set numBMeansCorlTested to 0 to switch off the correlation test!
WARN Batch means correlation test was run for depository of place A/isLoggedIn_product, color 0
    However, the standard deviation of the token residence time is 0 and therefore the result of the test is ignored!
    In future runs, you should set numBMeansCorlTested to 0 to switch off the correlation test!
WARN Batch means correlation test was run for depository of place W/logout, color 0
    However, the standard deviation of the token residence time is 0 and therefore the result of the test is ignored!
    In future runs, you should set numBMeansCorlTested to 0 to switch off the correlation test!
WARN Batch means correlation test was run for depository of place A/logout_logout, color 0
    However, the standard deviation of the token residence time is 0 and therefore the result of the test is ignored!
    In future runs, you should set numBMeansCorlTested to 0 to switch off the correlation test!
WARN Batch means correlation test was run for depository of place P/category_logout, color 0
    However, the standard deviation of the token residence time is 0 and therefore the result of the test is ignored!
    In future runs, you should set numBMeansCorlTested to 0 to switch off the correlation test!
WARN Batch means correlation test was run for depository of place I/icon_logout, color 0
    However, the standard deviation of the token residence time is 0 and therefore the result of the test is ignored!
    In future runs, you should set numBMeansCorlTested to 0 to switch off the correlation test!
WARN Batch means correlation test was run for depository of place W/loginAction, color 0
    However, the standard deviation of the token residence time is 0 and therefore the result of the test is ignored!
    In future runs, you should set numBMeansCorlTested to 0 to switch off the correlation test!
WARN Batch means correlation test was run for depository of place A/login_loginAction, color 0
    However, the standard deviation of the token residence time is 0 and therefore the result of the test is ignored!
    In future runs, you should set numBMeansCorlTested to 0 to switch off the correlation test!
WARN Batch means correlation test was run for depository of place P/getUser_loginAction, color 0
    However, the standard deviation of the token residence time is 0 and therefore the result of the test is ignored!
    In future runs, you should set numBMeansCorlTested to 0 to switch off the correlation test!
WARN Batch means correlation test was run for depository of place I/icon_loginAction, color 0
    However, the standard deviation of the token residence time is 0 and therefore the result of the test is ignored!
    In future runs, you should set numBMeansCorlTested to 0 to switch off the correlation test!
WARN Batch means correlation test was run for depository of place W/category, color 0
    However, the standard deviation of the token residence time is 0 and therefore the result of the test is ignored!
    In future runs, you should set numBMeansCorlTested to 0 to switch off the correlation test!
WARN Batch means correlation test was run for depository of place P/category_category, color 0
    However, the standard deviation of the token residence time is 0 and therefore the result of the test is ignored!
    In future runs, you should set numBMeansCorlTested to 0 to switch off the correlation test!
WARN Batch means correlation test was run for depository of place I/productImages_category, color 0
    However, the standard deviation of the token residence time is 0 and therefore the result of the test is ignored!
    In future runs, you should set numBMeansCorlTested to 0 to switch off the correlation test!
WARN Batch means correlation test was run for depository of place A/isLoggedIn_category, color 0
    However, the standard deviation of the token residence time is 0 and therefore the result of the test is ignored!
    In future runs, you should set numBMeansCorlTested to 0 to switch off the correlation test!
WARN Batch means correlation test was run for depository of place W/index, color 0
    However, the standard deviation of the token residence time is 0 and therefore the result of the test is ignored!
    In future runs, you should set numBMeansCorlTested to 0 to switch off the correlation test!
WARN Batch means correlation test was run for depository of place P/categories_index, color 0
    However, the standard deviation of the token residence time is 0 and therefore the result of the test is ignored!
    In future runs, you should set numBMeansCorlTested to 0 to switch off the correlation test!
WARN Batch means correlation test was run for depository of place A/isLoggedIn_index, color 0
    However, the standard deviation of the token residence time is 0 and therefore the result of the test is ignored!
    In future runs, you should set numBMeansCorlTested to 0 to switch off the correlation test!
WARN Batch means correlation test was run for depository of place I/icon_index, color 0
    However, the standard deviation of the token residence time is 0 and therefore the result of the test is ignored!
    In future runs, you should set numBMeansCorlTested to 0 to switch off the correlation test!
WARN LP-1 The simulation was stopped because of reaching max totalRunLen.
The required precision may not have been reached!
REPORT for Queue of Queueing Place : W/index----------------------------------------

queueUtilQPl=0.009885367092789902

------------------ Color = index --------------------
arrivCnt=278321 deptCnt=278321
arrivThrPut=0.027859955869449355 deptThrPut=0.027859955869449355
meanTkPop=0.009985731832258152 tkColOcp=0.009885367092789902
-----
meanST=0.35842597450803204 stDevST=0.3596336489216019

Steady State Statistics: numBatchesST=695 batchSizeST=400 stDevStdStateMeanST=0.018707655782592293
95% c.i. = 0.3584629991217484 +/- 0.001390833232342966



REPORT for Depository of Queueing Place : W/index----------------------------------------

tkOcp=0.0

------------------ Color = index --------------------
arrivCnt=278321 deptCnt=278321
arrivThrPut=0.027859955869449355 deptThrPut=0.027859955869449355
meanTkPop=0.0 tkColOcp=0.0
-----
meanST=0.0 stDevST=0.0

Steady State Statistics: numBatchesST=1391 batchSizeST=200 stDevStdStateMeanST=0.0
95% c.i. = 0.0 +/- 0.0



REPORT for Queue : WebUI----------------------------------------

totArrivThrPut=0.16665773328840008 totDeptThrPut=0.16665773328840008
meanTotTkPop=0.05326347093317393 queueUtil=0.05020276009807423
meanST=0.3195979561356559



REPORT for Queue of Queueing Place : P/categories_index----------------------------------------

queueUtilQPl=0.012952838743906932

------------------ Color = index --------------------
arrivCnt=278321 deptCnt=278321
arrivThrPut=0.027859955869449355 deptThrPut=0.027859955869449355
meanTkPop=0.01311841253844472 tkColOcp=0.012952838743906932
-----
meanST=0.47086982477348777 stDevST=0.4807580288754478

Steady State Statistics: numBatchesST=695 batchSizeST=400 stDevStdStateMeanST=0.023871766858823185
95% c.i. = 0.4708801951250912 +/- 0.0017747625382806803



REPORT for Depository of Queueing Place : P/categories_index----------------------------------------

tkOcp=0.0

------------------ Color = index --------------------
arrivCnt=278321 deptCnt=278321
arrivThrPut=0.027859955869449355 deptThrPut=0.027859955869449355
meanTkPop=0.0 tkColOcp=0.0
-----
meanST=0.0 stDevST=0.0

Steady State Statistics: numBatchesST=1391 batchSizeST=200 stDevStdStateMeanST=0.0
95% c.i. = 0.0 +/- 0.0



REPORT for Queue : Persistence----------------------------------------

totArrivThrPut=0.16665773328840006 totDeptThrPut=0.16665773328840006
meanTotTkPop=0.08098303396784622 queueUtil=0.07417890359959195
meanST=0.48592424947785423



REPORT for Queue of Queueing Place : A/isLoggedIn_index----------------------------------------

queueUtilQPl=0.006581104848766328

------------------ Color = index --------------------
arrivCnt=278321 deptCnt=278321
arrivThrPut=0.027859955869449355 deptThrPut=0.027859955869449355
meanTkPop=0.006658661129959626 tkColOcp=0.006581104848766328
-----
meanST=0.2390047263951834 stDevST=0.359089746304719

Steady State Statistics: numBatchesST=695 batchSizeST=400 stDevStdStateMeanST=0.01919801270842661
95% c.i. = 0.23898912345688658 +/- 0.0014272891472948818



REPORT for Depository of Queueing Place : A/isLoggedIn_index----------------------------------------

tkOcp=0.0

------------------ Color = index --------------------
arrivCnt=278321 deptCnt=278321
arrivThrPut=0.027859955869449355 deptThrPut=0.027859955869449355
meanTkPop=0.0 tkColOcp=0.0
-----
meanST=0.0 stDevST=0.0

Steady State Statistics: numBatchesST=1391 batchSizeST=200 stDevStdStateMeanST=0.0
95% c.i. = 0.0 +/- 0.0



REPORT for Queue : Auth----------------------------------------

totArrivThrPut=0.16665773328840008 totDeptThrPut=0.16665773328840008
meanTotTkPop=0.06484478110435789 queueUtil=0.05721447468799623
meanST=0.38908954193049317



REPORT for Queue of Queueing Place : W/login----------------------------------------

queueUtilQPl=0.012038963605064703

------------------ Color = login --------------------
arrivCnt=277222 deptCnt=277222
arrivThrPut=0.027749945875591455 deptThrPut=0.027749945875591455
meanTkPop=0.012184071713009283 tkColOcp=0.012038963605064703
-----
meanST=0.4390665036837516 stDevST=0.4364767564051225

Steady State Statistics: numBatchesST=693 batchSizeST=400 stDevStdStateMeanST=0.023384171022513157
95% c.i. = 0.4390590336875971 +/- 0.0017410187661579047



REPORT for Depository of Queueing Place : W/login----------------------------------------

tkOcp=0.0

------------------ Color = login --------------------
arrivCnt=277222 deptCnt=277222
arrivThrPut=0.027749945875591455 deptThrPut=0.027749945875591455
meanTkPop=0.0 tkColOcp=0.0
-----
meanST=0.0 stDevST=0.0

Steady State Statistics: numBatchesST=1386 batchSizeST=200 stDevStdStateMeanST=0.0
95% c.i. = 0.0 +/- 0.0



REPORT for Queue : WebUI----------------------------------------

totArrivThrPut=0.16665773328840008 totDeptThrPut=0.16665773328840008
meanTotTkPop=0.05326347093317393 queueUtil=0.05020276009807423
meanST=0.3195979561356559



REPORT for Queue of Queueing Place : W/loginAction----------------------------------------

queueUtilQPl=0.011481061477898489

------------------ Color = loginAction --------------------
arrivCnt=277483 deptCnt=277483
arrivThrPut=0.027776071997881638 deptThrPut=0.027776071997881638
meanTkPop=0.011610627738000225 tkColOcp=0.011481061477898489
-----
meanST=0.4180082676515858 stDevST=0.4167401422953605

Steady State Statistics: numBatchesST=693 batchSizeST=400 stDevStdStateMeanST=0.021639059166240572
95% c.i. = 0.4180318372724931 +/- 0.001611090170960319



REPORT for Depository of Queueing Place : W/loginAction----------------------------------------

tkOcp=0.0

------------------ Color = loginAction --------------------
arrivCnt=277483 deptCnt=277483
arrivThrPut=0.027776071997881638 deptThrPut=0.027776071997881638
meanTkPop=0.0 tkColOcp=0.0
-----
meanST=0.0 stDevST=0.0

Steady State Statistics: numBatchesST=1387 batchSizeST=200 stDevStdStateMeanST=0.0
95% c.i. = 0.0 +/- 0.0



REPORT for Queue : WebUI----------------------------------------

totArrivThrPut=0.16665773328840008 totDeptThrPut=0.16665773328840008
meanTotTkPop=0.05326347093317393 queueUtil=0.05020276009807423
meanST=0.3195979561356559



REPORT for Queue of Queueing Place : A/login_loginAction----------------------------------------

queueUtilQPl=0.004933871506316067

------------------ Color = loginAction --------------------
arrivCnt=277483 deptCnt=277483
arrivThrPut=0.027776071997881638 deptThrPut=0.027776071997881638
meanTkPop=0.0049821366117062844 tkColOcp=0.004933871506316067
-----
meanST=0.17936793266111387 stDevST=0.3270959977018642

Steady State Statistics: numBatchesST=693 batchSizeST=400 stDevStdStateMeanST=0.017480370749557824
95% c.i. = 0.17933612761720785 +/- 0.001301463861390589



REPORT for Depository of Queueing Place : A/login_loginAction----------------------------------------

tkOcp=0.0

------------------ Color = loginAction --------------------
arrivCnt=277483 deptCnt=277483
arrivThrPut=0.027776071997881638 deptThrPut=0.027776071997881638
meanTkPop=0.0 tkColOcp=0.0
-----
meanST=0.0 stDevST=0.0

Steady State Statistics: numBatchesST=1387 batchSizeST=200 stDevStdStateMeanST=0.0
95% c.i. = 0.0 +/- 0.0



REPORT for Queue : Auth----------------------------------------

totArrivThrPut=0.16665773328840008 totDeptThrPut=0.16665773328840008
meanTotTkPop=0.06484478110435789 queueUtil=0.05721447468799623
meanST=0.38908954193049317



REPORT for Queue of Queueing Place : W/logout----------------------------------------

queueUtilQPl=0.005870279536264303

------------------ Color = logout --------------------
arrivCnt=276851 deptCnt=276851
arrivThrPut=0.02771280874390694 deptThrPut=0.02771280874390694
meanTkPop=0.005906032732667348 tkColOcp=0.005870279536264303
-----
meanST=0.21311563137626297 stDevST=0.22806916452141515

Steady State Statistics: numBatchesST=692 batchSizeST=400 stDevStdStateMeanST=0.011326796349095218
95% c.i. = 0.21311883359588135 +/- 8.439216645924254E-4



REPORT for Depository of Queueing Place : W/logout----------------------------------------

tkOcp=0.0

------------------ Color = logout --------------------
arrivCnt=276851 deptCnt=276851
arrivThrPut=0.02771280874390694 deptThrPut=0.02771280874390694
meanTkPop=0.0 tkColOcp=0.0
-----
meanST=0.0 stDevST=0.0

Steady State Statistics: numBatchesST=1384 batchSizeST=200 stDevStdStateMeanST=0.0
95% c.i. = 0.0 +/- 0.0



REPORT for Queue : WebUI----------------------------------------

totArrivThrPut=0.16665773328840008 totDeptThrPut=0.16665773328840008
meanTotTkPop=0.05326347093317393 queueUtil=0.05020276009807423
meanST=0.3195979561356559



REPORT for Queue of Queueing Place : A/logout_logout----------------------------------------

queueUtilQPl=0.004491858995659269

------------------ Color = logout --------------------
arrivCnt=276851 deptCnt=276851
arrivThrPut=0.02771280874390694 deptThrPut=0.02771280874390694
meanTkPop=0.004541743399358407 tkColOcp=0.004491858995659269
-----
meanST=0.1638860730909123 stDevST=0.326080179215828

Steady State Statistics: numBatchesST=692 batchSizeST=400 stDevStdStateMeanST=0.01636977148556433
95% c.i. = 0.16388071114528002 +/- 0.001219656854005201



REPORT for Depository of Queueing Place : A/logout_logout----------------------------------------

tkOcp=0.0

------------------ Color = logout --------------------
arrivCnt=276851 deptCnt=276851
arrivThrPut=0.02771280874390694 deptThrPut=0.02771280874390694
meanTkPop=0.0 tkColOcp=0.0
-----
meanST=0.0 stDevST=0.0

Steady State Statistics: numBatchesST=1384 batchSizeST=200 stDevStdStateMeanST=0.0
95% c.i. = 0.0 +/- 0.0



REPORT for Queue : Auth----------------------------------------

totArrivThrPut=0.16665773328840008 totDeptThrPut=0.16665773328840008
meanTotTkPop=0.06484478110435789 queueUtil=0.05721447468799623
meanST=0.38908954193049317



REPORT for Queue of Queueing Place : P/getUser_loginAction----------------------------------------

queueUtilQPl=0.004346188482074003

------------------ Color = loginAction --------------------
arrivCnt=277483 deptCnt=277483
arrivThrPut=0.027776071997881638 deptThrPut=0.027776071997881638
meanTkPop=0.004378796089691305 tkColOcp=0.004346188482074003
-----
meanST=0.15764633998735517 stDevST=0.23987881922668983

Steady State Statistics: numBatchesST=693 batchSizeST=400 stDevStdStateMeanST=0.012083799433381125
95% c.i. = 0.15763221521428364 +/- 8.996736108263278E-4



REPORT for Depository of Queueing Place : P/getUser_loginAction----------------------------------------

tkOcp=0.0

------------------ Color = loginAction --------------------
arrivCnt=277483 deptCnt=277483
arrivThrPut=0.027776071997881638 deptThrPut=0.027776071997881638
meanTkPop=0.0 tkColOcp=0.0
-----
meanST=0.0 stDevST=0.0

Steady State Statistics: numBatchesST=1387 batchSizeST=200 stDevStdStateMeanST=0.0
95% c.i. = 0.0 +/- 0.0



REPORT for Queue : Persistence----------------------------------------

totArrivThrPut=0.16665773328840006 totDeptThrPut=0.16665773328840006
meanTotTkPop=0.08098303396784622 queueUtil=0.07417890359959195
meanST=0.48592424947785423



REPORT for Queue of Queueing Place : W/category----------------------------------------

queueUtilQPl=0.010311800308840649

------------------ Color = category --------------------
arrivCnt=277556 deptCnt=277556
arrivThrPut=0.02778337930411606 deptThrPut=0.02778337930411606
meanTkPop=0.010417316090640016 tkColOcp=0.010311800308840649
-----
meanST=0.37494776919007505 stDevST=0.37593615601282787

Steady State Statistics: numBatchesST=693 batchSizeST=400 stDevStdStateMeanST=0.0194355117095125
95% c.i. = 0.37496344833174233 +/- 0.0014470297272272663



REPORT for Depository of Queueing Place : W/category----------------------------------------

tkOcp=0.0

------------------ Color = category --------------------
arrivCnt=277556 deptCnt=277556
arrivThrPut=0.02778337930411606 deptThrPut=0.02778337930411606
meanTkPop=0.0 tkColOcp=0.0
-----
meanST=0.0 stDevST=0.0

Steady State Statistics: numBatchesST=1387 batchSizeST=200 stDevStdStateMeanST=0.0
95% c.i. = 0.0 +/- 0.0



REPORT for Queue : WebUI----------------------------------------

totArrivThrPut=0.16665773328840008 totDeptThrPut=0.16665773328840008
meanTotTkPop=0.05326347093317393 queueUtil=0.05020276009807423
meanST=0.3195979561356559



REPORT for Queue of Queueing Place : W/product----------------------------------------

queueUtilQPl=0.003145850712237842

------------------ Color = product --------------------
arrivCnt=277478 deptCnt=277478
arrivThrPut=0.02777557149745462 deptThrPut=0.02777557149745462
meanTkPop=0.0031596908265989 tkColOcp=0.003145850712237842
-----
meanST=0.11375790510335519 stDevST=0.15262942553184206

Steady State Statistics: numBatchesST=693 batchSizeST=400 stDevStdStateMeanST=0.007739711600682148
95% c.i. = 0.11375244653951411 +/- 5.762437816788368E-4



REPORT for Depository of Queueing Place : W/product----------------------------------------

tkOcp=0.0

------------------ Color = product --------------------
arrivCnt=277478 deptCnt=277478
arrivThrPut=0.02777557149745462 deptThrPut=0.02777557149745462
meanTkPop=0.0 tkColOcp=0.0
-----
meanST=0.0 stDevST=0.0

Steady State Statistics: numBatchesST=1387 batchSizeST=200 stDevStdStateMeanST=0.0
95% c.i. = 0.0 +/- 0.0



REPORT for Queue : WebUI----------------------------------------

totArrivThrPut=0.16665773328840008 totDeptThrPut=0.16665773328840008
meanTotTkPop=0.05326347093317393 queueUtil=0.05020276009807423
meanST=0.3195979561356559



REPORT for Queue of Queueing Place : P/category_category----------------------------------------

queueUtilQPl=0.017981049549726305

------------------ Color = category --------------------
arrivCnt=277556 deptCnt=277556
arrivThrPut=0.02778337930411606 deptThrPut=0.02778337930411606
meanTkPop=0.01829705409636713 tkColOcp=0.017981049549726305
-----
meanST=0.658561145355578 stDevST=0.6530636508924128

Steady State Statistics: numBatchesST=693 batchSizeST=400 stDevStdStateMeanST=0.03309937372364007
95% c.i. = 0.6585645357351655 +/- 0.002464343540143076



REPORT for Depository of Queueing Place : P/category_category----------------------------------------

tkOcp=0.0

------------------ Color = category --------------------
arrivCnt=277556 deptCnt=277556
arrivThrPut=0.02778337930411606 deptThrPut=0.02778337930411606
meanTkPop=0.0 tkColOcp=0.0
-----
meanST=0.0 stDevST=0.0

Steady State Statistics: numBatchesST=1387 batchSizeST=200 stDevStdStateMeanST=0.0
95% c.i. = 0.0 +/- 0.0



REPORT for Queue : Persistence----------------------------------------

totArrivThrPut=0.16665773328840006 totDeptThrPut=0.16665773328840006
meanTotTkPop=0.08098303396784622 queueUtil=0.07417890359959195
meanST=0.48592424947785423



REPORT for Queue of Queueing Place : P/getProduct_product----------------------------------------

queueUtilQPl=0.018270730254453173

------------------ Color = product --------------------
arrivCnt=277478 deptCnt=277478
arrivThrPut=0.02777557149745462 deptThrPut=0.02777557149745462
meanTkPop=0.01862159024130204 tkColOcp=0.018270730254453173
-----
meanST=0.6704304983610702 stDevST=0.6621142477048492

Steady State Statistics: numBatchesST=693 batchSizeST=400 stDevStdStateMeanST=0.03547739978984767
95% c.i. = 0.670408459583514 +/- 0.0026413944180080267



REPORT for Depository of Queueing Place : P/getProduct_product----------------------------------------

tkOcp=0.0

------------------ Color = product --------------------
arrivCnt=277478 deptCnt=277478
arrivThrPut=0.02777557149745462 deptThrPut=0.02777557149745462
meanTkPop=0.0 tkColOcp=0.0
-----
meanST=0.0 stDevST=0.0

Steady State Statistics: numBatchesST=1387 batchSizeST=200 stDevStdStateMeanST=0.0
95% c.i. = 0.0 +/- 0.0



REPORT for Queue : Persistence----------------------------------------

totArrivThrPut=0.16665773328840006 totDeptThrPut=0.16665773328840006
meanTotTkPop=0.08098303396784622 queueUtil=0.07417890359959195
meanST=0.48592424947785423



REPORT for Queue of Queueing Place : R/getAds_product----------------------------------------

queueUtilQPl=0.0029994304486267737

------------------ Color = product --------------------
arrivCnt=277478 deptCnt=277478
arrivThrPut=0.02777557149745462 deptThrPut=0.02777557149745462
meanTkPop=0.0030085584341688365 tkColOcp=0.0029994304486267737
-----
meanST=0.10831670680275807 stDevST=0.10779603609632746

Steady State Statistics: numBatchesST=693 batchSizeST=400 stDevStdStateMeanST=0.0053871019057085716
95% c.i. = 0.10831131713500192 +/- 4.0108522572871786E-4



REPORT for Depository of Queueing Place : R/getAds_product----------------------------------------

tkOcp=0.0

------------------ Color = product --------------------
arrivCnt=277478 deptCnt=277478
arrivThrPut=0.02777557149745462 deptThrPut=0.02777557149745462
meanTkPop=0.0 tkColOcp=0.0
-----
meanST=0.0 stDevST=0.0

Steady State Statistics: numBatchesST=1387 batchSizeST=200 stDevStdStateMeanST=0.0
95% c.i. = 0.0 +/- 0.0



REPORT for Queue : Recommender----------------------------------------

totArrivThrPut=0.02777557149745462 totDeptThrPut=0.02777557149745462
meanTotTkPop=0.0030085584341688365 queueUtil=0.0029994304486267737
meanST=0.10831670680275807



REPORT for Queue of Queueing Place : I/productImages_category----------------------------------------

queueUtilQPl=0.010931810614335435

------------------ Color = category --------------------
arrivCnt=277556 deptCnt=277556
arrivThrPut=0.02778337930411606 deptThrPut=0.02778337930411606
meanTkPop=0.01105259751386913 tkColOcp=0.010931810614335435
-----
meanST=0.39781328948101385 stDevST=0.4177373085401395

Steady State Statistics: numBatchesST=693 batchSizeST=400 stDevStdStateMeanST=0.02218191022161476
95% c.i. = 0.3977869277368907 +/- 0.0016515069928235003



REPORT for Depository of Queueing Place : I/productImages_category----------------------------------------

tkOcp=0.0

------------------ Color = category --------------------
arrivCnt=277556 deptCnt=277556
arrivThrPut=0.02778337930411606 deptThrPut=0.02778337930411606
meanTkPop=0.0 tkColOcp=0.0
-----
meanST=0.0 stDevST=0.0

Steady State Statistics: numBatchesST=1387 batchSizeST=200 stDevStdStateMeanST=0.0
95% c.i. = 0.0 +/- 0.0



REPORT for Queue : ImageProvider----------------------------------------

totArrivThrPut=0.16665773328840006 totDeptThrPut=0.16665773328840006
meanTotTkPop=0.07514808963269554 queueUtil=0.06855657736023234
meanST=0.45091270683882567



REPORT for Queue of Queueing Place : I/product_product----------------------------------------

queueUtilQPl=0.012655225318450588

------------------ Color = product --------------------
arrivCnt=277478 deptCnt=277478
arrivThrPut=0.02777557149745462 deptThrPut=0.02777557149745462
meanTkPop=0.01281984136395379 tkColOcp=0.012655225318450588
-----
meanST=0.4615509482902489 stDevST=0.47491887682738465

Steady State Statistics: numBatchesST=693 batchSizeST=400 stDevStdStateMeanST=0.024672744413901833
95% c.i. = 0.46157549586896035 +/- 0.00183695676001792



REPORT for Depository of Queueing Place : I/product_product----------------------------------------

tkOcp=0.0

------------------ Color = product --------------------
arrivCnt=277478 deptCnt=277478
arrivThrPut=0.02777557149745462 deptThrPut=0.02777557149745462
meanTkPop=0.0 tkColOcp=0.0
-----
meanST=0.0 stDevST=0.0

Steady State Statistics: numBatchesST=1387 batchSizeST=200 stDevStdStateMeanST=0.0
95% c.i. = 0.0 +/- 0.0



REPORT for Queue : ImageProvider----------------------------------------

totArrivThrPut=0.16665773328840006 totDeptThrPut=0.16665773328840006
meanTotTkPop=0.07514808963269554 queueUtil=0.06855657736023234
meanST=0.45091270683882567



REPORT for Queue of Queueing Place : Workload----------------------------------------

queueUtilQPl=1.0000000000000002

------------------ Color = workload --------------------
arrivCnt=1664911 deptCnt=1664911
arrivThrPut=0.16665773328840006 deptThrPut=0.16665773328840006
meanTkPop=1.0000000000000002 tkColOcp=1.0000000000000002
-----
meanST=6.000321618856456 stDevST=6.001041576437365

Steady State Statistics: numBatchesST=1040 batchSizeST=1600 stDevStdStateMeanST=0.15067179718760537
95% c.i. = 6.000216344621827 +/- 0.009157214554321093



REPORT for Depository of Queueing Place : Workload----------------------------------------

tkOcp=0.0

------------------ Color = workload --------------------
arrivCnt=1664911 deptCnt=1664911
arrivThrPut=0.16665773328840006 deptThrPut=0.16665773328840006
meanTkPop=0.0 tkColOcp=0.0
-----
meanST=0.0 stDevST=0.0

Steady State Statistics: numBatchesST=8324 batchSizeST=200 stDevStdStateMeanST=0.0
95% c.i. = 0.0 +/- 0.0



REPORT for Queue : Workload----------------------------------------

totArrivThrPut=0.16665773328840006 totDeptThrPut=0.16665773328840006
meanTotTkPop=1.0000000000000002 queueUtil=1.0000000000000002
meanST=6.000321618856456



REPORT for Queue of Queueing Place : I/icon_index----------------------------------------

queueUtilQPl=0.014014517772430518

------------------ Color = index --------------------
arrivCnt=278321 deptCnt=278321
arrivThrPut=0.027859955869449355 deptThrPut=0.027859955869449355
meanTkPop=0.014223825104961556 tkColOcp=0.014014517772430518
-----
meanST=0.5105472948921325 stDevST=0.5197571486582576

Steady State Statistics: numBatchesST=695 batchSizeST=400 stDevStdStateMeanST=0.026552127983955537
95% c.i. = 0.5105711075739354 +/- 0.001974035786133741



REPORT for Depository of Queueing Place : I/icon_index----------------------------------------

tkOcp=0.0

------------------ Color = index --------------------
arrivCnt=278321 deptCnt=278321
arrivThrPut=0.027859955869449355 deptThrPut=0.027859955869449355
meanTkPop=0.0 tkColOcp=0.0
-----
meanST=0.0 stDevST=0.0

Steady State Statistics: numBatchesST=1391 batchSizeST=200 stDevStdStateMeanST=0.0
95% c.i. = 0.0 +/- 0.0



REPORT for Queue : ImageProvider----------------------------------------

totArrivThrPut=0.16665773328840006 totDeptThrPut=0.16665773328840006
meanTotTkPop=0.07514808963269554 queueUtil=0.06855657736023234
meanST=0.45091270683882567



REPORT for Queue of Queueing Place : P/categories_login----------------------------------------

queueUtilQPl=0.012107620038663407

------------------ Color = login --------------------
arrivCnt=277222 deptCnt=277222
arrivThrPut=0.027749945875591455 deptThrPut=0.027749945875591455
meanTkPop=0.012257676313689113 tkColOcp=0.012107620038663407
-----
meanST=0.44171892689963155 stDevST=0.45428133750558247

Steady State Statistics: numBatchesST=693 batchSizeST=400 stDevStdStateMeanST=0.023693053648265457
95% c.i. = 0.4417229851035139 +/- 0.0017640159657360782



REPORT for Depository of Queueing Place : P/categories_login----------------------------------------

tkOcp=0.0

------------------ Color = login --------------------
arrivCnt=277222 deptCnt=277222
arrivThrPut=0.027749945875591455 deptThrPut=0.027749945875591455
meanTkPop=0.0 tkColOcp=0.0
-----
meanST=0.0 stDevST=0.0

Steady State Statistics: numBatchesST=1386 batchSizeST=200 stDevStdStateMeanST=0.0
95% c.i. = 0.0 +/- 0.0



REPORT for Queue : Persistence----------------------------------------

totArrivThrPut=0.16665773328840006 totDeptThrPut=0.16665773328840006
meanTotTkPop=0.08098303396784622 queueUtil=0.07417890359959195
meanST=0.48592424947785423



REPORT for Queue of Queueing Place : I/icon_login----------------------------------------

queueUtilQPl=0.02198699767187422

------------------ Color = login --------------------
arrivCnt=277222 deptCnt=277222
arrivThrPut=0.027749945875591455 deptThrPut=0.027749945875591455
meanTkPop=0.022476498076299055 tkColOcp=0.02198699767187422
-----
meanST=0.8099654744216684 stDevST=0.8009047364719288

Steady State Statistics: numBatchesST=693 batchSizeST=400 stDevStdStateMeanST=0.03939545048871805
95% c.i. = 0.8099908793033765 +/- 0.002933104557611611



REPORT for Depository of Queueing Place : I/icon_login----------------------------------------

tkOcp=0.0

------------------ Color = login --------------------
arrivCnt=277222 deptCnt=277222
arrivThrPut=0.027749945875591455 deptThrPut=0.027749945875591455
meanTkPop=0.0 tkColOcp=0.0
-----
meanST=0.0 stDevST=0.0

Steady State Statistics: numBatchesST=1386 batchSizeST=200 stDevStdStateMeanST=0.0
95% c.i. = 0.0 +/- 0.0



REPORT for Queue : ImageProvider----------------------------------------

totArrivThrPut=0.16665773328840006 totDeptThrPut=0.16665773328840006
meanTotTkPop=0.07514808963269554 queueUtil=0.06855657736023234
meanST=0.45091270683882567



REPORT for Queue of Queueing Place : A/isLoggedIn_login----------------------------------------

queueUtilQPl=0.03145455829245953

------------------ Color = login --------------------
arrivCnt=277222 deptCnt=277222
arrivThrPut=0.027749945875591455 deptThrPut=0.027749945875591455
meanTkPop=0.032480443549565294 tkColOcp=0.03145455829245953
-----
meanST=1.1704687171348587 stDevST=1.1654088357843526

Steady State Statistics: numBatchesST=693 batchSizeST=400 stDevStdStateMeanST=0.061784948950246756
95% c.i. = 1.1704696922135076 +/- 0.00460006709174876



REPORT for Depository of Queueing Place : A/isLoggedIn_login----------------------------------------

tkOcp=0.0

------------------ Color = login --------------------
arrivCnt=277222 deptCnt=277222
arrivThrPut=0.027749945875591455 deptThrPut=0.027749945875591455
meanTkPop=0.0 tkColOcp=0.0
-----
meanST=0.0 stDevST=0.0

Steady State Statistics: numBatchesST=1386 batchSizeST=200 stDevStdStateMeanST=0.0
95% c.i. = 0.0 +/- 0.0



REPORT for Queue : Auth----------------------------------------

totArrivThrPut=0.16665773328840008 totDeptThrPut=0.16665773328840008
meanTotTkPop=0.06484478110435789 queueUtil=0.05721447468799623
meanST=0.38908954193049317



REPORT for Queue of Queueing Place : A/isLoggedIn_category----------------------------------------

queueUtilQPl=0.007883803488383741

------------------ Color = category --------------------
arrivCnt=277556 deptCnt=277556
arrivThrPut=0.02778337930411606 deptThrPut=0.02778337930411606
meanTkPop=0.007982474383875936 tkColOcp=0.007883803488383741
-----
meanST=0.2873111401064645 stDevST=0.39949228047168317

Steady State Statistics: numBatchesST=693 batchSizeST=400 stDevStdStateMeanST=0.020629992715730423
95% c.i. = 0.2872447246191858 +/- 0.0015359622724794555



REPORT for Depository of Queueing Place : A/isLoggedIn_category----------------------------------------

tkOcp=0.0

------------------ Color = category --------------------
arrivCnt=277556 deptCnt=277556
arrivThrPut=0.02778337930411606 deptThrPut=0.02778337930411606
meanTkPop=0.0 tkColOcp=0.0
-----
meanST=0.0 stDevST=0.0

Steady State Statistics: numBatchesST=1387 batchSizeST=200 stDevStdStateMeanST=0.0
95% c.i. = 0.0 +/- 0.0



REPORT for Queue : Auth----------------------------------------

totArrivThrPut=0.16665773328840008 totDeptThrPut=0.16665773328840008
meanTotTkPop=0.06484478110435789 queueUtil=0.05721447468799623
meanST=0.38908954193049317



REPORT for Queue of Queueing Place : I/icon_logout----------------------------------------

queueUtilQPl=0.003945729384782119

------------------ Color = logout --------------------
arrivCnt=276851 deptCnt=276851
arrivThrPut=0.02771280874390694 deptThrPut=0.02771280874390694
meanTkPop=0.00397538458909534 tkColOcp=0.003945729384782119
-----
meanST=0.14344935678774842 stDevST=0.24478938729919225

Steady State Statistics: numBatchesST=692 batchSizeST=400 stDevStdStateMeanST=0.012965853338924162
95% c.i. = 0.14344833029360407 +/- 9.660423120011506E-4



REPORT for Depository of Queueing Place : I/icon_logout----------------------------------------

tkOcp=0.0

------------------ Color = logout --------------------
arrivCnt=276851 deptCnt=276851
arrivThrPut=0.02771280874390694 deptThrPut=0.02771280874390694
meanTkPop=0.0 tkColOcp=0.0
-----
meanST=0.0 stDevST=0.0

Steady State Statistics: numBatchesST=1384 batchSizeST=200 stDevStdStateMeanST=0.0
95% c.i. = 0.0 +/- 0.0



REPORT for Queue : ImageProvider----------------------------------------

totArrivThrPut=0.16665773328840006 totDeptThrPut=0.16665773328840006
meanTotTkPop=0.07514808963269554 queueUtil=0.06855657736023234
meanST=0.45091270683882567



REPORT for Queue of Queueing Place : I/icon_loginAction----------------------------------------

queueUtilQPl=0.010467601476070891

------------------ Color = loginAction --------------------
arrivCnt=277483 deptCnt=277483
arrivThrPut=0.027776071997881638 deptThrPut=0.027776071997881638
meanTkPop=0.010599942984516664 tkColOcp=0.010467601476070891
-----
meanST=0.3816213820775334 stDevST=0.4107033794500293

Steady State Statistics: numBatchesST=693 batchSizeST=400 stDevStdStateMeanST=0.02162365139675233
95% c.i. = 0.38160648614592435 +/- 0.00160994301822192



REPORT for Depository of Queueing Place : I/icon_loginAction----------------------------------------

tkOcp=0.0

------------------ Color = loginAction --------------------
arrivCnt=277483 deptCnt=277483
arrivThrPut=0.027776071997881638 deptThrPut=0.027776071997881638
meanTkPop=0.0 tkColOcp=0.0
-----
meanST=0.0 stDevST=0.0

Steady State Statistics: numBatchesST=1387 batchSizeST=200 stDevStdStateMeanST=0.0
95% c.i. = 0.0 +/- 0.0



REPORT for Queue : ImageProvider----------------------------------------

totArrivThrPut=0.16665773328840006 totDeptThrPut=0.16665773328840006
meanTotTkPop=0.07514808963269554 queueUtil=0.06855657736023234
meanST=0.45091270683882567



REPORT for Queue of Queueing Place : A/isLoggedIn_product----------------------------------------

queueUtilQPl=0.008096968334234296

------------------ Color = product --------------------
arrivCnt=277478 deptCnt=277478
arrivThrPut=0.02777557149745462 deptThrPut=0.02777557149745462
meanTkPop=0.008199322029892346 tkColOcp=0.008096968334234296
-----
meanST=0.2951990395820924 stDevST=0.4103675646808876

Steady State Statistics: numBatchesST=693 batchSizeST=400 stDevStdStateMeanST=0.021509653627124835
95% c.i. = 0.29517304033509506 +/- 0.0016014555565098695



REPORT for Depository of Queueing Place : A/isLoggedIn_product----------------------------------------

tkOcp=0.0

------------------ Color = product --------------------
arrivCnt=277478 deptCnt=277478
arrivThrPut=0.02777557149745462 deptThrPut=0.02777557149745462
meanTkPop=0.0 tkColOcp=0.0
-----
meanST=0.0 stDevST=0.0

Steady State Statistics: numBatchesST=1387 batchSizeST=200 stDevStdStateMeanST=0.0
95% c.i. = 0.0 +/- 0.0



REPORT for Queue : Auth----------------------------------------

totArrivThrPut=0.16665773328840008 totDeptThrPut=0.16665773328840008
meanTotTkPop=0.06484478110435789 queueUtil=0.05721447468799623
meanST=0.38908954193049317



REPORT for Queue of Queueing Place : P/category_logout----------------------------------------

queueUtilQPl=0.014092956364135928

------------------ Color = logout --------------------
arrivCnt=276851 deptCnt=276851
arrivThrPut=0.02771280874390694 deptThrPut=0.02771280874390694
meanTkPop=0.014309504688351906 tkColOcp=0.014092956364135928
-----
meanST=0.5163498518170972 stDevST=0.520438058819251

Steady State Statistics: numBatchesST=692 batchSizeST=400 stDevStdStateMeanST=0.028241412868650256
95% c.i. = 0.5163584869378576 +/- 0.0021041730974934577



REPORT for Depository of Queueing Place : P/category_logout----------------------------------------

tkOcp=0.0

------------------ Color = logout --------------------
arrivCnt=276851 deptCnt=276851
arrivThrPut=0.02771280874390694 deptThrPut=0.02771280874390694
meanTkPop=0.0 tkColOcp=0.0
-----
meanST=0.0 stDevST=0.0

Steady State Statistics: numBatchesST=1384 batchSizeST=200 stDevStdStateMeanST=0.0
95% c.i. = 0.0 +/- 0.0



REPORT for Queue : Persistence----------------------------------------

totArrivThrPut=0.16665773328840006 totDeptThrPut=0.16665773328840006
meanTotTkPop=0.08098303396784622 queueUtil=0.07417890359959195
meanST=0.48592424947785423



REPORT for Ordinary Place : Finish_index----------------------------------------

tkOcp=1.0000000000000002

------------------ Color = index --------------------
arrivCnt=278321 deptCnt=0
arrivThrPut=0.027859955869449355 deptThrPut=0.0
meanTkPop=139157.44153209726 tkColOcp=1.0000000000000002
-----
meanST=NaN stDevST=NaN

Steady State Statistics: Only 0 batches collected!
Need at least 60 for steady state statistics.



REPORT for Ordinary Place : Finish_login----------------------------------------

tkOcp=1.0

------------------ Color = login --------------------
arrivCnt=277222 deptCnt=0
arrivThrPut=0.027749945875591455 deptThrPut=0.0
meanTkPop=138868.10594526897 tkColOcp=1.0
-----
meanST=NaN stDevST=NaN

Steady State Statistics: Only 0 batches collected!
Need at least 60 for steady state statistics.



REPORT for Ordinary Place : Finish_loginAction----------------------------------------

tkOcp=1.0000000000000002

------------------ Color = loginAction --------------------
arrivCnt=277483 deptCnt=0
arrivThrPut=0.027776071997881638 deptThrPut=0.0
meanTkPop=139174.54221362132 tkColOcp=1.0000000000000002
-----
meanST=NaN stDevST=NaN

Steady State Statistics: Only 0 batches collected!
Need at least 60 for steady state statistics.



REPORT for Ordinary Place : Finish_category----------------------------------------

tkOcp=1.0000000000000002

------------------ Color = category --------------------
arrivCnt=277556 deptCnt=0
arrivThrPut=0.02778337930411606 deptThrPut=0.0
meanTkPop=139127.2362522259 tkColOcp=1.0000000000000002
-----
meanST=NaN stDevST=NaN

Steady State Statistics: Only 0 batches collected!
Need at least 60 for steady state statistics.



REPORT for Ordinary Place : Finish_product----------------------------------------

tkOcp=1.0000000000000002

------------------ Color = product --------------------
arrivCnt=277478 deptCnt=0
arrivThrPut=0.02777557149745462 deptThrPut=0.0
meanTkPop=139103.8313181997 tkColOcp=1.0000000000000002
-----
meanST=NaN stDevST=NaN

Steady State Statistics: Only 0 batches collected!
Need at least 60 for steady state statistics.



REPORT for Ordinary Place : Finish_logout----------------------------------------

tkOcp=1.0

------------------ Color = logout --------------------
arrivCnt=276851 deptCnt=0
arrivThrPut=0.02771280874390694 deptThrPut=0.0
meanTkPop=138655.16448769177 tkColOcp=1.0
-----
meanST=NaN stDevST=NaN

Steady State Statistics: Only 0 batches collected!
Need at least 60 for steady state statistics.



REPORT REPORT for Probe : /index----------------------------------------


------------------ Color = index --------------------
-----
meanST=1.5788478205688357 stDevST=0.8783987130966113

Steady State Statistics: numBatchesST=695 batchSizeST=400 stDevStdStateMeanST=0.047378035109954
95% c.i. = 1.5789034252776624 +/- 0.0035223518371207112



REPORT REPORT for Probe : /login----------------------------------------


------------------ Color = login --------------------
-----
meanST=2.86121962213991 stDevST=1.544686784054874

Steady State Statistics: numBatchesST=693 batchSizeST=400 stDevStdStateMeanST=0.07860366694408649
95% c.i. = 2.8612425903079988 +/- 0.00585226900311015



REPORT REPORT for Probe : /loginAction----------------------------------------


------------------ Color = loginAction --------------------
-----
meanST=1.1366439223775882 stDevST=0.7265121555073288

Steady State Statistics: numBatchesST=693 batchSizeST=400 stDevStdStateMeanST=0.03866925935188471
95% c.i. = 1.1366066662499088 +/- 0.002879037539549386



REPORT REPORT for Probe : /logout----------------------------------------


------------------ Color = logout --------------------
-----
meanST=1.036800913072021 stDevST=0.7084285123944377

Steady State Statistics: numBatchesST=692 batchSizeST=400 stDevStdStateMeanST=0.038373913388815475
95% c.i. = 1.0368063619726227 +/- 0.00285911177935159



REPORT REPORT for Probe : /category----------------------------------------


------------------ Color = category --------------------
-----
meanST=1.7186333441331316 stDevST=0.9527298460020494

Steady State Statistics: numBatchesST=693 batchSizeST=400 stDevStdStateMeanST=0.05142971742076179
95% c.i. = 1.7185596364229845 +/- 0.003829090331298872



REPORT REPORT for Probe : /product----------------------------------------


------------------ Color = product --------------------
-----
meanST=1.6492550981395249 stDevST=0.9530294662540835

Steady State Statistics: numBatchesST=693 batchSizeST=400 stDevStdStateMeanST=0.048950392126599844
95% c.i. = 1.6492207594620838 +/- 0.0036444974346599387



