INFO Logging to /home/yjx/workloadConfig/qpme/output/SimQPN_Output_config_2025-08-14_035520891.log
WARN Batch means correlation test was run for depository of place Workload, color 0
    However, the standard deviation of the token residence time is 0 and therefore the result of the test is ignored!
    In future runs, you should set numBMeansCorlTested to 0 to switch off the correlation test!
WARN Batch means correlation test was run for depository of place W/index, color 0
    However, the standard deviation of the token residence time is 0 and therefore the result of the test is ignored!
    In future runs, you should set numBMeansCorlTested to 0 to switch off the correlation test!
WARN Batch means correlation test was run for depository of place P/categories_index, color 0
    However, the standard deviation of the token residence time is 0 and therefore the result of the test is ignored!
    In future runs, you should set numBMeansCorlTested to 0 to switch off the correlation test!
WARN Batch means correlation test was run for depository of place A/isLoggedIn_index, color 0
    However, the standard deviation of the token residence time is 0 and therefore the result of the test is ignored!
    In future runs, you should set numBMeansCorlTested to 0 to switch off the correlation test!
WARN Batch means correlation test was run for depository of place I/icon_index, color 0
    However, the standard deviation of the token residence time is 0 and therefore the result of the test is ignored!
    In future runs, you should set numBMeansCorlTested to 0 to switch off the correlation test!
WARN Batch means correlation test was run for depository of place W/logout, color 0
    However, the standard deviation of the token residence time is 0 and therefore the result of the test is ignored!
    In future runs, you should set numBMeansCorlTested to 0 to switch off the correlation test!
WARN Batch means correlation test was run for depository of place A/logout_logout, color 0
    However, the standard deviation of the token residence time is 0 and therefore the result of the test is ignored!
    In future runs, you should set numBMeansCorlTested to 0 to switch off the correlation test!
WARN Batch means correlation test was run for depository of place P/category_logout, color 0
    However, the standard deviation of the token residence time is 0 and therefore the result of the test is ignored!
    In future runs, you should set numBMeansCorlTested to 0 to switch off the correlation test!
WARN Batch means correlation test was run for depository of place I/icon_logout, color 0
    However, the standard deviation of the token residence time is 0 and therefore the result of the test is ignored!
    In future runs, you should set numBMeansCorlTested to 0 to switch off the correlation test!
WARN Batch means correlation test was run for depository of place W/loginAction, color 0
    However, the standard deviation of the token residence time is 0 and therefore the result of the test is ignored!
    In future runs, you should set numBMeansCorlTested to 0 to switch off the correlation test!
WARN Batch means correlation test was run for depository of place A/login_loginAction, color 0
    However, the standard deviation of the token residence time is 0 and therefore the result of the test is ignored!
    In future runs, you should set numBMeansCorlTested to 0 to switch off the correlation test!
WARN Batch means correlation test was run for depository of place P/getUser_loginAction, color 0
    However, the standard deviation of the token residence time is 0 and therefore the result of the test is ignored!
    In future runs, you should set numBMeansCorlTested to 0 to switch off the correlation test!
WARN Batch means correlation test was run for depository of place I/icon_loginAction, color 0
    However, the standard deviation of the token residence time is 0 and therefore the result of the test is ignored!
    In future runs, you should set numBMeansCorlTested to 0 to switch off the correlation test!
WARN Batch means correlation test was run for depository of place W/product, color 0
    However, the standard deviation of the token residence time is 0 and therefore the result of the test is ignored!
    In future runs, you should set numBMeansCorlTested to 0 to switch off the correlation test!
WARN Batch means correlation test was run for depository of place P/getProduct_product, color 0
    However, the standard deviation of the token residence time is 0 and therefore the result of the test is ignored!
    In future runs, you should set numBMeansCorlTested to 0 to switch off the correlation test!
WARN Batch means correlation test was run for depository of place R/getAds_product, color 0
    However, the standard deviation of the token residence time is 0 and therefore the result of the test is ignored!
    In future runs, you should set numBMeansCorlTested to 0 to switch off the correlation test!
WARN Batch means correlation test was run for depository of place I/product_product, color 0
    However, the standard deviation of the token residence time is 0 and therefore the result of the test is ignored!
    In future runs, you should set numBMeansCorlTested to 0 to switch off the correlation test!
WARN Batch means correlation test was run for depository of place A/isLoggedIn_product, color 0
    However, the standard deviation of the token residence time is 0 and therefore the result of the test is ignored!
    In future runs, you should set numBMeansCorlTested to 0 to switch off the correlation test!
WARN Batch means correlation test was run for depository of place W/category, color 0
    However, the standard deviation of the token residence time is 0 and therefore the result of the test is ignored!
    In future runs, you should set numBMeansCorlTested to 0 to switch off the correlation test!
WARN Batch means correlation test was run for depository of place P/category_category, color 0
    However, the standard deviation of the token residence time is 0 and therefore the result of the test is ignored!
    In future runs, you should set numBMeansCorlTested to 0 to switch off the correlation test!
WARN Batch means correlation test was run for depository of place I/productImages_category, color 0
    However, the standard deviation of the token residence time is 0 and therefore the result of the test is ignored!
    In future runs, you should set numBMeansCorlTested to 0 to switch off the correlation test!
WARN Batch means correlation test was run for depository of place A/isLoggedIn_category, color 0
    However, the standard deviation of the token residence time is 0 and therefore the result of the test is ignored!
    In future runs, you should set numBMeansCorlTested to 0 to switch off the correlation test!
WARN Batch means correlation test was run for depository of place W/login, color 0
    However, the standard deviation of the token residence time is 0 and therefore the result of the test is ignored!
    In future runs, you should set numBMeansCorlTested to 0 to switch off the correlation test!
WARN Batch means correlation test was run for depository of place P/categories_login, color 0
    However, the standard deviation of the token residence time is 0 and therefore the result of the test is ignored!
    In future runs, you should set numBMeansCorlTested to 0 to switch off the correlation test!
WARN Batch means correlation test was run for depository of place I/icon_login, color 0
    However, the standard deviation of the token residence time is 0 and therefore the result of the test is ignored!
    In future runs, you should set numBMeansCorlTested to 0 to switch off the correlation test!
WARN Batch means correlation test was run for depository of place A/isLoggedIn_login, color 0
    However, the standard deviation of the token residence time is 0 and therefore the result of the test is ignored!
    In future runs, you should set numBMeansCorlTested to 0 to switch off the correlation test!
WARN LP-1 The simulation was stopped because of reaching max totalRunLen.
The required precision may not have been reached!
REPORT for Queue of Queueing Place : W/index----------------------------------------

queueUtilQPl=0.009528947262340963

------------------ Color = index --------------------
arrivCnt=277621 deptCnt=277621
arrivThrPut=0.027789907184770604 deptThrPut=0.027789907184770604
meanTkPop=0.009908842886651262 tkColOcp=0.009528947262340963
-----
meanST=0.35656264775441554 stDevST=0.9483397516753458

Steady State Statistics: numBatchesST=694 batchSizeST=400 stDevStdStateMeanST=0.050771187911347514
95% c.i. = 0.35656587109333926 +/- 0.0037773365473552493



REPORT for Depository of Queueing Place : W/index----------------------------------------

tkOcp=0.0

------------------ Color = index --------------------
arrivCnt=277621 deptCnt=277621
arrivThrPut=0.027789907184770604 deptThrPut=0.027789907184770604
meanTkPop=0.0 tkColOcp=0.0
-----
meanST=0.0 stDevST=0.0

Steady State Statistics: numBatchesST=1388 batchSizeST=200 stDevStdStateMeanST=0.0
95% c.i. = 0.0 +/- 0.0



REPORT for Queue : WebUI----------------------------------------

totArrivThrPut=0.16665345706912474 totDeptThrPut=0.16665345706912474
meanTotTkPop=0.19480419918283817 queueUtil=0.15243761212130885
meanST=1.1689178407024405



REPORT for Queue of Queueing Place : P/categories_index----------------------------------------

queueUtilQPl=0.010999436827736324

------------------ Color = index --------------------
arrivCnt=277621 deptCnt=277621
arrivThrPut=0.027789907184770604 deptThrPut=0.027789907184770604
meanTkPop=0.01117542663511555 tkColOcp=0.010999436827736324
-----
meanST=0.4021397610582843 stDevST=0.3973637410802731

Steady State Statistics: numBatchesST=347 batchSizeST=800 stDevStdStateMeanST=0.01509331486233109
95% c.i. = 0.40214925729243034 +/- 0.001588063944459457



REPORT for Depository of Queueing Place : P/categories_index----------------------------------------

tkOcp=0.0

------------------ Color = index --------------------
arrivCnt=277621 deptCnt=277621
arrivThrPut=0.027789907184770604 deptThrPut=0.027789907184770604
meanTkPop=0.0 tkColOcp=0.0
-----
meanST=0.0 stDevST=0.0

Steady State Statistics: numBatchesST=1388 batchSizeST=200 stDevStdStateMeanST=0.0
95% c.i. = 0.0 +/- 0.0



REPORT for Queue : Persistence----------------------------------------

totArrivThrPut=0.16665345706912477 totDeptThrPut=0.16665345706912477
meanTotTkPop=0.04034274680503726 queueUtil=0.038079365124740666
meanST=0.24207566716305104



REPORT for Queue of Queueing Place : A/isLoggedIn_index----------------------------------------

queueUtilQPl=0.003545582158666688

------------------ Color = index --------------------
arrivCnt=277621 deptCnt=277621
arrivThrPut=0.027789907184770604 deptThrPut=0.027789907184770604
meanTkPop=0.003571778860215675 tkColOcp=0.003545582158666688
-----
meanST=0.1285279161411909 stDevST=0.17222815709371622

Steady State Statistics: numBatchesST=173 batchSizeST=1600 stDevStdStateMeanST=0.004766443382276875
95% c.i. = 0.1285264378818282 +/- 7.153036094854286E-4



REPORT for Depository of Queueing Place : A/isLoggedIn_index----------------------------------------

tkOcp=0.0

------------------ Color = index --------------------
arrivCnt=277621 deptCnt=277621
arrivThrPut=0.027789907184770604 deptThrPut=0.027789907184770604
meanTkPop=0.0 tkColOcp=0.0
-----
meanST=0.0 stDevST=0.0

Steady State Statistics: numBatchesST=1388 batchSizeST=200 stDevStdStateMeanST=0.0
95% c.i. = 0.0 +/- 0.0



REPORT for Queue : Auth----------------------------------------

totArrivThrPut=0.16665345706912474 totDeptThrPut=0.16665345706912474
meanTotTkPop=0.044346618415252864 queueUtil=0.0414649398063182
meanST=0.2661008009984378



REPORT for Queue of Queueing Place : W/login----------------------------------------

queueUtilQPl=0.05370979377929113

------------------ Color = login --------------------
arrivCnt=277219 deptCnt=277219
arrivThrPut=0.027749666919487076 deptThrPut=0.027749666919487076
meanTkPop=0.05674043843497951 tkColOcp=0.05370979377929113
-----
meanST=2.0447250267762236 stDevST=2.0266040867638804

Steady State Statistics: numBatchesST=693 batchSizeST=400 stDevStdStateMeanST=0.11488612943751914
95% c.i. = 2.0447599022471503 +/- 0.008553602654094442



REPORT for Depository of Queueing Place : W/login----------------------------------------

tkOcp=0.0

------------------ Color = login --------------------
arrivCnt=277219 deptCnt=277219
arrivThrPut=0.027749666919487076 deptThrPut=0.027749666919487076
meanTkPop=0.0 tkColOcp=0.0
-----
meanST=0.0 stDevST=0.0

Steady State Statistics: numBatchesST=1386 batchSizeST=200 stDevStdStateMeanST=0.0
95% c.i. = 0.0 +/- 0.0



REPORT for Queue : WebUI----------------------------------------

totArrivThrPut=0.16665345706912474 totDeptThrPut=0.16665345706912474
meanTotTkPop=0.19480419918283817 queueUtil=0.15243761212130885
meanST=1.1689178407024405



REPORT for Queue of Queueing Place : W/loginAction----------------------------------------

queueUtilQPl=0.054017560161758196

------------------ Color = loginAction --------------------
arrivCnt=278211 deptCnt=278211
arrivThrPut=0.027848966280584735 deptThrPut=0.027848966280584735
meanTkPop=0.05710414774554898 tkColOcp=0.054017560161758196
-----
meanST=2.0504943404437914 stDevST=2.02848744874611

Steady State Statistics: numBatchesST=695 batchSizeST=400 stDevStdStateMeanST=0.11385268230670696
95% c.i. = 2.0504689242167435 +/- 0.008464454124225484



REPORT for Depository of Queueing Place : W/loginAction----------------------------------------

tkOcp=0.0

------------------ Color = loginAction --------------------
arrivCnt=278211 deptCnt=278211
arrivThrPut=0.027848966280584735 deptThrPut=0.027848966280584735
meanTkPop=0.0 tkColOcp=0.0
-----
meanST=0.0 stDevST=0.0

Steady State Statistics: numBatchesST=1391 batchSizeST=200 stDevStdStateMeanST=0.0
95% c.i. = 0.0 +/- 0.0



REPORT for Queue : WebUI----------------------------------------

totArrivThrPut=0.16665345706912474 totDeptThrPut=0.16665345706912474
meanTotTkPop=0.19480419918283817 queueUtil=0.15243761212130885
meanST=1.1689178407024405



REPORT for Queue of Queueing Place : A/login_loginAction----------------------------------------

queueUtilQPl=0.003685137051978602

------------------ Color = loginAction --------------------
arrivCnt=278211 deptCnt=278211
arrivThrPut=0.027848966280584735 deptThrPut=0.027848966280584735
meanTkPop=0.003699191998712307 tkColOcp=0.003685137051978602
-----
meanST=0.13283049580519785 stDevST=0.16134746229672384

Steady State Statistics: numBatchesST=695 batchSizeST=400 stDevStdStateMeanST=0.00802649704936571
95% c.i. = 0.13284182300230674 +/- 5.967353133548878E-4



REPORT for Depository of Queueing Place : A/login_loginAction----------------------------------------

tkOcp=0.0

------------------ Color = loginAction --------------------
arrivCnt=278211 deptCnt=278211
arrivThrPut=0.027848966280584735 deptThrPut=0.027848966280584735
meanTkPop=0.0 tkColOcp=0.0
-----
meanST=0.0 stDevST=0.0

Steady State Statistics: numBatchesST=1391 batchSizeST=200 stDevStdStateMeanST=0.0
95% c.i. = 0.0 +/- 0.0



REPORT for Queue : Auth----------------------------------------

totArrivThrPut=0.16665345706912474 totDeptThrPut=0.16665345706912474
meanTotTkPop=0.044346618415252864 queueUtil=0.0414649398063182
meanST=0.2661008009984378



REPORT for Queue of Queueing Place : W/logout----------------------------------------

queueUtilQPl=0.0119956038112188

------------------ Color = logout --------------------
arrivCnt=277020 deptCnt=277020
arrivThrPut=0.02772974698717011 deptThrPut=0.02772974698717011
meanTkPop=0.012380150540245686 tkColOcp=0.0119956038112188
-----
meanST=0.44645739270443713 stDevST=0.9545639757599684

Steady State Statistics: numBatchesST=692 batchSizeST=400 stDevStdStateMeanST=0.053006405780867794
95% c.i. = 0.4465097987779564 +/- 0.003949329785930582



REPORT for Depository of Queueing Place : W/logout----------------------------------------

tkOcp=0.0

------------------ Color = logout --------------------
arrivCnt=277020 deptCnt=277020
arrivThrPut=0.02772974698717011 deptThrPut=0.02772974698717011
meanTkPop=0.0 tkColOcp=0.0
-----
meanST=0.0 stDevST=0.0

Steady State Statistics: numBatchesST=1385 batchSizeST=200 stDevStdStateMeanST=0.0
95% c.i. = 0.0 +/- 0.0



REPORT for Queue : WebUI----------------------------------------

totArrivThrPut=0.16665345706912474 totDeptThrPut=0.16665345706912474
meanTotTkPop=0.19480419918283817 queueUtil=0.15243761212130885
meanST=1.1689178407024405



REPORT for Queue of Queueing Place : A/logout_logout----------------------------------------

queueUtilQPl=0.00367143113009693

------------------ Color = logout --------------------
arrivCnt=277020 deptCnt=277020
arrivThrPut=0.02772974698717011 deptThrPut=0.02772974698717011
meanTkPop=0.0037013795677015627 tkColOcp=0.00367143113009693
-----
meanST=0.13348046664162144 stDevST=0.17025690993741002

Steady State Statistics: numBatchesST=692 batchSizeST=400 stDevStdStateMeanST=0.008483046745505934
95% c.i. = 0.13348659081009973 +/- 6.320434048286377E-4



REPORT for Depository of Queueing Place : A/logout_logout----------------------------------------

tkOcp=0.0

------------------ Color = logout --------------------
arrivCnt=277020 deptCnt=277020
arrivThrPut=0.02772974698717011 deptThrPut=0.02772974698717011
meanTkPop=0.0 tkColOcp=0.0
-----
meanST=0.0 stDevST=0.0

Steady State Statistics: numBatchesST=1385 batchSizeST=200 stDevStdStateMeanST=0.0
95% c.i. = 0.0 +/- 0.0



REPORT for Queue : Auth----------------------------------------

totArrivThrPut=0.16665345706912474 totDeptThrPut=0.16665345706912474
meanTotTkPop=0.044346618415252864 queueUtil=0.0414649398063182
meanST=0.2661008009984378



REPORT for Queue of Queueing Place : P/getUser_loginAction----------------------------------------

queueUtilQPl=0.0030158753973726295

------------------ Color = loginAction --------------------
arrivCnt=278211 deptCnt=278211
arrivThrPut=0.027848966280584735 deptThrPut=0.027848966280584735
meanTkPop=0.00302644407972991 tkColOcp=0.0030158753973726295
-----
meanST=0.1086734799862153 stDevST=0.1358312039700377

Steady State Statistics: numBatchesST=695 batchSizeST=400 stDevStdStateMeanST=0.006592263350880533
95% c.i. = 0.10866487687502771 +/- 4.901062458767747E-4



REPORT for Depository of Queueing Place : P/getUser_loginAction----------------------------------------

tkOcp=0.0

------------------ Color = loginAction --------------------
arrivCnt=278211 deptCnt=278211
arrivThrPut=0.027848966280584735 deptThrPut=0.027848966280584735
meanTkPop=0.0 tkColOcp=0.0
-----
meanST=0.0 stDevST=0.0

Steady State Statistics: numBatchesST=1391 batchSizeST=200 stDevStdStateMeanST=0.0
95% c.i. = 0.0 +/- 0.0



REPORT for Queue : Persistence----------------------------------------

totArrivThrPut=0.16665345706912477 totDeptThrPut=0.16665345706912477
meanTotTkPop=0.04034274680503726 queueUtil=0.038079365124740666
meanST=0.24207566716305104



REPORT for Queue of Queueing Place : W/category----------------------------------------

queueUtilQPl=0.028461829057497275

------------------ Color = category --------------------
arrivCnt=278021 deptCnt=278021
arrivThrPut=0.027829947249729335 deptThrPut=0.027829947249729335
meanTkPop=0.02943675005065135 tkColOcp=0.028461829057497275
-----
meanST=1.0577364659193753 stDevST=1.2385208802916574

Steady State Statistics: numBatchesST=695 batchSizeST=400 stDevStdStateMeanST=0.06608901245464859
95% c.i. = 1.0577454305508756 +/- 0.004913432013228777



REPORT for Depository of Queueing Place : W/category----------------------------------------

tkOcp=0.0

------------------ Color = category --------------------
arrivCnt=278021 deptCnt=278021
arrivThrPut=0.027829947249729335 deptThrPut=0.027829947249729335
meanTkPop=0.0 tkColOcp=0.0
-----
meanST=0.0 stDevST=0.0

Steady State Statistics: numBatchesST=1390 batchSizeST=200 stDevStdStateMeanST=0.0
95% c.i. = 0.0 +/- 0.0



REPORT for Queue : WebUI----------------------------------------

totArrivThrPut=0.16665345706912474 totDeptThrPut=0.16665345706912474
meanTotTkPop=0.19480419918283817 queueUtil=0.15243761212130885
meanST=1.1689178407024405



REPORT for Queue of Queueing Place : W/product----------------------------------------

queueUtilQPl=0.02824913204906706

------------------ Color = product --------------------
arrivCnt=276775 deptCnt=276775
arrivThrPut=0.027705222447382886 deptThrPut=0.027705222447382886
meanTkPop=0.029233869524761397 tkColOcp=0.02824913204906706
-----
meanST=1.0551754125158779 stDevST=1.2366988535542176

Steady State Statistics: numBatchesST=691 batchSizeST=400 stDevStdStateMeanST=0.06579318268377896
95% c.i. = 1.0553263520189253 +/- 0.0049055754847862594



REPORT for Depository of Queueing Place : W/product----------------------------------------

tkOcp=0.0

------------------ Color = product --------------------
arrivCnt=276775 deptCnt=276775
arrivThrPut=0.027705222447382886 deptThrPut=0.027705222447382886
meanTkPop=0.0 tkColOcp=0.0
-----
meanST=0.0 stDevST=0.0

Steady State Statistics: numBatchesST=1383 batchSizeST=200 stDevStdStateMeanST=0.0
95% c.i. = 0.0 +/- 0.0



REPORT for Queue : WebUI----------------------------------------

totArrivThrPut=0.16665345706912474 totDeptThrPut=0.16665345706912474
meanTotTkPop=0.19480419918283817 queueUtil=0.15243761212130885
meanST=1.1689178407024405



REPORT for Queue of Queueing Place : P/category_category----------------------------------------

queueUtilQPl=0.007449642466568701

------------------ Color = category --------------------
arrivCnt=278021 deptCnt=278021
arrivThrPut=0.027829947249729335 deptThrPut=0.027829947249729335
meanTkPop=0.007513954632623208 tkColOcp=0.007449642466568701
-----
meanST=0.2699952883560096 stDevST=0.2736118142444626

Steady State Statistics: numBatchesST=695 batchSizeST=400 stDevStdStateMeanST=0.014068867936512316
95% c.i. = 0.26999650571902056 +/- 0.001045959434733319



REPORT for Depository of Queueing Place : P/category_category----------------------------------------

tkOcp=0.0

------------------ Color = category --------------------
arrivCnt=278021 deptCnt=278021
arrivThrPut=0.027829947249729335 deptThrPut=0.027829947249729335
meanTkPop=0.0 tkColOcp=0.0
-----
meanST=0.0 stDevST=0.0

Steady State Statistics: numBatchesST=1390 batchSizeST=200 stDevStdStateMeanST=0.0
95% c.i. = 0.0 +/- 0.0



REPORT for Queue : Persistence----------------------------------------

totArrivThrPut=0.16665345706912477 totDeptThrPut=0.16665345706912477
meanTotTkPop=0.04034274680503726 queueUtil=0.038079365124740666
meanST=0.24207566716305104



REPORT for Queue of Queueing Place : P/getProduct_product----------------------------------------

queueUtilQPl=0.003087742184397163

------------------ Color = product --------------------
arrivCnt=276775 deptCnt=276775
arrivThrPut=0.027705222447382886 deptThrPut=0.027705222447382886
meanTkPop=0.0030999929400042144 tkColOcp=0.003087742184397163
-----
meanST=0.11189200685508478 stDevST=0.1300414099367004

Steady State Statistics: numBatchesST=691 batchSizeST=400 stDevStdStateMeanST=0.0068102236229127715
95% c.i. = 0.11190353967456414 +/- 5.077739772985595E-4



REPORT for Depository of Queueing Place : P/getProduct_product----------------------------------------

tkOcp=0.0

------------------ Color = product --------------------
arrivCnt=276775 deptCnt=276775
arrivThrPut=0.027705222447382886 deptThrPut=0.027705222447382886
meanTkPop=0.0 tkColOcp=0.0
-----
meanST=0.0 stDevST=0.0

Steady State Statistics: numBatchesST=1383 batchSizeST=200 stDevStdStateMeanST=0.0
95% c.i. = 0.0 +/- 0.0



REPORT for Queue : Persistence----------------------------------------

totArrivThrPut=0.16665345706912477 totDeptThrPut=0.16665345706912477
meanTotTkPop=0.04034274680503726 queueUtil=0.038079365124740666
meanST=0.24207566716305104



REPORT for Queue of Queueing Place : R/getAds_product----------------------------------------

queueUtilQPl=0.008456942188301649

------------------ Color = product --------------------
arrivCnt=276775 deptCnt=276775
arrivThrPut=0.027705222447382886 deptThrPut=0.027705222447382886
meanTkPop=0.00854152371948464 tkColOcp=0.008456942188301649
-----
meanST=0.3083001313455073 stDevST=0.3075842340440756

Steady State Statistics: numBatchesST=691 batchSizeST=400 stDevStdStateMeanST=0.015386495708373943
95% c.i. = 0.3083236315490516 +/- 0.0011472254884908827



REPORT for Depository of Queueing Place : R/getAds_product----------------------------------------

tkOcp=0.0

------------------ Color = product --------------------
arrivCnt=276775 deptCnt=276775
arrivThrPut=0.027705222447382886 deptThrPut=0.027705222447382886
meanTkPop=0.0 tkColOcp=0.0
-----
meanST=0.0 stDevST=0.0

Steady State Statistics: numBatchesST=1383 batchSizeST=200 stDevStdStateMeanST=0.0
95% c.i. = 0.0 +/- 0.0



REPORT for Queue : Recommender----------------------------------------

totArrivThrPut=0.027705222447382886 totDeptThrPut=0.027705222447382886
meanTotTkPop=0.00854152371948464 queueUtil=0.008456942188301649
meanST=0.3083001313455073



REPORT for Queue of Queueing Place : I/productImages_category----------------------------------------

queueUtilQPl=0.023047623786538594

------------------ Color = category --------------------
arrivCnt=278021 deptCnt=278021
arrivThrPut=0.027829947249729335 deptThrPut=0.027829947249729335
meanTkPop=0.023626625927912304 tkColOcp=0.023047623786538594
-----
meanST=0.8489640931008983 stDevST=0.8512975791874615

Steady State Statistics: numBatchesST=695 batchSizeST=400 stDevStdStateMeanST=0.04391921011250835
95% c.i. = 0.8489517038664455 +/- 0.0032652031699006118



REPORT for Depository of Queueing Place : I/productImages_category----------------------------------------

tkOcp=0.0

------------------ Color = category --------------------
arrivCnt=278021 deptCnt=278021
arrivThrPut=0.027829947249729335 deptThrPut=0.027829947249729335
meanTkPop=0.0 tkColOcp=0.0
-----
meanST=0.0 stDevST=0.0

Steady State Statistics: numBatchesST=1390 batchSizeST=200 stDevStdStateMeanST=0.0
95% c.i. = 0.0 +/- 0.0



REPORT for Queue : ImageProvider----------------------------------------

totArrivThrPut=0.16665345706912474 totDeptThrPut=0.16665345706912474
meanTotTkPop=0.10025674950353089 queueUtil=0.08679336016931957
meanST=0.6015881774474457



REPORT for Queue of Queueing Place : I/product_product----------------------------------------

queueUtilQPl=0.017273108426656626

------------------ Color = product --------------------
arrivCnt=276775 deptCnt=276775
arrivThrPut=0.027705222447382886 deptThrPut=0.027705222447382886
meanTkPop=0.01763356485259287 tkColOcp=0.017273108426656626
-----
meanST=0.6364707912409701 stDevST=0.6623909274175492

Steady State Statistics: numBatchesST=691 batchSizeST=400 stDevStdStateMeanST=0.03524804066457486
95% c.i. = 0.6363675277283217 +/- 0.0026281130828090847



REPORT for Depository of Queueing Place : I/product_product----------------------------------------

tkOcp=0.0

------------------ Color = product --------------------
arrivCnt=276775 deptCnt=276775
arrivThrPut=0.027705222447382886 deptThrPut=0.027705222447382886
meanTkPop=0.0 tkColOcp=0.0
-----
meanST=0.0 stDevST=0.0

Steady State Statistics: numBatchesST=1383 batchSizeST=200 stDevStdStateMeanST=0.0
95% c.i. = 0.0 +/- 0.0



REPORT for Queue : ImageProvider----------------------------------------

totArrivThrPut=0.16665345706912474 totDeptThrPut=0.16665345706912474
meanTotTkPop=0.10025674950353089 queueUtil=0.08679336016931957
meanST=0.6015881774474457



REPORT for Queue of Queueing Place : Workload----------------------------------------

queueUtilQPl=1.0000000000000002

------------------ Color = workload --------------------
arrivCnt=1664867 deptCnt=1664867
arrivThrPut=0.16665345706912474 deptThrPut=0.16665345706912474
meanTkPop=1.0000000000000002 tkColOcp=1.0000000000000002
-----
meanST=6.000475583205087 stDevST=6.0027877268975836

Steady State Statistics: numBatchesST=4162 batchSizeST=400 stDevStdStateMeanST=0.3040173287775709
95% c.i. = 6.000446829807043 +/- 0.009236243881733238



REPORT for Depository of Queueing Place : Workload----------------------------------------

tkOcp=0.0

------------------ Color = workload --------------------
arrivCnt=1664867 deptCnt=1664867
arrivThrPut=0.16665345706912474 deptThrPut=0.16665345706912474
meanTkPop=0.0 tkColOcp=0.0
-----
meanST=0.0 stDevST=0.0

Steady State Statistics: numBatchesST=8324 batchSizeST=200 stDevStdStateMeanST=0.0
95% c.i. = 0.0 +/- 0.0



REPORT for Queue : Workload----------------------------------------

totArrivThrPut=0.16665345706912474 totDeptThrPut=0.16665345706912474
meanTotTkPop=1.0000000000000002 queueUtil=1.0000000000000002
meanST=6.000475583205087



REPORT for Queue of Queueing Place : I/icon_index----------------------------------------

queueUtilQPl=0.00776191342012286

------------------ Color = index --------------------
arrivCnt=277621 deptCnt=277621
arrivThrPut=0.027789907184770604 deptThrPut=0.027789907184770604
meanTkPop=0.007919049432197204 tkColOcp=0.00776191342012286
-----
meanST=0.28496134872076845 stDevST=0.45136955256803674

Steady State Statistics: numBatchesST=694 batchSizeST=400 stDevStdStateMeanST=0.024490434488300256
95% c.i. = 0.2849623427502287 +/- 0.0018220691116149768



REPORT for Depository of Queueing Place : I/icon_index----------------------------------------

tkOcp=0.0

------------------ Color = index --------------------
arrivCnt=277621 deptCnt=277621
arrivThrPut=0.027789907184770604 deptThrPut=0.027789907184770604
meanTkPop=0.0 tkColOcp=0.0
-----
meanST=0.0 stDevST=0.0

Steady State Statistics: numBatchesST=1388 batchSizeST=200 stDevStdStateMeanST=0.0
95% c.i. = 0.0 +/- 0.0



REPORT for Queue : ImageProvider----------------------------------------

totArrivThrPut=0.16665345706912474 totDeptThrPut=0.16665345706912474
meanTotTkPop=0.10025674950353089 queueUtil=0.08679336016931957
meanST=0.6015881774474457



REPORT for Queue of Queueing Place : P/categories_login----------------------------------------

queueUtilQPl=0.003295670417162761

------------------ Color = login --------------------
arrivCnt=277219 deptCnt=277219
arrivThrPut=0.027749666919487076 deptThrPut=0.027749666919487076
meanTkPop=0.003304633238495294 tkColOcp=0.003295670417162761
-----
meanST=0.11908731186155716 stDevST=0.1298989556305116

Steady State Statistics: numBatchesST=693 batchSizeST=400 stDevStdStateMeanST=0.006058203669920179
95% c.i. = 0.11908729806747921 +/- 4.5105068160779125E-4



REPORT for Depository of Queueing Place : P/categories_login----------------------------------------

tkOcp=0.0

------------------ Color = login --------------------
arrivCnt=277219 deptCnt=277219
arrivThrPut=0.027749666919487076 deptThrPut=0.027749666919487076
meanTkPop=0.0 tkColOcp=0.0
-----
meanST=0.0 stDevST=0.0

Steady State Statistics: numBatchesST=1386 batchSizeST=200 stDevStdStateMeanST=0.0
95% c.i. = 0.0 +/- 0.0



REPORT for Queue : Persistence----------------------------------------

totArrivThrPut=0.16665345706912477 totDeptThrPut=0.16665345706912477
meanTotTkPop=0.04034274680503726 queueUtil=0.038079365124740666
meanST=0.24207566716305104



REPORT for Queue of Queueing Place : I/icon_login----------------------------------------

queueUtilQPl=0.016745366698271206

------------------ Color = login --------------------
arrivCnt=277219 deptCnt=277219
arrivThrPut=0.027749666919487076 deptThrPut=0.027749666919487076
meanTkPop=0.017019596566756633 tkColOcp=0.016745366698271206
-----
meanST=0.6133261568918039 stDevST=0.6364882192073797

Steady State Statistics: numBatchesST=693 batchSizeST=400 stDevStdStateMeanST=0.03442016958919949
95% c.i. = 0.6133140250893707 +/- 0.002562680589850284



REPORT for Depository of Queueing Place : I/icon_login----------------------------------------

tkOcp=0.0

------------------ Color = login --------------------
arrivCnt=277219 deptCnt=277219
arrivThrPut=0.027749666919487076 deptThrPut=0.027749666919487076
meanTkPop=0.0 tkColOcp=0.0
-----
meanST=0.0 stDevST=0.0

Steady State Statistics: numBatchesST=1386 batchSizeST=200 stDevStdStateMeanST=0.0
95% c.i. = 0.0 +/- 0.0



REPORT for Queue : ImageProvider----------------------------------------

totArrivThrPut=0.16665345706912474 totDeptThrPut=0.16665345706912474
meanTotTkPop=0.10025674950353089 queueUtil=0.08679336016931957
meanST=0.6015881774474457



REPORT for Queue of Queueing Place : A/isLoggedIn_login----------------------------------------

queueUtilQPl=0.014720704266402007

------------------ Color = login --------------------
arrivCnt=277219 deptCnt=277219
arrivThrPut=0.027749666919487076 deptThrPut=0.027749666919487076
meanTkPop=0.014929921803725087 tkColOcp=0.014720704266402007
-----
meanST=0.5380216579551309 stDevST=0.5352848162315278

Steady State Statistics: numBatchesST=693 batchSizeST=400 stDevStdStateMeanST=0.029042366711395234
95% c.i. = 0.5380324649726596 +/- 0.002162287703485354



REPORT for Depository of Queueing Place : A/isLoggedIn_login----------------------------------------

tkOcp=0.0

------------------ Color = login --------------------
arrivCnt=277219 deptCnt=277219
arrivThrPut=0.027749666919487076 deptThrPut=0.027749666919487076
meanTkPop=0.0 tkColOcp=0.0
-----
meanST=0.0 stDevST=0.0

Steady State Statistics: numBatchesST=1386 batchSizeST=200 stDevStdStateMeanST=0.0
95% c.i. = 0.0 +/- 0.0



REPORT for Queue : Auth----------------------------------------

totArrivThrPut=0.16665345706912474 totDeptThrPut=0.16665345706912474
meanTotTkPop=0.044346618415252864 queueUtil=0.0414649398063182
meanST=0.2661008009984378



REPORT for Queue of Queueing Place : A/isLoggedIn_category----------------------------------------

queueUtilQPl=0.008858090188111508

------------------ Color = category --------------------
arrivCnt=278021 deptCnt=278021
arrivThrPut=0.027829947249729335 deptThrPut=0.027829947249729335
meanTkPop=0.0089429350320737 tkColOcp=0.008858090188111508
-----
meanST=0.32134214814800544 stDevST=0.3267091170500884

Steady State Statistics: numBatchesST=347 batchSizeST=800 stDevStdStateMeanST=0.01242102961392264
95% c.i. = 0.32138041544920265 +/- 0.0013068957656321776



REPORT for Depository of Queueing Place : A/isLoggedIn_category----------------------------------------

tkOcp=0.0

------------------ Color = category --------------------
arrivCnt=278021 deptCnt=278021
arrivThrPut=0.027829947249729335 deptThrPut=0.027829947249729335
meanTkPop=0.0 tkColOcp=0.0
-----
meanST=0.0 stDevST=0.0

Steady State Statistics: numBatchesST=1390 batchSizeST=200 stDevStdStateMeanST=0.0
95% c.i. = 0.0 +/- 0.0



REPORT for Queue : Auth----------------------------------------

totArrivThrPut=0.16665345706912474 totDeptThrPut=0.16665345706912474
meanTotTkPop=0.044346618415252864 queueUtil=0.0414649398063182
meanST=0.2661008009984378



REPORT for Queue of Queueing Place : I/icon_logout----------------------------------------

queueUtilQPl=0.005642975063655943

------------------ Color = logout --------------------
arrivCnt=277020 deptCnt=277020
arrivThrPut=0.02772974698717011 deptThrPut=0.02772974698717011
meanTkPop=0.005770532188040041 tkColOcp=0.005642975063655943
-----
meanST=0.20809898448442132 stDevST=0.4215407353086839

Steady State Statistics: numBatchesST=692 batchSizeST=400 stDevStdStateMeanST=0.02211125600776265
95% c.i. = 0.20810237218548097 +/- 0.0016474356385679074



REPORT for Depository of Queueing Place : I/icon_logout----------------------------------------

tkOcp=0.0

------------------ Color = logout --------------------
arrivCnt=277020 deptCnt=277020
arrivThrPut=0.02772974698717011 deptThrPut=0.02772974698717011
meanTkPop=0.0 tkColOcp=0.0
-----
meanST=0.0 stDevST=0.0

Steady State Statistics: numBatchesST=1385 batchSizeST=200 stDevStdStateMeanST=0.0
95% c.i. = 0.0 +/- 0.0



REPORT for Queue : ImageProvider----------------------------------------

totArrivThrPut=0.16665345706912474 totDeptThrPut=0.16665345706912474
meanTotTkPop=0.10025674950353089 queueUtil=0.08679336016931957
meanST=0.6015881774474457



REPORT for Queue of Queueing Place : I/icon_loginAction----------------------------------------

queueUtilQPl=0.027532771578788477

------------------ Color = loginAction --------------------
arrivCnt=278211 deptCnt=278211
arrivThrPut=0.027848966280584735 deptThrPut=0.027848966280584735
meanTkPop=0.028287380536031845 tkColOcp=0.027532771578788477
-----
meanST=1.0157425683607062 stDevST=1.0046921647800204

Steady State Statistics: numBatchesST=695 batchSizeST=400 stDevStdStateMeanST=0.053952910357080046
95% c.i. = 1.0157303833740765 +/- 0.004011165352746822



REPORT for Depository of Queueing Place : I/icon_loginAction----------------------------------------

tkOcp=0.0

------------------ Color = loginAction --------------------
arrivCnt=278211 deptCnt=278211
arrivThrPut=0.027848966280584735 deptThrPut=0.027848966280584735
meanTkPop=0.0 tkColOcp=0.0
-----
meanST=0.0 stDevST=0.0

Steady State Statistics: numBatchesST=1391 batchSizeST=200 stDevStdStateMeanST=0.0
95% c.i. = 0.0 +/- 0.0



REPORT for Queue : ImageProvider----------------------------------------

totArrivThrPut=0.16665345706912474 totDeptThrPut=0.16665345706912474
meanTotTkPop=0.10025674950353089 queueUtil=0.08679336016931957
meanST=0.6015881774474457



REPORT for Queue of Queueing Place : A/isLoggedIn_product----------------------------------------

queueUtilQPl=0.009393323831463013

------------------ Color = product --------------------
arrivCnt=276775 deptCnt=276775
arrivThrPut=0.027705222447382886 deptThrPut=0.027705222447382886
meanTkPop=0.009501411152824532 tkColOcp=0.009393323831463013
-----
meanST=0.34294657517619254 stDevST=0.34804891362781615

Steady State Statistics: numBatchesST=345 batchSizeST=800 stDevStdStateMeanST=0.01245595025608231
95% c.i. = 0.3428964091190206 +/- 0.0013143632532220352



REPORT for Depository of Queueing Place : A/isLoggedIn_product----------------------------------------

tkOcp=0.0

------------------ Color = product --------------------
arrivCnt=276775 deptCnt=276775
arrivThrPut=0.027705222447382886 deptThrPut=0.027705222447382886
meanTkPop=0.0 tkColOcp=0.0
-----
meanST=0.0 stDevST=0.0

Steady State Statistics: numBatchesST=1383 batchSizeST=200 stDevStdStateMeanST=0.0
95% c.i. = 0.0 +/- 0.0



REPORT for Queue : Auth----------------------------------------

totArrivThrPut=0.16665345706912474 totDeptThrPut=0.16665345706912474
meanTotTkPop=0.044346618415252864 queueUtil=0.0414649398063182
meanST=0.2661008009984378



REPORT for Queue of Queueing Place : P/category_logout----------------------------------------

queueUtilQPl=0.012031345933182341

------------------ Color = logout --------------------
arrivCnt=277020 deptCnt=277020
arrivThrPut=0.02772974698717011 deptThrPut=0.02772974698717011
meanTkPop=0.012222295279069083 tkColOcp=0.012031345933182341
-----
meanST=0.4407647601229123 stDevST=0.43735676668483164

Steady State Statistics: numBatchesST=692 batchSizeST=400 stDevStdStateMeanST=0.023651615399060723
95% c.i. = 0.44075687653457574 +/- 0.0017622026584303847



REPORT for Depository of Queueing Place : P/category_logout----------------------------------------

tkOcp=0.0

------------------ Color = logout --------------------
arrivCnt=277020 deptCnt=277020
arrivThrPut=0.02772974698717011 deptThrPut=0.02772974698717011
meanTkPop=0.0 tkColOcp=0.0
-----
meanST=0.0 stDevST=0.0

Steady State Statistics: numBatchesST=1385 batchSizeST=200 stDevStdStateMeanST=0.0
95% c.i. = 0.0 +/- 0.0



REPORT for Queue : Persistence----------------------------------------

totArrivThrPut=0.16665345706912477 totDeptThrPut=0.16665345706912477
meanTotTkPop=0.04034274680503726 queueUtil=0.038079365124740666
meanST=0.24207566716305104



REPORT for Ordinary Place : Finish_index----------------------------------------

tkOcp=1.0000000000000002

------------------ Color = index --------------------
arrivCnt=277621 deptCnt=0
arrivThrPut=0.027789907184770604 deptThrPut=0.0
meanTkPop=138884.11720420246 tkColOcp=1.0000000000000002
-----
meanST=NaN stDevST=NaN

Steady State Statistics: Only 0 batches collected!
Need at least 60 for steady state statistics.



REPORT for Ordinary Place : Finish_login----------------------------------------

tkOcp=1.0

------------------ Color = login --------------------
arrivCnt=277219 deptCnt=0
arrivThrPut=0.027749666919487076 deptThrPut=0.0
meanTkPop=138769.23703660365 tkColOcp=1.0
-----
meanST=NaN stDevST=NaN

Steady State Statistics: Only 0 batches collected!
Need at least 60 for steady state statistics.



REPORT for Ordinary Place : Finish_loginAction----------------------------------------

tkOcp=1.0000000000000002

------------------ Color = loginAction --------------------
arrivCnt=278211 deptCnt=0
arrivThrPut=0.027848966280584735 deptThrPut=0.0
meanTkPop=139581.5913886353 tkColOcp=1.0000000000000002
-----
meanST=NaN stDevST=NaN

Steady State Statistics: Only 0 batches collected!
Need at least 60 for steady state statistics.



REPORT for Ordinary Place : Finish_category----------------------------------------

tkOcp=1.0

------------------ Color = category --------------------
arrivCnt=278021 deptCnt=0
arrivThrPut=0.027829947249729335 deptThrPut=0.0
meanTkPop=139106.89011329695 tkColOcp=1.0
-----
meanST=NaN stDevST=NaN

Steady State Statistics: Only 0 batches collected!
Need at least 60 for steady state statistics.



REPORT for Ordinary Place : Finish_product----------------------------------------

tkOcp=1.0000000000000002

------------------ Color = product --------------------
arrivCnt=276775 deptCnt=0
arrivThrPut=0.027705222447382886 deptThrPut=0.0
meanTkPop=138760.84735725162 tkColOcp=1.0000000000000002
-----
meanST=NaN stDevST=NaN

Steady State Statistics: Only 0 batches collected!
Need at least 60 for steady state statistics.



REPORT for Ordinary Place : Finish_logout----------------------------------------

tkOcp=1.0

------------------ Color = logout --------------------
arrivCnt=277020 deptCnt=0
arrivThrPut=0.02772974698717011 deptThrPut=0.0
meanTkPop=138714.4457851385 tkColOcp=1.0
-----
meanST=NaN stDevST=NaN

Steady State Statistics: Only 0 batches collected!
Need at least 60 for steady state statistics.



REPORT REPORT for Probe : /index----------------------------------------


------------------ Color = index --------------------
-----
meanST=1.1721916736746592 stDevST=1.232789009747607

Steady State Statistics: numBatchesST=694 batchSizeST=400 stDevStdStateMeanST=0.06575196740035791
95% c.i. = 1.172206273730454 +/- 0.004891894787956537



REPORT REPORT for Probe : /login----------------------------------------


------------------ Color = login --------------------
-----
meanST=3.3151601534847157 stDevST=2.1856482354299955

Steady State Statistics: numBatchesST=693 batchSizeST=400 stDevStdStateMeanST=0.12209598099084894
95% c.i. = 3.3151936903766575 +/- 0.009090396831808716



REPORT REPORT for Probe : /loginAction----------------------------------------


------------------ Color = loginAction --------------------
-----
meanST=3.307740884595911 stDevST=2.278687706971072

Steady State Statistics: numBatchesST=695 batchSizeST=400 stDevStdStateMeanST=0.126701319583829
95% c.i. = 3.3077060074681555 +/- 0.009419694691136625



REPORT REPORT for Probe : /logout----------------------------------------


------------------ Color = logout --------------------
-----
meanST=1.2288016039533922 stDevST=1.228572334601315

Steady State Statistics: numBatchesST=692 batchSizeST=400 stDevStdStateMeanST=0.06813541169519634
95% c.i. = 1.2288556383081126 +/- 0.005076541352320991



REPORT REPORT for Probe : /category----------------------------------------


------------------ Color = category --------------------
-----
meanST=2.4980379955242884 stDevST=1.591846585187753

Steady State Statistics: numBatchesST=695 batchSizeST=400 stDevStdStateMeanST=0.08227629515771452
95% c.i. = 2.498040725065959 +/- 0.0061168864164097446



REPORT REPORT for Probe : /product----------------------------------------


------------------ Color = product --------------------
-----
meanST=2.4547849171336327 stDevST=1.5222182661208383

Steady State Statistics: numBatchesST=691 batchSizeST=400 stDevStdStateMeanST=0.08208067381935184
95% c.i. = 2.454824995251384 +/- 0.006119979682366426



