INFO Logging to /home/yjx/workloadConfig/qpme/output/SimQPN_Output_config_2025-08-14_041352610.log
WARN Batch means correlation test was run for depository of place Workload, color 0
    However, the standard deviation of the token residence time is 0 and therefore the result of the test is ignored!
    In future runs, you should set numBMeansCorlTested to 0 to switch off the correlation test!
WARN Batch means correlation test was run for depository of place W/index, color 0
    However, the standard deviation of the token residence time is 0 and therefore the result of the test is ignored!
    In future runs, you should set numBMeansCorlTested to 0 to switch off the correlation test!
WARN Batch means correlation test was run for depository of place P/categories_index, color 0
    However, the standard deviation of the token residence time is 0 and therefore the result of the test is ignored!
    In future runs, you should set numBMeansCorlTested to 0 to switch off the correlation test!
WARN Batch means correlation test was run for depository of place A/isLoggedIn_index, color 0
    However, the standard deviation of the token residence time is 0 and therefore the result of the test is ignored!
    In future runs, you should set numBMeansCorlTested to 0 to switch off the correlation test!
WARN Batch means correlation test was run for depository of place I/icon_index, color 0
    However, the standard deviation of the token residence time is 0 and therefore the result of the test is ignored!
    In future runs, you should set numBMeansCorlTested to 0 to switch off the correlation test!
WARN Batch means correlation test was run for depository of place W/loginAction, color 0
    However, the standard deviation of the token residence time is 0 and therefore the result of the test is ignored!
    In future runs, you should set numBMeansCorlTested to 0 to switch off the correlation test!
WARN Batch means correlation test was run for depository of place A/login_loginAction, color 0
    However, the standard deviation of the token residence time is 0 and therefore the result of the test is ignored!
    In future runs, you should set numBMeansCorlTested to 0 to switch off the correlation test!
WARN Batch means correlation test was run for depository of place P/getUser_loginAction, color 0
    However, the standard deviation of the token residence time is 0 and therefore the result of the test is ignored!
    In future runs, you should set numBMeansCorlTested to 0 to switch off the correlation test!
WARN Batch means correlation test was run for depository of place I/icon_loginAction, color 0
    However, the standard deviation of the token residence time is 0 and therefore the result of the test is ignored!
    In future runs, you should set numBMeansCorlTested to 0 to switch off the correlation test!
WARN Batch means correlation test was run for depository of place W/login, color 0
    However, the standard deviation of the token residence time is 0 and therefore the result of the test is ignored!
    In future runs, you should set numBMeansCorlTested to 0 to switch off the correlation test!
WARN Batch means correlation test was run for depository of place P/categories_login, color 0
    However, the standard deviation of the token residence time is 0 and therefore the result of the test is ignored!
    In future runs, you should set numBMeansCorlTested to 0 to switch off the correlation test!
WARN Batch means correlation test was run for depository of place I/icon_login, color 0
    However, the standard deviation of the token residence time is 0 and therefore the result of the test is ignored!
    In future runs, you should set numBMeansCorlTested to 0 to switch off the correlation test!
WARN Batch means correlation test was run for depository of place A/isLoggedIn_login, color 0
    However, the standard deviation of the token residence time is 0 and therefore the result of the test is ignored!
    In future runs, you should set numBMeansCorlTested to 0 to switch off the correlation test!
WARN Batch means correlation test was run for depository of place W/product, color 0
    However, the standard deviation of the token residence time is 0 and therefore the result of the test is ignored!
    In future runs, you should set numBMeansCorlTested to 0 to switch off the correlation test!
WARN Batch means correlation test was run for depository of place P/getProduct_product, color 0
    However, the standard deviation of the token residence time is 0 and therefore the result of the test is ignored!
    In future runs, you should set numBMeansCorlTested to 0 to switch off the correlation test!
WARN Batch means correlation test was run for depository of place R/getAds_product, color 0
    However, the standard deviation of the token residence time is 0 and therefore the result of the test is ignored!
    In future runs, you should set numBMeansCorlTested to 0 to switch off the correlation test!
WARN Batch means correlation test was run for depository of place I/product_product, color 0
    However, the standard deviation of the token residence time is 0 and therefore the result of the test is ignored!
    In future runs, you should set numBMeansCorlTested to 0 to switch off the correlation test!
WARN Batch means correlation test was run for depository of place A/isLoggedIn_product, color 0
    However, the standard deviation of the token residence time is 0 and therefore the result of the test is ignored!
    In future runs, you should set numBMeansCorlTested to 0 to switch off the correlation test!
WARN Batch means correlation test was run for depository of place W/logout, color 0
    However, the standard deviation of the token residence time is 0 and therefore the result of the test is ignored!
    In future runs, you should set numBMeansCorlTested to 0 to switch off the correlation test!
WARN Batch means correlation test was run for depository of place A/logout_logout, color 0
    However, the standard deviation of the token residence time is 0 and therefore the result of the test is ignored!
    In future runs, you should set numBMeansCorlTested to 0 to switch off the correlation test!
WARN Batch means correlation test was run for depository of place P/category_logout, color 0
    However, the standard deviation of the token residence time is 0 and therefore the result of the test is ignored!
    In future runs, you should set numBMeansCorlTested to 0 to switch off the correlation test!
WARN Batch means correlation test was run for depository of place I/icon_logout, color 0
    However, the standard deviation of the token residence time is 0 and therefore the result of the test is ignored!
    In future runs, you should set numBMeansCorlTested to 0 to switch off the correlation test!
WARN Batch means correlation test was run for depository of place W/category, color 0
    However, the standard deviation of the token residence time is 0 and therefore the result of the test is ignored!
    In future runs, you should set numBMeansCorlTested to 0 to switch off the correlation test!
WARN Batch means correlation test was run for depository of place P/category_category, color 0
    However, the standard deviation of the token residence time is 0 and therefore the result of the test is ignored!
    In future runs, you should set numBMeansCorlTested to 0 to switch off the correlation test!
WARN Batch means correlation test was run for depository of place I/productImages_category, color 0
    However, the standard deviation of the token residence time is 0 and therefore the result of the test is ignored!
    In future runs, you should set numBMeansCorlTested to 0 to switch off the correlation test!
WARN Batch means correlation test was run for depository of place A/isLoggedIn_category, color 0
    However, the standard deviation of the token residence time is 0 and therefore the result of the test is ignored!
    In future runs, you should set numBMeansCorlTested to 0 to switch off the correlation test!
WARN LP-1 The simulation was stopped because of reaching max totalRunLen.
The required precision may not have been reached!
REPORT for Queue of Queueing Place : W/index----------------------------------------

queueUtilQPl=0.022795167442356563

------------------ Color = index --------------------
arrivCnt=278524 deptCnt=278524
arrivThrPut=0.02788023696787622 deptThrPut=0.02788023696787622
meanTkPop=0.023325368542896036 tkColOcp=0.022795167442356563
-----
meanST=0.8366273417895145 stDevST=0.832346901279165

Steady State Statistics: numBatchesST=696 batchSizeST=400 stDevStdStateMeanST=0.04251967257214937
95% c.i. = 0.8366888683987584 +/- 0.003158881851613156



REPORT for Depository of Queueing Place : W/index----------------------------------------

tkOcp=0.0

------------------ Color = index --------------------
arrivCnt=278524 deptCnt=278524
arrivThrPut=0.02788023696787622 deptThrPut=0.02788023696787622
meanTkPop=0.0 tkColOcp=0.0
-----
meanST=0.0 stDevST=0.0

Steady State Statistics: numBatchesST=1392 batchSizeST=200 stDevStdStateMeanST=0.0
95% c.i. = 0.0 +/- 0.0



REPORT for Queue : WebUI----------------------------------------

totArrivThrPut=0.1666932345328277 totDeptThrPut=0.1666932345328277
meanTotTkPop=0.06151395131877003 queueUtil=0.05631115932344949
meanST=0.36902488269045974



REPORT for Queue of Queueing Place : P/categories_index----------------------------------------

queueUtilQPl=0.019913031321534432

------------------ Color = index --------------------
arrivCnt=278524 deptCnt=278524
arrivThrPut=0.02788023696787622 deptThrPut=0.02788023696787622
meanTkPop=0.02030267968076724 tkColOcp=0.019913031321534432
-----
meanST=0.7282104418323313 stDevST=0.7252705890969078

Steady State Statistics: numBatchesST=696 batchSizeST=400 stDevStdStateMeanST=0.037941641126361135
95% c.i. = 0.7282267282208665 +/- 0.0028187696264854595



REPORT for Depository of Queueing Place : P/categories_index----------------------------------------

tkOcp=0.0

------------------ Color = index --------------------
arrivCnt=278524 deptCnt=278524
arrivThrPut=0.02788023696787622 deptThrPut=0.02788023696787622
meanTkPop=0.0 tkColOcp=0.0
-----
meanST=0.0 stDevST=0.0

Steady State Statistics: numBatchesST=1392 batchSizeST=200 stDevStdStateMeanST=0.0
95% c.i. = 0.0 +/- 0.0



REPORT for Queue : Persistence----------------------------------------

totArrivThrPut=0.1666932345328277 totDeptThrPut=0.1666932345328277
meanTotTkPop=0.05818260458849609 queueUtil=0.05273372803055834
meanST=0.3490399880448532



REPORT for Queue of Queueing Place : A/isLoggedIn_index----------------------------------------

queueUtilQPl=0.007939151338886279

------------------ Color = index --------------------
arrivCnt=278524 deptCnt=278524
arrivThrPut=0.02788023696787622 deptThrPut=0.02788023696787622
meanTkPop=0.007996107404830798 tkColOcp=0.007939151338886279
-----
meanST=0.2868019885929938 stDevST=0.28745709113869716

Steady State Statistics: numBatchesST=696 batchSizeST=400 stDevStdStateMeanST=0.014112818342175208
95% c.i. = 0.28681456748309103 +/- 0.0010484729312193986



REPORT for Depository of Queueing Place : A/isLoggedIn_index----------------------------------------

tkOcp=0.0

------------------ Color = index --------------------
arrivCnt=278524 deptCnt=278524
arrivThrPut=0.02788023696787622 deptThrPut=0.02788023696787622
meanTkPop=0.0 tkColOcp=0.0
-----
meanST=0.0 stDevST=0.0

Steady State Statistics: numBatchesST=1392 batchSizeST=200 stDevStdStateMeanST=0.0
95% c.i. = 0.0 +/- 0.0



REPORT for Queue : Auth----------------------------------------

totArrivThrPut=0.1666932345328277 totDeptThrPut=0.1666932345328277
meanTotTkPop=0.036812653485979216 queueUtil=0.03519637532719118
meanST=0.22084071731615193



REPORT for Queue of Queueing Place : W/login----------------------------------------

queueUtilQPl=0.0038319953048879555

------------------ Color = login --------------------
arrivCnt=277041 deptCnt=277041
arrivThrPut=0.027731788750044506 deptThrPut=0.027731788750044506
meanTkPop=0.0038593473078281683 tkColOcp=0.0038319953048879555
-----
meanST=0.1391669085111567 stDevST=0.23103857559507443

Steady State Statistics: numBatchesST=692 batchSizeST=400 stDevStdStateMeanST=0.011769335495274405
95% c.i. = 0.1391621771073429 +/- 8.768937743912111E-4



REPORT for Depository of Queueing Place : W/login----------------------------------------

tkOcp=0.0

------------------ Color = login --------------------
arrivCnt=277041 deptCnt=277041
arrivThrPut=0.027731788750044506 deptThrPut=0.027731788750044506
meanTkPop=0.0 tkColOcp=0.0
-----
meanST=0.0 stDevST=0.0

Steady State Statistics: numBatchesST=1385 batchSizeST=200 stDevStdStateMeanST=0.0
95% c.i. = 0.0 +/- 0.0



REPORT for Queue : WebUI----------------------------------------

totArrivThrPut=0.1666932345328277 totDeptThrPut=0.1666932345328277
meanTotTkPop=0.06151395131877003 queueUtil=0.05631115932344949
meanST=0.36902488269045974



REPORT for Queue of Queueing Place : W/loginAction----------------------------------------

queueUtilQPl=0.006724660266879476

------------------ Color = loginAction --------------------
arrivCnt=277603 deptCnt=277603
arrivThrPut=0.027788044918905883 deptThrPut=0.027788044918905883
meanTkPop=0.006777567749072012 tkColOcp=0.006724660266879476
-----
meanST=0.24390228851475707 stDevST=0.29304686389930784

Steady State Statistics: numBatchesST=694 batchSizeST=400 stDevStdStateMeanST=0.014596495971189567
95% c.i. = 0.24390222398318268 +/- 0.0010859678483704528



REPORT for Depository of Queueing Place : W/loginAction----------------------------------------

tkOcp=0.0

------------------ Color = loginAction --------------------
arrivCnt=277603 deptCnt=277603
arrivThrPut=0.027788044918905883 deptThrPut=0.027788044918905883
meanTkPop=0.0 tkColOcp=0.0
-----
meanST=0.0 stDevST=0.0

Steady State Statistics: numBatchesST=1388 batchSizeST=200 stDevStdStateMeanST=0.0
95% c.i. = 0.0 +/- 0.0



REPORT for Queue : WebUI----------------------------------------

totArrivThrPut=0.1666932345328277 totDeptThrPut=0.1666932345328277
meanTotTkPop=0.06151395131877003 queueUtil=0.05631115932344949
meanST=0.36902488269045974



REPORT for Queue of Queueing Place : A/login_loginAction----------------------------------------

queueUtilQPl=0.006535110853919193

------------------ Color = loginAction --------------------
arrivCnt=277603 deptCnt=277603
arrivThrPut=0.027788044918905883 deptThrPut=0.027788044918905883
meanTkPop=0.006580363820002131 tkColOcp=0.006535110853919193
-----
meanST=0.2368055701365702 stDevST=0.23780793088903338

Steady State Statistics: numBatchesST=694 batchSizeST=400 stDevStdStateMeanST=0.0116930046818758
95% c.i. = 0.23680478694811924 +/- 8.699503744204048E-4



REPORT for Depository of Queueing Place : A/login_loginAction----------------------------------------

tkOcp=0.0

------------------ Color = loginAction --------------------
arrivCnt=277603 deptCnt=277603
arrivThrPut=0.027788044918905883 deptThrPut=0.027788044918905883
meanTkPop=0.0 tkColOcp=0.0
-----
meanST=0.0 stDevST=0.0

Steady State Statistics: numBatchesST=1388 batchSizeST=200 stDevStdStateMeanST=0.0
95% c.i. = 0.0 +/- 0.0



REPORT for Queue : Auth----------------------------------------

totArrivThrPut=0.1666932345328277 totDeptThrPut=0.1666932345328277
meanTotTkPop=0.036812653485979216 queueUtil=0.03519637532719118
meanST=0.22084071731615193



REPORT for Queue of Queueing Place : W/logout----------------------------------------

queueUtilQPl=0.008897359990786006

------------------ Color = logout --------------------
arrivCnt=277218 deptCnt=277218
arrivThrPut=0.027749506440237503 deptThrPut=0.027749506440237503
meanTkPop=0.008989128236336477 tkColOcp=0.008897359990786006
-----
meanST=0.3239383106036801 stDevST=0.35652373007225635

Steady State Statistics: numBatchesST=693 batchSizeST=400 stDevStdStateMeanST=0.01765084725881258
95% c.i. = 0.3239388347358007 +/- 0.001314156327654023



REPORT for Depository of Queueing Place : W/logout----------------------------------------

tkOcp=0.0

------------------ Color = logout --------------------
arrivCnt=277218 deptCnt=277218
arrivThrPut=0.027749506440237503 deptThrPut=0.027749506440237503
meanTkPop=0.0 tkColOcp=0.0
-----
meanST=0.0 stDevST=0.0

Steady State Statistics: numBatchesST=1386 batchSizeST=200 stDevStdStateMeanST=0.0
95% c.i. = 0.0 +/- 0.0



REPORT for Queue : WebUI----------------------------------------

totArrivThrPut=0.1666932345328277 totDeptThrPut=0.1666932345328277
meanTotTkPop=0.06151395131877003 queueUtil=0.05631115932344949
meanST=0.36902488269045974



REPORT for Queue of Queueing Place : A/logout_logout----------------------------------------

queueUtilQPl=0.006100746556719272

------------------ Color = logout --------------------
arrivCnt=277218 deptCnt=277218
arrivThrPut=0.027749506440237503 deptThrPut=0.027749506440237503
meanTkPop=0.006139698035200589 tkColOcp=0.006100746556719272
-----
meanST=0.22125431486225888 stDevST=0.22330678815236296

Steady State Statistics: numBatchesST=693 batchSizeST=400 stDevStdStateMeanST=0.010751569520266487
95% c.i. = 0.2212535090889586 +/- 8.004852634037719E-4



REPORT for Depository of Queueing Place : A/logout_logout----------------------------------------

tkOcp=0.0

------------------ Color = logout --------------------
arrivCnt=277218 deptCnt=277218
arrivThrPut=0.027749506440237503 deptThrPut=0.027749506440237503
meanTkPop=0.0 tkColOcp=0.0
-----
meanST=0.0 stDevST=0.0

Steady State Statistics: numBatchesST=1386 batchSizeST=200 stDevStdStateMeanST=0.0
95% c.i. = 0.0 +/- 0.0



REPORT for Queue : Auth----------------------------------------

totArrivThrPut=0.1666932345328277 totDeptThrPut=0.1666932345328277
meanTotTkPop=0.036812653485979216 queueUtil=0.03519637532719118
meanST=0.22084071731615193



REPORT for Queue of Queueing Place : P/getUser_loginAction----------------------------------------

queueUtilQPl=0.006200549846007323

------------------ Color = loginAction --------------------
arrivCnt=277603 deptCnt=277603
arrivThrPut=0.027788044918905883 deptThrPut=0.027788044918905883
meanTkPop=0.00625380791192047 tkColOcp=0.006200549846007323
-----
meanST=0.22505390106324563 stDevST=0.28274870694323995

Steady State Statistics: numBatchesST=694 batchSizeST=400 stDevStdStateMeanST=0.01493943175018897
95% c.i. = 0.22505445460728715 +/- 0.0011114820012729232



REPORT for Depository of Queueing Place : P/getUser_loginAction----------------------------------------

tkOcp=0.0

------------------ Color = loginAction --------------------
arrivCnt=277603 deptCnt=277603
arrivThrPut=0.027788044918905883 deptThrPut=0.027788044918905883
meanTkPop=0.0 tkColOcp=0.0
-----
meanST=0.0 stDevST=0.0

Steady State Statistics: numBatchesST=1388 batchSizeST=200 stDevStdStateMeanST=0.0
95% c.i. = 0.0 +/- 0.0



REPORT for Queue : Persistence----------------------------------------

totArrivThrPut=0.1666932345328277 totDeptThrPut=0.1666932345328277
meanTotTkPop=0.05818260458849609 queueUtil=0.05273372803055834
meanST=0.3490399880448532



REPORT for Queue of Queueing Place : W/category----------------------------------------

queueUtilQPl=0.003618997093286206

------------------ Color = category --------------------
arrivCnt=276764 deptCnt=276764
arrivThrPut=0.02770406106539219 deptThrPut=0.02770406106539219
meanTkPop=0.0036477517320838023 tkColOcp=0.003618997093286206
-----
meanST=0.13166848439561665 stDevST=0.22513131248053492

Steady State Statistics: numBatchesST=691 batchSizeST=400 stDevStdStateMeanST=0.011760230486171861
95% c.i. = 0.1316553768802202 +/- 8.768491812545204E-4



REPORT for Depository of Queueing Place : W/category----------------------------------------

tkOcp=0.0

------------------ Color = category --------------------
arrivCnt=276764 deptCnt=276764
arrivThrPut=0.02770406106539219 deptThrPut=0.02770406106539219
meanTkPop=0.0 tkColOcp=0.0
-----
meanST=0.0 stDevST=0.0

Steady State Statistics: numBatchesST=1383 batchSizeST=200 stDevStdStateMeanST=0.0
95% c.i. = 0.0 +/- 0.0



REPORT for Queue : WebUI----------------------------------------

totArrivThrPut=0.1666932345328277 totDeptThrPut=0.1666932345328277
meanTotTkPop=0.06151395131877003 queueUtil=0.05631115932344949
meanST=0.36902488269045974



REPORT for Queue of Queueing Place : W/product----------------------------------------

queueUtilQPl=0.014691678399015138

------------------ Color = product --------------------
arrivCnt=278118 deptCnt=278118
arrivThrPut=0.027839596390371382 deptThrPut=0.027839596390371382
meanTkPop=0.014914787750553533 tkColOcp=0.014691678399015138
-----
meanST=0.53574008550325 stDevST=0.5449820053735245

Steady State Statistics: numBatchesST=347 batchSizeST=800 stDevStdStateMeanST=0.02048962780218458
95% c.i. = 0.5356495365171309 +/- 0.0021558444546367814



REPORT for Depository of Queueing Place : W/product----------------------------------------

tkOcp=0.0

------------------ Color = product --------------------
arrivCnt=278118 deptCnt=278118
arrivThrPut=0.027839596390371382 deptThrPut=0.027839596390371382
meanTkPop=0.0 tkColOcp=0.0
-----
meanST=0.0 stDevST=0.0

Steady State Statistics: numBatchesST=1390 batchSizeST=200 stDevStdStateMeanST=0.0
95% c.i. = 0.0 +/- 0.0



REPORT for Queue : WebUI----------------------------------------

totArrivThrPut=0.1666932345328277 totDeptThrPut=0.1666932345328277
meanTotTkPop=0.06151395131877003 queueUtil=0.05631115932344949
meanST=0.36902488269045974



REPORT for Queue of Queueing Place : P/category_category----------------------------------------

queueUtilQPl=0.006566155619544117

------------------ Color = category --------------------
arrivCnt=276764 deptCnt=276764
arrivThrPut=0.02770406106539219 deptThrPut=0.02770406106539219
meanTkPop=0.006633924074856092 tkColOcp=0.006566155619544117
-----
meanST=0.23945673737859197 stDevST=0.3033224389563864

Steady State Statistics: numBatchesST=691 batchSizeST=400 stDevStdStateMeanST=0.015130639629398946
95% c.i. = 0.239474421550783 +/- 0.0011281487200863844



REPORT for Depository of Queueing Place : P/category_category----------------------------------------

tkOcp=0.0

------------------ Color = category --------------------
arrivCnt=276764 deptCnt=276764
arrivThrPut=0.02770406106539219 deptThrPut=0.02770406106539219
meanTkPop=0.0 tkColOcp=0.0
-----
meanST=0.0 stDevST=0.0

Steady State Statistics: numBatchesST=1383 batchSizeST=200 stDevStdStateMeanST=0.0
95% c.i. = 0.0 +/- 0.0



REPORT for Queue : Persistence----------------------------------------

totArrivThrPut=0.1666932345328277 totDeptThrPut=0.1666932345328277
meanTotTkPop=0.05818260458849609 queueUtil=0.05273372803055834
meanST=0.3490399880448532



REPORT for Queue of Queueing Place : P/getProduct_product----------------------------------------

queueUtilQPl=0.003477941033643187

------------------ Color = product --------------------
arrivCnt=278118 deptCnt=278118
arrivThrPut=0.027839596390371382 deptThrPut=0.027839596390371382
meanTkPop=0.003503113865211044 tkColOcp=0.003477941033643187
-----
meanST=0.1258320636581726 stDevST=0.21042164901200902

Steady State Statistics: numBatchesST=695 batchSizeST=400 stDevStdStateMeanST=0.01056520389747864
95% c.i. = 0.12584185516481072 +/- 7.854771788545562E-4



REPORT for Depository of Queueing Place : P/getProduct_product----------------------------------------

tkOcp=0.0

------------------ Color = product --------------------
arrivCnt=278118 deptCnt=278118
arrivThrPut=0.027839596390371382 deptThrPut=0.027839596390371382
meanTkPop=0.0 tkColOcp=0.0
-----
meanST=0.0 stDevST=0.0

Steady State Statistics: numBatchesST=1390 batchSizeST=200 stDevStdStateMeanST=0.0
95% c.i. = 0.0 +/- 0.0



REPORT for Queue : Persistence----------------------------------------

totArrivThrPut=0.1666932345328277 totDeptThrPut=0.1666932345328277
meanTotTkPop=0.05818260458849609 queueUtil=0.05273372803055834
meanST=0.3490399880448532



REPORT for Queue of Queueing Place : R/getAds_product----------------------------------------

queueUtilQPl=0.017982040368561568

------------------ Color = product --------------------
arrivCnt=278118 deptCnt=278118
arrivThrPut=0.027839596390371382 deptThrPut=0.027839596390371382
meanTkPop=0.018319212504502334 tkColOcp=0.017982040368561568
-----
meanST=0.6580272302668234 stDevST=0.6595100658062621

Steady State Statistics: numBatchesST=695 batchSizeST=400 stDevStdStateMeanST=0.03346167520089051
95% c.i. = 0.6580389978291858 +/- 0.002487730714105329



REPORT for Depository of Queueing Place : R/getAds_product----------------------------------------

tkOcp=0.0

------------------ Color = product --------------------
arrivCnt=278118 deptCnt=278118
arrivThrPut=0.027839596390371382 deptThrPut=0.027839596390371382
meanTkPop=0.0 tkColOcp=0.0
-----
meanST=0.0 stDevST=0.0

Steady State Statistics: numBatchesST=1390 batchSizeST=200 stDevStdStateMeanST=0.0
95% c.i. = 0.0 +/- 0.0



REPORT for Queue : Recommender----------------------------------------

totArrivThrPut=0.027839596390371382 totDeptThrPut=0.027839596390371382
meanTotTkPop=0.018319212504502334 queueUtil=0.017982040368561568
meanST=0.6580272302668234



REPORT for Queue of Queueing Place : I/productImages_category----------------------------------------

queueUtilQPl=0.00914421197053135

------------------ Color = category --------------------
arrivCnt=276764 deptCnt=276764
arrivThrPut=0.02770406106539219 deptThrPut=0.02770406106539219
meanTkPop=0.009242940269734906 tkColOcp=0.00914421197053135
-----
meanST=0.33363124084653256 stDevST=0.34688776064748333

Steady State Statistics: numBatchesST=691 batchSizeST=400 stDevStdStateMeanST=0.017229417699917437
95% c.i. = 0.33366355296890143 +/- 0.0012846347545168316



REPORT for Depository of Queueing Place : I/productImages_category----------------------------------------

tkOcp=0.0

------------------ Color = category --------------------
arrivCnt=276764 deptCnt=276764
arrivThrPut=0.02770406106539219 deptThrPut=0.02770406106539219
meanTkPop=0.0 tkColOcp=0.0
-----
meanST=0.0 stDevST=0.0

Steady State Statistics: numBatchesST=1383 batchSizeST=200 stDevStdStateMeanST=0.0
95% c.i. = 0.0 +/- 0.0



REPORT for Queue : ImageProvider----------------------------------------

totArrivThrPut=0.16669323453282767 totDeptThrPut=0.16669323453282767
meanTotTkPop=0.05889604484400864 queueUtil=0.05430404842735707
meanST=0.3533199473216172



REPORT for Queue of Queueing Place : I/product_product----------------------------------------

queueUtilQPl=0.0037749109687094783

------------------ Color = product --------------------
arrivCnt=278118 deptCnt=278118
arrivThrPut=0.027839596390371382 deptThrPut=0.027839596390371382
meanTkPop=0.0037982722623008057 tkColOcp=0.0037749109687094783
-----
meanST=0.13643417128038818 stDevST=0.19283431048956556

Steady State Statistics: numBatchesST=695 batchSizeST=400 stDevStdStateMeanST=0.009656916734841916
95% c.i. = 0.136436655179488 +/- 7.179499597851766E-4



REPORT for Depository of Queueing Place : I/product_product----------------------------------------

tkOcp=0.0

------------------ Color = product --------------------
arrivCnt=278118 deptCnt=278118
arrivThrPut=0.027839596390371382 deptThrPut=0.027839596390371382
meanTkPop=0.0 tkColOcp=0.0
-----
meanST=0.0 stDevST=0.0

Steady State Statistics: numBatchesST=1390 batchSizeST=200 stDevStdStateMeanST=0.0
95% c.i. = 0.0 +/- 0.0



REPORT for Queue : ImageProvider----------------------------------------

totArrivThrPut=0.16669323453282767 totDeptThrPut=0.16669323453282767
meanTotTkPop=0.05889604484400864 queueUtil=0.05430404842735707
meanST=0.3533199473216172



REPORT for Queue of Queueing Place : Workload----------------------------------------

queueUtilQPl=1.0000000000000002

------------------ Color = workload --------------------
arrivCnt=1665268 deptCnt=1665268
arrivThrPut=0.1666932345328277 deptThrPut=0.1666932345328277
meanTkPop=1.0000000000000002 tkColOcp=1.0000000000000002
-----
meanST=5.9990437092578315 stDevST=6.002879658141806

Steady State Statistics: numBatchesST=4163 batchSizeST=400 stDevStdStateMeanST=0.299581538619369
95% c.i. = 5.9991028097343255 +/- 0.009100388490637004



REPORT for Depository of Queueing Place : Workload----------------------------------------

tkOcp=0.0

------------------ Color = workload --------------------
arrivCnt=1665268 deptCnt=1665268
arrivThrPut=0.1666932345328277 deptThrPut=0.1666932345328277
meanTkPop=0.0 tkColOcp=0.0
-----
meanST=0.0 stDevST=0.0

Steady State Statistics: numBatchesST=8326 batchSizeST=200 stDevStdStateMeanST=0.0
95% c.i. = 0.0 +/- 0.0



REPORT for Queue : Workload----------------------------------------

totArrivThrPut=0.1666932345328277 totDeptThrPut=0.1666932345328277
meanTotTkPop=1.0000000000000002 queueUtil=1.0000000000000002
meanST=5.9990437092578315



REPORT for Queue of Queueing Place : I/icon_index----------------------------------------

queueUtilQPl=0.01299874886841045

------------------ Color = index --------------------
arrivCnt=278524 deptCnt=278524
arrivThrPut=0.02788023696787622 deptThrPut=0.02788023696787622
meanTkPop=0.013163294757566207 tkColOcp=0.01299874886841045
-----
meanST=0.47213711894676635 stDevST=0.47191770931248744

Steady State Statistics: numBatchesST=348 batchSizeST=800 stDevStdStateMeanST=0.01688139470922575
95% c.i. = 0.47215897233357257 +/- 0.0017736453858348642



REPORT for Depository of Queueing Place : I/icon_index----------------------------------------

tkOcp=0.0

------------------ Color = index --------------------
arrivCnt=278524 deptCnt=278524
arrivThrPut=0.02788023696787622 deptThrPut=0.02788023696787622
meanTkPop=0.0 tkColOcp=0.0
-----
meanST=0.0 stDevST=0.0

Steady State Statistics: numBatchesST=1392 batchSizeST=200 stDevStdStateMeanST=0.0
95% c.i. = 0.0 +/- 0.0



REPORT for Queue : ImageProvider----------------------------------------

totArrivThrPut=0.16669323453282767 totDeptThrPut=0.16669323453282767
meanTotTkPop=0.05889604484400864 queueUtil=0.05430404842735707
meanST=0.3533199473216172



REPORT for Queue of Queueing Place : P/categories_login----------------------------------------

queueUtilQPl=0.017374345203578643

------------------ Color = login --------------------
arrivCnt=277041 deptCnt=277041
arrivThrPut=0.027731788750044506 deptThrPut=0.027731788750044506
meanTkPop=0.017693930867170346 tkColOcp=0.017374345203578643
-----
meanST=0.6380378498715468 stDevST=0.640332520517288

Steady State Statistics: numBatchesST=692 batchSizeST=400 stDevStdStateMeanST=0.03293304739578557
95% c.i. = 0.6380312489446743 +/- 0.0024537310746805025



REPORT for Depository of Queueing Place : P/categories_login----------------------------------------

tkOcp=0.0

------------------ Color = login --------------------
arrivCnt=277041 deptCnt=277041
arrivThrPut=0.027731788750044506 deptThrPut=0.027731788750044506
meanTkPop=0.0 tkColOcp=0.0
-----
meanST=0.0 stDevST=0.0

Steady State Statistics: numBatchesST=1385 batchSizeST=200 stDevStdStateMeanST=0.0
95% c.i. = 0.0 +/- 0.0



REPORT for Queue : Persistence----------------------------------------

totArrivThrPut=0.1666932345328277 totDeptThrPut=0.1666932345328277
meanTotTkPop=0.05818260458849609 queueUtil=0.05273372803055834
meanST=0.3490399880448532



REPORT for Queue of Queueing Place : I/icon_login----------------------------------------

queueUtilQPl=0.0035973978256843564

------------------ Color = login --------------------
arrivCnt=277041 deptCnt=277041
arrivThrPut=0.027731788750044506 deptThrPut=0.027731788750044506
meanTkPop=0.0036155980605526803 tkColOcp=0.0035973978256843564
-----
meanST=0.13037738362790888 stDevST=0.17887295504584988

Steady State Statistics: numBatchesST=692 batchSizeST=400 stDevStdStateMeanST=0.009092778043206035
95% c.i. = 0.13037772808769363 +/- 6.774724419411724E-4



REPORT for Depository of Queueing Place : I/icon_login----------------------------------------

tkOcp=0.0

------------------ Color = login --------------------
arrivCnt=277041 deptCnt=277041
arrivThrPut=0.027731788750044506 deptThrPut=0.027731788750044506
meanTkPop=0.0 tkColOcp=0.0
-----
meanST=0.0 stDevST=0.0

Steady State Statistics: numBatchesST=1385 batchSizeST=200 stDevStdStateMeanST=0.0
95% c.i. = 0.0 +/- 0.0



REPORT for Queue : ImageProvider----------------------------------------

totArrivThrPut=0.16669323453282767 totDeptThrPut=0.16669323453282767
meanTotTkPop=0.05889604484400864 queueUtil=0.05430404842735707
meanST=0.3533199473216172



REPORT for Queue of Queueing Place : A/isLoggedIn_login----------------------------------------

queueUtilQPl=0.009596654492483203

------------------ Color = login --------------------
arrivCnt=277041 deptCnt=277041
arrivThrPut=0.027731788750044506 deptThrPut=0.027731788750044506
meanTkPop=0.009690391127077003 tkColOcp=0.009596654492483203
-----
meanST=0.34943260293880074 stDevST=0.34760565012773353

Steady State Statistics: numBatchesST=692 batchSizeST=400 stDevStdStateMeanST=0.017422129936272256
95% c.i. = 0.34942293958054 +/- 0.0012980645580106043



REPORT for Depository of Queueing Place : A/isLoggedIn_login----------------------------------------

tkOcp=0.0

------------------ Color = login --------------------
arrivCnt=277041 deptCnt=277041
arrivThrPut=0.027731788750044506 deptThrPut=0.027731788750044506
meanTkPop=0.0 tkColOcp=0.0
-----
meanST=0.0 stDevST=0.0

Steady State Statistics: numBatchesST=1385 batchSizeST=200 stDevStdStateMeanST=0.0
95% c.i. = 0.0 +/- 0.0



REPORT for Queue : Auth----------------------------------------

totArrivThrPut=0.1666932345328277 totDeptThrPut=0.1666932345328277
meanTotTkPop=0.036812653485979216 queueUtil=0.03519637532719118
meanST=0.22084071731615193



REPORT for Queue of Queueing Place : A/isLoggedIn_category----------------------------------------

queueUtilQPl=0.0033283778987317383

------------------ Color = category --------------------
arrivCnt=276764 deptCnt=276764
arrivThrPut=0.02770406106539219 deptThrPut=0.02770406106539219
meanTkPop=0.0033435626669044483 tkColOcp=0.0033283778987317383
-----
meanST=0.12068853945320003 stDevST=0.13617555078068436

Steady State Statistics: numBatchesST=691 batchSizeST=400 stDevStdStateMeanST=0.006811768520604851
95% c.i. = 0.12067525777816394 +/- 5.078891657107266E-4



REPORT for Depository of Queueing Place : A/isLoggedIn_category----------------------------------------

tkOcp=0.0

------------------ Color = category --------------------
arrivCnt=276764 deptCnt=276764
arrivThrPut=0.02770406106539219 deptThrPut=0.02770406106539219
meanTkPop=0.0 tkColOcp=0.0
-----
meanST=0.0 stDevST=0.0

Steady State Statistics: numBatchesST=1383 batchSizeST=200 stDevStdStateMeanST=0.0
95% c.i. = 0.0 +/- 0.0



REPORT for Queue : Auth----------------------------------------

totArrivThrPut=0.1666932345328277 totDeptThrPut=0.1666932345328277
meanTotTkPop=0.036812653485979216 queueUtil=0.03519637532719118
meanST=0.22084071731615193



REPORT for Queue of Queueing Place : I/icon_logout----------------------------------------

queueUtilQPl=0.015950931960427288

------------------ Color = logout --------------------
arrivCnt=277218 deptCnt=277218
arrivThrPut=0.027749506440237503 deptThrPut=0.027749506440237503
meanTkPop=0.01622448084502902 tkColOcp=0.015950931960427288
-----
meanST=0.5846763754148471 stDevST=0.5793493881491297

Steady State Statistics: numBatchesST=693 batchSizeST=400 stDevStdStateMeanST=0.029426438209293162
95% c.i. = 0.5846864511732546 +/- 0.002190882930775767



REPORT for Depository of Queueing Place : I/icon_logout----------------------------------------

tkOcp=0.0

------------------ Color = logout --------------------
arrivCnt=277218 deptCnt=277218
arrivThrPut=0.027749506440237503 deptThrPut=0.027749506440237503
meanTkPop=0.0 tkColOcp=0.0
-----
meanST=0.0 stDevST=0.0

Steady State Statistics: numBatchesST=1386 batchSizeST=200 stDevStdStateMeanST=0.0
95% c.i. = 0.0 +/- 0.0



REPORT for Queue : ImageProvider----------------------------------------

totArrivThrPut=0.16669323453282767 totDeptThrPut=0.16669323453282767
meanTotTkPop=0.05889604484400864 queueUtil=0.05430404842735707
meanST=0.3533199473216172



REPORT for Queue of Queueing Place : I/icon_loginAction----------------------------------------

queueUtilQPl=0.012679475869189097

------------------ Color = loginAction --------------------
arrivCnt=277603 deptCnt=277603
arrivThrPut=0.027788044918905883 deptThrPut=0.027788044918905883
meanTkPop=0.012851458648825026 tkColOcp=0.012679475869189097
-----
meanST=0.46248157026986103 stDevST=0.46318425225960713

Steady State Statistics: numBatchesST=694 batchSizeST=400 stDevStdStateMeanST=0.024105209422734822
95% c.i. = 0.46248229986443157 +/- 0.0017934086689706476



REPORT for Depository of Queueing Place : I/icon_loginAction----------------------------------------

tkOcp=0.0

------------------ Color = loginAction --------------------
arrivCnt=277603 deptCnt=277603
arrivThrPut=0.027788044918905883 deptThrPut=0.027788044918905883
meanTkPop=0.0 tkColOcp=0.0
-----
meanST=0.0 stDevST=0.0

Steady State Statistics: numBatchesST=1388 batchSizeST=200 stDevStdStateMeanST=0.0
95% c.i. = 0.0 +/- 0.0



REPORT for Queue : ImageProvider----------------------------------------

totArrivThrPut=0.16669323453282767 totDeptThrPut=0.16669323453282767
meanTotTkPop=0.05889604484400864 queueUtil=0.05430404842735707
meanST=0.3533199473216172



REPORT for Queue of Queueing Place : A/isLoggedIn_product----------------------------------------

queueUtilQPl=0.003050144404322353

------------------ Color = product --------------------
arrivCnt=278118 deptCnt=278118
arrivThrPut=0.027839596390371382 deptThrPut=0.027839596390371382
meanTkPop=0.003062530431964241 tkColOcp=0.003050144404322353
-----
meanST=0.1100062798691812 stDevST=0.12470566038030086

Steady State Statistics: numBatchesST=695 batchSizeST=400 stDevStdStateMeanST=0.005863226242622183
95% c.i. = 0.11000645364527212 +/- 4.3590549247610324E-4



REPORT for Depository of Queueing Place : A/isLoggedIn_product----------------------------------------

tkOcp=0.0

------------------ Color = product --------------------
arrivCnt=278118 deptCnt=278118
arrivThrPut=0.027839596390371382 deptThrPut=0.027839596390371382
meanTkPop=0.0 tkColOcp=0.0
-----
meanST=0.0 stDevST=0.0

Steady State Statistics: numBatchesST=1390 batchSizeST=200 stDevStdStateMeanST=0.0
95% c.i. = 0.0 +/- 0.0



REPORT for Queue : Auth----------------------------------------

totArrivThrPut=0.1666932345328277 totDeptThrPut=0.1666932345328277
meanTotTkPop=0.036812653485979216 queueUtil=0.03519637532719118
meanST=0.22084071731615193



REPORT for Queue of Queueing Place : P/category_logout----------------------------------------

queueUtilQPl=0.0037649860644995035

------------------ Color = logout --------------------
arrivCnt=277218 deptCnt=277218
arrivThrPut=0.027749506440237503 deptThrPut=0.027749506440237503
meanTkPop=0.0037951481885708975 tkColOcp=0.0037649860644995035
-----
meanST=0.13676452937079395 stDevST=0.23182571715319802

Steady State Statistics: numBatchesST=693 batchSizeST=400 stDevStdStateMeanST=0.011260524741924276
95% c.i. = 0.13676819587439906 +/- 8.383784429903894E-4



REPORT for Depository of Queueing Place : P/category_logout----------------------------------------

tkOcp=0.0

------------------ Color = logout --------------------
arrivCnt=277218 deptCnt=277218
arrivThrPut=0.027749506440237503 deptThrPut=0.027749506440237503
meanTkPop=0.0 tkColOcp=0.0
-----
meanST=0.0 stDevST=0.0

Steady State Statistics: numBatchesST=1386 batchSizeST=200 stDevStdStateMeanST=0.0
95% c.i. = 0.0 +/- 0.0



REPORT for Queue : Persistence----------------------------------------

totArrivThrPut=0.1666932345328277 totDeptThrPut=0.1666932345328277
meanTotTkPop=0.05818260458849609 queueUtil=0.05273372803055834
meanST=0.3490399880448532



REPORT for Ordinary Place : Finish_index----------------------------------------

tkOcp=1.0

------------------ Color = index --------------------
arrivCnt=278524 deptCnt=0
arrivThrPut=0.02788023696787622 deptThrPut=0.0
meanTkPop=139741.5479150331 tkColOcp=1.0
-----
meanST=NaN stDevST=NaN

Steady State Statistics: Only 0 batches collected!
Need at least 60 for steady state statistics.



REPORT for Ordinary Place : Finish_login----------------------------------------

tkOcp=1.0

------------------ Color = login --------------------
arrivCnt=277041 deptCnt=0
arrivThrPut=0.027731788750044506 deptThrPut=0.0
meanTkPop=138923.10462076042 tkColOcp=1.0
-----
meanST=NaN stDevST=NaN

Steady State Statistics: Only 0 batches collected!
Need at least 60 for steady state statistics.



REPORT for Ordinary Place : Finish_loginAction----------------------------------------

tkOcp=1.0

------------------ Color = loginAction --------------------
arrivCnt=277603 deptCnt=0
arrivThrPut=0.027788044918905883 deptThrPut=0.0
meanTkPop=139387.6564625473 tkColOcp=1.0
-----
meanST=NaN stDevST=NaN

Steady State Statistics: Only 0 batches collected!
Need at least 60 for steady state statistics.



REPORT for Ordinary Place : Finish_category----------------------------------------

tkOcp=1.0

------------------ Color = category --------------------
arrivCnt=276764 deptCnt=0
arrivThrPut=0.02770406106539219 deptThrPut=0.0
meanTkPop=138685.74848078378 tkColOcp=1.0
-----
meanST=NaN stDevST=NaN

Steady State Statistics: Only 0 batches collected!
Need at least 60 for steady state statistics.



REPORT for Ordinary Place : Finish_product----------------------------------------

tkOcp=1.0

------------------ Color = product --------------------
arrivCnt=278118 deptCnt=0
arrivThrPut=0.027839596390371382 deptThrPut=0.0
meanTkPop=139435.7515707948 tkColOcp=1.0
-----
meanST=NaN stDevST=NaN

Steady State Statistics: Only 0 batches collected!
Need at least 60 for steady state statistics.



REPORT for Ordinary Place : Finish_logout----------------------------------------

tkOcp=1.0

------------------ Color = logout --------------------
arrivCnt=277218 deptCnt=0
arrivThrPut=0.027749506440237503 deptThrPut=0.0
meanTkPop=138998.55652767915 tkColOcp=1.0
-----
meanST=NaN stDevST=NaN

Steady State Statistics: Only 0 batches collected!
Need at least 60 for steady state statistics.



REPORT REPORT for Probe : /index----------------------------------------


------------------ Color = index --------------------
-----
meanST=2.323776891161606 stDevST=1.2416762326144946

Steady State Statistics: numBatchesST=348 batchSizeST=800 stDevStdStateMeanST=0.04410485668694902
95% c.i. = 2.323889136436289 +/- 0.004633881080510728



REPORT REPORT for Probe : /login----------------------------------------


------------------ Color = login --------------------
-----
meanST=1.2570147449494131 stDevST=0.8019201139758537

Steady State Statistics: numBatchesST=692 batchSizeST=400 stDevStdStateMeanST=0.0390312318575079
95% c.i. = 1.2569940937202495 +/- 0.002908086377213991



REPORT REPORT for Probe : /loginAction----------------------------------------


------------------ Color = loginAction --------------------
-----
meanST=1.168243329984434 stDevST=0.6815617717997436

Steady State Statistics: numBatchesST=694 batchSizeST=400 stDevStdStateMeanST=0.034076069475087345
95% c.i. = 1.1682437654030218 +/- 0.002535232834087293



REPORT REPORT for Probe : /logout----------------------------------------


------------------ Color = logout --------------------
-----
meanST=1.26663353025158 stDevST=0.7711491579299249

Steady State Statistics: numBatchesST=346 batchSizeST=800 stDevStdStateMeanST=0.025814494931983737
95% c.i. = 1.266677325697888 +/- 0.0027200298745704036



REPORT REPORT for Probe : /category----------------------------------------


------------------ Color = category --------------------
-----
meanST=0.8254450020739412 stDevST=0.5702562894484384

Steady State Statistics: numBatchesST=691 batchSizeST=400 stDevStdStateMeanST=0.028691165667276766
95% c.i. = 0.8254686091780682 +/- 0.002139228916828713



REPORT REPORT for Probe : /product----------------------------------------


------------------ Color = product --------------------
-----
meanST=1.5660398305778154 stDevST=0.9215246695699969

Steady State Statistics: numBatchesST=695 batchSizeST=400 stDevStdStateMeanST=0.04567902526613343
95% c.i. = 1.5660878128693838 +/- 0.00339603780930637



