INFO Logging to /home/yjx/workloadConfig/qpme/output/SimQPN_Output_config_2025-08-14_093125978.log
WARN Batch means correlation test was run for depository of place Workload, color 0
    However, the standard deviation of the token residence time is 0 and therefore the result of the test is ignored!
    In future runs, you should set numBMeansCorlTested to 0 to switch off the correlation test!
WARN Batch means correlation test was run for depository of place W/index, color 0
    However, the standard deviation of the token residence time is 0 and therefore the result of the test is ignored!
    In future runs, you should set numBMeansCorlTested to 0 to switch off the correlation test!
WARN Batch means correlation test was run for depository of place P/categories_index, color 0
    However, the standard deviation of the token residence time is 0 and therefore the result of the test is ignored!
    In future runs, you should set numBMeansCorlTested to 0 to switch off the correlation test!
WARN Batch means correlation test was run for depository of place A/isLoggedIn_index, color 0
    However, the standard deviation of the token residence time is 0 and therefore the result of the test is ignored!
    In future runs, you should set numBMeansCorlTested to 0 to switch off the correlation test!
WARN Batch means correlation test was run for depository of place I/icon_index, color 0
    However, the standard deviation of the token residence time is 0 and therefore the result of the test is ignored!
    In future runs, you should set numBMeansCorlTested to 0 to switch off the correlation test!
WARN Batch means correlation test was run for depository of place W/product, color 0
    However, the standard deviation of the token residence time is 0 and therefore the result of the test is ignored!
    In future runs, you should set numBMeansCorlTested to 0 to switch off the correlation test!
WARN Batch means correlation test was run for depository of place P/getProduct_product, color 0
    However, the standard deviation of the token residence time is 0 and therefore the result of the test is ignored!
    In future runs, you should set numBMeansCorlTested to 0 to switch off the correlation test!
WARN Batch means correlation test was run for depository of place R/getAds_product, color 0
    However, the standard deviation of the token residence time is 0 and therefore the result of the test is ignored!
    In future runs, you should set numBMeansCorlTested to 0 to switch off the correlation test!
WARN Batch means correlation test was run for depository of place I/product_product, color 0
    However, the standard deviation of the token residence time is 0 and therefore the result of the test is ignored!
    In future runs, you should set numBMeansCorlTested to 0 to switch off the correlation test!
WARN Batch means correlation test was run for depository of place A/isLoggedIn_product, color 0
    However, the standard deviation of the token residence time is 0 and therefore the result of the test is ignored!
    In future runs, you should set numBMeansCorlTested to 0 to switch off the correlation test!
WARN Batch means correlation test was run for depository of place W/loginAction, color 0
    However, the standard deviation of the token residence time is 0 and therefore the result of the test is ignored!
    In future runs, you should set numBMeansCorlTested to 0 to switch off the correlation test!
WARN Batch means correlation test was run for depository of place A/login_loginAction, color 0
    However, the standard deviation of the token residence time is 0 and therefore the result of the test is ignored!
    In future runs, you should set numBMeansCorlTested to 0 to switch off the correlation test!
WARN Batch means correlation test was run for depository of place P/getUser_loginAction, color 0
    However, the standard deviation of the token residence time is 0 and therefore the result of the test is ignored!
    In future runs, you should set numBMeansCorlTested to 0 to switch off the correlation test!
WARN Batch means correlation test was run for depository of place I/icon_loginAction, color 0
    However, the standard deviation of the token residence time is 0 and therefore the result of the test is ignored!
    In future runs, you should set numBMeansCorlTested to 0 to switch off the correlation test!
WARN Batch means correlation test was run for depository of place W/category, color 0
    However, the standard deviation of the token residence time is 0 and therefore the result of the test is ignored!
    In future runs, you should set numBMeansCorlTested to 0 to switch off the correlation test!
WARN Batch means correlation test was run for depository of place P/category_category, color 0
    However, the standard deviation of the token residence time is 0 and therefore the result of the test is ignored!
    In future runs, you should set numBMeansCorlTested to 0 to switch off the correlation test!
WARN Batch means correlation test was run for depository of place I/productImages_category, color 0
    However, the standard deviation of the token residence time is 0 and therefore the result of the test is ignored!
    In future runs, you should set numBMeansCorlTested to 0 to switch off the correlation test!
WARN Batch means correlation test was run for depository of place A/isLoggedIn_category, color 0
    However, the standard deviation of the token residence time is 0 and therefore the result of the test is ignored!
    In future runs, you should set numBMeansCorlTested to 0 to switch off the correlation test!
WARN Batch means correlation test was run for depository of place W/login, color 0
    However, the standard deviation of the token residence time is 0 and therefore the result of the test is ignored!
    In future runs, you should set numBMeansCorlTested to 0 to switch off the correlation test!
WARN Batch means correlation test was run for depository of place P/categories_login, color 0
    However, the standard deviation of the token residence time is 0 and therefore the result of the test is ignored!
    In future runs, you should set numBMeansCorlTested to 0 to switch off the correlation test!
WARN Batch means correlation test was run for depository of place I/icon_login, color 0
    However, the standard deviation of the token residence time is 0 and therefore the result of the test is ignored!
    In future runs, you should set numBMeansCorlTested to 0 to switch off the correlation test!
WARN Batch means correlation test was run for depository of place A/isLoggedIn_login, color 0
    However, the standard deviation of the token residence time is 0 and therefore the result of the test is ignored!
    In future runs, you should set numBMeansCorlTested to 0 to switch off the correlation test!
WARN Batch means correlation test was run for depository of place W/logout, color 0
    However, the standard deviation of the token residence time is 0 and therefore the result of the test is ignored!
    In future runs, you should set numBMeansCorlTested to 0 to switch off the correlation test!
WARN Batch means correlation test was run for depository of place A/logout_logout, color 0
    However, the standard deviation of the token residence time is 0 and therefore the result of the test is ignored!
    In future runs, you should set numBMeansCorlTested to 0 to switch off the correlation test!
WARN Batch means correlation test was run for depository of place P/category_logout, color 0
    However, the standard deviation of the token residence time is 0 and therefore the result of the test is ignored!
    In future runs, you should set numBMeansCorlTested to 0 to switch off the correlation test!
WARN Batch means correlation test was run for depository of place I/icon_logout, color 0
    However, the standard deviation of the token residence time is 0 and therefore the result of the test is ignored!
    In future runs, you should set numBMeansCorlTested to 0 to switch off the correlation test!
WARN LP-1 The simulation was stopped because of reaching max totalRunLen.
The required precision may not have been reached!
REPORT for Queue of Queueing Place : W/index----------------------------------------

queueUtilQPl=0.03542937141177175

------------------ Color = index --------------------
arrivCnt=278087 deptCnt=278087
arrivThrPut=0.02783654566489738 deptThrPut=0.02783654566489738
meanTkPop=0.03672288428636898 tkColOcp=0.03542937141177175
-----
meanST=1.3192328074196904 stDevST=1.316037858121038

Steady State Statistics: numBatchesST=695 batchSizeST=400 stDevStdStateMeanST=0.07033261117669563
95% c.i. = 1.3192376329251654 +/- 0.005228925210021675



REPORT for Depository of Queueing Place : W/index----------------------------------------

tkOcp=0.0

------------------ Color = index --------------------
arrivCnt=278087 deptCnt=278087
arrivThrPut=0.02783654566489738 deptThrPut=0.02783654566489738
meanTkPop=0.0 tkColOcp=0.0
-----
meanST=0.0 stDevST=0.0

Steady State Statistics: numBatchesST=1390 batchSizeST=200 stDevStdStateMeanST=0.0
95% c.i. = 0.0 +/- 0.0



REPORT for Queue : WebUI----------------------------------------

totArrivThrPut=0.16677763226850173 totDeptThrPut=0.16677763226850173
meanTotTkPop=0.06732996123794732 queueUtil=0.05834005140271964
meanST=0.40371097923701316



REPORT for Queue of Queueing Place : P/categories_index----------------------------------------

queueUtilQPl=0.01873110533387874

------------------ Color = index --------------------
arrivCnt=278087 deptCnt=278087
arrivThrPut=0.02783654566489738 deptThrPut=0.02783654566489738
meanTkPop=0.019335911947737212 tkColOcp=0.01873110533387874
-----
meanST=0.6946232546418397 stDevST=1.1097875432756474

Steady State Statistics: numBatchesST=695 batchSizeST=400 stDevStdStateMeanST=0.061598900722266266
95% c.i. = 0.6946594278718426 +/- 0.004579611641135903



REPORT for Depository of Queueing Place : P/categories_index----------------------------------------

tkOcp=0.0

------------------ Color = index --------------------
arrivCnt=278087 deptCnt=278087
arrivThrPut=0.02783654566489738 deptThrPut=0.02783654566489738
meanTkPop=0.0 tkColOcp=0.0
-----
meanST=0.0 stDevST=0.0

Steady State Statistics: numBatchesST=1390 batchSizeST=200 stDevStdStateMeanST=0.0
95% c.i. = 0.0 +/- 0.0



REPORT for Queue : Persistence----------------------------------------

totArrivThrPut=0.16677763226850173 totDeptThrPut=0.16677763226850173
meanTotTkPop=0.16537978994408692 queueUtil=0.12314939496616592
meanST=0.991618526385095



REPORT for Queue of Queueing Place : A/isLoggedIn_index----------------------------------------

queueUtilQPl=0.003335782989374145

------------------ Color = index --------------------
arrivCnt=278087 deptCnt=278087
arrivThrPut=0.02783654566489738 deptThrPut=0.02783654566489738
meanTkPop=0.0033516957251490532 tkColOcp=0.003335782989374145
-----
meanST=0.12040630922735611 stDevST=0.16306348298338022

Steady State Statistics: numBatchesST=695 batchSizeST=400 stDevStdStateMeanST=0.007891025457414633
95% c.i. = 0.12041126051026271 +/- 5.866635868749036E-4



REPORT for Depository of Queueing Place : A/isLoggedIn_index----------------------------------------

tkOcp=0.0

------------------ Color = index --------------------
arrivCnt=278087 deptCnt=278087
arrivThrPut=0.02783654566489738 deptThrPut=0.02783654566489738
meanTkPop=0.0 tkColOcp=0.0
-----
meanST=0.0 stDevST=0.0

Steady State Statistics: numBatchesST=1390 batchSizeST=200 stDevStdStateMeanST=0.0
95% c.i. = 0.0 +/- 0.0



REPORT for Queue : Auth----------------------------------------

totArrivThrPut=0.16677763226850173 totDeptThrPut=0.16677763226850173
meanTotTkPop=0.05256008561940162 queueUtil=0.04897991658640925
meanST=0.3151506884015664



REPORT for Queue of Queueing Place : W/login----------------------------------------

queueUtilQPl=0.003935261782329844

------------------ Color = login --------------------
arrivCnt=277576 deptCnt=277576
arrivThrPut=0.027785394496972367 deptThrPut=0.027785394496972367
meanTkPop=0.003992112745415805 tkColOcp=0.003935261782329844
-----
meanST=0.14367666242243943 stDevST=0.3685608737121393

Steady State Statistics: numBatchesST=693 batchSizeST=400 stDevStdStateMeanST=0.01818050127349056
95% c.i. = 0.1436523512696878 +/- 0.0013535905918935995



REPORT for Depository of Queueing Place : W/login----------------------------------------

tkOcp=0.0

------------------ Color = login --------------------
arrivCnt=277576 deptCnt=277576
arrivThrPut=0.027785394496972367 deptThrPut=0.027785394496972367
meanTkPop=0.0 tkColOcp=0.0
-----
meanST=0.0 stDevST=0.0

Steady State Statistics: numBatchesST=1387 batchSizeST=200 stDevStdStateMeanST=0.0
95% c.i. = 0.0 +/- 0.0



REPORT for Queue : WebUI----------------------------------------

totArrivThrPut=0.16677763226850173 totDeptThrPut=0.16677763226850173
meanTotTkPop=0.06732996123794732 queueUtil=0.05834005140271964
meanST=0.40371097923701316



REPORT for Queue of Queueing Place : W/loginAction----------------------------------------

queueUtilQPl=0.01242341747334442

------------------ Color = loginAction --------------------
arrivCnt=277440 deptCnt=277440
arrivThrPut=0.027771780878894477 deptThrPut=0.027771780878894477
meanTkPop=0.012613446023644772 tkColOcp=0.01242341747334442
-----
meanST=0.45418210948187776 stDevST=0.5365282649372177

Steady State Statistics: numBatchesST=693 batchSizeST=400 stDevStdStateMeanST=0.02712864043936982
95% c.i. = 0.45415548533259364 +/- 0.002019805280239393



REPORT for Depository of Queueing Place : W/loginAction----------------------------------------

tkOcp=0.0

------------------ Color = loginAction --------------------
arrivCnt=277440 deptCnt=277440
arrivThrPut=0.027771780878894477 deptThrPut=0.027771780878894477
meanTkPop=0.0 tkColOcp=0.0
-----
meanST=0.0 stDevST=0.0

Steady State Statistics: numBatchesST=1387 batchSizeST=200 stDevStdStateMeanST=0.0
95% c.i. = 0.0 +/- 0.0



REPORT for Queue : WebUI----------------------------------------

totArrivThrPut=0.16677763226850173 totDeptThrPut=0.16677763226850173
meanTotTkPop=0.06732996123794732 queueUtil=0.05834005140271964
meanST=0.40371097923701316



REPORT for Queue of Queueing Place : A/login_loginAction----------------------------------------

queueUtilQPl=0.006009259946943298

------------------ Color = loginAction --------------------
arrivCnt=277440 deptCnt=277440
arrivThrPut=0.027771780878894477 deptThrPut=0.027771780878894477
meanTkPop=0.006049652607940775 tkColOcp=0.006009259946943298
-----
meanST=0.21783452182349194 stDevST=0.2361404753941453

Steady State Statistics: numBatchesST=346 batchSizeST=800 stDevStdStateMeanST=0.008634998418607128
95% c.i. = 0.21783755577621172 +/- 9.098552471146359E-4



REPORT for Depository of Queueing Place : A/login_loginAction----------------------------------------

tkOcp=0.0

------------------ Color = loginAction --------------------
arrivCnt=277440 deptCnt=277440
arrivThrPut=0.027771780878894477 deptThrPut=0.027771780878894477
meanTkPop=0.0 tkColOcp=0.0
-----
meanST=0.0 stDevST=0.0

Steady State Statistics: numBatchesST=1387 batchSizeST=200 stDevStdStateMeanST=0.0
95% c.i. = 0.0 +/- 0.0



REPORT for Queue : Auth----------------------------------------

totArrivThrPut=0.16677763226850173 totDeptThrPut=0.16677763226850173
meanTotTkPop=0.05256008561940162 queueUtil=0.04897991658640925
meanST=0.3151506884015664



REPORT for Queue of Queueing Place : W/logout----------------------------------------

queueUtilQPl=0.004112681220859513

------------------ Color = logout --------------------
arrivCnt=278542 deptCnt=278542
arrivThrPut=0.027882091225378554 deptThrPut=0.027882091225378554
meanTkPop=0.00417308427585104 tkColOcp=0.004112681220859513
-----
meanST=0.14966898437132495 stDevST=0.37946435602950024

Steady State Statistics: numBatchesST=696 batchSizeST=400 stDevStdStateMeanST=0.020019751689447994
95% c.i. = 0.14968267166663646 +/- 0.001487312259479196



REPORT for Depository of Queueing Place : W/logout----------------------------------------

tkOcp=0.0

------------------ Color = logout --------------------
arrivCnt=278542 deptCnt=278542
arrivThrPut=0.027882091225378554 deptThrPut=0.027882091225378554
meanTkPop=0.0 tkColOcp=0.0
-----
meanST=0.0 stDevST=0.0

Steady State Statistics: numBatchesST=1392 batchSizeST=200 stDevStdStateMeanST=0.0
95% c.i. = 0.0 +/- 0.0



REPORT for Queue : WebUI----------------------------------------

totArrivThrPut=0.16677763226850173 totDeptThrPut=0.16677763226850173
meanTotTkPop=0.06732996123794732 queueUtil=0.05834005140271964
meanST=0.40371097923701316



REPORT for Queue of Queueing Place : A/logout_logout----------------------------------------

queueUtilQPl=0.011566765361617534

------------------ Color = logout --------------------
arrivCnt=278542 deptCnt=278542
arrivThrPut=0.027882091225378554 deptThrPut=0.027882091225378554
meanTkPop=0.011714601676822362 tkColOcp=0.011566765361617534
-----
meanST=0.42014788568511735 stDevST=0.42237501796923105

Steady State Statistics: numBatchesST=348 batchSizeST=800 stDevStdStateMeanST=0.014640413675555793
95% c.i. = 0.4201699658625512 +/- 0.0015381964944029278



REPORT for Depository of Queueing Place : A/logout_logout----------------------------------------

tkOcp=0.0

------------------ Color = logout --------------------
arrivCnt=278542 deptCnt=278542
arrivThrPut=0.027882091225378554 deptThrPut=0.027882091225378554
meanTkPop=0.0 tkColOcp=0.0
-----
meanST=0.0 stDevST=0.0

Steady State Statistics: numBatchesST=1392 batchSizeST=200 stDevStdStateMeanST=0.0
95% c.i. = 0.0 +/- 0.0



REPORT for Queue : Auth----------------------------------------

totArrivThrPut=0.16677763226850173 totDeptThrPut=0.16677763226850173
meanTotTkPop=0.05256008561940162 queueUtil=0.04897991658640925
meanST=0.3151506884015664



REPORT for Queue of Queueing Place : P/getUser_loginAction----------------------------------------

queueUtilQPl=0.009718758747122714

------------------ Color = loginAction --------------------
arrivCnt=277440 deptCnt=277440
arrivThrPut=0.027771780878894477 deptThrPut=0.027771780878894477
meanTkPop=0.010252506877039347 tkColOcp=0.009718758747122714
-----
meanST=0.369169947067776 stDevST=1.1609602483884844

Steady State Statistics: numBatchesST=693 batchSizeST=400 stDevStdStateMeanST=0.06583814666796188
95% c.i. = 0.36924769826553305 +/- 0.004901839315476366



REPORT for Depository of Queueing Place : P/getUser_loginAction----------------------------------------

tkOcp=0.0

------------------ Color = loginAction --------------------
arrivCnt=277440 deptCnt=277440
arrivThrPut=0.027771780878894477 deptThrPut=0.027771780878894477
meanTkPop=0.0 tkColOcp=0.0
-----
meanST=0.0 stDevST=0.0

Steady State Statistics: numBatchesST=1387 batchSizeST=200 stDevStdStateMeanST=0.0
95% c.i. = 0.0 +/- 0.0



REPORT for Queue : Persistence----------------------------------------

totArrivThrPut=0.16677763226850173 totDeptThrPut=0.16677763226850173
meanTotTkPop=0.16537978994408692 queueUtil=0.12314939496616592
meanST=0.991618526385095



REPORT for Queue of Queueing Place : W/category----------------------------------------

queueUtilQPl=0.004351396862729871

------------------ Color = category --------------------
arrivCnt=276563 deptCnt=276563
arrivThrPut=0.02768399306231868 deptThrPut=0.02768399306231868
meanTkPop=0.004409725294391457 tkColOcp=0.004351396862729871
-----
meanST=0.15928790635313503 stDevST=0.3698253505124844

Steady State Statistics: numBatchesST=691 batchSizeST=400 stDevStdStateMeanST=0.01992832716639411
95% c.i. = 0.15928589612832192 +/- 0.0014858669122320065



REPORT for Depository of Queueing Place : W/category----------------------------------------

tkOcp=0.0

------------------ Color = category --------------------
arrivCnt=276563 deptCnt=276563
arrivThrPut=0.02768399306231868 deptThrPut=0.02768399306231868
meanTkPop=0.0 tkColOcp=0.0
-----
meanST=0.0 stDevST=0.0

Steady State Statistics: numBatchesST=1382 batchSizeST=200 stDevStdStateMeanST=0.0
95% c.i. = 0.0 +/- 0.0



REPORT for Queue : WebUI----------------------------------------

totArrivThrPut=0.16677763226850173 totDeptThrPut=0.16677763226850173
meanTotTkPop=0.06732996123794732 queueUtil=0.05834005140271964
meanST=0.40371097923701316



REPORT for Queue of Queueing Place : W/product----------------------------------------

queueUtilQPl=0.005348290510127021

------------------ Color = product --------------------
arrivCnt=277900 deptCnt=277900
arrivThrPut=0.027817826940040282 deptThrPut=0.027817826940040282
meanTkPop=0.00541870861227526 tkColOcp=0.005348290510127021
-----
meanST=0.19479266385382918 stDevST=0.38999110158427325

Steady State Statistics: numBatchesST=694 batchSizeST=400 stDevStdStateMeanST=0.02013746695444554
95% c.i. = 0.19481872033215417 +/- 0.0014982117422780404



REPORT for Depository of Queueing Place : W/product----------------------------------------

tkOcp=0.0

------------------ Color = product --------------------
arrivCnt=277900 deptCnt=277900
arrivThrPut=0.027817826940040282 deptThrPut=0.027817826940040282
meanTkPop=0.0 tkColOcp=0.0
-----
meanST=0.0 stDevST=0.0

Steady State Statistics: numBatchesST=1389 batchSizeST=200 stDevStdStateMeanST=0.0
95% c.i. = 0.0 +/- 0.0



REPORT for Queue : WebUI----------------------------------------

totArrivThrPut=0.16677763226850173 totDeptThrPut=0.16677763226850173
meanTotTkPop=0.06732996123794732 queueUtil=0.05834005140271964
meanST=0.40371097923701316



REPORT for Queue of Queueing Place : P/category_category----------------------------------------

queueUtilQPl=0.009697654452469758

------------------ Color = category --------------------
arrivCnt=276563 deptCnt=276563
arrivThrPut=0.02768399306231868 deptThrPut=0.02768399306231868
meanTkPop=0.01024570041726575 tkColOcp=0.009697654452469758
-----
meanST=0.37009474732210534 stDevST=1.1634317799344185

Steady State Statistics: numBatchesST=691 batchSizeST=400 stDevStdStateMeanST=0.06659409705963157
95% c.i. = 0.3701280678059348 +/- 0.004965292096254641



REPORT for Depository of Queueing Place : P/category_category----------------------------------------

tkOcp=0.0

------------------ Color = category --------------------
arrivCnt=276563 deptCnt=276563
arrivThrPut=0.02768399306231868 deptThrPut=0.02768399306231868
meanTkPop=0.0 tkColOcp=0.0
-----
meanST=0.0 stDevST=0.0

Steady State Statistics: numBatchesST=1382 batchSizeST=200 stDevStdStateMeanST=0.0
95% c.i. = 0.0 +/- 0.0



REPORT for Queue : Persistence----------------------------------------

totArrivThrPut=0.16677763226850173 totDeptThrPut=0.16677763226850173
meanTotTkPop=0.16537978994408692 queueUtil=0.12314939496616592
meanST=0.991618526385095



REPORT for Queue of Queueing Place : P/getProduct_product----------------------------------------

queueUtilQPl=0.01788861189927095

------------------ Color = product --------------------
arrivCnt=277900 deptCnt=277900
arrivThrPut=0.027817826940040282 deptThrPut=0.027817826940040282
meanTkPop=0.018598362792971355 tkColOcp=0.01788861189927095
-----
meanST=0.6685771262097162 stDevST=1.2153442069437608

Steady State Statistics: numBatchesST=347 batchSizeST=800 stDevStdStateMeanST=0.04677926235413933
95% c.i. = 0.6685991164856913 +/- 0.004921944620556654



REPORT for Depository of Queueing Place : P/getProduct_product----------------------------------------

tkOcp=0.0

------------------ Color = product --------------------
arrivCnt=277900 deptCnt=277900
arrivThrPut=0.027817826940040282 deptThrPut=0.027817826940040282
meanTkPop=0.0 tkColOcp=0.0
-----
meanST=0.0 stDevST=0.0

Steady State Statistics: numBatchesST=1389 batchSizeST=200 stDevStdStateMeanST=0.0
95% c.i. = 0.0 +/- 0.0



REPORT for Queue : Persistence----------------------------------------

totArrivThrPut=0.16677763226850173 totDeptThrPut=0.16677763226850173
meanTotTkPop=0.16537978994408692 queueUtil=0.12314939496616592
meanST=0.991618526385095



REPORT for Queue of Queueing Place : R/getAds_product----------------------------------------

queueUtilQPl=0.015456000522474317

------------------ Color = product --------------------
arrivCnt=277900 deptCnt=277900
arrivThrPut=0.027817826940040282 deptThrPut=0.027817826940040282
meanTkPop=0.01574261380282959 tkColOcp=0.015456000522474317
-----
meanST=0.5659181731470931 stDevST=0.5648191732396515

Steady State Statistics: numBatchesST=694 batchSizeST=400 stDevStdStateMeanST=0.029516507190234905
95% c.i. = 0.5659184268230336 +/- 0.0021960049773629407



REPORT for Depository of Queueing Place : R/getAds_product----------------------------------------

tkOcp=0.0

------------------ Color = product --------------------
arrivCnt=277900 deptCnt=277900
arrivThrPut=0.027817826940040282 deptThrPut=0.027817826940040282
meanTkPop=0.0 tkColOcp=0.0
-----
meanST=0.0 stDevST=0.0

Steady State Statistics: numBatchesST=1389 batchSizeST=200 stDevStdStateMeanST=0.0
95% c.i. = 0.0 +/- 0.0



REPORT for Queue : Recommender----------------------------------------

totArrivThrPut=0.027817826940040282 totDeptThrPut=0.027817826940040282
meanTotTkPop=0.01574261380282959 queueUtil=0.015456000522474317
meanST=0.5659181731470931



REPORT for Queue of Queueing Place : I/productImages_category----------------------------------------

queueUtilQPl=0.005084475883299801

------------------ Color = category --------------------
arrivCnt=276563 deptCnt=276563
arrivThrPut=0.02768399306231868 deptThrPut=0.02768399306231868
meanTkPop=0.005211203572478958 tkColOcp=0.005084475883299801
-----
meanST=0.18823887004841247 stDevST=0.3260782395916254

Steady State Statistics: numBatchesST=691 batchSizeST=400 stDevStdStateMeanST=0.01742616054664656
95% c.i. = 0.1882490321804362 +/- 0.0012993040081743143



REPORT for Depository of Queueing Place : I/productImages_category----------------------------------------

tkOcp=0.0

------------------ Color = category --------------------
arrivCnt=276563 deptCnt=276563
arrivThrPut=0.02768399306231868 deptThrPut=0.02768399306231868
meanTkPop=0.0 tkColOcp=0.0
-----
meanST=0.0 stDevST=0.0

Steady State Statistics: numBatchesST=1382 batchSizeST=200 stDevStdStateMeanST=0.0
95% c.i. = 0.0 +/- 0.0



REPORT for Queue : ImageProvider----------------------------------------

totArrivThrPut=0.16677763226850176 totDeptThrPut=0.16677763226850176
meanTotTkPop=0.06429858888944194 queueUtil=0.05608975550881997
meanST=0.3855348466988977



REPORT for Queue of Queueing Place : I/product_product----------------------------------------

queueUtilQPl=0.011947212043417435

------------------ Color = product --------------------
arrivCnt=277900 deptCnt=277900
arrivThrPut=0.027817826940040282 deptThrPut=0.027817826940040282
meanTkPop=0.012139621935026143 tkColOcp=0.011947212043417435
-----
meanST=0.4363972053314012 stDevST=0.461545412300719

Steady State Statistics: numBatchesST=694 batchSizeST=400 stDevStdStateMeanST=0.02384627902531096
95% c.i. = 0.43638027029509663 +/- 0.0017741444505497942



REPORT for Depository of Queueing Place : I/product_product----------------------------------------

tkOcp=0.0

------------------ Color = product --------------------
arrivCnt=277900 deptCnt=277900
arrivThrPut=0.027817826940040282 deptThrPut=0.027817826940040282
meanTkPop=0.0 tkColOcp=0.0
-----
meanST=0.0 stDevST=0.0

Steady State Statistics: numBatchesST=1389 batchSizeST=200 stDevStdStateMeanST=0.0
95% c.i. = 0.0 +/- 0.0



REPORT for Queue : ImageProvider----------------------------------------

totArrivThrPut=0.16677763226850176 totDeptThrPut=0.16677763226850176
meanTotTkPop=0.06429858888944194 queueUtil=0.05608975550881997
meanST=0.3855348466988977



REPORT for Queue of Queueing Place : Workload----------------------------------------

queueUtilQPl=1.0

------------------ Color = workload --------------------
arrivCnt=1666108 deptCnt=1666108
arrivThrPut=0.16677763226850173 deptThrPut=0.16677763226850173
meanTkPop=1.0 tkColOcp=1.0
-----
meanST=5.996007896251108 stDevST=5.998453794402991

Steady State Statistics: numBatchesST=4165 batchSizeST=400 stDevStdStateMeanST=0.3028655097379457
95% c.i. = 5.995998745044462 +/- 0.009197936498543311



REPORT for Depository of Queueing Place : Workload----------------------------------------

tkOcp=0.0

------------------ Color = workload --------------------
arrivCnt=1666108 deptCnt=1666108
arrivThrPut=0.16677763226850173 deptThrPut=0.16677763226850173
meanTkPop=0.0 tkColOcp=0.0
-----
meanST=0.0 stDevST=0.0

Steady State Statistics: numBatchesST=8330 batchSizeST=200 stDevStdStateMeanST=0.0
95% c.i. = 0.0 +/- 0.0



REPORT for Queue : Workload----------------------------------------

totArrivThrPut=0.16677763226850173 totDeptThrPut=0.16677763226850173
meanTotTkPop=1.0 queueUtil=1.0
meanST=5.996007896251108



REPORT for Queue of Queueing Place : I/icon_index----------------------------------------

queueUtilQPl=0.003677231567674379

------------------ Color = index --------------------
arrivCnt=278087 deptCnt=278087
arrivThrPut=0.02783654566489738 deptThrPut=0.02783654566489738
meanTkPop=0.0037146919536665806 tkColOcp=0.003677231567674379
-----
meanST=0.13344658487388775 stDevST=0.24097367309555642

Steady State Statistics: numBatchesST=347 batchSizeST=800 stDevStdStateMeanST=0.009018863348327489
95% c.i. = 0.1334713021798079 +/- 9.489321487111502E-4



REPORT for Depository of Queueing Place : I/icon_index----------------------------------------

tkOcp=0.0

------------------ Color = index --------------------
arrivCnt=278087 deptCnt=278087
arrivThrPut=0.02783654566489738 deptThrPut=0.02783654566489738
meanTkPop=0.0 tkColOcp=0.0
-----
meanST=0.0 stDevST=0.0

Steady State Statistics: numBatchesST=1390 batchSizeST=200 stDevStdStateMeanST=0.0
95% c.i. = 0.0 +/- 0.0



REPORT for Queue : ImageProvider----------------------------------------

totArrivThrPut=0.16677763226850176 totDeptThrPut=0.16677763226850176
meanTotTkPop=0.06429858888944194 queueUtil=0.05608975550881997
meanST=0.3855348466988977



REPORT for Queue of Queueing Place : P/categories_login----------------------------------------

queueUtilQPl=0.07572793576097739

------------------ Color = login --------------------
arrivCnt=277576 deptCnt=277576
arrivThrPut=0.027785394496972367 deptThrPut=0.027785394496972367
meanTkPop=0.08192945021628452 tkColOcp=0.07572793576097739
-----
meanST=2.9486516819191446 stDevST=2.9143905974624555

Steady State Statistics: numBatchesST=693 batchSizeST=400 stDevStdStateMeanST=0.18252129962577257
95% c.i. = 2.948547950140252 +/- 0.013589235537409608



REPORT for Depository of Queueing Place : P/categories_login----------------------------------------

tkOcp=0.0

------------------ Color = login --------------------
arrivCnt=277576 deptCnt=277576
arrivThrPut=0.027785394496972367 deptThrPut=0.027785394496972367
meanTkPop=0.0 tkColOcp=0.0
-----
meanST=0.0 stDevST=0.0

Steady State Statistics: numBatchesST=1387 batchSizeST=200 stDevStdStateMeanST=0.0
95% c.i. = 0.0 +/- 0.0



REPORT for Queue : Persistence----------------------------------------

totArrivThrPut=0.16677763226850173 totDeptThrPut=0.16677763226850173
meanTotTkPop=0.16537978994408692 queueUtil=0.12314939496616592
meanST=0.991618526385095



REPORT for Queue of Queueing Place : I/icon_login----------------------------------------

queueUtilQPl=0.014333491790756978

------------------ Color = login --------------------
arrivCnt=277576 deptCnt=277576
arrivThrPut=0.027785394496972367 deptThrPut=0.027785394496972367
meanTkPop=0.014520119897043084 tkColOcp=0.014333491790756978
-----
meanST=0.5225810235886795 stDevST=0.5273164457512522

Steady State Statistics: numBatchesST=693 batchSizeST=400 stDevStdStateMeanST=0.0267480273721738
95% c.i. = 0.5225860799365625 +/- 0.001991467543058322



REPORT for Depository of Queueing Place : I/icon_login----------------------------------------

tkOcp=0.0

------------------ Color = login --------------------
arrivCnt=277576 deptCnt=277576
arrivThrPut=0.027785394496972367 deptThrPut=0.027785394496972367
meanTkPop=0.0 tkColOcp=0.0
-----
meanST=0.0 stDevST=0.0

Steady State Statistics: numBatchesST=1387 batchSizeST=200 stDevStdStateMeanST=0.0
95% c.i. = 0.0 +/- 0.0



REPORT for Queue : ImageProvider----------------------------------------

totArrivThrPut=0.16677763226850176 totDeptThrPut=0.16677763226850176
meanTotTkPop=0.06429858888944194 queueUtil=0.05608975550881997
meanST=0.3855348466988977



REPORT for Queue of Queueing Place : A/isLoggedIn_login----------------------------------------

queueUtilQPl=0.005637375770101819

------------------ Color = login --------------------
arrivCnt=277576 deptCnt=277576
arrivThrPut=0.027785394496972367 deptThrPut=0.027785394496972367
meanTkPop=0.0056657798940537366 tkColOcp=0.005637375770101819
-----
meanST=0.20391216308521756 stDevST=0.21866736137294931

Steady State Statistics: numBatchesST=693 batchSizeST=400 stDevStdStateMeanST=0.011113248136593219
95% c.i. = 0.20389317012495178 +/- 8.274132762778067E-4



REPORT for Depository of Queueing Place : A/isLoggedIn_login----------------------------------------

tkOcp=0.0

------------------ Color = login --------------------
arrivCnt=277576 deptCnt=277576
arrivThrPut=0.027785394496972367 deptThrPut=0.027785394496972367
meanTkPop=0.0 tkColOcp=0.0
-----
meanST=0.0 stDevST=0.0

Steady State Statistics: numBatchesST=1387 batchSizeST=200 stDevStdStateMeanST=0.0
95% c.i. = 0.0 +/- 0.0



REPORT for Queue : Auth----------------------------------------

totArrivThrPut=0.16677763226850173 totDeptThrPut=0.16677763226850173
meanTotTkPop=0.05256008561940162 queueUtil=0.04897991658640925
meanST=0.3151506884015664



REPORT for Queue of Queueing Place : A/isLoggedIn_category----------------------------------------

queueUtilQPl=0.009125384818690819

------------------ Color = category --------------------
arrivCnt=276563 deptCnt=276563
arrivThrPut=0.02768399306231868 deptThrPut=0.02768399306231868
meanTkPop=0.009278364554587356 tkColOcp=0.009125384818690819
-----
meanST=0.33515268312996194 stDevST=0.3436636131899905

Steady State Statistics: numBatchesST=691 batchSizeST=400 stDevStdStateMeanST=0.01720922915374389
95% c.i. = 0.3351436778428447 +/- 0.001283129485533897



REPORT for Depository of Queueing Place : A/isLoggedIn_category----------------------------------------

tkOcp=0.0

------------------ Color = category --------------------
arrivCnt=276563 deptCnt=276563
arrivThrPut=0.02768399306231868 deptThrPut=0.02768399306231868
meanTkPop=0.0 tkColOcp=0.0
-----
meanST=0.0 stDevST=0.0

Steady State Statistics: numBatchesST=1382 batchSizeST=200 stDevStdStateMeanST=0.0
95% c.i. = 0.0 +/- 0.0



REPORT for Queue : Auth----------------------------------------

totArrivThrPut=0.16677763226850173 totDeptThrPut=0.16677763226850173
meanTotTkPop=0.05256008561940162 queueUtil=0.04897991658640925
meanST=0.3151506884015664



REPORT for Queue of Queueing Place : I/icon_logout----------------------------------------

queueUtilQPl=0.023045121591540065

------------------ Color = logout --------------------
arrivCnt=278542 deptCnt=278542
arrivThrPut=0.027882091225378554 deptThrPut=0.027882091225378554
meanTkPop=0.023667363281942 tkColOcp=0.023045121591540065
-----
meanST=0.8488374523500496 stDevST=0.8398437342221131

Steady State Statistics: numBatchesST=696 batchSizeST=400 stDevStdStateMeanST=0.04434707348149779
95% c.i. = 0.8488768428411259 +/- 0.0032946435642266987



REPORT for Depository of Queueing Place : I/icon_logout----------------------------------------

tkOcp=0.0

------------------ Color = logout --------------------
arrivCnt=278542 deptCnt=278542
arrivThrPut=0.027882091225378554 deptThrPut=0.027882091225378554
meanTkPop=0.0 tkColOcp=0.0
-----
meanST=0.0 stDevST=0.0

Steady State Statistics: numBatchesST=1392 batchSizeST=200 stDevStdStateMeanST=0.0
95% c.i. = 0.0 +/- 0.0



REPORT for Queue : ImageProvider----------------------------------------

totArrivThrPut=0.16677763226850176 totDeptThrPut=0.16677763226850176
meanTotTkPop=0.06429858888944194 queueUtil=0.05608975550881997
meanST=0.3855348466988977



REPORT for Queue of Queueing Place : I/icon_loginAction----------------------------------------

queueUtilQPl=0.004921526803028828

------------------ Color = loginAction --------------------
arrivCnt=277440 deptCnt=277440
arrivThrPut=0.027771780878894477 deptThrPut=0.027771780878894477
meanTkPop=0.005045588249285178 tkColOcp=0.004921526803028828
-----
meanST=0.1816803996577561 stDevST=0.31963641211119176

Steady State Statistics: numBatchesST=693 batchSizeST=400 stDevStdStateMeanST=0.017517679640237153
95% c.i. = 0.18165740481759343 +/- 0.0013042416155711715



REPORT for Depository of Queueing Place : I/icon_loginAction----------------------------------------

tkOcp=0.0

------------------ Color = loginAction --------------------
arrivCnt=277440 deptCnt=277440
arrivThrPut=0.027771780878894477 deptThrPut=0.027771780878894477
meanTkPop=0.0 tkColOcp=0.0
-----
meanST=0.0 stDevST=0.0

Steady State Statistics: numBatchesST=1387 batchSizeST=200 stDevStdStateMeanST=0.0
95% c.i. = 0.0 +/- 0.0



REPORT for Queue : ImageProvider----------------------------------------

totArrivThrPut=0.16677763226850176 totDeptThrPut=0.16677763226850176
meanTotTkPop=0.06429858888944194 queueUtil=0.05608975550881997
meanST=0.3855348466988977



REPORT for Queue of Queueing Place : A/isLoggedIn_product----------------------------------------

queueUtilQPl=0.016186382521695658

------------------ Color = product --------------------
arrivCnt=277900 deptCnt=277900
arrivThrPut=0.027817826940040282 deptThrPut=0.027817826940040282
meanTkPop=0.016499991160848337 tkColOcp=0.016186382521695658
-----
meanST=0.5931445039331474 stDevST=0.5889306248734174

Steady State Statistics: numBatchesST=347 batchSizeST=800 stDevStdStateMeanST=0.022056817351316482
95% c.i. = 0.5931517651530268 +/- 0.002320738464985789



REPORT for Depository of Queueing Place : A/isLoggedIn_product----------------------------------------

tkOcp=0.0

------------------ Color = product --------------------
arrivCnt=277900 deptCnt=277900
arrivThrPut=0.027817826940040282 deptThrPut=0.027817826940040282
meanTkPop=0.0 tkColOcp=0.0
-----
meanST=0.0 stDevST=0.0

Steady State Statistics: numBatchesST=1389 batchSizeST=200 stDevStdStateMeanST=0.0
95% c.i. = 0.0 +/- 0.0



REPORT for Queue : Auth----------------------------------------

totArrivThrPut=0.16677763226850173 totDeptThrPut=0.16677763226850173
meanTotTkPop=0.05256008561940162 queueUtil=0.04897991658640925
meanST=0.3151506884015664



REPORT for Queue of Queueing Place : P/category_logout----------------------------------------

queueUtilQPl=0.024054859148548297

------------------ Color = logout --------------------
arrivCnt=278542 deptCnt=278542
arrivThrPut=0.027882091225378554 deptThrPut=0.027882091225378554
meanTkPop=0.025017857692788758 tkColOcp=0.024054859148548297
-----
meanST=0.897273360543963 stDevST=1.339199562561235

Steady State Statistics: numBatchesST=696 batchSizeST=400 stDevStdStateMeanST=0.07581528915633007
95% c.i. = 0.8973401421188023 +/- 0.005632487893324066



REPORT for Depository of Queueing Place : P/category_logout----------------------------------------

tkOcp=0.0

------------------ Color = logout --------------------
arrivCnt=278542 deptCnt=278542
arrivThrPut=0.027882091225378554 deptThrPut=0.027882091225378554
meanTkPop=0.0 tkColOcp=0.0
-----
meanST=0.0 stDevST=0.0

Steady State Statistics: numBatchesST=1392 batchSizeST=200 stDevStdStateMeanST=0.0
95% c.i. = 0.0 +/- 0.0



REPORT for Queue : Persistence----------------------------------------

totArrivThrPut=0.16677763226850173 totDeptThrPut=0.16677763226850173
meanTotTkPop=0.16537978994408692 queueUtil=0.12314939496616592
meanST=0.991618526385095



REPORT for Ordinary Place : Finish_index----------------------------------------

tkOcp=1.0

------------------ Color = index --------------------
arrivCnt=278087 deptCnt=0
arrivThrPut=0.02783654566489738 deptThrPut=0.0
meanTkPop=139186.379445457 tkColOcp=1.0
-----
meanST=NaN stDevST=NaN

Steady State Statistics: Only 0 batches collected!
Need at least 60 for steady state statistics.



REPORT for Ordinary Place : Finish_login----------------------------------------

tkOcp=1.0

------------------ Color = login --------------------
arrivCnt=277576 deptCnt=0
arrivThrPut=0.027785394496972367 deptThrPut=0.0
meanTkPop=139069.80291003364 tkColOcp=1.0
-----
meanST=NaN stDevST=NaN

Steady State Statistics: Only 0 batches collected!
Need at least 60 for steady state statistics.



REPORT for Ordinary Place : Finish_loginAction----------------------------------------

tkOcp=1.0

------------------ Color = loginAction --------------------
arrivCnt=277440 deptCnt=0
arrivThrPut=0.027771780878894477 deptThrPut=0.0
meanTkPop=138932.45795128692 tkColOcp=1.0
-----
meanST=NaN stDevST=NaN

Steady State Statistics: Only 0 batches collected!
Need at least 60 for steady state statistics.



REPORT for Ordinary Place : Finish_category----------------------------------------

tkOcp=1.0

------------------ Color = category --------------------
arrivCnt=276563 deptCnt=0
arrivThrPut=0.02768399306231868 deptThrPut=0.0
meanTkPop=138446.59298652114 tkColOcp=1.0
-----
meanST=NaN stDevST=NaN

Steady State Statistics: Only 0 batches collected!
Need at least 60 for steady state statistics.



REPORT for Ordinary Place : Finish_product----------------------------------------

tkOcp=1.0

------------------ Color = product --------------------
arrivCnt=277900 deptCnt=0
arrivThrPut=0.027817826940040282 deptThrPut=0.0
meanTkPop=139088.60239692478 tkColOcp=1.0
-----
meanST=NaN stDevST=NaN

Steady State Statistics: Only 0 batches collected!
Need at least 60 for steady state statistics.



REPORT for Ordinary Place : Finish_logout----------------------------------------

tkOcp=1.0

------------------ Color = logout --------------------
arrivCnt=278542 deptCnt=0
arrivThrPut=0.027882091225378554 deptThrPut=0.0
meanTkPop=139538.90907997702 tkColOcp=1.0
-----
meanST=NaN stDevST=NaN

Steady State Statistics: Only 0 batches collected!
Need at least 60 for steady state statistics.



REPORT REPORT for Probe : /index----------------------------------------


------------------ Color = index --------------------
-----
meanST=2.2677089561627737 stDevST=1.723606181814862

Steady State Statistics: numBatchesST=695 batchSizeST=400 stDevStdStateMeanST=0.09558473593419627
95% c.i. = 2.267754460172923 +/- 0.007106311383263297



REPORT REPORT for Probe : /login----------------------------------------


------------------ Color = login --------------------
-----
meanST=3.818821531015481 stDevST=2.988488924934667

Steady State Statistics: numBatchesST=693 batchSizeST=400 stDevStdStateMeanST=0.18657879675407762
95% c.i. = 3.818679551471452 +/- 0.013891327864617182



REPORT REPORT for Probe : /loginAction----------------------------------------


------------------ Color = loginAction --------------------
-----
meanST=1.2228669780309018 stDevST=1.4120603815439652

Steady State Statistics: numBatchesST=693 batchSizeST=400 stDevStdStateMeanST=0.07912356028026603
95% c.i. = 1.2228907570059533 +/- 0.00589097655677188



REPORT REPORT for Probe : /logout----------------------------------------


------------------ Color = logout --------------------
-----
meanST=2.3159276829504547 stDevST=1.7159208291457049

Steady State Statistics: numBatchesST=696 batchSizeST=400 stDevStdStateMeanST=0.09548447972813842
95% c.i. = 2.3160696224891164 +/- 0.0070937561810272805



REPORT REPORT for Probe : /category----------------------------------------


------------------ Color = category --------------------
-----
meanST=1.0527742068536148 stDevST=1.4116139771267788

Steady State Statistics: numBatchesST=691 batchSizeST=400 stDevStdStateMeanST=0.07966415664598298
95% c.i. = 1.0528066739575381 +/- 0.005939802847614122



REPORT REPORT for Probe : /product----------------------------------------


------------------ Color = product --------------------
-----
meanST=2.4588296724751872 stDevST=1.6267603498786587

Steady State Statistics: numBatchesST=694 batchSizeST=400 stDevStdStateMeanST=0.09112383647528491
95% c.i. = 2.4588682990890036 +/- 0.006779541941274652



