INFO Logging to /home/yjx/workloadConfig/qpme/output/SimQPN_Output_config_2025-08-14_065456772.log
WARN Batch means correlation test was run for depository of place Workload, color 0
    However, the standard deviation of the token residence time is 0 and therefore the result of the test is ignored!
    In future runs, you should set numBMeansCorlTested to 0 to switch off the correlation test!
WARN Batch means correlation test was run for depository of place W/category, color 0
    However, the standard deviation of the token residence time is 0 and therefore the result of the test is ignored!
    In future runs, you should set numBMeansCorlTested to 0 to switch off the correlation test!
WARN Batch means correlation test was run for depository of place P/category_category, color 0
    However, the standard deviation of the token residence time is 0 and therefore the result of the test is ignored!
    In future runs, you should set numBMeansCorlTested to 0 to switch off the correlation test!
WARN Batch means correlation test was run for depository of place I/productImages_category, color 0
    However, the standard deviation of the token residence time is 0 and therefore the result of the test is ignored!
    In future runs, you should set numBMeansCorlTested to 0 to switch off the correlation test!
WARN Batch means correlation test was run for depository of place A/isLoggedIn_category, color 0
    However, the standard deviation of the token residence time is 0 and therefore the result of the test is ignored!
    In future runs, you should set numBMeansCorlTested to 0 to switch off the correlation test!
WARN Batch means correlation test was run for depository of place W/product, color 0
    However, the standard deviation of the token residence time is 0 and therefore the result of the test is ignored!
    In future runs, you should set numBMeansCorlTested to 0 to switch off the correlation test!
WARN Batch means correlation test was run for depository of place P/getProduct_product, color 0
    However, the standard deviation of the token residence time is 0 and therefore the result of the test is ignored!
    In future runs, you should set numBMeansCorlTested to 0 to switch off the correlation test!
WARN Batch means correlation test was run for depository of place R/getAds_product, color 0
    However, the standard deviation of the token residence time is 0 and therefore the result of the test is ignored!
    In future runs, you should set numBMeansCorlTested to 0 to switch off the correlation test!
WARN Batch means correlation test was run for depository of place I/product_product, color 0
    However, the standard deviation of the token residence time is 0 and therefore the result of the test is ignored!
    In future runs, you should set numBMeansCorlTested to 0 to switch off the correlation test!
WARN Batch means correlation test was run for depository of place A/isLoggedIn_product, color 0
    However, the standard deviation of the token residence time is 0 and therefore the result of the test is ignored!
    In future runs, you should set numBMeansCorlTested to 0 to switch off the correlation test!
WARN Batch means correlation test was run for depository of place W/login, color 0
    However, the standard deviation of the token residence time is 0 and therefore the result of the test is ignored!
    In future runs, you should set numBMeansCorlTested to 0 to switch off the correlation test!
WARN Batch means correlation test was run for depository of place P/categories_login, color 0
    However, the standard deviation of the token residence time is 0 and therefore the result of the test is ignored!
    In future runs, you should set numBMeansCorlTested to 0 to switch off the correlation test!
WARN Batch means correlation test was run for depository of place I/icon_login, color 0
    However, the standard deviation of the token residence time is 0 and therefore the result of the test is ignored!
    In future runs, you should set numBMeansCorlTested to 0 to switch off the correlation test!
WARN Batch means correlation test was run for depository of place A/isLoggedIn_login, color 0
    However, the standard deviation of the token residence time is 0 and therefore the result of the test is ignored!
    In future runs, you should set numBMeansCorlTested to 0 to switch off the correlation test!
WARN Batch means correlation test was run for depository of place W/loginAction, color 0
    However, the standard deviation of the token residence time is 0 and therefore the result of the test is ignored!
    In future runs, you should set numBMeansCorlTested to 0 to switch off the correlation test!
WARN Batch means correlation test was run for depository of place A/login_loginAction, color 0
    However, the standard deviation of the token residence time is 0 and therefore the result of the test is ignored!
    In future runs, you should set numBMeansCorlTested to 0 to switch off the correlation test!
WARN Batch means correlation test was run for depository of place P/getUser_loginAction, color 0
    However, the standard deviation of the token residence time is 0 and therefore the result of the test is ignored!
    In future runs, you should set numBMeansCorlTested to 0 to switch off the correlation test!
WARN Batch means correlation test was run for depository of place I/icon_loginAction, color 0
    However, the standard deviation of the token residence time is 0 and therefore the result of the test is ignored!
    In future runs, you should set numBMeansCorlTested to 0 to switch off the correlation test!
WARN Batch means correlation test was run for depository of place W/index, color 0
    However, the standard deviation of the token residence time is 0 and therefore the result of the test is ignored!
    In future runs, you should set numBMeansCorlTested to 0 to switch off the correlation test!
WARN Batch means correlation test was run for depository of place P/categories_index, color 0
    However, the standard deviation of the token residence time is 0 and therefore the result of the test is ignored!
    In future runs, you should set numBMeansCorlTested to 0 to switch off the correlation test!
WARN Batch means correlation test was run for depository of place A/isLoggedIn_index, color 0
    However, the standard deviation of the token residence time is 0 and therefore the result of the test is ignored!
    In future runs, you should set numBMeansCorlTested to 0 to switch off the correlation test!
WARN Batch means correlation test was run for depository of place I/icon_index, color 0
    However, the standard deviation of the token residence time is 0 and therefore the result of the test is ignored!
    In future runs, you should set numBMeansCorlTested to 0 to switch off the correlation test!
WARN Batch means correlation test was run for depository of place W/logout, color 0
    However, the standard deviation of the token residence time is 0 and therefore the result of the test is ignored!
    In future runs, you should set numBMeansCorlTested to 0 to switch off the correlation test!
WARN Batch means correlation test was run for depository of place A/logout_logout, color 0
    However, the standard deviation of the token residence time is 0 and therefore the result of the test is ignored!
    In future runs, you should set numBMeansCorlTested to 0 to switch off the correlation test!
WARN Batch means correlation test was run for depository of place P/category_logout, color 0
    However, the standard deviation of the token residence time is 0 and therefore the result of the test is ignored!
    In future runs, you should set numBMeansCorlTested to 0 to switch off the correlation test!
WARN Batch means correlation test was run for depository of place I/icon_logout, color 0
    However, the standard deviation of the token residence time is 0 and therefore the result of the test is ignored!
    In future runs, you should set numBMeansCorlTested to 0 to switch off the correlation test!
WARN LP-1 The simulation was stopped because of reaching max totalRunLen.
The required precision may not have been reached!
REPORT for Queue of Queueing Place : W/index----------------------------------------

queueUtilQPl=0.00867204464052239

------------------ Color = index --------------------
arrivCnt=277136 deptCnt=277136
arrivThrPut=0.02774136286969714 deptThrPut=0.02774136286969714
meanTkPop=0.008748584479917776 tkColOcp=0.00867204464052239
-----
meanST=0.3153624614987521 stDevST=0.3146935635129785

Steady State Statistics: numBatchesST=692 batchSizeST=400 stDevStdStateMeanST=0.015878118972839396
95% c.i. = 0.31534478048243275 +/- 0.0011830254717368142



REPORT for Depository of Queueing Place : W/index----------------------------------------

tkOcp=0.0

------------------ Color = index --------------------
arrivCnt=277136 deptCnt=277136
arrivThrPut=0.02774136286969714 deptThrPut=0.02774136286969714
meanTkPop=0.0 tkColOcp=0.0
-----
meanST=0.0 stDevST=0.0

Steady State Statistics: numBatchesST=1385 batchSizeST=200 stDevStdStateMeanST=0.0
95% c.i. = 0.0 +/- 0.0



REPORT for Queue : WebUI----------------------------------------

totArrivThrPut=0.16661894812147837 totDeptThrPut=0.16661894812147837
meanTotTkPop=0.0387678644996549 queueUtil=0.03706090056618866
meanST=0.2326738041305486



REPORT for Queue of Queueing Place : P/categories_index----------------------------------------

queueUtilQPl=0.0034178402565813487

------------------ Color = index --------------------
arrivCnt=277136 deptCnt=277136
arrivThrPut=0.02774136286969714 deptThrPut=0.02774136286969714
meanTkPop=0.0034407909961636047 tkColOcp=0.0034178402565813487
-----
meanST=0.1240310727459645 stDevST=0.20211017059969705

Steady State Statistics: numBatchesST=692 batchSizeST=400 stDevStdStateMeanST=0.01017120391547337
95% c.i. = 0.12400572774452567 +/- 7.578223422319185E-4



REPORT for Depository of Queueing Place : P/categories_index----------------------------------------

tkOcp=0.0

------------------ Color = index --------------------
arrivCnt=277136 deptCnt=277136
arrivThrPut=0.02774136286969714 deptThrPut=0.02774136286969714
meanTkPop=0.0 tkColOcp=0.0
-----
meanST=0.0 stDevST=0.0

Steady State Statistics: numBatchesST=1385 batchSizeST=200 stDevStdStateMeanST=0.0
95% c.i. = 0.0 +/- 0.0



REPORT for Queue : Persistence----------------------------------------

totArrivThrPut=0.16661894812147837 totDeptThrPut=0.16661894812147837
meanTotTkPop=0.04550514232410919 queueUtil=0.04165352001395016
meanST=0.27310904814338616



REPORT for Queue of Queueing Place : A/isLoggedIn_index----------------------------------------

queueUtilQPl=0.006086181065379893

------------------ Color = index --------------------
arrivCnt=277136 deptCnt=277136
arrivThrPut=0.02774136286969714 deptThrPut=0.02774136286969714
meanTkPop=0.0061417905532585425 tkColOcp=0.006086181065379893
-----
meanST=0.22139469434529604 stDevST=0.31267104779502464

Steady State Statistics: numBatchesST=692 batchSizeST=400 stDevStdStateMeanST=0.016371240338074217
95% c.i. = 0.221409494455839 +/- 0.001219766293286793



REPORT for Depository of Queueing Place : A/isLoggedIn_index----------------------------------------

tkOcp=0.0

------------------ Color = index --------------------
arrivCnt=277136 deptCnt=277136
arrivThrPut=0.02774136286969714 deptThrPut=0.02774136286969714
meanTkPop=0.0 tkColOcp=0.0
-----
meanST=0.0 stDevST=0.0

Steady State Statistics: numBatchesST=1385 batchSizeST=200 stDevStdStateMeanST=0.0
95% c.i. = 0.0 +/- 0.0



REPORT for Queue : Auth----------------------------------------

totArrivThrPut=0.16661894812147834 totDeptThrPut=0.16661894812147834
meanTotTkPop=0.07310829919278172 queueUtil=0.06542005103794195
meanST=0.438775421505362



REPORT for Queue of Queueing Place : W/login----------------------------------------

queueUtilQPl=0.00554071794885951

------------------ Color = login --------------------
arrivCnt=276866 deptCnt=276866
arrivThrPut=0.027714335821696093 deptThrPut=0.027714335821696093
meanTkPop=0.00557278627036298 tkColOcp=0.00554071794885951
-----
meanST=0.2010795534201595 stDevST=0.2058258672057703

Steady State Statistics: numBatchesST=692 batchSizeST=400 stDevStdStateMeanST=0.009761419722120966
95% c.i. = 0.20108063499356443 +/- 7.272906942778835E-4



REPORT for Depository of Queueing Place : W/login----------------------------------------

tkOcp=0.0

------------------ Color = login --------------------
arrivCnt=276866 deptCnt=276866
arrivThrPut=0.027714335821696093 deptThrPut=0.027714335821696093
meanTkPop=0.0 tkColOcp=0.0
-----
meanST=0.0 stDevST=0.0

Steady State Statistics: numBatchesST=1384 batchSizeST=200 stDevStdStateMeanST=0.0
95% c.i. = 0.0 +/- 0.0



REPORT for Queue : WebUI----------------------------------------

totArrivThrPut=0.16661894812147837 totDeptThrPut=0.16661894812147837
meanTotTkPop=0.0387678644996549 queueUtil=0.03706090056618866
meanST=0.2326738041305486



REPORT for Queue of Queueing Place : W/loginAction----------------------------------------

queueUtilQPl=0.0033078589418662186

------------------ Color = loginAction --------------------
arrivCnt=277941 deptCnt=277941
arrivThrPut=0.027821943512811375 deptThrPut=0.027821943512811375
meanTkPop=0.0033215851817351813 tkColOcp=0.0033078589418662186
-----
meanST=0.11938724482729493 stDevST=0.13443425680630808

Steady State Statistics: numBatchesST=694 batchSizeST=400 stDevStdStateMeanST=0.0070286836748201615
95% c.i. = 0.11938746549399326 +/- 5.22928550954063E-4



REPORT for Depository of Queueing Place : W/loginAction----------------------------------------

tkOcp=0.0

------------------ Color = loginAction --------------------
arrivCnt=277941 deptCnt=277941
arrivThrPut=0.027821943512811375 deptThrPut=0.027821943512811375
meanTkPop=0.0 tkColOcp=0.0
-----
meanST=0.0 stDevST=0.0

Steady State Statistics: numBatchesST=1389 batchSizeST=200 stDevStdStateMeanST=0.0
95% c.i. = 0.0 +/- 0.0



REPORT for Queue : WebUI----------------------------------------

totArrivThrPut=0.16661894812147837 totDeptThrPut=0.16661894812147837
meanTotTkPop=0.0387678644996549 queueUtil=0.03706090056618866
meanST=0.2326738041305486



REPORT for Queue of Queueing Place : A/login_loginAction----------------------------------------

queueUtilQPl=0.018847368030168177

------------------ Color = loginAction --------------------
arrivCnt=277941 deptCnt=277941
arrivThrPut=0.027821943512811375 deptThrPut=0.027821943512811375
meanTkPop=0.019219227822525678 tkColOcp=0.018847368030168177
-----
meanST=0.6907938625378798 stDevST=0.6975161923303118

Steady State Statistics: numBatchesST=694 batchSizeST=400 stDevStdStateMeanST=0.03748849757912683
95% c.i. = 0.6907697274914213 +/- 0.0027891148077594033



REPORT for Depository of Queueing Place : A/login_loginAction----------------------------------------

tkOcp=0.0

------------------ Color = loginAction --------------------
arrivCnt=277941 deptCnt=277941
arrivThrPut=0.027821943512811375 deptThrPut=0.027821943512811375
meanTkPop=0.0 tkColOcp=0.0
-----
meanST=0.0 stDevST=0.0

Steady State Statistics: numBatchesST=1389 batchSizeST=200 stDevStdStateMeanST=0.0
95% c.i. = 0.0 +/- 0.0



REPORT for Queue : Auth----------------------------------------

totArrivThrPut=0.16661894812147834 totDeptThrPut=0.16661894812147834
meanTotTkPop=0.07310829919278172 queueUtil=0.06542005103794195
meanST=0.438775421505362



REPORT for Queue of Queueing Place : W/logout----------------------------------------

queueUtilQPl=0.00920891083381115

------------------ Color = logout --------------------
arrivCnt=277994 deptCnt=277994
arrivThrPut=0.0278272488222338 deptThrPut=0.0278272488222338
meanTkPop=0.009296689747393599 tkColOcp=0.00920891083381115
-----
meanST=0.3340858381934473 stDevST=0.3334788251797041

Steady State Statistics: numBatchesST=694 batchSizeST=400 stDevStdStateMeanST=0.016501829307689522
95% c.i. = 0.3341117614080657 +/- 0.0012277231537500032



REPORT for Depository of Queueing Place : W/logout----------------------------------------

tkOcp=0.0

------------------ Color = logout --------------------
arrivCnt=277994 deptCnt=277994
arrivThrPut=0.0278272488222338 deptThrPut=0.0278272488222338
meanTkPop=0.0 tkColOcp=0.0
-----
meanST=0.0 stDevST=0.0

Steady State Statistics: numBatchesST=1389 batchSizeST=200 stDevStdStateMeanST=0.0
95% c.i. = 0.0 +/- 0.0



REPORT for Queue : WebUI----------------------------------------

totArrivThrPut=0.16661894812147837 totDeptThrPut=0.16661894812147837
meanTotTkPop=0.0387678644996549 queueUtil=0.03706090056618866
meanST=0.2326738041305486



REPORT for Queue of Queueing Place : A/logout_logout----------------------------------------

queueUtilQPl=0.0039017726610371915

------------------ Color = logout --------------------
arrivCnt=277994 deptCnt=277994
arrivThrPut=0.0278272488222338 deptThrPut=0.0278272488222338
meanTkPop=0.003935435171202964 tkColOcp=0.0039017726610371915
-----
meanST=0.14142379637826702 stDevST=0.269478420325382

Steady State Statistics: numBatchesST=694 batchSizeST=400 stDevStdStateMeanST=0.01352793937458115
95% c.i. = 0.1414144659493543 +/- 0.0010064680759338817



REPORT for Depository of Queueing Place : A/logout_logout----------------------------------------

tkOcp=0.0

------------------ Color = logout --------------------
arrivCnt=277994 deptCnt=277994
arrivThrPut=0.0278272488222338 deptThrPut=0.0278272488222338
meanTkPop=0.0 tkColOcp=0.0
-----
meanST=0.0 stDevST=0.0

Steady State Statistics: numBatchesST=1389 batchSizeST=200 stDevStdStateMeanST=0.0
95% c.i. = 0.0 +/- 0.0



REPORT for Queue : Auth----------------------------------------

totArrivThrPut=0.16661894812147834 totDeptThrPut=0.16661894812147834
meanTotTkPop=0.07310829919278172 queueUtil=0.06542005103794195
meanST=0.438775421505362



REPORT for Queue of Queueing Place : P/getUser_loginAction----------------------------------------

queueUtilQPl=0.003550386934295944

------------------ Color = loginAction --------------------
arrivCnt=277941 deptCnt=277941
arrivThrPut=0.027821943512811375 deptThrPut=0.027821943512811375
meanTkPop=0.0035759984947243244 tkColOcp=0.003550386934295944
-----
meanST=0.12853158490087718 stDevST=0.21002987766805153

Steady State Statistics: numBatchesST=694 batchSizeST=400 stDevStdStateMeanST=0.009984329516511592
95% c.i. = 0.1285232844837571 +/- 7.428262826824222E-4



REPORT for Depository of Queueing Place : P/getUser_loginAction----------------------------------------

tkOcp=0.0

------------------ Color = loginAction --------------------
arrivCnt=277941 deptCnt=277941
arrivThrPut=0.027821943512811375 deptThrPut=0.027821943512811375
meanTkPop=0.0 tkColOcp=0.0
-----
meanST=0.0 stDevST=0.0

Steady State Statistics: numBatchesST=1389 batchSizeST=200 stDevStdStateMeanST=0.0
95% c.i. = 0.0 +/- 0.0



REPORT for Queue : Persistence----------------------------------------

totArrivThrPut=0.16661894812147837 totDeptThrPut=0.16661894812147837
meanTotTkPop=0.04550514232410919 queueUtil=0.04165352001395016
meanST=0.27310904814338616



REPORT for Queue of Queueing Place : W/category----------------------------------------

queueUtilQPl=0.008899600902283963

------------------ Color = category --------------------
arrivCnt=277061 deptCnt=277061
arrivThrPut=0.027733855356363517 deptThrPut=0.027733855356363517
meanTkPop=0.00897914106949205 tkColOcp=0.008899600902283963
-----
meanST=0.32376101173513155 stDevST=0.3234896243993669

Steady State Statistics: numBatchesST=692 batchSizeST=400 stDevStdStateMeanST=0.017789834081887033
95% c.i. = 0.32373066175983 +/- 0.0013254609625261268



REPORT for Depository of Queueing Place : W/category----------------------------------------

tkOcp=0.0

------------------ Color = category --------------------
arrivCnt=277061 deptCnt=277061
arrivThrPut=0.027733855356363517 deptThrPut=0.027733855356363517
meanTkPop=0.0 tkColOcp=0.0
-----
meanST=0.0 stDevST=0.0

Steady State Statistics: numBatchesST=1385 batchSizeST=200 stDevStdStateMeanST=0.0
95% c.i. = 0.0 +/- 0.0



REPORT for Queue : WebUI----------------------------------------

totArrivThrPut=0.16661894812147837 totDeptThrPut=0.16661894812147837
meanTotTkPop=0.0387678644996549 queueUtil=0.03706090056618866
meanST=0.2326738041305486



REPORT for Queue of Queueing Place : W/product----------------------------------------

queueUtilQPl=0.0028387102324799922

------------------ Color = product --------------------
arrivCnt=277524 deptCnt=277524
arrivThrPut=0.027780201738676423 deptThrPut=0.027780201738676423
meanTkPop=0.0028490777507533087 tkColOcp=0.0028387102324799922
-----
meanST=0.10255784956330026 stDevST=0.12071293687668587

Steady State Statistics: numBatchesST=346 batchSizeST=800 stDevStdStateMeanST=0.0041411122854082836
95% c.i. = 0.10255826998391747 +/- 4.363420303182148E-4



REPORT for Depository of Queueing Place : W/product----------------------------------------

tkOcp=0.0

------------------ Color = product --------------------
arrivCnt=277524 deptCnt=277524
arrivThrPut=0.027780201738676423 deptThrPut=0.027780201738676423
meanTkPop=0.0 tkColOcp=0.0
-----
meanST=0.0 stDevST=0.0

Steady State Statistics: numBatchesST=1387 batchSizeST=200 stDevStdStateMeanST=0.0
95% c.i. = 0.0 +/- 0.0



REPORT for Queue : WebUI----------------------------------------

totArrivThrPut=0.16661894812147837 totDeptThrPut=0.16661894812147837
meanTotTkPop=0.0387678644996549 queueUtil=0.03706090056618866
meanST=0.2326738041305486



REPORT for Queue of Queueing Place : P/category_category----------------------------------------

queueUtilQPl=0.022354876764320596

------------------ Color = category --------------------
arrivCnt=277061 deptCnt=277061
arrivThrPut=0.027733855356363517 deptThrPut=0.027733855356363517
meanTkPop=0.02286897905649666 tkColOcp=0.022354876764320596
-----
meanST=0.8245870890521316 stDevST=0.8215615169471433

Steady State Statistics: numBatchesST=692 batchSizeST=400 stDevStdStateMeanST=0.04471100656823043
95% c.i. = 0.8245590983161462 +/- 0.0033312673703785596



REPORT for Depository of Queueing Place : P/category_category----------------------------------------

tkOcp=0.0

------------------ Color = category --------------------
arrivCnt=277061 deptCnt=277061
arrivThrPut=0.027733855356363517 deptThrPut=0.027733855356363517
meanTkPop=0.0 tkColOcp=0.0
-----
meanST=0.0 stDevST=0.0

Steady State Statistics: numBatchesST=1385 batchSizeST=200 stDevStdStateMeanST=0.0
95% c.i. = 0.0 +/- 0.0



REPORT for Queue : Persistence----------------------------------------

totArrivThrPut=0.16661894812147837 totDeptThrPut=0.16661894812147837
meanTotTkPop=0.04550514232410919 queueUtil=0.04165352001395016
meanST=0.27310904814338616



REPORT for Queue of Queueing Place : P/getProduct_product----------------------------------------

queueUtilQPl=0.006108106686295157

------------------ Color = product --------------------
arrivCnt=277524 deptCnt=277524
arrivThrPut=0.027780201738676423 deptThrPut=0.027780201738676423
meanTkPop=0.006159550911593453 tkColOcp=0.006108106686295157
-----
meanST=0.2217244845640535 stDevST=0.27913392154252076

Steady State Statistics: numBatchesST=693 batchSizeST=400 stDevStdStateMeanST=0.014656744731160682
95% c.i. = 0.22173503451502596 +/- 0.0010912367859082775



REPORT for Depository of Queueing Place : P/getProduct_product----------------------------------------

tkOcp=0.0

------------------ Color = product --------------------
arrivCnt=277524 deptCnt=277524
arrivThrPut=0.027780201738676423 deptThrPut=0.027780201738676423
meanTkPop=0.0 tkColOcp=0.0
-----
meanST=0.0 stDevST=0.0

Steady State Statistics: numBatchesST=1387 batchSizeST=200 stDevStdStateMeanST=0.0
95% c.i. = 0.0 +/- 0.0



REPORT for Queue : Persistence----------------------------------------

totArrivThrPut=0.16661894812147837 totDeptThrPut=0.16661894812147837
meanTotTkPop=0.04550514232410919 queueUtil=0.04165352001395016
meanST=0.27310904814338616



REPORT for Queue of Queueing Place : R/getAds_product----------------------------------------

queueUtilQPl=0.002923364261817834

------------------ Color = product --------------------
arrivCnt=277524 deptCnt=277524
arrivThrPut=0.027780201738676423 deptThrPut=0.027780201738676423
meanTkPop=0.0029328372121948188 tkColOcp=0.002923364261817834
-----
meanST=0.10557292707171509 stDevST=0.10567570835446202

Steady State Statistics: numBatchesST=693 batchSizeST=400 stDevStdStateMeanST=0.005520494373674232
95% c.i. = 0.10557115537874362 +/- 4.110166784951532E-4



REPORT for Depository of Queueing Place : R/getAds_product----------------------------------------

tkOcp=0.0

------------------ Color = product --------------------
arrivCnt=277524 deptCnt=277524
arrivThrPut=0.027780201738676423 deptThrPut=0.027780201738676423
meanTkPop=0.0 tkColOcp=0.0
-----
meanST=0.0 stDevST=0.0

Steady State Statistics: numBatchesST=1387 batchSizeST=200 stDevStdStateMeanST=0.0
95% c.i. = 0.0 +/- 0.0



REPORT for Queue : Recommender----------------------------------------

totArrivThrPut=0.027780201738676423 totDeptThrPut=0.027780201738676423
meanTotTkPop=0.0029328372121948188 queueUtil=0.002923364261817834
meanST=0.10557292707171509



REPORT for Queue of Queueing Place : I/productImages_category----------------------------------------

queueUtilQPl=0.07474464933318928

------------------ Color = category --------------------
arrivCnt=277061 deptCnt=277061
arrivThrPut=0.027733855356363517 deptThrPut=0.027733855356363517
meanTkPop=0.0806866055002422 tkColOcp=0.07474464933318928
-----
meanST=2.909318032544246 stDevST=2.90819710898961

Steady State Statistics: numBatchesST=692 batchSizeST=400 stDevStdStateMeanST=0.1770241588828435
95% c.i. = 2.9093504803614696 +/- 0.013189477256684049



REPORT for Depository of Queueing Place : I/productImages_category----------------------------------------

tkOcp=0.0

------------------ Color = category --------------------
arrivCnt=277061 deptCnt=277061
arrivThrPut=0.027733855356363517 deptThrPut=0.027733855356363517
meanTkPop=0.0 tkColOcp=0.0
-----
meanST=0.0 stDevST=0.0

Steady State Statistics: numBatchesST=1385 batchSizeST=200 stDevStdStateMeanST=0.0
95% c.i. = 0.0 +/- 0.0



REPORT for Queue : ImageProvider----------------------------------------

totArrivThrPut=0.16661894812147834 totDeptThrPut=0.16661894812147834
meanTotTkPop=0.18212971884488682 queueUtil=0.13222725014264908
meanST=1.0930912774224208



REPORT for Queue of Queueing Place : I/product_product----------------------------------------

queueUtilQPl=0.01974706214541996

------------------ Color = product --------------------
arrivCnt=277524 deptCnt=277524
arrivThrPut=0.027780201738676423 deptThrPut=0.027780201738676423
meanTkPop=0.020623808526992183 tkColOcp=0.01974706214541996
-----
meanST=0.742392323892994 stDevST=1.338595366743464

Steady State Statistics: numBatchesST=693 batchSizeST=400 stDevStdStateMeanST=0.07907371468355358
95% c.i. = 0.7424263490369463 +/- 0.005887265408781936



REPORT for Depository of Queueing Place : I/product_product----------------------------------------

tkOcp=0.0

------------------ Color = product --------------------
arrivCnt=277524 deptCnt=277524
arrivThrPut=0.027780201738676423 deptThrPut=0.027780201738676423
meanTkPop=0.0 tkColOcp=0.0
-----
meanST=0.0 stDevST=0.0

Steady State Statistics: numBatchesST=1387 batchSizeST=200 stDevStdStateMeanST=0.0
95% c.i. = 0.0 +/- 0.0



REPORT for Queue : ImageProvider----------------------------------------

totArrivThrPut=0.16661894812147834 totDeptThrPut=0.16661894812147834
meanTotTkPop=0.18212971884488682 queueUtil=0.13222725014264908
meanST=1.0930912774224208



REPORT for Queue of Queueing Place : Workload----------------------------------------

queueUtilQPl=1.0000000000000002

------------------ Color = workload --------------------
arrivCnt=1664522 deptCnt=1664522
arrivThrPut=0.16661894812147834 deptThrPut=0.16661894812147834
meanTkPop=1.0000000000000002 tkColOcp=1.0000000000000002
-----
meanST=6.001718359612505 stDevST=5.99901798404042

Steady State Statistics: numBatchesST=4161 batchSizeST=400 stDevStdStateMeanST=0.3040464492158352
95% c.i. = 6.00177184824214 +/- 0.009238238477860301



REPORT for Depository of Queueing Place : Workload----------------------------------------

tkOcp=0.0

------------------ Color = workload --------------------
arrivCnt=1664522 deptCnt=1664522
arrivThrPut=0.16661894812147834 deptThrPut=0.16661894812147834
meanTkPop=0.0 tkColOcp=0.0
-----
meanST=0.0 stDevST=0.0

Steady State Statistics: numBatchesST=8322 batchSizeST=200 stDevStdStateMeanST=0.0
95% c.i. = 0.0 +/- 0.0



REPORT for Queue : Workload----------------------------------------

totArrivThrPut=0.16661894812147834 totDeptThrPut=0.16661894812147834
meanTotTkPop=1.0000000000000002 queueUtil=1.0000000000000002
meanST=6.001718359612505



REPORT for Queue of Queueing Place : I/icon_index----------------------------------------

queueUtilQPl=0.01583751493547981

------------------ Color = index --------------------
arrivCnt=277136 deptCnt=277136
arrivThrPut=0.02774136286969714 deptThrPut=0.02774136286969714
meanTkPop=0.016604894203500184 tkColOcp=0.01583751493547981
-----
meanST=0.5985608667279388 stDevST=1.2734055152467143

Steady State Statistics: numBatchesST=346 batchSizeST=800 stDevStdStateMeanST=0.05262194855462947
95% c.i. = 0.5986417596515905 +/- 0.005544686134817972



REPORT for Depository of Queueing Place : I/icon_index----------------------------------------

tkOcp=0.0

------------------ Color = index --------------------
arrivCnt=277136 deptCnt=277136
arrivThrPut=0.02774136286969714 deptThrPut=0.02774136286969714
meanTkPop=0.0 tkColOcp=0.0
-----
meanST=0.0 stDevST=0.0

Steady State Statistics: numBatchesST=1385 batchSizeST=200 stDevStdStateMeanST=0.0
95% c.i. = 0.0 +/- 0.0



REPORT for Queue : ImageProvider----------------------------------------

totArrivThrPut=0.16661894812147834 totDeptThrPut=0.16661894812147834
meanTotTkPop=0.18212971884488682 queueUtil=0.13222725014264908
meanST=1.0930912774224208



REPORT for Queue of Queueing Place : P/categories_login----------------------------------------

queueUtilQPl=0.0035067818010714783

------------------ Color = login --------------------
arrivCnt=276866 deptCnt=276866
arrivThrPut=0.027714335821696093 deptThrPut=0.027714335821696093
meanTkPop=0.0035305529047289065 tkColOcp=0.0035067818010714783
-----
meanST=0.12739085386866902 stDevST=0.21311843914434575

Steady State Statistics: numBatchesST=692 batchSizeST=400 stDevStdStateMeanST=0.011130153023149042
95% c.i. = 0.1273992640344001 +/- 8.292704288988709E-4



REPORT for Depository of Queueing Place : P/categories_login----------------------------------------

tkOcp=0.0

------------------ Color = login --------------------
arrivCnt=276866 deptCnt=276866
arrivThrPut=0.027714335821696093 deptThrPut=0.027714335821696093
meanTkPop=0.0 tkColOcp=0.0
-----
meanST=0.0 stDevST=0.0

Steady State Statistics: numBatchesST=1384 batchSizeST=200 stDevStdStateMeanST=0.0
95% c.i. = 0.0 +/- 0.0



REPORT for Queue : Persistence----------------------------------------

totArrivThrPut=0.16661894812147837 totDeptThrPut=0.16661894812147837
meanTotTkPop=0.04550514232410919 queueUtil=0.04165352001395016
meanST=0.27310904814338616



REPORT for Queue of Queueing Place : I/icon_login----------------------------------------

queueUtilQPl=0.01904706940822091

------------------ Color = login --------------------
arrivCnt=276866 deptCnt=276866
arrivThrPut=0.027714335821696093 deptThrPut=0.027714335821696093
meanTkPop=0.01996621396647086 tkColOcp=0.01904706940822091
-----
meanST=0.7204290983167045 stDevST=1.3484391988436895

Steady State Statistics: numBatchesST=692 batchSizeST=400 stDevStdStateMeanST=0.07852914289108971
95% c.i. = 0.7204915362171067 +/- 0.005850943457013659



REPORT for Depository of Queueing Place : I/icon_login----------------------------------------

tkOcp=0.0

------------------ Color = login --------------------
arrivCnt=276866 deptCnt=276866
arrivThrPut=0.027714335821696093 deptThrPut=0.027714335821696093
meanTkPop=0.0 tkColOcp=0.0
-----
meanST=0.0 stDevST=0.0

Steady State Statistics: numBatchesST=1384 batchSizeST=200 stDevStdStateMeanST=0.0
95% c.i. = 0.0 +/- 0.0



REPORT for Queue : ImageProvider----------------------------------------

totArrivThrPut=0.16661894812147834 totDeptThrPut=0.16661894812147834
meanTotTkPop=0.18212971884488682 queueUtil=0.13222725014264908
meanST=1.0930912774224208



REPORT for Queue of Queueing Place : A/isLoggedIn_login----------------------------------------

queueUtilQPl=0.00478065828081048

------------------ Color = login --------------------
arrivCnt=276866 deptCnt=276866
arrivThrPut=0.027714335821696093 deptThrPut=0.027714335821696093
meanTkPop=0.004859250062289833 tkColOcp=0.00478065828081048
-----
meanST=0.1753334481314101 stDevST=0.3179932500575338

Steady State Statistics: numBatchesST=692 batchSizeST=400 stDevStdStateMeanST=0.017117277503038757
95% c.i. = 0.17531987800953827 +/- 0.0012753510241056694



REPORT for Depository of Queueing Place : A/isLoggedIn_login----------------------------------------

tkOcp=0.0

------------------ Color = login --------------------
arrivCnt=276866 deptCnt=276866
arrivThrPut=0.027714335821696093 deptThrPut=0.027714335821696093
meanTkPop=0.0 tkColOcp=0.0
-----
meanST=0.0 stDevST=0.0

Steady State Statistics: numBatchesST=1384 batchSizeST=200 stDevStdStateMeanST=0.0
95% c.i. = 0.0 +/- 0.0



REPORT for Queue : Auth----------------------------------------

totArrivThrPut=0.16661894812147834 totDeptThrPut=0.16661894812147834
meanTotTkPop=0.07310829919278172 queueUtil=0.06542005103794195
meanST=0.438775421505362



REPORT for Queue of Queueing Place : A/isLoggedIn_category----------------------------------------

queueUtilQPl=0.011847993565096108

------------------ Color = category --------------------
arrivCnt=277061 deptCnt=277061
arrivThrPut=0.027733855356363517 deptThrPut=0.027733855356363517
meanTkPop=0.011965843682728924 tkColOcp=0.011847993565096108
-----
meanST=0.43145258850509466 stDevST=0.44790176374887936

Steady State Statistics: numBatchesST=346 batchSizeST=800 stDevStdStateMeanST=0.017052606896417955
95% c.i. = 0.43148217866106525 +/- 0.0017968044821242506



REPORT for Depository of Queueing Place : A/isLoggedIn_category----------------------------------------

tkOcp=0.0

------------------ Color = category --------------------
arrivCnt=277061 deptCnt=277061
arrivThrPut=0.027733855356363517 deptThrPut=0.027733855356363517
meanTkPop=0.0 tkColOcp=0.0
-----
meanST=0.0 stDevST=0.0

Steady State Statistics: numBatchesST=1385 batchSizeST=200 stDevStdStateMeanST=0.0
95% c.i. = 0.0 +/- 0.0



REPORT for Queue : Auth----------------------------------------

totArrivThrPut=0.16661894812147834 totDeptThrPut=0.16661894812147834
meanTotTkPop=0.07310829919278172 queueUtil=0.06542005103794195
meanST=0.438775421505362



REPORT for Queue of Queueing Place : I/icon_logout----------------------------------------

queueUtilQPl=0.019247102950825466

------------------ Color = logout --------------------
arrivCnt=277994 deptCnt=277994
arrivThrPut=0.0278272488222338 deptThrPut=0.0278272488222338
meanTkPop=0.020108527674808866 tkColOcp=0.019247102950825466
-----
meanST=0.7226200406395286 stDevST=1.3282806386554147

Steady State Statistics: numBatchesST=694 batchSizeST=400 stDevStdStateMeanST=0.07211637629256931
95% c.i. = 0.7227209057494866 +/- 0.005365401816250625



REPORT for Depository of Queueing Place : I/icon_logout----------------------------------------

tkOcp=0.0

------------------ Color = logout --------------------
arrivCnt=277994 deptCnt=277994
arrivThrPut=0.0278272488222338 deptThrPut=0.0278272488222338
meanTkPop=0.0 tkColOcp=0.0
-----
meanST=0.0 stDevST=0.0

Steady State Statistics: numBatchesST=1389 batchSizeST=200 stDevStdStateMeanST=0.0
95% c.i. = 0.0 +/- 0.0



REPORT for Queue : ImageProvider----------------------------------------

totArrivThrPut=0.16661894812147834 totDeptThrPut=0.16661894812147834
meanTotTkPop=0.18212971884488682 queueUtil=0.13222725014264908
meanST=1.0930912774224208



REPORT for Queue of Queueing Place : I/icon_loginAction----------------------------------------

queueUtilQPl=0.02313584394969294

------------------ Color = loginAction --------------------
arrivCnt=277941 deptCnt=277941
arrivThrPut=0.027821943512811375 deptThrPut=0.027821943512811375
meanTkPop=0.024139668972872546 tkColOcp=0.02313584394969294
-----
meanST=0.8676485509273202 stDevST=1.3954332922532753

Steady State Statistics: numBatchesST=694 batchSizeST=400 stDevStdStateMeanST=0.07917747368813226
95% c.i. = 0.8676025445129002 +/- 0.005890741922597311



REPORT for Depository of Queueing Place : I/icon_loginAction----------------------------------------

tkOcp=0.0

------------------ Color = loginAction --------------------
arrivCnt=277941 deptCnt=277941
arrivThrPut=0.027821943512811375 deptThrPut=0.027821943512811375
meanTkPop=0.0 tkColOcp=0.0
-----
meanST=0.0 stDevST=0.0

Steady State Statistics: numBatchesST=1389 batchSizeST=200 stDevStdStateMeanST=0.0
95% c.i. = 0.0 +/- 0.0



REPORT for Queue : ImageProvider----------------------------------------

totArrivThrPut=0.16661894812147834 totDeptThrPut=0.16661894812147834
meanTotTkPop=0.18212971884488682 queueUtil=0.13222725014264908
meanST=1.0930912774224208



REPORT for Queue of Queueing Place : A/isLoggedIn_product----------------------------------------

queueUtilQPl=0.02615605898124716

------------------ Color = product --------------------
arrivCnt=277524 deptCnt=277524
arrivThrPut=0.027780201738676423 deptThrPut=0.027780201738676423
meanTkPop=0.02698675190077577 tkColOcp=0.02615605898124716
-----
meanST=0.9714382982037172 stDevST=0.9571124625192424

Steady State Statistics: numBatchesST=693 batchSizeST=400 stDevStdStateMeanST=0.05020881016460339
95% c.i. = 0.9715034662372277 +/- 0.0037381902757585798



REPORT for Depository of Queueing Place : A/isLoggedIn_product----------------------------------------

tkOcp=0.0

------------------ Color = product --------------------
arrivCnt=277524 deptCnt=277524
arrivThrPut=0.027780201738676423 deptThrPut=0.027780201738676423
meanTkPop=0.0 tkColOcp=0.0
-----
meanST=0.0 stDevST=0.0

Steady State Statistics: numBatchesST=1387 batchSizeST=200 stDevStdStateMeanST=0.0
95% c.i. = 0.0 +/- 0.0



REPORT for Queue : Auth----------------------------------------

totArrivThrPut=0.16661894812147834 totDeptThrPut=0.16661894812147834
meanTotTkPop=0.07310829919278172 queueUtil=0.06542005103794195
meanST=0.438775421505362



REPORT for Queue of Queueing Place : P/category_logout----------------------------------------

queueUtilQPl=0.005880698230402507

------------------ Color = logout --------------------
arrivCnt=277994 deptCnt=277994
arrivThrPut=0.0278272488222338 deptThrPut=0.0278272488222338
meanTkPop=0.005929269960402237 tkColOcp=0.005880698230402507
-----
meanST=0.21307424238305536 stDevST=0.2622766323533721

Steady State Statistics: numBatchesST=694 batchSizeST=400 stDevStdStateMeanST=0.013798570643716703
95% c.i. = 0.2130891756440514 +/- 0.0010266028300300015



REPORT for Depository of Queueing Place : P/category_logout----------------------------------------

tkOcp=0.0

------------------ Color = logout --------------------
arrivCnt=277994 deptCnt=277994
arrivThrPut=0.0278272488222338 deptThrPut=0.0278272488222338
meanTkPop=0.0 tkColOcp=0.0
-----
meanST=0.0 stDevST=0.0

Steady State Statistics: numBatchesST=1389 batchSizeST=200 stDevStdStateMeanST=0.0
95% c.i. = 0.0 +/- 0.0



REPORT for Queue : Persistence----------------------------------------

totArrivThrPut=0.16661894812147837 totDeptThrPut=0.16661894812147837
meanTotTkPop=0.04550514232410919 queueUtil=0.04165352001395016
meanST=0.27310904814338616



REPORT for Ordinary Place : Finish_index----------------------------------------

tkOcp=1.0000000000000002

------------------ Color = index --------------------
arrivCnt=277136 deptCnt=0
arrivThrPut=0.02774136286969714 deptThrPut=0.0
meanTkPop=138875.10634896785 tkColOcp=1.0000000000000002
-----
meanST=NaN stDevST=NaN

Steady State Statistics: Only 0 batches collected!
Need at least 60 for steady state statistics.



REPORT for Ordinary Place : Finish_login----------------------------------------

tkOcp=1.0

------------------ Color = login --------------------
arrivCnt=276866 deptCnt=0
arrivThrPut=0.027714335821696093 deptThrPut=0.0
meanTkPop=138731.6302554602 tkColOcp=1.0
-----
meanST=NaN stDevST=NaN

Steady State Statistics: Only 0 batches collected!
Need at least 60 for steady state statistics.



REPORT for Ordinary Place : Finish_loginAction----------------------------------------

tkOcp=1.0

------------------ Color = loginAction --------------------
arrivCnt=277941 deptCnt=0
arrivThrPut=0.027821943512811375 deptThrPut=0.0
meanTkPop=139438.59280581225 tkColOcp=1.0
-----
meanST=NaN stDevST=NaN

Steady State Statistics: Only 0 batches collected!
Need at least 60 for steady state statistics.



REPORT for Ordinary Place : Finish_category----------------------------------------

tkOcp=1.0

------------------ Color = category --------------------
arrivCnt=277061 deptCnt=0
arrivThrPut=0.027733855356363517 deptThrPut=0.0
meanTkPop=138812.43859231178 tkColOcp=1.0
-----
meanST=NaN stDevST=NaN

Steady State Statistics: Only 0 batches collected!
Need at least 60 for steady state statistics.



REPORT for Ordinary Place : Finish_product----------------------------------------

tkOcp=1.0000000000000002

------------------ Color = product --------------------
arrivCnt=277524 deptCnt=0
arrivThrPut=0.027780201738676423 deptThrPut=0.0
meanTkPop=139370.65745496505 tkColOcp=1.0000000000000002
-----
meanST=NaN stDevST=NaN

Steady State Statistics: Only 0 batches collected!
Need at least 60 for steady state statistics.



REPORT for Ordinary Place : Finish_logout----------------------------------------

tkOcp=1.0000000000000002

------------------ Color = logout --------------------
arrivCnt=277994 deptCnt=0
arrivThrPut=0.0278272488222338 deptThrPut=0.0
meanTkPop=139362.13153658385 tkColOcp=1.0000000000000002
-----
meanST=NaN stDevST=NaN

Steady State Statistics: Only 0 batches collected!
Need at least 60 for steady state statistics.



REPORT REPORT for Probe : /index----------------------------------------


------------------ Color = index --------------------
-----
meanST=1.2593490953179514 stDevST=1.395658728326472

Steady State Statistics: numBatchesST=692 batchSizeST=400 stDevStdStateMeanST=0.07855745491394045
95% c.i. = 1.2594017623343887 +/- 0.005853052891024457



REPORT REPORT for Probe : /login----------------------------------------


------------------ Color = login --------------------
-----
meanST=1.2242329537369432 stDevST=1.4922218260299447

Steady State Statistics: numBatchesST=692 batchSizeST=400 stDevStdStateMeanST=0.08600683085998787
95% c.i. = 1.2242913132546098 +/- 0.006408080946160745



REPORT REPORT for Probe : /loginAction----------------------------------------


------------------ Color = loginAction --------------------
-----
meanST=1.8063612431933722 stDevST=1.6134324521507102

Steady State Statistics: numBatchesST=694 batchSizeST=400 stDevStdStateMeanST=0.092708437623458
95% c.i. = 1.8062830219820734 +/- 0.006897435023477629



REPORT REPORT for Probe : /logout----------------------------------------


------------------ Color = logout --------------------
-----
meanST=1.4112039175942983 stDevST=1.4550685107026837

Steady State Statistics: numBatchesST=694 batchSizeST=400 stDevStdStateMeanST=0.07797403609036098
95% c.i. = 1.4113363087509558 +/- 0.005801207109497007



REPORT REPORT for Probe : /category----------------------------------------


------------------ Color = category --------------------
-----
meanST=4.489118721836603 stDevST=3.0663011711679182

Steady State Statistics: numBatchesST=692 batchSizeST=400 stDevStdStateMeanST=0.18583441700871536
95% c.i. = 4.489122419098512 +/- 0.013845900085692414



REPORT REPORT for Probe : /product----------------------------------------


------------------ Color = product --------------------
-----
meanST=2.14368588329578 stDevST=1.7412503066893112

Steady State Statistics: numBatchesST=693 batchSizeST=400 stDevStdStateMeanST=0.09897221958585728
95% c.i. = 2.1438008399561914 +/- 0.007368766310397929



