INFO Logging to /home/yjx/workloadConfig/qpme/output/SimQPN_Output_config_2025-08-14_054829620.log
WARN Batch means correlation test was run for depository of place Workload, color 0
    However, the standard deviation of the token residence time is 0 and therefore the result of the test is ignored!
    In future runs, you should set numBMeansCorlTested to 0 to switch off the correlation test!
WARN Batch means correlation test was run for depository of place W/product, color 0
    However, the standard deviation of the token residence time is 0 and therefore the result of the test is ignored!
    In future runs, you should set numBMeansCorlTested to 0 to switch off the correlation test!
WARN Batch means correlation test was run for depository of place P/getProduct_product, color 0
    However, the standard deviation of the token residence time is 0 and therefore the result of the test is ignored!
    In future runs, you should set numBMeansCorlTested to 0 to switch off the correlation test!
WARN Batch means correlation test was run for depository of place R/getAds_product, color 0
    However, the standard deviation of the token residence time is 0 and therefore the result of the test is ignored!
    In future runs, you should set numBMeansCorlTested to 0 to switch off the correlation test!
WARN Batch means correlation test was run for depository of place I/product_product, color 0
    However, the standard deviation of the token residence time is 0 and therefore the result of the test is ignored!
    In future runs, you should set numBMeansCorlTested to 0 to switch off the correlation test!
WARN Batch means correlation test was run for depository of place A/isLoggedIn_product, color 0
    However, the standard deviation of the token residence time is 0 and therefore the result of the test is ignored!
    In future runs, you should set numBMeansCorlTested to 0 to switch off the correlation test!
WARN Batch means correlation test was run for depository of place W/category, color 0
    However, the standard deviation of the token residence time is 0 and therefore the result of the test is ignored!
    In future runs, you should set numBMeansCorlTested to 0 to switch off the correlation test!
WARN Batch means correlation test was run for depository of place P/category_category, color 0
    However, the standard deviation of the token residence time is 0 and therefore the result of the test is ignored!
    In future runs, you should set numBMeansCorlTested to 0 to switch off the correlation test!
WARN Batch means correlation test was run for depository of place I/productImages_category, color 0
    However, the standard deviation of the token residence time is 0 and therefore the result of the test is ignored!
    In future runs, you should set numBMeansCorlTested to 0 to switch off the correlation test!
WARN Batch means correlation test was run for depository of place A/isLoggedIn_category, color 0
    However, the standard deviation of the token residence time is 0 and therefore the result of the test is ignored!
    In future runs, you should set numBMeansCorlTested to 0 to switch off the correlation test!
WARN Batch means correlation test was run for depository of place W/logout, color 0
    However, the standard deviation of the token residence time is 0 and therefore the result of the test is ignored!
    In future runs, you should set numBMeansCorlTested to 0 to switch off the correlation test!
WARN Batch means correlation test was run for depository of place A/logout_logout, color 0
    However, the standard deviation of the token residence time is 0 and therefore the result of the test is ignored!
    In future runs, you should set numBMeansCorlTested to 0 to switch off the correlation test!
WARN Batch means correlation test was run for depository of place P/category_logout, color 0
    However, the standard deviation of the token residence time is 0 and therefore the result of the test is ignored!
    In future runs, you should set numBMeansCorlTested to 0 to switch off the correlation test!
WARN Batch means correlation test was run for depository of place I/icon_logout, color 0
    However, the standard deviation of the token residence time is 0 and therefore the result of the test is ignored!
    In future runs, you should set numBMeansCorlTested to 0 to switch off the correlation test!
WARN Batch means correlation test was run for depository of place W/login, color 0
    However, the standard deviation of the token residence time is 0 and therefore the result of the test is ignored!
    In future runs, you should set numBMeansCorlTested to 0 to switch off the correlation test!
WARN Batch means correlation test was run for depository of place P/categories_login, color 0
    However, the standard deviation of the token residence time is 0 and therefore the result of the test is ignored!
    In future runs, you should set numBMeansCorlTested to 0 to switch off the correlation test!
WARN Batch means correlation test was run for depository of place I/icon_login, color 0
    However, the standard deviation of the token residence time is 0 and therefore the result of the test is ignored!
    In future runs, you should set numBMeansCorlTested to 0 to switch off the correlation test!
WARN Batch means correlation test was run for depository of place A/isLoggedIn_login, color 0
    However, the standard deviation of the token residence time is 0 and therefore the result of the test is ignored!
    In future runs, you should set numBMeansCorlTested to 0 to switch off the correlation test!
WARN Batch means correlation test was run for depository of place W/loginAction, color 0
    However, the standard deviation of the token residence time is 0 and therefore the result of the test is ignored!
    In future runs, you should set numBMeansCorlTested to 0 to switch off the correlation test!
WARN Batch means correlation test was run for depository of place A/login_loginAction, color 0
    However, the standard deviation of the token residence time is 0 and therefore the result of the test is ignored!
    In future runs, you should set numBMeansCorlTested to 0 to switch off the correlation test!
WARN Batch means correlation test was run for depository of place P/getUser_loginAction, color 0
    However, the standard deviation of the token residence time is 0 and therefore the result of the test is ignored!
    In future runs, you should set numBMeansCorlTested to 0 to switch off the correlation test!
WARN Batch means correlation test was run for depository of place I/icon_loginAction, color 0
    However, the standard deviation of the token residence time is 0 and therefore the result of the test is ignored!
    In future runs, you should set numBMeansCorlTested to 0 to switch off the correlation test!
WARN Batch means correlation test was run for depository of place W/index, color 0
    However, the standard deviation of the token residence time is 0 and therefore the result of the test is ignored!
    In future runs, you should set numBMeansCorlTested to 0 to switch off the correlation test!
WARN Batch means correlation test was run for depository of place P/categories_index, color 0
    However, the standard deviation of the token residence time is 0 and therefore the result of the test is ignored!
    In future runs, you should set numBMeansCorlTested to 0 to switch off the correlation test!
WARN Batch means correlation test was run for depository of place A/isLoggedIn_index, color 0
    However, the standard deviation of the token residence time is 0 and therefore the result of the test is ignored!
    In future runs, you should set numBMeansCorlTested to 0 to switch off the correlation test!
WARN Batch means correlation test was run for depository of place I/icon_index, color 0
    However, the standard deviation of the token residence time is 0 and therefore the result of the test is ignored!
    In future runs, you should set numBMeansCorlTested to 0 to switch off the correlation test!
WARN LP-1 The simulation was stopped because of reaching max totalRunLen.
The required precision may not have been reached!
REPORT for Queue of Queueing Place : W/index----------------------------------------

queueUtilQPl=0.011438941018633901

------------------ Color = index --------------------
arrivCnt=277189 deptCnt=277189
arrivThrPut=0.027746664132287636 deptThrPut=0.027746664132287636
meanTkPop=0.011571984087013449 tkColOcp=0.011438941018633901
-----
meanST=0.4170585707832032 stDevST=0.41551217548177305

Steady State Statistics: numBatchesST=692 batchSizeST=400 stDevStdStateMeanST=0.021226306259039075
95% c.i. = 0.41704144397436294 +/- 0.0015815009963260963



REPORT for Depository of Queueing Place : W/index----------------------------------------

tkOcp=0.0

------------------ Color = index --------------------
arrivCnt=277189 deptCnt=277189
arrivThrPut=0.027746664132287636 deptThrPut=0.027746664132287636
meanTkPop=0.0 tkColOcp=0.0
-----
meanST=0.0 stDevST=0.0

Steady State Statistics: numBatchesST=1385 batchSizeST=200 stDevStdStateMeanST=0.0
95% c.i. = 0.0 +/- 0.0



REPORT for Queue : WebUI----------------------------------------

totArrivThrPut=0.16654194679473555 totDeptThrPut=0.16654194679473555
meanTotTkPop=0.04834223708176057 queueUtil=0.04572193269026427
meanST=0.2902706375910378



REPORT for Queue of Queueing Place : P/categories_index----------------------------------------

queueUtilQPl=0.006065112547865202

------------------ Color = index --------------------
arrivCnt=277189 deptCnt=277189
arrivThrPut=0.027746664132287636 deptThrPut=0.027746664132287636
meanTkPop=0.006102348877229501 tkColOcp=0.006065112547865202
-----
meanST=0.21993090225676723 stDevST=0.2270646898117147

Steady State Statistics: numBatchesST=346 batchSizeST=800 stDevStdStateMeanST=0.008408179233099496
95% c.i. = 0.21992541188150339 +/- 8.859556913676788E-4



REPORT for Depository of Queueing Place : P/categories_index----------------------------------------

tkOcp=0.0

------------------ Color = index --------------------
arrivCnt=277189 deptCnt=277189
arrivThrPut=0.027746664132287636 deptThrPut=0.027746664132287636
meanTkPop=0.0 tkColOcp=0.0
-----
meanST=0.0 stDevST=0.0

Steady State Statistics: numBatchesST=1385 batchSizeST=200 stDevStdStateMeanST=0.0
95% c.i. = 0.0 +/- 0.0



REPORT for Queue : Persistence----------------------------------------

totArrivThrPut=0.16654194679473555 totDeptThrPut=0.16654194679473555
meanTotTkPop=0.04628913236186748 queueUtil=0.04387855246934598
meanST=0.27794278410182893



REPORT for Queue of Queueing Place : A/isLoggedIn_index----------------------------------------

queueUtilQPl=0.0059639043545773795

------------------ Color = index --------------------
arrivCnt=277189 deptCnt=277189
arrivThrPut=0.027746664132287636 deptThrPut=0.027746664132287636
meanTkPop=0.005998517736670407 tkColOcp=0.0059639043545773795
-----
meanST=0.21618878968914257 stDevST=0.21576818965148306

Steady State Statistics: numBatchesST=692 batchSizeST=400 stDevStdStateMeanST=0.010555285270289547
95% c.i. = 0.21617305411999418 +/- 7.864389577607458E-4



REPORT for Depository of Queueing Place : A/isLoggedIn_index----------------------------------------

tkOcp=0.0

------------------ Color = index --------------------
arrivCnt=277189 deptCnt=277189
arrivThrPut=0.027746664132287636 deptThrPut=0.027746664132287636
meanTkPop=0.0 tkColOcp=0.0
-----
meanST=0.0 stDevST=0.0

Steady State Statistics: numBatchesST=1385 batchSizeST=200 stDevStdStateMeanST=0.0
95% c.i. = 0.0 +/- 0.0



REPORT for Queue : Auth----------------------------------------

totArrivThrPut=0.16654194679473555 totDeptThrPut=0.16654194679473555
meanTotTkPop=0.027162604631468565 queueUtil=0.026296401534504292
meanST=0.16309767691707555



REPORT for Queue of Queueing Place : W/login----------------------------------------

queueUtilQPl=0.009332291072708004

------------------ Color = login --------------------
arrivCnt=277519 deptCnt=277519
arrivThrPut=0.027779697186137736 deptThrPut=0.027779697186137736
meanTkPop=0.009416285627020264 tkColOcp=0.009332291072708004
-----
meanST=0.33896286067938336 stDevST=0.33990502096064534

Steady State Statistics: numBatchesST=346 batchSizeST=800 stDevStdStateMeanST=0.012855031423414574
95% c.i. = 0.33895094551661875 +/- 0.0013545130207799087



REPORT for Depository of Queueing Place : W/login----------------------------------------

tkOcp=0.0

------------------ Color = login --------------------
arrivCnt=277519 deptCnt=277519
arrivThrPut=0.027779697186137736 deptThrPut=0.027779697186137736
meanTkPop=0.0 tkColOcp=0.0
-----
meanST=0.0 stDevST=0.0

Steady State Statistics: numBatchesST=1387 batchSizeST=200 stDevStdStateMeanST=0.0
95% c.i. = 0.0 +/- 0.0



REPORT for Queue : WebUI----------------------------------------

totArrivThrPut=0.16654194679473555 totDeptThrPut=0.16654194679473555
meanTotTkPop=0.04834223708176057 queueUtil=0.04572193269026427
meanST=0.2902706375910378



REPORT for Queue of Queueing Place : W/loginAction----------------------------------------

queueUtilQPl=0.012285325204847623

------------------ Color = loginAction --------------------
arrivCnt=276992 deptCnt=276992
arrivThrPut=0.02772694440014076 deptThrPut=0.02772694440014076
meanTkPop=0.012438082537523982 tkColOcp=0.012285325204847623
-----
meanST=0.4485918952346165 stDevST=0.4454668993098189

Steady State Statistics: numBatchesST=692 batchSizeST=400 stDevStdStateMeanST=0.023753488486894885
95% c.i. = 0.44857163721483706 +/- 0.0017697928810504855



REPORT for Depository of Queueing Place : W/loginAction----------------------------------------

tkOcp=0.0

------------------ Color = loginAction --------------------
arrivCnt=276992 deptCnt=276992
arrivThrPut=0.02772694440014076 deptThrPut=0.02772694440014076
meanTkPop=0.0 tkColOcp=0.0
-----
meanST=0.0 stDevST=0.0

Steady State Statistics: numBatchesST=1384 batchSizeST=200 stDevStdStateMeanST=0.0
95% c.i. = 0.0 +/- 0.0



REPORT for Queue : WebUI----------------------------------------

totArrivThrPut=0.16654194679473555 totDeptThrPut=0.16654194679473555
meanTotTkPop=0.04834223708176057 queueUtil=0.04572193269026427
meanST=0.2902706375910378



REPORT for Queue of Queueing Place : A/login_loginAction----------------------------------------

queueUtilQPl=0.005574146805517009

------------------ Color = loginAction --------------------
arrivCnt=276992 deptCnt=276992
arrivThrPut=0.02772694440014076 deptThrPut=0.02772694440014076
meanTkPop=0.005603746178240102 tkColOcp=0.005574146805517009
-----
meanST=0.20210471436627736 stDevST=0.20208487574519288

Steady State Statistics: numBatchesST=692 batchSizeST=400 stDevStdStateMeanST=0.01027677277562932
95% c.i. = 0.20210844384299648 +/- 7.65687924471247E-4



REPORT for Depository of Queueing Place : A/login_loginAction----------------------------------------

tkOcp=0.0

------------------ Color = loginAction --------------------
arrivCnt=276992 deptCnt=276992
arrivThrPut=0.02772694440014076 deptThrPut=0.02772694440014076
meanTkPop=0.0 tkColOcp=0.0
-----
meanST=0.0 stDevST=0.0

Steady State Statistics: numBatchesST=1384 batchSizeST=200 stDevStdStateMeanST=0.0
95% c.i. = 0.0 +/- 0.0



REPORT for Queue : Auth----------------------------------------

totArrivThrPut=0.16654194679473555 totDeptThrPut=0.16654194679473555
meanTotTkPop=0.027162604631468565 queueUtil=0.026296401534504292
meanST=0.16309767691707555



REPORT for Queue of Queueing Place : W/logout----------------------------------------

queueUtilQPl=0.005712185936956311

------------------ Color = logout --------------------
arrivCnt=277682 deptCnt=277682
arrivThrPut=0.02779601351273642 deptThrPut=0.02779601351273642
meanTkPop=0.005746211304879084 tkColOcp=0.005712185936956311
-----
meanST=0.20672789291335286 stDevST=0.21795680524782002

Steady State Statistics: numBatchesST=173 batchSizeST=1600 stDevStdStateMeanST=0.005232326594933001
95% c.i. = 0.2067634581316781 +/- 7.852190405279361E-4



REPORT for Depository of Queueing Place : W/logout----------------------------------------

tkOcp=0.0

------------------ Color = logout --------------------
arrivCnt=277682 deptCnt=277682
arrivThrPut=0.02779601351273642 deptThrPut=0.02779601351273642
meanTkPop=0.0 tkColOcp=0.0
-----
meanST=0.0 stDevST=0.0

Steady State Statistics: numBatchesST=1388 batchSizeST=200 stDevStdStateMeanST=0.0
95% c.i. = 0.0 +/- 0.0



REPORT for Queue : WebUI----------------------------------------

totArrivThrPut=0.16654194679473555 totDeptThrPut=0.16654194679473555
meanTotTkPop=0.04834223708176057 queueUtil=0.04572193269026427
meanST=0.2902706375910378



REPORT for Queue of Queueing Place : A/logout_logout----------------------------------------

queueUtilQPl=0.005118358988628904

------------------ Color = logout --------------------
arrivCnt=277682 deptCnt=277682
arrivThrPut=0.02779601351273642 deptThrPut=0.02779601351273642
meanTkPop=0.0051457868532407 tkColOcp=0.005118358988628904
-----
meanST=0.1851267934836356 stDevST=0.18487701349968305

Steady State Statistics: numBatchesST=347 batchSizeST=800 stDevStdStateMeanST=0.007130041833523306
95% c.i. = 0.18512925334988778 +/- 7.501971874028198E-4



REPORT for Depository of Queueing Place : A/logout_logout----------------------------------------

tkOcp=0.0

------------------ Color = logout --------------------
arrivCnt=277682 deptCnt=277682
arrivThrPut=0.02779601351273642 deptThrPut=0.02779601351273642
meanTkPop=0.0 tkColOcp=0.0
-----
meanST=0.0 stDevST=0.0

Steady State Statistics: numBatchesST=1388 batchSizeST=200 stDevStdStateMeanST=0.0
95% c.i. = 0.0 +/- 0.0



REPORT for Queue : Auth----------------------------------------

totArrivThrPut=0.16654194679473555 totDeptThrPut=0.16654194679473555
meanTotTkPop=0.027162604631468565 queueUtil=0.026296401534504292
meanST=0.16309767691707555



REPORT for Queue of Queueing Place : P/getUser_loginAction----------------------------------------

queueUtilQPl=0.005659547940302724

------------------ Color = loginAction --------------------
arrivCnt=276992 deptCnt=276992
arrivThrPut=0.02772694440014076 deptThrPut=0.02772694440014076
meanTkPop=0.005693423863138073 tkColOcp=0.005659547940302724
-----
meanST=0.2053390298250524 stDevST=0.21736430277069757

Steady State Statistics: numBatchesST=692 batchSizeST=400 stDevStdStateMeanST=0.011756515473254186
95% c.i. = 0.20534486246553724 +/- 8.75938597482404E-4



REPORT for Depository of Queueing Place : P/getUser_loginAction----------------------------------------

tkOcp=0.0

------------------ Color = loginAction --------------------
arrivCnt=276992 deptCnt=276992
arrivThrPut=0.02772694440014076 deptThrPut=0.02772694440014076
meanTkPop=0.0 tkColOcp=0.0
-----
meanST=0.0 stDevST=0.0

Steady State Statistics: numBatchesST=1384 batchSizeST=200 stDevStdStateMeanST=0.0
95% c.i. = 0.0 +/- 0.0



REPORT for Queue : Persistence----------------------------------------

totArrivThrPut=0.16654194679473555 totDeptThrPut=0.16654194679473555
meanTotTkPop=0.04628913236186748 queueUtil=0.04387855246934598
meanST=0.27794278410182893



REPORT for Queue of Queueing Place : W/category----------------------------------------

queueUtilQPl=0.003189615063989283

------------------ Color = category --------------------
arrivCnt=277169 deptCnt=277169
arrivThrPut=0.027744662129023996 deptThrPut=0.027744662129023996
meanTkPop=0.003203202889251355 tkColOcp=0.003189615063989283
-----
meanST=0.11545294278067453 stDevST=0.14617077217290245

Steady State Statistics: numBatchesST=692 batchSizeST=400 stDevStdStateMeanST=0.007799828358809391
95% c.i. = 0.11545644393794204 +/- 5.811390908098592E-4



REPORT for Depository of Queueing Place : W/category----------------------------------------

tkOcp=0.0

------------------ Color = category --------------------
arrivCnt=277169 deptCnt=277169
arrivThrPut=0.027744662129023996 deptThrPut=0.027744662129023996
meanTkPop=0.0 tkColOcp=0.0
-----
meanST=0.0 stDevST=0.0

Steady State Statistics: numBatchesST=1385 batchSizeST=200 stDevStdStateMeanST=0.0
95% c.i. = 0.0 +/- 0.0



REPORT for Queue : WebUI----------------------------------------

totArrivThrPut=0.16654194679473555 totDeptThrPut=0.16654194679473555
meanTotTkPop=0.04834223708176057 queueUtil=0.04572193269026427
meanST=0.2902706375910378



REPORT for Queue of Queueing Place : W/product----------------------------------------

queueUtilQPl=0.0059275689102998306

------------------ Color = product --------------------
arrivCnt=277202 deptCnt=277202
arrivThrPut=0.027747965434409005 deptThrPut=0.027747965434409005
meanTkPop=0.0059664706360724375 tkColOcp=0.0059275689102998306
-----
meanST=0.21502371588922642 stDevST=0.2270376484366059

Steady State Statistics: numBatchesST=693 batchSizeST=400 stDevStdStateMeanST=0.011137232578247919
95% c.i. = 0.2150235631638811 +/- 8.291989869184125E-4



REPORT for Depository of Queueing Place : W/product----------------------------------------

tkOcp=0.0

------------------ Color = product --------------------
arrivCnt=277202 deptCnt=277202
arrivThrPut=0.027747965434409005 deptThrPut=0.027747965434409005
meanTkPop=0.0 tkColOcp=0.0
-----
meanST=0.0 stDevST=0.0

Steady State Statistics: numBatchesST=1386 batchSizeST=200 stDevStdStateMeanST=0.0
95% c.i. = 0.0 +/- 0.0



REPORT for Queue : WebUI----------------------------------------

totArrivThrPut=0.16654194679473555 totDeptThrPut=0.16654194679473555
meanTotTkPop=0.04834223708176057 queueUtil=0.04572193269026427
meanST=0.2902706375910378



REPORT for Queue of Queueing Place : P/category_category----------------------------------------

queueUtilQPl=0.011617989887605436

------------------ Color = category --------------------
arrivCnt=277169 deptCnt=277169
arrivThrPut=0.027744662129023996 deptThrPut=0.027744662129023996
meanTkPop=0.011758119416154846 tkColOcp=0.011617989887605436
-----
meanST=0.42379753487264665 stDevST=0.4190989873753521

Steady State Statistics: numBatchesST=692 batchSizeST=400 stDevStdStateMeanST=0.02242598376006002
95% c.i. = 0.4237555515825666 +/- 0.0016708849494256458



REPORT for Depository of Queueing Place : P/category_category----------------------------------------

tkOcp=0.0

------------------ Color = category --------------------
arrivCnt=277169 deptCnt=277169
arrivThrPut=0.027744662129023996 deptThrPut=0.027744662129023996
meanTkPop=0.0 tkColOcp=0.0
-----
meanST=0.0 stDevST=0.0

Steady State Statistics: numBatchesST=1385 batchSizeST=200 stDevStdStateMeanST=0.0
95% c.i. = 0.0 +/- 0.0



REPORT for Queue : Persistence----------------------------------------

totArrivThrPut=0.16654194679473555 totDeptThrPut=0.16654194679473555
meanTotTkPop=0.04628913236186748 queueUtil=0.04387855246934598
meanST=0.27794278410182893



REPORT for Queue of Queueing Place : P/getProduct_product----------------------------------------

queueUtilQPl=0.0033341845089784813

------------------ Color = product --------------------
arrivCnt=277202 deptCnt=277202
arrivThrPut=0.027747965434409005 deptThrPut=0.027747965434409005
meanTkPop=0.0033488752769438557 tkColOcp=0.0033341845089784813
-----
meanST=0.12068903880033907 stDevST=0.1475945718452778

Steady State Statistics: numBatchesST=346 batchSizeST=800 stDevStdStateMeanST=0.005462847575669531
95% c.i. = 0.12066911594034882 +/- 5.756110528289064E-4



REPORT for Depository of Queueing Place : P/getProduct_product----------------------------------------

tkOcp=0.0

------------------ Color = product --------------------
arrivCnt=277202 deptCnt=277202
arrivThrPut=0.027747965434409005 deptThrPut=0.027747965434409005
meanTkPop=0.0 tkColOcp=0.0
-----
meanST=0.0 stDevST=0.0

Steady State Statistics: numBatchesST=1386 batchSizeST=200 stDevStdStateMeanST=0.0
95% c.i. = 0.0 +/- 0.0



REPORT for Queue : Persistence----------------------------------------

totArrivThrPut=0.16654194679473555 totDeptThrPut=0.16654194679473555
meanTotTkPop=0.04628913236186748 queueUtil=0.04387855246934598
meanST=0.27794278410182893



REPORT for Queue of Queueing Place : R/getAds_product----------------------------------------

queueUtilQPl=0.009463827748822975

------------------ Color = product --------------------
arrivCnt=277202 deptCnt=277202
arrivThrPut=0.027747965434409005 deptThrPut=0.027747965434409005
meanTkPop=0.009558554614908876 tkColOcp=0.009463827748822975
-----
meanST=0.34447767485884717 stDevST=0.34554117161859116

Steady State Statistics: numBatchesST=346 batchSizeST=800 stDevStdStateMeanST=0.012173261837299583
95% c.i. = 0.34450085688013676 +/- 0.0012826761071896042



REPORT for Depository of Queueing Place : R/getAds_product----------------------------------------

tkOcp=0.0

------------------ Color = product --------------------
arrivCnt=277202 deptCnt=277202
arrivThrPut=0.027747965434409005 deptThrPut=0.027747965434409005
meanTkPop=0.0 tkColOcp=0.0
-----
meanST=0.0 stDevST=0.0

Steady State Statistics: numBatchesST=1386 batchSizeST=200 stDevStdStateMeanST=0.0
95% c.i. = 0.0 +/- 0.0



REPORT for Queue : Recommender----------------------------------------

totArrivThrPut=0.027747965434409005 totDeptThrPut=0.027747965434409005
meanTotTkPop=0.009558554614908876 queueUtil=0.009463827748822975
meanST=0.34447767485884717



REPORT for Queue of Queueing Place : I/productImages_category----------------------------------------

queueUtilQPl=0.004227626368132979

------------------ Color = category --------------------
arrivCnt=277169 deptCnt=277169
arrivThrPut=0.027744662129023996 deptThrPut=0.027744662129023996
meanTkPop=0.0042783898830858905 tkColOcp=0.004227626368132979
-----
meanST=0.15420587438367903 stDevST=0.329692217397188

Steady State Statistics: numBatchesST=692 batchSizeST=400 stDevStdStateMeanST=0.016825474617355157
95% c.i. = 0.15419890103596173 +/- 0.0012536097682881186



REPORT for Depository of Queueing Place : I/productImages_category----------------------------------------

tkOcp=0.0

------------------ Color = category --------------------
arrivCnt=277169 deptCnt=277169
arrivThrPut=0.027744662129023996 deptThrPut=0.027744662129023996
meanTkPop=0.0 tkColOcp=0.0
-----
meanST=0.0 stDevST=0.0

Steady State Statistics: numBatchesST=1385 batchSizeST=200 stDevStdStateMeanST=0.0
95% c.i. = 0.0 +/- 0.0



REPORT for Queue : ImageProvider----------------------------------------

totArrivThrPut=0.16654194679473555 totDeptThrPut=0.16654194679473555
meanTotTkPop=0.07566521758162634 queueUtil=0.06726218115485232
meanST=0.4543312903318249



REPORT for Queue of Queueing Place : I/product_product----------------------------------------

queueUtilQPl=0.011515394612423652

------------------ Color = product --------------------
arrivCnt=277202 deptCnt=277202
arrivThrPut=0.027747965434409005 deptThrPut=0.027747965434409005
meanTkPop=0.01167584204202669 tkColOcp=0.011515394612423652
-----
meanST=0.4207819153309166 stDevST=0.4894107977813927

Steady State Statistics: numBatchesST=346 batchSizeST=800 stDevStdStateMeanST=0.018261678785936968
95% c.i. = 0.4207814332274321 +/- 0.0019242023517575763



REPORT for Depository of Queueing Place : I/product_product----------------------------------------

tkOcp=0.0

------------------ Color = product --------------------
arrivCnt=277202 deptCnt=277202
arrivThrPut=0.027747965434409005 deptThrPut=0.027747965434409005
meanTkPop=0.0 tkColOcp=0.0
-----
meanST=0.0 stDevST=0.0

Steady State Statistics: numBatchesST=1386 batchSizeST=200 stDevStdStateMeanST=0.0
95% c.i. = 0.0 +/- 0.0



REPORT for Queue : ImageProvider----------------------------------------

totArrivThrPut=0.16654194679473555 totDeptThrPut=0.16654194679473555
meanTotTkPop=0.07566521758162634 queueUtil=0.06726218115485232
meanST=0.4543312903318249



REPORT for Queue of Queueing Place : Workload----------------------------------------

queueUtilQPl=1.0

------------------ Color = workload --------------------
arrivCnt=1663753 deptCnt=1663753
arrivThrPut=0.16654194679473555 deptThrPut=0.16654194679473555
meanTkPop=1.0 tkColOcp=1.0
-----
meanST=6.004493277795707 stDevST=6.00672999160889

Steady State Statistics: numBatchesST=4159 batchSizeST=400 stDevStdStateMeanST=0.2980462578683785
95% c.i. = 6.004451005469176 +/- 0.009058104032076283



REPORT for Depository of Queueing Place : Workload----------------------------------------

tkOcp=0.0

------------------ Color = workload --------------------
arrivCnt=1663753 deptCnt=1663753
arrivThrPut=0.16654194679473555 deptThrPut=0.16654194679473555
meanTkPop=0.0 tkColOcp=0.0
-----
meanST=0.0 stDevST=0.0

Steady State Statistics: numBatchesST=8318 batchSizeST=200 stDevStdStateMeanST=0.0
95% c.i. = 0.0 +/- 0.0



REPORT for Queue : Workload----------------------------------------

totArrivThrPut=0.16654194679473555 totDeptThrPut=0.16654194679473555
meanTotTkPop=1.0 queueUtil=1.0
meanST=6.004493277795707



REPORT for Queue of Queueing Place : I/icon_index----------------------------------------

queueUtilQPl=0.012301824873658372

------------------ Color = index --------------------
arrivCnt=277189 deptCnt=277189
arrivThrPut=0.027746664132287636 deptThrPut=0.027746664132287636
meanTkPop=0.012478806876491041 tkColOcp=0.012301824873658372
-----
meanST=0.44974079828104363 stDevST=0.5071367940364769

Steady State Statistics: numBatchesST=692 batchSizeST=400 stDevStdStateMeanST=0.02461364669433221
95% c.i. = 0.4497325859996715 +/- 0.0018338803885734163



REPORT for Depository of Queueing Place : I/icon_index----------------------------------------

tkOcp=0.0

------------------ Color = index --------------------
arrivCnt=277189 deptCnt=277189
arrivThrPut=0.027746664132287636 deptThrPut=0.027746664132287636
meanTkPop=0.0 tkColOcp=0.0
-----
meanST=0.0 stDevST=0.0

Steady State Statistics: numBatchesST=1385 batchSizeST=200 stDevStdStateMeanST=0.0
95% c.i. = 0.0 +/- 0.0



REPORT for Queue : ImageProvider----------------------------------------

totArrivThrPut=0.16654194679473555 totDeptThrPut=0.16654194679473555
meanTotTkPop=0.07566521758162634 queueUtil=0.06726218115485232
meanST=0.4543312903318249



REPORT for Queue of Queueing Place : P/categories_login----------------------------------------

queueUtilQPl=0.006536114151637736

------------------ Color = login --------------------
arrivCnt=277519 deptCnt=277519
arrivThrPut=0.027779697186137736 deptThrPut=0.027779697186137736
meanTkPop=0.006580591832962661 tkColOcp=0.006536114151637736
-----
meanST=0.2368849375451948 stDevST=0.24378327007348374

Steady State Statistics: numBatchesST=693 batchSizeST=400 stDevStdStateMeanST=0.012298424584010731
95% c.i. = 0.23689721234692365 +/- 9.156530703750912E-4



REPORT for Depository of Queueing Place : P/categories_login----------------------------------------

tkOcp=0.0

------------------ Color = login --------------------
arrivCnt=277519 deptCnt=277519
arrivThrPut=0.027779697186137736 deptThrPut=0.027779697186137736
meanTkPop=0.0 tkColOcp=0.0
-----
meanST=0.0 stDevST=0.0

Steady State Statistics: numBatchesST=1387 batchSizeST=200 stDevStdStateMeanST=0.0
95% c.i. = 0.0 +/- 0.0



REPORT for Queue : Persistence----------------------------------------

totArrivThrPut=0.16654194679473555 totDeptThrPut=0.16654194679473555
meanTotTkPop=0.04628913236186748 queueUtil=0.04387855246934598
meanST=0.27794278410182893



REPORT for Queue of Queueing Place : I/icon_login----------------------------------------

queueUtilQPl=0.03172159056750232

------------------ Color = login --------------------
arrivCnt=277519 deptCnt=277519
arrivThrPut=0.027779697186137736 deptThrPut=0.027779697186137736
meanTkPop=0.03277789952787928 tkColOcp=0.03172159056750232
-----
meanST=1.1799228518673588 stDevST=1.1743122476004513

Steady State Statistics: numBatchesST=346 batchSizeST=800 stDevStdStateMeanST=0.04578024476388906
95% c.i. = 1.1800223028085168 +/- 0.004823787323789194



REPORT for Depository of Queueing Place : I/icon_login----------------------------------------

tkOcp=0.0

------------------ Color = login --------------------
arrivCnt=277519 deptCnt=277519
arrivThrPut=0.027779697186137736 deptThrPut=0.027779697186137736
meanTkPop=0.0 tkColOcp=0.0
-----
meanST=0.0 stDevST=0.0

Steady State Statistics: numBatchesST=1387 batchSizeST=200 stDevStdStateMeanST=0.0
95% c.i. = 0.0 +/- 0.0



REPORT for Queue : ImageProvider----------------------------------------

totArrivThrPut=0.16654194679473555 totDeptThrPut=0.16654194679473555
meanTotTkPop=0.07566521758162634 queueUtil=0.06726218115485232
meanST=0.4543312903318249



REPORT for Queue of Queueing Place : A/isLoggedIn_login----------------------------------------

queueUtilQPl=0.004597029412874314

------------------ Color = login --------------------
arrivCnt=277519 deptCnt=277519
arrivThrPut=0.027779697186137736 deptThrPut=0.027779697186137736
meanTkPop=0.004616178415320148 tkColOcp=0.004597029412874314
-----
meanST=0.1661709407553821 stDevST=0.16697858869432525

Steady State Statistics: numBatchesST=693 batchSizeST=400 stDevStdStateMeanST=0.008240394350743963
95% c.i. = 0.16617036408621638 +/- 6.135210519703489E-4



REPORT for Depository of Queueing Place : A/isLoggedIn_login----------------------------------------

tkOcp=0.0

------------------ Color = login --------------------
arrivCnt=277519 deptCnt=277519
arrivThrPut=0.027779697186137736 deptThrPut=0.027779697186137736
meanTkPop=0.0 tkColOcp=0.0
-----
meanST=0.0 stDevST=0.0

Steady State Statistics: numBatchesST=1387 batchSizeST=200 stDevStdStateMeanST=0.0
95% c.i. = 0.0 +/- 0.0



REPORT for Queue : Auth----------------------------------------

totArrivThrPut=0.16654194679473555 totDeptThrPut=0.16654194679473555
meanTotTkPop=0.027162604631468565 queueUtil=0.026296401534504292
meanST=0.16309767691707555



REPORT for Queue of Queueing Place : A/isLoggedIn_category----------------------------------------

queueUtilQPl=0.0028475292088862175

------------------ Color = category --------------------
arrivCnt=277169 deptCnt=277169
arrivThrPut=0.027744662129023996 deptThrPut=0.027744662129023996
meanTkPop=0.002859685118968988 tkColOcp=0.0028475292088862175
-----
meanST=0.10307154239868865 stDevST=0.107936525823521

Steady State Statistics: numBatchesST=346 batchSizeST=800 stDevStdStateMeanST=0.0037334330521248075
95% c.i. = 0.10306400879985947 +/- 3.9338555579896697E-4



REPORT for Depository of Queueing Place : A/isLoggedIn_category----------------------------------------

tkOcp=0.0

------------------ Color = category --------------------
arrivCnt=277169 deptCnt=277169
arrivThrPut=0.027744662129023996 deptThrPut=0.027744662129023996
meanTkPop=0.0 tkColOcp=0.0
-----
meanST=0.0 stDevST=0.0

Steady State Statistics: numBatchesST=1385 batchSizeST=200 stDevStdStateMeanST=0.0
95% c.i. = 0.0 +/- 0.0



REPORT for Queue : Auth----------------------------------------

totArrivThrPut=0.16654194679473555 totDeptThrPut=0.16654194679473555
meanTotTkPop=0.027162604631468565 queueUtil=0.026296401534504292
meanST=0.16309767691707555



REPORT for Queue of Queueing Place : I/icon_logout----------------------------------------

queueUtilQPl=0.004335465735716116

------------------ Color = logout --------------------
arrivCnt=277682 deptCnt=277682
arrivThrPut=0.02779601351273642 deptThrPut=0.02779601351273642
meanTkPop=0.004386598695208354 tkColOcp=0.004335465735716116
-----
meanST=0.1578139503061606 stDevST=0.31632349211836186

Steady State Statistics: numBatchesST=694 batchSizeST=400 stDevStdStateMeanST=0.016808157173481064
95% c.i. = 0.15782509104420034 +/- 0.0012505137066310616



REPORT for Depository of Queueing Place : I/icon_logout----------------------------------------

tkOcp=0.0

------------------ Color = logout --------------------
arrivCnt=277682 deptCnt=277682
arrivThrPut=0.02779601351273642 deptThrPut=0.02779601351273642
meanTkPop=0.0 tkColOcp=0.0
-----
meanST=0.0 stDevST=0.0

Steady State Statistics: numBatchesST=1388 batchSizeST=200 stDevStdStateMeanST=0.0
95% c.i. = 0.0 +/- 0.0



REPORT for Queue : ImageProvider----------------------------------------

totArrivThrPut=0.16654194679473555 totDeptThrPut=0.16654194679473555
meanTotTkPop=0.07566521758162634 queueUtil=0.06726218115485232
meanST=0.4543312903318249



REPORT for Queue of Queueing Place : I/icon_loginAction----------------------------------------

queueUtilQPl=0.009943481837109669

------------------ Color = loginAction --------------------
arrivCnt=276992 deptCnt=276992
arrivThrPut=0.02772694440014076 deptThrPut=0.02772694440014076
meanTkPop=0.01006768055693507 tkColOcp=0.009943481837109669
-----
meanST=0.3631009754137913 stDevST=0.44273551570277686

Steady State Statistics: numBatchesST=692 batchSizeST=400 stDevStdStateMeanST=0.023808147402545166
95% c.i. = 0.3630926934038967 +/- 0.0017738653338128312



REPORT for Depository of Queueing Place : I/icon_loginAction----------------------------------------

tkOcp=0.0

------------------ Color = loginAction --------------------
arrivCnt=276992 deptCnt=276992
arrivThrPut=0.02772694440014076 deptThrPut=0.02772694440014076
meanTkPop=0.0 tkColOcp=0.0
-----
meanST=0.0 stDevST=0.0

Steady State Statistics: numBatchesST=1384 batchSizeST=200 stDevStdStateMeanST=0.0
95% c.i. = 0.0 +/- 0.0



REPORT for Queue : ImageProvider----------------------------------------

totArrivThrPut=0.16654194679473555 totDeptThrPut=0.16654194679473555
meanTotTkPop=0.07566521758162634 queueUtil=0.06726218115485232
meanST=0.4543312903318249



REPORT for Queue of Queueing Place : A/isLoggedIn_product----------------------------------------

queueUtilQPl=0.0029284438437469904

------------------ Color = product --------------------
arrivCnt=277202 deptCnt=277202
arrivThrPut=0.027747965434409005 deptThrPut=0.027747965434409005
meanTkPop=0.002938690329028219 tkColOcp=0.0029284438437469904
-----
meanST=0.10590651541550795 stDevST=0.10999409795300205

Steady State Statistics: numBatchesST=693 batchSizeST=400 stDevStdStateMeanST=0.005532472516979837
95% c.i. = 0.10590706251100306 +/- 4.119084857034868E-4



REPORT for Depository of Queueing Place : A/isLoggedIn_product----------------------------------------

tkOcp=0.0

------------------ Color = product --------------------
arrivCnt=277202 deptCnt=277202
arrivThrPut=0.027747965434409005 deptThrPut=0.027747965434409005
meanTkPop=0.0 tkColOcp=0.0
-----
meanST=0.0 stDevST=0.0

Steady State Statistics: numBatchesST=1386 batchSizeST=200 stDevStdStateMeanST=0.0
95% c.i. = 0.0 +/- 0.0



REPORT for Queue : Auth----------------------------------------

totArrivThrPut=0.16654194679473555 totDeptThrPut=0.16654194679473555
meanTotTkPop=0.027162604631468565 queueUtil=0.026296401534504292
meanST=0.16309767691707555



REPORT for Queue of Queueing Place : P/category_logout----------------------------------------

queueUtilQPl=0.01264894130630384

------------------ Color = logout --------------------
arrivCnt=277682 deptCnt=277682
arrivThrPut=0.02779601351273642 deptThrPut=0.02779601351273642
meanTkPop=0.012805773095438535 tkColOcp=0.01264894130630384
-----
meanST=0.46070538458944116 stDevST=0.45671455259340055

Steady State Statistics: numBatchesST=347 batchSizeST=800 stDevStdStateMeanST=0.016943863849786814
95% c.i. = 0.4606977692657178 +/- 0.0017827720090058897



REPORT for Depository of Queueing Place : P/category_logout----------------------------------------

tkOcp=0.0

------------------ Color = logout --------------------
arrivCnt=277682 deptCnt=277682
arrivThrPut=0.02779601351273642 deptThrPut=0.02779601351273642
meanTkPop=0.0 tkColOcp=0.0
-----
meanST=0.0 stDevST=0.0

Steady State Statistics: numBatchesST=1388 batchSizeST=200 stDevStdStateMeanST=0.0
95% c.i. = 0.0 +/- 0.0



REPORT for Queue : Persistence----------------------------------------

totArrivThrPut=0.16654194679473555 totDeptThrPut=0.16654194679473555
meanTotTkPop=0.04628913236186748 queueUtil=0.04387855246934598
meanST=0.27794278410182893



REPORT for Ordinary Place : Finish_index----------------------------------------

tkOcp=1.0

------------------ Color = index --------------------
arrivCnt=277189 deptCnt=0
arrivThrPut=0.027746664132287636 deptThrPut=0.0
meanTkPop=138995.00243760578 tkColOcp=1.0
-----
meanST=NaN stDevST=NaN

Steady State Statistics: Only 0 batches collected!
Need at least 60 for steady state statistics.



REPORT for Ordinary Place : Finish_login----------------------------------------

tkOcp=1.0

------------------ Color = login --------------------
arrivCnt=277519 deptCnt=0
arrivThrPut=0.027779697186137736 deptThrPut=0.0
meanTkPop=138985.19545786135 tkColOcp=1.0
-----
meanST=NaN stDevST=NaN

Steady State Statistics: Only 0 batches collected!
Need at least 60 for steady state statistics.



REPORT for Ordinary Place : Finish_loginAction----------------------------------------

tkOcp=1.0

------------------ Color = loginAction --------------------
arrivCnt=276992 deptCnt=0
arrivThrPut=0.02772694440014076 deptThrPut=0.0
meanTkPop=138676.26278461554 tkColOcp=1.0
-----
meanST=NaN stDevST=NaN

Steady State Statistics: Only 0 batches collected!
Need at least 60 for steady state statistics.



REPORT for Ordinary Place : Finish_category----------------------------------------

tkOcp=1.0

------------------ Color = category --------------------
arrivCnt=277169 deptCnt=0
arrivThrPut=0.027744662129023996 deptThrPut=0.0
meanTkPop=138882.0101014968 tkColOcp=1.0
-----
meanST=NaN stDevST=NaN

Steady State Statistics: Only 0 batches collected!
Need at least 60 for steady state statistics.



REPORT for Ordinary Place : Finish_product----------------------------------------

tkOcp=1.0

------------------ Color = product --------------------
arrivCnt=277202 deptCnt=0
arrivThrPut=0.027747965434409005 deptThrPut=0.0
meanTkPop=138979.98420106596 tkColOcp=1.0
-----
meanST=NaN stDevST=NaN

Steady State Statistics: Only 0 batches collected!
Need at least 60 for steady state statistics.



REPORT for Ordinary Place : Finish_logout----------------------------------------

tkOcp=1.0

------------------ Color = logout --------------------
arrivCnt=277682 deptCnt=0
arrivThrPut=0.02779601351273642 deptThrPut=0.0
meanTkPop=139256.02430487165 tkColOcp=1.0
-----
meanST=NaN stDevST=NaN

Steady State Statistics: Only 0 batches collected!
Need at least 60 for steady state statistics.



REPORT REPORT for Probe : /index----------------------------------------


------------------ Color = index --------------------
-----
meanST=1.3029190610101566 stDevST=0.7281587028267795

Steady State Statistics: numBatchesST=692 batchSizeST=400 stDevStdStateMeanST=0.03612795510506442
95% c.i. = 1.3028724959755313 +/- 0.0026917729489346603



REPORT REPORT for Probe : /login----------------------------------------


------------------ Color = login --------------------
-----
meanST=1.921941590847319 stDevST=1.2569579603062497

Steady State Statistics: numBatchesST=693 batchSizeST=400 stDevStdStateMeanST=0.0674940650593066
95% c.i. = 1.9220034543317113 +/- 0.005025127200763449



REPORT REPORT for Probe : /loginAction----------------------------------------


------------------ Color = loginAction --------------------
-----
meanST=1.2191366148397376 stDevST=0.6959091692858096

Steady State Statistics: numBatchesST=692 batchSizeST=400 stDevStdStateMeanST=0.03671254535273639
95% c.i. = 1.219117636927269 +/- 0.0027353288106023977



REPORT REPORT for Probe : /logout----------------------------------------


------------------ Color = logout --------------------
-----
meanST=1.01037402129259 stDevST=0.6234009974193904

Steady State Statistics: numBatchesST=694 batchSizeST=400 stDevStdStateMeanST=0.03300425975808854
95% c.i. = 1.0103783262063235 +/- 0.0024554910320459577



REPORT REPORT for Probe : /category----------------------------------------


------------------ Color = category --------------------
-----
meanST=0.7965278944356888 stDevST=0.5725492286511916

Steady State Statistics: numBatchesST=692 batchSizeST=400 stDevStdStateMeanST=0.03218625890321225
95% c.i. = 0.7964749053563296 +/- 0.0023980903649575554



REPORT REPORT for Probe : /product----------------------------------------


------------------ Color = product --------------------
-----
meanST=1.2068788602948373 stDevST=0.675002365343123

Steady State Statistics: numBatchesST=693 batchSizeST=400 stDevStdStateMeanST=0.03424845785213958
95% c.i. = 1.2068831658452077 +/- 0.002549896157325262



