INFO Logging to /home/yjx/workloadConfig/qpme/output/SimQPN_Output_config_2025-08-14_095923839.log
WARN Batch means correlation test was run for depository of place Workload, color 0
    However, the standard deviation of the token residence time is 0 and therefore the result of the test is ignored!
    In future runs, you should set numBMeansCorlTested to 0 to switch off the correlation test!
WARN Batch means correlation test was run for depository of place W/loginAction, color 0
    However, the standard deviation of the token residence time is 0 and therefore the result of the test is ignored!
    In future runs, you should set numBMeansCorlTested to 0 to switch off the correlation test!
WARN Batch means correlation test was run for depository of place A/login_loginAction, color 0
    However, the standard deviation of the token residence time is 0 and therefore the result of the test is ignored!
    In future runs, you should set numBMeansCorlTested to 0 to switch off the correlation test!
WARN Batch means correlation test was run for depository of place P/getUser_loginAction, color 0
    However, the standard deviation of the token residence time is 0 and therefore the result of the test is ignored!
    In future runs, you should set numBMeansCorlTested to 0 to switch off the correlation test!
WARN Batch means correlation test was run for depository of place I/icon_loginAction, color 0
    However, the standard deviation of the token residence time is 0 and therefore the result of the test is ignored!
    In future runs, you should set numBMeansCorlTested to 0 to switch off the correlation test!
WARN Batch means correlation test was run for depository of place W/login, color 0
    However, the standard deviation of the token residence time is 0 and therefore the result of the test is ignored!
    In future runs, you should set numBMeansCorlTested to 0 to switch off the correlation test!
WARN Batch means correlation test was run for depository of place P/categories_login, color 0
    However, the standard deviation of the token residence time is 0 and therefore the result of the test is ignored!
    In future runs, you should set numBMeansCorlTested to 0 to switch off the correlation test!
WARN Batch means correlation test was run for depository of place I/icon_login, color 0
    However, the standard deviation of the token residence time is 0 and therefore the result of the test is ignored!
    In future runs, you should set numBMeansCorlTested to 0 to switch off the correlation test!
WARN Batch means correlation test was run for depository of place A/isLoggedIn_login, color 0
    However, the standard deviation of the token residence time is 0 and therefore the result of the test is ignored!
    In future runs, you should set numBMeansCorlTested to 0 to switch off the correlation test!
WARN Batch means correlation test was run for depository of place W/category, color 0
    However, the standard deviation of the token residence time is 0 and therefore the result of the test is ignored!
    In future runs, you should set numBMeansCorlTested to 0 to switch off the correlation test!
WARN Batch means correlation test was run for depository of place P/category_category, color 0
    However, the standard deviation of the token residence time is 0 and therefore the result of the test is ignored!
    In future runs, you should set numBMeansCorlTested to 0 to switch off the correlation test!
WARN Batch means correlation test was run for depository of place I/productImages_category, color 0
    However, the standard deviation of the token residence time is 0 and therefore the result of the test is ignored!
    In future runs, you should set numBMeansCorlTested to 0 to switch off the correlation test!
WARN Batch means correlation test was run for depository of place A/isLoggedIn_category, color 0
    However, the standard deviation of the token residence time is 0 and therefore the result of the test is ignored!
    In future runs, you should set numBMeansCorlTested to 0 to switch off the correlation test!
WARN Batch means correlation test was run for depository of place W/product, color 0
    However, the standard deviation of the token residence time is 0 and therefore the result of the test is ignored!
    In future runs, you should set numBMeansCorlTested to 0 to switch off the correlation test!
WARN Batch means correlation test was run for depository of place P/getProduct_product, color 0
    However, the standard deviation of the token residence time is 0 and therefore the result of the test is ignored!
    In future runs, you should set numBMeansCorlTested to 0 to switch off the correlation test!
WARN Batch means correlation test was run for depository of place R/getAds_product, color 0
    However, the standard deviation of the token residence time is 0 and therefore the result of the test is ignored!
    In future runs, you should set numBMeansCorlTested to 0 to switch off the correlation test!
WARN Batch means correlation test was run for depository of place I/product_product, color 0
    However, the standard deviation of the token residence time is 0 and therefore the result of the test is ignored!
    In future runs, you should set numBMeansCorlTested to 0 to switch off the correlation test!
WARN Batch means correlation test was run for depository of place A/isLoggedIn_product, color 0
    However, the standard deviation of the token residence time is 0 and therefore the result of the test is ignored!
    In future runs, you should set numBMeansCorlTested to 0 to switch off the correlation test!
WARN Batch means correlation test was run for depository of place W/index, color 0
    However, the standard deviation of the token residence time is 0 and therefore the result of the test is ignored!
    In future runs, you should set numBMeansCorlTested to 0 to switch off the correlation test!
WARN Batch means correlation test was run for depository of place P/categories_index, color 0
    However, the standard deviation of the token residence time is 0 and therefore the result of the test is ignored!
    In future runs, you should set numBMeansCorlTested to 0 to switch off the correlation test!
WARN Batch means correlation test was run for depository of place A/isLoggedIn_index, color 0
    However, the standard deviation of the token residence time is 0 and therefore the result of the test is ignored!
    In future runs, you should set numBMeansCorlTested to 0 to switch off the correlation test!
WARN Batch means correlation test was run for depository of place I/icon_index, color 0
    However, the standard deviation of the token residence time is 0 and therefore the result of the test is ignored!
    In future runs, you should set numBMeansCorlTested to 0 to switch off the correlation test!
WARN Batch means correlation test was run for depository of place W/logout, color 0
    However, the standard deviation of the token residence time is 0 and therefore the result of the test is ignored!
    In future runs, you should set numBMeansCorlTested to 0 to switch off the correlation test!
WARN Batch means correlation test was run for depository of place A/logout_logout, color 0
    However, the standard deviation of the token residence time is 0 and therefore the result of the test is ignored!
    In future runs, you should set numBMeansCorlTested to 0 to switch off the correlation test!
WARN Batch means correlation test was run for depository of place P/category_logout, color 0
    However, the standard deviation of the token residence time is 0 and therefore the result of the test is ignored!
    In future runs, you should set numBMeansCorlTested to 0 to switch off the correlation test!
WARN Batch means correlation test was run for depository of place I/icon_logout, color 0
    However, the standard deviation of the token residence time is 0 and therefore the result of the test is ignored!
    In future runs, you should set numBMeansCorlTested to 0 to switch off the correlation test!
WARN LP-1 The simulation was stopped because of reaching max totalRunLen.
The required precision may not have been reached!
REPORT for Queue of Queueing Place : W/index----------------------------------------

queueUtilQPl=0.011542960422231316

------------------ Color = index --------------------
arrivCnt=277597 deptCnt=277597
arrivThrPut=0.027787520098546924 deptThrPut=0.027787520098546924
meanTkPop=0.011673188897524665 tkColOcp=0.011542960422231316
-----
meanST=0.42008746574456224 stDevST=0.419996228597875

Steady State Statistics: numBatchesST=693 batchSizeST=400 stDevStdStateMeanST=0.022346063978955527
95% c.i. = 0.4201275462737327 +/- 0.001663728712027934



REPORT for Depository of Queueing Place : W/index----------------------------------------

tkOcp=0.0

------------------ Color = index --------------------
arrivCnt=277597 deptCnt=277597
arrivThrPut=0.027787520098546924 deptThrPut=0.027787520098546924
meanTkPop=0.0 tkColOcp=0.0
-----
meanST=0.0 stDevST=0.0

Steady State Statistics: numBatchesST=1387 batchSizeST=200 stDevStdStateMeanST=0.0
95% c.i. = 0.0 +/- 0.0



REPORT for Queue : WebUI----------------------------------------

totArrivThrPut=0.16658437968536915 totDeptThrPut=0.16658437968536915
meanTotTkPop=0.05025122261826026 queueUtil=0.047262794032841206
meanST=0.3016562700126544



REPORT for Queue of Queueing Place : P/categories_index----------------------------------------

queueUtilQPl=0.029235054846426828

------------------ Color = index --------------------
arrivCnt=277597 deptCnt=277597
arrivThrPut=0.027787520098546924 deptThrPut=0.027787520098546924
meanTkPop=0.030418216903138263 tkColOcp=0.029235054846426828
-----
meanST=1.0946718813072098 stDevST=1.4295048050579444

Steady State Statistics: numBatchesST=693 batchSizeST=400 stDevStdStateMeanST=0.08230883433456303
95% c.i. = 1.0945612416309678 +/- 0.0061281293683275225



REPORT for Depository of Queueing Place : P/categories_index----------------------------------------

tkOcp=0.0

------------------ Color = index --------------------
arrivCnt=277597 deptCnt=277597
arrivThrPut=0.027787520098546924 deptThrPut=0.027787520098546924
meanTkPop=0.0 tkColOcp=0.0
-----
meanST=0.0 stDevST=0.0

Steady State Statistics: numBatchesST=1387 batchSizeST=200 stDevStdStateMeanST=0.0
95% c.i. = 0.0 +/- 0.0



REPORT for Queue : Persistence----------------------------------------

totArrivThrPut=0.16658437968536915 totDeptThrPut=0.16658437968536915
meanTotTkPop=0.20021799559508913 queueUtil=0.14857684328673118
meanST=1.2019013785881028



REPORT for Queue of Queueing Place : A/isLoggedIn_index----------------------------------------

queueUtilQPl=0.009044550138975462

------------------ Color = index --------------------
arrivCnt=277597 deptCnt=277597
arrivThrPut=0.027787520098546924 deptThrPut=0.027787520098546924
meanTkPop=0.009142285437101353 tkColOcp=0.009044550138975462
-----
meanST=0.32900688527363137 stDevST=0.3350703534627892

Steady State Statistics: numBatchesST=693 batchSizeST=400 stDevStdStateMeanST=0.017314903063428956
95% c.i. = 0.32902547355750084 +/- 0.0012891443164101091



REPORT for Depository of Queueing Place : A/isLoggedIn_index----------------------------------------

tkOcp=0.0

------------------ Color = index --------------------
arrivCnt=277597 deptCnt=277597
arrivThrPut=0.027787520098546924 deptThrPut=0.027787520098546924
meanTkPop=0.0 tkColOcp=0.0
-----
meanST=0.0 stDevST=0.0

Steady State Statistics: numBatchesST=1387 batchSizeST=200 stDevStdStateMeanST=0.0
95% c.i. = 0.0 +/- 0.0



REPORT for Queue : Auth----------------------------------------

totArrivThrPut=0.1665842795851516 totDeptThrPut=0.1665842795851516
meanTotTkPop=0.06018248889273978 queueUtil=0.0550626551841037
meanST=0.36127351898158416



REPORT for Queue of Queueing Place : W/login----------------------------------------

queueUtilQPl=0.003241318239301873

------------------ Color = login --------------------
arrivCnt=277271 deptCnt=277271
arrivThrPut=0.027754887427617028 deptThrPut=0.027754887427617028
meanTkPop=0.0032560565100663605 tkColOcp=0.003241318239301873
-----
meanST=0.11731470785309246 stDevST=0.15686994045938404

Steady State Statistics: numBatchesST=346 batchSizeST=800 stDevStdStateMeanST=0.005604229115717136
95% c.i. = 0.1173177750285691 +/- 5.90508187700439E-4



REPORT for Depository of Queueing Place : W/login----------------------------------------

tkOcp=0.0

------------------ Color = login --------------------
arrivCnt=277271 deptCnt=277271
arrivThrPut=0.027754887427617028 deptThrPut=0.027754887427617028
meanTkPop=0.0 tkColOcp=0.0
-----
meanST=0.0 stDevST=0.0

Steady State Statistics: numBatchesST=1386 batchSizeST=200 stDevStdStateMeanST=0.0
95% c.i. = 0.0 +/- 0.0



REPORT for Queue : WebUI----------------------------------------

totArrivThrPut=0.16658437968536915 totDeptThrPut=0.16658437968536915
meanTotTkPop=0.05025122261826026 queueUtil=0.047262794032841206
meanST=0.3016562700126544



REPORT for Queue of Queueing Place : W/loginAction----------------------------------------

queueUtilQPl=0.014372071731736229

------------------ Color = loginAction --------------------
arrivCnt=277574 deptCnt=277574
arrivThrPut=0.027785217793542667 deptThrPut=0.027785217793542667
meanTkPop=0.014588604137160899 tkColOcp=0.014372071731736229
-----
meanST=0.5250491194836456 stDevST=0.5220150003837365

Steady State Statistics: numBatchesST=693 batchSizeST=400 stDevStdStateMeanST=0.026542682618838413
95% c.i. = 0.5250484337008245 +/- 0.001976179035770859



REPORT for Depository of Queueing Place : W/loginAction----------------------------------------

tkOcp=0.0

------------------ Color = loginAction --------------------
arrivCnt=277574 deptCnt=277574
arrivThrPut=0.027785217793542667 deptThrPut=0.027785217793542667
meanTkPop=0.0 tkColOcp=0.0
-----
meanST=0.0 stDevST=0.0

Steady State Statistics: numBatchesST=1387 batchSizeST=200 stDevStdStateMeanST=0.0
95% c.i. = 0.0 +/- 0.0



REPORT for Queue : WebUI----------------------------------------

totArrivThrPut=0.16658437968536915 totDeptThrPut=0.16658437968536915
meanTotTkPop=0.05025122261826026 queueUtil=0.047262794032841206
meanST=0.3016562700126544



REPORT for Queue of Queueing Place : A/login_loginAction----------------------------------------

queueUtilQPl=0.008814708436314635

------------------ Color = loginAction --------------------
arrivCnt=277574 deptCnt=277574
arrivThrPut=0.027785217793542667 deptThrPut=0.027785217793542667
meanTkPop=0.00889242042821727 tkColOcp=0.008814708436314635
-----
meanST=0.32004141534150166 stDevST=0.32528184465133025

Steady State Statistics: numBatchesST=693 batchSizeST=400 stDevStdStateMeanST=0.016215556063914616
95% c.i. = 0.3200405195171879 +/- 0.0012072947714837072



REPORT for Depository of Queueing Place : A/login_loginAction----------------------------------------

tkOcp=0.0

------------------ Color = loginAction --------------------
arrivCnt=277574 deptCnt=277574
arrivThrPut=0.027785217793542667 deptThrPut=0.027785217793542667
meanTkPop=0.0 tkColOcp=0.0
-----
meanST=0.0 stDevST=0.0

Steady State Statistics: numBatchesST=1387 batchSizeST=200 stDevStdStateMeanST=0.0
95% c.i. = 0.0 +/- 0.0



REPORT for Queue : Auth----------------------------------------

totArrivThrPut=0.1665842795851516 totDeptThrPut=0.1665842795851516
meanTotTkPop=0.06018248889273978 queueUtil=0.0550626551841037
meanST=0.36127351898158416



REPORT for Queue of Queueing Place : W/logout----------------------------------------

queueUtilQPl=0.009557624956253246

------------------ Color = logout --------------------
arrivCnt=277510 deptCnt=277510
arrivThrPut=0.02777881137961778 deptThrPut=0.02777881137961778
meanTkPop=0.009648183467809896 tkColOcp=0.009557624956253246
-----
meanST=0.347321681117324 stDevST=0.3492683135674497

Steady State Statistics: numBatchesST=693 batchSizeST=400 stDevStdStateMeanST=0.01770992130821343
95% c.i. = 0.3473235779156223 +/- 0.0013185545604800146



REPORT for Depository of Queueing Place : W/logout----------------------------------------

tkOcp=0.0

------------------ Color = logout --------------------
arrivCnt=277510 deptCnt=277510
arrivThrPut=0.02777881137961778 deptThrPut=0.02777881137961778
meanTkPop=0.0 tkColOcp=0.0
-----
meanST=0.0 stDevST=0.0

Steady State Statistics: numBatchesST=1387 batchSizeST=200 stDevStdStateMeanST=0.0
95% c.i. = 0.0 +/- 0.0



REPORT for Queue : WebUI----------------------------------------

totArrivThrPut=0.16658437968536915 totDeptThrPut=0.16658437968536915
meanTotTkPop=0.05025122261826026 queueUtil=0.047262794032841206
meanST=0.3016562700126544



REPORT for Queue of Queueing Place : A/logout_logout----------------------------------------

queueUtilQPl=0.012182960432226407

------------------ Color = logout --------------------
arrivCnt=277510 deptCnt=277510
arrivThrPut=0.02777881137961778 deptThrPut=0.02777881137961778
meanTkPop=0.012328410429718285 tkColOcp=0.012182960432226407
-----
meanST=0.4438062615869894 stDevST=0.441531282978326

Steady State Statistics: numBatchesST=693 batchSizeST=400 stDevStdStateMeanST=0.022751678846159255
95% c.i. = 0.44381572801691827 +/- 0.0016939279051040735



REPORT for Depository of Queueing Place : A/logout_logout----------------------------------------

tkOcp=0.0

------------------ Color = logout --------------------
arrivCnt=277510 deptCnt=277510
arrivThrPut=0.02777881137961778 deptThrPut=0.02777881137961778
meanTkPop=0.0 tkColOcp=0.0
-----
meanST=0.0 stDevST=0.0

Steady State Statistics: numBatchesST=1387 batchSizeST=200 stDevStdStateMeanST=0.0
95% c.i. = 0.0 +/- 0.0



REPORT for Queue : Auth----------------------------------------

totArrivThrPut=0.1665842795851516 totDeptThrPut=0.1665842795851516
meanTotTkPop=0.06018248889273978 queueUtil=0.0550626551841037
meanST=0.36127351898158416



REPORT for Queue of Queueing Place : P/getUser_loginAction----------------------------------------

queueUtilQPl=0.03794020052861739

------------------ Color = loginAction --------------------
arrivCnt=277574 deptCnt=277574
arrivThrPut=0.027785217793542667 deptThrPut=0.027785217793542667
meanTkPop=0.03967382264392265 tkColOcp=0.03794020052861739
-----
meanST=1.4278751722847 stDevST=1.6517973341111245

Steady State Statistics: numBatchesST=693 batchSizeST=400 stDevStdStateMeanST=0.09251447984333303
95% c.i. = 1.4278263526701576 +/- 0.006887969019449527



REPORT for Depository of Queueing Place : P/getUser_loginAction----------------------------------------

tkOcp=0.0

------------------ Color = loginAction --------------------
arrivCnt=277574 deptCnt=277574
arrivThrPut=0.027785217793542667 deptThrPut=0.027785217793542667
meanTkPop=0.0 tkColOcp=0.0
-----
meanST=0.0 stDevST=0.0

Steady State Statistics: numBatchesST=1387 batchSizeST=200 stDevStdStateMeanST=0.0
95% c.i. = 0.0 +/- 0.0



REPORT for Queue : Persistence----------------------------------------

totArrivThrPut=0.16658437968536915 totDeptThrPut=0.16658437968536915
meanTotTkPop=0.20021799559508913 queueUtil=0.14857684328673118
meanST=1.2019013785881028



REPORT for Queue of Queueing Place : W/category----------------------------------------

queueUtilQPl=0.007633362624811119

------------------ Color = category --------------------
arrivCnt=277784 deptCnt=277784
arrivThrPut=0.027806238839233704 deptThrPut=0.027806238839233704
meanTkPop=0.007692618906994817 tkColOcp=0.007633362624811119
-----
meanST=0.2766508247113515 stDevST=0.2855962799936838

Steady State Statistics: numBatchesST=694 batchSizeST=400 stDevStdStateMeanST=0.01522746842372724
95% c.i. = 0.2766443768959127 +/- 0.0011329117038009506



REPORT for Depository of Queueing Place : W/category----------------------------------------

tkOcp=0.0

------------------ Color = category --------------------
arrivCnt=277784 deptCnt=277784
arrivThrPut=0.027806238839233704 deptThrPut=0.027806238839233704
meanTkPop=0.0 tkColOcp=0.0
-----
meanST=0.0 stDevST=0.0

Steady State Statistics: numBatchesST=1388 batchSizeST=200 stDevStdStateMeanST=0.0
95% c.i. = 0.0 +/- 0.0



REPORT for Queue : WebUI----------------------------------------

totArrivThrPut=0.16658437968536915 totDeptThrPut=0.16658437968536915
meanTotTkPop=0.05025122261826026 queueUtil=0.047262794032841206
meanST=0.3016562700126544



REPORT for Queue of Queueing Place : W/product----------------------------------------

queueUtilQPl=0.0033760522676636335

------------------ Color = product --------------------
arrivCnt=276440 deptCnt=276440
arrivThrPut=0.027671704146811065 deptThrPut=0.027671704146811065
meanTkPop=0.003392570698703625 tkColOcp=0.0033760522676636335
-----
meanST=0.12260071445923547 stDevST=0.16271459835289007

Steady State Statistics: numBatchesST=691 batchSizeST=400 stDevStdStateMeanST=0.008483447344165186
95% c.i. = 0.12259229464852148 +/- 6.325304479953685E-4



REPORT for Depository of Queueing Place : W/product----------------------------------------

tkOcp=0.0

------------------ Color = product --------------------
arrivCnt=276440 deptCnt=276440
arrivThrPut=0.027671704146811065 deptThrPut=0.027671704146811065
meanTkPop=0.0 tkColOcp=0.0
-----
meanST=0.0 stDevST=0.0

Steady State Statistics: numBatchesST=1382 batchSizeST=200 stDevStdStateMeanST=0.0
95% c.i. = 0.0 +/- 0.0



REPORT for Queue : WebUI----------------------------------------

totArrivThrPut=0.16658437968536915 totDeptThrPut=0.16658437968536915
meanTotTkPop=0.05025122261826026 queueUtil=0.047262794032841206
meanST=0.3016562700126544



REPORT for Queue of Queueing Place : P/category_category----------------------------------------

queueUtilQPl=0.07654002874425488

------------------ Color = category --------------------
arrivCnt=277784 deptCnt=277784
arrivThrPut=0.027806238839233704 deptThrPut=0.027806238839233704
meanTkPop=0.0827005835108852 tkColOcp=0.07654002874425488
-----
meanST=2.974173673362733 stDevST=2.923917521639346

Steady State Statistics: numBatchesST=694 batchSizeST=400 stDevStdStateMeanST=0.1685558036902513
95% c.i. = 2.973948318315392 +/- 0.012540419551730056



REPORT for Depository of Queueing Place : P/category_category----------------------------------------

tkOcp=0.0

------------------ Color = category --------------------
arrivCnt=277784 deptCnt=277783
arrivThrPut=0.027806238839233704 deptThrPut=0.027806138739016127
meanTkPop=0.0 tkColOcp=0.0
-----
meanST=0.0 stDevST=0.0

Steady State Statistics: numBatchesST=1388 batchSizeST=200 stDevStdStateMeanST=0.0
95% c.i. = 0.0 +/- 0.0



REPORT for Queue : Persistence----------------------------------------

totArrivThrPut=0.16658437968536915 totDeptThrPut=0.16658437968536915
meanTotTkPop=0.20021799559508913 queueUtil=0.14857684328673118
meanST=1.2019013785881028



REPORT for Queue of Queueing Place : P/getProduct_product----------------------------------------

queueUtilQPl=0.011201733552091349

------------------ Color = product --------------------
arrivCnt=276440 deptCnt=276440
arrivThrPut=0.027671704146811065 deptThrPut=0.027671704146811065
meanTkPop=0.01181412968602734 tkColOcp=0.011201733552091349
-----
meanST=0.4269389996130332 stDevST=1.2401195574801203

Steady State Statistics: numBatchesST=691 batchSizeST=400 stDevStdStateMeanST=0.0707199240976448
95% c.i. = 0.4269327331706822 +/- 0.005272916004181745



REPORT for Depository of Queueing Place : P/getProduct_product----------------------------------------

tkOcp=0.0

------------------ Color = product --------------------
arrivCnt=276440 deptCnt=276440
arrivThrPut=0.027671704146811065 deptThrPut=0.027671704146811065
meanTkPop=0.0 tkColOcp=0.0
-----
meanST=0.0 stDevST=0.0

Steady State Statistics: numBatchesST=1382 batchSizeST=200 stDevStdStateMeanST=0.0
95% c.i. = 0.0 +/- 0.0



REPORT for Queue : Persistence----------------------------------------

totArrivThrPut=0.16658437968536915 totDeptThrPut=0.16658437968536915
meanTotTkPop=0.20021799559508913 queueUtil=0.14857684328673118
meanST=1.2019013785881028



REPORT for Queue of Queueing Place : R/getAds_product----------------------------------------

queueUtilQPl=0.01716888761752246

------------------ Color = product --------------------
arrivCnt=276440 deptCnt=276440
arrivThrPut=0.027671704146811065 deptThrPut=0.027671704146811065
meanTkPop=0.0175725466001836 tkColOcp=0.01716888761752246
-----
meanST=0.6350366608053191 stDevST=0.6356205019022036

Steady State Statistics: numBatchesST=691 batchSizeST=400 stDevStdStateMeanST=0.03257457667042184
95% c.i. = 0.6350325780146222 +/- 0.0024287781533497556



REPORT for Depository of Queueing Place : R/getAds_product----------------------------------------

tkOcp=0.0

------------------ Color = product --------------------
arrivCnt=276440 deptCnt=276440
arrivThrPut=0.027671704146811065 deptThrPut=0.027671704146811065
meanTkPop=0.0 tkColOcp=0.0
-----
meanST=0.0 stDevST=0.0

Steady State Statistics: numBatchesST=1382 batchSizeST=200 stDevStdStateMeanST=0.0
95% c.i. = 0.0 +/- 0.0



REPORT for Queue : Recommender----------------------------------------

totArrivThrPut=0.027671704146811065 totDeptThrPut=0.027671704146811065
meanTotTkPop=0.0175725466001836 queueUtil=0.01716888761752246
meanST=0.6350366608053191



REPORT for Queue of Queueing Place : I/productImages_category----------------------------------------

queueUtilQPl=0.016600835729357503

------------------ Color = category --------------------
arrivCnt=277783 deptCnt=277783
arrivThrPut=0.027806138739016127 deptThrPut=0.027806138739016127
meanTkPop=0.01684762555393134 tkColOcp=0.016600835729357503
-----
meanST=0.6058959034931243 stDevST=0.6038578906961622

Steady State Statistics: numBatchesST=694 batchSizeST=400 stDevStdStateMeanST=0.030342364016213097
95% c.i. = 0.6058799176057886 +/- 0.002257448077278139



REPORT for Depository of Queueing Place : I/productImages_category----------------------------------------

tkOcp=0.0

------------------ Color = category --------------------
arrivCnt=277783 deptCnt=277783
arrivThrPut=0.027806138739016127 deptThrPut=0.027806138739016127
meanTkPop=0.0 tkColOcp=0.0
-----
meanST=0.0 stDevST=0.0

Steady State Statistics: numBatchesST=1388 batchSizeST=200 stDevStdStateMeanST=0.0
95% c.i. = 0.0 +/- 0.0



REPORT for Queue : ImageProvider----------------------------------------

totArrivThrPut=0.1665842795851516 totDeptThrPut=0.1665842795851516
meanTotTkPop=0.040986590561312104 queueUtil=0.03621609291188858
meanST=0.2460411670499875



REPORT for Queue of Queueing Place : I/product_product----------------------------------------

queueUtilQPl=0.0032498093764036944

------------------ Color = product --------------------
arrivCnt=276440 deptCnt=276440
arrivThrPut=0.027671704146811065 deptThrPut=0.027671704146811065
meanTkPop=0.003287650265270718 tkColOcp=0.0032498093764036944
-----
meanST=0.1188091000044026 stDevST=0.19733484858008254

Steady State Statistics: numBatchesST=345 batchSizeST=800 stDevStdStateMeanST=0.00695677447222647
95% c.i. = 0.11881625577579845 +/- 7.34085199383536E-4



REPORT for Depository of Queueing Place : I/product_product----------------------------------------

tkOcp=0.0

------------------ Color = product --------------------
arrivCnt=276440 deptCnt=276440
arrivThrPut=0.027671704146811065 deptThrPut=0.027671704146811065
meanTkPop=0.0 tkColOcp=0.0
-----
meanST=0.0 stDevST=0.0

Steady State Statistics: numBatchesST=1382 batchSizeST=200 stDevStdStateMeanST=0.0
95% c.i. = 0.0 +/- 0.0



REPORT for Queue : ImageProvider----------------------------------------

totArrivThrPut=0.1665842795851516 totDeptThrPut=0.1665842795851516
meanTotTkPop=0.040986590561312104 queueUtil=0.03621609291188858
meanST=0.2460411670499875



REPORT for Queue of Queueing Place : Workload----------------------------------------

queueUtilQPl=1.0

------------------ Color = workload --------------------
arrivCnt=1664176 deptCnt=1664175
arrivThrPut=0.16658437968536915 deptThrPut=0.1665842795851516
meanTkPop=1.0 tkColOcp=1.0
-----
meanST=6.002963930167231 stDevST=6.00192921637115

Steady State Statistics: numBatchesST=4160 batchSizeST=400 stDevStdStateMeanST=0.29444530282878284
95% c.i. = 6.003005549654985 +/- 0.008947589604834872



REPORT for Depository of Queueing Place : Workload----------------------------------------

tkOcp=0.0

------------------ Color = workload --------------------
arrivCnt=1664175 deptCnt=1664176
arrivThrPut=0.1665842795851516 deptThrPut=0.16658437968536915
meanTkPop=0.0 tkColOcp=0.0
-----
meanST=0.0 stDevST=0.0

Steady State Statistics: numBatchesST=8320 batchSizeST=200 stDevStdStateMeanST=0.0
95% c.i. = 0.0 +/- 0.0



REPORT for Queue : Workload----------------------------------------

totArrivThrPut=0.16658437968536915 totDeptThrPut=0.1665842795851516
meanTotTkPop=1.0 queueUtil=1.0
meanST=6.002963930167231



REPORT for Queue of Queueing Place : I/icon_index----------------------------------------

queueUtilQPl=0.0036773517444952616

------------------ Color = index --------------------
arrivCnt=277597 deptCnt=277597
arrivThrPut=0.027787520098546924 deptThrPut=0.027787520098546924
meanTkPop=0.0037047273592014517 tkColOcp=0.0036773517444952616
-----
meanST=0.1333234252665527 stDevST=0.18212711317829872

Steady State Statistics: numBatchesST=346 batchSizeST=800 stDevStdStateMeanST=0.006843240742772817
95% c.i. = 0.1333272183698212 +/- 7.210607570771102E-4



REPORT for Depository of Queueing Place : I/icon_index----------------------------------------

tkOcp=0.0

------------------ Color = index --------------------
arrivCnt=277597 deptCnt=277597
arrivThrPut=0.027787520098546924 deptThrPut=0.027787520098546924
meanTkPop=0.0 tkColOcp=0.0
-----
meanST=0.0 stDevST=0.0

Steady State Statistics: numBatchesST=1387 batchSizeST=200 stDevStdStateMeanST=0.0
95% c.i. = 0.0 +/- 0.0



REPORT for Queue : ImageProvider----------------------------------------

totArrivThrPut=0.1665842795851516 totDeptThrPut=0.1665842795851516
meanTotTkPop=0.040986590561312104 queueUtil=0.03621609291188858
meanST=0.2460411670499875



REPORT for Queue of Queueing Place : P/categories_login----------------------------------------

queueUtilQPl=0.011144218299123555

------------------ Color = login --------------------
arrivCnt=277271 deptCnt=277271
arrivThrPut=0.027754887427617028 deptThrPut=0.027754887427617028
meanTkPop=0.011796021482676812 tkColOcp=0.011144218299123555
-----
meanST=0.4250070015034319 stDevST=1.2615011921201644

Steady State Statistics: numBatchesST=693 batchSizeST=400 stDevStdStateMeanST=0.07019004728019212
95% c.i. = 0.42506242393155164 +/- 0.00522585082852305



REPORT for Depository of Queueing Place : P/categories_login----------------------------------------

tkOcp=0.0

------------------ Color = login --------------------
arrivCnt=277271 deptCnt=277271
arrivThrPut=0.027754887427617028 deptThrPut=0.027754887427617028
meanTkPop=0.0 tkColOcp=0.0
-----
meanST=0.0 stDevST=0.0

Steady State Statistics: numBatchesST=1386 batchSizeST=200 stDevStdStateMeanST=0.0
95% c.i. = 0.0 +/- 0.0



REPORT for Queue : Persistence----------------------------------------

totArrivThrPut=0.16658437968536915 totDeptThrPut=0.16658437968536915
meanTotTkPop=0.20021799559508913 queueUtil=0.14857684328673118
meanST=1.2019013785881028



REPORT for Queue of Queueing Place : I/icon_login----------------------------------------

queueUtilQPl=0.004274853934946555

------------------ Color = login --------------------
arrivCnt=277271 deptCnt=277271
arrivThrPut=0.027754887427617028 deptThrPut=0.027754887427617028
meanTkPop=0.004391176646475317 tkColOcp=0.004274853934946555
-----
meanST=0.15821273488956586 stDevST=0.2611146306484558

Steady State Statistics: numBatchesST=693 batchSizeST=400 stDevStdStateMeanST=0.014298787976685405
95% c.i. = 0.1582238533335872 +/- 0.0010645858763500796



REPORT for Depository of Queueing Place : I/icon_login----------------------------------------

tkOcp=0.0

------------------ Color = login --------------------
arrivCnt=277271 deptCnt=277271
arrivThrPut=0.027754887427617028 deptThrPut=0.027754887427617028
meanTkPop=0.0 tkColOcp=0.0
-----
meanST=0.0 stDevST=0.0

Steady State Statistics: numBatchesST=1386 batchSizeST=200 stDevStdStateMeanST=0.0
95% c.i. = 0.0 +/- 0.0



REPORT for Queue : ImageProvider----------------------------------------

totArrivThrPut=0.1665842795851516 totDeptThrPut=0.1665842795851516
meanTotTkPop=0.040986590561312104 queueUtil=0.03621609291188858
meanST=0.2460411670499875



REPORT for Queue of Queueing Place : A/isLoggedIn_login----------------------------------------

queueUtilQPl=0.013008695710707355

------------------ Color = login --------------------
arrivCnt=277271 deptCnt=277271
arrivThrPut=0.027754887427617028 deptThrPut=0.027754887427617028
meanTkPop=0.01332419236429123 tkColOcp=0.013008695710707355
-----
meanST=0.4800665251855145 stDevST=0.4760215701505674

Steady State Statistics: numBatchesST=693 batchSizeST=400 stDevStdStateMeanST=0.02409984295874249
95% c.i. = 0.4800583555092957 +/- 0.0017943025994906427



REPORT for Depository of Queueing Place : A/isLoggedIn_login----------------------------------------

tkOcp=0.0

------------------ Color = login --------------------
arrivCnt=277271 deptCnt=277271
arrivThrPut=0.027754887427617028 deptThrPut=0.027754887427617028
meanTkPop=0.0 tkColOcp=0.0
-----
meanST=0.0 stDevST=0.0

Steady State Statistics: numBatchesST=1386 batchSizeST=200 stDevStdStateMeanST=0.0
95% c.i. = 0.0 +/- 0.0



REPORT for Queue : Auth----------------------------------------

totArrivThrPut=0.1665842795851516 totDeptThrPut=0.1665842795851516
meanTotTkPop=0.06018248889273978 queueUtil=0.0550626551841037
meanST=0.36127351898158416



REPORT for Queue of Queueing Place : A/isLoggedIn_category----------------------------------------

queueUtilQPl=0.012358171557760063

------------------ Color = category --------------------
arrivCnt=277783 deptCnt=277783
arrivThrPut=0.027806138739016127 deptThrPut=0.027806138739016127
meanTkPop=0.012496476936675247 tkColOcp=0.012358171557760063
-----
meanST=0.44941432012424076 stDevST=0.4460471315267837

Steady State Statistics: numBatchesST=694 batchSizeST=400 stDevStdStateMeanST=0.02345069754025825
95% c.i. = 0.4494171906147668 +/- 0.0017447134984208863



REPORT for Depository of Queueing Place : A/isLoggedIn_category----------------------------------------

tkOcp=0.0

------------------ Color = category --------------------
arrivCnt=277783 deptCnt=277783
arrivThrPut=0.027806138739016127 deptThrPut=0.027806138739016127
meanTkPop=0.0 tkColOcp=0.0
-----
meanST=0.0 stDevST=0.0

Steady State Statistics: numBatchesST=1388 batchSizeST=200 stDevStdStateMeanST=0.0
95% c.i. = 0.0 +/- 0.0



REPORT for Queue : Auth----------------------------------------

totArrivThrPut=0.1665842795851516 totDeptThrPut=0.1665842795851516
meanTotTkPop=0.06018248889273978 queueUtil=0.0550626551841037
meanST=0.36127351898158416



REPORT for Queue of Queueing Place : I/icon_logout----------------------------------------

queueUtilQPl=0.0036902012856856914

------------------ Color = logout --------------------
arrivCnt=277510 deptCnt=277510
arrivThrPut=0.02777881137961778 deptThrPut=0.02777881137961778
meanTkPop=0.003730405923267733 tkColOcp=0.0036902012856856914
-----
meanST=0.13428961636583392 stDevST=0.21171225758641612

Steady State Statistics: numBatchesST=693 batchSizeST=400 stDevStdStateMeanST=0.010959813024618703
95% c.i. = 0.13429920996819125 +/- 8.159895910388479E-4



REPORT for Depository of Queueing Place : I/icon_logout----------------------------------------

tkOcp=0.0

------------------ Color = logout --------------------
arrivCnt=277510 deptCnt=277510
arrivThrPut=0.02777881137961778 deptThrPut=0.02777881137961778
meanTkPop=0.0 tkColOcp=0.0
-----
meanST=0.0 stDevST=0.0

Steady State Statistics: numBatchesST=1387 batchSizeST=200 stDevStdStateMeanST=0.0
95% c.i. = 0.0 +/- 0.0



REPORT for Queue : ImageProvider----------------------------------------

totArrivThrPut=0.1665842795851516 totDeptThrPut=0.1665842795851516
meanTotTkPop=0.040986590561312104 queueUtil=0.03621609291188858
meanST=0.2460411670499875



REPORT for Queue of Queueing Place : I/icon_loginAction----------------------------------------

queueUtilQPl=0.008928977130823879

------------------ Color = loginAction --------------------
arrivCnt=277574 deptCnt=277574
arrivThrPut=0.027785217793542667 deptThrPut=0.027785217793542667
meanTkPop=0.009025004813165545 tkColOcp=0.008928977130823879
-----
meanST=0.32481317512878993 stDevST=0.3398686395339021

Steady State Statistics: numBatchesST=693 batchSizeST=400 stDevStdStateMeanST=0.017411568099697097
95% c.i. = 0.32483899613339456 +/- 0.0012963413062889522



REPORT for Depository of Queueing Place : I/icon_loginAction----------------------------------------

tkOcp=0.0

------------------ Color = loginAction --------------------
arrivCnt=277574 deptCnt=277574
arrivThrPut=0.027785217793542667 deptThrPut=0.027785217793542667
meanTkPop=0.0 tkColOcp=0.0
-----
meanST=0.0 stDevST=0.0

Steady State Statistics: numBatchesST=1387 batchSizeST=200 stDevStdStateMeanST=0.0
95% c.i. = 0.0 +/- 0.0



REPORT for Queue : ImageProvider----------------------------------------

totArrivThrPut=0.1665842795851516 totDeptThrPut=0.1665842795851516
meanTotTkPop=0.040986590561312104 queueUtil=0.03621609291188858
meanST=0.2460411670499875



REPORT for Queue of Queueing Place : A/isLoggedIn_product----------------------------------------

queueUtilQPl=0.003943925175488413

------------------ Color = product --------------------
arrivCnt=276440 deptCnt=276440
arrivThrPut=0.027671704146811065 deptThrPut=0.027671704146811065
meanTkPop=0.003998703296736393 tkColOcp=0.003943925175488413
-----
meanST=0.14450513331312884 stDevST=0.21680044761541203

Steady State Statistics: numBatchesST=691 batchSizeST=400 stDevStdStateMeanST=0.010880956134548684
95% c.i. = 0.1445009433471373 +/- 8.112900073739196E-4



REPORT for Depository of Queueing Place : A/isLoggedIn_product----------------------------------------

tkOcp=0.0

------------------ Color = product --------------------
arrivCnt=276440 deptCnt=276440
arrivThrPut=0.027671704146811065 deptThrPut=0.027671704146811065
meanTkPop=0.0 tkColOcp=0.0
-----
meanST=0.0 stDevST=0.0

Steady State Statistics: numBatchesST=1382 batchSizeST=200 stDevStdStateMeanST=0.0
95% c.i. = 0.0 +/- 0.0



REPORT for Queue : Auth----------------------------------------

totArrivThrPut=0.1665842795851516 totDeptThrPut=0.1665842795851516
meanTotTkPop=0.06018248889273978 queueUtil=0.0550626551841037
meanST=0.36127351898158416



REPORT for Queue of Queueing Place : P/category_logout----------------------------------------

queueUtilQPl=0.022917873835501

------------------ Color = logout --------------------
arrivCnt=277510 deptCnt=277510
arrivThrPut=0.02777881137961778 deptThrPut=0.02777881137961778
meanTkPop=0.023815221368438864 tkColOcp=0.022917873835501
-----
meanST=0.8573160688190162 stDevST=1.3256850125005963

Steady State Statistics: numBatchesST=346 batchSizeST=800 stDevStdStateMeanST=0.05364202240269075
95% c.i. = 0.8569578482081982 +/- 0.005652169598984336



REPORT for Depository of Queueing Place : P/category_logout----------------------------------------

tkOcp=0.0

------------------ Color = logout --------------------
arrivCnt=277510 deptCnt=277510
arrivThrPut=0.02777881137961778 deptThrPut=0.02777881137961778
meanTkPop=0.0 tkColOcp=0.0
-----
meanST=0.0 stDevST=0.0

Steady State Statistics: numBatchesST=1387 batchSizeST=200 stDevStdStateMeanST=0.0
95% c.i. = 0.0 +/- 0.0



REPORT for Queue : Persistence----------------------------------------

totArrivThrPut=0.16658437968536915 totDeptThrPut=0.16658437968536915
meanTotTkPop=0.20021799559508913 queueUtil=0.14857684328673118
meanST=1.2019013785881028



REPORT for Ordinary Place : Finish_index----------------------------------------

tkOcp=1.0

------------------ Color = index --------------------
arrivCnt=277597 deptCnt=0
arrivThrPut=0.027787520098546924 deptThrPut=0.0
meanTkPop=139184.5300577361 tkColOcp=1.0
-----
meanST=NaN stDevST=NaN

Steady State Statistics: Only 0 batches collected!
Need at least 60 for steady state statistics.



REPORT for Ordinary Place : Finish_login----------------------------------------

tkOcp=1.0

------------------ Color = login --------------------
arrivCnt=277271 deptCnt=0
arrivThrPut=0.027754887427617028 deptThrPut=0.0
meanTkPop=138945.92709801884 tkColOcp=1.0
-----
meanST=NaN stDevST=NaN

Steady State Statistics: Only 0 batches collected!
Need at least 60 for steady state statistics.



REPORT for Ordinary Place : Finish_loginAction----------------------------------------

tkOcp=1.0

------------------ Color = loginAction --------------------
arrivCnt=277574 deptCnt=0
arrivThrPut=0.027785217793542667 deptThrPut=0.0
meanTkPop=138829.75688506145 tkColOcp=1.0
-----
meanST=NaN stDevST=NaN

Steady State Statistics: Only 0 batches collected!
Need at least 60 for steady state statistics.



REPORT for Ordinary Place : Finish_category----------------------------------------

tkOcp=1.0

------------------ Color = category --------------------
arrivCnt=277783 deptCnt=0
arrivThrPut=0.027806138739016127 deptThrPut=0.0
meanTkPop=139149.89153692313 tkColOcp=1.0
-----
meanST=NaN stDevST=NaN

Steady State Statistics: Only 0 batches collected!
Need at least 60 for steady state statistics.



REPORT for Ordinary Place : Finish_product----------------------------------------

tkOcp=1.0

------------------ Color = product --------------------
arrivCnt=276440 deptCnt=0
arrivThrPut=0.027671704146811065 deptThrPut=0.0
meanTkPop=138472.20565710345 tkColOcp=1.0
-----
meanST=NaN stDevST=NaN

Steady State Statistics: Only 0 batches collected!
Need at least 60 for steady state statistics.



REPORT for Ordinary Place : Finish_logout----------------------------------------

tkOcp=1.0000000000000002

------------------ Color = logout --------------------
arrivCnt=277510 deptCnt=0
arrivThrPut=0.02777881137961778 deptThrPut=0.0
meanTkPop=138915.4023318274 tkColOcp=1.0000000000000002
-----
meanST=NaN stDevST=NaN

Steady State Statistics: Only 0 batches collected!
Need at least 60 for steady state statistics.



REPORT REPORT for Probe : /index----------------------------------------


------------------ Color = index --------------------
-----
meanST=1.9770896575919563 stDevST=1.5631955179102797

Steady State Statistics: numBatchesST=693 batchSizeST=400 stDevStdStateMeanST=0.08892011806720636
95% c.i. = 1.9770511155313266 +/- 0.006620358450805788



REPORT REPORT for Probe : /login----------------------------------------


------------------ Color = login --------------------
-----
meanST=1.1806009694316049 stDevST=1.5272585793190967

Steady State Statistics: numBatchesST=693 batchSizeST=400 stDevStdStateMeanST=0.08372416813391723
95% c.i. = 1.1806563555414027 +/- 0.0062335050390186445



REPORT REPORT for Probe : /loginAction----------------------------------------


------------------ Color = loginAction --------------------
-----
meanST=2.597778882238637 stDevST=1.8092280730159025

Steady State Statistics: numBatchesST=693 batchSizeST=400 stDevStdStateMeanST=0.1018224642096226
95% c.i. = 2.5977543020215648 +/- 0.00758097521758299



REPORT REPORT for Probe : /logout----------------------------------------


------------------ Color = logout --------------------
-----
meanST=1.7827336278891635 stDevST=1.4947549472121826

Steady State Statistics: numBatchesST=693 batchSizeST=400 stDevStdStateMeanST=0.08436832448843036
95% c.i. = 1.782685779235141 +/- 0.006281464331672958



REPORT REPORT for Probe : /category----------------------------------------


------------------ Color = category --------------------
-----
meanST=4.306125626246574 stDevST=3.03094496650286

Steady State Statistics: numBatchesST=347 batchSizeST=800 stDevStdStateMeanST=0.12225126681374746
95% c.i. = 4.30588980343186 +/- 0.012862835683361665



REPORT REPORT for Probe : /product----------------------------------------


------------------ Color = product --------------------
-----
meanST=1.4478906081951193 stDevST=1.5168069011571264

Steady State Statistics: numBatchesST=691 batchSizeST=400 stDevStdStateMeanST=0.08522126770110533
95% c.i. = 1.4478553614387406 +/- 0.006354144070309889



