INFO Logging to /home/yjx/workloadConfig/qpme/output/SimQPN_Output_config_2025-08-14_051649990.log
WARN Batch means correlation test was run for depository of place Workload, color 0
    However, the standard deviation of the token residence time is 0 and therefore the result of the test is ignored!
    In future runs, you should set numBMeansCorlTested to 0 to switch off the correlation test!
WARN Batch means correlation test was run for depository of place W/category, color 0
    However, the standard deviation of the token residence time is 0 and therefore the result of the test is ignored!
    In future runs, you should set numBMeansCorlTested to 0 to switch off the correlation test!
WARN Batch means correlation test was run for depository of place P/category_category, color 0
    However, the standard deviation of the token residence time is 0 and therefore the result of the test is ignored!
    In future runs, you should set numBMeansCorlTested to 0 to switch off the correlation test!
WARN Batch means correlation test was run for depository of place I/productImages_category, color 0
    However, the standard deviation of the token residence time is 0 and therefore the result of the test is ignored!
    In future runs, you should set numBMeansCorlTested to 0 to switch off the correlation test!
WARN Batch means correlation test was run for depository of place A/isLoggedIn_category, color 0
    However, the standard deviation of the token residence time is 0 and therefore the result of the test is ignored!
    In future runs, you should set numBMeansCorlTested to 0 to switch off the correlation test!
WARN Batch means correlation test was run for depository of place W/index, color 0
    However, the standard deviation of the token residence time is 0 and therefore the result of the test is ignored!
    In future runs, you should set numBMeansCorlTested to 0 to switch off the correlation test!
WARN Batch means correlation test was run for depository of place P/categories_index, color 0
    However, the standard deviation of the token residence time is 0 and therefore the result of the test is ignored!
    In future runs, you should set numBMeansCorlTested to 0 to switch off the correlation test!
WARN Batch means correlation test was run for depository of place A/isLoggedIn_index, color 0
    However, the standard deviation of the token residence time is 0 and therefore the result of the test is ignored!
    In future runs, you should set numBMeansCorlTested to 0 to switch off the correlation test!
WARN Batch means correlation test was run for depository of place I/icon_index, color 0
    However, the standard deviation of the token residence time is 0 and therefore the result of the test is ignored!
    In future runs, you should set numBMeansCorlTested to 0 to switch off the correlation test!
WARN Batch means correlation test was run for depository of place A/isLoggedIn_product, color 0
    However, the standard deviation of the token residence time is 0 and therefore the result of the test is ignored!
    In future runs, you should set numBMeansCorlTested to 0 to switch off the correlation test!
WARN Batch means correlation test was run for depository of place W/product, color 0
    However, the standard deviation of the token residence time is 0 and therefore the result of the test is ignored!
    In future runs, you should set numBMeansCorlTested to 0 to switch off the correlation test!
WARN Batch means correlation test was run for depository of place P/getProduct_product, color 0
    However, the standard deviation of the token residence time is 0 and therefore the result of the test is ignored!
    In future runs, you should set numBMeansCorlTested to 0 to switch off the correlation test!
WARN Batch means correlation test was run for depository of place R/getAds_product, color 0
    However, the standard deviation of the token residence time is 0 and therefore the result of the test is ignored!
    In future runs, you should set numBMeansCorlTested to 0 to switch off the correlation test!
WARN Batch means correlation test was run for depository of place I/product_product, color 0
    However, the standard deviation of the token residence time is 0 and therefore the result of the test is ignored!
    In future runs, you should set numBMeansCorlTested to 0 to switch off the correlation test!
WARN Batch means correlation test was run for depository of place W/loginAction, color 0
    However, the standard deviation of the token residence time is 0 and therefore the result of the test is ignored!
    In future runs, you should set numBMeansCorlTested to 0 to switch off the correlation test!
WARN Batch means correlation test was run for depository of place A/login_loginAction, color 0
    However, the standard deviation of the token residence time is 0 and therefore the result of the test is ignored!
    In future runs, you should set numBMeansCorlTested to 0 to switch off the correlation test!
WARN Batch means correlation test was run for depository of place P/getUser_loginAction, color 0
    However, the standard deviation of the token residence time is 0 and therefore the result of the test is ignored!
    In future runs, you should set numBMeansCorlTested to 0 to switch off the correlation test!
WARN Batch means correlation test was run for depository of place I/icon_loginAction, color 0
    However, the standard deviation of the token residence time is 0 and therefore the result of the test is ignored!
    In future runs, you should set numBMeansCorlTested to 0 to switch off the correlation test!
WARN Batch means correlation test was run for depository of place W/logout, color 0
    However, the standard deviation of the token residence time is 0 and therefore the result of the test is ignored!
    In future runs, you should set numBMeansCorlTested to 0 to switch off the correlation test!
WARN Batch means correlation test was run for depository of place A/logout_logout, color 0
    However, the standard deviation of the token residence time is 0 and therefore the result of the test is ignored!
    In future runs, you should set numBMeansCorlTested to 0 to switch off the correlation test!
WARN Batch means correlation test was run for depository of place P/category_logout, color 0
    However, the standard deviation of the token residence time is 0 and therefore the result of the test is ignored!
    In future runs, you should set numBMeansCorlTested to 0 to switch off the correlation test!
WARN Batch means correlation test was run for depository of place I/icon_logout, color 0
    However, the standard deviation of the token residence time is 0 and therefore the result of the test is ignored!
    In future runs, you should set numBMeansCorlTested to 0 to switch off the correlation test!
WARN Batch means correlation test was run for depository of place W/login, color 0
    However, the standard deviation of the token residence time is 0 and therefore the result of the test is ignored!
    In future runs, you should set numBMeansCorlTested to 0 to switch off the correlation test!
WARN Batch means correlation test was run for depository of place P/categories_login, color 0
    However, the standard deviation of the token residence time is 0 and therefore the result of the test is ignored!
    In future runs, you should set numBMeansCorlTested to 0 to switch off the correlation test!
WARN Batch means correlation test was run for depository of place I/icon_login, color 0
    However, the standard deviation of the token residence time is 0 and therefore the result of the test is ignored!
    In future runs, you should set numBMeansCorlTested to 0 to switch off the correlation test!
WARN Batch means correlation test was run for depository of place A/isLoggedIn_login, color 0
    However, the standard deviation of the token residence time is 0 and therefore the result of the test is ignored!
    In future runs, you should set numBMeansCorlTested to 0 to switch off the correlation test!
WARN LP-1 The simulation was stopped because of reaching max totalRunLen.
The required precision may not have been reached!
REPORT for Queue of Queueing Place : W/index----------------------------------------

queueUtilQPl=0.003822656914672965

------------------ Color = index --------------------
arrivCnt=278320 deptCnt=278320
arrivThrPut=0.027859857754873898 deptThrPut=0.027859857754873898
meanTkPop=0.003853401716614309 tkColOcp=0.003822656914672965
-----
meanST=0.1383137613450371 stDevST=0.2534027005988632

Steady State Statistics: numBatchesST=695 batchSizeST=400 stDevStdStateMeanST=0.013223237152024244
95% c.i. = 0.13832213940680158 +/- 9.830904461744921E-4



REPORT for Depository of Queueing Place : W/index----------------------------------------

tkOcp=0.0

------------------ Color = index --------------------
arrivCnt=278320 deptCnt=278320
arrivThrPut=0.027859857754873898 deptThrPut=0.027859857754873898
meanTkPop=0.0 tkColOcp=0.0
-----
meanST=0.0 stDevST=0.0

Steady State Statistics: numBatchesST=1391 batchSizeST=200 stDevStdStateMeanST=0.0
95% c.i. = 0.0 +/- 0.0



REPORT for Queue : WebUI----------------------------------------

totArrivThrPut=0.16668497239089602 totDeptThrPut=0.16668497239089602
meanTotTkPop=0.06172610455144345 queueUtil=0.055981728859868934
meanST=0.370315953898282



REPORT for Queue of Queueing Place : P/categories_index----------------------------------------

queueUtilQPl=0.027231159554096357

------------------ Color = index --------------------
arrivCnt=278320 deptCnt=278320
arrivThrPut=0.027859857754873898 deptThrPut=0.027859857754873898
meanTkPop=0.028012476954158674 tkColOcp=0.027231159554096357
-----
meanST=1.005478104038707 stDevST=0.9943396557956656

Steady State Statistics: numBatchesST=695 batchSizeST=400 stDevStdStateMeanST=0.05511626722012715
95% c.i. = 1.0054833709570499 +/- 0.004097655899986084



REPORT for Depository of Queueing Place : P/categories_index----------------------------------------

tkOcp=0.0

------------------ Color = index --------------------
arrivCnt=278320 deptCnt=278320
arrivThrPut=0.027859857754873898 deptThrPut=0.027859857754873898
meanTkPop=0.0 tkColOcp=0.0
-----
meanST=0.0 stDevST=0.0

Steady State Statistics: numBatchesST=1391 batchSizeST=200 stDevStdStateMeanST=0.0
95% c.i. = 0.0 +/- 0.0



REPORT for Queue : Persistence----------------------------------------

totArrivThrPut=0.16668497239089602 totDeptThrPut=0.16668497239089602
meanTotTkPop=0.07631603780634906 queueUtil=0.06913532619586032
meanST=0.45784593962903214



REPORT for Queue of Queueing Place : A/isLoggedIn_index----------------------------------------

queueUtilQPl=0.0035984571239267714

------------------ Color = index --------------------
arrivCnt=278320 deptCnt=278320
arrivThrPut=0.027859857754873898 deptThrPut=0.027859857754873898
meanTkPop=0.0036183194067828895 tkColOcp=0.0035984571239267714
-----
meanST=0.12987573154963034 stDevST=0.19266033030088592

Steady State Statistics: numBatchesST=347 batchSizeST=800 stDevStdStateMeanST=0.007115777749633955
95% c.i. = 0.12989211539499937 +/- 7.486963721391061E-4



REPORT for Depository of Queueing Place : A/isLoggedIn_index----------------------------------------

tkOcp=0.0

------------------ Color = index --------------------
arrivCnt=278320 deptCnt=278320
arrivThrPut=0.027859857754873898 deptThrPut=0.027859857754873898
meanTkPop=0.0 tkColOcp=0.0
-----
meanST=0.0 stDevST=0.0

Steady State Statistics: numBatchesST=1391 batchSizeST=200 stDevStdStateMeanST=0.0
95% c.i. = 0.0 +/- 0.0



REPORT for Queue : Auth----------------------------------------

totArrivThrPut=0.16668497239089602 totDeptThrPut=0.16668497239089602
meanTotTkPop=0.057687433986062096 queueUtil=0.05262427811783246
meanST=0.3460865917221273



REPORT for Queue of Queueing Place : W/login----------------------------------------

queueUtilQPl=0.02561950478074498

------------------ Color = login --------------------
arrivCnt=278155 deptCnt=278155
arrivThrPut=0.02784334123960531 deptThrPut=0.02784334123960531
meanTkPop=0.026281049291603333 tkColOcp=0.02561950478074498
-----
meanST=0.9438899256178451 stDevST=0.9359126309720558

Steady State Statistics: numBatchesST=695 batchSizeST=400 stDevStdStateMeanST=0.0479403233635997
95% c.i. = 0.9438757769364017 +/- 0.0035641555349444774



REPORT for Depository of Queueing Place : W/login----------------------------------------

tkOcp=0.0

------------------ Color = login --------------------
arrivCnt=278155 deptCnt=278155
arrivThrPut=0.02784334123960531 deptThrPut=0.02784334123960531
meanTkPop=0.0 tkColOcp=0.0
-----
meanST=0.0 stDevST=0.0

Steady State Statistics: numBatchesST=1390 batchSizeST=200 stDevStdStateMeanST=0.0
95% c.i. = 0.0 +/- 0.0



REPORT for Queue : WebUI----------------------------------------

totArrivThrPut=0.16668497239089602 totDeptThrPut=0.16668497239089602
meanTotTkPop=0.06172610455144345 queueUtil=0.055981728859868934
meanST=0.370315953898282



REPORT for Queue of Queueing Place : W/loginAction----------------------------------------

queueUtilQPl=0.004096308235966935

------------------ Color = loginAction --------------------
arrivCnt=277837 deptCnt=277837
arrivThrPut=0.027811509410178566 deptThrPut=0.027811509410178566
meanTkPop=0.0041314982662770715 tkColOcp=0.004096308235966935
-----
meanST=0.14855354325950426 stDevST=0.25936071724610693

Steady State Statistics: numBatchesST=694 batchSizeST=400 stDevStdStateMeanST=0.013023714388404719
95% c.i. = 0.14854897153783378 +/- 9.689541325591544E-4



REPORT for Depository of Queueing Place : W/loginAction----------------------------------------

tkOcp=0.0

------------------ Color = loginAction --------------------
arrivCnt=277837 deptCnt=277837
arrivThrPut=0.027811509410178566 deptThrPut=0.027811509410178566
meanTkPop=0.0 tkColOcp=0.0
-----
meanST=0.0 stDevST=0.0

Steady State Statistics: numBatchesST=1389 batchSizeST=200 stDevStdStateMeanST=0.0
95% c.i. = 0.0 +/- 0.0



REPORT for Queue : WebUI----------------------------------------

totArrivThrPut=0.16668497239089602 totDeptThrPut=0.16668497239089602
meanTotTkPop=0.06172610455144345 queueUtil=0.055981728859868934
meanST=0.370315953898282



REPORT for Queue of Queueing Place : A/login_loginAction----------------------------------------

queueUtilQPl=0.012048001112860942

------------------ Color = loginAction --------------------
arrivCnt=277837 deptCnt=277837
arrivThrPut=0.027811509410178566 deptThrPut=0.027811509410178566
meanTkPop=0.012203521836308897 tkColOcp=0.012048001112860942
-----
meanST=0.4387939416133453 stDevST=0.4437383930253171

Steady State Statistics: numBatchesST=347 batchSizeST=800 stDevStdStateMeanST=0.016573254085616298
95% c.i. = 0.4388145828709619 +/- 0.0017437777914127294



REPORT for Depository of Queueing Place : A/login_loginAction----------------------------------------

tkOcp=0.0

------------------ Color = loginAction --------------------
arrivCnt=277837 deptCnt=277837
arrivThrPut=0.027811509410178566 deptThrPut=0.027811509410178566
meanTkPop=0.0 tkColOcp=0.0
-----
meanST=0.0 stDevST=0.0

Steady State Statistics: numBatchesST=1389 batchSizeST=200 stDevStdStateMeanST=0.0
95% c.i. = 0.0 +/- 0.0



REPORT for Queue : Auth----------------------------------------

totArrivThrPut=0.16668497239089602 totDeptThrPut=0.16668497239089602
meanTotTkPop=0.057687433986062096 queueUtil=0.05262427811783246
meanST=0.3460865917221273



REPORT for Queue of Queueing Place : W/logout----------------------------------------

queueUtilQPl=0.01128016721905823

------------------ Color = logout --------------------
arrivCnt=277340 deptCnt=277340
arrivThrPut=0.027761759664187723 deptThrPut=0.027761759664187723
meanTkPop=0.011420147754192372 tkColOcp=0.01128016721905823
-----
meanST=0.4113625322145628 stDevST=0.4408177639236916

Steady State Statistics: numBatchesST=693 batchSizeST=400 stDevStdStateMeanST=0.023543551799588093
95% c.i. = 0.41135167269795686 +/- 0.001752885123258404



REPORT for Depository of Queueing Place : W/logout----------------------------------------

tkOcp=0.0

------------------ Color = logout --------------------
arrivCnt=277340 deptCnt=277340
arrivThrPut=0.027761759664187723 deptThrPut=0.027761759664187723
meanTkPop=0.0 tkColOcp=0.0
-----
meanST=0.0 stDevST=0.0

Steady State Statistics: numBatchesST=1386 batchSizeST=200 stDevStdStateMeanST=0.0
95% c.i. = 0.0 +/- 0.0



REPORT for Queue : WebUI----------------------------------------

totArrivThrPut=0.16668497239089602 totDeptThrPut=0.16668497239089602
meanTotTkPop=0.06172610455144345 queueUtil=0.055981728859868934
meanST=0.370315953898282



REPORT for Queue of Queueing Place : A/logout_logout----------------------------------------

queueUtilQPl=0.0055972653475536245

------------------ Color = logout --------------------
arrivCnt=277340 deptCnt=277340
arrivThrPut=0.027761759664187723 deptThrPut=0.027761759664187723
meanTkPop=0.005639636518677297 tkColOcp=0.0055972653475536245
-----
meanST=0.2031440581179135 stDevST=0.23972593719310856

Steady State Statistics: numBatchesST=693 batchSizeST=400 stDevStdStateMeanST=0.012693982792577718
95% c.i. = 0.2031576338681101 +/- 9.451035163010939E-4



REPORT for Depository of Queueing Place : A/logout_logout----------------------------------------

tkOcp=0.0

------------------ Color = logout --------------------
arrivCnt=277340 deptCnt=277340
arrivThrPut=0.027761759664187723 deptThrPut=0.027761759664187723
meanTkPop=0.0 tkColOcp=0.0
-----
meanST=0.0 stDevST=0.0

Steady State Statistics: numBatchesST=1386 batchSizeST=200 stDevStdStateMeanST=0.0
95% c.i. = 0.0 +/- 0.0



REPORT for Queue : Auth----------------------------------------

totArrivThrPut=0.16668497239089602 totDeptThrPut=0.16668497239089602
meanTotTkPop=0.057687433986062096 queueUtil=0.05262427811783246
meanST=0.3460865917221273



REPORT for Queue of Queueing Place : P/getUser_loginAction----------------------------------------

queueUtilQPl=0.015270969324980765

------------------ Color = loginAction --------------------
arrivCnt=277837 deptCnt=277837
arrivThrPut=0.027811509410178566 deptThrPut=0.027811509410178566
meanTkPop=0.015526932255969654 tkColOcp=0.015270969324980765
-----
meanST=0.5582916060746794 stDevST=0.5778889513465829

Steady State Statistics: numBatchesST=694 batchSizeST=400 stDevStdStateMeanST=0.030723466645839984
95% c.i. = 0.5582958888428988 +/- 0.002285801813922955



REPORT for Depository of Queueing Place : P/getUser_loginAction----------------------------------------

tkOcp=0.0

------------------ Color = loginAction --------------------
arrivCnt=277837 deptCnt=277837
arrivThrPut=0.027811509410178566 deptThrPut=0.027811509410178566
meanTkPop=0.0 tkColOcp=0.0
-----
meanST=0.0 stDevST=0.0

Steady State Statistics: numBatchesST=1389 batchSizeST=200 stDevStdStateMeanST=0.0
95% c.i. = 0.0 +/- 0.0



REPORT for Queue : Persistence----------------------------------------

totArrivThrPut=0.16668497239089602 totDeptThrPut=0.16668497239089602
meanTotTkPop=0.07631603780634906 queueUtil=0.06913532619586032
meanST=0.45784593962903214



REPORT for Queue of Queueing Place : W/category----------------------------------------

queueUtilQPl=0.01192679886022616

------------------ Color = category --------------------
arrivCnt=276992 deptCnt=276992
arrivThrPut=0.027726924831984877 deptThrPut=0.027726924831984877
meanTkPop=0.012086063251912452 tkColOcp=0.01192679886022616
-----
meanST=0.4358962750160582 stDevST=0.4637329478484984

Steady State Statistics: numBatchesST=692 batchSizeST=400 stDevStdStateMeanST=0.023244054091490936
95% c.i. = 0.4358836996128375 +/- 0.0017318366302519726



REPORT for Depository of Queueing Place : W/category----------------------------------------

tkOcp=0.0

------------------ Color = category --------------------
arrivCnt=276992 deptCnt=276992
arrivThrPut=0.027726924831984877 deptThrPut=0.027726924831984877
meanTkPop=0.0 tkColOcp=0.0
-----
meanST=0.0 stDevST=0.0

Steady State Statistics: numBatchesST=1384 batchSizeST=200 stDevStdStateMeanST=0.0
95% c.i. = 0.0 +/- 0.0



REPORT for Queue : WebUI----------------------------------------

totArrivThrPut=0.16668497239089602 totDeptThrPut=0.16668497239089602
meanTotTkPop=0.06172610455144345 queueUtil=0.055981728859868934
meanST=0.370315953898282



REPORT for Queue of Queueing Place : W/product----------------------------------------

queueUtilQPl=0.003921132219694077

------------------ Color = product --------------------
arrivCnt=276539 deptCnt=276539
arrivThrPut=0.027681579490065653 deptThrPut=0.027681579490065653
meanTkPop=0.00395394427084391 tkColOcp=0.003921132219694077
-----
meanST=0.142836656855614 stDevST=0.25760878432156853

Steady State Statistics: numBatchesST=691 batchSizeST=400 stDevStdStateMeanST=0.013097588620651128
95% c.i. = 0.1428450098141789 +/- 9.765633311294806E-4



REPORT for Depository of Queueing Place : W/product----------------------------------------

tkOcp=0.0

------------------ Color = product --------------------
arrivCnt=276539 deptCnt=276539
arrivThrPut=0.027681579490065653 deptThrPut=0.027681579490065653
meanTkPop=0.0 tkColOcp=0.0
-----
meanST=0.0 stDevST=0.0

Steady State Statistics: numBatchesST=1382 batchSizeST=200 stDevStdStateMeanST=0.0
95% c.i. = 0.0 +/- 0.0



REPORT for Queue : WebUI----------------------------------------

totArrivThrPut=0.16668497239089602 totDeptThrPut=0.16668497239089602
meanTotTkPop=0.06172610455144345 queueUtil=0.055981728859868934
meanST=0.370315953898282



REPORT for Queue of Queueing Place : P/category_category----------------------------------------

queueUtilQPl=0.00631439979008687

------------------ Color = category --------------------
arrivCnt=276992 deptCnt=276992
arrivThrPut=0.027726924831984877 deptThrPut=0.027726924831984877
meanTkPop=0.006372850870798498 tkColOcp=0.00631439979008687
-----
meanST=0.22984340706427658 stDevST=0.3070868337537893

Steady State Statistics: numBatchesST=692 batchSizeST=400 stDevStdStateMeanST=0.015891184921135282
95% c.i. = 0.22983740262070154 +/- 0.0011839989717888587



REPORT for Depository of Queueing Place : P/category_category----------------------------------------

tkOcp=0.0

------------------ Color = category --------------------
arrivCnt=276992 deptCnt=276992
arrivThrPut=0.027726924831984877 deptThrPut=0.027726924831984877
meanTkPop=0.0 tkColOcp=0.0
-----
meanST=0.0 stDevST=0.0

Steady State Statistics: numBatchesST=1384 batchSizeST=200 stDevStdStateMeanST=0.0
95% c.i. = 0.0 +/- 0.0



REPORT for Queue : Persistence----------------------------------------

totArrivThrPut=0.16668497239089602 totDeptThrPut=0.16668497239089602
meanTotTkPop=0.07631603780634906 queueUtil=0.06913532619586032
meanST=0.45784593962903214



REPORT for Queue of Queueing Place : P/getProduct_product----------------------------------------

queueUtilQPl=0.010118161346987519

------------------ Color = product --------------------
arrivCnt=276539 deptCnt=276539
arrivThrPut=0.027681579490065653 deptThrPut=0.027681579490065653
meanTkPop=0.010247278773640858 tkColOcp=0.010118161346987519
-----
meanST=0.3701840343799166 stDevST=0.41736891252508224

Steady State Statistics: numBatchesST=691 batchSizeST=400 stDevStdStateMeanST=0.02218248903843151
95% c.i. = 0.3701952881561829 +/- 0.0016539384474145242



REPORT for Depository of Queueing Place : P/getProduct_product----------------------------------------

tkOcp=0.0

------------------ Color = product --------------------
arrivCnt=276539 deptCnt=276539
arrivThrPut=0.027681579490065653 deptThrPut=0.027681579490065653
meanTkPop=0.0 tkColOcp=0.0
-----
meanST=0.0 stDevST=0.0

Steady State Statistics: numBatchesST=1382 batchSizeST=200 stDevStdStateMeanST=0.0
95% c.i. = 0.0 +/- 0.0



REPORT for Queue : Persistence----------------------------------------

totArrivThrPut=0.16668497239089602 totDeptThrPut=0.16668497239089602
meanTotTkPop=0.07631603780634906 queueUtil=0.06913532619586032
meanST=0.45784593962903214



REPORT for Queue of Queueing Place : R/getAds_product----------------------------------------

queueUtilQPl=0.0028643633450943767

------------------ Color = product --------------------
arrivCnt=276539 deptCnt=276539
arrivThrPut=0.027681579490065653 deptThrPut=0.027681579490065653
meanTkPop=0.00287343325976468 tkColOcp=0.0028643633450943767
-----
meanST=0.10380308178570141 stDevST=0.10422616337690804

Steady State Statistics: numBatchesST=691 batchSizeST=400 stDevStdStateMeanST=0.005101840138981486
95% c.i. = 0.10380590086090441 +/- 3.803959755735683E-4



REPORT for Depository of Queueing Place : R/getAds_product----------------------------------------

tkOcp=0.0

------------------ Color = product --------------------
arrivCnt=276539 deptCnt=276539
arrivThrPut=0.027681579490065653 deptThrPut=0.027681579490065653
meanTkPop=0.0 tkColOcp=0.0
-----
meanST=0.0 stDevST=0.0

Steady State Statistics: numBatchesST=1382 batchSizeST=200 stDevStdStateMeanST=0.0
95% c.i. = 0.0 +/- 0.0



REPORT for Queue : Recommender----------------------------------------

totArrivThrPut=0.027681579490065653 totDeptThrPut=0.027681579490065653
meanTotTkPop=0.00287343325976468 queueUtil=0.0028643633450943767
meanST=0.10380308178570141



REPORT for Queue of Queueing Place : I/productImages_category----------------------------------------

queueUtilQPl=0.006249842870557287

------------------ Color = category --------------------
arrivCnt=276992 deptCnt=276992
arrivThrPut=0.027726924831984877 deptThrPut=0.027726924831984877
meanTkPop=0.006434877644015522 tkColOcp=0.006249842870557287
-----
meanST=0.23208046629795948 stDevST=0.6384003975882612

Steady State Statistics: numBatchesST=692 batchSizeST=400 stDevStdStateMeanST=0.035512215551531355
95% c.i. = 0.23210267399787432 +/- 0.002645896256800566



REPORT for Depository of Queueing Place : I/productImages_category----------------------------------------

tkOcp=0.0

------------------ Color = category --------------------
arrivCnt=276992 deptCnt=276992
arrivThrPut=0.027726924831984877 deptThrPut=0.027726924831984877
meanTkPop=0.0 tkColOcp=0.0
-----
meanST=0.0 stDevST=0.0

Steady State Statistics: numBatchesST=1384 batchSizeST=200 stDevStdStateMeanST=0.0
95% c.i. = 0.0 +/- 0.0



REPORT for Queue : ImageProvider----------------------------------------

totArrivThrPut=0.16668497239089602 totDeptThrPut=0.16668497239089602
meanTotTkPop=0.11232062538460182 queueUtil=0.09255533673257786
meanST=0.6738497404624852



REPORT for Queue of Queueing Place : I/product_product----------------------------------------

queueUtilQPl=0.05057820184536169

------------------ Color = product --------------------
arrivCnt=276539 deptCnt=276539
arrivThrPut=0.027681579490065653 deptThrPut=0.027681579490065653
meanTkPop=0.05329038724356023 tkColOcp=0.05057820184536169
-----
meanST=1.9251209008028263 stDevST=1.9131516544109874

Steady State Statistics: numBatchesST=691 batchSizeST=400 stDevStdStateMeanST=0.10654677079256168
95% c.i. = 1.9250590225932978 +/- 0.007944185179416682



REPORT for Depository of Queueing Place : I/product_product----------------------------------------

tkOcp=0.0

------------------ Color = product --------------------
arrivCnt=276539 deptCnt=276539
arrivThrPut=0.027681579490065653 deptThrPut=0.027681579490065653
meanTkPop=0.0 tkColOcp=0.0
-----
meanST=0.0 stDevST=0.0

Steady State Statistics: numBatchesST=1382 batchSizeST=200 stDevStdStateMeanST=0.0
95% c.i. = 0.0 +/- 0.0



REPORT for Queue : ImageProvider----------------------------------------

totArrivThrPut=0.16668497239089602 totDeptThrPut=0.16668497239089602
meanTotTkPop=0.11232062538460182 queueUtil=0.09255533673257786
meanST=0.6738497404624852



REPORT for Queue of Queueing Place : Workload----------------------------------------

queueUtilQPl=1.0000000000000002

------------------ Color = workload --------------------
arrivCnt=1665183 deptCnt=1665184
arrivThrPut=0.16668497239089602 deptThrPut=0.16668507249098857
meanTkPop=1.0000000000000002 tkColOcp=1.0000000000000002
-----
meanST=5.999339870230361 stDevST=5.999791528074082

Steady State Statistics: numBatchesST=4162 batchSizeST=400 stDevStdStateMeanST=0.3014749081996398
95% c.i. = 5.9994566161769445 +/- 0.009159003493489155



REPORT for Depository of Queueing Place : Workload----------------------------------------

tkOcp=0.0

------------------ Color = workload --------------------
arrivCnt=1665184 deptCnt=1665183
arrivThrPut=0.16668507249098857 deptThrPut=0.16668497239089602
meanTkPop=0.0 tkColOcp=0.0
-----
meanST=0.0 stDevST=0.0

Steady State Statistics: numBatchesST=8325 batchSizeST=200 stDevStdStateMeanST=0.0
95% c.i. = 0.0 +/- 0.0



REPORT for Queue : Workload----------------------------------------

totArrivThrPut=0.16668497239089602 totDeptThrPut=0.16668507249098857
meanTotTkPop=1.0000000000000002 queueUtil=1.0000000000000002
meanST=5.999339870230361



REPORT for Queue of Queueing Place : I/icon_index----------------------------------------

queueUtilQPl=0.005947344324130289

------------------ Color = index --------------------
arrivCnt=278320 deptCnt=278320
arrivThrPut=0.027859857754873898 deptThrPut=0.027859857754873898
meanTkPop=0.006088114508104208 tkColOcp=0.005947344324130289
-----
meanST=0.2185264031737252 stDevST=0.6085480383265455

Steady State Statistics: numBatchesST=695 batchSizeST=400 stDevStdStateMeanST=0.03377039298162533
95% c.i. = 0.21852324967183437 +/- 0.0025106825448344733



REPORT for Depository of Queueing Place : I/icon_index----------------------------------------

tkOcp=0.0

------------------ Color = index --------------------
arrivCnt=278320 deptCnt=278320
arrivThrPut=0.027859857754873898 deptThrPut=0.027859857754873898
meanTkPop=0.0 tkColOcp=0.0
-----
meanST=0.0 stDevST=0.0

Steady State Statistics: numBatchesST=1391 batchSizeST=200 stDevStdStateMeanST=0.0
95% c.i. = 0.0 +/- 0.0



REPORT for Queue : ImageProvider----------------------------------------

totArrivThrPut=0.16668497239089602 totDeptThrPut=0.16668497239089602
meanTotTkPop=0.11232062538460182 queueUtil=0.09255533673257786
meanST=0.6738497404624852



REPORT for Queue of Queueing Place : P/categories_login----------------------------------------

queueUtilQPl=0.00983270936461307

------------------ Color = login --------------------
arrivCnt=278155 deptCnt=278155
arrivThrPut=0.02784334123960531 deptThrPut=0.02784334123960531
meanTkPop=0.009931653232886677 tkColOcp=0.00983270936461307
-----
meanST=0.3566976085025155 stDevST=0.38610248177578677

Steady State Statistics: numBatchesST=347 batchSizeST=800 stDevStdStateMeanST=0.014197063931020397
95% c.i. = 0.356700912594917 +/- 0.0014937636663439513



REPORT for Depository of Queueing Place : P/categories_login----------------------------------------

tkOcp=0.0

------------------ Color = login --------------------
arrivCnt=278155 deptCnt=278155
arrivThrPut=0.02784334123960531 deptThrPut=0.02784334123960531
meanTkPop=0.0 tkColOcp=0.0
-----
meanST=0.0 stDevST=0.0

Steady State Statistics: numBatchesST=1390 batchSizeST=200 stDevStdStateMeanST=0.0
95% c.i. = 0.0 +/- 0.0



REPORT for Queue : Persistence----------------------------------------

totArrivThrPut=0.16668497239089602 totDeptThrPut=0.16668497239089602
meanTotTkPop=0.07631603780634906 queueUtil=0.06913532619586032
meanST=0.45784593962903214



REPORT for Queue of Queueing Place : I/icon_login----------------------------------------

queueUtilQPl=0.018715869434324742

------------------ Color = login --------------------
arrivCnt=278155 deptCnt=278155
arrivThrPut=0.02784334123960531 deptThrPut=0.02784334123960531
meanTkPop=0.01913334241516086 tkColOcp=0.018715869434324742
-----
meanST=0.6871783903558583 stDevST=0.8092874319822306

Steady State Statistics: numBatchesST=695 batchSizeST=400 stDevStdStateMeanST=0.043697354682689475
95% c.i. = 0.6871702604759339 +/- 0.0032487091789830036



REPORT for Depository of Queueing Place : I/icon_login----------------------------------------

tkOcp=0.0

------------------ Color = login --------------------
arrivCnt=278155 deptCnt=278155
arrivThrPut=0.02784334123960531 deptThrPut=0.02784334123960531
meanTkPop=0.0 tkColOcp=0.0
-----
meanST=0.0 stDevST=0.0

Steady State Statistics: numBatchesST=1390 batchSizeST=200 stDevStdStateMeanST=0.0
95% c.i. = 0.0 +/- 0.0



REPORT for Queue : ImageProvider----------------------------------------

totArrivThrPut=0.16668497239089602 totDeptThrPut=0.16668497239089602
meanTotTkPop=0.11232062538460182 queueUtil=0.09255533673257786
meanST=0.6738497404624852



REPORT for Queue of Queueing Place : A/isLoggedIn_login----------------------------------------

queueUtilQPl=0.01800194867360912

------------------ Color = login --------------------
arrivCnt=278155 deptCnt=278155
arrivThrPut=0.02784334123960531 deptThrPut=0.02784334123960531
meanTkPop=0.01833748137272905 tkColOcp=0.01800194867360912
-----
meanST=0.6585948581000474 stDevST=0.6522763870244468

Steady State Statistics: numBatchesST=695 batchSizeST=400 stDevStdStateMeanST=0.03478422802075635
95% c.i. = 0.6586087770556539 +/- 0.0025860567916628358



REPORT for Depository of Queueing Place : A/isLoggedIn_login----------------------------------------

tkOcp=0.0

------------------ Color = login --------------------
arrivCnt=278155 deptCnt=278155
arrivThrPut=0.02784334123960531 deptThrPut=0.02784334123960531
meanTkPop=0.0 tkColOcp=0.0
-----
meanST=0.0 stDevST=0.0

Steady State Statistics: numBatchesST=1390 batchSizeST=200 stDevStdStateMeanST=0.0
95% c.i. = 0.0 +/- 0.0



REPORT for Queue : Auth----------------------------------------

totArrivThrPut=0.16668497239089602 totDeptThrPut=0.16668497239089602
meanTotTkPop=0.057687433986062096 queueUtil=0.05262427811783246
meanST=0.3460865917221273



REPORT for Queue of Queueing Place : A/isLoggedIn_category----------------------------------------

queueUtilQPl=0.0041668393624326545

------------------ Color = category --------------------
arrivCnt=276992 deptCnt=276992
arrivThrPut=0.027726924831984877 deptThrPut=0.027726924831984877
meanTkPop=0.004235160016432813 tkColOcp=0.0041668393624326545
-----
meanST=0.15274539250552843 stDevST=0.26152191476339726

Steady State Statistics: numBatchesST=692 batchSizeST=400 stDevStdStateMeanST=0.013499678544423738
95% c.i. = 0.1527547245003329 +/- 0.0010058158403795064



REPORT for Depository of Queueing Place : A/isLoggedIn_category----------------------------------------

tkOcp=0.0

------------------ Color = category --------------------
arrivCnt=276992 deptCnt=276992
arrivThrPut=0.027726924831984877 deptThrPut=0.027726924831984877
meanTkPop=0.0 tkColOcp=0.0
-----
meanST=0.0 stDevST=0.0

Steady State Statistics: numBatchesST=1384 batchSizeST=200 stDevStdStateMeanST=0.0
95% c.i. = 0.0 +/- 0.0



REPORT for Queue : Auth----------------------------------------

totArrivThrPut=0.16668497239089602 totDeptThrPut=0.16668497239089602
meanTotTkPop=0.057687433986062096 queueUtil=0.05262427811783246
meanST=0.3460865917221273



REPORT for Queue of Queueing Place : I/icon_logout----------------------------------------

queueUtilQPl=0.007957381949288312

------------------ Color = logout --------------------
arrivCnt=277340 deptCnt=277340
arrivThrPut=0.027761759664187723 deptThrPut=0.027761759664187723
meanTkPop=0.008165130578531653 tkColOcp=0.007957381949288312
-----
meanST=0.2941143024541256 stDevST=0.6567420846727086

Steady State Statistics: numBatchesST=346 batchSizeST=800 stDevStdStateMeanST=0.025044698763034532
95% c.i. = 0.2940819693435605 +/- 0.0026389177481318028



REPORT for Depository of Queueing Place : I/icon_logout----------------------------------------

tkOcp=0.0

------------------ Color = logout --------------------
arrivCnt=277340 deptCnt=277340
arrivThrPut=0.027761759664187723 deptThrPut=0.027761759664187723
meanTkPop=0.0 tkColOcp=0.0
-----
meanST=0.0 stDevST=0.0

Steady State Statistics: numBatchesST=1386 batchSizeST=200 stDevStdStateMeanST=0.0
95% c.i. = 0.0 +/- 0.0



REPORT for Queue : ImageProvider----------------------------------------

totArrivThrPut=0.16668497239089602 totDeptThrPut=0.16668497239089602
meanTotTkPop=0.11232062538460182 queueUtil=0.09255533673257786
meanST=0.6738497404624852



REPORT for Queue of Queueing Place : I/icon_loginAction----------------------------------------

queueUtilQPl=0.018752998652334277

------------------ Color = loginAction --------------------
arrivCnt=277837 deptCnt=277837
arrivThrPut=0.027811509410178566 deptThrPut=0.027811509410178566
meanTkPop=0.019208772995229346 tkColOcp=0.018752998652334277
-----
meanST=0.6906771118362688 stDevST=0.8463943849948892

Steady State Statistics: numBatchesST=694 batchSizeST=400 stDevStdStateMeanST=0.04578908506905433
95% c.i. = 0.6907072061110477 +/- 0.0034066720046674395



REPORT for Depository of Queueing Place : I/icon_loginAction----------------------------------------

tkOcp=0.0

------------------ Color = loginAction --------------------
arrivCnt=277837 deptCnt=277837
arrivThrPut=0.027811509410178566 deptThrPut=0.027811509410178566
meanTkPop=0.0 tkColOcp=0.0
-----
meanST=0.0 stDevST=0.0

Steady State Statistics: numBatchesST=1389 batchSizeST=200 stDevStdStateMeanST=0.0
95% c.i. = 0.0 +/- 0.0



REPORT for Queue : ImageProvider----------------------------------------

totArrivThrPut=0.16668497239089602 totDeptThrPut=0.16668497239089602
meanTotTkPop=0.11232062538460182 queueUtil=0.09255533673257786
meanST=0.6738497404624852



REPORT for Queue of Queueing Place : A/isLoggedIn_product----------------------------------------

queueUtilQPl=0.013484946401691098

------------------ Color = product --------------------
arrivCnt=276539 deptCnt=276539
arrivThrPut=0.027681579490065653 deptThrPut=0.027681579490065653
meanTkPop=0.013653314835131145 tkColOcp=0.013484946401691098
-----
meanST=0.49322744896226156 stDevST=0.4937299864072756

Steady State Statistics: numBatchesST=691 batchSizeST=400 stDevStdStateMeanST=0.024881895966830783
95% c.i. = 0.4932313114707997 +/- 0.0018552076961612098



REPORT for Depository of Queueing Place : A/isLoggedIn_product----------------------------------------

tkOcp=0.0

------------------ Color = product --------------------
arrivCnt=276539 deptCnt=276540
arrivThrPut=0.027681579490065653 deptThrPut=0.02768167959015819
meanTkPop=0.0 tkColOcp=0.0
-----
meanST=0.0 stDevST=0.0

Steady State Statistics: numBatchesST=1382 batchSizeST=200 stDevStdStateMeanST=0.0
95% c.i. = 0.0 +/- 0.0



REPORT for Queue : Auth----------------------------------------

totArrivThrPut=0.16668497239089602 totDeptThrPut=0.16668497239089602
meanTotTkPop=0.057687433986062096 queueUtil=0.05262427811783246
meanST=0.3460865917221273



REPORT for Queue of Queueing Place : P/category_logout----------------------------------------

queueUtilQPl=0.006167761036317858

------------------ Color = logout --------------------
arrivCnt=277340 deptCnt=277340
arrivThrPut=0.027761759664187723 deptThrPut=0.027761759664187723
meanTkPop=0.006224845718894704 tkColOcp=0.006167761036317858
-----
meanST=0.22422374497120465 stDevST=0.3140146427088452

Steady State Statistics: numBatchesST=693 batchSizeST=400 stDevStdStateMeanST=0.017046643989132068
95% c.i. = 0.22422657681169628 +/- 0.0012691716570375196



REPORT for Depository of Queueing Place : P/category_logout----------------------------------------

tkOcp=0.0

------------------ Color = logout --------------------
arrivCnt=277340 deptCnt=277340
arrivThrPut=0.027761759664187723 deptThrPut=0.027761759664187723
meanTkPop=0.0 tkColOcp=0.0
-----
meanST=0.0 stDevST=0.0

Steady State Statistics: numBatchesST=1386 batchSizeST=200 stDevStdStateMeanST=0.0
95% c.i. = 0.0 +/- 0.0



REPORT for Queue : Persistence----------------------------------------

totArrivThrPut=0.16668497239089602 totDeptThrPut=0.16668497239089602
meanTotTkPop=0.07631603780634906 queueUtil=0.06913532619586032
meanST=0.45784593962903214



REPORT for Ordinary Place : Finish_index----------------------------------------

tkOcp=1.0

------------------ Color = index --------------------
arrivCnt=278320 deptCnt=0
arrivThrPut=0.027859857754873898 deptThrPut=0.0
meanTkPop=139378.08679291248 tkColOcp=1.0
-----
meanST=NaN stDevST=NaN

Steady State Statistics: Only 0 batches collected!
Need at least 60 for steady state statistics.



REPORT for Ordinary Place : Finish_login----------------------------------------

tkOcp=1.0000000000000002

------------------ Color = login --------------------
arrivCnt=278155 deptCnt=0
arrivThrPut=0.02784334123960531 deptThrPut=0.0
meanTkPop=139241.96799492268 tkColOcp=1.0000000000000002
-----
meanST=NaN stDevST=NaN

Steady State Statistics: Only 0 batches collected!
Need at least 60 for steady state statistics.



REPORT for Ordinary Place : Finish_loginAction----------------------------------------

tkOcp=1.0

------------------ Color = loginAction --------------------
arrivCnt=277837 deptCnt=0
arrivThrPut=0.027811509410178566 deptThrPut=0.0
meanTkPop=139482.78985146494 tkColOcp=1.0
-----
meanST=NaN stDevST=NaN

Steady State Statistics: Only 0 batches collected!
Need at least 60 for steady state statistics.



REPORT for Ordinary Place : Finish_category----------------------------------------

tkOcp=1.0

------------------ Color = category --------------------
arrivCnt=276992 deptCnt=0
arrivThrPut=0.027726924831984877 deptThrPut=0.0
meanTkPop=138808.08576396105 tkColOcp=1.0
-----
meanST=NaN stDevST=NaN

Steady State Statistics: Only 0 batches collected!
Need at least 60 for steady state statistics.



REPORT for Ordinary Place : Finish_product----------------------------------------

tkOcp=1.0000000000000002

------------------ Color = product --------------------
arrivCnt=276540 deptCnt=0
arrivThrPut=0.02768167959015819 deptThrPut=0.0
meanTkPop=138610.8540106009 tkColOcp=1.0000000000000002
-----
meanST=NaN stDevST=NaN

Steady State Statistics: Only 0 batches collected!
Need at least 60 for steady state statistics.



REPORT for Ordinary Place : Finish_logout----------------------------------------

tkOcp=1.0

------------------ Color = logout --------------------
arrivCnt=277340 deptCnt=0
arrivThrPut=0.027761759664187723 deptThrPut=0.0
meanTkPop=138843.43047971808 tkColOcp=1.0
-----
meanST=NaN stDevST=NaN

Steady State Statistics: Only 0 batches collected!
Need at least 60 for steady state statistics.



REPORT REPORT for Probe : /index----------------------------------------


------------------ Color = index --------------------
-----
meanST=1.4921940001070995 stDevST=1.20562981582439

Steady State Statistics: numBatchesST=695 batchSizeST=400 stDevStdStateMeanST=0.06501702107316366
95% c.i. = 1.4922081547751718 +/- 0.004833734094073036



REPORT REPORT for Probe : /login----------------------------------------


------------------ Color = login --------------------
-----
meanST=2.646360782576266 stDevST=1.4335520058251292

Steady State Statistics: numBatchesST=347 batchSizeST=800 stDevStdStateMeanST=0.0542957824728698
95% c.i. = 2.6463562403824072 +/- 0.00571280565388412



REPORT REPORT for Probe : /loginAction----------------------------------------


------------------ Color = loginAction --------------------
-----
meanST=1.8363162027837976 stDevST=1.150011859572388

Steady State Statistics: numBatchesST=694 batchSizeST=400 stDevStdStateMeanST=0.061889917015433914
95% c.i. = 1.8363666493627429 +/- 0.004604561269344098



REPORT REPORT for Probe : /logout----------------------------------------


------------------ Color = logout --------------------
-----
meanST=1.1328446377578065 stDevST=0.9011227892955186

Steady State Statistics: numBatchesST=346 batchSizeST=800 stDevStdStateMeanST=0.03271115722924086
95% c.i. = 1.1328390908020907 +/- 0.0034467195709130764



REPORT REPORT for Probe : /category----------------------------------------


------------------ Color = category --------------------
-----
meanST=1.0505655408838226 stDevST=0.9417058738148497

Steady State Statistics: numBatchesST=692 batchSizeST=400 stDevStdStateMeanST=0.05006186056907274
95% c.i. = 1.0505785007317452 +/- 0.003729941582945522



REPORT REPORT for Probe : /product----------------------------------------


------------------ Color = product --------------------
-----
meanST=3.0351756394231955 stDevST=2.0431754011883223

Steady State Statistics: numBatchesST=691 batchSizeST=400 stDevStdStateMeanST=0.11266157216579148
95% c.i. = 3.035144782229414 +/- 0.008400108095549589



