INFO Logging to /home/yjx/workloadConfig/qpme/output/SimQPN_Output_config_2025-08-14_084409471.log
WARN Batch means correlation test was run for depository of place Workload, color 0
    However, the standard deviation of the token residence time is 0 and therefore the result of the test is ignored!
    In future runs, you should set numBMeansCorlTested to 0 to switch off the correlation test!
WARN Batch means correlation test was run for depository of place R/getAds_product, color 0
    However, the standard deviation of the token residence time is 0 and therefore the result of the test is ignored!
    In future runs, you should set numBMeansCorlTested to 0 to switch off the correlation test!
WARN Batch means correlation test was run for depository of place I/product_product, color 0
    However, the standard deviation of the token residence time is 0 and therefore the result of the test is ignored!
    In future runs, you should set numBMeansCorlTested to 0 to switch off the correlation test!
WARN Batch means correlation test was run for depository of place A/isLoggedIn_product, color 0
    However, the standard deviation of the token residence time is 0 and therefore the result of the test is ignored!
    In future runs, you should set numBMeansCorlTested to 0 to switch off the correlation test!
WARN Batch means correlation test was run for depository of place W/product, color 0
    However, the standard deviation of the token residence time is 0 and therefore the result of the test is ignored!
    In future runs, you should set numBMeansCorlTested to 0 to switch off the correlation test!
WARN Batch means correlation test was run for depository of place P/getProduct_product, color 0
    However, the standard deviation of the token residence time is 0 and therefore the result of the test is ignored!
    In future runs, you should set numBMeansCorlTested to 0 to switch off the correlation test!
WARN Batch means correlation test was run for depository of place W/category, color 0
    However, the standard deviation of the token residence time is 0 and therefore the result of the test is ignored!
    In future runs, you should set numBMeansCorlTested to 0 to switch off the correlation test!
WARN Batch means correlation test was run for depository of place P/category_category, color 0
    However, the standard deviation of the token residence time is 0 and therefore the result of the test is ignored!
    In future runs, you should set numBMeansCorlTested to 0 to switch off the correlation test!
WARN Batch means correlation test was run for depository of place I/productImages_category, color 0
    However, the standard deviation of the token residence time is 0 and therefore the result of the test is ignored!
    In future runs, you should set numBMeansCorlTested to 0 to switch off the correlation test!
WARN Batch means correlation test was run for depository of place A/isLoggedIn_category, color 0
    However, the standard deviation of the token residence time is 0 and therefore the result of the test is ignored!
    In future runs, you should set numBMeansCorlTested to 0 to switch off the correlation test!
WARN Batch means correlation test was run for depository of place W/logout, color 0
    However, the standard deviation of the token residence time is 0 and therefore the result of the test is ignored!
    In future runs, you should set numBMeansCorlTested to 0 to switch off the correlation test!
WARN Batch means correlation test was run for depository of place A/logout_logout, color 0
    However, the standard deviation of the token residence time is 0 and therefore the result of the test is ignored!
    In future runs, you should set numBMeansCorlTested to 0 to switch off the correlation test!
WARN Batch means correlation test was run for depository of place P/category_logout, color 0
    However, the standard deviation of the token residence time is 0 and therefore the result of the test is ignored!
    In future runs, you should set numBMeansCorlTested to 0 to switch off the correlation test!
WARN Batch means correlation test was run for depository of place I/icon_logout, color 0
    However, the standard deviation of the token residence time is 0 and therefore the result of the test is ignored!
    In future runs, you should set numBMeansCorlTested to 0 to switch off the correlation test!
WARN Batch means correlation test was run for depository of place W/login, color 0
    However, the standard deviation of the token residence time is 0 and therefore the result of the test is ignored!
    In future runs, you should set numBMeansCorlTested to 0 to switch off the correlation test!
WARN Batch means correlation test was run for depository of place P/categories_login, color 0
    However, the standard deviation of the token residence time is 0 and therefore the result of the test is ignored!
    In future runs, you should set numBMeansCorlTested to 0 to switch off the correlation test!
WARN Batch means correlation test was run for depository of place I/icon_login, color 0
    However, the standard deviation of the token residence time is 0 and therefore the result of the test is ignored!
    In future runs, you should set numBMeansCorlTested to 0 to switch off the correlation test!
WARN Batch means correlation test was run for depository of place A/isLoggedIn_login, color 0
    However, the standard deviation of the token residence time is 0 and therefore the result of the test is ignored!
    In future runs, you should set numBMeansCorlTested to 0 to switch off the correlation test!
WARN Batch means correlation test was run for depository of place W/loginAction, color 0
    However, the standard deviation of the token residence time is 0 and therefore the result of the test is ignored!
    In future runs, you should set numBMeansCorlTested to 0 to switch off the correlation test!
WARN Batch means correlation test was run for depository of place A/login_loginAction, color 0
    However, the standard deviation of the token residence time is 0 and therefore the result of the test is ignored!
    In future runs, you should set numBMeansCorlTested to 0 to switch off the correlation test!
WARN Batch means correlation test was run for depository of place P/getUser_loginAction, color 0
    However, the standard deviation of the token residence time is 0 and therefore the result of the test is ignored!
    In future runs, you should set numBMeansCorlTested to 0 to switch off the correlation test!
WARN Batch means correlation test was run for depository of place I/icon_loginAction, color 0
    However, the standard deviation of the token residence time is 0 and therefore the result of the test is ignored!
    In future runs, you should set numBMeansCorlTested to 0 to switch off the correlation test!
WARN Batch means correlation test was run for depository of place W/index, color 0
    However, the standard deviation of the token residence time is 0 and therefore the result of the test is ignored!
    In future runs, you should set numBMeansCorlTested to 0 to switch off the correlation test!
WARN Batch means correlation test was run for depository of place P/categories_index, color 0
    However, the standard deviation of the token residence time is 0 and therefore the result of the test is ignored!
    In future runs, you should set numBMeansCorlTested to 0 to switch off the correlation test!
WARN Batch means correlation test was run for depository of place A/isLoggedIn_index, color 0
    However, the standard deviation of the token residence time is 0 and therefore the result of the test is ignored!
    In future runs, you should set numBMeansCorlTested to 0 to switch off the correlation test!
WARN Batch means correlation test was run for depository of place I/icon_index, color 0
    However, the standard deviation of the token residence time is 0 and therefore the result of the test is ignored!
    In future runs, you should set numBMeansCorlTested to 0 to switch off the correlation test!
WARN LP-1 The simulation was stopped because of reaching max totalRunLen.
The required precision may not have been reached!
REPORT for Queue of Queueing Place : W/index----------------------------------------

queueUtilQPl=0.014654555525650124

------------------ Color = index --------------------
arrivCnt=277442 deptCnt=277442
arrivThrPut=0.027771940475833912 deptThrPut=0.027771940475833912
meanTkPop=0.016048734348770646 tkColOcp=0.014654555525650124
-----
meanST=0.5778758730501977 stDevST=1.936274145373091

Steady State Statistics: numBatchesST=693 batchSizeST=400 stDevStdStateMeanST=0.11457926545544755
95% c.i. = 0.5779104020123156 +/- 0.008530755748342247



REPORT for Depository of Queueing Place : W/index----------------------------------------

tkOcp=0.0

------------------ Color = index --------------------
arrivCnt=277442 deptCnt=277442
arrivThrPut=0.027771940475833912 deptThrPut=0.027771940475833912
meanTkPop=0.0 tkColOcp=0.0
-----
meanST=0.0 stDevST=0.0

Steady State Statistics: numBatchesST=1387 batchSizeST=200 stDevStdStateMeanST=0.0
95% c.i. = 0.0 +/- 0.0



REPORT for Queue : WebUI----------------------------------------

totArrivThrPut=0.16663834955410411 totDeptThrPut=0.16663834955410411
meanTotTkPop=0.22397610790403333 queueUtil=0.1445184637945818
meanST=1.3440850110635114



REPORT for Queue of Queueing Place : P/categories_index----------------------------------------

queueUtilQPl=0.004664043628429509

------------------ Color = index --------------------
arrivCnt=277442 deptCnt=277442
arrivThrPut=0.027771940475833912 deptThrPut=0.027771940475833912
meanTkPop=0.0048402500495543 tkColOcp=0.004664043628429509
-----
meanST=0.17428562666573844 stDevST=0.336846167366075

Steady State Statistics: numBatchesST=693 batchSizeST=400 stDevStdStateMeanST=0.018345239843442003
95% c.i. = 0.17429042514857485 +/- 0.0013658558520783354



REPORT for Depository of Queueing Place : P/categories_index----------------------------------------

tkOcp=0.0

------------------ Color = index --------------------
arrivCnt=277442 deptCnt=277442
arrivThrPut=0.027771940475833912 deptThrPut=0.027771940475833912
meanTkPop=0.0 tkColOcp=0.0
-----
meanST=0.0 stDevST=0.0

Steady State Statistics: numBatchesST=1387 batchSizeST=200 stDevStdStateMeanST=0.0
95% c.i. = 0.0 +/- 0.0



REPORT for Queue : Persistence----------------------------------------

totArrivThrPut=0.16663834955410414 totDeptThrPut=0.16663834955410414
meanTotTkPop=0.05861698436698483 queueUtil=0.047926436625189583
meanST=0.35176167145098297



REPORT for Queue of Queueing Place : A/isLoggedIn_index----------------------------------------

queueUtilQPl=0.0031628217995879077

------------------ Color = index --------------------
arrivCnt=277442 deptCnt=277442
arrivThrPut=0.027771940475833912 deptThrPut=0.027771940475833912
meanTkPop=0.0031929096236862978 tkColOcp=0.0031628217995879077
-----
meanST=0.11496890634864518 stDevST=0.12982135580492168

Steady State Statistics: numBatchesST=693 batchSizeST=400 stDevStdStateMeanST=0.006834123447869599
95% c.i. = 0.11497256730720462 +/- 5.088201399795437E-4



REPORT for Depository of Queueing Place : A/isLoggedIn_index----------------------------------------

tkOcp=0.0

------------------ Color = index --------------------
arrivCnt=277442 deptCnt=277442
arrivThrPut=0.027771940475833912 deptThrPut=0.027771940475833912
meanTkPop=0.0 tkColOcp=0.0
-----
meanST=0.0 stDevST=0.0

Steady State Statistics: numBatchesST=1387 batchSizeST=200 stDevStdStateMeanST=0.0
95% c.i. = 0.0 +/- 0.0



REPORT for Queue : Auth----------------------------------------

totArrivThrPut=0.1666384496540907 totDeptThrPut=0.1666384496540907
meanTotTkPop=0.026910885183936365 queueUtil=0.025542774906669372
meanST=0.1614926521447972



REPORT for Queue of Queueing Place : W/login----------------------------------------

queueUtilQPl=0.015429067371306459

------------------ Color = login --------------------
arrivCnt=277271 deptCnt=277271
arrivThrPut=0.027754823378129286 deptThrPut=0.027754823378129286
meanTkPop=0.016829549792721134 tkColOcp=0.015429067371306459
-----
meanST=0.6063648672317897 stDevST=1.9330172060683743

Steady State Statistics: numBatchesST=693 batchSizeST=400 stDevStdStateMeanST=0.11540678595800308
95% c.i. = 0.6063991173345507 +/- 0.008592367029021922



REPORT for Depository of Queueing Place : W/login----------------------------------------

tkOcp=0.0

------------------ Color = login --------------------
arrivCnt=277271 deptCnt=277271
arrivThrPut=0.027754823378129286 deptThrPut=0.027754823378129286
meanTkPop=0.0 tkColOcp=0.0
-----
meanST=0.0 stDevST=0.0

Steady State Statistics: numBatchesST=1386 batchSizeST=200 stDevStdStateMeanST=0.0
95% c.i. = 0.0 +/- 0.0



REPORT for Queue : WebUI----------------------------------------

totArrivThrPut=0.16663834955410411 totDeptThrPut=0.16663834955410411
meanTotTkPop=0.22397610790403333 queueUtil=0.1445184637945818
meanST=1.3440850110635114



REPORT for Queue of Queueing Place : W/loginAction----------------------------------------

queueUtilQPl=0.022109658005873185

------------------ Color = loginAction --------------------
arrivCnt=277762 deptCnt=277762
arrivThrPut=0.02780397247153848 deptThrPut=0.02780397247153848
meanTkPop=0.02366975836601947 tkColOcp=0.022109658005873185
-----
meanST=0.8513085096113155 stDevST=1.9559255721015352

Steady State Statistics: numBatchesST=694 batchSizeST=400 stDevStdStateMeanST=0.11458201057837257
95% c.i. = 0.8513710984914372 +/- 0.008524811690104203



REPORT for Depository of Queueing Place : W/loginAction----------------------------------------

tkOcp=0.0

------------------ Color = loginAction --------------------
arrivCnt=277762 deptCnt=277762
arrivThrPut=0.02780397247153848 deptThrPut=0.02780397247153848
meanTkPop=0.0 tkColOcp=0.0
-----
meanST=0.0 stDevST=0.0

Steady State Statistics: numBatchesST=1388 batchSizeST=200 stDevStdStateMeanST=0.0
95% c.i. = 0.0 +/- 0.0



REPORT for Queue : WebUI----------------------------------------

totArrivThrPut=0.16663834955410411 totDeptThrPut=0.16663834955410411
meanTotTkPop=0.22397610790403333 queueUtil=0.1445184637945818
meanST=1.3440850110635114



REPORT for Queue of Queueing Place : A/login_loginAction----------------------------------------

queueUtilQPl=0.0030173700968906887

------------------ Color = loginAction --------------------
arrivCnt=277762 deptCnt=277762
arrivThrPut=0.02780397247153848 deptThrPut=0.02780397247153848
meanTkPop=0.003034756330353166 tkColOcp=0.0030173700968906887
-----
meanST=0.10914830006610358 stDevST=0.1204796153003351

Steady State Statistics: numBatchesST=694 batchSizeST=400 stDevStdStateMeanST=0.006295750766816368
95% c.i. = 0.10914676605442816 +/- 4.683989176313943E-4



REPORT for Depository of Queueing Place : A/login_loginAction----------------------------------------

tkOcp=0.0

------------------ Color = loginAction --------------------
arrivCnt=277762 deptCnt=277762
arrivThrPut=0.02780397247153848 deptThrPut=0.02780397247153848
meanTkPop=0.0 tkColOcp=0.0
-----
meanST=0.0 stDevST=0.0

Steady State Statistics: numBatchesST=1388 batchSizeST=200 stDevStdStateMeanST=0.0
95% c.i. = 0.0 +/- 0.0



REPORT for Queue : Auth----------------------------------------

totArrivThrPut=0.1666384496540907 totDeptThrPut=0.1666384496540907
meanTotTkPop=0.026910885183936365 queueUtil=0.025542774906669372
meanST=0.1614926521447972



REPORT for Queue of Queueing Place : W/logout----------------------------------------

queueUtilQPl=0.10520779090422623

------------------ Color = logout --------------------
arrivCnt=277725 deptCnt=277725
arrivThrPut=0.02780026877203514 deptThrPut=0.02780026877203514
meanTkPop=0.11760959487647668 tkColOcp=0.10520779090422623
-----
meanST=4.230520065862909 stDevST=4.207784771337096

Steady State Statistics: numBatchesST=694 batchSizeST=400 stDevStdStateMeanST=0.25939226753009453
95% c.i. = 4.230280861403558 +/- 0.01929858119439009



REPORT for Depository of Queueing Place : W/logout----------------------------------------

tkOcp=0.0

------------------ Color = logout --------------------
arrivCnt=277725 deptCnt=277725
arrivThrPut=0.02780026877203514 deptThrPut=0.02780026877203514
meanTkPop=0.0 tkColOcp=0.0
-----
meanST=0.0 stDevST=0.0

Steady State Statistics: numBatchesST=1388 batchSizeST=200 stDevStdStateMeanST=0.0
95% c.i. = 0.0 +/- 0.0



REPORT for Queue : WebUI----------------------------------------

totArrivThrPut=0.16663834955410411 totDeptThrPut=0.16663834955410411
meanTotTkPop=0.22397610790403333 queueUtil=0.1445184637945818
meanST=1.3440850110635114



REPORT for Queue of Queueing Place : A/logout_logout----------------------------------------

queueUtilQPl=0.002691892936639991

------------------ Color = logout --------------------
arrivCnt=277725 deptCnt=277725
arrivThrPut=0.02780026877203514 deptThrPut=0.02780026877203514
meanTkPop=0.0026971140683479124 tkColOcp=0.002691892936639991
-----
meanST=0.09701755369577558 stDevST=0.1017796193715438

Steady State Statistics: numBatchesST=694 batchSizeST=400 stDevStdStateMeanST=0.005408914249429126
95% c.i. = 0.09702150432284243 +/- 4.0241897651783657E-4



REPORT for Depository of Queueing Place : A/logout_logout----------------------------------------

tkOcp=0.0

------------------ Color = logout --------------------
arrivCnt=277725 deptCnt=277725
arrivThrPut=0.02780026877203514 deptThrPut=0.02780026877203514
meanTkPop=0.0 tkColOcp=0.0
-----
meanST=0.0 stDevST=0.0

Steady State Statistics: numBatchesST=1388 batchSizeST=200 stDevStdStateMeanST=0.0
95% c.i. = 0.0 +/- 0.0



REPORT for Queue : Auth----------------------------------------

totArrivThrPut=0.1666384496540907 totDeptThrPut=0.1666384496540907
meanTotTkPop=0.026910885183936365 queueUtil=0.025542774906669372
meanST=0.1614926521447972



REPORT for Queue of Queueing Place : P/getUser_loginAction----------------------------------------

queueUtilQPl=0.005040699014346059

------------------ Color = loginAction --------------------
arrivCnt=277762 deptCnt=277762
arrivThrPut=0.02780397247153848 deptThrPut=0.02780397247153848
meanTkPop=0.005200138696483852 tkColOcp=0.005040699014346059
-----
meanST=0.18702862340289578 stDevST=0.3434726194755167

Steady State Statistics: numBatchesST=694 batchSizeST=400 stDevStdStateMeanST=0.01914787417796653
95% c.i. = 0.187020530484757 +/- 0.0014245868161069225



REPORT for Depository of Queueing Place : P/getUser_loginAction----------------------------------------

tkOcp=0.0

------------------ Color = loginAction --------------------
arrivCnt=277762 deptCnt=277762
arrivThrPut=0.02780397247153848 deptThrPut=0.02780397247153848
meanTkPop=0.0 tkColOcp=0.0
-----
meanST=0.0 stDevST=0.0

Steady State Statistics: numBatchesST=1388 batchSizeST=200 stDevStdStateMeanST=0.0
95% c.i. = 0.0 +/- 0.0



REPORT for Queue : Persistence----------------------------------------

totArrivThrPut=0.16663834955410414 totDeptThrPut=0.16663834955410414
meanTotTkPop=0.05861698436698483 queueUtil=0.047926436625189583
meanST=0.35176167145098297



REPORT for Queue of Queueing Place : W/category----------------------------------------

queueUtilQPl=0.022616726743200154

------------------ Color = category --------------------
arrivCnt=277330 deptCnt=277330
arrivThrPut=0.027760729277337314 deptThrPut=0.027760729277337314
meanTkPop=0.024250435864491982 tkColOcp=0.022616726743200154
-----
meanST=0.8735518300770654 stDevST=1.9709222407338263

Steady State Statistics: numBatchesST=693 batchSizeST=400 stDevStdStateMeanST=0.11965253918849934
95% c.i. = 0.8734928614537161 +/- 0.00890847556430645



REPORT for Depository of Queueing Place : W/category----------------------------------------

tkOcp=0.0

------------------ Color = category --------------------
arrivCnt=277330 deptCnt=277330
arrivThrPut=0.027760729277337314 deptThrPut=0.027760729277337314
meanTkPop=0.0 tkColOcp=0.0
-----
meanST=0.0 stDevST=0.0

Steady State Statistics: numBatchesST=1386 batchSizeST=200 stDevStdStateMeanST=0.0
95% c.i. = 0.0 +/- 0.0



REPORT for Queue : WebUI----------------------------------------

totArrivThrPut=0.16663834955410411 totDeptThrPut=0.16663834955410411
meanTotTkPop=0.22397610790403333 queueUtil=0.1445184637945818
meanST=1.3440850110635114



REPORT for Queue of Queueing Place : W/product----------------------------------------

queueUtilQPl=0.02383755572231572

------------------ Color = product --------------------
arrivCnt=277189 deptCnt=277189
arrivThrPut=0.02774661517922999 deptThrPut=0.02774661517922999
meanTkPop=0.025568034655553403 tkColOcp=0.02383755572231572
-----
meanST=0.9214830165912495 stDevST=1.9850708064901477

Steady State Statistics: numBatchesST=692 batchSizeST=400 stDevStdStateMeanST=0.11897329702846982
95% c.i. = 0.9217459331613956 +/- 0.008864301941681469



REPORT for Depository of Queueing Place : W/product----------------------------------------

tkOcp=0.0

------------------ Color = product --------------------
arrivCnt=277189 deptCnt=277189
arrivThrPut=0.02774661517922999 deptThrPut=0.02774661517922999
meanTkPop=0.0 tkColOcp=0.0
-----
meanST=0.0 stDevST=0.0

Steady State Statistics: numBatchesST=1385 batchSizeST=200 stDevStdStateMeanST=0.0
95% c.i. = 0.0 +/- 0.0



REPORT for Queue : WebUI----------------------------------------

totArrivThrPut=0.16663834955410411 totDeptThrPut=0.16663834955410411
meanTotTkPop=0.22397610790403333 queueUtil=0.1445184637945818
meanST=1.3440850110635114



REPORT for Queue of Queueing Place : P/category_category----------------------------------------

queueUtilQPl=0.011042740144875489

------------------ Color = category --------------------
arrivCnt=277330 deptCnt=277330
arrivThrPut=0.027760729277337314 deptThrPut=0.027760729277337314
meanTkPop=0.011306751308697589 tkColOcp=0.011042740144875489
-----
meanST=0.4072930215823956 stDevST=0.4574092562695537

Steady State Statistics: numBatchesST=693 batchSizeST=400 stDevStdStateMeanST=0.024629912225467537
95% c.i. = 0.4073109396874236 +/- 0.001833767780439045



REPORT for Depository of Queueing Place : P/category_category----------------------------------------

tkOcp=0.0

------------------ Color = category --------------------
arrivCnt=277330 deptCnt=277330
arrivThrPut=0.027760729277337314 deptThrPut=0.027760729277337314
meanTkPop=0.0 tkColOcp=0.0
-----
meanST=0.0 stDevST=0.0

Steady State Statistics: numBatchesST=1386 batchSizeST=200 stDevStdStateMeanST=0.0
95% c.i. = 0.0 +/- 0.0



REPORT for Queue : Persistence----------------------------------------

totArrivThrPut=0.16663834955410414 totDeptThrPut=0.16663834955410414
meanTotTkPop=0.05861698436698483 queueUtil=0.047926436625189583
meanST=0.35176167145098297



REPORT for Queue of Queueing Place : P/getProduct_product----------------------------------------

queueUtilQPl=0.004435503037253461

------------------ Color = product --------------------
arrivCnt=277189 deptCnt=277189
arrivThrPut=0.02774661517922999 deptThrPut=0.02774661517922999
meanTkPop=0.004564159445705863 tkColOcp=0.004435503037253461
-----
meanST=0.16449427853536566 stDevST=0.32018714866914977

Steady State Statistics: numBatchesST=692 batchSizeST=400 stDevStdStateMeanST=0.018315773505641425
95% c.i. = 0.16452124066962553 +/- 0.0013646469477146962



REPORT for Depository of Queueing Place : P/getProduct_product----------------------------------------

tkOcp=0.0

------------------ Color = product --------------------
arrivCnt=277189 deptCnt=277189
arrivThrPut=0.02774661517922999 deptThrPut=0.02774661517922999
meanTkPop=0.0 tkColOcp=0.0
-----
meanST=0.0 stDevST=0.0

Steady State Statistics: numBatchesST=1385 batchSizeST=200 stDevStdStateMeanST=0.0
95% c.i. = 0.0 +/- 0.0



REPORT for Queue : Persistence----------------------------------------

totArrivThrPut=0.16663834955410414 totDeptThrPut=0.16663834955410414
meanTotTkPop=0.05861698436698483 queueUtil=0.047926436625189583
meanST=0.35176167145098297



REPORT for Queue of Queueing Place : R/getAds_product----------------------------------------

queueUtilQPl=0.002642368493802065

------------------ Color = product --------------------
arrivCnt=277189 deptCnt=277189
arrivThrPut=0.02774661517922999 deptThrPut=0.02774661517922999
meanTkPop=0.0026560159031783336 tkColOcp=0.002642368493802065
-----
meanST=0.09572396077942225 stDevST=0.09606730498845321

Steady State Statistics: numBatchesST=692 batchSizeST=400 stDevStdStateMeanST=0.004658234630037205
95% c.i. = 0.09572647035315641 +/- 3.470694627044391E-4



REPORT for Depository of Queueing Place : R/getAds_product----------------------------------------

tkOcp=0.0

------------------ Color = product --------------------
arrivCnt=277189 deptCnt=277190
arrivThrPut=0.02774661517922999 deptThrPut=0.027746715279216565
meanTkPop=0.0 tkColOcp=0.0
-----
meanST=0.0 stDevST=0.0

Steady State Statistics: numBatchesST=1385 batchSizeST=200 stDevStdStateMeanST=0.0
95% c.i. = 0.0 +/- 0.0



REPORT for Queue : Recommender----------------------------------------

totArrivThrPut=0.02774661517922999 totDeptThrPut=0.02774661517922999
meanTotTkPop=0.0026560159031783336 queueUtil=0.002642368493802065
meanST=0.09572396077942225



REPORT for Queue of Queueing Place : I/productImages_category----------------------------------------

queueUtilQPl=0.008490384421864025

------------------ Color = category --------------------
arrivCnt=277330 deptCnt=277330
arrivThrPut=0.027760729277337314 deptThrPut=0.027760729277337314
meanTkPop=0.008598062938115235 tkColOcp=0.008490384421864025
-----
meanST=0.3097203554063088 stDevST=0.30827442259038784

Steady State Statistics: numBatchesST=693 batchSizeST=400 stDevStdStateMeanST=0.01502205198097557
95% c.i. = 0.30968850689902333 +/- 0.0011184349609784537



REPORT for Depository of Queueing Place : I/productImages_category----------------------------------------

tkOcp=0.0

------------------ Color = category --------------------
arrivCnt=277330 deptCnt=277330
arrivThrPut=0.027760729277337314 deptThrPut=0.027760729277337314
meanTkPop=0.0 tkColOcp=0.0
-----
meanST=0.0 stDevST=0.0

Steady State Statistics: numBatchesST=1386 batchSizeST=200 stDevStdStateMeanST=0.0
95% c.i. = 0.0 +/- 0.0



REPORT for Queue : ImageProvider----------------------------------------

totArrivThrPut=0.1666384496540907 totDeptThrPut=0.1666384496540907
meanTotTkPop=0.03297208559123918 queueUtil=0.030875998166098
meanST=0.19786601267404297



REPORT for Queue of Queueing Place : I/product_product----------------------------------------

queueUtilQPl=0.006991554970113093

------------------ Color = product --------------------
arrivCnt=277190 deptCnt=277190
arrivThrPut=0.027746715279216565 deptThrPut=0.027746715279216565
meanTkPop=0.007078788384689612 tkColOcp=0.006991554970113093
-----
meanST=0.2551216716449286 stDevST=0.2548974168203683

Steady State Statistics: numBatchesST=692 batchSizeST=400 stDevStdStateMeanST=0.012830643483707637
95% c.i. = 0.25511094256328337 +/- 9.559682784821543E-4



REPORT for Depository of Queueing Place : I/product_product----------------------------------------

tkOcp=0.0

------------------ Color = product --------------------
arrivCnt=277190 deptCnt=277190
arrivThrPut=0.027746715279216565 deptThrPut=0.027746715279216565
meanTkPop=0.0 tkColOcp=0.0
-----
meanST=0.0 stDevST=0.0

Steady State Statistics: numBatchesST=1385 batchSizeST=200 stDevStdStateMeanST=0.0
95% c.i. = 0.0 +/- 0.0



REPORT for Queue : ImageProvider----------------------------------------

totArrivThrPut=0.1666384496540907 totDeptThrPut=0.1666384496540907
meanTotTkPop=0.03297208559123918 queueUtil=0.030875998166098
meanST=0.19786601267404297



REPORT for Queue of Queueing Place : Workload----------------------------------------

queueUtilQPl=1.0

------------------ Color = workload --------------------
arrivCnt=1664719 deptCnt=1664720
arrivThrPut=0.16663834955410411 deptThrPut=0.1666384496540907
meanTkPop=1.0 tkColOcp=1.0
-----
meanST=6.001016439537319 stDevST=5.996730395256343

Steady State Statistics: numBatchesST=2080 batchSizeST=800 stDevStdStateMeanST=0.20877935151758442
95% c.i. = 6.000911888531809 +/- 0.008972303749980261



REPORT for Depository of Queueing Place : Workload----------------------------------------

tkOcp=0.0

------------------ Color = workload --------------------
arrivCnt=1664720 deptCnt=1664719
arrivThrPut=0.1666384496540907 deptThrPut=0.16663834955410411
meanTkPop=0.0 tkColOcp=0.0
-----
meanST=0.0 stDevST=0.0

Steady State Statistics: numBatchesST=8323 batchSizeST=200 stDevStdStateMeanST=0.0
95% c.i. = 0.0 +/- 0.0



REPORT for Queue : Workload----------------------------------------

totArrivThrPut=0.16663834955410411 totDeptThrPut=0.1666384496540907
meanTotTkPop=1.0 queueUtil=1.0
meanST=6.001016439537319



REPORT for Queue of Queueing Place : I/icon_index----------------------------------------

queueUtilQPl=0.0053950490599166505

------------------ Color = index --------------------
arrivCnt=277442 deptCnt=277442
arrivThrPut=0.027771940475833912 deptThrPut=0.027771940475833912
meanTkPop=0.005462012773820126 tkColOcp=0.0053950490599166505
-----
meanST=0.19667378945208966 stDevST=0.2008282533296595

Steady State Statistics: numBatchesST=693 batchSizeST=400 stDevStdStateMeanST=0.010676739783130496
95% c.i. = 0.1966583856436761 +/- 7.949139743255747E-4



REPORT for Depository of Queueing Place : I/icon_index----------------------------------------

tkOcp=0.0

------------------ Color = index --------------------
arrivCnt=277442 deptCnt=277442
arrivThrPut=0.027771940475833912 deptThrPut=0.027771940475833912
meanTkPop=0.0 tkColOcp=0.0
-----
meanST=0.0 stDevST=0.0

Steady State Statistics: numBatchesST=1387 batchSizeST=200 stDevStdStateMeanST=0.0
95% c.i. = 0.0 +/- 0.0



REPORT for Queue : ImageProvider----------------------------------------

totArrivThrPut=0.1666384496540907 totDeptThrPut=0.1666384496540907
meanTotTkPop=0.03297208559123918 queueUtil=0.030875998166098
meanST=0.19786601267404297



REPORT for Queue of Queueing Place : P/categories_login----------------------------------------

queueUtilQPl=0.0101247319225128

------------------ Color = login --------------------
arrivCnt=277271 deptCnt=277271
arrivThrPut=0.027754823378129286 deptThrPut=0.027754823378129286
meanTkPop=0.010419567215112805 tkColOcp=0.0101247319225128
-----
meanST=0.3754146467861652 stDevST=0.44186989093003626

Steady State Statistics: numBatchesST=346 batchSizeST=800 stDevStdStateMeanST=0.016748865514746566
95% c.i. = 0.37541829634709195 +/- 0.0017647997640592135



REPORT for Depository of Queueing Place : P/categories_login----------------------------------------

tkOcp=0.0

------------------ Color = login --------------------
arrivCnt=277271 deptCnt=277271
arrivThrPut=0.027754823378129286 deptThrPut=0.027754823378129286
meanTkPop=0.0 tkColOcp=0.0
-----
meanST=0.0 stDevST=0.0

Steady State Statistics: numBatchesST=1386 batchSizeST=200 stDevStdStateMeanST=0.0
95% c.i. = 0.0 +/- 0.0



REPORT for Queue : Persistence----------------------------------------

totArrivThrPut=0.16663834955410414 totDeptThrPut=0.16663834955410414
meanTotTkPop=0.05861698436698483 queueUtil=0.047926436625189583
meanST=0.35176167145098297



REPORT for Queue of Queueing Place : I/icon_login----------------------------------------

queueUtilQPl=0.005707745142111944

------------------ Color = login --------------------
arrivCnt=277271 deptCnt=277271
arrivThrPut=0.027754823378129286 deptThrPut=0.027754823378129286
meanTkPop=0.005767099729263487 tkColOcp=0.005707745142111944
-----
meanST=0.20778729702916948 stDevST=0.2106895655794871

Steady State Statistics: numBatchesST=693 batchSizeST=400 stDevStdStateMeanST=0.011012144757914271
95% c.i. = 0.2077658505673298 +/- 8.198858390454774E-4



REPORT for Depository of Queueing Place : I/icon_login----------------------------------------

tkOcp=0.0

------------------ Color = login --------------------
arrivCnt=277271 deptCnt=277271
arrivThrPut=0.027754823378129286 deptThrPut=0.027754823378129286
meanTkPop=0.0 tkColOcp=0.0
-----
meanST=0.0 stDevST=0.0

Steady State Statistics: numBatchesST=1386 batchSizeST=200 stDevStdStateMeanST=0.0
95% c.i. = 0.0 +/- 0.0



REPORT for Queue : ImageProvider----------------------------------------

totArrivThrPut=0.1666384496540907 totDeptThrPut=0.1666384496540907
meanTotTkPop=0.03297208559123918 queueUtil=0.030875998166098
meanST=0.19786601267404297



REPORT for Queue of Queueing Place : A/isLoggedIn_login----------------------------------------

queueUtilQPl=0.004195955263121832

------------------ Color = login --------------------
arrivCnt=277271 deptCnt=277271
arrivThrPut=0.027754823378129286 deptThrPut=0.027754823378129286
meanTkPop=0.004227999383986996 tkColOcp=0.004195955263121832
-----
meanST=0.1523338601865738 stDevST=0.16410274212368417

Steady State Statistics: numBatchesST=693 batchSizeST=400 stDevStdStateMeanST=0.008396985021975436
95% c.i. = 0.152331893954881 +/- 6.251796776687662E-4



REPORT for Depository of Queueing Place : A/isLoggedIn_login----------------------------------------

tkOcp=0.0

------------------ Color = login --------------------
arrivCnt=277271 deptCnt=277271
arrivThrPut=0.027754823378129286 deptThrPut=0.027754823378129286
meanTkPop=0.0 tkColOcp=0.0
-----
meanST=0.0 stDevST=0.0

Steady State Statistics: numBatchesST=1386 batchSizeST=200 stDevStdStateMeanST=0.0
95% c.i. = 0.0 +/- 0.0



REPORT for Queue : Auth----------------------------------------

totArrivThrPut=0.1666384496540907 totDeptThrPut=0.1666384496540907
meanTotTkPop=0.026910885183936365 queueUtil=0.025542774906669372
meanST=0.1614926521447972



REPORT for Queue of Queueing Place : A/isLoggedIn_category----------------------------------------

queueUtilQPl=0.01055325390033463

------------------ Color = category --------------------
arrivCnt=277330 deptCnt=277330
arrivThrPut=0.027760729277337314 deptThrPut=0.027760729277337314
meanTkPop=0.01069815486263902 tkColOcp=0.01055325390033463
-----
meanST=0.38537009441508235 stDevST=0.38302518152468334

Steady State Statistics: numBatchesST=693 batchSizeST=400 stDevStdStateMeanST=0.019253090932507284
95% c.i. = 0.38537028870515844 +/- 0.0014334479758879772



REPORT for Depository of Queueing Place : A/isLoggedIn_category----------------------------------------

tkOcp=0.0

------------------ Color = category --------------------
arrivCnt=277330 deptCnt=277330
arrivThrPut=0.027760729277337314 deptThrPut=0.027760729277337314
meanTkPop=0.0 tkColOcp=0.0
-----
meanST=0.0 stDevST=0.0

Steady State Statistics: numBatchesST=1386 batchSizeST=200 stDevStdStateMeanST=0.0
95% c.i. = 0.0 +/- 0.0



REPORT for Queue : Auth----------------------------------------

totArrivThrPut=0.1666384496540907 totDeptThrPut=0.1666384496540907
meanTotTkPop=0.026910885183936365 queueUtil=0.025542774906669372
meanST=0.1614926521447972



REPORT for Queue of Queueing Place : I/icon_logout----------------------------------------

queueUtilQPl=0.002631735068567901

------------------ Color = logout --------------------
arrivCnt=277725 deptCnt=277725
arrivThrPut=0.02780026877203514 deptThrPut=0.02780026877203514
meanTkPop=0.00263771623029561 tkColOcp=0.002631735068567901
-----
meanST=0.09488096147289563 stDevST=0.10325779342868284

Steady State Statistics: numBatchesST=694 batchSizeST=400 stDevStdStateMeanST=0.0053807408991885615
95% c.i. = 0.0948795337865737 +/- 4.0032290136373646E-4



REPORT for Depository of Queueing Place : I/icon_logout----------------------------------------

tkOcp=0.0

------------------ Color = logout --------------------
arrivCnt=277725 deptCnt=277725
arrivThrPut=0.02780026877203514 deptThrPut=0.02780026877203514
meanTkPop=0.0 tkColOcp=0.0
-----
meanST=0.0 stDevST=0.0

Steady State Statistics: numBatchesST=1388 batchSizeST=200 stDevStdStateMeanST=0.0
95% c.i. = 0.0 +/- 0.0



REPORT for Queue : ImageProvider----------------------------------------

totArrivThrPut=0.1666384496540907 totDeptThrPut=0.1666384496540907
meanTotTkPop=0.03297208559123918 queueUtil=0.030875998166098
meanST=0.19786601267404297



REPORT for Queue of Queueing Place : I/icon_loginAction----------------------------------------

queueUtilQPl=0.003393059294913221

------------------ Color = loginAction --------------------
arrivCnt=277762 deptCnt=277762
arrivThrPut=0.02780397247153848 deptThrPut=0.02780397247153848
meanTkPop=0.0034284055350551116 tkColOcp=0.003393059294913221
-----
meanST=0.12330632029522387 stDevST=0.13775744612880197

Steady State Statistics: numBatchesST=694 batchSizeST=400 stDevStdStateMeanST=0.006926290999873839
95% c.i. = 0.12331078016287134 +/- 5.153106162716687E-4



REPORT for Depository of Queueing Place : I/icon_loginAction----------------------------------------

tkOcp=0.0

------------------ Color = loginAction --------------------
arrivCnt=277762 deptCnt=277762
arrivThrPut=0.02780397247153848 deptThrPut=0.02780397247153848
meanTkPop=0.0 tkColOcp=0.0
-----
meanST=0.0 stDevST=0.0

Steady State Statistics: numBatchesST=1388 batchSizeST=200 stDevStdStateMeanST=0.0
95% c.i. = 0.0 +/- 0.0



REPORT for Queue : ImageProvider----------------------------------------

totArrivThrPut=0.1666384496540907 totDeptThrPut=0.1666384496540907
meanTotTkPop=0.03297208559123918 queueUtil=0.030875998166098
meanST=0.19786601267404297



REPORT for Queue of Queueing Place : A/isLoggedIn_product----------------------------------------

queueUtilQPl=0.003041726327198653

------------------ Color = product --------------------
arrivCnt=277190 deptCnt=277190
arrivThrPut=0.027746715279216565 deptThrPut=0.027746715279216565
meanTkPop=0.0030599509149229717 tkColOcp=0.003041726327198653
-----
meanST=0.11028155528070745 stDevST=0.12692810847021535

Steady State Statistics: numBatchesST=173 batchSizeST=1600 stDevStdStateMeanST=0.003085207718586404
95% c.i. = 0.11028168246685913 +/- 4.629993561494835E-4



REPORT for Depository of Queueing Place : A/isLoggedIn_product----------------------------------------

tkOcp=0.0

------------------ Color = product --------------------
arrivCnt=277190 deptCnt=277190
arrivThrPut=0.027746715279216565 deptThrPut=0.027746715279216565
meanTkPop=0.0 tkColOcp=0.0
-----
meanST=0.0 stDevST=0.0

Steady State Statistics: numBatchesST=1385 batchSizeST=200 stDevStdStateMeanST=0.0
95% c.i. = 0.0 +/- 0.0



REPORT for Queue : Auth----------------------------------------

totArrivThrPut=0.1666384496540907 totDeptThrPut=0.1666384496540907
meanTotTkPop=0.026910885183936365 queueUtil=0.025542774906669372
meanST=0.1614926521447972



REPORT for Queue of Queueing Place : P/category_logout----------------------------------------

queueUtilQPl=0.02184779661559889

------------------ Color = logout --------------------
arrivCnt=277725 deptCnt=277725
arrivThrPut=0.02780026877203514 deptThrPut=0.02780026877203514
meanTkPop=0.022286117651430418 tkColOcp=0.02184779661559889
-----
meanST=0.801651157914289 stDevST=0.7925479727094836

Steady State Statistics: numBatchesST=694 batchSizeST=400 stDevStdStateMeanST=0.04216668888592514
95% c.i. = 0.801653963838752 +/- 0.0031371685706444614



REPORT for Depository of Queueing Place : P/category_logout----------------------------------------

tkOcp=0.0

------------------ Color = logout --------------------
arrivCnt=277725 deptCnt=277725
arrivThrPut=0.02780026877203514 deptThrPut=0.02780026877203514
meanTkPop=0.0 tkColOcp=0.0
-----
meanST=0.0 stDevST=0.0

Steady State Statistics: numBatchesST=1388 batchSizeST=200 stDevStdStateMeanST=0.0
95% c.i. = 0.0 +/- 0.0



REPORT for Queue : Persistence----------------------------------------

totArrivThrPut=0.16663834955410414 totDeptThrPut=0.16663834955410414
meanTotTkPop=0.05861698436698483 queueUtil=0.047926436625189583
meanST=0.35176167145098297



REPORT for Ordinary Place : Finish_index----------------------------------------

tkOcp=1.0

------------------ Color = index --------------------
arrivCnt=277442 deptCnt=0
arrivThrPut=0.027771940475833912 deptThrPut=0.0
meanTkPop=138975.9016892662 tkColOcp=1.0
-----
meanST=NaN stDevST=NaN

Steady State Statistics: Only 0 batches collected!
Need at least 60 for steady state statistics.



REPORT for Ordinary Place : Finish_login----------------------------------------

tkOcp=1.0

------------------ Color = login --------------------
arrivCnt=277271 deptCnt=0
arrivThrPut=0.027754823378129286 deptThrPut=0.0
meanTkPop=139018.16171702358 tkColOcp=1.0
-----
meanST=NaN stDevST=NaN

Steady State Statistics: Only 0 batches collected!
Need at least 60 for steady state statistics.



REPORT for Ordinary Place : Finish_loginAction----------------------------------------

tkOcp=1.0

------------------ Color = loginAction --------------------
arrivCnt=277762 deptCnt=0
arrivThrPut=0.02780397247153848 deptThrPut=0.0
meanTkPop=139000.62513913435 tkColOcp=1.0
-----
meanST=NaN stDevST=NaN

Steady State Statistics: Only 0 batches collected!
Need at least 60 for steady state statistics.



REPORT for Ordinary Place : Finish_category----------------------------------------

tkOcp=1.0

------------------ Color = category --------------------
arrivCnt=277330 deptCnt=0
arrivThrPut=0.027760729277337314 deptThrPut=0.0
meanTkPop=138829.40130493618 tkColOcp=1.0
-----
meanST=NaN stDevST=NaN

Steady State Statistics: Only 0 batches collected!
Need at least 60 for steady state statistics.



REPORT for Ordinary Place : Finish_product----------------------------------------

tkOcp=1.0

------------------ Color = product --------------------
arrivCnt=277190 deptCnt=0
arrivThrPut=0.027746715279216565 deptThrPut=0.0
meanTkPop=138738.3643763457 tkColOcp=1.0
-----
meanST=NaN stDevST=NaN

Steady State Statistics: Only 0 batches collected!
Need at least 60 for steady state statistics.



REPORT for Ordinary Place : Finish_logout----------------------------------------

tkOcp=1.0000000000000002

------------------ Color = logout --------------------
arrivCnt=277725 deptCnt=0
arrivThrPut=0.02780026877203514 deptThrPut=0.0
meanTkPop=138953.9258404754 tkColOcp=1.0000000000000002
-----
meanST=NaN stDevST=NaN

Steady State Statistics: Only 0 batches collected!
Need at least 60 for steady state statistics.



REPORT REPORT for Probe : /index----------------------------------------


------------------ Color = index --------------------
-----
meanST=1.063804195516671 stDevST=2.0917118119406926

Steady State Statistics: numBatchesST=693 batchSizeST=400 stDevStdStateMeanST=0.12554595112528327
95% c.i. = 1.063831780111769 +/- 0.009347257027577544



REPORT REPORT for Probe : /login----------------------------------------


------------------ Color = login --------------------
-----
meanST=1.341900671233698 stDevST=2.1080360081969696

Steady State Statistics: numBatchesST=693 batchSizeST=400 stDevStdStateMeanST=0.12644227065086336
95% c.i. = 1.3418892006035312 +/- 0.009413990593330476



REPORT REPORT for Probe : /loginAction----------------------------------------


------------------ Color = loginAction --------------------
-----
meanST=1.2707917533755386 stDevST=2.1143361575507433

Steady State Statistics: numBatchesST=694 batchSizeST=400 stDevStdStateMeanST=0.12394928246802854
95% c.i. = 1.270849175193492 +/- 0.009221729369469802



REPORT REPORT for Probe : /logout----------------------------------------


------------------ Color = logout --------------------
-----
meanST=5.224069738945869 stDevST=4.292108257688006

Steady State Statistics: numBatchesST=694 batchSizeST=400 stDevStdStateMeanST=0.2626119404602547
95% c.i. = 5.223835863351723 +/- 0.019538122334354358



REPORT REPORT for Probe : /category----------------------------------------


------------------ Color = category --------------------
-----
meanST=1.975935301480852 stDevST=2.1742018509646446

Steady State Statistics: numBatchesST=693 batchSizeST=400 stDevStdStateMeanST=0.13211792734888517
95% c.i. = 1.9758625967453203 +/- 0.009836559552991796



REPORT REPORT for Probe : /product----------------------------------------


------------------ Color = product --------------------
-----
meanST=1.5471029527381355 stDevST=2.131699693742641

Steady State Statistics: numBatchesST=692 batchSizeST=400 stDevStdStateMeanST=0.1271021734577877
95% c.i. = 1.547388408470608 +/- 0.00946995730230284



