INFO Logging to /home/yjx/workloadConfig/qpme/output/SimQPN_Output_config_2025-08-14_084131872.log
WARN Batch means correlation test was run for depository of place Workload, color 0
    However, the standard deviation of the token residence time is 0 and therefore the result of the test is ignored!
    In future runs, you should set numBMeansCorlTested to 0 to switch off the correlation test!
WARN Batch means correlation test was run for depository of place W/logout, color 0
    However, the standard deviation of the token residence time is 0 and therefore the result of the test is ignored!
    In future runs, you should set numBMeansCorlTested to 0 to switch off the correlation test!
WARN Batch means correlation test was run for depository of place A/logout_logout, color 0
    However, the standard deviation of the token residence time is 0 and therefore the result of the test is ignored!
    In future runs, you should set numBMeansCorlTested to 0 to switch off the correlation test!
WARN Batch means correlation test was run for depository of place P/category_logout, color 0
    However, the standard deviation of the token residence time is 0 and therefore the result of the test is ignored!
    In future runs, you should set numBMeansCorlTested to 0 to switch off the correlation test!
WARN Batch means correlation test was run for depository of place I/icon_logout, color 0
    However, the standard deviation of the token residence time is 0 and therefore the result of the test is ignored!
    In future runs, you should set numBMeansCorlTested to 0 to switch off the correlation test!
WARN Batch means correlation test was run for depository of place W/login, color 0
    However, the standard deviation of the token residence time is 0 and therefore the result of the test is ignored!
    In future runs, you should set numBMeansCorlTested to 0 to switch off the correlation test!
WARN Batch means correlation test was run for depository of place P/categories_login, color 0
    However, the standard deviation of the token residence time is 0 and therefore the result of the test is ignored!
    In future runs, you should set numBMeansCorlTested to 0 to switch off the correlation test!
WARN Batch means correlation test was run for depository of place I/icon_login, color 0
    However, the standard deviation of the token residence time is 0 and therefore the result of the test is ignored!
    In future runs, you should set numBMeansCorlTested to 0 to switch off the correlation test!
WARN Batch means correlation test was run for depository of place A/isLoggedIn_login, color 0
    However, the standard deviation of the token residence time is 0 and therefore the result of the test is ignored!
    In future runs, you should set numBMeansCorlTested to 0 to switch off the correlation test!
WARN Batch means correlation test was run for depository of place W/index, color 0
    However, the standard deviation of the token residence time is 0 and therefore the result of the test is ignored!
    In future runs, you should set numBMeansCorlTested to 0 to switch off the correlation test!
WARN Batch means correlation test was run for depository of place P/categories_index, color 0
    However, the standard deviation of the token residence time is 0 and therefore the result of the test is ignored!
    In future runs, you should set numBMeansCorlTested to 0 to switch off the correlation test!
WARN Batch means correlation test was run for depository of place A/isLoggedIn_index, color 0
    However, the standard deviation of the token residence time is 0 and therefore the result of the test is ignored!
    In future runs, you should set numBMeansCorlTested to 0 to switch off the correlation test!
WARN Batch means correlation test was run for depository of place I/icon_index, color 0
    However, the standard deviation of the token residence time is 0 and therefore the result of the test is ignored!
    In future runs, you should set numBMeansCorlTested to 0 to switch off the correlation test!
WARN Batch means correlation test was run for depository of place W/category, color 0
    However, the standard deviation of the token residence time is 0 and therefore the result of the test is ignored!
    In future runs, you should set numBMeansCorlTested to 0 to switch off the correlation test!
WARN Batch means correlation test was run for depository of place P/category_category, color 0
    However, the standard deviation of the token residence time is 0 and therefore the result of the test is ignored!
    In future runs, you should set numBMeansCorlTested to 0 to switch off the correlation test!
WARN Batch means correlation test was run for depository of place I/productImages_category, color 0
    However, the standard deviation of the token residence time is 0 and therefore the result of the test is ignored!
    In future runs, you should set numBMeansCorlTested to 0 to switch off the correlation test!
WARN Batch means correlation test was run for depository of place A/isLoggedIn_category, color 0
    However, the standard deviation of the token residence time is 0 and therefore the result of the test is ignored!
    In future runs, you should set numBMeansCorlTested to 0 to switch off the correlation test!
WARN Batch means correlation test was run for depository of place W/loginAction, color 0
    However, the standard deviation of the token residence time is 0 and therefore the result of the test is ignored!
    In future runs, you should set numBMeansCorlTested to 0 to switch off the correlation test!
WARN Batch means correlation test was run for depository of place A/login_loginAction, color 0
    However, the standard deviation of the token residence time is 0 and therefore the result of the test is ignored!
    In future runs, you should set numBMeansCorlTested to 0 to switch off the correlation test!
WARN Batch means correlation test was run for depository of place P/getUser_loginAction, color 0
    However, the standard deviation of the token residence time is 0 and therefore the result of the test is ignored!
    In future runs, you should set numBMeansCorlTested to 0 to switch off the correlation test!
WARN Batch means correlation test was run for depository of place I/icon_loginAction, color 0
    However, the standard deviation of the token residence time is 0 and therefore the result of the test is ignored!
    In future runs, you should set numBMeansCorlTested to 0 to switch off the correlation test!
WARN Batch means correlation test was run for depository of place W/product, color 0
    However, the standard deviation of the token residence time is 0 and therefore the result of the test is ignored!
    In future runs, you should set numBMeansCorlTested to 0 to switch off the correlation test!
WARN Batch means correlation test was run for depository of place P/getProduct_product, color 0
    However, the standard deviation of the token residence time is 0 and therefore the result of the test is ignored!
    In future runs, you should set numBMeansCorlTested to 0 to switch off the correlation test!
WARN Batch means correlation test was run for depository of place R/getAds_product, color 0
    However, the standard deviation of the token residence time is 0 and therefore the result of the test is ignored!
    In future runs, you should set numBMeansCorlTested to 0 to switch off the correlation test!
WARN Batch means correlation test was run for depository of place I/product_product, color 0
    However, the standard deviation of the token residence time is 0 and therefore the result of the test is ignored!
    In future runs, you should set numBMeansCorlTested to 0 to switch off the correlation test!
WARN Batch means correlation test was run for depository of place A/isLoggedIn_product, color 0
    However, the standard deviation of the token residence time is 0 and therefore the result of the test is ignored!
    In future runs, you should set numBMeansCorlTested to 0 to switch off the correlation test!
WARN LP-1 The simulation was stopped because of reaching max totalRunLen.
The required precision may not have been reached!
REPORT for Queue of Queueing Place : W/index----------------------------------------

queueUtilQPl=0.004052237752493097

------------------ Color = index --------------------
arrivCnt=278062 deptCnt=278062
arrivThrPut=0.027834053119103447 deptThrPut=0.027834053119103447
meanTkPop=0.004086386914784717 tkColOcp=0.004052237752493097
-----
meanST=0.14681249968514617 stDevST=0.25167762335390453

Steady State Statistics: numBatchesST=695 batchSizeST=400 stDevStdStateMeanST=0.012793765295739189
95% c.i. = 0.1467941390744175 +/- 9.511610726057794E-4



REPORT for Depository of Queueing Place : W/index----------------------------------------

tkOcp=0.0

------------------ Color = index --------------------
arrivCnt=278062 deptCnt=278062
arrivThrPut=0.027834053119103447 deptThrPut=0.027834053119103447
meanTkPop=0.0 tkColOcp=0.0
-----
meanST=0.0 stDevST=0.0

Steady State Statistics: numBatchesST=1390 batchSizeST=200 stDevStdStateMeanST=0.0
95% c.i. = 0.0 +/- 0.0



REPORT for Queue : WebUI----------------------------------------

totArrivThrPut=0.16696367804611378 totDeptThrPut=0.16696367804611378
meanTotTkPop=0.08122383684438002 queueUtil=0.07404497259172584
meanST=0.48647608746344667



REPORT for Queue of Queueing Place : P/categories_index----------------------------------------

queueUtilQPl=0.006454066739628109

------------------ Color = index --------------------
arrivCnt=278062 deptCnt=278062
arrivThrPut=0.027834053119103447 deptThrPut=0.027834053119103447
meanTkPop=0.006554749003738562 tkColOcp=0.006454066739628109
-----
meanST=0.23549387420116036 stDevST=0.43041011649470096

Steady State Statistics: numBatchesST=695 batchSizeST=400 stDevStdStateMeanST=0.02219859186263286
95% c.i. = 0.23549787653867035 +/- 0.0016503692195628844



REPORT for Depository of Queueing Place : P/categories_index----------------------------------------

tkOcp=0.0

------------------ Color = index --------------------
arrivCnt=278062 deptCnt=278062
arrivThrPut=0.027834053119103447 deptThrPut=0.027834053119103447
meanTkPop=0.0 tkColOcp=0.0
-----
meanST=0.0 stDevST=0.0

Steady State Statistics: numBatchesST=1390 batchSizeST=200 stDevStdStateMeanST=0.0
95% c.i. = 0.0 +/- 0.0



REPORT for Queue : Persistence----------------------------------------

totArrivThrPut=0.1669636780461138 totDeptThrPut=0.1669636780461138
meanTotTkPop=0.08171191874160486 queueUtil=0.0704046980796922
meanST=0.4893993693588661



REPORT for Queue of Queueing Place : A/isLoggedIn_index----------------------------------------

queueUtilQPl=0.04927167696735544

------------------ Color = index --------------------
arrivCnt=278062 deptCnt=278062
arrivThrPut=0.027834053119103447 deptThrPut=0.027834053119103447
meanTkPop=0.05183461271975147 tkColOcp=0.04927167696735544
-----
meanST=1.862273255639353 stDevST=1.8355436041441455

Steady State Statistics: numBatchesST=695 batchSizeST=400 stDevStdStateMeanST=0.10629457401593412
95% c.i. = 1.862178580590791 +/- 0.007902541487676154



REPORT for Depository of Queueing Place : A/isLoggedIn_index----------------------------------------

tkOcp=0.0

------------------ Color = index --------------------
arrivCnt=278062 deptCnt=278062
arrivThrPut=0.027834053119103447 deptThrPut=0.027834053119103447
meanTkPop=0.0 tkColOcp=0.0
-----
meanST=0.0 stDevST=0.0

Steady State Statistics: numBatchesST=1390 batchSizeST=200 stDevStdStateMeanST=0.0
95% c.i. = 0.0 +/- 0.0



REPORT for Queue : Auth----------------------------------------

totArrivThrPut=0.16696367804611378 totDeptThrPut=0.16696367804611378
meanTotTkPop=0.11709387546739458 queueUtil=0.09713393606627649
meanST=0.7013134643275789



REPORT for Queue of Queueing Place : W/login----------------------------------------

queueUtilQPl=0.013138623857995479

------------------ Color = login --------------------
arrivCnt=278479 deptCnt=278479
arrivThrPut=0.02787579488946641 deptThrPut=0.02787579488946641
meanTkPop=0.01331982541156214 tkColOcp=0.013138623857995479
-----
meanST=0.4778276445345557 stDevST=0.4921698965805446

Steady State Statistics: numBatchesST=174 batchSizeST=1600 stDevStdStateMeanST=0.012948516492280526
95% c.i. = 0.4778247649332382 +/- 0.0019375216623449844



REPORT for Depository of Queueing Place : W/login----------------------------------------

tkOcp=0.0

------------------ Color = login --------------------
arrivCnt=278479 deptCnt=278479
arrivThrPut=0.02787579488946641 deptThrPut=0.02787579488946641
meanTkPop=0.0 tkColOcp=0.0
-----
meanST=0.0 stDevST=0.0

Steady State Statistics: numBatchesST=1392 batchSizeST=200 stDevStdStateMeanST=0.0
95% c.i. = 0.0 +/- 0.0



REPORT for Queue : WebUI----------------------------------------

totArrivThrPut=0.16696367804611378 totDeptThrPut=0.16696367804611378
meanTotTkPop=0.08122383684438002 queueUtil=0.07404497259172584
meanST=0.48647608746344667



REPORT for Queue of Queueing Place : W/loginAction----------------------------------------

queueUtilQPl=0.02222353578518222

------------------ Color = loginAction --------------------
arrivCnt=278357 deptCnt=278357
arrivThrPut=0.0278635826688806 deptThrPut=0.0278635826688806
meanTkPop=0.022713878404335988 tkColOcp=0.02222353578518222
-----
meanST=0.815181546259087 stDevST=0.8071311977264711

Steady State Statistics: numBatchesST=695 batchSizeST=400 stDevStdStateMeanST=0.0434852796342612
95% c.i. = 0.8151791003619075 +/- 0.0032329423170879257



REPORT for Depository of Queueing Place : W/loginAction----------------------------------------

tkOcp=0.0

------------------ Color = loginAction --------------------
arrivCnt=278357 deptCnt=278357
arrivThrPut=0.0278635826688806 deptThrPut=0.0278635826688806
meanTkPop=0.0 tkColOcp=0.0
-----
meanST=0.0 stDevST=0.0

Steady State Statistics: numBatchesST=1391 batchSizeST=200 stDevStdStateMeanST=0.0
95% c.i. = 0.0 +/- 0.0



REPORT for Queue : WebUI----------------------------------------

totArrivThrPut=0.16696367804611378 totDeptThrPut=0.16696367804611378
meanTotTkPop=0.08122383684438002 queueUtil=0.07404497259172584
meanST=0.48647608746344667



REPORT for Queue of Queueing Place : A/login_loginAction----------------------------------------

queueUtilQPl=0.008889146188887528

------------------ Color = loginAction --------------------
arrivCnt=278357 deptCnt=278357
arrivThrPut=0.0278635826688806 deptThrPut=0.0278635826688806
meanTkPop=0.009031338294854028 tkColOcp=0.008889146188887528
-----
meanST=0.3241269581940969 stDevST=0.5842321841638426

Steady State Statistics: numBatchesST=695 batchSizeST=400 stDevStdStateMeanST=0.032945064514787736
95% c.i. = 0.3241194954702117 +/- 0.0024493229457154576



REPORT for Depository of Queueing Place : A/login_loginAction----------------------------------------

tkOcp=0.0

------------------ Color = loginAction --------------------
arrivCnt=278357 deptCnt=278357
arrivThrPut=0.0278635826688806 deptThrPut=0.0278635826688806
meanTkPop=0.0 tkColOcp=0.0
-----
meanST=0.0 stDevST=0.0

Steady State Statistics: numBatchesST=1391 batchSizeST=200 stDevStdStateMeanST=0.0
95% c.i. = 0.0 +/- 0.0



REPORT for Queue : Auth----------------------------------------

totArrivThrPut=0.16696367804611378 totDeptThrPut=0.16696367804611378
meanTotTkPop=0.11709387546739458 queueUtil=0.09713393606627649
meanST=0.7013134643275789



REPORT for Queue of Queueing Place : W/logout----------------------------------------

queueUtilQPl=0.010948815848033141

------------------ Color = logout --------------------
arrivCnt=277443 deptCnt=277443
arrivThrPut=0.027772091114655787 deptThrPut=0.027772091114655787
meanTkPop=0.011076233446998396 tkColOcp=0.010948815848033141
-----
meanST=0.39882605171035485 stDevST=0.4245536756353658

Steady State Statistics: numBatchesST=693 batchSizeST=400 stDevStdStateMeanST=0.021689960367736308
95% c.i. = 0.39885645397908004 +/- 0.001614879911761425



REPORT for Depository of Queueing Place : W/logout----------------------------------------

tkOcp=0.0

------------------ Color = logout --------------------
arrivCnt=277443 deptCnt=277443
arrivThrPut=0.027772091114655787 deptThrPut=0.027772091114655787
meanTkPop=0.0 tkColOcp=0.0
-----
meanST=0.0 stDevST=0.0

Steady State Statistics: numBatchesST=1387 batchSizeST=200 stDevStdStateMeanST=0.0
95% c.i. = 0.0 +/- 0.0



REPORT for Queue : WebUI----------------------------------------

totArrivThrPut=0.16696367804611378 totDeptThrPut=0.16696367804611378
meanTotTkPop=0.08122383684438002 queueUtil=0.07404497259172584
meanST=0.48647608746344667



REPORT for Queue of Queueing Place : A/logout_logout----------------------------------------

queueUtilQPl=0.013128050569585952

------------------ Color = logout --------------------
arrivCnt=277443 deptCnt=277443
arrivThrPut=0.027772091114655787 deptThrPut=0.027772091114655787
meanTkPop=0.013402439968489893 tkColOcp=0.013128050569585952
-----
meanST=0.4825866339397542 stDevST=0.6937910288028187

Steady State Statistics: numBatchesST=693 batchSizeST=400 stDevStdStateMeanST=0.03729900634289271
95% c.i. = 0.4825993032115937 +/- 0.0027770182633157906



REPORT for Depository of Queueing Place : A/logout_logout----------------------------------------

tkOcp=0.0

------------------ Color = logout --------------------
arrivCnt=277443 deptCnt=277443
arrivThrPut=0.027772091114655787 deptThrPut=0.027772091114655787
meanTkPop=0.0 tkColOcp=0.0
-----
meanST=0.0 stDevST=0.0

Steady State Statistics: numBatchesST=1387 batchSizeST=200 stDevStdStateMeanST=0.0
95% c.i. = 0.0 +/- 0.0



REPORT for Queue : Auth----------------------------------------

totArrivThrPut=0.16696367804611378 totDeptThrPut=0.16696367804611378
meanTotTkPop=0.11709387546739458 queueUtil=0.09713393606627649
meanST=0.7013134643275789



REPORT for Queue of Queueing Place : P/getUser_loginAction----------------------------------------

queueUtilQPl=0.0356784720318774

------------------ Color = loginAction --------------------
arrivCnt=278357 deptCnt=278357
arrivThrPut=0.0278635826688806 deptThrPut=0.0278635826688806
meanTkPop=0.037020671001753463 tkColOcp=0.0356784720318774
-----
meanST=1.3286400188264353 stDevST=1.3208760408571156

Steady State Statistics: numBatchesST=695 batchSizeST=400 stDevStdStateMeanST=0.07250636735106168
95% c.i. = 1.3286172301123733 +/- 0.005390534572597838



REPORT for Depository of Queueing Place : P/getUser_loginAction----------------------------------------

tkOcp=0.0

------------------ Color = loginAction --------------------
arrivCnt=278357 deptCnt=278357
arrivThrPut=0.0278635826688806 deptThrPut=0.0278635826688806
meanTkPop=0.0 tkColOcp=0.0
-----
meanST=0.0 stDevST=0.0

Steady State Statistics: numBatchesST=1391 batchSizeST=200 stDevStdStateMeanST=0.0
95% c.i. = 0.0 +/- 0.0



REPORT for Queue : Persistence----------------------------------------

totArrivThrPut=0.1669636780461138 totDeptThrPut=0.1669636780461138
meanTotTkPop=0.08171191874160486 queueUtil=0.0704046980796922
meanST=0.4893993693588661



REPORT for Queue of Queueing Place : W/category----------------------------------------

queueUtilQPl=0.012068809032048105

------------------ Color = category --------------------
arrivCnt=277576 deptCnt=277576
arrivThrPut=0.02778540443709769 deptThrPut=0.02778540443709769
meanTkPop=0.012223573879730651 tkColOcp=0.012068809032048105
-----
meanST=0.4399278731897939 stDevST=0.4591773411535582

Steady State Statistics: numBatchesST=693 batchSizeST=400 stDevStdStateMeanST=0.023701446410519487
95% c.i. = 0.4399642314831663 +/- 0.0017646408310165325



REPORT for Depository of Queueing Place : W/category----------------------------------------

tkOcp=0.0

------------------ Color = category --------------------
arrivCnt=277576 deptCnt=277576
arrivThrPut=0.02778540443709769 deptThrPut=0.02778540443709769
meanTkPop=0.0 tkColOcp=0.0
-----
meanST=0.0 stDevST=0.0

Steady State Statistics: numBatchesST=1387 batchSizeST=200 stDevStdStateMeanST=0.0
95% c.i. = 0.0 +/- 0.0



REPORT for Queue : WebUI----------------------------------------

totArrivThrPut=0.16696367804611378 totDeptThrPut=0.16696367804611378
meanTotTkPop=0.08122383684438002 queueUtil=0.07404497259172584
meanST=0.48647608746344667



REPORT for Queue of Queueing Place : W/product----------------------------------------

queueUtilQPl=0.017479773177741766

------------------ Color = product --------------------
arrivCnt=278049 deptCnt=278049
arrivThrPut=0.027832751816909876 deptThrPut=0.027832751816909876
meanTkPop=0.01780393878696813 tkColOcp=0.017479773177741766
-----
meanST=0.6396758360109867 stDevST=0.6396290108045005

Steady State Statistics: numBatchesST=347 batchSizeST=800 stDevStdStateMeanST=0.023128249108190817
95% c.i. = 0.6397439223318913 +/- 0.0024334706353248228



REPORT for Depository of Queueing Place : W/product----------------------------------------

tkOcp=0.0

------------------ Color = product --------------------
arrivCnt=278049 deptCnt=278049
arrivThrPut=0.027832751816909876 deptThrPut=0.027832751816909876
meanTkPop=0.0 tkColOcp=0.0
-----
meanST=0.0 stDevST=0.0

Steady State Statistics: numBatchesST=1390 batchSizeST=200 stDevStdStateMeanST=0.0
95% c.i. = 0.0 +/- 0.0



REPORT for Queue : WebUI----------------------------------------

totArrivThrPut=0.16696367804611378 totDeptThrPut=0.16696367804611378
meanTotTkPop=0.08122383684438002 queueUtil=0.07404497259172584
meanST=0.48647608746344667



REPORT for Queue of Queueing Place : P/category_category----------------------------------------

queueUtilQPl=0.016917453210008843

------------------ Color = category --------------------
arrivCnt=277576 deptCnt=277576
arrivThrPut=0.02778540443709769 deptThrPut=0.02778540443709769
meanTkPop=0.017240106730461138 tkColOcp=0.016917453210008843
-----
meanST=0.6204734852605925 stDevST=0.6784387333238268

Steady State Statistics: numBatchesST=693 batchSizeST=400 stDevStdStateMeanST=0.03733215069967794
95% c.i. = 0.6204476659042514 +/- 0.002779485955974203



REPORT for Depository of Queueing Place : P/category_category----------------------------------------

tkOcp=0.0

------------------ Color = category --------------------
arrivCnt=277576 deptCnt=277576
arrivThrPut=0.02778540443709769 deptThrPut=0.02778540443709769
meanTkPop=0.0 tkColOcp=0.0
-----
meanST=0.0 stDevST=0.0

Steady State Statistics: numBatchesST=1387 batchSizeST=200 stDevStdStateMeanST=0.0
95% c.i. = 0.0 +/- 0.0



REPORT for Queue : Persistence----------------------------------------

totArrivThrPut=0.1669636780461138 totDeptThrPut=0.1669636780461138
meanTotTkPop=0.08171191874160486 queueUtil=0.0704046980796922
meanST=0.4893993693588661



REPORT for Queue of Queueing Place : P/getProduct_product----------------------------------------

queueUtilQPl=0.004943258418916627

------------------ Color = product --------------------
arrivCnt=278049 deptCnt=278049
arrivThrPut=0.027832751816909876 deptThrPut=0.027832751816909876
meanTkPop=0.00501957438716752 tkColOcp=0.004943258418916627
-----
meanST=0.18034775792876728 stDevST=0.39751544069688693

Steady State Statistics: numBatchesST=695 batchSizeST=400 stDevStdStateMeanST=0.020963764356353567
95% c.i. = 0.18033577207080664 +/- 0.0015585651393561846



REPORT for Depository of Queueing Place : P/getProduct_product----------------------------------------

tkOcp=0.0

------------------ Color = product --------------------
arrivCnt=278049 deptCnt=278049
arrivThrPut=0.027832751816909876 deptThrPut=0.027832751816909876
meanTkPop=0.0 tkColOcp=0.0
-----
meanST=0.0 stDevST=0.0

Steady State Statistics: numBatchesST=1390 batchSizeST=200 stDevStdStateMeanST=0.0
95% c.i. = 0.0 +/- 0.0



REPORT for Queue : Persistence----------------------------------------

totArrivThrPut=0.1669636780461138 totDeptThrPut=0.1669636780461138
meanTotTkPop=0.08171191874160486 queueUtil=0.0704046980796922
meanST=0.4893993693588661



REPORT for Queue of Queueing Place : R/getAds_product----------------------------------------

queueUtilQPl=0.003288988865484713

------------------ Color = product --------------------
arrivCnt=278049 deptCnt=278049
arrivThrPut=0.027832751816909876 deptThrPut=0.027832751816909876
meanTkPop=0.0033018056309550166 tkColOcp=0.003288988865484713
-----
meanST=0.11863022573818928 stDevST=0.11848850401780743

Steady State Statistics: numBatchesST=695 batchSizeST=400 stDevStdStateMeanST=0.006005394248653617
95% c.i. = 0.11863131995785049 +/- 4.464750683578898E-4



REPORT for Depository of Queueing Place : R/getAds_product----------------------------------------

tkOcp=0.0

------------------ Color = product --------------------
arrivCnt=278049 deptCnt=278049
arrivThrPut=0.027832751816909876 deptThrPut=0.027832751816909876
meanTkPop=0.0 tkColOcp=0.0
-----
meanST=0.0 stDevST=0.0

Steady State Statistics: numBatchesST=1390 batchSizeST=200 stDevStdStateMeanST=0.0
95% c.i. = 0.0 +/- 0.0



REPORT for Queue : Recommender----------------------------------------

totArrivThrPut=0.027832751816909876 totDeptThrPut=0.027832751816909876
meanTotTkPop=0.0033018056309550166 queueUtil=0.003288988865484713
meanST=0.11863022573818928



REPORT for Queue of Queueing Place : I/productImages_category----------------------------------------

queueUtilQPl=0.0356411329856134

------------------ Color = category --------------------
arrivCnt=277576 deptCnt=277576
arrivThrPut=0.02778540443709769 deptThrPut=0.02778540443709769
meanTkPop=0.03697191635058843 tkColOcp=0.0356411329856134
-----
meanST=1.3306236529429587 stDevST=1.317409285811864

Steady State Statistics: numBatchesST=693 batchSizeST=400 stDevStdStateMeanST=0.06856212699515751
95% c.i. = 1.3308180306879411 +/- 0.005104647482750147



REPORT for Depository of Queueing Place : I/productImages_category----------------------------------------

tkOcp=0.0

------------------ Color = category --------------------
arrivCnt=277576 deptCnt=277576
arrivThrPut=0.02778540443709769 deptThrPut=0.02778540443709769
meanTkPop=0.0 tkColOcp=0.0
-----
meanST=0.0 stDevST=0.0

Steady State Statistics: numBatchesST=1387 batchSizeST=200 stDevStdStateMeanST=0.0
95% c.i. = 0.0 +/- 0.0



REPORT for Queue : ImageProvider----------------------------------------

totArrivThrPut=0.16696367804611384 totDeptThrPut=0.16696367804611384
meanTotTkPop=0.0913809311863175 queueUtil=0.07958779844105869
meanST=0.5473102428965355



REPORT for Queue of Queueing Place : I/product_product----------------------------------------

queueUtilQPl=0.015138370294240226

------------------ Color = product --------------------
arrivCnt=278049 deptCnt=278049
arrivThrPut=0.027832751816909876 deptThrPut=0.027832751816909876
meanTkPop=0.015424072700093553 tkColOcp=0.015138370294240226
-----
meanST=0.5541698787657283 stDevST=0.6290175648935767

Steady State Statistics: numBatchesST=695 batchSizeST=400 stDevStdStateMeanST=0.03301688743662042
95% c.i. = 0.554144821576686 +/- 0.002454662669072022



REPORT for Depository of Queueing Place : I/product_product----------------------------------------

tkOcp=0.0

------------------ Color = product --------------------
arrivCnt=278049 deptCnt=278049
arrivThrPut=0.027832751816909876 deptThrPut=0.027832751816909876
meanTkPop=0.0 tkColOcp=0.0
-----
meanST=0.0 stDevST=0.0

Steady State Statistics: numBatchesST=1390 batchSizeST=200 stDevStdStateMeanST=0.0
95% c.i. = 0.0 +/- 0.0



REPORT for Queue : ImageProvider----------------------------------------

totArrivThrPut=0.16696367804611384 totDeptThrPut=0.16696367804611384
meanTotTkPop=0.0913809311863175 queueUtil=0.07958779844105869
meanST=0.5473102428965355



REPORT for Queue of Queueing Place : Workload----------------------------------------

queueUtilQPl=1.0

------------------ Color = workload --------------------
arrivCnt=1667966 deptCnt=1667965
arrivThrPut=0.1669636780461138 deptThrPut=0.16696357794594507
meanTkPop=1.0 tkColOcp=1.0
-----
meanST=5.989326711393777 stDevST=5.980922474648943

Steady State Statistics: numBatchesST=4169 batchSizeST=400 stDevStdStateMeanST=0.29978023647772445
95% c.i. = 5.989403813764882 +/- 0.009099869020233053



REPORT for Depository of Queueing Place : Workload----------------------------------------

tkOcp=0.0

------------------ Color = workload --------------------
arrivCnt=1667965 deptCnt=1667966
arrivThrPut=0.16696357794594507 deptThrPut=0.1669636780461138
meanTkPop=0.0 tkColOcp=0.0
-----
meanST=0.0 stDevST=0.0

Steady State Statistics: numBatchesST=8339 batchSizeST=200 stDevStdStateMeanST=0.0
95% c.i. = 0.0 +/- 0.0



REPORT for Queue : Workload----------------------------------------

totArrivThrPut=0.1669636780461138 totDeptThrPut=0.16696357794594507
meanTotTkPop=1.0 queueUtil=1.0
meanST=5.989326711393777



REPORT for Queue of Queueing Place : I/icon_index----------------------------------------

queueUtilQPl=0.013706394424597776

------------------ Color = index --------------------
arrivCnt=278062 deptCnt=278062
arrivThrPut=0.027834053119103447 deptThrPut=0.027834053119103447
meanTkPop=0.013924827445042713 tkColOcp=0.013706394424597776
-----
meanST=0.5002802640872175 stDevST=0.580065203954268

Steady State Statistics: numBatchesST=695 batchSizeST=400 stDevStdStateMeanST=0.03067182584140468
95% c.i. = 0.5002648486505984 +/- 0.0022803174899420843



REPORT for Depository of Queueing Place : I/icon_index----------------------------------------

tkOcp=0.0

------------------ Color = index --------------------
arrivCnt=278062 deptCnt=278061
arrivThrPut=0.027834053119103447 deptThrPut=0.02783395301893471
meanTkPop=0.0 tkColOcp=0.0
-----
meanST=0.0 stDevST=0.0

Steady State Statistics: numBatchesST=1390 batchSizeST=200 stDevStdStateMeanST=0.0
95% c.i. = 0.0 +/- 0.0



REPORT for Queue : ImageProvider----------------------------------------

totArrivThrPut=0.16696367804611384 totDeptThrPut=0.16696367804611384
meanTotTkPop=0.0913809311863175 queueUtil=0.07958779844105869
meanST=0.5473102428965355



REPORT for Queue of Queueing Place : P/categories_login----------------------------------------

queueUtilQPl=0.004381071271321264

------------------ Color = login --------------------
arrivCnt=278479 deptCnt=278479
arrivThrPut=0.02787579488946641 deptThrPut=0.02787579488946641
meanTkPop=0.0044508919433216936 tkColOcp=0.004381071271321264
-----
meanST=0.15966870042524164 stDevST=0.4026572854233312

Steady State Statistics: numBatchesST=696 batchSizeST=400 stDevStdStateMeanST=0.020776551164165637
95% c.i. = 0.1596672889021993 +/- 0.0015435365900391123



REPORT for Depository of Queueing Place : P/categories_login----------------------------------------

tkOcp=0.0

------------------ Color = login --------------------
arrivCnt=278479 deptCnt=278479
arrivThrPut=0.02787579488946641 deptThrPut=0.02787579488946641
meanTkPop=0.0 tkColOcp=0.0
-----
meanST=0.0 stDevST=0.0

Steady State Statistics: numBatchesST=1392 batchSizeST=200 stDevStdStateMeanST=0.0
95% c.i. = 0.0 +/- 0.0



REPORT for Queue : Persistence----------------------------------------

totArrivThrPut=0.1669636780461138 totDeptThrPut=0.1669636780461138
meanTotTkPop=0.08171191874160486 queueUtil=0.0704046980796922
meanST=0.4893993693588661



REPORT for Queue of Queueing Place : I/icon_login----------------------------------------

queueUtilQPl=0.006308831699381074

------------------ Color = login --------------------
arrivCnt=278479 deptCnt=278479
arrivThrPut=0.02787579488946641 deptThrPut=0.02787579488946641
meanTkPop=0.006425272867564298 tkColOcp=0.006308831699381074
-----
meanST=0.23049648962628339 stDevST=0.4546801872543334

Steady State Statistics: numBatchesST=696 batchSizeST=400 stDevStdStateMeanST=0.02379477422934432
95% c.i. = 0.23050542894733372 +/- 0.0017677671517522832



REPORT for Depository of Queueing Place : I/icon_login----------------------------------------

tkOcp=0.0

------------------ Color = login --------------------
arrivCnt=278479 deptCnt=278479
arrivThrPut=0.02787579488946641 deptThrPut=0.02787579488946641
meanTkPop=0.0 tkColOcp=0.0
-----
meanST=0.0 stDevST=0.0

Steady State Statistics: numBatchesST=1392 batchSizeST=200 stDevStdStateMeanST=0.0
95% c.i. = 0.0 +/- 0.0



REPORT for Queue : ImageProvider----------------------------------------

totArrivThrPut=0.16696367804611384 totDeptThrPut=0.16696367804611384
meanTotTkPop=0.0913809311863175 queueUtil=0.07958779844105869
meanST=0.5473102428965355



REPORT for Queue of Queueing Place : A/isLoggedIn_login----------------------------------------

queueUtilQPl=0.006302101892116005

------------------ Color = login --------------------
arrivCnt=278479 deptCnt=278479
arrivThrPut=0.02787579488946641 deptThrPut=0.02787579488946641
meanTkPop=0.00650117180901033 tkColOcp=0.006302101892116005
-----
meanST=0.23321924396376464 stDevST=0.635705462448567

Steady State Statistics: numBatchesST=348 batchSizeST=800 stDevStdStateMeanST=0.023772738983023664
95% c.i. = 0.2332352233406071 +/- 0.002497685145816389



REPORT for Depository of Queueing Place : A/isLoggedIn_login----------------------------------------

tkOcp=0.0

------------------ Color = login --------------------
arrivCnt=278479 deptCnt=278479
arrivThrPut=0.02787579488946641 deptThrPut=0.02787579488946641
meanTkPop=0.0 tkColOcp=0.0
-----
meanST=0.0 stDevST=0.0

Steady State Statistics: numBatchesST=1392 batchSizeST=200 stDevStdStateMeanST=0.0
95% c.i. = 0.0 +/- 0.0



REPORT for Queue : Auth----------------------------------------

totArrivThrPut=0.16696367804611378 totDeptThrPut=0.16696367804611378
meanTotTkPop=0.11709387546739458 queueUtil=0.09713393606627649
meanST=0.7013134643275789



REPORT for Queue of Queueing Place : A/isLoggedIn_category----------------------------------------

queueUtilQPl=0.011147052707883133

------------------ Color = category --------------------
arrivCnt=277576 deptCnt=277576
arrivThrPut=0.02778540443709769 deptThrPut=0.02778540443709769
meanTkPop=0.01136996142776173 tkColOcp=0.011147052707883133
-----
meanST=0.4092062598369496 stDevST=0.6698779294001178

Steady State Statistics: numBatchesST=693 batchSizeST=400 stDevStdStateMeanST=0.03444744364946436
95% c.i. = 0.40918683778072434 +/- 0.0025647112220546385



REPORT for Depository of Queueing Place : A/isLoggedIn_category----------------------------------------

tkOcp=0.0

------------------ Color = category --------------------
arrivCnt=277576 deptCnt=277576
arrivThrPut=0.02778540443709769 deptThrPut=0.02778540443709769
meanTkPop=0.0 tkColOcp=0.0
-----
meanST=0.0 stDevST=0.0

Steady State Statistics: numBatchesST=1387 batchSizeST=200 stDevStdStateMeanST=0.0
95% c.i. = 0.0 +/- 0.0



REPORT for Queue : Auth----------------------------------------

totArrivThrPut=0.16696367804611378 totDeptThrPut=0.16696367804611378
meanTotTkPop=0.11709387546739458 queueUtil=0.09713393606627649
meanST=0.7013134643275789



REPORT for Queue of Queueing Place : I/icon_logout----------------------------------------

queueUtilQPl=0.011405895370722096

------------------ Color = logout --------------------
arrivCnt=277443 deptCnt=277443
arrivThrPut=0.027772091114655787 deptThrPut=0.027772091114655787
meanTkPop=0.011611397273516979 tkColOcp=0.011405895370722096
-----
meanST=0.41809589438475714 stDevST=0.5288886179619576

Steady State Statistics: numBatchesST=693 batchSizeST=400 stDevStdStateMeanST=0.027174639407937736
95% c.i. = 0.41809527026741766 +/- 0.002023230035704256



REPORT for Depository of Queueing Place : I/icon_logout----------------------------------------

tkOcp=0.0

------------------ Color = logout --------------------
arrivCnt=277443 deptCnt=277443
arrivThrPut=0.027772091114655787 deptThrPut=0.027772091114655787
meanTkPop=0.0 tkColOcp=0.0
-----
meanST=0.0 stDevST=0.0

Steady State Statistics: numBatchesST=1387 batchSizeST=200 stDevStdStateMeanST=0.0
95% c.i. = 0.0 +/- 0.0



REPORT for Queue : ImageProvider----------------------------------------

totArrivThrPut=0.16696367804611384 totDeptThrPut=0.16696367804611384
meanTotTkPop=0.0913809311863175 queueUtil=0.07958779844105869
meanST=0.5473102428965355



REPORT for Queue of Queueing Place : I/icon_loginAction----------------------------------------

queueUtilQPl=0.006953988395511432

------------------ Color = loginAction --------------------
arrivCnt=278357 deptCnt=278357
arrivThrPut=0.0278635826688806 deptThrPut=0.0278635826688806
meanTkPop=0.0070234445495115354 tkColOcp=0.006953988395511432
-----
meanST=0.25206537985352684 stDevST=0.3707875868377006

Steady State Statistics: numBatchesST=347 batchSizeST=800 stDevStdStateMeanST=0.013293434850454552
95% c.i. = 0.25209730094910915 +/- 0.0013986870860764119



REPORT for Depository of Queueing Place : I/icon_loginAction----------------------------------------

tkOcp=0.0

------------------ Color = loginAction --------------------
arrivCnt=278357 deptCnt=278357
arrivThrPut=0.0278635826688806 deptThrPut=0.0278635826688806
meanTkPop=0.0 tkColOcp=0.0
-----
meanST=0.0 stDevST=0.0

Steady State Statistics: numBatchesST=1391 batchSizeST=200 stDevStdStateMeanST=0.0
95% c.i. = 0.0 +/- 0.0



REPORT for Queue : ImageProvider----------------------------------------

totArrivThrPut=0.16696367804611384 totDeptThrPut=0.16696367804611384
meanTotTkPop=0.0913809311863175 queueUtil=0.07958779844105869
meanST=0.5473102428965355



REPORT for Queue of Queueing Place : A/isLoggedIn_product----------------------------------------

queueUtilQPl=0.02426279210703139

------------------ Color = product --------------------
arrivCnt=278049 deptCnt=278049
arrivThrPut=0.027832751816909876 deptThrPut=0.027832751816909876
meanTkPop=0.024954351247527144 tkColOcp=0.02426279210703139
-----
meanST=0.89658224999391 stDevST=0.9928817779382657

Steady State Statistics: numBatchesST=695 batchSizeST=400 stDevStdStateMeanST=0.052194268335556626
95% c.i. = 0.8965749610881346 +/- 0.0038804179306349816



REPORT for Depository of Queueing Place : A/isLoggedIn_product----------------------------------------

tkOcp=0.0

------------------ Color = product --------------------
arrivCnt=278049 deptCnt=278049
arrivThrPut=0.027832751816909876 deptThrPut=0.027832751816909876
meanTkPop=0.0 tkColOcp=0.0
-----
meanST=0.0 stDevST=0.0

Steady State Statistics: numBatchesST=1390 batchSizeST=200 stDevStdStateMeanST=0.0
95% c.i. = 0.0 +/- 0.0



REPORT for Queue : Auth----------------------------------------

totArrivThrPut=0.16696367804611378 totDeptThrPut=0.16696367804611378
meanTotTkPop=0.11709387546739458 queueUtil=0.09713393606627649
meanST=0.7013134643275789



REPORT for Queue of Queueing Place : P/category_logout----------------------------------------

queueUtilQPl=0.011241521347963388

------------------ Color = logout --------------------
arrivCnt=277443 deptCnt=277443
arrivThrPut=0.027772091114655787 deptThrPut=0.027772091114655787
meanTkPop=0.01142592567516247 tkColOcp=0.011241521347963388
-----
meanST=0.41141754965411376 stDevST=0.5204686927931336

Steady State Statistics: numBatchesST=693 batchSizeST=400 stDevStdStateMeanST=0.027662039626179753
95% c.i. = 0.41144720379620064 +/- 0.0020595183833122107



REPORT for Depository of Queueing Place : P/category_logout----------------------------------------

tkOcp=0.0

------------------ Color = logout --------------------
arrivCnt=277443 deptCnt=277443
arrivThrPut=0.027772091114655787 deptThrPut=0.027772091114655787
meanTkPop=0.0 tkColOcp=0.0
-----
meanST=0.0 stDevST=0.0

Steady State Statistics: numBatchesST=1387 batchSizeST=200 stDevStdStateMeanST=0.0
95% c.i. = 0.0 +/- 0.0



REPORT for Queue : Persistence----------------------------------------

totArrivThrPut=0.1669636780461138 totDeptThrPut=0.1669636780461138
meanTotTkPop=0.08171191874160486 queueUtil=0.0704046980796922
meanST=0.4893993693588661



REPORT for Ordinary Place : Finish_index----------------------------------------

tkOcp=0.9999999999999998

------------------ Color = index --------------------
arrivCnt=278061 deptCnt=0
arrivThrPut=0.02783395301893471 deptThrPut=0.0
meanTkPop=139564.33155542935 tkColOcp=0.9999999999999998
-----
meanST=NaN stDevST=NaN

Steady State Statistics: Only 0 batches collected!
Need at least 60 for steady state statistics.



REPORT for Ordinary Place : Finish_login----------------------------------------

tkOcp=0.9999999999999998

------------------ Color = login --------------------
arrivCnt=278479 deptCnt=0
arrivThrPut=0.02787579488946641 deptThrPut=0.0
meanTkPop=139609.87737948773 tkColOcp=0.9999999999999998
-----
meanST=NaN stDevST=NaN

Steady State Statistics: Only 0 batches collected!
Need at least 60 for steady state statistics.



REPORT for Ordinary Place : Finish_loginAction----------------------------------------

tkOcp=1.0

------------------ Color = loginAction --------------------
arrivCnt=278357 deptCnt=0
arrivThrPut=0.0278635826688806 deptThrPut=0.0
meanTkPop=139217.71142397745 tkColOcp=1.0
-----
meanST=NaN stDevST=NaN

Steady State Statistics: Only 0 batches collected!
Need at least 60 for steady state statistics.



REPORT for Ordinary Place : Finish_category----------------------------------------

tkOcp=0.9999999999999998

------------------ Color = category --------------------
arrivCnt=277576 deptCnt=0
arrivThrPut=0.02778540443709769 deptThrPut=0.0
meanTkPop=138971.46943456135 tkColOcp=0.9999999999999998
-----
meanST=NaN stDevST=NaN

Steady State Statistics: Only 0 batches collected!
Need at least 60 for steady state statistics.



REPORT for Ordinary Place : Finish_product----------------------------------------

tkOcp=1.0

------------------ Color = product --------------------
arrivCnt=278049 deptCnt=0
arrivThrPut=0.027832751816909876 deptThrPut=0.0
meanTkPop=139120.1890482054 tkColOcp=1.0
-----
meanST=NaN stDevST=NaN

Steady State Statistics: Only 0 batches collected!
Need at least 60 for steady state statistics.



REPORT for Ordinary Place : Finish_logout----------------------------------------

tkOcp=1.0

------------------ Color = logout --------------------
arrivCnt=277443 deptCnt=0
arrivThrPut=0.027772091114655787 deptThrPut=0.0
meanTkPop=139073.2662292894 tkColOcp=1.0
-----
meanST=NaN stDevST=NaN

Steady State Statistics: Only 0 batches collected!
Need at least 60 for steady state statistics.



REPORT REPORT for Probe : /index----------------------------------------


------------------ Color = index --------------------
-----
meanST=2.74484882736097 stDevST=1.993347979218846

Steady State Statistics: numBatchesST=695 batchSizeST=400 stDevStdStateMeanST=0.11417791002442702
95% c.i. = 2.7447354448544785 +/- 0.008488633397307098



REPORT REPORT for Probe : /login----------------------------------------


------------------ Color = login --------------------
-----
meanST=1.1012120785498454 stDevST=1.0533078863928143

Steady State Statistics: numBatchesST=696 batchSizeST=400 stDevStdStateMeanST=0.05713000407706952
95% c.i. = 1.1012327061233769 +/- 0.0042443161516687545



REPORT REPORT for Probe : /loginAction----------------------------------------


------------------ Color = loginAction --------------------
-----
meanST=2.720013903133146 stDevST=1.675618670727952

Steady State Statistics: numBatchesST=695 batchSizeST=400 stDevStdStateMeanST=0.09220345422925473
95% c.i. = 2.7200118228611614 +/- 0.006854927724198862



REPORT REPORT for Probe : /logout----------------------------------------


------------------ Color = logout --------------------
-----
meanST=1.71092612968898 stDevST=1.1257558003086956

Steady State Statistics: numBatchesST=693 batchSizeST=400 stDevStdStateMeanST=0.06010255909628864
95% c.i. = 1.7109982312542895 +/- 0.0044748083299600795



REPORT REPORT for Probe : /category----------------------------------------


------------------ Color = category --------------------
-----
meanST=2.800231271230295 stDevST=1.6961630109399626

Steady State Statistics: numBatchesST=693 batchSizeST=400 stDevStdStateMeanST=0.09050284456401174
95% c.i. = 2.800416765856082 +/- 0.0067381969891050775



REPORT REPORT for Probe : /product----------------------------------------


------------------ Color = product --------------------
-----
meanST=2.389405948437582 stDevST=1.42024130443037

Steady State Statistics: numBatchesST=695 batchSizeST=400 stDevStdStateMeanST=0.0742214092834142
95% c.i. = 2.3893738379043823 +/- 0.005518040516800487



