INFO Logging to /home/yjx/workloadConfig/qpme/output/SimQPN_Output_config_2025-08-14_061401250.log
WARN Batch means correlation test was run for depository of place Workload, color 0
    However, the standard deviation of the token residence time is 0 and therefore the result of the test is ignored!
    In future runs, you should set numBMeansCorlTested to 0 to switch off the correlation test!
WARN Batch means correlation test was run for depository of place W/product, color 0
    However, the standard deviation of the token residence time is 0 and therefore the result of the test is ignored!
    In future runs, you should set numBMeansCorlTested to 0 to switch off the correlation test!
WARN Batch means correlation test was run for depository of place P/getProduct_product, color 0
    However, the standard deviation of the token residence time is 0 and therefore the result of the test is ignored!
    In future runs, you should set numBMeansCorlTested to 0 to switch off the correlation test!
WARN Batch means correlation test was run for depository of place R/getAds_product, color 0
    However, the standard deviation of the token residence time is 0 and therefore the result of the test is ignored!
    In future runs, you should set numBMeansCorlTested to 0 to switch off the correlation test!
WARN Batch means correlation test was run for depository of place I/product_product, color 0
    However, the standard deviation of the token residence time is 0 and therefore the result of the test is ignored!
    In future runs, you should set numBMeansCorlTested to 0 to switch off the correlation test!
WARN Batch means correlation test was run for depository of place A/isLoggedIn_product, color 0
    However, the standard deviation of the token residence time is 0 and therefore the result of the test is ignored!
    In future runs, you should set numBMeansCorlTested to 0 to switch off the correlation test!
WARN Batch means correlation test was run for depository of place W/index, color 0
    However, the standard deviation of the token residence time is 0 and therefore the result of the test is ignored!
    In future runs, you should set numBMeansCorlTested to 0 to switch off the correlation test!
WARN Batch means correlation test was run for depository of place P/categories_index, color 0
    However, the standard deviation of the token residence time is 0 and therefore the result of the test is ignored!
    In future runs, you should set numBMeansCorlTested to 0 to switch off the correlation test!
WARN Batch means correlation test was run for depository of place A/isLoggedIn_index, color 0
    However, the standard deviation of the token residence time is 0 and therefore the result of the test is ignored!
    In future runs, you should set numBMeansCorlTested to 0 to switch off the correlation test!
WARN Batch means correlation test was run for depository of place I/icon_index, color 0
    However, the standard deviation of the token residence time is 0 and therefore the result of the test is ignored!
    In future runs, you should set numBMeansCorlTested to 0 to switch off the correlation test!
WARN Batch means correlation test was run for depository of place W/login, color 0
    However, the standard deviation of the token residence time is 0 and therefore the result of the test is ignored!
    In future runs, you should set numBMeansCorlTested to 0 to switch off the correlation test!
WARN Batch means correlation test was run for depository of place P/categories_login, color 0
    However, the standard deviation of the token residence time is 0 and therefore the result of the test is ignored!
    In future runs, you should set numBMeansCorlTested to 0 to switch off the correlation test!
WARN Batch means correlation test was run for depository of place I/icon_login, color 0
    However, the standard deviation of the token residence time is 0 and therefore the result of the test is ignored!
    In future runs, you should set numBMeansCorlTested to 0 to switch off the correlation test!
WARN Batch means correlation test was run for depository of place A/isLoggedIn_login, color 0
    However, the standard deviation of the token residence time is 0 and therefore the result of the test is ignored!
    In future runs, you should set numBMeansCorlTested to 0 to switch off the correlation test!
WARN Batch means correlation test was run for depository of place W/loginAction, color 0
    However, the standard deviation of the token residence time is 0 and therefore the result of the test is ignored!
    In future runs, you should set numBMeansCorlTested to 0 to switch off the correlation test!
WARN Batch means correlation test was run for depository of place A/login_loginAction, color 0
    However, the standard deviation of the token residence time is 0 and therefore the result of the test is ignored!
    In future runs, you should set numBMeansCorlTested to 0 to switch off the correlation test!
WARN Batch means correlation test was run for depository of place P/getUser_loginAction, color 0
    However, the standard deviation of the token residence time is 0 and therefore the result of the test is ignored!
    In future runs, you should set numBMeansCorlTested to 0 to switch off the correlation test!
WARN Batch means correlation test was run for depository of place I/icon_loginAction, color 0
    However, the standard deviation of the token residence time is 0 and therefore the result of the test is ignored!
    In future runs, you should set numBMeansCorlTested to 0 to switch off the correlation test!
WARN Batch means correlation test was run for depository of place W/logout, color 0
    However, the standard deviation of the token residence time is 0 and therefore the result of the test is ignored!
    In future runs, you should set numBMeansCorlTested to 0 to switch off the correlation test!
WARN Batch means correlation test was run for depository of place A/logout_logout, color 0
    However, the standard deviation of the token residence time is 0 and therefore the result of the test is ignored!
    In future runs, you should set numBMeansCorlTested to 0 to switch off the correlation test!
WARN Batch means correlation test was run for depository of place P/category_logout, color 0
    However, the standard deviation of the token residence time is 0 and therefore the result of the test is ignored!
    In future runs, you should set numBMeansCorlTested to 0 to switch off the correlation test!
WARN Batch means correlation test was run for depository of place I/icon_logout, color 0
    However, the standard deviation of the token residence time is 0 and therefore the result of the test is ignored!
    In future runs, you should set numBMeansCorlTested to 0 to switch off the correlation test!
WARN Batch means correlation test was run for depository of place W/category, color 0
    However, the standard deviation of the token residence time is 0 and therefore the result of the test is ignored!
    In future runs, you should set numBMeansCorlTested to 0 to switch off the correlation test!
WARN Batch means correlation test was run for depository of place P/category_category, color 0
    However, the standard deviation of the token residence time is 0 and therefore the result of the test is ignored!
    In future runs, you should set numBMeansCorlTested to 0 to switch off the correlation test!
WARN Batch means correlation test was run for depository of place I/productImages_category, color 0
    However, the standard deviation of the token residence time is 0 and therefore the result of the test is ignored!
    In future runs, you should set numBMeansCorlTested to 0 to switch off the correlation test!
WARN Batch means correlation test was run for depository of place A/isLoggedIn_category, color 0
    However, the standard deviation of the token residence time is 0 and therefore the result of the test is ignored!
    In future runs, you should set numBMeansCorlTested to 0 to switch off the correlation test!
WARN LP-1 The simulation was stopped because of reaching max totalRunLen.
The required precision may not have been reached!
REPORT for Queue of Queueing Place : W/index----------------------------------------

queueUtilQPl=0.003368970656483427

------------------ Color = index --------------------
arrivCnt=277624 deptCnt=277624
arrivThrPut=0.027790214229515258 deptThrPut=0.027790214229515258
meanTkPop=0.0033850225974158617 tkColOcp=0.003368970656483427
-----
meanST=0.12180627934205408 stDevST=0.16569237992588892

Steady State Statistics: numBatchesST=694 batchSizeST=400 stDevStdStateMeanST=0.008858188615098121
95% c.i. = 0.12180797852738737 +/- 6.590422831469307E-4



REPORT for Depository of Queueing Place : W/index----------------------------------------

tkOcp=0.0

------------------ Color = index --------------------
arrivCnt=277624 deptCnt=277624
arrivThrPut=0.027790214229515258 deptThrPut=0.027790214229515258
meanTkPop=0.0 tkColOcp=0.0
-----
meanST=0.0 stDevST=0.0

Steady State Statistics: numBatchesST=1388 batchSizeST=200 stDevStdStateMeanST=0.0
95% c.i. = 0.0 +/- 0.0



REPORT for Queue : WebUI----------------------------------------

totArrivThrPut=0.1665925364996708 totDeptThrPut=0.1665925364996708
meanTotTkPop=0.053012123546927296 queueUtil=0.04968456546692521
meanST=0.31821427694650684



REPORT for Queue of Queueing Place : P/categories_index----------------------------------------

queueUtilQPl=0.003340313304716625

------------------ Color = index --------------------
arrivCnt=277624 deptCnt=277624
arrivThrPut=0.027790214229515258 deptThrPut=0.027790214229515258
meanTkPop=0.0033539425769438295 tkColOcp=0.003340313304716625
-----
meanST=0.1206878993175121 stDevST=0.13964770022601972

Steady State Statistics: numBatchesST=694 batchSizeST=400 stDevStdStateMeanST=0.006836480728653492
95% c.i. = 0.1206900504109819 +/- 5.086288025547853E-4



REPORT for Depository of Queueing Place : P/categories_index----------------------------------------

tkOcp=0.0

------------------ Color = index --------------------
arrivCnt=277624 deptCnt=277624
arrivThrPut=0.027790214229515258 deptThrPut=0.027790214229515258
meanTkPop=0.0 tkColOcp=0.0
-----
meanST=0.0 stDevST=0.0

Steady State Statistics: numBatchesST=1388 batchSizeST=200 stDevStdStateMeanST=0.0
95% c.i. = 0.0 +/- 0.0



REPORT for Queue : Persistence----------------------------------------

totArrivThrPut=0.1665925364996708 totDeptThrPut=0.1665925364996708
meanTotTkPop=0.03354340678084068 queueUtil=0.031904903671529955
meanST=0.2013499973386081



REPORT for Queue of Queueing Place : A/isLoggedIn_index----------------------------------------

queueUtilQPl=0.0093119362524946

------------------ Color = index --------------------
arrivCnt=277624 deptCnt=277624
arrivThrPut=0.027790214229515258 deptThrPut=0.027790214229515258
meanTkPop=0.009406384351038638 tkColOcp=0.0093119362524946
-----
meanST=0.3384782957537752 stDevST=0.3615614101107143

Steady State Statistics: numBatchesST=694 batchSizeST=400 stDevStdStateMeanST=0.018801631878231945
95% c.i. = 0.33847957821494007 +/- 0.0013988266606559316



REPORT for Depository of Queueing Place : A/isLoggedIn_index----------------------------------------

tkOcp=0.0

------------------ Color = index --------------------
arrivCnt=277624 deptCnt=277624
arrivThrPut=0.027790214229515258 deptThrPut=0.027790214229515258
meanTkPop=0.0 tkColOcp=0.0
-----
meanST=0.0 stDevST=0.0

Steady State Statistics: numBatchesST=1388 batchSizeST=200 stDevStdStateMeanST=0.0
95% c.i. = 0.0 +/- 0.0



REPORT for Queue : Auth----------------------------------------

totArrivThrPut=0.1665925364996708 totDeptThrPut=0.1665925364996708
meanTotTkPop=0.05225025766196448 queueUtil=0.048112133417575226
meanST=0.3136410475511773



REPORT for Queue of Queueing Place : W/login----------------------------------------

queueUtilQPl=0.00720042210797999

------------------ Color = login --------------------
arrivCnt=276543 deptCnt=276543
arrivThrPut=0.027682005927703795 deptThrPut=0.027682005927703795
meanTkPop=0.007254363977753639 tkColOcp=0.00720042210797999
-----
meanST=0.2620606323363859 stDevST=0.2753103419191584

Steady State Statistics: numBatchesST=691 batchSizeST=400 stDevStdStateMeanST=0.013745486731744895
95% c.i. = 0.26205299549914185 +/- 0.001024870966674288



REPORT for Depository of Queueing Place : W/login----------------------------------------

tkOcp=0.0

------------------ Color = login --------------------
arrivCnt=276543 deptCnt=276543
arrivThrPut=0.027682005927703795 deptThrPut=0.027682005927703795
meanTkPop=0.0 tkColOcp=0.0
-----
meanST=0.0 stDevST=0.0

Steady State Statistics: numBatchesST=1382 batchSizeST=200 stDevStdStateMeanST=0.0
95% c.i. = 0.0 +/- 0.0



REPORT for Queue : WebUI----------------------------------------

totArrivThrPut=0.1665925364996708 totDeptThrPut=0.1665925364996708
meanTotTkPop=0.053012123546927296 queueUtil=0.04968456546692521
meanST=0.31821427694650684



REPORT for Queue of Queueing Place : W/loginAction----------------------------------------

queueUtilQPl=0.00346251444635284

------------------ Color = loginAction --------------------
arrivCnt=277553 deptCnt=277553
arrivThrPut=0.027783107116260294 deptThrPut=0.027783107116260294
meanTkPop=0.0034786952531952902 tkColOcp=0.00346251444635284
-----
meanST=0.1252090069925748 stDevST=0.16885030930172226

Steady State Statistics: numBatchesST=693 batchSizeST=400 stDevStdStateMeanST=0.008536349788097067
95% c.i. = 0.12520142384634989 +/- 6.355557852043024E-4



REPORT for Depository of Queueing Place : W/loginAction----------------------------------------

tkOcp=0.0

------------------ Color = loginAction --------------------
arrivCnt=277553 deptCnt=277553
arrivThrPut=0.027783107116260294 deptThrPut=0.027783107116260294
meanTkPop=0.0 tkColOcp=0.0
-----
meanST=0.0 stDevST=0.0

Steady State Statistics: numBatchesST=1387 batchSizeST=200 stDevStdStateMeanST=0.0
95% c.i. = 0.0 +/- 0.0



REPORT for Queue : WebUI----------------------------------------

totArrivThrPut=0.1665925364996708 totDeptThrPut=0.1665925364996708
meanTotTkPop=0.053012123546927296 queueUtil=0.04968456546692521
meanST=0.31821427694650684



REPORT for Queue of Queueing Place : A/login_loginAction----------------------------------------

queueUtilQPl=0.022410166574883428

------------------ Color = loginAction --------------------
arrivCnt=277553 deptCnt=277553
arrivThrPut=0.027783107116260294 deptThrPut=0.027783107116260294
meanTkPop=0.022916557651449784 tkColOcp=0.022410166574883428
-----
meanST=0.8248378252134974 stDevST=0.8183788718113569

Steady State Statistics: numBatchesST=693 batchSizeST=400 stDevStdStateMeanST=0.043287437605597535
95% c.i. = 0.8248845782007831 +/- 0.0032228741885986733



REPORT for Depository of Queueing Place : A/login_loginAction----------------------------------------

tkOcp=0.0

------------------ Color = loginAction --------------------
arrivCnt=277553 deptCnt=277553
arrivThrPut=0.027783107116260294 deptThrPut=0.027783107116260294
meanTkPop=0.0 tkColOcp=0.0
-----
meanST=0.0 stDevST=0.0

Steady State Statistics: numBatchesST=1387 batchSizeST=200 stDevStdStateMeanST=0.0
95% c.i. = 0.0 +/- 0.0



REPORT for Queue : Auth----------------------------------------

totArrivThrPut=0.1665925364996708 totDeptThrPut=0.1665925364996708
meanTotTkPop=0.05225025766196448 queueUtil=0.048112133417575226
meanST=0.3136410475511773



REPORT for Queue of Queueing Place : W/logout----------------------------------------

queueUtilQPl=0.011354501261617049

------------------ Color = logout --------------------
arrivCnt=277888 deptCnt=277888
arrivThrPut=0.027816640678801314 deptThrPut=0.027816640678801314
meanTkPop=0.01148539995785108 tkColOcp=0.011354501261617049
-----
meanST=0.4128967293525112 stDevST=0.41441430462801143

Steady State Statistics: numBatchesST=694 batchSizeST=400 stDevStdStateMeanST=0.020679216632707026
95% c.i. = 0.4128918463532839 +/- 0.0015385174933033713



REPORT for Depository of Queueing Place : W/logout----------------------------------------

tkOcp=0.0

------------------ Color = logout --------------------
arrivCnt=277888 deptCnt=277888
arrivThrPut=0.027816640678801314 deptThrPut=0.027816640678801314
meanTkPop=0.0 tkColOcp=0.0
-----
meanST=0.0 stDevST=0.0

Steady State Statistics: numBatchesST=1389 batchSizeST=200 stDevStdStateMeanST=0.0
95% c.i. = 0.0 +/- 0.0



REPORT for Queue : WebUI----------------------------------------

totArrivThrPut=0.1665925364996708 totDeptThrPut=0.1665925364996708
meanTotTkPop=0.053012123546927296 queueUtil=0.04968456546692521
meanST=0.31821427694650684



REPORT for Queue of Queueing Place : A/logout_logout----------------------------------------

queueUtilQPl=0.005933156131219503

------------------ Color = logout --------------------
arrivCnt=277888 deptCnt=277888
arrivThrPut=0.027816640678801314 deptThrPut=0.027816640678801314
meanTkPop=0.005973469338354666 tkColOcp=0.005933156131219503
-----
meanST=0.21474445485097582 stDevST=0.2535173165439681

Steady State Statistics: numBatchesST=347 batchSizeST=800 stDevStdStateMeanST=0.009305559306718818
95% c.i. = 0.21474961040401583 +/- 9.790972594702061E-4



REPORT for Depository of Queueing Place : A/logout_logout----------------------------------------

tkOcp=0.0

------------------ Color = logout --------------------
arrivCnt=277888 deptCnt=277888
arrivThrPut=0.027816640678801314 deptThrPut=0.027816640678801314
meanTkPop=0.0 tkColOcp=0.0
-----
meanST=0.0 stDevST=0.0

Steady State Statistics: numBatchesST=1389 batchSizeST=200 stDevStdStateMeanST=0.0
95% c.i. = 0.0 +/- 0.0



REPORT for Queue : Auth----------------------------------------

totArrivThrPut=0.1665925364996708 totDeptThrPut=0.1665925364996708
meanTotTkPop=0.05225025766196448 queueUtil=0.048112133417575226
meanST=0.3136410475511773



REPORT for Queue of Queueing Place : P/getUser_loginAction----------------------------------------

queueUtilQPl=0.01122810083828175

------------------ Color = loginAction --------------------
arrivCnt=277553 deptCnt=277553
arrivThrPut=0.027783107116260294 deptThrPut=0.027783107116260294
meanTkPop=0.011351320785402042 tkColOcp=0.01122810083828175
-----
meanST=0.4085691617536394 stDevST=0.4071564952475708

Steady State Statistics: numBatchesST=693 batchSizeST=400 stDevStdStateMeanST=0.02096373374129505
95% c.i. = 0.4085714639695877 +/- 0.0015608102513958513



REPORT for Depository of Queueing Place : P/getUser_loginAction----------------------------------------

tkOcp=0.0

------------------ Color = loginAction --------------------
arrivCnt=277553 deptCnt=277553
arrivThrPut=0.027783107116260294 deptThrPut=0.027783107116260294
meanTkPop=0.0 tkColOcp=0.0
-----
meanST=0.0 stDevST=0.0

Steady State Statistics: numBatchesST=1387 batchSizeST=200 stDevStdStateMeanST=0.0
95% c.i. = 0.0 +/- 0.0



REPORT for Queue : Persistence----------------------------------------

totArrivThrPut=0.1665925364996708 totDeptThrPut=0.1665925364996708
meanTotTkPop=0.03354340678084068 queueUtil=0.031904903671529955
meanST=0.2013499973386081



REPORT for Queue of Queueing Place : W/category----------------------------------------

queueUtilQPl=0.013458395204739092

------------------ Color = category --------------------
arrivCnt=276732 deptCnt=276732
arrivThrPut=0.027700924862988127 deptThrPut=0.027700924862988127
meanTkPop=0.013649440249150425 tkColOcp=0.013458395204739092
-----
meanST=0.49274312380045365 stDevST=0.490118089488385

Steady State Statistics: numBatchesST=691 batchSizeST=400 stDevStdStateMeanST=0.025144928769889642
95% c.i. = 0.4927201907905735 +/- 0.0018748195650167088



REPORT for Depository of Queueing Place : W/category----------------------------------------

tkOcp=0.0

------------------ Color = category --------------------
arrivCnt=276732 deptCnt=276732
arrivThrPut=0.027700924862988127 deptThrPut=0.027700924862988127
meanTkPop=0.0 tkColOcp=0.0
-----
meanST=0.0 stDevST=0.0

Steady State Statistics: numBatchesST=1383 batchSizeST=200 stDevStdStateMeanST=0.0
95% c.i. = 0.0 +/- 0.0



REPORT for Queue : WebUI----------------------------------------

totArrivThrPut=0.1665925364996708 totDeptThrPut=0.1665925364996708
meanTotTkPop=0.053012123546927296 queueUtil=0.04968456546692521
meanST=0.31821427694650684



REPORT for Queue of Queueing Place : W/product----------------------------------------

queueUtilQPl=0.013569675560619386

------------------ Color = product --------------------
arrivCnt=277918 deptCnt=277918
arrivThrPut=0.027819643684402002 deptThrPut=0.027819643684402002
meanTkPop=0.013759201511560999 tkColOcp=0.013569675560619386
-----
meanST=0.4945858281885741 stDevST=0.49330335321152874

Steady State Statistics: numBatchesST=694 batchSizeST=400 stDevStdStateMeanST=0.024124725838147745
95% c.i. = 0.4945711486808317 +/- 0.001794860674965491



REPORT for Depository of Queueing Place : W/product----------------------------------------

tkOcp=0.0

------------------ Color = product --------------------
arrivCnt=277918 deptCnt=277918
arrivThrPut=0.027819643684402002 deptThrPut=0.027819643684402002
meanTkPop=0.0 tkColOcp=0.0
-----
meanST=0.0 stDevST=0.0

Steady State Statistics: numBatchesST=1389 batchSizeST=200 stDevStdStateMeanST=0.0
95% c.i. = 0.0 +/- 0.0



REPORT for Queue : WebUI----------------------------------------

totArrivThrPut=0.1665925364996708 totDeptThrPut=0.1665925364996708
meanTotTkPop=0.053012123546927296 queueUtil=0.04968456546692521
meanST=0.31821427694650684



REPORT for Queue of Queueing Place : P/category_category----------------------------------------

queueUtilQPl=0.003200655306274668

------------------ Color = category --------------------
arrivCnt=276732 deptCnt=276732
arrivThrPut=0.027700924862988127 deptThrPut=0.027700924862988127
meanTkPop=0.003212639428396906 tkColOcp=0.003200655306274668
-----
meanST=0.11597589049055149 stDevST=0.13081743044339583

Steady State Statistics: numBatchesST=691 batchSizeST=400 stDevStdStateMeanST=0.006607249563598196
95% c.i. = 0.11598451786154092 +/- 4.926401210416465E-4



REPORT for Depository of Queueing Place : P/category_category----------------------------------------

tkOcp=0.0

------------------ Color = category --------------------
arrivCnt=276732 deptCnt=276732
arrivThrPut=0.027700924862988127 deptThrPut=0.027700924862988127
meanTkPop=0.0 tkColOcp=0.0
-----
meanST=0.0 stDevST=0.0

Steady State Statistics: numBatchesST=1383 batchSizeST=200 stDevStdStateMeanST=0.0
95% c.i. = 0.0 +/- 0.0



REPORT for Queue : Persistence----------------------------------------

totArrivThrPut=0.1665925364996708 totDeptThrPut=0.1665925364996708
meanTotTkPop=0.03354340678084068 queueUtil=0.031904903671529955
meanST=0.2013499973386081



REPORT for Queue of Queueing Place : P/getProduct_product----------------------------------------

queueUtilQPl=0.009150311845387891

------------------ Color = product --------------------
arrivCnt=277918 deptCnt=277918
arrivThrPut=0.027819643684402002 deptThrPut=0.027819643684402002
meanTkPop=0.009233260802553031 tkColOcp=0.009150311845387891
-----
meanST=0.33189716256969753 stDevST=0.33179250170996866

Steady State Statistics: numBatchesST=694 batchSizeST=400 stDevStdStateMeanST=0.015618015042804946
95% c.i. = 0.3318746709758801 +/- 0.0011619680658514933



REPORT for Depository of Queueing Place : P/getProduct_product----------------------------------------

tkOcp=0.0

------------------ Color = product --------------------
arrivCnt=277918 deptCnt=277918
arrivThrPut=0.027819643684402002 deptThrPut=0.027819643684402002
meanTkPop=0.0 tkColOcp=0.0
-----
meanST=0.0 stDevST=0.0

Steady State Statistics: numBatchesST=1389 batchSizeST=200 stDevStdStateMeanST=0.0
95% c.i. = 0.0 +/- 0.0



REPORT for Queue : Persistence----------------------------------------

totArrivThrPut=0.1665925364996708 totDeptThrPut=0.1665925364996708
meanTotTkPop=0.03354340678084068 queueUtil=0.031904903671529955
meanST=0.2013499973386081



REPORT for Queue of Queueing Place : R/getAds_product----------------------------------------

queueUtilQPl=0.011300040782906674

------------------ Color = product --------------------
arrivCnt=277918 deptCnt=277918
arrivThrPut=0.027819643684402002 deptThrPut=0.027819643684402002
meanTkPop=0.011432662122488642 tkColOcp=0.011300040782906674
-----
meanST=0.4109564540863886 stDevST=0.4110447345701163

Steady State Statistics: numBatchesST=694 batchSizeST=400 stDevStdStateMeanST=0.02188963251679886
95% c.i. = 0.411020217837239 +/- 0.0016285714854310108



REPORT for Depository of Queueing Place : R/getAds_product----------------------------------------

tkOcp=0.0

------------------ Color = product --------------------
arrivCnt=277918 deptCnt=277918
arrivThrPut=0.027819643684402002 deptThrPut=0.027819643684402002
meanTkPop=0.0 tkColOcp=0.0
-----
meanST=0.0 stDevST=0.0

Steady State Statistics: numBatchesST=1389 batchSizeST=200 stDevStdStateMeanST=0.0
95% c.i. = 0.0 +/- 0.0



REPORT for Queue : Recommender----------------------------------------

totArrivThrPut=0.027819643684402002 totDeptThrPut=0.027819643684402002
meanTotTkPop=0.011432662122488642 queueUtil=0.011300040782906674
meanST=0.4109564540863886



REPORT for Queue of Queueing Place : I/productImages_category----------------------------------------

queueUtilQPl=0.003799756554372627

------------------ Color = category --------------------
arrivCnt=276732 deptCnt=276732
arrivThrPut=0.027700924862988127 deptThrPut=0.027700924862988127
meanTkPop=0.0038258597721560674 tkColOcp=0.003799756554372627
-----
meanST=0.13811306990936936 stDevST=0.23440145470208865

Steady State Statistics: numBatchesST=691 batchSizeST=400 stDevStdStateMeanST=0.012082623413290168
95% c.i. = 0.13806245838520897 +/- 9.008869732449354E-4



REPORT for Depository of Queueing Place : I/productImages_category----------------------------------------

tkOcp=0.0

------------------ Color = category --------------------
arrivCnt=276732 deptCnt=276732
arrivThrPut=0.027700924862988127 deptThrPut=0.027700924862988127
meanTkPop=0.0 tkColOcp=0.0
-----
meanST=0.0 stDevST=0.0

Steady State Statistics: numBatchesST=1383 batchSizeST=200 stDevStdStateMeanST=0.0
95% c.i. = 0.0 +/- 0.0



REPORT for Queue : ImageProvider----------------------------------------

totArrivThrPut=0.16659253649967082 totDeptThrPut=0.16659253649967082
meanTotTkPop=0.07204956354168304 queueUtil=0.06584902650215244
meanST=0.4324897444719884



REPORT for Queue of Queueing Place : I/product_product----------------------------------------

queueUtilQPl=0.009458105524138106

------------------ Color = product --------------------
arrivCnt=277918 deptCnt=277918
arrivThrPut=0.027819643684402002 deptThrPut=0.027819643684402002
meanTkPop=0.009558447220513978 tkColOcp=0.009458105524138106
-----
meanST=0.3435862561343025 stDevST=0.37788647174430856

Steady State Statistics: numBatchesST=694 batchSizeST=400 stDevStdStateMeanST=0.01931919194491816
95% c.i. = 0.3435981755402483 +/- 0.001437332723558362



REPORT for Depository of Queueing Place : I/product_product----------------------------------------

tkOcp=0.0

------------------ Color = product --------------------
arrivCnt=277918 deptCnt=277918
arrivThrPut=0.027819643684402002 deptThrPut=0.027819643684402002
meanTkPop=0.0 tkColOcp=0.0
-----
meanST=0.0 stDevST=0.0

Steady State Statistics: numBatchesST=1389 batchSizeST=200 stDevStdStateMeanST=0.0
95% c.i. = 0.0 +/- 0.0



REPORT for Queue : ImageProvider----------------------------------------

totArrivThrPut=0.16659253649967082 totDeptThrPut=0.16659253649967082
meanTotTkPop=0.07204956354168304 queueUtil=0.06584902650215244
meanST=0.4324897444719884



REPORT for Queue of Queueing Place : Workload----------------------------------------

queueUtilQPl=1.0

------------------ Color = workload --------------------
arrivCnt=1664258 deptCnt=1664258
arrivThrPut=0.1665925364996708 deptThrPut=0.1665925364996708
meanTkPop=1.0 tkColOcp=1.0
-----
meanST=6.002669873520872 stDevST=6.000874306403006

Steady State Statistics: numBatchesST=4160 batchSizeST=400 stDevStdStateMeanST=0.3001460835050543
95% c.i. = 6.002691737538481 +/- 0.009120824651984227



REPORT for Depository of Queueing Place : Workload----------------------------------------

tkOcp=0.0

------------------ Color = workload --------------------
arrivCnt=1664258 deptCnt=1664258
arrivThrPut=0.1665925364996708 deptThrPut=0.1665925364996708
meanTkPop=0.0 tkColOcp=0.0
-----
meanST=0.0 stDevST=0.0

Steady State Statistics: numBatchesST=8321 batchSizeST=200 stDevStdStateMeanST=0.0
95% c.i. = 0.0 +/- 0.0



REPORT for Queue : Workload----------------------------------------

totArrivThrPut=0.1665925364996708 totDeptThrPut=0.1665925364996708
meanTotTkPop=1.0 queueUtil=1.0
meanST=6.002669873520872



REPORT for Queue of Queueing Place : I/icon_index----------------------------------------

queueUtilQPl=0.023271168658216917

------------------ Color = index --------------------
arrivCnt=277624 deptCnt=277624
arrivThrPut=0.027790214229515258 deptThrPut=0.027790214229515258
meanTkPop=0.023831628352505706 tkColOcp=0.023271168658216917
-----
meanST=0.8575546829428453 stDevST=0.8459796790613773

Steady State Statistics: numBatchesST=694 batchSizeST=400 stDevStdStateMeanST=0.044494808311422454
95% c.i. = 0.857532265010659 +/- 0.003310378829342647



REPORT for Depository of Queueing Place : I/icon_index----------------------------------------

tkOcp=0.0

------------------ Color = index --------------------
arrivCnt=277624 deptCnt=277624
arrivThrPut=0.027790214229515258 deptThrPut=0.027790214229515258
meanTkPop=0.0 tkColOcp=0.0
-----
meanST=0.0 stDevST=0.0

Steady State Statistics: numBatchesST=1388 batchSizeST=200 stDevStdStateMeanST=0.0
95% c.i. = 0.0 +/- 0.0



REPORT for Queue : ImageProvider----------------------------------------

totArrivThrPut=0.16659253649967082 totDeptThrPut=0.16659253649967082
meanTotTkPop=0.07204956354168304 queueUtil=0.06584902650215244
meanST=0.4324897444719884



REPORT for Queue of Queueing Place : P/categories_login----------------------------------------

queueUtilQPl=0.0029049928256856834

------------------ Color = login --------------------
arrivCnt=276543 deptCnt=276543
arrivThrPut=0.027682005927703795 deptThrPut=0.027682005927703795
meanTkPop=0.002915072969594224 tkColOcp=0.0029049928256856834
-----
meanST=0.10530569848180173 stDevST=0.12485892665589711

Steady State Statistics: numBatchesST=691 batchSizeST=400 stDevStdStateMeanST=0.006211302211868702
95% c.i. = 0.10531248274325351 +/- 4.631180711471195E-4



REPORT for Depository of Queueing Place : P/categories_login----------------------------------------

tkOcp=0.0

------------------ Color = login --------------------
arrivCnt=276543 deptCnt=276543
arrivThrPut=0.027682005927703795 deptThrPut=0.027682005927703795
meanTkPop=0.0 tkColOcp=0.0
-----
meanST=0.0 stDevST=0.0

Steady State Statistics: numBatchesST=1382 batchSizeST=200 stDevStdStateMeanST=0.0
95% c.i. = 0.0 +/- 0.0



REPORT for Queue : Persistence----------------------------------------

totArrivThrPut=0.1665925364996708 totDeptThrPut=0.1665925364996708
meanTotTkPop=0.03354340678084068 queueUtil=0.031904903671529955
meanST=0.2013499973386081



REPORT for Queue of Queueing Place : I/icon_login----------------------------------------

queueUtilQPl=0.01237026598133705

------------------ Color = login --------------------
arrivCnt=276543 deptCnt=276543
arrivThrPut=0.027682005927703795 deptThrPut=0.027682005927703795
meanTkPop=0.012528025005214018 tkColOcp=0.01237026598133705
-----
meanST=0.4525692624274794 stDevST=0.4704859840229888

Steady State Statistics: numBatchesST=691 batchSizeST=400 stDevStdStateMeanST=0.02377002306854776
95% c.i. = 0.4525820009127463 +/- 0.0017723058481349373



REPORT for Depository of Queueing Place : I/icon_login----------------------------------------

tkOcp=0.0

------------------ Color = login --------------------
arrivCnt=276543 deptCnt=276543
arrivThrPut=0.027682005927703795 deptThrPut=0.027682005927703795
meanTkPop=0.0 tkColOcp=0.0
-----
meanST=0.0 stDevST=0.0

Steady State Statistics: numBatchesST=1382 batchSizeST=200 stDevStdStateMeanST=0.0
95% c.i. = 0.0 +/- 0.0



REPORT for Queue : ImageProvider----------------------------------------

totArrivThrPut=0.16659253649967082 totDeptThrPut=0.16659253649967082
meanTotTkPop=0.07204956354168304 queueUtil=0.06584902650215244
meanST=0.4324897444719884



REPORT for Queue of Queueing Place : A/isLoggedIn_login----------------------------------------

queueUtilQPl=0.0036969795713428437

------------------ Color = login --------------------
arrivCnt=276543 deptCnt=276543
arrivThrPut=0.027682005927703795 deptThrPut=0.027682005927703795
meanTkPop=0.003723043062628464 tkColOcp=0.0036969795713428437
-----
meanST=0.1344932542949314 stDevST=0.21544338345955383

Steady State Statistics: numBatchesST=691 batchSizeST=400 stDevStdStateMeanST=0.011253285825457503
95% c.i. = 0.13450279445465457 +/- 8.390511116323805E-4



REPORT for Depository of Queueing Place : A/isLoggedIn_login----------------------------------------

tkOcp=0.0

------------------ Color = login --------------------
arrivCnt=276543 deptCnt=276543
arrivThrPut=0.027682005927703795 deptThrPut=0.027682005927703795
meanTkPop=0.0 tkColOcp=0.0
-----
meanST=0.0 stDevST=0.0

Steady State Statistics: numBatchesST=1382 batchSizeST=200 stDevStdStateMeanST=0.0
95% c.i. = 0.0 +/- 0.0



REPORT for Queue : Auth----------------------------------------

totArrivThrPut=0.1665925364996708 totDeptThrPut=0.1665925364996708
meanTotTkPop=0.05225025766196448 queueUtil=0.048112133417575226
meanST=0.3136410475511773



REPORT for Queue of Queueing Place : A/isLoggedIn_category----------------------------------------

queueUtilQPl=0.006552809380590061

------------------ Color = category --------------------
arrivCnt=276732 deptCnt=276732
arrivThrPut=0.027700924862988127 deptThrPut=0.027700924862988127
meanTkPop=0.0066064179084532665 tkColOcp=0.006552809380590061
-----
meanST=0.23849087859446383 stDevST=0.28150093991510305

Steady State Statistics: numBatchesST=345 batchSizeST=800 stDevStdStateMeanST=0.0107025373655632
95% c.i. = 0.23849926390492698 +/- 0.0011293415227523914



REPORT for Depository of Queueing Place : A/isLoggedIn_category----------------------------------------

tkOcp=0.0

------------------ Color = category --------------------
arrivCnt=276732 deptCnt=276732
arrivThrPut=0.027700924862988127 deptThrPut=0.027700924862988127
meanTkPop=0.0 tkColOcp=0.0
-----
meanST=0.0 stDevST=0.0

Steady State Statistics: numBatchesST=1383 batchSizeST=200 stDevStdStateMeanST=0.0
95% c.i. = 0.0 +/- 0.0



REPORT for Queue : Auth----------------------------------------

totArrivThrPut=0.1665925364996708 totDeptThrPut=0.1665925364996708
meanTotTkPop=0.05225025766196448 queueUtil=0.048112133417575226
meanST=0.3136410475511773



REPORT for Queue of Queueing Place : I/icon_logout----------------------------------------

queueUtilQPl=0.016239664962759158

------------------ Color = logout --------------------
arrivCnt=277888 deptCnt=277888
arrivThrPut=0.027816640678801314 deptThrPut=0.027816640678801314
meanTkPop=0.016512179375570996 tkColOcp=0.016239664962759158
-----
meanST=0.5936079617318674 stDevST=0.5995932595094424

Steady State Statistics: numBatchesST=347 batchSizeST=800 stDevStdStateMeanST=0.02286035550776466
95% c.i. = 0.5936570590016916 +/- 0.0024052838405969152



REPORT for Depository of Queueing Place : I/icon_logout----------------------------------------

tkOcp=0.0

------------------ Color = logout --------------------
arrivCnt=277888 deptCnt=277888
arrivThrPut=0.027816640678801314 deptThrPut=0.027816640678801314
meanTkPop=0.0 tkColOcp=0.0
-----
meanST=0.0 stDevST=0.0

Steady State Statistics: numBatchesST=1389 batchSizeST=200 stDevStdStateMeanST=0.0
95% c.i. = 0.0 +/- 0.0



REPORT for Queue : ImageProvider----------------------------------------

totArrivThrPut=0.16659253649967082 totDeptThrPut=0.16659253649967082
meanTotTkPop=0.07204956354168304 queueUtil=0.06584902650215244
meanST=0.4324897444719884



REPORT for Queue of Queueing Place : I/icon_loginAction----------------------------------------

queueUtilQPl=0.005751878268058863

------------------ Color = loginAction --------------------
arrivCnt=277553 deptCnt=277553
arrivThrPut=0.027783107116260294 deptThrPut=0.027783107116260294
meanTkPop=0.005793423815722267 tkColOcp=0.005751878268058863
-----
meanST=0.20852325089052468 stDevST=0.2702920115369197

Steady State Statistics: numBatchesST=693 batchSizeST=400 stDevStdStateMeanST=0.013319639624740993
95% c.i. = 0.2085351966025998 +/- 9.916854663271377E-4



REPORT for Depository of Queueing Place : I/icon_loginAction----------------------------------------

tkOcp=0.0

------------------ Color = loginAction --------------------
arrivCnt=277553 deptCnt=277553
arrivThrPut=0.027783107116260294 deptThrPut=0.027783107116260294
meanTkPop=0.0 tkColOcp=0.0
-----
meanST=0.0 stDevST=0.0

Steady State Statistics: numBatchesST=1387 batchSizeST=200 stDevStdStateMeanST=0.0
95% c.i. = 0.0 +/- 0.0



REPORT for Queue : ImageProvider----------------------------------------

totArrivThrPut=0.16659253649967082 totDeptThrPut=0.16659253649967082
meanTotTkPop=0.07204956354168304 queueUtil=0.06584902650215244
meanST=0.4324897444719884



REPORT for Queue of Queueing Place : A/isLoggedIn_product----------------------------------------

queueUtilQPl=0.0035995607788397517

------------------ Color = product --------------------
arrivCnt=277918 deptCnt=277918
arrivThrPut=0.027819643684402002 deptThrPut=0.027819643684402002
meanTkPop=0.0036243853500396613 tkColOcp=0.0035995607788397517
-----
meanST=0.13028151586541678 stDevST=0.21248199150783972

Steady State Statistics: numBatchesST=694 batchSizeST=400 stDevStdStateMeanST=0.010786156207914552
95% c.i. = 0.13028070208192502 +/- 8.024815594384028E-4



REPORT for Depository of Queueing Place : A/isLoggedIn_product----------------------------------------

tkOcp=0.0

------------------ Color = product --------------------
arrivCnt=277918 deptCnt=277918
arrivThrPut=0.027819643684402002 deptThrPut=0.027819643684402002
meanTkPop=0.0 tkColOcp=0.0
-----
meanST=0.0 stDevST=0.0

Steady State Statistics: numBatchesST=1389 batchSizeST=200 stDevStdStateMeanST=0.0
95% c.i. = 0.0 +/- 0.0



REPORT for Queue : Auth----------------------------------------

totArrivThrPut=0.1665925364996708 totDeptThrPut=0.1665925364996708
meanTotTkPop=0.05225025766196448 queueUtil=0.048112133417575226
meanST=0.3136410475511773



REPORT for Queue of Queueing Place : P/category_logout----------------------------------------

queueUtilQPl=0.0034615851331940063

------------------ Color = logout --------------------
arrivCnt=277888 deptCnt=277888
arrivThrPut=0.027816640678801314 deptThrPut=0.027816640678801314
meanTkPop=0.003477170217950652 tkColOcp=0.0034615851331940063
-----
meanST=0.1250032402582874 stDevST=0.1454672314397866

Steady State Statistics: numBatchesST=347 batchSizeST=800 stDevStdStateMeanST=0.005145179520580387
95% c.i. = 0.12500827515087853 +/- 5.413571610300957E-4



REPORT for Depository of Queueing Place : P/category_logout----------------------------------------

tkOcp=0.0

------------------ Color = logout --------------------
arrivCnt=277888 deptCnt=277888
arrivThrPut=0.027816640678801314 deptThrPut=0.027816640678801314
meanTkPop=0.0 tkColOcp=0.0
-----
meanST=0.0 stDevST=0.0

Steady State Statistics: numBatchesST=1389 batchSizeST=200 stDevStdStateMeanST=0.0
95% c.i. = 0.0 +/- 0.0



REPORT for Queue : Persistence----------------------------------------

totArrivThrPut=0.1665925364996708 totDeptThrPut=0.1665925364996708
meanTotTkPop=0.03354340678084068 queueUtil=0.031904903671529955
meanST=0.2013499973386081



REPORT for Ordinary Place : Finish_index----------------------------------------

tkOcp=1.0

------------------ Color = index --------------------
arrivCnt=277624 deptCnt=0
arrivThrPut=0.027790214229515258 deptThrPut=0.0
meanTkPop=139210.88751310043 tkColOcp=1.0
-----
meanST=NaN stDevST=NaN

Steady State Statistics: Only 0 batches collected!
Need at least 60 for steady state statistics.



REPORT for Ordinary Place : Finish_login----------------------------------------

tkOcp=1.0000000000000002

------------------ Color = login --------------------
arrivCnt=276543 deptCnt=0
arrivThrPut=0.027682005927703795 deptThrPut=0.0
meanTkPop=138575.35978313055 tkColOcp=1.0000000000000002
-----
meanST=NaN stDevST=NaN

Steady State Statistics: Only 0 batches collected!
Need at least 60 for steady state statistics.



REPORT for Ordinary Place : Finish_loginAction----------------------------------------

tkOcp=1.0

------------------ Color = loginAction --------------------
arrivCnt=277553 deptCnt=0
arrivThrPut=0.027783107116260294 deptThrPut=0.0
meanTkPop=139010.06927886815 tkColOcp=1.0
-----
meanST=NaN stDevST=NaN

Steady State Statistics: Only 0 batches collected!
Need at least 60 for steady state statistics.



REPORT for Ordinary Place : Finish_category----------------------------------------

tkOcp=1.0

------------------ Color = category --------------------
arrivCnt=276732 deptCnt=0
arrivThrPut=0.027700924862988127 deptThrPut=0.0
meanTkPop=138638.33822459457 tkColOcp=1.0
-----
meanST=NaN stDevST=NaN

Steady State Statistics: Only 0 batches collected!
Need at least 60 for steady state statistics.



REPORT for Ordinary Place : Finish_product----------------------------------------

tkOcp=1.0

------------------ Color = product --------------------
arrivCnt=277918 deptCnt=0
arrivThrPut=0.027819643684402002 deptThrPut=0.0
meanTkPop=139250.09745305768 tkColOcp=1.0
-----
meanST=NaN stDevST=NaN

Steady State Statistics: Only 0 batches collected!
Need at least 60 for steady state statistics.



REPORT for Ordinary Place : Finish_logout----------------------------------------

tkOcp=1.0000000000000002

------------------ Color = logout --------------------
arrivCnt=277888 deptCnt=0
arrivThrPut=0.027816640678801314 deptThrPut=0.0
meanTkPop=139135.74004860685 tkColOcp=1.0000000000000002
-----
meanST=NaN stDevST=NaN

Steady State Statistics: Only 0 batches collected!
Need at least 60 for steady state statistics.



REPORT REPORT for Probe : /index----------------------------------------


------------------ Color = index --------------------
-----
meanST=1.4385271573561866 stDevST=0.9498713452934525

Steady State Statistics: numBatchesST=694 batchSizeST=400 stDevStdStateMeanST=0.04871365533396779
95% c.i. = 1.4385098721639697 +/- 0.0036242577378642975



REPORT REPORT for Probe : /login----------------------------------------


------------------ Color = login --------------------
-----
meanST=0.9544288475405985 stDevST=0.6032314700224795

Steady State Statistics: numBatchesST=691 batchSizeST=400 stDevStdStateMeanST=0.03042214833205163
95% c.i. = 0.9544502736097955 +/- 0.002268291925768742



REPORT REPORT for Probe : /loginAction----------------------------------------


------------------ Color = loginAction --------------------
-----
meanST=1.5671392448502364 stDevST=0.9686530363117104

Steady State Statistics: numBatchesST=693 batchSizeST=400 stDevStdStateMeanST=0.05156813329341287
95% c.i. = 1.5671926626193202 +/- 0.003839395790987293



REPORT REPORT for Probe : /logout----------------------------------------


------------------ Color = logout --------------------
-----
meanST=1.346252386193642 stDevST=0.790400780922234

Steady State Statistics: numBatchesST=347 batchSizeST=800 stDevStdStateMeanST=0.029275446251369453
95% c.i. = 1.3463067909098705 +/- 0.0030802564627993357



REPORT REPORT for Probe : /category----------------------------------------


------------------ Color = category --------------------
-----
meanST=0.9853229627948383 stDevST=0.624760077822011

Steady State Statistics: numBatchesST=691 batchSizeST=400 stDevStdStateMeanST=0.03310253884432928
95% c.i. = 0.9852848450679077 +/- 0.0024681433001866684



REPORT REPORT for Probe : /product----------------------------------------


------------------ Color = product --------------------
-----
meanST=1.7113072168443795 stDevST=0.8467246426565992

Steady State Statistics: numBatchesST=694 batchSizeST=400 stDevStdStateMeanST=0.042896954884791935
95% c.i. = 1.711344915116124 +/- 0.003191499788019699



