INFO Logging to /home/yjx/workloadConfig/qpme/output/SimQPN_Output_config_2025-08-14_041000266.log
WARN Batch means correlation test was run for depository of place Workload, color 0
    However, the standard deviation of the token residence time is 0 and therefore the result of the test is ignored!
    In future runs, you should set numBMeansCorlTested to 0 to switch off the correlation test!
WARN Batch means correlation test was run for depository of place W/category, color 0
    However, the standard deviation of the token residence time is 0 and therefore the result of the test is ignored!
    In future runs, you should set numBMeansCorlTested to 0 to switch off the correlation test!
WARN Batch means correlation test was run for depository of place P/category_category, color 0
    However, the standard deviation of the token residence time is 0 and therefore the result of the test is ignored!
    In future runs, you should set numBMeansCorlTested to 0 to switch off the correlation test!
WARN Batch means correlation test was run for depository of place I/productImages_category, color 0
    However, the standard deviation of the token residence time is 0 and therefore the result of the test is ignored!
    In future runs, you should set numBMeansCorlTested to 0 to switch off the correlation test!
WARN Batch means correlation test was run for depository of place A/isLoggedIn_category, color 0
    However, the standard deviation of the token residence time is 0 and therefore the result of the test is ignored!
    In future runs, you should set numBMeansCorlTested to 0 to switch off the correlation test!
WARN Batch means correlation test was run for depository of place W/index, color 0
    However, the standard deviation of the token residence time is 0 and therefore the result of the test is ignored!
    In future runs, you should set numBMeansCorlTested to 0 to switch off the correlation test!
WARN Batch means correlation test was run for depository of place P/categories_index, color 0
    However, the standard deviation of the token residence time is 0 and therefore the result of the test is ignored!
    In future runs, you should set numBMeansCorlTested to 0 to switch off the correlation test!
WARN Batch means correlation test was run for depository of place A/isLoggedIn_index, color 0
    However, the standard deviation of the token residence time is 0 and therefore the result of the test is ignored!
    In future runs, you should set numBMeansCorlTested to 0 to switch off the correlation test!
WARN Batch means correlation test was run for depository of place I/icon_index, color 0
    However, the standard deviation of the token residence time is 0 and therefore the result of the test is ignored!
    In future runs, you should set numBMeansCorlTested to 0 to switch off the correlation test!
WARN Batch means correlation test was run for depository of place W/loginAction, color 0
    However, the standard deviation of the token residence time is 0 and therefore the result of the test is ignored!
    In future runs, you should set numBMeansCorlTested to 0 to switch off the correlation test!
WARN Batch means correlation test was run for depository of place A/login_loginAction, color 0
    However, the standard deviation of the token residence time is 0 and therefore the result of the test is ignored!
    In future runs, you should set numBMeansCorlTested to 0 to switch off the correlation test!
WARN Batch means correlation test was run for depository of place P/getUser_loginAction, color 0
    However, the standard deviation of the token residence time is 0 and therefore the result of the test is ignored!
    In future runs, you should set numBMeansCorlTested to 0 to switch off the correlation test!
WARN Batch means correlation test was run for depository of place I/icon_loginAction, color 0
    However, the standard deviation of the token residence time is 0 and therefore the result of the test is ignored!
    In future runs, you should set numBMeansCorlTested to 0 to switch off the correlation test!
WARN Batch means correlation test was run for depository of place W/logout, color 0
    However, the standard deviation of the token residence time is 0 and therefore the result of the test is ignored!
    In future runs, you should set numBMeansCorlTested to 0 to switch off the correlation test!
WARN Batch means correlation test was run for depository of place A/logout_logout, color 0
    However, the standard deviation of the token residence time is 0 and therefore the result of the test is ignored!
    In future runs, you should set numBMeansCorlTested to 0 to switch off the correlation test!
WARN Batch means correlation test was run for depository of place P/category_logout, color 0
    However, the standard deviation of the token residence time is 0 and therefore the result of the test is ignored!
    In future runs, you should set numBMeansCorlTested to 0 to switch off the correlation test!
WARN Batch means correlation test was run for depository of place I/icon_logout, color 0
    However, the standard deviation of the token residence time is 0 and therefore the result of the test is ignored!
    In future runs, you should set numBMeansCorlTested to 0 to switch off the correlation test!
WARN Batch means correlation test was run for depository of place W/product, color 0
    However, the standard deviation of the token residence time is 0 and therefore the result of the test is ignored!
    In future runs, you should set numBMeansCorlTested to 0 to switch off the correlation test!
WARN Batch means correlation test was run for depository of place P/getProduct_product, color 0
    However, the standard deviation of the token residence time is 0 and therefore the result of the test is ignored!
    In future runs, you should set numBMeansCorlTested to 0 to switch off the correlation test!
WARN Batch means correlation test was run for depository of place R/getAds_product, color 0
    However, the standard deviation of the token residence time is 0 and therefore the result of the test is ignored!
    In future runs, you should set numBMeansCorlTested to 0 to switch off the correlation test!
WARN Batch means correlation test was run for depository of place I/product_product, color 0
    However, the standard deviation of the token residence time is 0 and therefore the result of the test is ignored!
    In future runs, you should set numBMeansCorlTested to 0 to switch off the correlation test!
WARN Batch means correlation test was run for depository of place A/isLoggedIn_product, color 0
    However, the standard deviation of the token residence time is 0 and therefore the result of the test is ignored!
    In future runs, you should set numBMeansCorlTested to 0 to switch off the correlation test!
WARN Batch means correlation test was run for depository of place W/login, color 0
    However, the standard deviation of the token residence time is 0 and therefore the result of the test is ignored!
    In future runs, you should set numBMeansCorlTested to 0 to switch off the correlation test!
WARN Batch means correlation test was run for depository of place P/categories_login, color 0
    However, the standard deviation of the token residence time is 0 and therefore the result of the test is ignored!
    In future runs, you should set numBMeansCorlTested to 0 to switch off the correlation test!
WARN Batch means correlation test was run for depository of place I/icon_login, color 0
    However, the standard deviation of the token residence time is 0 and therefore the result of the test is ignored!
    In future runs, you should set numBMeansCorlTested to 0 to switch off the correlation test!
WARN Batch means correlation test was run for depository of place A/isLoggedIn_login, color 0
    However, the standard deviation of the token residence time is 0 and therefore the result of the test is ignored!
    In future runs, you should set numBMeansCorlTested to 0 to switch off the correlation test!
WARN LP-1 The simulation was stopped because of reaching max totalRunLen.
The required precision may not have been reached!
REPORT for Queue of Queueing Place : W/index----------------------------------------

queueUtilQPl=0.010577696139339449

------------------ Color = index --------------------
arrivCnt=277387 deptCnt=277387
arrivThrPut=0.02776650103904417 deptThrPut=0.02776650103904417
meanTkPop=0.010704825998943865 tkColOcp=0.010577696139339449
-----
meanST=0.3855302468212022 stDevST=0.42696478871128135

Steady State Statistics: numBatchesST=346 batchSizeST=800 stDevStdStateMeanST=0.01569688898386347
95% c.i. = 0.3855227415879179 +/- 0.001653954767909251



REPORT for Depository of Queueing Place : W/index----------------------------------------

tkOcp=0.0

------------------ Color = index --------------------
arrivCnt=277387 deptCnt=277387
arrivThrPut=0.02776650103904417 deptThrPut=0.02776650103904417
meanTkPop=0.0 tkColOcp=0.0
-----
meanST=0.0 stDevST=0.0

Steady State Statistics: numBatchesST=1386 batchSizeST=200 stDevStdStateMeanST=0.0
95% c.i. = 0.0 +/- 0.0



REPORT for Queue : WebUI----------------------------------------

totArrivThrPut=0.16654755471875035 totDeptThrPut=0.16654755471875035
meanTotTkPop=0.07810520669971419 queueUtil=0.07059300844138759
meanST=0.4689663972047553



REPORT for Queue of Queueing Place : P/categories_index----------------------------------------

queueUtilQPl=0.0032630219625601215

------------------ Color = index --------------------
arrivCnt=277387 deptCnt=277387
arrivThrPut=0.02776650103904417 deptThrPut=0.02776650103904417
meanTkPop=0.0032829723525318872 tkColOcp=0.0032630219625601215
-----
meanST=0.11823500367999194 stDevST=0.1773173275616721

Steady State Statistics: numBatchesST=173 batchSizeST=1600 stDevStdStateMeanST=0.004532136093409743
95% c.i. = 0.11823468098655979 +/- 6.801409449967248E-4



REPORT for Depository of Queueing Place : P/categories_index----------------------------------------

tkOcp=0.0

------------------ Color = index --------------------
arrivCnt=277387 deptCnt=277387
arrivThrPut=0.02776650103904417 deptThrPut=0.02776650103904417
meanTkPop=0.0 tkColOcp=0.0
-----
meanST=0.0 stDevST=0.0

Steady State Statistics: numBatchesST=1386 batchSizeST=200 stDevStdStateMeanST=0.0
95% c.i. = 0.0 +/- 0.0



REPORT for Queue : Persistence----------------------------------------

totArrivThrPut=0.16654745461852563 totDeptThrPut=0.16654745461852563
meanTotTkPop=0.04938460141046151 queueUtil=0.04590772148267578
meanST=0.2965197007878397



REPORT for Queue of Queueing Place : A/isLoggedIn_index----------------------------------------

queueUtilQPl=0.0037905377611732747

------------------ Color = index --------------------
arrivCnt=277387 deptCnt=277387
arrivThrPut=0.02776650103904417 deptThrPut=0.02776650103904417
meanTkPop=0.00382691159201251 tkColOcp=0.0037905377611732747
-----
meanST=0.1378247690132529 stDevST=0.25825259627204006

Steady State Statistics: numBatchesST=693 batchSizeST=400 stDevStdStateMeanST=0.013514209178127722
95% c.i. = 0.1378411017236647 +/- 0.0010061717289978616



REPORT for Depository of Queueing Place : A/isLoggedIn_index----------------------------------------

tkOcp=0.0

------------------ Color = index --------------------
arrivCnt=277387 deptCnt=277387
arrivThrPut=0.02776650103904417 deptThrPut=0.02776650103904417
meanTkPop=0.0 tkColOcp=0.0
-----
meanST=0.0 stDevST=0.0

Steady State Statistics: numBatchesST=1386 batchSizeST=200 stDevStdStateMeanST=0.0
95% c.i. = 0.0 +/- 0.0



REPORT for Queue : Auth----------------------------------------

totArrivThrPut=0.1665474546185256 totDeptThrPut=0.1665474546185256
meanTotTkPop=0.05493170144540553 queueUtil=0.04935263577750306
meanST=0.32982612415918183



REPORT for Queue of Queueing Place : W/login----------------------------------------

queueUtilQPl=0.0069916233640698626

------------------ Color = login --------------------
arrivCnt=277670 deptCnt=277670
arrivThrPut=0.02779482940264466 deptThrPut=0.02779482940264466
meanTkPop=0.0070623612982872955 tkColOcp=0.0069916233640698626
-----
meanST=0.25408903202749344 stDevST=0.33201360523369566

Steady State Statistics: numBatchesST=694 batchSizeST=400 stDevStdStateMeanST=0.017441233902809994
95% c.i. = 0.2540996213597163 +/- 0.001297614118603889



REPORT for Depository of Queueing Place : W/login----------------------------------------

tkOcp=0.0

------------------ Color = login --------------------
arrivCnt=277670 deptCnt=277670
arrivThrPut=0.02779482940264466 deptThrPut=0.02779482940264466
meanTkPop=0.0 tkColOcp=0.0
-----
meanST=0.0 stDevST=0.0

Steady State Statistics: numBatchesST=1388 batchSizeST=200 stDevStdStateMeanST=0.0
95% c.i. = 0.0 +/- 0.0



REPORT for Queue : WebUI----------------------------------------

totArrivThrPut=0.16654755471875035 totDeptThrPut=0.16654755471875035
meanTotTkPop=0.07810520669971419 queueUtil=0.07059300844138759
meanST=0.4689663972047553



REPORT for Queue of Queueing Place : W/loginAction----------------------------------------

queueUtilQPl=0.018348157496703637

------------------ Color = loginAction --------------------
arrivCnt=276886 deptCnt=276886
arrivThrPut=0.02771635082645107 deptThrPut=0.02771635082645107
meanTkPop=0.01869733986067754 tkColOcp=0.018348157496703637
-----
meanST=0.6745960165446366 stDevST=0.6805067683029686

Steady State Statistics: numBatchesST=692 batchSizeST=400 stDevStdStateMeanST=0.034537826472765716
95% c.i. = 0.6745894316829357 +/- 0.002573297789593353



REPORT for Depository of Queueing Place : W/loginAction----------------------------------------

tkOcp=0.0

------------------ Color = loginAction --------------------
arrivCnt=276886 deptCnt=276886
arrivThrPut=0.02771635082645107 deptThrPut=0.02771635082645107
meanTkPop=0.0 tkColOcp=0.0
-----
meanST=0.0 stDevST=0.0

Steady State Statistics: numBatchesST=1384 batchSizeST=200 stDevStdStateMeanST=0.0
95% c.i. = 0.0 +/- 0.0



REPORT for Queue : WebUI----------------------------------------

totArrivThrPut=0.16654755471875035 totDeptThrPut=0.16654755471875035
meanTotTkPop=0.07810520669971419 queueUtil=0.07059300844138759
meanST=0.4689663972047553



REPORT for Queue of Queueing Place : A/login_loginAction----------------------------------------

queueUtilQPl=0.0034224880755505433

------------------ Color = loginAction --------------------
arrivCnt=276886 deptCnt=276886
arrivThrPut=0.02771635082645107 deptThrPut=0.02771635082645107
meanTkPop=0.003441951675532702 tkColOcp=0.0034224880755505433
-----
meanST=0.1241848790659656 stDevST=0.22314452093555673

Steady State Statistics: numBatchesST=692 batchSizeST=400 stDevStdStateMeanST=0.011292622756621039
95% c.i. = 0.12418726514185133 +/- 8.413755046583135E-4



REPORT for Depository of Queueing Place : A/login_loginAction----------------------------------------

tkOcp=0.0

------------------ Color = loginAction --------------------
arrivCnt=276886 deptCnt=276886
arrivThrPut=0.02771635082645107 deptThrPut=0.02771635082645107
meanTkPop=0.0 tkColOcp=0.0
-----
meanST=0.0 stDevST=0.0

Steady State Statistics: numBatchesST=1384 batchSizeST=200 stDevStdStateMeanST=0.0
95% c.i. = 0.0 +/- 0.0



REPORT for Queue : Auth----------------------------------------

totArrivThrPut=0.1665474546185256 totDeptThrPut=0.1665474546185256
meanTotTkPop=0.05493170144540553 queueUtil=0.04935263577750306
meanST=0.32982612415918183



REPORT for Queue of Queueing Place : W/logout----------------------------------------

queueUtilQPl=0.005118651085648599

------------------ Color = logout --------------------
arrivCnt=277635 deptCnt=277635
arrivThrPut=0.027791325894778875 deptThrPut=0.027791325894778875
meanTkPop=0.005166561288220577 tkColOcp=0.005118651085648599
-----
meanST=0.1859055342584865 stDevST=0.3006017306168472

Steady State Statistics: numBatchesST=694 batchSizeST=400 stDevStdStateMeanST=0.015835376715099585
95% c.i. = 0.18589561008267752 +/- 0.0011781396037360595



REPORT for Depository of Queueing Place : W/logout----------------------------------------

tkOcp=0.0

------------------ Color = logout --------------------
arrivCnt=277635 deptCnt=277634
arrivThrPut=0.027791325894778875 deptThrPut=0.027791225794554137
meanTkPop=0.0 tkColOcp=0.0
-----
meanST=0.0 stDevST=0.0

Steady State Statistics: numBatchesST=1388 batchSizeST=200 stDevStdStateMeanST=0.0
95% c.i. = 0.0 +/- 0.0



REPORT for Queue : WebUI----------------------------------------

totArrivThrPut=0.16654755471875035 totDeptThrPut=0.16654755471875035
meanTotTkPop=0.07810520669971419 queueUtil=0.07059300844138759
meanST=0.4689663972047553



REPORT for Queue of Queueing Place : A/logout_logout----------------------------------------

queueUtilQPl=0.026742016835191416

------------------ Color = logout --------------------
arrivCnt=277634 deptCnt=277634
arrivThrPut=0.027791225794554137 deptThrPut=0.027791225794554137
meanTkPop=0.027485769897724225 tkColOcp=0.026742016835191416
-----
meanST=0.989008908815754 stDevST=0.9824949257352865

Steady State Statistics: numBatchesST=694 batchSizeST=400 stDevStdStateMeanST=0.05390686156597903
95% c.i. = 0.98902989280027 +/- 0.004010628207123



REPORT for Depository of Queueing Place : A/logout_logout----------------------------------------

tkOcp=0.0

------------------ Color = logout --------------------
arrivCnt=277634 deptCnt=277634
arrivThrPut=0.027791225794554137 deptThrPut=0.027791225794554137
meanTkPop=0.0 tkColOcp=0.0
-----
meanST=0.0 stDevST=0.0

Steady State Statistics: numBatchesST=1388 batchSizeST=200 stDevStdStateMeanST=0.0
95% c.i. = 0.0 +/- 0.0



REPORT for Queue : Auth----------------------------------------

totArrivThrPut=0.1665474546185256 totDeptThrPut=0.1665474546185256
meanTotTkPop=0.05493170144540553 queueUtil=0.04935263577750306
meanST=0.32982612415918183



REPORT for Queue of Queueing Place : P/getUser_loginAction----------------------------------------

queueUtilQPl=0.008945464516121895

------------------ Color = loginAction --------------------
arrivCnt=276886 deptCnt=276886
arrivThrPut=0.02771635082645107 deptThrPut=0.02771635082645107
meanTkPop=0.00903028388156657 tkColOcp=0.008945464516121895
-----
meanST=0.3258107078421207 stDevST=0.3354809751396763

Steady State Statistics: numBatchesST=346 batchSizeST=800 stDevStdStateMeanST=0.012874753890522476
95% c.i. = 0.32580576935088973 +/- 0.0013565911439380443



REPORT for Depository of Queueing Place : P/getUser_loginAction----------------------------------------

tkOcp=0.0

------------------ Color = loginAction --------------------
arrivCnt=276886 deptCnt=276886
arrivThrPut=0.02771635082645107 deptThrPut=0.02771635082645107
meanTkPop=0.0 tkColOcp=0.0
-----
meanST=0.0 stDevST=0.0

Steady State Statistics: numBatchesST=1384 batchSizeST=200 stDevStdStateMeanST=0.0
95% c.i. = 0.0 +/- 0.0



REPORT for Queue : Persistence----------------------------------------

totArrivThrPut=0.16654745461852563 totDeptThrPut=0.16654745461852563
meanTotTkPop=0.04938460141046151 queueUtil=0.04590772148267578
meanST=0.2965197007878397



REPORT for Queue of Queueing Place : W/category----------------------------------------

queueUtilQPl=0.00961272862625052

------------------ Color = category --------------------
arrivCnt=277684 deptCnt=277684
arrivThrPut=0.027796230805790974 deptThrPut=0.027796230805790974
meanTkPop=0.009719041803441651 tkColOcp=0.00961272862625052
-----
meanST=0.34965322713527114 stDevST=0.40030505841762765

Steady State Statistics: numBatchesST=694 batchSizeST=400 stDevStdStateMeanST=0.021495864748558965
95% c.i. = 0.3496729279728963 +/- 0.0015992754724099992



REPORT for Depository of Queueing Place : W/category----------------------------------------

tkOcp=0.0

------------------ Color = category --------------------
arrivCnt=277684 deptCnt=277684
arrivThrPut=0.027796230805790974 deptThrPut=0.027796230805790974
meanTkPop=0.0 tkColOcp=0.0
-----
meanST=0.0 stDevST=0.0

Steady State Statistics: numBatchesST=1388 batchSizeST=200 stDevStdStateMeanST=0.0
95% c.i. = 0.0 +/- 0.0



REPORT for Queue : WebUI----------------------------------------

totArrivThrPut=0.16654755471875035 totDeptThrPut=0.16654755471875035
meanTotTkPop=0.07810520669971419 queueUtil=0.07059300844138759
meanST=0.4689663972047553



REPORT for Queue of Queueing Place : W/product----------------------------------------

queueUtilQPl=0.026067474038521884

------------------ Color = product --------------------
arrivCnt=276546 deptCnt=276546
arrivThrPut=0.027682316750040587 deptThrPut=0.027682316750040587
meanTkPop=0.026755076450143255 tkColOcp=0.026067474038521884
-----
meanST=0.966504237767745 stDevST=0.9568667679627062

Steady State Statistics: numBatchesST=691 batchSizeST=400 stDevStdStateMeanST=0.0488654301854259
95% c.i. = 0.9664808256578746 +/- 0.003643433051769056



REPORT for Depository of Queueing Place : W/product----------------------------------------

tkOcp=0.0

------------------ Color = product --------------------
arrivCnt=276546 deptCnt=276546
arrivThrPut=0.027682316750040587 deptThrPut=0.027682316750040587
meanTkPop=0.0 tkColOcp=0.0
-----
meanST=0.0 stDevST=0.0

Steady State Statistics: numBatchesST=1382 batchSizeST=200 stDevStdStateMeanST=0.0
95% c.i. = 0.0 +/- 0.0



REPORT for Queue : WebUI----------------------------------------

totArrivThrPut=0.16654755471875035 totDeptThrPut=0.16654755471875035
meanTotTkPop=0.07810520669971419 queueUtil=0.07059300844138759
meanST=0.4689663972047553



REPORT for Queue of Queueing Place : P/category_category----------------------------------------

queueUtilQPl=0.018238564080207288

------------------ Color = category --------------------
arrivCnt=277684 deptCnt=277684
arrivThrPut=0.027796230805790974 deptThrPut=0.027796230805790974
meanTkPop=0.018574818032194667 tkColOcp=0.018238564080207288
-----
meanST=0.6682495249796547 stDevST=0.6626105010215951

Steady State Statistics: numBatchesST=694 batchSizeST=400 stDevStdStateMeanST=0.03494520944150412
95% c.i. = 0.6682918099189109 +/- 0.002599896165692725



REPORT for Depository of Queueing Place : P/category_category----------------------------------------

tkOcp=0.0

------------------ Color = category --------------------
arrivCnt=277684 deptCnt=277684
arrivThrPut=0.027796230805790974 deptThrPut=0.027796230805790974
meanTkPop=0.0 tkColOcp=0.0
-----
meanST=0.0 stDevST=0.0

Steady State Statistics: numBatchesST=1388 batchSizeST=200 stDevStdStateMeanST=0.0
95% c.i. = 0.0 +/- 0.0



REPORT for Queue : Persistence----------------------------------------

totArrivThrPut=0.16654745461852563 totDeptThrPut=0.16654745461852563
meanTotTkPop=0.04938460141046151 queueUtil=0.04590772148267578
meanST=0.2965197007878397



REPORT for Queue of Queueing Place : P/getProduct_product----------------------------------------

queueUtilQPl=0.00967860731571381

------------------ Color = product --------------------
arrivCnt=276546 deptCnt=276546
arrivThrPut=0.027682316750040587 deptThrPut=0.027682316750040587
meanTkPop=0.009774539905456636 tkColOcp=0.00967860731571381
-----
meanST=0.35309688830297425 stDevST=0.3589893512841404

Steady State Statistics: numBatchesST=691 batchSizeST=400 stDevStdStateMeanST=0.018228892470303546
95% c.i. = 0.3531080322981236 +/- 0.0013591561369955254



REPORT for Depository of Queueing Place : P/getProduct_product----------------------------------------

tkOcp=0.0

------------------ Color = product --------------------
arrivCnt=276546 deptCnt=276546
arrivThrPut=0.027682316750040587 deptThrPut=0.027682316750040587
meanTkPop=0.0 tkColOcp=0.0
-----
meanST=0.0 stDevST=0.0

Steady State Statistics: numBatchesST=1382 batchSizeST=200 stDevStdStateMeanST=0.0
95% c.i. = 0.0 +/- 0.0



REPORT for Queue : Persistence----------------------------------------

totArrivThrPut=0.16654745461852563 totDeptThrPut=0.16654745461852563
meanTotTkPop=0.04938460141046151 queueUtil=0.04590772148267578
meanST=0.2965197007878397



REPORT for Queue of Queueing Place : R/getAds_product----------------------------------------

queueUtilQPl=0.008473864858020005

------------------ Color = product --------------------
arrivCnt=276546 deptCnt=276546
arrivThrPut=0.027682316750040587 deptThrPut=0.027682316750040587
meanTkPop=0.008545425237388826 tkColOcp=0.008473864858020005
-----
meanST=0.3086961728872023 stDevST=0.30797226085044915

Steady State Statistics: numBatchesST=691 batchSizeST=400 stDevStdStateMeanST=0.016268070656138233
95% c.i. = 0.3086926000835947 +/- 0.001212956196071023



REPORT for Depository of Queueing Place : R/getAds_product----------------------------------------

tkOcp=0.0

------------------ Color = product --------------------
arrivCnt=276546 deptCnt=276546
arrivThrPut=0.027682316750040587 deptThrPut=0.027682316750040587
meanTkPop=0.0 tkColOcp=0.0
-----
meanST=0.0 stDevST=0.0

Steady State Statistics: numBatchesST=1382 batchSizeST=200 stDevStdStateMeanST=0.0
95% c.i. = 0.0 +/- 0.0



REPORT for Queue : Recommender----------------------------------------

totArrivThrPut=0.027682316750040587 totDeptThrPut=0.027682316750040587
meanTotTkPop=0.008545425237388826 queueUtil=0.008473864858020005
meanST=0.3086961728872023



REPORT for Queue of Queueing Place : I/productImages_category----------------------------------------

queueUtilQPl=0.0031032052282999093

------------------ Color = category --------------------
arrivCnt=277684 deptCnt=277684
arrivThrPut=0.027796230805790974 deptThrPut=0.027796230805790974
meanTkPop=0.0031135669920593838 tkColOcp=0.0031032052282999093
-----
meanST=0.11201399980499203 stDevST=0.12421883521296304

Steady State Statistics: numBatchesST=694 batchSizeST=400 stDevStdStateMeanST=0.006448593748308948
95% c.i. = 0.11201377849140998 +/- 4.7977031553933297E-4



REPORT for Depository of Queueing Place : I/productImages_category----------------------------------------

tkOcp=0.0

------------------ Color = category --------------------
arrivCnt=277684 deptCnt=277684
arrivThrPut=0.027796230805790974 deptThrPut=0.027796230805790974
meanTkPop=0.0 tkColOcp=0.0
-----
meanST=0.0 stDevST=0.0

Steady State Statistics: numBatchesST=1388 batchSizeST=200 stDevStdStateMeanST=0.0
95% c.i. = 0.0 +/- 0.0



REPORT for Queue : ImageProvider----------------------------------------

totArrivThrPut=0.1665474546185256 totDeptThrPut=0.1665474546185256
meanTotTkPop=0.03776530573797356 queueUtil=0.035901276775197014
meanST=0.2267540252985218



REPORT for Queue of Queueing Place : I/product_product----------------------------------------

queueUtilQPl=0.0034311704177232374

------------------ Color = product --------------------
arrivCnt=276546 deptCnt=276546
arrivThrPut=0.027682316750040587 deptThrPut=0.027682316750040587
meanTkPop=0.003446180615106197 tkColOcp=0.0034311704177232374
-----
meanST=0.12449032522182754 stDevST=0.1425357116344015

Steady State Statistics: numBatchesST=691 batchSizeST=400 stDevStdStateMeanST=0.00713407373487304
95% c.i. = 0.12448831476535918 +/- 5.319204177833312E-4



REPORT for Depository of Queueing Place : I/product_product----------------------------------------

tkOcp=0.0

------------------ Color = product --------------------
arrivCnt=276546 deptCnt=276546
arrivThrPut=0.027682316750040587 deptThrPut=0.027682316750040587
meanTkPop=0.0 tkColOcp=0.0
-----
meanST=0.0 stDevST=0.0

Steady State Statistics: numBatchesST=1382 batchSizeST=200 stDevStdStateMeanST=0.0
95% c.i. = 0.0 +/- 0.0



REPORT for Queue : ImageProvider----------------------------------------

totArrivThrPut=0.1665474546185256 totDeptThrPut=0.1665474546185256
meanTotTkPop=0.03776530573797356 queueUtil=0.035901276775197014
meanST=0.2267540252985218



REPORT for Queue of Queueing Place : Workload----------------------------------------

queueUtilQPl=0.9999999999999998

------------------ Color = workload --------------------
arrivCnt=1663808 deptCnt=1663807
arrivThrPut=0.16654755471875035 deptThrPut=0.1665474546185256
meanTkPop=0.9999999999999998 tkColOcp=0.9999999999999998
-----
meanST=6.004294356218047 stDevST=6.001888065001013

Steady State Statistics: numBatchesST=4159 batchSizeST=400 stDevStdStateMeanST=0.2942468236009808
95% c.i. = 6.004358366695863 +/- 0.008942633127984871



REPORT for Depository of Queueing Place : Workload----------------------------------------

tkOcp=0.0

------------------ Color = workload --------------------
arrivCnt=1663807 deptCnt=1663808
arrivThrPut=0.1665474546185256 deptThrPut=0.16654755471875035
meanTkPop=0.0 tkColOcp=0.0
-----
meanST=0.0 stDevST=0.0

Steady State Statistics: numBatchesST=8319 batchSizeST=200 stDevStdStateMeanST=0.0
95% c.i. = 0.0 +/- 0.0



REPORT for Queue : Workload----------------------------------------

totArrivThrPut=0.16654755471875035 totDeptThrPut=0.1665474546185256
meanTotTkPop=0.9999999999999998 queueUtil=0.9999999999999998
meanST=6.004294356218047



REPORT for Queue of Queueing Place : I/icon_index----------------------------------------

queueUtilQPl=0.012189675803392223

------------------ Color = index --------------------
arrivCnt=277387 deptCnt=277387
arrivThrPut=0.02776650103904417 deptThrPut=0.02776650103904417
meanTkPop=0.01235113599646324 tkColOcp=0.012189675803392223
-----
meanST=0.44482147675342865 stDevST=0.4403383306271673

Steady State Statistics: numBatchesST=346 batchSizeST=800 stDevStdStateMeanST=0.0161305813841862
95% c.i. = 0.44484951777581255 +/- 0.0016996522060485656



REPORT for Depository of Queueing Place : I/icon_index----------------------------------------

tkOcp=0.0

------------------ Color = index --------------------
arrivCnt=277387 deptCnt=277387
arrivThrPut=0.02776650103904417 deptThrPut=0.02776650103904417
meanTkPop=0.0 tkColOcp=0.0
-----
meanST=0.0 stDevST=0.0

Steady State Statistics: numBatchesST=1386 batchSizeST=200 stDevStdStateMeanST=0.0
95% c.i. = 0.0 +/- 0.0



REPORT for Queue : ImageProvider----------------------------------------

totArrivThrPut=0.1665474546185256 totDeptThrPut=0.1665474546185256
meanTotTkPop=0.03776530573797356 queueUtil=0.035901276775197014
meanST=0.2267540252985218



REPORT for Queue of Queueing Place : P/categories_login----------------------------------------

queueUtilQPl=0.005179360366708257

------------------ Color = login --------------------
arrivCnt=277670 deptCnt=277670
arrivThrPut=0.02779482940264466 deptThrPut=0.02779482940264466
meanTkPop=0.005219096377841675 tkColOcp=0.005179360366708257
-----
meanST=0.18777220403968667 stDevST=0.22604627929532212

Steady State Statistics: numBatchesST=694 batchSizeST=400 stDevStdStateMeanST=0.011858497975041297
95% c.i. = 0.18776735295164473 +/- 8.822629455918288E-4



REPORT for Depository of Queueing Place : P/categories_login----------------------------------------

tkOcp=0.0

------------------ Color = login --------------------
arrivCnt=277670 deptCnt=277670
arrivThrPut=0.02779482940264466 deptThrPut=0.02779482940264466
meanTkPop=0.0 tkColOcp=0.0
-----
meanST=0.0 stDevST=0.0

Steady State Statistics: numBatchesST=1388 batchSizeST=200 stDevStdStateMeanST=0.0
95% c.i. = 0.0 +/- 0.0



REPORT for Queue : Persistence----------------------------------------

totArrivThrPut=0.16654745461852563 totDeptThrPut=0.16654745461852563
meanTotTkPop=0.04938460141046151 queueUtil=0.04590772148267578
meanST=0.2965197007878397



REPORT for Queue of Queueing Place : I/icon_login----------------------------------------

queueUtilQPl=0.0055771451322573

------------------ Color = login --------------------
arrivCnt=277670 deptCnt=277670
arrivThrPut=0.02779482940264466 deptThrPut=0.02779482940264466
meanTkPop=0.005616257458428961 tkColOcp=0.0055771451322573
-----
meanST=0.2020612314999342 stDevST=0.2093267438367003

Steady State Statistics: numBatchesST=694 batchSizeST=400 stDevStdStateMeanST=0.010380828148652982
95% c.i. = 0.20205983032229882 +/- 7.723254698351674E-4



REPORT for Depository of Queueing Place : I/icon_login----------------------------------------

tkOcp=0.0

------------------ Color = login --------------------
arrivCnt=277670 deptCnt=277670
arrivThrPut=0.02779482940264466 deptThrPut=0.02779482940264466
meanTkPop=0.0 tkColOcp=0.0
-----
meanST=0.0 stDevST=0.0

Steady State Statistics: numBatchesST=1388 batchSizeST=200 stDevStdStateMeanST=0.0
95% c.i. = 0.0 +/- 0.0



REPORT for Queue : ImageProvider----------------------------------------

totArrivThrPut=0.1665474546185256 totDeptThrPut=0.1665474546185256
meanTotTkPop=0.03776530573797356 queueUtil=0.035901276775197014
meanST=0.2267540252985218



REPORT for Queue of Queueing Place : A/isLoggedIn_login----------------------------------------

queueUtilQPl=0.0041117131201998565

------------------ Color = login --------------------
arrivCnt=277670 deptCnt=277670
arrivThrPut=0.02779482940264466 deptThrPut=0.02779482940264466
meanTkPop=0.004147924692148567 tkColOcp=0.0041117131201998565
-----
meanST=0.14923368055476874 stDevST=0.2683506480498505

Steady State Statistics: numBatchesST=694 batchSizeST=400 stDevStdStateMeanST=0.013842929986558054
95% c.i. = 0.1492368941785156 +/- 0.0010299031303346521



REPORT for Depository of Queueing Place : A/isLoggedIn_login----------------------------------------

tkOcp=0.0

------------------ Color = login --------------------
arrivCnt=277670 deptCnt=277670
arrivThrPut=0.02779482940264466 deptThrPut=0.02779482940264466
meanTkPop=0.0 tkColOcp=0.0
-----
meanST=0.0 stDevST=0.0

Steady State Statistics: numBatchesST=1388 batchSizeST=200 stDevStdStateMeanST=0.0
95% c.i. = 0.0 +/- 0.0



REPORT for Queue : Auth----------------------------------------

totArrivThrPut=0.1665474546185256 totDeptThrPut=0.1665474546185256
meanTotTkPop=0.05493170144540553 queueUtil=0.04935263577750306
meanST=0.32982612415918183



REPORT for Queue of Queueing Place : A/isLoggedIn_category----------------------------------------

queueUtilQPl=0.011922780454949536

------------------ Color = category --------------------
arrivCnt=277684 deptCnt=277684
arrivThrPut=0.027796230805790974 deptThrPut=0.027796230805790974
meanTkPop=0.012067950143982672 tkColOcp=0.011922780454949536
-----
meanST=0.4341577902522121 stDevST=0.465178467414713

Steady State Statistics: numBatchesST=694 batchSizeST=400 stDevStdStateMeanST=0.02366456167475346
95% c.i. = 0.4342012706450314 +/- 0.0017606248222372177



REPORT for Depository of Queueing Place : A/isLoggedIn_category----------------------------------------

tkOcp=0.0

------------------ Color = category --------------------
arrivCnt=277684 deptCnt=277684
arrivThrPut=0.027796230805790974 deptThrPut=0.027796230805790974
meanTkPop=0.0 tkColOcp=0.0
-----
meanST=0.0 stDevST=0.0

Steady State Statistics: numBatchesST=1388 batchSizeST=200 stDevStdStateMeanST=0.0
95% c.i. = 0.0 +/- 0.0



REPORT for Queue : Auth----------------------------------------

totArrivThrPut=0.1665474546185256 totDeptThrPut=0.1665474546185256
meanTotTkPop=0.05493170144540553 queueUtil=0.04935263577750306
meanST=0.32982612415918183



REPORT for Queue of Queueing Place : I/icon_logout----------------------------------------

queueUtilQPl=0.00706019429130572

------------------ Color = logout --------------------
arrivCnt=277634 deptCnt=277634
arrivThrPut=0.027791225794554137 deptThrPut=0.027791225794554137
meanTkPop=0.00711308377758118 tkColOcp=0.00706019429130572
-----
meanST=0.2559471046784497 stDevST=0.25961460762348587

Steady State Statistics: numBatchesST=694 batchSizeST=400 stDevStdStateMeanST=0.013531285220668465
95% c.i. = 0.2559449236247436 +/- 0.0010067170042577474



REPORT for Depository of Queueing Place : I/icon_logout----------------------------------------

tkOcp=0.0

------------------ Color = logout --------------------
arrivCnt=277634 deptCnt=277634
arrivThrPut=0.027791225794554137 deptThrPut=0.027791225794554137
meanTkPop=0.0 tkColOcp=0.0
-----
meanST=0.0 stDevST=0.0

Steady State Statistics: numBatchesST=1388 batchSizeST=200 stDevStdStateMeanST=0.0
95% c.i. = 0.0 +/- 0.0



REPORT for Queue : ImageProvider----------------------------------------

totArrivThrPut=0.1665474546185256 totDeptThrPut=0.1665474546185256
meanTotTkPop=0.03776530573797356 queueUtil=0.035901276775197014
meanST=0.2267540252985218



REPORT for Queue of Queueing Place : I/icon_loginAction----------------------------------------

queueUtilQPl=0.006086832553084939

------------------ Color = loginAction --------------------
arrivCnt=276886 deptCnt=276886
arrivThrPut=0.02771635082645107 deptThrPut=0.02771635082645107
meanTkPop=0.006125080898334599 tkColOcp=0.006086832553084939
-----
meanST=0.2209916066038944 stDevST=0.22488883412970578

Steady State Statistics: numBatchesST=692 batchSizeST=400 stDevStdStateMeanST=0.011055959694663041
95% c.i. = 0.2209990561964 +/- 8.237425324533273E-4



REPORT for Depository of Queueing Place : I/icon_loginAction----------------------------------------

tkOcp=0.0

------------------ Color = loginAction --------------------
arrivCnt=276886 deptCnt=276886
arrivThrPut=0.02771635082645107 deptThrPut=0.02771635082645107
meanTkPop=0.0 tkColOcp=0.0
-----
meanST=0.0 stDevST=0.0

Steady State Statistics: numBatchesST=1384 batchSizeST=200 stDevStdStateMeanST=0.0
95% c.i. = 0.0 +/- 0.0



REPORT for Queue : ImageProvider----------------------------------------

totArrivThrPut=0.1665474546185256 totDeptThrPut=0.1665474546185256
meanTotTkPop=0.03776530573797356 queueUtil=0.035901276775197014
meanST=0.2267540252985218



REPORT for Queue of Queueing Place : A/isLoggedIn_product----------------------------------------

queueUtilQPl=0.003925806758165418

------------------ Color = product --------------------
arrivCnt=276546 deptCnt=276546
arrivThrPut=0.027682316750040587 deptThrPut=0.027682316750040587
meanTkPop=0.003961193444004852 tkColOcp=0.003925806758165418
-----
meanST=0.1430947228793285 stDevST=0.2784313856082838

Steady State Statistics: numBatchesST=172 batchSizeST=1600 stDevStdStateMeanST=0.007614412036161074
95% c.i. = 0.14306933681559475 +/- 0.0011460649818561257



REPORT for Depository of Queueing Place : A/isLoggedIn_product----------------------------------------

tkOcp=0.0

------------------ Color = product --------------------
arrivCnt=276546 deptCnt=276546
arrivThrPut=0.027682316750040587 deptThrPut=0.027682316750040587
meanTkPop=0.0 tkColOcp=0.0
-----
meanST=0.0 stDevST=0.0

Steady State Statistics: numBatchesST=1382 batchSizeST=200 stDevStdStateMeanST=0.0
95% c.i. = 0.0 +/- 0.0



REPORT for Queue : Auth----------------------------------------

totArrivThrPut=0.1665474546185256 totDeptThrPut=0.1665474546185256
meanTotTkPop=0.05493170144540553 queueUtil=0.04935263577750306
meanST=0.32982612415918183



REPORT for Queue of Queueing Place : P/category_logout----------------------------------------

queueUtilQPl=0.003485098238009292

------------------ Color = logout --------------------
arrivCnt=277634 deptCnt=277634
arrivThrPut=0.027791225794554137 deptThrPut=0.027791225794554137
meanTkPop=0.0035028908608700803 tkColOcp=0.003485098238009292
-----
meanST=0.1260430499455153 stDevST=0.17814003757621155

Steady State Statistics: numBatchesST=694 batchSizeST=400 stDevStdStateMeanST=0.009214119368112566
95% c.i. = 0.12604238141869334 +/- 6.855232519207309E-4



REPORT for Depository of Queueing Place : P/category_logout----------------------------------------

tkOcp=0.0

------------------ Color = logout --------------------
arrivCnt=277634 deptCnt=277634
arrivThrPut=0.027791225794554137 deptThrPut=0.027791225794554137
meanTkPop=0.0 tkColOcp=0.0
-----
meanST=0.0 stDevST=0.0

Steady State Statistics: numBatchesST=1388 batchSizeST=200 stDevStdStateMeanST=0.0
95% c.i. = 0.0 +/- 0.0



REPORT for Queue : Persistence----------------------------------------

totArrivThrPut=0.16654745461852563 totDeptThrPut=0.16654745461852563
meanTotTkPop=0.04938460141046151 queueUtil=0.04590772148267578
meanST=0.2965197007878397



REPORT for Ordinary Place : Finish_index----------------------------------------

tkOcp=1.0

------------------ Color = index --------------------
arrivCnt=277387 deptCnt=0
arrivThrPut=0.02776650103904417 deptThrPut=0.0
meanTkPop=139135.38176337915 tkColOcp=1.0
-----
meanST=NaN stDevST=NaN

Steady State Statistics: Only 0 batches collected!
Need at least 60 for steady state statistics.



REPORT for Ordinary Place : Finish_login----------------------------------------

tkOcp=0.9999999999999998

------------------ Color = login --------------------
arrivCnt=277670 deptCnt=0
arrivThrPut=0.02779482940264466 deptThrPut=0.0
meanTkPop=139161.25676969584 tkColOcp=0.9999999999999998
-----
meanST=NaN stDevST=NaN

Steady State Statistics: Only 0 batches collected!
Need at least 60 for steady state statistics.



REPORT for Ordinary Place : Finish_loginAction----------------------------------------

tkOcp=0.9999999999999998

------------------ Color = loginAction --------------------
arrivCnt=276886 deptCnt=0
arrivThrPut=0.02771635082645107 deptThrPut=0.0
meanTkPop=138657.12831231795 tkColOcp=0.9999999999999998
-----
meanST=NaN stDevST=NaN

Steady State Statistics: Only 0 batches collected!
Need at least 60 for steady state statistics.



REPORT for Ordinary Place : Finish_category----------------------------------------

tkOcp=1.0

------------------ Color = category --------------------
arrivCnt=277684 deptCnt=0
arrivThrPut=0.027796230805790974 deptThrPut=0.0
meanTkPop=139414.06849779718 tkColOcp=1.0
-----
meanST=NaN stDevST=NaN

Steady State Statistics: Only 0 batches collected!
Need at least 60 for steady state statistics.



REPORT for Ordinary Place : Finish_product----------------------------------------

tkOcp=1.0

------------------ Color = product --------------------
arrivCnt=276546 deptCnt=0
arrivThrPut=0.027682316750040587 deptThrPut=0.0
meanTkPop=138524.30024503506 tkColOcp=1.0
-----
meanST=NaN stDevST=NaN

Steady State Statistics: Only 0 batches collected!
Need at least 60 for steady state statistics.



REPORT for Ordinary Place : Finish_logout----------------------------------------

tkOcp=0.9999999999999998

------------------ Color = logout --------------------
arrivCnt=277634 deptCnt=0
arrivThrPut=0.027791225794554137 deptThrPut=0.0
meanTkPop=138926.04776033122 tkColOcp=0.9999999999999998
-----
meanST=NaN stDevST=NaN

Steady State Statistics: Only 0 batches collected!
Need at least 60 for steady state statistics.



REPORT REPORT for Probe : /index----------------------------------------


------------------ Color = index --------------------
-----
meanST=1.0864114962678757 stDevST=0.7037323726609384

Steady State Statistics: numBatchesST=173 batchSizeST=1600 stDevStdStateMeanST=0.017580014671003816
95% c.i. = 1.0864194731467838 +/- 0.002638245530353676



REPORT REPORT for Probe : /login----------------------------------------


------------------ Color = login --------------------
-----
meanST=0.7931561481218831 stDevST=0.55027742297025

Steady State Statistics: numBatchesST=694 batchSizeST=400 stDevStdStateMeanST=0.029254779502500196
95% c.i. = 0.7931636988121757 +/- 0.002176532642737614



REPORT REPORT for Probe : /loginAction----------------------------------------


------------------ Color = loginAction --------------------
-----
meanST=1.3455832100566172 stDevST=0.8207273630074463

Steady State Statistics: numBatchesST=692 batchSizeST=400 stDevStdStateMeanST=0.041832062652670414
95% c.i. = 1.3455815223720764 +/- 0.0031167669002891752



REPORT REPORT for Probe : /logout----------------------------------------


------------------ Color = logout --------------------
-----
meanST=1.5569031734242362 stDevST=1.0792383773449017

Steady State Statistics: numBatchesST=694 batchSizeST=400 stDevStdStateMeanST=0.05911511082697712
95% c.i. = 1.5569128079263823 +/- 0.004398117865936104



REPORT REPORT for Probe : /category----------------------------------------


------------------ Color = category --------------------
-----
meanST=1.56407454217213 stDevST=0.9146131888223927

Steady State Statistics: numBatchesST=694 batchSizeST=400 stDevStdStateMeanST=0.0495137169925196
95% c.i. = 1.5641797870282508 +/- 0.0036837816975609345



REPORT REPORT for Probe : /product----------------------------------------


------------------ Color = product --------------------
-----
meanST=1.895882347059078 stDevST=1.122184302607457

Steady State Statistics: numBatchesST=691 batchSizeST=400 stDevStdStateMeanST=0.057738293327419775
95% c.i. = 1.8958554394020037 +/- 0.004304998553447697



