INFO Logging to /home/yjx/workloadConfig/qpme/output/SimQPN_Output_config_2025-08-14_040417803.log
WARN Batch means correlation test was run for depository of place Workload, color 0
    However, the standard deviation of the token residence time is 0 and therefore the result of the test is ignored!
    In future runs, you should set numBMeansCorlTested to 0 to switch off the correlation test!
WARN Batch means correlation test was run for depository of place W/loginAction, color 0
    However, the standard deviation of the token residence time is 0 and therefore the result of the test is ignored!
    In future runs, you should set numBMeansCorlTested to 0 to switch off the correlation test!
WARN Batch means correlation test was run for depository of place A/login_loginAction, color 0
    However, the standard deviation of the token residence time is 0 and therefore the result of the test is ignored!
    In future runs, you should set numBMeansCorlTested to 0 to switch off the correlation test!
WARN Batch means correlation test was run for depository of place P/getUser_loginAction, color 0
    However, the standard deviation of the token residence time is 0 and therefore the result of the test is ignored!
    In future runs, you should set numBMeansCorlTested to 0 to switch off the correlation test!
WARN Batch means correlation test was run for depository of place I/icon_loginAction, color 0
    However, the standard deviation of the token residence time is 0 and therefore the result of the test is ignored!
    In future runs, you should set numBMeansCorlTested to 0 to switch off the correlation test!
WARN Batch means correlation test was run for depository of place W/index, color 0
    However, the standard deviation of the token residence time is 0 and therefore the result of the test is ignored!
    In future runs, you should set numBMeansCorlTested to 0 to switch off the correlation test!
WARN Batch means correlation test was run for depository of place P/categories_index, color 0
    However, the standard deviation of the token residence time is 0 and therefore the result of the test is ignored!
    In future runs, you should set numBMeansCorlTested to 0 to switch off the correlation test!
WARN Batch means correlation test was run for depository of place A/isLoggedIn_index, color 0
    However, the standard deviation of the token residence time is 0 and therefore the result of the test is ignored!
    In future runs, you should set numBMeansCorlTested to 0 to switch off the correlation test!
WARN Batch means correlation test was run for depository of place I/icon_index, color 0
    However, the standard deviation of the token residence time is 0 and therefore the result of the test is ignored!
    In future runs, you should set numBMeansCorlTested to 0 to switch off the correlation test!
WARN Batch means correlation test was run for depository of place W/product, color 0
    However, the standard deviation of the token residence time is 0 and therefore the result of the test is ignored!
    In future runs, you should set numBMeansCorlTested to 0 to switch off the correlation test!
WARN Batch means correlation test was run for depository of place P/getProduct_product, color 0
    However, the standard deviation of the token residence time is 0 and therefore the result of the test is ignored!
    In future runs, you should set numBMeansCorlTested to 0 to switch off the correlation test!
WARN Batch means correlation test was run for depository of place R/getAds_product, color 0
    However, the standard deviation of the token residence time is 0 and therefore the result of the test is ignored!
    In future runs, you should set numBMeansCorlTested to 0 to switch off the correlation test!
WARN Batch means correlation test was run for depository of place I/product_product, color 0
    However, the standard deviation of the token residence time is 0 and therefore the result of the test is ignored!
    In future runs, you should set numBMeansCorlTested to 0 to switch off the correlation test!
WARN Batch means correlation test was run for depository of place A/isLoggedIn_product, color 0
    However, the standard deviation of the token residence time is 0 and therefore the result of the test is ignored!
    In future runs, you should set numBMeansCorlTested to 0 to switch off the correlation test!
WARN Batch means correlation test was run for depository of place W/category, color 0
    However, the standard deviation of the token residence time is 0 and therefore the result of the test is ignored!
    In future runs, you should set numBMeansCorlTested to 0 to switch off the correlation test!
WARN Batch means correlation test was run for depository of place P/category_category, color 0
    However, the standard deviation of the token residence time is 0 and therefore the result of the test is ignored!
    In future runs, you should set numBMeansCorlTested to 0 to switch off the correlation test!
WARN Batch means correlation test was run for depository of place I/productImages_category, color 0
    However, the standard deviation of the token residence time is 0 and therefore the result of the test is ignored!
    In future runs, you should set numBMeansCorlTested to 0 to switch off the correlation test!
WARN Batch means correlation test was run for depository of place A/isLoggedIn_category, color 0
    However, the standard deviation of the token residence time is 0 and therefore the result of the test is ignored!
    In future runs, you should set numBMeansCorlTested to 0 to switch off the correlation test!
WARN Batch means correlation test was run for depository of place W/logout, color 0
    However, the standard deviation of the token residence time is 0 and therefore the result of the test is ignored!
    In future runs, you should set numBMeansCorlTested to 0 to switch off the correlation test!
WARN Batch means correlation test was run for depository of place A/logout_logout, color 0
    However, the standard deviation of the token residence time is 0 and therefore the result of the test is ignored!
    In future runs, you should set numBMeansCorlTested to 0 to switch off the correlation test!
WARN Batch means correlation test was run for depository of place P/category_logout, color 0
    However, the standard deviation of the token residence time is 0 and therefore the result of the test is ignored!
    In future runs, you should set numBMeansCorlTested to 0 to switch off the correlation test!
WARN Batch means correlation test was run for depository of place I/icon_logout, color 0
    However, the standard deviation of the token residence time is 0 and therefore the result of the test is ignored!
    In future runs, you should set numBMeansCorlTested to 0 to switch off the correlation test!
WARN Batch means correlation test was run for depository of place W/login, color 0
    However, the standard deviation of the token residence time is 0 and therefore the result of the test is ignored!
    In future runs, you should set numBMeansCorlTested to 0 to switch off the correlation test!
WARN Batch means correlation test was run for depository of place P/categories_login, color 0
    However, the standard deviation of the token residence time is 0 and therefore the result of the test is ignored!
    In future runs, you should set numBMeansCorlTested to 0 to switch off the correlation test!
WARN Batch means correlation test was run for depository of place I/icon_login, color 0
    However, the standard deviation of the token residence time is 0 and therefore the result of the test is ignored!
    In future runs, you should set numBMeansCorlTested to 0 to switch off the correlation test!
WARN Batch means correlation test was run for depository of place A/isLoggedIn_login, color 0
    However, the standard deviation of the token residence time is 0 and therefore the result of the test is ignored!
    In future runs, you should set numBMeansCorlTested to 0 to switch off the correlation test!
WARN LP-1 The simulation was stopped because of reaching max totalRunLen.
The required precision may not have been reached!
REPORT for Queue of Queueing Place : W/index----------------------------------------

queueUtilQPl=0.00408881037301746

------------------ Color = index --------------------
arrivCnt=277386 deptCnt=277386
arrivThrPut=0.027766358918567692 deptThrPut=0.027766358918567692
meanTkPop=0.004123360102119221 tkColOcp=0.00408881037301746
-----
meanST=0.14850200972378416 stDevST=0.2577191859956984

Steady State Statistics: numBatchesST=693 batchSizeST=400 stDevStdStateMeanST=0.013619876455330372
95% c.i. = 0.1485013626749361 +/- 0.001014038961597277



REPORT for Depository of Queueing Place : W/index----------------------------------------

tkOcp=0.0

------------------ Color = index --------------------
arrivCnt=277386 deptCnt=277386
arrivThrPut=0.027766358918567692 deptThrPut=0.027766358918567692
meanTkPop=0.0 tkColOcp=0.0
-----
meanST=0.0 stDevST=0.0

Steady State Statistics: numBatchesST=1386 batchSizeST=200 stDevStdStateMeanST=0.0
95% c.i. = 0.0 +/- 0.0



REPORT for Queue : WebUI----------------------------------------

totArrivThrPut=0.1668511063965093 totDeptThrPut=0.1668511063965093
meanTotTkPop=0.05289684004205266 queueUtil=0.047699456881095566
meanST=0.3170302024629506



REPORT for Queue of Queueing Place : P/categories_index----------------------------------------

queueUtilQPl=0.003882705842348434

------------------ Color = index --------------------
arrivCnt=277386 deptCnt=277386
arrivThrPut=0.027766358918567692 deptThrPut=0.027766358918567692
meanTkPop=0.00391789646945163 tkColOcp=0.003882705842348434
-----
meanST=0.1411022770735592 stDevST=0.21468259934606965

Steady State Statistics: numBatchesST=693 batchSizeST=400 stDevStdStateMeanST=0.011627347317604694
95% c.i. = 0.1410994695310567 +/- 8.65689438428078E-4



REPORT for Depository of Queueing Place : P/categories_index----------------------------------------

tkOcp=0.0

------------------ Color = index --------------------
arrivCnt=277386 deptCnt=277386
arrivThrPut=0.027766358918567692 deptThrPut=0.027766358918567692
meanTkPop=0.0 tkColOcp=0.0
-----
meanST=0.0 stDevST=0.0

Steady State Statistics: numBatchesST=1386 batchSizeST=200 stDevStdStateMeanST=0.0
95% c.i. = 0.0 +/- 0.0



REPORT for Queue : Persistence----------------------------------------

totArrivThrPut=0.1668511063965093 totDeptThrPut=0.1668511063965093
meanTotTkPop=0.04723707531996727 queueUtil=0.04295236339050942
meanST=0.2831091524662226



REPORT for Queue of Queueing Place : A/isLoggedIn_index----------------------------------------

queueUtilQPl=0.05293341191139009

------------------ Color = index --------------------
arrivCnt=277386 deptCnt=277386
arrivThrPut=0.027766358918567692 deptThrPut=0.027766358918567692
meanTkPop=0.055958111006931356 tkColOcp=0.05293341191139009
-----
meanST=2.0153204520277055 stDevST=2.0037916379338685

Steady State Statistics: numBatchesST=346 batchSizeST=800 stDevStdStateMeanST=0.07861234946177086
95% c.i. = 2.0154738792662927 +/- 0.008283250925868629



REPORT for Depository of Queueing Place : A/isLoggedIn_index----------------------------------------

tkOcp=0.0

------------------ Color = index --------------------
arrivCnt=277386 deptCnt=277386
arrivThrPut=0.027766358918567692 deptThrPut=0.027766358918567692
meanTkPop=0.0 tkColOcp=0.0
-----
meanST=0.0 stDevST=0.0

Steady State Statistics: numBatchesST=1386 batchSizeST=200 stDevStdStateMeanST=0.0
95% c.i. = 0.0 +/- 0.0



REPORT for Queue : Auth----------------------------------------

totArrivThrPut=0.1668511063965093 totDeptThrPut=0.1668511063965093
meanTotTkPop=0.1664880886015131 queueUtil=0.12965582881379484
meanST=0.9978243009421014



REPORT for Queue of Queueing Place : W/login----------------------------------------

queueUtilQPl=0.0037663738429950223

------------------ Color = login --------------------
arrivCnt=278089 deptCnt=278089
arrivThrPut=0.02783672927006255 deptThrPut=0.02783672927006255
meanTkPop=0.003797334555945706 tkColOcp=0.0037663738429950223
-----
meanST=0.13641453775352874 stDevST=0.25860884002136425

Steady State Statistics: numBatchesST=347 batchSizeST=800 stDevStdStateMeanST=0.0092971223068201
95% c.i. = 0.1364226101873453 +/- 9.782095488870257E-4



REPORT for Depository of Queueing Place : W/login----------------------------------------

tkOcp=0.0

------------------ Color = login --------------------
arrivCnt=278089 deptCnt=278089
arrivThrPut=0.02783672927006255 deptThrPut=0.02783672927006255
meanTkPop=0.0 tkColOcp=0.0
-----
meanST=0.0 stDevST=0.0

Steady State Statistics: numBatchesST=1390 batchSizeST=200 stDevStdStateMeanST=0.0
95% c.i. = 0.0 +/- 0.0



REPORT for Queue : WebUI----------------------------------------

totArrivThrPut=0.1668511063965093 totDeptThrPut=0.1668511063965093
meanTotTkPop=0.05289684004205266 queueUtil=0.047699456881095566
meanST=0.3170302024629506



REPORT for Queue of Queueing Place : W/loginAction----------------------------------------

queueUtilQPl=0.009952277573861072

------------------ Color = loginAction --------------------
arrivCnt=278792 deptCnt=278792
arrivThrPut=0.02790709962155741 deptThrPut=0.02790709962155741
meanTkPop=0.010062901444785784 tkColOcp=0.009952277573861072
-----
meanST=0.360585714074439 stDevST=0.4040470430714888

Steady State Statistics: numBatchesST=696 batchSizeST=400 stDevStdStateMeanST=0.020775358117495486
95% c.i. = 0.3605752525311856 +/- 0.001543447955925854



REPORT for Depository of Queueing Place : W/loginAction----------------------------------------

tkOcp=0.0

------------------ Color = loginAction --------------------
arrivCnt=278792 deptCnt=278792
arrivThrPut=0.02790709962155741 deptThrPut=0.02790709962155741
meanTkPop=0.0 tkColOcp=0.0
-----
meanST=0.0 stDevST=0.0

Steady State Statistics: numBatchesST=1393 batchSizeST=200 stDevStdStateMeanST=0.0
95% c.i. = 0.0 +/- 0.0



REPORT for Queue : WebUI----------------------------------------

totArrivThrPut=0.1668511063965093 totDeptThrPut=0.1668511063965093
meanTotTkPop=0.05289684004205266 queueUtil=0.047699456881095566
meanST=0.3170302024629506



REPORT for Queue of Queueing Place : A/login_loginAction----------------------------------------

queueUtilQPl=0.00813448229358815

------------------ Color = loginAction --------------------
arrivCnt=278792 deptCnt=278792
arrivThrPut=0.02790709962155741 deptThrPut=0.02790709962155741
meanTkPop=0.008434606816096465 tkColOcp=0.00813448229358815
-----
meanST=0.30223874678760887 stDevST=0.857739482959829

Steady State Statistics: numBatchesST=696 batchSizeST=400 stDevStdStateMeanST=0.04736817108114486
95% c.i. = 0.3021596893686685 +/- 0.003519087681553419



REPORT for Depository of Queueing Place : A/login_loginAction----------------------------------------

tkOcp=0.0

------------------ Color = loginAction --------------------
arrivCnt=278792 deptCnt=278792
arrivThrPut=0.02790709962155741 deptThrPut=0.02790709962155741
meanTkPop=0.0 tkColOcp=0.0
-----
meanST=0.0 stDevST=0.0

Steady State Statistics: numBatchesST=1393 batchSizeST=200 stDevStdStateMeanST=0.0
95% c.i. = 0.0 +/- 0.0



REPORT for Queue : Auth----------------------------------------

totArrivThrPut=0.1668511063965093 totDeptThrPut=0.1668511063965093
meanTotTkPop=0.1664880886015131 queueUtil=0.12965582881379484
meanST=0.9978243009421014



REPORT for Queue of Queueing Place : W/logout----------------------------------------

queueUtilQPl=0.003653305416607037

------------------ Color = logout --------------------
arrivCnt=277609 deptCnt=277609
arrivThrPut=0.027788681234902475 deptThrPut=0.027788681234902475
meanTkPop=0.00368662619348659 tkColOcp=0.003653305416607037
-----
meanST=0.13266646813221933 stDevST=0.2584918780260676

Steady State Statistics: numBatchesST=694 batchSizeST=400 stDevStdStateMeanST=0.013511466805705233
95% c.i. = 0.13266671738715013 +/- 0.001005242529733299



REPORT for Depository of Queueing Place : W/logout----------------------------------------

tkOcp=0.0

------------------ Color = logout --------------------
arrivCnt=277609 deptCnt=277609
arrivThrPut=0.027788681234902475 deptThrPut=0.027788681234902475
meanTkPop=0.0 tkColOcp=0.0
-----
meanST=0.0 stDevST=0.0

Steady State Statistics: numBatchesST=1388 batchSizeST=200 stDevStdStateMeanST=0.0
95% c.i. = 0.0 +/- 0.0



REPORT for Queue : WebUI----------------------------------------

totArrivThrPut=0.1668511063965093 totDeptThrPut=0.1668511063965093
meanTotTkPop=0.05289684004205266 queueUtil=0.047699456881095566
meanST=0.3170302024629506



REPORT for Queue of Queueing Place : A/logout_logout----------------------------------------

queueUtilQPl=0.05138821022359196

------------------ Color = logout --------------------
arrivCnt=277609 deptCnt=277609
arrivThrPut=0.027788681234902475 deptThrPut=0.027788681234902475
meanTkPop=0.05413597795279128 tkColOcp=0.05138821022359196
-----
meanST=1.9481305174279626 stDevST=1.9387478989218676

Steady State Statistics: numBatchesST=694 batchSizeST=400 stDevStdStateMeanST=0.11207102643570803
95% c.i. = 1.9481490718493377 +/- 0.008337996439917861



REPORT for Depository of Queueing Place : A/logout_logout----------------------------------------

tkOcp=0.0

------------------ Color = logout --------------------
arrivCnt=277609 deptCnt=277609
arrivThrPut=0.027788681234902475 deptThrPut=0.027788681234902475
meanTkPop=0.0 tkColOcp=0.0
-----
meanST=0.0 stDevST=0.0

Steady State Statistics: numBatchesST=1388 batchSizeST=200 stDevStdStateMeanST=0.0
95% c.i. = 0.0 +/- 0.0



REPORT for Queue : Auth----------------------------------------

totArrivThrPut=0.1668511063965093 totDeptThrPut=0.1668511063965093
meanTotTkPop=0.1664880886015131 queueUtil=0.12965582881379484
meanST=0.9978243009421014



REPORT for Queue of Queueing Place : P/getUser_loginAction----------------------------------------

queueUtilQPl=0.00648729158866507

------------------ Color = loginAction --------------------
arrivCnt=278792 deptCnt=278792
arrivThrPut=0.02790709962155741 deptThrPut=0.02790709962155741
meanTkPop=0.006562737088453748 tkColOcp=0.00648729158866507
-----
meanST=0.2351637102188945 stDevST=0.2661419335501068

Steady State Statistics: numBatchesST=348 batchSizeST=800 stDevStdStateMeanST=0.00958262004772026
95% c.i. = 0.23519567239547876 +/- 0.0010067989123291592



REPORT for Depository of Queueing Place : P/getUser_loginAction----------------------------------------

tkOcp=0.0

------------------ Color = loginAction --------------------
arrivCnt=278792 deptCnt=278792
arrivThrPut=0.02790709962155741 deptThrPut=0.02790709962155741
meanTkPop=0.0 tkColOcp=0.0
-----
meanST=0.0 stDevST=0.0

Steady State Statistics: numBatchesST=1393 batchSizeST=200 stDevStdStateMeanST=0.0
95% c.i. = 0.0 +/- 0.0



REPORT for Queue : Persistence----------------------------------------

totArrivThrPut=0.1668511063965093 totDeptThrPut=0.1668511063965093
meanTotTkPop=0.04723707531996727 queueUtil=0.04295236339050942
meanST=0.2831091524662226



REPORT for Queue of Queueing Place : W/category----------------------------------------

queueUtilQPl=0.003966648293789744

------------------ Color = category --------------------
arrivCnt=278025 deptCnt=278025
arrivThrPut=0.02783032286537454 deptThrPut=0.02783032286537454
meanTkPop=0.004000343493472629 tkColOcp=0.003966648293789744
-----
meanST=0.14374046297715462 stDevST=0.25755665391265836

Steady State Statistics: numBatchesST=695 batchSizeST=400 stDevStdStateMeanST=0.013669245477881214
95% c.i. = 0.14372951708213294 +/- 0.0010162492346786477



REPORT for Depository of Queueing Place : W/category----------------------------------------

tkOcp=0.0

------------------ Color = category --------------------
arrivCnt=278025 deptCnt=278025
arrivThrPut=0.02783032286537454 deptThrPut=0.02783032286537454
meanTkPop=0.0 tkColOcp=0.0
-----
meanST=0.0 stDevST=0.0

Steady State Statistics: numBatchesST=1390 batchSizeST=200 stDevStdStateMeanST=0.0
95% c.i. = 0.0 +/- 0.0



REPORT for Queue : WebUI----------------------------------------

totArrivThrPut=0.1668511063965093 totDeptThrPut=0.1668511063965093
meanTotTkPop=0.05289684004205266 queueUtil=0.047699456881095566
meanST=0.3170302024629506



REPORT for Queue of Queueing Place : W/product----------------------------------------

queueUtilQPl=0.026507922897978

------------------ Color = product --------------------
arrivCnt=276942 deptCnt=276942
arrivThrPut=0.02772191448604462 deptThrPut=0.02772191448604462
meanTkPop=0.02722627425224273 tkColOcp=0.026507922897978
-----
meanST=0.9821209955015408 stDevST=0.9798836294767073

Steady State Statistics: numBatchesST=692 batchSizeST=400 stDevStdStateMeanST=0.04961599302335029
95% c.i. = 0.9820865484604063 +/- 0.003696721485242972



REPORT for Depository of Queueing Place : W/product----------------------------------------

tkOcp=0.0

------------------ Color = product --------------------
arrivCnt=276942 deptCnt=276942
arrivThrPut=0.02772191448604462 deptThrPut=0.02772191448604462
meanTkPop=0.0 tkColOcp=0.0
-----
meanST=0.0 stDevST=0.0

Steady State Statistics: numBatchesST=1384 batchSizeST=200 stDevStdStateMeanST=0.0
95% c.i. = 0.0 +/- 0.0



REPORT for Queue : WebUI----------------------------------------

totArrivThrPut=0.1668511063965093 totDeptThrPut=0.1668511063965093
meanTotTkPop=0.05289684004205266 queueUtil=0.047699456881095566
meanST=0.3170302024629506



REPORT for Queue of Queueing Place : P/category_category----------------------------------------

queueUtilQPl=0.010206812248747985

------------------ Color = category --------------------
arrivCnt=278025 deptCnt=278025
arrivThrPut=0.02783032286537454 deptThrPut=0.02783032286537454
meanTkPop=0.010338098096777647 tkColOcp=0.010206812248747985
-----
meanST=0.3714688524019938 stDevST=0.3901445926991363

Steady State Statistics: numBatchesST=695 batchSizeST=400 stDevStdStateMeanST=0.020558354497658558
95% c.i. = 0.3714582053896924 +/- 0.0015284246711572155



REPORT for Depository of Queueing Place : P/category_category----------------------------------------

tkOcp=0.0

------------------ Color = category --------------------
arrivCnt=278025 deptCnt=278025
arrivThrPut=0.02783032286537454 deptThrPut=0.02783032286537454
meanTkPop=0.0 tkColOcp=0.0
-----
meanST=0.0 stDevST=0.0

Steady State Statistics: numBatchesST=1390 batchSizeST=200 stDevStdStateMeanST=0.0
95% c.i. = 0.0 +/- 0.0



REPORT for Queue : Persistence----------------------------------------

totArrivThrPut=0.1668511063965093 totDeptThrPut=0.1668511063965093
meanTotTkPop=0.04723707531996727 queueUtil=0.04295236339050942
meanST=0.2831091524662226



REPORT for Queue of Queueing Place : P/getProduct_product----------------------------------------

queueUtilQPl=0.018005998307256205

------------------ Color = product --------------------
arrivCnt=276942 deptCnt=276942
arrivThrPut=0.02772191448604462 deptThrPut=0.02772191448604462
meanTkPop=0.01832822975310242 tkColOcp=0.018005998307256205
-----
meanST=0.6611458873927687 stDevST=0.6595886867843314

Steady State Statistics: numBatchesST=346 batchSizeST=800 stDevStdStateMeanST=0.025469947679188244
95% c.i. = 0.6611298399513335 +/- 0.002683725510558084



REPORT for Depository of Queueing Place : P/getProduct_product----------------------------------------

tkOcp=0.0

------------------ Color = product --------------------
arrivCnt=276942 deptCnt=276942
arrivThrPut=0.02772191448604462 deptThrPut=0.02772191448604462
meanTkPop=0.0 tkColOcp=0.0
-----
meanST=0.0 stDevST=0.0

Steady State Statistics: numBatchesST=1384 batchSizeST=200 stDevStdStateMeanST=0.0
95% c.i. = 0.0 +/- 0.0



REPORT for Queue : Persistence----------------------------------------

totArrivThrPut=0.1668511063965093 totDeptThrPut=0.1668511063965093
meanTotTkPop=0.04723707531996727 queueUtil=0.04295236339050942
meanST=0.2831091524662226



REPORT for Queue of Queueing Place : R/getAds_product----------------------------------------

queueUtilQPl=0.012080407228598357

------------------ Color = product --------------------
arrivCnt=276942 deptCnt=276942
arrivThrPut=0.02772191448604462 deptThrPut=0.02772191448604462
meanTkPop=0.012226873175943957 tkColOcp=0.012080407228598357
-----
meanST=0.44105442941536516 stDevST=0.44124098063203426

Steady State Statistics: numBatchesST=692 batchSizeST=400 stDevStdStateMeanST=0.0228307331086854
95% c.i. = 0.44104539553324523 +/- 0.0017010414679598485



REPORT for Depository of Queueing Place : R/getAds_product----------------------------------------

tkOcp=0.0

------------------ Color = product --------------------
arrivCnt=276942 deptCnt=276942
arrivThrPut=0.02772191448604462 deptThrPut=0.02772191448604462
meanTkPop=0.0 tkColOcp=0.0
-----
meanST=0.0 stDevST=0.0

Steady State Statistics: numBatchesST=1384 batchSizeST=200 stDevStdStateMeanST=0.0
95% c.i. = 0.0 +/- 0.0



REPORT for Queue : Recommender----------------------------------------

totArrivThrPut=0.02772191448604462 totDeptThrPut=0.02772191448604462
meanTotTkPop=0.012226873175943957 queueUtil=0.012080407228598357
meanST=0.44105442941536516



REPORT for Queue of Queueing Place : I/productImages_category----------------------------------------

queueUtilQPl=0.005784552241451996

------------------ Color = category --------------------
arrivCnt=278025 deptCnt=278025
arrivThrPut=0.02783032286537454 deptThrPut=0.02783032286537454
meanTkPop=0.005823903319033865 tkColOcp=0.005784552241451996
-----
meanST=0.20926466959101472 stDevST=0.22745192029604097

Steady State Statistics: numBatchesST=695 batchSizeST=400 stDevStdStateMeanST=0.011427587009389206
95% c.i. = 0.20926100202669773 +/- 8.495916304456874E-4



REPORT for Depository of Queueing Place : I/productImages_category----------------------------------------

tkOcp=0.0

------------------ Color = category --------------------
arrivCnt=278025 deptCnt=278025
arrivThrPut=0.02783032286537454 deptThrPut=0.02783032286537454
meanTkPop=0.0 tkColOcp=0.0
-----
meanST=0.0 stDevST=0.0

Steady State Statistics: numBatchesST=1390 batchSizeST=200 stDevStdStateMeanST=0.0
95% c.i. = 0.0 +/- 0.0



REPORT for Queue : ImageProvider----------------------------------------

totArrivThrPut=0.1668511063965093 totDeptThrPut=0.1668511063965093
meanTotTkPop=0.051380014968255255 queueUtil=0.047697044267829704
meanST=0.30793931234806715



REPORT for Queue of Queueing Place : I/product_product----------------------------------------

queueUtilQPl=0.00792826846654853

------------------ Color = product --------------------
arrivCnt=276942 deptCnt=276942
arrivThrPut=0.02772191448604462 deptThrPut=0.02772191448604462
meanTkPop=0.007998540264051284 tkColOcp=0.00792826846654853
-----
meanST=0.2885277013634033 stDevST=0.3072221446743897

Steady State Statistics: numBatchesST=692 batchSizeST=400 stDevStdStateMeanST=0.014977067733821823
95% c.i. = 0.2885111692992536 +/- 0.0011158911613741566



REPORT for Depository of Queueing Place : I/product_product----------------------------------------

tkOcp=0.0

------------------ Color = product --------------------
arrivCnt=276942 deptCnt=276942
arrivThrPut=0.02772191448604462 deptThrPut=0.02772191448604462
meanTkPop=0.0 tkColOcp=0.0
-----
meanST=0.0 stDevST=0.0

Steady State Statistics: numBatchesST=1384 batchSizeST=200 stDevStdStateMeanST=0.0
95% c.i. = 0.0 +/- 0.0



REPORT for Queue : ImageProvider----------------------------------------

totArrivThrPut=0.1668511063965093 totDeptThrPut=0.1668511063965093
meanTotTkPop=0.051380014968255255 queueUtil=0.047697044267829704
meanST=0.30793931234806715



REPORT for Queue of Queueing Place : Workload----------------------------------------

queueUtilQPl=0.9999999999999998

------------------ Color = workload --------------------
arrivCnt=1666843 deptCnt=1666843
arrivThrPut=0.1668511063965093 deptThrPut=0.1668511063965093
meanTkPop=0.9999999999999998 tkColOcp=0.9999999999999998
-----
meanST=5.993367509494207 stDevST=5.996457243562681

Steady State Statistics: numBatchesST=4167 batchSizeST=400 stDevStdStateMeanST=0.3011833647711712
95% c.i. = 5.993356927179539 +/- 0.009144654918491006



REPORT for Depository of Queueing Place : Workload----------------------------------------

tkOcp=0.0

------------------ Color = workload --------------------
arrivCnt=1666843 deptCnt=1666843
arrivThrPut=0.1668511063965093 deptThrPut=0.1668511063965093
meanTkPop=0.0 tkColOcp=0.0
-----
meanST=0.0 stDevST=0.0

Steady State Statistics: numBatchesST=8334 batchSizeST=200 stDevStdStateMeanST=0.0
95% c.i. = 0.0 +/- 0.0



REPORT for Queue : Workload----------------------------------------

totArrivThrPut=0.1668511063965093 totDeptThrPut=0.1668511063965093
meanTotTkPop=0.9999999999999998 queueUtil=0.9999999999999998
meanST=5.993367509494207



REPORT for Queue of Queueing Place : I/icon_index----------------------------------------

queueUtilQPl=0.0037620359121196753

------------------ Color = index --------------------
arrivCnt=277386 deptCnt=277386
arrivThrPut=0.027766358918567692 deptThrPut=0.027766358918567692
meanTkPop=0.003780005784741552 tkColOcp=0.0037620359121196753
-----
meanST=0.1361361709624022 stDevST=0.17508372792738217

Steady State Statistics: numBatchesST=693 batchSizeST=400 stDevStdStateMeanST=0.008792028938596532
95% c.i. = 0.13612596548271064 +/- 6.545918330807194E-4



REPORT for Depository of Queueing Place : I/icon_index----------------------------------------

tkOcp=0.0

------------------ Color = index --------------------
arrivCnt=277386 deptCnt=277386
arrivThrPut=0.027766358918567692 deptThrPut=0.027766358918567692
meanTkPop=0.0 tkColOcp=0.0
-----
meanST=0.0 stDevST=0.0

Steady State Statistics: numBatchesST=1386 batchSizeST=200 stDevStdStateMeanST=0.0
95% c.i. = 0.0 +/- 0.0



REPORT for Queue : ImageProvider----------------------------------------

totArrivThrPut=0.1668511063965093 totDeptThrPut=0.1668511063965093
meanTotTkPop=0.051380014968255255 queueUtil=0.047697044267829704
meanST=0.30793931234806715



REPORT for Queue of Queueing Place : P/categories_login----------------------------------------

queueUtilQPl=0.0036634845883489345

------------------ Color = login --------------------
arrivCnt=278089 deptCnt=278089
arrivThrPut=0.02783672927006255 deptThrPut=0.02783672927006255
meanTkPop=0.0037000729671675175 tkColOcp=0.0036634845883489345
-----
meanST=0.1329205357163429 stDevST=0.2164562411479782

Steady State Statistics: numBatchesST=347 batchSizeST=800 stDevStdStateMeanST=0.008047698535414406
95% c.i. = 0.13292155464075756 +/- 8.467497031991915E-4



REPORT for Depository of Queueing Place : P/categories_login----------------------------------------

tkOcp=0.0

------------------ Color = login --------------------
arrivCnt=278089 deptCnt=278089
arrivThrPut=0.02783672927006255 deptThrPut=0.02783672927006255
meanTkPop=0.0 tkColOcp=0.0
-----
meanST=0.0 stDevST=0.0

Steady State Statistics: numBatchesST=1390 batchSizeST=200 stDevStdStateMeanST=0.0
95% c.i. = 0.0 +/- 0.0



REPORT for Queue : Persistence----------------------------------------

totArrivThrPut=0.1668511063965093 totDeptThrPut=0.1668511063965093
meanTotTkPop=0.04723707531996727 queueUtil=0.04295236339050942
meanST=0.2831091524662226



REPORT for Queue of Queueing Place : I/icon_login----------------------------------------

queueUtilQPl=0.01682962764178965

------------------ Color = login --------------------
arrivCnt=278089 deptCnt=278089
arrivThrPut=0.02783672927006255 deptThrPut=0.02783672927006255
meanTkPop=0.017144028417379838 tkColOcp=0.01682962764178965
-----
meanST=0.6158779737035289 stDevST=0.6066816725302557

Steady State Statistics: numBatchesST=347 batchSizeST=800 stDevStdStateMeanST=0.021324476381380453
95% c.i. = 0.6160209364999922 +/- 0.002243684199570017



REPORT for Depository of Queueing Place : I/icon_login----------------------------------------

tkOcp=0.0

------------------ Color = login --------------------
arrivCnt=278089 deptCnt=278089
arrivThrPut=0.02783672927006255 deptThrPut=0.02783672927006255
meanTkPop=0.0 tkColOcp=0.0
-----
meanST=0.0 stDevST=0.0

Steady State Statistics: numBatchesST=1390 batchSizeST=200 stDevStdStateMeanST=0.0
95% c.i. = 0.0 +/- 0.0



REPORT for Queue : ImageProvider----------------------------------------

totArrivThrPut=0.1668511063965093 totDeptThrPut=0.1668511063965093
meanTotTkPop=0.051380014968255255 queueUtil=0.047697044267829704
meanST=0.30793931234806715



REPORT for Queue of Queueing Place : A/isLoggedIn_login----------------------------------------

queueUtilQPl=0.022921685612742417

------------------ Color = login --------------------
arrivCnt=278089 deptCnt=278089
arrivThrPut=0.02783672927006255 deptThrPut=0.02783672927006255
meanTkPop=0.02364522727147845 tkColOcp=0.022921685612742417
-----
meanST=0.8494254853751113 stDevST=1.0859975751178614

Steady State Statistics: numBatchesST=695 batchSizeST=400 stDevStdStateMeanST=0.059716406829395705
95% c.i. = 0.8494623026438858 +/- 0.004439656368475639



REPORT for Depository of Queueing Place : A/isLoggedIn_login----------------------------------------

tkOcp=0.0

------------------ Color = login --------------------
arrivCnt=278089 deptCnt=278089
arrivThrPut=0.02783672927006255 deptThrPut=0.02783672927006255
meanTkPop=0.0 tkColOcp=0.0
-----
meanST=0.0 stDevST=0.0

Steady State Statistics: numBatchesST=1390 batchSizeST=200 stDevStdStateMeanST=0.0
95% c.i. = 0.0 +/- 0.0



REPORT for Queue : Auth----------------------------------------

totArrivThrPut=0.1668511063965093 totDeptThrPut=0.1668511063965093
meanTotTkPop=0.1664880886015131 queueUtil=0.12965582881379484
meanST=0.9978243009421014



REPORT for Queue of Queueing Place : A/isLoggedIn_category----------------------------------------

queueUtilQPl=0.008810667529189265

------------------ Color = category --------------------
arrivCnt=278025 deptCnt=278025
arrivThrPut=0.02783032286537454 deptThrPut=0.02783032286537454
meanTkPop=0.009139258323203588 tkColOcp=0.008810667529189265
-----
meanST=0.32839210552509673 stDevST=0.8820194801296243

Steady State Statistics: numBatchesST=695 batchSizeST=400 stDevStdStateMeanST=0.0476591726743751
95% c.i. = 0.3283647793287091 +/- 0.003543253198146429



REPORT for Depository of Queueing Place : A/isLoggedIn_category----------------------------------------

tkOcp=0.0

------------------ Color = category --------------------
arrivCnt=278025 deptCnt=278025
arrivThrPut=0.02783032286537454 deptThrPut=0.02783032286537454
meanTkPop=0.0 tkColOcp=0.0
-----
meanST=0.0 stDevST=0.0

Steady State Statistics: numBatchesST=1390 batchSizeST=200 stDevStdStateMeanST=0.0
95% c.i. = 0.0 +/- 0.0



REPORT for Queue : Auth----------------------------------------

totArrivThrPut=0.1668511063965093 totDeptThrPut=0.1668511063965093
meanTotTkPop=0.1664880886015131 queueUtil=0.12965582881379484
meanST=0.9978243009421014



REPORT for Queue of Queueing Place : I/icon_logout----------------------------------------

queueUtilQPl=0.009448167124940829

------------------ Color = logout --------------------
arrivCnt=277609 deptCnt=277609
arrivThrPut=0.027788681234902475 deptThrPut=0.027788681234902475
meanTkPop=0.009540045505165087 tkColOcp=0.009448167124940829
-----
meanST=0.3433068818387404 stDevST=0.3496685910669073

Steady State Statistics: numBatchesST=694 batchSizeST=400 stDevStdStateMeanST=0.01749390123607304
95% c.i. = 0.34330710810820825 +/- 0.001301532526877763



REPORT for Depository of Queueing Place : I/icon_logout----------------------------------------

tkOcp=0.0

------------------ Color = logout --------------------
arrivCnt=277609 deptCnt=277609
arrivThrPut=0.027788681234902475 deptThrPut=0.027788681234902475
meanTkPop=0.0 tkColOcp=0.0
-----
meanST=0.0 stDevST=0.0

Steady State Statistics: numBatchesST=1388 batchSizeST=200 stDevStdStateMeanST=0.0
95% c.i. = 0.0 +/- 0.0



REPORT for Queue : ImageProvider----------------------------------------

totArrivThrPut=0.1668511063965093 totDeptThrPut=0.1668511063965093
meanTotTkPop=0.051380014968255255 queueUtil=0.047697044267829704
meanST=0.30793931234806715



REPORT for Queue of Queueing Place : I/icon_loginAction----------------------------------------

queueUtilQPl=0.0070173539975959135

------------------ Color = loginAction --------------------
arrivCnt=278792 deptCnt=278792
arrivThrPut=0.02790709962155741 deptThrPut=0.02790709962155741
meanTkPop=0.007093491677883629 tkColOcp=0.0070173539975959135
-----
meanST=0.2541823325991253 stDevST=0.2706018652375851

Steady State Statistics: numBatchesST=696 batchSizeST=400 stDevStdStateMeanST=0.014501115135492381
95% c.i. = 0.2541950675333752 +/- 0.0010773203709866707



REPORT for Depository of Queueing Place : I/icon_loginAction----------------------------------------

tkOcp=0.0

------------------ Color = loginAction --------------------
arrivCnt=278792 deptCnt=278792
arrivThrPut=0.02790709962155741 deptThrPut=0.02790709962155741
meanTkPop=0.0 tkColOcp=0.0
-----
meanST=0.0 stDevST=0.0

Steady State Statistics: numBatchesST=1393 batchSizeST=200 stDevStdStateMeanST=0.0
95% c.i. = 0.0 +/- 0.0



REPORT for Queue : ImageProvider----------------------------------------

totArrivThrPut=0.1668511063965093 totDeptThrPut=0.1668511063965093
meanTotTkPop=0.051380014968255255 queueUtil=0.047697044267829704
meanST=0.30793931234806715



REPORT for Queue of Queueing Place : A/isLoggedIn_product----------------------------------------

queueUtilQPl=0.014720660517399769

------------------ Color = product --------------------
arrivCnt=276942 deptCnt=276942
arrivThrPut=0.02772191448604462 deptThrPut=0.02772191448604462
meanTkPop=0.015174907231011938 tkColOcp=0.014720660517399769
-----
meanST=0.5473975197005632 stDevST=0.980361430218887

Steady State Statistics: numBatchesST=692 batchSizeST=400 stDevStdStateMeanST=0.05443248815107084
95% c.i. = 0.5474121118637659 +/- 0.004055582407644205



REPORT for Depository of Queueing Place : A/isLoggedIn_product----------------------------------------

tkOcp=0.0

------------------ Color = product --------------------
arrivCnt=276942 deptCnt=276942
arrivThrPut=0.02772191448604462 deptThrPut=0.02772191448604462
meanTkPop=0.0 tkColOcp=0.0
-----
meanST=0.0 stDevST=0.0

Steady State Statistics: numBatchesST=1384 batchSizeST=200 stDevStdStateMeanST=0.0
95% c.i. = 0.0 +/- 0.0



REPORT for Queue : Auth----------------------------------------

totArrivThrPut=0.1668511063965093 totDeptThrPut=0.1668511063965093
meanTotTkPop=0.1664880886015131 queueUtil=0.12965582881379484
meanST=0.9978243009421014



REPORT for Queue of Queueing Place : P/category_logout----------------------------------------

queueUtilQPl=0.004366852298814823

------------------ Color = logout --------------------
arrivCnt=277609 deptCnt=277609
arrivThrPut=0.027788681234902475 deptThrPut=0.027788681234902475
meanTkPop=0.0043900409450143155 tkColOcp=0.004366852298814823
-----
meanST=0.15797946321757944 stDevST=0.19898789022934654

Steady State Statistics: numBatchesST=694 batchSizeST=400 stDevStdStateMeanST=0.009960480156480333
95% c.i. = 0.15798177736607738 +/- 7.410519090074471E-4



REPORT for Depository of Queueing Place : P/category_logout----------------------------------------

tkOcp=0.0

------------------ Color = logout --------------------
arrivCnt=277609 deptCnt=277609
arrivThrPut=0.027788681234902475 deptThrPut=0.027788681234902475
meanTkPop=0.0 tkColOcp=0.0
-----
meanST=0.0 stDevST=0.0

Steady State Statistics: numBatchesST=1388 batchSizeST=200 stDevStdStateMeanST=0.0
95% c.i. = 0.0 +/- 0.0



REPORT for Queue : Persistence----------------------------------------

totArrivThrPut=0.1668511063965093 totDeptThrPut=0.1668511063965093
meanTotTkPop=0.04723707531996727 queueUtil=0.04295236339050942
meanST=0.2831091524662226



REPORT for Ordinary Place : Finish_index----------------------------------------

tkOcp=1.0

------------------ Color = index --------------------
arrivCnt=277386 deptCnt=0
arrivThrPut=0.027766358918567692 deptThrPut=0.0
meanTkPop=138816.27809626443 tkColOcp=1.0
-----
meanST=NaN stDevST=NaN

Steady State Statistics: Only 0 batches collected!
Need at least 60 for steady state statistics.



REPORT for Ordinary Place : Finish_login----------------------------------------

tkOcp=0.9999999999999998

------------------ Color = login --------------------
arrivCnt=278089 deptCnt=0
arrivThrPut=0.02783672927006255 deptThrPut=0.0
meanTkPop=139294.82021302762 tkColOcp=0.9999999999999998
-----
meanST=NaN stDevST=NaN

Steady State Statistics: Only 0 batches collected!
Need at least 60 for steady state statistics.



REPORT for Ordinary Place : Finish_loginAction----------------------------------------

tkOcp=0.9999999999999998

------------------ Color = loginAction --------------------
arrivCnt=278792 deptCnt=0
arrivThrPut=0.02790709962155741 deptThrPut=0.0
meanTkPop=139488.40642450514 tkColOcp=0.9999999999999998
-----
meanST=NaN stDevST=NaN

Steady State Statistics: Only 0 batches collected!
Need at least 60 for steady state statistics.



REPORT for Ordinary Place : Finish_category----------------------------------------

tkOcp=0.9999999999999998

------------------ Color = category --------------------
arrivCnt=278025 deptCnt=0
arrivThrPut=0.02783032286537454 deptThrPut=0.0
meanTkPop=139452.39376429518 tkColOcp=0.9999999999999998
-----
meanST=NaN stDevST=NaN

Steady State Statistics: Only 0 batches collected!
Need at least 60 for steady state statistics.



REPORT for Ordinary Place : Finish_product----------------------------------------

tkOcp=0.9999999999999998

------------------ Color = product --------------------
arrivCnt=276942 deptCnt=0
arrivThrPut=0.02772191448604462 deptThrPut=0.0
meanTkPop=138815.8870277103 tkColOcp=0.9999999999999998
-----
meanST=NaN stDevST=NaN

Steady State Statistics: Only 0 batches collected!
Need at least 60 for steady state statistics.



REPORT for Ordinary Place : Finish_logout----------------------------------------

tkOcp=0.9999999999999998

------------------ Color = logout --------------------
arrivCnt=277609 deptCnt=0
arrivThrPut=0.027788681234902475 deptThrPut=0.0
meanTkPop=139044.2237313909 tkColOcp=0.9999999999999998
-----
meanST=NaN stDevST=NaN

Steady State Statistics: Only 0 batches collected!
Need at least 60 for steady state statistics.



REPORT REPORT for Probe : /index----------------------------------------


------------------ Color = index --------------------
-----
meanST=2.441060909787451 stDevST=2.0464365947966767

Steady State Statistics: numBatchesST=693 batchSizeST=400 stDevStdStateMeanST=0.11424955300670585
95% c.i. = 2.441052271374873 +/- 0.008506207708553171



REPORT REPORT for Probe : /login----------------------------------------


------------------ Color = login --------------------
-----
meanST=1.7346385325485119 stDevST=1.3075845171269496

Steady State Statistics: numBatchesST=695 batchSizeST=400 stDevStdStateMeanST=0.07178125377761874
95% c.i. = 1.7347064359407485 +/- 0.00533662551702788



REPORT REPORT for Probe : /loginAction----------------------------------------


------------------ Color = loginAction --------------------
-----
meanST=1.1521705036800676 stDevST=1.042410974147665

Steady State Statistics: numBatchesST=696 batchSizeST=400 stDevStdStateMeanST=0.057613734440058996
95% c.i. = 1.1521256818287084 +/- 0.004280253565394809



REPORT REPORT for Probe : /logout----------------------------------------


------------------ Color = logout --------------------
-----
meanST=2.582083330616502 stDevST=1.9982265341771828

Steady State Statistics: numBatchesST=694 batchSizeST=400 stDevStdStateMeanST=0.11520578301226846
95% c.i. = 2.5821046747107737 +/- 0.008571219869796629



REPORT REPORT for Probe : /category----------------------------------------


------------------ Color = category --------------------
-----
meanST=1.0528660904952598 stDevST=1.0471525149999086

Steady State Statistics: numBatchesST=695 batchSizeST=400 stDevStdStateMeanST=0.055991378377082006
95% c.i. = 1.0528135038272333 +/- 0.004162716626633593



REPORT REPORT for Probe : /product----------------------------------------


------------------ Color = product --------------------
-----
meanST=2.920246533373641 stDevST=1.6686818493482667

Steady State Statistics: numBatchesST=692 batchSizeST=400 stDevStdStateMeanST=0.0909409064424154
95% c.i. = 2.920185065108005 +/- 0.006775702394486661



