INFO Logging to /home/yjx/workloadConfig/qpme/output/SimQPN_Output_config_2025-08-14_085613137.log
WARN Batch means correlation test was run for depository of place Workload, color 0
    However, the standard deviation of the token residence time is 0 and therefore the result of the test is ignored!
    In future runs, you should set numBMeansCorlTested to 0 to switch off the correlation test!
WARN Batch means correlation test was run for depository of place W/login, color 0
    However, the standard deviation of the token residence time is 0 and therefore the result of the test is ignored!
    In future runs, you should set numBMeansCorlTested to 0 to switch off the correlation test!
WARN Batch means correlation test was run for depository of place P/categories_login, color 0
    However, the standard deviation of the token residence time is 0 and therefore the result of the test is ignored!
    In future runs, you should set numBMeansCorlTested to 0 to switch off the correlation test!
WARN Batch means correlation test was run for depository of place I/icon_login, color 0
    However, the standard deviation of the token residence time is 0 and therefore the result of the test is ignored!
    In future runs, you should set numBMeansCorlTested to 0 to switch off the correlation test!
WARN Batch means correlation test was run for depository of place A/isLoggedIn_login, color 0
    However, the standard deviation of the token residence time is 0 and therefore the result of the test is ignored!
    In future runs, you should set numBMeansCorlTested to 0 to switch off the correlation test!
WARN Batch means correlation test was run for depository of place W/product, color 0
    However, the standard deviation of the token residence time is 0 and therefore the result of the test is ignored!
    In future runs, you should set numBMeansCorlTested to 0 to switch off the correlation test!
WARN Batch means correlation test was run for depository of place P/getProduct_product, color 0
    However, the standard deviation of the token residence time is 0 and therefore the result of the test is ignored!
    In future runs, you should set numBMeansCorlTested to 0 to switch off the correlation test!
WARN Batch means correlation test was run for depository of place R/getAds_product, color 0
    However, the standard deviation of the token residence time is 0 and therefore the result of the test is ignored!
    In future runs, you should set numBMeansCorlTested to 0 to switch off the correlation test!
WARN Batch means correlation test was run for depository of place I/product_product, color 0
    However, the standard deviation of the token residence time is 0 and therefore the result of the test is ignored!
    In future runs, you should set numBMeansCorlTested to 0 to switch off the correlation test!
WARN Batch means correlation test was run for depository of place A/isLoggedIn_product, color 0
    However, the standard deviation of the token residence time is 0 and therefore the result of the test is ignored!
    In future runs, you should set numBMeansCorlTested to 0 to switch off the correlation test!
WARN Batch means correlation test was run for depository of place W/index, color 0
    However, the standard deviation of the token residence time is 0 and therefore the result of the test is ignored!
    In future runs, you should set numBMeansCorlTested to 0 to switch off the correlation test!
WARN Batch means correlation test was run for depository of place P/categories_index, color 0
    However, the standard deviation of the token residence time is 0 and therefore the result of the test is ignored!
    In future runs, you should set numBMeansCorlTested to 0 to switch off the correlation test!
WARN Batch means correlation test was run for depository of place A/isLoggedIn_index, color 0
    However, the standard deviation of the token residence time is 0 and therefore the result of the test is ignored!
    In future runs, you should set numBMeansCorlTested to 0 to switch off the correlation test!
WARN Batch means correlation test was run for depository of place I/icon_index, color 0
    However, the standard deviation of the token residence time is 0 and therefore the result of the test is ignored!
    In future runs, you should set numBMeansCorlTested to 0 to switch off the correlation test!
WARN Batch means correlation test was run for depository of place W/category, color 0
    However, the standard deviation of the token residence time is 0 and therefore the result of the test is ignored!
    In future runs, you should set numBMeansCorlTested to 0 to switch off the correlation test!
WARN Batch means correlation test was run for depository of place P/category_category, color 0
    However, the standard deviation of the token residence time is 0 and therefore the result of the test is ignored!
    In future runs, you should set numBMeansCorlTested to 0 to switch off the correlation test!
WARN Batch means correlation test was run for depository of place I/productImages_category, color 0
    However, the standard deviation of the token residence time is 0 and therefore the result of the test is ignored!
    In future runs, you should set numBMeansCorlTested to 0 to switch off the correlation test!
WARN Batch means correlation test was run for depository of place A/isLoggedIn_category, color 0
    However, the standard deviation of the token residence time is 0 and therefore the result of the test is ignored!
    In future runs, you should set numBMeansCorlTested to 0 to switch off the correlation test!
WARN Batch means correlation test was run for depository of place W/loginAction, color 0
    However, the standard deviation of the token residence time is 0 and therefore the result of the test is ignored!
    In future runs, you should set numBMeansCorlTested to 0 to switch off the correlation test!
WARN Batch means correlation test was run for depository of place A/login_loginAction, color 0
    However, the standard deviation of the token residence time is 0 and therefore the result of the test is ignored!
    In future runs, you should set numBMeansCorlTested to 0 to switch off the correlation test!
WARN Batch means correlation test was run for depository of place P/getUser_loginAction, color 0
    However, the standard deviation of the token residence time is 0 and therefore the result of the test is ignored!
    In future runs, you should set numBMeansCorlTested to 0 to switch off the correlation test!
WARN Batch means correlation test was run for depository of place I/icon_loginAction, color 0
    However, the standard deviation of the token residence time is 0 and therefore the result of the test is ignored!
    In future runs, you should set numBMeansCorlTested to 0 to switch off the correlation test!
WARN Batch means correlation test was run for depository of place A/logout_logout, color 0
    However, the standard deviation of the token residence time is 0 and therefore the result of the test is ignored!
    In future runs, you should set numBMeansCorlTested to 0 to switch off the correlation test!
WARN Batch means correlation test was run for depository of place P/category_logout, color 0
    However, the standard deviation of the token residence time is 0 and therefore the result of the test is ignored!
    In future runs, you should set numBMeansCorlTested to 0 to switch off the correlation test!
WARN Batch means correlation test was run for depository of place I/icon_logout, color 0
    However, the standard deviation of the token residence time is 0 and therefore the result of the test is ignored!
    In future runs, you should set numBMeansCorlTested to 0 to switch off the correlation test!
WARN Batch means correlation test was run for depository of place W/logout, color 0
    However, the standard deviation of the token residence time is 0 and therefore the result of the test is ignored!
    In future runs, you should set numBMeansCorlTested to 0 to switch off the correlation test!
WARN LP-1 The simulation was stopped because of reaching max totalRunLen.
The required precision may not have been reached!
REPORT for Queue of Queueing Place : W/index----------------------------------------

queueUtilQPl=0.017915907560059022

------------------ Color = index --------------------
arrivCnt=277826 deptCnt=277826
arrivThrPut=0.02781040708473392 deptThrPut=0.02781040708473392
meanTkPop=0.018234485011336107 tkColOcp=0.017915907560059022
-----
meanST=0.655671272836047 stDevST=0.6493449447147742

Steady State Statistics: numBatchesST=694 batchSizeST=400 stDevStdStateMeanST=0.03314145949337439
95% c.i. = 0.6556296081698905 +/- 0.0024656985847092447



REPORT for Depository of Queueing Place : W/index----------------------------------------

tkOcp=0.0

------------------ Color = index --------------------
arrivCnt=277826 deptCnt=277826
arrivThrPut=0.02781040708473392 deptThrPut=0.02781040708473392
meanTkPop=0.0 tkColOcp=0.0
-----
meanST=0.0 stDevST=0.0

Steady State Statistics: numBatchesST=1389 batchSizeST=200 stDevStdStateMeanST=0.0
95% c.i. = 0.0 +/- 0.0



REPORT for Queue : WebUI----------------------------------------

totArrivThrPut=0.16669457466060994 totDeptThrPut=0.16669457466060994
meanTotTkPop=0.07820436845633474 queueUtil=0.07175118201151681
meanST=0.46914765291887145



REPORT for Queue of Queueing Place : P/categories_index----------------------------------------

queueUtilQPl=0.008834912950331763

------------------ Color = index --------------------
arrivCnt=277826 deptCnt=277826
arrivThrPut=0.02781040708473392 deptThrPut=0.02781040708473392
meanTkPop=0.008914981905201682 tkColOcp=0.008834912950331763
-----
meanST=0.3205627978777563 stDevST=0.32799038416500254

Steady State Statistics: numBatchesST=347 batchSizeST=800 stDevStdStateMeanST=0.012171821412891694
95% c.i. = 0.320578888050603 +/- 0.0012806749809781348



REPORT for Depository of Queueing Place : P/categories_index----------------------------------------

tkOcp=0.0

------------------ Color = index --------------------
arrivCnt=277826 deptCnt=277826
arrivThrPut=0.02781040708473392 deptThrPut=0.02781040708473392
meanTkPop=0.0 tkColOcp=0.0
-----
meanST=0.0 stDevST=0.0

Steady State Statistics: numBatchesST=1389 batchSizeST=200 stDevStdStateMeanST=0.0
95% c.i. = 0.0 +/- 0.0



REPORT for Queue : Persistence----------------------------------------

totArrivThrPut=0.16669467476069805 totDeptThrPut=0.16669467476069805
meanTotTkPop=0.06238558816185709 queueUtil=0.05824680352398741
meanST=0.3742506366890004



REPORT for Queue of Queueing Place : A/isLoggedIn_index----------------------------------------

queueUtilQPl=0.0061719204389964364

------------------ Color = index --------------------
arrivCnt=277826 deptCnt=277826
arrivThrPut=0.02781040708473392 deptThrPut=0.02781040708473392
meanTkPop=0.006213717437576418 tkColOcp=0.0061719204389964364
-----
meanST=0.22343137296207866 stDevST=0.2507620712304419

Steady State Statistics: numBatchesST=347 batchSizeST=800 stDevStdStateMeanST=0.009450125117850199
95% c.i. = 0.22345415080404052 +/- 9.943079507168486E-4



REPORT for Depository of Queueing Place : A/isLoggedIn_index----------------------------------------

tkOcp=0.0

------------------ Color = index --------------------
arrivCnt=277826 deptCnt=277826
arrivThrPut=0.02781040708473392 deptThrPut=0.02781040708473392
meanTkPop=0.0 tkColOcp=0.0
-----
meanST=0.0 stDevST=0.0

Steady State Statistics: numBatchesST=1389 batchSizeST=200 stDevStdStateMeanST=0.0
95% c.i. = 0.0 +/- 0.0



REPORT for Queue : Auth----------------------------------------

totArrivThrPut=0.16669457466060994 totDeptThrPut=0.16669457466060994
meanTotTkPop=0.061726998967934085 queueUtil=0.0572436727219212
meanST=0.3702999878286995



REPORT for Queue of Queueing Place : W/login----------------------------------------

queueUtilQPl=0.015053757590395182

------------------ Color = login --------------------
arrivCnt=276990 deptCnt=276990
arrivThrPut=0.027726723411057454 deptThrPut=0.027726723411057454
meanTkPop=0.015283066452621643 tkColOcp=0.015053757590395182
-----
meanST=0.5512034807014642 stDevST=0.5538592798412899

Steady State Statistics: numBatchesST=692 batchSizeST=400 stDevStdStateMeanST=0.02920764711702915
95% c.i. = 0.5512228117459163 +/- 0.002176163975597597



REPORT for Depository of Queueing Place : W/login----------------------------------------

tkOcp=0.0

------------------ Color = login --------------------
arrivCnt=276990 deptCnt=276990
arrivThrPut=0.027726723411057454 deptThrPut=0.027726723411057454
meanTkPop=0.0 tkColOcp=0.0
-----
meanST=0.0 stDevST=0.0

Steady State Statistics: numBatchesST=1384 batchSizeST=200 stDevStdStateMeanST=0.0
95% c.i. = 0.0 +/- 0.0



REPORT for Queue : WebUI----------------------------------------

totArrivThrPut=0.16669457466060994 totDeptThrPut=0.16669457466060994
meanTotTkPop=0.07820436845633474 queueUtil=0.07175118201151681
meanST=0.46914765291887145



REPORT for Queue of Queueing Place : W/loginAction----------------------------------------

queueUtilQPl=0.00915698350849513

------------------ Color = loginAction --------------------
arrivCnt=277580 deptCnt=277580
arrivThrPut=0.027785782463054003 deptThrPut=0.027785782463054003
meanTkPop=0.009246451665438879 tkColOcp=0.00915698350849513
-----
meanST=0.33277636423352963 stDevST=0.3601063408114145

Steady State Statistics: numBatchesST=693 batchSizeST=400 stDevStdStateMeanST=0.01831385828568817
95% c.i. = 0.33276215275397586 +/- 0.0013635194048761622



REPORT for Depository of Queueing Place : W/loginAction----------------------------------------

tkOcp=0.0

------------------ Color = loginAction --------------------
arrivCnt=277580 deptCnt=277580
arrivThrPut=0.027785782463054003 deptThrPut=0.027785782463054003
meanTkPop=0.0 tkColOcp=0.0
-----
meanST=0.0 stDevST=0.0

Steady State Statistics: numBatchesST=1387 batchSizeST=200 stDevStdStateMeanST=0.0
95% c.i. = 0.0 +/- 0.0



REPORT for Queue : WebUI----------------------------------------

totArrivThrPut=0.16669457466060994 totDeptThrPut=0.16669457466060994
meanTotTkPop=0.07820436845633474 queueUtil=0.07175118201151681
meanST=0.46914765291887145



REPORT for Queue of Queueing Place : A/login_loginAction----------------------------------------

queueUtilQPl=0.009386856962506167

------------------ Color = loginAction --------------------
arrivCnt=277580 deptCnt=277580
arrivThrPut=0.027785782463054003 deptThrPut=0.027785782463054003
meanTkPop=0.009481449311575619 tkColOcp=0.009386856962506167
-----
meanST=0.3412338423142427 stDevST=0.3532815981772282

Steady State Statistics: numBatchesST=693 batchSizeST=400 stDevStdStateMeanST=0.01896914723113925
95% c.i. = 0.3412023803860997 +/- 0.0014123075509339283



REPORT for Depository of Queueing Place : A/login_loginAction----------------------------------------

tkOcp=0.0

------------------ Color = loginAction --------------------
arrivCnt=277580 deptCnt=277580
arrivThrPut=0.027785782463054003 deptThrPut=0.027785782463054003
meanTkPop=0.0 tkColOcp=0.0
-----
meanST=0.0 stDevST=0.0

Steady State Statistics: numBatchesST=1387 batchSizeST=200 stDevStdStateMeanST=0.0
95% c.i. = 0.0 +/- 0.0



REPORT for Queue : Auth----------------------------------------

totArrivThrPut=0.16669457466060994 totDeptThrPut=0.16669457466060994
meanTotTkPop=0.061726998967934085 queueUtil=0.0572436727219212
meanST=0.3702999878286995



REPORT for Queue of Queueing Place : W/logout----------------------------------------

queueUtilQPl=0.0140334610037075

------------------ Color = logout --------------------
arrivCnt=277604 deptCnt=277604
arrivThrPut=0.027788184865169114 deptThrPut=0.027788184865169114
meanTkPop=0.014236214024175624 tkColOcp=0.0140334610037075
-----
meanST=0.5123117646313018 stDevST=0.5178892660346746

Steady State Statistics: numBatchesST=694 batchSizeST=400 stDevStdStateMeanST=0.026780094672415503
95% c.i. = 0.5123059712113925 +/- 0.001992418032928075



REPORT for Depository of Queueing Place : W/logout----------------------------------------

tkOcp=0.0

------------------ Color = logout --------------------
arrivCnt=277604 deptCnt=277604
arrivThrPut=0.027788184865169114 deptThrPut=0.027788184865169114
meanTkPop=0.0 tkColOcp=0.0
-----
meanST=0.0 stDevST=0.0

Steady State Statistics: numBatchesST=1388 batchSizeST=200 stDevStdStateMeanST=0.0
95% c.i. = 0.0 +/- 0.0



REPORT for Queue : WebUI----------------------------------------

totArrivThrPut=0.16669457466060994 totDeptThrPut=0.16669457466060994
meanTotTkPop=0.07820436845633474 queueUtil=0.07175118201151681
meanST=0.46914765291887145



REPORT for Queue of Queueing Place : A/logout_logout----------------------------------------

queueUtilQPl=0.015768243237784904

------------------ Color = logout --------------------
arrivCnt=277604 deptCnt=277604
arrivThrPut=0.027788184865169114 deptThrPut=0.027788184865169114
meanTkPop=0.01602368439033658 tkColOcp=0.015768243237784904
-----
meanST=0.5766365981831847 stDevST=0.5728546648354292

Steady State Statistics: numBatchesST=694 batchSizeST=400 stDevStdStateMeanST=0.027787083273474008
95% c.i. = 0.5766270714852838 +/- 0.002067337194799769



REPORT for Depository of Queueing Place : A/logout_logout----------------------------------------

tkOcp=0.0

------------------ Color = logout --------------------
arrivCnt=277604 deptCnt=277605
arrivThrPut=0.027788184865169114 deptThrPut=0.027788284965257246
meanTkPop=0.0 tkColOcp=0.0
-----
meanST=0.0 stDevST=0.0

Steady State Statistics: numBatchesST=1388 batchSizeST=200 stDevStdStateMeanST=0.0
95% c.i. = 0.0 +/- 0.0



REPORT for Queue : Auth----------------------------------------

totArrivThrPut=0.16669457466060994 totDeptThrPut=0.16669457466060994
meanTotTkPop=0.061726998967934085 queueUtil=0.0572436727219212
meanST=0.3702999878286995



REPORT for Queue of Queueing Place : P/getUser_loginAction----------------------------------------

queueUtilQPl=0.012662748361369573

------------------ Color = loginAction --------------------
arrivCnt=277580 deptCnt=277580
arrivThrPut=0.027785782463054003 deptThrPut=0.027785782463054003
meanTkPop=0.012830272687488735 tkColOcp=0.012662748361369573
-----
meanST=0.46175675292026774 stDevST=0.4610661704809384

Steady State Statistics: numBatchesST=693 batchSizeST=400 stDevStdStateMeanST=0.02237225866583796
95% c.i. = 0.46174750778014634 +/- 0.0016656789817805814



REPORT for Depository of Queueing Place : P/getUser_loginAction----------------------------------------

tkOcp=0.0

------------------ Color = loginAction --------------------
arrivCnt=277580 deptCnt=277580
arrivThrPut=0.027785782463054003 deptThrPut=0.027785782463054003
meanTkPop=0.0 tkColOcp=0.0
-----
meanST=0.0 stDevST=0.0

Steady State Statistics: numBatchesST=1387 batchSizeST=200 stDevStdStateMeanST=0.0
95% c.i. = 0.0 +/- 0.0



REPORT for Queue : Persistence----------------------------------------

totArrivThrPut=0.16669467476069805 totDeptThrPut=0.16669467476069805
meanTotTkPop=0.06238558816185709 queueUtil=0.05824680352398741
meanST=0.3742506366890004



REPORT for Queue of Queueing Place : W/category----------------------------------------

queueUtilQPl=0.016714379628012067

------------------ Color = category --------------------
arrivCnt=278130 deptCnt=278130
arrivThrPut=0.02784083751152536 deptThrPut=0.02784083751152536
meanTkPop=0.01699919769117162 tkColOcp=0.016714379628012067
-----
meanST=0.6105849970976774 stDevST=0.6098721671568575

Steady State Statistics: numBatchesST=695 batchSizeST=400 stDevStdStateMeanST=0.032943907434685935
95% c.i. = 0.6105868289664677 +/- 0.002449236921818249



REPORT for Depository of Queueing Place : W/category----------------------------------------

tkOcp=0.0

------------------ Color = category --------------------
arrivCnt=278130 deptCnt=278130
arrivThrPut=0.02784083751152536 deptThrPut=0.02784083751152536
meanTkPop=0.0 tkColOcp=0.0
-----
meanST=0.0 stDevST=0.0

Steady State Statistics: numBatchesST=1390 batchSizeST=200 stDevStdStateMeanST=0.0
95% c.i. = 0.0 +/- 0.0



REPORT for Queue : WebUI----------------------------------------

totArrivThrPut=0.16669457466060994 totDeptThrPut=0.16669457466060994
meanTotTkPop=0.07820436845633474 queueUtil=0.07175118201151681
meanST=0.46914765291887145



REPORT for Queue of Queueing Place : W/product----------------------------------------

queueUtilQPl=0.004174339573792933

------------------ Color = product --------------------
arrivCnt=277149 deptCnt=277149
arrivThrPut=0.02774263932507008 deptThrPut=0.02774263932507008
meanTkPop=0.004204953611590869 tkColOcp=0.004174339573792933
-----
meanST=0.15157006376790527 stDevST=0.23351240487240824

Steady State Statistics: numBatchesST=692 batchSizeST=400 stDevStdStateMeanST=0.01109820257397321
95% c.i. = 0.15155465792059972 +/- 8.268899079270166E-4



REPORT for Depository of Queueing Place : W/product----------------------------------------

tkOcp=0.0

------------------ Color = product --------------------
arrivCnt=277149 deptCnt=277149
arrivThrPut=0.02774263932507008 deptThrPut=0.02774263932507008
meanTkPop=0.0 tkColOcp=0.0
-----
meanST=0.0 stDevST=0.0

Steady State Statistics: numBatchesST=1385 batchSizeST=200 stDevStdStateMeanST=0.0
95% c.i. = 0.0 +/- 0.0



REPORT for Queue : WebUI----------------------------------------

totArrivThrPut=0.16669457466060994 totDeptThrPut=0.16669457466060994
meanTotTkPop=0.07820436845633474 queueUtil=0.07175118201151681
meanST=0.46914765291887145



REPORT for Queue of Queueing Place : P/category_category----------------------------------------

queueUtilQPl=0.01355893505731512

------------------ Color = category --------------------
arrivCnt=278130 deptCnt=278130
arrivThrPut=0.02784083751152536 deptThrPut=0.02784083751152536
meanTkPop=0.013739481689533373 tkColOcp=0.01355893505731512
-----
meanST=0.493501019279524 stDevST=0.48998933253602955

Steady State Statistics: numBatchesST=347 batchSizeST=800 stDevStdStateMeanST=0.017049468432511358
95% c.i. = 0.49344890760923305 +/- 0.0017938833408587145



REPORT for Depository of Queueing Place : P/category_category----------------------------------------

tkOcp=0.0

------------------ Color = category --------------------
arrivCnt=278130 deptCnt=278130
arrivThrPut=0.02784083751152536 deptThrPut=0.02784083751152536
meanTkPop=0.0 tkColOcp=0.0
-----
meanST=0.0 stDevST=0.0

Steady State Statistics: numBatchesST=1390 batchSizeST=200 stDevStdStateMeanST=0.0
95% c.i. = 0.0 +/- 0.0



REPORT for Queue : Persistence----------------------------------------

totArrivThrPut=0.16669467476069805 totDeptThrPut=0.16669467476069805
meanTotTkPop=0.06238558816185709 queueUtil=0.05824680352398741
meanST=0.3742506366890004



REPORT for Queue of Queueing Place : P/getProduct_product----------------------------------------

queueUtilQPl=0.011782032410606874

------------------ Color = product --------------------
arrivCnt=277149 deptCnt=277149
arrivThrPut=0.02774263932507008 deptThrPut=0.02774263932507008
meanTkPop=0.011935530693931816 tkColOcp=0.011782032410606874
-----
meanST=0.4302233307393389 stDevST=0.4306498979530959

Steady State Statistics: numBatchesST=692 batchSizeST=400 stDevStdStateMeanST=0.021750268170716226
95% c.i. = 0.43026143970663394 +/- 0.0016205396437121182



REPORT for Depository of Queueing Place : P/getProduct_product----------------------------------------

tkOcp=0.0

------------------ Color = product --------------------
arrivCnt=277149 deptCnt=277149
arrivThrPut=0.02774263932507008 deptThrPut=0.02774263932507008
meanTkPop=0.0 tkColOcp=0.0
-----
meanST=0.0 stDevST=0.0

Steady State Statistics: numBatchesST=1385 batchSizeST=200 stDevStdStateMeanST=0.0
95% c.i. = 0.0 +/- 0.0



REPORT for Queue : Persistence----------------------------------------

totArrivThrPut=0.16669467476069805 totDeptThrPut=0.16669467476069805
meanTotTkPop=0.06238558816185709 queueUtil=0.05824680352398741
meanST=0.3742506366890004



REPORT for Queue of Queueing Place : R/getAds_product----------------------------------------

queueUtilQPl=0.0049812292432510185

------------------ Color = product --------------------
arrivCnt=277149 deptCnt=277149
arrivThrPut=0.02774263932507008 deptThrPut=0.02774263932507008
meanTkPop=0.005008644916671422 tkColOcp=0.0049812292432510185
-----
meanST=0.18053959675513928 stDevST=0.18087270338459016

Steady State Statistics: numBatchesST=692 batchSizeST=400 stDevStdStateMeanST=0.008923152850671924
95% c.i. = 0.18055113344371515 +/- 6.648342368893413E-4



REPORT for Depository of Queueing Place : R/getAds_product----------------------------------------

tkOcp=0.0

------------------ Color = product --------------------
arrivCnt=277149 deptCnt=277149
arrivThrPut=0.02774263932507008 deptThrPut=0.02774263932507008
meanTkPop=0.0 tkColOcp=0.0
-----
meanST=0.0 stDevST=0.0

Steady State Statistics: numBatchesST=1385 batchSizeST=200 stDevStdStateMeanST=0.0
95% c.i. = 0.0 +/- 0.0



REPORT for Queue : Recommender----------------------------------------

totArrivThrPut=0.02774263932507008 totDeptThrPut=0.02774263932507008
meanTotTkPop=0.005008644916671422 queueUtil=0.0049812292432510185
meanST=0.18053959675513928



REPORT for Queue of Queueing Place : I/productImages_category----------------------------------------

queueUtilQPl=0.021655036204732275

------------------ Color = category --------------------
arrivCnt=278130 deptCnt=278130
arrivThrPut=0.02784083751152536 deptThrPut=0.02784083751152536
meanTkPop=0.022120594069224335 tkColOcp=0.021655036204732275
-----
meanST=0.7945376664788552 stDevST=0.7924074362139097

Steady State Statistics: numBatchesST=695 batchSizeST=400 stDevStdStateMeanST=0.04230498274133735
95% c.i. = 0.7945614616765506 +/- 0.003145192351951344



REPORT for Depository of Queueing Place : I/productImages_category----------------------------------------

tkOcp=0.0

------------------ Color = category --------------------
arrivCnt=278130 deptCnt=278130
arrivThrPut=0.02784083751152536 deptThrPut=0.02784083751152536
meanTkPop=0.0 tkColOcp=0.0
-----
meanST=0.0 stDevST=0.0

Steady State Statistics: numBatchesST=1390 batchSizeST=200 stDevStdStateMeanST=0.0
95% c.i. = 0.0 +/- 0.0



REPORT for Queue : ImageProvider----------------------------------------

totArrivThrPut=0.16669467476069807 totDeptThrPut=0.16669467476069807
meanTotTkPop=0.055576358014484496 queueUtil=0.05031068045602159
meanST=0.3334021203392866



REPORT for Queue of Queueing Place : I/product_product----------------------------------------

queueUtilQPl=0.0038681095337999003

------------------ Color = product --------------------
arrivCnt=277149 deptCnt=277149
arrivThrPut=0.02774263932507008 deptThrPut=0.02774263932507008
meanTkPop=0.0039008721579743243 tkColOcp=0.0038681095337999003
-----
meanST=0.14060926620089959 stDevST=0.24607650886438595

Steady State Statistics: numBatchesST=346 batchSizeST=800 stDevStdStateMeanST=0.008834799981734923
95% c.i. = 0.14062210012690357 +/- 9.309080014732007E-4



REPORT for Depository of Queueing Place : I/product_product----------------------------------------

tkOcp=0.0

------------------ Color = product --------------------
arrivCnt=277149 deptCnt=277149
arrivThrPut=0.02774263932507008 deptThrPut=0.02774263932507008
meanTkPop=0.0 tkColOcp=0.0
-----
meanST=0.0 stDevST=0.0

Steady State Statistics: numBatchesST=1385 batchSizeST=200 stDevStdStateMeanST=0.0
95% c.i. = 0.0 +/- 0.0



REPORT for Queue : ImageProvider----------------------------------------

totArrivThrPut=0.16669467476069807 totDeptThrPut=0.16669467476069807
meanTotTkPop=0.055576358014484496 queueUtil=0.05031068045602159
meanST=0.3334021203392866



REPORT for Queue of Queueing Place : Workload----------------------------------------

queueUtilQPl=1.0

------------------ Color = workload --------------------
arrivCnt=1665279 deptCnt=1665280
arrivThrPut=0.16669457466060994 deptThrPut=0.16669467476069807
meanTkPop=1.0 tkColOcp=1.0
-----
meanST=5.998992615905186 stDevST=5.995944002486225

Steady State Statistics: numBatchesST=4163 batchSizeST=400 stDevStdStateMeanST=0.2982948792891221
95% c.i. = 5.998980924144871 +/- 0.009061303639766982



REPORT for Depository of Queueing Place : Workload----------------------------------------

tkOcp=0.0

------------------ Color = workload --------------------
arrivCnt=1665280 deptCnt=1665279
arrivThrPut=0.16669467476069807 deptThrPut=0.16669457466060994
meanTkPop=0.0 tkColOcp=0.0
-----
meanST=0.0 stDevST=0.0

Steady State Statistics: numBatchesST=8326 batchSizeST=200 stDevStdStateMeanST=0.0
95% c.i. = 0.0 +/- 0.0



REPORT for Queue : Workload----------------------------------------

totArrivThrPut=0.16669457466060994 totDeptThrPut=0.16669467476069807
meanTotTkPop=1.0 queueUtil=1.0
meanST=5.998992615905186



REPORT for Queue of Queueing Place : I/icon_index----------------------------------------

queueUtilQPl=0.0035359786206134868

------------------ Color = index --------------------
arrivCnt=277826 deptCnt=277826
arrivThrPut=0.02781040708473392 deptThrPut=0.02781040708473392
meanTkPop=0.0035648373357840832 tkColOcp=0.0035359786206134868
-----
meanST=0.12818357260728283 stDevST=0.23221530556392714

Steady State Statistics: numBatchesST=694 batchSizeST=400 stDevStdStateMeanST=0.011547965113945733
95% c.i. = 0.1282024110354127 +/- 8.591595443592392E-4



REPORT for Depository of Queueing Place : I/icon_index----------------------------------------

tkOcp=0.0

------------------ Color = index --------------------
arrivCnt=277826 deptCnt=277826
arrivThrPut=0.02781040708473392 deptThrPut=0.02781040708473392
meanTkPop=0.0 tkColOcp=0.0
-----
meanST=0.0 stDevST=0.0

Steady State Statistics: numBatchesST=1389 batchSizeST=200 stDevStdStateMeanST=0.0
95% c.i. = 0.0 +/- 0.0



REPORT for Queue : ImageProvider----------------------------------------

totArrivThrPut=0.16669467476069807 totDeptThrPut=0.16669467476069807
meanTotTkPop=0.055576358014484496 queueUtil=0.05031068045602159
meanST=0.3334021203392866



REPORT for Queue of Queueing Place : P/categories_login----------------------------------------

queueUtilQPl=0.011434451680904333

------------------ Color = login --------------------
arrivCnt=276990 deptCnt=276990
arrivThrPut=0.027726723411057454 deptThrPut=0.027726723411057454
meanTkPop=0.01156389272002645 tkColOcp=0.011434451680904333
-----
meanST=0.4170666886450331 stDevST=0.4185231606874667

Steady State Statistics: numBatchesST=692 batchSizeST=400 stDevStdStateMeanST=0.02193151663268104
95% c.i. = 0.41706325283589707 +/- 0.0016340438596450179



REPORT for Depository of Queueing Place : P/categories_login----------------------------------------

tkOcp=0.0

------------------ Color = login --------------------
arrivCnt=276990 deptCnt=276990
arrivThrPut=0.027726723411057454 deptThrPut=0.027726723411057454
meanTkPop=0.0 tkColOcp=0.0
-----
meanST=0.0 stDevST=0.0

Steady State Statistics: numBatchesST=1384 batchSizeST=200 stDevStdStateMeanST=0.0
95% c.i. = 0.0 +/- 0.0



REPORT for Queue : Persistence----------------------------------------

totArrivThrPut=0.16669467476069805 totDeptThrPut=0.16669467476069805
meanTotTkPop=0.06238558816185709 queueUtil=0.05824680352398741
meanST=0.3742506366890004



REPORT for Queue of Queueing Place : I/icon_login----------------------------------------

queueUtilQPl=0.0036351328006507064

------------------ Color = login --------------------
arrivCnt=276990 deptCnt=276990
arrivThrPut=0.027726723411057454 deptThrPut=0.027726723411057454
meanTkPop=0.0036601873968272135 tkColOcp=0.0036351328006507064
-----
meanST=0.13200937386519773 stDevST=0.22639406420525554

Steady State Statistics: numBatchesST=692 batchSizeST=400 stDevStdStateMeanST=0.011844104148163148
95% c.i. = 0.13200400871539683 +/- 8.824645363313461E-4



REPORT for Depository of Queueing Place : I/icon_login----------------------------------------

tkOcp=0.0

------------------ Color = login --------------------
arrivCnt=276990 deptCnt=276990
arrivThrPut=0.027726723411057454 deptThrPut=0.027726723411057454
meanTkPop=0.0 tkColOcp=0.0
-----
meanST=0.0 stDevST=0.0

Steady State Statistics: numBatchesST=1384 batchSizeST=200 stDevStdStateMeanST=0.0
95% c.i. = 0.0 +/- 0.0



REPORT for Queue : ImageProvider----------------------------------------

totArrivThrPut=0.16669467476069807 totDeptThrPut=0.16669467476069807
meanTotTkPop=0.055576358014484496 queueUtil=0.05031068045602159
meanST=0.3334021203392866



REPORT for Queue of Queueing Place : A/isLoggedIn_login----------------------------------------

queueUtilQPl=0.003466997837845708

------------------ Color = login --------------------
arrivCnt=276990 deptCnt=276990
arrivThrPut=0.027726723411057454 deptThrPut=0.027726723411057454
meanTkPop=0.003490518064458397 tkColOcp=0.003466997837845708
-----
meanST=0.1258900308092796 stDevST=0.19134124916677697

Steady State Statistics: numBatchesST=692 batchSizeST=400 stDevStdStateMeanST=0.009517815989074908
95% c.i. = 0.12589222469961078 +/- 7.091405959131698E-4



REPORT for Depository of Queueing Place : A/isLoggedIn_login----------------------------------------

tkOcp=0.0

------------------ Color = login --------------------
arrivCnt=276990 deptCnt=276990
arrivThrPut=0.027726723411057454 deptThrPut=0.027726723411057454
meanTkPop=0.0 tkColOcp=0.0
-----
meanST=0.0 stDevST=0.0

Steady State Statistics: numBatchesST=1384 batchSizeST=200 stDevStdStateMeanST=0.0
95% c.i. = 0.0 +/- 0.0



REPORT for Queue : Auth----------------------------------------

totArrivThrPut=0.16669457466060994 totDeptThrPut=0.16669457466060994
meanTotTkPop=0.061726998967934085 queueUtil=0.0572436727219212
meanST=0.3702999878286995



REPORT for Queue of Queueing Place : A/isLoggedIn_category----------------------------------------

queueUtilQPl=0.010948552008146425

------------------ Color = category --------------------
arrivCnt=278130 deptCnt=278130
arrivThrPut=0.02784083751152536 deptThrPut=0.02784083751152536
meanTkPop=0.011068613392095314 tkColOcp=0.010948552008146425
-----
meanST=0.3975675439904854 stDevST=0.40233994832249576

Steady State Statistics: numBatchesST=695 batchSizeST=400 stDevStdStateMeanST=0.021131768706889285
95% c.i. = 0.3975786362164537 +/- 0.001571055535620622



REPORT for Depository of Queueing Place : A/isLoggedIn_category----------------------------------------

tkOcp=0.0

------------------ Color = category --------------------
arrivCnt=278130 deptCnt=278130
arrivThrPut=0.02784083751152536 deptThrPut=0.02784083751152536
meanTkPop=0.0 tkColOcp=0.0
-----
meanST=0.0 stDevST=0.0

Steady State Statistics: numBatchesST=1390 batchSizeST=200 stDevStdStateMeanST=0.0
95% c.i. = 0.0 +/- 0.0



REPORT for Queue : Auth----------------------------------------

totArrivThrPut=0.16669457466060994 totDeptThrPut=0.16669457466060994
meanTotTkPop=0.061726998967934085 queueUtil=0.0572436727219212
meanST=0.3702999878286995



REPORT for Queue of Queueing Place : I/icon_logout----------------------------------------

queueUtilQPl=0.0173368962722527

------------------ Color = logout --------------------
arrivCnt=277605 deptCnt=277605
arrivThrPut=0.027788284965257246 deptThrPut=0.027788284965257246
meanTkPop=0.017651786303797483 tkColOcp=0.0173368962722527
-----
meanST=0.6352240278904191 stDevST=0.6393038036160699

Steady State Statistics: numBatchesST=347 batchSizeST=800 stDevStdStateMeanST=0.02448514300531275
95% c.i. = 0.6352297910566508 +/- 0.0025762380985448682



REPORT for Depository of Queueing Place : I/icon_logout----------------------------------------

tkOcp=0.0

------------------ Color = logout --------------------
arrivCnt=277605 deptCnt=277605
arrivThrPut=0.027788284965257246 deptThrPut=0.027788284965257246
meanTkPop=0.0 tkColOcp=0.0
-----
meanST=0.0 stDevST=0.0

Steady State Statistics: numBatchesST=1388 batchSizeST=200 stDevStdStateMeanST=0.0
95% c.i. = 0.0 +/- 0.0



REPORT for Queue : ImageProvider----------------------------------------

totArrivThrPut=0.16669467476069807 totDeptThrPut=0.16669467476069807
meanTotTkPop=0.055576358014484496 queueUtil=0.05031068045602159
meanST=0.3334021203392866



REPORT for Queue of Queueing Place : I/icon_loginAction----------------------------------------

queueUtilQPl=0.0046427946005883946

------------------ Color = loginAction --------------------
arrivCnt=277580 deptCnt=277580
arrivThrPut=0.027785782463054003 deptThrPut=0.027785782463054003
meanTkPop=0.004678080750877059 tkColOcp=0.0046427946005883946
-----
meanST=0.1683623902655027 stDevST=0.24683947681539017

Steady State Statistics: numBatchesST=693 batchSizeST=400 stDevStdStateMeanST=0.013759124723223699
95% c.i. = 0.16838122539526715 +/- 0.0010244063955047638



REPORT for Depository of Queueing Place : I/icon_loginAction----------------------------------------

tkOcp=0.0

------------------ Color = loginAction --------------------
arrivCnt=277580 deptCnt=277580
arrivThrPut=0.027785782463054003 deptThrPut=0.027785782463054003
meanTkPop=0.0 tkColOcp=0.0
-----
meanST=0.0 stDevST=0.0

Steady State Statistics: numBatchesST=1387 batchSizeST=200 stDevStdStateMeanST=0.0
95% c.i. = 0.0 +/- 0.0



REPORT for Queue : ImageProvider----------------------------------------

totArrivThrPut=0.16669467476069807 totDeptThrPut=0.16669467476069807
meanTotTkPop=0.055576358014484496 queueUtil=0.05031068045602159
meanST=0.3334021203392866



REPORT for Queue of Queueing Place : A/isLoggedIn_product----------------------------------------

queueUtilQPl=0.015201325589406067

------------------ Color = product --------------------
arrivCnt=277149 deptCnt=277149
arrivThrPut=0.02774263932507008 deptThrPut=0.02774263932507008
meanTkPop=0.015449016371891767 tkColOcp=0.015201325589406067
-----
meanST=0.556869019954097 stDevST=0.5522533126200573

Steady State Statistics: numBatchesST=692 batchSizeST=400 stDevStdStateMeanST=0.02818521794519124
95% c.i. = 0.5568042862386666 +/- 0.002099986201933093



REPORT for Depository of Queueing Place : A/isLoggedIn_product----------------------------------------

tkOcp=0.0

------------------ Color = product --------------------
arrivCnt=277149 deptCnt=277149
arrivThrPut=0.02774263932507008 deptThrPut=0.02774263932507008
meanTkPop=0.0 tkColOcp=0.0
-----
meanST=0.0 stDevST=0.0

Steady State Statistics: numBatchesST=1385 batchSizeST=200 stDevStdStateMeanST=0.0
95% c.i. = 0.0 +/- 0.0



REPORT for Queue : Auth----------------------------------------

totArrivThrPut=0.16669457466060994 totDeptThrPut=0.16669457466060994
meanTotTkPop=0.061726998967934085 queueUtil=0.0572436727219212
meanST=0.3702999878286995



REPORT for Queue of Queueing Place : P/category_logout----------------------------------------

queueUtilQPl=0.0033854208970061613

------------------ Color = logout --------------------
arrivCnt=277605 deptCnt=277605
arrivThrPut=0.027788284965257246 deptThrPut=0.027788284965257246
meanTkPop=0.0034014284656750356 tkColOcp=0.0033854208970061613
-----
meanST=0.12240512395521086 stDevST=0.16940293757570488

Steady State Statistics: numBatchesST=694 batchSizeST=400 stDevStdStateMeanST=0.009063414721030097
95% c.i. = 0.12240593102244957 +/- 6.74310944415244E-4



REPORT for Depository of Queueing Place : P/category_logout----------------------------------------

tkOcp=0.0

------------------ Color = logout --------------------
arrivCnt=277605 deptCnt=277605
arrivThrPut=0.027788284965257246 deptThrPut=0.027788284965257246
meanTkPop=0.0 tkColOcp=0.0
-----
meanST=0.0 stDevST=0.0

Steady State Statistics: numBatchesST=1388 batchSizeST=200 stDevStdStateMeanST=0.0
95% c.i. = 0.0 +/- 0.0



REPORT for Queue : Persistence----------------------------------------

totArrivThrPut=0.16669467476069805 totDeptThrPut=0.16669467476069805
meanTotTkPop=0.06238558816185709 queueUtil=0.05824680352398741
meanST=0.3742506366890004



REPORT for Ordinary Place : Finish_index----------------------------------------

tkOcp=1.0

------------------ Color = index --------------------
arrivCnt=277826 deptCnt=0
arrivThrPut=0.02781040708473392 deptThrPut=0.0
meanTkPop=139336.19816740774 tkColOcp=1.0
-----
meanST=NaN stDevST=NaN

Steady State Statistics: Only 0 batches collected!
Need at least 60 for steady state statistics.



REPORT for Ordinary Place : Finish_login----------------------------------------

tkOcp=0.9999999999999998

------------------ Color = login --------------------
arrivCnt=276990 deptCnt=0
arrivThrPut=0.027726723411057454 deptThrPut=0.0
meanTkPop=138809.813331715 tkColOcp=0.9999999999999998
-----
meanST=NaN stDevST=NaN

Steady State Statistics: Only 0 batches collected!
Need at least 60 for steady state statistics.



REPORT for Ordinary Place : Finish_loginAction----------------------------------------

tkOcp=0.9999999999999998

------------------ Color = loginAction --------------------
arrivCnt=277580 deptCnt=0
arrivThrPut=0.027785782463054003 deptThrPut=0.0
meanTkPop=138978.4674424828 tkColOcp=0.9999999999999998
-----
meanST=NaN stDevST=NaN

Steady State Statistics: Only 0 batches collected!
Need at least 60 for steady state statistics.



REPORT for Ordinary Place : Finish_category----------------------------------------

tkOcp=0.9999999999999998

------------------ Color = category --------------------
arrivCnt=278130 deptCnt=0
arrivThrPut=0.02784083751152536 deptThrPut=0.0
meanTkPop=139117.9050227734 tkColOcp=0.9999999999999998
-----
meanST=NaN stDevST=NaN

Steady State Statistics: Only 0 batches collected!
Need at least 60 for steady state statistics.



REPORT for Ordinary Place : Finish_product----------------------------------------

tkOcp=0.9999999999999998

------------------ Color = product --------------------
arrivCnt=277149 deptCnt=0
arrivThrPut=0.02774263932507008 deptThrPut=0.0
meanTkPop=139042.51545632738 tkColOcp=0.9999999999999998
-----
meanST=NaN stDevST=NaN

Steady State Statistics: Only 0 batches collected!
Need at least 60 for steady state statistics.



REPORT for Ordinary Place : Finish_logout----------------------------------------

tkOcp=1.0

------------------ Color = logout --------------------
arrivCnt=277605 deptCnt=0
arrivThrPut=0.027788284965257246 deptThrPut=0.0
meanTkPop=138959.0828277489 tkColOcp=1.0
-----
meanST=NaN stDevST=NaN

Steady State Statistics: Only 0 batches collected!
Need at least 60 for steady state statistics.



REPORT REPORT for Probe : /index----------------------------------------


------------------ Color = index --------------------
-----
meanST=1.3278490162831649 stDevST=0.8085745113733092

Steady State Statistics: numBatchesST=694 batchSizeST=400 stDevStdStateMeanST=0.041871151221775996
95% c.i. = 1.327865058059946 +/- 0.0031151808002999933



REPORT REPORT for Probe : /login----------------------------------------


------------------ Color = login --------------------
-----
meanST=1.2261695740209746 stDevST=0.7626682502231094

Steady State Statistics: numBatchesST=692 batchSizeST=400 stDevStdStateMeanST=0.03886555898116995
95% c.i. = 1.22618229799682 +/- 0.002895742646006349



REPORT REPORT for Probe : /loginAction----------------------------------------


------------------ Color = loginAction --------------------
-----
meanST=1.3041293497335429 stDevST=0.7387738580894497

Steady State Statistics: numBatchesST=346 batchSizeST=800 stDevStdStateMeanST=0.026518562112972353
95% c.i. = 1.3040743222403817 +/- 0.0027942162481965184



REPORT REPORT for Probe : /logout----------------------------------------


------------------ Color = logout --------------------
-----
meanST=1.8465780183370122 stDevST=1.0255353436107593

Steady State Statistics: numBatchesST=694 batchSizeST=400 stDevStdStateMeanST=0.05479246206537985
95% c.i. = 1.8465669081169642 +/- 0.004076516189468103



REPORT REPORT for Probe : /category----------------------------------------


------------------ Color = category --------------------
-----
meanST=2.296191226846542 stDevST=1.1804625578221688

Steady State Statistics: numBatchesST=695 batchSizeST=400 stDevStdStateMeanST=0.06413343651765213
95% c.i. = 2.2962183715047813 +/- 0.004768043406919493



REPORT REPORT for Probe : /product----------------------------------------


------------------ Color = product --------------------
-----
meanST=1.45981127741738 stDevST=0.8311364905681171

Steady State Statistics: numBatchesST=692 batchSizeST=400 stDevStdStateMeanST=0.04161274421576425
95% c.i. = 1.4597936174365178 +/- 0.0031004262180128095



