INFO Logging to /home/yjx/workloadConfig/qpme/output/SimQPN_Output_config_2025-08-14_042300411.log
WARN Batch means correlation test was run for depository of place Workload, color 0
    However, the standard deviation of the token residence time is 0 and therefore the result of the test is ignored!
    In future runs, you should set numBMeansCorlTested to 0 to switch off the correlation test!
WARN Batch means correlation test was run for depository of place R/getAds_product, color 0
    However, the standard deviation of the token residence time is 0 and therefore the result of the test is ignored!
    In future runs, you should set numBMeansCorlTested to 0 to switch off the correlation test!
WARN Batch means correlation test was run for depository of place I/product_product, color 0
    However, the standard deviation of the token residence time is 0 and therefore the result of the test is ignored!
    In future runs, you should set numBMeansCorlTested to 0 to switch off the correlation test!
WARN Batch means correlation test was run for depository of place A/isLoggedIn_product, color 0
    However, the standard deviation of the token residence time is 0 and therefore the result of the test is ignored!
    In future runs, you should set numBMeansCorlTested to 0 to switch off the correlation test!
WARN Batch means correlation test was run for depository of place W/product, color 0
    However, the standard deviation of the token residence time is 0 and therefore the result of the test is ignored!
    In future runs, you should set numBMeansCorlTested to 0 to switch off the correlation test!
WARN Batch means correlation test was run for depository of place P/getProduct_product, color 0
    However, the standard deviation of the token residence time is 0 and therefore the result of the test is ignored!
    In future runs, you should set numBMeansCorlTested to 0 to switch off the correlation test!
WARN Batch means correlation test was run for depository of place W/logout, color 0
    However, the standard deviation of the token residence time is 0 and therefore the result of the test is ignored!
    In future runs, you should set numBMeansCorlTested to 0 to switch off the correlation test!
WARN Batch means correlation test was run for depository of place A/logout_logout, color 0
    However, the standard deviation of the token residence time is 0 and therefore the result of the test is ignored!
    In future runs, you should set numBMeansCorlTested to 0 to switch off the correlation test!
WARN Batch means correlation test was run for depository of place P/category_logout, color 0
    However, the standard deviation of the token residence time is 0 and therefore the result of the test is ignored!
    In future runs, you should set numBMeansCorlTested to 0 to switch off the correlation test!
WARN Batch means correlation test was run for depository of place I/icon_logout, color 0
    However, the standard deviation of the token residence time is 0 and therefore the result of the test is ignored!
    In future runs, you should set numBMeansCorlTested to 0 to switch off the correlation test!
WARN Batch means correlation test was run for depository of place W/index, color 0
    However, the standard deviation of the token residence time is 0 and therefore the result of the test is ignored!
    In future runs, you should set numBMeansCorlTested to 0 to switch off the correlation test!
WARN Batch means correlation test was run for depository of place P/categories_index, color 0
    However, the standard deviation of the token residence time is 0 and therefore the result of the test is ignored!
    In future runs, you should set numBMeansCorlTested to 0 to switch off the correlation test!
WARN Batch means correlation test was run for depository of place A/isLoggedIn_index, color 0
    However, the standard deviation of the token residence time is 0 and therefore the result of the test is ignored!
    In future runs, you should set numBMeansCorlTested to 0 to switch off the correlation test!
WARN Batch means correlation test was run for depository of place I/icon_index, color 0
    However, the standard deviation of the token residence time is 0 and therefore the result of the test is ignored!
    In future runs, you should set numBMeansCorlTested to 0 to switch off the correlation test!
WARN Batch means correlation test was run for depository of place W/category, color 0
    However, the standard deviation of the token residence time is 0 and therefore the result of the test is ignored!
    In future runs, you should set numBMeansCorlTested to 0 to switch off the correlation test!
WARN Batch means correlation test was run for depository of place P/category_category, color 0
    However, the standard deviation of the token residence time is 0 and therefore the result of the test is ignored!
    In future runs, you should set numBMeansCorlTested to 0 to switch off the correlation test!
WARN Batch means correlation test was run for depository of place I/productImages_category, color 0
    However, the standard deviation of the token residence time is 0 and therefore the result of the test is ignored!
    In future runs, you should set numBMeansCorlTested to 0 to switch off the correlation test!
WARN Batch means correlation test was run for depository of place A/isLoggedIn_category, color 0
    However, the standard deviation of the token residence time is 0 and therefore the result of the test is ignored!
    In future runs, you should set numBMeansCorlTested to 0 to switch off the correlation test!
WARN Batch means correlation test was run for depository of place W/loginAction, color 0
    However, the standard deviation of the token residence time is 0 and therefore the result of the test is ignored!
    In future runs, you should set numBMeansCorlTested to 0 to switch off the correlation test!
WARN Batch means correlation test was run for depository of place A/login_loginAction, color 0
    However, the standard deviation of the token residence time is 0 and therefore the result of the test is ignored!
    In future runs, you should set numBMeansCorlTested to 0 to switch off the correlation test!
WARN Batch means correlation test was run for depository of place P/getUser_loginAction, color 0
    However, the standard deviation of the token residence time is 0 and therefore the result of the test is ignored!
    In future runs, you should set numBMeansCorlTested to 0 to switch off the correlation test!
WARN Batch means correlation test was run for depository of place I/icon_loginAction, color 0
    However, the standard deviation of the token residence time is 0 and therefore the result of the test is ignored!
    In future runs, you should set numBMeansCorlTested to 0 to switch off the correlation test!
WARN Batch means correlation test was run for depository of place W/login, color 0
    However, the standard deviation of the token residence time is 0 and therefore the result of the test is ignored!
    In future runs, you should set numBMeansCorlTested to 0 to switch off the correlation test!
WARN Batch means correlation test was run for depository of place P/categories_login, color 0
    However, the standard deviation of the token residence time is 0 and therefore the result of the test is ignored!
    In future runs, you should set numBMeansCorlTested to 0 to switch off the correlation test!
WARN Batch means correlation test was run for depository of place I/icon_login, color 0
    However, the standard deviation of the token residence time is 0 and therefore the result of the test is ignored!
    In future runs, you should set numBMeansCorlTested to 0 to switch off the correlation test!
WARN Batch means correlation test was run for depository of place A/isLoggedIn_login, color 0
    However, the standard deviation of the token residence time is 0 and therefore the result of the test is ignored!
    In future runs, you should set numBMeansCorlTested to 0 to switch off the correlation test!
WARN LP-1 The simulation was stopped because of reaching max totalRunLen.
The required precision may not have been reached!
REPORT for Queue of Queueing Place : W/index----------------------------------------

queueUtilQPl=0.008854412109252875

------------------ Color = index --------------------
arrivCnt=277624 deptCnt=277624
arrivThrPut=0.027790166677223966 deptThrPut=0.027790166677223966
meanTkPop=0.008936539386449376 tkColOcp=0.008854412109252875
-----
meanST=0.32157199667944103 stDevST=0.32050584691575335

Steady State Statistics: numBatchesST=694 batchSizeST=400 stDevStdStateMeanST=0.015788037904894397
95% c.i. = 0.32157735543149446 +/- 0.0011746176333971225



REPORT for Depository of Queueing Place : W/index----------------------------------------

tkOcp=0.0

------------------ Color = index --------------------
arrivCnt=277624 deptCnt=277624
arrivThrPut=0.027790166677223966 deptThrPut=0.027790166677223966
meanTkPop=0.0 tkColOcp=0.0
-----
meanST=0.0 stDevST=0.0

Steady State Statistics: numBatchesST=1388 batchSizeST=200 stDevStdStateMeanST=0.0
95% c.i. = 0.0 +/- 0.0



REPORT for Queue : WebUI----------------------------------------

totArrivThrPut=0.16669655565650326 totDeptThrPut=0.16669655565650326
meanTotTkPop=0.032520420070902036 queueUtil=0.03117645367779133
meanST=0.19508753460937706



REPORT for Queue of Queueing Place : P/categories_index----------------------------------------

queueUtilQPl=0.003683450506366072

------------------ Color = index --------------------
arrivCnt=277624 deptCnt=277624
arrivThrPut=0.027790166677223966 deptThrPut=0.027790166677223966
meanTkPop=0.0037072444817865947 tkColOcp=0.003683450506366072
-----
meanST=0.13340130431189345 stDevST=0.23765514242642455

Steady State Statistics: numBatchesST=694 batchSizeST=400 stDevStdStateMeanST=0.011778470559837833
95% c.i. = 0.1334040809582438 +/- 8.763089686873244E-4



REPORT for Depository of Queueing Place : P/categories_index----------------------------------------

tkOcp=0.0

------------------ Color = index --------------------
arrivCnt=277624 deptCnt=277624
arrivThrPut=0.027790166677223966 deptThrPut=0.027790166677223966
meanTkPop=0.0 tkColOcp=0.0
-----
meanST=0.0 stDevST=0.0

Steady State Statistics: numBatchesST=1388 batchSizeST=200 stDevStdStateMeanST=0.0
95% c.i. = 0.0 +/- 0.0



REPORT for Queue : Persistence----------------------------------------

totArrivThrPut=0.1666965556565033 totDeptThrPut=0.1666965556565033
meanTotTkPop=0.07381296549218763 queueUtil=0.067166442668448
meanST=0.4427983841747002



REPORT for Queue of Queueing Place : A/isLoggedIn_index----------------------------------------

queueUtilQPl=0.003377827246398414

------------------ Color = index --------------------
arrivCnt=277624 deptCnt=277624
arrivThrPut=0.027790166677223966 deptThrPut=0.027790166677223966
meanTkPop=0.0033945946734206113 tkColOcp=0.003377827246398414
-----
meanST=0.12215092888243542 stDevST=0.1643573256427321

Steady State Statistics: numBatchesST=694 batchSizeST=400 stDevStdStateMeanST=0.008513352184962015
95% c.i. = 0.12215229597514497 +/- 6.33386723291072E-4



REPORT for Depository of Queueing Place : A/isLoggedIn_index----------------------------------------

tkOcp=0.0

------------------ Color = index --------------------
arrivCnt=277624 deptCnt=277624
arrivThrPut=0.027790166677223966 deptThrPut=0.027790166677223966
meanTkPop=0.0 tkColOcp=0.0
-----
meanST=0.0 stDevST=0.0

Steady State Statistics: numBatchesST=1388 batchSizeST=200 stDevStdStateMeanST=0.0
95% c.i. = 0.0 +/- 0.0



REPORT for Queue : Auth----------------------------------------

totArrivThrPut=0.16669665575651868 totDeptThrPut=0.16669665575651868
meanTotTkPop=0.04963350195037201 queueUtil=0.04654811223075165
meanST=0.2977474366544458



REPORT for Queue of Queueing Place : W/login----------------------------------------

queueUtilQPl=0.003217343367921657

------------------ Color = login --------------------
arrivCnt=276764 deptCnt=276764
arrivThrPut=0.027704080663974343 deptThrPut=0.027704080663974343
meanTkPop=0.0032289788968635435 tkColOcp=0.003217343367921657
-----
meanST=0.11655246517753691 stDevST=0.1292244017028001

Steady State Statistics: numBatchesST=691 batchSizeST=400 stDevStdStateMeanST=0.006695324956670569
95% c.i. = 0.11655646481965204 +/- 4.992070702519521E-4



REPORT for Depository of Queueing Place : W/login----------------------------------------

tkOcp=0.0

------------------ Color = login --------------------
arrivCnt=276764 deptCnt=276764
arrivThrPut=0.027704080663974343 deptThrPut=0.027704080663974343
meanTkPop=0.0 tkColOcp=0.0
-----
meanST=0.0 stDevST=0.0

Steady State Statistics: numBatchesST=1383 batchSizeST=200 stDevStdStateMeanST=0.0
95% c.i. = 0.0 +/- 0.0



REPORT for Queue : WebUI----------------------------------------

totArrivThrPut=0.16669655565650326 totDeptThrPut=0.16669655565650326
meanTotTkPop=0.032520420070902036 queueUtil=0.03117645367779133
meanST=0.19508753460937706



REPORT for Queue of Queueing Place : W/loginAction----------------------------------------

queueUtilQPl=0.010232477146038163

------------------ Color = loginAction --------------------
arrivCnt=277058 deptCnt=277058
arrivThrPut=0.027733510068503865 deptThrPut=0.027733510068503865
meanTkPop=0.010334932266291395 tkColOcp=0.010232477146038163
-----
meanST=0.3726514328970019 stDevST=0.3713024965226684

Steady State Statistics: numBatchesST=692 batchSizeST=400 stDevStdStateMeanST=0.018538218141961913
95% c.i. = 0.3726725091694623 +/- 0.0013812205526403504



REPORT for Depository of Queueing Place : W/loginAction----------------------------------------

tkOcp=0.0

------------------ Color = loginAction --------------------
arrivCnt=277058 deptCnt=277058
arrivThrPut=0.027733510068503865 deptThrPut=0.027733510068503865
meanTkPop=0.0 tkColOcp=0.0
-----
meanST=0.0 stDevST=0.0

Steady State Statistics: numBatchesST=1385 batchSizeST=200 stDevStdStateMeanST=0.0
95% c.i. = 0.0 +/- 0.0



REPORT for Queue : WebUI----------------------------------------

totArrivThrPut=0.16669655565650326 totDeptThrPut=0.16669655565650326
meanTotTkPop=0.032520420070902036 queueUtil=0.03117645367779133
meanST=0.19508753460937706



REPORT for Queue of Queueing Place : A/login_loginAction----------------------------------------

queueUtilQPl=0.01232242620165972

------------------ Color = loginAction --------------------
arrivCnt=277058 deptCnt=277058
arrivThrPut=0.027733510068503865 deptThrPut=0.027733510068503865
meanTkPop=0.012472670301628908 tkColOcp=0.01232242620165972
-----
meanST=0.44973284199585517 stDevST=0.44939826195870414

Steady State Statistics: numBatchesST=346 batchSizeST=800 stDevStdStateMeanST=0.0167649772897387
95% c.i. = 0.44971165947036623 +/- 0.0017664974346673903



REPORT for Depository of Queueing Place : A/login_loginAction----------------------------------------

tkOcp=0.0

------------------ Color = loginAction --------------------
arrivCnt=277058 deptCnt=277058
arrivThrPut=0.027733510068503865 deptThrPut=0.027733510068503865
meanTkPop=0.0 tkColOcp=0.0
-----
meanST=0.0 stDevST=0.0

Steady State Statistics: numBatchesST=1385 batchSizeST=200 stDevStdStateMeanST=0.0
95% c.i. = 0.0 +/- 0.0



REPORT for Queue : Auth----------------------------------------

totArrivThrPut=0.16669665575651868 totDeptThrPut=0.16669665575651868
meanTotTkPop=0.04963350195037201 queueUtil=0.04654811223075165
meanST=0.2977474366544458



REPORT for Queue of Queueing Place : W/logout----------------------------------------

queueUtilQPl=0.0034913413439779813

------------------ Color = logout --------------------
arrivCnt=278000 deptCnt=278000
arrivThrPut=0.027827804283016823 deptThrPut=0.027827804283016823
meanTkPop=0.0035043522979833026 tkColOcp=0.0034913413439779813
-----
meanST=0.12592988876675376 stDevST=0.13733741653270998

Steady State Statistics: numBatchesST=695 batchSizeST=400 stDevStdStateMeanST=0.007303477448576071
95% c.i. = 0.1259298887667537 +/- 5.429819355880541E-4



REPORT for Depository of Queueing Place : W/logout----------------------------------------

tkOcp=0.0

------------------ Color = logout --------------------
arrivCnt=278000 deptCnt=278000
arrivThrPut=0.027827804283016823 deptThrPut=0.027827804283016823
meanTkPop=0.0 tkColOcp=0.0
-----
meanST=0.0 stDevST=0.0

Steady State Statistics: numBatchesST=1390 batchSizeST=200 stDevStdStateMeanST=0.0
95% c.i. = 0.0 +/- 0.0



REPORT for Queue : WebUI----------------------------------------

totArrivThrPut=0.16669655565650326 totDeptThrPut=0.16669655565650326
meanTotTkPop=0.032520420070902036 queueUtil=0.03117645367779133
meanST=0.19508753460937706



REPORT for Queue of Queueing Place : A/logout_logout----------------------------------------

queueUtilQPl=0.00502365743034906

------------------ Color = logout --------------------
arrivCnt=278000 deptCnt=278000
arrivThrPut=0.027827804283016823 deptThrPut=0.027827804283016823
meanTkPop=0.005054245513163212 tkColOcp=0.00502365743034906
-----
meanST=0.1816257388387554 stDevST=0.2067117568078525

Steady State Statistics: numBatchesST=347 batchSizeST=800 stDevStdStateMeanST=0.0068546662390608516
95% c.i. = 0.18163269897757905 +/- 7.212231643509762E-4



REPORT for Depository of Queueing Place : A/logout_logout----------------------------------------

tkOcp=0.0

------------------ Color = logout --------------------
arrivCnt=278000 deptCnt=278000
arrivThrPut=0.027827804283016823 deptThrPut=0.027827804283016823
meanTkPop=0.0 tkColOcp=0.0
-----
meanST=0.0 stDevST=0.0

Steady State Statistics: numBatchesST=1390 batchSizeST=200 stDevStdStateMeanST=0.0
95% c.i. = 0.0 +/- 0.0



REPORT for Queue : Auth----------------------------------------

totArrivThrPut=0.16669665575651868 totDeptThrPut=0.16669665575651868
meanTotTkPop=0.04963350195037201 queueUtil=0.04654811223075165
meanST=0.2977474366544458



REPORT for Queue of Queueing Place : P/getUser_loginAction----------------------------------------

queueUtilQPl=0.00545444370862451

------------------ Color = loginAction --------------------
arrivCnt=277058 deptCnt=277058
arrivThrPut=0.027733510068503865 deptThrPut=0.027733510068503865
meanTkPop=0.005496682794422242 tkColOcp=0.00545444370862451
-----
meanST=0.19819643387530175 stDevST=0.2756906720578549

Steady State Statistics: numBatchesST=346 batchSizeST=800 stDevStdStateMeanST=0.010740316105779411
95% c.i. = 0.198173438200227 +/- 0.0011316890276963742



REPORT for Depository of Queueing Place : P/getUser_loginAction----------------------------------------

tkOcp=0.0

------------------ Color = loginAction --------------------
arrivCnt=277058 deptCnt=277058
arrivThrPut=0.027733510068503865 deptThrPut=0.027733510068503865
meanTkPop=0.0 tkColOcp=0.0
-----
meanST=0.0 stDevST=0.0

Steady State Statistics: numBatchesST=1385 batchSizeST=200 stDevStdStateMeanST=0.0
95% c.i. = 0.0 +/- 0.0



REPORT for Queue : Persistence----------------------------------------

totArrivThrPut=0.1666965556565033 totDeptThrPut=0.1666965556565033
meanTotTkPop=0.07381296549218763 queueUtil=0.067166442668448
meanST=0.4427983841747002



REPORT for Queue of Queueing Place : W/category----------------------------------------

queueUtilQPl=0.0032423073791916475

------------------ Color = category --------------------
arrivCnt=278059 deptCnt=278059
arrivThrPut=0.027833710183925806 deptThrPut=0.027833710183925806
meanTkPop=0.003255034325308931 tkColOcp=0.0032423073791916475
-----
meanST=0.11694575763703753 stDevST=0.1295151332005409

Steady State Statistics: numBatchesST=695 batchSizeST=400 stDevStdStateMeanST=0.006680029467923309
95% c.i. = 0.11694286107683483 +/- 4.966312767879367E-4



REPORT for Depository of Queueing Place : W/category----------------------------------------

tkOcp=0.0

------------------ Color = category --------------------
arrivCnt=278059 deptCnt=278059
arrivThrPut=0.027833710183925806 deptThrPut=0.027833710183925806
meanTkPop=0.0 tkColOcp=0.0
-----
meanST=0.0 stDevST=0.0

Steady State Statistics: numBatchesST=1390 batchSizeST=200 stDevStdStateMeanST=0.0
95% c.i. = 0.0 +/- 0.0



REPORT for Queue : WebUI----------------------------------------

totArrivThrPut=0.16669655565650326 totDeptThrPut=0.16669655565650326
meanTotTkPop=0.032520420070902036 queueUtil=0.03117645367779133
meanST=0.19508753460937706



REPORT for Queue of Queueing Place : W/product----------------------------------------

queueUtilQPl=0.0032497137487330035

------------------ Color = product --------------------
arrivCnt=277795 deptCnt=277795
arrivThrPut=0.027807283779858482 deptThrPut=0.027807283779858482
meanTkPop=0.0032605828980054865 tkColOcp=0.0032497137487330035
-----
meanST=0.11725643266053944 stDevST=0.13004920497305386

Steady State Statistics: numBatchesST=694 batchSizeST=400 stDevStdStateMeanST=0.006470880935086121
95% c.i. = 0.11725406472282733 +/- 4.8142846474982917E-4



REPORT for Depository of Queueing Place : W/product----------------------------------------

tkOcp=0.0

------------------ Color = product --------------------
arrivCnt=277795 deptCnt=277795
arrivThrPut=0.027807283779858482 deptThrPut=0.027807283779858482
meanTkPop=0.0 tkColOcp=0.0
-----
meanST=0.0 stDevST=0.0

Steady State Statistics: numBatchesST=1388 batchSizeST=200 stDevStdStateMeanST=0.0
95% c.i. = 0.0 +/- 0.0



REPORT for Queue : WebUI----------------------------------------

totArrivThrPut=0.16669655565650326 totDeptThrPut=0.16669655565650326
meanTotTkPop=0.032520420070902036 queueUtil=0.03117645367779133
meanST=0.19508753460937706



REPORT for Queue of Queueing Place : P/category_category----------------------------------------

queueUtilQPl=0.022928512728356238

------------------ Color = category --------------------
arrivCnt=278059 deptCnt=278059
arrivThrPut=0.027833710183925806 deptThrPut=0.027833710183925806
meanTkPop=0.023457804686812623 tkColOcp=0.022928512728356238
-----
meanST=0.8427839670601908 stDevST=0.837241700866726

Steady State Statistics: numBatchesST=695 batchSizeST=400 stDevStdStateMeanST=0.042730815067026154
95% c.i. = 0.8427349675129415 +/- 0.00317685114217374



REPORT for Depository of Queueing Place : P/category_category----------------------------------------

tkOcp=0.0

------------------ Color = category --------------------
arrivCnt=278059 deptCnt=278059
arrivThrPut=0.027833710183925806 deptThrPut=0.027833710183925806
meanTkPop=0.0 tkColOcp=0.0
-----
meanST=0.0 stDevST=0.0

Steady State Statistics: numBatchesST=1390 batchSizeST=200 stDevStdStateMeanST=0.0
95% c.i. = 0.0 +/- 0.0



REPORT for Queue : Persistence----------------------------------------

totArrivThrPut=0.1666965556565033 totDeptThrPut=0.1666965556565033
meanTotTkPop=0.07381296549218763 queueUtil=0.067166442668448
meanST=0.4427983841747002



REPORT for Queue of Queueing Place : P/getProduct_product----------------------------------------

queueUtilQPl=0.0070447787639223896

------------------ Color = product --------------------
arrivCnt=277795 deptCnt=277795
arrivThrPut=0.027807283779858482 deptThrPut=0.027807283779858482
meanTkPop=0.0071057365655134 tkColOcp=0.0070447787639223896
-----
meanST=0.2555350828857389 stDevST=0.3197850379668883

Steady State Statistics: numBatchesST=347 batchSizeST=800 stDevStdStateMeanST=0.012018617689975737
95% c.i. = 0.2555248354897947 +/- 0.0012645554399270834



REPORT for Depository of Queueing Place : P/getProduct_product----------------------------------------

tkOcp=0.0

------------------ Color = product --------------------
arrivCnt=277795 deptCnt=277795
arrivThrPut=0.027807283779858482 deptThrPut=0.027807283779858482
meanTkPop=0.0 tkColOcp=0.0
-----
meanST=0.0 stDevST=0.0

Steady State Statistics: numBatchesST=1388 batchSizeST=200 stDevStdStateMeanST=0.0
95% c.i. = 0.0 +/- 0.0



REPORT for Queue : Persistence----------------------------------------

totArrivThrPut=0.1666965556565033 totDeptThrPut=0.1666965556565033
meanTotTkPop=0.07381296549218763 queueUtil=0.067166442668448
meanST=0.4427983841747002



REPORT for Queue of Queueing Place : R/getAds_product----------------------------------------

queueUtilQPl=0.02521837036845873

------------------ Color = product --------------------
arrivCnt=277795 deptCnt=277795
arrivThrPut=0.027807283779858482 deptThrPut=0.027807283779858482
meanTkPop=0.02588032261488384 tkColOcp=0.02521837036845873
-----
meanST=0.9307030064414135 stDevST=0.9322359641478254

Steady State Statistics: numBatchesST=347 batchSizeST=800 stDevStdStateMeanST=0.035775602263666995
95% c.i. = 0.9306649359597794 +/- 0.003764179344594753



REPORT for Depository of Queueing Place : R/getAds_product----------------------------------------

tkOcp=0.0

------------------ Color = product --------------------
arrivCnt=277795 deptCnt=277796
arrivThrPut=0.027807283779858482 deptThrPut=0.027807383879873887
meanTkPop=0.0 tkColOcp=0.0
-----
meanST=0.0 stDevST=0.0

Steady State Statistics: numBatchesST=1388 batchSizeST=200 stDevStdStateMeanST=0.0
95% c.i. = 0.0 +/- 0.0



REPORT for Queue : Recommender----------------------------------------

totArrivThrPut=0.027807283779858482 totDeptThrPut=0.027807283779858482
meanTotTkPop=0.02588032261488384 queueUtil=0.02521837036845873
meanST=0.9307030064414135



REPORT for Queue of Queueing Place : I/productImages_category----------------------------------------

queueUtilQPl=0.003077909936386971

------------------ Color = category --------------------
arrivCnt=278059 deptCnt=278059
arrivThrPut=0.027833710183925806 deptThrPut=0.027833710183925806
meanTkPop=0.0030889236964469096 tkColOcp=0.003077909936386971
-----
meanST=0.11097779189462094 stDevST=0.12349399149803937

Steady State Statistics: numBatchesST=347 batchSizeST=800 stDevStdStateMeanST=0.004299941277407618
95% c.i. = 0.11098031301293723 +/- 4.524242532689957E-4



REPORT for Depository of Queueing Place : I/productImages_category----------------------------------------

tkOcp=0.0

------------------ Color = category --------------------
arrivCnt=278059 deptCnt=278059
arrivThrPut=0.027833710183925806 deptThrPut=0.027833710183925806
meanTkPop=0.0 tkColOcp=0.0
-----
meanST=0.0 stDevST=0.0

Steady State Statistics: numBatchesST=1390 batchSizeST=200 stDevStdStateMeanST=0.0
95% c.i. = 0.0 +/- 0.0



REPORT for Queue : ImageProvider----------------------------------------

totArrivThrPut=0.16669665575651868 totDeptThrPut=0.16669665575651868
meanTotTkPop=0.035808892106144394 queueUtil=0.03417818236046215
meanST=0.2148147000528178



REPORT for Queue of Queueing Place : I/product_product----------------------------------------

queueUtilQPl=0.011370868505328618

------------------ Color = product --------------------
arrivCnt=277796 deptCnt=277796
arrivThrPut=0.027807383879873887 deptThrPut=0.027807383879873887
meanTkPop=0.011502401104894285 tkColOcp=0.011370868505328618
-----
meanST=0.4136455681909495 stDevST=0.4120789266095421

Steady State Statistics: numBatchesST=694 batchSizeST=400 stDevStdStateMeanST=0.021512578686371103
95% c.i. = 0.41363898682247563 +/- 0.0016005189762700676



REPORT for Depository of Queueing Place : I/product_product----------------------------------------

tkOcp=0.0

------------------ Color = product --------------------
arrivCnt=277796 deptCnt=277796
arrivThrPut=0.027807383879873887 deptThrPut=0.027807383879873887
meanTkPop=0.0 tkColOcp=0.0
-----
meanST=0.0 stDevST=0.0

Steady State Statistics: numBatchesST=1388 batchSizeST=200 stDevStdStateMeanST=0.0
95% c.i. = 0.0 +/- 0.0



REPORT for Queue : ImageProvider----------------------------------------

totArrivThrPut=0.16669665575651868 totDeptThrPut=0.16669665575651868
meanTotTkPop=0.035808892106144394 queueUtil=0.03417818236046215
meanST=0.2148147000528178



REPORT for Queue of Queueing Place : Workload----------------------------------------

queueUtilQPl=1.0000000000000002

------------------ Color = workload --------------------
arrivCnt=1665300 deptCnt=1665301
arrivThrPut=0.1666965556565033 deptThrPut=0.16669665575651868
meanTkPop=1.0000000000000002 tkColOcp=1.0000000000000002
-----
meanST=5.998921707061118 stDevST=5.992705471079981

Steady State Statistics: numBatchesST=4163 batchSizeST=400 stDevStdStateMeanST=0.3011438190206407
95% c.i. = 5.998925463891691 +/- 0.009147845882866186



REPORT for Depository of Queueing Place : Workload----------------------------------------

tkOcp=0.0

------------------ Color = workload --------------------
arrivCnt=1665301 deptCnt=1665300
arrivThrPut=0.16669665575651868 deptThrPut=0.1666965556565033
meanTkPop=0.0 tkColOcp=0.0
-----
meanST=0.0 stDevST=0.0

Steady State Statistics: numBatchesST=8326 batchSizeST=200 stDevStdStateMeanST=0.0
95% c.i. = 0.0 +/- 0.0



REPORT for Queue : Workload----------------------------------------

totArrivThrPut=0.1666965556565033 totDeptThrPut=0.16669665575651868
meanTotTkPop=1.0000000000000002 queueUtil=1.0000000000000002
meanST=5.998921707061118



REPORT for Queue of Queueing Place : I/icon_index----------------------------------------

queueUtilQPl=0.0032357795819217723

------------------ Color = index --------------------
arrivCnt=277624 deptCnt=277624
arrivThrPut=0.027790166677223966 deptThrPut=0.027790166677223966
meanTkPop=0.0032500427397763932 tkColOcp=0.0032357795819217723
-----
meanST=0.11694937916439474 stDevST=0.13408230085363224

Steady State Statistics: numBatchesST=694 batchSizeST=400 stDevStdStateMeanST=0.00655236438951598
95% c.i. = 0.1169482653963209 +/- 4.8749076983042124E-4



REPORT for Depository of Queueing Place : I/icon_index----------------------------------------

tkOcp=0.0

------------------ Color = index --------------------
arrivCnt=277624 deptCnt=277624
arrivThrPut=0.027790166677223966 deptThrPut=0.027790166677223966
meanTkPop=0.0 tkColOcp=0.0
-----
meanST=0.0 stDevST=0.0

Steady State Statistics: numBatchesST=1388 batchSizeST=200 stDevStdStateMeanST=0.0
95% c.i. = 0.0 +/- 0.0



REPORT for Queue : ImageProvider----------------------------------------

totArrivThrPut=0.16669665575651868 totDeptThrPut=0.16669665575651868
meanTotTkPop=0.035808892106144394 queueUtil=0.03417818236046215
meanST=0.2148147000528178



REPORT for Queue of Queueing Place : P/categories_login----------------------------------------

queueUtilQPl=0.015079413191040895

------------------ Color = login --------------------
arrivCnt=276764 deptCnt=276764
arrivThrPut=0.027704080663974343 deptThrPut=0.027704080663974343
meanTkPop=0.015314436208688094 tkColOcp=0.015079413191040895
-----
meanST=0.5527862986842434 stDevST=0.5642807074122351

Steady State Statistics: numBatchesST=345 batchSizeST=800 stDevStdStateMeanST=0.02010843762566352
95% c.i. = 0.552813613161993 +/- 0.002121860713274257



REPORT for Depository of Queueing Place : P/categories_login----------------------------------------

tkOcp=0.0

------------------ Color = login --------------------
arrivCnt=276764 deptCnt=276764
arrivThrPut=0.027704080663974343 deptThrPut=0.027704080663974343
meanTkPop=0.0 tkColOcp=0.0
-----
meanST=0.0 stDevST=0.0

Steady State Statistics: numBatchesST=1383 batchSizeST=200 stDevStdStateMeanST=0.0
95% c.i. = 0.0 +/- 0.0



REPORT for Queue : Persistence----------------------------------------

totArrivThrPut=0.1666965556565033 totDeptThrPut=0.1666965556565033
meanTotTkPop=0.07381296549218763 queueUtil=0.067166442668448
meanST=0.4427983841747002



REPORT for Queue of Queueing Place : I/icon_login----------------------------------------

queueUtilQPl=0.00849558420411644

------------------ Color = login --------------------
arrivCnt=276764 deptCnt=276764
arrivThrPut=0.027704080663974343 deptThrPut=0.027704080663974343
meanTkPop=0.00856900734539602 tkColOcp=0.00849558420411644
-----
meanST=0.30930488000415524 stDevST=0.3102228767746753

Steady State Statistics: numBatchesST=691 batchSizeST=400 stDevStdStateMeanST=0.015562463337887052
95% c.i. = 0.3093061405929894 +/- 0.0011603457306534235



REPORT for Depository of Queueing Place : I/icon_login----------------------------------------

tkOcp=0.0

------------------ Color = login --------------------
arrivCnt=276764 deptCnt=276764
arrivThrPut=0.027704080663974343 deptThrPut=0.027704080663974343
meanTkPop=0.0 tkColOcp=0.0
-----
meanST=0.0 stDevST=0.0

Steady State Statistics: numBatchesST=1383 batchSizeST=200 stDevStdStateMeanST=0.0
95% c.i. = 0.0 +/- 0.0



REPORT for Queue : ImageProvider----------------------------------------

totArrivThrPut=0.16669665575651868 totDeptThrPut=0.16669665575651868
meanTotTkPop=0.035808892106144394 queueUtil=0.03417818236046215
meanST=0.2148147000528178



REPORT for Queue of Queueing Place : A/isLoggedIn_login----------------------------------------

queueUtilQPl=0.0034956141849221732

------------------ Color = login --------------------
arrivCnt=276764 deptCnt=276764
arrivThrPut=0.027704080663974343 deptThrPut=0.027704080663974343
meanTkPop=0.0035128901440964902 tkColOcp=0.0034956141849221732
-----
meanST=0.12680045899030895 stDevST=0.1658242635121316

Steady State Statistics: numBatchesST=691 batchSizeST=400 stDevStdStateMeanST=0.008079142405312423
95% c.i. = 0.12680877296452955 +/- 6.023852518593697E-4



REPORT for Depository of Queueing Place : A/isLoggedIn_login----------------------------------------

tkOcp=0.0

------------------ Color = login --------------------
arrivCnt=276764 deptCnt=276764
arrivThrPut=0.027704080663974343 deptThrPut=0.027704080663974343
meanTkPop=0.0 tkColOcp=0.0
-----
meanST=0.0 stDevST=0.0

Steady State Statistics: numBatchesST=1383 batchSizeST=200 stDevStdStateMeanST=0.0
95% c.i. = 0.0 +/- 0.0



REPORT for Queue : Auth----------------------------------------

totArrivThrPut=0.16669665575651868 totDeptThrPut=0.16669665575651868
meanTotTkPop=0.04963350195037201 queueUtil=0.04654811223075165
meanST=0.2977474366544458



REPORT for Queue of Queueing Place : A/isLoggedIn_category----------------------------------------

queueUtilQPl=0.011350702284624323

------------------ Color = category --------------------
arrivCnt=278059 deptCnt=278059
arrivThrPut=0.027833710183925806 deptThrPut=0.027833710183925806
meanTkPop=0.011477485768174594 tkColOcp=0.011350702284624323
-----
meanST=0.41235917498353974 stDevST=0.4126332410618046

Steady State Statistics: numBatchesST=695 batchSizeST=400 stDevStdStateMeanST=0.02110531494223568
95% c.i. = 0.41236468829847023 +/- 0.0015690888127223392



REPORT for Depository of Queueing Place : A/isLoggedIn_category----------------------------------------

tkOcp=0.0

------------------ Color = category --------------------
arrivCnt=278059 deptCnt=278059
arrivThrPut=0.027833710183925806 deptThrPut=0.027833710183925806
meanTkPop=0.0 tkColOcp=0.0
-----
meanST=0.0 stDevST=0.0

Steady State Statistics: numBatchesST=1390 batchSizeST=200 stDevStdStateMeanST=0.0
95% c.i. = 0.0 +/- 0.0



REPORT for Queue : Auth----------------------------------------

totArrivThrPut=0.16669665575651868 totDeptThrPut=0.16669665575651868
meanTotTkPop=0.04963350195037201 queueUtil=0.04654811223075165
meanST=0.2977474366544458



REPORT for Queue of Queueing Place : I/icon_logout----------------------------------------

queueUtilQPl=0.006013400429408599

------------------ Color = logout --------------------
arrivCnt=278000 deptCnt=278000
arrivThrPut=0.027827804283016823 deptThrPut=0.027827804283016823
meanTkPop=0.006048925598692725 tkColOcp=0.006013400429408599
-----
meanST=0.2173698484139604 stDevST=0.2210088640408106

Steady State Statistics: numBatchesST=695 batchSizeST=400 stDevStdStateMeanST=0.011226876300270364
95% c.i. = 0.21736984841396056 +/- 8.346696579883276E-4



REPORT for Depository of Queueing Place : I/icon_logout----------------------------------------

tkOcp=0.0

------------------ Color = logout --------------------
arrivCnt=278000 deptCnt=278000
arrivThrPut=0.027827804283016823 deptThrPut=0.027827804283016823
meanTkPop=0.0 tkColOcp=0.0
-----
meanST=0.0 stDevST=0.0

Steady State Statistics: numBatchesST=1390 batchSizeST=200 stDevStdStateMeanST=0.0
95% c.i. = 0.0 +/- 0.0



REPORT for Queue : ImageProvider----------------------------------------

totArrivThrPut=0.16669665575651868 totDeptThrPut=0.16669665575651868
meanTotTkPop=0.035808892106144394 queueUtil=0.03417818236046215
meanST=0.2148147000528178



REPORT for Queue of Queueing Place : I/icon_loginAction----------------------------------------

queueUtilQPl=0.0033347759682990576

------------------ Color = loginAction --------------------
arrivCnt=277058 deptCnt=277058
arrivThrPut=0.027733510068503865 deptThrPut=0.027733510068503865
meanTkPop=0.0033495916209380547 tkColOcp=0.0033347759682990576
-----
meanST=0.12077777434822748 stDevST=0.1399598242254989

Steady State Statistics: numBatchesST=692 batchSizeST=400 stDevStdStateMeanST=0.007275206057511475
95% c.i. = 0.12077924932038106 +/- 5.420512400047185E-4



REPORT for Depository of Queueing Place : I/icon_loginAction----------------------------------------

tkOcp=0.0

------------------ Color = loginAction --------------------
arrivCnt=277058 deptCnt=277058
arrivThrPut=0.027733510068503865 deptThrPut=0.027733510068503865
meanTkPop=0.0 tkColOcp=0.0
-----
meanST=0.0 stDevST=0.0

Steady State Statistics: numBatchesST=1385 batchSizeST=200 stDevStdStateMeanST=0.0
95% c.i. = 0.0 +/- 0.0



REPORT for Queue : ImageProvider----------------------------------------

totArrivThrPut=0.16669665575651868 totDeptThrPut=0.16669665575651868
meanTotTkPop=0.035808892106144394 queueUtil=0.03417818236046215
meanST=0.2148147000528178



REPORT for Queue of Queueing Place : A/isLoggedIn_product----------------------------------------

queueUtilQPl=0.0135391289768027

------------------ Color = product --------------------
arrivCnt=277796 deptCnt=277796
arrivThrPut=0.027807383879873887 deptThrPut=0.027807383879873887
meanTkPop=0.013721615549888192 tkColOcp=0.0135391289768027
-----
meanST=0.49345222870172506 stDevST=0.4927615118090984

Steady State Statistics: numBatchesST=694 batchSizeST=400 stDevStdStateMeanST=0.02516352677867808
95% c.i. = 0.4934514587066453 +/- 0.001872146649935071



REPORT for Depository of Queueing Place : A/isLoggedIn_product----------------------------------------

tkOcp=0.0

------------------ Color = product --------------------
arrivCnt=277796 deptCnt=277796
arrivThrPut=0.027807383879873887 deptThrPut=0.027807383879873887
meanTkPop=0.0 tkColOcp=0.0
-----
meanST=0.0 stDevST=0.0

Steady State Statistics: numBatchesST=1388 batchSizeST=200 stDevStdStateMeanST=0.0
95% c.i. = 0.0 +/- 0.0



REPORT for Queue : Auth----------------------------------------

totArrivThrPut=0.16669665575651868 totDeptThrPut=0.16669665575651868
meanTotTkPop=0.04963350195037201 queueUtil=0.04654811223075165
meanST=0.2977474366544458



REPORT for Queue of Queueing Place : P/category_logout----------------------------------------

queueUtilQPl=0.01837950005439206

------------------ Color = logout --------------------
arrivCnt=278000 deptCnt=278000
arrivThrPut=0.027827804283016823 deptThrPut=0.027827804283016823
meanTkPop=0.018731060754964668 tkColOcp=0.01837950005439206
-----
meanST=0.6731059541911522 stDevST=0.6732685849675945

Steady State Statistics: numBatchesST=695 batchSizeST=400 stDevStdStateMeanST=0.03485309760617494
95% c.i. = 0.6731059541911519 +/- 0.002591176947240372



REPORT for Depository of Queueing Place : P/category_logout----------------------------------------

tkOcp=0.0

------------------ Color = logout --------------------
arrivCnt=278000 deptCnt=278000
arrivThrPut=0.027827804283016823 deptThrPut=0.027827804283016823
meanTkPop=0.0 tkColOcp=0.0
-----
meanST=0.0 stDevST=0.0

Steady State Statistics: numBatchesST=1390 batchSizeST=200 stDevStdStateMeanST=0.0
95% c.i. = 0.0 +/- 0.0



REPORT for Queue : Persistence----------------------------------------

totArrivThrPut=0.1666965556565033 totDeptThrPut=0.1666965556565033
meanTotTkPop=0.07381296549218763 queueUtil=0.067166442668448
meanST=0.4427983841747002



REPORT for Ordinary Place : Finish_index----------------------------------------

tkOcp=1.0

------------------ Color = index --------------------
arrivCnt=277624 deptCnt=0
arrivThrPut=0.027790166677223966 deptThrPut=0.0
meanTkPop=139112.0855905821 tkColOcp=1.0
-----
meanST=NaN stDevST=NaN

Steady State Statistics: Only 0 batches collected!
Need at least 60 for steady state statistics.



REPORT for Ordinary Place : Finish_login----------------------------------------

tkOcp=1.0000000000000002

------------------ Color = login --------------------
arrivCnt=276764 deptCnt=0
arrivThrPut=0.027704080663974343 deptThrPut=0.0
meanTkPop=138554.7437864874 tkColOcp=1.0000000000000002
-----
meanST=NaN stDevST=NaN

Steady State Statistics: Only 0 batches collected!
Need at least 60 for steady state statistics.



REPORT for Ordinary Place : Finish_loginAction----------------------------------------

tkOcp=1.0

------------------ Color = loginAction --------------------
arrivCnt=277058 deptCnt=0
arrivThrPut=0.027733510068503865 deptThrPut=0.0
meanTkPop=138750.70697997164 tkColOcp=1.0
-----
meanST=NaN stDevST=NaN

Steady State Statistics: Only 0 batches collected!
Need at least 60 for steady state statistics.



REPORT for Ordinary Place : Finish_category----------------------------------------

tkOcp=1.0000000000000002

------------------ Color = category --------------------
arrivCnt=278059 deptCnt=0
arrivThrPut=0.027833710183925806 deptThrPut=0.0
meanTkPop=139310.00863994882 tkColOcp=1.0000000000000002
-----
meanST=NaN stDevST=NaN

Steady State Statistics: Only 0 batches collected!
Need at least 60 for steady state statistics.



REPORT for Ordinary Place : Finish_product----------------------------------------

tkOcp=1.0

------------------ Color = product --------------------
arrivCnt=277796 deptCnt=0
arrivThrPut=0.027807383879873887 deptThrPut=0.0
meanTkPop=139434.2023196117 tkColOcp=1.0
-----
meanST=NaN stDevST=NaN

Steady State Statistics: Only 0 batches collected!
Need at least 60 for steady state statistics.



REPORT for Ordinary Place : Finish_logout----------------------------------------

tkOcp=1.0000000000000002

------------------ Color = logout --------------------
arrivCnt=278000 deptCnt=0
arrivThrPut=0.027827804283016823 deptThrPut=0.0
meanTkPop=139334.99480055907 tkColOcp=1.0000000000000002
-----
meanST=NaN stDevST=NaN

Steady State Statistics: Only 0 batches collected!
Need at least 60 for steady state statistics.



REPORT REPORT for Probe : /index----------------------------------------


------------------ Color = index --------------------
-----
meanST=0.6940736090381645 stDevST=0.45633331379345377

Steady State Statistics: numBatchesST=694 batchSizeST=400 stDevStdStateMeanST=0.022658284810768432
95% c.i. = 0.6940819977612039 +/- 0.0016857586130453873



REPORT REPORT for Probe : /login----------------------------------------


------------------ Color = login --------------------
-----
meanST=1.1054441028562445 stDevST=0.6778729814263947

Steady State Statistics: numBatchesST=691 batchSizeST=400 stDevStdStateMeanST=0.03595259407532172
95% c.i. = 1.1054563193194478 +/- 0.0026806449683099585



REPORT REPORT for Probe : /loginAction----------------------------------------


------------------ Color = loginAction --------------------
-----
meanST=1.1413584831163863 stDevST=0.6630989720069149

Steady State Statistics: numBatchesST=346 batchSizeST=800 stDevStdStateMeanST=0.024343049801889012
95% c.i. = 1.1413368561604376 +/- 0.0025649861782596956



REPORT REPORT for Probe : /logout----------------------------------------


------------------ Color = logout --------------------
-----
meanST=1.1980314302106216 stDevST=0.7520041336473529

Steady State Statistics: numBatchesST=695 batchSizeST=400 stDevStdStateMeanST=0.040354238993991334
95% c.i. = 1.198031430210622 +/- 0.0030001629980266954



REPORT REPORT for Probe : /category----------------------------------------


------------------ Color = category --------------------
-----
meanST=1.483066691575389 stDevST=0.9484457699750085

Steady State Statistics: numBatchesST=695 batchSizeST=400 stDevStdStateMeanST=0.04740529283842569
95% c.i. = 1.483013228152478 +/- 0.0035243783312489535



REPORT REPORT for Probe : /product----------------------------------------


------------------ Color = product --------------------
-----
meanST=2.210594341093355 stDevST=1.1842474171109514

Steady State Statistics: numBatchesST=694 batchSizeST=400 stDevStdStateMeanST=0.06425234849660262
95% c.i. = 2.2105381137910025 +/- 0.00478032431806423



