INFO Logging to /home/yjx/workloadConfig/qpme/output/SimQPN_Output_config_2025-08-14_035438675.log
WARN Batch means correlation test was run for depository of place Workload, color 0
    However, the standard deviation of the token residence time is 0 and therefore the result of the test is ignored!
    In future runs, you should set numBMeansCorlTested to 0 to switch off the correlation test!
WARN Batch means correlation test was run for depository of place W/index, color 0
    However, the standard deviation of the token residence time is 0 and therefore the result of the test is ignored!
    In future runs, you should set numBMeansCorlTested to 0 to switch off the correlation test!
WARN Batch means correlation test was run for depository of place P/categories_index, color 0
    However, the standard deviation of the token residence time is 0 and therefore the result of the test is ignored!
    In future runs, you should set numBMeansCorlTested to 0 to switch off the correlation test!
WARN Batch means correlation test was run for depository of place A/isLoggedIn_index, color 0
    However, the standard deviation of the token residence time is 0 and therefore the result of the test is ignored!
    In future runs, you should set numBMeansCorlTested to 0 to switch off the correlation test!
WARN Batch means correlation test was run for depository of place I/icon_index, color 0
    However, the standard deviation of the token residence time is 0 and therefore the result of the test is ignored!
    In future runs, you should set numBMeansCorlTested to 0 to switch off the correlation test!
WARN Batch means correlation test was run for depository of place W/loginAction, color 0
    However, the standard deviation of the token residence time is 0 and therefore the result of the test is ignored!
    In future runs, you should set numBMeansCorlTested to 0 to switch off the correlation test!
WARN Batch means correlation test was run for depository of place A/login_loginAction, color 0
    However, the standard deviation of the token residence time is 0 and therefore the result of the test is ignored!
    In future runs, you should set numBMeansCorlTested to 0 to switch off the correlation test!
WARN Batch means correlation test was run for depository of place P/getUser_loginAction, color 0
    However, the standard deviation of the token residence time is 0 and therefore the result of the test is ignored!
    In future runs, you should set numBMeansCorlTested to 0 to switch off the correlation test!
WARN Batch means correlation test was run for depository of place I/icon_loginAction, color 0
    However, the standard deviation of the token residence time is 0 and therefore the result of the test is ignored!
    In future runs, you should set numBMeansCorlTested to 0 to switch off the correlation test!
WARN Batch means correlation test was run for depository of place W/logout, color 0
    However, the standard deviation of the token residence time is 0 and therefore the result of the test is ignored!
    In future runs, you should set numBMeansCorlTested to 0 to switch off the correlation test!
WARN Batch means correlation test was run for depository of place A/logout_logout, color 0
    However, the standard deviation of the token residence time is 0 and therefore the result of the test is ignored!
    In future runs, you should set numBMeansCorlTested to 0 to switch off the correlation test!
WARN Batch means correlation test was run for depository of place P/category_logout, color 0
    However, the standard deviation of the token residence time is 0 and therefore the result of the test is ignored!
    In future runs, you should set numBMeansCorlTested to 0 to switch off the correlation test!
WARN Batch means correlation test was run for depository of place I/icon_logout, color 0
    However, the standard deviation of the token residence time is 0 and therefore the result of the test is ignored!
    In future runs, you should set numBMeansCorlTested to 0 to switch off the correlation test!
WARN Batch means correlation test was run for depository of place W/category, color 0
    However, the standard deviation of the token residence time is 0 and therefore the result of the test is ignored!
    In future runs, you should set numBMeansCorlTested to 0 to switch off the correlation test!
WARN Batch means correlation test was run for depository of place P/category_category, color 0
    However, the standard deviation of the token residence time is 0 and therefore the result of the test is ignored!
    In future runs, you should set numBMeansCorlTested to 0 to switch off the correlation test!
WARN Batch means correlation test was run for depository of place I/productImages_category, color 0
    However, the standard deviation of the token residence time is 0 and therefore the result of the test is ignored!
    In future runs, you should set numBMeansCorlTested to 0 to switch off the correlation test!
WARN Batch means correlation test was run for depository of place A/isLoggedIn_category, color 0
    However, the standard deviation of the token residence time is 0 and therefore the result of the test is ignored!
    In future runs, you should set numBMeansCorlTested to 0 to switch off the correlation test!
WARN Batch means correlation test was run for depository of place W/product, color 0
    However, the standard deviation of the token residence time is 0 and therefore the result of the test is ignored!
    In future runs, you should set numBMeansCorlTested to 0 to switch off the correlation test!
WARN Batch means correlation test was run for depository of place P/getProduct_product, color 0
    However, the standard deviation of the token residence time is 0 and therefore the result of the test is ignored!
    In future runs, you should set numBMeansCorlTested to 0 to switch off the correlation test!
WARN Batch means correlation test was run for depository of place R/getAds_product, color 0
    However, the standard deviation of the token residence time is 0 and therefore the result of the test is ignored!
    In future runs, you should set numBMeansCorlTested to 0 to switch off the correlation test!
WARN Batch means correlation test was run for depository of place I/product_product, color 0
    However, the standard deviation of the token residence time is 0 and therefore the result of the test is ignored!
    In future runs, you should set numBMeansCorlTested to 0 to switch off the correlation test!
WARN Batch means correlation test was run for depository of place A/isLoggedIn_product, color 0
    However, the standard deviation of the token residence time is 0 and therefore the result of the test is ignored!
    In future runs, you should set numBMeansCorlTested to 0 to switch off the correlation test!
WARN Batch means correlation test was run for depository of place W/login, color 0
    However, the standard deviation of the token residence time is 0 and therefore the result of the test is ignored!
    In future runs, you should set numBMeansCorlTested to 0 to switch off the correlation test!
WARN Batch means correlation test was run for depository of place P/categories_login, color 0
    However, the standard deviation of the token residence time is 0 and therefore the result of the test is ignored!
    In future runs, you should set numBMeansCorlTested to 0 to switch off the correlation test!
WARN Batch means correlation test was run for depository of place I/icon_login, color 0
    However, the standard deviation of the token residence time is 0 and therefore the result of the test is ignored!
    In future runs, you should set numBMeansCorlTested to 0 to switch off the correlation test!
WARN Batch means correlation test was run for depository of place A/isLoggedIn_login, color 0
    However, the standard deviation of the token residence time is 0 and therefore the result of the test is ignored!
    In future runs, you should set numBMeansCorlTested to 0 to switch off the correlation test!
WARN LP-1 The simulation was stopped because of reaching max totalRunLen.
The required precision may not have been reached!
REPORT for Queue of Queueing Place : W/index----------------------------------------

queueUtilQPl=0.01824871403031088

------------------ Color = index --------------------
arrivCnt=277950 deptCnt=277950
arrivThrPut=0.027822873184518475 deptThrPut=0.027822873184518475
meanTkPop=0.018599420517651042 tkColOcp=0.01824871403031088
-----
meanST=0.6684938825081641 stDevST=0.6702033172289664

Steady State Statistics: numBatchesST=694 batchSizeST=400 stDevStdStateMeanST=0.03352346977456215
95% c.i. = 0.668533111872156 +/- 0.002494119849918079



REPORT for Depository of Queueing Place : W/index----------------------------------------

tkOcp=0.0

------------------ Color = index --------------------
arrivCnt=277950 deptCnt=277950
arrivThrPut=0.027822873184518475 deptThrPut=0.027822873184518475
meanTkPop=0.0 tkColOcp=0.0
-----
meanST=0.0 stDevST=0.0

Steady State Statistics: numBatchesST=1389 batchSizeST=200 stDevStdStateMeanST=0.0
95% c.i. = 0.0 +/- 0.0



REPORT for Queue : WebUI----------------------------------------

totArrivThrPut=0.16680700864115275 totDeptThrPut=0.16680700864115275
meanTotTkPop=0.06734071413800322 queueUtil=0.06099893937952541
meanST=0.40370434483883955



REPORT for Queue of Queueing Place : P/categories_index----------------------------------------

queueUtilQPl=0.050214396665480006

------------------ Color = index --------------------
arrivCnt=277950 deptCnt=277950
arrivThrPut=0.027822873184518475 deptThrPut=0.027822873184518475
meanTkPop=0.052849416871501666 tkColOcp=0.050214396665480006
-----
meanST=1.8994953008990008 stDevST=1.8910344028500239

Steady State Statistics: numBatchesST=694 batchSizeST=400 stDevStdStateMeanST=0.10210525540137837
95% c.i. = 1.8997109467898141 +/- 0.007596550893749454



REPORT for Depository of Queueing Place : P/categories_index----------------------------------------

tkOcp=0.0

------------------ Color = index --------------------
arrivCnt=277950 deptCnt=277950
arrivThrPut=0.027822873184518475 deptThrPut=0.027822873184518475
meanTkPop=0.0 tkColOcp=0.0
-----
meanST=0.0 stDevST=0.0

Steady State Statistics: numBatchesST=1389 batchSizeST=200 stDevStdStateMeanST=0.0
95% c.i. = 0.0 +/- 0.0



REPORT for Queue : Persistence----------------------------------------

totArrivThrPut=0.16680700864115275 totDeptThrPut=0.16680700864115275
meanTotTkPop=0.10566214349561236 queueUtil=0.08535812467414529
meanST=0.6334394720962857



REPORT for Queue of Queueing Place : A/isLoggedIn_index----------------------------------------

queueUtilQPl=0.0029871689290269015

------------------ Color = index --------------------
arrivCnt=277950 deptCnt=277950
arrivThrPut=0.027822873184518475 deptThrPut=0.027822873184518475
meanTkPop=0.0029961432241289413 tkColOcp=0.0029871689290269015
-----
meanST=0.10768633434292796 stDevST=0.12528985653017155

Steady State Statistics: numBatchesST=694 batchSizeST=400 stDevStdStateMeanST=0.006270133681323108
95% c.i. = 0.10768097734046043 +/- 4.6649302656894014E-4



REPORT for Depository of Queueing Place : A/isLoggedIn_index----------------------------------------

tkOcp=0.0

------------------ Color = index --------------------
arrivCnt=277950 deptCnt=277950
arrivThrPut=0.027822873184518475 deptThrPut=0.027822873184518475
meanTkPop=0.0 tkColOcp=0.0
-----
meanST=0.0 stDevST=0.0

Steady State Statistics: numBatchesST=1389 batchSizeST=200 stDevStdStateMeanST=0.0
95% c.i. = 0.0 +/- 0.0



REPORT for Queue : Auth----------------------------------------

totArrivThrPut=0.16680700864115275 totDeptThrPut=0.16680700864115275
meanTotTkPop=0.04217081312823852 queueUtil=0.03972382225456198
meanST=0.2528119979596266



REPORT for Queue of Queueing Place : W/login----------------------------------------

queueUtilQPl=0.004057234299975109

------------------ Color = login --------------------
arrivCnt=277924 deptCnt=277924
arrivThrPut=0.027820270577204938 deptThrPut=0.027820270577204938
meanTkPop=0.004089049973550772 tkColOcp=0.004057234299975109
-----
meanST=0.14698095628520638 stDevST=0.2554973168192855

Steady State Statistics: numBatchesST=694 batchSizeST=400 stDevStdStateMeanST=0.013132076212016014
95% c.i. = 0.14696219827594864 +/- 9.770161672190433E-4



REPORT for Depository of Queueing Place : W/login----------------------------------------

tkOcp=0.0

------------------ Color = login --------------------
arrivCnt=277924 deptCnt=277924
arrivThrPut=0.027820270577204938 deptThrPut=0.027820270577204938
meanTkPop=0.0 tkColOcp=0.0
-----
meanST=0.0 stDevST=0.0

Steady State Statistics: numBatchesST=1389 batchSizeST=200 stDevStdStateMeanST=0.0
95% c.i. = 0.0 +/- 0.0



REPORT for Queue : WebUI----------------------------------------

totArrivThrPut=0.16680700864115275 totDeptThrPut=0.16680700864115275
meanTotTkPop=0.06734071413800322 queueUtil=0.06099893937952541
meanST=0.40370434483883955



REPORT for Queue of Queueing Place : W/loginAction----------------------------------------

queueUtilQPl=0.01325733503291986

------------------ Color = loginAction --------------------
arrivCnt=278446 deptCnt=278446
arrivThrPut=0.02787252292403825 deptThrPut=0.02787252292403825
meanTkPop=0.013448901992114945 tkColOcp=0.01325733503291986
-----
meanST=0.48251469839194705 stDevST=0.5002427808017743

Steady State Statistics: numBatchesST=696 batchSizeST=400 stDevStdStateMeanST=0.025984664012263386
95% c.i. = 0.4824924013047762 +/- 0.0019304589758851712



REPORT for Depository of Queueing Place : W/loginAction----------------------------------------

tkOcp=0.0

------------------ Color = loginAction --------------------
arrivCnt=278446 deptCnt=278446
arrivThrPut=0.02787252292403825 deptThrPut=0.02787252292403825
meanTkPop=0.0 tkColOcp=0.0
-----
meanST=0.0 stDevST=0.0

Steady State Statistics: numBatchesST=1392 batchSizeST=200 stDevStdStateMeanST=0.0
95% c.i. = 0.0 +/- 0.0



REPORT for Queue : WebUI----------------------------------------

totArrivThrPut=0.16680700864115275 totDeptThrPut=0.16680700864115275
meanTotTkPop=0.06734071413800322 queueUtil=0.06099893937952541
meanST=0.40370434483883955



REPORT for Queue of Queueing Place : A/login_loginAction----------------------------------------

queueUtilQPl=0.011402612045003006

------------------ Color = loginAction --------------------
arrivCnt=278446 deptCnt=278446
arrivThrPut=0.02787252292403825 deptThrPut=0.02787252292403825
meanTkPop=0.01153183615451711 tkColOcp=0.011402612045003006
-----
meanST=0.41373492403056367 stDevST=0.41253564594702524

Steady State Statistics: numBatchesST=696 batchSizeST=400 stDevStdStateMeanST=0.021043375319081768
95% c.i. = 0.41373348465536447 +/- 0.0015633595550232939



REPORT for Depository of Queueing Place : A/login_loginAction----------------------------------------

tkOcp=0.0

------------------ Color = loginAction --------------------
arrivCnt=278446 deptCnt=278446
arrivThrPut=0.02787252292403825 deptThrPut=0.02787252292403825
meanTkPop=0.0 tkColOcp=0.0
-----
meanST=0.0 stDevST=0.0

Steady State Statistics: numBatchesST=1392 batchSizeST=200 stDevStdStateMeanST=0.0
95% c.i. = 0.0 +/- 0.0



REPORT for Queue : Auth----------------------------------------

totArrivThrPut=0.16680700864115275 totDeptThrPut=0.16680700864115275
meanTotTkPop=0.04217081312823852 queueUtil=0.03972382225456198
meanST=0.2528119979596266



REPORT for Queue of Queueing Place : W/logout----------------------------------------

queueUtilQPl=0.004320739140253855

------------------ Color = logout --------------------
arrivCnt=278099 deptCnt=278099
arrivThrPut=0.027837788126430667 deptThrPut=0.027837788126430667
meanTkPop=0.004359306036706282 tkColOcp=0.004320739140253855
-----
meanST=0.15659671008729775 stDevST=0.25850327178083105

Steady State Statistics: numBatchesST=695 batchSizeST=400 stDevStdStateMeanST=0.013499567001210171
95% c.i. = 0.1566058726407263 +/- 0.0010036343743824148



REPORT for Depository of Queueing Place : W/logout----------------------------------------

tkOcp=0.0

------------------ Color = logout --------------------
arrivCnt=278099 deptCnt=278099
arrivThrPut=0.027837788126430667 deptThrPut=0.027837788126430667
meanTkPop=0.0 tkColOcp=0.0
-----
meanST=0.0 stDevST=0.0

Steady State Statistics: numBatchesST=1390 batchSizeST=200 stDevStdStateMeanST=0.0
95% c.i. = 0.0 +/- 0.0



REPORT for Queue : WebUI----------------------------------------

totArrivThrPut=0.16680700864115275 totDeptThrPut=0.16680700864115275
meanTotTkPop=0.06734071413800322 queueUtil=0.06099893937952541
meanST=0.40370434483883955



REPORT for Queue of Queueing Place : A/logout_logout----------------------------------------

queueUtilQPl=0.0031530931733896954

------------------ Color = logout --------------------
arrivCnt=278099 deptCnt=278099
arrivThrPut=0.027837788126430667 deptThrPut=0.027837788126430667
meanTkPop=0.0031697012355979357 tkColOcp=0.0031530931733896954
-----
meanST=0.11386325742555867 stDevST=0.15359894696409856

Steady State Statistics: numBatchesST=695 batchSizeST=400 stDevStdStateMeanST=0.007568185097582601
95% c.i. = 0.1138501824041675 +/- 5.626618035187138E-4



REPORT for Depository of Queueing Place : A/logout_logout----------------------------------------

tkOcp=0.0

------------------ Color = logout --------------------
arrivCnt=278099 deptCnt=278099
arrivThrPut=0.027837788126430667 deptThrPut=0.027837788126430667
meanTkPop=0.0 tkColOcp=0.0
-----
meanST=0.0 stDevST=0.0

Steady State Statistics: numBatchesST=1390 batchSizeST=200 stDevStdStateMeanST=0.0
95% c.i. = 0.0 +/- 0.0



REPORT for Queue : Auth----------------------------------------

totArrivThrPut=0.16680700864115275 totDeptThrPut=0.16680700864115275
meanTotTkPop=0.04217081312823852 queueUtil=0.03972382225456198
meanST=0.2528119979596266



REPORT for Queue of Queueing Place : P/getUser_loginAction----------------------------------------

queueUtilQPl=0.013844550366957989

------------------ Color = loginAction --------------------
arrivCnt=278446 deptCnt=278446
arrivThrPut=0.02787252292403825 deptThrPut=0.02787252292403825
meanTkPop=0.014150327368134577 tkColOcp=0.013844550366957989
-----
meanST=0.5076801768788155 stDevST=0.7398409436306631

Steady State Statistics: numBatchesST=696 batchSizeST=400 stDevStdStateMeanST=0.03965666527263036
95% c.i. = 0.507661873034813 +/- 0.0029461826172966056



REPORT for Depository of Queueing Place : P/getUser_loginAction----------------------------------------

tkOcp=0.0

------------------ Color = loginAction --------------------
arrivCnt=278446 deptCnt=278446
arrivThrPut=0.02787252292403825 deptThrPut=0.02787252292403825
meanTkPop=0.0 tkColOcp=0.0
-----
meanST=0.0 stDevST=0.0

Steady State Statistics: numBatchesST=1392 batchSizeST=200 stDevStdStateMeanST=0.0
95% c.i. = 0.0 +/- 0.0



REPORT for Queue : Persistence----------------------------------------

totArrivThrPut=0.16680700864115275 totDeptThrPut=0.16680700864115275
meanTotTkPop=0.10566214349561236 queueUtil=0.08535812467414529
meanST=0.6334394720962857



REPORT for Queue of Queueing Place : W/category----------------------------------------

queueUtilQPl=0.022837480534777296

------------------ Color = category --------------------
arrivCnt=276919 deptCnt=276919
arrivThrPut=0.02771966979450862 deptThrPut=0.02771966979450862
meanTkPop=0.023361597718022483 tkColOcp=0.022837480534777296
-----
meanST=0.8427805197971915 stDevST=0.8370985733884478

Steady State Statistics: numBatchesST=346 batchSizeST=800 stDevStdStateMeanST=0.032024622903907965
95% c.i. = 0.8428118934829353 +/- 0.003374380604772397



REPORT for Depository of Queueing Place : W/category----------------------------------------

tkOcp=0.0

------------------ Color = category --------------------
arrivCnt=276919 deptCnt=276919
arrivThrPut=0.02771966979450862 deptThrPut=0.02771966979450862
meanTkPop=0.0 tkColOcp=0.0
-----
meanST=0.0 stDevST=0.0

Steady State Statistics: numBatchesST=1384 batchSizeST=200 stDevStdStateMeanST=0.0
95% c.i. = 0.0 +/- 0.0



REPORT for Queue : WebUI----------------------------------------

totArrivThrPut=0.16680700864115275 totDeptThrPut=0.16680700864115275
meanTotTkPop=0.06734071413800322 queueUtil=0.06099893937952541
meanST=0.40370434483883955



REPORT for Queue of Queueing Place : W/product----------------------------------------

queueUtilQPl=0.003454923800403547

------------------ Color = product --------------------
arrivCnt=277061 deptCnt=277061
arrivThrPut=0.027733884034451782 deptThrPut=0.027733884034451782
meanTkPop=0.0034824378999576784 tkColOcp=0.003454923800403547
-----
meanST=0.12556618090822402 stDevST=0.2427457686992629

Steady State Statistics: numBatchesST=692 batchSizeST=400 stDevStdStateMeanST=0.01220603482797892
95% c.i. = 0.1255522706624452 +/- 9.094307792444708E-4



REPORT for Depository of Queueing Place : W/product----------------------------------------

tkOcp=0.0

------------------ Color = product --------------------
arrivCnt=277061 deptCnt=277061
arrivThrPut=0.027733884034451782 deptThrPut=0.027733884034451782
meanTkPop=0.0 tkColOcp=0.0
-----
meanST=0.0 stDevST=0.0

Steady State Statistics: numBatchesST=1385 batchSizeST=200 stDevStdStateMeanST=0.0
95% c.i. = 0.0 +/- 0.0



REPORT for Queue : WebUI----------------------------------------

totArrivThrPut=0.16680700864115275 totDeptThrPut=0.16680700864115275
meanTotTkPop=0.06734071413800322 queueUtil=0.06099893937952541
meanST=0.40370434483883955



REPORT for Queue of Queueing Place : P/category_category----------------------------------------

queueUtilQPl=0.005416011727704682

------------------ Color = category --------------------
arrivCnt=276919 deptCnt=276919
arrivThrPut=0.02771966979450862 deptThrPut=0.02771966979450862
meanTkPop=0.005549955576986141 tkColOcp=0.005416011727704682
-----
meanST=0.20021723267733907 stDevST=0.589241694835366

Steady State Statistics: numBatchesST=692 batchSizeST=400 stDevStdStateMeanST=0.03243022965901802
95% c.i. = 0.200230052828369 +/- 0.002416267808959003



REPORT for Depository of Queueing Place : P/category_category----------------------------------------

tkOcp=0.0

------------------ Color = category --------------------
arrivCnt=276919 deptCnt=276919
arrivThrPut=0.02771966979450862 deptThrPut=0.02771966979450862
meanTkPop=0.0 tkColOcp=0.0
-----
meanST=0.0 stDevST=0.0

Steady State Statistics: numBatchesST=1384 batchSizeST=200 stDevStdStateMeanST=0.0
95% c.i. = 0.0 +/- 0.0



REPORT for Queue : Persistence----------------------------------------

totArrivThrPut=0.16680700864115275 totDeptThrPut=0.16680700864115275
meanTotTkPop=0.10566214349561236 queueUtil=0.08535812467414529
meanST=0.6334394720962857



REPORT for Queue of Queueing Place : P/getProduct_product----------------------------------------

queueUtilQPl=0.0066604644022373125

------------------ Color = product --------------------
arrivCnt=277061 deptCnt=277061
arrivThrPut=0.027733884034451782 deptThrPut=0.027733884034451782
meanTkPop=0.0068796929759607365 tkColOcp=0.0066604644022373125
-----
meanST=0.2480609267499134 stDevST=0.6876664101324114

Steady State Statistics: numBatchesST=692 batchSizeST=400 stDevStdStateMeanST=0.03781574859554239
95% c.i. = 0.24804570062933648 +/- 0.0028175247897970776



REPORT for Depository of Queueing Place : P/getProduct_product----------------------------------------

tkOcp=0.0

------------------ Color = product --------------------
arrivCnt=277061 deptCnt=277061
arrivThrPut=0.027733884034451782 deptThrPut=0.027733884034451782
meanTkPop=0.0 tkColOcp=0.0
-----
meanST=0.0 stDevST=0.0

Steady State Statistics: numBatchesST=1385 batchSizeST=200 stDevStdStateMeanST=0.0
95% c.i. = 0.0 +/- 0.0



REPORT for Queue : Persistence----------------------------------------

totArrivThrPut=0.16680700864115275 totDeptThrPut=0.16680700864115275
meanTotTkPop=0.10566214349561236 queueUtil=0.08535812467414529
meanST=0.6334394720962857



REPORT for Queue of Queueing Place : R/getAds_product----------------------------------------

queueUtilQPl=0.0028296534378647186

------------------ Color = product --------------------
arrivCnt=277061 deptCnt=277061
arrivThrPut=0.027733884034451782 deptThrPut=0.027733884034451782
meanTkPop=0.0028427181481043133 tkColOcp=0.0028296534378647186
-----
meanST=0.1024998209617164 stDevST=0.10254116894571284

Steady State Statistics: numBatchesST=692 batchSizeST=400 stDevStdStateMeanST=0.005074872949955833
95% c.i. = 0.10249733559673697 +/- 3.781117886757016E-4



REPORT for Depository of Queueing Place : R/getAds_product----------------------------------------

tkOcp=0.0

------------------ Color = product --------------------
arrivCnt=277061 deptCnt=277061
arrivThrPut=0.027733884034451782 deptThrPut=0.027733884034451782
meanTkPop=0.0 tkColOcp=0.0
-----
meanST=0.0 stDevST=0.0

Steady State Statistics: numBatchesST=1385 batchSizeST=200 stDevStdStateMeanST=0.0
95% c.i. = 0.0 +/- 0.0



REPORT for Queue : Recommender----------------------------------------

totArrivThrPut=0.027733884034451782 totDeptThrPut=0.027733884034451782
meanTotTkPop=0.0028427181481043133 queueUtil=0.0028296534378647186
meanST=0.1024998209617164



REPORT for Queue of Queueing Place : I/productImages_category----------------------------------------

queueUtilQPl=0.00382906709442729

------------------ Color = category --------------------
arrivCnt=276919 deptCnt=276919
arrivThrPut=0.02771966979450862 deptThrPut=0.02771966979450862
meanTkPop=0.003852461225251892 tkColOcp=0.00382906709442729
-----
meanST=0.13897933322478034 stDevST=0.16565833320378487

Steady State Statistics: numBatchesST=692 batchSizeST=400 stDevStdStateMeanST=0.008358999696285238
95% c.i. = 0.1389847119528097 +/- 6.228010746021858E-4



REPORT for Depository of Queueing Place : I/productImages_category----------------------------------------

tkOcp=0.0

------------------ Color = category --------------------
arrivCnt=276919 deptCnt=276919
arrivThrPut=0.02771966979450862 deptThrPut=0.02771966979450862
meanTkPop=0.0 tkColOcp=0.0
-----
meanST=0.0 stDevST=0.0

Steady State Statistics: numBatchesST=1384 batchSizeST=200 stDevStdStateMeanST=0.0
95% c.i. = 0.0 +/- 0.0



REPORT for Queue : ImageProvider----------------------------------------

totArrivThrPut=0.16680700864115272 totDeptThrPut=0.16680700864115272
meanTotTkPop=0.039956601197777844 queueUtil=0.037189604115485865
meanST=0.2395379038523218



REPORT for Queue of Queueing Place : I/product_product----------------------------------------

queueUtilQPl=0.013550561537790096

------------------ Color = product --------------------
arrivCnt=277061 deptCnt=277061
arrivThrPut=0.027733884034451782 deptThrPut=0.027733884034451782
meanTkPop=0.013777811460130785 tkColOcp=0.013550561537790096
-----
meanST=0.4967862216130857 stDevST=0.49440742226254614

Steady State Statistics: numBatchesST=692 batchSizeST=400 stDevStdStateMeanST=0.02520287257821042
95% c.i. = 0.49680742110573856 +/- 0.0018777816359709792



REPORT for Depository of Queueing Place : I/product_product----------------------------------------

tkOcp=0.0

------------------ Color = product --------------------
arrivCnt=277061 deptCnt=277061
arrivThrPut=0.027733884034451782 deptThrPut=0.027733884034451782
meanTkPop=0.0 tkColOcp=0.0
-----
meanST=0.0 stDevST=0.0

Steady State Statistics: numBatchesST=1385 batchSizeST=200 stDevStdStateMeanST=0.0
95% c.i. = 0.0 +/- 0.0



REPORT for Queue : ImageProvider----------------------------------------

totArrivThrPut=0.16680700864115272 totDeptThrPut=0.16680700864115272
meanTotTkPop=0.039956601197777844 queueUtil=0.037189604115485865
meanST=0.2395379038523218



REPORT for Queue of Queueing Place : Workload----------------------------------------

queueUtilQPl=1.0

------------------ Color = workload --------------------
arrivCnt=1666399 deptCnt=1666399
arrivThrPut=0.16680700864115275 deptThrPut=0.16680700864115275
meanTkPop=1.0 tkColOcp=1.0
-----
meanST=5.994951939647045 stDevST=5.991066127860714

Steady State Statistics: numBatchesST=4165 batchSizeST=400 stDevStdStateMeanST=0.30021073153011385
95% c.i. = 5.995078878701461 +/- 0.009117311664786304



REPORT for Depository of Queueing Place : Workload----------------------------------------

tkOcp=0.0

------------------ Color = workload --------------------
arrivCnt=1666399 deptCnt=1666399
arrivThrPut=0.16680700864115275 deptThrPut=0.16680700864115275
meanTkPop=0.0 tkColOcp=0.0
-----
meanST=0.0 stDevST=0.0

Steady State Statistics: numBatchesST=8331 batchSizeST=200 stDevStdStateMeanST=0.0
95% c.i. = 0.0 +/- 0.0



REPORT for Queue : Workload----------------------------------------

totArrivThrPut=0.16680700864115275 totDeptThrPut=0.16680700864115275
meanTotTkPop=1.0 queueUtil=1.0
meanST=5.994951939647045



REPORT for Queue of Queueing Place : I/icon_index----------------------------------------

queueUtilQPl=0.003184660642796736

------------------ Color = index --------------------
arrivCnt=277950 deptCnt=277950
arrivThrPut=0.027822873184518475 deptThrPut=0.027822873184518475
meanTkPop=0.003198118218134158 tkColOcp=0.003184660642796736
-----
meanST=0.11494564910405056 stDevST=0.1497204647899741

Steady State Statistics: numBatchesST=347 batchSizeST=800 stDevStdStateMeanST=0.005569754558068259
95% c.i. = 0.11495003040428073 +/- 5.860294093004055E-4



REPORT for Depository of Queueing Place : I/icon_index----------------------------------------

tkOcp=0.0

------------------ Color = index --------------------
arrivCnt=277950 deptCnt=277950
arrivThrPut=0.027822873184518475 deptThrPut=0.027822873184518475
meanTkPop=0.0 tkColOcp=0.0
-----
meanST=0.0 stDevST=0.0

Steady State Statistics: numBatchesST=1389 batchSizeST=200 stDevStdStateMeanST=0.0
95% c.i. = 0.0 +/- 0.0



REPORT for Queue : ImageProvider----------------------------------------

totArrivThrPut=0.16680700864115272 totDeptThrPut=0.16680700864115272
meanTotTkPop=0.039956601197777844 queueUtil=0.037189604115485865
meanST=0.2395379038523218



REPORT for Queue of Queueing Place : P/categories_login----------------------------------------

queueUtilQPl=0.013623387219072119

------------------ Color = login --------------------
arrivCnt=277924 deptCnt=277924
arrivThrPut=0.027820270577204938 deptThrPut=0.027820270577204938
meanTkPop=0.01394456349162809 tkColOcp=0.013623387219072119
-----
meanST=0.5012375222207159 stDevST=0.7701847646224562

Steady State Statistics: numBatchesST=694 batchSizeST=400 stDevStdStateMeanST=0.041661584224386476
95% c.i. = 0.5012712797807588 +/- 0.0030995891801129456



REPORT for Depository of Queueing Place : P/categories_login----------------------------------------

tkOcp=0.0

------------------ Color = login --------------------
arrivCnt=277924 deptCnt=277924
arrivThrPut=0.027820270577204938 deptThrPut=0.027820270577204938
meanTkPop=0.0 tkColOcp=0.0
-----
meanST=0.0 stDevST=0.0

Steady State Statistics: numBatchesST=1389 batchSizeST=200 stDevStdStateMeanST=0.0
95% c.i. = 0.0 +/- 0.0



REPORT for Queue : Persistence----------------------------------------

totArrivThrPut=0.16680700864115275 totDeptThrPut=0.16680700864115275
meanTotTkPop=0.10566214349561236 queueUtil=0.08535812467414529
meanST=0.6334394720962857



REPORT for Queue of Queueing Place : I/icon_login----------------------------------------

queueUtilQPl=0.0032098738660140493

------------------ Color = login --------------------
arrivCnt=277924 deptCnt=277924
arrivThrPut=0.027820270577204938 deptThrPut=0.027820270577204938
meanTkPop=0.0032263373295606072 tkColOcp=0.0032098738660140493
-----
meanST=0.11597073869598404 stDevST=0.15084641872497778

Steady State Statistics: numBatchesST=694 batchSizeST=400 stDevStdStateMeanST=0.007636875252757524
95% c.i. = 0.1159680968843721 +/- 5.681775271873528E-4



REPORT for Depository of Queueing Place : I/icon_login----------------------------------------

tkOcp=0.0

------------------ Color = login --------------------
arrivCnt=277924 deptCnt=277924
arrivThrPut=0.027820270577204938 deptThrPut=0.027820270577204938
meanTkPop=0.0 tkColOcp=0.0
-----
meanST=0.0 stDevST=0.0

Steady State Statistics: numBatchesST=1389 batchSizeST=200 stDevStdStateMeanST=0.0
95% c.i. = 0.0 +/- 0.0



REPORT for Queue : ImageProvider----------------------------------------

totArrivThrPut=0.16680700864115272 totDeptThrPut=0.16680700864115272
meanTotTkPop=0.039956601197777844 queueUtil=0.037189604115485865
meanST=0.2395379038523218



REPORT for Queue of Queueing Place : A/isLoggedIn_login----------------------------------------

queueUtilQPl=0.00885629470960668

------------------ Color = login --------------------
arrivCnt=277924 deptCnt=277924
arrivThrPut=0.027820270577204938 deptThrPut=0.027820270577204938
meanTkPop=0.008949792520929938 tkColOcp=0.00885629470960668
-----
meanST=0.32170041251371284 stDevST=0.3261267633651461

Steady State Statistics: numBatchesST=694 batchSizeST=400 stDevStdStateMeanST=0.01691546519451699
95% c.i. = 0.3216648840469074 +/- 0.0012584973392061188



REPORT for Depository of Queueing Place : A/isLoggedIn_login----------------------------------------

tkOcp=0.0

------------------ Color = login --------------------
arrivCnt=277924 deptCnt=277924
arrivThrPut=0.027820270577204938 deptThrPut=0.027820270577204938
meanTkPop=0.0 tkColOcp=0.0
-----
meanST=0.0 stDevST=0.0

Steady State Statistics: numBatchesST=1389 batchSizeST=200 stDevStdStateMeanST=0.0
95% c.i. = 0.0 +/- 0.0



REPORT for Queue : Auth----------------------------------------

totArrivThrPut=0.16680700864115275 totDeptThrPut=0.16680700864115275
meanTotTkPop=0.04217081312823852 queueUtil=0.03972382225456198
meanST=0.2528119979596266



REPORT for Queue of Queueing Place : A/isLoggedIn_category----------------------------------------

queueUtilQPl=0.012175330645232832

------------------ Color = category --------------------
arrivCnt=276919 deptCnt=276919
arrivThrPut=0.02771966979450862 deptThrPut=0.02771966979450862
meanTkPop=0.012340609256396805 tkColOcp=0.012175330645232832
-----
meanST=0.4451932273320777 stDevST=0.44350757591747897

Steady State Statistics: numBatchesST=692 batchSizeST=400 stDevStdStateMeanST=0.02279890987482452
95% c.i. = 0.445163300008529 +/- 0.0016986704253750906



REPORT for Depository of Queueing Place : A/isLoggedIn_category----------------------------------------

tkOcp=0.0

------------------ Color = category --------------------
arrivCnt=276919 deptCnt=276919
arrivThrPut=0.02771966979450862 deptThrPut=0.02771966979450862
meanTkPop=0.0 tkColOcp=0.0
-----
meanST=0.0 stDevST=0.0

Steady State Statistics: numBatchesST=1384 batchSizeST=200 stDevStdStateMeanST=0.0
95% c.i. = 0.0 +/- 0.0



REPORT for Queue : Auth----------------------------------------

totArrivThrPut=0.16680700864115275 totDeptThrPut=0.16680700864115275
meanTotTkPop=0.04217081312823852 queueUtil=0.03972382225456198
meanST=0.2528119979596266



REPORT for Queue of Queueing Place : I/icon_logout----------------------------------------

queueUtilQPl=0.003498678782134619

------------------ Color = logout --------------------
arrivCnt=278099 deptCnt=278099
arrivThrPut=0.027837788126430667 deptThrPut=0.027837788126430667
meanTkPop=0.0035219692653105177 tkColOcp=0.003498678782134619
-----
meanST=0.12651756846897524 stDevST=0.16582803982750752

Steady State Statistics: numBatchesST=695 batchSizeST=400 stDevStdStateMeanST=0.00869474163708214
95% c.i. = 0.12652032861475798 +/- 6.464164059904583E-4



REPORT for Depository of Queueing Place : I/icon_logout----------------------------------------

tkOcp=0.0

------------------ Color = logout --------------------
arrivCnt=278099 deptCnt=278099
arrivThrPut=0.027837788126430667 deptThrPut=0.027837788126430667
meanTkPop=0.0 tkColOcp=0.0
-----
meanST=0.0 stDevST=0.0

Steady State Statistics: numBatchesST=1390 batchSizeST=200 stDevStdStateMeanST=0.0
95% c.i. = 0.0 +/- 0.0



REPORT for Queue : ImageProvider----------------------------------------

totArrivThrPut=0.16680700864115272 totDeptThrPut=0.16680700864115272
meanTotTkPop=0.039956601197777844 queueUtil=0.037189604115485865
meanST=0.2395379038523218



REPORT for Queue of Queueing Place : I/icon_loginAction----------------------------------------

queueUtilQPl=0.012211423431129775

------------------ Color = loginAction --------------------
arrivCnt=278446 deptCnt=278446
arrivThrPut=0.02787252292403825 deptThrPut=0.02787252292403825
meanTkPop=0.012379903699389891 tkColOcp=0.012211423431129775
-----
meanST=0.4441615756538862 stDevST=0.444704131508945

Steady State Statistics: numBatchesST=696 batchSizeST=400 stDevStdStateMeanST=0.023356916653869075
95% c.i. = 0.4441665683856398 +/- 0.0017352377303082893



REPORT for Depository of Queueing Place : I/icon_loginAction----------------------------------------

tkOcp=0.0

------------------ Color = loginAction --------------------
arrivCnt=278446 deptCnt=278446
arrivThrPut=0.02787252292403825 deptThrPut=0.02787252292403825
meanTkPop=0.0 tkColOcp=0.0
-----
meanST=0.0 stDevST=0.0

Steady State Statistics: numBatchesST=1392 batchSizeST=200 stDevStdStateMeanST=0.0
95% c.i. = 0.0 +/- 0.0



REPORT for Queue : ImageProvider----------------------------------------

totArrivThrPut=0.16680700864115272 totDeptThrPut=0.16680700864115272
meanTotTkPop=0.039956601197777844 queueUtil=0.037189604115485865
meanST=0.2395379038523218



REPORT for Queue of Queueing Place : A/isLoggedIn_product----------------------------------------

queueUtilQPl=0.0031666780974048915

------------------ Color = product --------------------
arrivCnt=277061 deptCnt=277061
arrivThrPut=0.027733884034451782 deptThrPut=0.027733884034451782
meanTkPop=0.003182730736667789 tkColOcp=0.0031666780974048915
-----
meanST=0.11475964681737742 stDevST=0.14426398654219624

Steady State Statistics: numBatchesST=692 batchSizeST=400 stDevStdStateMeanST=0.007823606392986016
95% c.i. = 0.1147602976113376 +/- 5.829107125080524E-4



REPORT for Depository of Queueing Place : A/isLoggedIn_product----------------------------------------

tkOcp=0.0

------------------ Color = product --------------------
arrivCnt=277061 deptCnt=277061
arrivThrPut=0.027733884034451782 deptThrPut=0.027733884034451782
meanTkPop=0.0 tkColOcp=0.0
-----
meanST=0.0 stDevST=0.0

Steady State Statistics: numBatchesST=1385 batchSizeST=200 stDevStdStateMeanST=0.0
95% c.i. = 0.0 +/- 0.0



REPORT for Queue : Auth----------------------------------------

totArrivThrPut=0.16680700864115275 totDeptThrPut=0.16680700864115275
meanTotTkPop=0.04217081312823852 queueUtil=0.03972382225456198
meanST=0.2528119979596266



REPORT for Queue of Queueing Place : P/category_logout----------------------------------------

queueUtilQPl=0.011998897387851098

------------------ Color = logout --------------------
arrivCnt=278099 deptCnt=278099
arrivThrPut=0.027837788126430667 deptThrPut=0.027837788126430667
meanTkPop=0.012288187211401153 tkColOcp=0.011998897387851098
-----
meanST=0.4414211055703129 stDevST=0.7344336817931857

Steady State Statistics: numBatchesST=695 batchSizeST=400 stDevStdStateMeanST=0.04030046594721916
95% c.i. = 0.4414645718760869 +/- 0.0029961652047529558



REPORT for Depository of Queueing Place : P/category_logout----------------------------------------

tkOcp=0.0

------------------ Color = logout --------------------
arrivCnt=278099 deptCnt=278099
arrivThrPut=0.027837788126430667 deptThrPut=0.027837788126430667
meanTkPop=0.0 tkColOcp=0.0
-----
meanST=0.0 stDevST=0.0

Steady State Statistics: numBatchesST=1390 batchSizeST=200 stDevStdStateMeanST=0.0
95% c.i. = 0.0 +/- 0.0



REPORT for Queue : Persistence----------------------------------------

totArrivThrPut=0.16680700864115275 totDeptThrPut=0.16680700864115275
meanTotTkPop=0.10566214349561236 queueUtil=0.08535812467414529
meanST=0.6334394720962857



REPORT for Ordinary Place : Finish_index----------------------------------------

tkOcp=1.0

------------------ Color = index --------------------
arrivCnt=277950 deptCnt=0
arrivThrPut=0.027822873184518475 deptThrPut=0.0
meanTkPop=139204.0926361102 tkColOcp=1.0
-----
meanST=NaN stDevST=NaN

Steady State Statistics: Only 0 batches collected!
Need at least 60 for steady state statistics.



REPORT for Ordinary Place : Finish_login----------------------------------------

tkOcp=1.0

------------------ Color = login --------------------
arrivCnt=277924 deptCnt=0
arrivThrPut=0.027820270577204938 deptThrPut=0.0
meanTkPop=139074.2253846744 tkColOcp=1.0
-----
meanST=NaN stDevST=NaN

Steady State Statistics: Only 0 batches collected!
Need at least 60 for steady state statistics.



REPORT for Ordinary Place : Finish_loginAction----------------------------------------

tkOcp=1.0

------------------ Color = loginAction --------------------
arrivCnt=278446 deptCnt=0
arrivThrPut=0.02787252292403825 deptThrPut=0.0
meanTkPop=139362.8583386073 tkColOcp=1.0
-----
meanST=NaN stDevST=NaN

Steady State Statistics: Only 0 batches collected!
Need at least 60 for steady state statistics.



REPORT for Ordinary Place : Finish_category----------------------------------------

tkOcp=1.0

------------------ Color = category --------------------
arrivCnt=276919 deptCnt=0
arrivThrPut=0.02771966979450862 deptThrPut=0.0
meanTkPop=138796.1000092633 tkColOcp=1.0
-----
meanST=NaN stDevST=NaN

Steady State Statistics: Only 0 batches collected!
Need at least 60 for steady state statistics.



REPORT for Ordinary Place : Finish_product----------------------------------------

tkOcp=1.0

------------------ Color = product --------------------
arrivCnt=277061 deptCnt=0
arrivThrPut=0.027733884034451782 deptThrPut=0.0
meanTkPop=138890.04054944296 tkColOcp=1.0
-----
meanST=NaN stDevST=NaN

Steady State Statistics: Only 0 batches collected!
Need at least 60 for steady state statistics.



REPORT for Ordinary Place : Finish_logout----------------------------------------

tkOcp=1.0

------------------ Color = logout --------------------
arrivCnt=278099 deptCnt=0
arrivThrPut=0.027837788126430667 deptThrPut=0.0
meanTkPop=139519.3085931127 tkColOcp=1.0
-----
meanST=NaN stDevST=NaN

Steady State Statistics: Only 0 batches collected!
Need at least 60 for steady state statistics.



REPORT REPORT for Probe : /index----------------------------------------


------------------ Color = index --------------------
-----
meanST=2.790621166854143 stDevST=2.021844963146903

Steady State Statistics: numBatchesST=694 batchSizeST=400 stDevStdStateMeanST=0.11051114187165716
95% c.i. = 2.7908750664067097 +/- 0.00822194225218183



REPORT REPORT for Probe : /login----------------------------------------


------------------ Color = login --------------------
-----
meanST=1.085889629715619 stDevST=0.9189036330569006

Steady State Statistics: numBatchesST=694 batchSizeST=400 stDevStdStateMeanST=0.049841902286547966
95% c.i. = 1.0858664589879883 +/- 0.00370819842595426



REPORT REPORT for Probe : /loginAction----------------------------------------


------------------ Color = loginAction --------------------
-----
meanST=1.8480913749552124 stDevST=1.0935350831412292

Steady State Statistics: numBatchesST=696 batchSizeST=400 stDevStdStateMeanST=0.05817755284967849
95% c.i. = 1.8480543273805947 +/- 0.0043221408997511646



REPORT REPORT for Probe : /logout----------------------------------------


------------------ Color = logout --------------------
-----
meanST=0.8383986415521445 stDevST=0.8509223366913016

Steady State Statistics: numBatchesST=695 batchSizeST=400 stDevStdStateMeanST=0.04609616741472985
95% c.i. = 0.8384409555357393 +/- 0.0034270505224769155



REPORT REPORT for Probe : /category----------------------------------------


------------------ Color = category --------------------
-----
meanST=1.6271703130313886 stDevST=1.124098200043525

Steady State Statistics: numBatchesST=692 batchSizeST=400 stDevStdStateMeanST=0.0629289151882251
95% c.i. = 1.6271899582726443 +/- 0.004688622733195399



REPORT REPORT for Probe : /product----------------------------------------


------------------ Color = product --------------------
-----
meanST=1.087672797050317 stDevST=0.9358879615112916

Steady State Statistics: numBatchesST=692 batchSizeST=400 stDevStdStateMeanST=0.04989266553566741
95% c.i. = 1.0876630256055941 +/- 0.0037173354276098516



