INFO Logging to /home/yjx/workloadConfig/qpme/output/SimQPN_Output_config_2025-08-14_083252707.log
WARN Batch means correlation test was run for depository of place Workload, color 0
    However, the standard deviation of the token residence time is 0 and therefore the result of the test is ignored!
    In future runs, you should set numBMeansCorlTested to 0 to switch off the correlation test!
WARN Batch means correlation test was run for depository of place W/category, color 0
    However, the standard deviation of the token residence time is 0 and therefore the result of the test is ignored!
    In future runs, you should set numBMeansCorlTested to 0 to switch off the correlation test!
WARN Batch means correlation test was run for depository of place P/category_category, color 0
    However, the standard deviation of the token residence time is 0 and therefore the result of the test is ignored!
    In future runs, you should set numBMeansCorlTested to 0 to switch off the correlation test!
WARN Batch means correlation test was run for depository of place I/productImages_category, color 0
    However, the standard deviation of the token residence time is 0 and therefore the result of the test is ignored!
    In future runs, you should set numBMeansCorlTested to 0 to switch off the correlation test!
WARN Batch means correlation test was run for depository of place A/isLoggedIn_category, color 0
    However, the standard deviation of the token residence time is 0 and therefore the result of the test is ignored!
    In future runs, you should set numBMeansCorlTested to 0 to switch off the correlation test!
WARN Batch means correlation test was run for depository of place W/index, color 0
    However, the standard deviation of the token residence time is 0 and therefore the result of the test is ignored!
    In future runs, you should set numBMeansCorlTested to 0 to switch off the correlation test!
WARN Batch means correlation test was run for depository of place P/categories_index, color 0
    However, the standard deviation of the token residence time is 0 and therefore the result of the test is ignored!
    In future runs, you should set numBMeansCorlTested to 0 to switch off the correlation test!
WARN Batch means correlation test was run for depository of place A/isLoggedIn_index, color 0
    However, the standard deviation of the token residence time is 0 and therefore the result of the test is ignored!
    In future runs, you should set numBMeansCorlTested to 0 to switch off the correlation test!
WARN Batch means correlation test was run for depository of place I/icon_index, color 0
    However, the standard deviation of the token residence time is 0 and therefore the result of the test is ignored!
    In future runs, you should set numBMeansCorlTested to 0 to switch off the correlation test!
WARN Batch means correlation test was run for depository of place W/product, color 0
    However, the standard deviation of the token residence time is 0 and therefore the result of the test is ignored!
    In future runs, you should set numBMeansCorlTested to 0 to switch off the correlation test!
WARN Batch means correlation test was run for depository of place P/getProduct_product, color 0
    However, the standard deviation of the token residence time is 0 and therefore the result of the test is ignored!
    In future runs, you should set numBMeansCorlTested to 0 to switch off the correlation test!
WARN Batch means correlation test was run for depository of place R/getAds_product, color 0
    However, the standard deviation of the token residence time is 0 and therefore the result of the test is ignored!
    In future runs, you should set numBMeansCorlTested to 0 to switch off the correlation test!
WARN Batch means correlation test was run for depository of place I/product_product, color 0
    However, the standard deviation of the token residence time is 0 and therefore the result of the test is ignored!
    In future runs, you should set numBMeansCorlTested to 0 to switch off the correlation test!
WARN Batch means correlation test was run for depository of place A/isLoggedIn_product, color 0
    However, the standard deviation of the token residence time is 0 and therefore the result of the test is ignored!
    In future runs, you should set numBMeansCorlTested to 0 to switch off the correlation test!
WARN Batch means correlation test was run for depository of place W/loginAction, color 0
    However, the standard deviation of the token residence time is 0 and therefore the result of the test is ignored!
    In future runs, you should set numBMeansCorlTested to 0 to switch off the correlation test!
WARN Batch means correlation test was run for depository of place A/login_loginAction, color 0
    However, the standard deviation of the token residence time is 0 and therefore the result of the test is ignored!
    In future runs, you should set numBMeansCorlTested to 0 to switch off the correlation test!
WARN Batch means correlation test was run for depository of place P/getUser_loginAction, color 0
    However, the standard deviation of the token residence time is 0 and therefore the result of the test is ignored!
    In future runs, you should set numBMeansCorlTested to 0 to switch off the correlation test!
WARN Batch means correlation test was run for depository of place I/icon_loginAction, color 0
    However, the standard deviation of the token residence time is 0 and therefore the result of the test is ignored!
    In future runs, you should set numBMeansCorlTested to 0 to switch off the correlation test!
WARN Batch means correlation test was run for depository of place W/login, color 0
    However, the standard deviation of the token residence time is 0 and therefore the result of the test is ignored!
    In future runs, you should set numBMeansCorlTested to 0 to switch off the correlation test!
WARN Batch means correlation test was run for depository of place P/categories_login, color 0
    However, the standard deviation of the token residence time is 0 and therefore the result of the test is ignored!
    In future runs, you should set numBMeansCorlTested to 0 to switch off the correlation test!
WARN Batch means correlation test was run for depository of place I/icon_login, color 0
    However, the standard deviation of the token residence time is 0 and therefore the result of the test is ignored!
    In future runs, you should set numBMeansCorlTested to 0 to switch off the correlation test!
WARN Batch means correlation test was run for depository of place A/isLoggedIn_login, color 0
    However, the standard deviation of the token residence time is 0 and therefore the result of the test is ignored!
    In future runs, you should set numBMeansCorlTested to 0 to switch off the correlation test!
WARN Batch means correlation test was run for depository of place W/logout, color 0
    However, the standard deviation of the token residence time is 0 and therefore the result of the test is ignored!
    In future runs, you should set numBMeansCorlTested to 0 to switch off the correlation test!
WARN Batch means correlation test was run for depository of place A/logout_logout, color 0
    However, the standard deviation of the token residence time is 0 and therefore the result of the test is ignored!
    In future runs, you should set numBMeansCorlTested to 0 to switch off the correlation test!
WARN Batch means correlation test was run for depository of place P/category_logout, color 0
    However, the standard deviation of the token residence time is 0 and therefore the result of the test is ignored!
    In future runs, you should set numBMeansCorlTested to 0 to switch off the correlation test!
WARN Batch means correlation test was run for depository of place I/icon_logout, color 0
    However, the standard deviation of the token residence time is 0 and therefore the result of the test is ignored!
    In future runs, you should set numBMeansCorlTested to 0 to switch off the correlation test!
WARN LP-1 The simulation was stopped because of reaching max totalRunLen.
The required precision may not have been reached!
REPORT for Queue of Queueing Place : W/index----------------------------------------

queueUtilQPl=0.01396114614175797

------------------ Color = index --------------------
arrivCnt=278315 deptCnt=278315
arrivThrPut=0.027859366616123166 deptThrPut=0.027859366616123166
meanTkPop=0.014177637872273312 tkColOcp=0.01396114614175797
-----
meanST=0.5089002225940137 stDevST=0.5491857351379964

Steady State Statistics: numBatchesST=173 batchSizeST=1600 stDevStdStateMeanST=0.013944772549597353
95% c.i. = 0.5089954171630994 +/- 0.002092702113124753



REPORT for Depository of Queueing Place : W/index----------------------------------------

tkOcp=0.0

------------------ Color = index --------------------
arrivCnt=278315 deptCnt=278315
arrivThrPut=0.027859366616123166 deptThrPut=0.027859366616123166
meanTkPop=0.0 tkColOcp=0.0
-----
meanST=0.0 stDevST=0.0

Steady State Statistics: numBatchesST=1391 batchSizeST=200 stDevStdStateMeanST=0.0
95% c.i. = 0.0 +/- 0.0



REPORT for Queue : WebUI----------------------------------------

totArrivThrPut=0.16673998337210744 totDeptThrPut=0.16673998337210744
meanTotTkPop=0.09905969679029863 queueUtil=0.08818171472660384
meanST=0.5940968374048041



REPORT for Queue of Queueing Place : P/categories_index----------------------------------------

queueUtilQPl=0.00686999160342406

------------------ Color = index --------------------
arrivCnt=278315 deptCnt=278315
arrivThrPut=0.027859366616123166 deptThrPut=0.027859366616123166
meanTkPop=0.00691975925093023 tkColOcp=0.00686999160342406
-----
meanST=0.24838178650212128 stDevST=0.24802046849718537

Steady State Statistics: numBatchesST=695 batchSizeST=400 stDevStdStateMeanST=0.012307893373167086
95% c.i. = 0.2483920454860003 +/- 9.150385982333112E-4



REPORT for Depository of Queueing Place : P/categories_index----------------------------------------

tkOcp=0.0

------------------ Color = index --------------------
arrivCnt=278315 deptCnt=278315
arrivThrPut=0.027859366616123166 deptThrPut=0.027859366616123166
meanTkPop=0.0 tkColOcp=0.0
-----
meanST=0.0 stDevST=0.0

Steady State Statistics: numBatchesST=1391 batchSizeST=200 stDevStdStateMeanST=0.0
95% c.i. = 0.0 +/- 0.0



REPORT for Queue : Persistence----------------------------------------

totArrivThrPut=0.16673998337210744 totDeptThrPut=0.16673998337210744
meanTotTkPop=0.030014516636646074 queueUtil=0.028783460620061554
meanST=0.18000791429649954



REPORT for Queue of Queueing Place : A/isLoggedIn_index----------------------------------------

queueUtilQPl=0.004466376161916603

------------------ Color = index --------------------
arrivCnt=278315 deptCnt=278315
arrivThrPut=0.027859366616123166 deptThrPut=0.027859366616123166
meanTkPop=0.004513670608348089 tkColOcp=0.004466376161916603
-----
meanST=0.16201626801292293 stDevST=0.32504994373533613

Steady State Statistics: numBatchesST=695 batchSizeST=400 stDevStdStateMeanST=0.01743678037323139
95% c.i. = 0.16201945847904256 +/- 0.0012963491465735793



REPORT for Depository of Queueing Place : A/isLoggedIn_index----------------------------------------

tkOcp=0.0

------------------ Color = index --------------------
arrivCnt=278315 deptCnt=278315
arrivThrPut=0.027859366616123166 deptThrPut=0.027859366616123166
meanTkPop=0.0 tkColOcp=0.0
-----
meanST=0.0 stDevST=0.0

Steady State Statistics: numBatchesST=1391 batchSizeST=200 stDevStdStateMeanST=0.0
95% c.i. = 0.0 +/- 0.0



REPORT for Queue : Auth----------------------------------------

totArrivThrPut=0.16673988327198125 totDeptThrPut=0.16673988327198125
meanTotTkPop=0.09481367469613955 queueUtil=0.08421986584184685
meanST=0.5686322482395064



REPORT for Queue of Queueing Place : W/login----------------------------------------

queueUtilQPl=0.02744853562118465

------------------ Color = login --------------------
arrivCnt=276877 deptCnt=276877
arrivThrPut=0.027715422634684923 deptThrPut=0.027715422634684923
meanTkPop=0.028188734717310586 tkColOcp=0.02744853562118465
-----
meanST=1.0170775704510935 stDevST=1.0034715827225558

Steady State Statistics: numBatchesST=692 batchSizeST=400 stDevStdStateMeanST=0.05156350835934897
95% c.i. = 1.0170895783196527 +/- 0.003841824331053965



REPORT for Depository of Queueing Place : W/login----------------------------------------

tkOcp=0.0

------------------ Color = login --------------------
arrivCnt=276877 deptCnt=276877
arrivThrPut=0.027715422634684923 deptThrPut=0.027715422634684923
meanTkPop=0.0 tkColOcp=0.0
-----
meanST=0.0 stDevST=0.0

Steady State Statistics: numBatchesST=1384 batchSizeST=200 stDevStdStateMeanST=0.0
95% c.i. = 0.0 +/- 0.0



REPORT for Queue : WebUI----------------------------------------

totArrivThrPut=0.16673998337210744 totDeptThrPut=0.16673998337210744
meanTotTkPop=0.09905969679029863 queueUtil=0.08818171472660384
meanST=0.5940968374048041



REPORT for Queue of Queueing Place : W/loginAction----------------------------------------

queueUtilQPl=0.01795570464899741

------------------ Color = loginAction --------------------
arrivCnt=278080 deptCnt=278080
arrivThrPut=0.027835843086472273 deptThrPut=0.027835843086472273
meanTkPop=0.018291266875380914 tkColOcp=0.01795570464899741
-----
meanST=0.6571120126866266 stDevST=0.673296926609782

Steady State Statistics: numBatchesST=695 batchSizeST=400 stDevStdStateMeanST=0.035426758925157405
95% c.i. = 0.6571000206861338 +/- 0.002633826183244219



REPORT for Depository of Queueing Place : W/loginAction----------------------------------------

tkOcp=0.0

------------------ Color = loginAction --------------------
arrivCnt=278080 deptCnt=278080
arrivThrPut=0.027835843086472273 deptThrPut=0.027835843086472273
meanTkPop=0.0 tkColOcp=0.0
-----
meanST=0.0 stDevST=0.0

Steady State Statistics: numBatchesST=1390 batchSizeST=200 stDevStdStateMeanST=0.0
95% c.i. = 0.0 +/- 0.0



REPORT for Queue : WebUI----------------------------------------

totArrivThrPut=0.16673998337210744 totDeptThrPut=0.16673998337210744
meanTotTkPop=0.09905969679029863 queueUtil=0.08818171472660384
meanST=0.5940968374048041



REPORT for Queue of Queueing Place : A/login_loginAction----------------------------------------

queueUtilQPl=0.007928621304637454

------------------ Color = loginAction --------------------
arrivCnt=278080 deptCnt=278080
arrivThrPut=0.027835843086472273 deptThrPut=0.027835843086472273
meanTkPop=0.00801445342356431 tkColOcp=0.007928621304637454
-----
meanST=0.28791847254876907 stDevST=0.3791238955835938

Steady State Statistics: numBatchesST=695 batchSizeST=400 stDevStdStateMeanST=0.019519217809277876
95% c.i. = 0.28791309633192824 +/- 0.0014511693562239832



REPORT for Depository of Queueing Place : A/login_loginAction----------------------------------------

tkOcp=0.0

------------------ Color = loginAction --------------------
arrivCnt=278080 deptCnt=278080
arrivThrPut=0.027835843086472273 deptThrPut=0.027835843086472273
meanTkPop=0.0 tkColOcp=0.0
-----
meanST=0.0 stDevST=0.0

Steady State Statistics: numBatchesST=1390 batchSizeST=200 stDevStdStateMeanST=0.0
95% c.i. = 0.0 +/- 0.0



REPORT for Queue : Auth----------------------------------------

totArrivThrPut=0.16673988327198125 totDeptThrPut=0.16673988327198125
meanTotTkPop=0.09481367469613955 queueUtil=0.08421986584184685
meanST=0.5686322482395064



REPORT for Queue of Queueing Place : W/logout----------------------------------------

queueUtilQPl=0.02274795287172698

------------------ Color = logout --------------------
arrivCnt=278234 deptCnt=278234
arrivThrPut=0.027851258505903073 deptThrPut=0.027851258505903073
meanTkPop=0.02326590730093831 tkColOcp=0.02274795287172698
-----
meanST=0.835362872238147 stDevST=0.8325067873434769

Steady State Statistics: numBatchesST=695 batchSizeST=400 stDevStdStateMeanST=0.04370174567775763
95% c.i. = 0.8353655681795288 +/- 0.003249035630460132



REPORT for Depository of Queueing Place : W/logout----------------------------------------

tkOcp=0.0

------------------ Color = logout --------------------
arrivCnt=278234 deptCnt=278234
arrivThrPut=0.027851258505903073 deptThrPut=0.027851258505903073
meanTkPop=0.0 tkColOcp=0.0
-----
meanST=0.0 stDevST=0.0

Steady State Statistics: numBatchesST=1391 batchSizeST=200 stDevStdStateMeanST=0.0
95% c.i. = 0.0 +/- 0.0



REPORT for Queue : WebUI----------------------------------------

totArrivThrPut=0.16673998337210744 totDeptThrPut=0.16673998337210744
meanTotTkPop=0.09905969679029863 queueUtil=0.08818171472660384
meanST=0.5940968374048041



REPORT for Queue of Queueing Place : A/logout_logout----------------------------------------

queueUtilQPl=0.011916020000396958

------------------ Color = logout --------------------
arrivCnt=278234 deptCnt=278234
arrivThrPut=0.027851258505903073 deptThrPut=0.027851258505903073
meanTkPop=0.012065130848486535 tkColOcp=0.011916020000396958
-----
meanST=0.43319876715550687 stDevST=0.47799522246217646

Steady State Statistics: numBatchesST=695 batchSizeST=400 stDevStdStateMeanST=0.025406664141965764
95% c.i. = 0.43321320152465187 +/- 0.0018888755075611005



REPORT for Depository of Queueing Place : A/logout_logout----------------------------------------

tkOcp=0.0

------------------ Color = logout --------------------
arrivCnt=278234 deptCnt=278234
arrivThrPut=0.027851258505903073 deptThrPut=0.027851258505903073
meanTkPop=0.0 tkColOcp=0.0
-----
meanST=0.0 stDevST=0.0

Steady State Statistics: numBatchesST=1391 batchSizeST=200 stDevStdStateMeanST=0.0
95% c.i. = 0.0 +/- 0.0



REPORT for Queue : Auth----------------------------------------

totArrivThrPut=0.16673988327198125 totDeptThrPut=0.16673988327198125
meanTotTkPop=0.09481367469613955 queueUtil=0.08421986584184685
meanST=0.5686322482395064



REPORT for Queue of Queueing Place : P/getUser_loginAction----------------------------------------

queueUtilQPl=0.003100966925454562

------------------ Color = loginAction --------------------
arrivCnt=278080 deptCnt=278080
arrivThrPut=0.027835843086472273 deptThrPut=0.027835843086472273
meanTkPop=0.0031135913548156697 tkColOcp=0.003100966925454562
-----
meanST=0.1118554715638852 stDevST=0.12124048948723362

Steady State Statistics: numBatchesST=695 batchSizeST=400 stDevStdStateMeanST=0.00591723479400177
95% c.i. = 0.11185490767852835 +/- 4.3992079449803426E-4



REPORT for Depository of Queueing Place : P/getUser_loginAction----------------------------------------

tkOcp=0.0

------------------ Color = loginAction --------------------
arrivCnt=278080 deptCnt=278080
arrivThrPut=0.027835843086472273 deptThrPut=0.027835843086472273
meanTkPop=0.0 tkColOcp=0.0
-----
meanST=0.0 stDevST=0.0

Steady State Statistics: numBatchesST=1390 batchSizeST=200 stDevStdStateMeanST=0.0
95% c.i. = 0.0 +/- 0.0



REPORT for Queue : Persistence----------------------------------------

totArrivThrPut=0.16673998337210744 totDeptThrPut=0.16673998337210744
meanTotTkPop=0.030014516636646074 queueUtil=0.028783460620061554
meanST=0.18000791429649954



REPORT for Queue of Queueing Place : W/category----------------------------------------

queueUtilQPl=0.00493296380689418

------------------ Color = category --------------------
arrivCnt=277301 deptCnt=277301
arrivThrPut=0.027757865088182707 deptThrPut=0.027757865088182707
meanTkPop=0.004987493271948489 tkColOcp=0.00493296380689418
-----
meanST=0.17967856159340595 stDevST=0.3463255199991055

Steady State Statistics: numBatchesST=346 batchSizeST=800 stDevStdStateMeanST=0.013437577171819383
95% c.i. = 0.179593402151967 +/- 0.0014158948856252223



REPORT for Depository of Queueing Place : W/category----------------------------------------

tkOcp=0.0

------------------ Color = category --------------------
arrivCnt=277301 deptCnt=277301
arrivThrPut=0.027757865088182707 deptThrPut=0.027757865088182707
meanTkPop=0.0 tkColOcp=0.0
-----
meanST=0.0 stDevST=0.0

Steady State Statistics: numBatchesST=1386 batchSizeST=200 stDevStdStateMeanST=0.0
95% c.i. = 0.0 +/- 0.0



REPORT for Queue : WebUI----------------------------------------

totArrivThrPut=0.16673998337210744 totDeptThrPut=0.16673998337210744
meanTotTkPop=0.09905969679029863 queueUtil=0.08818171472660384
meanST=0.5940968374048041



REPORT for Queue of Queueing Place : W/product----------------------------------------

queueUtilQPl=0.010027507741611843

------------------ Color = product --------------------
arrivCnt=276925 deptCnt=276925
arrivThrPut=0.027720227440741277 deptThrPut=0.027720227440741277
meanTkPop=0.010148656752447026 tkColOcp=0.010027507741611843
-----
meanST=0.36611015454841583 stDevST=0.44158764232480135

Steady State Statistics: numBatchesST=692 batchSizeST=400 stDevStdStateMeanST=0.022505869986580836
95% c.i. = 0.3660778094381261 +/- 0.0016768370046392842



REPORT for Depository of Queueing Place : W/product----------------------------------------

tkOcp=0.0

------------------ Color = product --------------------
arrivCnt=276925 deptCnt=276925
arrivThrPut=0.027720227440741277 deptThrPut=0.027720227440741277
meanTkPop=0.0 tkColOcp=0.0
-----
meanST=0.0 stDevST=0.0

Steady State Statistics: numBatchesST=1384 batchSizeST=200 stDevStdStateMeanST=0.0
95% c.i. = 0.0 +/- 0.0



REPORT for Queue : WebUI----------------------------------------

totArrivThrPut=0.16673998337210744 totDeptThrPut=0.16673998337210744
meanTotTkPop=0.09905969679029863 queueUtil=0.08818171472660384
meanST=0.5940968374048041



REPORT for Queue of Queueing Place : P/category_category----------------------------------------

queueUtilQPl=0.005664292770965561

------------------ Color = category --------------------
arrivCnt=277301 deptCnt=277301
arrivThrPut=0.027757865088182707 deptThrPut=0.027757865088182707
meanTkPop=0.005702891260450566 tkColOcp=0.005664292770965561
-----
meanST=0.20545136458921853 stDevST=0.20759749503485012

Steady State Statistics: numBatchesST=693 batchSizeST=400 stDevStdStateMeanST=0.01024244314878985
95% c.i. = 0.20545083784829163 +/- 7.62579341221056E-4



REPORT for Depository of Queueing Place : P/category_category----------------------------------------

tkOcp=0.0

------------------ Color = category --------------------
arrivCnt=277301 deptCnt=277301
arrivThrPut=0.027757865088182707 deptThrPut=0.027757865088182707
meanTkPop=0.0 tkColOcp=0.0
-----
meanST=0.0 stDevST=0.0

Steady State Statistics: numBatchesST=1386 batchSizeST=200 stDevStdStateMeanST=0.0
95% c.i. = 0.0 +/- 0.0



REPORT for Queue : Persistence----------------------------------------

totArrivThrPut=0.16673998337210744 totDeptThrPut=0.16673998337210744
meanTotTkPop=0.030014516636646074 queueUtil=0.028783460620061554
meanST=0.18000791429649954



REPORT for Queue of Queueing Place : P/getProduct_product----------------------------------------

queueUtilQPl=0.002848433614619858

------------------ Color = product --------------------
arrivCnt=276925 deptCnt=276925
arrivThrPut=0.027720227440741277 deptThrPut=0.027720227440741277
meanTkPop=0.002859011508441281 tkColOcp=0.002848433614619858
-----
meanST=0.10313809706479188 stDevST=0.11331090465527342

Steady State Statistics: numBatchesST=692 batchSizeST=400 stDevStdStateMeanST=0.005841304435361243
95% c.i. = 0.1031287841190288 +/- 4.352160320137612E-4



REPORT for Depository of Queueing Place : P/getProduct_product----------------------------------------

tkOcp=0.0

------------------ Color = product --------------------
arrivCnt=276925 deptCnt=276925
arrivThrPut=0.027720227440741277 deptThrPut=0.027720227440741277
meanTkPop=0.0 tkColOcp=0.0
-----
meanST=0.0 stDevST=0.0

Steady State Statistics: numBatchesST=1384 batchSizeST=200 stDevStdStateMeanST=0.0
95% c.i. = 0.0 +/- 0.0



REPORT for Queue : Persistence----------------------------------------

totArrivThrPut=0.16673998337210744 totDeptThrPut=0.16673998337210744
meanTotTkPop=0.030014516636646074 queueUtil=0.028783460620061554
meanST=0.18000791429649954



REPORT for Queue of Queueing Place : R/getAds_product----------------------------------------

queueUtilQPl=0.0030313682075148625

------------------ Color = product --------------------
arrivCnt=276925 deptCnt=276925
arrivThrPut=0.027720227440741277 deptThrPut=0.027720227440741277
meanTkPop=0.003041319530333908 tkColOcp=0.0030313682075148625
-----
meanST=0.10971481156983534 stDevST=0.10964429894897301

Steady State Statistics: numBatchesST=692 batchSizeST=400 stDevStdStateMeanST=0.005705495877851572
95% c.i. = 0.10971563166741102 +/- 4.2509739119184756E-4



REPORT for Depository of Queueing Place : R/getAds_product----------------------------------------

tkOcp=0.0

------------------ Color = product --------------------
arrivCnt=276925 deptCnt=276925
arrivThrPut=0.027720227440741277 deptThrPut=0.027720227440741277
meanTkPop=0.0 tkColOcp=0.0
-----
meanST=0.0 stDevST=0.0

Steady State Statistics: numBatchesST=1384 batchSizeST=200 stDevStdStateMeanST=0.0
95% c.i. = 0.0 +/- 0.0



REPORT for Queue : Recommender----------------------------------------

totArrivThrPut=0.027720227440741277 totDeptThrPut=0.027720227440741277
meanTotTkPop=0.003041319530333908 queueUtil=0.0030313682075148625
meanST=0.10971481156983534



REPORT for Queue of Queueing Place : I/productImages_category----------------------------------------

queueUtilQPl=0.003773301766622621

------------------ Color = category --------------------
arrivCnt=277301 deptCnt=277301
arrivThrPut=0.027757865088182707 deptThrPut=0.027757865088182707
meanTkPop=0.0037994621548176743 tkColOcp=0.003773301766622621
-----
meanST=0.13687876004683122 stDevST=0.20234617479434405

Steady State Statistics: numBatchesST=693 batchSizeST=400 stDevStdStateMeanST=0.010140086367296559
95% c.i. = 0.13686114049083462 +/- 7.549585845454493E-4



REPORT for Depository of Queueing Place : I/productImages_category----------------------------------------

tkOcp=0.0

------------------ Color = category --------------------
arrivCnt=277301 deptCnt=277301
arrivThrPut=0.027757865088182707 deptThrPut=0.027757865088182707
meanTkPop=0.0 tkColOcp=0.0
-----
meanST=0.0 stDevST=0.0

Steady State Statistics: numBatchesST=1386 batchSizeST=200 stDevStdStateMeanST=0.0
95% c.i. = 0.0 +/- 0.0



REPORT for Queue : ImageProvider----------------------------------------

totArrivThrPut=0.1667399833721074 totDeptThrPut=0.16673988327198122
meanTotTkPop=0.04984106819989936 queueUtil=0.045875382069946104
meanST=0.2989150124179534



REPORT for Queue of Queueing Place : I/product_product----------------------------------------

queueUtilQPl=0.003843619408732089

------------------ Color = product --------------------
arrivCnt=276925 deptCnt=276924
arrivThrPut=0.027720227440741277 deptThrPut=0.027720127340615103
meanTkPop=0.0038697070717047385 tkColOcp=0.003843619408732089
-----
meanST=0.13959867871703202 stDevST=0.1999311797113192

Steady State Statistics: numBatchesST=692 batchSizeST=400 stDevStdStateMeanST=0.010770162440082585
95% c.i. = 0.13959156288889932 +/- 8.024487360975069E-4



REPORT for Depository of Queueing Place : I/product_product----------------------------------------

tkOcp=0.0

------------------ Color = product --------------------
arrivCnt=276924 deptCnt=276924
arrivThrPut=0.027720127340615103 deptThrPut=0.027720127340615103
meanTkPop=0.0 tkColOcp=0.0
-----
meanST=0.0 stDevST=0.0

Steady State Statistics: numBatchesST=1384 batchSizeST=200 stDevStdStateMeanST=0.0
95% c.i. = 0.0 +/- 0.0



REPORT for Queue : ImageProvider----------------------------------------

totArrivThrPut=0.1667399833721074 totDeptThrPut=0.16673988327198122
meanTotTkPop=0.04984106819989936 queueUtil=0.045875382069946104
meanST=0.2989150124179534



REPORT for Queue of Queueing Place : Workload----------------------------------------

queueUtilQPl=1.0

------------------ Color = workload --------------------
arrivCnt=1665732 deptCnt=1665732
arrivThrPut=0.1667399833721074 deptThrPut=0.1667399833721074
meanTkPop=1.0 tkColOcp=1.0
-----
meanST=5.997361759166889 stDevST=5.99604455714053

Steady State Statistics: numBatchesST=4164 batchSizeST=400 stDevStdStateMeanST=0.3041416499625387
95% c.i. = 5.997354816892662 +/- 0.009237801548373335



REPORT for Depository of Queueing Place : Workload----------------------------------------

tkOcp=0.0

------------------ Color = workload --------------------
arrivCnt=1665732 deptCnt=1665732
arrivThrPut=0.1667399833721074 deptThrPut=0.1667399833721074
meanTkPop=0.0 tkColOcp=0.0
-----
meanST=0.0 stDevST=0.0

Steady State Statistics: numBatchesST=8328 batchSizeST=200 stDevStdStateMeanST=0.0
95% c.i. = 0.0 +/- 0.0



REPORT for Queue : Workload----------------------------------------

totArrivThrPut=0.1667399833721074 totDeptThrPut=0.1667399833721074
meanTotTkPop=1.0 queueUtil=1.0
meanST=5.997361759166889



REPORT for Queue of Queueing Place : I/icon_index----------------------------------------

queueUtilQPl=0.018262438693298598

------------------ Color = index --------------------
arrivCnt=278315 deptCnt=278315
arrivThrPut=0.027859366616123166 deptThrPut=0.027859366616123166
meanTkPop=0.01863444860951349 tkColOcp=0.018262438693298598
-----
meanST=0.668875529952971 stDevST=0.6665419886163684

Steady State Statistics: numBatchesST=695 batchSizeST=400 stDevStdStateMeanST=0.03438387986055198
95% c.i. = 0.6688037537965686 +/- 0.002556292638837353



REPORT for Depository of Queueing Place : I/icon_index----------------------------------------

tkOcp=0.0

------------------ Color = index --------------------
arrivCnt=278315 deptCnt=278315
arrivThrPut=0.027859366616123166 deptThrPut=0.027859366616123166
meanTkPop=0.0 tkColOcp=0.0
-----
meanST=0.0 stDevST=0.0

Steady State Statistics: numBatchesST=1391 batchSizeST=200 stDevStdStateMeanST=0.0
95% c.i. = 0.0 +/- 0.0



REPORT for Queue : ImageProvider----------------------------------------

totArrivThrPut=0.1667399833721074 totDeptThrPut=0.16673988327198122
meanTotTkPop=0.04984106819989936 queueUtil=0.045875382069946104
meanST=0.2989150124179534



REPORT for Queue of Queueing Place : P/categories_login----------------------------------------

queueUtilQPl=0.002993507299547552

------------------ Color = login --------------------
arrivCnt=276877 deptCnt=276877
arrivThrPut=0.027715422634684923 deptThrPut=0.027715422634684923
meanTkPop=0.0030020697488882453 tkColOcp=0.002993507299547552
-----
meanST=0.10831766083665112 stDevST=0.11361329130217163

Steady State Statistics: numBatchesST=346 batchSizeST=800 stDevStdStateMeanST=0.0038430511562868165
95% c.i. = 0.10831957565356667 +/- 4.0493583090216157E-4



REPORT for Depository of Queueing Place : P/categories_login----------------------------------------

tkOcp=0.0

------------------ Color = login --------------------
arrivCnt=276877 deptCnt=276877
arrivThrPut=0.027715422634684923 deptThrPut=0.027715422634684923
meanTkPop=0.0 tkColOcp=0.0
-----
meanST=0.0 stDevST=0.0

Steady State Statistics: numBatchesST=1384 batchSizeST=200 stDevStdStateMeanST=0.0
95% c.i. = 0.0 +/- 0.0



REPORT for Queue : Persistence----------------------------------------

totArrivThrPut=0.16673998337210744 totDeptThrPut=0.16673998337210744
meanTotTkPop=0.030014516636646074 queueUtil=0.028783460620061554
meanST=0.18000791429649954



REPORT for Queue of Queueing Place : I/icon_login----------------------------------------

queueUtilQPl=0.008170964141190293

------------------ Color = login --------------------
arrivCnt=276877 deptCnt=276877
arrivThrPut=0.027715422634684923 deptThrPut=0.027715422634684923
meanTkPop=0.008239031128652145 tkColOcp=0.008170964141190293
-----
meanST=0.2972724333758228 stDevST=0.31135443622298115

Steady State Statistics: numBatchesST=692 batchSizeST=400 stDevStdStateMeanST=0.01607277424205445
95% c.i. = 0.29726697686092074 +/- 0.001197528583980973



REPORT for Depository of Queueing Place : I/icon_login----------------------------------------

tkOcp=0.0

------------------ Color = login --------------------
arrivCnt=276877 deptCnt=276877
arrivThrPut=0.027715422634684923 deptThrPut=0.027715422634684923
meanTkPop=0.0 tkColOcp=0.0
-----
meanST=0.0 stDevST=0.0

Steady State Statistics: numBatchesST=1384 batchSizeST=200 stDevStdStateMeanST=0.0
95% c.i. = 0.0 +/- 0.0



REPORT for Queue : ImageProvider----------------------------------------

totArrivThrPut=0.1667399833721074 totDeptThrPut=0.16673988327198122
meanTotTkPop=0.04984106819989936 queueUtil=0.045875382069946104
meanST=0.2989150124179534



REPORT for Queue of Queueing Place : A/isLoggedIn_login----------------------------------------

queueUtilQPl=0.023426886933331215

------------------ Color = login --------------------
arrivCnt=276877 deptCnt=276877
arrivThrPut=0.027715422634684923 deptThrPut=0.027715422634684923
meanTkPop=0.023980718062499518 tkColOcp=0.023426886933331215
-----
meanST=0.8652481464413411 stDevST=0.8618201519100039

Steady State Statistics: numBatchesST=346 batchSizeST=800 stDevStdStateMeanST=0.030175637998309936
95% c.i. = 0.865225178700124 +/- 0.003179556177871634



REPORT for Depository of Queueing Place : A/isLoggedIn_login----------------------------------------

tkOcp=0.0

------------------ Color = login --------------------
arrivCnt=276877 deptCnt=276877
arrivThrPut=0.027715422634684923 deptThrPut=0.027715422634684923
meanTkPop=0.0 tkColOcp=0.0
-----
meanST=0.0 stDevST=0.0

Steady State Statistics: numBatchesST=1384 batchSizeST=200 stDevStdStateMeanST=0.0
95% c.i. = 0.0 +/- 0.0



REPORT for Queue : Auth----------------------------------------

totArrivThrPut=0.16673988327198125 totDeptThrPut=0.16673988327198125
meanTotTkPop=0.09481367469613955 queueUtil=0.08421986584184685
meanST=0.5686322482395064



REPORT for Queue of Queueing Place : A/isLoggedIn_category----------------------------------------

queueUtilQPl=0.021349732604905577

------------------ Color = category --------------------
arrivCnt=277301 deptCnt=277301
arrivThrPut=0.027757865088182707 deptThrPut=0.027757865088182707
meanTkPop=0.02185941856761275 tkColOcp=0.021349732604905577
-----
meanST=0.7875035957617256 stDevST=0.7925198680310819

Steady State Statistics: numBatchesST=693 batchSizeST=400 stDevStdStateMeanST=0.04037991265336325
95% c.i. = 0.7875029211399398 +/- 0.0030064005962682568



REPORT for Depository of Queueing Place : A/isLoggedIn_category----------------------------------------

tkOcp=0.0

------------------ Color = category --------------------
arrivCnt=277301 deptCnt=277301
arrivThrPut=0.027757865088182707 deptThrPut=0.027757865088182707
meanTkPop=0.0 tkColOcp=0.0
-----
meanST=0.0 stDevST=0.0

Steady State Statistics: numBatchesST=1386 batchSizeST=200 stDevStdStateMeanST=0.0
95% c.i. = 0.0 +/- 0.0



REPORT for Queue : Auth----------------------------------------

totArrivThrPut=0.16673988327198125 totDeptThrPut=0.16673988327198125
meanTotTkPop=0.09481367469613955 queueUtil=0.08421986584184685
meanST=0.5686322482395064



REPORT for Queue of Queueing Place : I/icon_logout----------------------------------------

queueUtilQPl=0.011507424291490513

------------------ Color = logout --------------------
arrivCnt=278234 deptCnt=278234
arrivThrPut=0.027851258505903073 deptThrPut=0.027851258505903073
meanTkPop=0.011640252663396128 tkColOcp=0.011507424291490513
-----
meanST=0.41794350732585306 stDevST=0.4251244098200254

Steady State Statistics: numBatchesST=347 batchSizeST=800 stDevStdStateMeanST=0.015262793570527528
95% c.i. = 0.41789678506906885 +/- 0.0016058958805381272



REPORT for Depository of Queueing Place : I/icon_logout----------------------------------------

tkOcp=0.0

------------------ Color = logout --------------------
arrivCnt=278234 deptCnt=278234
arrivThrPut=0.027851258505903073 deptThrPut=0.027851258505903073
meanTkPop=0.0 tkColOcp=0.0
-----
meanST=0.0 stDevST=0.0

Steady State Statistics: numBatchesST=1391 batchSizeST=200 stDevStdStateMeanST=0.0
95% c.i. = 0.0 +/- 0.0



REPORT for Queue : ImageProvider----------------------------------------

totArrivThrPut=0.1667399833721074 totDeptThrPut=0.16673988327198122
meanTotTkPop=0.04984106819989936 queueUtil=0.045875382069946104
meanST=0.2989150124179534



REPORT for Queue of Queueing Place : I/icon_loginAction----------------------------------------

queueUtilQPl=0.003632833816208792

------------------ Color = loginAction --------------------
arrivCnt=278080 deptCnt=278080
arrivThrPut=0.027835843086472273 deptThrPut=0.027835843086472273
meanTkPop=0.0036581665718151872 tkColOcp=0.003632833816208792
-----
meanST=0.13141928413847798 stDevST=0.19564192567000233

Steady State Statistics: numBatchesST=695 batchSizeST=400 stDevStdStateMeanST=0.010185988019435897
95% c.i. = 0.13141433253233795 +/- 7.572841197378314E-4



REPORT for Depository of Queueing Place : I/icon_loginAction----------------------------------------

tkOcp=0.0

------------------ Color = loginAction --------------------
arrivCnt=278080 deptCnt=278080
arrivThrPut=0.027835843086472273 deptThrPut=0.027835843086472273
meanTkPop=0.0 tkColOcp=0.0
-----
meanST=0.0 stDevST=0.0

Steady State Statistics: numBatchesST=1390 batchSizeST=200 stDevStdStateMeanST=0.0
95% c.i. = 0.0 +/- 0.0



REPORT for Queue : ImageProvider----------------------------------------

totArrivThrPut=0.1667399833721074 totDeptThrPut=0.16673988327198122
meanTotTkPop=0.04984106819989936 queueUtil=0.045875382069946104
meanST=0.2989150124179534



REPORT for Queue of Queueing Place : A/isLoggedIn_product----------------------------------------

queueUtilQPl=0.023764379356766164

------------------ Color = product --------------------
arrivCnt=276924 deptCnt=276924
arrivThrPut=0.027720127340615103 deptThrPut=0.027720127340615103
meanTkPop=0.024380283185628345 tkColOcp=0.023764379356766164
-----
meanST=0.8795155551073798 stDevST=0.8699563012586551

Steady State Statistics: numBatchesST=692 batchSizeST=400 stDevStdStateMeanST=0.04705492209227172
95% c.i. = 0.8795164890325988 +/- 0.0035059046667285515



REPORT for Depository of Queueing Place : A/isLoggedIn_product----------------------------------------

tkOcp=0.0

------------------ Color = product --------------------
arrivCnt=276924 deptCnt=276924
arrivThrPut=0.027720127340615103 deptThrPut=0.027720127340615103
meanTkPop=0.0 tkColOcp=0.0
-----
meanST=0.0 stDevST=0.0

Steady State Statistics: numBatchesST=1384 batchSizeST=200 stDevStdStateMeanST=0.0
95% c.i. = 0.0 +/- 0.0



REPORT for Queue : Auth----------------------------------------

totArrivThrPut=0.16673988327198125 totDeptThrPut=0.16673988327198125
meanTotTkPop=0.09481367469613955 queueUtil=0.08421986584184685
meanST=0.5686322482395064



REPORT for Queue of Queueing Place : P/category_logout----------------------------------------

queueUtilQPl=0.008347517471739254

------------------ Color = logout --------------------
arrivCnt=278234 deptCnt=278234
arrivThrPut=0.027851258505903073 deptThrPut=0.027851258505903073
meanTkPop=0.00841719351312008 tkColOcp=0.008347517471739254
-----
meanST=0.30221950334258885 stDevST=0.3003387922395683

Steady State Statistics: numBatchesST=695 batchSizeST=400 stDevStdStateMeanST=0.015395869678245888
95% c.i. = 0.3022049032678983 +/- 0.0011446162703747699



REPORT for Depository of Queueing Place : P/category_logout----------------------------------------

tkOcp=0.0

------------------ Color = logout --------------------
arrivCnt=278234 deptCnt=278234
arrivThrPut=0.027851258505903073 deptThrPut=0.027851258505903073
meanTkPop=0.0 tkColOcp=0.0
-----
meanST=0.0 stDevST=0.0

Steady State Statistics: numBatchesST=1391 batchSizeST=200 stDevStdStateMeanST=0.0
95% c.i. = 0.0 +/- 0.0



REPORT for Queue : Persistence----------------------------------------

totArrivThrPut=0.16673998337210744 totDeptThrPut=0.16673998337210744
meanTotTkPop=0.030014516636646074 queueUtil=0.028783460620061554
meanST=0.18000791429649954



REPORT for Ordinary Place : Finish_index----------------------------------------

tkOcp=1.0000000000000002

------------------ Color = index --------------------
arrivCnt=278315 deptCnt=0
arrivThrPut=0.027859366616123166 deptThrPut=0.0
meanTkPop=139437.00478757027 tkColOcp=1.0000000000000002
-----
meanST=NaN stDevST=NaN

Steady State Statistics: Only 0 batches collected!
Need at least 60 for steady state statistics.



REPORT for Ordinary Place : Finish_login----------------------------------------

tkOcp=1.0

------------------ Color = login --------------------
arrivCnt=276877 deptCnt=0
arrivThrPut=0.027715422634684923 deptThrPut=0.0
meanTkPop=138568.29293308832 tkColOcp=1.0
-----
meanST=NaN stDevST=NaN

Steady State Statistics: Only 0 batches collected!
Need at least 60 for steady state statistics.



REPORT for Ordinary Place : Finish_loginAction----------------------------------------

tkOcp=1.0

------------------ Color = loginAction --------------------
arrivCnt=278080 deptCnt=0
arrivThrPut=0.027835843086472273 deptThrPut=0.0
meanTkPop=139238.4545427254 tkColOcp=1.0
-----
meanST=NaN stDevST=NaN

Steady State Statistics: Only 0 batches collected!
Need at least 60 for steady state statistics.



REPORT for Ordinary Place : Finish_category----------------------------------------

tkOcp=1.0

------------------ Color = category --------------------
arrivCnt=277301 deptCnt=0
arrivThrPut=0.027757865088182707 deptThrPut=0.0
meanTkPop=138994.13190005746 tkColOcp=1.0
-----
meanST=NaN stDevST=NaN

Steady State Statistics: Only 0 batches collected!
Need at least 60 for steady state statistics.



REPORT for Ordinary Place : Finish_product----------------------------------------

tkOcp=1.0

------------------ Color = product --------------------
arrivCnt=276924 deptCnt=0
arrivThrPut=0.027720127340615103 deptThrPut=0.0
meanTkPop=138766.02548878366 tkColOcp=1.0
-----
meanST=NaN stDevST=NaN

Steady State Statistics: Only 0 batches collected!
Need at least 60 for steady state statistics.



REPORT for Ordinary Place : Finish_logout----------------------------------------

tkOcp=1.0

------------------ Color = logout --------------------
arrivCnt=278234 deptCnt=0
arrivThrPut=0.027851258505903073 deptThrPut=0.0
meanTkPop=139306.73956381044 tkColOcp=1.0
-----
meanST=NaN stDevST=NaN

Steady State Statistics: Only 0 batches collected!
Need at least 60 for steady state statistics.



REPORT REPORT for Probe : /index----------------------------------------


------------------ Color = index --------------------
-----
meanST=1.588173807062029 stDevST=0.964702161281818

Steady State Statistics: numBatchesST=695 batchSizeST=400 stDevStdStateMeanST=0.04932142526441574
95% c.i. = 1.5881251126382387 +/- 0.0036668344832440497



REPORT REPORT for Probe : /login----------------------------------------


------------------ Color = login --------------------
-----
meanST=2.2879158111049085 stDevST=1.3549052270401338

Steady State Statistics: numBatchesST=692 batchSizeST=400 stDevStdStateMeanST=0.06859614888404056
95% c.i. = 2.2879013095342646 +/- 0.005110869337336817



REPORT REPORT for Probe : /loginAction----------------------------------------


------------------ Color = loginAction --------------------
-----
meanST=1.1883052409377588 stDevST=0.8158814368364159

Steady State Statistics: numBatchesST=695 batchSizeST=400 stDevStdStateMeanST=0.04362087873275052
95% c.i. = 1.1882823572289272 +/- 0.0032430235231271226



REPORT REPORT for Probe : /logout----------------------------------------


------------------ Color = logout --------------------
-----
meanST=1.9887246500620959 stDevST=1.091722454337571

Steady State Statistics: numBatchesST=695 batchSizeST=400 stDevStdStateMeanST=0.056969284076501495
95% c.i. = 1.9887140724411985 +/- 0.004235419682572639



REPORT REPORT for Probe : /category----------------------------------------


------------------ Color = category --------------------
-----
meanST=1.309512281991181 stDevST=0.9502712515612576

Steady State Statistics: numBatchesST=693 batchSizeST=400 stDevStdStateMeanST=0.049064641295019404
95% c.i. = 1.3094825952124618 +/- 0.003653003613734873



REPORT REPORT for Probe : /product----------------------------------------


------------------ Color = product --------------------
-----
meanST=1.5980767993047735 stDevST=1.0312875354726065

Steady State Statistics: numBatchesST=692 batchSizeST=400 stDevStdStateMeanST=0.05612452953812531
95% c.i. = 1.5980302771460657 +/- 0.004181650745055105



