INFO Logging to /home/yjx/workloadConfig/qpme/output/SimQPN_Output_config_2025-08-14_105156861.log
WARN Batch means correlation test was run for depository of place Workload, color 0
    However, the standard deviation of the token residence time is 0 and therefore the result of the test is ignored!
    In future runs, you should set numBMeansCorlTested to 0 to switch off the correlation test!
WARN Batch means correlation test was run for depository of place W/login, color 0
    However, the standard deviation of the token residence time is 0 and therefore the result of the test is ignored!
    In future runs, you should set numBMeansCorlTested to 0 to switch off the correlation test!
WARN Batch means correlation test was run for depository of place P/categories_login, color 0
    However, the standard deviation of the token residence time is 0 and therefore the result of the test is ignored!
    In future runs, you should set numBMeansCorlTested to 0 to switch off the correlation test!
WARN Batch means correlation test was run for depository of place I/icon_login, color 0
    However, the standard deviation of the token residence time is 0 and therefore the result of the test is ignored!
    In future runs, you should set numBMeansCorlTested to 0 to switch off the correlation test!
WARN Batch means correlation test was run for depository of place A/isLoggedIn_login, color 0
    However, the standard deviation of the token residence time is 0 and therefore the result of the test is ignored!
    In future runs, you should set numBMeansCorlTested to 0 to switch off the correlation test!
WARN Batch means correlation test was run for depository of place W/product, color 0
    However, the standard deviation of the token residence time is 0 and therefore the result of the test is ignored!
    In future runs, you should set numBMeansCorlTested to 0 to switch off the correlation test!
WARN Batch means correlation test was run for depository of place P/getProduct_product, color 0
    However, the standard deviation of the token residence time is 0 and therefore the result of the test is ignored!
    In future runs, you should set numBMeansCorlTested to 0 to switch off the correlation test!
WARN Batch means correlation test was run for depository of place R/getAds_product, color 0
    However, the standard deviation of the token residence time is 0 and therefore the result of the test is ignored!
    In future runs, you should set numBMeansCorlTested to 0 to switch off the correlation test!
WARN Batch means correlation test was run for depository of place I/product_product, color 0
    However, the standard deviation of the token residence time is 0 and therefore the result of the test is ignored!
    In future runs, you should set numBMeansCorlTested to 0 to switch off the correlation test!
WARN Batch means correlation test was run for depository of place A/isLoggedIn_product, color 0
    However, the standard deviation of the token residence time is 0 and therefore the result of the test is ignored!
    In future runs, you should set numBMeansCorlTested to 0 to switch off the correlation test!
WARN Batch means correlation test was run for depository of place W/loginAction, color 0
    However, the standard deviation of the token residence time is 0 and therefore the result of the test is ignored!
    In future runs, you should set numBMeansCorlTested to 0 to switch off the correlation test!
WARN Batch means correlation test was run for depository of place A/login_loginAction, color 0
    However, the standard deviation of the token residence time is 0 and therefore the result of the test is ignored!
    In future runs, you should set numBMeansCorlTested to 0 to switch off the correlation test!
WARN Batch means correlation test was run for depository of place P/getUser_loginAction, color 0
    However, the standard deviation of the token residence time is 0 and therefore the result of the test is ignored!
    In future runs, you should set numBMeansCorlTested to 0 to switch off the correlation test!
WARN Batch means correlation test was run for depository of place I/icon_loginAction, color 0
    However, the standard deviation of the token residence time is 0 and therefore the result of the test is ignored!
    In future runs, you should set numBMeansCorlTested to 0 to switch off the correlation test!
WARN Batch means correlation test was run for depository of place W/logout, color 0
    However, the standard deviation of the token residence time is 0 and therefore the result of the test is ignored!
    In future runs, you should set numBMeansCorlTested to 0 to switch off the correlation test!
WARN Batch means correlation test was run for depository of place A/logout_logout, color 0
    However, the standard deviation of the token residence time is 0 and therefore the result of the test is ignored!
    In future runs, you should set numBMeansCorlTested to 0 to switch off the correlation test!
WARN Batch means correlation test was run for depository of place P/category_logout, color 0
    However, the standard deviation of the token residence time is 0 and therefore the result of the test is ignored!
    In future runs, you should set numBMeansCorlTested to 0 to switch off the correlation test!
WARN Batch means correlation test was run for depository of place I/icon_logout, color 0
    However, the standard deviation of the token residence time is 0 and therefore the result of the test is ignored!
    In future runs, you should set numBMeansCorlTested to 0 to switch off the correlation test!
WARN Batch means correlation test was run for depository of place W/index, color 0
    However, the standard deviation of the token residence time is 0 and therefore the result of the test is ignored!
    In future runs, you should set numBMeansCorlTested to 0 to switch off the correlation test!
WARN Batch means correlation test was run for depository of place P/categories_index, color 0
    However, the standard deviation of the token residence time is 0 and therefore the result of the test is ignored!
    In future runs, you should set numBMeansCorlTested to 0 to switch off the correlation test!
WARN Batch means correlation test was run for depository of place A/isLoggedIn_index, color 0
    However, the standard deviation of the token residence time is 0 and therefore the result of the test is ignored!
    In future runs, you should set numBMeansCorlTested to 0 to switch off the correlation test!
WARN Batch means correlation test was run for depository of place I/icon_index, color 0
    However, the standard deviation of the token residence time is 0 and therefore the result of the test is ignored!
    In future runs, you should set numBMeansCorlTested to 0 to switch off the correlation test!
WARN Batch means correlation test was run for depository of place W/category, color 0
    However, the standard deviation of the token residence time is 0 and therefore the result of the test is ignored!
    In future runs, you should set numBMeansCorlTested to 0 to switch off the correlation test!
WARN Batch means correlation test was run for depository of place P/category_category, color 0
    However, the standard deviation of the token residence time is 0 and therefore the result of the test is ignored!
    In future runs, you should set numBMeansCorlTested to 0 to switch off the correlation test!
WARN Batch means correlation test was run for depository of place I/productImages_category, color 0
    However, the standard deviation of the token residence time is 0 and therefore the result of the test is ignored!
    In future runs, you should set numBMeansCorlTested to 0 to switch off the correlation test!
WARN Batch means correlation test was run for depository of place A/isLoggedIn_category, color 0
    However, the standard deviation of the token residence time is 0 and therefore the result of the test is ignored!
    In future runs, you should set numBMeansCorlTested to 0 to switch off the correlation test!
WARN LP-1 The simulation was stopped because of reaching max totalRunLen.
The required precision may not have been reached!
REPORT for Queue of Queueing Place : W/index----------------------------------------

queueUtilQPl=0.010150781114966667

------------------ Color = index --------------------
arrivCnt=277546 deptCnt=277546
arrivThrPut=0.02778235932151907 deptThrPut=0.02778235932151907
meanTkPop=0.010733349923864025 tkColOcp=0.010150781114966667
-----
meanST=0.3863368765643461 stDevST=1.1951117904693447

Steady State Statistics: numBatchesST=693 batchSizeST=400 stDevStdStateMeanST=0.07174211166768703
95% c.i. = 0.3861779211436619 +/- 0.005341406484625312



REPORT for Depository of Queueing Place : W/index----------------------------------------

tkOcp=0.0

------------------ Color = index --------------------
arrivCnt=277546 deptCnt=277546
arrivThrPut=0.02778235932151907 deptThrPut=0.02778235932151907
meanTkPop=0.0 tkColOcp=0.0
-----
meanST=0.0 stDevST=0.0

Steady State Statistics: numBatchesST=1387 batchSizeST=200 stDevStdStateMeanST=0.0
95% c.i. = 0.0 +/- 0.0



REPORT for Queue : WebUI----------------------------------------

totArrivThrPut=0.16675171343889614 totDeptThrPut=0.16675181353891314
meanTotTkPop=0.1797924556315302 queueUtil=0.13344715999556245
meanST=1.0782046358168214



REPORT for Queue of Queueing Place : P/categories_index----------------------------------------

queueUtilQPl=0.00936680843343208

------------------ Color = index --------------------
arrivCnt=277546 deptCnt=277546
arrivThrPut=0.02778235932151907 deptThrPut=0.02778235932151907
meanTkPop=0.009611069460989392 tkColOcp=0.00936680843343208
-----
meanST=0.34594144254498405 stDevST=0.6628471576520966

Steady State Statistics: numBatchesST=693 batchSizeST=400 stDevStdStateMeanST=0.03463732742526199
95% c.i. = 0.34596127455319325 +/- 0.002578848615111434



REPORT for Depository of Queueing Place : P/categories_index----------------------------------------

tkOcp=0.0

------------------ Color = index --------------------
arrivCnt=277546 deptCnt=277546
arrivThrPut=0.02778235932151907 deptThrPut=0.02778235932151907
meanTkPop=0.0 tkColOcp=0.0
-----
meanST=0.0 stDevST=0.0

Steady State Statistics: numBatchesST=1387 batchSizeST=200 stDevStdStateMeanST=0.0
95% c.i. = 0.0 +/- 0.0



REPORT for Queue : Persistence----------------------------------------

totArrivThrPut=0.16675181353891316 totDeptThrPut=0.16675181353891316
meanTotTkPop=0.08704648033008204 queueUtil=0.07109465917507753
meanST=0.5220121957460384



REPORT for Queue of Queueing Place : A/isLoggedIn_index----------------------------------------

queueUtilQPl=0.0033842930224146153

------------------ Color = index --------------------
arrivCnt=277546 deptCnt=277546
arrivThrPut=0.02778235932151907 deptThrPut=0.02778235932151907
meanTkPop=0.0034241671213771103 tkColOcp=0.0033842930224146153
-----
meanST=0.12324968811143737 stDevST=0.15400022826922602

Steady State Statistics: numBatchesST=693 batchSizeST=400 stDevStdStateMeanST=0.007897991811763917
95% c.i. = 0.12323404147410463 +/- 5.880281984768277E-4



REPORT for Depository of Queueing Place : A/isLoggedIn_index----------------------------------------

tkOcp=0.0

------------------ Color = index --------------------
arrivCnt=277546 deptCnt=277546
arrivThrPut=0.02778235932151907 deptThrPut=0.02778235932151907
meanTkPop=0.0 tkColOcp=0.0
-----
meanST=0.0 stDevST=0.0

Steady State Statistics: numBatchesST=1387 batchSizeST=200 stDevStdStateMeanST=0.0
95% c.i. = 0.0 +/- 0.0



REPORT for Queue : Auth----------------------------------------

totArrivThrPut=0.16675181353891314 totDeptThrPut=0.16675181353891314
meanTotTkPop=0.031037135473275853 queueUtil=0.02873031112593594
meanST=0.18612772367859756



REPORT for Queue of Queueing Place : W/login----------------------------------------

queueUtilQPl=0.016920765962481286

------------------ Color = login --------------------
arrivCnt=277729 deptCnt=277729
arrivThrPut=0.027800677624632206 deptThrPut=0.027800677624632206
meanTkPop=0.01762173195535402 tkColOcp=0.016920765962481286
-----
meanST=0.6338597998683548 stDevST=1.2323810775310997

Steady State Statistics: numBatchesST=694 batchSizeST=400 stDevStdStateMeanST=0.07111043932723178
95% c.i. = 0.6337976302426113 +/- 0.005290560895251496



REPORT for Depository of Queueing Place : W/login----------------------------------------

tkOcp=0.0

------------------ Color = login --------------------
arrivCnt=277729 deptCnt=277729
arrivThrPut=0.027800677624632206 deptThrPut=0.027800677624632206
meanTkPop=0.0 tkColOcp=0.0
-----
meanST=0.0 stDevST=0.0

Steady State Statistics: numBatchesST=1388 batchSizeST=200 stDevStdStateMeanST=0.0
95% c.i. = 0.0 +/- 0.0



REPORT for Queue : WebUI----------------------------------------

totArrivThrPut=0.16675171343889614 totDeptThrPut=0.16675181353891314
meanTotTkPop=0.1797924556315302 queueUtil=0.13344715999556245
meanST=1.0782046358168214



REPORT for Queue of Queueing Place : W/loginAction----------------------------------------

queueUtilQPl=0.01251781546638055

------------------ Color = loginAction --------------------
arrivCnt=277192 deptCnt=277192
arrivThrPut=0.027746923915496945 deptThrPut=0.027746923915496945
meanTkPop=0.0131156134632359 tkColOcp=0.01251781546638055
-----
meanST=0.47268711671172653 stDevST=1.2005062536653064

Steady State Statistics: numBatchesST=692 batchSizeST=400 stDevStdStateMeanST=0.06837609933800463
95% c.i. = 0.4725319556328843 +/- 0.005094474182567546



REPORT for Depository of Queueing Place : W/loginAction----------------------------------------

tkOcp=0.0

------------------ Color = loginAction --------------------
arrivCnt=277192 deptCnt=277192
arrivThrPut=0.027746923915496945 deptThrPut=0.027746923915496945
meanTkPop=0.0 tkColOcp=0.0
-----
meanST=0.0 stDevST=0.0

Steady State Statistics: numBatchesST=1385 batchSizeST=200 stDevStdStateMeanST=0.0
95% c.i. = 0.0 +/- 0.0



REPORT for Queue : WebUI----------------------------------------

totArrivThrPut=0.16675171343889614 totDeptThrPut=0.16675181353891314
meanTotTkPop=0.1797924556315302 queueUtil=0.13344715999556245
meanST=1.0782046358168214



REPORT for Queue of Queueing Place : A/login_loginAction----------------------------------------

queueUtilQPl=0.0031792218047341702

------------------ Color = loginAction --------------------
arrivCnt=277192 deptCnt=277192
arrivThrPut=0.027746923915496945 deptThrPut=0.027746923915496945
meanTkPop=0.00320804907605072 tkColOcp=0.0031792218047341702
-----
meanST=0.11561818837363054 stDevST=0.14072820378081147

Steady State Statistics: numBatchesST=692 batchSizeST=400 stDevStdStateMeanST=0.007626782875532963
95% c.i. = 0.11559518329032287 +/- 5.68246051348749E-4



REPORT for Depository of Queueing Place : A/login_loginAction----------------------------------------

tkOcp=0.0

------------------ Color = loginAction --------------------
arrivCnt=277192 deptCnt=277192
arrivThrPut=0.027746923915496945 deptThrPut=0.027746923915496945
meanTkPop=0.0 tkColOcp=0.0
-----
meanST=0.0 stDevST=0.0

Steady State Statistics: numBatchesST=1385 batchSizeST=200 stDevStdStateMeanST=0.0
95% c.i. = 0.0 +/- 0.0



REPORT for Queue : Auth----------------------------------------

totArrivThrPut=0.16675181353891314 totDeptThrPut=0.16675181353891314
meanTotTkPop=0.031037135473275853 queueUtil=0.02873031112593594
meanST=0.18612772367859756



REPORT for Queue of Queueing Place : W/logout----------------------------------------

queueUtilQPl=0.016962563453000727

------------------ Color = logout --------------------
arrivCnt=278151 deptCnt=278151
arrivThrPut=0.027842919831811128 deptThrPut=0.027842919831811128
meanTkPop=0.01763494665645435 tkColOcp=0.016962563453000727
-----
meanST=0.6333727483676496 stDevST=1.2262837585023816

Steady State Statistics: numBatchesST=695 batchSizeST=400 stDevStdStateMeanST=0.06838208936985603
95% c.i. = 0.6333985926928067 +/- 0.00508391235641302



REPORT for Depository of Queueing Place : W/logout----------------------------------------

tkOcp=0.0

------------------ Color = logout --------------------
arrivCnt=278151 deptCnt=278151
arrivThrPut=0.027842919831811128 deptThrPut=0.027842919831811128
meanTkPop=0.0 tkColOcp=0.0
-----
meanST=0.0 stDevST=0.0

Steady State Statistics: numBatchesST=1390 batchSizeST=200 stDevStdStateMeanST=0.0
95% c.i. = 0.0 +/- 0.0



REPORT for Queue : WebUI----------------------------------------

totArrivThrPut=0.16675171343889614 totDeptThrPut=0.16675181353891314
meanTotTkPop=0.1797924556315302 queueUtil=0.13344715999556245
meanST=1.0782046358168214



REPORT for Queue of Queueing Place : A/logout_logout----------------------------------------

queueUtilQPl=0.0034205930287973516

------------------ Color = logout --------------------
arrivCnt=278151 deptCnt=278151
arrivThrPut=0.027842919831811128 deptThrPut=0.027842919831811128
meanTkPop=0.003447725692201784 tkColOcp=0.0034205930287973516
-----
meanST=0.12382773477164863 stDevST=0.1459693520398279

Steady State Statistics: numBatchesST=347 batchSizeST=800 stDevStdStateMeanST=0.005223254172698668
95% c.i. = 0.1238378532826807 +/- 5.495718932566589E-4



REPORT for Depository of Queueing Place : A/logout_logout----------------------------------------

tkOcp=0.0

------------------ Color = logout --------------------
arrivCnt=278151 deptCnt=278151
arrivThrPut=0.027842919831811128 deptThrPut=0.027842919831811128
meanTkPop=0.0 tkColOcp=0.0
-----
meanST=0.0 stDevST=0.0

Steady State Statistics: numBatchesST=1390 batchSizeST=200 stDevStdStateMeanST=0.0
95% c.i. = 0.0 +/- 0.0



REPORT for Queue : Auth----------------------------------------

totArrivThrPut=0.16675181353891314 totDeptThrPut=0.16675181353891314
meanTotTkPop=0.031037135473275853 queueUtil=0.02873031112593594
meanST=0.18612772367859756



REPORT for Queue of Queueing Place : P/getUser_loginAction----------------------------------------

queueUtilQPl=0.04999577585715107

------------------ Color = loginAction --------------------
arrivCnt=277192 deptCnt=277192
arrivThrPut=0.027746923915496945 deptThrPut=0.027746923915496945
meanTkPop=0.0528555394455534 tkColOcp=0.04999577585715107
-----
meanST=1.9049152838175707 stDevST=1.9003159000559777

Steady State Statistics: numBatchesST=346 batchSizeST=800 stDevStdStateMeanST=0.07491398137060738
95% c.i. = 1.9048928753178582 +/- 0.007893560105977405



REPORT for Depository of Queueing Place : P/getUser_loginAction----------------------------------------

tkOcp=0.0

------------------ Color = loginAction --------------------
arrivCnt=277192 deptCnt=277192
arrivThrPut=0.027746923915496945 deptThrPut=0.027746923915496945
meanTkPop=0.0 tkColOcp=0.0
-----
meanST=0.0 stDevST=0.0

Steady State Statistics: numBatchesST=1385 batchSizeST=200 stDevStdStateMeanST=0.0
95% c.i. = 0.0 +/- 0.0



REPORT for Queue : Persistence----------------------------------------

totArrivThrPut=0.16675181353891316 totDeptThrPut=0.16675181353891316
meanTotTkPop=0.08704648033008204 queueUtil=0.07109465917507753
meanST=0.5220121957460384



REPORT for Queue of Queueing Place : W/category----------------------------------------

queueUtilQPl=0.07570647720972228

------------------ Color = category --------------------
arrivCnt=277846 deptCnt=277847
arrivThrPut=0.027812389326622573 deptThrPut=0.027812489426639584
meanTkPop=0.08177376209934716 tkColOcp=0.07570647720972228
-----
meanST=2.9401857418059807 stDevST=2.9103943993836645

Steady State Statistics: numBatchesST=694 batchSizeST=400 stDevStdStateMeanST=0.1703058302495994
95% c.i. = 2.9401963843153425 +/- 0.012670620154737623



REPORT for Depository of Queueing Place : W/category----------------------------------------

tkOcp=0.0

------------------ Color = category --------------------
arrivCnt=277847 deptCnt=277847
arrivThrPut=0.027812489426639584 deptThrPut=0.027812489426639584
meanTkPop=0.0 tkColOcp=0.0
-----
meanST=0.0 stDevST=0.0

Steady State Statistics: numBatchesST=1389 batchSizeST=200 stDevStdStateMeanST=0.0
95% c.i. = 0.0 +/- 0.0



REPORT for Queue : WebUI----------------------------------------

totArrivThrPut=0.16675171343889614 totDeptThrPut=0.16675181353891314
meanTotTkPop=0.1797924556315302 queueUtil=0.13344715999556245
meanST=1.0782046358168214



REPORT for Queue of Queueing Place : W/product----------------------------------------

queueUtilQPl=0.03724019319100974

------------------ Color = product --------------------
arrivCnt=277387 deptCnt=277387
arrivThrPut=0.027766443418814218 deptThrPut=0.027766443418814218
meanTkPop=0.038913051533274755 tkColOcp=0.03724019319100974
-----
meanST=1.401441695154509 stDevST=1.627146784782948

Steady State Statistics: numBatchesST=693 batchSizeST=400 stDevStdStateMeanST=0.09401736724672519
95% c.i. = 1.4014310804271668 +/- 0.0069998633076930146



REPORT for Depository of Queueing Place : W/product----------------------------------------

tkOcp=0.0

------------------ Color = product --------------------
arrivCnt=277387 deptCnt=277387
arrivThrPut=0.027766443418814218 deptThrPut=0.027766443418814218
meanTkPop=0.0 tkColOcp=0.0
-----
meanST=0.0 stDevST=0.0

Steady State Statistics: numBatchesST=1386 batchSizeST=200 stDevStdStateMeanST=0.0
95% c.i. = 0.0 +/- 0.0



REPORT for Queue : WebUI----------------------------------------

totArrivThrPut=0.16675171343889614 totDeptThrPut=0.16675181353891314
meanTotTkPop=0.1797924556315302 queueUtil=0.13344715999556245
meanST=1.0782046358168214



REPORT for Queue of Queueing Place : P/category_category----------------------------------------

queueUtilQPl=0.006969748776145218

------------------ Color = category --------------------
arrivCnt=277847 deptCnt=277847
arrivThrPut=0.027812489426639584 deptThrPut=0.027812489426639584
meanTkPop=0.007049261699967907 tkColOcp=0.006969748776145218
-----
meanST=0.25345669680384403 stDevST=0.48502339108760417

Steady State Statistics: numBatchesST=694 batchSizeST=400 stDevStdStateMeanST=0.025113813902838664
95% c.i. = 0.2534822966634552 +/- 0.0018684480509755538



REPORT for Depository of Queueing Place : P/category_category----------------------------------------

tkOcp=0.0

------------------ Color = category --------------------
arrivCnt=277847 deptCnt=277847
arrivThrPut=0.027812489426639584 deptThrPut=0.027812489426639584
meanTkPop=0.0 tkColOcp=0.0
-----
meanST=0.0 stDevST=0.0

Steady State Statistics: numBatchesST=1389 batchSizeST=200 stDevStdStateMeanST=0.0
95% c.i. = 0.0 +/- 0.0



REPORT for Queue : Persistence----------------------------------------

totArrivThrPut=0.16675181353891316 totDeptThrPut=0.16675181353891316
meanTotTkPop=0.08704648033008204 queueUtil=0.07109465917507753
meanST=0.5220121957460384



REPORT for Queue of Queueing Place : P/getProduct_product----------------------------------------

queueUtilQPl=0.004949313464322887

------------------ Color = product --------------------
arrivCnt=277387 deptCnt=277387
arrivThrPut=0.027766443418814218 deptThrPut=0.027766443418814218
meanTkPop=0.005064557450870513 tkColOcp=0.004949313464322887
-----
meanST=0.1823984935513501 stDevST=0.5442759831674631

Steady State Statistics: numBatchesST=693 batchSizeST=400 stDevStdStateMeanST=0.029018209620004183
95% c.i. = 0.1824135857923965 +/- 0.002160489138575479



REPORT for Depository of Queueing Place : P/getProduct_product----------------------------------------

tkOcp=0.0

------------------ Color = product --------------------
arrivCnt=277387 deptCnt=277387
arrivThrPut=0.027766443418814218 deptThrPut=0.027766443418814218
meanTkPop=0.0 tkColOcp=0.0
-----
meanST=0.0 stDevST=0.0

Steady State Statistics: numBatchesST=1386 batchSizeST=200 stDevStdStateMeanST=0.0
95% c.i. = 0.0 +/- 0.0



REPORT for Queue : Persistence----------------------------------------

totArrivThrPut=0.16675181353891316 totDeptThrPut=0.16675181353891316
meanTotTkPop=0.08704648033008204 queueUtil=0.07109465917507753
meanST=0.5220121957460384



REPORT for Queue of Queueing Place : R/getAds_product----------------------------------------

queueUtilQPl=0.009154118672121913

------------------ Color = product --------------------
arrivCnt=277387 deptCnt=277387
arrivThrPut=0.027766443418814218 deptThrPut=0.027766443418814218
meanTkPop=0.00925673761831652 tkColOcp=0.009154118672121913
-----
meanST=0.33337858503132106 stDevST=0.33334340255857176

Steady State Statistics: numBatchesST=693 batchSizeST=400 stDevStdStateMeanST=0.016852374559811895
95% c.i. = 0.3333732278612962 +/- 0.0012547077394664593



REPORT for Depository of Queueing Place : R/getAds_product----------------------------------------

tkOcp=0.0

------------------ Color = product --------------------
arrivCnt=277387 deptCnt=277387
arrivThrPut=0.027766443418814218 deptThrPut=0.027766443418814218
meanTkPop=0.0 tkColOcp=0.0
-----
meanST=0.0 stDevST=0.0

Steady State Statistics: numBatchesST=1386 batchSizeST=200 stDevStdStateMeanST=0.0
95% c.i. = 0.0 +/- 0.0



REPORT for Queue : Recommender----------------------------------------

totArrivThrPut=0.027766443418814218 totDeptThrPut=0.027766443418814218
meanTotTkPop=0.00925673761831652 queueUtil=0.009154118672121913
meanST=0.33337858503132106



REPORT for Queue of Queueing Place : I/productImages_category----------------------------------------

queueUtilQPl=0.004018274834549166

------------------ Color = category --------------------
arrivCnt=277847 deptCnt=277847
arrivThrPut=0.027812489426639584 deptThrPut=0.027812489426639584
meanTkPop=0.004071316757364564 tkColOcp=0.004018274834549166
-----
meanST=0.14638447838707105 stDevST=0.4387873554882766

Steady State Statistics: numBatchesST=694 batchSizeST=400 stDevStdStateMeanST=0.023430942626567194
95% c.i. = 0.1464024544272362 +/- 0.001743243748341267



REPORT for Depository of Queueing Place : I/productImages_category----------------------------------------

tkOcp=0.0

------------------ Color = category --------------------
arrivCnt=277847 deptCnt=277847
arrivThrPut=0.027812489426639584 deptThrPut=0.027812489426639584
meanTkPop=0.0 tkColOcp=0.0
-----
meanST=0.0 stDevST=0.0

Steady State Statistics: numBatchesST=1389 batchSizeST=200 stDevStdStateMeanST=0.0
95% c.i. = 0.0 +/- 0.0



REPORT for Queue : ImageProvider----------------------------------------

totArrivThrPut=0.16675181353891314 totDeptThrPut=0.16675181353891314
meanTotTkPop=0.08216850693646993 queueUtil=0.06750817981216353
meanST=0.492759300139756



REPORT for Queue of Queueing Place : I/product_product----------------------------------------

queueUtilQPl=0.007859374127452865

------------------ Color = product --------------------
arrivCnt=277387 deptCnt=277387
arrivThrPut=0.027766443418814218 deptThrPut=0.027766443418814218
meanTkPop=0.00802375571637747 tkColOcp=0.007859374127452865
-----
meanST=0.2889731174911896 stDevST=0.6008626902722998

Steady State Statistics: numBatchesST=346 batchSizeST=800 stDevStdStateMeanST=0.02292254750334908
95% c.i. = 0.28895586461357436 +/- 0.002415310242352178



REPORT for Depository of Queueing Place : I/product_product----------------------------------------

tkOcp=0.0

------------------ Color = product --------------------
arrivCnt=277387 deptCnt=277387
arrivThrPut=0.027766443418814218 deptThrPut=0.027766443418814218
meanTkPop=0.0 tkColOcp=0.0
-----
meanST=0.0 stDevST=0.0

Steady State Statistics: numBatchesST=1386 batchSizeST=200 stDevStdStateMeanST=0.0
95% c.i. = 0.0 +/- 0.0



REPORT for Queue : ImageProvider----------------------------------------

totArrivThrPut=0.16675181353891314 totDeptThrPut=0.16675181353891314
meanTotTkPop=0.08216850693646993 queueUtil=0.06750817981216353
meanST=0.492759300139756



REPORT for Queue of Queueing Place : Workload----------------------------------------

queueUtilQPl=1.0

------------------ Color = workload --------------------
arrivCnt=1665851 deptCnt=1665851
arrivThrPut=0.16675171343889614 deptThrPut=0.16675171343889614
meanTkPop=1.0 tkColOcp=1.0
-----
meanST=5.996939877720874 stDevST=5.991256207111561

Steady State Statistics: numBatchesST=4164 batchSizeST=400 stDevStdStateMeanST=0.30267763738011383
95% c.i. = 5.997011341822682 +/- 0.009193334578123031



REPORT for Depository of Queueing Place : Workload----------------------------------------

tkOcp=0.0

------------------ Color = workload --------------------
arrivCnt=1665851 deptCnt=1665851
arrivThrPut=0.16675171343889614 deptThrPut=0.16675171343889614
meanTkPop=0.0 tkColOcp=0.0
-----
meanST=0.0 stDevST=0.0

Steady State Statistics: numBatchesST=8329 batchSizeST=200 stDevStdStateMeanST=0.0
95% c.i. = 0.0 +/- 0.0



REPORT for Queue : Workload----------------------------------------

totArrivThrPut=0.16675171343889614 totDeptThrPut=0.16675171343889614
meanTotTkPop=1.0 queueUtil=1.0
meanST=5.996939877720874



REPORT for Queue of Queueing Place : I/icon_index----------------------------------------

queueUtilQPl=0.04840664895914158

------------------ Color = index --------------------
arrivCnt=277546 deptCnt=277546
arrivThrPut=0.02778235932151907 deptThrPut=0.02778235932151907
meanTkPop=0.05122764464116507 tkColOcp=0.04840664895914158
-----
meanST=1.8438910838463687 stDevST=1.8410051763568254

Steady State Statistics: numBatchesST=693 batchSizeST=400 stDevStdStateMeanST=0.09562405589261129
95% c.i. = 1.8436994944347975 +/- 0.007119485896886681



REPORT for Depository of Queueing Place : I/icon_index----------------------------------------

tkOcp=0.0

------------------ Color = index --------------------
arrivCnt=277546 deptCnt=277546
arrivThrPut=0.02778235932151907 deptThrPut=0.02778235932151907
meanTkPop=0.0 tkColOcp=0.0
-----
meanST=0.0 stDevST=0.0

Steady State Statistics: numBatchesST=1387 batchSizeST=200 stDevStdStateMeanST=0.0
95% c.i. = 0.0 +/- 0.0



REPORT for Queue : ImageProvider----------------------------------------

totArrivThrPut=0.16675181353891314 totDeptThrPut=0.16675181353891314
meanTotTkPop=0.08216850693646993 queueUtil=0.06750817981216353
meanST=0.492759300139756



REPORT for Queue of Queueing Place : P/categories_login----------------------------------------

queueUtilQPl=0.006361143141644656

------------------ Color = login --------------------
arrivCnt=277729 deptCnt=277729
arrivThrPut=0.027800677624632206 deptThrPut=0.027800677624632206
meanTkPop=0.0065440078331374186 tkColOcp=0.006361143141644656
-----
meanST=0.23539022758708722 stDevST=0.6213137087698694

Steady State Statistics: numBatchesST=694 batchSizeST=400 stDevStdStateMeanST=0.036764909519555945
95% c.i. = 0.23538140998325324 +/- 0.002735280423828511



REPORT for Depository of Queueing Place : P/categories_login----------------------------------------

tkOcp=0.0

------------------ Color = login --------------------
arrivCnt=277729 deptCnt=277729
arrivThrPut=0.027800677624632206 deptThrPut=0.027800677624632206
meanTkPop=0.0 tkColOcp=0.0
-----
meanST=0.0 stDevST=0.0

Steady State Statistics: numBatchesST=1388 batchSizeST=200 stDevStdStateMeanST=0.0
95% c.i. = 0.0 +/- 0.0



REPORT for Queue : Persistence----------------------------------------

totArrivThrPut=0.16675181353891316 totDeptThrPut=0.16675181353891316
meanTotTkPop=0.08704648033008204 queueUtil=0.07109465917507753
meanST=0.5220121957460384



REPORT for Queue of Queueing Place : I/icon_login----------------------------------------

queueUtilQPl=0.008084060508612911

------------------ Color = login --------------------
arrivCnt=277729 deptCnt=277729
arrivThrPut=0.027800677624632206 deptThrPut=0.027800677624632206
meanTkPop=0.008289844473468222 tkColOcp=0.008084060508612911
-----
meanST=0.29818857602676485 stDevST=0.6111289948298151

Steady State Statistics: numBatchesST=347 batchSizeST=800 stDevStdStateMeanST=0.02295662105253374
95% c.i. = 0.2982235504397372 +/- 0.002415412552688058



REPORT for Depository of Queueing Place : I/icon_login----------------------------------------

tkOcp=0.0

------------------ Color = login --------------------
arrivCnt=277729 deptCnt=277729
arrivThrPut=0.027800677624632206 deptThrPut=0.027800677624632206
meanTkPop=0.0 tkColOcp=0.0
-----
meanST=0.0 stDevST=0.0

Steady State Statistics: numBatchesST=1388 batchSizeST=200 stDevStdStateMeanST=0.0
95% c.i. = 0.0 +/- 0.0



REPORT for Queue : ImageProvider----------------------------------------

totArrivThrPut=0.16675181353891314 totDeptThrPut=0.16675181353891314
meanTotTkPop=0.08216850693646993 queueUtil=0.06750817981216353
meanST=0.492759300139756



REPORT for Queue of Queueing Place : A/isLoggedIn_login----------------------------------------

queueUtilQPl=0.005980941242422617

------------------ Color = login --------------------
arrivCnt=277729 deptCnt=277729
arrivThrPut=0.027800677624632206 deptThrPut=0.027800677624632206
meanTkPop=0.006052347627887158 tkColOcp=0.005980941242422617
-----
meanST=0.21770503976941202 stDevST=0.22671550455240289

Steady State Statistics: numBatchesST=347 batchSizeST=800 stDevStdStateMeanST=0.008427124276810926
95% c.i. = 0.21768962164932787 +/- 8.866715059978215E-4



REPORT for Depository of Queueing Place : A/isLoggedIn_login----------------------------------------

tkOcp=0.0

------------------ Color = login --------------------
arrivCnt=277729 deptCnt=277729
arrivThrPut=0.027800677624632206 deptThrPut=0.027800677624632206
meanTkPop=0.0 tkColOcp=0.0
-----
meanST=0.0 stDevST=0.0

Steady State Statistics: numBatchesST=1388 batchSizeST=200 stDevStdStateMeanST=0.0
95% c.i. = 0.0 +/- 0.0



REPORT for Queue : Auth----------------------------------------

totArrivThrPut=0.16675181353891314 totDeptThrPut=0.16675181353891314
meanTotTkPop=0.031037135473275853 queueUtil=0.02873031112593594
meanST=0.18612772367859756



REPORT for Queue of Queueing Place : A/isLoggedIn_category----------------------------------------

queueUtilQPl=0.010644523639275812

------------------ Color = category --------------------
arrivCnt=277847 deptCnt=277847
arrivThrPut=0.027812489426639584 deptThrPut=0.027812489426639584
meanTkPop=0.010745836691650868 tkColOcp=0.010644523639275812
-----
meanST=0.38636730883062215 stDevST=0.3831564403474069

Steady State Statistics: numBatchesST=173 batchSizeST=1600 stDevStdStateMeanST=0.010098391122304531
95% c.i. = 0.38632784452483765 +/- 0.0015154728673876534



REPORT for Depository of Queueing Place : A/isLoggedIn_category----------------------------------------

tkOcp=0.0

------------------ Color = category --------------------
arrivCnt=277847 deptCnt=277847
arrivThrPut=0.027812489426639584 deptThrPut=0.027812489426639584
meanTkPop=0.0 tkColOcp=0.0
-----
meanST=0.0 stDevST=0.0

Steady State Statistics: numBatchesST=1389 batchSizeST=200 stDevStdStateMeanST=0.0
95% c.i. = 0.0 +/- 0.0



REPORT for Queue : Auth----------------------------------------

totArrivThrPut=0.16675181353891314 totDeptThrPut=0.16675181353891314
meanTotTkPop=0.031037135473275853 queueUtil=0.02873031112593594
meanST=0.18612772367859756



REPORT for Queue of Queueing Place : I/icon_logout----------------------------------------

queueUtilQPl=0.005687209257538564

------------------ Color = logout --------------------
arrivCnt=278151 deptCnt=278151
arrivThrPut=0.027842919831811128 deptThrPut=0.027842919831811128
meanTkPop=0.005866562982906873 tkColOcp=0.005687209257538564
-----
meanST=0.210702146841805 stDevST=0.6102617317413492

Steady State Statistics: numBatchesST=347 batchSizeST=800 stDevStdStateMeanST=0.02232593139041812
95% c.i. = 0.21053924233494561 +/- 0.002349053669852532



REPORT for Depository of Queueing Place : I/icon_logout----------------------------------------

tkOcp=0.0

------------------ Color = logout --------------------
arrivCnt=278151 deptCnt=278151
arrivThrPut=0.027842919831811128 deptThrPut=0.027842919831811128
meanTkPop=0.0 tkColOcp=0.0
-----
meanST=0.0 stDevST=0.0

Steady State Statistics: numBatchesST=1390 batchSizeST=200 stDevStdStateMeanST=0.0
95% c.i. = 0.0 +/- 0.0



REPORT for Queue : ImageProvider----------------------------------------

totArrivThrPut=0.16675181353891314 totDeptThrPut=0.16675181353891314
meanTotTkPop=0.08216850693646993 queueUtil=0.06750817981216353
meanST=0.492759300139756



REPORT for Queue of Queueing Place : I/icon_loginAction----------------------------------------

queueUtilQPl=0.004598003663869215

------------------ Color = loginAction --------------------
arrivCnt=277192 deptCnt=277192
arrivThrPut=0.027746923915496945 deptThrPut=0.027746923915496945
meanTkPop=0.004689382365187731 tkColOcp=0.004598003663869215
-----
meanST=0.16900548613854322 stDevST=0.4934907096604652

Steady State Statistics: numBatchesST=692 batchSizeST=400 stDevStdStateMeanST=0.02692395126821303
95% c.i. = 0.16900150981088852 +/- 0.002006013445583904



REPORT for Depository of Queueing Place : I/icon_loginAction----------------------------------------

tkOcp=0.0

------------------ Color = loginAction --------------------
arrivCnt=277192 deptCnt=277192
arrivThrPut=0.027746923915496945 deptThrPut=0.027746923915496945
meanTkPop=0.0 tkColOcp=0.0
-----
meanST=0.0 stDevST=0.0

Steady State Statistics: numBatchesST=1385 batchSizeST=200 stDevStdStateMeanST=0.0
95% c.i. = 0.0 +/- 0.0



REPORT for Queue : ImageProvider----------------------------------------

totArrivThrPut=0.16675181353891314 totDeptThrPut=0.16675181353891314
meanTotTkPop=0.08216850693646993 queueUtil=0.06750817981216353
meanST=0.492759300139756



REPORT for Queue of Queueing Place : A/isLoggedIn_product----------------------------------------

queueUtilQPl=0.004133542217546898

------------------ Color = product --------------------
arrivCnt=277387 deptCnt=277387
arrivThrPut=0.027766443418814218 deptThrPut=0.027766443418814218
meanTkPop=0.00415900926410821 tkColOcp=0.004133542217546898
-----
meanST=0.14978545150259012 stDevST=0.15807613220454717

Steady State Statistics: numBatchesST=693 batchSizeST=400 stDevStdStateMeanST=0.008333231493026727
95% c.i. = 0.14978663571346032 +/- 6.204330441361244E-4



REPORT for Depository of Queueing Place : A/isLoggedIn_product----------------------------------------

tkOcp=0.0

------------------ Color = product --------------------
arrivCnt=277387 deptCnt=277387
arrivThrPut=0.027766443418814218 deptThrPut=0.027766443418814218
meanTkPop=0.0 tkColOcp=0.0
-----
meanST=0.0 stDevST=0.0

Steady State Statistics: numBatchesST=1386 batchSizeST=200 stDevStdStateMeanST=0.0
95% c.i. = 0.0 +/- 0.0



REPORT for Queue : Auth----------------------------------------

totArrivThrPut=0.16675181353891314 totDeptThrPut=0.16675181353891314
meanTotTkPop=0.031037135473275853 queueUtil=0.02873031112593594
meanST=0.18612772367859756



REPORT for Queue of Queueing Place : P/category_logout----------------------------------------

queueUtilQPl=0.005743795093408517

------------------ Color = logout --------------------
arrivCnt=278151 deptCnt=278151
arrivThrPut=0.027842919831811128 deptThrPut=0.027842919831811128
meanTkPop=0.005922044439563402 tkColOcp=0.005743795093408517
-----
meanST=0.21269480626803156 stDevST=0.6169257300287501

Steady State Statistics: numBatchesST=86 batchSizeST=3200 stDevStdStateMeanST=0.012118655539384198
95% c.i. = 0.2124094649187205 +/- 0.0025982452943021763



REPORT for Depository of Queueing Place : P/category_logout----------------------------------------

tkOcp=0.0

------------------ Color = logout --------------------
arrivCnt=278151 deptCnt=278151
arrivThrPut=0.027842919831811128 deptThrPut=0.027842919831811128
meanTkPop=0.0 tkColOcp=0.0
-----
meanST=0.0 stDevST=0.0

Steady State Statistics: numBatchesST=1390 batchSizeST=200 stDevStdStateMeanST=0.0
95% c.i. = 0.0 +/- 0.0



REPORT for Queue : Persistence----------------------------------------

totArrivThrPut=0.16675181353891316 totDeptThrPut=0.16675181353891316
meanTotTkPop=0.08704648033008204 queueUtil=0.07109465917507753
meanST=0.5220121957460384



REPORT for Ordinary Place : Finish_index----------------------------------------

tkOcp=1.0

------------------ Color = index --------------------
arrivCnt=277546 deptCnt=0
arrivThrPut=0.02778235932151907 deptThrPut=0.0
meanTkPop=139111.02042297088 tkColOcp=1.0
-----
meanST=NaN stDevST=NaN

Steady State Statistics: Only 0 batches collected!
Need at least 60 for steady state statistics.



REPORT for Ordinary Place : Finish_login----------------------------------------

tkOcp=1.0

------------------ Color = login --------------------
arrivCnt=277729 deptCnt=0
arrivThrPut=0.027800677624632206 deptThrPut=0.0
meanTkPop=139429.71266716783 tkColOcp=1.0
-----
meanST=NaN stDevST=NaN

Steady State Statistics: Only 0 batches collected!
Need at least 60 for steady state statistics.



REPORT for Ordinary Place : Finish_loginAction----------------------------------------

tkOcp=1.0

------------------ Color = loginAction --------------------
arrivCnt=277192 deptCnt=0
arrivThrPut=0.027746923915496945 deptThrPut=0.0
meanTkPop=139025.57247555937 tkColOcp=1.0
-----
meanST=NaN stDevST=NaN

Steady State Statistics: Only 0 batches collected!
Need at least 60 for steady state statistics.



REPORT for Ordinary Place : Finish_category----------------------------------------

tkOcp=1.0

------------------ Color = category --------------------
arrivCnt=277847 deptCnt=0
arrivThrPut=0.027812489426639584 deptThrPut=0.0
meanTkPop=139124.0623017908 tkColOcp=1.0
-----
meanST=NaN stDevST=NaN

Steady State Statistics: Only 0 batches collected!
Need at least 60 for steady state statistics.



REPORT for Ordinary Place : Finish_product----------------------------------------

tkOcp=1.0

------------------ Color = product --------------------
arrivCnt=277387 deptCnt=0
arrivThrPut=0.027766443418814218 deptThrPut=0.0
meanTkPop=139217.9720240473 tkColOcp=1.0
-----
meanST=NaN stDevST=NaN

Steady State Statistics: Only 0 batches collected!
Need at least 60 for steady state statistics.



REPORT for Ordinary Place : Finish_logout----------------------------------------

tkOcp=1.0

------------------ Color = logout --------------------
arrivCnt=278151 deptCnt=0
arrivThrPut=0.027842919831811128 deptThrPut=0.0
meanTkPop=139512.22489236193 tkColOcp=1.0
-----
meanST=NaN stDevST=NaN

Steady State Statistics: Only 0 batches collected!
Need at least 60 for steady state statistics.



REPORT REPORT for Probe : /index----------------------------------------


------------------ Color = index --------------------
-----
meanST=2.6994190910671367 stDevST=2.3304216534017708

Steady State Statistics: numBatchesST=693 batchSizeST=400 stDevStdStateMeanST=0.1283033410856233
95% c.i. = 2.6990727316057566 +/- 0.009552552638097393



REPORT REPORT for Probe : /login----------------------------------------


------------------ Color = login --------------------
-----
meanST=1.385143643251619 stDevST=1.5540495844982636

Steady State Statistics: numBatchesST=694 batchSizeST=400 stDevStdStateMeanST=0.08895754394826168
95% c.i. = 1.3850922123149279 +/- 0.006618371476859369



REPORT REPORT for Probe : /loginAction----------------------------------------


------------------ Color = loginAction --------------------
-----
meanST=2.662226075041471 stDevST=2.3103503890137382

Steady State Statistics: numBatchesST=692 batchSizeST=400 stDevStdStateMeanST=0.12822605178756377
95% c.i. = 2.662021524051951 +/- 0.009553693712990556



REPORT REPORT for Probe : /logout----------------------------------------


------------------ Color = logout --------------------
-----
meanST=1.1805974362491347 stDevST=1.54817126073318

Steady State Statistics: numBatchesST=695 batchSizeST=400 stDevStdStateMeanST=0.08642425948336609
95% c.i. = 1.1806377489226954 +/- 0.0064252696097790345



REPORT REPORT for Probe : /category----------------------------------------


------------------ Color = category --------------------
-----
meanST=3.7263942258275176 stDevST=2.960934244920394

Steady State Statistics: numBatchesST=694 batchSizeST=400 stDevStdStateMeanST=0.17498953245684024
95% c.i. = 3.726429053875005 +/- 0.013019083924291951



REPORT REPORT for Probe : /product----------------------------------------


------------------ Color = product --------------------
-----
meanST=2.35597734273096 stDevST=1.8602808511252147

Steady State Statistics: numBatchesST=693 batchSizeST=400 stDevStdStateMeanST=0.10688454186883703
95% c.i. = 2.3559766857654223 +/- 0.007957861453659357



