INFO Logging to /home/yjx/workloadConfig/qpme/output/SimQPN_Output_config_2025-08-14_08543455.log
WARN Batch means correlation test was run for depository of place Workload, color 0
    However, the standard deviation of the token residence time is 0 and therefore the result of the test is ignored!
    In future runs, you should set numBMeansCorlTested to 0 to switch off the correlation test!
WARN Batch means correlation test was run for depository of place W/index, color 0
    However, the standard deviation of the token residence time is 0 and therefore the result of the test is ignored!
    In future runs, you should set numBMeansCorlTested to 0 to switch off the correlation test!
WARN Batch means correlation test was run for depository of place P/categories_index, color 0
    However, the standard deviation of the token residence time is 0 and therefore the result of the test is ignored!
    In future runs, you should set numBMeansCorlTested to 0 to switch off the correlation test!
WARN Batch means correlation test was run for depository of place A/isLoggedIn_index, color 0
    However, the standard deviation of the token residence time is 0 and therefore the result of the test is ignored!
    In future runs, you should set numBMeansCorlTested to 0 to switch off the correlation test!
WARN Batch means correlation test was run for depository of place I/icon_index, color 0
    However, the standard deviation of the token residence time is 0 and therefore the result of the test is ignored!
    In future runs, you should set numBMeansCorlTested to 0 to switch off the correlation test!
WARN Batch means correlation test was run for depository of place W/logout, color 0
    However, the standard deviation of the token residence time is 0 and therefore the result of the test is ignored!
    In future runs, you should set numBMeansCorlTested to 0 to switch off the correlation test!
WARN Batch means correlation test was run for depository of place A/logout_logout, color 0
    However, the standard deviation of the token residence time is 0 and therefore the result of the test is ignored!
    In future runs, you should set numBMeansCorlTested to 0 to switch off the correlation test!
WARN Batch means correlation test was run for depository of place P/category_logout, color 0
    However, the standard deviation of the token residence time is 0 and therefore the result of the test is ignored!
    In future runs, you should set numBMeansCorlTested to 0 to switch off the correlation test!
WARN Batch means correlation test was run for depository of place I/icon_logout, color 0
    However, the standard deviation of the token residence time is 0 and therefore the result of the test is ignored!
    In future runs, you should set numBMeansCorlTested to 0 to switch off the correlation test!
WARN Batch means correlation test was run for depository of place W/loginAction, color 0
    However, the standard deviation of the token residence time is 0 and therefore the result of the test is ignored!
    In future runs, you should set numBMeansCorlTested to 0 to switch off the correlation test!
WARN Batch means correlation test was run for depository of place A/login_loginAction, color 0
    However, the standard deviation of the token residence time is 0 and therefore the result of the test is ignored!
    In future runs, you should set numBMeansCorlTested to 0 to switch off the correlation test!
WARN Batch means correlation test was run for depository of place P/getUser_loginAction, color 0
    However, the standard deviation of the token residence time is 0 and therefore the result of the test is ignored!
    In future runs, you should set numBMeansCorlTested to 0 to switch off the correlation test!
WARN Batch means correlation test was run for depository of place I/icon_loginAction, color 0
    However, the standard deviation of the token residence time is 0 and therefore the result of the test is ignored!
    In future runs, you should set numBMeansCorlTested to 0 to switch off the correlation test!
WARN Batch means correlation test was run for depository of place W/category, color 0
    However, the standard deviation of the token residence time is 0 and therefore the result of the test is ignored!
    In future runs, you should set numBMeansCorlTested to 0 to switch off the correlation test!
WARN Batch means correlation test was run for depository of place P/category_category, color 0
    However, the standard deviation of the token residence time is 0 and therefore the result of the test is ignored!
    In future runs, you should set numBMeansCorlTested to 0 to switch off the correlation test!
WARN Batch means correlation test was run for depository of place I/productImages_category, color 0
    However, the standard deviation of the token residence time is 0 and therefore the result of the test is ignored!
    In future runs, you should set numBMeansCorlTested to 0 to switch off the correlation test!
WARN Batch means correlation test was run for depository of place A/isLoggedIn_category, color 0
    However, the standard deviation of the token residence time is 0 and therefore the result of the test is ignored!
    In future runs, you should set numBMeansCorlTested to 0 to switch off the correlation test!
WARN Batch means correlation test was run for depository of place W/product, color 0
    However, the standard deviation of the token residence time is 0 and therefore the result of the test is ignored!
    In future runs, you should set numBMeansCorlTested to 0 to switch off the correlation test!
WARN Batch means correlation test was run for depository of place P/getProduct_product, color 0
    However, the standard deviation of the token residence time is 0 and therefore the result of the test is ignored!
    In future runs, you should set numBMeansCorlTested to 0 to switch off the correlation test!
WARN Batch means correlation test was run for depository of place R/getAds_product, color 0
    However, the standard deviation of the token residence time is 0 and therefore the result of the test is ignored!
    In future runs, you should set numBMeansCorlTested to 0 to switch off the correlation test!
WARN Batch means correlation test was run for depository of place I/product_product, color 0
    However, the standard deviation of the token residence time is 0 and therefore the result of the test is ignored!
    In future runs, you should set numBMeansCorlTested to 0 to switch off the correlation test!
WARN Batch means correlation test was run for depository of place A/isLoggedIn_product, color 0
    However, the standard deviation of the token residence time is 0 and therefore the result of the test is ignored!
    In future runs, you should set numBMeansCorlTested to 0 to switch off the correlation test!
WARN Batch means correlation test was run for depository of place A/isLoggedIn_login, color 0
    However, the standard deviation of the token residence time is 0 and therefore the result of the test is ignored!
    In future runs, you should set numBMeansCorlTested to 0 to switch off the correlation test!
WARN Batch means correlation test was run for depository of place W/login, color 0
    However, the standard deviation of the token residence time is 0 and therefore the result of the test is ignored!
    In future runs, you should set numBMeansCorlTested to 0 to switch off the correlation test!
WARN Batch means correlation test was run for depository of place P/categories_login, color 0
    However, the standard deviation of the token residence time is 0 and therefore the result of the test is ignored!
    In future runs, you should set numBMeansCorlTested to 0 to switch off the correlation test!
WARN Batch means correlation test was run for depository of place I/icon_login, color 0
    However, the standard deviation of the token residence time is 0 and therefore the result of the test is ignored!
    In future runs, you should set numBMeansCorlTested to 0 to switch off the correlation test!
WARN LP-1 The simulation was stopped because of reaching max totalRunLen.
The required precision may not have been reached!
REPORT for Queue of Queueing Place : W/index----------------------------------------

queueUtilQPl=0.0032183779134246204

------------------ Color = index --------------------
arrivCnt=277330 deptCnt=277330
arrivThrPut=0.02776075548709551 deptThrPut=0.02776075548709551
meanTkPop=0.0032307405200256334 tkColOcp=0.0032183779134246204
-----
meanST=0.11637797543108766 stDevST=0.1300698707468542

Steady State Statistics: numBatchesST=693 batchSizeST=400 stDevStdStateMeanST=0.006813291555238635
95% c.i. = 0.11637755731765348 +/- 5.07269145677878E-4



REPORT for Depository of Queueing Place : W/index----------------------------------------

tkOcp=0.0

------------------ Color = index --------------------
arrivCnt=277330 deptCnt=277330
arrivThrPut=0.02776075548709551 deptThrPut=0.02776075548709551
meanTkPop=0.0 tkColOcp=0.0
-----
meanST=0.0 stDevST=0.0

Steady State Statistics: numBatchesST=1386 batchSizeST=200 stDevStdStateMeanST=0.0
95% c.i. = 0.0 +/- 0.0



REPORT for Queue : WebUI----------------------------------------

totArrivThrPut=0.16680767601952673 totDeptThrPut=0.16680767601952673
meanTotTkPop=0.031602944191387004 queueUtil=0.030287093919479435
meanST=0.18945737357846487



REPORT for Queue of Queueing Place : P/categories_index----------------------------------------

queueUtilQPl=0.01604246726230275

------------------ Color = index --------------------
arrivCnt=277330 deptCnt=277330
arrivThrPut=0.02776075548709551 deptThrPut=0.02776075548709551
meanTkPop=0.016317298826724832 tkColOcp=0.01604246726230275
-----
meanST=0.587782952604077 stDevST=0.6080822290760651

Steady State Statistics: numBatchesST=693 batchSizeST=400 stDevStdStateMeanST=0.03268222657408971
95% c.i. = 0.5877693517260429 +/- 0.002433285735488925



REPORT for Depository of Queueing Place : P/categories_index----------------------------------------

tkOcp=0.0

------------------ Color = index --------------------
arrivCnt=277330 deptCnt=277330
arrivThrPut=0.02776075548709551 deptThrPut=0.02776075548709551
meanTkPop=0.0 tkColOcp=0.0
-----
meanST=0.0 stDevST=0.0

Steady State Statistics: numBatchesST=1386 batchSizeST=200 stDevStdStateMeanST=0.0
95% c.i. = 0.0 +/- 0.0



REPORT for Queue : Persistence----------------------------------------

totArrivThrPut=0.1668076760195267 totDeptThrPut=0.1668076760195267
meanTotTkPop=0.08070856906571525 queueUtil=0.07213686219185454
meanST=0.4838420568623437



REPORT for Queue of Queueing Place : A/isLoggedIn_index----------------------------------------

queueUtilQPl=0.009213037497726938

------------------ Color = index --------------------
arrivCnt=277330 deptCnt=277330
arrivThrPut=0.02776075548709551 deptThrPut=0.02776075548709551
meanTkPop=0.009711863646863163 tkColOcp=0.009213037497726938
-----
meanST=0.3498414750051629 stDevST=1.1259346474269318

Steady State Statistics: numBatchesST=693 batchSizeST=400 stDevStdStateMeanST=0.06081560108107453
95% c.i. = 0.34990390146385364 +/- 0.004527896355846289



REPORT for Depository of Queueing Place : A/isLoggedIn_index----------------------------------------

tkOcp=0.0

------------------ Color = index --------------------
arrivCnt=277330 deptCnt=277330
arrivThrPut=0.02776075548709551 deptThrPut=0.02776075548709551
meanTkPop=0.0 tkColOcp=0.0
-----
meanST=0.0 stDevST=0.0

Steady State Statistics: numBatchesST=1386 batchSizeST=200 stDevStdStateMeanST=0.0
95% c.i. = 0.0 +/- 0.0



REPORT for Queue : Auth----------------------------------------

totArrivThrPut=0.1668076760195267 totDeptThrPut=0.1668076760195267
meanTotTkPop=0.16573478957195223 queueUtil=0.12348279094585224
meanST=0.9935681230433969



REPORT for Queue of Queueing Place : W/login----------------------------------------

queueUtilQPl=0.0033409016807470077

------------------ Color = login --------------------
arrivCnt=277981 deptCnt=277981
arrivThrPut=0.02782592063988136 deptThrPut=0.02782592063988136
meanTkPop=0.003353882036316768 tkColOcp=0.0033409016807470077
-----
meanST=0.12053085609357463 stDevST=0.1326259888436036

Steady State Statistics: numBatchesST=694 batchSizeST=400 stDevStdStateMeanST=0.006585653351033243
95% c.i. = 0.12051969221498696 +/- 4.899674424499831E-4



REPORT for Depository of Queueing Place : W/login----------------------------------------

tkOcp=0.0

------------------ Color = login --------------------
arrivCnt=277981 deptCnt=277981
arrivThrPut=0.02782592063988136 deptThrPut=0.02782592063988136
meanTkPop=0.0 tkColOcp=0.0
-----
meanST=0.0 stDevST=0.0

Steady State Statistics: numBatchesST=1389 batchSizeST=200 stDevStdStateMeanST=0.0
95% c.i. = 0.0 +/- 0.0



REPORT for Queue : WebUI----------------------------------------

totArrivThrPut=0.16680767601952673 totDeptThrPut=0.16680767601952673
meanTotTkPop=0.031602944191387004 queueUtil=0.030287093919479435
meanST=0.18945737357846487



REPORT for Queue of Queueing Place : W/loginAction----------------------------------------

queueUtilQPl=0.005980891355129779

------------------ Color = loginAction --------------------
arrivCnt=278152 deptCnt=278152
arrivThrPut=0.027843037753746767 deptThrPut=0.027843037753746767
meanTkPop=0.006017076622120556 tkColOcp=0.005980891355129779
-----
meanST=0.2161070453352689 stDevST=0.22046248250280268

Steady State Statistics: numBatchesST=695 batchSizeST=400 stDevStdStateMeanST=0.010926513397965208
95% c.i. = 0.21611020511321943 +/- 8.12338976306782E-4



REPORT for Depository of Queueing Place : W/loginAction----------------------------------------

tkOcp=0.0

------------------ Color = loginAction --------------------
arrivCnt=278152 deptCnt=278152
arrivThrPut=0.027843037753746767 deptThrPut=0.027843037753746767
meanTkPop=0.0 tkColOcp=0.0
-----
meanST=0.0 stDevST=0.0

Steady State Statistics: numBatchesST=1390 batchSizeST=200 stDevStdStateMeanST=0.0
95% c.i. = 0.0 +/- 0.0



REPORT for Queue : WebUI----------------------------------------

totArrivThrPut=0.16680767601952673 totDeptThrPut=0.16680767601952673
meanTotTkPop=0.031602944191387004 queueUtil=0.030287093919479435
meanST=0.18945737357846487



REPORT for Queue of Queueing Place : A/login_loginAction----------------------------------------

queueUtilQPl=0.020332564739158475

------------------ Color = loginAction --------------------
arrivCnt=278152 deptCnt=278152
arrivThrPut=0.027843037753746767 deptThrPut=0.027843037753746767
meanTkPop=0.021092631903424586 tkColOcp=0.020332564739158475
-----
meanST=0.7575549798112888 stDevST=1.2383385806871594

Steady State Statistics: numBatchesST=695 batchSizeST=400 stDevStdStateMeanST=0.07171936418927215
95% c.i. = 0.7575511540536022 +/- 0.005332024294020101



REPORT for Depository of Queueing Place : A/login_loginAction----------------------------------------

tkOcp=0.0

------------------ Color = loginAction --------------------
arrivCnt=278152 deptCnt=278152
arrivThrPut=0.027843037753746767 deptThrPut=0.027843037753746767
meanTkPop=0.0 tkColOcp=0.0
-----
meanST=0.0 stDevST=0.0

Steady State Statistics: numBatchesST=1390 batchSizeST=200 stDevStdStateMeanST=0.0
95% c.i. = 0.0 +/- 0.0



REPORT for Queue : Auth----------------------------------------

totArrivThrPut=0.1668076760195267 totDeptThrPut=0.1668076760195267
meanTotTkPop=0.16573478957195223 queueUtil=0.12348279094585224
meanST=0.9935681230433969



REPORT for Queue of Queueing Place : W/logout----------------------------------------

queueUtilQPl=0.00413666170775772

------------------ Color = logout --------------------
arrivCnt=277815 deptCnt=277815
arrivThrPut=0.027809304026421372 deptThrPut=0.027809304026421372
meanTkPop=0.004155632533329471 tkColOcp=0.00413666170775772
-----
meanST=0.14943317277488288 stDevST=0.1594051034008015

Steady State Statistics: numBatchesST=347 batchSizeST=800 stDevStdStateMeanST=0.005840280317957922
95% c.i. = 0.14943236789039474 +/- 6.144931503173287E-4



REPORT for Depository of Queueing Place : W/logout----------------------------------------

tkOcp=0.0

------------------ Color = logout --------------------
arrivCnt=277815 deptCnt=277815
arrivThrPut=0.027809304026421372 deptThrPut=0.027809304026421372
meanTkPop=0.0 tkColOcp=0.0
-----
meanST=0.0 stDevST=0.0

Steady State Statistics: numBatchesST=1389 batchSizeST=200 stDevStdStateMeanST=0.0
95% c.i. = 0.0 +/- 0.0



REPORT for Queue : WebUI----------------------------------------

totArrivThrPut=0.16680767601952673 totDeptThrPut=0.16680767601952673
meanTotTkPop=0.031602944191387004 queueUtil=0.030287093919479435
meanST=0.18945737357846487



REPORT for Queue of Queueing Place : A/logout_logout----------------------------------------

queueUtilQPl=0.011484803375486808

------------------ Color = logout --------------------
arrivCnt=277815 deptCnt=277815
arrivThrPut=0.027809304026421372 deptThrPut=0.027809304026421372
meanTkPop=0.012051663382399377 tkColOcp=0.011484803375486808
-----
meanST=0.4333680329054333 stDevST=1.1666658634781617

Steady State Statistics: numBatchesST=694 batchSizeST=400 stDevStdStateMeanST=0.06453544153903565
95% c.i. = 0.4333988875426066 +/- 0.004801386218316623



REPORT for Depository of Queueing Place : A/logout_logout----------------------------------------

tkOcp=0.0

------------------ Color = logout --------------------
arrivCnt=277815 deptCnt=277815
arrivThrPut=0.027809304026421372 deptThrPut=0.027809304026421372
meanTkPop=0.0 tkColOcp=0.0
-----
meanST=0.0 stDevST=0.0

Steady State Statistics: numBatchesST=1389 batchSizeST=200 stDevStdStateMeanST=0.0
95% c.i. = 0.0 +/- 0.0



REPORT for Queue : Auth----------------------------------------

totArrivThrPut=0.1668076760195267 totDeptThrPut=0.1668076760195267
meanTotTkPop=0.16573478957195223 queueUtil=0.12348279094585224
meanST=0.9935681230433969



REPORT for Queue of Queueing Place : P/getUser_loginAction----------------------------------------

queueUtilQPl=0.017583777426091275

------------------ Color = loginAction --------------------
arrivCnt=278152 deptCnt=278152
arrivThrPut=0.027843037753746767 deptThrPut=0.027843037753746767
meanTkPop=0.017954331453043548 tkColOcp=0.017583777426091275
-----
meanST=0.6448409692878242 stDevST=0.6560041144526514

Steady State Statistics: numBatchesST=347 batchSizeST=800 stDevStdStateMeanST=0.02551554454455861
95% c.i. = 0.6449172409932521 +/- 0.0026846532179349604



REPORT for Depository of Queueing Place : P/getUser_loginAction----------------------------------------

tkOcp=0.0

------------------ Color = loginAction --------------------
arrivCnt=278152 deptCnt=278152
arrivThrPut=0.027843037753746767 deptThrPut=0.027843037753746767
meanTkPop=0.0 tkColOcp=0.0
-----
meanST=0.0 stDevST=0.0

Steady State Statistics: numBatchesST=1390 batchSizeST=200 stDevStdStateMeanST=0.0
95% c.i. = 0.0 +/- 0.0



REPORT for Queue : Persistence----------------------------------------

totArrivThrPut=0.1668076760195267 totDeptThrPut=0.1668076760195267
meanTotTkPop=0.08070856906571525 queueUtil=0.07213686219185454
meanST=0.4838420568623437



REPORT for Queue of Queueing Place : W/category----------------------------------------

queueUtilQPl=0.002852465663884574

------------------ Color = category --------------------
arrivCnt=276702 deptCnt=276702
arrivThrPut=0.0276978926361746 deptThrPut=0.0276978926361746
meanTkPop=0.002861408702421493 tkColOcp=0.002852465663884574
-----
meanST=0.10330781261980827 stDevST=0.11939820678052454

Steady State Statistics: numBatchesST=691 batchSizeST=400 stDevStdStateMeanST=0.00615800833542557
95% c.i. = 0.10332464476016974 +/- 4.591444507338131E-4



REPORT for Depository of Queueing Place : W/category----------------------------------------

tkOcp=0.0

------------------ Color = category --------------------
arrivCnt=276702 deptCnt=276702
arrivThrPut=0.0276978926361746 deptThrPut=0.0276978926361746
meanTkPop=0.0 tkColOcp=0.0
-----
meanST=0.0 stDevST=0.0

Steady State Statistics: numBatchesST=1383 batchSizeST=200 stDevStdStateMeanST=0.0
95% c.i. = 0.0 +/- 0.0



REPORT for Queue : WebUI----------------------------------------

totArrivThrPut=0.16680767601952673 totDeptThrPut=0.16680767601952673
meanTotTkPop=0.031602944191387004 queueUtil=0.030287093919479435
meanST=0.18945737357846487



REPORT for Queue of Queueing Place : W/product----------------------------------------

queueUtilQPl=0.011841061823769128

------------------ Color = product --------------------
arrivCnt=278429 deptCnt=278429
arrivThrPut=0.027870765476207104 deptThrPut=0.027870765476207104
meanTkPop=0.011984203777173083 tkColOcp=0.011841061823769128
-----
meanST=0.42999191347664406 stDevST=0.4275263573502738

Steady State Statistics: numBatchesST=696 batchSizeST=400 stDevStdStateMeanST=0.02141368552472134
95% c.i. = 0.4300039908799918 +/- 0.0015908707308461337



REPORT for Depository of Queueing Place : W/product----------------------------------------

tkOcp=0.0

------------------ Color = product --------------------
arrivCnt=278429 deptCnt=278429
arrivThrPut=0.027870765476207104 deptThrPut=0.027870765476207104
meanTkPop=0.0 tkColOcp=0.0
-----
meanST=0.0 stDevST=0.0

Steady State Statistics: numBatchesST=1392 batchSizeST=200 stDevStdStateMeanST=0.0
95% c.i. = 0.0 +/- 0.0



REPORT for Queue : WebUI----------------------------------------

totArrivThrPut=0.16680767601952673 totDeptThrPut=0.16680767601952673
meanTotTkPop=0.031602944191387004 queueUtil=0.030287093919479435
meanST=0.18945737357846487



REPORT for Queue of Queueing Place : P/category_category----------------------------------------

queueUtilQPl=0.01026285719669129

------------------ Color = category --------------------
arrivCnt=276702 deptCnt=276702
arrivThrPut=0.0276978926361746 deptThrPut=0.0276978926361746
meanTkPop=0.010388904330215065 tkColOcp=0.01026285719669129
-----
meanST=0.375079233163274 stDevST=0.4304016478216268

Steady State Statistics: numBatchesST=691 batchSizeST=400 stDevStdStateMeanST=0.022233429733284283
95% c.i. = 0.37510865217178907 +/- 0.0016577366133285949



REPORT for Depository of Queueing Place : P/category_category----------------------------------------

tkOcp=0.0

------------------ Color = category --------------------
arrivCnt=276702 deptCnt=276702
arrivThrPut=0.0276978926361746 deptThrPut=0.0276978926361746
meanTkPop=0.0 tkColOcp=0.0
-----
meanST=0.0 stDevST=0.0

Steady State Statistics: numBatchesST=1383 batchSizeST=200 stDevStdStateMeanST=0.0
95% c.i. = 0.0 +/- 0.0



REPORT for Queue : Persistence----------------------------------------

totArrivThrPut=0.1668076760195267 totDeptThrPut=0.1668076760195267
meanTotTkPop=0.08070856906571525 queueUtil=0.07213686219185454
meanST=0.4838420568623437



REPORT for Queue of Queueing Place : P/getProduct_product----------------------------------------

queueUtilQPl=0.003909992825442129

------------------ Color = product --------------------
arrivCnt=278429 deptCnt=278429
arrivThrPut=0.027870765476207104 deptThrPut=0.027870765476207104
meanTkPop=0.00394523701904445 tkColOcp=0.003909992825442129
-----
meanST=0.14155467033772162 stDevST=0.28195696011420424

Steady State Statistics: numBatchesST=348 batchSizeST=800 stDevStdStateMeanST=0.0106214210374634
95% c.i. = 0.14155433144906618 +/- 0.0011159406398933926



REPORT for Depository of Queueing Place : P/getProduct_product----------------------------------------

tkOcp=0.0

------------------ Color = product --------------------
arrivCnt=278429 deptCnt=278429
arrivThrPut=0.027870765476207104 deptThrPut=0.027870765476207104
meanTkPop=0.0 tkColOcp=0.0
-----
meanST=0.0 stDevST=0.0

Steady State Statistics: numBatchesST=1392 batchSizeST=200 stDevStdStateMeanST=0.0
95% c.i. = 0.0 +/- 0.0



REPORT for Queue : Persistence----------------------------------------

totArrivThrPut=0.1668076760195267 totDeptThrPut=0.1668076760195267
meanTotTkPop=0.08070856906571525 queueUtil=0.07213686219185454
meanST=0.4838420568623437



REPORT for Queue of Queueing Place : R/getAds_product----------------------------------------

queueUtilQPl=0.002488878667973977

------------------ Color = product --------------------
arrivCnt=278429 deptCnt=278429
arrivThrPut=0.027870765476207104 deptThrPut=0.027870765476207104
meanTkPop=0.002495929147718961 tkColOcp=0.002488878667973977
-----
meanST=0.08955366331253807 stDevST=0.08941143081226467

Steady State Statistics: numBatchesST=696 batchSizeST=400 stDevStdStateMeanST=0.0046094119751082865
95% c.i. = 0.08955395645353068 +/- 3.4244355504080683E-4



REPORT for Depository of Queueing Place : R/getAds_product----------------------------------------

tkOcp=0.0

------------------ Color = product --------------------
arrivCnt=278429 deptCnt=278429
arrivThrPut=0.027870765476207104 deptThrPut=0.027870765476207104
meanTkPop=0.0 tkColOcp=0.0
-----
meanST=0.0 stDevST=0.0

Steady State Statistics: numBatchesST=1392 batchSizeST=200 stDevStdStateMeanST=0.0
95% c.i. = 0.0 +/- 0.0



REPORT for Queue : Recommender----------------------------------------

totArrivThrPut=0.027870765476207104 totDeptThrPut=0.027870765476207104
meanTotTkPop=0.002495929147718961 queueUtil=0.002488878667973977
meanST=0.08955366331253807



REPORT for Queue of Queueing Place : I/productImages_category----------------------------------------

queueUtilQPl=0.0036468423494136018

------------------ Color = category --------------------
arrivCnt=276702 deptCnt=276702
arrivThrPut=0.0276978926361746 deptThrPut=0.0276978926361746
meanTkPop=0.003668614954873403 tkColOcp=0.0036468423494136018
-----
meanST=0.13245104972650662 stDevST=0.17044880559400907

Steady State Statistics: numBatchesST=172 batchSizeST=1600 stDevStdStateMeanST=0.004246019943446779
95% c.i. = 0.13246971251240375 +/- 6.390795174121494E-4



REPORT for Depository of Queueing Place : I/productImages_category----------------------------------------

tkOcp=0.0

------------------ Color = category --------------------
arrivCnt=276702 deptCnt=276702
arrivThrPut=0.0276978926361746 deptThrPut=0.0276978926361746
meanTkPop=0.0 tkColOcp=0.0
-----
meanST=0.0 stDevST=0.0

Steady State Statistics: numBatchesST=1383 batchSizeST=200 stDevStdStateMeanST=0.0
95% c.i. = 0.0 +/- 0.0



REPORT for Queue : ImageProvider----------------------------------------

totArrivThrPut=0.16680767601952673 totDeptThrPut=0.16680767601952673
meanTotTkPop=0.048100765969211166 queueUtil=0.04475732865008043
meanST=0.2883606265432319



REPORT for Queue of Queueing Place : I/product_product----------------------------------------

queueUtilQPl=0.0036353928989520906

------------------ Color = product --------------------
arrivCnt=278429 deptCnt=278429
arrivThrPut=0.027870765476207104 deptThrPut=0.027870765476207104
meanTkPop=0.003656097451151052 tkColOcp=0.0036353928989520906
-----
meanST=0.1311803744418937 stDevST=0.17311048289954273

Steady State Statistics: numBatchesST=696 batchSizeST=400 stDevStdStateMeanST=0.008450120450729947
95% c.i. = 0.1311808798662433 +/- 6.277784028195935E-4



REPORT for Depository of Queueing Place : I/product_product----------------------------------------

tkOcp=0.0

------------------ Color = product --------------------
arrivCnt=278429 deptCnt=278429
arrivThrPut=0.027870765476207104 deptThrPut=0.027870765476207104
meanTkPop=0.0 tkColOcp=0.0
-----
meanST=0.0 stDevST=0.0

Steady State Statistics: numBatchesST=1392 batchSizeST=200 stDevStdStateMeanST=0.0
95% c.i. = 0.0 +/- 0.0



REPORT for Queue : ImageProvider----------------------------------------

totArrivThrPut=0.16680767601952673 totDeptThrPut=0.16680767601952673
meanTotTkPop=0.048100765969211166 queueUtil=0.04475732865008043
meanST=0.2883606265432319



REPORT for Queue of Queueing Place : Workload----------------------------------------

queueUtilQPl=1.0

------------------ Color = workload --------------------
arrivCnt=1666409 deptCnt=1666410
arrivThrPut=0.16680767601952673 deptThrPut=0.1668077761196078
meanTkPop=1.0 tkColOcp=1.0
-----
meanST=5.9949265901124695 stDevST=5.99253492793101

Steady State Statistics: numBatchesST=2083 batchSizeST=800 stDevStdStateMeanST=0.21374980882022024
95% c.i. = 5.9949303093616155 +/- 0.009179292120628936



REPORT for Depository of Queueing Place : Workload----------------------------------------

tkOcp=0.0

------------------ Color = workload --------------------
arrivCnt=1666410 deptCnt=1666409
arrivThrPut=0.1668077761196078 deptThrPut=0.16680767601952673
meanTkPop=0.0 tkColOcp=0.0
-----
meanST=0.0 stDevST=0.0

Steady State Statistics: numBatchesST=8332 batchSizeST=200 stDevStdStateMeanST=0.0
95% c.i. = 0.0 +/- 0.0



REPORT for Queue : Workload----------------------------------------

totArrivThrPut=0.16680767601952673 totDeptThrPut=0.1668077761196078
meanTotTkPop=1.0 queueUtil=1.0
meanST=5.9949265901124695



REPORT for Queue of Queueing Place : I/icon_index----------------------------------------

queueUtilQPl=0.01276273147577673

------------------ Color = index --------------------
arrivCnt=277330 deptCnt=277330
arrivThrPut=0.02776075548709551 deptThrPut=0.02776075548709551
meanTkPop=0.012975805846230043 tkColOcp=0.01276273147577673
-----
meanST=0.46741544380021643 stDevST=0.46570055489162504

Steady State Statistics: numBatchesST=693 batchSizeST=400 stDevStdStateMeanST=0.023602561872900347
95% c.i. = 0.4674176696751694 +/- 0.0017572785928806575



REPORT for Depository of Queueing Place : I/icon_index----------------------------------------

tkOcp=0.0

------------------ Color = index --------------------
arrivCnt=277330 deptCnt=277330
arrivThrPut=0.02776075548709551 deptThrPut=0.02776075548709551
meanTkPop=0.0 tkColOcp=0.0
-----
meanST=0.0 stDevST=0.0

Steady State Statistics: numBatchesST=1386 batchSizeST=200 stDevStdStateMeanST=0.0
95% c.i. = 0.0 +/- 0.0



REPORT for Queue : ImageProvider----------------------------------------

totArrivThrPut=0.16680767601952673 totDeptThrPut=0.16680767601952673
meanTotTkPop=0.048100765969211166 queueUtil=0.04475732865008043
meanST=0.2883606265432319



REPORT for Queue of Queueing Place : P/categories_login----------------------------------------

queueUtilQPl=0.0038027601338713212

------------------ Color = login --------------------
arrivCnt=277981 deptCnt=277981
arrivThrPut=0.02782592063988136 deptThrPut=0.02782592063988136
meanTkPop=0.0038422040100984487 tkColOcp=0.0038027601338713212
-----
meanST=0.1380800319178525 stDevST=0.2961228614474218

Steady State Statistics: numBatchesST=694 batchSizeST=400 stDevStdStateMeanST=0.015896304441949637
95% c.i. = 0.13806656657217822 +/- 0.001182672578811999



REPORT for Depository of Queueing Place : P/categories_login----------------------------------------

tkOcp=0.0

------------------ Color = login --------------------
arrivCnt=277981 deptCnt=277981
arrivThrPut=0.02782592063988136 deptThrPut=0.02782592063988136
meanTkPop=0.0 tkColOcp=0.0
-----
meanST=0.0 stDevST=0.0

Steady State Statistics: numBatchesST=1389 batchSizeST=200 stDevStdStateMeanST=0.0
95% c.i. = 0.0 +/- 0.0



REPORT for Queue : Persistence----------------------------------------

totArrivThrPut=0.1668076760195267 totDeptThrPut=0.1668076760195267
meanTotTkPop=0.08070856906571525 queueUtil=0.07213686219185454
meanST=0.4838420568623437



REPORT for Queue of Queueing Place : I/icon_login----------------------------------------

queueUtilQPl=0.011596696312077912

------------------ Color = login --------------------
arrivCnt=277981 deptCnt=277981
arrivThrPut=0.02782592063988136 deptThrPut=0.02782592063988136
meanTkPop=0.01175068310387227 tkColOcp=0.011596696312077912
-----
meanST=0.4222926980906667 stDevST=0.42170453457475165

Steady State Statistics: numBatchesST=173 batchSizeST=1600 stDevStdStateMeanST=0.011175896950234862
95% c.i. = 0.4223492660836932 +/- 0.0016771749471450712



REPORT for Depository of Queueing Place : I/icon_login----------------------------------------

tkOcp=0.0

------------------ Color = login --------------------
arrivCnt=277981 deptCnt=277981
arrivThrPut=0.02782592063988136 deptThrPut=0.02782592063988136
meanTkPop=0.0 tkColOcp=0.0
-----
meanST=0.0 stDevST=0.0

Steady State Statistics: numBatchesST=1389 batchSizeST=200 stDevStdStateMeanST=0.0
95% c.i. = 0.0 +/- 0.0



REPORT for Queue : ImageProvider----------------------------------------

totArrivThrPut=0.16680767601952673 totDeptThrPut=0.16680767601952673
meanTotTkPop=0.048100765969211166 queueUtil=0.04475732865008043
meanST=0.2883606265432319



REPORT for Queue of Queueing Place : A/isLoggedIn_login----------------------------------------

queueUtilQPl=0.07517909558178598

------------------ Color = login --------------------
arrivCnt=277981 deptCnt=277981
arrivThrPut=0.02782592063988136 deptThrPut=0.02782592063988136
meanTkPop=0.08143179189071066 tkColOcp=0.07517909558178598
-----
meanST=2.9264725126110993 stDevST=2.912173199117035

Steady State Statistics: numBatchesST=694 batchSizeST=400 stDevStdStateMeanST=0.17032968648117233
95% c.i. = 2.92637008855356 +/- 0.012672395039649908



REPORT for Depository of Queueing Place : A/isLoggedIn_login----------------------------------------

tkOcp=0.0

------------------ Color = login --------------------
arrivCnt=277981 deptCnt=277982
arrivThrPut=0.02782592063988136 deptThrPut=0.027826020739962442
meanTkPop=0.0 tkColOcp=0.0
-----
meanST=0.0 stDevST=0.0

Steady State Statistics: numBatchesST=1389 batchSizeST=200 stDevStdStateMeanST=0.0
95% c.i. = 0.0 +/- 0.0



REPORT for Queue : Auth----------------------------------------

totArrivThrPut=0.1668076760195267 totDeptThrPut=0.1668076760195267
meanTotTkPop=0.16573478957195223 queueUtil=0.12348279094585224
meanST=0.9935681230433969



REPORT for Queue of Queueing Place : A/isLoggedIn_category----------------------------------------

queueUtilQPl=0.01877096482992705

------------------ Color = category --------------------
arrivCnt=276702 deptCnt=276702
arrivThrPut=0.0276978926361746 deptThrPut=0.0276978926361746
meanTkPop=0.019525404833563468 tkColOcp=0.01877096482992705
-----
meanST=0.7049418917908027 stDevST=1.2376816474295178

Steady State Statistics: numBatchesST=691 batchSizeST=400 stDevStdStateMeanST=0.06512529185855466
95% c.i. = 0.705009715446189 +/- 0.004855777181602154



REPORT for Depository of Queueing Place : A/isLoggedIn_category----------------------------------------

tkOcp=0.0

------------------ Color = category --------------------
arrivCnt=276702 deptCnt=276702
arrivThrPut=0.0276978926361746 deptThrPut=0.0276978926361746
meanTkPop=0.0 tkColOcp=0.0
-----
meanST=0.0 stDevST=0.0

Steady State Statistics: numBatchesST=1383 batchSizeST=200 stDevStdStateMeanST=0.0
95% c.i. = 0.0 +/- 0.0



REPORT for Queue : Auth----------------------------------------

totArrivThrPut=0.1668076760195267 totDeptThrPut=0.1668076760195267
meanTotTkPop=0.16573478957195223 queueUtil=0.12348279094585224
meanST=0.9935681230433969



REPORT for Queue of Queueing Place : I/icon_logout----------------------------------------

queueUtilQPl=0.0035328782623917005

------------------ Color = logout --------------------
arrivCnt=277815 deptCnt=277815
arrivThrPut=0.027809304026421372 deptThrPut=0.027809304026421372
meanTkPop=0.003550280637342401 tkColOcp=0.0035328782623917005
-----
meanST=0.12766520995884365 stDevST=0.16000176229016963

Steady State Statistics: numBatchesST=347 batchSizeST=800 stDevStdStateMeanST=0.006296347574048933
95% c.i. = 0.1276790274568946 +/- 6.624788958114656E-4



REPORT for Depository of Queueing Place : I/icon_logout----------------------------------------

tkOcp=0.0

------------------ Color = logout --------------------
arrivCnt=277815 deptCnt=277815
arrivThrPut=0.027809304026421372 deptThrPut=0.027809304026421372
meanTkPop=0.0 tkColOcp=0.0
-----
meanST=0.0 stDevST=0.0

Steady State Statistics: numBatchesST=1389 batchSizeST=200 stDevStdStateMeanST=0.0
95% c.i. = 0.0 +/- 0.0



REPORT for Queue : ImageProvider----------------------------------------

totArrivThrPut=0.16680767601952673 totDeptThrPut=0.16680767601952673
meanTotTkPop=0.048100765969211166 queueUtil=0.04475732865008043
meanST=0.2883606265432319



REPORT for Queue of Queueing Place : I/icon_loginAction----------------------------------------

queueUtilQPl=0.01233275925259068

------------------ Color = loginAction --------------------
arrivCnt=278152 deptCnt=278152
arrivThrPut=0.027843037753746767 deptThrPut=0.027843037753746767
meanTkPop=0.012499283975741992 tkColOcp=0.01233275925259068
-----
meanST=0.4489195498813701 stDevST=0.44914839073607277

Steady State Statistics: numBatchesST=695 batchSizeST=400 stDevStdStateMeanST=0.02317711682689338
95% c.i. = 0.44894408956362825 +/- 0.0017231183151624058



REPORT for Depository of Queueing Place : I/icon_loginAction----------------------------------------

tkOcp=0.0

------------------ Color = loginAction --------------------
arrivCnt=278152 deptCnt=278152
arrivThrPut=0.027843037753746767 deptThrPut=0.027843037753746767
meanTkPop=0.0 tkColOcp=0.0
-----
meanST=0.0 stDevST=0.0

Steady State Statistics: numBatchesST=1390 batchSizeST=200 stDevStdStateMeanST=0.0
95% c.i. = 0.0 +/- 0.0



REPORT for Queue : ImageProvider----------------------------------------

totArrivThrPut=0.16680767601952673 totDeptThrPut=0.16680767601952673
meanTotTkPop=0.048100765969211166 queueUtil=0.04475732865008043
meanST=0.2883606265432319



REPORT for Queue of Queueing Place : A/isLoggedIn_product----------------------------------------

queueUtilQPl=0.021092156497190116

------------------ Color = product --------------------
arrivCnt=278429 deptCnt=278429
arrivThrPut=0.027870765476207104 deptThrPut=0.027870765476207104
meanTkPop=0.02192143391499097 tkColOcp=0.021092156497190116
-----
meanST=0.7865386379037562 stDevST=1.281084146313956

Steady State Statistics: numBatchesST=696 batchSizeST=400 stDevStdStateMeanST=0.07242621621339934
95% c.i. = 0.7865653564791131 +/- 0.0053807060623362775



REPORT for Depository of Queueing Place : A/isLoggedIn_product----------------------------------------

tkOcp=0.0

------------------ Color = product --------------------
arrivCnt=278429 deptCnt=278429
arrivThrPut=0.027870765476207104 deptThrPut=0.027870765476207104
meanTkPop=0.0 tkColOcp=0.0
-----
meanST=0.0 stDevST=0.0

Steady State Statistics: numBatchesST=1392 batchSizeST=200 stDevStdStateMeanST=0.0
95% c.i. = 0.0 +/- 0.0



REPORT for Queue : Auth----------------------------------------

totArrivThrPut=0.1668076760195267 totDeptThrPut=0.1668076760195267
meanTotTkPop=0.16573478957195223 queueUtil=0.12348279094585224
meanST=0.9935681230433969



REPORT for Queue of Queueing Place : P/category_logout----------------------------------------

queueUtilQPl=0.027349643438565167

------------------ Color = logout --------------------
arrivCnt=277815 deptCnt=277815
arrivThrPut=0.027809304026421372 deptThrPut=0.027809304026421372
meanTkPop=0.02826059342658891 tkColOcp=0.027349643438565167
-----
meanST=1.016228000518775 stDevST=1.006305884748736

Steady State Statistics: numBatchesST=694 batchSizeST=400 stDevStdStateMeanST=0.051689570904790406
95% c.i. = 1.016276515340791 +/- 0.003845663521537117



REPORT for Depository of Queueing Place : P/category_logout----------------------------------------

tkOcp=0.0

------------------ Color = logout --------------------
arrivCnt=277815 deptCnt=277815
arrivThrPut=0.027809304026421372 deptThrPut=0.027809304026421372
meanTkPop=0.0 tkColOcp=0.0
-----
meanST=0.0 stDevST=0.0

Steady State Statistics: numBatchesST=1389 batchSizeST=200 stDevStdStateMeanST=0.0
95% c.i. = 0.0 +/- 0.0



REPORT for Queue : Persistence----------------------------------------

totArrivThrPut=0.1668076760195267 totDeptThrPut=0.1668076760195267
meanTotTkPop=0.08070856906571525 queueUtil=0.07213686219185454
meanST=0.4838420568623437



REPORT for Ordinary Place : Finish_index----------------------------------------

tkOcp=1.0

------------------ Color = index --------------------
arrivCnt=277330 deptCnt=0
arrivThrPut=0.02776075548709551 deptThrPut=0.0
meanTkPop=139006.952179541 tkColOcp=1.0
-----
meanST=NaN stDevST=NaN

Steady State Statistics: Only 0 batches collected!
Need at least 60 for steady state statistics.



REPORT for Ordinary Place : Finish_login----------------------------------------

tkOcp=1.0

------------------ Color = login --------------------
arrivCnt=277982 deptCnt=0
arrivThrPut=0.027826020739962442 deptThrPut=0.0
meanTkPop=139184.04676162012 tkColOcp=1.0
-----
meanST=NaN stDevST=NaN

Steady State Statistics: Only 0 batches collected!
Need at least 60 for steady state statistics.



REPORT for Ordinary Place : Finish_loginAction----------------------------------------

tkOcp=1.0

------------------ Color = loginAction --------------------
arrivCnt=278152 deptCnt=0
arrivThrPut=0.027843037753746767 deptThrPut=0.0
meanTkPop=139270.23435499784 tkColOcp=1.0
-----
meanST=NaN stDevST=NaN

Steady State Statistics: Only 0 batches collected!
Need at least 60 for steady state statistics.



REPORT for Ordinary Place : Finish_category----------------------------------------

tkOcp=1.0

------------------ Color = category --------------------
arrivCnt=276702 deptCnt=0
arrivThrPut=0.0276978926361746 deptThrPut=0.0
meanTkPop=138685.84695005268 tkColOcp=1.0
-----
meanST=NaN stDevST=NaN

Steady State Statistics: Only 0 batches collected!
Need at least 60 for steady state statistics.



REPORT for Ordinary Place : Finish_product----------------------------------------

tkOcp=1.0

------------------ Color = product --------------------
arrivCnt=278429 deptCnt=0
arrivThrPut=0.027870765476207104 deptThrPut=0.0
meanTkPop=139492.46769799507 tkColOcp=1.0
-----
meanST=NaN stDevST=NaN

Steady State Statistics: Only 0 batches collected!
Need at least 60 for steady state statistics.



REPORT for Ordinary Place : Finish_logout----------------------------------------

tkOcp=1.0

------------------ Color = logout --------------------
arrivCnt=277815 deptCnt=0
arrivThrPut=0.027809304026421372 deptThrPut=0.0
meanTkPop=139439.56428278968 tkColOcp=1.0
-----
meanST=NaN stDevST=NaN

Steady State Statistics: Only 0 batches collected!
Need at least 60 for steady state statistics.



REPORT REPORT for Probe : /index----------------------------------------


------------------ Color = index --------------------
-----
meanST=1.521417846840544 stDevST=1.3588927107022866

Steady State Statistics: numBatchesST=693 batchSizeST=400 stDevStdStateMeanST=0.0736333628742334
95% c.i. = 1.5214684801827223 +/- 0.005482215574626662



REPORT REPORT for Probe : /login----------------------------------------


------------------ Color = login --------------------
-----
meanST=3.607376508341458 stDevST=2.960569477059257

Steady State Statistics: numBatchesST=694 batchSizeST=400 stDevStdStateMeanST=0.1733588627627727
95% c.i. = 3.6072626628404802 +/- 0.012897763378418152



REPORT REPORT for Probe : /loginAction----------------------------------------


------------------ Color = loginAction --------------------
-----
meanST=2.067422544315752 stDevST=1.4955519339177037

Steady State Statistics: numBatchesST=695 batchSizeST=400 stDevStdStateMeanST=0.08624527583957932
95% c.i. = 2.0674960461393344 +/- 0.0064119629505846685



REPORT REPORT for Probe : /logout----------------------------------------


------------------ Color = logout --------------------
-----
meanST=1.726694416157935 stDevST=1.5687066637859832

Steady State Statistics: numBatchesST=694 batchSizeST=400 stDevStdStateMeanST=0.0873463245182784
95% c.i. = 1.7267867982306866 +/- 0.006498498015373461



REPORT REPORT for Probe : /category----------------------------------------


------------------ Color = category --------------------
-----
meanST=1.3157799873003915 stDevST=1.326261180791935

Steady State Statistics: numBatchesST=691 batchSizeST=400 stDevStdStateMeanST=0.06923317094752071
95% c.i. = 1.3158910735099916 +/- 0.005162062880686693



REPORT REPORT for Probe : /product----------------------------------------


------------------ Color = product --------------------
-----
meanST=1.5788192594725536 stDevST=1.3937704224240433

Steady State Statistics: numBatchesST=696 batchSizeST=400 stDevStdStateMeanST=0.07734916160260101
95% c.i. = 1.5788585151279462 +/- 0.005746442717999468



