INFO Logging to /home/yjx/workloadConfig/qpme/output/SimQPN_Output_config_2025-08-14_030740838.log
WARN Batch means correlation test was run for depository of place Workload, color 0
    However, the standard deviation of the token residence time is 0 and therefore the result of the test is ignored!
    In future runs, you should set numBMeansCorlTested to 0 to switch off the correlation test!
WARN Batch means correlation test was run for depository of place W/loginAction, color 0
    However, the standard deviation of the token residence time is 0 and therefore the result of the test is ignored!
    In future runs, you should set numBMeansCorlTested to 0 to switch off the correlation test!
WARN Batch means correlation test was run for depository of place A/login_loginAction, color 0
    However, the standard deviation of the token residence time is 0 and therefore the result of the test is ignored!
    In future runs, you should set numBMeansCorlTested to 0 to switch off the correlation test!
WARN Batch means correlation test was run for depository of place P/getUser_loginAction, color 0
    However, the standard deviation of the token residence time is 0 and therefore the result of the test is ignored!
    In future runs, you should set numBMeansCorlTested to 0 to switch off the correlation test!
WARN Batch means correlation test was run for depository of place I/icon_loginAction, color 0
    However, the standard deviation of the token residence time is 0 and therefore the result of the test is ignored!
    In future runs, you should set numBMeansCorlTested to 0 to switch off the correlation test!
WARN Batch means correlation test was run for depository of place W/product, color 0
    However, the standard deviation of the token residence time is 0 and therefore the result of the test is ignored!
    In future runs, you should set numBMeansCorlTested to 0 to switch off the correlation test!
WARN Batch means correlation test was run for depository of place P/getProduct_product, color 0
    However, the standard deviation of the token residence time is 0 and therefore the result of the test is ignored!
    In future runs, you should set numBMeansCorlTested to 0 to switch off the correlation test!
WARN Batch means correlation test was run for depository of place R/getAds_product, color 0
    However, the standard deviation of the token residence time is 0 and therefore the result of the test is ignored!
    In future runs, you should set numBMeansCorlTested to 0 to switch off the correlation test!
WARN Batch means correlation test was run for depository of place I/product_product, color 0
    However, the standard deviation of the token residence time is 0 and therefore the result of the test is ignored!
    In future runs, you should set numBMeansCorlTested to 0 to switch off the correlation test!
WARN Batch means correlation test was run for depository of place A/isLoggedIn_product, color 0
    However, the standard deviation of the token residence time is 0 and therefore the result of the test is ignored!
    In future runs, you should set numBMeansCorlTested to 0 to switch off the correlation test!
WARN Batch means correlation test was run for depository of place W/logout, color 0
    However, the standard deviation of the token residence time is 0 and therefore the result of the test is ignored!
    In future runs, you should set numBMeansCorlTested to 0 to switch off the correlation test!
WARN Batch means correlation test was run for depository of place A/logout_logout, color 0
    However, the standard deviation of the token residence time is 0 and therefore the result of the test is ignored!
    In future runs, you should set numBMeansCorlTested to 0 to switch off the correlation test!
WARN Batch means correlation test was run for depository of place P/category_logout, color 0
    However, the standard deviation of the token residence time is 0 and therefore the result of the test is ignored!
    In future runs, you should set numBMeansCorlTested to 0 to switch off the correlation test!
WARN Batch means correlation test was run for depository of place I/icon_logout, color 0
    However, the standard deviation of the token residence time is 0 and therefore the result of the test is ignored!
    In future runs, you should set numBMeansCorlTested to 0 to switch off the correlation test!
WARN Batch means correlation test was run for depository of place W/login, color 0
    However, the standard deviation of the token residence time is 0 and therefore the result of the test is ignored!
    In future runs, you should set numBMeansCorlTested to 0 to switch off the correlation test!
WARN Batch means correlation test was run for depository of place P/categories_login, color 0
    However, the standard deviation of the token residence time is 0 and therefore the result of the test is ignored!
    In future runs, you should set numBMeansCorlTested to 0 to switch off the correlation test!
WARN Batch means correlation test was run for depository of place I/icon_login, color 0
    However, the standard deviation of the token residence time is 0 and therefore the result of the test is ignored!
    In future runs, you should set numBMeansCorlTested to 0 to switch off the correlation test!
WARN Batch means correlation test was run for depository of place A/isLoggedIn_login, color 0
    However, the standard deviation of the token residence time is 0 and therefore the result of the test is ignored!
    In future runs, you should set numBMeansCorlTested to 0 to switch off the correlation test!
WARN Batch means correlation test was run for depository of place W/category, color 0
    However, the standard deviation of the token residence time is 0 and therefore the result of the test is ignored!
    In future runs, you should set numBMeansCorlTested to 0 to switch off the correlation test!
WARN Batch means correlation test was run for depository of place P/category_category, color 0
    However, the standard deviation of the token residence time is 0 and therefore the result of the test is ignored!
    In future runs, you should set numBMeansCorlTested to 0 to switch off the correlation test!
WARN Batch means correlation test was run for depository of place I/productImages_category, color 0
    However, the standard deviation of the token residence time is 0 and therefore the result of the test is ignored!
    In future runs, you should set numBMeansCorlTested to 0 to switch off the correlation test!
WARN Batch means correlation test was run for depository of place A/isLoggedIn_category, color 0
    However, the standard deviation of the token residence time is 0 and therefore the result of the test is ignored!
    In future runs, you should set numBMeansCorlTested to 0 to switch off the correlation test!
WARN Batch means correlation test was run for depository of place W/index, color 0
    However, the standard deviation of the token residence time is 0 and therefore the result of the test is ignored!
    In future runs, you should set numBMeansCorlTested to 0 to switch off the correlation test!
WARN Batch means correlation test was run for depository of place P/categories_index, color 0
    However, the standard deviation of the token residence time is 0 and therefore the result of the test is ignored!
    In future runs, you should set numBMeansCorlTested to 0 to switch off the correlation test!
WARN Batch means correlation test was run for depository of place A/isLoggedIn_index, color 0
    However, the standard deviation of the token residence time is 0 and therefore the result of the test is ignored!
    In future runs, you should set numBMeansCorlTested to 0 to switch off the correlation test!
WARN Batch means correlation test was run for depository of place I/icon_index, color 0
    However, the standard deviation of the token residence time is 0 and therefore the result of the test is ignored!
    In future runs, you should set numBMeansCorlTested to 0 to switch off the correlation test!
WARN LP-1 The simulation was stopped because of reaching max totalRunLen.
The required precision may not have been reached!
REPORT for Queue of Queueing Place : W/index----------------------------------------

queueUtilQPl=0.020246405064658683

------------------ Color = index --------------------
arrivCnt=278065 deptCnt=278065
arrivThrPut=0.027834299662251323 deptThrPut=0.027834299662251323
meanTkPop=0.02067136701298589 tkColOcp=0.020246405064658683
-----
meanST=0.7426580608751673 stDevST=0.7355249849002874

Steady State Statistics: numBatchesST=347 batchSizeST=800 stDevStdStateMeanST=0.028299627714920807
95% c.i. = 0.7426084020400712 +/- 0.0029775843693457737



REPORT for Depository of Queueing Place : W/index----------------------------------------

tkOcp=0.0

------------------ Color = index --------------------
arrivCnt=278065 deptCnt=278065
arrivThrPut=0.027834299662251323 deptThrPut=0.027834299662251323
meanTkPop=0.0 tkColOcp=0.0
-----
meanST=0.0 stDevST=0.0

Steady State Statistics: numBatchesST=1390 batchSizeST=200 stDevStdStateMeanST=0.0
95% c.i. = 0.0 +/- 0.0



REPORT for Queue : WebUI----------------------------------------

totArrivThrPut=0.16697246468169655 totDeptThrPut=0.16697246468169655
meanTotTkPop=0.06999160369736693 queueUtil=0.06447640771486514
meanST=0.41918051476806983



REPORT for Queue of Queueing Place : P/categories_index----------------------------------------

queueUtilQPl=0.0035704066332290594

------------------ Color = index --------------------
arrivCnt=278065 deptCnt=278065
arrivThrPut=0.027834299662251323 deptThrPut=0.027834299662251323
meanTkPop=0.003588231457695191 tkColOcp=0.0035704066332290594
-----
meanST=0.12891401979700334 stDevST=0.18016617243102248

Steady State Statistics: numBatchesST=347 batchSizeST=800 stDevStdStateMeanST=0.006186674809966513
95% c.i. = 0.12888797935344964 +/- 6.509395246450178E-4



REPORT for Depository of Queueing Place : P/categories_index----------------------------------------

tkOcp=0.0

------------------ Color = index --------------------
arrivCnt=278065 deptCnt=278065
arrivThrPut=0.027834299662251323 deptThrPut=0.027834299662251323
meanTkPop=0.0 tkColOcp=0.0
-----
meanST=0.0 stDevST=0.0

Steady State Statistics: numBatchesST=1390 batchSizeST=200 stDevStdStateMeanST=0.0
95% c.i. = 0.0 +/- 0.0



REPORT for Queue : Persistence----------------------------------------

totArrivThrPut=0.16697246468169658 totDeptThrPut=0.16697246468169658
meanTotTkPop=0.05527905941121988 queueUtil=0.051226306904240265
meanST=0.33106691882760203



REPORT for Queue of Queueing Place : A/isLoggedIn_index----------------------------------------

queueUtilQPl=0.01646697599397521

------------------ Color = index --------------------
arrivCnt=278065 deptCnt=278065
arrivThrPut=0.027834299662251323 deptThrPut=0.027834299662251323
meanTkPop=0.0167376879060067 tkColOcp=0.01646697599397521
-----
meanST=0.6013331791748378 stDevST=0.5976211541152568

Steady State Statistics: numBatchesST=695 batchSizeST=400 stDevStdStateMeanST=0.03099616928183161
95% c.i. = 0.601309259563116 +/- 0.0023044310208345012



REPORT for Depository of Queueing Place : A/isLoggedIn_index----------------------------------------

tkOcp=0.0

------------------ Color = index --------------------
arrivCnt=278065 deptCnt=278065
arrivThrPut=0.027834299662251323 deptThrPut=0.027834299662251323
meanTkPop=0.0 tkColOcp=0.0
-----
meanST=0.0 stDevST=0.0

Steady State Statistics: numBatchesST=1390 batchSizeST=200 stDevStdStateMeanST=0.0
95% c.i. = 0.0 +/- 0.0



REPORT for Queue : Auth----------------------------------------

totArrivThrPut=0.16697246468169655 totDeptThrPut=0.16697246468169655
meanTotTkPop=0.0692701563897123 queueUtil=0.06299313212031594
meanST=0.4148597585941107



REPORT for Queue of Queueing Place : W/login----------------------------------------

queueUtilQPl=0.007164307832536077

------------------ Color = login --------------------
arrivCnt=277650 deptCnt=277650
arrivThrPut=0.02779275817245637 deptThrPut=0.02779275817245637
meanTkPop=0.007223464958529772 tkColOcp=0.007164307832536077
-----
meanST=0.259904573475852 stDevST=0.2978435250783528

Steady State Statistics: numBatchesST=694 batchSizeST=400 stDevStdStateMeanST=0.014302401312993263
95% c.i. = 0.25989811910458827 +/- 0.0010640874365367451



REPORT for Depository of Queueing Place : W/login----------------------------------------

tkOcp=0.0

------------------ Color = login --------------------
arrivCnt=277650 deptCnt=277650
arrivThrPut=0.02779275817245637 deptThrPut=0.02779275817245637
meanTkPop=0.0 tkColOcp=0.0
-----
meanST=0.0 stDevST=0.0

Steady State Statistics: numBatchesST=1388 batchSizeST=200 stDevStdStateMeanST=0.0
95% c.i. = 0.0 +/- 0.0



REPORT for Queue : WebUI----------------------------------------

totArrivThrPut=0.16697246468169655 totDeptThrPut=0.16697246468169655
meanTotTkPop=0.06999160369736693 queueUtil=0.06447640771486514
meanST=0.41918051476806983



REPORT for Queue of Queueing Place : W/loginAction----------------------------------------

queueUtilQPl=0.004175187907187326

------------------ Color = loginAction --------------------
arrivCnt=278201 deptCnt=278201
arrivThrPut=0.02784791325890702 deptThrPut=0.02784791325890702
meanTkPop=0.0042027060216216815 tkColOcp=0.004175187907187326
-----
meanST=0.15091637145477915 stDevST=0.22493834883864575

Steady State Statistics: numBatchesST=347 batchSizeST=800 stDevStdStateMeanST=0.008095343945156564
95% c.i. = 0.15085926237894304 +/- 8.517627807120285E-4



REPORT for Depository of Queueing Place : W/loginAction----------------------------------------

tkOcp=0.0

------------------ Color = loginAction --------------------
arrivCnt=278201 deptCnt=278201
arrivThrPut=0.02784791325890702 deptThrPut=0.02784791325890702
meanTkPop=0.0 tkColOcp=0.0
-----
meanST=0.0 stDevST=0.0

Steady State Statistics: numBatchesST=1391 batchSizeST=200 stDevStdStateMeanST=0.0
95% c.i. = 0.0 +/- 0.0



REPORT for Queue : WebUI----------------------------------------

totArrivThrPut=0.16697246468169655 totDeptThrPut=0.16697246468169655
meanTotTkPop=0.06999160369736693 queueUtil=0.06447640771486514
meanST=0.41918051476806983



REPORT for Queue of Queueing Place : A/login_loginAction----------------------------------------

queueUtilQPl=0.011506123278835203

------------------ Color = loginAction --------------------
arrivCnt=278201 deptCnt=278201
arrivThrPut=0.02784791325890702 deptThrPut=0.02784791325890702
meanTkPop=0.011655405041493405 tkColOcp=0.011506123278835203
-----
meanST=0.4185378248320089 stDevST=0.43135881953781147

Steady State Statistics: numBatchesST=695 batchSizeST=400 stDevStdStateMeanST=0.02279599012285914
95% c.i. = 0.41854722591725646 +/- 0.0016947831944041218



REPORT for Depository of Queueing Place : A/login_loginAction----------------------------------------

tkOcp=0.0

------------------ Color = loginAction --------------------
arrivCnt=278201 deptCnt=278201
arrivThrPut=0.02784791325890702 deptThrPut=0.02784791325890702
meanTkPop=0.0 tkColOcp=0.0
-----
meanST=0.0 stDevST=0.0

Steady State Statistics: numBatchesST=1391 batchSizeST=200 stDevStdStateMeanST=0.0
95% c.i. = 0.0 +/- 0.0



REPORT for Queue : Auth----------------------------------------

totArrivThrPut=0.16697246468169655 totDeptThrPut=0.16697246468169655
meanTotTkPop=0.0692701563897123 queueUtil=0.06299313212031594
meanST=0.4148597585941107



REPORT for Queue of Queueing Place : W/logout----------------------------------------

queueUtilQPl=0.010006787263440179

------------------ Color = logout --------------------
arrivCnt=278165 deptCnt=278165
arrivThrPut=0.027844309659792277 deptThrPut=0.027844309659792277
meanTkPop=0.010109630303670384 tkColOcp=0.010006787263440179
-----
meanST=0.36307706770941733 stDevST=0.38173984172403314

Steady State Statistics: numBatchesST=695 batchSizeST=400 stDevStdStateMeanST=0.018112316652714767
95% c.i. = 0.3630862645495777 +/- 0.0013465723449303225



REPORT for Depository of Queueing Place : W/logout----------------------------------------

tkOcp=0.0

------------------ Color = logout --------------------
arrivCnt=278165 deptCnt=278165
arrivThrPut=0.027844309659792277 deptThrPut=0.027844309659792277
meanTkPop=0.0 tkColOcp=0.0
-----
meanST=0.0 stDevST=0.0

Steady State Statistics: numBatchesST=1390 batchSizeST=200 stDevStdStateMeanST=0.0
95% c.i. = 0.0 +/- 0.0



REPORT for Queue : WebUI----------------------------------------

totArrivThrPut=0.16697246468169655 totDeptThrPut=0.16697246468169655
meanTotTkPop=0.06999160369736693 queueUtil=0.06447640771486514
meanST=0.41918051476806983



REPORT for Queue of Queueing Place : A/logout_logout----------------------------------------

queueUtilQPl=0.015000774516426554

------------------ Color = logout --------------------
arrivCnt=278165 deptCnt=278165
arrivThrPut=0.027844309659792277 deptThrPut=0.027844309659792277
meanTkPop=0.015238039910979977 tkColOcp=0.015000774516426554
-----
meanST=0.5472586714183832 stDevST=0.5484315321349502

Steady State Statistics: numBatchesST=695 batchSizeST=400 stDevStdStateMeanST=0.027347419026048037
95% c.i. = 0.5472803889969311 +/- 0.0020331622327383536



REPORT for Depository of Queueing Place : A/logout_logout----------------------------------------

tkOcp=0.0

------------------ Color = logout --------------------
arrivCnt=278165 deptCnt=278165
arrivThrPut=0.027844309659792277 deptThrPut=0.027844309659792277
meanTkPop=0.0 tkColOcp=0.0
-----
meanST=0.0 stDevST=0.0

Steady State Statistics: numBatchesST=1390 batchSizeST=200 stDevStdStateMeanST=0.0
95% c.i. = 0.0 +/- 0.0



REPORT for Queue : Auth----------------------------------------

totArrivThrPut=0.16697246468169655 totDeptThrPut=0.16697246468169655
meanTotTkPop=0.0692701563897123 queueUtil=0.06299313212031594
meanST=0.4148597585941107



REPORT for Queue of Queueing Place : P/getUser_loginAction----------------------------------------

queueUtilQPl=0.003288735086116135

------------------ Color = loginAction --------------------
arrivCnt=278201 deptCnt=278201
arrivThrPut=0.02784791325890702 deptThrPut=0.02784791325890702
meanTkPop=0.003309115222641735 tkColOcp=0.003288735086116135
-----
meanST=0.11882812158585458 stDevST=0.19734156653875168

Steady State Statistics: numBatchesST=695 batchSizeST=400 stDevStdStateMeanST=0.010554287406921223
95% c.i. = 0.11884434740966829 +/- 7.84665585033061E-4



REPORT for Depository of Queueing Place : P/getUser_loginAction----------------------------------------

tkOcp=0.0

------------------ Color = loginAction --------------------
arrivCnt=278201 deptCnt=278201
arrivThrPut=0.02784791325890702 deptThrPut=0.02784791325890702
meanTkPop=0.0 tkColOcp=0.0
-----
meanST=0.0 stDevST=0.0

Steady State Statistics: numBatchesST=1391 batchSizeST=200 stDevStdStateMeanST=0.0
95% c.i. = 0.0 +/- 0.0



REPORT for Queue : Persistence----------------------------------------

totArrivThrPut=0.16697246468169658 totDeptThrPut=0.16697246468169658
meanTotTkPop=0.05527905941121988 queueUtil=0.051226306904240265
meanST=0.33106691882760203



REPORT for Queue of Queueing Place : W/category----------------------------------------

queueUtilQPl=0.012469375465701569

------------------ Color = category --------------------
arrivCnt=277772 deptCnt=277772
arrivThrPut=0.027804970369456332 deptThrPut=0.027804970369456332
meanTkPop=0.012625138091637992 tkColOcp=0.012469375465701569
-----
meanST=0.4540604763782329 stDevST=0.4620281697737593

Steady State Statistics: numBatchesST=347 batchSizeST=800 stDevStdStateMeanST=0.01630596224249493
95% c.i. = 0.45409427123160195 +/- 0.001715654311409769



REPORT for Depository of Queueing Place : W/category----------------------------------------

tkOcp=0.0

------------------ Color = category --------------------
arrivCnt=277772 deptCnt=277772
arrivThrPut=0.027804970369456332 deptThrPut=0.027804970369456332
meanTkPop=0.0 tkColOcp=0.0
-----
meanST=0.0 stDevST=0.0

Steady State Statistics: numBatchesST=1388 batchSizeST=200 stDevStdStateMeanST=0.0
95% c.i. = 0.0 +/- 0.0



REPORT for Queue : WebUI----------------------------------------

totArrivThrPut=0.16697246468169655 totDeptThrPut=0.16697246468169655
meanTotTkPop=0.06999160369736693 queueUtil=0.06447640771486514
meanST=0.41918051476806983



REPORT for Queue of Queueing Place : W/product----------------------------------------

queueUtilQPl=0.014924579657375493

------------------ Color = product --------------------
arrivCnt=278204 deptCnt=278204
arrivThrPut=0.027848213558833247 deptThrPut=0.027848213558833247
meanTkPop=0.015159297308921205 tkColOcp=0.014924579657375493
-----
meanST=0.54435439016205 stDevST=0.5463329272091338

Steady State Statistics: numBatchesST=695 batchSizeST=400 stDevStdStateMeanST=0.026118631276937
95% c.i. = 0.5443779000946792 +/- 0.0019418071823343462



REPORT for Depository of Queueing Place : W/product----------------------------------------

tkOcp=0.0

------------------ Color = product --------------------
arrivCnt=278204 deptCnt=278204
arrivThrPut=0.027848213558833247 deptThrPut=0.027848213558833247
meanTkPop=0.0 tkColOcp=0.0
-----
meanST=0.0 stDevST=0.0

Steady State Statistics: numBatchesST=1391 batchSizeST=200 stDevStdStateMeanST=0.0
95% c.i. = 0.0 +/- 0.0



REPORT for Queue : WebUI----------------------------------------

totArrivThrPut=0.16697246468169655 totDeptThrPut=0.16697246468169655
meanTotTkPop=0.06999160369736693 queueUtil=0.06447640771486514
meanST=0.41918051476806983



REPORT for Queue of Queueing Place : P/category_category----------------------------------------

queueUtilQPl=0.0035020153139754167

------------------ Color = category --------------------
arrivCnt=277772 deptCnt=277772
arrivThrPut=0.027804970369456332 deptThrPut=0.027804970369456332
meanTkPop=0.003521712154776775 tkColOcp=0.0035020153139754167
-----
meanST=0.12665764818240427 stDevST=0.18823310367751678

Steady State Statistics: numBatchesST=694 batchSizeST=400 stDevStdStateMeanST=0.009760032482821682
95% c.i. = 0.12665441007048558 +/- 7.261387593512828E-4



REPORT for Depository of Queueing Place : P/category_category----------------------------------------

tkOcp=0.0

------------------ Color = category --------------------
arrivCnt=277772 deptCnt=277772
arrivThrPut=0.027804970369456332 deptThrPut=0.027804970369456332
meanTkPop=0.0 tkColOcp=0.0
-----
meanST=0.0 stDevST=0.0

Steady State Statistics: numBatchesST=1388 batchSizeST=200 stDevStdStateMeanST=0.0
95% c.i. = 0.0 +/- 0.0



REPORT for Queue : Persistence----------------------------------------

totArrivThrPut=0.16697246468169658 totDeptThrPut=0.16697246468169658
meanTotTkPop=0.05527905941121988 queueUtil=0.051226306904240265
meanST=0.33106691882760203



REPORT for Queue of Queueing Place : P/getProduct_product----------------------------------------

queueUtilQPl=0.011808333961297369

------------------ Color = product --------------------
arrivCnt=278204 deptCnt=278204
arrivThrPut=0.027848213558833247 deptThrPut=0.027848213558833247
meanTkPop=0.011949855461565182 tkColOcp=0.011808333961297369
-----
meanST=0.42910671581570003 stDevST=0.4349556681521274

Steady State Statistics: numBatchesST=695 batchSizeST=400 stDevStdStateMeanST=0.022797779469063487
95% c.i. = 0.42906838309867223 +/- 0.001694916224549325



REPORT for Depository of Queueing Place : P/getProduct_product----------------------------------------

tkOcp=0.0

------------------ Color = product --------------------
arrivCnt=278204 deptCnt=278204
arrivThrPut=0.027848213558833247 deptThrPut=0.027848213558833247
meanTkPop=0.0 tkColOcp=0.0
-----
meanST=0.0 stDevST=0.0

Steady State Statistics: numBatchesST=1391 batchSizeST=200 stDevStdStateMeanST=0.0
95% c.i. = 0.0 +/- 0.0



REPORT for Queue : Persistence----------------------------------------

totArrivThrPut=0.16697246468169658 totDeptThrPut=0.16697246468169658
meanTotTkPop=0.05527905941121988 queueUtil=0.051226306904240265
meanST=0.33106691882760203



REPORT for Queue of Queueing Place : R/getAds_product----------------------------------------

queueUtilQPl=0.0038370859017760792

------------------ Color = product --------------------
arrivCnt=278204 deptCnt=278204
arrivThrPut=0.027848213558833247 deptThrPut=0.027848213558833247
meanTkPop=0.003851610356667045 tkColOcp=0.0038370859017760792
-----
meanST=0.13830726874203184 stDevST=0.13802656485748066

Steady State Statistics: numBatchesST=695 batchSizeST=400 stDevStdStateMeanST=0.006737737703813745
95% c.i. = 0.13830359538777534 +/- 5.009216343393618E-4



REPORT for Depository of Queueing Place : R/getAds_product----------------------------------------

tkOcp=0.0

------------------ Color = product --------------------
arrivCnt=278204 deptCnt=278204
arrivThrPut=0.027848213558833247 deptThrPut=0.027848213558833247
meanTkPop=0.0 tkColOcp=0.0
-----
meanST=0.0 stDevST=0.0

Steady State Statistics: numBatchesST=1391 batchSizeST=200 stDevStdStateMeanST=0.0
95% c.i. = 0.0 +/- 0.0



REPORT for Queue : Recommender----------------------------------------

totArrivThrPut=0.027848213558833247 totDeptThrPut=0.027848213558833247
meanTotTkPop=0.003851610356667045 queueUtil=0.0038370859017760792
meanST=0.13830726874203184



REPORT for Queue of Queueing Place : I/productImages_category----------------------------------------

queueUtilQPl=0.004147566660298346

------------------ Color = category --------------------
arrivCnt=277772 deptCnt=277772
arrivThrPut=0.027804970369456332 deptThrPut=0.027804970369456332
meanTkPop=0.004197995595007071 tkColOcp=0.004147566660298346
-----
meanST=0.15098004202941195 stDevST=0.30215632614002425

Steady State Statistics: numBatchesST=694 batchSizeST=400 stDevStdStateMeanST=0.015587050660409989
95% c.i. = 0.15096745942328868 +/- 0.0011596643400948498



REPORT for Depository of Queueing Place : I/productImages_category----------------------------------------

tkOcp=0.0

------------------ Color = category --------------------
arrivCnt=277772 deptCnt=277772
arrivThrPut=0.027804970369456332 deptThrPut=0.027804970369456332
meanTkPop=0.0 tkColOcp=0.0
-----
meanST=0.0 stDevST=0.0

Steady State Statistics: numBatchesST=1388 batchSizeST=200 stDevStdStateMeanST=0.0
95% c.i. = 0.0 +/- 0.0



REPORT for Queue : ImageProvider----------------------------------------

totArrivThrPut=0.16697246468169655 totDeptThrPut=0.16697246468169655
meanTotTkPop=0.08018531437045685 queueUtil=0.07136071452298985
meanST=0.4802307645354338



REPORT for Queue of Queueing Place : I/product_product----------------------------------------

queueUtilQPl=0.023437710366181638

------------------ Color = product --------------------
arrivCnt=278204 deptCnt=278204
arrivThrPut=0.027848213558833247 deptThrPut=0.027848213558833247
meanTkPop=0.023993814024930976 tkColOcp=0.023437710366181638
-----
meanST=0.8615925748429316 stDevST=0.8534321559188387

Steady State Statistics: numBatchesST=695 batchSizeST=400 stDevStdStateMeanST=0.0450409423485274
95% c.i. = 0.861573199653921 +/- 0.003348599106290323



REPORT for Depository of Queueing Place : I/product_product----------------------------------------

tkOcp=0.0

------------------ Color = product --------------------
arrivCnt=278204 deptCnt=278204
arrivThrPut=0.027848213558833247 deptThrPut=0.027848213558833247
meanTkPop=0.0 tkColOcp=0.0
-----
meanST=0.0 stDevST=0.0

Steady State Statistics: numBatchesST=1391 batchSizeST=200 stDevStdStateMeanST=0.0
95% c.i. = 0.0 +/- 0.0



REPORT for Queue : ImageProvider----------------------------------------

totArrivThrPut=0.16697246468169655 totDeptThrPut=0.16697246468169655
meanTotTkPop=0.08018531437045685 queueUtil=0.07136071452298985
meanST=0.4802307645354338



REPORT for Queue of Queueing Place : Workload----------------------------------------

queueUtilQPl=1.0

------------------ Color = workload --------------------
arrivCnt=1668057 deptCnt=1668057
arrivThrPut=0.16697246468169658 deptThrPut=0.16697246468169658
meanTkPop=1.0 tkColOcp=1.0
-----
meanST=5.989011433150507 stDevST=5.989578510774524

Steady State Statistics: numBatchesST=4170 batchSizeST=400 stDevStdStateMeanST=0.3042887471688145
95% c.i. = 5.988986399179612 +/- 0.00923561787551869



REPORT for Depository of Queueing Place : Workload----------------------------------------

tkOcp=0.0

------------------ Color = workload --------------------
arrivCnt=1668057 deptCnt=1668057
arrivThrPut=0.16697246468169658 deptThrPut=0.16697246468169658
meanTkPop=0.0 tkColOcp=0.0
-----
meanST=0.0 stDevST=0.0

Steady State Statistics: numBatchesST=8340 batchSizeST=200 stDevStdStateMeanST=0.0
95% c.i. = 0.0 +/- 0.0



REPORT for Queue : Workload----------------------------------------

totArrivThrPut=0.16697246468169658 totDeptThrPut=0.16697246468169658
meanTotTkPop=1.0 queueUtil=1.0
meanST=5.989011433150507



REPORT for Queue of Queueing Place : I/icon_index----------------------------------------

queueUtilQPl=0.01066468748861874

------------------ Color = index --------------------
arrivCnt=278065 deptCnt=278065
arrivThrPut=0.027834299662251323 deptThrPut=0.027834299662251323
meanTkPop=0.010786317253089345 tkColOcp=0.01066468748861874
-----
meanST=0.38751890236051706 stDevST=0.42408675185212563

Steady State Statistics: numBatchesST=695 batchSizeST=400 stDevStdStateMeanST=0.02106541667025706
95% c.i. = 0.3874953574504697 +/- 0.0015661225488982767



REPORT for Depository of Queueing Place : I/icon_index----------------------------------------

tkOcp=0.0

------------------ Color = index --------------------
arrivCnt=278065 deptCnt=278065
arrivThrPut=0.027834299662251323 deptThrPut=0.027834299662251323
meanTkPop=0.0 tkColOcp=0.0
-----
meanST=0.0 stDevST=0.0

Steady State Statistics: numBatchesST=1390 batchSizeST=200 stDevStdStateMeanST=0.0
95% c.i. = 0.0 +/- 0.0



REPORT for Queue : ImageProvider----------------------------------------

totArrivThrPut=0.16697246468169655 totDeptThrPut=0.16697246468169655
meanTotTkPop=0.08018531437045685 queueUtil=0.07136071452298985
meanST=0.4802307645354338



REPORT for Queue of Queueing Place : P/categories_login----------------------------------------

queueUtilQPl=0.01540041542734785

------------------ Color = login --------------------
arrivCnt=277650 deptCnt=277650
arrivThrPut=0.02779275817245637 deptThrPut=0.02779275817245637
meanTkPop=0.01565015170884363 tkColOcp=0.01540041542734785
-----
meanST=0.5631017839875101 stDevST=0.5605904953169748

Steady State Statistics: numBatchesST=694 batchSizeST=400 stDevStdStateMeanST=0.029433323913154646
95% c.i. = 0.5630968373012978 +/- 0.0021898162068107784



REPORT for Depository of Queueing Place : P/categories_login----------------------------------------

tkOcp=0.0

------------------ Color = login --------------------
arrivCnt=277650 deptCnt=277650
arrivThrPut=0.02779275817245637 deptThrPut=0.02779275817245637
meanTkPop=0.0 tkColOcp=0.0
-----
meanST=0.0 stDevST=0.0

Steady State Statistics: numBatchesST=1388 batchSizeST=200 stDevStdStateMeanST=0.0
95% c.i. = 0.0 +/- 0.0



REPORT for Queue : Persistence----------------------------------------

totArrivThrPut=0.16697246468169658 totDeptThrPut=0.16697246468169658
meanTotTkPop=0.05527905941121988 queueUtil=0.051226306904240265
meanST=0.33106691882760203



REPORT for Queue of Queueing Place : I/icon_login----------------------------------------

queueUtilQPl=0.018974839461212603

------------------ Color = login --------------------
arrivCnt=277650 deptCnt=277650
arrivThrPut=0.02779275817245637 deptThrPut=0.02779275817245637
meanTkPop=0.01934198877220358 tkColOcp=0.018974839461212603
-----
meanST=0.6959362813933377 stDevST=0.6982401230388463

Steady State Statistics: numBatchesST=694 batchSizeST=400 stDevStdStateMeanST=0.03545192193327348
95% c.i. = 0.6959336785925113 +/- 0.0026375951775319587



REPORT for Depository of Queueing Place : I/icon_login----------------------------------------

tkOcp=0.0

------------------ Color = login --------------------
arrivCnt=277650 deptCnt=277650
arrivThrPut=0.02779275817245637 deptThrPut=0.02779275817245637
meanTkPop=0.0 tkColOcp=0.0
-----
meanST=0.0 stDevST=0.0

Steady State Statistics: numBatchesST=1388 batchSizeST=200 stDevStdStateMeanST=0.0
95% c.i. = 0.0 +/- 0.0



REPORT for Queue : ImageProvider----------------------------------------

totArrivThrPut=0.16697246468169655 totDeptThrPut=0.16697246468169655
meanTotTkPop=0.08018531437045685 queueUtil=0.07136071452298985
meanST=0.4802307645354338



REPORT for Queue of Queueing Place : A/isLoggedIn_login----------------------------------------

queueUtilQPl=0.003871352984672205

------------------ Color = login --------------------
arrivCnt=277650 deptCnt=277650
arrivThrPut=0.02779275817245637 deptThrPut=0.02779275817245637
meanTkPop=0.0038997680312291977 tkColOcp=0.003871352984672205
-----
meanST=0.140315977530219 stDevST=0.2235037369193711

Steady State Statistics: numBatchesST=173 batchSizeST=1600 stDevStdStateMeanST=0.005756590894023496
95% c.i. = 0.1403116969666614 +/- 8.638957634820316E-4



REPORT for Depository of Queueing Place : A/isLoggedIn_login----------------------------------------

tkOcp=0.0

------------------ Color = login --------------------
arrivCnt=277650 deptCnt=277650
arrivThrPut=0.02779275817245637 deptThrPut=0.02779275817245637
meanTkPop=0.0 tkColOcp=0.0
-----
meanST=0.0 stDevST=0.0

Steady State Statistics: numBatchesST=1388 batchSizeST=200 stDevStdStateMeanST=0.0
95% c.i. = 0.0 +/- 0.0



REPORT for Queue : Auth----------------------------------------

totArrivThrPut=0.16697246468169655 totDeptThrPut=0.16697246468169655
meanTotTkPop=0.0692701563897123 queueUtil=0.06299313212031594
meanST=0.4148597585941107



REPORT for Queue of Queueing Place : A/isLoggedIn_category----------------------------------------

queueUtilQPl=0.0041607561398384575

------------------ Color = category --------------------
arrivCnt=277772 deptCnt=277772
arrivThrPut=0.027804970369456332 deptThrPut=0.027804970369456332
meanTkPop=0.004206419956295063 tkColOcp=0.0041607561398384575
-----
meanST=0.15128302243816819 stDevST=0.25324250558098726

Steady State Statistics: numBatchesST=694 batchSizeST=400 stDevStdStateMeanST=0.012995818563609988
95% c.i. = 0.15128787892757328 +/- 9.668787050804878E-4



REPORT for Depository of Queueing Place : A/isLoggedIn_category----------------------------------------

tkOcp=0.0

------------------ Color = category --------------------
arrivCnt=277772 deptCnt=277772
arrivThrPut=0.027804970369456332 deptThrPut=0.027804970369456332
meanTkPop=0.0 tkColOcp=0.0
-----
meanST=0.0 stDevST=0.0

Steady State Statistics: numBatchesST=1388 batchSizeST=200 stDevStdStateMeanST=0.0
95% c.i. = 0.0 +/- 0.0



REPORT for Queue : Auth----------------------------------------

totArrivThrPut=0.16697246468169655 totDeptThrPut=0.16697246468169655
meanTotTkPop=0.0692701563897123 queueUtil=0.06299313212031594
meanST=0.4148597585941107



REPORT for Queue of Queueing Place : I/icon_logout----------------------------------------

queueUtilQPl=0.01678060971443673

------------------ Color = logout --------------------
arrivCnt=278165 deptCnt=278165
arrivThrPut=0.027844309659792277 deptThrPut=0.027844309659792277
meanTkPop=0.017069464085707538 tkColOcp=0.01678060971443673
-----
meanST=0.6130324039010446 stDevST=0.6211621200404596

Steady State Statistics: numBatchesST=347 batchSizeST=800 stDevStdStateMeanST=0.02305665501845786
95% c.i. = 0.6130449237600033 +/- 0.0024259377644095634



REPORT for Depository of Queueing Place : I/icon_logout----------------------------------------

tkOcp=0.0

------------------ Color = logout --------------------
arrivCnt=278165 deptCnt=278165
arrivThrPut=0.027844309659792277 deptThrPut=0.027844309659792277
meanTkPop=0.0 tkColOcp=0.0
-----
meanST=0.0 stDevST=0.0

Steady State Statistics: numBatchesST=1390 batchSizeST=200 stDevStdStateMeanST=0.0
95% c.i. = 0.0 +/- 0.0



REPORT for Queue : ImageProvider----------------------------------------

totArrivThrPut=0.16697246468169655 totDeptThrPut=0.16697246468169655
meanTotTkPop=0.08018531437045685 queueUtil=0.07136071452298985
meanST=0.4802307645354338



REPORT for Queue of Queueing Place : I/icon_loginAction----------------------------------------

queueUtilQPl=0.004728062665342068

------------------ Color = loginAction --------------------
arrivCnt=278201 deptCnt=278201
arrivThrPut=0.02784791325890702 deptThrPut=0.02784791325890702
meanTkPop=0.004795734639518341 tkColOcp=0.004728062665342068
-----
meanST=0.17221163377419127 stDevST=0.3249078026585263

Steady State Statistics: numBatchesST=695 batchSizeST=400 stDevStdStateMeanST=0.016286188903106246
95% c.i. = 0.17221184252650912 +/- 0.0012108076510437393



REPORT for Depository of Queueing Place : I/icon_loginAction----------------------------------------

tkOcp=0.0

------------------ Color = loginAction --------------------
arrivCnt=278201 deptCnt=278201
arrivThrPut=0.02784791325890702 deptThrPut=0.02784791325890702
meanTkPop=0.0 tkColOcp=0.0
-----
meanST=0.0 stDevST=0.0

Steady State Statistics: numBatchesST=1391 batchSizeST=200 stDevStdStateMeanST=0.0
95% c.i. = 0.0 +/- 0.0



REPORT for Queue : ImageProvider----------------------------------------

totArrivThrPut=0.16697246468169655 totDeptThrPut=0.16697246468169655
meanTotTkPop=0.08018531437045685 queueUtil=0.07136071452298985
meanST=0.4802307645354338



REPORT for Queue of Queueing Place : A/isLoggedIn_product----------------------------------------

queueUtilQPl=0.017239440851238713

------------------ Color = product --------------------
arrivCnt=278204 deptCnt=278204
arrivThrPut=0.027848213558833247 deptThrPut=0.027848213558833247
meanTkPop=0.01753283554370796 tkColOcp=0.017239440851238713
-----
meanST=0.6295856467298124 stDevST=0.6260957859302687

Steady State Statistics: numBatchesST=695 batchSizeST=400 stDevStdStateMeanST=0.031162287952416327
95% c.i. = 0.6296047710187003 +/- 0.0023167812249566466



REPORT for Depository of Queueing Place : A/isLoggedIn_product----------------------------------------

tkOcp=0.0

------------------ Color = product --------------------
arrivCnt=278204 deptCnt=278204
arrivThrPut=0.027848213558833247 deptThrPut=0.027848213558833247
meanTkPop=0.0 tkColOcp=0.0
-----
meanST=0.0 stDevST=0.0

Steady State Statistics: numBatchesST=1391 batchSizeST=200 stDevStdStateMeanST=0.0
95% c.i. = 0.0 +/- 0.0



REPORT for Queue : Auth----------------------------------------

totArrivThrPut=0.16697246468169655 totDeptThrPut=0.16697246468169655
meanTotTkPop=0.0692701563897123 queueUtil=0.06299313212031594
meanST=0.4148597585941107



REPORT for Queue of Queueing Place : P/category_logout----------------------------------------

queueUtilQPl=0.016971890938791798

------------------ Color = logout --------------------
arrivCnt=278165 deptCnt=278165
arrivThrPut=0.027844309659792277 deptThrPut=0.027844309659792277
meanTkPop=0.01725999340569737 tkColOcp=0.016971890938791798
-----
meanST=0.6198750702238143 stDevST=0.617340395730365

Steady State Statistics: numBatchesST=695 batchSizeST=400 stDevStdStateMeanST=0.03121360438185285
95% c.i. = 0.6198797044888709 +/- 0.0023205963793648176



REPORT for Depository of Queueing Place : P/category_logout----------------------------------------

tkOcp=0.0

------------------ Color = logout --------------------
arrivCnt=278165 deptCnt=278165
arrivThrPut=0.027844309659792277 deptThrPut=0.027844309659792277
meanTkPop=0.0 tkColOcp=0.0
-----
meanST=0.0 stDevST=0.0

Steady State Statistics: numBatchesST=1390 batchSizeST=200 stDevStdStateMeanST=0.0
95% c.i. = 0.0 +/- 0.0



REPORT for Queue : Persistence----------------------------------------

totArrivThrPut=0.16697246468169658 totDeptThrPut=0.16697246468169658
meanTotTkPop=0.05527905941121988 queueUtil=0.051226306904240265
meanST=0.33106691882760203



REPORT for Ordinary Place : Finish_index----------------------------------------

tkOcp=1.0

------------------ Color = index --------------------
arrivCnt=278065 deptCnt=0
arrivThrPut=0.027834299662251323 deptThrPut=0.0
meanTkPop=139076.5728532316 tkColOcp=1.0
-----
meanST=NaN stDevST=NaN

Steady State Statistics: Only 0 batches collected!
Need at least 60 for steady state statistics.



REPORT for Ordinary Place : Finish_login----------------------------------------

tkOcp=1.0

------------------ Color = login --------------------
arrivCnt=277650 deptCnt=0
arrivThrPut=0.02779275817245637 deptThrPut=0.0
meanTkPop=139217.29566924408 tkColOcp=1.0
-----
meanST=NaN stDevST=NaN

Steady State Statistics: Only 0 batches collected!
Need at least 60 for steady state statistics.



REPORT for Ordinary Place : Finish_loginAction----------------------------------------

tkOcp=1.0

------------------ Color = loginAction --------------------
arrivCnt=278201 deptCnt=0
arrivThrPut=0.02784791325890702 deptThrPut=0.0
meanTkPop=139308.37012814044 tkColOcp=1.0
-----
meanST=NaN stDevST=NaN

Steady State Statistics: Only 0 batches collected!
Need at least 60 for steady state statistics.



REPORT for Ordinary Place : Finish_category----------------------------------------

tkOcp=1.0

------------------ Color = category --------------------
arrivCnt=277772 deptCnt=0
arrivThrPut=0.027804970369456332 deptThrPut=0.0
meanTkPop=139158.87745839733 tkColOcp=1.0
-----
meanST=NaN stDevST=NaN

Steady State Statistics: Only 0 batches collected!
Need at least 60 for steady state statistics.



REPORT for Ordinary Place : Finish_product----------------------------------------

tkOcp=1.0

------------------ Color = product --------------------
arrivCnt=278204 deptCnt=0
arrivThrPut=0.027848213558833247 deptThrPut=0.0
meanTkPop=139514.5872059364 tkColOcp=1.0
-----
meanST=NaN stDevST=NaN

Steady State Statistics: Only 0 batches collected!
Need at least 60 for steady state statistics.



REPORT for Ordinary Place : Finish_logout----------------------------------------

tkOcp=1.0

------------------ Color = logout --------------------
arrivCnt=278165 deptCnt=0
arrivThrPut=0.027844309659792277 deptThrPut=0.0
meanTkPop=139490.94436891458 tkColOcp=1.0
-----
meanST=NaN stDevST=NaN

Steady State Statistics: Only 0 batches collected!
Need at least 60 for steady state statistics.



REPORT REPORT for Probe : /index----------------------------------------


------------------ Color = index --------------------
-----
meanST=1.8604241622075253 stDevST=1.0538786227726071

Steady State Statistics: numBatchesST=695 batchSizeST=400 stDevStdStateMeanST=0.0547225811592453
95% c.i. = 1.860346250044097 +/- 0.004068387045408689



REPORT REPORT for Probe : /login----------------------------------------


------------------ Color = login --------------------
-----
meanST=1.6592586163869187 stDevST=0.9798107063421158

Steady State Statistics: numBatchesST=347 batchSizeST=800 stDevStdStateMeanST=0.035502647679653956
95% c.i. = 1.6592419702713013 +/- 0.0037354600514971272



REPORT REPORT for Probe : /loginAction----------------------------------------


------------------ Color = loginAction --------------------
-----
meanST=0.8604939516468338 stDevST=0.663525137247669

Steady State Statistics: numBatchesST=695 batchSizeST=400 stDevStdStateMeanST=0.03583056758378386
95% c.i. = 0.8604991811416159 +/- 0.0026638476091488



REPORT REPORT for Probe : /logout----------------------------------------


------------------ Color = logout --------------------
-----
meanST=2.14324321325266 stDevST=1.105010531811626

Steady State Statistics: numBatchesST=695 batchSizeST=400 stDevStdStateMeanST=0.05794409029275911
95% c.i. = 2.1432323485728544 +/- 0.004307892305354547



REPORT REPORT for Probe : /category----------------------------------------


------------------ Color = category --------------------
-----
meanST=0.8829811890282173 stDevST=0.675221881251159

Steady State Statistics: numBatchesST=694 batchSizeST=400 stDevStdStateMeanST=0.03477251025136859
95% c.i. = 0.8830040196529481 +/- 0.0025870474814402183



REPORT REPORT for Probe : /product----------------------------------------


------------------ Color = product --------------------
-----
meanST=2.602946596292526 stDevST=1.2786727957226247

Steady State Statistics: numBatchesST=695 batchSizeST=400 stDevStdStateMeanST=0.06617657850141724
95% c.i. = 2.602927849253747 +/- 0.004919942169781052



