INFO Logging to /home/yjx/workloadConfig/qpme/output/SimQPN_Output_config_2025-08-14_083806740.log
WARN Batch means correlation test was run for depository of place Workload, color 0
    However, the standard deviation of the token residence time is 0 and therefore the result of the test is ignored!
    In future runs, you should set numBMeansCorlTested to 0 to switch off the correlation test!
WARN Batch means correlation test was run for depository of place W/product, color 0
    However, the standard deviation of the token residence time is 0 and therefore the result of the test is ignored!
    In future runs, you should set numBMeansCorlTested to 0 to switch off the correlation test!
WARN Batch means correlation test was run for depository of place P/getProduct_product, color 0
    However, the standard deviation of the token residence time is 0 and therefore the result of the test is ignored!
    In future runs, you should set numBMeansCorlTested to 0 to switch off the correlation test!
WARN Batch means correlation test was run for depository of place R/getAds_product, color 0
    However, the standard deviation of the token residence time is 0 and therefore the result of the test is ignored!
    In future runs, you should set numBMeansCorlTested to 0 to switch off the correlation test!
WARN Batch means correlation test was run for depository of place I/product_product, color 0
    However, the standard deviation of the token residence time is 0 and therefore the result of the test is ignored!
    In future runs, you should set numBMeansCorlTested to 0 to switch off the correlation test!
WARN Batch means correlation test was run for depository of place A/isLoggedIn_product, color 0
    However, the standard deviation of the token residence time is 0 and therefore the result of the test is ignored!
    In future runs, you should set numBMeansCorlTested to 0 to switch off the correlation test!
WARN Batch means correlation test was run for depository of place W/index, color 0
    However, the standard deviation of the token residence time is 0 and therefore the result of the test is ignored!
    In future runs, you should set numBMeansCorlTested to 0 to switch off the correlation test!
WARN Batch means correlation test was run for depository of place P/categories_index, color 0
    However, the standard deviation of the token residence time is 0 and therefore the result of the test is ignored!
    In future runs, you should set numBMeansCorlTested to 0 to switch off the correlation test!
WARN Batch means correlation test was run for depository of place A/isLoggedIn_index, color 0
    However, the standard deviation of the token residence time is 0 and therefore the result of the test is ignored!
    In future runs, you should set numBMeansCorlTested to 0 to switch off the correlation test!
WARN Batch means correlation test was run for depository of place I/icon_index, color 0
    However, the standard deviation of the token residence time is 0 and therefore the result of the test is ignored!
    In future runs, you should set numBMeansCorlTested to 0 to switch off the correlation test!
WARN Batch means correlation test was run for depository of place W/category, color 0
    However, the standard deviation of the token residence time is 0 and therefore the result of the test is ignored!
    In future runs, you should set numBMeansCorlTested to 0 to switch off the correlation test!
WARN Batch means correlation test was run for depository of place P/category_category, color 0
    However, the standard deviation of the token residence time is 0 and therefore the result of the test is ignored!
    In future runs, you should set numBMeansCorlTested to 0 to switch off the correlation test!
WARN Batch means correlation test was run for depository of place I/productImages_category, color 0
    However, the standard deviation of the token residence time is 0 and therefore the result of the test is ignored!
    In future runs, you should set numBMeansCorlTested to 0 to switch off the correlation test!
WARN Batch means correlation test was run for depository of place A/isLoggedIn_category, color 0
    However, the standard deviation of the token residence time is 0 and therefore the result of the test is ignored!
    In future runs, you should set numBMeansCorlTested to 0 to switch off the correlation test!
WARN Batch means correlation test was run for depository of place W/login, color 0
    However, the standard deviation of the token residence time is 0 and therefore the result of the test is ignored!
    In future runs, you should set numBMeansCorlTested to 0 to switch off the correlation test!
WARN Batch means correlation test was run for depository of place P/categories_login, color 0
    However, the standard deviation of the token residence time is 0 and therefore the result of the test is ignored!
    In future runs, you should set numBMeansCorlTested to 0 to switch off the correlation test!
WARN Batch means correlation test was run for depository of place I/icon_login, color 0
    However, the standard deviation of the token residence time is 0 and therefore the result of the test is ignored!
    In future runs, you should set numBMeansCorlTested to 0 to switch off the correlation test!
WARN Batch means correlation test was run for depository of place A/isLoggedIn_login, color 0
    However, the standard deviation of the token residence time is 0 and therefore the result of the test is ignored!
    In future runs, you should set numBMeansCorlTested to 0 to switch off the correlation test!
WARN Batch means correlation test was run for depository of place W/loginAction, color 0
    However, the standard deviation of the token residence time is 0 and therefore the result of the test is ignored!
    In future runs, you should set numBMeansCorlTested to 0 to switch off the correlation test!
WARN Batch means correlation test was run for depository of place A/login_loginAction, color 0
    However, the standard deviation of the token residence time is 0 and therefore the result of the test is ignored!
    In future runs, you should set numBMeansCorlTested to 0 to switch off the correlation test!
WARN Batch means correlation test was run for depository of place P/getUser_loginAction, color 0
    However, the standard deviation of the token residence time is 0 and therefore the result of the test is ignored!
    In future runs, you should set numBMeansCorlTested to 0 to switch off the correlation test!
WARN Batch means correlation test was run for depository of place I/icon_loginAction, color 0
    However, the standard deviation of the token residence time is 0 and therefore the result of the test is ignored!
    In future runs, you should set numBMeansCorlTested to 0 to switch off the correlation test!
WARN Batch means correlation test was run for depository of place W/logout, color 0
    However, the standard deviation of the token residence time is 0 and therefore the result of the test is ignored!
    In future runs, you should set numBMeansCorlTested to 0 to switch off the correlation test!
WARN Batch means correlation test was run for depository of place A/logout_logout, color 0
    However, the standard deviation of the token residence time is 0 and therefore the result of the test is ignored!
    In future runs, you should set numBMeansCorlTested to 0 to switch off the correlation test!
WARN Batch means correlation test was run for depository of place P/category_logout, color 0
    However, the standard deviation of the token residence time is 0 and therefore the result of the test is ignored!
    In future runs, you should set numBMeansCorlTested to 0 to switch off the correlation test!
WARN Batch means correlation test was run for depository of place I/icon_logout, color 0
    However, the standard deviation of the token residence time is 0 and therefore the result of the test is ignored!
    In future runs, you should set numBMeansCorlTested to 0 to switch off the correlation test!
WARN LP-1 The simulation was stopped because of reaching max totalRunLen.
The required precision may not have been reached!
REPORT for Queue of Queueing Place : W/index----------------------------------------

queueUtilQPl=0.028060964745705273

------------------ Color = index --------------------
arrivCnt=277037 deptCnt=277037
arrivThrPut=0.02773143013644711 deptThrPut=0.02773143013644711
meanTkPop=0.028869639590624042 tkColOcp=0.028060964745705273
-----
meanST=1.0410440229218831 stDevST=1.0377461130242285

Steady State Statistics: numBatchesST=692 batchSizeST=400 stDevStdStateMeanST=0.05311753739152777
95% c.i. = 1.0409772299772733 +/- 0.0039576098300813265



REPORT for Depository of Queueing Place : W/index----------------------------------------

tkOcp=0.0

------------------ Color = index --------------------
arrivCnt=277037 deptCnt=277037
arrivThrPut=0.02773143013644711 deptThrPut=0.02773143013644711
meanTkPop=0.0 tkColOcp=0.0
-----
meanST=0.0 stDevST=0.0

Steady State Statistics: numBatchesST=1385 batchSizeST=200 stDevStdStateMeanST=0.0
95% c.i. = 0.0 +/- 0.0



REPORT for Queue : WebUI----------------------------------------

totArrivThrPut=0.16660599822594724 totDeptThrPut=0.16660599822594724
meanTotTkPop=0.11067586575961447 queueUtil=0.09591373866105862
meanST=0.6642970057387633



REPORT for Queue of Queueing Place : P/categories_index----------------------------------------

queueUtilQPl=0.0075443085861953176

------------------ Color = index --------------------
arrivCnt=277037 deptCnt=277037
arrivThrPut=0.02773143013644711 deptThrPut=0.02773143013644711
meanTkPop=0.007599435413595986 tkColOcp=0.0075443085861953176
-----
meanST=0.2740369096077787 stDevST=0.28350729875557446

Steady State Statistics: numBatchesST=692 batchSizeST=400 stDevStdStateMeanST=0.013892685359792082
95% c.i. = 0.2740185804370639 +/- 0.0010350974620843335



REPORT for Depository of Queueing Place : P/categories_index----------------------------------------

tkOcp=0.0

------------------ Color = index --------------------
arrivCnt=277037 deptCnt=277037
arrivThrPut=0.02773143013644711 deptThrPut=0.02773143013644711
meanTkPop=0.0 tkColOcp=0.0
-----
meanST=0.0 stDevST=0.0

Steady State Statistics: numBatchesST=1385 batchSizeST=200 stDevStdStateMeanST=0.0
95% c.i. = 0.0 +/- 0.0



REPORT for Queue : Persistence----------------------------------------

totArrivThrPut=0.1666059982259472 totDeptThrPut=0.1666059982259472
meanTotTkPop=0.05493669659564859 queueUtil=0.05098864389603769
meanST=0.3297402085196518



REPORT for Queue of Queueing Place : A/isLoggedIn_index----------------------------------------

queueUtilQPl=0.022567090112473157

------------------ Color = index --------------------
arrivCnt=277037 deptCnt=277037
arrivThrPut=0.02773143013644711 deptThrPut=0.02773143013644711
meanTkPop=0.023073542411036013 tkColOcp=0.022567090112473157
-----
meanST=0.8320357910683703 stDevST=0.8272851314854535

Steady State Statistics: numBatchesST=692 batchSizeST=400 stDevStdStateMeanST=0.04300451477554865
95% c.i. = 0.8320981634734268 +/- 0.003204122381636146



REPORT for Depository of Queueing Place : A/isLoggedIn_index----------------------------------------

tkOcp=0.0

------------------ Color = index --------------------
arrivCnt=277037 deptCnt=277037
arrivThrPut=0.02773143013644711 deptThrPut=0.02773143013644711
meanTkPop=0.0 tkColOcp=0.0
-----
meanST=0.0 stDevST=0.0

Steady State Statistics: numBatchesST=1385 batchSizeST=200 stDevStdStateMeanST=0.0
95% c.i. = 0.0 +/- 0.0



REPORT for Queue : Auth----------------------------------------

totArrivThrPut=0.16660599822594724 totDeptThrPut=0.16660599822594724
meanTotTkPop=0.05849638679164558 queueUtil=0.05331749487172219
meanST=0.35110612711742895



REPORT for Queue of Queueing Place : W/login----------------------------------------

queueUtilQPl=0.013350337336578791

------------------ Color = login --------------------
arrivCnt=277608 deptCnt=277608
arrivThrPut=0.02778858729093518 deptThrPut=0.02778858729093518
meanTkPop=0.013567365417971563 tkColOcp=0.013350337336578791
-----
meanST=0.4882351620083014 stDevST=0.5773448779666799

Steady State Statistics: numBatchesST=694 batchSizeST=400 stDevStdStateMeanST=0.03116514061927701
95% c.i. = 0.48823914284931824 +/- 0.002318662011025147



REPORT for Depository of Queueing Place : W/login----------------------------------------

tkOcp=0.0

------------------ Color = login --------------------
arrivCnt=277608 deptCnt=277608
arrivThrPut=0.02778858729093518 deptThrPut=0.02778858729093518
meanTkPop=0.0 tkColOcp=0.0
-----
meanST=0.0 stDevST=0.0

Steady State Statistics: numBatchesST=1388 batchSizeST=200 stDevStdStateMeanST=0.0
95% c.i. = 0.0 +/- 0.0



REPORT for Queue : WebUI----------------------------------------

totArrivThrPut=0.16660599822594724 totDeptThrPut=0.16660599822594724
meanTotTkPop=0.11067586575961447 queueUtil=0.09591373866105862
meanST=0.6642970057387633



REPORT for Queue of Queueing Place : W/loginAction----------------------------------------

queueUtilQPl=0.004816155298366629

------------------ Color = loginAction --------------------
arrivCnt=277136 deptCnt=277136
arrivThrPut=0.02774134004589425 deptThrPut=0.02774134004589425
meanTkPop=0.004898555008887679 tkColOcp=0.004816155298366629
-----
meanST=0.1765796100975544 stDevST=0.42641795172570407

Steady State Statistics: numBatchesST=692 batchSizeST=400 stDevStdStateMeanST=0.02274940730832215
95% c.i. = 0.176563272551998 +/- 0.001694982154920081



REPORT for Depository of Queueing Place : W/loginAction----------------------------------------

tkOcp=0.0

------------------ Color = loginAction --------------------
arrivCnt=277136 deptCnt=277136
arrivThrPut=0.02774134004589425 deptThrPut=0.02774134004589425
meanTkPop=0.0 tkColOcp=0.0
-----
meanST=0.0 stDevST=0.0

Steady State Statistics: numBatchesST=1385 batchSizeST=200 stDevStdStateMeanST=0.0
95% c.i. = 0.0 +/- 0.0



REPORT for Queue : WebUI----------------------------------------

totArrivThrPut=0.16660599822594724 totDeptThrPut=0.16660599822594724
meanTotTkPop=0.11067586575961447 queueUtil=0.09591373866105862
meanST=0.6642970057387633



REPORT for Queue of Queueing Place : A/login_loginAction----------------------------------------

queueUtilQPl=0.003719556063105912

------------------ Color = loginAction --------------------
arrivCnt=277136 deptCnt=277136
arrivThrPut=0.02774134004589425 deptThrPut=0.02774134004589425
meanTkPop=0.0037560824316642386 tkColOcp=0.003719556063105912
-----
meanST=0.1353965751276007 stDevST=0.2400053108491778

Steady State Statistics: numBatchesST=692 batchSizeST=400 stDevStdStateMeanST=0.012045199883217412
95% c.i. = 0.13539844982563107 +/- 8.974475061172369E-4



REPORT for Depository of Queueing Place : A/login_loginAction----------------------------------------

tkOcp=0.0

------------------ Color = loginAction --------------------
arrivCnt=277136 deptCnt=277136
arrivThrPut=0.02774134004589425 deptThrPut=0.02774134004589425
meanTkPop=0.0 tkColOcp=0.0
-----
meanST=0.0 stDevST=0.0

Steady State Statistics: numBatchesST=1385 batchSizeST=200 stDevStdStateMeanST=0.0
95% c.i. = 0.0 +/- 0.0



REPORT for Queue : Auth----------------------------------------

totArrivThrPut=0.16660599822594724 totDeptThrPut=0.16660599822594724
meanTotTkPop=0.05849638679164558 queueUtil=0.05331749487172219
meanST=0.35110612711742895



REPORT for Queue of Queueing Place : W/logout----------------------------------------

queueUtilQPl=0.03272578131177944

------------------ Color = logout --------------------
arrivCnt=277240 deptCnt=277240
arrivThrPut=0.027751750455818524 deptThrPut=0.027751750455818524
meanTkPop=0.0338527712705932 tkColOcp=0.03272578131177944
-----
meanST=1.219842738370239 stDevST=1.2062157591653841

Steady State Statistics: numBatchesST=693 batchSizeST=400 stDevStdStateMeanST=0.06647741011151179
95% c.i. = 1.2198652554173786 +/- 0.004949434316841503



REPORT for Depository of Queueing Place : W/logout----------------------------------------

tkOcp=0.0

------------------ Color = logout --------------------
arrivCnt=277240 deptCnt=277240
arrivThrPut=0.027751750455818524 deptThrPut=0.027751750455818524
meanTkPop=0.0 tkColOcp=0.0
-----
meanST=0.0 stDevST=0.0

Steady State Statistics: numBatchesST=1386 batchSizeST=200 stDevStdStateMeanST=0.0
95% c.i. = 0.0 +/- 0.0



REPORT for Queue : WebUI----------------------------------------

totArrivThrPut=0.16660599822594724 totDeptThrPut=0.16660599822594724
meanTotTkPop=0.11067586575961447 queueUtil=0.09591373866105862
meanST=0.6642970057387633



REPORT for Queue of Queueing Place : A/logout_logout----------------------------------------

queueUtilQPl=0.0036832413154669766

------------------ Color = logout --------------------
arrivCnt=277240 deptCnt=277240
arrivThrPut=0.027751750455818524 deptThrPut=0.027751750455818524
meanTkPop=0.003707689816556238 tkColOcp=0.0036832413154669766
-----
meanST=0.1336020162929532 stDevST=0.2155580504626127

Steady State Statistics: numBatchesST=693 batchSizeST=400 stDevStdStateMeanST=0.010822135541840383
95% c.i. = 0.13360383811936488 +/- 8.057391065994522E-4



REPORT for Depository of Queueing Place : A/logout_logout----------------------------------------

tkOcp=0.0

------------------ Color = logout --------------------
arrivCnt=277240 deptCnt=277240
arrivThrPut=0.027751750455818524 deptThrPut=0.027751750455818524
meanTkPop=0.0 tkColOcp=0.0
-----
meanST=0.0 stDevST=0.0

Steady State Statistics: numBatchesST=1386 batchSizeST=200 stDevStdStateMeanST=0.0
95% c.i. = 0.0 +/- 0.0



REPORT for Queue : Auth----------------------------------------

totArrivThrPut=0.16660599822594724 totDeptThrPut=0.16660599822594724
meanTotTkPop=0.05849638679164558 queueUtil=0.05331749487172219
meanST=0.35110612711742895



REPORT for Queue of Queueing Place : P/getUser_loginAction----------------------------------------

queueUtilQPl=0.003374418530628928

------------------ Color = loginAction --------------------
arrivCnt=277136 deptCnt=277136
arrivThrPut=0.02774134004589425 deptThrPut=0.02774134004589425
meanTkPop=0.0034027935548490403 tkColOcp=0.003374418530628928
-----
meanST=0.122661470182031 stDevST=0.18991854822534415

Steady State Statistics: numBatchesST=346 batchSizeST=800 stDevStdStateMeanST=0.007335876355136528
95% c.i. = 0.12264735201111528 +/- 7.729689422435131E-4



REPORT for Depository of Queueing Place : P/getUser_loginAction----------------------------------------

tkOcp=0.0

------------------ Color = loginAction --------------------
arrivCnt=277136 deptCnt=277136
arrivThrPut=0.02774134004589425 deptThrPut=0.02774134004589425
meanTkPop=0.0 tkColOcp=0.0
-----
meanST=0.0 stDevST=0.0

Steady State Statistics: numBatchesST=1385 batchSizeST=200 stDevStdStateMeanST=0.0
95% c.i. = 0.0 +/- 0.0



REPORT for Queue : Persistence----------------------------------------

totArrivThrPut=0.1666059982259472 totDeptThrPut=0.1666059982259472
meanTotTkPop=0.05493669659564859 queueUtil=0.05098864389603769
meanST=0.3297402085196518



REPORT for Queue of Queueing Place : W/category----------------------------------------

queueUtilQPl=0.007357686001873487

------------------ Color = category --------------------
arrivCnt=277704 deptCnt=277704
arrivThrPut=0.027798196900096044 deptThrPut=0.027798196900096044
meanTkPop=0.00746295410206644 tkColOcp=0.007357686001873487
-----
meanST=0.2684689992263727 stDevST=0.45938756311434975

Steady State Statistics: numBatchesST=694 batchSizeST=400 stDevStdStateMeanST=0.023920566884877946
95% c.i. = 0.26848367187431865 +/- 0.0017796714090179942



REPORT for Depository of Queueing Place : W/category----------------------------------------

tkOcp=0.0

------------------ Color = category --------------------
arrivCnt=277704 deptCnt=277704
arrivThrPut=0.027798196900096044 deptThrPut=0.027798196900096044
meanTkPop=0.0 tkColOcp=0.0
-----
meanST=0.0 stDevST=0.0

Steady State Statistics: numBatchesST=1388 batchSizeST=200 stDevStdStateMeanST=0.0
95% c.i. = 0.0 +/- 0.0



REPORT for Queue : WebUI----------------------------------------

totArrivThrPut=0.16660599822594724 totDeptThrPut=0.16660599822594724
meanTotTkPop=0.11067586575961447 queueUtil=0.09591373866105862
meanST=0.6642970057387633



REPORT for Queue of Queueing Place : W/product----------------------------------------

queueUtilQPl=0.021520720874200348

------------------ Color = product --------------------
arrivCnt=277669 deptCnt=277669
arrivThrPut=0.027794693396756144 deptThrPut=0.027794693396756144
meanTkPop=0.022024580369471546 tkColOcp=0.021520720874200348
-----
meanST=0.7924023501565944 stDevST=0.8208947394808364

Steady State Statistics: numBatchesST=694 batchSizeST=400 stDevStdStateMeanST=0.04332654160729221
95% c.i. = 0.7923539768189236 +/- 0.003223460703135419



REPORT for Depository of Queueing Place : W/product----------------------------------------

tkOcp=0.0

------------------ Color = product --------------------
arrivCnt=277669 deptCnt=277669
arrivThrPut=0.027794693396756144 deptThrPut=0.027794693396756144
meanTkPop=0.0 tkColOcp=0.0
-----
meanST=0.0 stDevST=0.0

Steady State Statistics: numBatchesST=1388 batchSizeST=200 stDevStdStateMeanST=0.0
95% c.i. = 0.0 +/- 0.0



REPORT for Queue : WebUI----------------------------------------

totArrivThrPut=0.16660599822594724 totDeptThrPut=0.16660599822594724
meanTotTkPop=0.11067586575961447 queueUtil=0.09591373866105862
meanST=0.6642970057387633



REPORT for Queue of Queueing Place : P/category_category----------------------------------------

queueUtilQPl=0.014854978410169709

------------------ Color = category --------------------
arrivCnt=277704 deptCnt=277704
arrivThrPut=0.027798196900096044 deptThrPut=0.027798196900096044
meanTkPop=0.01509713964813327 tkColOcp=0.014854978410169709
-----
meanST=0.5430978024362835 stDevST=0.5364311171434991

Steady State Statistics: numBatchesST=347 batchSizeST=800 stDevStdStateMeanST=0.019813363035938683
95% c.i. = 0.543118253621768 +/- 0.0020846903243493583



REPORT for Depository of Queueing Place : P/category_category----------------------------------------

tkOcp=0.0

------------------ Color = category --------------------
arrivCnt=277704 deptCnt=277704
arrivThrPut=0.027798196900096044 deptThrPut=0.027798196900096044
meanTkPop=0.0 tkColOcp=0.0
-----
meanST=0.0 stDevST=0.0

Steady State Statistics: numBatchesST=1388 batchSizeST=200 stDevStdStateMeanST=0.0
95% c.i. = 0.0 +/- 0.0



REPORT for Queue : Persistence----------------------------------------

totArrivThrPut=0.1666059982259472 totDeptThrPut=0.1666059982259472
meanTotTkPop=0.05493669659564859 queueUtil=0.05098864389603769
meanST=0.3297402085196518



REPORT for Queue of Queueing Place : P/getProduct_product----------------------------------------

queueUtilQPl=0.011456658626863705

------------------ Color = product --------------------
arrivCnt=277669 deptCnt=277669
arrivThrPut=0.027794693396756144 deptThrPut=0.027794693396756144
meanTkPop=0.011591288236285338 tkColOcp=0.011456658626863705
-----
meanST=0.41703241949192116 stDevST=0.41745147856611486

Steady State Statistics: numBatchesST=694 batchSizeST=400 stDevStdStateMeanST=0.020847992700447897
95% c.i. = 0.4170319718897341 +/- 0.0015510743003276561



REPORT for Depository of Queueing Place : P/getProduct_product----------------------------------------

tkOcp=0.0

------------------ Color = product --------------------
arrivCnt=277669 deptCnt=277669
arrivThrPut=0.027794693396756144 deptThrPut=0.027794693396756144
meanTkPop=0.0 tkColOcp=0.0
-----
meanST=0.0 stDevST=0.0

Steady State Statistics: numBatchesST=1388 batchSizeST=200 stDevStdStateMeanST=0.0
95% c.i. = 0.0 +/- 0.0



REPORT for Queue : Persistence----------------------------------------

totArrivThrPut=0.1666059982259472 totDeptThrPut=0.1666059982259472
meanTotTkPop=0.05493669659564859 queueUtil=0.05098864389603769
meanST=0.3297402085196518



REPORT for Queue of Queueing Place : R/getAds_product----------------------------------------

queueUtilQPl=0.01117406357829763

------------------ Color = product --------------------
arrivCnt=277669 deptCnt=277669
arrivThrPut=0.027794693396756144 deptThrPut=0.027794693396756144
meanTkPop=0.011302138544602547 tkColOcp=0.01117406357829763
-----
meanST=0.40662936565875535 stDevST=0.40659145860310975

Steady State Statistics: numBatchesST=694 batchSizeST=400 stDevStdStateMeanST=0.01971403022183976
95% c.i. = 0.4066191051152426 +/- 0.00146670838158541



REPORT for Depository of Queueing Place : R/getAds_product----------------------------------------

tkOcp=0.0

------------------ Color = product --------------------
arrivCnt=277669 deptCnt=277669
arrivThrPut=0.027794693396756144 deptThrPut=0.027794693396756144
meanTkPop=0.0 tkColOcp=0.0
-----
meanST=0.0 stDevST=0.0

Steady State Statistics: numBatchesST=1388 batchSizeST=200 stDevStdStateMeanST=0.0
95% c.i. = 0.0 +/- 0.0



REPORT for Queue : Recommender----------------------------------------

totArrivThrPut=0.027794693396756144 totDeptThrPut=0.027794693396756144
meanTotTkPop=0.011302138544602547 queueUtil=0.01117406357829763
meanST=0.40662936565875535



REPORT for Queue of Queueing Place : I/productImages_category----------------------------------------

queueUtilQPl=0.008848999544479721

------------------ Color = category --------------------
arrivCnt=277704 deptCnt=277704
arrivThrPut=0.027798196900096044 deptThrPut=0.027798196900096044
meanTkPop=0.00893470443722539 tkColOcp=0.008848999544479721
-----
meanST=0.32141309270294866 stDevST=0.3322140544599909

Steady State Statistics: numBatchesST=694 batchSizeST=400 stDevStdStateMeanST=0.017348726006770752
95% c.i. = 0.32142491531957135 +/- 0.0012907316037169393



REPORT for Depository of Queueing Place : I/productImages_category----------------------------------------

tkOcp=0.0

------------------ Color = category --------------------
arrivCnt=277704 deptCnt=277704
arrivThrPut=0.027798196900096044 deptThrPut=0.027798196900096044
meanTkPop=0.0 tkColOcp=0.0
-----
meanST=0.0 stDevST=0.0

Steady State Statistics: numBatchesST=1388 batchSizeST=200 stDevStdStateMeanST=0.0
95% c.i. = 0.0 +/- 0.0



REPORT for Queue : ImageProvider----------------------------------------

totArrivThrPut=0.16660599822594724 totDeptThrPut=0.16660599822594724
meanTotTkPop=0.0510432806552477 queueUtil=0.046931713532190264
meanST=0.3063712063116956



REPORT for Queue of Queueing Place : I/product_product----------------------------------------

queueUtilQPl=0.008230836612011792

------------------ Color = product --------------------
arrivCnt=277669 deptCnt=277669
arrivThrPut=0.027794693396756144 deptThrPut=0.027794693396756144
meanTkPop=0.00830212855077504 tkColOcp=0.008230836612011792
-----
meanST=0.29869473400069824 stDevST=0.3111991295344357

Steady State Statistics: numBatchesST=347 batchSizeST=800 stDevStdStateMeanST=0.011498267662912037
95% c.i. = 0.2986960677508533 +/- 0.0012098060940070093



REPORT for Depository of Queueing Place : I/product_product----------------------------------------

tkOcp=0.0

------------------ Color = product --------------------
arrivCnt=277669 deptCnt=277669
arrivThrPut=0.027794693396756144 deptThrPut=0.027794693396756144
meanTkPop=0.0 tkColOcp=0.0
-----
meanST=0.0 stDevST=0.0

Steady State Statistics: numBatchesST=1388 batchSizeST=200 stDevStdStateMeanST=0.0
95% c.i. = 0.0 +/- 0.0



REPORT for Queue : ImageProvider----------------------------------------

totArrivThrPut=0.16660599822594724 totDeptThrPut=0.16660599822594724
meanTotTkPop=0.0510432806552477 queueUtil=0.046931713532190264
meanST=0.3063712063116956



REPORT for Queue of Queueing Place : Workload----------------------------------------

queueUtilQPl=1.0

------------------ Color = workload --------------------
arrivCnt=1664394 deptCnt=1664394
arrivThrPut=0.16660599822594724 deptThrPut=0.16660599822594724
meanTkPop=1.0 tkColOcp=1.0
-----
meanST=6.002184859177896 stDevST=6.0028673763138505

Steady State Statistics: numBatchesST=2080 batchSizeST=800 stDevStdStateMeanST=0.21430731015968094
95% c.i. = 6.002196086868948 +/- 0.00920986806701494



REPORT for Depository of Queueing Place : Workload----------------------------------------

tkOcp=0.0

------------------ Color = workload --------------------
arrivCnt=1664394 deptCnt=1664394
arrivThrPut=0.16660599822594724 deptThrPut=0.16660599822594724
meanTkPop=0.0 tkColOcp=0.0
-----
meanST=0.0 stDevST=0.0

Steady State Statistics: numBatchesST=8321 batchSizeST=200 stDevStdStateMeanST=0.0
95% c.i. = 0.0 +/- 0.0



REPORT for Queue : Workload----------------------------------------

totArrivThrPut=0.16660599822594724 totDeptThrPut=0.16660599822594724
meanTotTkPop=1.0 queueUtil=1.0
meanST=6.002184859177896



REPORT for Queue of Queueing Place : I/icon_index----------------------------------------

queueUtilQPl=0.01741512937123235

------------------ Color = index --------------------
arrivCnt=277037 deptCnt=277037
arrivThrPut=0.02773143013644711 deptThrPut=0.02773143013644711
meanTkPop=0.017706117951476686 tkColOcp=0.01741512937123235
-----
meanST=0.6384855690585439 stDevST=0.6344137723747195

Steady State Statistics: numBatchesST=692 batchSizeST=400 stDevStdStateMeanST=0.030927673000178155
95% c.i. = 0.6384526957449367 +/- 0.0023043173440975184



REPORT for Depository of Queueing Place : I/icon_index----------------------------------------

tkOcp=0.0

------------------ Color = index --------------------
arrivCnt=277037 deptCnt=277037
arrivThrPut=0.02773143013644711 deptThrPut=0.02773143013644711
meanTkPop=0.0 tkColOcp=0.0
-----
meanST=0.0 stDevST=0.0

Steady State Statistics: numBatchesST=1385 batchSizeST=200 stDevStdStateMeanST=0.0
95% c.i. = 0.0 +/- 0.0



REPORT for Queue : ImageProvider----------------------------------------

totArrivThrPut=0.16660599822594724 totDeptThrPut=0.16660599822594724
meanTotTkPop=0.0510432806552477 queueUtil=0.046931713532190264
meanST=0.3063712063116956



REPORT for Queue of Queueing Place : P/categories_login----------------------------------------

queueUtilQPl=0.013566402200700546

------------------ Color = login --------------------
arrivCnt=277608 deptCnt=277608
arrivThrPut=0.02778858729093518 deptThrPut=0.02778858729093518
meanTkPop=0.013767449637279747 tkColOcp=0.013566402200700546
-----
meanST=0.4954353919880908 stDevST=0.49219507233019105

Steady State Statistics: numBatchesST=347 batchSizeST=800 stDevStdStateMeanST=0.018382730181387218
95% c.i. = 0.49543864796899345 +/- 0.0019341643150005145



REPORT for Depository of Queueing Place : P/categories_login----------------------------------------

tkOcp=0.0

------------------ Color = login --------------------
arrivCnt=277608 deptCnt=277608
arrivThrPut=0.02778858729093518 deptThrPut=0.02778858729093518
meanTkPop=0.0 tkColOcp=0.0
-----
meanST=0.0 stDevST=0.0

Steady State Statistics: numBatchesST=1388 batchSizeST=200 stDevStdStateMeanST=0.0
95% c.i. = 0.0 +/- 0.0



REPORT for Queue : Persistence----------------------------------------

totArrivThrPut=0.1666059982259472 totDeptThrPut=0.1666059982259472
meanTotTkPop=0.05493669659564859 queueUtil=0.05098864389603769
meanST=0.3297402085196518



REPORT for Queue of Queueing Place : I/icon_login----------------------------------------

queueUtilQPl=0.0036861915557401723

------------------ Color = login --------------------
arrivCnt=277608 deptCnt=277608
arrivThrPut=0.02778858729093518 deptThrPut=0.02778858729093518
meanTkPop=0.003706403086224044 tkColOcp=0.0036861915557401723
-----
meanST=0.1333786078226833 stDevST=0.17961563046267437

Steady State Statistics: numBatchesST=694 batchSizeST=400 stDevStdStateMeanST=0.00873151772575544
95% c.i. = 0.1333790240504726 +/- 6.496180683612617E-4



REPORT for Depository of Queueing Place : I/icon_login----------------------------------------

tkOcp=0.0

------------------ Color = login --------------------
arrivCnt=277608 deptCnt=277608
arrivThrPut=0.02778858729093518 deptThrPut=0.02778858729093518
meanTkPop=0.0 tkColOcp=0.0
-----
meanST=0.0 stDevST=0.0

Steady State Statistics: numBatchesST=1388 batchSizeST=200 stDevStdStateMeanST=0.0
95% c.i. = 0.0 +/- 0.0



REPORT for Queue : ImageProvider----------------------------------------

totArrivThrPut=0.16660599822594724 totDeptThrPut=0.16660599822594724
meanTotTkPop=0.0510432806552477 queueUtil=0.046931713532190264
meanST=0.3063712063116956



REPORT for Queue of Queueing Place : A/isLoggedIn_login----------------------------------------

queueUtilQPl=0.012108288249150773

------------------ Color = login --------------------
arrivCnt=277608 deptCnt=277608
arrivThrPut=0.02778858729093518 deptThrPut=0.02778858729093518
meanTkPop=0.012268356103870772 tkColOcp=0.012108288249150773
-----
meanST=0.4414890176109381 stDevST=0.46101161171589455

Steady State Statistics: numBatchesST=694 batchSizeST=400 stDevStdStateMeanST=0.023898388281137477
95% c.i. = 0.44148812074760846 +/- 0.0017780213383002386



REPORT for Depository of Queueing Place : A/isLoggedIn_login----------------------------------------

tkOcp=0.0

------------------ Color = login --------------------
arrivCnt=277608 deptCnt=277608
arrivThrPut=0.02778858729093518 deptThrPut=0.02778858729093518
meanTkPop=0.0 tkColOcp=0.0
-----
meanST=0.0 stDevST=0.0

Steady State Statistics: numBatchesST=1388 batchSizeST=200 stDevStdStateMeanST=0.0
95% c.i. = 0.0 +/- 0.0



REPORT for Queue : Auth----------------------------------------

totArrivThrPut=0.16660599822594724 totDeptThrPut=0.16660599822594724
meanTotTkPop=0.05849638679164558 queueUtil=0.05331749487172219
meanST=0.35110612711742895



REPORT for Queue of Queueing Place : A/isLoggedIn_category----------------------------------------

queueUtilQPl=0.003920433151667613

------------------ Color = category --------------------
arrivCnt=277704 deptCnt=277704
arrivThrPut=0.027798196900096044 deptThrPut=0.027798196900096044
meanTkPop=0.003953207755710869 tkColOcp=0.003920433151667613
-----
meanST=0.1422109415915825 stDevST=0.23788378869844798

Steady State Statistics: numBatchesST=694 batchSizeST=400 stDevStdStateMeanST=0.012087241565465413
95% c.i. = 0.14221640872985256 +/- 8.992812892553844E-4



REPORT for Depository of Queueing Place : A/isLoggedIn_category----------------------------------------

tkOcp=0.0

------------------ Color = category --------------------
arrivCnt=277704 deptCnt=277704
arrivThrPut=0.027798196900096044 deptThrPut=0.027798196900096044
meanTkPop=0.0 tkColOcp=0.0
-----
meanST=0.0 stDevST=0.0

Steady State Statistics: numBatchesST=1388 batchSizeST=200 stDevStdStateMeanST=0.0
95% c.i. = 0.0 +/- 0.0



REPORT for Queue : Auth----------------------------------------

totArrivThrPut=0.16660599822594724 totDeptThrPut=0.16660599822594724
meanTotTkPop=0.05849638679164558 queueUtil=0.05331749487172219
meanST=0.35110612711742895



REPORT for Queue of Queueing Place : I/icon_logout----------------------------------------

queueUtilQPl=0.008385400935232825

------------------ Color = logout --------------------
arrivCnt=277240 deptCnt=277240
arrivThrPut=0.027751750455818524 deptThrPut=0.027751750455818524
meanTkPop=0.008463176364261433 tkColOcp=0.008385400935232825
-----
meanST=0.3049600917151161 stDevST=0.32370572562787037

Steady State Statistics: numBatchesST=346 batchSizeST=800 stDevStdStateMeanST=0.011341640567734759
95% c.i. = 0.30494581630179196 +/- 0.0011950495739762091



REPORT for Depository of Queueing Place : I/icon_logout----------------------------------------

tkOcp=0.0

------------------ Color = logout --------------------
arrivCnt=277240 deptCnt=277240
arrivThrPut=0.027751750455818524 deptThrPut=0.027751750455818524
meanTkPop=0.0 tkColOcp=0.0
-----
meanST=0.0 stDevST=0.0

Steady State Statistics: numBatchesST=1386 batchSizeST=200 stDevStdStateMeanST=0.0
95% c.i. = 0.0 +/- 0.0



REPORT for Queue : ImageProvider----------------------------------------

totArrivThrPut=0.16660599822594724 totDeptThrPut=0.16660599822594724
meanTotTkPop=0.0510432806552477 queueUtil=0.046931713532190264
meanST=0.3063712063116956



REPORT for Queue of Queueing Place : I/icon_loginAction----------------------------------------

queueUtilQPl=0.0038844757445114274

------------------ Color = loginAction --------------------
arrivCnt=277136 deptCnt=277136
arrivThrPut=0.02774134004589425 deptThrPut=0.02774134004589425
meanTkPop=0.0039307502652850945 tkColOcp=0.0038844757445114274
-----
meanST=0.1416928763636582 stDevST=0.21921801336695748

Steady State Statistics: numBatchesST=692 batchSizeST=400 stDevStdStateMeanST=0.011343431981398899
95% c.i. = 0.14169264082440305 +/- 8.45161129845669E-4



REPORT for Depository of Queueing Place : I/icon_loginAction----------------------------------------

tkOcp=0.0

------------------ Color = loginAction --------------------
arrivCnt=277136 deptCnt=277136
arrivThrPut=0.02774134004589425 deptThrPut=0.02774134004589425
meanTkPop=0.0 tkColOcp=0.0
-----
meanST=0.0 stDevST=0.0

Steady State Statistics: numBatchesST=1385 batchSizeST=200 stDevStdStateMeanST=0.0
95% c.i. = 0.0 +/- 0.0



REPORT for Queue : ImageProvider----------------------------------------

totArrivThrPut=0.16660599822594724 totDeptThrPut=0.16660599822594724
meanTotTkPop=0.0510432806552477 queueUtil=0.046931713532190264
meanST=0.3063712063116956



REPORT for Queue of Queueing Place : A/isLoggedIn_product----------------------------------------

queueUtilQPl=0.011592253628085285

------------------ Color = product --------------------
arrivCnt=277669 deptCnt=277669
arrivThrPut=0.027794693396756144 deptThrPut=0.027794693396756144
meanTkPop=0.01173750827280744 tkColOcp=0.011592253628085285
-----
meanST=0.4222931372280328 stDevST=0.4405832358748526

Steady State Statistics: numBatchesST=347 batchSizeST=800 stDevStdStateMeanST=0.01577181003548368
95% c.i. = 0.42229238071331215 +/- 0.0016594527500864134



REPORT for Depository of Queueing Place : A/isLoggedIn_product----------------------------------------

tkOcp=0.0

------------------ Color = product --------------------
arrivCnt=277669 deptCnt=277669
arrivThrPut=0.027794693396756144 deptThrPut=0.027794693396756144
meanTkPop=0.0 tkColOcp=0.0
-----
meanST=0.0 stDevST=0.0

Steady State Statistics: numBatchesST=1388 batchSizeST=200 stDevStdStateMeanST=0.0
95% c.i. = 0.0 +/- 0.0



REPORT for Queue : Auth----------------------------------------

totArrivThrPut=0.16660599822594724 totDeptThrPut=0.16660599822594724
meanTotTkPop=0.05849638679164558 queueUtil=0.05331749487172219
meanST=0.35110612711742895



REPORT for Queue of Queueing Place : P/category_logout----------------------------------------

queueUtilQPl=0.0034634260726281833

------------------ Color = logout --------------------
arrivCnt=277240 deptCnt=277240
arrivThrPut=0.027751750455818524 deptThrPut=0.027751750455818524
meanTkPop=0.003478590105505206 tkColOcp=0.0034634260726281833
-----
meanST=0.1253466915913361 stDevST=0.16987318511404098

Steady State Statistics: numBatchesST=346 batchSizeST=800 stDevStdStateMeanST=0.006230387721078253
95% c.i. = 0.12534158333239317 +/- 6.56485465864862E-4



REPORT for Depository of Queueing Place : P/category_logout----------------------------------------

tkOcp=0.0

------------------ Color = logout --------------------
arrivCnt=277240 deptCnt=277240
arrivThrPut=0.027751750455818524 deptThrPut=0.027751750455818524
meanTkPop=0.0 tkColOcp=0.0
-----
meanST=0.0 stDevST=0.0

Steady State Statistics: numBatchesST=1386 batchSizeST=200 stDevStdStateMeanST=0.0
95% c.i. = 0.0 +/- 0.0



REPORT for Queue : Persistence----------------------------------------

totArrivThrPut=0.1666059982259472 totDeptThrPut=0.1666059982259472
meanTotTkPop=0.05493669659564859 queueUtil=0.05098864389603769
meanST=0.3297402085196518



REPORT for Ordinary Place : Finish_index----------------------------------------

tkOcp=0.9999999999999998

------------------ Color = index --------------------
arrivCnt=277037 deptCnt=0
arrivThrPut=0.02773143013644711 deptThrPut=0.0
meanTkPop=138712.14820713762 tkColOcp=0.9999999999999998
-----
meanST=NaN stDevST=NaN

Steady State Statistics: Only 0 batches collected!
Need at least 60 for steady state statistics.



REPORT for Ordinary Place : Finish_login----------------------------------------

tkOcp=1.0

------------------ Color = login --------------------
arrivCnt=277608 deptCnt=0
arrivThrPut=0.02778858729093518 deptThrPut=0.0
meanTkPop=139019.26722880208 tkColOcp=1.0
-----
meanST=NaN stDevST=NaN

Steady State Statistics: Only 0 batches collected!
Need at least 60 for steady state statistics.



REPORT for Ordinary Place : Finish_loginAction----------------------------------------

tkOcp=1.0

------------------ Color = loginAction --------------------
arrivCnt=277136 deptCnt=0
arrivThrPut=0.02774134004589425 deptThrPut=0.0
meanTkPop=138718.93582130145 tkColOcp=1.0
-----
meanST=NaN stDevST=NaN

Steady State Statistics: Only 0 batches collected!
Need at least 60 for steady state statistics.



REPORT for Ordinary Place : Finish_category----------------------------------------

tkOcp=1.0

------------------ Color = category --------------------
arrivCnt=277704 deptCnt=0
arrivThrPut=0.027798196900096044 deptThrPut=0.0
meanTkPop=139065.3862543658 tkColOcp=1.0
-----
meanST=NaN stDevST=NaN

Steady State Statistics: Only 0 batches collected!
Need at least 60 for steady state statistics.



REPORT for Ordinary Place : Finish_product----------------------------------------

tkOcp=1.0

------------------ Color = product --------------------
arrivCnt=277669 deptCnt=0
arrivThrPut=0.027794693396756144 deptThrPut=0.0
meanTkPop=139207.54534117915 tkColOcp=1.0
-----
meanST=NaN stDevST=NaN

Steady State Statistics: Only 0 batches collected!
Need at least 60 for steady state statistics.



REPORT for Ordinary Place : Finish_logout----------------------------------------

tkOcp=1.0

------------------ Color = logout --------------------
arrivCnt=277240 deptCnt=0
arrivThrPut=0.027751750455818524 deptThrPut=0.0
meanTkPop=138870.84255903494 tkColOcp=1.0
-----
meanST=NaN stDevST=NaN

Steady State Statistics: Only 0 batches collected!
Need at least 60 for steady state statistics.



REPORT REPORT for Probe : /index----------------------------------------


------------------ Color = index --------------------
-----
meanST=2.785602292656576 stDevST=1.4954100505763712

Steady State Statistics: numBatchesST=692 batchSizeST=400 stDevStdStateMeanST=0.07607788244183888
95% c.i. = 2.7855466696326996 +/- 0.005668308249764914



REPORT REPORT for Probe : /login----------------------------------------


------------------ Color = login --------------------
-----
meanST=1.5585381794300137 stDevST=0.9229162478261483

Steady State Statistics: numBatchesST=694 batchSizeST=400 stDevStdStateMeanST=0.04855050851341064
95% c.i. = 1.5585449356163934 +/- 0.0036121197424139767



REPORT REPORT for Probe : /loginAction----------------------------------------


------------------ Color = loginAction --------------------
-----
meanST=0.5763305317708443 stDevST=0.6388896152240495

Steady State Statistics: numBatchesST=692 batchSizeST=400 stDevStdStateMeanST=0.03454100586758076
95% c.i. = 0.5763017152131472 +/- 0.002573534675653807



REPORT REPORT for Probe : /logout----------------------------------------


------------------ Color = logout --------------------
-----
meanST=1.7837515379696447 stDevST=1.2845633069132674

Steady State Statistics: numBatchesST=693 batchSizeST=400 stDevStdStateMeanST=0.0699971448075252
95% c.i. = 1.7837828783187435 +/- 0.00521148868480506



REPORT REPORT for Probe : /category----------------------------------------


------------------ Color = category --------------------
-----
meanST=1.2751908359571873 stDevST=0.8454532388555297

Steady State Statistics: numBatchesST=694 batchSizeST=400 stDevStdStateMeanST=0.04415634551700662
95% c.i. = 1.2752432495455117 +/- 0.0032851974629838515



REPORT REPORT for Probe : /product----------------------------------------


------------------ Color = product --------------------
-----
meanST=2.337052006536002 stDevST=1.1511796347821592

Steady State Statistics: numBatchesST=694 batchSizeST=400 stDevStdStateMeanST=0.06135416435762604
95% c.i. = 2.3369935022880655 +/- 0.00456470169193547



