INFO Logging to /home/yjx/workloadConfig/qpme/output/SimQPN_Output_config_2025-08-14_0500253.log
WARN Batch means correlation test was run for depository of place Workload, color 0
    However, the standard deviation of the token residence time is 0 and therefore the result of the test is ignored!
    In future runs, you should set numBMeansCorlTested to 0 to switch off the correlation test!
WARN Batch means correlation test was run for depository of place I/icon_login, color 0
    However, the standard deviation of the token residence time is 0 and therefore the result of the test is ignored!
    In future runs, you should set numBMeansCorlTested to 0 to switch off the correlation test!
WARN Batch means correlation test was run for depository of place A/isLoggedIn_login, color 0
    However, the standard deviation of the token residence time is 0 and therefore the result of the test is ignored!
    In future runs, you should set numBMeansCorlTested to 0 to switch off the correlation test!
WARN Batch means correlation test was run for depository of place W/product, color 0
    However, the standard deviation of the token residence time is 0 and therefore the result of the test is ignored!
    In future runs, you should set numBMeansCorlTested to 0 to switch off the correlation test!
WARN Batch means correlation test was run for depository of place P/getProduct_product, color 0
    However, the standard deviation of the token residence time is 0 and therefore the result of the test is ignored!
    In future runs, you should set numBMeansCorlTested to 0 to switch off the correlation test!
WARN Batch means correlation test was run for depository of place R/getAds_product, color 0
    However, the standard deviation of the token residence time is 0 and therefore the result of the test is ignored!
    In future runs, you should set numBMeansCorlTested to 0 to switch off the correlation test!
WARN Batch means correlation test was run for depository of place I/product_product, color 0
    However, the standard deviation of the token residence time is 0 and therefore the result of the test is ignored!
    In future runs, you should set numBMeansCorlTested to 0 to switch off the correlation test!
WARN Batch means correlation test was run for depository of place A/isLoggedIn_product, color 0
    However, the standard deviation of the token residence time is 0 and therefore the result of the test is ignored!
    In future runs, you should set numBMeansCorlTested to 0 to switch off the correlation test!
WARN Batch means correlation test was run for depository of place W/login, color 0
    However, the standard deviation of the token residence time is 0 and therefore the result of the test is ignored!
    In future runs, you should set numBMeansCorlTested to 0 to switch off the correlation test!
WARN Batch means correlation test was run for depository of place P/categories_login, color 0
    However, the standard deviation of the token residence time is 0 and therefore the result of the test is ignored!
    In future runs, you should set numBMeansCorlTested to 0 to switch off the correlation test!
WARN Batch means correlation test was run for depository of place W/index, color 0
    However, the standard deviation of the token residence time is 0 and therefore the result of the test is ignored!
    In future runs, you should set numBMeansCorlTested to 0 to switch off the correlation test!
WARN Batch means correlation test was run for depository of place P/categories_index, color 0
    However, the standard deviation of the token residence time is 0 and therefore the result of the test is ignored!
    In future runs, you should set numBMeansCorlTested to 0 to switch off the correlation test!
WARN Batch means correlation test was run for depository of place A/isLoggedIn_index, color 0
    However, the standard deviation of the token residence time is 0 and therefore the result of the test is ignored!
    In future runs, you should set numBMeansCorlTested to 0 to switch off the correlation test!
WARN Batch means correlation test was run for depository of place I/icon_index, color 0
    However, the standard deviation of the token residence time is 0 and therefore the result of the test is ignored!
    In future runs, you should set numBMeansCorlTested to 0 to switch off the correlation test!
WARN Batch means correlation test was run for depository of place W/logout, color 0
    However, the standard deviation of the token residence time is 0 and therefore the result of the test is ignored!
    In future runs, you should set numBMeansCorlTested to 0 to switch off the correlation test!
WARN Batch means correlation test was run for depository of place A/logout_logout, color 0
    However, the standard deviation of the token residence time is 0 and therefore the result of the test is ignored!
    In future runs, you should set numBMeansCorlTested to 0 to switch off the correlation test!
WARN Batch means correlation test was run for depository of place P/category_logout, color 0
    However, the standard deviation of the token residence time is 0 and therefore the result of the test is ignored!
    In future runs, you should set numBMeansCorlTested to 0 to switch off the correlation test!
WARN Batch means correlation test was run for depository of place I/icon_logout, color 0
    However, the standard deviation of the token residence time is 0 and therefore the result of the test is ignored!
    In future runs, you should set numBMeansCorlTested to 0 to switch off the correlation test!
WARN Batch means correlation test was run for depository of place W/loginAction, color 0
    However, the standard deviation of the token residence time is 0 and therefore the result of the test is ignored!
    In future runs, you should set numBMeansCorlTested to 0 to switch off the correlation test!
WARN Batch means correlation test was run for depository of place A/login_loginAction, color 0
    However, the standard deviation of the token residence time is 0 and therefore the result of the test is ignored!
    In future runs, you should set numBMeansCorlTested to 0 to switch off the correlation test!
WARN Batch means correlation test was run for depository of place P/getUser_loginAction, color 0
    However, the standard deviation of the token residence time is 0 and therefore the result of the test is ignored!
    In future runs, you should set numBMeansCorlTested to 0 to switch off the correlation test!
WARN Batch means correlation test was run for depository of place I/icon_loginAction, color 0
    However, the standard deviation of the token residence time is 0 and therefore the result of the test is ignored!
    In future runs, you should set numBMeansCorlTested to 0 to switch off the correlation test!
WARN Batch means correlation test was run for depository of place W/category, color 0
    However, the standard deviation of the token residence time is 0 and therefore the result of the test is ignored!
    In future runs, you should set numBMeansCorlTested to 0 to switch off the correlation test!
WARN Batch means correlation test was run for depository of place P/category_category, color 0
    However, the standard deviation of the token residence time is 0 and therefore the result of the test is ignored!
    In future runs, you should set numBMeansCorlTested to 0 to switch off the correlation test!
WARN Batch means correlation test was run for depository of place I/productImages_category, color 0
    However, the standard deviation of the token residence time is 0 and therefore the result of the test is ignored!
    In future runs, you should set numBMeansCorlTested to 0 to switch off the correlation test!
WARN Batch means correlation test was run for depository of place A/isLoggedIn_category, color 0
    However, the standard deviation of the token residence time is 0 and therefore the result of the test is ignored!
    In future runs, you should set numBMeansCorlTested to 0 to switch off the correlation test!
WARN LP-1 The simulation was stopped because of reaching max totalRunLen.
The required precision may not have been reached!
REPORT for Queue of Queueing Place : W/index----------------------------------------

queueUtilQPl=0.0032394780235720727

------------------ Color = index --------------------
arrivCnt=277854 deptCnt=277854
arrivThrPut=0.027813206310029422 deptThrPut=0.027813206310029422
meanTkPop=0.0032499944096493964 tkColOcp=0.0032394780235720727
-----
meanST=0.11685076410904308 stDevST=0.13057138971254276

Steady State Statistics: numBatchesST=694 batchSizeST=400 stDevStdStateMeanST=0.006447177517145921
95% c.i. = 0.11685813514020546 +/- 4.796649490519278E-4



REPORT for Depository of Queueing Place : W/index----------------------------------------

tkOcp=0.0

------------------ Color = index --------------------
arrivCnt=277854 deptCnt=277854
arrivThrPut=0.027813206310029422 deptThrPut=0.027813206310029422
meanTkPop=0.0 tkColOcp=0.0
-----
meanST=0.0 stDevST=0.0

Steady State Statistics: numBatchesST=1389 batchSizeST=200 stDevStdStateMeanST=0.0
95% c.i. = 0.0 +/- 0.0



REPORT for Queue : WebUI----------------------------------------

totArrivThrPut=0.1667939525960589 totDeptThrPut=0.1667939525960589
meanTotTkPop=0.029977844083303846 queueUtil=0.02869844615387677
meanST=0.17972980205046224



REPORT for Queue of Queueing Place : P/categories_index----------------------------------------

queueUtilQPl=0.007167420816111704

------------------ Color = index --------------------
arrivCnt=277854 deptCnt=277854
arrivThrPut=0.027813206310029422 deptThrPut=0.027813206310029422
meanTkPop=0.0072245177371199325 tkColOcp=0.007167420816111704
-----
meanST=0.2597513446162723 stDevST=0.27342453217044815

Steady State Statistics: numBatchesST=694 batchSizeST=400 stDevStdStateMeanST=0.012958471731379073
95% c.i. = 0.2597490367519736 +/- 9.641001300634899E-4



REPORT for Depository of Queueing Place : P/categories_index----------------------------------------

tkOcp=0.0

------------------ Color = index --------------------
arrivCnt=277854 deptCnt=277854
arrivThrPut=0.027813206310029422 deptThrPut=0.027813206310029422
meanTkPop=0.0 tkColOcp=0.0
-----
meanST=0.0 stDevST=0.0

Steady State Statistics: numBatchesST=1389 batchSizeST=200 stDevStdStateMeanST=0.0
95% c.i. = 0.0 +/- 0.0



REPORT for Queue : Persistence----------------------------------------

totArrivThrPut=0.1667939525960589 totDeptThrPut=0.1667939525960589
meanTotTkPop=0.055303636955740545 queueUtil=0.05181338672350369
meanST=0.33156859763180224



REPORT for Queue of Queueing Place : A/isLoggedIn_index----------------------------------------

queueUtilQPl=0.012462419206774192

------------------ Color = index --------------------
arrivCnt=277854 deptCnt=277854
arrivThrPut=0.027813206310029422 deptThrPut=0.027813206310029422
meanTkPop=0.01262775109574635 tkColOcp=0.012462419206774192
-----
meanST=0.4540199700454094 stDevST=0.4562869124531747

Steady State Statistics: numBatchesST=694 batchSizeST=400 stDevStdStateMeanST=0.021322962803848485
95% c.i. = 0.4540346327042766 +/- 0.00158641170337619



REPORT for Depository of Queueing Place : A/isLoggedIn_index----------------------------------------

tkOcp=0.0

------------------ Color = index --------------------
arrivCnt=277854 deptCnt=277854
arrivThrPut=0.027813206310029422 deptThrPut=0.027813206310029422
meanTkPop=0.0 tkColOcp=0.0
-----
meanST=0.0 stDevST=0.0

Steady State Statistics: numBatchesST=1389 batchSizeST=200 stDevStdStateMeanST=0.0
95% c.i. = 0.0 +/- 0.0



REPORT for Queue : Auth----------------------------------------

totArrivThrPut=0.16679405269613412 totDeptThrPut=0.16679405269613412
meanTotTkPop=0.05479610631871932 queueUtil=0.05094966409250312
meanST=0.32852554052719735



REPORT for Queue of Queueing Place : W/login----------------------------------------

queueUtilQPl=0.0030056864144001947

------------------ Color = login --------------------
arrivCnt=277810 deptCnt=277810
arrivThrPut=0.02780880190671818 deptThrPut=0.02780880190671818
meanTkPop=0.0030161523319442583 tkColOcp=0.0030056864144001947
-----
meanST=0.10846034798844038 stDevST=0.12522999632936396

Steady State Statistics: numBatchesST=694 batchSizeST=400 stDevStdStateMeanST=0.006329753676701981
95% c.i. = 0.10846797302029892 +/- 4.7092870744942306E-4



REPORT for Depository of Queueing Place : W/login----------------------------------------

tkOcp=0.0

------------------ Color = login --------------------
arrivCnt=277810 deptCnt=277810
arrivThrPut=0.02780880190671818 deptThrPut=0.02780880190671818
meanTkPop=0.0 tkColOcp=0.0
-----
meanST=0.0 stDevST=0.0

Steady State Statistics: numBatchesST=1389 batchSizeST=200 stDevStdStateMeanST=0.0
95% c.i. = 0.0 +/- 0.0



REPORT for Queue : WebUI----------------------------------------

totArrivThrPut=0.1667939525960589 totDeptThrPut=0.1667939525960589
meanTotTkPop=0.029977844083303846 queueUtil=0.02869844615387677
meanST=0.17972980205046224



REPORT for Queue of Queueing Place : W/loginAction----------------------------------------

queueUtilQPl=0.0026180326499284476

------------------ Color = loginAction --------------------
arrivCnt=278062 deptCnt=278062
arrivThrPut=0.027834027125682555 deptThrPut=0.027834027125682555
meanTkPop=0.0026266758743483097 tkColOcp=0.0026180326499284476
-----
meanST=0.09436923598901958 stDevST=0.115413312125027

Steady State Statistics: numBatchesST=695 batchSizeST=400 stDevStdStateMeanST=0.005944120082583118
95% c.i. = 0.09437057609953778 +/- 4.4191959933251627E-4



REPORT for Depository of Queueing Place : W/loginAction----------------------------------------

tkOcp=0.0

------------------ Color = loginAction --------------------
arrivCnt=278062 deptCnt=278062
arrivThrPut=0.027834027125682555 deptThrPut=0.027834027125682555
meanTkPop=0.0 tkColOcp=0.0
-----
meanST=0.0 stDevST=0.0

Steady State Statistics: numBatchesST=1390 batchSizeST=200 stDevStdStateMeanST=0.0
95% c.i. = 0.0 +/- 0.0



REPORT for Queue : WebUI----------------------------------------

totArrivThrPut=0.1667939525960589 totDeptThrPut=0.1667939525960589
meanTotTkPop=0.029977844083303846 queueUtil=0.02869844615387677
meanST=0.17972980205046224



REPORT for Queue of Queueing Place : A/login_loginAction----------------------------------------

queueUtilQPl=0.0031272919937766633

------------------ Color = loginAction --------------------
arrivCnt=278062 deptCnt=278062
arrivThrPut=0.027834027125682555 deptThrPut=0.027834027125682555
meanTkPop=0.003142804909374266 tkColOcp=0.0031272919937766633
-----
meanST=0.11291233191600897 stDevST=0.1693365072269631

Steady State Statistics: numBatchesST=695 batchSizeST=400 stDevStdStateMeanST=0.009106070737585924
95% c.i. = 0.11290927263434235 +/- 6.769969441967866E-4



REPORT for Depository of Queueing Place : A/login_loginAction----------------------------------------

tkOcp=0.0

------------------ Color = loginAction --------------------
arrivCnt=278062 deptCnt=278062
arrivThrPut=0.027834027125682555 deptThrPut=0.027834027125682555
meanTkPop=0.0 tkColOcp=0.0
-----
meanST=0.0 stDevST=0.0

Steady State Statistics: numBatchesST=1390 batchSizeST=200 stDevStdStateMeanST=0.0
95% c.i. = 0.0 +/- 0.0



REPORT for Queue : Auth----------------------------------------

totArrivThrPut=0.16679405269613412 totDeptThrPut=0.16679405269613412
meanTotTkPop=0.05479610631871932 queueUtil=0.05094966409250312
meanST=0.32852554052719735



REPORT for Queue of Queueing Place : W/logout----------------------------------------

queueUtilQPl=0.012147993460605395

------------------ Color = logout --------------------
arrivCnt=277959 deptCnt=277959
arrivThrPut=0.027823716817931245 deptThrPut=0.027823716817931245
meanTkPop=0.012297014153913537 tkColOcp=0.012147993460605395
-----
meanST=0.4419615910548879 stDevST=0.4413955697462121

Steady State Statistics: numBatchesST=694 batchSizeST=400 stDevStdStateMeanST=0.022267162916131216
95% c.i. = 0.4420086306677923 +/- 0.0016566594509445575



REPORT for Depository of Queueing Place : W/logout----------------------------------------

tkOcp=0.0

------------------ Color = logout --------------------
arrivCnt=277959 deptCnt=277959
arrivThrPut=0.027823716817931245 deptThrPut=0.027823716817931245
meanTkPop=0.0 tkColOcp=0.0
-----
meanST=0.0 stDevST=0.0

Steady State Statistics: numBatchesST=1389 batchSizeST=200 stDevStdStateMeanST=0.0
95% c.i. = 0.0 +/- 0.0



REPORT for Queue : WebUI----------------------------------------

totArrivThrPut=0.1667939525960589 totDeptThrPut=0.1667939525960589
meanTotTkPop=0.029977844083303846 queueUtil=0.02869844615387677
meanST=0.17972980205046224



REPORT for Queue of Queueing Place : A/logout_logout----------------------------------------

queueUtilQPl=0.00862676352700643

------------------ Color = logout --------------------
arrivCnt=277959 deptCnt=277959
arrivThrPut=0.027823716817931245 deptThrPut=0.027823716817931245
meanTkPop=0.008703003307331201 tkColOcp=0.00862676352700643
-----
meanST=0.3127908238960537 stDevST=0.3235112220856312

Steady State Statistics: numBatchesST=347 batchSizeST=800 stDevStdStateMeanST=0.01147490252468733
95% c.i. = 0.3128099848283086 +/- 0.0012073476987565018



REPORT for Depository of Queueing Place : A/logout_logout----------------------------------------

tkOcp=0.0

------------------ Color = logout --------------------
arrivCnt=277959 deptCnt=277959
arrivThrPut=0.027823716817931245 deptThrPut=0.027823716817931245
meanTkPop=0.0 tkColOcp=0.0
-----
meanST=0.0 stDevST=0.0

Steady State Statistics: numBatchesST=1389 batchSizeST=200 stDevStdStateMeanST=0.0
95% c.i. = 0.0 +/- 0.0



REPORT for Queue : Auth----------------------------------------

totArrivThrPut=0.16679405269613412 totDeptThrPut=0.16679405269613412
meanTotTkPop=0.05479610631871932 queueUtil=0.05094966409250312
meanST=0.32852554052719735



REPORT for Queue of Queueing Place : P/getUser_loginAction----------------------------------------

queueUtilQPl=0.01455681098439059

------------------ Color = loginAction --------------------
arrivCnt=278062 deptCnt=278062
arrivThrPut=0.027834027125682555 deptThrPut=0.027834027125682555
meanTkPop=0.014771028000901333 tkColOcp=0.01455681098439059
-----
meanST=0.530682388653421 stDevST=0.523635206645569

Steady State Statistics: numBatchesST=695 batchSizeST=400 stDevStdStateMeanST=0.027456972335790114
95% c.i. = 0.5307094547275903 +/- 0.002041307047122004



REPORT for Depository of Queueing Place : P/getUser_loginAction----------------------------------------

tkOcp=0.0

------------------ Color = loginAction --------------------
arrivCnt=278062 deptCnt=278062
arrivThrPut=0.027834027125682555 deptThrPut=0.027834027125682555
meanTkPop=0.0 tkColOcp=0.0
-----
meanST=0.0 stDevST=0.0

Steady State Statistics: numBatchesST=1390 batchSizeST=200 stDevStdStateMeanST=0.0
95% c.i. = 0.0 +/- 0.0



REPORT for Queue : Persistence----------------------------------------

totArrivThrPut=0.1667939525960589 totDeptThrPut=0.1667939525960589
meanTotTkPop=0.055303636955740545 queueUtil=0.05181338672350369
meanST=0.33156859763180224



REPORT for Queue of Queueing Place : W/category----------------------------------------

queueUtilQPl=0.005687932806121962

------------------ Color = category --------------------
arrivCnt=276930 deptCnt=276930
arrivThrPut=0.02772071384049338 deptThrPut=0.02772071384049338
meanTkPop=0.005721522478536341 tkColOcp=0.005687932806121962
-----
meanST=0.20639881467188467 stDevST=0.21291848586658157

Steady State Statistics: numBatchesST=692 batchSizeST=400 stDevStdStateMeanST=0.01063059268098186
95% c.i. = 0.2063876232852288 +/- 7.920498607406233E-4



REPORT for Depository of Queueing Place : W/category----------------------------------------

tkOcp=0.0

------------------ Color = category --------------------
arrivCnt=276930 deptCnt=276930
arrivThrPut=0.02772071384049338 deptThrPut=0.02772071384049338
meanTkPop=0.0 tkColOcp=0.0
-----
meanST=0.0 stDevST=0.0

Steady State Statistics: numBatchesST=1384 batchSizeST=200 stDevStdStateMeanST=0.0
95% c.i. = 0.0 +/- 0.0



REPORT for Queue : WebUI----------------------------------------

totArrivThrPut=0.1667939525960589 totDeptThrPut=0.1667939525960589
meanTotTkPop=0.029977844083303846 queueUtil=0.02869844615387677
meanST=0.17972980205046224



REPORT for Queue of Queueing Place : W/product----------------------------------------

queueUtilQPl=0.0030558977697599686

------------------ Color = product --------------------
arrivCnt=277657 deptCnt=277657
arrivThrPut=0.027793486595204097 deptThrPut=0.027793486595204097
meanTkPop=0.003066484834912001 tkColOcp=0.0030558977697599686
-----
meanST=0.11033105991966975 stDevST=0.12736990450075183

Steady State Statistics: numBatchesST=694 batchSizeST=400 stDevStdStateMeanST=0.006392752520100007
95% c.i. = 0.11033197539761173 +/- 4.756157719716082E-4



REPORT for Depository of Queueing Place : W/product----------------------------------------

tkOcp=0.0

------------------ Color = product --------------------
arrivCnt=277657 deptCnt=277657
arrivThrPut=0.027793486595204097 deptThrPut=0.027793486595204097
meanTkPop=0.0 tkColOcp=0.0
-----
meanST=0.0 stDevST=0.0

Steady State Statistics: numBatchesST=1388 batchSizeST=200 stDevStdStateMeanST=0.0
95% c.i. = 0.0 +/- 0.0



REPORT for Queue : WebUI----------------------------------------

totArrivThrPut=0.1667939525960589 totDeptThrPut=0.1667939525960589
meanTotTkPop=0.029977844083303846 queueUtil=0.02869844615387677
meanST=0.17972980205046224



REPORT for Queue of Queueing Place : P/category_category----------------------------------------

queueUtilQPl=0.0071763344173929764

------------------ Color = category --------------------
arrivCnt=276930 deptCnt=276930
arrivThrPut=0.02772071384049338 deptThrPut=0.02772071384049338
meanTkPop=0.007231741641066405 tkColOcp=0.0071763344173929764
-----
meanST=0.2608786224870785 stDevST=0.27255169281662545

Steady State Statistics: numBatchesST=692 batchSizeST=400 stDevStdStateMeanST=0.01430362910946283
95% c.i. = 0.2608836793343199 +/- 0.0010657155046965051



REPORT for Depository of Queueing Place : P/category_category----------------------------------------

tkOcp=0.0

------------------ Color = category --------------------
arrivCnt=276930 deptCnt=276930
arrivThrPut=0.02772071384049338 deptThrPut=0.02772071384049338
meanTkPop=0.0 tkColOcp=0.0
-----
meanST=0.0 stDevST=0.0

Steady State Statistics: numBatchesST=1384 batchSizeST=200 stDevStdStateMeanST=0.0
95% c.i. = 0.0 +/- 0.0



REPORT for Queue : Persistence----------------------------------------

totArrivThrPut=0.1667939525960589 totDeptThrPut=0.1667939525960589
meanTotTkPop=0.055303636955740545 queueUtil=0.05181338672350369
meanST=0.33156859763180224



REPORT for Queue of Queueing Place : P/getProduct_product----------------------------------------

queueUtilQPl=0.00438712594093015

------------------ Color = product --------------------
arrivCnt=277657 deptCnt=277657
arrivThrPut=0.027793486595204097 deptThrPut=0.027793486595204097
meanTkPop=0.004409632263380792 tkColOcp=0.00438712594093015
-----
meanST=0.15865703816165677 stDevST=0.19005660449812564

Steady State Statistics: numBatchesST=694 batchSizeST=400 stDevStdStateMeanST=0.009521669753214519
95% c.i. = 0.15865368699168206 +/- 7.084047592793393E-4



REPORT for Depository of Queueing Place : P/getProduct_product----------------------------------------

tkOcp=0.0

------------------ Color = product --------------------
arrivCnt=277657 deptCnt=277657
arrivThrPut=0.027793486595204097 deptThrPut=0.027793486595204097
meanTkPop=0.0 tkColOcp=0.0
-----
meanST=0.0 stDevST=0.0

Steady State Statistics: numBatchesST=1388 batchSizeST=200 stDevStdStateMeanST=0.0
95% c.i. = 0.0 +/- 0.0



REPORT for Queue : Persistence----------------------------------------

totArrivThrPut=0.1667939525960589 totDeptThrPut=0.1667939525960589
meanTotTkPop=0.055303636955740545 queueUtil=0.05181338672350369
meanST=0.33156859763180224



REPORT for Queue of Queueing Place : R/getAds_product----------------------------------------

queueUtilQPl=0.0028477855654732054

------------------ Color = product --------------------
arrivCnt=277657 deptCnt=277657
arrivThrPut=0.027793486595204097 deptThrPut=0.027793486595204097
meanTkPop=0.0028565840433904567 tkColOcp=0.0028477855654732054
-----
meanST=0.10277890230164122 stDevST=0.10275775460615921

Steady State Statistics: numBatchesST=694 batchSizeST=400 stDevStdStateMeanST=0.005221079406215163
95% c.i. = 0.1027775604019384 +/- 3.884442115511838E-4



REPORT for Depository of Queueing Place : R/getAds_product----------------------------------------

tkOcp=0.0

------------------ Color = product --------------------
arrivCnt=277657 deptCnt=277657
arrivThrPut=0.027793486595204097 deptThrPut=0.027793486595204097
meanTkPop=0.0 tkColOcp=0.0
-----
meanST=0.0 stDevST=0.0

Steady State Statistics: numBatchesST=1388 batchSizeST=200 stDevStdStateMeanST=0.0
95% c.i. = 0.0 +/- 0.0



REPORT for Queue : Recommender----------------------------------------

totArrivThrPut=0.027793486595204097 totDeptThrPut=0.027793486595204097
meanTotTkPop=0.0028565840433904567 queueUtil=0.0028477855654732054
meanST=0.10277890230164122



REPORT for Queue of Queueing Place : I/productImages_category----------------------------------------

queueUtilQPl=0.012647627921142284

------------------ Color = category --------------------
arrivCnt=276930 deptCnt=276930
arrivThrPut=0.02772071384049338 deptThrPut=0.02772071384049338
meanTkPop=0.012829424887699625 tkColOcp=0.012647627921142284
-----
meanST=0.462810047443976 stDevST=0.4933023502125702

Steady State Statistics: numBatchesST=692 batchSizeST=400 stDevStdStateMeanST=0.026560754906187835
95% c.i. = 0.4628480894705415 +/- 0.0019789529009278948



REPORT for Depository of Queueing Place : I/productImages_category----------------------------------------

tkOcp=0.0

------------------ Color = category --------------------
arrivCnt=276930 deptCnt=276930
arrivThrPut=0.02772071384049338 deptThrPut=0.02772071384049338
meanTkPop=0.0 tkColOcp=0.0
-----
meanST=0.0 stDevST=0.0

Steady State Statistics: numBatchesST=1384 batchSizeST=200 stDevStdStateMeanST=0.0
95% c.i. = 0.0 +/- 0.0



REPORT for Queue : ImageProvider----------------------------------------

totArrivThrPut=0.1667939525960589 totDeptThrPut=0.1667939525960589
meanTotTkPop=0.08593901789256041 queueUtil=0.07767397714375886
meanST=0.5152406100758777



REPORT for Queue of Queueing Place : I/product_product----------------------------------------

queueUtilQPl=0.027290265274774017

------------------ Color = product --------------------
arrivCnt=277657 deptCnt=277657
arrivThrPut=0.027793486595204097 deptThrPut=0.027793486595204097
meanTkPop=0.02802840835176672 tkColOcp=0.027290265274774017
-----
meanST=1.008452403254911 stDevST=0.9902841321281134

Steady State Statistics: numBatchesST=694 batchSizeST=400 stDevStdStateMeanST=0.05404598849993849
95% c.i. = 1.008497049147157 +/- 0.004020979141855593



REPORT for Depository of Queueing Place : I/product_product----------------------------------------

tkOcp=0.0

------------------ Color = product --------------------
arrivCnt=277657 deptCnt=277657
arrivThrPut=0.027793486595204097 deptThrPut=0.027793486595204097
meanTkPop=0.0 tkColOcp=0.0
-----
meanST=0.0 stDevST=0.0

Steady State Statistics: numBatchesST=1388 batchSizeST=200 stDevStdStateMeanST=0.0
95% c.i. = 0.0 +/- 0.0



REPORT for Queue : ImageProvider----------------------------------------

totArrivThrPut=0.1667939525960589 totDeptThrPut=0.1667939525960589
meanTotTkPop=0.08593901789256041 queueUtil=0.07767397714375886
meanST=0.5152406100758777



REPORT for Queue of Queueing Place : Workload----------------------------------------

queueUtilQPl=1.0

------------------ Color = workload --------------------
arrivCnt=1666272 deptCnt=1666273
arrivThrPut=0.1667939525960589 deptThrPut=0.16679405269613415
meanTkPop=1.0 tkColOcp=1.0
-----
meanST=5.995417839368297 stDevST=5.994167538310011

Steady State Statistics: numBatchesST=4165 batchSizeST=400 stDevStdStateMeanST=0.3021758523601304
95% c.i. = 5.99545124928937 +/- 0.009176991806714963



REPORT for Depository of Queueing Place : Workload----------------------------------------

tkOcp=0.0

------------------ Color = workload --------------------
arrivCnt=1666273 deptCnt=1666272
arrivThrPut=0.16679405269613415 deptThrPut=0.1667939525960589
meanTkPop=0.0 tkColOcp=0.0
-----
meanST=0.0 stDevST=0.0

Steady State Statistics: numBatchesST=8331 batchSizeST=200 stDevStdStateMeanST=0.0
95% c.i. = 0.0 +/- 0.0



REPORT for Queue : Workload----------------------------------------

totArrivThrPut=0.1667939525960589 totDeptThrPut=0.16679405269613415
meanTotTkPop=1.0 queueUtil=1.0
meanST=5.995417839368297



REPORT for Queue of Queueing Place : I/icon_index----------------------------------------

queueUtilQPl=0.012518525597897468

------------------ Color = index --------------------
arrivCnt=277854 deptCnt=277854
arrivThrPut=0.027813206310029422 deptThrPut=0.027813206310029422
meanTkPop=0.012688043878409768 tkColOcp=0.012518525597897468
-----
meanST=0.4561877453817494 stDevST=0.48799570869026104

Steady State Statistics: numBatchesST=694 batchSizeST=400 stDevStdStateMeanST=0.026223606768823623
95% c.i. = 0.4562050356198032 +/- 0.001951015769501245



REPORT for Depository of Queueing Place : I/icon_index----------------------------------------

tkOcp=0.0

------------------ Color = index --------------------
arrivCnt=277854 deptCnt=277854
arrivThrPut=0.027813206310029422 deptThrPut=0.027813206310029422
meanTkPop=0.0 tkColOcp=0.0
-----
meanST=0.0 stDevST=0.0

Steady State Statistics: numBatchesST=1389 batchSizeST=200 stDevStdStateMeanST=0.0
95% c.i. = 0.0 +/- 0.0



REPORT for Queue : ImageProvider----------------------------------------

totArrivThrPut=0.1667939525960589 totDeptThrPut=0.1667939525960589
meanTotTkPop=0.08593901789256041 queueUtil=0.07767397714375886
meanST=0.5152406100758777



REPORT for Queue of Queueing Place : P/categories_login----------------------------------------

queueUtilQPl=0.008749262265680716

------------------ Color = login --------------------
arrivCnt=277810 deptCnt=277810
arrivThrPut=0.02780880190671818 deptThrPut=0.02780880190671818
meanTkPop=0.008827547454050467 tkColOcp=0.008749262265680716
-----
meanST=0.3174371727218448 stDevST=0.3243343656337382

Steady State Statistics: numBatchesST=694 batchSizeST=400 stDevStdStateMeanST=0.017403918089766296
95% c.i. = 0.31743038063033535 +/- 0.001294837851390083



REPORT for Depository of Queueing Place : P/categories_login----------------------------------------

tkOcp=0.0

------------------ Color = login --------------------
arrivCnt=277810 deptCnt=277810
arrivThrPut=0.02780880190671818 deptThrPut=0.02780880190671818
meanTkPop=0.0 tkColOcp=0.0
-----
meanST=0.0 stDevST=0.0

Steady State Statistics: numBatchesST=1389 batchSizeST=200 stDevStdStateMeanST=0.0
95% c.i. = 0.0 +/- 0.0



REPORT for Queue : Persistence----------------------------------------

totArrivThrPut=0.1667939525960589 totDeptThrPut=0.1667939525960589
meanTotTkPop=0.055303636955740545 queueUtil=0.05181338672350369
meanST=0.33156859763180224



REPORT for Queue of Queueing Place : I/icon_login----------------------------------------

queueUtilQPl=0.004417387625996438

------------------ Color = login --------------------
arrivCnt=277810 deptCnt=277810
arrivThrPut=0.02780880190671818 deptThrPut=0.02780880190671818
meanTkPop=0.004463621188882677 tkColOcp=0.004417387625996438
-----
meanST=0.1605110929933423 stDevST=0.29520740022408026

Steady State Statistics: numBatchesST=694 batchSizeST=400 stDevStdStateMeanST=0.015908426251533807
95% c.i. = 0.16052312368562832 +/- 0.0011835744319347251



REPORT for Depository of Queueing Place : I/icon_login----------------------------------------

tkOcp=0.0

------------------ Color = login --------------------
arrivCnt=277810 deptCnt=277811
arrivThrPut=0.02780880190671818 deptThrPut=0.027808902006793437
meanTkPop=0.0 tkColOcp=0.0
-----
meanST=0.0 stDevST=0.0

Steady State Statistics: numBatchesST=1389 batchSizeST=200 stDevStdStateMeanST=0.0
95% c.i. = 0.0 +/- 0.0



REPORT for Queue : ImageProvider----------------------------------------

totArrivThrPut=0.1667939525960589 totDeptThrPut=0.1667939525960589
meanTotTkPop=0.08593901789256041 queueUtil=0.07767397714375886
meanST=0.5152406100758777



REPORT for Queue of Queueing Place : A/isLoggedIn_login----------------------------------------

queueUtilQPl=0.0038878009825144854

------------------ Color = login --------------------
arrivCnt=277811 deptCnt=277811
arrivThrPut=0.027808902006793437 deptThrPut=0.027808902006793437
meanTkPop=0.003920861672833388 tkColOcp=0.0038878009825144854
-----
meanST=0.14099304143240035 stDevST=0.20291783392079635

Steady State Statistics: numBatchesST=694 batchSizeST=400 stDevStdStateMeanST=0.01075124394110577
95% c.i. = 0.14099653352247876 +/- 7.998841141787391E-4



REPORT for Depository of Queueing Place : A/isLoggedIn_login----------------------------------------

tkOcp=0.0

------------------ Color = login --------------------
arrivCnt=277811 deptCnt=277811
arrivThrPut=0.027808902006793437 deptThrPut=0.027808902006793437
meanTkPop=0.0 tkColOcp=0.0
-----
meanST=0.0 stDevST=0.0

Steady State Statistics: numBatchesST=1389 batchSizeST=200 stDevStdStateMeanST=0.0
95% c.i. = 0.0 +/- 0.0



REPORT for Queue : Auth----------------------------------------

totArrivThrPut=0.16679405269613412 totDeptThrPut=0.16679405269613412
meanTotTkPop=0.05479610631871932 queueUtil=0.05094966409250312
meanST=0.32852554052719735



REPORT for Queue of Queueing Place : A/isLoggedIn_category----------------------------------------

queueUtilQPl=0.016142513797267284

------------------ Color = category --------------------
arrivCnt=276930 deptCnt=276930
arrivThrPut=0.02772071384049338 deptThrPut=0.02772071384049338
meanTkPop=0.016413253667764978 tkColOcp=0.016142513797267284
-----
meanST=0.5920934706879414 stDevST=0.586566875506561

Steady State Statistics: numBatchesST=692 batchSizeST=400 stDevStdStateMeanST=0.030019382388030043
95% c.i. = 0.5920774253846811 +/- 0.0022366436522862467



REPORT for Depository of Queueing Place : A/isLoggedIn_category----------------------------------------

tkOcp=0.0

------------------ Color = category --------------------
arrivCnt=276930 deptCnt=276930
arrivThrPut=0.02772071384049338 deptThrPut=0.02772071384049338
meanTkPop=0.0 tkColOcp=0.0
-----
meanST=0.0 stDevST=0.0

Steady State Statistics: numBatchesST=1384 batchSizeST=200 stDevStdStateMeanST=0.0
95% c.i. = 0.0 +/- 0.0



REPORT for Queue : Auth----------------------------------------

totArrivThrPut=0.16679405269613412 totDeptThrPut=0.16679405269613412
meanTotTkPop=0.05479610631871932 queueUtil=0.05094966409250312
meanST=0.32852554052719735



REPORT for Queue of Queueing Place : I/icon_logout----------------------------------------

queueUtilQPl=0.011940842580979353

------------------ Color = logout --------------------
arrivCnt=277959 deptCnt=277959
arrivThrPut=0.027823716817931245 deptThrPut=0.027823716817931245
meanTkPop=0.012094977865623949 tkColOcp=0.011940842580979353
-----
meanST=0.43470029344998334 stDevST=0.46618324717759746

Steady State Statistics: numBatchesST=694 batchSizeST=400 stDevStdStateMeanST=0.023285003902106527
95% c.i. = 0.43462759198783907 +/- 0.0017323860217396706



REPORT for Depository of Queueing Place : I/icon_logout----------------------------------------

tkOcp=0.0

------------------ Color = logout --------------------
arrivCnt=277959 deptCnt=277959
arrivThrPut=0.027823716817931245 deptThrPut=0.027823716817931245
meanTkPop=0.0 tkColOcp=0.0
-----
meanST=0.0 stDevST=0.0

Steady State Statistics: numBatchesST=1389 batchSizeST=200 stDevStdStateMeanST=0.0
95% c.i. = 0.0 +/- 0.0



REPORT for Queue : ImageProvider----------------------------------------

totArrivThrPut=0.1667939525960589 totDeptThrPut=0.1667939525960589
meanTotTkPop=0.08593901789256041 queueUtil=0.07767397714375886
meanST=0.5152406100758777



REPORT for Queue of Queueing Place : I/icon_loginAction----------------------------------------

queueUtilQPl=0.01558880834117244

------------------ Color = loginAction --------------------
arrivCnt=278062 deptCnt=278062
arrivThrPut=0.027834027125682555 deptThrPut=0.027834027125682555
meanTkPop=0.015834541720177665 tkColOcp=0.01558880834117244
-----
meanST=0.5688915099736709 stDevST=0.5828111810565622

Steady State Statistics: numBatchesST=695 batchSizeST=400 stDevStdStateMeanST=0.030350076729853986
95% c.i. = 0.5688610601948365 +/- 0.002256396836172202



REPORT for Depository of Queueing Place : I/icon_loginAction----------------------------------------

tkOcp=0.0

------------------ Color = loginAction --------------------
arrivCnt=278062 deptCnt=278062
arrivThrPut=0.027834027125682555 deptThrPut=0.027834027125682555
meanTkPop=0.0 tkColOcp=0.0
-----
meanST=0.0 stDevST=0.0

Steady State Statistics: numBatchesST=1390 batchSizeST=200 stDevStdStateMeanST=0.0
95% c.i. = 0.0 +/- 0.0



REPORT for Queue : ImageProvider----------------------------------------

totArrivThrPut=0.1667939525960589 totDeptThrPut=0.1667939525960589
meanTotTkPop=0.08593901789256041 queueUtil=0.07767397714375886
meanST=0.5152406100758777



REPORT for Queue of Queueing Place : A/isLoggedIn_product----------------------------------------

queueUtilQPl=0.00989282935056977

------------------ Color = product --------------------
arrivCnt=277657 deptCnt=277657
arrivThrPut=0.027793486595204097 deptThrPut=0.027793486595204097
meanTkPop=0.00998843166566913 tkColOcp=0.00989282935056977
-----
meanST=0.3593803041390526 stDevST=0.3643017696218192

Steady State Statistics: numBatchesST=694 batchSizeST=400 stDevStdStateMeanST=0.018613773811067755
95% c.i. = 0.3593770363479211 +/- 0.0013848501678456026



REPORT for Depository of Queueing Place : A/isLoggedIn_product----------------------------------------

tkOcp=0.0

------------------ Color = product --------------------
arrivCnt=277657 deptCnt=277657
arrivThrPut=0.027793486595204097 deptThrPut=0.027793486595204097
meanTkPop=0.0 tkColOcp=0.0
-----
meanST=0.0 stDevST=0.0

Steady State Statistics: numBatchesST=1388 batchSizeST=200 stDevStdStateMeanST=0.0
95% c.i. = 0.0 +/- 0.0



REPORT for Queue : Auth----------------------------------------

totArrivThrPut=0.16679405269613412 totDeptThrPut=0.16679405269613412
meanTotTkPop=0.05479610631871932 queueUtil=0.05094966409250312
meanST=0.32852554052719735



REPORT for Queue of Queueing Place : P/category_logout----------------------------------------

queueUtilQPl=0.012677053831097834

------------------ Color = logout --------------------
arrivCnt=277959 deptCnt=277959
arrivThrPut=0.027823716817931245 deptThrPut=0.027823716817931245
meanTkPop=0.012839169859221611 tkColOcp=0.012677053831097834
-----
meanST=0.4614469714178263 stDevST=0.46071163412198846

Steady State Statistics: numBatchesST=173 batchSizeST=1600 stDevStdStateMeanST=0.011842708372122913
95% c.i. = 0.4615670490906127 +/- 0.0017772438200275575



REPORT for Depository of Queueing Place : P/category_logout----------------------------------------

tkOcp=0.0

------------------ Color = logout --------------------
arrivCnt=277959 deptCnt=277959
arrivThrPut=0.027823716817931245 deptThrPut=0.027823716817931245
meanTkPop=0.0 tkColOcp=0.0
-----
meanST=0.0 stDevST=0.0

Steady State Statistics: numBatchesST=1389 batchSizeST=200 stDevStdStateMeanST=0.0
95% c.i. = 0.0 +/- 0.0



REPORT for Queue : Persistence----------------------------------------

totArrivThrPut=0.1667939525960589 totDeptThrPut=0.1667939525960589
meanTotTkPop=0.055303636955740545 queueUtil=0.05181338672350369
meanST=0.33156859763180224



REPORT for Ordinary Place : Finish_index----------------------------------------

tkOcp=1.0

------------------ Color = index --------------------
arrivCnt=277854 deptCnt=0
arrivThrPut=0.027813206310029422 deptThrPut=0.0
meanTkPop=139237.03998957184 tkColOcp=1.0
-----
meanST=NaN stDevST=NaN

Steady State Statistics: Only 0 batches collected!
Need at least 60 for steady state statistics.



REPORT for Ordinary Place : Finish_login----------------------------------------

tkOcp=1.0

------------------ Color = login --------------------
arrivCnt=277811 deptCnt=0
arrivThrPut=0.027808902006793437 deptThrPut=0.0
meanTkPop=139045.55795722836 tkColOcp=1.0
-----
meanST=NaN stDevST=NaN

Steady State Statistics: Only 0 batches collected!
Need at least 60 for steady state statistics.



REPORT for Ordinary Place : Finish_loginAction----------------------------------------

tkOcp=1.0

------------------ Color = loginAction --------------------
arrivCnt=278062 deptCnt=0
arrivThrPut=0.027834027125682555 deptThrPut=0.0
meanTkPop=139344.2548248543 tkColOcp=1.0
-----
meanST=NaN stDevST=NaN

Steady State Statistics: Only 0 batches collected!
Need at least 60 for steady state statistics.



REPORT for Ordinary Place : Finish_category----------------------------------------

tkOcp=1.0

------------------ Color = category --------------------
arrivCnt=276930 deptCnt=0
arrivThrPut=0.02772071384049338 deptThrPut=0.0
meanTkPop=138346.95244335203 tkColOcp=1.0
-----
meanST=NaN stDevST=NaN

Steady State Statistics: Only 0 batches collected!
Need at least 60 for steady state statistics.



REPORT for Ordinary Place : Finish_product----------------------------------------

tkOcp=0.9999999999999998

------------------ Color = product --------------------
arrivCnt=277657 deptCnt=0
arrivThrPut=0.027793486595204097 deptThrPut=0.0
meanTkPop=139151.7841935489 tkColOcp=0.9999999999999998
-----
meanST=NaN stDevST=NaN

Steady State Statistics: Only 0 batches collected!
Need at least 60 for steady state statistics.



REPORT for Ordinary Place : Finish_logout----------------------------------------

tkOcp=1.0

------------------ Color = logout --------------------
arrivCnt=277959 deptCnt=0
arrivThrPut=0.027823716817931245 deptThrPut=0.0
meanTkPop=139321.88259068786 tkColOcp=1.0
-----
meanST=NaN stDevST=NaN

Steady State Statistics: Only 0 batches collected!
Need at least 60 for steady state statistics.



REPORT REPORT for Probe : /index----------------------------------------


------------------ Color = index --------------------
-----
meanST=1.2868098241524744 stDevST=0.73919949797783

Steady State Statistics: numBatchesST=694 batchSizeST=400 stDevStdStateMeanST=0.037541346694261145
95% c.i. = 1.2868468402162592 +/- 0.0027930467404618806



REPORT REPORT for Probe : /login----------------------------------------


------------------ Color = login --------------------
-----
meanST=0.7274009480024681 stDevST=0.519551236261399

Steady State Statistics: numBatchesST=694 batchSizeST=400 stDevStdStateMeanST=0.028677051210423188
95% c.i. = 0.7274174070251023 +/- 0.0021335501110719356



REPORT REPORT for Probe : /loginAction----------------------------------------


------------------ Color = loginAction --------------------
-----
meanST=1.3068554665321201 stDevST=0.811966942579711

Steady State Statistics: numBatchesST=695 batchSizeST=400 stDevStdStateMeanST=0.040693914748879456
95% c.i. = 1.3068503636563074 +/- 0.0030254164201341935



REPORT REPORT for Probe : /logout----------------------------------------


------------------ Color = logout --------------------
-----
meanST=1.6508996798187512 stDevST=0.8486727009340331

Steady State Statistics: numBatchesST=694 batchSizeST=400 stDevStdStateMeanST=0.04301085362332985
95% c.i. = 1.650991110319509 +/- 0.003199973764806063



REPORT REPORT for Probe : /category----------------------------------------


------------------ Color = category --------------------
-----
meanST=1.5221809552908805 stDevST=0.8464742293909331

Steady State Statistics: numBatchesST=692 batchSizeST=400 stDevStdStateMeanST=0.043847314477405114
95% c.i. = 1.5221968174747706 +/- 0.0032669165650387215



REPORT REPORT for Probe : /product----------------------------------------


------------------ Color = product --------------------
-----
meanST=1.7395997077769314 stDevST=1.0876657385827524

Steady State Statistics: numBatchesST=694 batchSizeST=400 stDevStdStateMeanST=0.05911159404174372
95% c.i. = 1.7396373082863075 +/- 0.004397856219873883



