INFO Logging to /home/yjx/workloadConfig/qpme/output/SimQPN_Output_config_2025-08-14_045506368.log
WARN Batch means correlation test was run for depository of place Workload, color 0
    However, the standard deviation of the token residence time is 0 and therefore the result of the test is ignored!
    In future runs, you should set numBMeansCorlTested to 0 to switch off the correlation test!
WARN Batch means correlation test was run for depository of place W/loginAction, color 0
    However, the standard deviation of the token residence time is 0 and therefore the result of the test is ignored!
    In future runs, you should set numBMeansCorlTested to 0 to switch off the correlation test!
WARN Batch means correlation test was run for depository of place A/login_loginAction, color 0
    However, the standard deviation of the token residence time is 0 and therefore the result of the test is ignored!
    In future runs, you should set numBMeansCorlTested to 0 to switch off the correlation test!
WARN Batch means correlation test was run for depository of place P/getUser_loginAction, color 0
    However, the standard deviation of the token residence time is 0 and therefore the result of the test is ignored!
    In future runs, you should set numBMeansCorlTested to 0 to switch off the correlation test!
WARN Batch means correlation test was run for depository of place I/icon_loginAction, color 0
    However, the standard deviation of the token residence time is 0 and therefore the result of the test is ignored!
    In future runs, you should set numBMeansCorlTested to 0 to switch off the correlation test!
WARN Batch means correlation test was run for depository of place W/category, color 0
    However, the standard deviation of the token residence time is 0 and therefore the result of the test is ignored!
    In future runs, you should set numBMeansCorlTested to 0 to switch off the correlation test!
WARN Batch means correlation test was run for depository of place P/category_category, color 0
    However, the standard deviation of the token residence time is 0 and therefore the result of the test is ignored!
    In future runs, you should set numBMeansCorlTested to 0 to switch off the correlation test!
WARN Batch means correlation test was run for depository of place I/productImages_category, color 0
    However, the standard deviation of the token residence time is 0 and therefore the result of the test is ignored!
    In future runs, you should set numBMeansCorlTested to 0 to switch off the correlation test!
WARN Batch means correlation test was run for depository of place A/isLoggedIn_category, color 0
    However, the standard deviation of the token residence time is 0 and therefore the result of the test is ignored!
    In future runs, you should set numBMeansCorlTested to 0 to switch off the correlation test!
WARN Batch means correlation test was run for depository of place W/login, color 0
    However, the standard deviation of the token residence time is 0 and therefore the result of the test is ignored!
    In future runs, you should set numBMeansCorlTested to 0 to switch off the correlation test!
WARN Batch means correlation test was run for depository of place P/categories_login, color 0
    However, the standard deviation of the token residence time is 0 and therefore the result of the test is ignored!
    In future runs, you should set numBMeansCorlTested to 0 to switch off the correlation test!
WARN Batch means correlation test was run for depository of place I/icon_login, color 0
    However, the standard deviation of the token residence time is 0 and therefore the result of the test is ignored!
    In future runs, you should set numBMeansCorlTested to 0 to switch off the correlation test!
WARN Batch means correlation test was run for depository of place A/isLoggedIn_login, color 0
    However, the standard deviation of the token residence time is 0 and therefore the result of the test is ignored!
    In future runs, you should set numBMeansCorlTested to 0 to switch off the correlation test!
WARN Batch means correlation test was run for depository of place W/product, color 0
    However, the standard deviation of the token residence time is 0 and therefore the result of the test is ignored!
    In future runs, you should set numBMeansCorlTested to 0 to switch off the correlation test!
WARN Batch means correlation test was run for depository of place P/getProduct_product, color 0
    However, the standard deviation of the token residence time is 0 and therefore the result of the test is ignored!
    In future runs, you should set numBMeansCorlTested to 0 to switch off the correlation test!
WARN Batch means correlation test was run for depository of place R/getAds_product, color 0
    However, the standard deviation of the token residence time is 0 and therefore the result of the test is ignored!
    In future runs, you should set numBMeansCorlTested to 0 to switch off the correlation test!
WARN Batch means correlation test was run for depository of place I/product_product, color 0
    However, the standard deviation of the token residence time is 0 and therefore the result of the test is ignored!
    In future runs, you should set numBMeansCorlTested to 0 to switch off the correlation test!
WARN Batch means correlation test was run for depository of place A/isLoggedIn_product, color 0
    However, the standard deviation of the token residence time is 0 and therefore the result of the test is ignored!
    In future runs, you should set numBMeansCorlTested to 0 to switch off the correlation test!
WARN Batch means correlation test was run for depository of place W/logout, color 0
    However, the standard deviation of the token residence time is 0 and therefore the result of the test is ignored!
    In future runs, you should set numBMeansCorlTested to 0 to switch off the correlation test!
WARN Batch means correlation test was run for depository of place A/logout_logout, color 0
    However, the standard deviation of the token residence time is 0 and therefore the result of the test is ignored!
    In future runs, you should set numBMeansCorlTested to 0 to switch off the correlation test!
WARN Batch means correlation test was run for depository of place P/category_logout, color 0
    However, the standard deviation of the token residence time is 0 and therefore the result of the test is ignored!
    In future runs, you should set numBMeansCorlTested to 0 to switch off the correlation test!
WARN Batch means correlation test was run for depository of place I/icon_logout, color 0
    However, the standard deviation of the token residence time is 0 and therefore the result of the test is ignored!
    In future runs, you should set numBMeansCorlTested to 0 to switch off the correlation test!
WARN Batch means correlation test was run for depository of place W/index, color 0
    However, the standard deviation of the token residence time is 0 and therefore the result of the test is ignored!
    In future runs, you should set numBMeansCorlTested to 0 to switch off the correlation test!
WARN Batch means correlation test was run for depository of place P/categories_index, color 0
    However, the standard deviation of the token residence time is 0 and therefore the result of the test is ignored!
    In future runs, you should set numBMeansCorlTested to 0 to switch off the correlation test!
WARN Batch means correlation test was run for depository of place A/isLoggedIn_index, color 0
    However, the standard deviation of the token residence time is 0 and therefore the result of the test is ignored!
    In future runs, you should set numBMeansCorlTested to 0 to switch off the correlation test!
WARN Batch means correlation test was run for depository of place I/icon_index, color 0
    However, the standard deviation of the token residence time is 0 and therefore the result of the test is ignored!
    In future runs, you should set numBMeansCorlTested to 0 to switch off the correlation test!
WARN LP-1 The simulation was stopped because of reaching max totalRunLen.
The required precision may not have been reached!
REPORT for Queue of Queueing Place : W/index----------------------------------------

queueUtilQPl=0.0130087063592841

------------------ Color = index --------------------
arrivCnt=276978 deptCnt=276978
arrivThrPut=0.027725514681638575 deptThrPut=0.027725514681638575
meanTkPop=0.013190582165058593 tkColOcp=0.0130087063592841
-----
meanST=0.4757560794279557 stDevST=0.48116719338873426

Steady State Statistics: numBatchesST=692 batchSizeST=400 stDevStdStateMeanST=0.025698981716766305
95% c.i. = 0.4757259498089701 +/- 0.0019147450665056016



REPORT for Depository of Queueing Place : W/index----------------------------------------

tkOcp=0.0

------------------ Color = index --------------------
arrivCnt=276978 deptCnt=276978
arrivThrPut=0.027725514681638575 deptThrPut=0.027725514681638575
meanTkPop=0.0 tkColOcp=0.0
-----
meanST=0.0 stDevST=0.0

Steady State Statistics: numBatchesST=1384 batchSizeST=200 stDevStdStateMeanST=0.0
95% c.i. = 0.0 +/- 0.0



REPORT for Queue : WebUI----------------------------------------

totArrivThrPut=0.16656760252044597 totDeptThrPut=0.16656760252044597
meanTotTkPop=0.06658309433934492 queueUtil=0.06138106585828055
meanST=0.3997361631663752



REPORT for Queue of Queueing Place : P/categories_index----------------------------------------

queueUtilQPl=0.006768899265727167

------------------ Color = index --------------------
arrivCnt=276978 deptCnt=276978
arrivThrPut=0.027725514681638575 deptThrPut=0.027725514681638575
meanTkPop=0.0068217539298440774 tkColOcp=0.006768899265727167
-----
meanST=0.24604607013343682 stDevST=0.274213479473793

Steady State Statistics: numBatchesST=346 batchSizeST=800 stDevStdStateMeanST=0.01005417342048717
95% c.i. = 0.24604895859274453 +/- 0.0010593913280074873



REPORT for Depository of Queueing Place : P/categories_index----------------------------------------

tkOcp=0.0

------------------ Color = index --------------------
arrivCnt=276978 deptCnt=276978
arrivThrPut=0.027725514681638575 deptThrPut=0.027725514681638575
meanTkPop=0.0 tkColOcp=0.0
-----
meanST=0.0 stDevST=0.0

Steady State Statistics: numBatchesST=1384 batchSizeST=200 stDevStdStateMeanST=0.0
95% c.i. = 0.0 +/- 0.0



REPORT for Queue : Persistence----------------------------------------

totArrivThrPut=0.1665677026205069 totDeptThrPut=0.1665677026205069
meanTotTkPop=0.041779129244840604 queueUtil=0.0385330853586561
meanST=0.2508237106447128



REPORT for Queue of Queueing Place : A/isLoggedIn_index----------------------------------------

queueUtilQPl=0.0050178758069326

------------------ Color = index --------------------
arrivCnt=276978 deptCnt=276978
arrivThrPut=0.027725514681638575 deptThrPut=0.027725514681638575
meanTkPop=0.005064790846110902 tkColOcp=0.0050178758069326
-----
meanST=0.1826761704613223 stDevST=0.2802267817115955

Steady State Statistics: numBatchesST=346 batchSizeST=800 stDevStdStateMeanST=0.010700141388056385
95% c.i. = 0.18268071809533656 +/- 0.0011274558853204733



REPORT for Depository of Queueing Place : A/isLoggedIn_index----------------------------------------

tkOcp=0.0

------------------ Color = index --------------------
arrivCnt=276978 deptCnt=276978
arrivThrPut=0.027725514681638575 deptThrPut=0.027725514681638575
meanTkPop=0.0 tkColOcp=0.0
-----
meanST=0.0 stDevST=0.0

Steady State Statistics: numBatchesST=1384 batchSizeST=200 stDevStdStateMeanST=0.0
95% c.i. = 0.0 +/- 0.0



REPORT for Queue : Auth----------------------------------------

totArrivThrPut=0.1665677026205069 totDeptThrPut=0.1665677026205069
meanTotTkPop=0.06934170979477987 queueUtil=0.062078813204411665
meanST=0.41629744964881854



REPORT for Queue of Queueing Place : W/login----------------------------------------

queueUtilQPl=0.016009005071936557

------------------ Color = login --------------------
arrivCnt=277027 deptCnt=277027
arrivThrPut=0.027730419584625094 deptThrPut=0.027730419584625094
meanTkPop=0.016268243504600762 tkColOcp=0.016009005071936557
-----
meanST=0.5866569546470388 stDevST=0.5858871078882593

Steady State Statistics: numBatchesST=692 batchSizeST=400 stDevStdStateMeanST=0.030177649128970557
95% c.i. = 0.5866614609473211 +/- 0.0022484355771472254



REPORT for Depository of Queueing Place : W/login----------------------------------------

tkOcp=0.0

------------------ Color = login --------------------
arrivCnt=277027 deptCnt=277027
arrivThrPut=0.027730419584625094 deptThrPut=0.027730419584625094
meanTkPop=0.0 tkColOcp=0.0
-----
meanST=0.0 stDevST=0.0

Steady State Statistics: numBatchesST=1385 batchSizeST=200 stDevStdStateMeanST=0.0
95% c.i. = 0.0 +/- 0.0



REPORT for Queue : WebUI----------------------------------------

totArrivThrPut=0.16656760252044597 totDeptThrPut=0.16656760252044597
meanTotTkPop=0.06658309433934492 queueUtil=0.06138106585828055
meanST=0.3997361631663752



REPORT for Queue of Queueing Place : W/loginAction----------------------------------------

queueUtilQPl=0.0038412802343715715

------------------ Color = loginAction --------------------
arrivCnt=278003 deptCnt=278003
arrivThrPut=0.027828117244111692 deptThrPut=0.027828117244111692
meanTkPop=0.003867227683396118 tkColOcp=0.0038412802343715715
-----
meanST=0.13896835525998102 stDevST=0.21219161123658523

Steady State Statistics: numBatchesST=695 batchSizeST=400 stDevStdStateMeanST=0.011345684397647944
95% c.i. = 0.13896715759936362 +/- 8.435025257738221E-4



REPORT for Depository of Queueing Place : W/loginAction----------------------------------------

tkOcp=0.0

------------------ Color = loginAction --------------------
arrivCnt=278003 deptCnt=278003
arrivThrPut=0.027828117244111692 deptThrPut=0.027828117244111692
meanTkPop=0.0 tkColOcp=0.0
-----
meanST=0.0 stDevST=0.0

Steady State Statistics: numBatchesST=1390 batchSizeST=200 stDevStdStateMeanST=0.0
95% c.i. = 0.0 +/- 0.0



REPORT for Queue : WebUI----------------------------------------

totArrivThrPut=0.16656760252044597 totDeptThrPut=0.16656760252044597
meanTotTkPop=0.06658309433934492 queueUtil=0.06138106585828055
meanST=0.3997361631663752



REPORT for Queue of Queueing Place : A/login_loginAction----------------------------------------

queueUtilQPl=0.011976958395890846

------------------ Color = loginAction --------------------
arrivCnt=278003 deptCnt=278003
arrivThrPut=0.027828117244111692 deptThrPut=0.027828117244111692
meanTkPop=0.012139513102764472 tkColOcp=0.011976958395890846
-----
meanST=0.4362319231400083 stDevST=0.45993269414069876

Steady State Statistics: numBatchesST=695 batchSizeST=400 stDevStdStateMeanST=0.024713712587436133
95% c.i. = 0.4362339697322093 +/- 0.0018373575588857597



REPORT for Depository of Queueing Place : A/login_loginAction----------------------------------------

tkOcp=0.0

------------------ Color = loginAction --------------------
arrivCnt=278003 deptCnt=278003
arrivThrPut=0.027828117244111692 deptThrPut=0.027828117244111692
meanTkPop=0.0 tkColOcp=0.0
-----
meanST=0.0 stDevST=0.0

Steady State Statistics: numBatchesST=1390 batchSizeST=200 stDevStdStateMeanST=0.0
95% c.i. = 0.0 +/- 0.0



REPORT for Queue : Auth----------------------------------------

totArrivThrPut=0.1665677026205069 totDeptThrPut=0.1665677026205069
meanTotTkPop=0.06934170979477987 queueUtil=0.062078813204411665
meanST=0.41629744964881854



REPORT for Queue of Queueing Place : W/logout----------------------------------------

queueUtilQPl=0.010907857251911195

------------------ Color = logout --------------------
arrivCnt=277944 deptCnt=277944
arrivThrPut=0.02782221134051568 deptThrPut=0.02782221134051568
meanTkPop=0.011025072113372296 tkColOcp=0.010907857251911195
-----
meanST=0.3962687213621011 stDevST=0.4098428986719949

Steady State Statistics: numBatchesST=694 batchSizeST=400 stDevStdStateMeanST=0.020680345677117167
95% c.i. = 0.39619500442460615 +/- 0.0015386014933216781



REPORT for Depository of Queueing Place : W/logout----------------------------------------

tkOcp=0.0

------------------ Color = logout --------------------
arrivCnt=277944 deptCnt=277945
arrivThrPut=0.02782221134051568 deptThrPut=0.02782231144057663
meanTkPop=0.0 tkColOcp=0.0
-----
meanST=0.0 stDevST=0.0

Steady State Statistics: numBatchesST=1389 batchSizeST=200 stDevStdStateMeanST=0.0
95% c.i. = 0.0 +/- 0.0



REPORT for Queue : WebUI----------------------------------------

totArrivThrPut=0.16656760252044597 totDeptThrPut=0.16656760252044597
meanTotTkPop=0.06658309433934492 queueUtil=0.06138106585828055
meanST=0.3997361631663752



REPORT for Queue of Queueing Place : A/logout_logout----------------------------------------

queueUtilQPl=0.0036669818462621746

------------------ Color = logout --------------------
arrivCnt=277945 deptCnt=277945
arrivThrPut=0.02782231144057663 deptThrPut=0.02782231144057663
meanTkPop=0.0036983717813075133 tkColOcp=0.0036669818462621746
-----
meanST=0.13292827194485834 stDevST=0.24683171490781478

Steady State Statistics: numBatchesST=694 batchSizeST=400 stDevStdStateMeanST=0.012488114233145872
95% c.i. = 0.1329520274160402 +/- 9.291059012205253E-4



REPORT for Depository of Queueing Place : A/logout_logout----------------------------------------

tkOcp=0.0

------------------ Color = logout --------------------
arrivCnt=277945 deptCnt=277945
arrivThrPut=0.02782231144057663 deptThrPut=0.02782231144057663
meanTkPop=0.0 tkColOcp=0.0
-----
meanST=0.0 stDevST=0.0

Steady State Statistics: numBatchesST=1389 batchSizeST=200 stDevStdStateMeanST=0.0
95% c.i. = 0.0 +/- 0.0



REPORT for Queue : Auth----------------------------------------

totArrivThrPut=0.1665677026205069 totDeptThrPut=0.1665677026205069
meanTotTkPop=0.06934170979477987 queueUtil=0.062078813204411665
meanST=0.41629744964881854



REPORT for Queue of Queueing Place : P/getUser_loginAction----------------------------------------

queueUtilQPl=0.0029419514509867596

------------------ Color = loginAction --------------------
arrivCnt=278003 deptCnt=278003
arrivThrPut=0.027828117244111692 deptThrPut=0.027828117244111692
meanTkPop=0.002958605047459806 tkColOcp=0.0029419514509867596
-----
meanST=0.10631711162873708 stDevST=0.17887234214673536

Steady State Statistics: numBatchesST=347 batchSizeST=800 stDevStdStateMeanST=0.006464099532726304
95% c.i. = 0.10628338714825794 +/- 6.80129149557437E-4



REPORT for Depository of Queueing Place : P/getUser_loginAction----------------------------------------

tkOcp=0.0

------------------ Color = loginAction --------------------
arrivCnt=278003 deptCnt=278003
arrivThrPut=0.027828117244111692 deptThrPut=0.027828117244111692
meanTkPop=0.0 tkColOcp=0.0
-----
meanST=0.0 stDevST=0.0

Steady State Statistics: numBatchesST=1390 batchSizeST=200 stDevStdStateMeanST=0.0
95% c.i. = 0.0 +/- 0.0



REPORT for Queue : Persistence----------------------------------------

totArrivThrPut=0.1665677026205069 totDeptThrPut=0.1665677026205069
meanTotTkPop=0.041779129244840604 queueUtil=0.0385330853586561
meanST=0.2508237106447128



REPORT for Queue of Queueing Place : W/category----------------------------------------

queueUtilQPl=0.004156774652695233

------------------ Color = category --------------------
arrivCnt=276656 deptCnt=276656
arrivThrPut=0.027693282462012872 deptThrPut=0.027693282462012872
meanTkPop=0.004184163373725237 tkColOcp=0.004156774652695233
-----
meanST=0.1510894701436961 stDevST=0.21961417706574357

Steady State Statistics: numBatchesST=691 batchSizeST=400 stDevStdStateMeanST=0.011631913580354923
95% c.i. = 0.15108225120060662 +/- 8.6728180296725E-4



REPORT for Depository of Queueing Place : W/category----------------------------------------

tkOcp=0.0

------------------ Color = category --------------------
arrivCnt=276656 deptCnt=276656
arrivThrPut=0.027693282462012872 deptThrPut=0.027693282462012872
meanTkPop=0.0 tkColOcp=0.0
-----
meanST=0.0 stDevST=0.0

Steady State Statistics: numBatchesST=1383 batchSizeST=200 stDevStdStateMeanST=0.0
95% c.i. = 0.0 +/- 0.0



REPORT for Queue : WebUI----------------------------------------

totArrivThrPut=0.16656760252044597 totDeptThrPut=0.16656760252044597
meanTotTkPop=0.06658309433934492 queueUtil=0.06138106585828055
meanST=0.3997361631663752



REPORT for Queue of Queueing Place : W/product----------------------------------------

queueUtilQPl=0.017729275610647043

------------------ Color = product --------------------
arrivCnt=277403 deptCnt=277403
arrivThrPut=0.027768057207542062 deptThrPut=0.027768057207542062
meanTkPop=0.01804780549919191 tkColOcp=0.017729275610647043
-----
meanST=0.649948441271936 stDevST=0.6452793085427999

Steady State Statistics: numBatchesST=346 batchSizeST=800 stDevStdStateMeanST=0.023582994802932283
95% c.i. = 0.6499733991719252 +/- 0.0024849004625048065



REPORT for Depository of Queueing Place : W/product----------------------------------------

tkOcp=0.0

------------------ Color = product --------------------
arrivCnt=277403 deptCnt=277403
arrivThrPut=0.027768057207542062 deptThrPut=0.027768057207542062
meanTkPop=0.0 tkColOcp=0.0
-----
meanST=0.0 stDevST=0.0

Steady State Statistics: numBatchesST=1387 batchSizeST=200 stDevStdStateMeanST=0.0
95% c.i. = 0.0 +/- 0.0



REPORT for Queue : WebUI----------------------------------------

totArrivThrPut=0.16656760252044597 totDeptThrPut=0.16656760252044597
meanTotTkPop=0.06658309433934492 queueUtil=0.06138106585828055
meanST=0.3997361631663752



REPORT for Queue of Queueing Place : P/category_category----------------------------------------

queueUtilQPl=0.0045822850608697825

------------------ Color = category --------------------
arrivCnt=276656 deptCnt=276656
arrivThrPut=0.027693282462012872 deptThrPut=0.027693282462012872
meanTkPop=0.004616730618272321 tkColOcp=0.0045822850608697825
-----
meanST=0.1667094041526183 stDevST=0.22608591627640134

Steady State Statistics: numBatchesST=691 batchSizeST=400 stDevStdStateMeanST=0.011592469976462004
95% c.i. = 0.16669547040252428 +/- 8.643408664082344E-4



REPORT for Depository of Queueing Place : P/category_category----------------------------------------

tkOcp=0.0

------------------ Color = category --------------------
arrivCnt=276656 deptCnt=276656
arrivThrPut=0.027693282462012872 deptThrPut=0.027693282462012872
meanTkPop=0.0 tkColOcp=0.0
-----
meanST=0.0 stDevST=0.0

Steady State Statistics: numBatchesST=1383 batchSizeST=200 stDevStdStateMeanST=0.0
95% c.i. = 0.0 +/- 0.0



REPORT for Queue : Persistence----------------------------------------

totArrivThrPut=0.1665677026205069 totDeptThrPut=0.1665677026205069
meanTotTkPop=0.041779129244840604 queueUtil=0.0385330853586561
meanST=0.2508237106447128



REPORT for Queue of Queueing Place : P/getProduct_product----------------------------------------

queueUtilQPl=0.003075042298418999

------------------ Color = product --------------------
arrivCnt=277403 deptCnt=277403
arrivThrPut=0.027768057207542062 deptThrPut=0.027768057207542062
meanTkPop=0.0030915211781922043 tkColOcp=0.003075042298418999
-----
meanST=0.1113337225966431 stDevST=0.1750050648024819

Steady State Statistics: numBatchesST=693 batchSizeST=400 stDevStdStateMeanST=0.008969424684355732
95% c.i. = 0.11133559351688176 +/- 6.677994563959096E-4



REPORT for Depository of Queueing Place : P/getProduct_product----------------------------------------

tkOcp=0.0

------------------ Color = product --------------------
arrivCnt=277403 deptCnt=277403
arrivThrPut=0.027768057207542062 deptThrPut=0.027768057207542062
meanTkPop=0.0 tkColOcp=0.0
-----
meanST=0.0 stDevST=0.0

Steady State Statistics: numBatchesST=1387 batchSizeST=200 stDevStdStateMeanST=0.0
95% c.i. = 0.0 +/- 0.0



REPORT for Queue : Persistence----------------------------------------

totArrivThrPut=0.1665677026205069 totDeptThrPut=0.1665677026205069
meanTotTkPop=0.041779129244840604 queueUtil=0.0385330853586561
meanST=0.2508237106447128



REPORT for Queue of Queueing Place : R/getAds_product----------------------------------------

queueUtilQPl=0.002794722958093851

------------------ Color = product --------------------
arrivCnt=277403 deptCnt=277403
arrivThrPut=0.027768057207542062 deptThrPut=0.027768057207542062
meanTkPop=0.00280202679337812 tkColOcp=0.002794722958093851
-----
meanST=0.10090827645720435 stDevST=0.1010372292868481

Steady State Statistics: numBatchesST=693 batchSizeST=400 stDevStdStateMeanST=0.005138825800393012
95% c.i. = 0.10090130751554807 +/- 3.826003558512767E-4



REPORT for Depository of Queueing Place : R/getAds_product----------------------------------------

tkOcp=0.0

------------------ Color = product --------------------
arrivCnt=277403 deptCnt=277403
arrivThrPut=0.027768057207542062 deptThrPut=0.027768057207542062
meanTkPop=0.0 tkColOcp=0.0
-----
meanST=0.0 stDevST=0.0

Steady State Statistics: numBatchesST=1387 batchSizeST=200 stDevStdStateMeanST=0.0
95% c.i. = 0.0 +/- 0.0



REPORT for Queue : Recommender----------------------------------------

totArrivThrPut=0.027768057207542062 totDeptThrPut=0.027768057207542062
meanTotTkPop=0.00280202679337812 queueUtil=0.002794722958093851
meanST=0.10090827645720435



REPORT for Queue of Queueing Place : I/productImages_category----------------------------------------

queueUtilQPl=0.006040682040546235

------------------ Color = category --------------------
arrivCnt=276656 deptCnt=276656
arrivThrPut=0.027693282462012872 deptThrPut=0.027693282462012872
meanTkPop=0.006207678986871801 tkColOcp=0.006040682040546235
-----
meanST=0.22415829526120387 stDevST=0.6166999879987318

Steady State Statistics: numBatchesST=691 batchSizeST=400 stDevStdStateMeanST=0.0318702018460617
95% c.i. = 0.22411152861792585 +/- 0.0023762595833470065



REPORT for Depository of Queueing Place : I/productImages_category----------------------------------------

tkOcp=0.0

------------------ Color = category --------------------
arrivCnt=276656 deptCnt=276656
arrivThrPut=0.027693282462012872 deptThrPut=0.027693282462012872
meanTkPop=0.0 tkColOcp=0.0
-----
meanST=0.0 stDevST=0.0

Steady State Statistics: numBatchesST=1383 batchSizeST=200 stDevStdStateMeanST=0.0
95% c.i. = 0.0 +/- 0.0



REPORT for Queue : ImageProvider----------------------------------------

totArrivThrPut=0.1665677026205069 totDeptThrPut=0.1665677026205069
meanTotTkPop=0.10093871335455908 queueUtil=0.08379314090079128
meanST=0.6059921087134693



REPORT for Queue of Queueing Place : I/product_product----------------------------------------

queueUtilQPl=0.0056628279461135595

------------------ Color = product --------------------
arrivCnt=277403 deptCnt=277403
arrivThrPut=0.027768057207542062 deptThrPut=0.027768057207542062
meanTkPop=0.005804501801422981 tkColOcp=0.0056628279461135595
-----
meanST=0.2090352147447472 stDevST=0.5810460332713272

Steady State Statistics: numBatchesST=693 batchSizeST=400 stDevStdStateMeanST=0.03105227800661158
95% c.i. = 0.20900378316275786 +/- 0.0023119313782564393



REPORT for Depository of Queueing Place : I/product_product----------------------------------------

tkOcp=0.0

------------------ Color = product --------------------
arrivCnt=277403 deptCnt=277403
arrivThrPut=0.027768057207542062 deptThrPut=0.027768057207542062
meanTkPop=0.0 tkColOcp=0.0
-----
meanST=0.0 stDevST=0.0

Steady State Statistics: numBatchesST=1387 batchSizeST=200 stDevStdStateMeanST=0.0
95% c.i. = 0.0 +/- 0.0



REPORT for Queue : ImageProvider----------------------------------------

totArrivThrPut=0.1665677026205069 totDeptThrPut=0.1665677026205069
meanTotTkPop=0.10093871335455908 queueUtil=0.08379314090079128
meanST=0.6059921087134693



REPORT for Queue of Queueing Place : Workload----------------------------------------

queueUtilQPl=1.0

------------------ Color = workload --------------------
arrivCnt=1664011 deptCnt=1664012
arrivThrPut=0.16656760252044597 deptThrPut=0.16656770262050694
meanTkPop=1.0 tkColOcp=1.0
-----
meanST=6.003564921125009 stDevST=6.004683737778274

Steady State Statistics: numBatchesST=4160 batchSizeST=400 stDevStdStateMeanST=0.30103593790289396
95% c.i. = 6.003556235867225 +/- 0.009147865504337565



REPORT for Depository of Queueing Place : Workload----------------------------------------

tkOcp=0.0

------------------ Color = workload --------------------
arrivCnt=1664012 deptCnt=1664011
arrivThrPut=0.16656770262050694 deptThrPut=0.16656760252044597
meanTkPop=0.0 tkColOcp=0.0
-----
meanST=0.0 stDevST=0.0

Steady State Statistics: numBatchesST=8320 batchSizeST=200 stDevStdStateMeanST=0.0
95% c.i. = 0.0 +/- 0.0



REPORT for Queue : Workload----------------------------------------

totArrivThrPut=0.16656760252044597 totDeptThrPut=0.16656770262050694
meanTotTkPop=1.0 queueUtil=1.0
meanST=6.003564921125009



REPORT for Queue of Queueing Place : I/icon_index----------------------------------------

queueUtilQPl=0.014904605510318029

------------------ Color = index --------------------
arrivCnt=276978 deptCnt=276978
arrivThrPut=0.027725514681638575 deptThrPut=0.027725514681638575
meanTkPop=0.015230220377959363 tkColOcp=0.014904605510318029
-----
meanST=0.5493214662682416 stDevST=0.7314510212312184

Steady State Statistics: numBatchesST=692 batchSizeST=400 stDevStdStateMeanST=0.037337985615788744
95% c.i. = 0.5493259517186937 +/- 0.0027819282701168646



REPORT for Depository of Queueing Place : I/icon_index----------------------------------------

tkOcp=0.0

------------------ Color = index --------------------
arrivCnt=276978 deptCnt=276978
arrivThrPut=0.027725514681638575 deptThrPut=0.027725514681638575
meanTkPop=0.0 tkColOcp=0.0
-----
meanST=0.0 stDevST=0.0

Steady State Statistics: numBatchesST=1384 batchSizeST=200 stDevStdStateMeanST=0.0
95% c.i. = 0.0 +/- 0.0



REPORT for Queue : ImageProvider----------------------------------------

totArrivThrPut=0.1665677026205069 totDeptThrPut=0.1665677026205069
meanTotTkPop=0.10093871335455908 queueUtil=0.08379314090079128
meanST=0.6059921087134693



REPORT for Queue of Queueing Place : P/categories_login----------------------------------------

queueUtilQPl=0.019532532439267496

------------------ Color = login --------------------
arrivCnt=277027 deptCnt=277027
arrivThrPut=0.027730419584625094 deptThrPut=0.027730419584625094
meanTkPop=0.01992448026094532 tkColOcp=0.019532532439267496
-----
meanST=0.7185062671028708 stDevST=0.7189912691283763

Steady State Statistics: numBatchesST=692 batchSizeST=400 stDevStdStateMeanST=0.0386193158467622
95% c.i. = 0.7184511473657892 +/- 0.0028773958946850505



REPORT for Depository of Queueing Place : P/categories_login----------------------------------------

tkOcp=0.0

------------------ Color = login --------------------
arrivCnt=277027 deptCnt=277027
arrivThrPut=0.027730419584625094 deptThrPut=0.027730419584625094
meanTkPop=0.0 tkColOcp=0.0
-----
meanST=0.0 stDevST=0.0

Steady State Statistics: numBatchesST=1385 batchSizeST=200 stDevStdStateMeanST=0.0
95% c.i. = 0.0 +/- 0.0



REPORT for Queue : Persistence----------------------------------------

totArrivThrPut=0.1665677026205069 totDeptThrPut=0.1665677026205069
meanTotTkPop=0.041779129244840604 queueUtil=0.0385330853586561
meanST=0.2508237106447128



REPORT for Queue of Queueing Place : I/icon_login----------------------------------------

queueUtilQPl=0.005123111321762721

------------------ Color = login --------------------
arrivCnt=277027 deptCnt=277027
arrivThrPut=0.027730419584625094 deptThrPut=0.027730419584625094
meanTkPop=0.0052264342599322 tkColOcp=0.005123111321762721
-----
meanST=0.18847295995585853 stDevST=0.5125690561087985

Steady State Statistics: numBatchesST=692 batchSizeST=400 stDevStdStateMeanST=0.028626416768441142
95% c.i. = 0.188395887355812 +/- 0.0021328584487589155



REPORT for Depository of Queueing Place : I/icon_login----------------------------------------

tkOcp=0.0

------------------ Color = login --------------------
arrivCnt=277027 deptCnt=277027
arrivThrPut=0.027730419584625094 deptThrPut=0.027730419584625094
meanTkPop=0.0 tkColOcp=0.0
-----
meanST=0.0 stDevST=0.0

Steady State Statistics: numBatchesST=1385 batchSizeST=200 stDevStdStateMeanST=0.0
95% c.i. = 0.0 +/- 0.0



REPORT for Queue : ImageProvider----------------------------------------

totArrivThrPut=0.1665677026205069 totDeptThrPut=0.1665677026205069
meanTotTkPop=0.10093871335455908 queueUtil=0.08379314090079128
meanST=0.6059921087134693



REPORT for Queue of Queueing Place : A/isLoggedIn_login----------------------------------------

queueUtilQPl=0.01704704191908893

------------------ Color = login --------------------
arrivCnt=277027 deptCnt=277027
arrivThrPut=0.027730419584625094 deptThrPut=0.027730419584625094
meanTkPop=0.017365721112759264 tkColOcp=0.01704704191908893
-----
meanST=0.6262336226022179 stDevST=0.6282487918543479

Steady State Statistics: numBatchesST=692 batchSizeST=400 stDevStdStateMeanST=0.03361943357163136
95% c.i. = 0.6262454219168695 +/- 0.0025048714100604423



REPORT for Depository of Queueing Place : A/isLoggedIn_login----------------------------------------

tkOcp=0.0

------------------ Color = login --------------------
arrivCnt=277027 deptCnt=277027
arrivThrPut=0.027730419584625094 deptThrPut=0.027730419584625094
meanTkPop=0.0 tkColOcp=0.0
-----
meanST=0.0 stDevST=0.0

Steady State Statistics: numBatchesST=1385 batchSizeST=200 stDevStdStateMeanST=0.0
95% c.i. = 0.0 +/- 0.0



REPORT for Queue : Auth----------------------------------------

totArrivThrPut=0.1665677026205069 totDeptThrPut=0.1665677026205069
meanTotTkPop=0.06934170979477987 queueUtil=0.062078813204411665
meanST=0.41629744964881854



REPORT for Queue of Queueing Place : A/isLoggedIn_category----------------------------------------

queueUtilQPl=0.006969783782158315

------------------ Color = category --------------------
arrivCnt=276656 deptCnt=276656
arrivThrPut=0.027693282462012872 deptThrPut=0.027693282462012872
meanTkPop=0.007072183633957798 tkColOcp=0.006969783782158315
-----
meanST=0.2553754197848802 stDevST=0.34779622891742934

Steady State Statistics: numBatchesST=345 batchSizeST=800 stDevStdStateMeanST=0.01269151235200676
95% c.i. = 0.2553794954890337 +/- 0.0013392199808397354



REPORT for Depository of Queueing Place : A/isLoggedIn_category----------------------------------------

tkOcp=0.0

------------------ Color = category --------------------
arrivCnt=276656 deptCnt=276656
arrivThrPut=0.027693282462012872 deptThrPut=0.027693282462012872
meanTkPop=0.0 tkColOcp=0.0
-----
meanST=0.0 stDevST=0.0

Steady State Statistics: numBatchesST=1383 batchSizeST=200 stDevStdStateMeanST=0.0
95% c.i. = 0.0 +/- 0.0



REPORT for Queue : Auth----------------------------------------

totArrivThrPut=0.1665677026205069 totDeptThrPut=0.1665677026205069
meanTotTkPop=0.06934170979477987 queueUtil=0.062078813204411665
meanST=0.41629744964881854



REPORT for Queue of Queueing Place : I/icon_logout----------------------------------------

queueUtilQPl=0.048757116785459804

------------------ Color = logout --------------------
arrivCnt=277945 deptCnt=277945
arrivThrPut=0.02782231144057663 deptThrPut=0.02782231144057663
meanTkPop=0.0512463011683637 tkColOcp=0.048757116785459804
-----
meanST=1.8419138639079802 stDevST=1.830060737474504

Steady State Statistics: numBatchesST=694 batchSizeST=400 stDevStdStateMeanST=0.09835921250008633
95% c.i. = 1.8419155270637517 +/- 0.007317848240903933



REPORT for Depository of Queueing Place : I/icon_logout----------------------------------------

tkOcp=0.0

------------------ Color = logout --------------------
arrivCnt=277945 deptCnt=277945
arrivThrPut=0.02782231144057663 deptThrPut=0.02782231144057663
meanTkPop=0.0 tkColOcp=0.0
-----
meanST=0.0 stDevST=0.0

Steady State Statistics: numBatchesST=1389 batchSizeST=200 stDevStdStateMeanST=0.0
95% c.i. = 0.0 +/- 0.0



REPORT for Queue : ImageProvider----------------------------------------

totArrivThrPut=0.1665677026205069 totDeptThrPut=0.1665677026205069
meanTotTkPop=0.10093871335455908 queueUtil=0.08379314090079128
meanST=0.6059921087134693



REPORT for Queue of Queueing Place : I/icon_loginAction----------------------------------------

queueUtilQPl=0.01684065586173208

------------------ Color = loginAction --------------------
arrivCnt=278003 deptCnt=278003
arrivThrPut=0.027828117244111692 deptThrPut=0.027828117244111692
meanTkPop=0.01722357676000903 tkColOcp=0.01684065586173208
-----
meanST=0.6189271307477139 stDevST=0.7754184092164607

Steady State Statistics: numBatchesST=347 batchSizeST=800 stDevStdStateMeanST=0.028872686324249684
95% c.i. = 0.6189327230778356 +/- 0.003037879521460338



REPORT for Depository of Queueing Place : I/icon_loginAction----------------------------------------

tkOcp=0.0

------------------ Color = loginAction --------------------
arrivCnt=278003 deptCnt=278003
arrivThrPut=0.027828117244111692 deptThrPut=0.027828117244111692
meanTkPop=0.0 tkColOcp=0.0
-----
meanST=0.0 stDevST=0.0

Steady State Statistics: numBatchesST=1390 batchSizeST=200 stDevStdStateMeanST=0.0
95% c.i. = 0.0 +/- 0.0



REPORT for Queue : ImageProvider----------------------------------------

totArrivThrPut=0.1665677026205069 totDeptThrPut=0.1665677026205069
meanTotTkPop=0.10093871335455908 queueUtil=0.08379314090079128
meanST=0.6059921087134693



REPORT for Queue of Queueing Place : A/isLoggedIn_product----------------------------------------

queueUtilQPl=0.023406359345160943

------------------ Color = product --------------------
arrivCnt=277403 deptCnt=277403
arrivThrPut=0.027768057207542062 deptThrPut=0.027768057207542062
meanTkPop=0.02400112931787991 tkColOcp=0.023406359345160943
-----
meanST=0.8643431241333289 stDevST=0.8582384680778806

Steady State Statistics: numBatchesST=693 batchSizeST=400 stDevStdStateMeanST=0.04596132497847084
95% c.i. = 0.8643571291019987 +/- 0.0034219527913972587



REPORT for Depository of Queueing Place : A/isLoggedIn_product----------------------------------------

tkOcp=0.0

------------------ Color = product --------------------
arrivCnt=277403 deptCnt=277403
arrivThrPut=0.027768057207542062 deptThrPut=0.027768057207542062
meanTkPop=0.0 tkColOcp=0.0
-----
meanST=0.0 stDevST=0.0

Steady State Statistics: numBatchesST=1387 batchSizeST=200 stDevStdStateMeanST=0.0
95% c.i. = 0.0 +/- 0.0



REPORT for Queue : Auth----------------------------------------

totArrivThrPut=0.1665677026205069 totDeptThrPut=0.1665677026205069
meanTotTkPop=0.06934170979477987 queueUtil=0.062078813204411665
meanST=0.41629744964881854



REPORT for Queue of Queueing Place : P/category_logout----------------------------------------

queueUtilQPl=0.004335384052259242

------------------ Color = logout --------------------
arrivCnt=277945 deptCnt=277945
arrivThrPut=0.02782231144057663 deptThrPut=0.02782231144057663
meanTkPop=0.004366038210126879 tkColOcp=0.004335384052259242
-----
meanST=0.15692579027633766 stDevST=0.20574377611745825

Steady State Statistics: numBatchesST=694 batchSizeST=400 stDevStdStateMeanST=0.010520599646469942
95% c.i. = 0.1569280712092999 +/- 7.827243596130563E-4



REPORT for Depository of Queueing Place : P/category_logout----------------------------------------

tkOcp=0.0

------------------ Color = logout --------------------
arrivCnt=277945 deptCnt=277945
arrivThrPut=0.02782231144057663 deptThrPut=0.02782231144057663
meanTkPop=0.0 tkColOcp=0.0
-----
meanST=0.0 stDevST=0.0

Steady State Statistics: numBatchesST=1389 batchSizeST=200 stDevStdStateMeanST=0.0
95% c.i. = 0.0 +/- 0.0



REPORT for Queue : Persistence----------------------------------------

totArrivThrPut=0.1665677026205069 totDeptThrPut=0.1665677026205069
meanTotTkPop=0.041779129244840604 queueUtil=0.0385330853586561
meanST=0.2508237106447128



REPORT for Ordinary Place : Finish_index----------------------------------------

tkOcp=1.0

------------------ Color = index --------------------
arrivCnt=276978 deptCnt=0
arrivThrPut=0.027725514681638575 deptThrPut=0.0
meanTkPop=138651.8061639354 tkColOcp=1.0
-----
meanST=NaN stDevST=NaN

Steady State Statistics: Only 0 batches collected!
Need at least 60 for steady state statistics.



REPORT for Ordinary Place : Finish_login----------------------------------------

tkOcp=1.0000000000000002

------------------ Color = login --------------------
arrivCnt=277027 deptCnt=0
arrivThrPut=0.027730419584625094 deptThrPut=0.0
meanTkPop=138723.30520532807 tkColOcp=1.0000000000000002
-----
meanST=NaN stDevST=NaN

Steady State Statistics: Only 0 batches collected!
Need at least 60 for steady state statistics.



REPORT for Ordinary Place : Finish_loginAction----------------------------------------

tkOcp=1.0

------------------ Color = loginAction --------------------
arrivCnt=278003 deptCnt=0
arrivThrPut=0.027828117244111692 deptThrPut=0.0
meanTkPop=139470.36968709072 tkColOcp=1.0
-----
meanST=NaN stDevST=NaN

Steady State Statistics: Only 0 batches collected!
Need at least 60 for steady state statistics.



REPORT for Ordinary Place : Finish_category----------------------------------------

tkOcp=1.0

------------------ Color = category --------------------
arrivCnt=276656 deptCnt=0
arrivThrPut=0.027693282462012872 deptThrPut=0.0
meanTkPop=138760.69462744723 tkColOcp=1.0
-----
meanST=NaN stDevST=NaN

Steady State Statistics: Only 0 batches collected!
Need at least 60 for steady state statistics.



REPORT for Ordinary Place : Finish_product----------------------------------------

tkOcp=1.0000000000000002

------------------ Color = product --------------------
arrivCnt=277403 deptCnt=0
arrivThrPut=0.027768057207542062 deptThrPut=0.0
meanTkPop=139053.51472422053 tkColOcp=1.0000000000000002
-----
meanST=NaN stDevST=NaN

Steady State Statistics: Only 0 batches collected!
Need at least 60 for steady state statistics.



REPORT for Ordinary Place : Finish_logout----------------------------------------

tkOcp=1.0

------------------ Color = logout --------------------
arrivCnt=277945 deptCnt=0
arrivThrPut=0.02782231144057663 deptThrPut=0.0
meanTkPop=139033.87498395712 tkColOcp=1.0
-----
meanST=NaN stDevST=NaN

Steady State Statistics: Only 0 batches collected!
Need at least 60 for steady state statistics.



REPORT REPORT for Probe : /index----------------------------------------


------------------ Color = index --------------------
-----
meanST=1.4537997862909564 stDevST=0.9683529678821681

Steady State Statistics: numBatchesST=692 batchSizeST=400 stDevStdStateMeanST=0.04881881950768493
95% c.i. = 1.4537815782157444 +/- 0.0036373267561797054



REPORT REPORT for Probe : /login----------------------------------------


------------------ Color = login --------------------
-----
meanST=2.119869804307986 stDevST=1.2148396577901623

Steady State Statistics: numBatchesST=692 batchSizeST=400 stDevStdStateMeanST=0.06752253709354855
95% c.i. = 2.1197539175857902 +/- 0.005030878118157667



REPORT REPORT for Probe : /loginAction----------------------------------------


------------------ Color = loginAction --------------------
-----
meanST=1.3004445207764401 stDevST=0.9486833884602377

Steady State Statistics: numBatchesST=695 batchSizeST=400 stDevStdStateMeanST=0.05138088404120025
95% c.i. = 1.3004466077046526 +/- 0.0038199463290402302



REPORT REPORT for Probe : /logout----------------------------------------


------------------ Color = logout --------------------
-----
meanST=2.528035812849425 stDevST=1.9059940319740962

Steady State Statistics: numBatchesST=694 batchSizeST=400 stDevStdStateMeanST=0.10111778808420162
95% c.i. = 2.5279897851729376 +/- 0.007523084100082867



REPORT REPORT for Probe : /category----------------------------------------


------------------ Color = category --------------------
-----
meanST=0.7973325893423985 stDevST=0.8134954270663125

Steady State Statistics: numBatchesST=345 batchSizeST=800 stDevStdStateMeanST=0.030948715443192103
95% c.i. = 0.7972823196293567 +/- 0.0032657367343847396



REPORT REPORT for Probe : /product----------------------------------------


------------------ Color = product --------------------
-----
meanST=1.9355687792038594 stDevST=1.2404862075763372

Steady State Statistics: numBatchesST=693 batchSizeST=400 stDevStdStateMeanST=0.06690055820508593
95% c.i. = 1.9355948908247667 +/- 0.004980938909031975



