INFO Logging to /home/yjx/workloadConfig/qpme/output/SimQPN_Output_config_2025-08-14_075054547.log
WARN Batch means correlation test was run for depository of place Workload, color 0
    However, the standard deviation of the token residence time is 0 and therefore the result of the test is ignored!
    In future runs, you should set numBMeansCorlTested to 0 to switch off the correlation test!
WARN Batch means correlation test was run for depository of place W/category, color 0
    However, the standard deviation of the token residence time is 0 and therefore the result of the test is ignored!
    In future runs, you should set numBMeansCorlTested to 0 to switch off the correlation test!
WARN Batch means correlation test was run for depository of place P/category_category, color 0
    However, the standard deviation of the token residence time is 0 and therefore the result of the test is ignored!
    In future runs, you should set numBMeansCorlTested to 0 to switch off the correlation test!
WARN Batch means correlation test was run for depository of place I/productImages_category, color 0
    However, the standard deviation of the token residence time is 0 and therefore the result of the test is ignored!
    In future runs, you should set numBMeansCorlTested to 0 to switch off the correlation test!
WARN Batch means correlation test was run for depository of place A/isLoggedIn_category, color 0
    However, the standard deviation of the token residence time is 0 and therefore the result of the test is ignored!
    In future runs, you should set numBMeansCorlTested to 0 to switch off the correlation test!
WARN Batch means correlation test was run for depository of place W/product, color 0
    However, the standard deviation of the token residence time is 0 and therefore the result of the test is ignored!
    In future runs, you should set numBMeansCorlTested to 0 to switch off the correlation test!
WARN Batch means correlation test was run for depository of place P/getProduct_product, color 0
    However, the standard deviation of the token residence time is 0 and therefore the result of the test is ignored!
    In future runs, you should set numBMeansCorlTested to 0 to switch off the correlation test!
WARN Batch means correlation test was run for depository of place R/getAds_product, color 0
    However, the standard deviation of the token residence time is 0 and therefore the result of the test is ignored!
    In future runs, you should set numBMeansCorlTested to 0 to switch off the correlation test!
WARN Batch means correlation test was run for depository of place I/product_product, color 0
    However, the standard deviation of the token residence time is 0 and therefore the result of the test is ignored!
    In future runs, you should set numBMeansCorlTested to 0 to switch off the correlation test!
WARN Batch means correlation test was run for depository of place A/isLoggedIn_product, color 0
    However, the standard deviation of the token residence time is 0 and therefore the result of the test is ignored!
    In future runs, you should set numBMeansCorlTested to 0 to switch off the correlation test!
WARN Batch means correlation test was run for depository of place W/logout, color 0
    However, the standard deviation of the token residence time is 0 and therefore the result of the test is ignored!
    In future runs, you should set numBMeansCorlTested to 0 to switch off the correlation test!
WARN Batch means correlation test was run for depository of place A/logout_logout, color 0
    However, the standard deviation of the token residence time is 0 and therefore the result of the test is ignored!
    In future runs, you should set numBMeansCorlTested to 0 to switch off the correlation test!
WARN Batch means correlation test was run for depository of place P/category_logout, color 0
    However, the standard deviation of the token residence time is 0 and therefore the result of the test is ignored!
    In future runs, you should set numBMeansCorlTested to 0 to switch off the correlation test!
WARN Batch means correlation test was run for depository of place I/icon_logout, color 0
    However, the standard deviation of the token residence time is 0 and therefore the result of the test is ignored!
    In future runs, you should set numBMeansCorlTested to 0 to switch off the correlation test!
WARN Batch means correlation test was run for depository of place W/loginAction, color 0
    However, the standard deviation of the token residence time is 0 and therefore the result of the test is ignored!
    In future runs, you should set numBMeansCorlTested to 0 to switch off the correlation test!
WARN Batch means correlation test was run for depository of place A/login_loginAction, color 0
    However, the standard deviation of the token residence time is 0 and therefore the result of the test is ignored!
    In future runs, you should set numBMeansCorlTested to 0 to switch off the correlation test!
WARN Batch means correlation test was run for depository of place P/getUser_loginAction, color 0
    However, the standard deviation of the token residence time is 0 and therefore the result of the test is ignored!
    In future runs, you should set numBMeansCorlTested to 0 to switch off the correlation test!
WARN Batch means correlation test was run for depository of place I/icon_loginAction, color 0
    However, the standard deviation of the token residence time is 0 and therefore the result of the test is ignored!
    In future runs, you should set numBMeansCorlTested to 0 to switch off the correlation test!
WARN Batch means correlation test was run for depository of place W/index, color 0
    However, the standard deviation of the token residence time is 0 and therefore the result of the test is ignored!
    In future runs, you should set numBMeansCorlTested to 0 to switch off the correlation test!
WARN Batch means correlation test was run for depository of place P/categories_index, color 0
    However, the standard deviation of the token residence time is 0 and therefore the result of the test is ignored!
    In future runs, you should set numBMeansCorlTested to 0 to switch off the correlation test!
WARN Batch means correlation test was run for depository of place A/isLoggedIn_index, color 0
    However, the standard deviation of the token residence time is 0 and therefore the result of the test is ignored!
    In future runs, you should set numBMeansCorlTested to 0 to switch off the correlation test!
WARN Batch means correlation test was run for depository of place I/icon_index, color 0
    However, the standard deviation of the token residence time is 0 and therefore the result of the test is ignored!
    In future runs, you should set numBMeansCorlTested to 0 to switch off the correlation test!
WARN Batch means correlation test was run for depository of place W/login, color 0
    However, the standard deviation of the token residence time is 0 and therefore the result of the test is ignored!
    In future runs, you should set numBMeansCorlTested to 0 to switch off the correlation test!
WARN Batch means correlation test was run for depository of place P/categories_login, color 0
    However, the standard deviation of the token residence time is 0 and therefore the result of the test is ignored!
    In future runs, you should set numBMeansCorlTested to 0 to switch off the correlation test!
WARN Batch means correlation test was run for depository of place I/icon_login, color 0
    However, the standard deviation of the token residence time is 0 and therefore the result of the test is ignored!
    In future runs, you should set numBMeansCorlTested to 0 to switch off the correlation test!
WARN Batch means correlation test was run for depository of place A/isLoggedIn_login, color 0
    However, the standard deviation of the token residence time is 0 and therefore the result of the test is ignored!
    In future runs, you should set numBMeansCorlTested to 0 to switch off the correlation test!
WARN LP-1 The simulation was stopped because of reaching max totalRunLen.
The required precision may not have been reached!
REPORT for Queue of Queueing Place : W/index----------------------------------------

queueUtilQPl=0.005469157907394943

------------------ Color = index --------------------
arrivCnt=277753 deptCnt=277753
arrivThrPut=0.02780311231171348 deptThrPut=0.02780311231171348
meanTkPop=0.005499724414100687 tkColOcp=0.005469157907394943
-----
meanST=0.19780966794079552 stDevST=0.1974988820564117

Steady State Statistics: numBatchesST=694 batchSizeST=400 stDevStdStateMeanST=0.009935985735365712
95% c.i. = 0.1978045410403571 +/- 7.392295432939616E-4



REPORT for Depository of Queueing Place : W/index----------------------------------------

tkOcp=0.0

------------------ Color = index --------------------
arrivCnt=277753 deptCnt=277753
arrivThrPut=0.02780311231171348 deptThrPut=0.02780311231171348
meanTkPop=0.0 tkColOcp=0.0
-----
meanST=0.0 stDevST=0.0

Steady State Statistics: numBatchesST=1388 batchSizeST=200 stDevStdStateMeanST=0.0
95% c.i. = 0.0 +/- 0.0



REPORT for Queue : WebUI----------------------------------------

totArrivThrPut=0.16662688201496612 totDeptThrPut=0.16662688201496612
meanTotTkPop=0.020955088910843307 queueUtil=0.02049669636133122
meanST=0.1257605535039728



REPORT for Queue of Queueing Place : P/categories_index----------------------------------------

queueUtilQPl=0.007605405689522331

------------------ Color = index --------------------
arrivCnt=277753 deptCnt=277753
arrivThrPut=0.02780311231171348 deptThrPut=0.02780311231171348
meanTkPop=0.007664721297653884 tkColOcp=0.007605405689522331
-----
meanST=0.2756785359754393 stDevST=0.28942023944945944

Steady State Statistics: numBatchesST=347 batchSizeST=800 stDevStdStateMeanST=0.010115727517884206
95% c.i. = 0.2756748490000217 +/- 0.00106434022543456



REPORT for Depository of Queueing Place : P/categories_index----------------------------------------

tkOcp=0.0

------------------ Color = index --------------------
arrivCnt=277753 deptCnt=277753
arrivThrPut=0.02780311231171348 deptThrPut=0.02780311231171348
meanTkPop=0.0 tkColOcp=0.0
-----
meanST=0.0 stDevST=0.0

Steady State Statistics: numBatchesST=1388 batchSizeST=200 stDevStdStateMeanST=0.0
95% c.i. = 0.0 +/- 0.0



REPORT for Queue : Persistence----------------------------------------

totArrivThrPut=0.16662688201496612 totDeptThrPut=0.16662688201496612
meanTotTkPop=0.04576511552037095 queueUtil=0.04276611289501903
meanST=0.2746562557430584



REPORT for Queue of Queueing Place : A/isLoggedIn_index----------------------------------------

queueUtilQPl=0.005072191556116503

------------------ Color = index --------------------
arrivCnt=277753 deptCnt=277753
arrivThrPut=0.02780311231171348 deptThrPut=0.02780311231171348
meanTkPop=0.005124182034285628 tkColOcp=0.005072191556116503
-----
meanST=0.18430246142360127 stDevST=0.32121344037799154

Steady State Statistics: numBatchesST=694 batchSizeST=400 stDevStdStateMeanST=0.016756975470476335
95% c.i. = 0.18431146210372445 +/- 0.0012467058280828342



REPORT for Depository of Queueing Place : A/isLoggedIn_index----------------------------------------

tkOcp=0.0

------------------ Color = index --------------------
arrivCnt=277753 deptCnt=277753
arrivThrPut=0.02780311231171348 deptThrPut=0.02780311231171348
meanTkPop=0.0 tkColOcp=0.0
-----
meanST=0.0 stDevST=0.0

Steady State Statistics: numBatchesST=1388 batchSizeST=200 stDevStdStateMeanST=0.0
95% c.i. = 0.0 +/- 0.0



REPORT for Queue : Auth----------------------------------------

totArrivThrPut=0.16662678191483285 totDeptThrPut=0.16662678191483285
meanTotTkPop=0.08937262501065493 queueUtil=0.07986049940531323
meanST=0.5363641065596256



REPORT for Queue of Queueing Place : W/login----------------------------------------

queueUtilQPl=0.0027085034001765877

------------------ Color = login --------------------
arrivCnt=276245 deptCnt=276245
arrivThrPut=0.027652161310766366 deptThrPut=0.027652161310766366
meanTkPop=0.0027159626207486237 tkColOcp=0.0027085034001765877
-----
meanST=0.09821881878329576 stDevST=0.09988010212469071

Steady State Statistics: numBatchesST=690 batchSizeST=400 stDevStdStateMeanST=0.005073538988379562
95% c.i. = 0.0982237530352174 +/- 3.785598473091928E-4



REPORT for Depository of Queueing Place : W/login----------------------------------------

tkOcp=0.0

------------------ Color = login --------------------
arrivCnt=276245 deptCnt=276245
arrivThrPut=0.027652161310766366 deptThrPut=0.027652161310766366
meanTkPop=0.0 tkColOcp=0.0
-----
meanST=0.0 stDevST=0.0

Steady State Statistics: numBatchesST=1381 batchSizeST=200 stDevStdStateMeanST=0.0
95% c.i. = 0.0 +/- 0.0



REPORT for Queue : WebUI----------------------------------------

totArrivThrPut=0.16662688201496612 totDeptThrPut=0.16662688201496612
meanTotTkPop=0.020955088910843307 queueUtil=0.02049669636133122
meanST=0.1257605535039728



REPORT for Queue of Queueing Place : W/loginAction----------------------------------------

queueUtilQPl=0.0038901499414291476

------------------ Color = loginAction --------------------
arrivCnt=278054 deptCnt=278054
arrivThrPut=0.02783324245182295 deptThrPut=0.02783324245182295
meanTkPop=0.0039060029159328235 tkColOcp=0.0038901499414291476
-----
meanST=0.14033589233068308 stDevST=0.14055479569558293

Steady State Statistics: numBatchesST=695 batchSizeST=400 stDevStdStateMeanST=0.006960930840981533
95% c.i. = 0.14034317733848198 +/- 5.175150780081671E-4



REPORT for Depository of Queueing Place : W/loginAction----------------------------------------

tkOcp=0.0

------------------ Color = loginAction --------------------
arrivCnt=278054 deptCnt=278054
arrivThrPut=0.02783324245182295 deptThrPut=0.02783324245182295
meanTkPop=0.0 tkColOcp=0.0
-----
meanST=0.0 stDevST=0.0

Steady State Statistics: numBatchesST=1390 batchSizeST=200 stDevStdStateMeanST=0.0
95% c.i. = 0.0 +/- 0.0



REPORT for Queue : WebUI----------------------------------------

totArrivThrPut=0.16662688201496612 totDeptThrPut=0.16662688201496612
meanTotTkPop=0.020955088910843307 queueUtil=0.02049669636133122
meanST=0.1257605535039728



REPORT for Queue of Queueing Place : A/login_loginAction----------------------------------------

queueUtilQPl=0.015300843553248473

------------------ Color = loginAction --------------------
arrivCnt=278054 deptCnt=278054
arrivThrPut=0.02783324245182295 deptThrPut=0.02783324245182295
meanTkPop=0.015541748344637826 tkColOcp=0.015300843553248473
-----
meanST=0.5583879913215039 stDevST=0.5809900179517596

Steady State Statistics: numBatchesST=695 batchSizeST=400 stDevStdStateMeanST=0.03051654293022177
95% c.i. = 0.5584040631187189 +/- 0.0022687728776294553



REPORT for Depository of Queueing Place : A/login_loginAction----------------------------------------

tkOcp=0.0

------------------ Color = loginAction --------------------
arrivCnt=278054 deptCnt=278054
arrivThrPut=0.02783324245182295 deptThrPut=0.02783324245182295
meanTkPop=0.0 tkColOcp=0.0
-----
meanST=0.0 stDevST=0.0

Steady State Statistics: numBatchesST=1390 batchSizeST=200 stDevStdStateMeanST=0.0
95% c.i. = 0.0 +/- 0.0



REPORT for Queue : Auth----------------------------------------

totArrivThrPut=0.16662678191483285 totDeptThrPut=0.16662678191483285
meanTotTkPop=0.08937262501065493 queueUtil=0.07986049940531323
meanST=0.5363641065596256



REPORT for Queue of Queueing Place : W/logout----------------------------------------

queueUtilQPl=0.002962982550093167

------------------ Color = logout --------------------
arrivCnt=277478 deptCnt=277478
arrivThrPut=0.027775584775068616 deptThrPut=0.027775584775068616
meanTkPop=0.0029714952052145196 tkColOcp=0.002962982550093167
-----
meanST=0.1069822734346798 stDevST=0.10782127028157579

Steady State Statistics: numBatchesST=693 batchSizeST=400 stDevStdStateMeanST=0.005494275232433159
95% c.i. = 0.10696953945266707 +/- 4.090645880451943E-4



REPORT for Depository of Queueing Place : W/logout----------------------------------------

tkOcp=0.0

------------------ Color = logout --------------------
arrivCnt=277478 deptCnt=277478
arrivThrPut=0.027775584775068616 deptThrPut=0.027775584775068616
meanTkPop=0.0 tkColOcp=0.0
-----
meanST=0.0 stDevST=0.0

Steady State Statistics: numBatchesST=1387 batchSizeST=200 stDevStdStateMeanST=0.0
95% c.i. = 0.0 +/- 0.0



REPORT for Queue : WebUI----------------------------------------

totArrivThrPut=0.16662688201496612 totDeptThrPut=0.16662688201496612
meanTotTkPop=0.020955088910843307 queueUtil=0.02049669636133122
meanST=0.1257605535039728



REPORT for Queue of Queueing Place : A/logout_logout----------------------------------------

queueUtilQPl=0.026520338202273452

------------------ Color = logout --------------------
arrivCnt=277478 deptCnt=277478
arrivThrPut=0.027775584775068616 deptThrPut=0.027775584775068616
meanTkPop=0.02723591108818808 tkColOcp=0.026520338202273452
-----
meanST=0.9805702133276074 stDevST=0.9709179582449171

Steady State Statistics: numBatchesST=693 batchSizeST=400 stDevStdStateMeanST=0.05062515445724892
95% c.i. = 0.9806268184230439 +/- 0.0037691883054078133



REPORT for Depository of Queueing Place : A/logout_logout----------------------------------------

tkOcp=0.0

------------------ Color = logout --------------------
arrivCnt=277478 deptCnt=277478
arrivThrPut=0.027775584775068616 deptThrPut=0.027775584775068616
meanTkPop=0.0 tkColOcp=0.0
-----
meanST=0.0 stDevST=0.0

Steady State Statistics: numBatchesST=1387 batchSizeST=200 stDevStdStateMeanST=0.0
95% c.i. = 0.0 +/- 0.0



REPORT for Queue : Auth----------------------------------------

totArrivThrPut=0.16662678191483285 totDeptThrPut=0.16662678191483285
meanTotTkPop=0.08937262501065493 queueUtil=0.07986049940531323
meanST=0.5363641065596256



REPORT for Queue of Queueing Place : P/getUser_loginAction----------------------------------------

queueUtilQPl=0.003339368965651428

------------------ Color = loginAction --------------------
arrivCnt=278054 deptCnt=278054
arrivThrPut=0.02783324245182295 deptThrPut=0.02783324245182295
meanTkPop=0.003357718331017088 tkColOcp=0.003339368965651428
-----
meanST=0.12063698064747654 stDevST=0.1748252593653195

Steady State Statistics: numBatchesST=695 batchSizeST=400 stDevStdStateMeanST=0.008650604447601806
95% c.i. = 0.1206406809524228 +/- 6.431349969980718E-4



REPORT for Depository of Queueing Place : P/getUser_loginAction----------------------------------------

tkOcp=0.0

------------------ Color = loginAction --------------------
arrivCnt=278054 deptCnt=278054
arrivThrPut=0.02783324245182295 deptThrPut=0.02783324245182295
meanTkPop=0.0 tkColOcp=0.0
-----
meanST=0.0 stDevST=0.0

Steady State Statistics: numBatchesST=1390 batchSizeST=200 stDevStdStateMeanST=0.0
95% c.i. = 0.0 +/- 0.0



REPORT for Queue : Persistence----------------------------------------

totArrivThrPut=0.16662688201496612 totDeptThrPut=0.16662688201496612
meanTotTkPop=0.04576511552037095 queueUtil=0.04276611289501903
meanST=0.2746562557430584



REPORT for Queue of Queueing Place : W/category----------------------------------------

queueUtilQPl=0.002985036350494866

------------------ Color = category --------------------
arrivCnt=277161 deptCnt=277161
arrivThrPut=0.02774385303282708 deptThrPut=0.02774385303282708
meanTkPop=0.0029941628923229485 tkColOcp=0.002985036350494866
-----
meanST=0.10792166786567804 stDevST=0.10905963814549913

Steady State Statistics: numBatchesST=692 batchSizeST=400 stDevStdStateMeanST=0.0054580856389724215
95% c.i. = 0.10792646492618664 +/- 4.0666368282480514E-4



REPORT for Depository of Queueing Place : W/category----------------------------------------

tkOcp=0.0

------------------ Color = category --------------------
arrivCnt=277161 deptCnt=277161
arrivThrPut=0.02774385303282708 deptThrPut=0.02774385303282708
meanTkPop=0.0 tkColOcp=0.0
-----
meanST=0.0 stDevST=0.0

Steady State Statistics: numBatchesST=1385 batchSizeST=200 stDevStdStateMeanST=0.0
95% c.i. = 0.0 +/- 0.0



REPORT for Queue : WebUI----------------------------------------

totArrivThrPut=0.16662688201496612 totDeptThrPut=0.16662688201496612
meanTotTkPop=0.020955088910843307 queueUtil=0.02049669636133122
meanST=0.1257605535039728



REPORT for Queue of Queueing Place : W/product----------------------------------------

queueUtilQPl=0.002859149664531893

------------------ Color = product --------------------
arrivCnt=277911 deptCnt=277911
arrivThrPut=0.027818928132767623 deptThrPut=0.027818928132767623
meanTkPop=0.002867740862523707 tkColOcp=0.002859149664531893
-----
meanST=0.10308595819498255 stDevST=0.10464284273942316

Steady State Statistics: numBatchesST=694 batchSizeST=400 stDevStdStateMeanST=0.005169510878681977
95% c.i. = 0.10308768055553884 +/- 3.846075535615278E-4



REPORT for Depository of Queueing Place : W/product----------------------------------------

tkOcp=0.0

------------------ Color = product --------------------
arrivCnt=277911 deptCnt=277911
arrivThrPut=0.027818928132767623 deptThrPut=0.027818928132767623
meanTkPop=0.0 tkColOcp=0.0
-----
meanST=0.0 stDevST=0.0

Steady State Statistics: numBatchesST=1389 batchSizeST=200 stDevStdStateMeanST=0.0
95% c.i. = 0.0 +/- 0.0



REPORT for Queue : WebUI----------------------------------------

totArrivThrPut=0.16662688201496612 totDeptThrPut=0.16662688201496612
meanTotTkPop=0.020955088910843307 queueUtil=0.02049669636133122
meanST=0.1257605535039728



REPORT for Queue of Queueing Place : P/category_category----------------------------------------

queueUtilQPl=0.0030417657621666446

------------------ Color = category --------------------
arrivCnt=277161 deptCnt=277161
arrivThrPut=0.02774385303282708 deptThrPut=0.02774385303282708
meanTkPop=0.0030557061066283234 tkColOcp=0.0030417657621666446
-----
meanST=0.11013993272717928 stDevST=0.1604773622048633

Steady State Statistics: numBatchesST=346 batchSizeST=800 stDevStdStateMeanST=0.005453921171038657
95% c.i. = 0.11014302088440389 +/- 5.746704925997618E-4



REPORT for Depository of Queueing Place : P/category_category----------------------------------------

tkOcp=0.0

------------------ Color = category --------------------
arrivCnt=277161 deptCnt=277161
arrivThrPut=0.02774385303282708 deptThrPut=0.02774385303282708
meanTkPop=0.0 tkColOcp=0.0
-----
meanST=0.0 stDevST=0.0

Steady State Statistics: numBatchesST=1385 batchSizeST=200 stDevStdStateMeanST=0.0
95% c.i. = 0.0 +/- 0.0



REPORT for Queue : Persistence----------------------------------------

totArrivThrPut=0.16662688201496612 totDeptThrPut=0.16662688201496612
meanTotTkPop=0.04576511552037095 queueUtil=0.04276611289501903
meanST=0.2746562557430584



REPORT for Queue of Queueing Place : P/getProduct_product----------------------------------------

queueUtilQPl=0.00305754010326801

------------------ Color = product --------------------
arrivCnt=277911 deptCnt=277911
arrivThrPut=0.027818928132767623 deptThrPut=0.027818928132767623
meanTkPop=0.003071269171439965 tkColOcp=0.00305754010326801
-----
meanST=0.1104021390321775 stDevST=0.16124505942802486

Steady State Statistics: numBatchesST=694 batchSizeST=400 stDevStdStateMeanST=0.00807118251166875
95% c.i. = 0.11040564674524168 +/- 6.004896465084845E-4



REPORT for Depository of Queueing Place : P/getProduct_product----------------------------------------

tkOcp=0.0

------------------ Color = product --------------------
arrivCnt=277911 deptCnt=277911
arrivThrPut=0.027818928132767623 deptThrPut=0.027818928132767623
meanTkPop=0.0 tkColOcp=0.0
-----
meanST=0.0 stDevST=0.0

Steady State Statistics: numBatchesST=1389 batchSizeST=200 stDevStdStateMeanST=0.0
95% c.i. = 0.0 +/- 0.0



REPORT for Queue : Persistence----------------------------------------

totArrivThrPut=0.16662688201496612 totDeptThrPut=0.16662688201496612
meanTotTkPop=0.04576511552037095 queueUtil=0.04276611289501903
meanST=0.2746562557430584



REPORT for Queue of Queueing Place : R/getAds_product----------------------------------------

queueUtilQPl=0.003145825317721814

------------------ Color = product --------------------
arrivCnt=277911 deptCnt=277911
arrivThrPut=0.027818928132767623 deptThrPut=0.027818928132767623
meanTkPop=0.0031558485735916435 tkColOcp=0.003145825317721814
-----
meanST=0.11344249348968995 stDevST=0.1136413364153609

Steady State Statistics: numBatchesST=694 batchSizeST=400 stDevStdStateMeanST=0.0059302373010089405
95% c.i. = 0.11345629879114835 +/- 4.412050025440481E-4



REPORT for Depository of Queueing Place : R/getAds_product----------------------------------------

tkOcp=0.0

------------------ Color = product --------------------
arrivCnt=277911 deptCnt=277911
arrivThrPut=0.027818928132767623 deptThrPut=0.027818928132767623
meanTkPop=0.0 tkColOcp=0.0
-----
meanST=0.0 stDevST=0.0

Steady State Statistics: numBatchesST=1389 batchSizeST=200 stDevStdStateMeanST=0.0
95% c.i. = 0.0 +/- 0.0



REPORT for Queue : Recommender----------------------------------------

totArrivThrPut=0.027818928132767623 totDeptThrPut=0.027818928132767623
meanTotTkPop=0.0031558485735916435 queueUtil=0.003145825317721814
meanST=0.11344249348968995



REPORT for Queue of Queueing Place : I/productImages_category----------------------------------------

queueUtilQPl=0.013779551743738376

------------------ Color = category --------------------
arrivCnt=277161 deptCnt=277161
arrivThrPut=0.02774385303282708 deptThrPut=0.02774385303282708
meanTkPop=0.01399590965912268 tkColOcp=0.013779551743738376
-----
meanST=0.5044688509041062 stDevST=0.5343286410715811

Steady State Statistics: numBatchesST=692 batchSizeST=400 stDevStdStateMeanST=0.027497241169595385
95% c.i. = 0.5044503975402868 +/- 0.002048727356292405



REPORT for Depository of Queueing Place : I/productImages_category----------------------------------------

tkOcp=0.0

------------------ Color = category --------------------
arrivCnt=277161 deptCnt=277161
arrivThrPut=0.02774385303282708 deptThrPut=0.02774385303282708
meanTkPop=0.0 tkColOcp=0.0
-----
meanST=0.0 stDevST=0.0

Steady State Statistics: numBatchesST=1385 batchSizeST=200 stDevStdStateMeanST=0.0
95% c.i. = 0.0 +/- 0.0



REPORT for Queue : ImageProvider----------------------------------------

totArrivThrPut=0.16662688201496612 totDeptThrPut=0.16662688201496612
meanTotTkPop=0.0818503857520783 queueUtil=0.07295737598340042
meanST=0.49121957251007464



REPORT for Queue of Queueing Place : I/product_product----------------------------------------

queueUtilQPl=0.013670779196205284

------------------ Color = product --------------------
arrivCnt=277911 deptCnt=277911
arrivThrPut=0.027818928132767623 deptThrPut=0.027818928132767623
meanTkPop=0.013886715865092113 tkColOcp=0.013670779196205284
-----
meanST=0.4991822761400752 stDevST=0.5287976523578086

Steady State Statistics: numBatchesST=694 batchSizeST=400 stDevStdStateMeanST=0.027879523105797114
95% c.i. = 0.49919989949454513 +/- 0.002074214645799638



REPORT for Depository of Queueing Place : I/product_product----------------------------------------

tkOcp=0.0

------------------ Color = product --------------------
arrivCnt=277911 deptCnt=277910
arrivThrPut=0.027818928132767623 deptThrPut=0.027818828032634368
meanTkPop=0.0 tkColOcp=0.0
-----
meanST=0.0 stDevST=0.0

Steady State Statistics: numBatchesST=1389 batchSizeST=200 stDevStdStateMeanST=0.0
95% c.i. = 0.0 +/- 0.0



REPORT for Queue : ImageProvider----------------------------------------

totArrivThrPut=0.16662688201496612 totDeptThrPut=0.16662688201496612
meanTotTkPop=0.0818503857520783 queueUtil=0.07295737598340042
meanST=0.49121957251007464



REPORT for Queue of Queueing Place : Workload----------------------------------------

queueUtilQPl=0.9999999999999998

------------------ Color = workload --------------------
arrivCnt=1664602 deptCnt=1664601
arrivThrPut=0.16662688201496612 deptThrPut=0.16662678191483285
meanTkPop=0.9999999999999998 tkColOcp=0.9999999999999998
-----
meanST=6.001435731591913 stDevST=5.9971858760720735

Steady State Statistics: numBatchesST=4161 batchSizeST=400 stDevStdStateMeanST=0.2946758498546305
95% c.i. = 6.001336242409942 +/- 0.008953519377201305



REPORT for Depository of Queueing Place : Workload----------------------------------------

tkOcp=0.0

------------------ Color = workload --------------------
arrivCnt=1664601 deptCnt=1664602
arrivThrPut=0.16662678191483285 deptThrPut=0.16662688201496612
meanTkPop=0.0 tkColOcp=0.0
-----
meanST=0.0 stDevST=0.0

Steady State Statistics: numBatchesST=8323 batchSizeST=200 stDevStdStateMeanST=0.0
95% c.i. = 0.0 +/- 0.0



REPORT for Queue : Workload----------------------------------------

totArrivThrPut=0.16662688201496612 totDeptThrPut=0.16662678191483285
meanTotTkPop=0.9999999999999998 queueUtil=0.9999999999999998
meanST=6.001435731591913



REPORT for Queue of Queueing Place : I/icon_index----------------------------------------

queueUtilQPl=0.0043578079990971835

------------------ Color = index --------------------
arrivCnt=277753 deptCnt=277753
arrivThrPut=0.02780311231171348 deptThrPut=0.02780311231171348
meanTkPop=0.004415603920883558 tkColOcp=0.0043578079990971835
-----
meanST=0.15881689328080223 stDevST=0.30589255165750834

Steady State Statistics: numBatchesST=347 batchSizeST=800 stDevStdStateMeanST=0.011383117395763427
95% c.i. = 0.1588160656736411 +/- 0.0011976903997992397



REPORT for Depository of Queueing Place : I/icon_index----------------------------------------

tkOcp=0.0

------------------ Color = index --------------------
arrivCnt=277753 deptCnt=277753
arrivThrPut=0.02780311231171348 deptThrPut=0.02780311231171348
meanTkPop=0.0 tkColOcp=0.0
-----
meanST=0.0 stDevST=0.0

Steady State Statistics: numBatchesST=1388 batchSizeST=200 stDevStdStateMeanST=0.0
95% c.i. = 0.0 +/- 0.0



REPORT for Queue : ImageProvider----------------------------------------

totArrivThrPut=0.16662688201496612 totDeptThrPut=0.16662688201496612
meanTotTkPop=0.0818503857520783 queueUtil=0.07295737598340042
meanST=0.49121957251007464



REPORT for Queue of Queueing Place : P/categories_login----------------------------------------

queueUtilQPl=0.0115977194696305

------------------ Color = login --------------------
arrivCnt=276245 deptCnt=276245
arrivThrPut=0.027652161310766366 deptThrPut=0.027652161310766366
meanTkPop=0.011740475946874716 tkColOcp=0.0115977194696305
-----
meanST=0.42457715384090294 stDevST=0.4280381824768781

Steady State Statistics: numBatchesST=690 batchSizeST=400 stDevStdStateMeanST=0.021856981098370185
95% c.i. = 0.4245940240100352 +/- 0.0016308488899346408



REPORT for Depository of Queueing Place : P/categories_login----------------------------------------

tkOcp=0.0

------------------ Color = login --------------------
arrivCnt=276245 deptCnt=276245
arrivThrPut=0.027652161310766366 deptThrPut=0.027652161310766366
meanTkPop=0.0 tkColOcp=0.0
-----
meanST=0.0 stDevST=0.0

Steady State Statistics: numBatchesST=1381 batchSizeST=200 stDevStdStateMeanST=0.0
95% c.i. = 0.0 +/- 0.0



REPORT for Queue : Persistence----------------------------------------

totArrivThrPut=0.16662688201496612 totDeptThrPut=0.16662688201496612
meanTotTkPop=0.04576511552037095 queueUtil=0.04276611289501903
meanST=0.2746562557430584



REPORT for Queue of Queueing Place : I/icon_login----------------------------------------

queueUtilQPl=0.007706443516965047

------------------ Color = login --------------------
arrivCnt=276245 deptCnt=276245
arrivThrPut=0.027652161310766366 deptThrPut=0.027652161310766366
meanTkPop=0.007780311225034186 tkColOcp=0.007706443516965047
-----
meanST=0.28136358448064325 stDevST=0.3518937688263987

Steady State Statistics: numBatchesST=690 batchSizeST=400 stDevStdStateMeanST=0.018081819101602534
95% c.i. = 0.2813600758963654 +/- 0.0013491668623919141



REPORT for Depository of Queueing Place : I/icon_login----------------------------------------

tkOcp=0.0

------------------ Color = login --------------------
arrivCnt=276245 deptCnt=276245
arrivThrPut=0.027652161310766366 deptThrPut=0.027652161310766366
meanTkPop=0.0 tkColOcp=0.0
-----
meanST=0.0 stDevST=0.0

Steady State Statistics: numBatchesST=1381 batchSizeST=200 stDevStdStateMeanST=0.0
95% c.i. = 0.0 +/- 0.0



REPORT for Queue : ImageProvider----------------------------------------

totArrivThrPut=0.16662688201496612 totDeptThrPut=0.16662688201496612
meanTotTkPop=0.0818503857520783 queueUtil=0.07295737598340042
meanST=0.49121957251007464



REPORT for Queue of Queueing Place : A/isLoggedIn_login----------------------------------------

queueUtilQPl=0.0044007312954694846

------------------ Color = login --------------------
arrivCnt=276245 deptCnt=276245
arrivThrPut=0.027652161310766366 deptThrPut=0.027652161310766366
meanTkPop=0.004448327468435874 tkColOcp=0.0044007312954694846
-----
meanST=0.16086726163802315 stDevST=0.31827032036181535

Steady State Statistics: numBatchesST=690 batchSizeST=400 stDevStdStateMeanST=0.016426143031380173
95% c.i. = 0.16089381835855035 +/- 0.001225629331336684



REPORT for Depository of Queueing Place : A/isLoggedIn_login----------------------------------------

tkOcp=0.0

------------------ Color = login --------------------
arrivCnt=276245 deptCnt=276245
arrivThrPut=0.027652161310766366 deptThrPut=0.027652161310766366
meanTkPop=0.0 tkColOcp=0.0
-----
meanST=0.0 stDevST=0.0

Steady State Statistics: numBatchesST=1381 batchSizeST=200 stDevStdStateMeanST=0.0
95% c.i. = 0.0 +/- 0.0



REPORT for Queue : Auth----------------------------------------

totArrivThrPut=0.16662678191483285 totDeptThrPut=0.16662678191483285
meanTotTkPop=0.08937262501065493 queueUtil=0.07986049940531323
meanST=0.5363641065596256



REPORT for Queue of Queueing Place : A/isLoggedIn_category----------------------------------------

queueUtilQPl=0.015510556079271324

------------------ Color = category --------------------
arrivCnt=277161 deptCnt=277161
arrivThrPut=0.02774385303282708 deptThrPut=0.02774385303282708
meanTkPop=0.015783307881923482 tkColOcp=0.015510556079271324
-----
meanST=0.5688938686075203 stDevST=0.5923111504696829

Steady State Statistics: numBatchesST=692 batchSizeST=400 stDevStdStateMeanST=0.030025791602818222
95% c.i. = 0.5688656496067799 +/- 0.0022371211814168203



REPORT for Depository of Queueing Place : A/isLoggedIn_category----------------------------------------

tkOcp=0.0

------------------ Color = category --------------------
arrivCnt=277161 deptCnt=277161
arrivThrPut=0.02774385303282708 deptThrPut=0.02774385303282708
meanTkPop=0.0 tkColOcp=0.0
-----
meanST=0.0 stDevST=0.0

Steady State Statistics: numBatchesST=1385 batchSizeST=200 stDevStdStateMeanST=0.0
95% c.i. = 0.0 +/- 0.0



REPORT for Queue : Auth----------------------------------------

totArrivThrPut=0.16662678191483285 totDeptThrPut=0.16662678191483285
meanTotTkPop=0.08937262501065493 queueUtil=0.07986049940531323
meanST=0.5363641065596256



REPORT for Queue of Queueing Place : I/icon_logout----------------------------------------

queueUtilQPl=0.02595711747323804

------------------ Color = logout --------------------
arrivCnt=277478 deptCnt=277478
arrivThrPut=0.027775584775068616 deptThrPut=0.027775584775068616
meanTkPop=0.026625529808841863 tkColOcp=0.02595711747323804
-----
meanST=0.9585947523503072 stDevST=0.9516457304582265

Steady State Statistics: numBatchesST=693 batchSizeST=400 stDevStdStateMeanST=0.05238768145249949
95% c.i. = 0.958592674231689 +/- 0.0039004135077738435



REPORT for Depository of Queueing Place : I/icon_logout----------------------------------------

tkOcp=0.0

------------------ Color = logout --------------------
arrivCnt=277478 deptCnt=277478
arrivThrPut=0.027775584775068616 deptThrPut=0.027775584775068616
meanTkPop=0.0 tkColOcp=0.0
-----
meanST=0.0 stDevST=0.0

Steady State Statistics: numBatchesST=1387 batchSizeST=200 stDevStdStateMeanST=0.0
95% c.i. = 0.0 +/- 0.0



REPORT for Queue : ImageProvider----------------------------------------

totArrivThrPut=0.16662688201496612 totDeptThrPut=0.16662688201496612
meanTotTkPop=0.0818503857520783 queueUtil=0.07295737598340042
meanST=0.49121957251007464



REPORT for Queue of Queueing Place : I/icon_loginAction----------------------------------------

queueUtilQPl=0.0148803389049008

------------------ Color = loginAction --------------------
arrivCnt=278054 deptCnt=278054
arrivThrPut=0.02783324245182295 deptThrPut=0.02783324245182295
meanTkPop=0.015146315273103905 tkColOcp=0.0148803389049008
-----
meanST=0.5441807687092486 stDevST=0.5786495686349052

Steady State Statistics: numBatchesST=695 batchSizeST=400 stDevStdStateMeanST=0.029282024835883106
95% c.i. = 0.5441763410526421 +/- 0.0021769918008612676



REPORT for Depository of Queueing Place : I/icon_loginAction----------------------------------------

tkOcp=0.0

------------------ Color = loginAction --------------------
arrivCnt=278054 deptCnt=278054
arrivThrPut=0.02783324245182295 deptThrPut=0.02783324245182295
meanTkPop=0.0 tkColOcp=0.0
-----
meanST=0.0 stDevST=0.0

Steady State Statistics: numBatchesST=1390 batchSizeST=200 stDevStdStateMeanST=0.0
95% c.i. = 0.0 +/- 0.0



REPORT for Queue : ImageProvider----------------------------------------

totArrivThrPut=0.16662688201496612 totDeptThrPut=0.16662688201496612
meanTotTkPop=0.0818503857520783 queueUtil=0.07295737598340042
meanST=0.49121957251007464



REPORT for Queue of Queueing Place : A/isLoggedIn_product----------------------------------------

queueUtilQPl=0.02079723219343177

------------------ Color = product --------------------
arrivCnt=277910 deptCnt=277910
arrivThrPut=0.027818828032634368 deptThrPut=0.027818828032634368
meanTkPop=0.021239148193184038 tkColOcp=0.02079723219343177
-----
meanST=0.7634810556457776 stDevST=0.766406592007029

Steady State Statistics: numBatchesST=694 batchSizeST=400 stDevStdStateMeanST=0.039899788026644165
95% c.i. = 0.7636315324390307 +/- 0.002968512925242884



REPORT for Depository of Queueing Place : A/isLoggedIn_product----------------------------------------

tkOcp=0.0

------------------ Color = product --------------------
arrivCnt=277910 deptCnt=277910
arrivThrPut=0.027818828032634368 deptThrPut=0.027818828032634368
meanTkPop=0.0 tkColOcp=0.0
-----
meanST=0.0 stDevST=0.0

Steady State Statistics: numBatchesST=1389 batchSizeST=200 stDevStdStateMeanST=0.0
95% c.i. = 0.0 +/- 0.0



REPORT for Queue : Auth----------------------------------------

totArrivThrPut=0.16662678191483285 totDeptThrPut=0.16662678191483285
meanTotTkPop=0.08937262501065493 queueUtil=0.07986049940531323
meanST=0.5363641065596256



REPORT for Queue of Queueing Place : P/category_logout----------------------------------------

queueUtilQPl=0.01660974296762859

------------------ Color = logout --------------------
arrivCnt=277478 deptCnt=277478
arrivThrPut=0.027775584775068616 deptThrPut=0.027775584775068616
meanTkPop=0.016875224666756974 tkColOcp=0.01660974296762859
-----
meanST=0.6075560533978096 stDevST=0.6047731547687234

Steady State Statistics: numBatchesST=693 batchSizeST=400 stDevStdStateMeanST=0.031149224761174047
95% c.i. = 0.6075603415310453 +/- 0.0023191493428722843



REPORT for Depository of Queueing Place : P/category_logout----------------------------------------

tkOcp=0.0

------------------ Color = logout --------------------
arrivCnt=277478 deptCnt=277478
arrivThrPut=0.027775584775068616 deptThrPut=0.027775584775068616
meanTkPop=0.0 tkColOcp=0.0
-----
meanST=0.0 stDevST=0.0

Steady State Statistics: numBatchesST=1387 batchSizeST=200 stDevStdStateMeanST=0.0
95% c.i. = 0.0 +/- 0.0



REPORT for Queue : Persistence----------------------------------------

totArrivThrPut=0.16662688201496612 totDeptThrPut=0.16662688201496612
meanTotTkPop=0.04576511552037095 queueUtil=0.04276611289501903
meanST=0.2746562557430584



REPORT for Ordinary Place : Finish_index----------------------------------------

tkOcp=1.0

------------------ Color = index --------------------
arrivCnt=277753 deptCnt=0
arrivThrPut=0.02780311231171348 deptThrPut=0.0
meanTkPop=139151.62127509987 tkColOcp=1.0
-----
meanST=NaN stDevST=NaN

Steady State Statistics: Only 0 batches collected!
Need at least 60 for steady state statistics.



REPORT for Ordinary Place : Finish_login----------------------------------------

tkOcp=1.0

------------------ Color = login --------------------
arrivCnt=276245 deptCnt=0
arrivThrPut=0.027652161310766366 deptThrPut=0.0
meanTkPop=138317.18848532785 tkColOcp=1.0
-----
meanST=NaN stDevST=NaN

Steady State Statistics: Only 0 batches collected!
Need at least 60 for steady state statistics.



REPORT for Ordinary Place : Finish_loginAction----------------------------------------

tkOcp=1.0

------------------ Color = loginAction --------------------
arrivCnt=278054 deptCnt=0
arrivThrPut=0.02783324245182295 deptThrPut=0.0
meanTkPop=139238.50468900552 tkColOcp=1.0
-----
meanST=NaN stDevST=NaN

Steady State Statistics: Only 0 batches collected!
Need at least 60 for steady state statistics.



REPORT for Ordinary Place : Finish_category----------------------------------------

tkOcp=1.0

------------------ Color = category --------------------
arrivCnt=277161 deptCnt=0
arrivThrPut=0.02774385303282708 deptThrPut=0.0
meanTkPop=138992.8241899301 tkColOcp=1.0
-----
meanST=NaN stDevST=NaN

Steady State Statistics: Only 0 batches collected!
Need at least 60 for steady state statistics.



REPORT for Ordinary Place : Finish_product----------------------------------------

tkOcp=1.0

------------------ Color = product --------------------
arrivCnt=277910 deptCnt=0
arrivThrPut=0.027818828032634368 deptThrPut=0.0
meanTkPop=139354.06606243167 tkColOcp=1.0
-----
meanST=NaN stDevST=NaN

Steady State Statistics: Only 0 batches collected!
Need at least 60 for steady state statistics.



REPORT for Ordinary Place : Finish_logout----------------------------------------

tkOcp=0.9999999999999998

------------------ Color = logout --------------------
arrivCnt=277478 deptCnt=0
arrivThrPut=0.027775584775068616 deptThrPut=0.0
meanTkPop=138853.57689019316 tkColOcp=0.9999999999999998
-----
meanST=NaN stDevST=NaN

Steady State Statistics: Only 0 batches collected!
Need at least 60 for steady state statistics.



REPORT REPORT for Probe : /index----------------------------------------


------------------ Color = index --------------------
-----
meanST=0.8166075586206384 stDevST=0.5812843290159705

Steady State Statistics: numBatchesST=694 batchSizeST=400 stDevStdStateMeanST=0.031528898667452586
95% c.i. = 0.8166069178177442 +/- 0.002345725324417921



REPORT REPORT for Probe : /login----------------------------------------


------------------ Color = login --------------------
-----
meanST=0.965026818742865 stDevST=0.6490285498957763

Steady State Statistics: numBatchesST=690 batchSizeST=400 stDevStdStateMeanST=0.03376730383365194
95% c.i. = 0.965071671300169 +/- 0.002519532305278123



REPORT REPORT for Probe : /loginAction----------------------------------------


------------------ Color = loginAction --------------------
-----
meanST=1.3635416330089118 stDevST=0.8800285701005381

Steady State Statistics: numBatchesST=695 batchSizeST=400 stDevStdStateMeanST=0.04374897291994149
95% c.i. = 1.3635642624622675 +/- 0.0032525467714958965



REPORT REPORT for Probe : /logout----------------------------------------


------------------ Color = logout --------------------
-----
meanST=2.653703292510404 stDevST=1.489686817393166

Steady State Statistics: numBatchesST=693 batchSizeST=400 stDevStdStateMeanST=0.08106253066042038
95% c.i. = 2.653749373638442 +/- 0.006035338476449214



REPORT REPORT for Probe : /category----------------------------------------


------------------ Color = category --------------------
-----
meanST=1.2914243201044837 stDevST=0.8316263799959718

Steady State Statistics: numBatchesST=692 batchSizeST=400 stDevStdStateMeanST=0.04089644013022938
95% c.i. = 1.2913855329576567 +/- 0.0030470567993715687



REPORT REPORT for Probe : /product----------------------------------------


------------------ Color = product --------------------
-----
meanST=1.5895941208525164 stDevST=0.9662222861456949

Steady State Statistics: numBatchesST=694 batchSizeST=400 stDevStdStateMeanST=0.051066332234450125
95% c.i. = 1.5897810580255047 +/- 0.0037992950534344572



