INFO Logging to /home/yjx/workloadConfig/qpme/output/SimQPN_Output_config_2025-08-14_073328954.log
WARN Batch means correlation test was run for depository of place Workload, color 0
    However, the standard deviation of the token residence time is 0 and therefore the result of the test is ignored!
    In future runs, you should set numBMeansCorlTested to 0 to switch off the correlation test!
WARN Batch means correlation test was run for depository of place W/login, color 0
    However, the standard deviation of the token residence time is 0 and therefore the result of the test is ignored!
    In future runs, you should set numBMeansCorlTested to 0 to switch off the correlation test!
WARN Batch means correlation test was run for depository of place P/categories_login, color 0
    However, the standard deviation of the token residence time is 0 and therefore the result of the test is ignored!
    In future runs, you should set numBMeansCorlTested to 0 to switch off the correlation test!
WARN Batch means correlation test was run for depository of place I/icon_login, color 0
    However, the standard deviation of the token residence time is 0 and therefore the result of the test is ignored!
    In future runs, you should set numBMeansCorlTested to 0 to switch off the correlation test!
WARN Batch means correlation test was run for depository of place A/isLoggedIn_login, color 0
    However, the standard deviation of the token residence time is 0 and therefore the result of the test is ignored!
    In future runs, you should set numBMeansCorlTested to 0 to switch off the correlation test!
WARN Batch means correlation test was run for depository of place A/logout_logout, color 0
    However, the standard deviation of the token residence time is 0 and therefore the result of the test is ignored!
    In future runs, you should set numBMeansCorlTested to 0 to switch off the correlation test!
WARN Batch means correlation test was run for depository of place P/category_logout, color 0
    However, the standard deviation of the token residence time is 0 and therefore the result of the test is ignored!
    In future runs, you should set numBMeansCorlTested to 0 to switch off the correlation test!
WARN Batch means correlation test was run for depository of place I/icon_logout, color 0
    However, the standard deviation of the token residence time is 0 and therefore the result of the test is ignored!
    In future runs, you should set numBMeansCorlTested to 0 to switch off the correlation test!
WARN Batch means correlation test was run for depository of place W/logout, color 0
    However, the standard deviation of the token residence time is 0 and therefore the result of the test is ignored!
    In future runs, you should set numBMeansCorlTested to 0 to switch off the correlation test!
WARN Batch means correlation test was run for depository of place W/category, color 0
    However, the standard deviation of the token residence time is 0 and therefore the result of the test is ignored!
    In future runs, you should set numBMeansCorlTested to 0 to switch off the correlation test!
WARN Batch means correlation test was run for depository of place P/category_category, color 0
    However, the standard deviation of the token residence time is 0 and therefore the result of the test is ignored!
    In future runs, you should set numBMeansCorlTested to 0 to switch off the correlation test!
WARN Batch means correlation test was run for depository of place I/productImages_category, color 0
    However, the standard deviation of the token residence time is 0 and therefore the result of the test is ignored!
    In future runs, you should set numBMeansCorlTested to 0 to switch off the correlation test!
WARN Batch means correlation test was run for depository of place A/isLoggedIn_category, color 0
    However, the standard deviation of the token residence time is 0 and therefore the result of the test is ignored!
    In future runs, you should set numBMeansCorlTested to 0 to switch off the correlation test!
WARN Batch means correlation test was run for depository of place A/login_loginAction, color 0
    However, the standard deviation of the token residence time is 0 and therefore the result of the test is ignored!
    In future runs, you should set numBMeansCorlTested to 0 to switch off the correlation test!
WARN Batch means correlation test was run for depository of place P/getUser_loginAction, color 0
    However, the standard deviation of the token residence time is 0 and therefore the result of the test is ignored!
    In future runs, you should set numBMeansCorlTested to 0 to switch off the correlation test!
WARN Batch means correlation test was run for depository of place I/icon_loginAction, color 0
    However, the standard deviation of the token residence time is 0 and therefore the result of the test is ignored!
    In future runs, you should set numBMeansCorlTested to 0 to switch off the correlation test!
WARN Batch means correlation test was run for depository of place W/loginAction, color 0
    However, the standard deviation of the token residence time is 0 and therefore the result of the test is ignored!
    In future runs, you should set numBMeansCorlTested to 0 to switch off the correlation test!
WARN Batch means correlation test was run for depository of place A/isLoggedIn_product, color 0
    However, the standard deviation of the token residence time is 0 and therefore the result of the test is ignored!
    In future runs, you should set numBMeansCorlTested to 0 to switch off the correlation test!
WARN Batch means correlation test was run for depository of place W/product, color 0
    However, the standard deviation of the token residence time is 0 and therefore the result of the test is ignored!
    In future runs, you should set numBMeansCorlTested to 0 to switch off the correlation test!
WARN Batch means correlation test was run for depository of place P/getProduct_product, color 0
    However, the standard deviation of the token residence time is 0 and therefore the result of the test is ignored!
    In future runs, you should set numBMeansCorlTested to 0 to switch off the correlation test!
WARN Batch means correlation test was run for depository of place R/getAds_product, color 0
    However, the standard deviation of the token residence time is 0 and therefore the result of the test is ignored!
    In future runs, you should set numBMeansCorlTested to 0 to switch off the correlation test!
WARN Batch means correlation test was run for depository of place I/product_product, color 0
    However, the standard deviation of the token residence time is 0 and therefore the result of the test is ignored!
    In future runs, you should set numBMeansCorlTested to 0 to switch off the correlation test!
WARN Batch means correlation test was run for depository of place A/isLoggedIn_index, color 0
    However, the standard deviation of the token residence time is 0 and therefore the result of the test is ignored!
    In future runs, you should set numBMeansCorlTested to 0 to switch off the correlation test!
WARN Batch means correlation test was run for depository of place I/icon_index, color 0
    However, the standard deviation of the token residence time is 0 and therefore the result of the test is ignored!
    In future runs, you should set numBMeansCorlTested to 0 to switch off the correlation test!
WARN Batch means correlation test was run for depository of place W/index, color 0
    However, the standard deviation of the token residence time is 0 and therefore the result of the test is ignored!
    In future runs, you should set numBMeansCorlTested to 0 to switch off the correlation test!
WARN Batch means correlation test was run for depository of place P/categories_index, color 0
    However, the standard deviation of the token residence time is 0 and therefore the result of the test is ignored!
    In future runs, you should set numBMeansCorlTested to 0 to switch off the correlation test!
WARN LP-1 The simulation was stopped because of reaching max totalRunLen.
The required precision may not have been reached!
REPORT for Queue of Queueing Place : W/index----------------------------------------

queueUtilQPl=0.0034061534037020886

------------------ Color = index --------------------
arrivCnt=277925 deptCnt=277925
arrivThrPut=0.027820320775828886 deptThrPut=0.027820320775828886
meanTkPop=0.0034223662472219244 tkColOcp=0.0034061534037020886
-----
meanST=0.12301677880707174 stDevST=0.16286702028039154

Steady State Statistics: numBatchesST=694 batchSizeST=400 stDevStdStateMeanST=0.008159078952338564
95% c.i. = 0.1230122449765702 +/- 6.070290727339308E-4



REPORT for Depository of Queueing Place : W/index----------------------------------------

tkOcp=0.0

------------------ Color = index --------------------
arrivCnt=277925 deptCnt=277925
arrivThrPut=0.027820320775828886 deptThrPut=0.027820320775828886
meanTkPop=0.0 tkColOcp=0.0
-----
meanST=0.0 stDevST=0.0

Steady State Statistics: numBatchesST=1389 batchSizeST=200 stDevStdStateMeanST=0.0
95% c.i. = 0.0 +/- 0.0



REPORT for Queue : WebUI----------------------------------------

totArrivThrPut=0.16666847119737002 totDeptThrPut=0.16666847119737002
meanTotTkPop=0.03912232611718054 queueUtil=0.036778112374095555
meanST=0.23473141522280838



REPORT for Queue of Queueing Place : P/categories_index----------------------------------------

queueUtilQPl=0.022231372943411414

------------------ Color = index --------------------
arrivCnt=277925 deptCnt=277925
arrivThrPut=0.027820320775828886 deptThrPut=0.027820320775828886
meanTkPop=0.023082260115089768 tkColOcp=0.022231372943411414
-----
meanST=0.829690653141006 stDevST=1.271411028072477

Steady State Statistics: numBatchesST=694 batchSizeST=400 stDevStdStateMeanST=0.0713535289657264
95% c.i. = 0.8295342447960489 +/- 0.005308646573636104



REPORT for Depository of Queueing Place : P/categories_index----------------------------------------

tkOcp=0.0

------------------ Color = index --------------------
arrivCnt=277925 deptCnt=277925
arrivThrPut=0.027820320775828886 deptThrPut=0.027820320775828886
meanTkPop=0.0 tkColOcp=0.0
-----
meanST=0.0 stDevST=0.0

Steady State Statistics: numBatchesST=1389 batchSizeST=200 stDevStdStateMeanST=0.0
95% c.i. = 0.0 +/- 0.0



REPORT for Queue : Persistence----------------------------------------

totArrivThrPut=0.16666857129747176 totDeptThrPut=0.16666857129747176
meanTotTkPop=0.16204967975362783 queueUtil=0.12059971397670946
meanST=0.9722869674355097



REPORT for Queue of Queueing Place : A/isLoggedIn_index----------------------------------------

queueUtilQPl=0.016134320244021803

------------------ Color = index --------------------
arrivCnt=277925 deptCnt=277926
arrivThrPut=0.027820320775828886 deptThrPut=0.027820420875930625
meanTkPop=0.017728435265427455 tkColOcp=0.016134320244021803
-----
meanST=0.6372696342918087 stDevST=1.9903686820486424

Steady State Statistics: numBatchesST=694 batchSizeST=400 stDevStdStateMeanST=0.11751344029432709
95% c.i. = 0.6373864179329483 +/- 0.008742907761076838



REPORT for Depository of Queueing Place : A/isLoggedIn_index----------------------------------------

tkOcp=0.0

------------------ Color = index --------------------
arrivCnt=277926 deptCnt=277926
arrivThrPut=0.027820420875930625 deptThrPut=0.027820420875930625
meanTkPop=0.0 tkColOcp=0.0
-----
meanST=0.0 stDevST=0.0

Steady State Statistics: numBatchesST=1389 batchSizeST=200 stDevStdStateMeanST=0.0
95% c.i. = 0.0 +/- 0.0



REPORT for Queue : Auth----------------------------------------

totArrivThrPut=0.16666837109726826 totDeptThrPut=0.16666857129747176
meanTotTkPop=0.24942148296568678 queueUtil=0.1621804111035977
meanST=1.4965285573721625



REPORT for Queue of Queueing Place : W/login----------------------------------------

queueUtilQPl=0.0032220533041701243

------------------ Color = login --------------------
arrivCnt=277936 deptCnt=277936
arrivThrPut=0.027821421876948017 deptThrPut=0.027821421876948017
meanTkPop=0.0032370586030963902 tkColOcp=0.0032220533041701243
-----
meanST=0.11635129999514937 stDevST=0.1581364442500153

Steady State Statistics: numBatchesST=694 batchSizeST=400 stDevStdStateMeanST=0.007841274468998478
95% c.i. = 0.11635961177151387 +/- 5.833846685114021E-4



REPORT for Depository of Queueing Place : W/login----------------------------------------

tkOcp=0.0

------------------ Color = login --------------------
arrivCnt=277936 deptCnt=277936
arrivThrPut=0.027821421876948017 deptThrPut=0.027821421876948017
meanTkPop=0.0 tkColOcp=0.0
-----
meanST=0.0 stDevST=0.0

Steady State Statistics: numBatchesST=1389 batchSizeST=200 stDevStdStateMeanST=0.0
95% c.i. = 0.0 +/- 0.0



REPORT for Queue : WebUI----------------------------------------

totArrivThrPut=0.16666847119737002 totDeptThrPut=0.16666847119737002
meanTotTkPop=0.03912232611718054 queueUtil=0.036778112374095555
meanST=0.23473141522280838



REPORT for Queue of Queueing Place : W/loginAction----------------------------------------

queueUtilQPl=0.003410036389616243

------------------ Color = loginAction --------------------
arrivCnt=277605 deptCnt=277605
arrivThrPut=0.027788288743272386 deptThrPut=0.027788288743272386
meanTkPop=0.0034260841684012615 tkColOcp=0.003410036389616243
-----
meanST=0.12329237687335909 stDevST=0.16297777234872546

Steady State Statistics: numBatchesST=694 batchSizeST=400 stDevStdStateMeanST=0.008178464339932088
95% c.i. = 0.1232929838400006 +/- 6.084713303618107E-4



REPORT for Depository of Queueing Place : W/loginAction----------------------------------------

tkOcp=0.0

------------------ Color = loginAction --------------------
arrivCnt=277605 deptCnt=277605
arrivThrPut=0.027788288743272386 deptThrPut=0.027788288743272386
meanTkPop=0.0 tkColOcp=0.0
-----
meanST=0.0 stDevST=0.0

Steady State Statistics: numBatchesST=1388 batchSizeST=200 stDevStdStateMeanST=0.0
95% c.i. = 0.0 +/- 0.0



REPORT for Queue : WebUI----------------------------------------

totArrivThrPut=0.16666847119737002 totDeptThrPut=0.16666847119737002
meanTotTkPop=0.03912232611718054 queueUtil=0.036778112374095555
meanST=0.23473141522280838



REPORT for Queue of Queueing Place : A/login_loginAction----------------------------------------

queueUtilQPl=0.03892518405356697

------------------ Color = loginAction --------------------
arrivCnt=277605 deptCnt=277606
arrivThrPut=0.027788288743272386 deptThrPut=0.027788388843374128
meanTkPop=0.04145569869939028 tkColOcp=0.03892518405356697
-----
meanST=1.4918826592969985 stDevST=2.2221758325277805

Steady State Statistics: numBatchesST=694 batchSizeST=400 stDevStdStateMeanST=0.12625648667259065
95% c.i. = 1.4918190213596014 +/- 0.009393383552139737



REPORT for Depository of Queueing Place : A/login_loginAction----------------------------------------

tkOcp=0.0

------------------ Color = loginAction --------------------
arrivCnt=277606 deptCnt=277606
arrivThrPut=0.027788388843374128 deptThrPut=0.027788388843374128
meanTkPop=0.0 tkColOcp=0.0
-----
meanST=0.0 stDevST=0.0

Steady State Statistics: numBatchesST=1388 batchSizeST=200 stDevStdStateMeanST=0.0
95% c.i. = 0.0 +/- 0.0



REPORT for Queue : Auth----------------------------------------

totArrivThrPut=0.16666837109726826 totDeptThrPut=0.16666857129747176
meanTotTkPop=0.24942148296568678 queueUtil=0.1621804111035977
meanST=1.4965285573721625



REPORT for Queue of Queueing Place : W/logout----------------------------------------

queueUtilQPl=0.008642281128072101

------------------ Color = logout --------------------
arrivCnt=277291 deptCnt=277291
arrivThrPut=0.02775685731132632 deptThrPut=0.02775685731132632
meanTkPop=0.00871627573136213 tkColOcp=0.008642281128072101
-----
meanST=0.3140224281732864 stDevST=0.3225713676456802

Steady State Statistics: numBatchesST=693 batchSizeST=400 stDevStdStateMeanST=0.015735986976667553
95% c.i. = 0.31401378634234944 +/- 0.0011715894740941817



REPORT for Depository of Queueing Place : W/logout----------------------------------------

tkOcp=0.0

------------------ Color = logout --------------------
arrivCnt=277291 deptCnt=277290
arrivThrPut=0.02775685731132632 deptThrPut=0.027756757211224583
meanTkPop=0.0 tkColOcp=0.0
-----
meanST=0.0 stDevST=0.0

Steady State Statistics: numBatchesST=1386 batchSizeST=200 stDevStdStateMeanST=0.0
95% c.i. = 0.0 +/- 0.0



REPORT for Queue : WebUI----------------------------------------

totArrivThrPut=0.16666847119737002 totDeptThrPut=0.16666847119737002
meanTotTkPop=0.03912232611718054 queueUtil=0.036778112374095555
meanST=0.23473141522280838



REPORT for Queue of Queueing Place : A/logout_logout----------------------------------------

queueUtilQPl=0.10589207444709628

------------------ Color = logout --------------------
arrivCnt=277290 deptCnt=277290
arrivThrPut=0.027756757211224583 deptThrPut=0.027756757211224583
meanTkPop=0.11833144994107966 tkColOcp=0.10589207444709628
-----
meanST=4.263167277901141 stDevST=4.222884741818179

Steady State Statistics: numBatchesST=693 batchSizeST=400 stDevStdStateMeanST=0.2668461158116374
95% c.i. = 4.263292104593385 +/- 0.019867460550862675



REPORT for Depository of Queueing Place : A/logout_logout----------------------------------------

tkOcp=0.0

------------------ Color = logout --------------------
arrivCnt=277290 deptCnt=277291
arrivThrPut=0.027756757211224583 deptThrPut=0.02775685731132632
meanTkPop=0.0 tkColOcp=0.0
-----
meanST=0.0 stDevST=0.0

Steady State Statistics: numBatchesST=1386 batchSizeST=200 stDevStdStateMeanST=0.0
95% c.i. = 0.0 +/- 0.0



REPORT for Queue : Auth----------------------------------------

totArrivThrPut=0.16666837109726826 totDeptThrPut=0.16666857129747176
meanTotTkPop=0.24942148296568678 queueUtil=0.1621804111035977
meanST=1.4965285573721625



REPORT for Queue of Queueing Place : P/getUser_loginAction----------------------------------------

queueUtilQPl=0.010425897456123073

------------------ Color = loginAction --------------------
arrivCnt=277606 deptCnt=277606
arrivThrPut=0.027788388843374128 deptThrPut=0.027788388843374128
meanTkPop=0.011009755774159115 tkColOcp=0.010425897456123073
-----
meanST=0.3961998601723282 stDevST=1.1564200032623981

Steady State Statistics: numBatchesST=694 batchSizeST=400 stDevStdStateMeanST=0.06450473654584138
95% c.i. = 0.39620415357567457 +/- 0.004799101790913002



REPORT for Depository of Queueing Place : P/getUser_loginAction----------------------------------------

tkOcp=0.0

------------------ Color = loginAction --------------------
arrivCnt=277606 deptCnt=277606
arrivThrPut=0.027788388843374128 deptThrPut=0.027788388843374128
meanTkPop=0.0 tkColOcp=0.0
-----
meanST=0.0 stDevST=0.0

Steady State Statistics: numBatchesST=1388 batchSizeST=200 stDevStdStateMeanST=0.0
95% c.i. = 0.0 +/- 0.0



REPORT for Queue : Persistence----------------------------------------

totArrivThrPut=0.16666857129747176 totDeptThrPut=0.16666857129747176
meanTotTkPop=0.16204967975362783 queueUtil=0.12059971397670946
meanST=0.9722869674355097



REPORT for Queue of Queueing Place : W/category----------------------------------------

queueUtilQPl=0.003488989864229548

------------------ Color = category --------------------
arrivCnt=277550 deptCnt=277550
arrivThrPut=0.027782783237676738 deptThrPut=0.027782783237676738
meanTkPop=0.0035061803691725318 tkColOcp=0.003488989864229548
-----
meanST=0.12619975252939153 stDevST=0.16051017351751934

Steady State Statistics: numBatchesST=693 batchSizeST=400 stDevStdStateMeanST=0.008053106991940413
95% c.i. = 0.12621140318103743 +/- 5.995769696239102E-4



REPORT for Depository of Queueing Place : W/category----------------------------------------

tkOcp=0.0

------------------ Color = category --------------------
arrivCnt=277550 deptCnt=277550
arrivThrPut=0.027782783237676738 deptThrPut=0.027782783237676738
meanTkPop=0.0 tkColOcp=0.0
-----
meanST=0.0 stDevST=0.0

Steady State Statistics: numBatchesST=1387 batchSizeST=200 stDevStdStateMeanST=0.0
95% c.i. = 0.0 +/- 0.0



REPORT for Queue : WebUI----------------------------------------

totArrivThrPut=0.16666847119737002 totDeptThrPut=0.16666847119737002
meanTotTkPop=0.03912232611718054 queueUtil=0.036778112374095555
meanST=0.23473141522280838



REPORT for Queue of Queueing Place : W/product----------------------------------------

queueUtilQPl=0.01653610858554328

------------------ Color = product --------------------
arrivCnt=276711 deptCnt=276711
arrivThrPut=0.027698799252317666 deptThrPut=0.027698799252317666
meanTkPop=0.016814360997926308 tkColOcp=0.01653610858554328
-----
meanST=0.6070429567996304 stDevST=0.6059591428253367

Steady State Statistics: numBatchesST=691 batchSizeST=400 stDevStdStateMeanST=0.032446023244061956
95% c.i. = 0.607028923200492 +/- 0.0024191931399621634



REPORT for Depository of Queueing Place : W/product----------------------------------------

tkOcp=0.0

------------------ Color = product --------------------
arrivCnt=276711 deptCnt=276711
arrivThrPut=0.027698799252317666 deptThrPut=0.027698799252317666
meanTkPop=0.0 tkColOcp=0.0
-----
meanST=0.0 stDevST=0.0

Steady State Statistics: numBatchesST=1383 batchSizeST=200 stDevStdStateMeanST=0.0
95% c.i. = 0.0 +/- 0.0



REPORT for Queue : WebUI----------------------------------------

totArrivThrPut=0.16666847119737002 totDeptThrPut=0.16666847119737002
meanTotTkPop=0.03912232611718054 queueUtil=0.036778112374095555
meanST=0.23473141522280838



REPORT for Queue of Queueing Place : P/category_category----------------------------------------

queueUtilQPl=0.012094500430713629

------------------ Color = category --------------------
arrivCnt=277550 deptCnt=277550
arrivThrPut=0.027782783237676738 deptThrPut=0.027782783237676738
meanTkPop=0.012623203218682152 tkColOcp=0.012094500430713629
-----
meanST=0.45435344294676694 stDevST=1.140177081843681

Steady State Statistics: numBatchesST=693 batchSizeST=400 stDevStdStateMeanST=0.06230471409593575
95% c.i. = 0.45433316230116166 +/- 0.0046387651012599



REPORT for Depository of Queueing Place : P/category_category----------------------------------------

tkOcp=0.0

------------------ Color = category --------------------
arrivCnt=277550 deptCnt=277550
arrivThrPut=0.027782783237676738 deptThrPut=0.027782783237676738
meanTkPop=0.0 tkColOcp=0.0
-----
meanST=0.0 stDevST=0.0

Steady State Statistics: numBatchesST=1387 batchSizeST=200 stDevStdStateMeanST=0.0
95% c.i. = 0.0 +/- 0.0



REPORT for Queue : Persistence----------------------------------------

totArrivThrPut=0.16666857129747176 totDeptThrPut=0.16666857129747176
meanTotTkPop=0.16204967975362783 queueUtil=0.12059971397670946
meanST=0.9722869674355097



REPORT for Queue of Queueing Place : P/getProduct_product----------------------------------------

queueUtilQPl=0.023072188681447767

------------------ Color = product --------------------
arrivCnt=276711 deptCnt=276711
arrivThrPut=0.027698799252317666 deptThrPut=0.027698799252317666
meanTkPop=0.023863544322460534 tkColOcp=0.023072188681447767
-----
meanST=0.8615371411980531 stDevST=1.2398923582839783

Steady State Statistics: numBatchesST=691 batchSizeST=400 stDevStdStateMeanST=0.066714339653588
95% c.i. = 0.8615242342728342 +/- 0.004974257449458099



REPORT for Depository of Queueing Place : P/getProduct_product----------------------------------------

tkOcp=0.0

------------------ Color = product --------------------
arrivCnt=276711 deptCnt=276711
arrivThrPut=0.027698799252317666 deptThrPut=0.027698799252317666
meanTkPop=0.0 tkColOcp=0.0
-----
meanST=0.0 stDevST=0.0

Steady State Statistics: numBatchesST=1383 batchSizeST=200 stDevStdStateMeanST=0.0
95% c.i. = 0.0 +/- 0.0



REPORT for Queue : Persistence----------------------------------------

totArrivThrPut=0.16666857129747176 totDeptThrPut=0.16666857129747176
meanTotTkPop=0.16204967975362783 queueUtil=0.12059971397670946
meanST=0.9722869674355097



REPORT for Queue of Queueing Place : R/getAds_product----------------------------------------

queueUtilQPl=0.0495220867680414

------------------ Color = product --------------------
arrivCnt=276711 deptCnt=276711
arrivThrPut=0.027698799252317666 deptThrPut=0.027698799252317666
meanTkPop=0.052190998657036435 tkColOcp=0.0495220867680414
-----
meanST=1.8842332543591906 stDevST=1.8817874382948045

Steady State Statistics: numBatchesST=691 batchSizeST=400 stDevStdStateMeanST=0.10286736411604672
95% c.i. = 1.884396644908927 +/- 0.0076698466164439455



REPORT for Depository of Queueing Place : R/getAds_product----------------------------------------

tkOcp=0.0

------------------ Color = product --------------------
arrivCnt=276711 deptCnt=276711
arrivThrPut=0.027698799252317666 deptThrPut=0.027698799252317666
meanTkPop=0.0 tkColOcp=0.0
-----
meanST=0.0 stDevST=0.0

Steady State Statistics: numBatchesST=1383 batchSizeST=200 stDevStdStateMeanST=0.0
95% c.i. = 0.0 +/- 0.0



REPORT for Queue : Recommender----------------------------------------

totArrivThrPut=0.027698799252317666 totDeptThrPut=0.027698799252317666
meanTotTkPop=0.052190998657036435 queueUtil=0.0495220867680414
meanST=1.8842332543591906



REPORT for Queue of Queueing Place : I/productImages_category----------------------------------------

queueUtilQPl=0.026922980974782306

------------------ Color = category --------------------
arrivCnt=277550 deptCnt=277550
arrivThrPut=0.027782783237676738 deptThrPut=0.027782783237676738
meanTkPop=0.027799456381363042 tkColOcp=0.026922980974782306
-----
meanST=1.0006001250322427 stDevST=0.9851700332365684

Steady State Statistics: numBatchesST=173 batchSizeST=1600 stDevStdStateMeanST=0.024458959576491072
95% c.i. = 1.000600714981906 +/- 0.0036705737729679734



REPORT for Depository of Queueing Place : I/productImages_category----------------------------------------

tkOcp=0.0

------------------ Color = category --------------------
arrivCnt=277550 deptCnt=277550
arrivThrPut=0.027782783237676738 deptThrPut=0.027782783237676738
meanTkPop=0.0 tkColOcp=0.0
-----
meanST=0.0 stDevST=0.0

Steady State Statistics: numBatchesST=1387 batchSizeST=200 stDevStdStateMeanST=0.0
95% c.i. = 0.0 +/- 0.0



REPORT for Queue : ImageProvider----------------------------------------

totArrivThrPut=0.1666686713975735 totDeptThrPut=0.1666686713975735
meanTotTkPop=0.09768590146784682 queueUtil=0.08382369356875566
meanST=0.5861083588698303



REPORT for Queue of Queueing Place : I/product_product----------------------------------------

queueUtilQPl=0.018128155375345508

------------------ Color = product --------------------
arrivCnt=276711 deptCnt=276711
arrivThrPut=0.027698799252317666 deptThrPut=0.027698799252317666
meanTkPop=0.018488402095876832 tkColOcp=0.018128155375345508
-----
meanST=0.667480273330976 stDevST=0.687591834738279

Steady State Statistics: numBatchesST=691 batchSizeST=400 stDevStdStateMeanST=0.03673087030149163
95% c.i. = 0.6675721719003609 +/- 0.0027386736670254614



REPORT for Depository of Queueing Place : I/product_product----------------------------------------

tkOcp=0.0

------------------ Color = product --------------------
arrivCnt=276711 deptCnt=276711
arrivThrPut=0.027698799252317666 deptThrPut=0.027698799252317666
meanTkPop=0.0 tkColOcp=0.0
-----
meanST=0.0 stDevST=0.0

Steady State Statistics: numBatchesST=1383 batchSizeST=200 stDevStdStateMeanST=0.0
95% c.i. = 0.0 +/- 0.0



REPORT for Queue : ImageProvider----------------------------------------

totArrivThrPut=0.1666686713975735 totDeptThrPut=0.1666686713975735
meanTotTkPop=0.09768590146784682 queueUtil=0.08382369356875566
meanST=0.5861083588698303



REPORT for Queue of Queueing Place : Workload----------------------------------------

queueUtilQPl=1.0000000000000002

------------------ Color = workload --------------------
arrivCnt=1665018 deptCnt=1665018
arrivThrPut=0.16666847119737002 deptThrPut=0.16666847119737002
meanTkPop=1.0000000000000002 tkColOcp=1.0000000000000002
-----
meanST=5.999937684988261 stDevST=6.001736475664369

Steady State Statistics: numBatchesST=4162 batchSizeST=400 stDevStdStateMeanST=0.2992763497944563
95% c.i. = 5.999917023718598 +/- 0.009092209861362461



REPORT for Depository of Queueing Place : Workload----------------------------------------

tkOcp=0.0

------------------ Color = workload --------------------
arrivCnt=1665018 deptCnt=1665018
arrivThrPut=0.16666847119737002 deptThrPut=0.16666847119737002
meanTkPop=0.0 tkColOcp=0.0
-----
meanST=0.0 stDevST=0.0

Steady State Statistics: numBatchesST=8325 batchSizeST=200 stDevStdStateMeanST=0.0
95% c.i. = 0.0 +/- 0.0



REPORT for Queue : Workload----------------------------------------

totArrivThrPut=0.16666847119737002 totDeptThrPut=0.16666847119737002
meanTotTkPop=1.0000000000000002 queueUtil=1.0000000000000002
meanST=5.999937684988261



REPORT for Queue of Queueing Place : I/icon_index----------------------------------------

queueUtilQPl=0.005834424706252099

------------------ Color = index --------------------
arrivCnt=277926 deptCnt=277926
arrivThrPut=0.027820420875930625 deptThrPut=0.027820420875930625
meanTkPop=0.006067535091174603 tkColOcp=0.005834424706252099
-----
meanST=0.21809645217927123 stDevST=0.43524261766630296

Steady State Statistics: numBatchesST=694 batchSizeST=400 stDevStdStateMeanST=0.023125389485465025
95% c.i. = 0.2180961636527694 +/- 0.0017205108343692768



REPORT for Depository of Queueing Place : I/icon_index----------------------------------------

tkOcp=0.0

------------------ Color = index --------------------
arrivCnt=277926 deptCnt=277926
arrivThrPut=0.027820420875930625 deptThrPut=0.027820420875930625
meanTkPop=0.0 tkColOcp=0.0
-----
meanST=0.0 stDevST=0.0

Steady State Statistics: numBatchesST=1389 batchSizeST=200 stDevStdStateMeanST=0.0
95% c.i. = 0.0 +/- 0.0



REPORT for Queue : ImageProvider----------------------------------------

totArrivThrPut=0.1666686713975735 totDeptThrPut=0.1666686713975735
meanTotTkPop=0.09768590146784682 queueUtil=0.08382369356875566
meanST=0.5861083588698303



REPORT for Queue of Queueing Place : P/categories_login----------------------------------------

queueUtilQPl=0.07557179175610007

------------------ Color = login --------------------
arrivCnt=277936 deptCnt=277936
arrivThrPut=0.027821421876948017 deptThrPut=0.027821421876948017
meanTkPop=0.08162102432613488 tkColOcp=0.07557179175610007
-----
meanST=2.933747408279071 stDevST=2.9032494811214096

Steady State Statistics: numBatchesST=694 batchSizeST=400 stDevStdStateMeanST=0.16997098461799937
95% c.i. = 2.9337977716054207 +/- 0.012645707902454426



REPORT for Depository of Queueing Place : P/categories_login----------------------------------------

tkOcp=0.0

------------------ Color = login --------------------
arrivCnt=277936 deptCnt=277936
arrivThrPut=0.027821421876948017 deptThrPut=0.027821421876948017
meanTkPop=0.0 tkColOcp=0.0
-----
meanST=0.0 stDevST=0.0

Steady State Statistics: numBatchesST=1389 batchSizeST=200 stDevStdStateMeanST=0.0
95% c.i. = 0.0 +/- 0.0



REPORT for Queue : Persistence----------------------------------------

totArrivThrPut=0.16666857129747176 totDeptThrPut=0.16666857129747176
meanTotTkPop=0.16204967975362783 queueUtil=0.12059971397670946
meanST=0.9722869674355097



REPORT for Queue of Queueing Place : I/icon_login----------------------------------------

queueUtilQPl=0.008882672622433304

------------------ Color = login --------------------
arrivCnt=277936 deptCnt=277936
arrivThrPut=0.027821421876948017 deptThrPut=0.027821421876948017
meanTkPop=0.008959455555990432 tkColOcp=0.008882672622433304
-----
meanST=0.32203442353224815 stDevST=0.3679252567279164

Steady State Statistics: numBatchesST=694 batchSizeST=400 stDevStdStateMeanST=0.01866454376050163
95% c.i. = 0.32205677537583244 +/- 0.0013886274122512055



REPORT for Depository of Queueing Place : I/icon_login----------------------------------------

tkOcp=0.0

------------------ Color = login --------------------
arrivCnt=277936 deptCnt=277936
arrivThrPut=0.027821421876948017 deptThrPut=0.027821421876948017
meanTkPop=0.0 tkColOcp=0.0
-----
meanST=0.0 stDevST=0.0

Steady State Statistics: numBatchesST=1389 batchSizeST=200 stDevStdStateMeanST=0.0
95% c.i. = 0.0 +/- 0.0



REPORT for Queue : ImageProvider----------------------------------------

totArrivThrPut=0.1666686713975735 totDeptThrPut=0.1666686713975735
meanTotTkPop=0.09768590146784682 queueUtil=0.08382369356875566
meanST=0.5861083588698303



REPORT for Queue of Queueing Place : A/isLoggedIn_login----------------------------------------

queueUtilQPl=0.029530517050822047

------------------ Color = login --------------------
arrivCnt=277936 deptCnt=277936
arrivThrPut=0.027821421876948017 deptThrPut=0.027821421876948017
meanTkPop=0.03138453777022513 tkColOcp=0.029530517050822047
-----
meanST=1.1280709486753226 stDevST=2.0404961876366365

Steady State Statistics: numBatchesST=694 batchSizeST=400 stDevStdStateMeanST=0.11970851099114539
95% c.i. = 1.1280459961296674 +/- 0.008906219298746557



REPORT for Depository of Queueing Place : A/isLoggedIn_login----------------------------------------

tkOcp=0.0

------------------ Color = login --------------------
arrivCnt=277936 deptCnt=277936
arrivThrPut=0.027821421876948017 deptThrPut=0.027821421876948017
meanTkPop=0.0 tkColOcp=0.0
-----
meanST=0.0 stDevST=0.0

Steady State Statistics: numBatchesST=1389 batchSizeST=200 stDevStdStateMeanST=0.0
95% c.i. = 0.0 +/- 0.0



REPORT for Queue : Auth----------------------------------------

totArrivThrPut=0.16666837109726826 totDeptThrPut=0.16666857129747176
meanTotTkPop=0.24942148296568678 queueUtil=0.1621804111035977
meanST=1.4965285573721625



REPORT for Queue of Queueing Place : A/isLoggedIn_category----------------------------------------

queueUtilQPl=0.02151966345901173

------------------ Color = category --------------------
arrivCnt=277550 deptCnt=277549
arrivThrPut=0.027782783237676738 deptThrPut=0.027782683137575
meanTkPop=0.023185824321026147 tkColOcp=0.02151966345901173
-----
meanST=0.8345407381602842 stDevST=2.01013415334989

Steady State Statistics: numBatchesST=693 batchSizeST=400 stDevStdStateMeanST=0.12293836178031503
95% c.i. = 0.8345062308896962 +/- 0.009153114503574774



REPORT for Depository of Queueing Place : A/isLoggedIn_category----------------------------------------

tkOcp=0.0

------------------ Color = category --------------------
arrivCnt=277549 deptCnt=277549
arrivThrPut=0.027782683137575 deptThrPut=0.027782683137575
meanTkPop=0.0 tkColOcp=0.0
-----
meanST=0.0 stDevST=0.0

Steady State Statistics: numBatchesST=1387 batchSizeST=200 stDevStdStateMeanST=0.0
95% c.i. = 0.0 +/- 0.0



REPORT for Queue : Auth----------------------------------------

totArrivThrPut=0.16666837109726826 totDeptThrPut=0.16666857129747176
meanTotTkPop=0.24942148296568678 queueUtil=0.1621804111035977
meanST=1.4965285573721625



REPORT for Queue of Queueing Place : I/icon_logout----------------------------------------

queueUtilQPl=0.024022581535808146

------------------ Color = logout --------------------
arrivCnt=277291 deptCnt=277291
arrivThrPut=0.02775685731132632 deptThrPut=0.02775685731132632
meanTkPop=0.024696039891009977 tkColOcp=0.024022581535808146
-----
meanST=0.8897275226087153 stDevST=0.8804258984721272

Steady State Statistics: numBatchesST=693 batchSizeST=400 stDevStdStateMeanST=0.046901922219253676
95% c.i. = 0.8896766545892276 +/- 0.0034919829603531163



REPORT for Depository of Queueing Place : I/icon_logout----------------------------------------

tkOcp=0.0

------------------ Color = logout --------------------
arrivCnt=277291 deptCnt=277291
arrivThrPut=0.02775685731132632 deptThrPut=0.02775685731132632
meanTkPop=0.0 tkColOcp=0.0
-----
meanST=0.0 stDevST=0.0

Steady State Statistics: numBatchesST=1386 batchSizeST=200 stDevStdStateMeanST=0.0
95% c.i. = 0.0 +/- 0.0



REPORT for Queue : ImageProvider----------------------------------------

totArrivThrPut=0.1666686713975735 totDeptThrPut=0.1666686713975735
meanTotTkPop=0.09768590146784682 queueUtil=0.08382369356875566
meanST=0.5861083588698303



REPORT for Queue of Queueing Place : I/icon_loginAction----------------------------------------

queueUtilQPl=0.011358657117135403

------------------ Color = loginAction --------------------
arrivCnt=277606 deptCnt=277606
arrivThrPut=0.027788388843374128 deptThrPut=0.027788388843374128
meanTkPop=0.011675012452431934 tkColOcp=0.011358657117135403
-----
meanST=0.42013995551295624 stDevST=0.5177127644949038

Steady State Statistics: numBatchesST=694 batchSizeST=400 stDevStdStateMeanST=0.02771338825113547
95% c.i. = 0.4201369857683189 +/- 0.0020618543429562473



REPORT for Depository of Queueing Place : I/icon_loginAction----------------------------------------

tkOcp=0.0

------------------ Color = loginAction --------------------
arrivCnt=277606 deptCnt=277606
arrivThrPut=0.027788388843374128 deptThrPut=0.027788388843374128
meanTkPop=0.0 tkColOcp=0.0
-----
meanST=0.0 stDevST=0.0

Steady State Statistics: numBatchesST=1388 batchSizeST=200 stDevStdStateMeanST=0.0
95% c.i. = 0.0 +/- 0.0



REPORT for Queue : ImageProvider----------------------------------------

totArrivThrPut=0.1666686713975735 totDeptThrPut=0.1666686713975735
meanTotTkPop=0.09768590146784682 queueUtil=0.08382369356875566
meanST=0.5861083588698303



REPORT for Queue of Queueing Place : A/isLoggedIn_product----------------------------------------

queueUtilQPl=0.015849483677563145

------------------ Color = product --------------------
arrivCnt=276711 deptCnt=276712
arrivThrPut=0.027698799252317666 deptThrPut=0.027698899352419405
meanTkPop=0.017335536968538127 tkColOcp=0.015849483677563145
-----
meanST=0.6258780795714395 stDevST=1.9776185674693576

Steady State Statistics: numBatchesST=691 batchSizeST=400 stDevStdStateMeanST=0.11813117860229141
95% c.i. = 0.6261028022319559 +/- 0.008807924926288473



REPORT for Depository of Queueing Place : A/isLoggedIn_product----------------------------------------

tkOcp=0.0

------------------ Color = product --------------------
arrivCnt=276712 deptCnt=276712
arrivThrPut=0.027698899352419405 deptThrPut=0.027698899352419405
meanTkPop=0.0 tkColOcp=0.0
-----
meanST=0.0 stDevST=0.0

Steady State Statistics: numBatchesST=1383 batchSizeST=200 stDevStdStateMeanST=0.0
95% c.i. = 0.0 +/- 0.0



REPORT for Queue : Auth----------------------------------------

totArrivThrPut=0.16666837109726826 totDeptThrPut=0.16666857129747176
meanTotTkPop=0.24942148296568678 queueUtil=0.1621804111035977
meanST=1.4965285573721625



REPORT for Queue of Queueing Place : P/category_logout----------------------------------------

queueUtilQPl=0.009375173661080264

------------------ Color = logout --------------------
arrivCnt=277291 deptCnt=277291
arrivThrPut=0.02775685731132632 deptThrPut=0.02775685731132632
meanTkPop=0.009849891997101377 tkColOcp=0.009375173661080264
-----
meanST=0.3548633725577455 stDevST=1.1411448808470863

Steady State Statistics: numBatchesST=693 batchSizeST=400 stDevStdStateMeanST=0.06431677567201168
95% c.i. = 0.35482243946815184 +/- 0.004788568870623409



REPORT for Depository of Queueing Place : P/category_logout----------------------------------------

tkOcp=0.0

------------------ Color = logout --------------------
arrivCnt=277291 deptCnt=277291
arrivThrPut=0.02775685731132632 deptThrPut=0.02775685731132632
meanTkPop=0.0 tkColOcp=0.0
-----
meanST=0.0 stDevST=0.0

Steady State Statistics: numBatchesST=1386 batchSizeST=200 stDevStdStateMeanST=0.0
95% c.i. = 0.0 +/- 0.0



REPORT for Queue : Persistence----------------------------------------

totArrivThrPut=0.16666857129747176 totDeptThrPut=0.16666857129747176
meanTotTkPop=0.16204967975362783 queueUtil=0.12059971397670946
meanST=0.9722869674355097



REPORT for Ordinary Place : Finish_index----------------------------------------

tkOcp=1.0

------------------ Color = index --------------------
arrivCnt=277926 deptCnt=0
arrivThrPut=0.027820420875930625 deptThrPut=0.0
meanTkPop=139161.32059172032 tkColOcp=1.0
-----
meanST=NaN stDevST=NaN

Steady State Statistics: Only 0 batches collected!
Need at least 60 for steady state statistics.



REPORT for Ordinary Place : Finish_login----------------------------------------

tkOcp=1.0

------------------ Color = login --------------------
arrivCnt=277936 deptCnt=0
arrivThrPut=0.027821421876948017 deptThrPut=0.0
meanTkPop=139334.99822057752 tkColOcp=1.0
-----
meanST=NaN stDevST=NaN

Steady State Statistics: Only 0 batches collected!
Need at least 60 for steady state statistics.



REPORT for Ordinary Place : Finish_loginAction----------------------------------------

tkOcp=1.0000000000000002

------------------ Color = loginAction --------------------
arrivCnt=277606 deptCnt=0
arrivThrPut=0.027788388843374128 deptThrPut=0.0
meanTkPop=138704.6216628152 tkColOcp=1.0000000000000002
-----
meanST=NaN stDevST=NaN

Steady State Statistics: Only 0 batches collected!
Need at least 60 for steady state statistics.



REPORT for Ordinary Place : Finish_category----------------------------------------

tkOcp=1.0000000000000002

------------------ Color = category --------------------
arrivCnt=277549 deptCnt=0
arrivThrPut=0.027782683137575 deptThrPut=0.0
meanTkPop=138913.00401382023 tkColOcp=1.0000000000000002
-----
meanST=NaN stDevST=NaN

Steady State Statistics: Only 0 batches collected!
Need at least 60 for steady state statistics.



REPORT for Ordinary Place : Finish_product----------------------------------------

tkOcp=1.0

------------------ Color = product --------------------
arrivCnt=276712 deptCnt=0
arrivThrPut=0.027698899352419405 deptThrPut=0.0
meanTkPop=138564.02573004173 tkColOcp=1.0
-----
meanST=NaN stDevST=NaN

Steady State Statistics: Only 0 batches collected!
Need at least 60 for steady state statistics.



REPORT for Ordinary Place : Finish_logout----------------------------------------

tkOcp=1.0

------------------ Color = logout --------------------
arrivCnt=277291 deptCnt=0
arrivThrPut=0.02775685731132632 deptThrPut=0.0
meanTkPop=139117.2898140805 tkColOcp=1.0
-----
meanST=NaN stDevST=NaN

Steady State Statistics: Only 0 batches collected!
Need at least 60 for steady state statistics.



REPORT REPORT for Probe : /index----------------------------------------


------------------ Color = index --------------------
-----
meanST=1.8080763628546748 stDevST=2.4984170941867307

Steady State Statistics: numBatchesST=694 batchSizeST=400 stDevStdStateMeanST=0.14343655766922844
95% c.i. = 1.8080293723679397 +/- 0.010671567355423444



REPORT REPORT for Probe : /login----------------------------------------


------------------ Color = login --------------------
-----
meanST=4.50020408048179 stDevST=3.5584492515073785

Steady State Statistics: numBatchesST=694 batchSizeST=400 stDevStdStateMeanST=0.19990522095640725
95% c.i. = 4.500260154882428 +/- 0.014872791600706163



REPORT REPORT for Probe : /loginAction----------------------------------------


------------------ Color = loginAction --------------------
-----
meanST=2.4315144298037485 stDevST=2.6427384385197463

Steady State Statistics: numBatchesST=694 batchSizeST=400 stDevStdStateMeanST=0.1490814106842799
95% c.i. = 2.4314530684107023 +/- 0.01109153999099451



REPORT REPORT for Probe : /logout----------------------------------------


------------------ Color = logout --------------------
-----
meanST=5.821816723487931 stDevST=4.49107674067197

Steady State Statistics: numBatchesST=693 batchSizeST=400 stDevStdStateMeanST=0.2721414769473392
95% c.i. = 5.8218383672478256 +/- 0.020261715412493827



REPORT REPORT for Probe : /category----------------------------------------


------------------ Color = category --------------------
-----
meanST=2.415695450906709 stDevST=2.5588118592952167

Steady State Statistics: numBatchesST=693 batchSizeST=400 stDevStdStateMeanST=0.1460248042013656
95% c.i. = 2.4157407516278555 +/- 0.010871966519332622



REPORT REPORT for Probe : /product----------------------------------------


------------------ Color = product --------------------
-----
meanST=4.646180534921946 stDevST=3.146991219892977

Steady State Statistics: numBatchesST=691 batchSizeST=400 stDevStdStateMeanST=0.1754200741950293
95% c.i. = 4.6466317802183115 +/- 0.013079416140217886



