INFO Logging to /home/yjx/workloadConfig/qpme/output/SimQPN_Output_config_2025-08-14_112502105.log
WARN Batch means correlation test was run for depository of place Workload, color 0
    However, the standard deviation of the token residence time is 0 and therefore the result of the test is ignored!
    In future runs, you should set numBMeansCorlTested to 0 to switch off the correlation test!
WARN Batch means correlation test was run for depository of place W/index, color 0
    However, the standard deviation of the token residence time is 0 and therefore the result of the test is ignored!
    In future runs, you should set numBMeansCorlTested to 0 to switch off the correlation test!
WARN Batch means correlation test was run for depository of place P/categories_index, color 0
    However, the standard deviation of the token residence time is 0 and therefore the result of the test is ignored!
    In future runs, you should set numBMeansCorlTested to 0 to switch off the correlation test!
WARN Batch means correlation test was run for depository of place A/isLoggedIn_index, color 0
    However, the standard deviation of the token residence time is 0 and therefore the result of the test is ignored!
    In future runs, you should set numBMeansCorlTested to 0 to switch off the correlation test!
WARN Batch means correlation test was run for depository of place I/icon_index, color 0
    However, the standard deviation of the token residence time is 0 and therefore the result of the test is ignored!
    In future runs, you should set numBMeansCorlTested to 0 to switch off the correlation test!
WARN Batch means correlation test was run for depository of place W/login, color 0
    However, the standard deviation of the token residence time is 0 and therefore the result of the test is ignored!
    In future runs, you should set numBMeansCorlTested to 0 to switch off the correlation test!
WARN Batch means correlation test was run for depository of place P/categories_login, color 0
    However, the standard deviation of the token residence time is 0 and therefore the result of the test is ignored!
    In future runs, you should set numBMeansCorlTested to 0 to switch off the correlation test!
WARN Batch means correlation test was run for depository of place I/icon_login, color 0
    However, the standard deviation of the token residence time is 0 and therefore the result of the test is ignored!
    In future runs, you should set numBMeansCorlTested to 0 to switch off the correlation test!
WARN Batch means correlation test was run for depository of place A/isLoggedIn_login, color 0
    However, the standard deviation of the token residence time is 0 and therefore the result of the test is ignored!
    In future runs, you should set numBMeansCorlTested to 0 to switch off the correlation test!
WARN Batch means correlation test was run for depository of place W/category, color 0
    However, the standard deviation of the token residence time is 0 and therefore the result of the test is ignored!
    In future runs, you should set numBMeansCorlTested to 0 to switch off the correlation test!
WARN Batch means correlation test was run for depository of place P/category_category, color 0
    However, the standard deviation of the token residence time is 0 and therefore the result of the test is ignored!
    In future runs, you should set numBMeansCorlTested to 0 to switch off the correlation test!
WARN Batch means correlation test was run for depository of place I/productImages_category, color 0
    However, the standard deviation of the token residence time is 0 and therefore the result of the test is ignored!
    In future runs, you should set numBMeansCorlTested to 0 to switch off the correlation test!
WARN Batch means correlation test was run for depository of place A/isLoggedIn_category, color 0
    However, the standard deviation of the token residence time is 0 and therefore the result of the test is ignored!
    In future runs, you should set numBMeansCorlTested to 0 to switch off the correlation test!
WARN Batch means correlation test was run for depository of place W/loginAction, color 0
    However, the standard deviation of the token residence time is 0 and therefore the result of the test is ignored!
    In future runs, you should set numBMeansCorlTested to 0 to switch off the correlation test!
WARN Batch means correlation test was run for depository of place A/login_loginAction, color 0
    However, the standard deviation of the token residence time is 0 and therefore the result of the test is ignored!
    In future runs, you should set numBMeansCorlTested to 0 to switch off the correlation test!
WARN Batch means correlation test was run for depository of place P/getUser_loginAction, color 0
    However, the standard deviation of the token residence time is 0 and therefore the result of the test is ignored!
    In future runs, you should set numBMeansCorlTested to 0 to switch off the correlation test!
WARN Batch means correlation test was run for depository of place I/icon_loginAction, color 0
    However, the standard deviation of the token residence time is 0 and therefore the result of the test is ignored!
    In future runs, you should set numBMeansCorlTested to 0 to switch off the correlation test!
WARN Batch means correlation test was run for depository of place W/logout, color 0
    However, the standard deviation of the token residence time is 0 and therefore the result of the test is ignored!
    In future runs, you should set numBMeansCorlTested to 0 to switch off the correlation test!
WARN Batch means correlation test was run for depository of place A/logout_logout, color 0
    However, the standard deviation of the token residence time is 0 and therefore the result of the test is ignored!
    In future runs, you should set numBMeansCorlTested to 0 to switch off the correlation test!
WARN Batch means correlation test was run for depository of place P/category_logout, color 0
    However, the standard deviation of the token residence time is 0 and therefore the result of the test is ignored!
    In future runs, you should set numBMeansCorlTested to 0 to switch off the correlation test!
WARN Batch means correlation test was run for depository of place I/icon_logout, color 0
    However, the standard deviation of the token residence time is 0 and therefore the result of the test is ignored!
    In future runs, you should set numBMeansCorlTested to 0 to switch off the correlation test!
WARN Batch means correlation test was run for depository of place W/product, color 0
    However, the standard deviation of the token residence time is 0 and therefore the result of the test is ignored!
    In future runs, you should set numBMeansCorlTested to 0 to switch off the correlation test!
WARN Batch means correlation test was run for depository of place P/getProduct_product, color 0
    However, the standard deviation of the token residence time is 0 and therefore the result of the test is ignored!
    In future runs, you should set numBMeansCorlTested to 0 to switch off the correlation test!
WARN Batch means correlation test was run for depository of place R/getAds_product, color 0
    However, the standard deviation of the token residence time is 0 and therefore the result of the test is ignored!
    In future runs, you should set numBMeansCorlTested to 0 to switch off the correlation test!
WARN Batch means correlation test was run for depository of place I/product_product, color 0
    However, the standard deviation of the token residence time is 0 and therefore the result of the test is ignored!
    In future runs, you should set numBMeansCorlTested to 0 to switch off the correlation test!
WARN Batch means correlation test was run for depository of place A/isLoggedIn_product, color 0
    However, the standard deviation of the token residence time is 0 and therefore the result of the test is ignored!
    In future runs, you should set numBMeansCorlTested to 0 to switch off the correlation test!
WARN LP-1 The simulation was stopped because of reaching max totalRunLen.
The required precision may not have been reached!
REPORT for Queue of Queueing Place : W/index----------------------------------------

queueUtilQPl=0.0042223610705234655

------------------ Color = index --------------------
arrivCnt=277661 deptCnt=277661
arrivThrPut=0.027793916829944223 deptThrPut=0.027793916829944223
meanTkPop=0.004259974153120821 tkColOcp=0.0042223610705234655
-----
meanST=0.15327001873054716 stDevST=0.2601990270556055

Steady State Statistics: numBatchesST=694 batchSizeST=400 stDevStdStateMeanST=0.013026987616599464
95% c.i. = 0.15327264701531415 +/- 9.691976581687865E-4



REPORT for Depository of Queueing Place : W/index----------------------------------------

tkOcp=0.0

------------------ Color = index --------------------
arrivCnt=277661 deptCnt=277661
arrivThrPut=0.027793916829944223 deptThrPut=0.027793916829944223
meanTkPop=0.0 tkColOcp=0.0
-----
meanST=0.0 stDevST=0.0

Steady State Statistics: numBatchesST=1388 batchSizeST=200 stDevStdStateMeanST=0.0
95% c.i. = 0.0 +/- 0.0



REPORT for Queue : WebUI----------------------------------------

totArrivThrPut=0.16673987733654705 totDeptThrPut=0.16673987733654705
meanTotTkPop=0.07155530172215521 queueUtil=0.06495739999407484
meanST=0.4291433031207543



REPORT for Queue of Queueing Place : P/categories_index----------------------------------------

queueUtilQPl=0.07578782240742415

------------------ Color = index --------------------
arrivCnt=277661 deptCnt=277661
arrivThrPut=0.027793916829944223 deptThrPut=0.027793916829944223
meanTkPop=0.08199908613585812 tkColOcp=0.07578782240742415
-----
meanST=2.950252986564135 stDevST=2.9276102917196316

Steady State Statistics: numBatchesST=694 batchSizeST=400 stDevStdStateMeanST=0.16641112767607968
95% c.i. = 2.950292436222849 +/- 0.012380857338911394



REPORT for Depository of Queueing Place : P/categories_index----------------------------------------

tkOcp=0.0

------------------ Color = index --------------------
arrivCnt=277661 deptCnt=277661
arrivThrPut=0.027793916829944223 deptThrPut=0.027793916829944223
meanTkPop=0.0 tkColOcp=0.0
-----
meanST=0.0 stDevST=0.0

Steady State Statistics: numBatchesST=1388 batchSizeST=200 stDevStdStateMeanST=0.0
95% c.i. = 0.0 +/- 0.0



REPORT for Queue : Persistence----------------------------------------

totArrivThrPut=0.16673987733654708 totDeptThrPut=0.16673987733654708
meanTotTkPop=0.1675134763506547 queueUtil=0.1249127891838223
meanST=1.004639556094588



REPORT for Queue of Queueing Place : A/isLoggedIn_index----------------------------------------

queueUtilQPl=0.013976128317632907

------------------ Color = index --------------------
arrivCnt=277661 deptCnt=277661
arrivThrPut=0.027793916829944223 deptThrPut=0.027793916829944223
meanTkPop=0.014149761698362873 tkColOcp=0.013976128317632907
-----
meanST=0.5090956335854901 stDevST=0.5218364650950286

Steady State Statistics: numBatchesST=694 batchSizeST=400 stDevStdStateMeanST=0.027726354453773704
95% c.i. = 0.5090867310504611 +/- 0.0020628190182597154



REPORT for Depository of Queueing Place : A/isLoggedIn_index----------------------------------------

tkOcp=0.0

------------------ Color = index --------------------
arrivCnt=277661 deptCnt=277661
arrivThrPut=0.027793916829944223 deptThrPut=0.027793916829944223
meanTkPop=0.0 tkColOcp=0.0
-----
meanST=0.0 stDevST=0.0

Steady State Statistics: numBatchesST=1388 batchSizeST=200 stDevStdStateMeanST=0.0
95% c.i. = 0.0 +/- 0.0



REPORT for Queue : Auth----------------------------------------

totArrivThrPut=0.16673987733654705 totDeptThrPut=0.16673987733654705
meanTotTkPop=0.07909759227546562 queueUtil=0.07071387249121626
meanST=0.47437717682744474



REPORT for Queue of Queueing Place : W/login----------------------------------------

queueUtilQPl=0.003945168284464685

------------------ Color = login --------------------
arrivCnt=277520 deptCnt=277520
arrivThrPut=0.027779802704182874 deptThrPut=0.027779802704182874
meanTkPop=0.003977132522958384 tkColOcp=0.003945168284464685
-----
meanST=0.14316633438003276 stDevST=0.2570386749945637

Steady State Statistics: numBatchesST=693 batchSizeST=400 stDevStdStateMeanST=0.013379199094843072
95% c.i. = 0.14316399106163072 +/- 9.961198401200041E-4



REPORT for Depository of Queueing Place : W/login----------------------------------------

tkOcp=0.0

------------------ Color = login --------------------
arrivCnt=277520 deptCnt=277520
arrivThrPut=0.027779802704182874 deptThrPut=0.027779802704182874
meanTkPop=0.0 tkColOcp=0.0
-----
meanST=0.0 stDevST=0.0

Steady State Statistics: numBatchesST=1387 batchSizeST=200 stDevStdStateMeanST=0.0
95% c.i. = 0.0 +/- 0.0



REPORT for Queue : WebUI----------------------------------------

totArrivThrPut=0.16673987733654705 totDeptThrPut=0.16673987733654705
meanTotTkPop=0.07155530172215521 queueUtil=0.06495739999407484
meanST=0.4291433031207543



REPORT for Queue of Queueing Place : W/loginAction----------------------------------------

queueUtilQPl=0.009338896587459225

------------------ Color = loginAction --------------------
arrivCnt=277125 deptCnt=277125
arrivThrPut=0.027740263132014553 deptThrPut=0.027740263132014553
meanTkPop=0.009435275853712888 tkColOcp=0.009338896587459225
-----
meanST=0.34012928460018105 stDevST=0.3819251809156478

Steady State Statistics: numBatchesST=692 batchSizeST=400 stDevStdStateMeanST=0.019557022419660126
95% c.i. = 0.34013673838453373 +/- 0.0014571282475816156



REPORT for Depository of Queueing Place : W/loginAction----------------------------------------

tkOcp=0.0

------------------ Color = loginAction --------------------
arrivCnt=277125 deptCnt=277125
arrivThrPut=0.027740263132014553 deptThrPut=0.027740263132014553
meanTkPop=0.0 tkColOcp=0.0
-----
meanST=0.0 stDevST=0.0

Steady State Statistics: numBatchesST=1385 batchSizeST=200 stDevStdStateMeanST=0.0
95% c.i. = 0.0 +/- 0.0



REPORT for Queue : WebUI----------------------------------------

totArrivThrPut=0.16673987733654705 totDeptThrPut=0.16673987733654705
meanTotTkPop=0.07155530172215521 queueUtil=0.06495739999407484
meanST=0.4291433031207543



REPORT for Queue of Queueing Place : A/login_loginAction----------------------------------------

queueUtilQPl=0.013194312260253185

------------------ Color = loginAction --------------------
arrivCnt=277125 deptCnt=277125
arrivThrPut=0.027740263132014553 deptThrPut=0.027740263132014553
meanTkPop=0.013386867166894191 tkColOcp=0.013194312260253185
-----
meanST=0.4825789540346732 stDevST=0.5102484272084726

Steady State Statistics: numBatchesST=692 batchSizeST=400 stDevStdStateMeanST=0.02646689818957471
95% c.i. = 0.482613418258994 +/- 0.001971959951282106



REPORT for Depository of Queueing Place : A/login_loginAction----------------------------------------

tkOcp=0.0

------------------ Color = loginAction --------------------
arrivCnt=277125 deptCnt=277125
arrivThrPut=0.027740263132014553 deptThrPut=0.027740263132014553
meanTkPop=0.0 tkColOcp=0.0
-----
meanST=0.0 stDevST=0.0

Steady State Statistics: numBatchesST=1385 batchSizeST=200 stDevStdStateMeanST=0.0
95% c.i. = 0.0 +/- 0.0



REPORT for Queue : Auth----------------------------------------

totArrivThrPut=0.16673987733654705 totDeptThrPut=0.16673987733654705
meanTotTkPop=0.07909759227546562 queueUtil=0.07071387249121626
meanST=0.47437717682744474



REPORT for Queue of Queueing Place : W/logout----------------------------------------

queueUtilQPl=0.02203670392077448

------------------ Color = logout --------------------
arrivCnt=278135 deptCnt=278135
arrivThrPut=0.027841364316546206 deptThrPut=0.027841364316546206
meanTkPop=0.022520060011027 tkColOcp=0.02203670392077448
-----
meanST=0.8088705623396214 stDevST=0.801868272244307

Steady State Statistics: numBatchesST=695 batchSizeST=400 stDevStdStateMeanST=0.04116959293431809
95% c.i. = 0.8088999665370223 +/- 0.003060781034273837



REPORT for Depository of Queueing Place : W/logout----------------------------------------

tkOcp=0.0

------------------ Color = logout --------------------
arrivCnt=278135 deptCnt=278135
arrivThrPut=0.027841364316546206 deptThrPut=0.027841364316546206
meanTkPop=0.0 tkColOcp=0.0
-----
meanST=0.0 stDevST=0.0

Steady State Statistics: numBatchesST=1390 batchSizeST=200 stDevStdStateMeanST=0.0
95% c.i. = 0.0 +/- 0.0



REPORT for Queue : WebUI----------------------------------------

totArrivThrPut=0.16673987733654705 totDeptThrPut=0.16673987733654705
meanTotTkPop=0.07155530172215521 queueUtil=0.06495739999407484
meanST=0.4291433031207543



REPORT for Queue of Queueing Place : A/logout_logout----------------------------------------

queueUtilQPl=0.0064907113982489205

------------------ Color = logout --------------------
arrivCnt=278135 deptCnt=278135
arrivThrPut=0.027841364316546206 deptThrPut=0.027841364316546206
meanTkPop=0.006542861484123502 tkColOcp=0.0064907113982489205
-----
meanST=0.23500505972816355 stDevST=0.3160532057602267

Steady State Statistics: numBatchesST=695 batchSizeST=400 stDevStdStateMeanST=0.01609218037281591
95% c.i. = 0.23500239455957128 +/- 0.0011963839565722546



REPORT for Depository of Queueing Place : A/logout_logout----------------------------------------

tkOcp=0.0

------------------ Color = logout --------------------
arrivCnt=278135 deptCnt=278135
arrivThrPut=0.027841364316546206 deptThrPut=0.027841364316546206
meanTkPop=0.0 tkColOcp=0.0
-----
meanST=0.0 stDevST=0.0

Steady State Statistics: numBatchesST=1390 batchSizeST=200 stDevStdStateMeanST=0.0
95% c.i. = 0.0 +/- 0.0



REPORT for Queue : Auth----------------------------------------

totArrivThrPut=0.16673987733654705 totDeptThrPut=0.16673987733654705
meanTotTkPop=0.07909759227546562 queueUtil=0.07071387249121626
meanST=0.47437717682744474



REPORT for Queue of Queueing Place : P/getUser_loginAction----------------------------------------

queueUtilQPl=0.0097097020544787

------------------ Color = loginAction --------------------
arrivCnt=277125 deptCnt=277125
arrivThrPut=0.027740263132014553 deptThrPut=0.027740263132014553
meanTkPop=0.010246915870152456 tkColOcp=0.0097097020544787
-----
meanST=0.36938783966784616 stDevST=1.17340348557797

Steady State Statistics: numBatchesST=692 batchSizeST=400 stDevStdStateMeanST=0.06635143985091654
95% c.i. = 0.3692398033001015 +/- 0.004943623584400596



REPORT for Depository of Queueing Place : P/getUser_loginAction----------------------------------------

tkOcp=0.0

------------------ Color = loginAction --------------------
arrivCnt=277125 deptCnt=277125
arrivThrPut=0.027740263132014553 deptThrPut=0.027740263132014553
meanTkPop=0.0 tkColOcp=0.0
-----
meanST=0.0 stDevST=0.0

Steady State Statistics: numBatchesST=1385 batchSizeST=200 stDevStdStateMeanST=0.0
95% c.i. = 0.0 +/- 0.0



REPORT for Queue : Persistence----------------------------------------

totArrivThrPut=0.16673987733654708 totDeptThrPut=0.16673987733654708
meanTotTkPop=0.1675134763506547 queueUtil=0.1249127891838223
meanST=1.004639556094588



REPORT for Queue of Queueing Place : W/category----------------------------------------

queueUtilQPl=0.010441559807442177

------------------ Color = category --------------------
arrivCnt=277792 deptCnt=277792
arrivThrPut=0.02780702995387853 deptThrPut=0.02780702995387853
meanTkPop=0.01056441588338164 tkColOcp=0.010441559807442177
-----
meanST=0.37991888745054964 stDevST=0.41380783946303007

Steady State Statistics: numBatchesST=694 batchSizeST=400 stDevStdStateMeanST=0.021682667054478962
95% c.i. = 0.3799049905014126 +/- 0.0016131734174120724



REPORT for Depository of Queueing Place : W/category----------------------------------------

tkOcp=0.0

------------------ Color = category --------------------
arrivCnt=277792 deptCnt=277792
arrivThrPut=0.02780702995387853 deptThrPut=0.02780702995387853
meanTkPop=0.0 tkColOcp=0.0
-----
meanST=0.0 stDevST=0.0

Steady State Statistics: numBatchesST=1388 batchSizeST=200 stDevStdStateMeanST=0.0
95% c.i. = 0.0 +/- 0.0



REPORT for Queue : WebUI----------------------------------------

totArrivThrPut=0.16673987733654705 totDeptThrPut=0.16673987733654705
meanTotTkPop=0.07155530172215521 queueUtil=0.06495739999407484
meanST=0.4291433031207543



REPORT for Queue of Queueing Place : W/product----------------------------------------

queueUtilQPl=0.020368026433491376

------------------ Color = product --------------------
arrivCnt=277497 deptCnt=277497
arrivThrPut=0.027777500399980667 deptThrPut=0.027777500399980667
meanTkPop=0.020798443297954473 tkColOcp=0.020368026433491376
-----
meanST=0.7487514354592161 stDevST=0.7493996272918564

Steady State Statistics: numBatchesST=693 batchSizeST=400 stDevStdStateMeanST=0.03987407700538875
95% c.i. = 0.748879002184749 +/- 0.0029687396779116736



REPORT for Depository of Queueing Place : W/product----------------------------------------

tkOcp=0.0

------------------ Color = product --------------------
arrivCnt=277497 deptCnt=277497
arrivThrPut=0.027777500399980667 deptThrPut=0.027777500399980667
meanTkPop=0.0 tkColOcp=0.0
-----
meanST=0.0 stDevST=0.0

Steady State Statistics: numBatchesST=1387 batchSizeST=200 stDevStdStateMeanST=0.0
95% c.i. = 0.0 +/- 0.0



REPORT for Queue : WebUI----------------------------------------

totArrivThrPut=0.16673987733654705 totDeptThrPut=0.16673987733654705
meanTotTkPop=0.07155530172215521 queueUtil=0.06495739999407484
meanST=0.4291433031207543



REPORT for Queue of Queueing Place : P/category_category----------------------------------------

queueUtilQPl=0.017324031264108867

------------------ Color = category --------------------
arrivCnt=277792 deptCnt=277792
arrivThrPut=0.02780702995387853 deptThrPut=0.02780702995387853
meanTkPop=0.01798928548598471 tkColOcp=0.017324031264108867
-----
meanST=0.646933006359263 stDevST=1.1941013759613837

Steady State Statistics: numBatchesST=347 batchSizeST=800 stDevStdStateMeanST=0.04862793596179249
95% c.i. = 0.6469760672264269 +/- 0.005116455364430074



REPORT for Depository of Queueing Place : P/category_category----------------------------------------

tkOcp=0.0

------------------ Color = category --------------------
arrivCnt=277792 deptCnt=277792
arrivThrPut=0.02780702995387853 deptThrPut=0.02780702995387853
meanTkPop=0.0 tkColOcp=0.0
-----
meanST=0.0 stDevST=0.0

Steady State Statistics: numBatchesST=1388 batchSizeST=200 stDevStdStateMeanST=0.0
95% c.i. = 0.0 +/- 0.0



REPORT for Queue : Persistence----------------------------------------

totArrivThrPut=0.16673987733654708 totDeptThrPut=0.16673987733654708
meanTotTkPop=0.1675134763506547 queueUtil=0.1249127891838223
meanST=1.004639556094588



REPORT for Queue of Queueing Place : P/getProduct_product----------------------------------------

queueUtilQPl=0.0085367891773017

------------------ Color = product --------------------
arrivCnt=277497 deptCnt=277497
arrivThrPut=0.027777500399980667 deptThrPut=0.027777500399980667
meanTkPop=0.008986378719799707 tkColOcp=0.0085367891773017
-----
meanST=0.32351286438307325 stDevST=1.0653813835134218

Steady State Statistics: numBatchesST=693 batchSizeST=400 stDevStdStateMeanST=0.060249559236290405
95% c.i. = 0.3234124473322384 +/- 0.004485752913034011



REPORT for Depository of Queueing Place : P/getProduct_product----------------------------------------

tkOcp=0.0

------------------ Color = product --------------------
arrivCnt=277497 deptCnt=277497
arrivThrPut=0.027777500399980667 deptThrPut=0.027777500399980667
meanTkPop=0.0 tkColOcp=0.0
-----
meanST=0.0 stDevST=0.0

Steady State Statistics: numBatchesST=1387 batchSizeST=200 stDevStdStateMeanST=0.0
95% c.i. = 0.0 +/- 0.0



REPORT for Queue : Persistence----------------------------------------

totArrivThrPut=0.16673987733654708 totDeptThrPut=0.16673987733654708
meanTotTkPop=0.1675134763506547 queueUtil=0.1249127891838223
meanST=1.004639556094588



REPORT for Queue of Queueing Place : R/getAds_product----------------------------------------

queueUtilQPl=0.0029275120245064127

------------------ Color = product --------------------
arrivCnt=277497 deptCnt=277497
arrivThrPut=0.027777500399980667 deptThrPut=0.027777500399980667
meanTkPop=0.0029418716049835194 tkColOcp=0.0029275120245064127
-----
meanST=0.10590843533875233 stDevST=0.10557596339657167

Steady State Statistics: numBatchesST=693 batchSizeST=400 stDevStdStateMeanST=0.005208146995269537
95% c.i. = 0.1059103823951082 +/- 3.8776151812024606E-4



REPORT for Depository of Queueing Place : R/getAds_product----------------------------------------

tkOcp=0.0

------------------ Color = product --------------------
arrivCnt=277497 deptCnt=277497
arrivThrPut=0.027777500399980667 deptThrPut=0.027777500399980667
meanTkPop=0.0 tkColOcp=0.0
-----
meanST=0.0 stDevST=0.0

Steady State Statistics: numBatchesST=1387 batchSizeST=200 stDevStdStateMeanST=0.0
95% c.i. = 0.0 +/- 0.0



REPORT for Queue : Recommender----------------------------------------

totArrivThrPut=0.027777500399980667 totDeptThrPut=0.027777500399980667
meanTotTkPop=0.0029418716049835194 queueUtil=0.0029275120245064127
meanST=0.10590843533875233



REPORT for Queue of Queueing Place : I/productImages_category----------------------------------------

queueUtilQPl=0.013896564360405294

------------------ Color = category --------------------
arrivCnt=277792 deptCnt=277792
arrivThrPut=0.02780702995387853 deptThrPut=0.02780702995387853
meanTkPop=0.014152127074049102 tkColOcp=0.013896564360405294
-----
meanST=0.5089406203223499 stDevST=0.509572099525857

Steady State Statistics: numBatchesST=694 batchSizeST=400 stDevStdStateMeanST=0.026184022304080106
95% c.i. = 0.5089080288025251 +/- 0.0019480707163808753



REPORT for Depository of Queueing Place : I/productImages_category----------------------------------------

tkOcp=0.0

------------------ Color = category --------------------
arrivCnt=277792 deptCnt=277792
arrivThrPut=0.02780702995387853 deptThrPut=0.02780702995387853
meanTkPop=0.0 tkColOcp=0.0
-----
meanST=0.0 stDevST=0.0

Steady State Statistics: numBatchesST=1388 batchSizeST=200 stDevStdStateMeanST=0.0
95% c.i. = 0.0 +/- 0.0



REPORT for Queue : ImageProvider----------------------------------------

totArrivThrPut=0.16673987733654705 totDeptThrPut=0.16673987733654705
meanTotTkPop=0.05226388382527623 queueUtil=0.047079695860624576
meanST=0.3134456175698573



REPORT for Queue of Queueing Place : I/product_product----------------------------------------

queueUtilQPl=0.009718364378049994

------------------ Color = product --------------------
arrivCnt=277497 deptCnt=277497
arrivThrPut=0.027777500399980667 deptThrPut=0.027777500399980667
meanTkPop=0.009870424973718652 tkColOcp=0.009718364378049994
-----
meanST=0.3553388473257126 stDevST=0.3697447739095614

Steady State Statistics: numBatchesST=693 batchSizeST=400 stDevStdStateMeanST=0.0192847890036499
95% c.i. = 0.3553131173429087 +/- 0.0014358079884219759



REPORT for Depository of Queueing Place : I/product_product----------------------------------------

tkOcp=0.0

------------------ Color = product --------------------
arrivCnt=277497 deptCnt=277497
arrivThrPut=0.027777500399980667 deptThrPut=0.027777500399980667
meanTkPop=0.0 tkColOcp=0.0
-----
meanST=0.0 stDevST=0.0

Steady State Statistics: numBatchesST=1387 batchSizeST=200 stDevStdStateMeanST=0.0
95% c.i. = 0.0 +/- 0.0



REPORT for Queue : ImageProvider----------------------------------------

totArrivThrPut=0.16673987733654705 totDeptThrPut=0.16673987733654705
meanTotTkPop=0.05226388382527623 queueUtil=0.047079695860624576
meanST=0.3134456175698573



REPORT for Queue of Queueing Place : Workload----------------------------------------

queueUtilQPl=1.0

------------------ Color = workload --------------------
arrivCnt=1665730 deptCnt=1665730
arrivThrPut=0.16673987733654705 deptThrPut=0.16673987733654705
meanTkPop=1.0 tkColOcp=1.0
-----
meanST=5.997365573093258 stDevST=6.000927402837514

Steady State Statistics: numBatchesST=4164 batchSizeST=400 stDevStdStateMeanST=0.30247325889547544
95% c.i. = 5.997377722839509 +/- 0.009187126918362919



REPORT for Depository of Queueing Place : Workload----------------------------------------

tkOcp=0.0

------------------ Color = workload --------------------
arrivCnt=1665730 deptCnt=1665730
arrivThrPut=0.16673987733654705 deptThrPut=0.16673987733654705
meanTkPop=0.0 tkColOcp=0.0
-----
meanST=0.0 stDevST=0.0

Steady State Statistics: numBatchesST=8328 batchSizeST=200 stDevStdStateMeanST=0.0
95% c.i. = 0.0 +/- 0.0



REPORT for Queue : Workload----------------------------------------

totArrivThrPut=0.16673987733654705 totDeptThrPut=0.16673987733654705
meanTotTkPop=1.0 queueUtil=1.0
meanST=5.997365573093258



REPORT for Queue of Queueing Place : I/icon_index----------------------------------------

queueUtilQPl=0.015182833300922217

------------------ Color = index --------------------
arrivCnt=277661 deptCnt=277661
arrivThrPut=0.027793916829944223 deptThrPut=0.027793916829944223
meanTkPop=0.015392025411990015 tkColOcp=0.015182833300922217
-----
meanST=0.553791158913132 stDevST=0.548481334134539

Steady State Statistics: numBatchesST=694 batchSizeST=400 stDevStdStateMeanST=0.027422274480199644
95% c.i. = 0.5537811239385658 +/- 0.0020401957067960217



REPORT for Depository of Queueing Place : I/icon_index----------------------------------------

tkOcp=0.0

------------------ Color = index --------------------
arrivCnt=277661 deptCnt=277661
arrivThrPut=0.027793916829944223 deptThrPut=0.027793916829944223
meanTkPop=0.0 tkColOcp=0.0
-----
meanST=0.0 stDevST=0.0

Steady State Statistics: numBatchesST=1388 batchSizeST=200 stDevStdStateMeanST=0.0
95% c.i. = 0.0 +/- 0.0



REPORT for Queue : ImageProvider----------------------------------------

totArrivThrPut=0.16673987733654705 totDeptThrPut=0.16673987733654705
meanTotTkPop=0.05226388382527623 queueUtil=0.047079695860624576
meanST=0.3134456175698573



REPORT for Queue of Queueing Place : P/categories_login----------------------------------------

queueUtilQPl=0.018018866518663027

------------------ Color = login --------------------
arrivCnt=277520 deptCnt=277520
arrivThrPut=0.027779802704182874 deptThrPut=0.027779802704182874
meanTkPop=0.018753752926383146 tkColOcp=0.018018866518663027
-----
meanST=0.6750858933767497 stDevST=1.2245421910506356

Steady State Statistics: numBatchesST=693 batchSizeST=400 stDevStdStateMeanST=0.07002024426340045
95% c.i. = 0.6750003179079033 +/- 0.0052132085057099



REPORT for Depository of Queueing Place : P/categories_login----------------------------------------

tkOcp=0.0

------------------ Color = login --------------------
arrivCnt=277520 deptCnt=277520
arrivThrPut=0.027779802704182874 deptThrPut=0.027779802704182874
meanTkPop=0.0 tkColOcp=0.0
-----
meanST=0.0 stDevST=0.0

Steady State Statistics: numBatchesST=1387 batchSizeST=200 stDevStdStateMeanST=0.0
95% c.i. = 0.0 +/- 0.0



REPORT for Queue : Persistence----------------------------------------

totArrivThrPut=0.16673987733654708 totDeptThrPut=0.16673987733654708
meanTotTkPop=0.1675134763506547 queueUtil=0.1249127891838223
meanST=1.004639556094588



REPORT for Queue of Queueing Place : I/icon_login----------------------------------------

queueUtilQPl=0.0038667072549928554

------------------ Color = login --------------------
arrivCnt=277520 deptCnt=277520
arrivThrPut=0.027779802704182874 deptThrPut=0.027779802704182874
meanTkPop=0.003913078020234485 tkColOcp=0.0038667072549928554
-----
meanST=0.14086054036824683 stDevST=0.20925843213529038

Steady State Statistics: numBatchesST=346 batchSizeST=800 stDevStdStateMeanST=0.007650889742847916
95% c.i. = 0.14084739997680465 +/- 8.061613726095626E-4



REPORT for Depository of Queueing Place : I/icon_login----------------------------------------

tkOcp=0.0

------------------ Color = login --------------------
arrivCnt=277520 deptCnt=277520
arrivThrPut=0.027779802704182874 deptThrPut=0.027779802704182874
meanTkPop=0.0 tkColOcp=0.0
-----
meanST=0.0 stDevST=0.0

Steady State Statistics: numBatchesST=1387 batchSizeST=200 stDevStdStateMeanST=0.0
95% c.i. = 0.0 +/- 0.0



REPORT for Queue : ImageProvider----------------------------------------

totArrivThrPut=0.16673987733654705 totDeptThrPut=0.16673987733654705
meanTotTkPop=0.05226388382527623 queueUtil=0.047079695860624576
meanST=0.3134456175698573



REPORT for Queue of Queueing Place : A/isLoggedIn_login----------------------------------------

queueUtilQPl=0.004611753100774964

------------------ Color = login --------------------
arrivCnt=277520 deptCnt=277520
arrivThrPut=0.027779802704182874 deptThrPut=0.027779802704182874
meanTkPop=0.004695974079357943 tkColOcp=0.004611753100774964
-----
meanST=0.16904274408870654 stDevST=0.3324959781867841

Steady State Statistics: numBatchesST=693 batchSizeST=400 stDevStdStateMeanST=0.01794200785619614
95% c.i. = 0.16904864258858052 +/- 0.0013358340712662506



REPORT for Depository of Queueing Place : A/isLoggedIn_login----------------------------------------

tkOcp=0.0

------------------ Color = login --------------------
arrivCnt=277520 deptCnt=277520
arrivThrPut=0.027779802704182874 deptThrPut=0.027779802704182874
meanTkPop=0.0 tkColOcp=0.0
-----
meanST=0.0 stDevST=0.0

Steady State Statistics: numBatchesST=1387 batchSizeST=200 stDevStdStateMeanST=0.0
95% c.i. = 0.0 +/- 0.0



REPORT for Queue : Auth----------------------------------------

totArrivThrPut=0.16673987733654705 totDeptThrPut=0.16673987733654705
meanTotTkPop=0.07909759227546562 queueUtil=0.07071387249121626
meanST=0.47437717682744474



REPORT for Queue of Queueing Place : A/isLoggedIn_category----------------------------------------

queueUtilQPl=0.013183796431505313

------------------ Color = category --------------------
arrivCnt=277792 deptCnt=277792
arrivThrPut=0.02780702995387853 deptThrPut=0.02780702995387853
meanTkPop=0.013403230052413811 tkColOcp=0.013183796431505313
-----
meanST=0.48200868897702354 stDevST=0.5080648011653917

Steady State Statistics: numBatchesST=694 batchSizeST=400 stDevStdStateMeanST=0.026343651014217984
95% c.i. = 0.4819829558157532 +/- 0.0019599469671761857



REPORT for Depository of Queueing Place : A/isLoggedIn_category----------------------------------------

tkOcp=0.0

------------------ Color = category --------------------
arrivCnt=277792 deptCnt=277792
arrivThrPut=0.02780702995387853 deptThrPut=0.02780702995387853
meanTkPop=0.0 tkColOcp=0.0
-----
meanST=0.0 stDevST=0.0

Steady State Statistics: numBatchesST=1388 batchSizeST=200 stDevStdStateMeanST=0.0
95% c.i. = 0.0 +/- 0.0



REPORT for Queue : Auth----------------------------------------

totArrivThrPut=0.16673987733654705 totDeptThrPut=0.16673987733654705
meanTotTkPop=0.07909759227546562 queueUtil=0.07071387249121626
meanST=0.47437717682744474



REPORT for Queue of Queueing Place : I/icon_logout----------------------------------------

queueUtilQPl=0.00510042783377087

------------------ Color = logout --------------------
arrivCnt=278135 deptCnt=278135
arrivThrPut=0.027841364316546206 deptThrPut=0.027841364316546206
meanTkPop=0.005142920657266983 tkColOcp=0.00510042783377087
-----
meanST=0.1847222930167445 stDevST=0.22276287726107336

Steady State Statistics: numBatchesST=695 batchSizeST=400 stDevStdStateMeanST=0.011938012518464746
95% c.i. = 0.18471389904996405 +/- 8.875395576957933E-4



REPORT for Depository of Queueing Place : I/icon_logout----------------------------------------

tkOcp=0.0

------------------ Color = logout --------------------
arrivCnt=278135 deptCnt=278135
arrivThrPut=0.027841364316546206 deptThrPut=0.027841364316546206
meanTkPop=0.0 tkColOcp=0.0
-----
meanST=0.0 stDevST=0.0

Steady State Statistics: numBatchesST=1390 batchSizeST=200 stDevStdStateMeanST=0.0
95% c.i. = 0.0 +/- 0.0



REPORT for Queue : ImageProvider----------------------------------------

totArrivThrPut=0.16673987733654705 totDeptThrPut=0.16673987733654705
meanTotTkPop=0.05226388382527623 queueUtil=0.047079695860624576
meanST=0.3134456175698573



REPORT for Queue of Queueing Place : I/icon_loginAction----------------------------------------

queueUtilQPl=0.0037381534130047954

------------------ Color = loginAction --------------------
arrivCnt=277125 deptCnt=277125
arrivThrPut=0.027740263132014553 deptThrPut=0.027740263132014553
meanTkPop=0.003793307688017 tkColOcp=0.0037381534130047954
-----
meanST=0.13674375293286997 stDevST=0.20942179867832741

Steady State Statistics: numBatchesST=346 batchSizeST=800 stDevStdStateMeanST=0.007476830944756851
95% c.i. = 0.1367525672370063 +/- 7.878210900672564E-4



REPORT for Depository of Queueing Place : I/icon_loginAction----------------------------------------

tkOcp=0.0

------------------ Color = loginAction --------------------
arrivCnt=277125 deptCnt=277125
arrivThrPut=0.027740263132014553 deptThrPut=0.027740263132014553
meanTkPop=0.0 tkColOcp=0.0
-----
meanST=0.0 stDevST=0.0

Steady State Statistics: numBatchesST=1385 batchSizeST=200 stDevStdStateMeanST=0.0
95% c.i. = 0.0 +/- 0.0



REPORT for Queue : ImageProvider----------------------------------------

totArrivThrPut=0.16673987733654705 totDeptThrPut=0.16673987733654705
meanTotTkPop=0.05226388382527623 queueUtil=0.047079695860624576
meanST=0.3134456175698573



REPORT for Queue of Queueing Place : A/isLoggedIn_product----------------------------------------

queueUtilQPl=0.026128945650975524

------------------ Color = product --------------------
arrivCnt=277497 deptCnt=277497
arrivThrPut=0.027777500399980667 deptThrPut=0.027777500399980667
meanTkPop=0.0269188977943133 tkColOcp=0.026128945650975524
-----
meanST=0.9690899975410326 stDevST=0.954586286465945

Steady State Statistics: numBatchesST=693 batchSizeST=400 stDevStdStateMeanST=0.050939412215646046
95% c.i. = 0.9690404289268126 +/- 0.0037925856990658293



REPORT for Depository of Queueing Place : A/isLoggedIn_product----------------------------------------

tkOcp=0.0

------------------ Color = product --------------------
arrivCnt=277497 deptCnt=277497
arrivThrPut=0.027777500399980667 deptThrPut=0.027777500399980667
meanTkPop=0.0 tkColOcp=0.0
-----
meanST=0.0 stDevST=0.0

Steady State Statistics: numBatchesST=1387 batchSizeST=200 stDevStdStateMeanST=0.0
95% c.i. = 0.0 +/- 0.0



REPORT for Queue : Auth----------------------------------------

totArrivThrPut=0.16673987733654705 totDeptThrPut=0.16673987733654705
meanTotTkPop=0.07909759227546562 queueUtil=0.07071387249121626
meanST=0.47437717682744474



REPORT for Queue of Queueing Place : P/category_logout----------------------------------------

queueUtilQPl=0.028450595510357737

------------------ Color = logout --------------------
arrivCnt=278135 deptCnt=278135
arrivThrPut=0.027841364316546206 deptThrPut=0.027841364316546206
meanTkPop=0.029538057212476546 tkColOcp=0.028450595510357737
-----
meanST=1.0609414422597814 stDevST=1.4016372818224487

Steady State Statistics: numBatchesST=347 batchSizeST=800 stDevStdStateMeanST=0.05465714701947664
95% c.i. = 1.0609837528185075 +/- 0.005750827123157546



REPORT for Depository of Queueing Place : P/category_logout----------------------------------------

tkOcp=0.0

------------------ Color = logout --------------------
arrivCnt=278135 deptCnt=278135
arrivThrPut=0.027841364316546206 deptThrPut=0.027841364316546206
meanTkPop=0.0 tkColOcp=0.0
-----
meanST=0.0 stDevST=0.0

Steady State Statistics: numBatchesST=1390 batchSizeST=200 stDevStdStateMeanST=0.0
95% c.i. = 0.0 +/- 0.0



REPORT for Queue : Persistence----------------------------------------

totArrivThrPut=0.16673987733654708 totDeptThrPut=0.16673987733654708
meanTotTkPop=0.1675134763506547 queueUtil=0.1249127891838223
meanST=1.004639556094588



REPORT for Ordinary Place : Finish_index----------------------------------------

tkOcp=1.0

------------------ Color = index --------------------
arrivCnt=277661 deptCnt=0
arrivThrPut=0.027793916829944223 deptThrPut=0.0
meanTkPop=139162.42846459363 tkColOcp=1.0
-----
meanST=NaN stDevST=NaN

Steady State Statistics: Only 0 batches collected!
Need at least 60 for steady state statistics.



REPORT for Ordinary Place : Finish_login----------------------------------------

tkOcp=1.0

------------------ Color = login --------------------
arrivCnt=277520 deptCnt=0
arrivThrPut=0.027779802704182874 deptThrPut=0.0
meanTkPop=139173.69665512734 tkColOcp=1.0
-----
meanST=NaN stDevST=NaN

Steady State Statistics: Only 0 batches collected!
Need at least 60 for steady state statistics.



REPORT for Ordinary Place : Finish_loginAction----------------------------------------

tkOcp=1.0

------------------ Color = loginAction --------------------
arrivCnt=277125 deptCnt=0
arrivThrPut=0.027740263132014553 deptThrPut=0.0
meanTkPop=138889.19867612456 tkColOcp=1.0
-----
meanST=NaN stDevST=NaN

Steady State Statistics: Only 0 batches collected!
Need at least 60 for steady state statistics.



REPORT for Ordinary Place : Finish_category----------------------------------------

tkOcp=1.0000000000000002

------------------ Color = category --------------------
arrivCnt=277792 deptCnt=0
arrivThrPut=0.02780702995387853 deptThrPut=0.0
meanTkPop=139107.91043090879 tkColOcp=1.0000000000000002
-----
meanST=NaN stDevST=NaN

Steady State Statistics: Only 0 batches collected!
Need at least 60 for steady state statistics.



REPORT for Ordinary Place : Finish_product----------------------------------------

tkOcp=1.0

------------------ Color = product --------------------
arrivCnt=277497 deptCnt=0
arrivThrPut=0.027777500399980667 deptThrPut=0.0
meanTkPop=138973.33706573318 tkColOcp=1.0
-----
meanST=NaN stDevST=NaN

Steady State Statistics: Only 0 batches collected!
Need at least 60 for steady state statistics.



REPORT for Ordinary Place : Finish_logout----------------------------------------

tkOcp=1.0

------------------ Color = logout --------------------
arrivCnt=278135 deptCnt=0
arrivThrPut=0.027841364316546206 deptThrPut=0.0
meanTkPop=139433.3330386468 tkColOcp=1.0
-----
meanST=NaN stDevST=NaN

Steady State Statistics: Only 0 batches collected!
Need at least 60 for steady state statistics.



REPORT REPORT for Probe : /index----------------------------------------


------------------ Color = index --------------------
-----
meanST=4.166409797793304 stDevST=3.0418543932143653

Steady State Statistics: numBatchesST=694 batchSizeST=400 stDevStdStateMeanST=0.17092265403302861
95% c.i. = 4.166432938227191 +/- 0.01271651136028699



REPORT REPORT for Probe : /login----------------------------------------


------------------ Color = login --------------------
-----
meanST=1.128155512213736 stDevST=1.3818879457242839

Steady State Statistics: numBatchesST=693 batchSizeST=400 stDevStdStateMeanST=0.07780718416378431
95% c.i. = 1.128069006775856 +/- 0.005792968570091051



REPORT REPORT for Probe : /loginAction----------------------------------------


------------------ Color = loginAction --------------------
-----
meanST=1.3288398312355705 stDevST=1.38570784097436

Steady State Statistics: numBatchesST=692 batchSizeST=400 stDevStdStateMeanST=0.07751532997319294
95% c.i. = 1.3287425271806377 +/- 0.005775407651576043



REPORT REPORT for Probe : /logout----------------------------------------


------------------ Color = logout --------------------
-----
meanST=2.289539357344311 stDevST=1.6743991875540853

Steady State Statistics: numBatchesST=695 batchSizeST=400 stDevStdStateMeanST=0.09126089984497078
95% c.i. = 2.289568446550664 +/- 0.006784852885523857



REPORT REPORT for Probe : /category----------------------------------------


------------------ Color = category --------------------
-----
meanST=2.017801203109186 stDevST=1.4909541313554224

Steady State Statistics: numBatchesST=694 batchSizeST=400 stDevStdStateMeanST=0.0851461196461934
95% c.i. = 2.0177720423461145 +/- 0.006334804499091991



REPORT REPORT for Probe : /product----------------------------------------


------------------ Color = product --------------------
-----
meanST=2.5026015800477865 stDevST=1.6867058475976449

Steady State Statistics: numBatchesST=693 batchSizeST=400 stDevStdStateMeanST=0.09253076896480097
95% c.i. = 2.502555378181817 +/- 0.006889181791376855



