INFO Logging to /home/yjx/workloadConfig/qpme/output/SimQPN_Output_config_2025-08-14_041654824.log
WARN Batch means correlation test was run for depository of place Workload, color 0
    However, the standard deviation of the token residence time is 0 and therefore the result of the test is ignored!
    In future runs, you should set numBMeansCorlTested to 0 to switch off the correlation test!
WARN Batch means correlation test was run for depository of place W/logout, color 0
    However, the standard deviation of the token residence time is 0 and therefore the result of the test is ignored!
    In future runs, you should set numBMeansCorlTested to 0 to switch off the correlation test!
WARN Batch means correlation test was run for depository of place A/logout_logout, color 0
    However, the standard deviation of the token residence time is 0 and therefore the result of the test is ignored!
    In future runs, you should set numBMeansCorlTested to 0 to switch off the correlation test!
WARN Batch means correlation test was run for depository of place P/category_logout, color 0
    However, the standard deviation of the token residence time is 0 and therefore the result of the test is ignored!
    In future runs, you should set numBMeansCorlTested to 0 to switch off the correlation test!
WARN Batch means correlation test was run for depository of place I/icon_logout, color 0
    However, the standard deviation of the token residence time is 0 and therefore the result of the test is ignored!
    In future runs, you should set numBMeansCorlTested to 0 to switch off the correlation test!
WARN Batch means correlation test was run for depository of place W/index, color 0
    However, the standard deviation of the token residence time is 0 and therefore the result of the test is ignored!
    In future runs, you should set numBMeansCorlTested to 0 to switch off the correlation test!
WARN Batch means correlation test was run for depository of place P/categories_index, color 0
    However, the standard deviation of the token residence time is 0 and therefore the result of the test is ignored!
    In future runs, you should set numBMeansCorlTested to 0 to switch off the correlation test!
WARN Batch means correlation test was run for depository of place A/isLoggedIn_index, color 0
    However, the standard deviation of the token residence time is 0 and therefore the result of the test is ignored!
    In future runs, you should set numBMeansCorlTested to 0 to switch off the correlation test!
WARN Batch means correlation test was run for depository of place I/icon_index, color 0
    However, the standard deviation of the token residence time is 0 and therefore the result of the test is ignored!
    In future runs, you should set numBMeansCorlTested to 0 to switch off the correlation test!
WARN Batch means correlation test was run for depository of place W/product, color 0
    However, the standard deviation of the token residence time is 0 and therefore the result of the test is ignored!
    In future runs, you should set numBMeansCorlTested to 0 to switch off the correlation test!
WARN Batch means correlation test was run for depository of place P/getProduct_product, color 0
    However, the standard deviation of the token residence time is 0 and therefore the result of the test is ignored!
    In future runs, you should set numBMeansCorlTested to 0 to switch off the correlation test!
WARN Batch means correlation test was run for depository of place R/getAds_product, color 0
    However, the standard deviation of the token residence time is 0 and therefore the result of the test is ignored!
    In future runs, you should set numBMeansCorlTested to 0 to switch off the correlation test!
WARN Batch means correlation test was run for depository of place I/product_product, color 0
    However, the standard deviation of the token residence time is 0 and therefore the result of the test is ignored!
    In future runs, you should set numBMeansCorlTested to 0 to switch off the correlation test!
WARN Batch means correlation test was run for depository of place A/isLoggedIn_product, color 0
    However, the standard deviation of the token residence time is 0 and therefore the result of the test is ignored!
    In future runs, you should set numBMeansCorlTested to 0 to switch off the correlation test!
WARN Batch means correlation test was run for depository of place W/loginAction, color 0
    However, the standard deviation of the token residence time is 0 and therefore the result of the test is ignored!
    In future runs, you should set numBMeansCorlTested to 0 to switch off the correlation test!
WARN Batch means correlation test was run for depository of place A/login_loginAction, color 0
    However, the standard deviation of the token residence time is 0 and therefore the result of the test is ignored!
    In future runs, you should set numBMeansCorlTested to 0 to switch off the correlation test!
WARN Batch means correlation test was run for depository of place P/getUser_loginAction, color 0
    However, the standard deviation of the token residence time is 0 and therefore the result of the test is ignored!
    In future runs, you should set numBMeansCorlTested to 0 to switch off the correlation test!
WARN Batch means correlation test was run for depository of place I/icon_loginAction, color 0
    However, the standard deviation of the token residence time is 0 and therefore the result of the test is ignored!
    In future runs, you should set numBMeansCorlTested to 0 to switch off the correlation test!
WARN Batch means correlation test was run for depository of place W/category, color 0
    However, the standard deviation of the token residence time is 0 and therefore the result of the test is ignored!
    In future runs, you should set numBMeansCorlTested to 0 to switch off the correlation test!
WARN Batch means correlation test was run for depository of place P/category_category, color 0
    However, the standard deviation of the token residence time is 0 and therefore the result of the test is ignored!
    In future runs, you should set numBMeansCorlTested to 0 to switch off the correlation test!
WARN Batch means correlation test was run for depository of place I/productImages_category, color 0
    However, the standard deviation of the token residence time is 0 and therefore the result of the test is ignored!
    In future runs, you should set numBMeansCorlTested to 0 to switch off the correlation test!
WARN Batch means correlation test was run for depository of place A/isLoggedIn_category, color 0
    However, the standard deviation of the token residence time is 0 and therefore the result of the test is ignored!
    In future runs, you should set numBMeansCorlTested to 0 to switch off the correlation test!
WARN Batch means correlation test was run for depository of place W/login, color 0
    However, the standard deviation of the token residence time is 0 and therefore the result of the test is ignored!
    In future runs, you should set numBMeansCorlTested to 0 to switch off the correlation test!
WARN Batch means correlation test was run for depository of place P/categories_login, color 0
    However, the standard deviation of the token residence time is 0 and therefore the result of the test is ignored!
    In future runs, you should set numBMeansCorlTested to 0 to switch off the correlation test!
WARN Batch means correlation test was run for depository of place I/icon_login, color 0
    However, the standard deviation of the token residence time is 0 and therefore the result of the test is ignored!
    In future runs, you should set numBMeansCorlTested to 0 to switch off the correlation test!
WARN Batch means correlation test was run for depository of place A/isLoggedIn_login, color 0
    However, the standard deviation of the token residence time is 0 and therefore the result of the test is ignored!
    In future runs, you should set numBMeansCorlTested to 0 to switch off the correlation test!
WARN LP-1 The simulation was stopped because of reaching max totalRunLen.
The required precision may not have been reached!
REPORT for Queue of Queueing Place : W/index----------------------------------------

queueUtilQPl=0.035290228564451125

------------------ Color = index --------------------
arrivCnt=278139 deptCnt=278139
arrivThrPut=0.027841757850325864 deptThrPut=0.027841757850325864
meanTkPop=0.03660549509199911 tkColOcp=0.035290228564451125
-----
meanST=1.3147695374978157 stDevST=1.3118625749743187

Steady State Statistics: numBatchesST=695 batchSizeST=400 stDevStdStateMeanST=0.06993550055019662
95% c.i. = 1.314789722511865 +/- 0.005199401753813692



REPORT for Depository of Queueing Place : W/index----------------------------------------

tkOcp=0.0

------------------ Color = index --------------------
arrivCnt=278139 deptCnt=278139
arrivThrPut=0.027841757850325864 deptThrPut=0.027841757850325864
meanTkPop=0.0 tkColOcp=0.0
-----
meanST=0.0 stDevST=0.0

Steady State Statistics: numBatchesST=1390 batchSizeST=200 stDevStdStateMeanST=0.0
95% c.i. = 0.0 +/- 0.0



REPORT for Queue : WebUI----------------------------------------

totArrivThrPut=0.16673733370752408 totDeptThrPut=0.16673733370752408
meanTotTkPop=0.06587696106636354 queueUtil=0.05710610324619597
meanST=0.39509424555102385



REPORT for Queue of Queueing Place : P/categories_index----------------------------------------

queueUtilQPl=0.006663653365154339

------------------ Color = index --------------------
arrivCnt=278139 deptCnt=278139
arrivThrPut=0.027841757850325864 deptThrPut=0.027841757850325864
meanTkPop=0.006707857479630305 tkColOcp=0.006663653365154339
-----
meanST=0.24092794412231394 stDevST=0.26477238255292435

Steady State Statistics: numBatchesST=695 batchSizeST=400 stDevStdStateMeanST=0.013559755292128387
95% c.i. = 0.24093318269904654 +/- 0.0010081091132903691



REPORT for Depository of Queueing Place : P/categories_index----------------------------------------

tkOcp=0.0

------------------ Color = index --------------------
arrivCnt=278139 deptCnt=278139
arrivThrPut=0.027841757850325864 deptThrPut=0.027841757850325864
meanTkPop=0.0 tkColOcp=0.0
-----
meanST=0.0 stDevST=0.0

Steady State Statistics: numBatchesST=1390 batchSizeST=200 stDevStdStateMeanST=0.0
95% c.i. = 0.0 +/- 0.0



REPORT for Queue : Persistence----------------------------------------

totArrivThrPut=0.16673733370752408 totDeptThrPut=0.16673733370752408
meanTotTkPop=0.05495618116447074 queueUtil=0.05026240981022622
meanST=0.32959733697595295



REPORT for Queue of Queueing Place : A/isLoggedIn_index----------------------------------------

queueUtilQPl=0.005999092316921502

------------------ Color = index --------------------
arrivCnt=278139 deptCnt=278139
arrivThrPut=0.027841757850325864 deptThrPut=0.027841757850325864
meanTkPop=0.006034984001455723 tkColOcp=0.005999092316921502
-----
meanST=0.21676016413543692 stDevST=0.23622272166440952

Steady State Statistics: numBatchesST=695 batchSizeST=400 stDevStdStateMeanST=0.012125612217887863
95% c.i. = 0.21676490286093536 +/- 9.014867833325838E-4



REPORT for Depository of Queueing Place : A/isLoggedIn_index----------------------------------------

tkOcp=0.0

------------------ Color = index --------------------
arrivCnt=278139 deptCnt=278139
arrivThrPut=0.027841757850325864 deptThrPut=0.027841757850325864
meanTkPop=0.0 tkColOcp=0.0
-----
meanST=0.0 stDevST=0.0

Steady State Statistics: numBatchesST=1390 batchSizeST=200 stDevStdStateMeanST=0.0
95% c.i. = 0.0 +/- 0.0



REPORT for Queue : Auth----------------------------------------

totArrivThrPut=0.1667372336073661 totDeptThrPut=0.1667372336073661
meanTotTkPop=0.056307542917374914 queueUtil=0.05266941066155534
meanST=0.337702273806271



REPORT for Queue of Queueing Place : W/login----------------------------------------

queueUtilQPl=0.005276857912997397

------------------ Color = login --------------------
arrivCnt=276921 deptCnt=276921
arrivThrPut=0.02771983585786275 deptThrPut=0.02771983585786275
meanTkPop=0.005342530472141872 tkColOcp=0.005276857912997397
-----
meanST=0.19273312077085983 stDevST=0.3745361027367929

Steady State Statistics: numBatchesST=692 batchSizeST=400 stDevStdStateMeanST=0.020308597004569218
95% c.i. = 0.19274075972793953 +/- 0.001513125553016749



REPORT for Depository of Queueing Place : W/login----------------------------------------

tkOcp=0.0

------------------ Color = login --------------------
arrivCnt=276921 deptCnt=276921
arrivThrPut=0.02771983585786275 deptThrPut=0.02771983585786275
meanTkPop=0.0 tkColOcp=0.0
-----
meanST=0.0 stDevST=0.0

Steady State Statistics: numBatchesST=1384 batchSizeST=200 stDevStdStateMeanST=0.0
95% c.i. = 0.0 +/- 0.0



REPORT for Queue : WebUI----------------------------------------

totArrivThrPut=0.16673733370752408 totDeptThrPut=0.16673733370752408
meanTotTkPop=0.06587696106636354 queueUtil=0.05710610324619597
meanST=0.39509424555102385



REPORT for Queue of Queueing Place : W/loginAction----------------------------------------

queueUtilQPl=0.010824419860537109

------------------ Color = loginAction --------------------
arrivCnt=277979 deptCnt=277979
arrivThrPut=0.02782574182504335 deptThrPut=0.02782574182504335
meanTkPop=0.010973761319286852 tkColOcp=0.010824419860537109
-----
meanST=0.3943744389021246 stDevST=0.4966976057623498

Steady State Statistics: numBatchesST=694 batchSizeST=400 stDevStdStateMeanST=0.02600346140824566
95% c.i. = 0.39435394031423127 +/- 0.001934637127392381



REPORT for Depository of Queueing Place : W/loginAction----------------------------------------

tkOcp=0.0

------------------ Color = loginAction --------------------
arrivCnt=277979 deptCnt=277979
arrivThrPut=0.02782574182504335 deptThrPut=0.02782574182504335
meanTkPop=0.0 tkColOcp=0.0
-----
meanST=0.0 stDevST=0.0

Steady State Statistics: numBatchesST=1389 batchSizeST=200 stDevStdStateMeanST=0.0
95% c.i. = 0.0 +/- 0.0



REPORT for Queue : WebUI----------------------------------------

totArrivThrPut=0.16673733370752408 totDeptThrPut=0.16673733370752408
meanTotTkPop=0.06587696106636354 queueUtil=0.05710610324619597
meanST=0.39509424555102385



REPORT for Queue of Queueing Place : A/login_loginAction----------------------------------------

queueUtilQPl=0.01098433966998713

------------------ Color = loginAction --------------------
arrivCnt=277979 deptCnt=277979
arrivThrPut=0.02782574182504335 deptThrPut=0.02782574182504335
meanTkPop=0.011110783556046418 tkColOcp=0.01098433966998713
-----
meanST=0.3992987366125362 stDevST=0.39897888277920296

Steady State Statistics: numBatchesST=347 batchSizeST=800 stDevStdStateMeanST=0.013880580556718787
95% c.i. = 0.39929809192326904 +/- 0.0014604644315281718



REPORT for Depository of Queueing Place : A/login_loginAction----------------------------------------

tkOcp=0.0

------------------ Color = loginAction --------------------
arrivCnt=277979 deptCnt=277979
arrivThrPut=0.02782574182504335 deptThrPut=0.02782574182504335
meanTkPop=0.0 tkColOcp=0.0
-----
meanST=0.0 stDevST=0.0

Steady State Statistics: numBatchesST=1389 batchSizeST=200 stDevStdStateMeanST=0.0
95% c.i. = 0.0 +/- 0.0



REPORT for Queue : Auth----------------------------------------

totArrivThrPut=0.1667372336073661 totDeptThrPut=0.1667372336073661
meanTotTkPop=0.056307542917374914 queueUtil=0.05266941066155534
meanST=0.337702273806271



REPORT for Queue of Queueing Place : W/logout----------------------------------------

queueUtilQPl=0.0042258340913659525

------------------ Color = logout --------------------
arrivCnt=276572 deptCnt=276572
arrivThrPut=0.027684900902715276 deptThrPut=0.027684900902715276
meanTkPop=0.004287156778299362 tkColOcp=0.0042258340913659525
-----
meanST=0.15485541354706048 stDevST=0.36975782776093835

Steady State Statistics: numBatchesST=691 batchSizeST=400 stDevStdStateMeanST=0.02028804637239676
95% c.i. = 0.15485517754032427 +/- 0.001512687771877218



REPORT for Depository of Queueing Place : W/logout----------------------------------------

tkOcp=0.0

------------------ Color = logout --------------------
arrivCnt=276572 deptCnt=276572
arrivThrPut=0.027684900902715276 deptThrPut=0.027684900902715276
meanTkPop=0.0 tkColOcp=0.0
-----
meanST=0.0 stDevST=0.0

Steady State Statistics: numBatchesST=1382 batchSizeST=200 stDevStdStateMeanST=0.0
95% c.i. = 0.0 +/- 0.0



REPORT for Queue : WebUI----------------------------------------

totArrivThrPut=0.16673733370752408 totDeptThrPut=0.16673733370752408
meanTotTkPop=0.06587696106636354 queueUtil=0.05710610324619597
meanST=0.39509424555102385



REPORT for Queue of Queueing Place : A/logout_logout----------------------------------------

queueUtilQPl=0.012525621852513059

------------------ Color = logout --------------------
arrivCnt=276572 deptCnt=276572
arrivThrPut=0.027684900902715276 deptThrPut=0.027684900902715276
meanTkPop=0.012693402070380326 tkColOcp=0.012525621852513059
-----
meanST=0.4584954851377266 stDevST=0.4548996442272083

Steady State Statistics: numBatchesST=691 batchSizeST=400 stDevStdStateMeanST=0.023899676933878903
95% c.i. = 0.458501121673303 +/- 0.0017819729108507383



REPORT for Depository of Queueing Place : A/logout_logout----------------------------------------

tkOcp=0.0

------------------ Color = logout --------------------
arrivCnt=276572 deptCnt=276572
arrivThrPut=0.027684900902715276 deptThrPut=0.027684900902715276
meanTkPop=0.0 tkColOcp=0.0
-----
meanST=0.0 stDevST=0.0

Steady State Statistics: numBatchesST=1382 batchSizeST=200 stDevStdStateMeanST=0.0
95% c.i. = 0.0 +/- 0.0



REPORT for Queue : Auth----------------------------------------

totArrivThrPut=0.1667372336073661 totDeptThrPut=0.1667372336073661
meanTotTkPop=0.056307542917374914 queueUtil=0.05266941066155534
meanST=0.337702273806271



REPORT for Queue of Queueing Place : P/getUser_loginAction----------------------------------------

queueUtilQPl=0.00404524978903176

------------------ Color = loginAction --------------------
arrivCnt=277979 deptCnt=277979
arrivThrPut=0.02782574182504335 deptThrPut=0.02782574182504335
meanTkPop=0.004072872666705379 tkColOcp=0.00404524978903176
-----
meanST=0.1463706769190163 stDevST=0.2290739784728121

Steady State Statistics: numBatchesST=694 batchSizeST=400 stDevStdStateMeanST=0.01195339654659067
95% c.i. = 0.14637560289919044 +/- 8.893233248610941E-4



REPORT for Depository of Queueing Place : P/getUser_loginAction----------------------------------------

tkOcp=0.0

------------------ Color = loginAction --------------------
arrivCnt=277979 deptCnt=277979
arrivThrPut=0.02782574182504335 deptThrPut=0.02782574182504335
meanTkPop=0.0 tkColOcp=0.0
-----
meanST=0.0 stDevST=0.0

Steady State Statistics: numBatchesST=1389 batchSizeST=200 stDevStdStateMeanST=0.0
95% c.i. = 0.0 +/- 0.0



REPORT for Queue : Persistence----------------------------------------

totArrivThrPut=0.16673733370752408 totDeptThrPut=0.16673733370752408
meanTotTkPop=0.05495618116447074 queueUtil=0.05026240981022622
meanST=0.32959733697595295



REPORT for Queue of Queueing Place : W/category----------------------------------------

queueUtilQPl=0.004251249501205151

------------------ Color = category --------------------
arrivCnt=277956 deptCnt=277956
arrivThrPut=0.02782343952140899 deptThrPut=0.02782343952140899
meanTkPop=0.0043068609639791335 tkColOcp=0.004251249501205151
-----
meanST=0.154792543196005 stDevST=0.36522223897182876

Steady State Statistics: numBatchesST=694 batchSizeST=400 stDevStdStateMeanST=0.019574557848046008
95% c.i. = 0.1547770104897807 +/- 0.0014563317464001658



REPORT for Depository of Queueing Place : W/category----------------------------------------

tkOcp=0.0

------------------ Color = category --------------------
arrivCnt=277956 deptCnt=277956
arrivThrPut=0.02782343952140899 deptThrPut=0.02782343952140899
meanTkPop=0.0 tkColOcp=0.0
-----
meanST=0.0 stDevST=0.0

Steady State Statistics: numBatchesST=1389 batchSizeST=200 stDevStdStateMeanST=0.0
95% c.i. = 0.0 +/- 0.0



REPORT for Queue : WebUI----------------------------------------

totArrivThrPut=0.16673733370752408 totDeptThrPut=0.16673733370752408
meanTotTkPop=0.06587696106636354 queueUtil=0.05710610324619597
meanST=0.39509424555102385



REPORT for Queue of Queueing Place : W/product----------------------------------------

queueUtilQPl=0.004302504235739775

------------------ Color = product --------------------
arrivCnt=278138 deptCnt=278138
arrivThrPut=0.027841657750167847 deptThrPut=0.027841657750167847
meanTkPop=0.004361156440657197 tkColOcp=0.004302504235739775
-----
meanST=0.15664140690871414 stDevST=0.37550473172564164

Steady State Statistics: numBatchesST=695 batchSizeST=400 stDevStdStateMeanST=0.019181370426881093
95% c.i. = 0.15664539535203728 +/- 0.001426051865697203



REPORT for Depository of Queueing Place : W/product----------------------------------------

tkOcp=0.0

------------------ Color = product --------------------
arrivCnt=278138 deptCnt=278138
arrivThrPut=0.027841657750167847 deptThrPut=0.027841657750167847
meanTkPop=0.0 tkColOcp=0.0
-----
meanST=0.0 stDevST=0.0

Steady State Statistics: numBatchesST=1390 batchSizeST=200 stDevStdStateMeanST=0.0
95% c.i. = 0.0 +/- 0.0



REPORT for Queue : WebUI----------------------------------------

totArrivThrPut=0.16673733370752408 totDeptThrPut=0.16673733370752408
meanTotTkPop=0.06587696106636354 queueUtil=0.05710610324619597
meanST=0.39509424555102385



REPORT for Queue of Queueing Place : P/category_category----------------------------------------

queueUtilQPl=0.011979513301645902

------------------ Color = category --------------------
arrivCnt=277956 deptCnt=277956
arrivThrPut=0.02782343952140899 deptThrPut=0.02782343952140899
meanTkPop=0.01214815745848654 tkColOcp=0.011979513301645902
-----
meanST=0.43661594926605074 stDevST=0.451556751315711

Steady State Statistics: numBatchesST=694 batchSizeST=400 stDevStdStateMeanST=0.023463942241171928
95% c.i. = 0.436618982789587 +/- 0.0017456988937775478



REPORT for Depository of Queueing Place : P/category_category----------------------------------------

tkOcp=0.0

------------------ Color = category --------------------
arrivCnt=277956 deptCnt=277956
arrivThrPut=0.02782343952140899 deptThrPut=0.02782343952140899
meanTkPop=0.0 tkColOcp=0.0
-----
meanST=0.0 stDevST=0.0

Steady State Statistics: numBatchesST=1389 batchSizeST=200 stDevStdStateMeanST=0.0
95% c.i. = 0.0 +/- 0.0



REPORT for Queue : Persistence----------------------------------------

totArrivThrPut=0.16673733370752408 totDeptThrPut=0.16673733370752408
meanTotTkPop=0.05495618116447074 queueUtil=0.05026240981022622
meanST=0.32959733697595295



REPORT for Queue of Queueing Place : P/getProduct_product----------------------------------------

queueUtilQPl=0.0037110640151063116

------------------ Color = product --------------------
arrivCnt=278138 deptCnt=278138
arrivThrPut=0.027841657750167847 deptThrPut=0.027841657750167847
meanTkPop=0.0037410089463897392 tkColOcp=0.0037110640151063116
-----
meanST=0.13436732036429067 stDevST=0.22708568793717468

Steady State Statistics: numBatchesST=695 batchSizeST=400 stDevStdStateMeanST=0.011728706238069543
95% c.i. = 0.1343730634661806 +/- 8.719785417195092E-4



REPORT for Depository of Queueing Place : P/getProduct_product----------------------------------------

tkOcp=0.0

------------------ Color = product --------------------
arrivCnt=278138 deptCnt=278138
arrivThrPut=0.027841657750167847 deptThrPut=0.027841657750167847
meanTkPop=0.0 tkColOcp=0.0
-----
meanST=0.0 stDevST=0.0

Steady State Statistics: numBatchesST=1390 batchSizeST=200 stDevStdStateMeanST=0.0
95% c.i. = 0.0 +/- 0.0



REPORT for Queue : Persistence----------------------------------------

totArrivThrPut=0.16673733370752408 totDeptThrPut=0.16673733370752408
meanTotTkPop=0.05495618116447074 queueUtil=0.05026240981022622
meanST=0.32959733697595295



REPORT for Queue of Queueing Place : R/getAds_product----------------------------------------

queueUtilQPl=0.04804083048445392

------------------ Color = product --------------------
arrivCnt=278138 deptCnt=278138
arrivThrPut=0.027841657750167847 deptThrPut=0.027841657750167847
meanTkPop=0.05050861153469751 tkColOcp=0.04804083048445392
-----
meanST=1.8141380799924895 stDevST=1.8123596943420022

Steady State Statistics: numBatchesST=695 batchSizeST=400 stDevStdStateMeanST=0.0960418275256431
95% c.i. = 1.8142360067572914 +/- 0.007140294164590733



REPORT for Depository of Queueing Place : R/getAds_product----------------------------------------

tkOcp=0.0

------------------ Color = product --------------------
arrivCnt=278138 deptCnt=278137
arrivThrPut=0.027841657750167847 deptThrPut=0.02784155765000983
meanTkPop=0.0 tkColOcp=0.0
-----
meanST=0.0 stDevST=0.0

Steady State Statistics: numBatchesST=1390 batchSizeST=200 stDevStdStateMeanST=0.0
95% c.i. = 0.0 +/- 0.0



REPORT for Queue : Recommender----------------------------------------

totArrivThrPut=0.027841657750167847 totDeptThrPut=0.027841657750167847
meanTotTkPop=0.05050861153469751 queueUtil=0.04804083048445392
meanST=1.8141380799924895



REPORT for Queue of Queueing Place : I/productImages_category----------------------------------------

queueUtilQPl=0.0037404150145713276

------------------ Color = category --------------------
arrivCnt=277956 deptCnt=277956
arrivThrPut=0.02782343952140899 deptThrPut=0.02782343952140899
meanTkPop=0.003764418318776542 tkColOcp=0.0037404150145713276
-----
meanST=0.1352966557524269 stDevST=0.1659449351950166

Steady State Statistics: numBatchesST=694 batchSizeST=400 stDevStdStateMeanST=0.007984220584695324
95% c.i. = 0.1352824640244754 +/- 5.940197473688635E-4



REPORT for Depository of Queueing Place : I/productImages_category----------------------------------------

tkOcp=0.0

------------------ Color = category --------------------
arrivCnt=277956 deptCnt=277956
arrivThrPut=0.02782343952140899 deptThrPut=0.02782343952140899
meanTkPop=0.0 tkColOcp=0.0
-----
meanST=0.0 stDevST=0.0

Steady State Statistics: numBatchesST=1389 batchSizeST=200 stDevStdStateMeanST=0.0
95% c.i. = 0.0 +/- 0.0



REPORT for Queue : ImageProvider----------------------------------------

totArrivThrPut=0.16673723360736606 totDeptThrPut=0.16673723360736606
meanTotTkPop=0.038374056337089284 queueUtil=0.035734687198012136
meanST=0.23014689344944256



REPORT for Queue of Queueing Place : I/product_product----------------------------------------

queueUtilQPl=0.0041557073954507995

------------------ Color = product --------------------
arrivCnt=278137 deptCnt=278137
arrivThrPut=0.02784155765000983 deptThrPut=0.02784155765000983
meanTkPop=0.004174866783766074 tkColOcp=0.0041557073954507995
-----
meanST=0.14995090562990107 stDevST=0.1684319215800113

Steady State Statistics: numBatchesST=695 batchSizeST=400 stDevStdStateMeanST=0.008525290532302332
95% c.i. = 0.14995440979281746 +/- 6.338184498101714E-4



REPORT for Depository of Queueing Place : I/product_product----------------------------------------

tkOcp=0.0

------------------ Color = product --------------------
arrivCnt=278137 deptCnt=278137
arrivThrPut=0.02784155765000983 deptThrPut=0.02784155765000983
meanTkPop=0.0 tkColOcp=0.0
-----
meanST=0.0 stDevST=0.0

Steady State Statistics: numBatchesST=1390 batchSizeST=200 stDevStdStateMeanST=0.0
95% c.i. = 0.0 +/- 0.0



REPORT for Queue : ImageProvider----------------------------------------

totArrivThrPut=0.16673723360736606 totDeptThrPut=0.16673723360736606
meanTotTkPop=0.038374056337089284 queueUtil=0.035734687198012136
meanST=0.23014689344944256



REPORT for Queue of Queueing Place : Workload----------------------------------------

queueUtilQPl=1.0

------------------ Color = workload --------------------
arrivCnt=1665705 deptCnt=1665704
arrivThrPut=0.16673733370752408 deptThrPut=0.16673723360736606
meanTkPop=1.0 tkColOcp=1.0
-----
meanST=5.997459007516794 stDevST=5.999145163655529

Steady State Statistics: numBatchesST=4164 batchSizeST=400 stDevStdStateMeanST=0.3009745097067903
95% c.i. = 5.99745743513272 +/- 0.009141604880925545



REPORT for Depository of Queueing Place : Workload----------------------------------------

tkOcp=0.0

------------------ Color = workload --------------------
arrivCnt=1665704 deptCnt=1665705
arrivThrPut=0.16673723360736606 deptThrPut=0.16673733370752408
meanTkPop=0.0 tkColOcp=0.0
-----
meanST=0.0 stDevST=0.0

Steady State Statistics: numBatchesST=8328 batchSizeST=200 stDevStdStateMeanST=0.0
95% c.i. = 0.0 +/- 0.0



REPORT for Queue : Workload----------------------------------------

totArrivThrPut=0.16673733370752408 totDeptThrPut=0.16673723360736606
meanTotTkPop=1.0 queueUtil=1.0
meanST=5.997459007516794



REPORT for Queue of Queueing Place : I/icon_index----------------------------------------

queueUtilQPl=0.011542818570896965

------------------ Color = index --------------------
arrivCnt=278139 deptCnt=278139
arrivThrPut=0.027841757850325864 deptThrPut=0.027841757850325864
meanTkPop=0.011668389975764219 tkColOcp=0.011542818570896965
-----
meanST=0.41909674089158316 stDevST=0.41819823411367185

Steady State Statistics: numBatchesST=695 batchSizeST=400 stDevStdStateMeanST=0.021948406844908862
95% c.i. = 0.41906804362759265 +/- 0.001631769046407644



REPORT for Depository of Queueing Place : I/icon_index----------------------------------------

tkOcp=0.0

------------------ Color = index --------------------
arrivCnt=278139 deptCnt=278139
arrivThrPut=0.027841757850325864 deptThrPut=0.027841757850325864
meanTkPop=0.0 tkColOcp=0.0
-----
meanST=0.0 stDevST=0.0

Steady State Statistics: numBatchesST=1390 batchSizeST=200 stDevStdStateMeanST=0.0
95% c.i. = 0.0 +/- 0.0



REPORT for Queue : ImageProvider----------------------------------------

totArrivThrPut=0.16673723360736606 totDeptThrPut=0.16673723360736606
meanTotTkPop=0.038374056337089284 queueUtil=0.035734687198012136
meanST=0.23014689344944256



REPORT for Queue of Queueing Place : P/categories_login----------------------------------------

queueUtilQPl=0.022492759567165878

------------------ Color = login --------------------
arrivCnt=276921 deptCnt=276921
arrivThrPut=0.02771983585786275 deptThrPut=0.02771983585786275
meanTkPop=0.023024728050610597 tkColOcp=0.022492759567165878
-----
meanST=0.830622813521445 stDevST=0.8261690837105702

Steady State Statistics: numBatchesST=692 batchSizeST=400 stDevStdStateMeanST=0.041978637544642525
95% c.i. = 0.8306195630979738 +/- 0.0031276877046373915



REPORT for Depository of Queueing Place : P/categories_login----------------------------------------

tkOcp=0.0

------------------ Color = login --------------------
arrivCnt=276921 deptCnt=276921
arrivThrPut=0.02771983585786275 deptThrPut=0.02771983585786275
meanTkPop=0.0 tkColOcp=0.0
-----
meanST=0.0 stDevST=0.0

Steady State Statistics: numBatchesST=1384 batchSizeST=200 stDevStdStateMeanST=0.0
95% c.i. = 0.0 +/- 0.0



REPORT for Queue : Persistence----------------------------------------

totArrivThrPut=0.16673733370752408 totDeptThrPut=0.16673733370752408
meanTotTkPop=0.05495618116447074 queueUtil=0.05026240981022622
meanST=0.32959733697595295



REPORT for Queue of Queueing Place : I/icon_login----------------------------------------

queueUtilQPl=0.01163433390222208

------------------ Color = login --------------------
arrivCnt=276921 deptCnt=276921
arrivThrPut=0.02771983585786275 deptThrPut=0.02771983585786275
meanTkPop=0.011766935445730549 tkColOcp=0.01163433390222208
-----
meanST=0.4244951343170688 stDevST=0.4207538075278171

Steady State Statistics: numBatchesST=346 batchSizeST=800 stDevStdStateMeanST=0.015354345860849446
95% c.i. = 0.4244827788199924 +/- 0.001617861575678231



REPORT for Depository of Queueing Place : I/icon_login----------------------------------------

tkOcp=0.0

------------------ Color = login --------------------
arrivCnt=276921 deptCnt=276921
arrivThrPut=0.02771983585786275 deptThrPut=0.02771983585786275
meanTkPop=0.0 tkColOcp=0.0
-----
meanST=0.0 stDevST=0.0

Steady State Statistics: numBatchesST=1384 batchSizeST=200 stDevStdStateMeanST=0.0
95% c.i. = 0.0 +/- 0.0



REPORT for Queue : ImageProvider----------------------------------------

totArrivThrPut=0.16673723360736606 totDeptThrPut=0.16673723360736606
meanTotTkPop=0.038374056337089284 queueUtil=0.035734687198012136
meanST=0.23014689344944256



REPORT for Queue of Queueing Place : A/isLoggedIn_login----------------------------------------

queueUtilQPl=0.009255180612114937

------------------ Color = login --------------------
arrivCnt=276921 deptCnt=276921
arrivThrPut=0.02771983585786275 deptThrPut=0.02771983585786275
meanTkPop=0.009338416907621824 tkColOcp=0.009255180612114937
-----
meanST=0.3368857216725897 stDevST=0.34069058925314016

Steady State Statistics: numBatchesST=692 batchSizeST=400 stDevStdStateMeanST=0.017108017951326084
95% c.i. = 0.336872508488818 +/- 0.001274661125916111



REPORT for Depository of Queueing Place : A/isLoggedIn_login----------------------------------------

tkOcp=0.0

------------------ Color = login --------------------
arrivCnt=276921 deptCnt=276921
arrivThrPut=0.02771983585786275 deptThrPut=0.02771983585786275
meanTkPop=0.0 tkColOcp=0.0
-----
meanST=0.0 stDevST=0.0

Steady State Statistics: numBatchesST=1384 batchSizeST=200 stDevStdStateMeanST=0.0
95% c.i. = 0.0 +/- 0.0



REPORT for Queue : Auth----------------------------------------

totArrivThrPut=0.1667372336073661 totDeptThrPut=0.1667372336073661
meanTotTkPop=0.056307542917374914 queueUtil=0.05266941066155534
meanST=0.337702273806271



REPORT for Queue of Queueing Place : A/isLoggedIn_category----------------------------------------

queueUtilQPl=0.004129306718840048

------------------ Color = category --------------------
arrivCnt=277956 deptCnt=277956
arrivThrPut=0.02782343952140899 deptThrPut=0.02782343952140899
meanTkPop=0.004157564983568902 tkColOcp=0.004129306718840048
-----
meanST=0.14942670838268676 stDevST=0.1865252356069775

Steady State Statistics: numBatchesST=694 batchSizeST=400 stDevStdStateMeanST=0.009473706656107292
95% c.i. = 0.14943235194035223 +/- 7.048363424846834E-4



REPORT for Depository of Queueing Place : A/isLoggedIn_category----------------------------------------

tkOcp=0.0

------------------ Color = category --------------------
arrivCnt=277956 deptCnt=277956
arrivThrPut=0.02782343952140899 deptThrPut=0.02782343952140899
meanTkPop=0.0 tkColOcp=0.0
-----
meanST=0.0 stDevST=0.0

Steady State Statistics: numBatchesST=1389 batchSizeST=200 stDevStdStateMeanST=0.0
95% c.i. = 0.0 +/- 0.0



REPORT for Queue : Auth----------------------------------------

totArrivThrPut=0.1667372336073661 totDeptThrPut=0.1667372336073661
meanTotTkPop=0.056307542917374914 queueUtil=0.05266941066155534
meanST=0.337702273806271



REPORT for Queue of Queueing Place : I/icon_logout----------------------------------------

queueUtilQPl=0.003358835734171773

------------------ Color = logout --------------------
arrivCnt=276572 deptCnt=276572
arrivThrPut=0.027684900902715276 deptThrPut=0.027684900902715276
meanTkPop=0.003380553459527779 tkColOcp=0.003358835734171773
-----
meanST=0.12210820155748585 stDevST=0.1611585035140055

Steady State Statistics: numBatchesST=691 batchSizeST=400 stDevStdStateMeanST=0.008370260098487934
95% c.i. = 0.12211165316633124 +/- 6.24091145396899E-4



REPORT for Depository of Queueing Place : I/icon_logout----------------------------------------

tkOcp=0.0

------------------ Color = logout --------------------
arrivCnt=276572 deptCnt=276572
arrivThrPut=0.027684900902715276 deptThrPut=0.027684900902715276
meanTkPop=0.0 tkColOcp=0.0
-----
meanST=0.0 stDevST=0.0

Steady State Statistics: numBatchesST=1382 batchSizeST=200 stDevStdStateMeanST=0.0
95% c.i. = 0.0 +/- 0.0



REPORT for Queue : ImageProvider----------------------------------------

totArrivThrPut=0.16673723360736606 totDeptThrPut=0.16673723360736606
meanTotTkPop=0.038374056337089284 queueUtil=0.035734687198012136
meanST=0.23014689344944256



REPORT for Queue of Queueing Place : I/icon_loginAction----------------------------------------

queueUtilQPl=0.0035949099529663203

------------------ Color = loginAction --------------------
arrivCnt=277979 deptCnt=277979
arrivThrPut=0.02782574182504335 deptThrPut=0.02782574182504335
meanTkPop=0.0036188923535241248 tkColOcp=0.0035949099529663203
-----
meanST=0.130055557054982 stDevST=0.16578033970690043

Steady State Statistics: numBatchesST=694 batchSizeST=400 stDevStdStateMeanST=0.008304072435505041
95% c.i. = 0.13007132353794357 +/- 6.178164741248417E-4



REPORT for Depository of Queueing Place : I/icon_loginAction----------------------------------------

tkOcp=0.0

------------------ Color = loginAction --------------------
arrivCnt=277979 deptCnt=277979
arrivThrPut=0.02782574182504335 deptThrPut=0.02782574182504335
meanTkPop=0.0 tkColOcp=0.0
-----
meanST=0.0 stDevST=0.0

Steady State Statistics: numBatchesST=1389 batchSizeST=200 stDevStdStateMeanST=0.0
95% c.i. = 0.0 +/- 0.0



REPORT for Queue : ImageProvider----------------------------------------

totArrivThrPut=0.16673723360736606 totDeptThrPut=0.16673723360736606
meanTotTkPop=0.038374056337089284 queueUtil=0.035734687198012136
meanST=0.23014689344944256



REPORT for Queue of Queueing Place : A/isLoggedIn_product----------------------------------------

queueUtilQPl=0.012803620943574671

------------------ Color = product --------------------
arrivCnt=278137 deptCnt=278137
arrivThrPut=0.02784155765000983 deptThrPut=0.02784155765000983
meanTkPop=0.012972391398301718 tkColOcp=0.012803620943574671
-----
meanST=0.4659362655414194 stDevST=0.4625938341887132

Steady State Statistics: numBatchesST=695 batchSizeST=400 stDevStdStateMeanST=0.02439331849438722
95% c.i. = 0.46589549739265795 +/- 0.0018135376448763592



REPORT for Depository of Queueing Place : A/isLoggedIn_product----------------------------------------

tkOcp=0.0

------------------ Color = product --------------------
arrivCnt=278137 deptCnt=278137
arrivThrPut=0.02784155765000983 deptThrPut=0.02784155765000983
meanTkPop=0.0 tkColOcp=0.0
-----
meanST=0.0 stDevST=0.0

Steady State Statistics: numBatchesST=1390 batchSizeST=200 stDevStdStateMeanST=0.0
95% c.i. = 0.0 +/- 0.0



REPORT for Queue : Auth----------------------------------------

totArrivThrPut=0.1667372336073661 totDeptThrPut=0.1667372336073661
meanTotTkPop=0.056307542917374914 queueUtil=0.05266941066155534
meanST=0.337702273806271



REPORT for Queue of Queueing Place : P/category_logout----------------------------------------

queueUtilQPl=0.005219649202647876

------------------ Color = logout --------------------
arrivCnt=276572 deptCnt=276572
arrivThrPut=0.027684900902715276 deptThrPut=0.027684900902715276
meanTkPop=0.005261556562648184 tkColOcp=0.005219649202647876
-----
meanST=0.19005148622844237 stDevST=0.2515024272483238

Steady State Statistics: numBatchesST=691 batchSizeST=400 stDevStdStateMeanST=0.013043993800511695
95% c.i. = 0.19003156493434162 +/- 9.725672721904997E-4



REPORT for Depository of Queueing Place : P/category_logout----------------------------------------

tkOcp=0.0

------------------ Color = logout --------------------
arrivCnt=276572 deptCnt=276572
arrivThrPut=0.027684900902715276 deptThrPut=0.027684900902715276
meanTkPop=0.0 tkColOcp=0.0
-----
meanST=0.0 stDevST=0.0

Steady State Statistics: numBatchesST=1382 batchSizeST=200 stDevStdStateMeanST=0.0
95% c.i. = 0.0 +/- 0.0



REPORT for Queue : Persistence----------------------------------------

totArrivThrPut=0.16673733370752408 totDeptThrPut=0.16673733370752408
meanTotTkPop=0.05495618116447074 queueUtil=0.05026240981022622
meanST=0.32959733697595295



REPORT for Ordinary Place : Finish_index----------------------------------------

tkOcp=1.0

------------------ Color = index --------------------
arrivCnt=278139 deptCnt=0
arrivThrPut=0.027841757850325864 deptThrPut=0.0
meanTkPop=139194.61656627213 tkColOcp=1.0
-----
meanST=NaN stDevST=NaN

Steady State Statistics: Only 0 batches collected!
Need at least 60 for steady state statistics.



REPORT for Ordinary Place : Finish_login----------------------------------------

tkOcp=1.0

------------------ Color = login --------------------
arrivCnt=276921 deptCnt=0
arrivThrPut=0.02771983585786275 deptThrPut=0.0
meanTkPop=138656.78504463122 tkColOcp=1.0
-----
meanST=NaN stDevST=NaN

Steady State Statistics: Only 0 batches collected!
Need at least 60 for steady state statistics.



REPORT for Ordinary Place : Finish_loginAction----------------------------------------

tkOcp=1.0

------------------ Color = loginAction --------------------
arrivCnt=277979 deptCnt=0
arrivThrPut=0.02782574182504335 deptThrPut=0.0
meanTkPop=139008.0364257738 tkColOcp=1.0
-----
meanST=NaN stDevST=NaN

Steady State Statistics: Only 0 batches collected!
Need at least 60 for steady state statistics.



REPORT for Ordinary Place : Finish_category----------------------------------------

tkOcp=1.0

------------------ Color = category --------------------
arrivCnt=277956 deptCnt=0
arrivThrPut=0.02782343952140899 deptThrPut=0.0
meanTkPop=139114.50157778925 tkColOcp=1.0
-----
meanST=NaN stDevST=NaN

Steady State Statistics: Only 0 batches collected!
Need at least 60 for steady state statistics.



REPORT for Ordinary Place : Finish_product----------------------------------------

tkOcp=1.0

------------------ Color = product --------------------
arrivCnt=278137 deptCnt=0
arrivThrPut=0.02784155765000983 deptThrPut=0.0
meanTkPop=139141.73404907493 tkColOcp=1.0
-----
meanST=NaN stDevST=NaN

Steady State Statistics: Only 0 batches collected!
Need at least 60 for steady state statistics.



REPORT for Ordinary Place : Finish_logout----------------------------------------

tkOcp=1.0

------------------ Color = logout --------------------
arrivCnt=276572 deptCnt=0
arrivThrPut=0.027684900902715276 deptThrPut=0.0
meanTkPop=138396.8284855031 tkColOcp=1.0
-----
meanST=NaN stDevST=NaN

Steady State Statistics: Only 0 batches collected!
Need at least 60 for steady state statistics.



REPORT REPORT for Probe : /index----------------------------------------


------------------ Color = index --------------------
-----
meanST=2.1915543866471494 stDevST=1.4234139569756918

Steady State Statistics: numBatchesST=695 batchSizeST=400 stDevStdStateMeanST=0.07429000232420584
95% c.i. = 2.191555851699444 +/- 0.005523140112482018



REPORT REPORT for Probe : /login----------------------------------------


------------------ Color = login --------------------
-----
meanST=1.7847367902819633 stDevST=1.0658168504904098

Steady State Statistics: numBatchesST=692 batchSizeST=400 stDevStdStateMeanST=0.05531661928384571
95% c.i. = 1.7847156101347228 +/- 0.004121456057553074



REPORT REPORT for Probe : /loginAction----------------------------------------


------------------ Color = loginAction --------------------
-----
meanST=1.070099409488659 stDevST=0.721827701613037

Steady State Statistics: numBatchesST=694 batchSizeST=400 stDevStdStateMeanST=0.038845574462726684
95% c.i. = 1.070098958674633 +/- 0.0028900802631854914



REPORT REPORT for Probe : /logout----------------------------------------


------------------ Color = logout --------------------
-----
meanST=0.9255105864707153 stDevST=0.6886853081918516

Steady State Statistics: numBatchesST=691 batchSizeST=400 stDevStdStateMeanST=0.03765941889042995
95% c.i. = 0.9254995173143006 +/- 0.002807906754839767



REPORT REPORT for Probe : /category----------------------------------------


------------------ Color = category --------------------
-----
meanST=0.8761318565971694 stDevST=0.6671811826705277

Steady State Statistics: numBatchesST=694 batchSizeST=400 stDevStdStateMeanST=0.03458304934306505
95% c.i. = 0.8761108092441939 +/- 0.002572951738506653



REPORT REPORT for Probe : /product----------------------------------------


------------------ Color = product --------------------
-----
meanST=2.7210316191024986 stDevST=1.9357149748082272

Steady State Statistics: numBatchesST=695 batchSizeST=400 stDevStdStateMeanST=0.10448389737082887
95% c.i. = 2.7211043727609847 +/- 0.007767925516530105



