INFO Logging to /home/yjx/workloadConfig/qpme/output/SimQPN_Output_config_2025-08-14_100409579.log
WARN Batch means correlation test was run for depository of place Workload, color 0
    However, the standard deviation of the token residence time is 0 and therefore the result of the test is ignored!
    In future runs, you should set numBMeansCorlTested to 0 to switch off the correlation test!
WARN Batch means correlation test was run for depository of place W/logout, color 0
    However, the standard deviation of the token residence time is 0 and therefore the result of the test is ignored!
    In future runs, you should set numBMeansCorlTested to 0 to switch off the correlation test!
WARN Batch means correlation test was run for depository of place A/logout_logout, color 0
    However, the standard deviation of the token residence time is 0 and therefore the result of the test is ignored!
    In future runs, you should set numBMeansCorlTested to 0 to switch off the correlation test!
WARN Batch means correlation test was run for depository of place P/category_logout, color 0
    However, the standard deviation of the token residence time is 0 and therefore the result of the test is ignored!
    In future runs, you should set numBMeansCorlTested to 0 to switch off the correlation test!
WARN Batch means correlation test was run for depository of place I/icon_logout, color 0
    However, the standard deviation of the token residence time is 0 and therefore the result of the test is ignored!
    In future runs, you should set numBMeansCorlTested to 0 to switch off the correlation test!
WARN Batch means correlation test was run for depository of place W/index, color 0
    However, the standard deviation of the token residence time is 0 and therefore the result of the test is ignored!
    In future runs, you should set numBMeansCorlTested to 0 to switch off the correlation test!
WARN Batch means correlation test was run for depository of place P/categories_index, color 0
    However, the standard deviation of the token residence time is 0 and therefore the result of the test is ignored!
    In future runs, you should set numBMeansCorlTested to 0 to switch off the correlation test!
WARN Batch means correlation test was run for depository of place A/isLoggedIn_index, color 0
    However, the standard deviation of the token residence time is 0 and therefore the result of the test is ignored!
    In future runs, you should set numBMeansCorlTested to 0 to switch off the correlation test!
WARN Batch means correlation test was run for depository of place I/icon_index, color 0
    However, the standard deviation of the token residence time is 0 and therefore the result of the test is ignored!
    In future runs, you should set numBMeansCorlTested to 0 to switch off the correlation test!
WARN Batch means correlation test was run for depository of place W/login, color 0
    However, the standard deviation of the token residence time is 0 and therefore the result of the test is ignored!
    In future runs, you should set numBMeansCorlTested to 0 to switch off the correlation test!
WARN Batch means correlation test was run for depository of place P/categories_login, color 0
    However, the standard deviation of the token residence time is 0 and therefore the result of the test is ignored!
    In future runs, you should set numBMeansCorlTested to 0 to switch off the correlation test!
WARN Batch means correlation test was run for depository of place I/icon_login, color 0
    However, the standard deviation of the token residence time is 0 and therefore the result of the test is ignored!
    In future runs, you should set numBMeansCorlTested to 0 to switch off the correlation test!
WARN Batch means correlation test was run for depository of place A/isLoggedIn_login, color 0
    However, the standard deviation of the token residence time is 0 and therefore the result of the test is ignored!
    In future runs, you should set numBMeansCorlTested to 0 to switch off the correlation test!
WARN Batch means correlation test was run for depository of place W/product, color 0
    However, the standard deviation of the token residence time is 0 and therefore the result of the test is ignored!
    In future runs, you should set numBMeansCorlTested to 0 to switch off the correlation test!
WARN Batch means correlation test was run for depository of place P/getProduct_product, color 0
    However, the standard deviation of the token residence time is 0 and therefore the result of the test is ignored!
    In future runs, you should set numBMeansCorlTested to 0 to switch off the correlation test!
WARN Batch means correlation test was run for depository of place R/getAds_product, color 0
    However, the standard deviation of the token residence time is 0 and therefore the result of the test is ignored!
    In future runs, you should set numBMeansCorlTested to 0 to switch off the correlation test!
WARN Batch means correlation test was run for depository of place I/product_product, color 0
    However, the standard deviation of the token residence time is 0 and therefore the result of the test is ignored!
    In future runs, you should set numBMeansCorlTested to 0 to switch off the correlation test!
WARN Batch means correlation test was run for depository of place A/isLoggedIn_product, color 0
    However, the standard deviation of the token residence time is 0 and therefore the result of the test is ignored!
    In future runs, you should set numBMeansCorlTested to 0 to switch off the correlation test!
WARN Batch means correlation test was run for depository of place W/loginAction, color 0
    However, the standard deviation of the token residence time is 0 and therefore the result of the test is ignored!
    In future runs, you should set numBMeansCorlTested to 0 to switch off the correlation test!
WARN Batch means correlation test was run for depository of place A/login_loginAction, color 0
    However, the standard deviation of the token residence time is 0 and therefore the result of the test is ignored!
    In future runs, you should set numBMeansCorlTested to 0 to switch off the correlation test!
WARN Batch means correlation test was run for depository of place P/getUser_loginAction, color 0
    However, the standard deviation of the token residence time is 0 and therefore the result of the test is ignored!
    In future runs, you should set numBMeansCorlTested to 0 to switch off the correlation test!
WARN Batch means correlation test was run for depository of place I/icon_loginAction, color 0
    However, the standard deviation of the token residence time is 0 and therefore the result of the test is ignored!
    In future runs, you should set numBMeansCorlTested to 0 to switch off the correlation test!
WARN Batch means correlation test was run for depository of place W/category, color 0
    However, the standard deviation of the token residence time is 0 and therefore the result of the test is ignored!
    In future runs, you should set numBMeansCorlTested to 0 to switch off the correlation test!
WARN Batch means correlation test was run for depository of place P/category_category, color 0
    However, the standard deviation of the token residence time is 0 and therefore the result of the test is ignored!
    In future runs, you should set numBMeansCorlTested to 0 to switch off the correlation test!
WARN Batch means correlation test was run for depository of place I/productImages_category, color 0
    However, the standard deviation of the token residence time is 0 and therefore the result of the test is ignored!
    In future runs, you should set numBMeansCorlTested to 0 to switch off the correlation test!
WARN Batch means correlation test was run for depository of place A/isLoggedIn_category, color 0
    However, the standard deviation of the token residence time is 0 and therefore the result of the test is ignored!
    In future runs, you should set numBMeansCorlTested to 0 to switch off the correlation test!
WARN LP-1 The simulation was stopped because of reaching max totalRunLen.
The required precision may not have been reached!
REPORT for Queue of Queueing Place : W/index----------------------------------------

queueUtilQPl=0.0181526026702546

------------------ Color = index --------------------
arrivCnt=277198 deptCnt=277199
arrivThrPut=0.027747523633046122 deptThrPut=0.02774762373305995
meanTkPop=0.01847950161271224 tkColOcp=0.0181526026702546
-----
meanST=0.6659869513456879 stDevST=0.666135153638811

Steady State Statistics: numBatchesST=692 batchSizeST=400 stDevStdStateMeanST=0.03378909760686957
95% c.i. = 0.6659595115120445 +/- 0.002517512509152079



REPORT for Depository of Queueing Place : W/index----------------------------------------

tkOcp=0.0

------------------ Color = index --------------------
arrivCnt=277199 deptCnt=277200
arrivThrPut=0.02774762373305995 deptThrPut=0.02774772383307378
meanTkPop=0.0 tkColOcp=0.0
-----
meanST=0.0 stDevST=0.0

Steady State Statistics: numBatchesST=1386 batchSizeST=200 stDevStdStateMeanST=0.0
95% c.i. = 0.0 +/- 0.0



REPORT for Queue : WebUI----------------------------------------

totArrivThrPut=0.16668564212597387 totDeptThrPut=0.1666857422259877
meanTotTkPop=0.06725704738670034 queueUtil=0.060935943934939195
meanST=0.40349642514637346



REPORT for Queue of Queueing Place : P/categories_index----------------------------------------

queueUtilQPl=0.05014895273021205

------------------ Color = index --------------------
arrivCnt=277200 deptCnt=277200
arrivThrPut=0.02774772383307378 deptThrPut=0.02774772383307378
meanTkPop=0.05277944254904879 tkColOcp=0.05014895273021205
-----
meanST=1.902117913042603 stDevST=1.8952007980830508

Steady State Statistics: numBatchesST=693 batchSizeST=400 stDevStdStateMeanST=0.10501375614280672
95% c.i. = 1.902117913042605 +/- 0.007818576077524219



REPORT for Depository of Queueing Place : P/categories_index----------------------------------------

tkOcp=0.0

------------------ Color = index --------------------
arrivCnt=277200 deptCnt=277200
arrivThrPut=0.02774772383307378 deptThrPut=0.02774772383307378
meanTkPop=0.0 tkColOcp=0.0
-----
meanST=0.0 stDevST=0.0

Steady State Statistics: numBatchesST=1386 batchSizeST=200 stDevStdStateMeanST=0.0
95% c.i. = 0.0 +/- 0.0



REPORT for Queue : Persistence----------------------------------------

totArrivThrPut=0.16668584232600153 totDeptThrPut=0.16668584232600153
meanTotTkPop=0.10564719303785883 queueUtil=0.08529641178468585
meanST=0.6338102358521591



REPORT for Queue of Queueing Place : A/isLoggedIn_index----------------------------------------

queueUtilQPl=0.0029941043578853173

------------------ Color = index --------------------
arrivCnt=277200 deptCnt=277200
arrivThrPut=0.02774772383307378 deptThrPut=0.02774772383307378
meanTkPop=0.003003352135396094 tkColOcp=0.0029941043578853173
-----
meanST=0.10823778387963706 stDevST=0.12728415737254506

Steady State Statistics: numBatchesST=693 batchSizeST=400 stDevStdStateMeanST=0.006568442273180877
95% c.i. = 0.10823778387963703 +/- 4.890394126446891E-4



REPORT for Depository of Queueing Place : A/isLoggedIn_index----------------------------------------

tkOcp=0.0

------------------ Color = index --------------------
arrivCnt=277200 deptCnt=277200
arrivThrPut=0.02774772383307378 deptThrPut=0.02774772383307378
meanTkPop=0.0 tkColOcp=0.0
-----
meanST=0.0 stDevST=0.0

Steady State Statistics: numBatchesST=1386 batchSizeST=200 stDevStdStateMeanST=0.0
95% c.i. = 0.0 +/- 0.0



REPORT for Queue : Auth----------------------------------------

totArrivThrPut=0.16668584232600153 totDeptThrPut=0.16668584232600153
meanTotTkPop=0.042283470163130006 queueUtil=0.039818603524417046
meanST=0.2536716350536398



REPORT for Queue of Queueing Place : W/login----------------------------------------

queueUtilQPl=0.004057059841070449

------------------ Color = login --------------------
arrivCnt=278032 deptCnt=278032
arrivThrPut=0.02783100704457853 deptThrPut=0.02783100704457853
meanTkPop=0.004089046317845087 tkColOcp=0.004057059841070449
-----
meanST=0.14692412356101328 stDevST=0.25281712412193197

Steady State Statistics: numBatchesST=695 batchSizeST=400 stDevStdStateMeanST=0.013024368852275467
95% c.i. = 0.1469236594603462 +/- 9.683054488790259E-4



REPORT for Depository of Queueing Place : W/login----------------------------------------

tkOcp=0.0

------------------ Color = login --------------------
arrivCnt=278032 deptCnt=278032
arrivThrPut=0.02783100704457853 deptThrPut=0.02783100704457853
meanTkPop=0.0 tkColOcp=0.0
-----
meanST=0.0 stDevST=0.0

Steady State Statistics: numBatchesST=1390 batchSizeST=200 stDevStdStateMeanST=0.0
95% c.i. = 0.0 +/- 0.0



REPORT for Queue : WebUI----------------------------------------

totArrivThrPut=0.16668564212597387 totDeptThrPut=0.1666857422259877
meanTotTkPop=0.06725704738670034 queueUtil=0.060935943934939195
meanST=0.40349642514637346



REPORT for Queue of Queueing Place : W/loginAction----------------------------------------

queueUtilQPl=0.013231493069364239

------------------ Color = loginAction --------------------
arrivCnt=277338 deptCnt=277338
arrivThrPut=0.027761537634982018 deptThrPut=0.027761537634982018
meanTkPop=0.01341107909108569 tkColOcp=0.013231493069364239
-----
meanST=0.48308127840103976 stDevST=0.4985945433148245

Steady State Statistics: numBatchesST=693 batchSizeST=400 stDevStdStateMeanST=0.02514285786034598
95% c.i. = 0.4830552862623204 +/- 0.0018719580577630673



REPORT for Depository of Queueing Place : W/loginAction----------------------------------------

tkOcp=0.0

------------------ Color = loginAction --------------------
arrivCnt=277338 deptCnt=277338
arrivThrPut=0.027761537634982018 deptThrPut=0.027761537634982018
meanTkPop=0.0 tkColOcp=0.0
-----
meanST=0.0 stDevST=0.0

Steady State Statistics: numBatchesST=1386 batchSizeST=200 stDevStdStateMeanST=0.0
95% c.i. = 0.0 +/- 0.0



REPORT for Queue : WebUI----------------------------------------

totArrivThrPut=0.16668564212597387 totDeptThrPut=0.1666857422259877
meanTotTkPop=0.06725704738670034 queueUtil=0.060935943934939195
meanST=0.40349642514637346



REPORT for Queue of Queueing Place : A/login_loginAction----------------------------------------

queueUtilQPl=0.011383503783229538

------------------ Color = loginAction --------------------
arrivCnt=277338 deptCnt=277338
arrivThrPut=0.027761537634982018 deptThrPut=0.027761537634982018
meanTkPop=0.011521679519310617 tkColOcp=0.011383503783229538
-----
meanST=0.4150231039361549 stDevST=0.4133228080651903

Steady State Statistics: numBatchesST=86 batchSizeST=3200 stDevStdStateMeanST=0.007249596868552291
95% c.i. = 0.41509647713840897 +/- 0.0015543168867279264



REPORT for Depository of Queueing Place : A/login_loginAction----------------------------------------

tkOcp=0.0

------------------ Color = loginAction --------------------
arrivCnt=277338 deptCnt=277338
arrivThrPut=0.027761537634982018 deptThrPut=0.027761537634982018
meanTkPop=0.0 tkColOcp=0.0
-----
meanST=0.0 stDevST=0.0

Steady State Statistics: numBatchesST=1386 batchSizeST=200 stDevStdStateMeanST=0.0
95% c.i. = 0.0 +/- 0.0



REPORT for Queue : Auth----------------------------------------

totArrivThrPut=0.16668584232600153 totDeptThrPut=0.16668584232600153
meanTotTkPop=0.042283470163130006 queueUtil=0.039818603524417046
meanST=0.2536716350536398



REPORT for Queue of Queueing Place : W/logout----------------------------------------

queueUtilQPl=0.004320341526461825

------------------ Color = logout --------------------
arrivCnt=276632 deptCnt=276632
arrivThrPut=0.02769086702521957 deptThrPut=0.02769086702521957
meanTkPop=0.004356715669377586 tkColOcp=0.004320341526461825
-----
meanST=0.15733402877597474 stDevST=0.2613863739930748

Steady State Statistics: numBatchesST=345 batchSizeST=800 stDevStdStateMeanST=0.009174797959039619
95% c.i. = 0.15735349211929853 +/- 9.68133064533532E-4



REPORT for Depository of Queueing Place : W/logout----------------------------------------

tkOcp=0.0

------------------ Color = logout --------------------
arrivCnt=276632 deptCnt=276632
arrivThrPut=0.02769086702521957 deptThrPut=0.02769086702521957
meanTkPop=0.0 tkColOcp=0.0
-----
meanST=0.0 stDevST=0.0

Steady State Statistics: numBatchesST=1383 batchSizeST=200 stDevStdStateMeanST=0.0
95% c.i. = 0.0 +/- 0.0



REPORT for Queue : WebUI----------------------------------------

totArrivThrPut=0.16668564212597387 totDeptThrPut=0.1666857422259877
meanTotTkPop=0.06725704738670034 queueUtil=0.060935943934939195
meanST=0.40349642514637346



REPORT for Queue of Queueing Place : A/logout_logout----------------------------------------

queueUtilQPl=0.003135286675475399

------------------ Color = logout --------------------
arrivCnt=276632 deptCnt=276632
arrivThrPut=0.02769086702521957 deptThrPut=0.02769086702521957
meanTkPop=0.0031517934084206957 tkColOcp=0.003135286675475399
-----
meanST=0.11382068338814334 stDevST=0.15368742161284074

Steady State Statistics: numBatchesST=691 batchSizeST=400 stDevStdStateMeanST=0.008123423175180163
95% c.i. = 0.11383519287088008 +/- 6.056868501443271E-4



REPORT for Depository of Queueing Place : A/logout_logout----------------------------------------

tkOcp=0.0

------------------ Color = logout --------------------
arrivCnt=276632 deptCnt=276632
arrivThrPut=0.02769086702521957 deptThrPut=0.02769086702521957
meanTkPop=0.0 tkColOcp=0.0
-----
meanST=0.0 stDevST=0.0

Steady State Statistics: numBatchesST=1383 batchSizeST=200 stDevStdStateMeanST=0.0
95% c.i. = 0.0 +/- 0.0



REPORT for Queue : Auth----------------------------------------

totArrivThrPut=0.16668584232600153 totDeptThrPut=0.16668584232600153
meanTotTkPop=0.042283470163130006 queueUtil=0.039818603524417046
meanST=0.2536716350536398



REPORT for Queue of Queueing Place : P/getUser_loginAction----------------------------------------

queueUtilQPl=0.013810999204230845

------------------ Color = loginAction --------------------
arrivCnt=277338 deptCnt=277338
arrivThrPut=0.027761537634982018 deptThrPut=0.027761537634982018
meanTkPop=0.014102451057718542 tkColOcp=0.013810999204230845
-----
meanST=0.5079852291736245 stDevST=0.7282386044681791

Steady State Statistics: numBatchesST=346 batchSizeST=800 stDevStdStateMeanST=0.024811425173576363
95% c.i. = 0.5080699582084787 +/- 0.0026143381027059942



REPORT for Depository of Queueing Place : P/getUser_loginAction----------------------------------------

tkOcp=0.0

------------------ Color = loginAction --------------------
arrivCnt=277338 deptCnt=277338
arrivThrPut=0.027761537634982018 deptThrPut=0.027761537634982018
meanTkPop=0.0 tkColOcp=0.0
-----
meanST=0.0 stDevST=0.0

Steady State Statistics: numBatchesST=1386 batchSizeST=200 stDevStdStateMeanST=0.0
95% c.i. = 0.0 +/- 0.0



REPORT for Queue : Persistence----------------------------------------

totArrivThrPut=0.16668584232600153 totDeptThrPut=0.16668584232600153
meanTotTkPop=0.10564719303785883 queueUtil=0.08529641178468585
meanST=0.6338102358521591



REPORT for Queue of Queueing Place : W/category----------------------------------------

queueUtilQPl=0.02286836677229525

------------------ Color = category --------------------
arrivCnt=278200 deptCnt=278200
arrivThrPut=0.027847823846901605 deptThrPut=0.027847823846901605
meanTkPop=0.023415105007914012 tkColOcp=0.02286836677229525
-----
meanST=0.8408235105422507 stDevST=0.8366190027656971

Steady State Statistics: numBatchesST=695 batchSizeST=400 stDevStdStateMeanST=0.04468117316293699
95% c.i. = 0.840794210542571 +/- 0.003321851824583455



REPORT for Depository of Queueing Place : W/category----------------------------------------

tkOcp=0.0

------------------ Color = category --------------------
arrivCnt=278200 deptCnt=278200
arrivThrPut=0.027847823846901605 deptThrPut=0.027847823846901605
meanTkPop=0.0 tkColOcp=0.0
-----
meanST=0.0 stDevST=0.0

Steady State Statistics: numBatchesST=1391 batchSizeST=200 stDevStdStateMeanST=0.0
95% c.i. = 0.0 +/- 0.0



REPORT for Queue : WebUI----------------------------------------

totArrivThrPut=0.16668564212597387 totDeptThrPut=0.1666857422259877
meanTotTkPop=0.06725704738670034 queueUtil=0.060935943934939195
meanST=0.40349642514637346



REPORT for Queue of Queueing Place : W/product----------------------------------------

queueUtilQPl=0.003475566295223544

------------------ Color = product --------------------
arrivCnt=277791 deptCnt=277791
arrivThrPut=0.027806882941246024 deptThrPut=0.027806882941246024
meanTkPop=0.0035055996877657197 tkColOcp=0.003475566295223544
-----
meanST=0.12606949492227532 stDevST=0.2437844744703598

Steady State Statistics: numBatchesST=347 batchSizeST=800 stDevStdStateMeanST=0.008800781366318044
95% c.i. = 0.1260547673746758 +/- 9.259863521300561E-4



REPORT for Depository of Queueing Place : W/product----------------------------------------

tkOcp=0.0

------------------ Color = product --------------------
arrivCnt=277791 deptCnt=277791
arrivThrPut=0.027806882941246024 deptThrPut=0.027806882941246024
meanTkPop=0.0 tkColOcp=0.0
-----
meanST=0.0 stDevST=0.0

Steady State Statistics: numBatchesST=1388 batchSizeST=200 stDevStdStateMeanST=0.0
95% c.i. = 0.0 +/- 0.0



REPORT for Queue : WebUI----------------------------------------

totArrivThrPut=0.16668564212597387 totDeptThrPut=0.1666857422259877
meanTotTkPop=0.06725704738670034 queueUtil=0.060935943934939195
meanST=0.40349642514637346



REPORT for Queue of Queueing Place : P/category_category----------------------------------------

queueUtilQPl=0.005453346340819801

------------------ Color = category --------------------
arrivCnt=278200 deptCnt=278200
arrivThrPut=0.027847823846901605 deptThrPut=0.027847823846901605
meanTkPop=0.005599516446352018 tkColOcp=0.005453346340819801
-----
meanST=0.2010755482057184 stDevST=0.5975475848096569

Steady State Statistics: numBatchesST=695 batchSizeST=400 stDevStdStateMeanST=0.032322110522473524
95% c.i. = 0.20105152249835512 +/- 0.0024030090128101095



REPORT for Depository of Queueing Place : P/category_category----------------------------------------

tkOcp=0.0

------------------ Color = category --------------------
arrivCnt=278200 deptCnt=278200
arrivThrPut=0.027847823846901605 deptThrPut=0.027847823846901605
meanTkPop=0.0 tkColOcp=0.0
-----
meanST=0.0 stDevST=0.0

Steady State Statistics: numBatchesST=1391 batchSizeST=200 stDevStdStateMeanST=0.0
95% c.i. = 0.0 +/- 0.0



REPORT for Queue : Persistence----------------------------------------

totArrivThrPut=0.16668584232600153 totDeptThrPut=0.16668584232600153
meanTotTkPop=0.10564719303785883 queueUtil=0.08529641178468585
meanST=0.6338102358521591



REPORT for Queue of Queueing Place : P/getProduct_product----------------------------------------

queueUtilQPl=0.006703410139757173

------------------ Color = product --------------------
arrivCnt=277791 deptCnt=277791
arrivThrPut=0.027806882941246024 deptThrPut=0.027806882941246024
meanTkPop=0.006915899334048384 tkColOcp=0.006703410139757173
-----
meanST=0.24871177933395808 stDevST=0.6885908741820841

Steady State Statistics: numBatchesST=694 batchSizeST=400 stDevStdStateMeanST=0.03654748382549584
95% c.i. = 0.24870025154954986 +/- 0.002719104122774823



REPORT for Depository of Queueing Place : P/getProduct_product----------------------------------------

tkOcp=0.0

------------------ Color = product --------------------
arrivCnt=277791 deptCnt=277791
arrivThrPut=0.027806882941246024 deptThrPut=0.027806882941246024
meanTkPop=0.0 tkColOcp=0.0
-----
meanST=0.0 stDevST=0.0

Steady State Statistics: numBatchesST=1388 batchSizeST=200 stDevStdStateMeanST=0.0
95% c.i. = 0.0 +/- 0.0



REPORT for Queue : Persistence----------------------------------------

totArrivThrPut=0.16668584232600153 totDeptThrPut=0.16668584232600153
meanTotTkPop=0.10564719303785883 queueUtil=0.08529641178468585
meanST=0.6338102358521591



REPORT for Queue of Queueing Place : R/getAds_product----------------------------------------

queueUtilQPl=0.0028409649066765325

------------------ Color = product --------------------
arrivCnt=277791 deptCnt=277791
arrivThrPut=0.027806882941246024 deptThrPut=0.027806882941246024
meanTkPop=0.0028548017004959105 tkColOcp=0.0028409649066765325
-----
meanST=0.10266528997615103 stDevST=0.10261342286333902

Steady State Statistics: numBatchesST=694 batchSizeST=400 stDevStdStateMeanST=0.0053872331396140095
95% c.i. = 0.10266558938211587 +/- 4.008059189578114E-4



REPORT for Depository of Queueing Place : R/getAds_product----------------------------------------

tkOcp=0.0

------------------ Color = product --------------------
arrivCnt=277791 deptCnt=277791
arrivThrPut=0.027806882941246024 deptThrPut=0.027806882941246024
meanTkPop=0.0 tkColOcp=0.0
-----
meanST=0.0 stDevST=0.0

Steady State Statistics: numBatchesST=1388 batchSizeST=200 stDevStdStateMeanST=0.0
95% c.i. = 0.0 +/- 0.0



REPORT for Queue : Recommender----------------------------------------

totArrivThrPut=0.027806882941246024 totDeptThrPut=0.027806882941246024
meanTotTkPop=0.0028548017004959105 queueUtil=0.0028409649066765325
meanST=0.10266528997615103



REPORT for Queue of Queueing Place : I/productImages_category----------------------------------------

queueUtilQPl=0.0038387320808734617

------------------ Color = category --------------------
arrivCnt=278200 deptCnt=278200
arrivThrPut=0.027847823846901605 deptThrPut=0.027847823846901605
meanTkPop=0.0038620443439937218 tkColOcp=0.0038387320808734617
-----
meanST=0.13868388299301238 stDevST=0.16391359155319707

Steady State Statistics: numBatchesST=695 batchSizeST=400 stDevStdStateMeanST=0.008452279725758068
95% c.i. = 0.13868105701028063 +/- 6.283904123669973E-4



REPORT for Depository of Queueing Place : I/productImages_category----------------------------------------

tkOcp=0.0

------------------ Color = category --------------------
arrivCnt=278200 deptCnt=278200
arrivThrPut=0.027847823846901605 deptThrPut=0.027847823846901605
meanTkPop=0.0 tkColOcp=0.0
-----
meanST=0.0 stDevST=0.0

Steady State Statistics: numBatchesST=1391 batchSizeST=200 stDevStdStateMeanST=0.0
95% c.i. = 0.0 +/- 0.0



REPORT for Queue : ImageProvider----------------------------------------

totArrivThrPut=0.16668584232600153 totDeptThrPut=0.16668584232600153
meanTotTkPop=0.03998283427492743 queueUtil=0.03722761605575235
meanST=0.23986940772528026



REPORT for Queue of Queueing Place : I/product_product----------------------------------------

queueUtilQPl=0.013621703489154218

------------------ Color = product --------------------
arrivCnt=277791 deptCnt=277791
arrivThrPut=0.027806882941246024 deptThrPut=0.027806882941246024
meanTkPop=0.01385192117503277 tkColOcp=0.013621703489154218
-----
meanST=0.4981472106852429 stDevST=0.4950816911059694

Steady State Statistics: numBatchesST=694 batchSizeST=400 stDevStdStateMeanST=0.024913175690983023
95% c.i. = 0.4981872733168102 +/- 0.001853520725427023



REPORT for Depository of Queueing Place : I/product_product----------------------------------------

tkOcp=0.0

------------------ Color = product --------------------
arrivCnt=277791 deptCnt=277791
arrivThrPut=0.027806882941246024 deptThrPut=0.027806882941246024
meanTkPop=0.0 tkColOcp=0.0
-----
meanST=0.0 stDevST=0.0

Steady State Statistics: numBatchesST=1388 batchSizeST=200 stDevStdStateMeanST=0.0
95% c.i. = 0.0 +/- 0.0



REPORT for Queue : ImageProvider----------------------------------------

totArrivThrPut=0.16668584232600153 totDeptThrPut=0.16668584232600153
meanTotTkPop=0.03998283427492743 queueUtil=0.03722761605575235
meanST=0.23986940772528026



REPORT for Queue of Queueing Place : Workload----------------------------------------

queueUtilQPl=1.0

------------------ Color = workload --------------------
arrivCnt=1665191 deptCnt=1665192
arrivThrPut=0.16668564212597387 deptThrPut=0.1666857422259877
meanTkPop=1.0 tkColOcp=1.0
-----
meanST=5.999313680762117 stDevST=6.003065232912094

Steady State Statistics: numBatchesST=4162 batchSizeST=400 stDevStdStateMeanST=0.3042379054684389
95% c.i. = 5.999237415367725 +/- 0.00924294514484766



REPORT for Depository of Queueing Place : Workload----------------------------------------

tkOcp=0.0

------------------ Color = workload --------------------
arrivCnt=1665192 deptCnt=1665191
arrivThrPut=0.1666857422259877 deptThrPut=0.16668564212597387
meanTkPop=0.0 tkColOcp=0.0
-----
meanST=0.0 stDevST=0.0

Steady State Statistics: numBatchesST=8325 batchSizeST=200 stDevStdStateMeanST=0.0
95% c.i. = 0.0 +/- 0.0



REPORT for Queue : Workload----------------------------------------

totArrivThrPut=0.16668564212597387 totDeptThrPut=0.1666857422259877
meanTotTkPop=1.0 queueUtil=1.0
meanST=5.999313680762117



REPORT for Queue of Queueing Place : I/icon_index----------------------------------------

queueUtilQPl=0.003188920770533064

------------------ Color = index --------------------
arrivCnt=277200 deptCnt=277200
arrivThrPut=0.02774772383307378 deptThrPut=0.02774772383307378
meanTkPop=0.003200791693620841 tkColOcp=0.003188920770533064
-----
meanST=0.11535330655863281 stDevST=0.14995126012389018

Steady State Statistics: numBatchesST=693 batchSizeST=400 stDevStdStateMeanST=0.007447403842154772
95% c.i. = 0.11535330655863292 +/- 5.544806286211655E-4



REPORT for Depository of Queueing Place : I/icon_index----------------------------------------

tkOcp=0.0

------------------ Color = index --------------------
arrivCnt=277200 deptCnt=277200
arrivThrPut=0.02774772383307378 deptThrPut=0.02774772383307378
meanTkPop=0.0 tkColOcp=0.0
-----
meanST=0.0 stDevST=0.0

Steady State Statistics: numBatchesST=1386 batchSizeST=200 stDevStdStateMeanST=0.0
95% c.i. = 0.0 +/- 0.0



REPORT for Queue : ImageProvider----------------------------------------

totArrivThrPut=0.16668584232600153 totDeptThrPut=0.16668584232600153
meanTotTkPop=0.03998283427492743 queueUtil=0.03722761605575235
meanST=0.23986940772528026



REPORT for Queue of Queueing Place : P/categories_login----------------------------------------

queueUtilQPl=0.013654697120182371

------------------ Color = login --------------------
arrivCnt=278032 deptCnt=278032
arrivThrPut=0.02783100704457853 deptThrPut=0.02783100704457853
meanTkPop=0.01399812032537927 tkColOcp=0.013654697120182371
-----
meanST=0.5029685164808329 stDevST=0.7656093601722996

Steady State Statistics: numBatchesST=347 batchSizeST=800 stDevStdStateMeanST=0.030075094503205363
95% c.i. = 0.5029556432964188 +/- 0.0031643925567305603



REPORT for Depository of Queueing Place : P/categories_login----------------------------------------

tkOcp=0.0

------------------ Color = login --------------------
arrivCnt=278032 deptCnt=278032
arrivThrPut=0.02783100704457853 deptThrPut=0.02783100704457853
meanTkPop=0.0 tkColOcp=0.0
-----
meanST=0.0 stDevST=0.0

Steady State Statistics: numBatchesST=1390 batchSizeST=200 stDevStdStateMeanST=0.0
95% c.i. = 0.0 +/- 0.0



REPORT for Queue : Persistence----------------------------------------

totArrivThrPut=0.16668584232600153 totDeptThrPut=0.16668584232600153
meanTotTkPop=0.10564719303785883 queueUtil=0.08529641178468585
meanST=0.6338102358521591



REPORT for Queue of Queueing Place : I/icon_login----------------------------------------

queueUtilQPl=0.0032155466129348822

------------------ Color = login --------------------
arrivCnt=278032 deptCnt=278032
arrivThrPut=0.02783100704457853 deptThrPut=0.02783100704457853
meanTkPop=0.003231516841980565 tkColOcp=0.0032155466129348822
-----
meanST=0.11611210606948064 stDevST=0.149137035043028

Steady State Statistics: numBatchesST=695 batchSizeST=400 stDevStdStateMeanST=0.0071784783941129795
95% c.i. = 0.11611007413977636 +/- 5.336887969404802E-4



REPORT for Depository of Queueing Place : I/icon_login----------------------------------------

tkOcp=0.0

------------------ Color = login --------------------
arrivCnt=278032 deptCnt=278032
arrivThrPut=0.02783100704457853 deptThrPut=0.02783100704457853
meanTkPop=0.0 tkColOcp=0.0
-----
meanST=0.0 stDevST=0.0

Steady State Statistics: numBatchesST=1390 batchSizeST=200 stDevStdStateMeanST=0.0
95% c.i. = 0.0 +/- 0.0



REPORT for Queue : ImageProvider----------------------------------------

totArrivThrPut=0.16668584232600153 totDeptThrPut=0.16668584232600153
meanTotTkPop=0.03998283427492743 queueUtil=0.03722761605575235
meanST=0.23986940772528026



REPORT for Queue of Queueing Place : A/isLoggedIn_login----------------------------------------

queueUtilQPl=0.008902468425579381

------------------ Color = login --------------------
arrivCnt=278032 deptCnt=278032
arrivThrPut=0.02783100704457853 deptThrPut=0.02783100704457853
meanTkPop=0.008999429674217718 tkColOcp=0.008902468425579381
-----
meanST=0.3233598288341781 stDevST=0.326775211449046

Steady State Statistics: numBatchesST=695 batchSizeST=400 stDevStdStateMeanST=0.01779953637667815
95% c.i. = 0.3233650463420132 +/- 0.0013233184852597844



REPORT for Depository of Queueing Place : A/isLoggedIn_login----------------------------------------

tkOcp=0.0

------------------ Color = login --------------------
arrivCnt=278032 deptCnt=278032
arrivThrPut=0.02783100704457853 deptThrPut=0.02783100704457853
meanTkPop=0.0 tkColOcp=0.0
-----
meanST=0.0 stDevST=0.0

Steady State Statistics: numBatchesST=1390 batchSizeST=200 stDevStdStateMeanST=0.0
95% c.i. = 0.0 +/- 0.0



REPORT for Queue : Auth----------------------------------------

totArrivThrPut=0.16668584232600153 totDeptThrPut=0.16668584232600153
meanTotTkPop=0.042283470163130006 queueUtil=0.039818603524417046
meanST=0.2536716350536398



REPORT for Queue of Queueing Place : A/isLoggedIn_category----------------------------------------

queueUtilQPl=0.012256536877815583

------------------ Color = category --------------------
arrivCnt=278200 deptCnt=278200
arrivThrPut=0.027847823846901605 deptThrPut=0.027847823846901605
meanTkPop=0.012426499513415243 tkColOcp=0.012256536877815583
-----
meanST=0.44622874597785983 stDevST=0.4442808620134333

Steady State Statistics: numBatchesST=695 batchSizeST=400 stDevStdStateMeanST=0.023692736865931343
95% c.i. = 0.4462315772282333 +/- 0.0017614524332309712



REPORT for Depository of Queueing Place : A/isLoggedIn_category----------------------------------------

tkOcp=0.0

------------------ Color = category --------------------
arrivCnt=278200 deptCnt=278200
arrivThrPut=0.027847823846901605 deptThrPut=0.027847823846901605
meanTkPop=0.0 tkColOcp=0.0
-----
meanST=0.0 stDevST=0.0

Steady State Statistics: numBatchesST=1391 batchSizeST=200 stDevStdStateMeanST=0.0
95% c.i. = 0.0 +/- 0.0



REPORT for Queue : Auth----------------------------------------

totArrivThrPut=0.16668584232600153 totDeptThrPut=0.16668584232600153
meanTotTkPop=0.042283470163130006 queueUtil=0.039818603524417046
meanST=0.2536716350536398



REPORT for Queue of Queueing Place : I/icon_logout----------------------------------------

queueUtilQPl=0.0034825395296097256

------------------ Color = logout --------------------
arrivCnt=276632 deptCnt=276632
arrivThrPut=0.02769086702521957 deptThrPut=0.02769086702521957
meanTkPop=0.003507412964570056 tkColOcp=0.0034825395296097256
-----
meanST=0.12666316881214534 stDevST=0.16539606156838324

Steady State Statistics: numBatchesST=345 batchSizeST=800 stDevStdStateMeanST=0.005797362265227056
95% c.i. = 0.12668492967073272 +/- 6.117429638344685E-4



REPORT for Depository of Queueing Place : I/icon_logout----------------------------------------

tkOcp=0.0

------------------ Color = logout --------------------
arrivCnt=276632 deptCnt=276632
arrivThrPut=0.02769086702521957 deptThrPut=0.02769086702521957
meanTkPop=0.0 tkColOcp=0.0
-----
meanST=0.0 stDevST=0.0

Steady State Statistics: numBatchesST=1383 batchSizeST=200 stDevStdStateMeanST=0.0
95% c.i. = 0.0 +/- 0.0



REPORT for Queue : ImageProvider----------------------------------------

totArrivThrPut=0.16668584232600153 totDeptThrPut=0.16668584232600153
meanTotTkPop=0.03998283427492743 queueUtil=0.03722761605575235
meanST=0.23986940772528026



REPORT for Queue of Queueing Place : I/icon_loginAction----------------------------------------

queueUtilQPl=0.012165497905267794

------------------ Color = loginAction --------------------
arrivCnt=277338 deptCnt=277338
arrivThrPut=0.027761537634982018 deptThrPut=0.027761537634982018
meanTkPop=0.012329147255729478 tkColOcp=0.012165497905267794
-----
meanST=0.44410894734424405 stDevST=0.4431454882635878

Steady State Statistics: numBatchesST=346 batchSizeST=800 stDevStdStateMeanST=0.015609444985316053
95% c.i. = 0.4441268595921738 +/- 0.0016447409409865261



REPORT for Depository of Queueing Place : I/icon_loginAction----------------------------------------

tkOcp=0.0

------------------ Color = loginAction --------------------
arrivCnt=277338 deptCnt=277338
arrivThrPut=0.027761537634982018 deptThrPut=0.027761537634982018
meanTkPop=0.0 tkColOcp=0.0
-----
meanST=0.0 stDevST=0.0

Steady State Statistics: numBatchesST=1386 batchSizeST=200 stDevStdStateMeanST=0.0
95% c.i. = 0.0 +/- 0.0



REPORT for Queue : ImageProvider----------------------------------------

totArrivThrPut=0.16668584232600153 totDeptThrPut=0.16668584232600153
meanTotTkPop=0.03998283427492743 queueUtil=0.03722761605575235
meanST=0.23986940772528026



REPORT for Queue of Queueing Place : A/isLoggedIn_product----------------------------------------

queueUtilQPl=0.0031641589975529905

------------------ Color = product --------------------
arrivCnt=277791 deptCnt=277791
arrivThrPut=0.027806882941246024 deptThrPut=0.027806882941246024
meanTkPop=0.0031807159123696414 tkColOcp=0.0031641589975529905
-----
meanST=0.11438592089197012 stDevST=0.14478380415848682

Steady State Statistics: numBatchesST=694 batchSizeST=400 stDevStdStateMeanST=0.007311781847573337
95% c.i. = 0.11438464453942826 +/- 5.439908328982492E-4



REPORT for Depository of Queueing Place : A/isLoggedIn_product----------------------------------------

tkOcp=0.0

------------------ Color = product --------------------
arrivCnt=277791 deptCnt=277791
arrivThrPut=0.027806882941246024 deptThrPut=0.027806882941246024
meanTkPop=0.0 tkColOcp=0.0
-----
meanST=0.0 stDevST=0.0

Steady State Statistics: numBatchesST=1388 batchSizeST=200 stDevStdStateMeanST=0.0
95% c.i. = 0.0 +/- 0.0



REPORT for Queue : Auth----------------------------------------

totArrivThrPut=0.16668584232600153 totDeptThrPut=0.16668584232600153
meanTotTkPop=0.042283470163130006 queueUtil=0.039818603524417046
meanST=0.2536716350536398



REPORT for Queue of Queueing Place : P/category_logout----------------------------------------

queueUtilQPl=0.011967702252227777

------------------ Color = logout --------------------
arrivCnt=276632 deptCnt=276632
arrivThrPut=0.02769086702521957 deptThrPut=0.02769086702521957
meanTkPop=0.012251763325311825 tkColOcp=0.011967702252227777
-----
meanST=0.4424478046914703 stDevST=0.7384856713753887

Steady State Statistics: numBatchesST=691 batchSizeST=400 stDevStdStateMeanST=0.03859903386136198
95% c.i. = 0.4424844587081729 +/- 0.002877964958114355



REPORT for Depository of Queueing Place : P/category_logout----------------------------------------

tkOcp=0.0

------------------ Color = logout --------------------
arrivCnt=276632 deptCnt=276632
arrivThrPut=0.02769086702521957 deptThrPut=0.02769086702521957
meanTkPop=0.0 tkColOcp=0.0
-----
meanST=0.0 stDevST=0.0

Steady State Statistics: numBatchesST=1383 batchSizeST=200 stDevStdStateMeanST=0.0
95% c.i. = 0.0 +/- 0.0



REPORT for Queue : Persistence----------------------------------------

totArrivThrPut=0.16668584232600153 totDeptThrPut=0.16668584232600153
meanTotTkPop=0.10564719303785883 queueUtil=0.08529641178468585
meanST=0.6338102358521591



REPORT for Ordinary Place : Finish_index----------------------------------------

tkOcp=1.0

------------------ Color = index --------------------
arrivCnt=277200 deptCnt=0
arrivThrPut=0.02774772383307378 deptThrPut=0.0
meanTkPop=138805.15790964206 tkColOcp=1.0
-----
meanST=NaN stDevST=NaN

Steady State Statistics: Only 0 batches collected!
Need at least 60 for steady state statistics.



REPORT for Ordinary Place : Finish_login----------------------------------------

tkOcp=1.0

------------------ Color = login --------------------
arrivCnt=278032 deptCnt=0
arrivThrPut=0.02783100704457853 deptThrPut=0.0
meanTkPop=139270.85361591112 tkColOcp=1.0
-----
meanST=NaN stDevST=NaN

Steady State Statistics: Only 0 batches collected!
Need at least 60 for steady state statistics.



REPORT for Ordinary Place : Finish_loginAction----------------------------------------

tkOcp=1.0

------------------ Color = loginAction --------------------
arrivCnt=277338 deptCnt=0
arrivThrPut=0.027761537634982018 deptThrPut=0.0
meanTkPop=138666.87502161344 tkColOcp=1.0
-----
meanST=NaN stDevST=NaN

Steady State Statistics: Only 0 batches collected!
Need at least 60 for steady state statistics.



REPORT for Ordinary Place : Finish_category----------------------------------------

tkOcp=0.9999999999999998

------------------ Color = category --------------------
arrivCnt=278200 deptCnt=0
arrivThrPut=0.027847823846901605 deptThrPut=0.0
meanTkPop=139170.185181124 tkColOcp=0.9999999999999998
-----
meanST=NaN stDevST=NaN

Steady State Statistics: Only 0 batches collected!
Need at least 60 for steady state statistics.



REPORT for Ordinary Place : Finish_product----------------------------------------

tkOcp=1.0

------------------ Color = product --------------------
arrivCnt=277791 deptCnt=0
arrivThrPut=0.027806882941246024 deptThrPut=0.0
meanTkPop=139086.9813498109 tkColOcp=1.0
-----
meanST=NaN stDevST=NaN

Steady State Statistics: Only 0 batches collected!
Need at least 60 for steady state statistics.



REPORT for Ordinary Place : Finish_logout----------------------------------------

tkOcp=0.9999999999999998

------------------ Color = logout --------------------
arrivCnt=276632 deptCnt=0
arrivThrPut=0.02769086702521957 deptThrPut=0.0
meanTkPop=138555.22902958086 tkColOcp=0.9999999999999998
-----
meanST=NaN stDevST=NaN

Steady State Statistics: Only 0 batches collected!
Need at least 60 for steady state statistics.



REPORT REPORT for Probe : /index----------------------------------------


------------------ Color = index --------------------
-----
meanST=2.7916993346726993 stDevST=2.02279977988461

Steady State Statistics: numBatchesST=693 batchSizeST=400 stDevStdStateMeanST=0.11205507325380193
95% c.i. = 2.7916993346726993 +/- 0.008342822381441042



REPORT REPORT for Probe : /login----------------------------------------


------------------ Color = login --------------------
-----
meanST=1.0893645749455048 stDevST=0.9143798131367099

Steady State Statistics: numBatchesST=695 batchSizeST=400 stDevStdStateMeanST=0.05022286579208707
95% c.i. = 1.0893582419573664 +/- 0.003733852684639047



REPORT REPORT for Probe : /loginAction----------------------------------------


------------------ Color = loginAction --------------------
-----
meanST=1.8501985588550633 stDevST=1.083286683814658

Steady State Statistics: numBatchesST=346 batchSizeST=800 stDevStdStateMeanST=0.038025627754385415
95% c.i. = 1.8502945799265844 +/- 0.00400669638370777



REPORT REPORT for Probe : /logout----------------------------------------


------------------ Color = logout --------------------
-----
meanST=0.8402656856677339 stDevST=0.8545948906420316

Steady State Statistics: numBatchesST=691 batchSizeST=400 stDevStdStateMeanST=0.04575620024064802
95% c.i. = 0.8403271211641443 +/- 0.003411607176024848



REPORT REPORT for Probe : /category----------------------------------------


------------------ Color = category --------------------
-----
meanST=1.6268116877188412 stDevST=1.1315452983943677

Steady State Statistics: numBatchesST=173 batchSizeST=1600 stDevStdStateMeanST=0.029973194102999253
95% c.i. = 1.626764726054183 +/- 0.004498098940900695



REPORT REPORT for Probe : /product----------------------------------------


------------------ Color = product --------------------
-----
meanST=1.0899796958095973 stDevST=0.9356716229546498

Steady State Statistics: numBatchesST=347 batchSizeST=800 stDevStdStateMeanST=0.03311000629825566
95% c.i. = 1.0899925261625791 +/- 0.0034837149879058775



