INFO Logging to /home/yjx/workloadConfig/qpme/output/SimQPN_Output_config_2025-08-14_091621113.log
WARN Batch means correlation test was run for depository of place Workload, color 0
    However, the standard deviation of the token residence time is 0 and therefore the result of the test is ignored!
    In future runs, you should set numBMeansCorlTested to 0 to switch off the correlation test!
WARN Batch means correlation test was run for depository of place W/logout, color 0
    However, the standard deviation of the token residence time is 0 and therefore the result of the test is ignored!
    In future runs, you should set numBMeansCorlTested to 0 to switch off the correlation test!
WARN Batch means correlation test was run for depository of place A/logout_logout, color 0
    However, the standard deviation of the token residence time is 0 and therefore the result of the test is ignored!
    In future runs, you should set numBMeansCorlTested to 0 to switch off the correlation test!
WARN Batch means correlation test was run for depository of place P/category_logout, color 0
    However, the standard deviation of the token residence time is 0 and therefore the result of the test is ignored!
    In future runs, you should set numBMeansCorlTested to 0 to switch off the correlation test!
WARN Batch means correlation test was run for depository of place I/icon_logout, color 0
    However, the standard deviation of the token residence time is 0 and therefore the result of the test is ignored!
    In future runs, you should set numBMeansCorlTested to 0 to switch off the correlation test!
WARN Batch means correlation test was run for depository of place W/login, color 0
    However, the standard deviation of the token residence time is 0 and therefore the result of the test is ignored!
    In future runs, you should set numBMeansCorlTested to 0 to switch off the correlation test!
WARN Batch means correlation test was run for depository of place P/categories_login, color 0
    However, the standard deviation of the token residence time is 0 and therefore the result of the test is ignored!
    In future runs, you should set numBMeansCorlTested to 0 to switch off the correlation test!
WARN Batch means correlation test was run for depository of place I/icon_login, color 0
    However, the standard deviation of the token residence time is 0 and therefore the result of the test is ignored!
    In future runs, you should set numBMeansCorlTested to 0 to switch off the correlation test!
WARN Batch means correlation test was run for depository of place A/isLoggedIn_login, color 0
    However, the standard deviation of the token residence time is 0 and therefore the result of the test is ignored!
    In future runs, you should set numBMeansCorlTested to 0 to switch off the correlation test!
WARN Batch means correlation test was run for depository of place W/loginAction, color 0
    However, the standard deviation of the token residence time is 0 and therefore the result of the test is ignored!
    In future runs, you should set numBMeansCorlTested to 0 to switch off the correlation test!
WARN Batch means correlation test was run for depository of place A/login_loginAction, color 0
    However, the standard deviation of the token residence time is 0 and therefore the result of the test is ignored!
    In future runs, you should set numBMeansCorlTested to 0 to switch off the correlation test!
WARN Batch means correlation test was run for depository of place P/getUser_loginAction, color 0
    However, the standard deviation of the token residence time is 0 and therefore the result of the test is ignored!
    In future runs, you should set numBMeansCorlTested to 0 to switch off the correlation test!
WARN Batch means correlation test was run for depository of place I/icon_loginAction, color 0
    However, the standard deviation of the token residence time is 0 and therefore the result of the test is ignored!
    In future runs, you should set numBMeansCorlTested to 0 to switch off the correlation test!
WARN Batch means correlation test was run for depository of place W/product, color 0
    However, the standard deviation of the token residence time is 0 and therefore the result of the test is ignored!
    In future runs, you should set numBMeansCorlTested to 0 to switch off the correlation test!
WARN Batch means correlation test was run for depository of place P/getProduct_product, color 0
    However, the standard deviation of the token residence time is 0 and therefore the result of the test is ignored!
    In future runs, you should set numBMeansCorlTested to 0 to switch off the correlation test!
WARN Batch means correlation test was run for depository of place R/getAds_product, color 0
    However, the standard deviation of the token residence time is 0 and therefore the result of the test is ignored!
    In future runs, you should set numBMeansCorlTested to 0 to switch off the correlation test!
WARN Batch means correlation test was run for depository of place I/product_product, color 0
    However, the standard deviation of the token residence time is 0 and therefore the result of the test is ignored!
    In future runs, you should set numBMeansCorlTested to 0 to switch off the correlation test!
WARN Batch means correlation test was run for depository of place A/isLoggedIn_product, color 0
    However, the standard deviation of the token residence time is 0 and therefore the result of the test is ignored!
    In future runs, you should set numBMeansCorlTested to 0 to switch off the correlation test!
WARN Batch means correlation test was run for depository of place W/index, color 0
    However, the standard deviation of the token residence time is 0 and therefore the result of the test is ignored!
    In future runs, you should set numBMeansCorlTested to 0 to switch off the correlation test!
WARN Batch means correlation test was run for depository of place P/categories_index, color 0
    However, the standard deviation of the token residence time is 0 and therefore the result of the test is ignored!
    In future runs, you should set numBMeansCorlTested to 0 to switch off the correlation test!
WARN Batch means correlation test was run for depository of place A/isLoggedIn_index, color 0
    However, the standard deviation of the token residence time is 0 and therefore the result of the test is ignored!
    In future runs, you should set numBMeansCorlTested to 0 to switch off the correlation test!
WARN Batch means correlation test was run for depository of place I/icon_index, color 0
    However, the standard deviation of the token residence time is 0 and therefore the result of the test is ignored!
    In future runs, you should set numBMeansCorlTested to 0 to switch off the correlation test!
WARN Batch means correlation test was run for depository of place W/category, color 0
    However, the standard deviation of the token residence time is 0 and therefore the result of the test is ignored!
    In future runs, you should set numBMeansCorlTested to 0 to switch off the correlation test!
WARN Batch means correlation test was run for depository of place P/category_category, color 0
    However, the standard deviation of the token residence time is 0 and therefore the result of the test is ignored!
    In future runs, you should set numBMeansCorlTested to 0 to switch off the correlation test!
WARN Batch means correlation test was run for depository of place I/productImages_category, color 0
    However, the standard deviation of the token residence time is 0 and therefore the result of the test is ignored!
    In future runs, you should set numBMeansCorlTested to 0 to switch off the correlation test!
WARN Batch means correlation test was run for depository of place A/isLoggedIn_category, color 0
    However, the standard deviation of the token residence time is 0 and therefore the result of the test is ignored!
    In future runs, you should set numBMeansCorlTested to 0 to switch off the correlation test!
WARN LP-1 The simulation was stopped because of reaching max totalRunLen.
The required precision may not have been reached!
REPORT for Queue of Queueing Place : W/index----------------------------------------

queueUtilQPl=0.005630155507026711

------------------ Color = index --------------------
arrivCnt=277279 deptCnt=277279
arrivThrPut=0.02775564178890523 deptThrPut=0.02775564178890523
meanTkPop=0.005666727624649038 tkColOcp=0.005630155507026711
-----
meanST=0.20416489259182616 stDevST=0.22112544755793273

Steady State Statistics: numBatchesST=693 batchSizeST=400 stDevStdStateMeanST=0.011402168051350123
95% c.i. = 0.20416851672379954 +/- 8.489241946261301E-4



REPORT for Depository of Queueing Place : W/index----------------------------------------

tkOcp=0.0

------------------ Color = index --------------------
arrivCnt=277279 deptCnt=277279
arrivThrPut=0.02775564178890523 deptThrPut=0.02775564178890523
meanTkPop=0.0 tkColOcp=0.0
-----
meanST=0.0 stDevST=0.0

Steady State Statistics: numBatchesST=1386 batchSizeST=200 stDevStdStateMeanST=0.0
95% c.i. = 0.0 +/- 0.0



REPORT for Queue : WebUI----------------------------------------

totArrivThrPut=0.16668510190911737 totDeptThrPut=0.16668510190911737
meanTotTkPop=0.036635159101513555 queueUtil=0.03462031869170913
meanST=0.21978664368869835



REPORT for Queue of Queueing Place : P/categories_index----------------------------------------

queueUtilQPl=0.018554499956367005

------------------ Color = index --------------------
arrivCnt=277279 deptCnt=277279
arrivThrPut=0.02775564178890523 deptThrPut=0.02775564178890523
meanTkPop=0.018894997032154682 tkColOcp=0.018554499956367005
-----
meanST=0.6807623897101737 stDevST=0.6774395512581216

Steady State Statistics: numBatchesST=346 batchSizeST=800 stDevStdStateMeanST=0.025763007666309064
95% c.i. = 0.6807859193648492 +/- 0.0027146047480605087



REPORT for Depository of Queueing Place : P/categories_index----------------------------------------

tkOcp=0.0

------------------ Color = index --------------------
arrivCnt=277279 deptCnt=277279
arrivThrPut=0.02775564178890523 deptThrPut=0.02775564178890523
meanTkPop=0.0 tkColOcp=0.0
-----
meanST=0.0 stDevST=0.0

Steady State Statistics: numBatchesST=1386 batchSizeST=200 stDevStdStateMeanST=0.0
95% c.i. = 0.0 +/- 0.0



REPORT for Queue : Persistence----------------------------------------

totArrivThrPut=0.16668510190911737 totDeptThrPut=0.16668510190911737
meanTotTkPop=0.07350888062835689 queueUtil=0.06762126017381351
meanST=0.4410045036204648



REPORT for Queue of Queueing Place : A/isLoggedIn_index----------------------------------------

queueUtilQPl=0.006122718926630549

------------------ Color = index --------------------
arrivCnt=277279 deptCnt=277279
arrivThrPut=0.02775564178890523 deptThrPut=0.02775564178890523
meanTkPop=0.006171764654593538 tkColOcp=0.006122718926630549
-----
meanST=0.22236072584927868 stDevST=0.2912321437986371

Steady State Statistics: numBatchesST=693 batchSizeST=400 stDevStdStateMeanST=0.015085539004728442
95% c.i. = 0.22237351813951728 +/- 0.0011231617524330173



REPORT for Depository of Queueing Place : A/isLoggedIn_index----------------------------------------

tkOcp=0.0

------------------ Color = index --------------------
arrivCnt=277279 deptCnt=277279
arrivThrPut=0.02775564178890523 deptThrPut=0.02775564178890523
meanTkPop=0.0 tkColOcp=0.0
-----
meanST=0.0 stDevST=0.0

Steady State Statistics: numBatchesST=1386 batchSizeST=200 stDevStdStateMeanST=0.0
95% c.i. = 0.0 +/- 0.0



REPORT for Queue : Auth----------------------------------------

totArrivThrPut=0.16668510190911737 totDeptThrPut=0.16668510190911737
meanTotTkPop=0.0852039527250357 queueUtil=0.07752777215026595
meanST=0.5111671754053457



REPORT for Queue of Queueing Place : W/login----------------------------------------

queueUtilQPl=0.0032141009666820505

------------------ Color = login --------------------
arrivCnt=276945 deptCnt=276945
arrivThrPut=0.027722208372175167 deptThrPut=0.027722208372175167
meanTkPop=0.003227472163949689 tkColOcp=0.0032141009666820505
-----
meanST=0.11642189974984492 stDevST=0.15058480607660765

Steady State Statistics: numBatchesST=692 batchSizeST=400 stDevStdStateMeanST=0.007252530087119759
95% c.i. = 0.11641173501522177 +/- 5.403617293885279E-4



REPORT for Depository of Queueing Place : W/login----------------------------------------

tkOcp=0.0

------------------ Color = login --------------------
arrivCnt=276945 deptCnt=276945
arrivThrPut=0.027722208372175167 deptThrPut=0.027722208372175167
meanTkPop=0.0 tkColOcp=0.0
-----
meanST=0.0 stDevST=0.0

Steady State Statistics: numBatchesST=1384 batchSizeST=200 stDevStdStateMeanST=0.0
95% c.i. = 0.0 +/- 0.0



REPORT for Queue : WebUI----------------------------------------

totArrivThrPut=0.16668510190911737 totDeptThrPut=0.16668510190911737
meanTotTkPop=0.036635159101513555 queueUtil=0.03462031869170913
meanST=0.21978664368869835



REPORT for Queue of Queueing Place : W/loginAction----------------------------------------

queueUtilQPl=0.0034749436714170655

------------------ Color = loginAction --------------------
arrivCnt=277564 deptCnt=277564
arrivThrPut=0.02778417030318088 deptThrPut=0.02778417030318088
meanTkPop=0.0034900663448159215 tkColOcp=0.0034749436714170655
-----
meanST=0.125613480868146 stDevST=0.15619900711064763

Steady State Statistics: numBatchesST=693 batchSizeST=400 stDevStdStateMeanST=0.007992945599271552
95% c.i. = 0.12561842231246237 +/- 5.950977809653155E-4



REPORT for Depository of Queueing Place : W/loginAction----------------------------------------

tkOcp=0.0

------------------ Color = loginAction --------------------
arrivCnt=277564 deptCnt=277564
arrivThrPut=0.02778417030318088 deptThrPut=0.02778417030318088
meanTkPop=0.0 tkColOcp=0.0
-----
meanST=0.0 stDevST=0.0

Steady State Statistics: numBatchesST=1387 batchSizeST=200 stDevStdStateMeanST=0.0
95% c.i. = 0.0 +/- 0.0



REPORT for Queue : WebUI----------------------------------------

totArrivThrPut=0.16668510190911737 totDeptThrPut=0.16668510190911737
meanTotTkPop=0.036635159101513555 queueUtil=0.03462031869170913
meanST=0.21978664368869835



REPORT for Queue of Queueing Place : A/login_loginAction----------------------------------------

queueUtilQPl=0.01847182264890318

------------------ Color = loginAction --------------------
arrivCnt=277564 deptCnt=277564
arrivThrPut=0.02778417030318088 deptThrPut=0.02778417030318088
meanTkPop=0.01880880453872142 tkColOcp=0.01847182264890318
-----
meanST=0.6769611736999787 stDevST=0.6735530659000926

Steady State Statistics: numBatchesST=693 batchSizeST=400 stDevStdStateMeanST=0.03343954037306192
95% c.i. = 0.6769204835608134 +/- 0.0024896699252304204



REPORT for Depository of Queueing Place : A/login_loginAction----------------------------------------

tkOcp=0.0

------------------ Color = loginAction --------------------
arrivCnt=277564 deptCnt=277564
arrivThrPut=0.02778417030318088 deptThrPut=0.02778417030318088
meanTkPop=0.0 tkColOcp=0.0
-----
meanST=0.0 stDevST=0.0

Steady State Statistics: numBatchesST=1387 batchSizeST=200 stDevStdStateMeanST=0.0
95% c.i. = 0.0 +/- 0.0



REPORT for Queue : Auth----------------------------------------

totArrivThrPut=0.16668510190911737 totDeptThrPut=0.16668510190911737
meanTotTkPop=0.0852039527250357 queueUtil=0.07752777215026595
meanST=0.5111671754053457



REPORT for Queue of Queueing Place : W/logout----------------------------------------

queueUtilQPl=0.01595553714990272

------------------ Color = logout --------------------
arrivCnt=277822 deptCnt=277822
arrivThrPut=0.0278099961161041 deptThrPut=0.0278099961161041
meanTkPop=0.01620605179198328 tkColOcp=0.01595553714990272
-----
meanST=0.5827419653107664 stDevST=0.5814645642535117

Steady State Statistics: numBatchesST=694 batchSizeST=400 stDevStdStateMeanST=0.029760703170109003
95% c.i. = 0.5827368127236774 +/- 0.0022141729666781858



REPORT for Depository of Queueing Place : W/logout----------------------------------------

tkOcp=0.0

------------------ Color = logout --------------------
arrivCnt=277822 deptCnt=277822
arrivThrPut=0.0278099961161041 deptThrPut=0.0278099961161041
meanTkPop=0.0 tkColOcp=0.0
-----
meanST=0.0 stDevST=0.0

Steady State Statistics: numBatchesST=1389 batchSizeST=200 stDevStdStateMeanST=0.0
95% c.i. = 0.0 +/- 0.0



REPORT for Queue : WebUI----------------------------------------

totArrivThrPut=0.16668510190911737 totDeptThrPut=0.16668510190911737
meanTotTkPop=0.036635159101513555 queueUtil=0.03462031869170913
meanST=0.21978664368869835



REPORT for Queue of Queueing Place : A/logout_logout----------------------------------------

queueUtilQPl=0.007697537811693094

------------------ Color = logout --------------------
arrivCnt=277822 deptCnt=277822
arrivThrPut=0.0278099961161041 deptThrPut=0.0278099961161041
meanTkPop=0.007766872065519845 tkColOcp=0.007697537811693094
-----
meanST=0.2792834645892754 stDevST=0.3229495627622023

Steady State Statistics: numBatchesST=694 batchSizeST=400 stDevStdStateMeanST=0.01679534254847588
95% c.i. = 0.27928831427975487 +/- 0.0012495603085845703



REPORT for Depository of Queueing Place : A/logout_logout----------------------------------------

tkOcp=0.0

------------------ Color = logout --------------------
arrivCnt=277822 deptCnt=277822
arrivThrPut=0.0278099961161041 deptThrPut=0.0278099961161041
meanTkPop=0.0 tkColOcp=0.0
-----
meanST=0.0 stDevST=0.0

Steady State Statistics: numBatchesST=1389 batchSizeST=200 stDevStdStateMeanST=0.0
95% c.i. = 0.0 +/- 0.0



REPORT for Queue : Auth----------------------------------------

totArrivThrPut=0.16668510190911737 totDeptThrPut=0.16668510190911737
meanTotTkPop=0.0852039527250357 queueUtil=0.07752777215026595
meanST=0.5111671754053457



REPORT for Queue of Queueing Place : P/getUser_loginAction----------------------------------------

queueUtilQPl=0.012841783635574715

------------------ Color = loginAction --------------------
arrivCnt=277564 deptCnt=277564
arrivThrPut=0.02778417030318088 deptThrPut=0.02778417030318088
meanTkPop=0.01301623705718778 tkColOcp=0.012841783635574715
-----
meanST=0.46847672308204985 stDevST=0.47433355182489745

Steady State Statistics: numBatchesST=693 batchSizeST=400 stDevStdStateMeanST=0.02436104013097378
95% c.i. = 0.46849255860776984 +/- 0.0018137494799502596



REPORT for Depository of Queueing Place : P/getUser_loginAction----------------------------------------

tkOcp=0.0

------------------ Color = loginAction --------------------
arrivCnt=277564 deptCnt=277564
arrivThrPut=0.02778417030318088 deptThrPut=0.02778417030318088
meanTkPop=0.0 tkColOcp=0.0
-----
meanST=0.0 stDevST=0.0

Steady State Statistics: numBatchesST=1387 batchSizeST=200 stDevStdStateMeanST=0.0
95% c.i. = 0.0 +/- 0.0



REPORT for Queue : Persistence----------------------------------------

totArrivThrPut=0.16668510190911737 totDeptThrPut=0.16668510190911737
meanTotTkPop=0.07350888062835689 queueUtil=0.06762126017381351
meanST=0.4410045036204648



REPORT for Queue of Queueing Place : W/category----------------------------------------

queueUtilQPl=0.0037710345414219792

------------------ Color = category --------------------
arrivCnt=277973 deptCnt=277973
arrivThrPut=0.027825111223667688 deptThrPut=0.027825111223667688
meanTkPop=0.0037869744521773674 tkColOcp=0.0037710345414219792
-----
meanST=0.1360991667467699 stDevST=0.16411798371044878

Steady State Statistics: numBatchesST=694 batchSizeST=400 stDevStdStateMeanST=0.008390651065518062
95% c.i. = 0.13609758659340754 +/- 6.242578562713295E-4



REPORT for Depository of Queueing Place : W/category----------------------------------------

tkOcp=0.0

------------------ Color = category --------------------
arrivCnt=277973 deptCnt=277973
arrivThrPut=0.027825111223667688 deptThrPut=0.027825111223667688
meanTkPop=0.0 tkColOcp=0.0
-----
meanST=0.0 stDevST=0.0

Steady State Statistics: numBatchesST=1389 batchSizeST=200 stDevStdStateMeanST=0.0
95% c.i. = 0.0 +/- 0.0



REPORT for Queue : WebUI----------------------------------------

totArrivThrPut=0.16668510190911737 totDeptThrPut=0.16668510190911737
meanTotTkPop=0.036635159101513555 queueUtil=0.03462031869170913
meanST=0.21978664368869835



REPORT for Queue of Queueing Place : W/product----------------------------------------

queueUtilQPl=0.0042375832679497245

------------------ Color = product --------------------
arrivCnt=277602 deptCnt=277602
arrivThrPut=0.0277879741050843 deptThrPut=0.0277879741050843
meanTkPop=0.004257866723938253 tkColOcp=0.0042375832679497245
-----
meanST=0.15322695738222966 stDevST=0.17718830452926732

Steady State Statistics: numBatchesST=694 batchSizeST=400 stDevStdStateMeanST=0.008902616586114399
95% c.i. = 0.1532275089427239 +/- 6.623476893339527E-4



REPORT for Depository of Queueing Place : W/product----------------------------------------

tkOcp=0.0

------------------ Color = product --------------------
arrivCnt=277602 deptCnt=277602
arrivThrPut=0.0277879741050843 deptThrPut=0.0277879741050843
meanTkPop=0.0 tkColOcp=0.0
-----
meanST=0.0 stDevST=0.0

Steady State Statistics: numBatchesST=1388 batchSizeST=200 stDevStdStateMeanST=0.0
95% c.i. = 0.0 +/- 0.0



REPORT for Queue : WebUI----------------------------------------

totArrivThrPut=0.16668510190911737 totDeptThrPut=0.16668510190911737
meanTotTkPop=0.036635159101513555 queueUtil=0.03462031869170913
meanST=0.21978664368869835



REPORT for Queue of Queueing Place : P/category_category----------------------------------------

queueUtilQPl=0.01530293550860743

------------------ Color = category --------------------
arrivCnt=277973 deptCnt=277973
arrivThrPut=0.027825111223667688 deptThrPut=0.027825111223667688
meanTkPop=0.015540462160393047 tkColOcp=0.01530293550860743
-----
meanST=0.5585049430880451 stDevST=0.5586767599396786

Steady State Statistics: numBatchesST=694 batchSizeST=400 stDevStdStateMeanST=0.028171514939383597
95% c.i. = 0.5585029131686566 +/- 0.002095938609132176



REPORT for Depository of Queueing Place : P/category_category----------------------------------------

tkOcp=0.0

------------------ Color = category --------------------
arrivCnt=277973 deptCnt=277973
arrivThrPut=0.027825111223667688 deptThrPut=0.027825111223667688
meanTkPop=0.0 tkColOcp=0.0
-----
meanST=0.0 stDevST=0.0

Steady State Statistics: numBatchesST=1389 batchSizeST=200 stDevStdStateMeanST=0.0
95% c.i. = 0.0 +/- 0.0



REPORT for Queue : Persistence----------------------------------------

totArrivThrPut=0.16668510190911737 totDeptThrPut=0.16668510190911737
meanTotTkPop=0.07350888062835689 queueUtil=0.06762126017381351
meanST=0.4410045036204648



REPORT for Queue of Queueing Place : P/getProduct_product----------------------------------------

queueUtilQPl=0.01074180172383252

------------------ Color = product --------------------
arrivCnt=277602 deptCnt=277602
arrivThrPut=0.0277879741050843 deptThrPut=0.0277879741050843
meanTkPop=0.010862744805598547 tkColOcp=0.01074180172383252
-----
meanST=0.3909153205814675 stDevST=0.40560937457453755

Steady State Statistics: numBatchesST=347 batchSizeST=800 stDevStdStateMeanST=0.015050231334541444
95% c.i. = 0.39091692515169213 +/- 0.0015835308516493674



REPORT for Depository of Queueing Place : P/getProduct_product----------------------------------------

tkOcp=0.0

------------------ Color = product --------------------
arrivCnt=277602 deptCnt=277602
arrivThrPut=0.0277879741050843 deptThrPut=0.0277879741050843
meanTkPop=0.0 tkColOcp=0.0
-----
meanST=0.0 stDevST=0.0

Steady State Statistics: numBatchesST=1388 batchSizeST=200 stDevStdStateMeanST=0.0
95% c.i. = 0.0 +/- 0.0



REPORT for Queue : Persistence----------------------------------------

totArrivThrPut=0.16668510190911737 totDeptThrPut=0.16668510190911737
meanTotTkPop=0.07350888062835689 queueUtil=0.06762126017381351
meanST=0.4410045036204648



REPORT for Queue of Queueing Place : R/getAds_product----------------------------------------

queueUtilQPl=0.019619646763898088

------------------ Color = product --------------------
arrivCnt=277602 deptCnt=277602
arrivThrPut=0.0277879741050843 deptThrPut=0.0277879741050843
meanTkPop=0.020022532076444496 tkColOcp=0.019619646763898088
-----
meanST=0.7205466652850026 stDevST=0.7203645588438743

Steady State Statistics: numBatchesST=694 batchSizeST=400 stDevStdStateMeanST=0.03845284242233382
95% c.i. = 0.7205442119805068 +/- 0.0028608613075037036



REPORT for Depository of Queueing Place : R/getAds_product----------------------------------------

tkOcp=0.0

------------------ Color = product --------------------
arrivCnt=277602 deptCnt=277602
arrivThrPut=0.0277879741050843 deptThrPut=0.0277879741050843
meanTkPop=0.0 tkColOcp=0.0
-----
meanST=0.0 stDevST=0.0

Steady State Statistics: numBatchesST=1388 batchSizeST=200 stDevStdStateMeanST=0.0
95% c.i. = 0.0 +/- 0.0



REPORT for Queue : Recommender----------------------------------------

totArrivThrPut=0.0277879741050843 totDeptThrPut=0.0277879741050843
meanTotTkPop=0.020022532076444496 queueUtil=0.019619646763898088
meanST=0.7205466652850026



REPORT for Queue of Queueing Place : I/productImages_category----------------------------------------

queueUtilQPl=0.025607701558969704

------------------ Color = category --------------------
arrivCnt=277973 deptCnt=277973
arrivThrPut=0.027825111223667688 deptThrPut=0.027825111223667688
meanTkPop=0.02629551628953198 tkColOcp=0.025607701558969704
-----
meanST=0.9450282544482822 stDevST=0.9383381027947981

Steady State Statistics: numBatchesST=694 batchSizeST=400 stDevStdStateMeanST=0.04798980782478617
95% c.i. = 0.945013526180966 +/- 0.0035704040510859216



REPORT for Depository of Queueing Place : I/productImages_category----------------------------------------

tkOcp=0.0

------------------ Color = category --------------------
arrivCnt=277973 deptCnt=277973
arrivThrPut=0.027825111223667688 deptThrPut=0.027825111223667688
meanTkPop=0.0 tkColOcp=0.0
-----
meanST=0.0 stDevST=0.0

Steady State Statistics: numBatchesST=1389 batchSizeST=200 stDevStdStateMeanST=0.0
95% c.i. = 0.0 +/- 0.0



REPORT for Queue : ImageProvider----------------------------------------

totArrivThrPut=0.16668510190911734 totDeptThrPut=0.16668510190911734
meanTotTkPop=0.07038727641946325 queueUtil=0.06360192874916248
meanST=0.4222769498490687



REPORT for Queue of Queueing Place : I/product_product----------------------------------------

queueUtilQPl=0.008733592837407775

------------------ Color = product --------------------
arrivCnt=277602 deptCnt=277602
arrivThrPut=0.0277879741050843 deptThrPut=0.0277879741050843
meanTkPop=0.008821858581409993 tkColOcp=0.008733592837407775
-----
meanST=0.31747037578374165 stDevST=0.36742409581992785

Steady State Statistics: numBatchesST=347 batchSizeST=800 stDevStdStateMeanST=0.013075729466063436
95% c.i. = 0.31747190727553287 +/- 0.001375780913733246



REPORT for Depository of Queueing Place : I/product_product----------------------------------------

tkOcp=0.0

------------------ Color = product --------------------
arrivCnt=277602 deptCnt=277602
arrivThrPut=0.0277879741050843 deptThrPut=0.0277879741050843
meanTkPop=0.0 tkColOcp=0.0
-----
meanST=0.0 stDevST=0.0

Steady State Statistics: numBatchesST=1388 batchSizeST=200 stDevStdStateMeanST=0.0
95% c.i. = 0.0 +/- 0.0



REPORT for Queue : ImageProvider----------------------------------------

totArrivThrPut=0.16668510190911734 totDeptThrPut=0.16668510190911734
meanTotTkPop=0.07038727641946325 queueUtil=0.06360192874916248
meanST=0.4222769498490687



REPORT for Queue of Queueing Place : Workload----------------------------------------

queueUtilQPl=1.0

------------------ Color = workload --------------------
arrivCnt=1665185 deptCnt=1665185
arrivThrPut=0.16668510190911737 deptThrPut=0.16668510190911737
meanTkPop=1.0 tkColOcp=1.0
-----
meanST=5.999336404673019 stDevST=5.99370707575519

Steady State Statistics: numBatchesST=4162 batchSizeST=400 stDevStdStateMeanST=0.301641397402306
95% c.i. = 5.999373072869666 +/- 0.00916406154358677



REPORT for Depository of Queueing Place : Workload----------------------------------------

tkOcp=0.0

------------------ Color = workload --------------------
arrivCnt=1665185 deptCnt=1665185
arrivThrPut=0.16668510190911737 deptThrPut=0.16668510190911737
meanTkPop=0.0 tkColOcp=0.0
-----
meanST=0.0 stDevST=0.0

Steady State Statistics: numBatchesST=8325 batchSizeST=200 stDevStdStateMeanST=0.0
95% c.i. = 0.0 +/- 0.0



REPORT for Queue : Workload----------------------------------------

totArrivThrPut=0.16668510190911737 totDeptThrPut=0.16668510190911737
meanTotTkPop=1.0 queueUtil=1.0
meanST=5.999336404673019



REPORT for Queue of Queueing Place : I/icon_index----------------------------------------

queueUtilQPl=0.00406552741924238

------------------ Color = index --------------------
arrivCnt=277279 deptCnt=277279
arrivThrPut=0.02775564178890523 deptThrPut=0.02775564178890523
meanTkPop=0.004101663793914497 tkColOcp=0.00406552741924238
-----
meanST=0.14777765994782566 stDevST=0.26119981229165495

Steady State Statistics: numBatchesST=346 batchSizeST=800 stDevStdStateMeanST=0.00950310440765932
95% c.i. = 0.1477392113502253 +/- 0.0010013261138016253



REPORT for Depository of Queueing Place : I/icon_index----------------------------------------

tkOcp=0.0

------------------ Color = index --------------------
arrivCnt=277279 deptCnt=277279
arrivThrPut=0.02775564178890523 deptThrPut=0.02775564178890523
meanTkPop=0.0 tkColOcp=0.0
-----
meanST=0.0 stDevST=0.0

Steady State Statistics: numBatchesST=1386 batchSizeST=200 stDevStdStateMeanST=0.0
95% c.i. = 0.0 +/- 0.0



REPORT for Queue : ImageProvider----------------------------------------

totArrivThrPut=0.16668510190911734 totDeptThrPut=0.16668510190911734
meanTotTkPop=0.07038727641946325 queueUtil=0.06360192874916248
meanST=0.4222769498490687



REPORT for Queue of Queueing Place : P/categories_login----------------------------------------

queueUtilQPl=0.011378638970534632

------------------ Color = login --------------------
arrivCnt=276945 deptCnt=276945
arrivThrPut=0.027722208372175167 deptThrPut=0.027722208372175167
meanTkPop=0.011516434460832397 tkColOcp=0.011378638970534632
-----
meanST=0.4154226931066381 stDevST=0.42579062673368234

Steady State Statistics: numBatchesST=692 batchSizeST=400 stDevStdStateMeanST=0.02171944442903794
95% c.i. = 0.4154245521082062 +/- 0.0016182430699427678



REPORT for Depository of Queueing Place : P/categories_login----------------------------------------

tkOcp=0.0

------------------ Color = login --------------------
arrivCnt=276945 deptCnt=276945
arrivThrPut=0.027722208372175167 deptThrPut=0.027722208372175167
meanTkPop=0.0 tkColOcp=0.0
-----
meanST=0.0 stDevST=0.0

Steady State Statistics: numBatchesST=1384 batchSizeST=200 stDevStdStateMeanST=0.0
95% c.i. = 0.0 +/- 0.0



REPORT for Queue : Persistence----------------------------------------

totArrivThrPut=0.16668510190911737 totDeptThrPut=0.16668510190911737
meanTotTkPop=0.07350888062835689 queueUtil=0.06762126017381351
meanST=0.4410045036204648



REPORT for Queue of Queueing Place : I/icon_login----------------------------------------

queueUtilQPl=0.006487771765240079

------------------ Color = login --------------------
arrivCnt=276945 deptCnt=276945
arrivThrPut=0.027722208372175167 deptThrPut=0.027722208372175167
meanTkPop=0.0065504931937080116 tkColOcp=0.006487771765240079
-----
meanST=0.2362904536957003 stDevST=0.3134697479121226

Steady State Statistics: numBatchesST=692 batchSizeST=400 stDevStdStateMeanST=0.0168486045846657
95% c.i. = 0.23628044855238667 +/- 0.0012553331046943784



REPORT for Depository of Queueing Place : I/icon_login----------------------------------------

tkOcp=0.0

------------------ Color = login --------------------
arrivCnt=276945 deptCnt=276945
arrivThrPut=0.027722208372175167 deptThrPut=0.027722208372175167
meanTkPop=0.0 tkColOcp=0.0
-----
meanST=0.0 stDevST=0.0

Steady State Statistics: numBatchesST=1384 batchSizeST=200 stDevStdStateMeanST=0.0
95% c.i. = 0.0 +/- 0.0



REPORT for Queue : ImageProvider----------------------------------------

totArrivThrPut=0.16668510190911734 totDeptThrPut=0.16668510190911734
meanTotTkPop=0.07038727641946325 queueUtil=0.06360192874916248
meanST=0.4222769498490687



REPORT for Queue of Queueing Place : A/isLoggedIn_login----------------------------------------

queueUtilQPl=0.018432178652688227

------------------ Color = login --------------------
arrivCnt=276945 deptCnt=276945
arrivThrPut=0.027722208372175167 deptThrPut=0.027722208372175167
meanTkPop=0.018795036448214543 tkColOcp=0.018432178652688227
-----
meanST=0.6779776053872806 stDevST=0.6764905976322892

Steady State Statistics: numBatchesST=692 batchSizeST=400 stDevStdStateMeanST=0.03651650762765264
95% c.i. = 0.6779670627590517 +/- 0.0027207226962010556



REPORT for Depository of Queueing Place : A/isLoggedIn_login----------------------------------------

tkOcp=0.0

------------------ Color = login --------------------
arrivCnt=276945 deptCnt=276945
arrivThrPut=0.027722208372175167 deptThrPut=0.027722208372175167
meanTkPop=0.0 tkColOcp=0.0
-----
meanST=0.0 stDevST=0.0

Steady State Statistics: numBatchesST=1384 batchSizeST=200 stDevStdStateMeanST=0.0
95% c.i. = 0.0 +/- 0.0



REPORT for Queue : Auth----------------------------------------

totArrivThrPut=0.16668510190911737 totDeptThrPut=0.16668510190911737
meanTotTkPop=0.0852039527250357 queueUtil=0.07752777215026595
meanST=0.5111671754053457



REPORT for Queue of Queueing Place : A/isLoggedIn_category----------------------------------------

queueUtilQPl=0.018707998938062853

------------------ Color = category --------------------
arrivCnt=277973 deptCnt=277973
arrivThrPut=0.027825111223667688 deptThrPut=0.027825111223667688
meanTkPop=0.0190613561768491 tkColOcp=0.018707998938062853
-----
meanST=0.6850415088596573 stDevST=0.6824040874888356

Steady State Statistics: numBatchesST=694 batchSizeST=400 stDevStdStateMeanST=0.03560071989947748
95% c.i. = 0.6850910942577241 +/- 0.002648665629476001



REPORT for Depository of Queueing Place : A/isLoggedIn_category----------------------------------------

tkOcp=0.0

------------------ Color = category --------------------
arrivCnt=277973 deptCnt=277973
arrivThrPut=0.027825111223667688 deptThrPut=0.027825111223667688
meanTkPop=0.0 tkColOcp=0.0
-----
meanST=0.0 stDevST=0.0

Steady State Statistics: numBatchesST=1389 batchSizeST=200 stDevStdStateMeanST=0.0
95% c.i. = 0.0 +/- 0.0



REPORT for Queue : Auth----------------------------------------

totArrivThrPut=0.16668510190911737 totDeptThrPut=0.16668510190911737
meanTotTkPop=0.0852039527250357 queueUtil=0.07752777215026595
meanST=0.5111671754053457



REPORT for Queue of Queueing Place : I/icon_logout----------------------------------------

queueUtilQPl=0.014466351597205846

------------------ Color = logout --------------------
arrivCnt=277822 deptCnt=277822
arrivThrPut=0.0278099961161041 deptThrPut=0.0278099961161041
meanTkPop=0.014698243888599883 tkColOcp=0.014466351597205846
-----
meanST=0.5285237663189921 stDevST=0.5509678264318301

Steady State Statistics: numBatchesST=347 batchSizeST=800 stDevStdStateMeanST=0.02108747237914694
95% c.i. = 0.5284930028265173 +/- 0.0022187474965281308



REPORT for Depository of Queueing Place : I/icon_logout----------------------------------------

tkOcp=0.0

------------------ Color = logout --------------------
arrivCnt=277822 deptCnt=277822
arrivThrPut=0.0278099961161041 deptThrPut=0.0278099961161041
meanTkPop=0.0 tkColOcp=0.0
-----
meanST=0.0 stDevST=0.0

Steady State Statistics: numBatchesST=1389 batchSizeST=200 stDevStdStateMeanST=0.0
95% c.i. = 0.0 +/- 0.0



REPORT for Queue : ImageProvider----------------------------------------

totArrivThrPut=0.16668510190911734 totDeptThrPut=0.16668510190911734
meanTotTkPop=0.07038727641946325 queueUtil=0.06360192874916248
meanST=0.4222769498490687



REPORT for Queue of Queueing Place : I/icon_loginAction----------------------------------------

queueUtilQPl=0.009807882782660178

------------------ Color = loginAction --------------------
arrivCnt=277564 deptCnt=277564
arrivThrPut=0.02778417030318088 deptThrPut=0.02778417030318088
meanTkPop=0.009919500672298897 tkColOcp=0.009807882782660178
-----
meanST=0.35701986289521337 stDevST=0.39798604759655526

Steady State Statistics: numBatchesST=693 batchSizeST=400 stDevStdStateMeanST=0.020227094552551998
95% c.i. = 0.35696815152605976 +/- 0.0015059653458289936



REPORT for Depository of Queueing Place : I/icon_loginAction----------------------------------------

tkOcp=0.0

------------------ Color = loginAction --------------------
arrivCnt=277564 deptCnt=277564
arrivThrPut=0.02778417030318088 deptThrPut=0.02778417030318088
meanTkPop=0.0 tkColOcp=0.0
-----
meanST=0.0 stDevST=0.0

Steady State Statistics: numBatchesST=1387 batchSizeST=200 stDevStdStateMeanST=0.0
95% c.i. = 0.0 +/- 0.0



REPORT for Queue : ImageProvider----------------------------------------

totArrivThrPut=0.16668510190911734 totDeptThrPut=0.16668510190911734
meanTotTkPop=0.07038727641946325 queueUtil=0.06360192874916248
meanST=0.4222769498490687



REPORT for Queue of Queueing Place : A/isLoggedIn_product----------------------------------------

queueUtilQPl=0.014373252539885013

------------------ Color = product --------------------
arrivCnt=277602 deptCnt=277602
arrivThrPut=0.0277879741050843 deptThrPut=0.0277879741050843
meanTkPop=0.014600118841137258 tkColOcp=0.014373252539885013
-----
meanST=0.5254114166770405 stDevST=0.53833311431783

Steady State Statistics: numBatchesST=694 batchSizeST=400 stDevStdStateMeanST=0.027511114922807233
95% c.i. = 0.5254097231023117 +/- 0.0020468053660250085



REPORT for Depository of Queueing Place : A/isLoggedIn_product----------------------------------------

tkOcp=0.0

------------------ Color = product --------------------
arrivCnt=277602 deptCnt=277602
arrivThrPut=0.0277879741050843 deptThrPut=0.0277879741050843
meanTkPop=0.0 tkColOcp=0.0
-----
meanST=0.0 stDevST=0.0

Steady State Statistics: numBatchesST=1388 batchSizeST=200 stDevStdStateMeanST=0.0
95% c.i. = 0.0 +/- 0.0



REPORT for Queue : Auth----------------------------------------

totArrivThrPut=0.16668510190911737 totDeptThrPut=0.16668510190911737
meanTotTkPop=0.0852039527250357 queueUtil=0.07752777215026595
meanST=0.5111671754053457



REPORT for Queue of Queueing Place : P/category_logout----------------------------------------

queueUtilQPl=0.003652467274311674

------------------ Color = logout --------------------
arrivCnt=277822 deptCnt=277822
arrivThrPut=0.0278099961161041 deptThrPut=0.0278099961161041
meanTkPop=0.0036780051121904295 tkColOcp=0.003652467274311674
-----
meanST=0.13225478697785883 stDevST=0.22007725101370135

Steady State Statistics: numBatchesST=694 batchSizeST=400 stDevStdStateMeanST=0.011569017715943278
95% c.i. = 0.13225949040776394 +/- 8.607258414307417E-4



REPORT for Depository of Queueing Place : P/category_logout----------------------------------------

tkOcp=0.0

------------------ Color = logout --------------------
arrivCnt=277822 deptCnt=277822
arrivThrPut=0.0278099961161041 deptThrPut=0.0278099961161041
meanTkPop=0.0 tkColOcp=0.0
-----
meanST=0.0 stDevST=0.0

Steady State Statistics: numBatchesST=1389 batchSizeST=200 stDevStdStateMeanST=0.0
95% c.i. = 0.0 +/- 0.0



REPORT for Queue : Persistence----------------------------------------

totArrivThrPut=0.16668510190911737 totDeptThrPut=0.16668510190911737
meanTotTkPop=0.07350888062835689 queueUtil=0.06762126017381351
meanST=0.4410045036204648



REPORT for Ordinary Place : Finish_index----------------------------------------

tkOcp=1.0000000000000002

------------------ Color = index --------------------
arrivCnt=277279 deptCnt=0
arrivThrPut=0.02775564178890523 deptThrPut=0.0
meanTkPop=138854.90365035654 tkColOcp=1.0000000000000002
-----
meanST=NaN stDevST=NaN

Steady State Statistics: Only 0 batches collected!
Need at least 60 for steady state statistics.



REPORT for Ordinary Place : Finish_login----------------------------------------

tkOcp=1.0

------------------ Color = login --------------------
arrivCnt=276945 deptCnt=0
arrivThrPut=0.027722208372175167 deptThrPut=0.0
meanTkPop=138830.62011328893 tkColOcp=1.0
-----
meanST=NaN stDevST=NaN

Steady State Statistics: Only 0 batches collected!
Need at least 60 for steady state statistics.



REPORT for Ordinary Place : Finish_loginAction----------------------------------------

tkOcp=1.0

------------------ Color = loginAction --------------------
arrivCnt=277564 deptCnt=0
arrivThrPut=0.02778417030318088 deptThrPut=0.0
meanTkPop=138906.35775015617 tkColOcp=1.0
-----
meanST=NaN stDevST=NaN

Steady State Statistics: Only 0 batches collected!
Need at least 60 for steady state statistics.



REPORT for Ordinary Place : Finish_category----------------------------------------

tkOcp=1.0

------------------ Color = category --------------------
arrivCnt=277973 deptCnt=0
arrivThrPut=0.027825111223667688 deptThrPut=0.0
meanTkPop=138998.1304541572 tkColOcp=1.0
-----
meanST=NaN stDevST=NaN

Steady State Statistics: Only 0 batches collected!
Need at least 60 for steady state statistics.



REPORT for Ordinary Place : Finish_product----------------------------------------

tkOcp=1.0

------------------ Color = product --------------------
arrivCnt=277602 deptCnt=0
arrivThrPut=0.0277879741050843 deptThrPut=0.0
meanTkPop=138968.91838440648 tkColOcp=1.0
-----
meanST=NaN stDevST=NaN

Steady State Statistics: Only 0 batches collected!
Need at least 60 for steady state statistics.



REPORT for Ordinary Place : Finish_logout----------------------------------------

tkOcp=1.0

------------------ Color = logout --------------------
arrivCnt=277822 deptCnt=0
arrivThrPut=0.0278099961161041 deptThrPut=0.0
meanTkPop=139466.80706874927 tkColOcp=1.0
-----
meanST=NaN stDevST=NaN

Steady State Statistics: Only 0 batches collected!
Need at least 60 for steady state statistics.



REPORT REPORT for Probe : /index----------------------------------------


------------------ Color = index --------------------
-----
meanST=1.2550656680991041 stDevST=0.8158849995498236

Steady State Statistics: numBatchesST=346 batchSizeST=800 stDevStdStateMeanST=0.0312532080889369
95% c.i. = 1.2550876826150623 +/- 0.0032930979243273196



REPORT REPORT for Probe : /login----------------------------------------


------------------ Color = login --------------------
-----
meanST=1.4461126519394638 stDevST=0.8921206971769543

Steady State Statistics: numBatchesST=692 batchSizeST=400 stDevStdStateMeanST=0.04906795552663839
95% c.i. = 1.446083798434866 +/- 0.0036558890466407614



REPORT REPORT for Probe : /loginAction----------------------------------------


------------------ Color = loginAction --------------------
-----
meanST=1.6280712405453879 stDevST=0.9313166794873713

Steady State Statistics: numBatchesST=693 batchSizeST=400 stDevStdStateMeanST=0.04765882323246104
95% c.i. = 1.627999616007107 +/- 0.003548336417007588



REPORT REPORT for Probe : /logout----------------------------------------


------------------ Color = logout --------------------
-----
meanST=1.5228039831968927 stDevST=0.9031932201022866

Steady State Statistics: numBatchesST=694 batchSizeST=400 stDevStdStateMeanST=0.045810259632206154
95% c.i. = 1.5227776202377152 +/- 0.0034082473755531334



REPORT REPORT for Probe : /category----------------------------------------


------------------ Color = category --------------------
-----
meanST=2.3246738731427543 stDevST=1.2929551081689739

Steady State Statistics: numBatchesST=694 batchSizeST=400 stDevStdStateMeanST=0.06599849900418374
95% c.i. = 2.324705120200755 +/- 0.004910236545861345



REPORT REPORT for Probe : /product----------------------------------------


------------------ Color = product --------------------
-----
meanST=2.1075707357094817 stDevST=1.0830121280023568

Steady State Statistics: numBatchesST=694 batchSizeST=400 stDevStdStateMeanST=0.05751277233151703
95% c.i. = 2.1075702764527713 +/- 0.00427890513901106



