INFO Logging to /home/yjx/workloadConfig/qpme/output/SimQPN_Output_config_2025-08-14_103644766.log
WARN Batch means correlation test was run for depository of place Workload, color 0
    However, the standard deviation of the token residence time is 0 and therefore the result of the test is ignored!
    In future runs, you should set numBMeansCorlTested to 0 to switch off the correlation test!
WARN Batch means correlation test was run for depository of place P/categories_login, color 0
    However, the standard deviation of the token residence time is 0 and therefore the result of the test is ignored!
    In future runs, you should set numBMeansCorlTested to 0 to switch off the correlation test!
WARN Batch means correlation test was run for depository of place I/icon_login, color 0
    However, the standard deviation of the token residence time is 0 and therefore the result of the test is ignored!
    In future runs, you should set numBMeansCorlTested to 0 to switch off the correlation test!
WARN Batch means correlation test was run for depository of place A/isLoggedIn_login, color 0
    However, the standard deviation of the token residence time is 0 and therefore the result of the test is ignored!
    In future runs, you should set numBMeansCorlTested to 0 to switch off the correlation test!
WARN Batch means correlation test was run for depository of place W/login, color 0
    However, the standard deviation of the token residence time is 0 and therefore the result of the test is ignored!
    In future runs, you should set numBMeansCorlTested to 0 to switch off the correlation test!
WARN Batch means correlation test was run for depository of place W/logout, color 0
    However, the standard deviation of the token residence time is 0 and therefore the result of the test is ignored!
    In future runs, you should set numBMeansCorlTested to 0 to switch off the correlation test!
WARN Batch means correlation test was run for depository of place A/logout_logout, color 0
    However, the standard deviation of the token residence time is 0 and therefore the result of the test is ignored!
    In future runs, you should set numBMeansCorlTested to 0 to switch off the correlation test!
WARN Batch means correlation test was run for depository of place P/category_logout, color 0
    However, the standard deviation of the token residence time is 0 and therefore the result of the test is ignored!
    In future runs, you should set numBMeansCorlTested to 0 to switch off the correlation test!
WARN Batch means correlation test was run for depository of place I/icon_logout, color 0
    However, the standard deviation of the token residence time is 0 and therefore the result of the test is ignored!
    In future runs, you should set numBMeansCorlTested to 0 to switch off the correlation test!
WARN Batch means correlation test was run for depository of place W/index, color 0
    However, the standard deviation of the token residence time is 0 and therefore the result of the test is ignored!
    In future runs, you should set numBMeansCorlTested to 0 to switch off the correlation test!
WARN Batch means correlation test was run for depository of place P/categories_index, color 0
    However, the standard deviation of the token residence time is 0 and therefore the result of the test is ignored!
    In future runs, you should set numBMeansCorlTested to 0 to switch off the correlation test!
WARN Batch means correlation test was run for depository of place A/isLoggedIn_index, color 0
    However, the standard deviation of the token residence time is 0 and therefore the result of the test is ignored!
    In future runs, you should set numBMeansCorlTested to 0 to switch off the correlation test!
WARN Batch means correlation test was run for depository of place I/icon_index, color 0
    However, the standard deviation of the token residence time is 0 and therefore the result of the test is ignored!
    In future runs, you should set numBMeansCorlTested to 0 to switch off the correlation test!
WARN Batch means correlation test was run for depository of place W/category, color 0
    However, the standard deviation of the token residence time is 0 and therefore the result of the test is ignored!
    In future runs, you should set numBMeansCorlTested to 0 to switch off the correlation test!
WARN Batch means correlation test was run for depository of place P/category_category, color 0
    However, the standard deviation of the token residence time is 0 and therefore the result of the test is ignored!
    In future runs, you should set numBMeansCorlTested to 0 to switch off the correlation test!
WARN Batch means correlation test was run for depository of place I/productImages_category, color 0
    However, the standard deviation of the token residence time is 0 and therefore the result of the test is ignored!
    In future runs, you should set numBMeansCorlTested to 0 to switch off the correlation test!
WARN Batch means correlation test was run for depository of place A/isLoggedIn_category, color 0
    However, the standard deviation of the token residence time is 0 and therefore the result of the test is ignored!
    In future runs, you should set numBMeansCorlTested to 0 to switch off the correlation test!
WARN Batch means correlation test was run for depository of place W/product, color 0
    However, the standard deviation of the token residence time is 0 and therefore the result of the test is ignored!
    In future runs, you should set numBMeansCorlTested to 0 to switch off the correlation test!
WARN Batch means correlation test was run for depository of place P/getProduct_product, color 0
    However, the standard deviation of the token residence time is 0 and therefore the result of the test is ignored!
    In future runs, you should set numBMeansCorlTested to 0 to switch off the correlation test!
WARN Batch means correlation test was run for depository of place R/getAds_product, color 0
    However, the standard deviation of the token residence time is 0 and therefore the result of the test is ignored!
    In future runs, you should set numBMeansCorlTested to 0 to switch off the correlation test!
WARN Batch means correlation test was run for depository of place I/product_product, color 0
    However, the standard deviation of the token residence time is 0 and therefore the result of the test is ignored!
    In future runs, you should set numBMeansCorlTested to 0 to switch off the correlation test!
WARN Batch means correlation test was run for depository of place A/isLoggedIn_product, color 0
    However, the standard deviation of the token residence time is 0 and therefore the result of the test is ignored!
    In future runs, you should set numBMeansCorlTested to 0 to switch off the correlation test!
WARN Batch means correlation test was run for depository of place W/loginAction, color 0
    However, the standard deviation of the token residence time is 0 and therefore the result of the test is ignored!
    In future runs, you should set numBMeansCorlTested to 0 to switch off the correlation test!
WARN Batch means correlation test was run for depository of place A/login_loginAction, color 0
    However, the standard deviation of the token residence time is 0 and therefore the result of the test is ignored!
    In future runs, you should set numBMeansCorlTested to 0 to switch off the correlation test!
WARN Batch means correlation test was run for depository of place P/getUser_loginAction, color 0
    However, the standard deviation of the token residence time is 0 and therefore the result of the test is ignored!
    In future runs, you should set numBMeansCorlTested to 0 to switch off the correlation test!
WARN Batch means correlation test was run for depository of place I/icon_loginAction, color 0
    However, the standard deviation of the token residence time is 0 and therefore the result of the test is ignored!
    In future runs, you should set numBMeansCorlTested to 0 to switch off the correlation test!
WARN LP-1 The simulation was stopped because of reaching max totalRunLen.
The required precision may not have been reached!
REPORT for Queue of Queueing Place : W/index----------------------------------------

queueUtilQPl=0.004723055214368168

------------------ Color = index --------------------
arrivCnt=277308 deptCnt=277308
arrivThrPut=0.02775851341210275 deptThrPut=0.02775851341210275
meanTkPop=0.0047482179323328775 tkColOcp=0.004723055214368168
-----
meanST=0.17105447477827282 stDevST=0.17803598746862281

Steady State Statistics: numBatchesST=693 batchSizeST=400 stDevStdStateMeanST=0.009191362430668091
95% c.i. = 0.1710548295963064 +/- 6.8432335971823E-4



REPORT for Depository of Queueing Place : W/index----------------------------------------

tkOcp=0.0

------------------ Color = index --------------------
arrivCnt=277308 deptCnt=277308
arrivThrPut=0.02775851341210275 deptThrPut=0.02775851341210275
meanTkPop=0.0 tkColOcp=0.0
-----
meanST=0.0 stDevST=0.0

Steady State Statistics: numBatchesST=1386 batchSizeST=200 stDevStdStateMeanST=0.0
95% c.i. = 0.0 +/- 0.0



REPORT for Queue : WebUI----------------------------------------

totArrivThrPut=0.16658431365179927 totDeptThrPut=0.16658431365179927
meanTotTkPop=0.03798606796185419 queueUtil=0.036393795155657965
meanST=0.22802908106494393



REPORT for Queue of Queueing Place : P/categories_index----------------------------------------

queueUtilQPl=0.004500711162948505

------------------ Color = index --------------------
arrivCnt=277308 deptCnt=277308
arrivThrPut=0.02775851341210275 deptThrPut=0.02775851341210275
meanTkPop=0.0045272749177871306 tkColOcp=0.004500711162948505
-----
meanST=0.16309500622656659 stDevST=0.2125993148800907

Steady State Statistics: numBatchesST=693 batchSizeST=400 stDevStdStateMeanST=0.010499825326132674
95% c.i. = 0.16309324577842316 +/- 7.817421843424572E-4



REPORT for Depository of Queueing Place : P/categories_index----------------------------------------

tkOcp=0.0

------------------ Color = index --------------------
arrivCnt=277308 deptCnt=277308
arrivThrPut=0.02775851341210275 deptThrPut=0.02775851341210275
meanTkPop=0.0 tkColOcp=0.0
-----
meanST=0.0 stDevST=0.0

Steady State Statistics: numBatchesST=1386 batchSizeST=200 stDevStdStateMeanST=0.0
95% c.i. = 0.0 +/- 0.0



REPORT for Queue : Persistence----------------------------------------

totArrivThrPut=0.1665843136517993 totDeptThrPut=0.1665843136517993
meanTotTkPop=0.05183676889578899 queueUtil=0.04821322856872044
meanST=0.31117437025997613



REPORT for Queue of Queueing Place : A/isLoggedIn_index----------------------------------------

queueUtilQPl=0.0030127358702115524

------------------ Color = index --------------------
arrivCnt=277308 deptCnt=277308
arrivThrPut=0.02775851341210275 deptThrPut=0.02775851341210275
meanTkPop=0.003030266023099127 tkColOcp=0.0030127358702115524
-----
meanST=0.10916528483034423 stDevST=0.17993422885233704

Steady State Statistics: numBatchesST=693 batchSizeST=400 stDevStdStateMeanST=0.009670680333230774
95% c.i. = 0.10917152937976014 +/- 7.200099556858039E-4



REPORT for Depository of Queueing Place : A/isLoggedIn_index----------------------------------------

tkOcp=0.0

------------------ Color = index --------------------
arrivCnt=277308 deptCnt=277308
arrivThrPut=0.02775851341210275 deptThrPut=0.02775851341210275
meanTkPop=0.0 tkColOcp=0.0
-----
meanST=0.0 stDevST=0.0

Steady State Statistics: numBatchesST=1386 batchSizeST=200 stDevStdStateMeanST=0.0
95% c.i. = 0.0 +/- 0.0



REPORT for Queue : Auth----------------------------------------

totArrivThrPut=0.1665844137517366 totDeptThrPut=0.1665844137517366
meanTotTkPop=0.04915207507120072 queueUtil=0.04542336023049495
meanST=0.29505806674358404



REPORT for Queue of Queueing Place : W/login----------------------------------------

queueUtilQPl=0.003535986911074276

------------------ Color = login --------------------
arrivCnt=277386 deptCnt=277386
arrivThrPut=0.02776632120721196 deptThrPut=0.02776632120721196
meanTkPop=0.0035494195395316896 tkColOcp=0.003535986911074276
-----
meanST=0.1278318259391803 stDevST=0.1406918740730808

Steady State Statistics: numBatchesST=693 batchSizeST=400 stDevStdStateMeanST=0.0071784434496597865
95% c.i. = 0.12783462404826085 +/- 5.344557540923169E-4



REPORT for Depository of Queueing Place : W/login----------------------------------------

tkOcp=0.0

------------------ Color = login --------------------
arrivCnt=277386 deptCnt=277386
arrivThrPut=0.02776632120721196 deptThrPut=0.02776632120721196
meanTkPop=0.0 tkColOcp=0.0
-----
meanST=0.0 stDevST=0.0

Steady State Statistics: numBatchesST=1386 batchSizeST=200 stDevStdStateMeanST=0.0
95% c.i. = 0.0 +/- 0.0



REPORT for Queue : WebUI----------------------------------------

totArrivThrPut=0.16658431365179927 totDeptThrPut=0.16658431365179927
meanTotTkPop=0.03798606796185419 queueUtil=0.036393795155657965
meanST=0.22802908106494393



REPORT for Queue of Queueing Place : W/loginAction----------------------------------------

queueUtilQPl=0.0047397466042349784

------------------ Color = loginAction --------------------
arrivCnt=277969 deptCnt=277969
arrivThrPut=0.027824679470656418 deptThrPut=0.027824679470656418
meanTkPop=0.004764052119254133 tkColOcp=0.0047397466042349784
-----
meanST=0.17121678344141386 stDevST=0.17790170948965225

Steady State Statistics: numBatchesST=694 batchSizeST=400 stDevStdStateMeanST=0.008634694266463799
95% c.i. = 0.17121350005547367 +/- 6.424144789541693E-4



REPORT for Depository of Queueing Place : W/loginAction----------------------------------------

tkOcp=0.0

------------------ Color = loginAction --------------------
arrivCnt=277969 deptCnt=277969
arrivThrPut=0.027824679470656418 deptThrPut=0.027824679470656418
meanTkPop=0.0 tkColOcp=0.0
-----
meanST=0.0 stDevST=0.0

Steady State Statistics: numBatchesST=1389 batchSizeST=200 stDevStdStateMeanST=0.0
95% c.i. = 0.0 +/- 0.0



REPORT for Queue : WebUI----------------------------------------

totArrivThrPut=0.16658431365179927 totDeptThrPut=0.16658431365179927
meanTotTkPop=0.03798606796185419 queueUtil=0.036393795155657965
meanST=0.22802908106494393



REPORT for Queue of Queueing Place : A/login_loginAction----------------------------------------

queueUtilQPl=0.016298344632536044

------------------ Color = loginAction --------------------
arrivCnt=277969 deptCnt=277969
arrivThrPut=0.027824679470656418 deptThrPut=0.027824679470656418
meanTkPop=0.016569861684491663 tkColOcp=0.016298344632536044
-----
meanST=0.5955095260653783 stDevST=0.5926455124748368

Steady State Statistics: numBatchesST=694 batchSizeST=400 stDevStdStateMeanST=0.029836201062109147
95% c.i. = 0.5954346011590578 +/- 0.0022197899506100644



REPORT for Depository of Queueing Place : A/login_loginAction----------------------------------------

tkOcp=0.0

------------------ Color = loginAction --------------------
arrivCnt=277969 deptCnt=277969
arrivThrPut=0.027824679470656418 deptThrPut=0.027824679470656418
meanTkPop=0.0 tkColOcp=0.0
-----
meanST=0.0 stDevST=0.0

Steady State Statistics: numBatchesST=1389 batchSizeST=200 stDevStdStateMeanST=0.0
95% c.i. = 0.0 +/- 0.0



REPORT for Queue : Auth----------------------------------------

totArrivThrPut=0.1665844137517366 totDeptThrPut=0.1665844137517366
meanTotTkPop=0.04915207507120072 queueUtil=0.04542336023049495
meanST=0.29505806674358404



REPORT for Queue of Queueing Place : W/logout----------------------------------------

queueUtilQPl=0.009045198053920553

------------------ Color = logout --------------------
arrivCnt=277253 deptCnt=277253
arrivThrPut=0.027753007915551388 deptThrPut=0.027753007915551388
meanTkPop=0.009127935898845977 tkColOcp=0.009045198053920553
-----
meanST=0.32889897652251027 stDevST=0.327294446485945

Steady State Statistics: numBatchesST=693 batchSizeST=400 stDevStdStateMeanST=0.016570857713881792
95% c.i. = 0.3289002125728202 +/- 0.001233748000877393



REPORT for Depository of Queueing Place : W/logout----------------------------------------

tkOcp=0.0

------------------ Color = logout --------------------
arrivCnt=277253 deptCnt=277253
arrivThrPut=0.027753007915551388 deptThrPut=0.027753007915551388
meanTkPop=0.0 tkColOcp=0.0
-----
meanST=0.0 stDevST=0.0

Steady State Statistics: numBatchesST=1386 batchSizeST=200 stDevStdStateMeanST=0.0
95% c.i. = 0.0 +/- 0.0



REPORT for Queue : WebUI----------------------------------------

totArrivThrPut=0.16658431365179927 totDeptThrPut=0.16658431365179927
meanTotTkPop=0.03798606796185419 queueUtil=0.036393795155657965
meanST=0.22802908106494393



REPORT for Queue of Queueing Place : A/logout_logout----------------------------------------

queueUtilQPl=0.016844747210807184

------------------ Color = logout --------------------
arrivCnt=277253 deptCnt=277253
arrivThrPut=0.027753007915551388 deptThrPut=0.027753007915551388
meanTkPop=0.017137890830798957 tkColOcp=0.016844747210807184
-----
meanST=0.6175147170694872 stDevST=0.6160302142243115

Steady State Statistics: numBatchesST=693 batchSizeST=400 stDevStdStateMeanST=0.03252215237719123
95% c.i. = 0.6175352467523957 +/- 0.0024213677512888616



REPORT for Depository of Queueing Place : A/logout_logout----------------------------------------

tkOcp=0.0

------------------ Color = logout --------------------
arrivCnt=277253 deptCnt=277253
arrivThrPut=0.027753007915551388 deptThrPut=0.027753007915551388
meanTkPop=0.0 tkColOcp=0.0
-----
meanST=0.0 stDevST=0.0

Steady State Statistics: numBatchesST=1386 batchSizeST=200 stDevStdStateMeanST=0.0
95% c.i. = 0.0 +/- 0.0



REPORT for Queue : Auth----------------------------------------

totArrivThrPut=0.1665844137517366 totDeptThrPut=0.1665844137517366
meanTotTkPop=0.04915207507120072 queueUtil=0.04542336023049495
meanST=0.29505806674358404



REPORT for Queue of Queueing Place : P/getUser_loginAction----------------------------------------

queueUtilQPl=0.019917288848639306

------------------ Color = loginAction --------------------
arrivCnt=277969 deptCnt=277969
arrivThrPut=0.027824679470656418 deptThrPut=0.027824679470656418
meanTkPop=0.020323535751400328 tkColOcp=0.019917288848639306
-----
meanST=0.7304140115192806 stDevST=0.7266578040223212

Steady State Statistics: numBatchesST=694 batchSizeST=400 stDevStdStateMeanST=0.03717440122031364
95% c.i. = 0.7304242417570802 +/- 0.0027657462850924144



REPORT for Depository of Queueing Place : P/getUser_loginAction----------------------------------------

tkOcp=0.0

------------------ Color = loginAction --------------------
arrivCnt=277969 deptCnt=277969
arrivThrPut=0.027824679470656418 deptThrPut=0.027824679470656418
meanTkPop=0.0 tkColOcp=0.0
-----
meanST=0.0 stDevST=0.0

Steady State Statistics: numBatchesST=1389 batchSizeST=200 stDevStdStateMeanST=0.0
95% c.i. = 0.0 +/- 0.0



REPORT for Queue : Persistence----------------------------------------

totArrivThrPut=0.1665843136517993 totDeptThrPut=0.1665843136517993
meanTotTkPop=0.05183676889578899 queueUtil=0.04821322856872044
meanST=0.31117437025997613



REPORT for Queue of Queueing Place : W/category----------------------------------------

queueUtilQPl=0.0056301080026143775

------------------ Color = category --------------------
arrivCnt=277068 deptCnt=277068
arrivThrPut=0.027734489427151343 deptThrPut=0.027734489427151343
meanTkPop=0.005662962896550978 tkColOcp=0.0056301080026143775
-----
meanST=0.20418486200820718 stDevST=0.20757571333062463

Steady State Statistics: numBatchesST=692 batchSizeST=400 stDevStdStateMeanST=0.010254125234423095
95% c.i. = 0.20418141359242672 +/- 7.640005320184633E-4



REPORT for Depository of Queueing Place : W/category----------------------------------------

tkOcp=0.0

------------------ Color = category --------------------
arrivCnt=277068 deptCnt=277068
arrivThrPut=0.027734489427151343 deptThrPut=0.027734489427151343
meanTkPop=0.0 tkColOcp=0.0
-----
meanST=0.0 stDevST=0.0

Steady State Statistics: numBatchesST=1385 batchSizeST=200 stDevStdStateMeanST=0.0
95% c.i. = 0.0 +/- 0.0



REPORT for Queue : WebUI----------------------------------------

totArrivThrPut=0.16658431365179927 totDeptThrPut=0.16658431365179927
meanTotTkPop=0.03798606796185419 queueUtil=0.036393795155657965
meanST=0.22802908106494393



REPORT for Queue of Queueing Place : W/product----------------------------------------

queueUtilQPl=0.010033451058574132

------------------ Color = product --------------------
arrivCnt=277196 deptCnt=277196
arrivThrPut=0.027747302219125428 deptThrPut=0.027747302219125428
meanTkPop=0.010133479575338531 tkColOcp=0.010033451058574132
-----
meanST=0.3652059394932388 stDevST=0.36275500425782836

Steady State Statistics: numBatchesST=692 batchSizeST=400 stDevStdStateMeanST=0.018578350011020765
95% c.i. = 0.3652385068964711 +/- 0.001384210643809603



REPORT for Depository of Queueing Place : W/product----------------------------------------

tkOcp=0.0

------------------ Color = product --------------------
arrivCnt=277196 deptCnt=277196
arrivThrPut=0.027747302219125428 deptThrPut=0.027747302219125428
meanTkPop=0.0 tkColOcp=0.0
-----
meanST=0.0 stDevST=0.0

Steady State Statistics: numBatchesST=1385 batchSizeST=200 stDevStdStateMeanST=0.0
95% c.i. = 0.0 +/- 0.0



REPORT for Queue : WebUI----------------------------------------

totArrivThrPut=0.16658431365179927 totDeptThrPut=0.16658431365179927
meanTotTkPop=0.03798606796185419 queueUtil=0.036393795155657965
meanST=0.22802908106494393



REPORT for Queue of Queueing Place : P/category_category----------------------------------------

queueUtilQPl=0.0038508260165667843

------------------ Color = category --------------------
arrivCnt=277068 deptCnt=277068
arrivThrPut=0.027734489427151343 deptThrPut=0.027734489427151343
meanTkPop=0.003876431607608115 tkColOcp=0.0038508260165667843
-----
meanST=0.13976935172324423 stDevST=0.19860562724751962

Steady State Statistics: numBatchesST=692 batchSizeST=400 stDevStdStateMeanST=0.010089184093294951
95% c.i. = 0.139781386963252 +/- 7.517113199508554E-4



REPORT for Depository of Queueing Place : P/category_category----------------------------------------

tkOcp=0.0

------------------ Color = category --------------------
arrivCnt=277068 deptCnt=277068
arrivThrPut=0.027734489427151343 deptThrPut=0.027734489427151343
meanTkPop=0.0 tkColOcp=0.0
-----
meanST=0.0 stDevST=0.0

Steady State Statistics: numBatchesST=1385 batchSizeST=200 stDevStdStateMeanST=0.0
95% c.i. = 0.0 +/- 0.0



REPORT for Queue : Persistence----------------------------------------

totArrivThrPut=0.1665843136517993 totDeptThrPut=0.1665843136517993
meanTotTkPop=0.05183676889578899 queueUtil=0.04821322856872044
meanST=0.31117437025997613



REPORT for Queue of Queueing Place : P/getProduct_product----------------------------------------

queueUtilQPl=0.005816562046594192

------------------ Color = product --------------------
arrivCnt=277196 deptCnt=277196
arrivThrPut=0.027747302219125428 deptThrPut=0.027747302219125428
meanTkPop=0.005856063741154785 tkColOcp=0.005816562046594192
-----
meanST=0.21104984170743513 stDevST=0.24401352329762727

Steady State Statistics: numBatchesST=692 batchSizeST=400 stDevStdStateMeanST=0.012647099183700234
95% c.i. = 0.21102840939442893 +/- 9.422930073450448E-4



REPORT for Depository of Queueing Place : P/getProduct_product----------------------------------------

tkOcp=0.0

------------------ Color = product --------------------
arrivCnt=277196 deptCnt=277196
arrivThrPut=0.027747302219125428 deptThrPut=0.027747302219125428
meanTkPop=0.0 tkColOcp=0.0
-----
meanST=0.0 stDevST=0.0

Steady State Statistics: numBatchesST=1385 batchSizeST=200 stDevStdStateMeanST=0.0
95% c.i. = 0.0 +/- 0.0



REPORT for Queue : Persistence----------------------------------------

totArrivThrPut=0.1665843136517993 totDeptThrPut=0.1665843136517993
meanTotTkPop=0.05183676889578899 queueUtil=0.04821322856872044
meanST=0.31117437025997613



REPORT for Queue of Queueing Place : R/getAds_product----------------------------------------

queueUtilQPl=0.0032732985974717097

------------------ Color = product --------------------
arrivCnt=277196 deptCnt=277196
arrivThrPut=0.027747302219125428 deptThrPut=0.027747302219125428
meanTkPop=0.0032834822860893045 tkColOcp=0.0032732985974717097
-----
meanST=0.11833519021629761 stDevST=0.11820574711398232

Steady State Statistics: numBatchesST=692 batchSizeST=400 stDevStdStateMeanST=0.006128168706246878
95% c.i. = 0.11833403982390375 +/- 4.5658932818123715E-4



REPORT for Depository of Queueing Place : R/getAds_product----------------------------------------

tkOcp=0.0

------------------ Color = product --------------------
arrivCnt=277196 deptCnt=277196
arrivThrPut=0.027747302219125428 deptThrPut=0.027747302219125428
meanTkPop=0.0 tkColOcp=0.0
-----
meanST=0.0 stDevST=0.0

Steady State Statistics: numBatchesST=1385 batchSizeST=200 stDevStdStateMeanST=0.0
95% c.i. = 0.0 +/- 0.0



REPORT for Queue : Recommender----------------------------------------

totArrivThrPut=0.027747302219125428 totDeptThrPut=0.027747302219125428
meanTotTkPop=0.0032834822860893045 queueUtil=0.0032732985974717097
meanST=0.11833519021629761



REPORT for Queue of Queueing Place : I/productImages_category----------------------------------------

queueUtilQPl=0.006802692648985676

------------------ Color = category --------------------
arrivCnt=277068 deptCnt=277068
arrivThrPut=0.027734489427151343 deptThrPut=0.027734489427151343
meanTkPop=0.006871909637659295 tkColOcp=0.006802692648985676
-----
meanST=0.2477748745189401 stDevST=0.3226769805874472

Steady State Statistics: numBatchesST=692 batchSizeST=400 stDevStdStateMeanST=0.01674053836390635
95% c.i. = 0.24772985068022915 +/- 0.0012472814524796965



REPORT for Depository of Queueing Place : I/productImages_category----------------------------------------

tkOcp=0.0

------------------ Color = category --------------------
arrivCnt=277068 deptCnt=277068
arrivThrPut=0.027734489427151343 deptThrPut=0.027734489427151343
meanTkPop=0.0 tkColOcp=0.0
-----
meanST=0.0 stDevST=0.0

Steady State Statistics: numBatchesST=1385 batchSizeST=200 stDevStdStateMeanST=0.0
95% c.i. = 0.0 +/- 0.0



REPORT for Queue : ImageProvider----------------------------------------

totArrivThrPut=0.16658441375173658 totDeptThrPut=0.16658441375173658
meanTotTkPop=0.0499471998611405 queueUtil=0.04497788350146416
meanST=0.29983117109369917



REPORT for Queue of Queueing Place : I/product_product----------------------------------------

queueUtilQPl=0.02656031308683431

------------------ Color = product --------------------
arrivCnt=277196 deptCnt=277196
arrivThrPut=0.027747302219125428 deptThrPut=0.027747302219125428
meanTkPop=0.027276830416003154 tkColOcp=0.02656031308683431
-----
meanST=0.9830444127718481 stDevST=0.9805639869594241

Steady State Statistics: numBatchesST=692 batchSizeST=400 stDevStdStateMeanST=0.049893081988665065
95% c.i. = 0.9830488651845942 +/- 0.003717366456128081



REPORT for Depository of Queueing Place : I/product_product----------------------------------------

tkOcp=0.0

------------------ Color = product --------------------
arrivCnt=277196 deptCnt=277196
arrivThrPut=0.027747302219125428 deptThrPut=0.027747302219125428
meanTkPop=0.0 tkColOcp=0.0
-----
meanST=0.0 stDevST=0.0

Steady State Statistics: numBatchesST=1385 batchSizeST=200 stDevStdStateMeanST=0.0
95% c.i. = 0.0 +/- 0.0



REPORT for Queue : ImageProvider----------------------------------------

totArrivThrPut=0.16658441375173658 totDeptThrPut=0.16658441375173658
meanTotTkPop=0.0499471998611405 queueUtil=0.04497788350146416
meanST=0.29983117109369917



REPORT for Queue of Queueing Place : Workload----------------------------------------

queueUtilQPl=1.0

------------------ Color = workload --------------------
arrivCnt=1664180 deptCnt=1664181
arrivThrPut=0.1665843136517993 deptThrPut=0.16658441375173658
meanTkPop=1.0 tkColOcp=1.0
-----
meanST=6.0029628018778345 stDevST=6.003441995815775

Steady State Statistics: numBatchesST=2080 batchSizeST=800 stDevStdStateMeanST=0.2079334469169304
95% c.i. = 6.002935515780796 +/- 0.008935950954718636



REPORT for Depository of Queueing Place : Workload----------------------------------------

tkOcp=0.0

------------------ Color = workload --------------------
arrivCnt=1664181 deptCnt=1664180
arrivThrPut=0.16658441375173658 deptThrPut=0.1665843136517993
meanTkPop=0.0 tkColOcp=0.0
-----
meanST=0.0 stDevST=0.0

Steady State Statistics: numBatchesST=8320 batchSizeST=200 stDevStdStateMeanST=0.0
95% c.i. = 0.0 +/- 0.0



REPORT for Queue : Workload----------------------------------------

totArrivThrPut=0.1665843136517993 totDeptThrPut=0.16658441375173658
meanTotTkPop=1.0 queueUtil=1.0
meanST=6.0029628018778345



REPORT for Queue of Queueing Place : I/icon_index----------------------------------------

queueUtilQPl=0.004719222042715528

------------------ Color = index --------------------
arrivCnt=277308 deptCnt=277308
arrivThrPut=0.02775851341210275 deptThrPut=0.02775851341210275
meanTkPop=0.004767900703300898 tkColOcp=0.004719222042715528
-----
meanST=0.17176354628638316 stDevST=0.28539117692224836

Steady State Statistics: numBatchesST=346 batchSizeST=800 stDevStdStateMeanST=0.010257544142903611
95% c.i. = 0.17176689716677407 +/- 0.0010808201586719336



REPORT for Depository of Queueing Place : I/icon_index----------------------------------------

tkOcp=0.0

------------------ Color = index --------------------
arrivCnt=277308 deptCnt=277308
arrivThrPut=0.02775851341210275 deptThrPut=0.02775851341210275
meanTkPop=0.0 tkColOcp=0.0
-----
meanST=0.0 stDevST=0.0

Steady State Statistics: numBatchesST=1386 batchSizeST=200 stDevStdStateMeanST=0.0
95% c.i. = 0.0 +/- 0.0



REPORT for Queue : ImageProvider----------------------------------------

totArrivThrPut=0.16658441375173658 totDeptThrPut=0.16658441375173658
meanTotTkPop=0.0499471998611405 queueUtil=0.04497788350146416
meanST=0.29983117109369917



REPORT for Queue of Queueing Place : P/categories_login----------------------------------------

queueUtilQPl=0.006472588116053545

------------------ Color = login --------------------
arrivCnt=277386 deptCnt=277386
arrivThrPut=0.02776632120721196 deptThrPut=0.02776632120721196
meanTkPop=0.006522820154321329 tkColOcp=0.006472588116053545
-----
meanST=0.2349184144937107 stDevST=0.2680380210135525

Steady State Statistics: numBatchesST=693 batchSizeST=400 stDevStdStateMeanST=0.014237618382680284
95% c.i. = 0.23491509028943902 +/- 0.0010600316242032472



REPORT for Depository of Queueing Place : P/categories_login----------------------------------------

tkOcp=0.0

------------------ Color = login --------------------
arrivCnt=277386 deptCnt=277387
arrivThrPut=0.02776632120721196 deptThrPut=0.027766421307149257
meanTkPop=0.0 tkColOcp=0.0
-----
meanST=0.0 stDevST=0.0

Steady State Statistics: numBatchesST=1386 batchSizeST=200 stDevStdStateMeanST=0.0
95% c.i. = 0.0 +/- 0.0



REPORT for Queue : Persistence----------------------------------------

totArrivThrPut=0.1665843136517993 totDeptThrPut=0.1665843136517993
meanTotTkPop=0.05183676889578899 queueUtil=0.04821322856872044
meanST=0.31117437025997613



REPORT for Queue of Queueing Place : I/icon_login----------------------------------------

queueUtilQPl=0.003720798814309545

------------------ Color = login --------------------
arrivCnt=277387 deptCnt=277387
arrivThrPut=0.027766421307149257 deptThrPut=0.027766421307149257
meanTkPop=0.003757402142576765 tkColOcp=0.003720798814309545
-----
meanST=0.13532180114292636 stDevST=0.263421218434089

Steady State Statistics: numBatchesST=693 batchSizeST=400 stDevStdStateMeanST=0.013207280906459715
95% c.i. = 0.1353025174647756 +/- 9.833200367003689E-4



REPORT for Depository of Queueing Place : I/icon_login----------------------------------------

tkOcp=0.0

------------------ Color = login --------------------
arrivCnt=277387 deptCnt=277387
arrivThrPut=0.027766421307149257 deptThrPut=0.027766421307149257
meanTkPop=0.0 tkColOcp=0.0
-----
meanST=0.0 stDevST=0.0

Steady State Statistics: numBatchesST=1386 batchSizeST=200 stDevStdStateMeanST=0.0
95% c.i. = 0.0 +/- 0.0



REPORT for Queue : ImageProvider----------------------------------------

totArrivThrPut=0.16658441375173658 totDeptThrPut=0.16658441375173658
meanTotTkPop=0.0499471998611405 queueUtil=0.04497788350146416
meanST=0.29983117109369917



REPORT for Queue of Queueing Place : A/isLoggedIn_login----------------------------------------

queueUtilQPl=0.0031453052004038707

------------------ Color = login --------------------
arrivCnt=277387 deptCnt=277387
arrivThrPut=0.027766421307149257 deptThrPut=0.027766421307149257
meanTkPop=0.003165835272388608 tkColOcp=0.0031453052004038707
-----
meanST=0.11401668358224736 stDevST=0.18166725605832673

Steady State Statistics: numBatchesST=346 batchSizeST=800 stDevStdStateMeanST=0.006775566577129306
95% c.i. = 0.11402441560543845 +/- 7.139300441667095E-4



REPORT for Depository of Queueing Place : A/isLoggedIn_login----------------------------------------

tkOcp=0.0

------------------ Color = login --------------------
arrivCnt=277387 deptCnt=277387
arrivThrPut=0.027766421307149257 deptThrPut=0.027766421307149257
meanTkPop=0.0 tkColOcp=0.0
-----
meanST=0.0 stDevST=0.0

Steady State Statistics: numBatchesST=1386 batchSizeST=200 stDevStdStateMeanST=0.0
95% c.i. = 0.0 +/- 0.0



REPORT for Queue : Auth----------------------------------------

totArrivThrPut=0.1665844137517366 totDeptThrPut=0.1665844137517366
meanTotTkPop=0.04915207507120072 queueUtil=0.04542336023049495
meanST=0.29505806674358404



REPORT for Queue of Queueing Place : A/isLoggedIn_category----------------------------------------

queueUtilQPl=0.005976441237054492

------------------ Color = category --------------------
arrivCnt=277068 deptCnt=277068
arrivThrPut=0.027734489427151343 deptThrPut=0.027734489427151343
meanTkPop=0.006023470885988284 tkColOcp=0.005976441237054492
-----
meanST=0.2171834063075076 stDevST=0.2507857244470376

Steady State Statistics: numBatchesST=692 batchSizeST=400 stDevStdStateMeanST=0.013400502379917512
95% c.i. = 0.21717421495238184 +/- 9.98426556485065E-4



REPORT for Depository of Queueing Place : A/isLoggedIn_category----------------------------------------

tkOcp=0.0

------------------ Color = category --------------------
arrivCnt=277068 deptCnt=277068
arrivThrPut=0.027734489427151343 deptThrPut=0.027734489427151343
meanTkPop=0.0 tkColOcp=0.0
-----
meanST=0.0 stDevST=0.0

Steady State Statistics: numBatchesST=1385 batchSizeST=200 stDevStdStateMeanST=0.0
95% c.i. = 0.0 +/- 0.0



REPORT for Queue : Auth----------------------------------------

totArrivThrPut=0.1665844137517366 totDeptThrPut=0.1665844137517366
meanTotTkPop=0.04915207507120072 queueUtil=0.04542336023049495
meanST=0.29505806674358404



REPORT for Queue of Queueing Place : I/icon_logout----------------------------------------

queueUtilQPl=0.003472849184312253

------------------ Color = logout --------------------
arrivCnt=277253 deptCnt=277253
arrivThrPut=0.027753007915551388 deptThrPut=0.027753007915551388
meanTkPop=0.003500195653512633 tkColOcp=0.003472849184312253
-----
meanST=0.12611950618697804 stDevST=0.23911252053606627

Steady State Statistics: numBatchesST=346 batchSizeST=800 stDevStdStateMeanST=0.008778513886356205
95% c.i. = 0.12612793050651172 +/- 9.249772303557947E-4



REPORT for Depository of Queueing Place : I/icon_logout----------------------------------------

tkOcp=0.0

------------------ Color = logout --------------------
arrivCnt=277253 deptCnt=277253
arrivThrPut=0.027753007915551388 deptThrPut=0.027753007915551388
meanTkPop=0.0 tkColOcp=0.0
-----
meanST=0.0 stDevST=0.0

Steady State Statistics: numBatchesST=1386 batchSizeST=200 stDevStdStateMeanST=0.0
95% c.i. = 0.0 +/- 0.0



REPORT for Queue : ImageProvider----------------------------------------

totArrivThrPut=0.16658441375173658 totDeptThrPut=0.16658441375173658
meanTotTkPop=0.0499471998611405 queueUtil=0.04497788350146416
meanST=0.29983117109369917



REPORT for Queue of Queueing Place : I/icon_loginAction----------------------------------------

queueUtilQPl=0.003747031667944568

------------------ Color = loginAction --------------------
arrivCnt=277969 deptCnt=277969
arrivThrPut=0.027824679470656418 deptThrPut=0.027824679470656418
meanTkPop=0.0037729613080877637 tkColOcp=0.003747031667944568
-----
meanST=0.1355976557453855 stDevST=0.23068802781873757

Steady State Statistics: numBatchesST=347 batchSizeST=800 stDevStdStateMeanST=0.008684596809861143
95% c.i. = 0.13560803625868842 +/- 9.137618337459134E-4



REPORT for Depository of Queueing Place : I/icon_loginAction----------------------------------------

tkOcp=0.0

------------------ Color = loginAction --------------------
arrivCnt=277969 deptCnt=277969
arrivThrPut=0.027824679470656418 deptThrPut=0.027824679470656418
meanTkPop=0.0 tkColOcp=0.0
-----
meanST=0.0 stDevST=0.0

Steady State Statistics: numBatchesST=1389 batchSizeST=200 stDevStdStateMeanST=0.0
95% c.i. = 0.0 +/- 0.0



REPORT for Queue : ImageProvider----------------------------------------

totArrivThrPut=0.16658441375173658 totDeptThrPut=0.16658441375173658
meanTotTkPop=0.0499471998611405 queueUtil=0.04497788350146416
meanST=0.29983117109369917



REPORT for Queue of Queueing Place : A/isLoggedIn_product----------------------------------------

queueUtilQPl=0.003208530649316557

------------------ Color = product --------------------
arrivCnt=277196 deptCnt=277196
arrivThrPut=0.027747302219125428 deptThrPut=0.027747302219125428
meanTkPop=0.0032247503744340772 tkColOcp=0.003208530649316557
-----
meanST=0.11621851915431795 stDevST=0.18151701834767034

Steady State Statistics: numBatchesST=692 batchSizeST=400 stDevStdStateMeanST=0.009803563598715682
95% c.i. = 0.11622632374177831 +/- 7.304306933907863E-4



REPORT for Depository of Queueing Place : A/isLoggedIn_product----------------------------------------

tkOcp=0.0

------------------ Color = product --------------------
arrivCnt=277196 deptCnt=277196
arrivThrPut=0.027747302219125428 deptThrPut=0.027747302219125428
meanTkPop=0.0 tkColOcp=0.0
-----
meanST=0.0 stDevST=0.0

Steady State Statistics: numBatchesST=1385 batchSizeST=200 stDevStdStateMeanST=0.0
95% c.i. = 0.0 +/- 0.0



REPORT for Queue : Auth----------------------------------------

totArrivThrPut=0.1665844137517366 totDeptThrPut=0.1665844137517366
meanTotTkPop=0.04915207507120072 queueUtil=0.04542336023049495
meanST=0.29505806674358404



REPORT for Queue of Queueing Place : P/category_logout----------------------------------------

queueUtilQPl=0.010615662067668737

------------------ Color = logout --------------------
arrivCnt=277253 deptCnt=277253
arrivThrPut=0.027753007915551388 deptThrPut=0.027753007915551388
meanTkPop=0.010730642723517302 tkColOcp=0.010615662067668737
-----
meanST=0.38664791781017693 stDevST=0.39688603933802574

Steady State Statistics: numBatchesST=693 batchSizeST=400 stDevStdStateMeanST=0.020155441514320055
95% c.i. = 0.3866518428680772 +/- 0.0015006305711177607



REPORT for Depository of Queueing Place : P/category_logout----------------------------------------

tkOcp=0.0

------------------ Color = logout --------------------
arrivCnt=277253 deptCnt=277253
arrivThrPut=0.027753007915551388 deptThrPut=0.027753007915551388
meanTkPop=0.0 tkColOcp=0.0
-----
meanST=0.0 stDevST=0.0

Steady State Statistics: numBatchesST=1386 batchSizeST=200 stDevStdStateMeanST=0.0
95% c.i. = 0.0 +/- 0.0



REPORT for Queue : Persistence----------------------------------------

totArrivThrPut=0.1665843136517993 totDeptThrPut=0.1665843136517993
meanTotTkPop=0.05183676889578899 queueUtil=0.04821322856872044
meanST=0.31117437025997613



REPORT for Ordinary Place : Finish_index----------------------------------------

tkOcp=1.0

------------------ Color = index --------------------
arrivCnt=277308 deptCnt=0
arrivThrPut=0.02775851341210275 deptThrPut=0.0
meanTkPop=138843.69181983112 tkColOcp=1.0
-----
meanST=NaN stDevST=NaN

Steady State Statistics: Only 0 batches collected!
Need at least 60 for steady state statistics.



REPORT for Ordinary Place : Finish_login----------------------------------------

tkOcp=1.0000000000000002

------------------ Color = login --------------------
arrivCnt=277387 deptCnt=0
arrivThrPut=0.027766421307149257 deptThrPut=0.0
meanTkPop=138856.20620087665 tkColOcp=1.0000000000000002
-----
meanST=NaN stDevST=NaN

Steady State Statistics: Only 0 batches collected!
Need at least 60 for steady state statistics.



REPORT for Ordinary Place : Finish_loginAction----------------------------------------

tkOcp=1.0

------------------ Color = loginAction --------------------
arrivCnt=277969 deptCnt=0
arrivThrPut=0.027824679470656418 deptThrPut=0.0
meanTkPop=139134.69815946274 tkColOcp=1.0
-----
meanST=NaN stDevST=NaN

Steady State Statistics: Only 0 batches collected!
Need at least 60 for steady state statistics.



REPORT for Ordinary Place : Finish_category----------------------------------------

tkOcp=1.0

------------------ Color = category --------------------
arrivCnt=277068 deptCnt=0
arrivThrPut=0.027734489427151343 deptThrPut=0.0
meanTkPop=138985.35028710452 tkColOcp=1.0
-----
meanST=NaN stDevST=NaN

Steady State Statistics: Only 0 batches collected!
Need at least 60 for steady state statistics.



REPORT for Ordinary Place : Finish_product----------------------------------------

tkOcp=1.0

------------------ Color = product --------------------
arrivCnt=277196 deptCnt=0
arrivThrPut=0.027747302219125428 deptThrPut=0.0
meanTkPop=138934.55999051448 tkColOcp=1.0
-----
meanST=NaN stDevST=NaN

Steady State Statistics: Only 0 batches collected!
Need at least 60 for steady state statistics.



REPORT for Ordinary Place : Finish_logout----------------------------------------

tkOcp=1.0000000000000002

------------------ Color = logout --------------------
arrivCnt=277253 deptCnt=0
arrivThrPut=0.027753007915551388 deptThrPut=0.0
meanTkPop=138827.07382995143 tkColOcp=1.0000000000000002
-----
meanST=NaN stDevST=NaN

Steady State Statistics: Only 0 batches collected!
Need at least 60 for steady state statistics.



REPORT REPORT for Probe : /index----------------------------------------


------------------ Color = index --------------------
-----
meanST=0.6150783121215667 stDevST=0.44623313107273893

Steady State Statistics: numBatchesST=693 batchSizeST=400 stDevStdStateMeanST=0.02281464256723198
95% c.i. = 0.6150916083600622 +/- 0.001698615735169514



REPORT REPORT for Probe : /login----------------------------------------


------------------ Color = login --------------------
-----
meanST=0.6120888264683683 stDevST=0.4521051228994227

Steady State Statistics: numBatchesST=693 batchSizeST=400 stDevStdStateMeanST=0.022687042399474718
95% c.i. = 0.6120766120704562 +/- 0.0016891155358074578



REPORT REPORT for Probe : /loginAction----------------------------------------


------------------ Color = loginAction --------------------
-----
meanST=1.6327379767714585 stDevST=0.9778280268136338

Steady State Statistics: numBatchesST=694 batchSizeST=400 stDevStdStateMeanST=0.049251119600568445
95% c.i. = 1.6326803792302997 +/- 0.003664244657624243



REPORT REPORT for Probe : /logout----------------------------------------


------------------ Color = logout --------------------
-----
meanST=1.4591811175891525 stDevST=0.8351444735811527

Steady State Statistics: numBatchesST=346 batchSizeST=800 stDevStdStateMeanST=0.030319265158562973
95% c.i. = 1.4591504674517541 +/- 0.0031946899299639103



REPORT REPORT for Probe : /category----------------------------------------


------------------ Color = category --------------------
-----
meanST=0.8089124945578992 stDevST=0.508717560107287

Steady State Statistics: numBatchesST=692 batchSizeST=400 stDevStdStateMeanST=0.025950120944704815
95% c.i. = 0.8088668661882896 +/- 0.001933456609359751



REPORT REPORT for Probe : /product----------------------------------------


------------------ Color = product --------------------
-----
meanST=1.7938539033431375 stDevST=1.0955385933909798

Steady State Statistics: numBatchesST=692 batchSizeST=400 stDevStdStateMeanST=0.05525600195116302
95% c.i. = 1.7938761450411773 +/- 0.004116939663091298



