INFO Logging to /home/yjx/workloadConfig/qpme/output/SimQPN_Output_config_2025-08-14_054745298.log
WARN Batch means correlation test was run for depository of place Workload, color 0
    However, the standard deviation of the token residence time is 0 and therefore the result of the test is ignored!
    In future runs, you should set numBMeansCorlTested to 0 to switch off the correlation test!
WARN Batch means correlation test was run for depository of place W/category, color 0
    However, the standard deviation of the token residence time is 0 and therefore the result of the test is ignored!
    In future runs, you should set numBMeansCorlTested to 0 to switch off the correlation test!
WARN Batch means correlation test was run for depository of place P/category_category, color 0
    However, the standard deviation of the token residence time is 0 and therefore the result of the test is ignored!
    In future runs, you should set numBMeansCorlTested to 0 to switch off the correlation test!
WARN Batch means correlation test was run for depository of place I/productImages_category, color 0
    However, the standard deviation of the token residence time is 0 and therefore the result of the test is ignored!
    In future runs, you should set numBMeansCorlTested to 0 to switch off the correlation test!
WARN Batch means correlation test was run for depository of place A/isLoggedIn_category, color 0
    However, the standard deviation of the token residence time is 0 and therefore the result of the test is ignored!
    In future runs, you should set numBMeansCorlTested to 0 to switch off the correlation test!
WARN Batch means correlation test was run for depository of place W/loginAction, color 0
    However, the standard deviation of the token residence time is 0 and therefore the result of the test is ignored!
    In future runs, you should set numBMeansCorlTested to 0 to switch off the correlation test!
WARN Batch means correlation test was run for depository of place A/login_loginAction, color 0
    However, the standard deviation of the token residence time is 0 and therefore the result of the test is ignored!
    In future runs, you should set numBMeansCorlTested to 0 to switch off the correlation test!
WARN Batch means correlation test was run for depository of place P/getUser_loginAction, color 0
    However, the standard deviation of the token residence time is 0 and therefore the result of the test is ignored!
    In future runs, you should set numBMeansCorlTested to 0 to switch off the correlation test!
WARN Batch means correlation test was run for depository of place I/icon_loginAction, color 0
    However, the standard deviation of the token residence time is 0 and therefore the result of the test is ignored!
    In future runs, you should set numBMeansCorlTested to 0 to switch off the correlation test!
WARN Batch means correlation test was run for depository of place W/index, color 0
    However, the standard deviation of the token residence time is 0 and therefore the result of the test is ignored!
    In future runs, you should set numBMeansCorlTested to 0 to switch off the correlation test!
WARN Batch means correlation test was run for depository of place P/categories_index, color 0
    However, the standard deviation of the token residence time is 0 and therefore the result of the test is ignored!
    In future runs, you should set numBMeansCorlTested to 0 to switch off the correlation test!
WARN Batch means correlation test was run for depository of place A/isLoggedIn_index, color 0
    However, the standard deviation of the token residence time is 0 and therefore the result of the test is ignored!
    In future runs, you should set numBMeansCorlTested to 0 to switch off the correlation test!
WARN Batch means correlation test was run for depository of place I/icon_index, color 0
    However, the standard deviation of the token residence time is 0 and therefore the result of the test is ignored!
    In future runs, you should set numBMeansCorlTested to 0 to switch off the correlation test!
WARN Batch means correlation test was run for depository of place W/login, color 0
    However, the standard deviation of the token residence time is 0 and therefore the result of the test is ignored!
    In future runs, you should set numBMeansCorlTested to 0 to switch off the correlation test!
WARN Batch means correlation test was run for depository of place P/categories_login, color 0
    However, the standard deviation of the token residence time is 0 and therefore the result of the test is ignored!
    In future runs, you should set numBMeansCorlTested to 0 to switch off the correlation test!
WARN Batch means correlation test was run for depository of place I/icon_login, color 0
    However, the standard deviation of the token residence time is 0 and therefore the result of the test is ignored!
    In future runs, you should set numBMeansCorlTested to 0 to switch off the correlation test!
WARN Batch means correlation test was run for depository of place A/isLoggedIn_login, color 0
    However, the standard deviation of the token residence time is 0 and therefore the result of the test is ignored!
    In future runs, you should set numBMeansCorlTested to 0 to switch off the correlation test!
WARN Batch means correlation test was run for depository of place W/logout, color 0
    However, the standard deviation of the token residence time is 0 and therefore the result of the test is ignored!
    In future runs, you should set numBMeansCorlTested to 0 to switch off the correlation test!
WARN Batch means correlation test was run for depository of place A/logout_logout, color 0
    However, the standard deviation of the token residence time is 0 and therefore the result of the test is ignored!
    In future runs, you should set numBMeansCorlTested to 0 to switch off the correlation test!
WARN Batch means correlation test was run for depository of place P/category_logout, color 0
    However, the standard deviation of the token residence time is 0 and therefore the result of the test is ignored!
    In future runs, you should set numBMeansCorlTested to 0 to switch off the correlation test!
WARN Batch means correlation test was run for depository of place I/icon_logout, color 0
    However, the standard deviation of the token residence time is 0 and therefore the result of the test is ignored!
    In future runs, you should set numBMeansCorlTested to 0 to switch off the correlation test!
WARN Batch means correlation test was run for depository of place W/product, color 0
    However, the standard deviation of the token residence time is 0 and therefore the result of the test is ignored!
    In future runs, you should set numBMeansCorlTested to 0 to switch off the correlation test!
WARN Batch means correlation test was run for depository of place P/getProduct_product, color 0
    However, the standard deviation of the token residence time is 0 and therefore the result of the test is ignored!
    In future runs, you should set numBMeansCorlTested to 0 to switch off the correlation test!
WARN Batch means correlation test was run for depository of place R/getAds_product, color 0
    However, the standard deviation of the token residence time is 0 and therefore the result of the test is ignored!
    In future runs, you should set numBMeansCorlTested to 0 to switch off the correlation test!
WARN Batch means correlation test was run for depository of place I/product_product, color 0
    However, the standard deviation of the token residence time is 0 and therefore the result of the test is ignored!
    In future runs, you should set numBMeansCorlTested to 0 to switch off the correlation test!
WARN Batch means correlation test was run for depository of place A/isLoggedIn_product, color 0
    However, the standard deviation of the token residence time is 0 and therefore the result of the test is ignored!
    In future runs, you should set numBMeansCorlTested to 0 to switch off the correlation test!
WARN LP-1 The simulation was stopped because of reaching max totalRunLen.
The required precision may not have been reached!
REPORT for Queue of Queueing Place : W/index----------------------------------------

queueUtilQPl=0.0034963685465917503

------------------ Color = index --------------------
arrivCnt=277712 deptCnt=277712
arrivThrPut=0.027798986818561473 deptThrPut=0.027798986818561473
meanTkPop=0.0035084587944708098 tkColOcp=0.0034963685465917503
-----
meanST=0.12620815346148517 stDevST=0.13568444279187503

Steady State Statistics: numBatchesST=694 batchSizeST=400 stDevStdStateMeanST=0.006692018670751027
95% c.i. = 0.12620791092753694 +/- 4.978809387865796E-4



REPORT for Depository of Queueing Place : W/index----------------------------------------

tkOcp=0.0

------------------ Color = index --------------------
arrivCnt=277712 deptCnt=277712
arrivThrPut=0.027798986818561473 deptThrPut=0.027798986818561473
meanTkPop=0.0 tkColOcp=0.0
-----
meanST=0.0 stDevST=0.0

Steady State Statistics: numBatchesST=1388 batchSizeST=200 stDevStdStateMeanST=0.0
95% c.i. = 0.0 +/- 0.0



REPORT for Queue : WebUI----------------------------------------

totArrivThrPut=0.16694637329702258 totDeptThrPut=0.16694637329702258
meanTotTkPop=0.03672772233587074 queueUtil=0.03527020629643952
meanST=0.21999712608627098



REPORT for Queue of Queueing Place : P/categories_index----------------------------------------

queueUtilQPl=0.003485537932659797

------------------ Color = index --------------------
arrivCnt=277712 deptCnt=277712
arrivThrPut=0.027798986818561473 deptThrPut=0.027798986818561473
meanTkPop=0.003506268870188658 tkColOcp=0.003485537932659797
-----
meanST=0.1261293763356696 stDevST=0.18213569327190102

Steady State Statistics: numBatchesST=347 batchSizeST=800 stDevStdStateMeanST=0.006506338148824611
95% c.i. = 0.12612671796549302 +/- 6.845733438183674E-4



REPORT for Depository of Queueing Place : P/categories_index----------------------------------------

tkOcp=0.0

------------------ Color = index --------------------
arrivCnt=277712 deptCnt=277712
arrivThrPut=0.027798986818561473 deptThrPut=0.027798986818561473
meanTkPop=0.0 tkColOcp=0.0
-----
meanST=0.0 stDevST=0.0

Steady State Statistics: numBatchesST=1388 batchSizeST=200 stDevStdStateMeanST=0.0
95% c.i. = 0.0 +/- 0.0



REPORT for Queue : Persistence----------------------------------------

totArrivThrPut=0.16694637329702258 totDeptThrPut=0.16694637329702258
meanTotTkPop=0.047204083762746055 queueUtil=0.04392122616357075
meanST=0.2827499803111202



REPORT for Queue of Queueing Place : A/isLoggedIn_index----------------------------------------

queueUtilQPl=0.01157226040788357

------------------ Color = index --------------------
arrivCnt=277712 deptCnt=277712
arrivThrPut=0.027798986818561473 deptThrPut=0.027798986818561473
meanTkPop=0.011711831606750343 tkColOcp=0.01157226040788357
-----
meanST=0.4213042613096357 stDevST=0.4209020876823847

Steady State Statistics: numBatchesST=694 batchSizeST=400 stDevStdStateMeanST=0.021846324182689867
95% c.i. = 0.42132065974689237 +/- 0.0016253493793514638



REPORT for Depository of Queueing Place : A/isLoggedIn_index----------------------------------------

tkOcp=0.0

------------------ Color = index --------------------
arrivCnt=277712 deptCnt=277712
arrivThrPut=0.027798986818561473 deptThrPut=0.027798986818561473
meanTkPop=0.0 tkColOcp=0.0
-----
meanST=0.0 stDevST=0.0

Steady State Statistics: numBatchesST=1388 batchSizeST=200 stDevStdStateMeanST=0.0
95% c.i. = 0.0 +/- 0.0



REPORT for Queue : Auth----------------------------------------

totArrivThrPut=0.16694637329702258 totDeptThrPut=0.16694637329702258
meanTotTkPop=0.050840569686098014 queueUtil=0.0477905172148011
meanST=0.3045323398289403



REPORT for Queue of Queueing Place : W/login----------------------------------------

queueUtilQPl=0.003534950882780278

------------------ Color = login --------------------
arrivCnt=278006 deptCnt=278006
arrivThrPut=0.027828416235096076 deptThrPut=0.027828416235096076
meanTkPop=0.003548147476267427 tkColOcp=0.003534950882780278
-----
meanST=0.12750087702772847 stDevST=0.13691190654848182

Steady State Statistics: numBatchesST=695 batchSizeST=400 stDevStdStateMeanST=0.0070997050168690795
95% c.i. = 0.12750183313481897 +/- 5.278323373087688E-4



REPORT for Depository of Queueing Place : W/login----------------------------------------

tkOcp=0.0

------------------ Color = login --------------------
arrivCnt=278006 deptCnt=278006
arrivThrPut=0.027828416235096076 deptThrPut=0.027828416235096076
meanTkPop=0.0 tkColOcp=0.0
-----
meanST=0.0 stDevST=0.0

Steady State Statistics: numBatchesST=1390 batchSizeST=200 stDevStdStateMeanST=0.0
95% c.i. = 0.0 +/- 0.0



REPORT for Queue : WebUI----------------------------------------

totArrivThrPut=0.16694637329702258 totDeptThrPut=0.16694637329702258
meanTotTkPop=0.03672772233587074 queueUtil=0.03527020629643952
meanST=0.21999712608627098



REPORT for Queue of Queueing Place : W/loginAction----------------------------------------

queueUtilQPl=0.006130759132544353

------------------ Color = loginAction --------------------
arrivCnt=277725 deptCnt=277725
arrivThrPut=0.027800288119292596 deptThrPut=0.027800288119292596
meanTkPop=0.00616910636662638 tkColOcp=0.006130759132544353
-----
meanST=0.2219080011025209 stDevST=0.22309304345879263

Steady State Statistics: numBatchesST=694 batchSizeST=400 stDevStdStateMeanST=0.011772368332702872
95% c.i. = 0.22190709753501328 +/- 8.758549677760713E-4



REPORT for Depository of Queueing Place : W/loginAction----------------------------------------

tkOcp=0.0

------------------ Color = loginAction --------------------
arrivCnt=277725 deptCnt=277725
arrivThrPut=0.027800288119292596 deptThrPut=0.027800288119292596
meanTkPop=0.0 tkColOcp=0.0
-----
meanST=0.0 stDevST=0.0

Steady State Statistics: numBatchesST=1388 batchSizeST=200 stDevStdStateMeanST=0.0
95% c.i. = 0.0 +/- 0.0



REPORT for Queue : WebUI----------------------------------------

totArrivThrPut=0.16694637329702258 totDeptThrPut=0.16694637329702258
meanTotTkPop=0.03672772233587074 queueUtil=0.03527020629643952
meanST=0.21999712608627098



REPORT for Queue of Queueing Place : A/login_loginAction----------------------------------------

queueUtilQPl=0.009282230832961024

------------------ Color = loginAction --------------------
arrivCnt=277725 deptCnt=277725
arrivThrPut=0.027800288119292596 deptThrPut=0.027800288119292596
meanTkPop=0.009369478892691343 tkColOcp=0.009282230832961024
-----
meanST=0.33702812188443454 stDevST=0.3393967515294861

Steady State Statistics: numBatchesST=694 batchSizeST=400 stDevStdStateMeanST=0.01773978423974365
95% c.i. = 0.3370348516162709 +/- 0.0013198260294398903



REPORT for Depository of Queueing Place : A/login_loginAction----------------------------------------

tkOcp=0.0

------------------ Color = loginAction --------------------
arrivCnt=277725 deptCnt=277725
arrivThrPut=0.027800288119292596 deptThrPut=0.027800288119292596
meanTkPop=0.0 tkColOcp=0.0
-----
meanST=0.0 stDevST=0.0

Steady State Statistics: numBatchesST=1388 batchSizeST=200 stDevStdStateMeanST=0.0
95% c.i. = 0.0 +/- 0.0



REPORT for Queue : Auth----------------------------------------

totArrivThrPut=0.16694637329702258 totDeptThrPut=0.16694637329702258
meanTotTkPop=0.050840569686098014 queueUtil=0.0477905172148011
meanST=0.3045323398289403



REPORT for Queue of Queueing Place : W/logout----------------------------------------

queueUtilQPl=0.00892159905812216

------------------ Color = logout --------------------
arrivCnt=278635 deptCnt=278635
arrivThrPut=0.027891379170471124 deptThrPut=0.027891379170471124
meanTkPop=0.009003775282647128 tkColOcp=0.00892159905812216
-----
meanST=0.3228157068754604 stDevST=0.3214584361516268

Steady State Statistics: numBatchesST=696 batchSizeST=400 stDevStdStateMeanST=0.015979914793941872
95% c.i. = 0.3228223844106452 +/- 0.001187183714720592



REPORT for Depository of Queueing Place : W/logout----------------------------------------

tkOcp=0.0

------------------ Color = logout --------------------
arrivCnt=278635 deptCnt=278635
arrivThrPut=0.027891379170471124 deptThrPut=0.027891379170471124
meanTkPop=0.0 tkColOcp=0.0
-----
meanST=0.0 stDevST=0.0

Steady State Statistics: numBatchesST=1393 batchSizeST=200 stDevStdStateMeanST=0.0
95% c.i. = 0.0 +/- 0.0



REPORT for Queue : WebUI----------------------------------------

totArrivThrPut=0.16694637329702258 totDeptThrPut=0.16694637329702258
meanTotTkPop=0.03672772233587074 queueUtil=0.03527020629643952
meanST=0.21999712608627098



REPORT for Queue of Queueing Place : A/logout_logout----------------------------------------

queueUtilQPl=0.01134483381988689

------------------ Color = logout --------------------
arrivCnt=278635 deptCnt=278635
arrivThrPut=0.027891379170471124 deptThrPut=0.027891379170471124
meanTkPop=0.011470170068070176 tkColOcp=0.01134483381988689
-----
meanST=0.41124427723580476 stDevST=0.4106117002169715

Steady State Statistics: numBatchesST=174 batchSizeST=1600 stDevStdStateMeanST=0.011065639130540218
95% c.i. = 0.4112122932993584 +/- 0.0016557816129666868



REPORT for Depository of Queueing Place : A/logout_logout----------------------------------------

tkOcp=0.0

------------------ Color = logout --------------------
arrivCnt=278635 deptCnt=278635
arrivThrPut=0.027891379170471124 deptThrPut=0.027891379170471124
meanTkPop=0.0 tkColOcp=0.0
-----
meanST=0.0 stDevST=0.0

Steady State Statistics: numBatchesST=1393 batchSizeST=200 stDevStdStateMeanST=0.0
95% c.i. = 0.0 +/- 0.0



REPORT for Queue : Auth----------------------------------------

totArrivThrPut=0.16694637329702258 totDeptThrPut=0.16694637329702258
meanTotTkPop=0.050840569686098014 queueUtil=0.0477905172148011
meanST=0.3045323398289403



REPORT for Queue of Queueing Place : P/getUser_loginAction----------------------------------------

queueUtilQPl=0.007229855878303732

------------------ Color = loginAction --------------------
arrivCnt=277725 deptCnt=277725
arrivThrPut=0.027800288119292596 deptThrPut=0.027800288119292596
meanTkPop=0.0072905003297011476 tkColOcp=0.007229855878303732
-----
meanST=0.2622454953854148 stDevST=0.28349639288015965

Steady State Statistics: numBatchesST=694 batchSizeST=400 stDevStdStateMeanST=0.013968655944384527
95% c.i. = 0.26224926655520947 +/- 0.0010392570429568744



REPORT for Depository of Queueing Place : P/getUser_loginAction----------------------------------------

tkOcp=0.0

------------------ Color = loginAction --------------------
arrivCnt=277725 deptCnt=277725
arrivThrPut=0.027800288119292596 deptThrPut=0.027800288119292596
meanTkPop=0.0 tkColOcp=0.0
-----
meanST=0.0 stDevST=0.0

Steady State Statistics: numBatchesST=1388 batchSizeST=200 stDevStdStateMeanST=0.0
95% c.i. = 0.0 +/- 0.0



REPORT for Queue : Persistence----------------------------------------

totArrivThrPut=0.16694637329702258 totDeptThrPut=0.16694637329702258
meanTotTkPop=0.047204083762746055 queueUtil=0.04392122616357075
meanST=0.2827499803111202



REPORT for Queue of Queueing Place : W/category----------------------------------------

queueUtilQPl=0.005986595713202784

------------------ Color = category --------------------
arrivCnt=277581 deptCnt=277581
arrivThrPut=0.027785873711194016 deptThrPut=0.027785873711194016
meanTkPop=0.006023694764888653 tkColOcp=0.005986595713202784
-----
meanST=0.2167898273597171 stDevST=0.21886733395473287

Steady State Statistics: numBatchesST=346 batchSizeST=800 stDevStdStateMeanST=0.007517171431077872
95% c.i. = 0.21679311274520321 +/- 7.920716992012713E-4



REPORT for Depository of Queueing Place : W/category----------------------------------------

tkOcp=0.0

------------------ Color = category --------------------
arrivCnt=277581 deptCnt=277581
arrivThrPut=0.027785873711194016 deptThrPut=0.027785873711194016
meanTkPop=0.0 tkColOcp=0.0
-----
meanST=0.0 stDevST=0.0

Steady State Statistics: numBatchesST=1387 batchSizeST=200 stDevStdStateMeanST=0.0
95% c.i. = 0.0 +/- 0.0



REPORT for Queue : WebUI----------------------------------------

totArrivThrPut=0.16694637329702258 totDeptThrPut=0.16694637329702258
meanTotTkPop=0.03672772233587074 queueUtil=0.03527020629643952
meanST=0.21999712608627098



REPORT for Queue of Queueing Place : W/product----------------------------------------

queueUtilQPl=0.0084036664967224

------------------ Color = product --------------------
arrivCnt=278136 deptCnt=278136
arrivThrPut=0.027841429242407293 deptThrPut=0.027841429242407293
meanTkPop=0.008474539650970342 tkColOcp=0.0084036664967224
-----
meanST=0.30438594143946307 stDevST=0.30284178569055487

Steady State Statistics: numBatchesST=695 batchSizeST=400 stDevStdStateMeanST=0.016366132292490253
95% c.i. = 0.3043949806778489 +/- 0.0012167510960137326



REPORT for Depository of Queueing Place : W/product----------------------------------------

tkOcp=0.0

------------------ Color = product --------------------
arrivCnt=278136 deptCnt=278136
arrivThrPut=0.027841429242407293 deptThrPut=0.027841429242407293
meanTkPop=0.0 tkColOcp=0.0
-----
meanST=0.0 stDevST=0.0

Steady State Statistics: numBatchesST=1390 batchSizeST=200 stDevStdStateMeanST=0.0
95% c.i. = 0.0 +/- 0.0



REPORT for Queue : WebUI----------------------------------------

totArrivThrPut=0.16694637329702258 totDeptThrPut=0.16694637329702258
meanTotTkPop=0.03672772233587074 queueUtil=0.03527020629643952
meanST=0.21999712608627098



REPORT for Queue of Queueing Place : P/category_category----------------------------------------

queueUtilQPl=0.0032717162345814897

------------------ Color = category --------------------
arrivCnt=277581 deptCnt=277581
arrivThrPut=0.027785873711194016 deptThrPut=0.027785873711194016
meanTkPop=0.003289055824460063 tkColOcp=0.0032717162345814897
-----
meanST=0.11837150987751774 stDevST=0.17480064906948056

Steady State Statistics: numBatchesST=173 batchSizeST=1600 stDevStdStateMeanST=0.004456489504909628
95% c.i. = 0.11837221644782021 +/- 6.687886066891745E-4



REPORT for Depository of Queueing Place : P/category_category----------------------------------------

tkOcp=0.0

------------------ Color = category --------------------
arrivCnt=277581 deptCnt=277581
arrivThrPut=0.027785873711194016 deptThrPut=0.027785873711194016
meanTkPop=0.0 tkColOcp=0.0
-----
meanST=0.0 stDevST=0.0

Steady State Statistics: numBatchesST=1387 batchSizeST=200 stDevStdStateMeanST=0.0
95% c.i. = 0.0 +/- 0.0



REPORT for Queue : Persistence----------------------------------------

totArrivThrPut=0.16694637329702258 totDeptThrPut=0.16694637329702258
meanTotTkPop=0.047204083762746055 queueUtil=0.04392122616357075
meanST=0.2827499803111202



REPORT for Queue of Queueing Place : P/getProduct_product----------------------------------------

queueUtilQPl=0.0036399451429475816

------------------ Color = product --------------------
arrivCnt=278136 deptCnt=278136
arrivThrPut=0.027841429242407293 deptThrPut=0.027841429242407293
meanTkPop=0.0036605595237749105 tkColOcp=0.0036399451429475816
-----
meanST=0.13147886525161745 stDevST=0.18437381017258486

Steady State Statistics: numBatchesST=695 batchSizeST=400 stDevStdStateMeanST=0.009115977222868667
95% c.i. = 0.1314816047364769 +/- 6.777334484978641E-4



REPORT for Depository of Queueing Place : P/getProduct_product----------------------------------------

tkOcp=0.0

------------------ Color = product --------------------
arrivCnt=278136 deptCnt=278136
arrivThrPut=0.027841429242407293 deptThrPut=0.027841429242407293
meanTkPop=0.0 tkColOcp=0.0
-----
meanST=0.0 stDevST=0.0

Steady State Statistics: numBatchesST=1390 batchSizeST=200 stDevStdStateMeanST=0.0
95% c.i. = 0.0 +/- 0.0



REPORT for Queue : Persistence----------------------------------------

totArrivThrPut=0.16694637329702258 totDeptThrPut=0.16694637329702258
meanTotTkPop=0.047204083762746055 queueUtil=0.04392122616357075
meanST=0.2827499803111202



REPORT for Queue of Queueing Place : R/getAds_product----------------------------------------

queueUtilQPl=0.010519357660595773

------------------ Color = product --------------------
arrivCnt=278136 deptCnt=278136
arrivThrPut=0.027841429242407293 deptThrPut=0.027841429242407293
meanTkPop=0.010636469787399806 tkColOcp=0.010519357660595773
-----
meanST=0.38203749149481986 stDevST=0.3828747911852723

Steady State Statistics: numBatchesST=695 batchSizeST=400 stDevStdStateMeanST=0.02060579348287941
95% c.i. = 0.38201925101365936 +/- 0.0015319515543712621



REPORT for Depository of Queueing Place : R/getAds_product----------------------------------------

tkOcp=0.0

------------------ Color = product --------------------
arrivCnt=278136 deptCnt=278136
arrivThrPut=0.027841429242407293 deptThrPut=0.027841429242407293
meanTkPop=0.0 tkColOcp=0.0
-----
meanST=0.0 stDevST=0.0

Steady State Statistics: numBatchesST=1390 batchSizeST=200 stDevStdStateMeanST=0.0
95% c.i. = 0.0 +/- 0.0



REPORT for Queue : Recommender----------------------------------------

totArrivThrPut=0.027841429242407293 totDeptThrPut=0.027841429242407293
meanTotTkPop=0.010636469787399806 queueUtil=0.010519357660595773
meanST=0.38203749149481986



REPORT for Queue of Queueing Place : I/productImages_category----------------------------------------

queueUtilQPl=0.011791427758323496

------------------ Color = category --------------------
arrivCnt=277581 deptCnt=277581
arrivThrPut=0.027785873711194016 deptThrPut=0.027785873711194016
meanTkPop=0.012321369918089903 tkColOcp=0.011791427758323496
-----
meanST=0.44344007484371556 stDevST=1.158386032470261

Steady State Statistics: numBatchesST=693 batchSizeST=400 stDevStdStateMeanST=0.06625577873445028
95% c.i. = 0.4434258067799708 +/- 0.004932933223590772



REPORT for Depository of Queueing Place : I/productImages_category----------------------------------------

tkOcp=0.0

------------------ Color = category --------------------
arrivCnt=277581 deptCnt=277581
arrivThrPut=0.027785873711194016 deptThrPut=0.027785873711194016
meanTkPop=0.0 tkColOcp=0.0
-----
meanST=0.0 stDevST=0.0

Steady State Statistics: numBatchesST=1387 batchSizeST=200 stDevStdStateMeanST=0.0
95% c.i. = 0.0 +/- 0.0



REPORT for Queue : ImageProvider----------------------------------------

totArrivThrPut=0.1669463732970226 totDeptThrPut=0.1669463732970226
meanTotTkPop=0.13914058351870726 queueUtil=0.10059665781070279
meanST=0.8334447809246825



REPORT for Queue of Queueing Place : I/product_product----------------------------------------

queueUtilQPl=0.011823724132357992

------------------ Color = product --------------------
arrivCnt=278136 deptCnt=278136
arrivThrPut=0.027841429242407293 deptThrPut=0.027841429242407293
meanTkPop=0.012389393400576631 tkColOcp=0.011823724132357992
-----
meanST=0.4449984694645435 stDevST=1.1471361488743472

Steady State Statistics: numBatchesST=695 batchSizeST=400 stDevStdStateMeanST=0.06455265148944385
95% c.i. = 0.4450254048244289 +/- 0.004799210225522506



REPORT for Depository of Queueing Place : I/product_product----------------------------------------

tkOcp=0.0

------------------ Color = product --------------------
arrivCnt=278136 deptCnt=278136
arrivThrPut=0.027841429242407293 deptThrPut=0.027841429242407293
meanTkPop=0.0 tkColOcp=0.0
-----
meanST=0.0 stDevST=0.0

Steady State Statistics: numBatchesST=1390 batchSizeST=200 stDevStdStateMeanST=0.0
95% c.i. = 0.0 +/- 0.0



REPORT for Queue : ImageProvider----------------------------------------

totArrivThrPut=0.1669463732970226 totDeptThrPut=0.1669463732970226
meanTotTkPop=0.13914058351870726 queueUtil=0.10059665781070279
meanST=0.8334447809246825



REPORT for Queue of Queueing Place : Workload----------------------------------------

queueUtilQPl=1.0

------------------ Color = workload --------------------
arrivCnt=1667795 deptCnt=1667795
arrivThrPut=0.16694637329702258 deptThrPut=0.16694637329702258
meanTkPop=1.0 tkColOcp=1.0
-----
meanST=5.98994743192684 stDevST=5.98618799149176

Steady State Statistics: numBatchesST=4169 batchSizeST=400 stDevStdStateMeanST=0.29837698944336316
95% c.i. = 5.989942386629046 +/- 0.009057273269539971



REPORT for Depository of Queueing Place : Workload----------------------------------------

tkOcp=0.0

------------------ Color = workload --------------------
arrivCnt=1667795 deptCnt=1667795
arrivThrPut=0.16694637329702258 deptThrPut=0.16694637329702258
meanTkPop=0.0 tkColOcp=0.0
-----
meanST=0.0 stDevST=0.0

Steady State Statistics: numBatchesST=8338 batchSizeST=200 stDevStdStateMeanST=0.0
95% c.i. = 0.0 +/- 0.0



REPORT for Queue : Workload----------------------------------------

totArrivThrPut=0.16694637329702258 totDeptThrPut=0.16694637329702258
meanTotTkPop=1.0 queueUtil=1.0
meanST=5.98994743192684



REPORT for Queue of Queueing Place : I/icon_index----------------------------------------

queueUtilQPl=0.008937248125512222

------------------ Color = index --------------------
arrivCnt=277712 deptCnt=277712
arrivThrPut=0.027798986818561473 deptThrPut=0.027798986818561473
meanTkPop=0.00945463161234869 tkColOcp=0.008937248125512222
-----
meanST=0.3401070576441226 stDevST=1.138505476742843

Steady State Statistics: numBatchesST=694 batchSizeST=400 stDevStdStateMeanST=0.06320407040458383
95% c.i. = 0.3400542753559328 +/- 0.004702333250459341



REPORT for Depository of Queueing Place : I/icon_index----------------------------------------

tkOcp=0.0

------------------ Color = index --------------------
arrivCnt=277712 deptCnt=277712
arrivThrPut=0.027798986818561473 deptThrPut=0.027798986818561473
meanTkPop=0.0 tkColOcp=0.0
-----
meanST=0.0 stDevST=0.0

Steady State Statistics: numBatchesST=1388 batchSizeST=200 stDevStdStateMeanST=0.0
95% c.i. = 0.0 +/- 0.0



REPORT for Queue : ImageProvider----------------------------------------

totArrivThrPut=0.1669463732970226 totDeptThrPut=0.1669463732970226
meanTotTkPop=0.13914058351870726 queueUtil=0.10059665781070279
meanST=0.8334447809246825



REPORT for Queue of Queueing Place : P/categories_login----------------------------------------

queueUtilQPl=0.010682795170283386

------------------ Color = login --------------------
arrivCnt=278006 deptCnt=278006
arrivThrPut=0.027828416235096076 deptThrPut=0.027828416235096076
meanTkPop=0.010800343070293365 tkColOcp=0.010682795170283386
-----
meanST=0.3881048414344331 stDevST=0.39559455907884317

Steady State Statistics: numBatchesST=695 batchSizeST=400 stDevStdStateMeanST=0.02029931841595211
95% c.i. = 0.3881079587284841 +/- 0.0015091664597062396



REPORT for Depository of Queueing Place : P/categories_login----------------------------------------

tkOcp=0.0

------------------ Color = login --------------------
arrivCnt=278006 deptCnt=278006
arrivThrPut=0.027828416235096076 deptThrPut=0.027828416235096076
meanTkPop=0.0 tkColOcp=0.0
-----
meanST=0.0 stDevST=0.0

Steady State Statistics: numBatchesST=1390 batchSizeST=200 stDevStdStateMeanST=0.0
95% c.i. = 0.0 +/- 0.0



REPORT for Queue : Persistence----------------------------------------

totArrivThrPut=0.16694637329702258 totDeptThrPut=0.16694637329702258
meanTotTkPop=0.047204083762746055 queueUtil=0.04392122616357075
meanST=0.2827499803111202



REPORT for Queue of Queueing Place : I/icon_login----------------------------------------

queueUtilQPl=0.07474630789866588

------------------ Color = login --------------------
arrivCnt=278006 deptCnt=278006
arrivThrPut=0.027828416235096076 deptThrPut=0.027828416235096076
meanTkPop=0.08081120317504223 tkColOcp=0.07474630789866588
-----
meanST=2.9039095323407733 stDevST=2.897107804055071

Steady State Statistics: numBatchesST=695 batchSizeST=400 stDevStdStateMeanST=0.16639979828739554
95% c.i. = 2.903953651557733 +/- 0.012371104749993768



REPORT for Depository of Queueing Place : I/icon_login----------------------------------------

tkOcp=0.0

------------------ Color = login --------------------
arrivCnt=278006 deptCnt=278006
arrivThrPut=0.027828416235096076 deptThrPut=0.027828416235096076
meanTkPop=0.0 tkColOcp=0.0
-----
meanST=0.0 stDevST=0.0

Steady State Statistics: numBatchesST=1390 batchSizeST=200 stDevStdStateMeanST=0.0
95% c.i. = 0.0 +/- 0.0



REPORT for Queue : ImageProvider----------------------------------------

totArrivThrPut=0.1669463732970226 totDeptThrPut=0.1669463732970226
meanTotTkPop=0.13914058351870726 queueUtil=0.10059665781070279
meanST=0.8334447809246825



REPORT for Queue of Queueing Place : A/isLoggedIn_login----------------------------------------

queueUtilQPl=0.003023684239501698

------------------ Color = login --------------------
arrivCnt=278006 deptCnt=278006
arrivThrPut=0.027828416235096076 deptThrPut=0.027828416235096076
meanTkPop=0.0030349269924782093 tkColOcp=0.003023684239501698
-----
meanST=0.10905855966933116 stDevST=0.13853564021577336

Steady State Statistics: numBatchesST=695 batchSizeST=400 stDevStdStateMeanST=0.0069037510931312385
95% c.i. = 0.10905937004657285 +/- 5.13264011254994E-4



REPORT for Depository of Queueing Place : A/isLoggedIn_login----------------------------------------

tkOcp=0.0

------------------ Color = login --------------------
arrivCnt=278006 deptCnt=278006
arrivThrPut=0.027828416235096076 deptThrPut=0.027828416235096076
meanTkPop=0.0 tkColOcp=0.0
-----
meanST=0.0 stDevST=0.0

Steady State Statistics: numBatchesST=1390 batchSizeST=200 stDevStdStateMeanST=0.0
95% c.i. = 0.0 +/- 0.0



REPORT for Queue : Auth----------------------------------------

totArrivThrPut=0.16694637329702258 totDeptThrPut=0.16694637329702258
meanTotTkPop=0.050840569686098014 queueUtil=0.0477905172148011
meanST=0.3045323398289403



REPORT for Queue of Queueing Place : A/isLoggedIn_category----------------------------------------

queueUtilQPl=0.003592483791824941

------------------ Color = category --------------------
arrivCnt=277581 deptCnt=277581
arrivThrPut=0.027785873711194016 deptThrPut=0.027785873711194016
meanTkPop=0.0036197128600087207 tkColOcp=0.003592483791824941
-----
meanST=0.13027169480549597 stDevST=0.1643981295084061

Steady State Statistics: numBatchesST=693 batchSizeST=400 stDevStdStateMeanST=0.008777330876838631
95% c.i. = 0.13027916938803502 +/- 6.534975201233766E-4



REPORT for Depository of Queueing Place : A/isLoggedIn_category----------------------------------------

tkOcp=0.0

------------------ Color = category --------------------
arrivCnt=277581 deptCnt=277581
arrivThrPut=0.027785873711194016 deptThrPut=0.027785873711194016
meanTkPop=0.0 tkColOcp=0.0
-----
meanST=0.0 stDevST=0.0

Steady State Statistics: numBatchesST=1387 batchSizeST=200 stDevStdStateMeanST=0.0
95% c.i. = 0.0 +/- 0.0



REPORT for Queue : Auth----------------------------------------

totArrivThrPut=0.16694637329702258 totDeptThrPut=0.16694637329702258
meanTotTkPop=0.050840569686098014 queueUtil=0.0477905172148011
meanST=0.3045323398289403



REPORT for Queue of Queueing Place : I/icon_logout----------------------------------------

queueUtilQPl=0.00833197048209947

------------------ Color = logout --------------------
arrivCnt=278635 deptCnt=278635
arrivThrPut=0.027891379170471124 deptThrPut=0.027891379170471124
meanTkPop=0.008763078471380142 tkColOcp=0.00833197048209947
-----
meanST=0.3141859145014134 stDevST=1.0743319385086156

Steady State Statistics: numBatchesST=348 batchSizeST=800 stDevStdStateMeanST=0.040269807332594804
95% c.i. = 0.31411207297506066 +/- 0.004230951245093633



REPORT for Depository of Queueing Place : I/icon_logout----------------------------------------

tkOcp=0.0

------------------ Color = logout --------------------
arrivCnt=278635 deptCnt=278635
arrivThrPut=0.027891379170471124 deptThrPut=0.027891379170471124
meanTkPop=0.0 tkColOcp=0.0
-----
meanST=0.0 stDevST=0.0

Steady State Statistics: numBatchesST=1393 batchSizeST=200 stDevStdStateMeanST=0.0
95% c.i. = 0.0 +/- 0.0



REPORT for Queue : ImageProvider----------------------------------------

totArrivThrPut=0.1669463732970226 totDeptThrPut=0.1669463732970226
meanTotTkPop=0.13914058351870726 queueUtil=0.10059665781070279
meanST=0.8334447809246825



REPORT for Queue of Queueing Place : I/icon_loginAction----------------------------------------

queueUtilQPl=0.01481032004601273

------------------ Color = loginAction --------------------
arrivCnt=277725 deptCnt=277725
arrivThrPut=0.027800288119292596 deptThrPut=0.027800288119292596
meanTkPop=0.015400906941269655 tkColOcp=0.01481032004601273
-----
meanST=0.5539837168299658 stDevST=1.1738213359656795

Steady State Statistics: numBatchesST=694 batchSizeST=400 stDevStdStateMeanST=0.06480934063826749
95% c.i. = 0.5538168424096862 +/- 0.004821764096408083



REPORT for Depository of Queueing Place : I/icon_loginAction----------------------------------------

tkOcp=0.0

------------------ Color = loginAction --------------------
arrivCnt=277725 deptCnt=277725
arrivThrPut=0.027800288119292596 deptThrPut=0.027800288119292596
meanTkPop=0.0 tkColOcp=0.0
-----
meanST=0.0 stDevST=0.0

Steady State Statistics: numBatchesST=1388 batchSizeST=200 stDevStdStateMeanST=0.0
95% c.i. = 0.0 +/- 0.0



REPORT for Queue : ImageProvider----------------------------------------

totArrivThrPut=0.1669463732970226 totDeptThrPut=0.1669463732970226
meanTotTkPop=0.13914058351870726 queueUtil=0.10059665781070279
meanST=0.8334447809246825



REPORT for Queue of Queueing Place : A/isLoggedIn_product----------------------------------------

queueUtilQPl=0.011455594531737993

------------------ Color = product --------------------
arrivCnt=278136 deptCnt=278136
arrivThrPut=0.027841429242407293 deptThrPut=0.027841429242407293
meanTkPop=0.011634449266099214 tkColOcp=0.011455594531737993
-----
meanST=0.41788261532126886 stDevST=0.41468440038812027

Steady State Statistics: numBatchesST=695 batchSizeST=400 stDevStdStateMeanST=0.020553535149209518
95% c.i. = 0.4178471653580941 +/- 0.0015280663734603228



REPORT for Depository of Queueing Place : A/isLoggedIn_product----------------------------------------

tkOcp=0.0

------------------ Color = product --------------------
arrivCnt=278136 deptCnt=278136
arrivThrPut=0.027841429242407293 deptThrPut=0.027841429242407293
meanTkPop=0.0 tkColOcp=0.0
-----
meanST=0.0 stDevST=0.0

Steady State Statistics: numBatchesST=1390 batchSizeST=200 stDevStdStateMeanST=0.0
95% c.i. = 0.0 +/- 0.0



REPORT for Queue : Auth----------------------------------------

totArrivThrPut=0.16694637329702258 totDeptThrPut=0.16694637329702258
meanTotTkPop=0.050840569686098014 queueUtil=0.0477905172148011
meanST=0.3045323398289403



REPORT for Queue of Queueing Place : P/category_logout----------------------------------------

queueUtilQPl=0.01832138896708456

------------------ Color = logout --------------------
arrivCnt=278635 deptCnt=278635
arrivThrPut=0.027891379170471124 deptThrPut=0.027891379170471124
meanTkPop=0.018657356144327914 tkColOcp=0.01832138896708456
-----
meanST=0.6689291350669615 stDevST=0.6660003082920688

Steady State Statistics: numBatchesST=696 batchSizeST=400 stDevStdStateMeanST=0.0362141453220076
95% c.i. = 0.6689212412169796 +/- 0.0026904300882199506



REPORT for Depository of Queueing Place : P/category_logout----------------------------------------

tkOcp=0.0

------------------ Color = logout --------------------
arrivCnt=278635 deptCnt=278635
arrivThrPut=0.027891379170471124 deptThrPut=0.027891379170471124
meanTkPop=0.0 tkColOcp=0.0
-----
meanST=0.0 stDevST=0.0

Steady State Statistics: numBatchesST=1393 batchSizeST=200 stDevStdStateMeanST=0.0
95% c.i. = 0.0 +/- 0.0



REPORT for Queue : Persistence----------------------------------------

totArrivThrPut=0.16694637329702258 totDeptThrPut=0.16694637329702258
meanTotTkPop=0.047204083762746055 queueUtil=0.04392122616357075
meanST=0.2827499803111202



REPORT for Ordinary Place : Finish_index----------------------------------------

tkOcp=1.0

------------------ Color = index --------------------
arrivCnt=277712 deptCnt=0
arrivThrPut=0.027798986818561473 deptThrPut=0.0
meanTkPop=139179.54380088576 tkColOcp=1.0
-----
meanST=NaN stDevST=NaN

Steady State Statistics: Only 0 batches collected!
Need at least 60 for steady state statistics.



REPORT for Ordinary Place : Finish_login----------------------------------------

tkOcp=1.0

------------------ Color = login --------------------
arrivCnt=278006 deptCnt=0
arrivThrPut=0.027828416235096076 deptThrPut=0.0
meanTkPop=139258.41361948458 tkColOcp=1.0
-----
meanST=NaN stDevST=NaN

Steady State Statistics: Only 0 batches collected!
Need at least 60 for steady state statistics.



REPORT for Ordinary Place : Finish_loginAction----------------------------------------

tkOcp=1.0

------------------ Color = loginAction --------------------
arrivCnt=277725 deptCnt=0
arrivThrPut=0.027800288119292596 deptThrPut=0.0
meanTkPop=139293.22745755815 tkColOcp=1.0
-----
meanST=NaN stDevST=NaN

Steady State Statistics: Only 0 batches collected!
Need at least 60 for steady state statistics.



REPORT for Ordinary Place : Finish_category----------------------------------------

tkOcp=1.0

------------------ Color = category --------------------
arrivCnt=277581 deptCnt=0
arrivThrPut=0.027785873711194016 deptThrPut=0.0
meanTkPop=139106.62364296644 tkColOcp=1.0
-----
meanST=NaN stDevST=NaN

Steady State Statistics: Only 0 batches collected!
Need at least 60 for steady state statistics.



REPORT for Ordinary Place : Finish_product----------------------------------------

tkOcp=1.0

------------------ Color = product --------------------
arrivCnt=278136 deptCnt=0
arrivThrPut=0.027841429242407293 deptThrPut=0.0
meanTkPop=139292.23702388493 tkColOcp=1.0
-----
meanST=NaN stDevST=NaN

Steady State Statistics: Only 0 batches collected!
Need at least 60 for steady state statistics.



REPORT for Ordinary Place : Finish_logout----------------------------------------

tkOcp=1.0

------------------ Color = logout --------------------
arrivCnt=278635 deptCnt=0
arrivThrPut=0.027891379170471124 deptThrPut=0.0
meanTkPop=139821.16477673437 tkColOcp=1.0
-----
meanST=NaN stDevST=NaN

Steady State Statistics: Only 0 batches collected!
Need at least 60 for steady state statistics.



REPORT REPORT for Probe : /index----------------------------------------


------------------ Color = index --------------------
-----
meanST=1.013748848750913 stDevST=1.2412513609892966

Steady State Statistics: numBatchesST=694 batchSizeST=400 stDevStdStateMeanST=0.0694167060258494
95% c.i. = 1.0137095639958573 +/- 0.005164548466470912



REPORT REPORT for Probe : /login----------------------------------------


------------------ Color = login --------------------
-----
meanST=3.5285738104722664 stDevST=2.9311522550472078

Steady State Statistics: numBatchesST=695 batchSizeST=400 stDevStdStateMeanST=0.1677311766863883
95% c.i. = 3.528622813467609 +/- 0.01247008697115831



REPORT REPORT for Probe : /loginAction----------------------------------------


------------------ Color = loginAction --------------------
-----
meanST=1.3751653352023363 stDevST=1.2801178313407122

Steady State Statistics: numBatchesST=694 batchSizeST=400 stDevStdStateMeanST=0.0692691599233714
95% c.i. = 1.3750080581161814 +/- 0.005153571152205917



REPORT REPORT for Probe : /logout----------------------------------------


------------------ Color = logout --------------------
-----
meanST=1.71717503367964 stDevST=1.3555601689746093

Steady State Statistics: numBatchesST=696 batchSizeST=400 stDevStdStateMeanST=0.07529488240859442
95% c.i. = 1.717067991902045 +/- 0.005593825708706117



REPORT REPORT for Probe : /category----------------------------------------


------------------ Color = category --------------------
-----
meanST=0.9088731068864464 stDevST=1.21610037316719

Steady State Statistics: numBatchesST=693 batchSizeST=400 stDevStdStateMeanST=0.0684977202683552
95% c.i. = 0.9088884982337256 +/- 0.005099852216759246



REPORT REPORT for Probe : /product----------------------------------------


------------------ Color = product --------------------
-----
meanST=1.6807833829717127 stDevST=1.3360591389793928

Steady State Statistics: numBatchesST=695 batchSizeST=400 stDevStdStateMeanST=0.0739293150150808
95% c.i. = 1.6807684066105093 +/- 0.005496324572264399



