INFO Logging to /home/yjx/workloadConfig/qpme/output/SimQPN_Output_config_2025-08-14_043305186.log
WARN Batch means correlation test was run for depository of place Workload, color 0
    However, the standard deviation of the token residence time is 0 and therefore the result of the test is ignored!
    In future runs, you should set numBMeansCorlTested to 0 to switch off the correlation test!
WARN Batch means correlation test was run for depository of place W/loginAction, color 0
    However, the standard deviation of the token residence time is 0 and therefore the result of the test is ignored!
    In future runs, you should set numBMeansCorlTested to 0 to switch off the correlation test!
WARN Batch means correlation test was run for depository of place A/login_loginAction, color 0
    However, the standard deviation of the token residence time is 0 and therefore the result of the test is ignored!
    In future runs, you should set numBMeansCorlTested to 0 to switch off the correlation test!
WARN Batch means correlation test was run for depository of place P/getUser_loginAction, color 0
    However, the standard deviation of the token residence time is 0 and therefore the result of the test is ignored!
    In future runs, you should set numBMeansCorlTested to 0 to switch off the correlation test!
WARN Batch means correlation test was run for depository of place I/icon_loginAction, color 0
    However, the standard deviation of the token residence time is 0 and therefore the result of the test is ignored!
    In future runs, you should set numBMeansCorlTested to 0 to switch off the correlation test!
WARN Batch means correlation test was run for depository of place W/index, color 0
    However, the standard deviation of the token residence time is 0 and therefore the result of the test is ignored!
    In future runs, you should set numBMeansCorlTested to 0 to switch off the correlation test!
WARN Batch means correlation test was run for depository of place P/categories_index, color 0
    However, the standard deviation of the token residence time is 0 and therefore the result of the test is ignored!
    In future runs, you should set numBMeansCorlTested to 0 to switch off the correlation test!
WARN Batch means correlation test was run for depository of place A/isLoggedIn_index, color 0
    However, the standard deviation of the token residence time is 0 and therefore the result of the test is ignored!
    In future runs, you should set numBMeansCorlTested to 0 to switch off the correlation test!
WARN Batch means correlation test was run for depository of place I/icon_index, color 0
    However, the standard deviation of the token residence time is 0 and therefore the result of the test is ignored!
    In future runs, you should set numBMeansCorlTested to 0 to switch off the correlation test!
WARN Batch means correlation test was run for depository of place W/logout, color 0
    However, the standard deviation of the token residence time is 0 and therefore the result of the test is ignored!
    In future runs, you should set numBMeansCorlTested to 0 to switch off the correlation test!
WARN Batch means correlation test was run for depository of place A/logout_logout, color 0
    However, the standard deviation of the token residence time is 0 and therefore the result of the test is ignored!
    In future runs, you should set numBMeansCorlTested to 0 to switch off the correlation test!
WARN Batch means correlation test was run for depository of place P/category_logout, color 0
    However, the standard deviation of the token residence time is 0 and therefore the result of the test is ignored!
    In future runs, you should set numBMeansCorlTested to 0 to switch off the correlation test!
WARN Batch means correlation test was run for depository of place I/icon_logout, color 0
    However, the standard deviation of the token residence time is 0 and therefore the result of the test is ignored!
    In future runs, you should set numBMeansCorlTested to 0 to switch off the correlation test!
WARN Batch means correlation test was run for depository of place W/product, color 0
    However, the standard deviation of the token residence time is 0 and therefore the result of the test is ignored!
    In future runs, you should set numBMeansCorlTested to 0 to switch off the correlation test!
WARN Batch means correlation test was run for depository of place P/getProduct_product, color 0
    However, the standard deviation of the token residence time is 0 and therefore the result of the test is ignored!
    In future runs, you should set numBMeansCorlTested to 0 to switch off the correlation test!
WARN Batch means correlation test was run for depository of place R/getAds_product, color 0
    However, the standard deviation of the token residence time is 0 and therefore the result of the test is ignored!
    In future runs, you should set numBMeansCorlTested to 0 to switch off the correlation test!
WARN Batch means correlation test was run for depository of place I/product_product, color 0
    However, the standard deviation of the token residence time is 0 and therefore the result of the test is ignored!
    In future runs, you should set numBMeansCorlTested to 0 to switch off the correlation test!
WARN Batch means correlation test was run for depository of place A/isLoggedIn_product, color 0
    However, the standard deviation of the token residence time is 0 and therefore the result of the test is ignored!
    In future runs, you should set numBMeansCorlTested to 0 to switch off the correlation test!
WARN Batch means correlation test was run for depository of place W/login, color 0
    However, the standard deviation of the token residence time is 0 and therefore the result of the test is ignored!
    In future runs, you should set numBMeansCorlTested to 0 to switch off the correlation test!
WARN Batch means correlation test was run for depository of place P/categories_login, color 0
    However, the standard deviation of the token residence time is 0 and therefore the result of the test is ignored!
    In future runs, you should set numBMeansCorlTested to 0 to switch off the correlation test!
WARN Batch means correlation test was run for depository of place I/icon_login, color 0
    However, the standard deviation of the token residence time is 0 and therefore the result of the test is ignored!
    In future runs, you should set numBMeansCorlTested to 0 to switch off the correlation test!
WARN Batch means correlation test was run for depository of place A/isLoggedIn_login, color 0
    However, the standard deviation of the token residence time is 0 and therefore the result of the test is ignored!
    In future runs, you should set numBMeansCorlTested to 0 to switch off the correlation test!
WARN Batch means correlation test was run for depository of place W/category, color 0
    However, the standard deviation of the token residence time is 0 and therefore the result of the test is ignored!
    In future runs, you should set numBMeansCorlTested to 0 to switch off the correlation test!
WARN Batch means correlation test was run for depository of place P/category_category, color 0
    However, the standard deviation of the token residence time is 0 and therefore the result of the test is ignored!
    In future runs, you should set numBMeansCorlTested to 0 to switch off the correlation test!
WARN Batch means correlation test was run for depository of place I/productImages_category, color 0
    However, the standard deviation of the token residence time is 0 and therefore the result of the test is ignored!
    In future runs, you should set numBMeansCorlTested to 0 to switch off the correlation test!
WARN Batch means correlation test was run for depository of place A/isLoggedIn_category, color 0
    However, the standard deviation of the token residence time is 0 and therefore the result of the test is ignored!
    In future runs, you should set numBMeansCorlTested to 0 to switch off the correlation test!
WARN LP-1 The simulation was stopped because of reaching max totalRunLen.
The required precision may not have been reached!
REPORT for Queue of Queueing Place : W/index----------------------------------------

queueUtilQPl=0.004486174267839393

------------------ Color = index --------------------
arrivCnt=277488 deptCnt=277488
arrivThrPut=0.02777658402504263 deptThrPut=0.02777658402504263
meanTkPop=0.004556543887130336 tkColOcp=0.004486174267839393
-----
meanST=0.16404262968485528 stDevST=0.38584086516441785

Steady State Statistics: numBatchesST=693 batchSizeST=400 stDevStdStateMeanST=0.020372112311931544
95% c.i. = 0.16402182669471735 +/- 0.0015167623349659138



REPORT for Depository of Queueing Place : W/index----------------------------------------

tkOcp=0.0

------------------ Color = index --------------------
arrivCnt=277488 deptCnt=277488
arrivThrPut=0.02777658402504263 deptThrPut=0.02777658402504263
meanTkPop=0.0 tkColOcp=0.0
-----
meanST=0.0 stDevST=0.0

Steady State Statistics: numBatchesST=1387 batchSizeST=200 stDevStdStateMeanST=0.0
95% c.i. = 0.0 +/- 0.0



REPORT for Queue : WebUI----------------------------------------

totArrivThrPut=0.16669614079671677 totDeptThrPut=0.16669614079671677
meanTotTkPop=0.07181070462080856 queueUtil=0.062123405758880576
meanST=0.43078804510765817



REPORT for Queue of Queueing Place : P/categories_index----------------------------------------

queueUtilQPl=0.006578750218079104

------------------ Color = index --------------------
arrivCnt=277488 deptCnt=277488
arrivThrPut=0.02777658402504263 deptThrPut=0.02777658402504263
meanTkPop=0.006642864218330125 tkColOcp=0.006578750218079104
-----
meanST=0.2391533895003466 stDevST=0.3036183556674751

Steady State Statistics: numBatchesST=693 batchSizeST=400 stDevStdStateMeanST=0.01570974630607025
95% c.i. = 0.23916340309799 +/- 0.0011696357807217512



REPORT for Depository of Queueing Place : P/categories_index----------------------------------------

tkOcp=0.0

------------------ Color = index --------------------
arrivCnt=277488 deptCnt=277488
arrivThrPut=0.02777658402504263 deptThrPut=0.02777658402504263
meanTkPop=0.0 tkColOcp=0.0
-----
meanST=0.0 stDevST=0.0

Steady State Statistics: numBatchesST=1387 batchSizeST=200 stDevStdStateMeanST=0.0
95% c.i. = 0.0 +/- 0.0



REPORT for Queue : Persistence----------------------------------------

totArrivThrPut=0.16669614079671677 totDeptThrPut=0.16669614079671677
meanTotTkPop=0.06032461465173798 queueUtil=0.054955728295391484
meanST=0.3618836906686572



REPORT for Queue of Queueing Place : A/isLoggedIn_index----------------------------------------

queueUtilQPl=0.01636122620238566

------------------ Color = index --------------------
arrivCnt=277488 deptCnt=277488
arrivThrPut=0.02777658402504263 deptThrPut=0.02777658402504263
meanTkPop=0.017930458378867944 tkColOcp=0.01636122620238566
-----
meanST=0.6455242431071553 stDevST=1.9803217790767083

Steady State Statistics: numBatchesST=693 batchSizeST=400 stDevStdStateMeanST=0.11753698968926647
95% c.i. = 0.6456767979656778 +/- 0.008750966821518248



REPORT for Depository of Queueing Place : A/isLoggedIn_index----------------------------------------

tkOcp=0.0

------------------ Color = index --------------------
arrivCnt=277488 deptCnt=277488
arrivThrPut=0.02777658402504263 deptThrPut=0.02777658402504263
meanTkPop=0.0 tkColOcp=0.0
-----
meanST=0.0 stDevST=0.0

Steady State Statistics: numBatchesST=1387 batchSizeST=200 stDevStdStateMeanST=0.0
95% c.i. = 0.0 +/- 0.0



REPORT for Queue : Auth----------------------------------------

totArrivThrPut=0.16669614079671677 totDeptThrPut=0.16669614079671677
meanTotTkPop=0.24770157758516625 queueUtil=0.1615899971298688
meanST=1.4859466835961983



REPORT for Queue of Queueing Place : W/login----------------------------------------

queueUtilQPl=0.03549660211232953

------------------ Color = login --------------------
arrivCnt=278036 deptCnt=278036
arrivThrPut=0.027831438894607166 deptThrPut=0.027831438894607166
meanTkPop=0.03681435147918515 tkColOcp=0.03549660211232953
-----
meanST=1.3227613426166975 stDevST=1.318112491243499

Steady State Statistics: numBatchesST=695 batchSizeST=400 stDevStdStateMeanST=0.07136571429343679
95% c.i. = 1.3227800682806254 +/- 0.005305731955019501



REPORT for Depository of Queueing Place : W/login----------------------------------------

tkOcp=0.0

------------------ Color = login --------------------
arrivCnt=278036 deptCnt=278036
arrivThrPut=0.027831438894607166 deptThrPut=0.027831438894607166
meanTkPop=0.0 tkColOcp=0.0
-----
meanST=0.0 stDevST=0.0

Steady State Statistics: numBatchesST=1390 batchSizeST=200 stDevStdStateMeanST=0.0
95% c.i. = 0.0 +/- 0.0



REPORT for Queue : WebUI----------------------------------------

totArrivThrPut=0.16669614079671677 totDeptThrPut=0.16669614079671677
meanTotTkPop=0.07181070462080856 queueUtil=0.062123405758880576
meanST=0.43078804510765817



REPORT for Queue of Queueing Place : W/loginAction----------------------------------------

queueUtilQPl=0.00453866442877603

------------------ Color = loginAction --------------------
arrivCnt=277567 deptCnt=277567
arrivThrPut=0.027784491935071095 deptThrPut=0.027784491935071095
meanTkPop=0.00460199354054017 tkColOcp=0.00453866442877603
-----
meanST=0.16563173266923353 stDevST=0.38049211693576435

Steady State Statistics: numBatchesST=693 batchSizeST=400 stDevStdStateMeanST=0.019946207485195436
95% c.i. = 0.1656254024209999 +/- 0.0014850524960654497



REPORT for Depository of Queueing Place : W/loginAction----------------------------------------

tkOcp=0.0

------------------ Color = loginAction --------------------
arrivCnt=277567 deptCnt=277567
arrivThrPut=0.027784491935071095 deptThrPut=0.027784491935071095
meanTkPop=0.0 tkColOcp=0.0
-----
meanST=0.0 stDevST=0.0

Steady State Statistics: numBatchesST=1387 batchSizeST=200 stDevStdStateMeanST=0.0
95% c.i. = 0.0 +/- 0.0



REPORT for Queue : WebUI----------------------------------------

totArrivThrPut=0.16669614079671677 totDeptThrPut=0.16669614079671677
meanTotTkPop=0.07181070462080856 queueUtil=0.062123405758880576
meanST=0.43078804510765817



REPORT for Queue of Queueing Place : A/login_loginAction----------------------------------------

queueUtilQPl=0.03001615242447679

------------------ Color = loginAction --------------------
arrivCnt=277567 deptCnt=277567
arrivThrPut=0.027784491935071095 deptThrPut=0.027784491935071095
meanTkPop=0.031968821407458985 tkColOcp=0.03001615242447679
-----
meanST=1.1505994596613878 stDevST=2.0508306186057172

Steady State Statistics: numBatchesST=693 batchSizeST=400 stDevStdStateMeanST=0.12692248006535276
95% c.i. = 1.150737983608062 +/- 0.009449743564924245



REPORT for Depository of Queueing Place : A/login_loginAction----------------------------------------

tkOcp=0.0

------------------ Color = loginAction --------------------
arrivCnt=277567 deptCnt=277567
arrivThrPut=0.027784491935071095 deptThrPut=0.027784491935071095
meanTkPop=0.0 tkColOcp=0.0
-----
meanST=0.0 stDevST=0.0

Steady State Statistics: numBatchesST=1387 batchSizeST=200 stDevStdStateMeanST=0.0
95% c.i. = 0.0 +/- 0.0



REPORT for Queue : Auth----------------------------------------

totArrivThrPut=0.16669614079671677 totDeptThrPut=0.16669614079671677
meanTotTkPop=0.24770157758516625 queueUtil=0.1615899971298688
meanST=1.4859466835961983



REPORT for Queue of Queueing Place : W/logout----------------------------------------

queueUtilQPl=0.004424107754536129

------------------ Color = logout --------------------
arrivCnt=277552 deptCnt=277552
arrivThrPut=0.027782990433166958 deptThrPut=0.027782990433166958
meanTkPop=0.0044871714251024375 tkColOcp=0.004424107754536129
-----
meanST=0.16150786344963475 stDevST=0.3818845546047803

Steady State Statistics: numBatchesST=693 batchSizeST=400 stDevStdStateMeanST=0.019353085308414567
95% c.i. = 0.1615332295836678 +/- 0.0014408928446753811



REPORT for Depository of Queueing Place : W/logout----------------------------------------

tkOcp=0.0

------------------ Color = logout --------------------
arrivCnt=277552 deptCnt=277552
arrivThrPut=0.027782990433166958 deptThrPut=0.027782990433166958
meanTkPop=0.0 tkColOcp=0.0
-----
meanST=0.0 stDevST=0.0

Steady State Statistics: numBatchesST=1387 batchSizeST=200 stDevStdStateMeanST=0.0
95% c.i. = 0.0 +/- 0.0



REPORT for Queue : WebUI----------------------------------------

totArrivThrPut=0.16669614079671677 totDeptThrPut=0.16669614079671677
meanTotTkPop=0.07181070462080856 queueUtil=0.062123405758880576
meanST=0.43078804510765817



REPORT for Queue of Queueing Place : A/logout_logout----------------------------------------

queueUtilQPl=0.10602079154766035

------------------ Color = logout --------------------
arrivCnt=277552 deptCnt=277552
arrivThrPut=0.027782990433166958 deptThrPut=0.027782990433166958
meanTkPop=0.11853919793733378 tkColOcp=0.10602079154766035
-----
meanST=4.2666104724214025 stDevST=4.2455320357819515

Steady State Statistics: numBatchesST=693 batchSizeST=400 stDevStdStateMeanST=0.2685893452180845
95% c.i. = 4.26697172237875 +/- 0.019997248992258382



REPORT for Depository of Queueing Place : A/logout_logout----------------------------------------

tkOcp=0.0

------------------ Color = logout --------------------
arrivCnt=277552 deptCnt=277552
arrivThrPut=0.027782990433166958 deptThrPut=0.027782990433166958
meanTkPop=0.0 tkColOcp=0.0
-----
meanST=0.0 stDevST=0.0

Steady State Statistics: numBatchesST=1387 batchSizeST=200 stDevStdStateMeanST=0.0
95% c.i. = 0.0 +/- 0.0



REPORT for Queue : Auth----------------------------------------

totArrivThrPut=0.16669614079671677 totDeptThrPut=0.16669614079671677
meanTotTkPop=0.24770157758516625 queueUtil=0.1615899971298688
meanST=1.4859466835961983



REPORT for Queue of Queueing Place : P/getUser_loginAction----------------------------------------

queueUtilQPl=0.014129488974448004

------------------ Color = loginAction --------------------
arrivCnt=277567 deptCnt=277567
arrivThrPut=0.027784491935071095 deptThrPut=0.027784491935071095
meanTkPop=0.01440152191930443 tkColOcp=0.014129488974448004
-----
meanST=0.5183295038454904 stDevST=0.5248926703804925

Steady State Statistics: numBatchesST=693 batchSizeST=400 stDevStdStateMeanST=0.026266741735982525
95% c.i. = 0.5182184674986196 +/- 0.001955634443664525



REPORT for Depository of Queueing Place : P/getUser_loginAction----------------------------------------

tkOcp=0.0

------------------ Color = loginAction --------------------
arrivCnt=277567 deptCnt=277567
arrivThrPut=0.027784491935071095 deptThrPut=0.027784491935071095
meanTkPop=0.0 tkColOcp=0.0
-----
meanST=0.0 stDevST=0.0

Steady State Statistics: numBatchesST=1387 batchSizeST=200 stDevStdStateMeanST=0.0
95% c.i. = 0.0 +/- 0.0



REPORT for Queue : Persistence----------------------------------------

totArrivThrPut=0.16669614079671677 totDeptThrPut=0.16669614079671677
meanTotTkPop=0.06032461465173798 queueUtil=0.054955728295391484
meanST=0.3618836906686572



REPORT for Queue of Queueing Place : W/category----------------------------------------

queueUtilQPl=0.016655123629405202

------------------ Color = category --------------------
arrivCnt=277626 deptCnt=277626
arrivThrPut=0.027790397842560707 deptThrPut=0.027790397842560707
meanTkPop=0.016966797111457533 tkColOcp=0.016655123629405202
-----
meanST=0.6105273198166692 stDevST=0.665736835884625

Steady State Statistics: numBatchesST=694 batchSizeST=400 stDevStdStateMeanST=0.033322556299449614
95% c.i. = 0.6105043810529519 +/- 0.002479172044999197



REPORT for Depository of Queueing Place : W/category----------------------------------------

tkOcp=0.0

------------------ Color = category --------------------
arrivCnt=277626 deptCnt=277626
arrivThrPut=0.027790397842560707 deptThrPut=0.027790397842560707
meanTkPop=0.0 tkColOcp=0.0
-----
meanST=0.0 stDevST=0.0

Steady State Statistics: numBatchesST=1388 batchSizeST=200 stDevStdStateMeanST=0.0
95% c.i. = 0.0 +/- 0.0



REPORT for Queue : WebUI----------------------------------------

totArrivThrPut=0.16669614079671677 totDeptThrPut=0.16669614079671677
meanTotTkPop=0.07181070462080856 queueUtil=0.062123405758880576
meanST=0.43078804510765817



REPORT for Queue of Queueing Place : W/product----------------------------------------

queueUtilQPl=0.004327134764161262

------------------ Color = product --------------------
arrivCnt=277025 deptCnt=277025
arrivThrPut=0.027730237666268216 deptThrPut=0.027730237666268216
meanTkPop=0.004383847177392934 tkColOcp=0.004327134764161262
-----
meanST=0.15808905895983577 stDevST=0.3803430887232682

Steady State Statistics: numBatchesST=692 batchSizeST=400 stDevStdStateMeanST=0.019044045395111807
95% c.i. = 0.15808753872610873 +/- 0.001418908047349176



REPORT for Depository of Queueing Place : W/product----------------------------------------

tkOcp=0.0

------------------ Color = product --------------------
arrivCnt=277025 deptCnt=277025
arrivThrPut=0.027730237666268216 deptThrPut=0.027730237666268216
meanTkPop=0.0 tkColOcp=0.0
-----
meanST=0.0 stDevST=0.0

Steady State Statistics: numBatchesST=1385 batchSizeST=200 stDevStdStateMeanST=0.0
95% c.i. = 0.0 +/- 0.0



REPORT for Queue : WebUI----------------------------------------

totArrivThrPut=0.16669614079671677 totDeptThrPut=0.16669614079671677
meanTotTkPop=0.07181070462080856 queueUtil=0.062123405758880576
meanST=0.43078804510765817



REPORT for Queue of Queueing Place : P/category_category----------------------------------------

queueUtilQPl=0.021672434747078206

------------------ Color = category --------------------
arrivCnt=277626 deptCnt=277626
arrivThrPut=0.027790397842560707 deptThrPut=0.027790397842560707
meanTkPop=0.022155505533021893 tkColOcp=0.021672434747078206
-----
meanST=0.7972359970712964 stDevST=0.7924937755327301

Steady State Statistics: numBatchesST=347 batchSizeST=800 stDevStdStateMeanST=0.029098738288063242
95% c.i. = 0.7972472618710943 +/- 0.0030616638906715374



REPORT for Depository of Queueing Place : P/category_category----------------------------------------

tkOcp=0.0

------------------ Color = category --------------------
arrivCnt=277626 deptCnt=277626
arrivThrPut=0.027790397842560707 deptThrPut=0.027790397842560707
meanTkPop=0.0 tkColOcp=0.0
-----
meanST=0.0 stDevST=0.0

Steady State Statistics: numBatchesST=1388 batchSizeST=200 stDevStdStateMeanST=0.0
95% c.i. = 0.0 +/- 0.0



REPORT for Queue : Persistence----------------------------------------

totArrivThrPut=0.16669614079671677 totDeptThrPut=0.16669614079671677
meanTotTkPop=0.06032461465173798 queueUtil=0.054955728295391484
meanST=0.3618836906686572



REPORT for Queue of Queueing Place : P/getProduct_product----------------------------------------

queueUtilQPl=0.003871487248224404

------------------ Color = product --------------------
arrivCnt=277025 deptCnt=277025
arrivThrPut=0.027730237666268216 deptThrPut=0.027730237666268216
meanTkPop=0.00390728706951736 tkColOcp=0.003871487248224404
-----
meanST=0.14090348292507734 stDevST=0.2464673815696305

Steady State Statistics: numBatchesST=692 batchSizeST=400 stDevStdStateMeanST=0.011935746025568211
95% c.i. = 0.14090339665857113 +/- 8.892924657248355E-4



REPORT for Depository of Queueing Place : P/getProduct_product----------------------------------------

tkOcp=0.0

------------------ Color = product --------------------
arrivCnt=277025 deptCnt=277025
arrivThrPut=0.027730237666268216 deptThrPut=0.027730237666268216
meanTkPop=0.0 tkColOcp=0.0
-----
meanST=0.0 stDevST=0.0

Steady State Statistics: numBatchesST=1385 batchSizeST=200 stDevStdStateMeanST=0.0
95% c.i. = 0.0 +/- 0.0



REPORT for Queue : Persistence----------------------------------------

totArrivThrPut=0.16669614079671677 totDeptThrPut=0.16669614079671677
meanTotTkPop=0.06032461465173798 queueUtil=0.054955728295391484
meanST=0.3618836906686572



REPORT for Queue of Queueing Place : R/getAds_product----------------------------------------

queueUtilQPl=0.003318102790033899

------------------ Color = product --------------------
arrivCnt=277025 deptCnt=277025
arrivThrPut=0.027730237666268216 deptThrPut=0.027730237666268216
meanTkPop=0.0033331652438471763 tkColOcp=0.003318102790033899
-----
meanST=0.12019966377358984 stDevST=0.12027068806751029

Steady State Statistics: numBatchesST=692 batchSizeST=400 stDevStdStateMeanST=0.0060704502000801215
95% c.i. = 0.12021004964210527 +/- 4.5228891557552026E-4



REPORT for Depository of Queueing Place : R/getAds_product----------------------------------------

tkOcp=0.0

------------------ Color = product --------------------
arrivCnt=277025 deptCnt=277025
arrivThrPut=0.027730237666268216 deptThrPut=0.027730237666268216
meanTkPop=0.0 tkColOcp=0.0
-----
meanST=0.0 stDevST=0.0

Steady State Statistics: numBatchesST=1385 batchSizeST=200 stDevStdStateMeanST=0.0
95% c.i. = 0.0 +/- 0.0



REPORT for Queue : Recommender----------------------------------------

totArrivThrPut=0.027730237666268216 totDeptThrPut=0.027730237666268216
meanTotTkPop=0.0033331652438471763 queueUtil=0.003318102790033899
meanST=0.12019966377358984



REPORT for Queue of Queueing Place : I/productImages_category----------------------------------------

queueUtilQPl=0.008980969413057347

------------------ Color = category --------------------
arrivCnt=277626 deptCnt=277626
arrivThrPut=0.027790397842560707 deptThrPut=0.027790397842560707
meanTkPop=0.00914108080340614 tkColOcp=0.008980969413057347
-----
meanST=0.3289294689191772 stDevST=0.6078093707549137

Steady State Statistics: numBatchesST=694 batchSizeST=400 stDevStdStateMeanST=0.033895091957133715
95% c.i. = 0.32894055924740984 +/- 0.0025217682487399975



REPORT for Depository of Queueing Place : I/productImages_category----------------------------------------

tkOcp=0.0

------------------ Color = category --------------------
arrivCnt=277626 deptCnt=277626
arrivThrPut=0.027790397842560707 deptThrPut=0.027790397842560707
meanTkPop=0.0 tkColOcp=0.0
-----
meanST=0.0 stDevST=0.0

Steady State Statistics: numBatchesST=1388 batchSizeST=200 stDevStdStateMeanST=0.0
95% c.i. = 0.0 +/- 0.0



REPORT for Queue : ImageProvider----------------------------------------

totArrivThrPut=0.16669614079671677 totDeptThrPut=0.16669614079671677
meanTotTkPop=0.11580217726236643 queueUtil=0.09231252107456762
meanST=0.6946902112364155



REPORT for Queue of Queueing Place : I/product_product----------------------------------------

queueUtilQPl=0.019761908512004732

------------------ Color = product --------------------
arrivCnt=277025 deptCnt=277025
arrivThrPut=0.027730237666268216 deptThrPut=0.027730237666268216
meanTkPop=0.020263865874224136 tkColOcp=0.019761908512004732
-----
meanST=0.7307498088584229 stDevST=0.8739806496936399

Steady State Statistics: numBatchesST=692 batchSizeST=400 stDevStdStateMeanST=0.0436512749596156
95% c.i. = 0.7307846691733053 +/- 0.0032523103170688764



REPORT for Depository of Queueing Place : I/product_product----------------------------------------

tkOcp=0.0

------------------ Color = product --------------------
arrivCnt=277025 deptCnt=277025
arrivThrPut=0.027730237666268216 deptThrPut=0.027730237666268216
meanTkPop=0.0 tkColOcp=0.0
-----
meanST=0.0 stDevST=0.0

Steady State Statistics: numBatchesST=1385 batchSizeST=200 stDevStdStateMeanST=0.0
95% c.i. = 0.0 +/- 0.0



REPORT for Queue : ImageProvider----------------------------------------

totArrivThrPut=0.16669614079671677 totDeptThrPut=0.16669614079671677
meanTotTkPop=0.11580217726236643 queueUtil=0.09231252107456762
meanST=0.6946902112364155



REPORT for Queue of Queueing Place : Workload----------------------------------------

queueUtilQPl=1.0

------------------ Color = workload --------------------
arrivCnt=1665294 deptCnt=1665294
arrivThrPut=0.16669614079671677 deptThrPut=0.16669614079671677
meanTkPop=1.0 tkColOcp=1.0
-----
meanST=5.998939118929476 stDevST=5.998961043387687

Steady State Statistics: numBatchesST=4163 batchSizeST=400 stDevStdStateMeanST=0.30444872453563504
95% c.i. = 5.998920562000923 +/- 0.009248238998710051



REPORT for Depository of Queueing Place : Workload----------------------------------------

tkOcp=0.0

------------------ Color = workload --------------------
arrivCnt=1665294 deptCnt=1665294
arrivThrPut=0.16669614079671677 deptThrPut=0.16669614079671677
meanTkPop=0.0 tkColOcp=0.0
-----
meanST=0.0 stDevST=0.0

Steady State Statistics: numBatchesST=8326 batchSizeST=200 stDevStdStateMeanST=0.0
95% c.i. = 0.0 +/- 0.0



REPORT for Queue : Workload----------------------------------------

totArrivThrPut=0.16669614079671677 totDeptThrPut=0.16669614079671677
meanTotTkPop=1.0 queueUtil=1.0
meanST=5.998939118929476



REPORT for Queue of Queueing Place : I/icon_index----------------------------------------

queueUtilQPl=0.007586847447078877

------------------ Color = index --------------------
arrivCnt=277488 deptCnt=277488
arrivThrPut=0.02777658402504263 deptThrPut=0.02777658402504263
meanTkPop=0.00804348718430725 tkColOcp=0.007586847447078877
-----
meanST=0.28957798327740575 stDevST=0.783649968824889

Steady State Statistics: numBatchesST=346 batchSizeST=800 stDevStdStateMeanST=0.03137502698557559
95% c.i. = 0.2896127415337621 +/- 0.0033059337763948296



REPORT for Depository of Queueing Place : I/icon_index----------------------------------------

tkOcp=0.0

------------------ Color = index --------------------
arrivCnt=277488 deptCnt=277488
arrivThrPut=0.02777658402504263 deptThrPut=0.02777658402504263
meanTkPop=0.0 tkColOcp=0.0
-----
meanST=0.0 stDevST=0.0

Steady State Statistics: numBatchesST=1387 batchSizeST=200 stDevStdStateMeanST=0.0
95% c.i. = 0.0 +/- 0.0



REPORT for Queue : ImageProvider----------------------------------------

totArrivThrPut=0.16669614079671677 totDeptThrPut=0.16669614079671677
meanTotTkPop=0.11580217726236643 queueUtil=0.09231252107456762
meanST=0.6946902112364155



REPORT for Queue of Queueing Place : P/categories_login----------------------------------------

queueUtilQPl=0.003525067899132534

------------------ Color = login --------------------
arrivCnt=278036 deptCnt=278036
arrivThrPut=0.027831438894607166 deptThrPut=0.027831438894607166
meanTkPop=0.003541775202726318 tkColOcp=0.003525067899132534
-----
meanST=0.12725807013206925 stDevST=0.1893637879117705

Steady State Statistics: numBatchesST=695 batchSizeST=400 stDevStdStateMeanST=0.009676090372130903
95% c.i. = 0.1272617257949511 +/- 7.193754367255437E-4



REPORT for Depository of Queueing Place : P/categories_login----------------------------------------

tkOcp=0.0

------------------ Color = login --------------------
arrivCnt=278036 deptCnt=278036
arrivThrPut=0.027831438894607166 deptThrPut=0.027831438894607166
meanTkPop=0.0 tkColOcp=0.0
-----
meanST=0.0 stDevST=0.0

Steady State Statistics: numBatchesST=1390 batchSizeST=200 stDevStdStateMeanST=0.0
95% c.i. = 0.0 +/- 0.0



REPORT for Queue : Persistence----------------------------------------

totArrivThrPut=0.16669614079671677 totDeptThrPut=0.16669614079671677
meanTotTkPop=0.06032461465173798 queueUtil=0.054955728295391484
meanST=0.3618836906686572



REPORT for Queue of Queueing Place : I/icon_login----------------------------------------

queueUtilQPl=0.01399004933445129

------------------ Color = login --------------------
arrivCnt=278036 deptCnt=278036
arrivThrPut=0.027831438894607166 deptThrPut=0.027831438894607166
meanTkPop=0.014270081555645315 tkColOcp=0.01399004933445129
-----
meanST=0.5127324393713037 stDevST=0.7316272693247512

Steady State Statistics: numBatchesST=695 batchSizeST=400 stDevStdStateMeanST=0.03873141969988634
95% c.i. = 0.5127578499625408 +/- 0.0028795134077969657



REPORT for Depository of Queueing Place : I/icon_login----------------------------------------

tkOcp=0.0

------------------ Color = login --------------------
arrivCnt=278036 deptCnt=278036
arrivThrPut=0.027831438894607166 deptThrPut=0.027831438894607166
meanTkPop=0.0 tkColOcp=0.0
-----
meanST=0.0 stDevST=0.0

Steady State Statistics: numBatchesST=1390 batchSizeST=200 stDevStdStateMeanST=0.0
95% c.i. = 0.0 +/- 0.0



REPORT for Queue : ImageProvider----------------------------------------

totArrivThrPut=0.16669614079671677 totDeptThrPut=0.16669614079671677
meanTotTkPop=0.11580217726236643 queueUtil=0.09231252107456762
meanST=0.6946902112364155



REPORT for Queue of Queueing Place : A/isLoggedIn_login----------------------------------------

queueUtilQPl=0.015792963467528745

------------------ Color = login --------------------
arrivCnt=278036 deptCnt=278036
arrivThrPut=0.027831438894607166 deptThrPut=0.027831438894607166
meanTkPop=0.017251482771915648 tkColOcp=0.015792963467528745
-----
meanST=0.6198559419526969 stDevST=1.9766444927301514

Steady State Statistics: numBatchesST=695 batchSizeST=400 stDevStdStateMeanST=0.12322428012461696
95% c.i. = 0.6198698403443962 +/- 0.009161191857524526



REPORT for Depository of Queueing Place : A/isLoggedIn_login----------------------------------------

tkOcp=0.0

------------------ Color = login --------------------
arrivCnt=278036 deptCnt=278036
arrivThrPut=0.027831438894607166 deptThrPut=0.027831438894607166
meanTkPop=0.0 tkColOcp=0.0
-----
meanST=0.0 stDevST=0.0

Steady State Statistics: numBatchesST=1390 batchSizeST=200 stDevStdStateMeanST=0.0
95% c.i. = 0.0 +/- 0.0



REPORT for Queue : Auth----------------------------------------

totArrivThrPut=0.16669614079671677 totDeptThrPut=0.16669614079671677
meanTotTkPop=0.24770157758516625 queueUtil=0.1615899971298688
meanST=1.4859466835961983



REPORT for Queue of Queueing Place : A/isLoggedIn_category----------------------------------------

queueUtilQPl=0.02898334861516068

------------------ Color = category --------------------
arrivCnt=277626 deptCnt=277626
arrivThrPut=0.027790397842560707 deptThrPut=0.027790397842560707
meanTkPop=0.030996077402211827 tkColOcp=0.02898334861516068
-----
meanST=1.1153520571318216 stDevST=2.0742297254334754

Steady State Statistics: numBatchesST=694 batchSizeST=400 stDevStdStateMeanST=0.12338756081350447
95% c.i. = 1.1154156309188081 +/- 0.009179937719079828



REPORT for Depository of Queueing Place : A/isLoggedIn_category----------------------------------------

tkOcp=0.0

------------------ Color = category --------------------
arrivCnt=277626 deptCnt=277626
arrivThrPut=0.027790397842560707 deptThrPut=0.027790397842560707
meanTkPop=0.0 tkColOcp=0.0
-----
meanST=0.0 stDevST=0.0

Steady State Statistics: numBatchesST=1388 batchSizeST=200 stDevStdStateMeanST=0.0
95% c.i. = 0.0 +/- 0.0



REPORT for Queue : Auth----------------------------------------

totArrivThrPut=0.16669614079671677 totDeptThrPut=0.16669614079671677
meanTotTkPop=0.24770157758516625 queueUtil=0.1615899971298688
meanST=1.4859466835961983



REPORT for Queue of Queueing Place : I/icon_logout----------------------------------------

queueUtilQPl=0.05044083139800707

------------------ Color = logout --------------------
arrivCnt=277552 deptCnt=277552
arrivThrPut=0.027782990433166958 deptThrPut=0.027782990433166958
meanTkPop=0.05290928160826991 tkColOcp=0.05044083139800707
-----
meanST=1.9043767709435457 stDevST=1.8852695743163943

Steady State Statistics: numBatchesST=346 batchSizeST=800 stDevStdStateMeanST=0.07435788815135287
95% c.i. = 1.904561722089278 +/- 0.007834965499598171



REPORT for Depository of Queueing Place : I/icon_logout----------------------------------------

tkOcp=0.0

------------------ Color = logout --------------------
arrivCnt=277552 deptCnt=277552
arrivThrPut=0.027782990433166958 deptThrPut=0.027782990433166958
meanTkPop=0.0 tkColOcp=0.0
-----
meanST=0.0 stDevST=0.0

Steady State Statistics: numBatchesST=1387 batchSizeST=200 stDevStdStateMeanST=0.0
95% c.i. = 0.0 +/- 0.0



REPORT for Queue : ImageProvider----------------------------------------

totArrivThrPut=0.16669614079671677 totDeptThrPut=0.16669614079671677
meanTotTkPop=0.11580217726236643 queueUtil=0.09231252107456762
meanST=0.6946902112364155



REPORT for Queue of Queueing Place : I/icon_loginAction----------------------------------------

queueUtilQPl=0.010635688404433687

------------------ Color = loginAction --------------------
arrivCnt=277567 deptCnt=277567
arrivThrPut=0.027784491935071095 deptThrPut=0.027784491935071095
meanTkPop=0.011174380236513676 tkColOcp=0.010635688404433687
-----
meanST=0.40218047760696196 stDevST=0.8531017513859079

Steady State Statistics: numBatchesST=693 batchSizeST=400 stDevStdStateMeanST=0.04796713583564547
95% c.i. = 0.40225445160752993 +/- 0.0035712911767666706



REPORT for Depository of Queueing Place : I/icon_loginAction----------------------------------------

tkOcp=0.0

------------------ Color = loginAction --------------------
arrivCnt=277567 deptCnt=277567
arrivThrPut=0.027784491935071095 deptThrPut=0.027784491935071095
meanTkPop=0.0 tkColOcp=0.0
-----
meanST=0.0 stDevST=0.0

Steady State Statistics: numBatchesST=1387 batchSizeST=200 stDevStdStateMeanST=0.0
95% c.i. = 0.0 +/- 0.0



REPORT for Queue : ImageProvider----------------------------------------

totArrivThrPut=0.16669614079671677 totDeptThrPut=0.16669614079671677
meanTotTkPop=0.11580217726236643 queueUtil=0.09231252107456762
meanST=0.6946902112364155



REPORT for Queue of Queueing Place : A/isLoggedIn_product----------------------------------------

queueUtilQPl=0.029020535285231117

------------------ Color = product --------------------
arrivCnt=277025 deptCnt=277025
arrivThrPut=0.027730237666268216 deptThrPut=0.027730237666268216
meanTkPop=0.03101553968737804 tkColOcp=0.029020535285231117
-----
meanST=1.118473633751295 stDevST=2.073045975043011

Steady State Statistics: numBatchesST=692 batchSizeST=400 stDevStdStateMeanST=0.12215947072318822
95% c.i. = 1.118484269540396 +/- 0.009101693073759352



REPORT for Depository of Queueing Place : A/isLoggedIn_product----------------------------------------

tkOcp=0.0

------------------ Color = product --------------------
arrivCnt=277025 deptCnt=277025
arrivThrPut=0.027730237666268216 deptThrPut=0.027730237666268216
meanTkPop=0.0 tkColOcp=0.0
-----
meanST=0.0 stDevST=0.0

Steady State Statistics: numBatchesST=1385 batchSizeST=200 stDevStdStateMeanST=0.0
95% c.i. = 0.0 +/- 0.0



REPORT for Queue : Auth----------------------------------------

totArrivThrPut=0.16669614079671677 totDeptThrPut=0.16669614079671677
meanTotTkPop=0.24770157758516625 queueUtil=0.1615899971298688
meanST=1.4859466835961983



REPORT for Queue of Queueing Place : P/category_logout----------------------------------------

queueUtilQPl=0.009594413128622897

------------------ Color = logout --------------------
arrivCnt=277552 deptCnt=277552
arrivThrPut=0.027782990433166958 deptThrPut=0.027782990433166958
meanTkPop=0.009675660708837849 tkColOcp=0.009594413128622897
-----
meanST=0.34825843287507224 stDevST=0.37097636483687096

Steady State Statistics: numBatchesST=693 batchSizeST=400 stDevStdStateMeanST=0.017886240088542213
95% c.i. = 0.34824845732401194 +/- 0.001331682000622449



REPORT for Depository of Queueing Place : P/category_logout----------------------------------------

tkOcp=0.0

------------------ Color = logout --------------------
arrivCnt=277552 deptCnt=277552
arrivThrPut=0.027782990433166958 deptThrPut=0.027782990433166958
meanTkPop=0.0 tkColOcp=0.0
-----
meanST=0.0 stDevST=0.0

Steady State Statistics: numBatchesST=1387 batchSizeST=200 stDevStdStateMeanST=0.0
95% c.i. = 0.0 +/- 0.0



REPORT for Queue : Persistence----------------------------------------

totArrivThrPut=0.16669614079671677 totDeptThrPut=0.16669614079671677
meanTotTkPop=0.06032461465173798 queueUtil=0.054955728295391484
meanST=0.3618836906686572



REPORT for Ordinary Place : Finish_index----------------------------------------

tkOcp=1.0

------------------ Color = index --------------------
arrivCnt=277488 deptCnt=0
arrivThrPut=0.02777658402504263 deptThrPut=0.0
meanTkPop=139049.1781049642 tkColOcp=1.0
-----
meanST=NaN stDevST=NaN

Steady State Statistics: Only 0 batches collected!
Need at least 60 for steady state statistics.



REPORT for Ordinary Place : Finish_login----------------------------------------

tkOcp=1.0

------------------ Color = login --------------------
arrivCnt=278036 deptCnt=0
arrivThrPut=0.027831438894607166 deptThrPut=0.0
meanTkPop=139597.28294119274 tkColOcp=1.0
-----
meanST=NaN stDevST=NaN

Steady State Statistics: Only 0 batches collected!
Need at least 60 for steady state statistics.



REPORT for Ordinary Place : Finish_loginAction----------------------------------------

tkOcp=1.0

------------------ Color = loginAction --------------------
arrivCnt=277567 deptCnt=0
arrivThrPut=0.027784491935071095 deptThrPut=0.0
meanTkPop=139166.3996058679 tkColOcp=1.0
-----
meanST=NaN stDevST=NaN

Steady State Statistics: Only 0 batches collected!
Need at least 60 for steady state statistics.



REPORT for Ordinary Place : Finish_category----------------------------------------

tkOcp=1.0

------------------ Color = category --------------------
arrivCnt=277626 deptCnt=0
arrivThrPut=0.027790397842560707 deptThrPut=0.0
meanTkPop=139198.93521533025 tkColOcp=1.0
-----
meanST=NaN stDevST=NaN

Steady State Statistics: Only 0 batches collected!
Need at least 60 for steady state statistics.



REPORT for Ordinary Place : Finish_product----------------------------------------

tkOcp=0.9999999999999998

------------------ Color = product --------------------
arrivCnt=277025 deptCnt=0
arrivThrPut=0.027730237666268216 deptThrPut=0.0
meanTkPop=138730.1144153402 tkColOcp=0.9999999999999998
-----
meanST=NaN stDevST=NaN

Steady State Statistics: Only 0 batches collected!
Need at least 60 for steady state statistics.



REPORT for Ordinary Place : Finish_logout----------------------------------------

tkOcp=1.0

------------------ Color = logout --------------------
arrivCnt=277552 deptCnt=0
arrivThrPut=0.027782990433166958 deptThrPut=0.0
meanTkPop=139003.08851528514 tkColOcp=1.0
-----
meanST=NaN stDevST=NaN

Steady State Statistics: Only 0 batches collected!
Need at least 60 for steady state statistics.



REPORT REPORT for Probe : /index----------------------------------------


------------------ Color = index --------------------
-----
meanST=1.338298245569763 stDevST=2.3216975160949724

Steady State Statistics: numBatchesST=693 batchSizeST=400 stDevStdStateMeanST=0.13595592503400403
95% c.i. = 1.338424789630268 +/- 0.010122309515555336



REPORT REPORT for Probe : /login----------------------------------------


------------------ Color = login --------------------
-----
meanST=2.5826077940727674 stDevST=2.4987339777773476

Steady State Statistics: numBatchesST=695 batchSizeST=400 stDevStdStateMeanST=0.1492217558866416
95% c.i. = 2.5826694843825146 +/- 0.011093991651740338



REPORT REPORT for Probe : /loginAction----------------------------------------


------------------ Color = loginAction --------------------
-----
meanST=2.2367411737830736 stDevST=2.506400556237332

Steady State Statistics: numBatchesST=693 batchSizeST=400 stDevStdStateMeanST=0.1571087251981149
95% c.i. = 2.2368363051352116 +/- 0.011697196305728453



REPORT REPORT for Probe : /logout----------------------------------------


------------------ Color = logout --------------------
-----
meanST=6.680753539689655 stDevST=4.675114191338866

Steady State Statistics: numBatchesST=693 batchSizeST=400 stDevStdStateMeanST=0.29058094131103374
95% c.i. = 6.681109434990102 +/- 0.021634586551016736



REPORT REPORT for Probe : /category----------------------------------------


------------------ Color = category --------------------
-----
meanST=2.8520448429389647 stDevST=2.395708795710255

Steady State Statistics: numBatchesST=694 batchSizeST=400 stDevStdStateMeanST=0.13761203905916464
95% c.i. = 2.852107833090263 +/- 0.010238227740542628



REPORT REPORT for Probe : /product----------------------------------------


------------------ Color = product --------------------
-----
meanST=2.268415648268221 stDevST=2.3150722934113115

Steady State Statistics: numBatchesST=692 batchSizeST=400 stDevStdStateMeanST=0.13326880081405448
95% c.i. = 2.268469923740487 +/- 0.009929412055706043



