INFO Logging to /home/yjx/workloadConfig/qpme/output/SimQPN_Output_config_2025-08-14_085755894.log
WARN Batch means correlation test was run for depository of place Workload, color 0
    However, the standard deviation of the token residence time is 0 and therefore the result of the test is ignored!
    In future runs, you should set numBMeansCorlTested to 0 to switch off the correlation test!
WARN Batch means correlation test was run for depository of place W/product, color 0
    However, the standard deviation of the token residence time is 0 and therefore the result of the test is ignored!
    In future runs, you should set numBMeansCorlTested to 0 to switch off the correlation test!
WARN Batch means correlation test was run for depository of place P/getProduct_product, color 0
    However, the standard deviation of the token residence time is 0 and therefore the result of the test is ignored!
    In future runs, you should set numBMeansCorlTested to 0 to switch off the correlation test!
WARN Batch means correlation test was run for depository of place R/getAds_product, color 0
    However, the standard deviation of the token residence time is 0 and therefore the result of the test is ignored!
    In future runs, you should set numBMeansCorlTested to 0 to switch off the correlation test!
WARN Batch means correlation test was run for depository of place I/product_product, color 0
    However, the standard deviation of the token residence time is 0 and therefore the result of the test is ignored!
    In future runs, you should set numBMeansCorlTested to 0 to switch off the correlation test!
WARN Batch means correlation test was run for depository of place A/isLoggedIn_product, color 0
    However, the standard deviation of the token residence time is 0 and therefore the result of the test is ignored!
    In future runs, you should set numBMeansCorlTested to 0 to switch off the correlation test!
WARN Batch means correlation test was run for depository of place W/login, color 0
    However, the standard deviation of the token residence time is 0 and therefore the result of the test is ignored!
    In future runs, you should set numBMeansCorlTested to 0 to switch off the correlation test!
WARN Batch means correlation test was run for depository of place P/categories_login, color 0
    However, the standard deviation of the token residence time is 0 and therefore the result of the test is ignored!
    In future runs, you should set numBMeansCorlTested to 0 to switch off the correlation test!
WARN Batch means correlation test was run for depository of place I/icon_login, color 0
    However, the standard deviation of the token residence time is 0 and therefore the result of the test is ignored!
    In future runs, you should set numBMeansCorlTested to 0 to switch off the correlation test!
WARN Batch means correlation test was run for depository of place A/isLoggedIn_login, color 0
    However, the standard deviation of the token residence time is 0 and therefore the result of the test is ignored!
    In future runs, you should set numBMeansCorlTested to 0 to switch off the correlation test!
WARN Batch means correlation test was run for depository of place W/index, color 0
    However, the standard deviation of the token residence time is 0 and therefore the result of the test is ignored!
    In future runs, you should set numBMeansCorlTested to 0 to switch off the correlation test!
WARN Batch means correlation test was run for depository of place P/categories_index, color 0
    However, the standard deviation of the token residence time is 0 and therefore the result of the test is ignored!
    In future runs, you should set numBMeansCorlTested to 0 to switch off the correlation test!
WARN Batch means correlation test was run for depository of place A/isLoggedIn_index, color 0
    However, the standard deviation of the token residence time is 0 and therefore the result of the test is ignored!
    In future runs, you should set numBMeansCorlTested to 0 to switch off the correlation test!
WARN Batch means correlation test was run for depository of place I/icon_index, color 0
    However, the standard deviation of the token residence time is 0 and therefore the result of the test is ignored!
    In future runs, you should set numBMeansCorlTested to 0 to switch off the correlation test!
WARN Batch means correlation test was run for depository of place W/category, color 0
    However, the standard deviation of the token residence time is 0 and therefore the result of the test is ignored!
    In future runs, you should set numBMeansCorlTested to 0 to switch off the correlation test!
WARN Batch means correlation test was run for depository of place P/category_category, color 0
    However, the standard deviation of the token residence time is 0 and therefore the result of the test is ignored!
    In future runs, you should set numBMeansCorlTested to 0 to switch off the correlation test!
WARN Batch means correlation test was run for depository of place I/productImages_category, color 0
    However, the standard deviation of the token residence time is 0 and therefore the result of the test is ignored!
    In future runs, you should set numBMeansCorlTested to 0 to switch off the correlation test!
WARN Batch means correlation test was run for depository of place A/isLoggedIn_category, color 0
    However, the standard deviation of the token residence time is 0 and therefore the result of the test is ignored!
    In future runs, you should set numBMeansCorlTested to 0 to switch off the correlation test!
WARN Batch means correlation test was run for depository of place W/logout, color 0
    However, the standard deviation of the token residence time is 0 and therefore the result of the test is ignored!
    In future runs, you should set numBMeansCorlTested to 0 to switch off the correlation test!
WARN Batch means correlation test was run for depository of place A/logout_logout, color 0
    However, the standard deviation of the token residence time is 0 and therefore the result of the test is ignored!
    In future runs, you should set numBMeansCorlTested to 0 to switch off the correlation test!
WARN Batch means correlation test was run for depository of place P/category_logout, color 0
    However, the standard deviation of the token residence time is 0 and therefore the result of the test is ignored!
    In future runs, you should set numBMeansCorlTested to 0 to switch off the correlation test!
WARN Batch means correlation test was run for depository of place I/icon_logout, color 0
    However, the standard deviation of the token residence time is 0 and therefore the result of the test is ignored!
    In future runs, you should set numBMeansCorlTested to 0 to switch off the correlation test!
WARN Batch means correlation test was run for depository of place W/loginAction, color 0
    However, the standard deviation of the token residence time is 0 and therefore the result of the test is ignored!
    In future runs, you should set numBMeansCorlTested to 0 to switch off the correlation test!
WARN Batch means correlation test was run for depository of place A/login_loginAction, color 0
    However, the standard deviation of the token residence time is 0 and therefore the result of the test is ignored!
    In future runs, you should set numBMeansCorlTested to 0 to switch off the correlation test!
WARN Batch means correlation test was run for depository of place P/getUser_loginAction, color 0
    However, the standard deviation of the token residence time is 0 and therefore the result of the test is ignored!
    In future runs, you should set numBMeansCorlTested to 0 to switch off the correlation test!
WARN Batch means correlation test was run for depository of place I/icon_loginAction, color 0
    However, the standard deviation of the token residence time is 0 and therefore the result of the test is ignored!
    In future runs, you should set numBMeansCorlTested to 0 to switch off the correlation test!
WARN LP-1 The simulation was stopped because of reaching max totalRunLen.
The required precision may not have been reached!
REPORT for Queue of Queueing Place : W/index----------------------------------------

queueUtilQPl=0.002742488867331862

------------------ Color = index --------------------
arrivCnt=278398 deptCnt=278398
arrivThrPut=0.027867667964873288 deptThrPut=0.027867667964873288
meanTkPop=0.002749767181011205 tkColOcp=0.002742488867331862
-----
meanST=0.09867231030875058 stDevST=0.10211667310474094

Steady State Statistics: numBatchesST=695 batchSizeST=400 stDevStdStateMeanST=0.0052953880983788665
95% c.i. = 0.09866758490810662 +/- 3.9368918430880993E-4



REPORT for Depository of Queueing Place : W/index----------------------------------------

tkOcp=0.0

------------------ Color = index --------------------
arrivCnt=278398 deptCnt=278398
arrivThrPut=0.027867667964873288 deptThrPut=0.027867667964873288
meanTkPop=0.0 tkColOcp=0.0
-----
meanST=0.0 stDevST=0.0

Steady State Statistics: numBatchesST=1391 batchSizeST=200 stDevStdStateMeanST=0.0
95% c.i. = 0.0 +/- 0.0



REPORT for Queue : WebUI----------------------------------------

totArrivThrPut=0.16680420598315276 totDeptThrPut=0.16680420598315276
meanTotTkPop=0.023843613611380723 queueUtil=0.02320914948359942
meanST=0.14294371937952768



REPORT for Queue of Queueing Place : P/categories_index----------------------------------------

queueUtilQPl=0.00385870273689002

------------------ Color = index --------------------
arrivCnt=278398 deptCnt=278398
arrivThrPut=0.027867667964873288 deptThrPut=0.027867667964873288
meanTkPop=0.003886162297014355 tkColOcp=0.00385870273689002
-----
meanST=0.13945057411738918 stDevST=0.2356938756534997

Steady State Statistics: numBatchesST=695 batchSizeST=400 stDevStdStateMeanST=0.011976450194174383
95% c.i. = 0.1394660465174873 +/- 8.903972325093705E-4



REPORT for Depository of Queueing Place : P/categories_index----------------------------------------

tkOcp=0.0

------------------ Color = index --------------------
arrivCnt=278398 deptCnt=278398
arrivThrPut=0.027867667964873288 deptThrPut=0.027867667964873288
meanTkPop=0.0 tkColOcp=0.0
-----
meanST=0.0 stDevST=0.0

Steady State Statistics: numBatchesST=1391 batchSizeST=200 stDevStdStateMeanST=0.0
95% c.i. = 0.0 +/- 0.0



REPORT for Queue : Persistence----------------------------------------

totArrivThrPut=0.16680420598315276 totDeptThrPut=0.16680420598315276
meanTotTkPop=0.06757004800715408 queueUtil=0.061904237271273255
meanST=0.40508599653643423



REPORT for Queue of Queueing Place : A/isLoggedIn_index----------------------------------------

queueUtilQPl=0.012461438034180266

------------------ Color = index --------------------
arrivCnt=278398 deptCnt=278398
arrivThrPut=0.027867667964873288 deptThrPut=0.027867667964873288
meanTkPop=0.01278370003453111 tkColOcp=0.012461438034180266
-----
meanST=0.45872873362222993 stDevST=0.7604874097824842

Steady State Statistics: numBatchesST=695 batchSizeST=400 stDevStdStateMeanST=0.04112788227602276
95% c.i. = 0.4587549770340919 +/- 0.0030576800273719442



REPORT for Depository of Queueing Place : A/isLoggedIn_index----------------------------------------

tkOcp=0.0

------------------ Color = index --------------------
arrivCnt=278398 deptCnt=278398
arrivThrPut=0.027867667964873288 deptThrPut=0.027867667964873288
meanTkPop=0.0 tkColOcp=0.0
-----
meanST=0.0 stDevST=0.0

Steady State Statistics: numBatchesST=1391 batchSizeST=200 stDevStdStateMeanST=0.0
95% c.i. = 0.0 +/- 0.0



REPORT for Queue : Auth----------------------------------------

totArrivThrPut=0.16680420598315276 totDeptThrPut=0.16680420598315276
meanTotTkPop=0.13092101647950166 queueUtil=0.10705492496656124
meanST=0.7848783890540787



REPORT for Queue of Queueing Place : W/login----------------------------------------

queueUtilQPl=0.005049327014553954

------------------ Color = login --------------------
arrivCnt=277299 deptCnt=277299
arrivThrPut=0.027757657953690035 deptThrPut=0.027757657953690035
meanTkPop=0.005074623335687955 tkColOcp=0.005049327014553954
-----
meanST=0.18281885828243472 stDevST=0.1827419526960344

Steady State Statistics: numBatchesST=693 batchSizeST=400 stDevStdStateMeanST=0.0088843019707822
95% c.i. = 0.18280801198724306 +/- 6.61461825627852E-4



REPORT for Depository of Queueing Place : W/login----------------------------------------

tkOcp=0.0

------------------ Color = login --------------------
arrivCnt=277299 deptCnt=277299
arrivThrPut=0.027757657953690035 deptThrPut=0.027757657953690035
meanTkPop=0.0 tkColOcp=0.0
-----
meanST=0.0 stDevST=0.0

Steady State Statistics: numBatchesST=1386 batchSizeST=200 stDevStdStateMeanST=0.0
95% c.i. = 0.0 +/- 0.0



REPORT for Queue : WebUI----------------------------------------

totArrivThrPut=0.16680420598315276 totDeptThrPut=0.16680420598315276
meanTotTkPop=0.023843613611380723 queueUtil=0.02320914948359942
meanST=0.14294371937952768



REPORT for Queue of Queueing Place : W/loginAction----------------------------------------

queueUtilQPl=0.0032433950673264197

------------------ Color = loginAction --------------------
arrivCnt=277601 deptCnt=277601
arrivThrPut=0.027787888184242666 deptThrPut=0.027787888184242666
meanTkPop=0.0032533880494772403 tkColOcp=0.0032433950673264197
-----
meanST=0.1170793558656285 stDevST=0.11940602685382519

Steady State Statistics: numBatchesST=694 batchSizeST=400 stDevStdStateMeanST=0.006384337013025876
95% c.i. = 0.11707919670381196 +/- 4.749896648477972E-4



REPORT for Depository of Queueing Place : W/loginAction----------------------------------------

tkOcp=0.0

------------------ Color = loginAction --------------------
arrivCnt=277601 deptCnt=277601
arrivThrPut=0.027787888184242666 deptThrPut=0.027787888184242666
meanTkPop=0.0 tkColOcp=0.0
-----
meanST=0.0 stDevST=0.0

Steady State Statistics: numBatchesST=1388 batchSizeST=200 stDevStdStateMeanST=0.0
95% c.i. = 0.0 +/- 0.0



REPORT for Queue : WebUI----------------------------------------

totArrivThrPut=0.16680420598315276 totDeptThrPut=0.16680420598315276
meanTotTkPop=0.023843613611380723 queueUtil=0.02320914948359942
meanST=0.14294371937952768



REPORT for Queue of Queueing Place : A/login_loginAction----------------------------------------

queueUtilQPl=0.018711058365353972

------------------ Color = loginAction --------------------
arrivCnt=277601 deptCnt=277601
arrivThrPut=0.027787888184242666 deptThrPut=0.027787888184242666
meanTkPop=0.019178483570706305 tkColOcp=0.018711058365353972
-----
meanST=0.6901742026434959 stDevST=0.8565409099134559

Steady State Statistics: numBatchesST=694 batchSizeST=400 stDevStdStateMeanST=0.0476531641740834
95% c.i. = 0.6901756200979859 +/- 0.0035453580275921423



REPORT for Depository of Queueing Place : A/login_loginAction----------------------------------------

tkOcp=0.0

------------------ Color = loginAction --------------------
arrivCnt=277601 deptCnt=277601
arrivThrPut=0.027787888184242666 deptThrPut=0.027787888184242666
meanTkPop=0.0 tkColOcp=0.0
-----
meanST=0.0 stDevST=0.0

Steady State Statistics: numBatchesST=1388 batchSizeST=200 stDevStdStateMeanST=0.0
95% c.i. = 0.0 +/- 0.0



REPORT for Queue : Auth----------------------------------------

totArrivThrPut=0.16680420598315276 totDeptThrPut=0.16680420598315276
meanTotTkPop=0.13092101647950166 queueUtil=0.10705492496656124
meanST=0.7848783890540787



REPORT for Queue of Queueing Place : W/logout----------------------------------------

queueUtilQPl=0.0033951062408738137

------------------ Color = logout --------------------
arrivCnt=277998 deptCnt=277998
arrivThrPut=0.027827627924406226 deptThrPut=0.027827627924406226
meanTkPop=0.0034074348782149725 tkColOcp=0.0033951062408738137
-----
meanST=0.12244790995018591 stDevST=0.12438317044022908

Steady State Statistics: numBatchesST=694 batchSizeST=400 stDevStdStateMeanST=0.0063011635833189845
95% c.i. = 0.12245057310609754 +/- 4.688016269324876E-4



REPORT for Depository of Queueing Place : W/logout----------------------------------------

tkOcp=0.0

------------------ Color = logout --------------------
arrivCnt=277998 deptCnt=277998
arrivThrPut=0.027827627924406226 deptThrPut=0.027827627924406226
meanTkPop=0.0 tkColOcp=0.0
-----
meanST=0.0 stDevST=0.0

Steady State Statistics: numBatchesST=1389 batchSizeST=200 stDevStdStateMeanST=0.0
95% c.i. = 0.0 +/- 0.0



REPORT for Queue : WebUI----------------------------------------

totArrivThrPut=0.16680420598315276 totDeptThrPut=0.16680420598315276
meanTotTkPop=0.023843613611380723 queueUtil=0.02320914948359942
meanST=0.14294371937952768



REPORT for Queue of Queueing Place : A/logout_logout----------------------------------------

queueUtilQPl=0.025284292796925463

------------------ Color = logout --------------------
arrivCnt=277998 deptCnt=277998
arrivThrPut=0.027827627924406226 deptThrPut=0.027827627924406226
meanTkPop=0.02602627050253193 tkColOcp=0.025284292796925463
-----
meanST=0.9352673024532424 stDevST=1.0295838340781565

Steady State Statistics: numBatchesST=694 batchSizeST=400 stDevStdStateMeanST=0.05640789492192918
95% c.i. = 0.9352982313300438 +/- 0.004196703126584823



REPORT for Depository of Queueing Place : A/logout_logout----------------------------------------

tkOcp=0.0

------------------ Color = logout --------------------
arrivCnt=277998 deptCnt=277998
arrivThrPut=0.027827627924406226 deptThrPut=0.027827627924406226
meanTkPop=0.0 tkColOcp=0.0
-----
meanST=0.0 stDevST=0.0

Steady State Statistics: numBatchesST=1389 batchSizeST=200 stDevStdStateMeanST=0.0
95% c.i. = 0.0 +/- 0.0



REPORT for Queue : Auth----------------------------------------

totArrivThrPut=0.16680420598315276 totDeptThrPut=0.16680420598315276
meanTotTkPop=0.13092101647950166 queueUtil=0.10705492496656124
meanST=0.7848783890540787



REPORT for Queue of Queueing Place : P/getUser_loginAction----------------------------------------

queueUtilQPl=0.0070826921017852745

------------------ Color = loginAction --------------------
arrivCnt=277601 deptCnt=277601
arrivThrPut=0.027787888184242666 deptThrPut=0.027787888184242666
meanTkPop=0.007145066791093156 tkColOcp=0.0070826921017852745
-----
meanST=0.2571288161129431 stDevST=0.30005458826463066

Steady State Statistics: numBatchesST=694 batchSizeST=400 stDevStdStateMeanST=0.015581654393021165
95% c.i. = 0.25712952623807267 +/- 0.0011592628620348386



REPORT for Depository of Queueing Place : P/getUser_loginAction----------------------------------------

tkOcp=0.0

------------------ Color = loginAction --------------------
arrivCnt=277601 deptCnt=277601
arrivThrPut=0.027787888184242666 deptThrPut=0.027787888184242666
meanTkPop=0.0 tkColOcp=0.0
-----
meanST=0.0 stDevST=0.0

Steady State Statistics: numBatchesST=1388 batchSizeST=200 stDevStdStateMeanST=0.0
95% c.i. = 0.0 +/- 0.0



REPORT for Queue : Persistence----------------------------------------

totArrivThrPut=0.16680420598315276 totDeptThrPut=0.16680420598315276
meanTotTkPop=0.06757004800715408 queueUtil=0.061904237271273255
meanST=0.40508599653643423



REPORT for Queue of Queueing Place : W/category----------------------------------------

queueUtilQPl=0.006738335192668117

------------------ Color = category --------------------
arrivCnt=277036 deptCnt=277036
arrivThrPut=0.02773133162708294 deptThrPut=0.02773133162708294
meanTkPop=0.006785611654903022 tkColOcp=0.006738335192668117
-----
meanST=0.24469115822321585 stDevST=0.2436802223979649

Steady State Statistics: numBatchesST=692 batchSizeST=400 stDevStdStateMeanST=0.012489926697307576
95% c.i. = 0.24467457357022554 +/- 9.305826117259678E-4



REPORT for Depository of Queueing Place : W/category----------------------------------------

tkOcp=0.0

------------------ Color = category --------------------
arrivCnt=277036 deptCnt=277036
arrivThrPut=0.02773133162708294 deptThrPut=0.02773133162708294
meanTkPop=0.0 tkColOcp=0.0
-----
meanST=0.0 stDevST=0.0

Steady State Statistics: numBatchesST=1385 batchSizeST=200 stDevStdStateMeanST=0.0
95% c.i. = 0.0 +/- 0.0



REPORT for Queue : WebUI----------------------------------------

totArrivThrPut=0.16680420598315276 totDeptThrPut=0.16680420598315276
meanTotTkPop=0.023843613611380723 queueUtil=0.02320914948359942
meanST=0.14294371937952768



REPORT for Queue of Queueing Place : W/product----------------------------------------

queueUtilQPl=0.0025655136830943447

------------------ Color = product --------------------
arrivCnt=278042 deptCnt=278042
arrivThrPut=0.027832032328857604 deptThrPut=0.027832032328857604
meanTkPop=0.0025727885120863272 tkColOcp=0.0025655136830943447
-----
meanST=0.09243983628959554 stDevST=0.09630153383406317

Steady State Statistics: numBatchesST=695 batchSizeST=400 stDevStdStateMeanST=0.004808161969401113
95% c.i. = 0.09244093645853403 +/- 3.5746603055169184E-4



REPORT for Depository of Queueing Place : W/product----------------------------------------

tkOcp=0.0

------------------ Color = product --------------------
arrivCnt=278042 deptCnt=278042
arrivThrPut=0.027832032328857604 deptThrPut=0.027832032328857604
meanTkPop=0.0 tkColOcp=0.0
-----
meanST=0.0 stDevST=0.0

Steady State Statistics: numBatchesST=1390 batchSizeST=200 stDevStdStateMeanST=0.0
95% c.i. = 0.0 +/- 0.0



REPORT for Queue : WebUI----------------------------------------

totArrivThrPut=0.16680420598315276 totDeptThrPut=0.16680420598315276
meanTotTkPop=0.023843613611380723 queueUtil=0.02320914948359942
meanST=0.14294371937952768



REPORT for Queue of Queueing Place : P/category_category----------------------------------------

queueUtilQPl=0.02009319809901208

------------------ Color = category --------------------
arrivCnt=277036 deptCnt=277036
arrivThrPut=0.02773133162708294 deptThrPut=0.02773133162708294
meanTkPop=0.020477681710798765 tkColOcp=0.02009319809901208
-----
meanST=0.7384312439868511 stDevST=0.7332114945521135

Steady State Statistics: numBatchesST=346 batchSizeST=800 stDevStdStateMeanST=0.02877624728861204
95% c.i. = 0.7384380519225338 +/- 0.0030321047345409136



REPORT for Depository of Queueing Place : P/category_category----------------------------------------

tkOcp=0.0

------------------ Color = category --------------------
arrivCnt=277036 deptCnt=277036
arrivThrPut=0.02773133162708294 deptThrPut=0.02773133162708294
meanTkPop=0.0 tkColOcp=0.0
-----
meanST=0.0 stDevST=0.0

Steady State Statistics: numBatchesST=1385 batchSizeST=200 stDevStdStateMeanST=0.0
95% c.i. = 0.0 +/- 0.0



REPORT for Queue : Persistence----------------------------------------

totArrivThrPut=0.16680420598315276 totDeptThrPut=0.16680420598315276
meanTotTkPop=0.06757004800715408 queueUtil=0.061904237271273255
meanST=0.40508599653643423



REPORT for Queue of Queueing Place : P/getProduct_product----------------------------------------

queueUtilQPl=0.009138100927741139

------------------ Color = product --------------------
arrivCnt=278042 deptCnt=278042
arrivThrPut=0.027832032328857604 deptThrPut=0.027832032328857604
meanTkPop=0.009229087748554752 tkColOcp=0.009138100927741139
-----
meanST=0.33159949081352513 stDevST=0.36353564332845767

Steady State Statistics: numBatchesST=347 batchSizeST=800 stDevStdStateMeanST=0.013702572981110562
95% c.i. = 0.33156745298258733 +/- 0.001441735118899203



REPORT for Depository of Queueing Place : P/getProduct_product----------------------------------------

tkOcp=0.0

------------------ Color = product --------------------
arrivCnt=278042 deptCnt=278042
arrivThrPut=0.027832032328857604 deptThrPut=0.027832032328857604
meanTkPop=0.0 tkColOcp=0.0
-----
meanST=0.0 stDevST=0.0

Steady State Statistics: numBatchesST=1390 batchSizeST=200 stDevStdStateMeanST=0.0
95% c.i. = 0.0 +/- 0.0



REPORT for Queue : Persistence----------------------------------------

totArrivThrPut=0.16680420598315276 totDeptThrPut=0.16680420598315276
meanTotTkPop=0.06757004800715408 queueUtil=0.061904237271273255
meanST=0.40508599653643423



REPORT for Queue of Queueing Place : R/getAds_product----------------------------------------

queueUtilQPl=0.008223493414056956

------------------ Color = product --------------------
arrivCnt=278042 deptCnt=278042
arrivThrPut=0.027832032328857604 deptThrPut=0.027832032328857604
meanTkPop=0.008295123585534869 tkColOcp=0.008223493414056956
-----
meanST=0.2980423235903647 stDevST=0.2978334445252109

Steady State Statistics: numBatchesST=695 batchSizeST=400 stDevStdStateMeanST=0.01493954377586344
95% c.i. = 0.29803808842778645 +/- 0.0011106904147150259



REPORT for Depository of Queueing Place : R/getAds_product----------------------------------------

tkOcp=0.0

------------------ Color = product --------------------
arrivCnt=278042 deptCnt=278042
arrivThrPut=0.027832032328857604 deptThrPut=0.027832032328857604
meanTkPop=0.0 tkColOcp=0.0
-----
meanST=0.0 stDevST=0.0

Steady State Statistics: numBatchesST=1390 batchSizeST=200 stDevStdStateMeanST=0.0
95% c.i. = 0.0 +/- 0.0



REPORT for Queue : Recommender----------------------------------------

totArrivThrPut=0.027832032328857604 totDeptThrPut=0.027832032328857604
meanTotTkPop=0.008295123585534869 queueUtil=0.008223493414056956
meanST=0.2980423235903647



REPORT for Queue of Queueing Place : I/productImages_category----------------------------------------

queueUtilQPl=0.0029354363155181416

------------------ Color = category --------------------
arrivCnt=277036 deptCnt=277036
arrivThrPut=0.02773133162708294 deptThrPut=0.02773133162708294
meanTkPop=0.0029436276971284625 tkColOcp=0.0029354363155181416
-----
meanST=0.10614808321190246 stDevST=0.11629451342842888

Steady State Statistics: numBatchesST=692 batchSizeST=400 stDevStdStateMeanST=0.00598619590896482
95% c.i. = 0.10614307854151558 +/- 4.460114104967996E-4



REPORT for Depository of Queueing Place : I/productImages_category----------------------------------------

tkOcp=0.0

------------------ Color = category --------------------
arrivCnt=277036 deptCnt=277036
arrivThrPut=0.02773133162708294 deptThrPut=0.02773133162708294
meanTkPop=0.0 tkColOcp=0.0
-----
meanST=0.0 stDevST=0.0

Steady State Statistics: numBatchesST=1385 batchSizeST=200 stDevStdStateMeanST=0.0
95% c.i. = 0.0 +/- 0.0



REPORT for Queue : ImageProvider----------------------------------------

totArrivThrPut=0.16680420598315276 totDeptThrPut=0.16680420598315276
meanTotTkPop=0.03316721958952915 queueUtil=0.03172663027760298
meanST=0.1988392282678954



REPORT for Queue of Queueing Place : I/product_product----------------------------------------

queueUtilQPl=0.0030913171466507754

------------------ Color = product --------------------
arrivCnt=278042 deptCnt=278042
arrivThrPut=0.027832032328857604 deptThrPut=0.027832032328857604
meanTkPop=0.0031020827106316754 tkColOcp=0.0030913171466507754
-----
meanST=0.11145728324752215 stDevST=0.12775312903787586

Steady State Statistics: numBatchesST=695 batchSizeST=400 stDevStdStateMeanST=0.006680597188472356
95% c.i. = 0.11145583294558926 +/- 4.966734843534102E-4



REPORT for Depository of Queueing Place : I/product_product----------------------------------------

tkOcp=0.0

------------------ Color = product --------------------
arrivCnt=278042 deptCnt=278042
arrivThrPut=0.027832032328857604 deptThrPut=0.027832032328857604
meanTkPop=0.0 tkColOcp=0.0
-----
meanST=0.0 stDevST=0.0

Steady State Statistics: numBatchesST=1390 batchSizeST=200 stDevStdStateMeanST=0.0
95% c.i. = 0.0 +/- 0.0



REPORT for Queue : ImageProvider----------------------------------------

totArrivThrPut=0.16680420598315276 totDeptThrPut=0.16680420598315276
meanTotTkPop=0.03316721958952915 queueUtil=0.03172663027760298
meanST=0.1988392282678954



REPORT for Queue of Queueing Place : Workload----------------------------------------

queueUtilQPl=1.0

------------------ Color = workload --------------------
arrivCnt=1666374 deptCnt=1666374
arrivThrPut=0.16680420598315276 deptThrPut=0.16680420598315276
meanTkPop=1.0 tkColOcp=1.0
-----
meanST=5.99505266732303 stDevST=5.986454883170925

Steady State Statistics: numBatchesST=4165 batchSizeST=400 stDevStdStateMeanST=0.29898984368170506
95% c.i. = 5.994968612330052 +/- 0.009080233659729786



REPORT for Depository of Queueing Place : Workload----------------------------------------

tkOcp=0.0

------------------ Color = workload --------------------
arrivCnt=1666374 deptCnt=1666374
arrivThrPut=0.16680420598315276 deptThrPut=0.16680420598315276
meanTkPop=0.0 tkColOcp=0.0
-----
meanST=0.0 stDevST=0.0

Steady State Statistics: numBatchesST=8331 batchSizeST=200 stDevStdStateMeanST=0.0
95% c.i. = 0.0 +/- 0.0



REPORT for Queue : Workload----------------------------------------

totArrivThrPut=0.16680420598315276 totDeptThrPut=0.16680420598315276
meanTotTkPop=1.0 queueUtil=1.0
meanST=5.99505266732303



REPORT for Queue of Queueing Place : I/icon_index----------------------------------------

queueUtilQPl=0.003290941186587143

------------------ Color = index --------------------
arrivCnt=278398 deptCnt=278398
arrivThrPut=0.027867667964873288 deptThrPut=0.027867667964873288
meanTkPop=0.0033072463414394364 tkColOcp=0.003290941186587143
-----
meanST=0.118676824541191 stDevST=0.13823958326919317

Steady State Statistics: numBatchesST=695 batchSizeST=400 stDevStdStateMeanST=0.006853702919857439
95% c.i. = 0.11868621698250066 +/- 5.095431462029424E-4



REPORT for Depository of Queueing Place : I/icon_index----------------------------------------

tkOcp=0.0

------------------ Color = index --------------------
arrivCnt=278398 deptCnt=278398
arrivThrPut=0.027867667964873288 deptThrPut=0.027867667964873288
meanTkPop=0.0 tkColOcp=0.0
-----
meanST=0.0 stDevST=0.0

Steady State Statistics: numBatchesST=1391 batchSizeST=200 stDevStdStateMeanST=0.0
95% c.i. = 0.0 +/- 0.0



REPORT for Queue : ImageProvider----------------------------------------

totArrivThrPut=0.16680420598315276 totDeptThrPut=0.16680420598315276
meanTotTkPop=0.03316721958952915 queueUtil=0.03172663027760298
meanST=0.1988392282678954



REPORT for Queue of Queueing Place : P/categories_login----------------------------------------

queueUtilQPl=0.0178550869226941

------------------ Color = login --------------------
arrivCnt=277299 deptCnt=277299
arrivThrPut=0.027757657953690035 deptThrPut=0.027757657953690035
meanTkPop=0.018170821747967088 tkColOcp=0.0178550869226941
-----
meanST=0.6546237358455346 stDevST=0.6525573712786741

Steady State Statistics: numBatchesST=346 batchSizeST=800 stDevStdStateMeanST=0.023644899702551295
95% c.i. = 0.6547110591332229 +/- 0.002491423277566254



REPORT for Depository of Queueing Place : P/categories_login----------------------------------------

tkOcp=0.0

------------------ Color = login --------------------
arrivCnt=277299 deptCnt=277299
arrivThrPut=0.027757657953690035 deptThrPut=0.027757657953690035
meanTkPop=0.0 tkColOcp=0.0
-----
meanST=0.0 stDevST=0.0

Steady State Statistics: numBatchesST=1386 batchSizeST=200 stDevStdStateMeanST=0.0
95% c.i. = 0.0 +/- 0.0



REPORT for Queue : Persistence----------------------------------------

totArrivThrPut=0.16680420598315276 totDeptThrPut=0.16680420598315276
meanTotTkPop=0.06757004800715408 queueUtil=0.061904237271273255
meanST=0.40508599653643423



REPORT for Queue of Queueing Place : I/icon_login----------------------------------------

queueUtilQPl=0.003269566765383474

------------------ Color = login --------------------
arrivCnt=277299 deptCnt=277299
arrivThrPut=0.027757657953690035 deptThrPut=0.027757657953690035
meanTkPop=0.003280980913437659 tkColOcp=0.003269566765383474
-----
meanST=0.11820092743096482 stDevST=0.12730100955633356

Steady State Statistics: numBatchesST=693 batchSizeST=400 stDevStdStateMeanST=0.006409779638085297
95% c.i. = 0.11820494129579762 +/- 4.772265232793349E-4



REPORT for Depository of Queueing Place : I/icon_login----------------------------------------

tkOcp=0.0

------------------ Color = login --------------------
arrivCnt=277299 deptCnt=277299
arrivThrPut=0.027757657953690035 deptThrPut=0.027757657953690035
meanTkPop=0.0 tkColOcp=0.0
-----
meanST=0.0 stDevST=0.0

Steady State Statistics: numBatchesST=1386 batchSizeST=200 stDevStdStateMeanST=0.0
95% c.i. = 0.0 +/- 0.0



REPORT for Queue : ImageProvider----------------------------------------

totArrivThrPut=0.16680420598315276 totDeptThrPut=0.16680420598315276
meanTotTkPop=0.03316721958952915 queueUtil=0.03172663027760298
meanST=0.1988392282678954



REPORT for Queue of Queueing Place : A/isLoggedIn_login----------------------------------------

queueUtilQPl=0.011799438563583278

------------------ Color = login --------------------
arrivCnt=277299 deptCnt=277299
arrivThrPut=0.027757657953690035 deptThrPut=0.027757657953690035
meanTkPop=0.012063153080662097 tkColOcp=0.011799438563583278
-----
meanST=0.43458828914124764 stDevST=0.7176960397366182

Steady State Statistics: numBatchesST=693 batchSizeST=400 stDevStdStateMeanST=0.03922679831167776
95% c.i. = 0.43459666594741986 +/- 0.0029205479181268145



REPORT for Depository of Queueing Place : A/isLoggedIn_login----------------------------------------

tkOcp=0.0

------------------ Color = login --------------------
arrivCnt=277299 deptCnt=277299
arrivThrPut=0.027757657953690035 deptThrPut=0.027757657953690035
meanTkPop=0.0 tkColOcp=0.0
-----
meanST=0.0 stDevST=0.0

Steady State Statistics: numBatchesST=1386 batchSizeST=200 stDevStdStateMeanST=0.0
95% c.i. = 0.0 +/- 0.0



REPORT for Queue : Auth----------------------------------------

totArrivThrPut=0.16680420598315276 totDeptThrPut=0.16680420598315276
meanTotTkPop=0.13092101647950166 queueUtil=0.10705492496656124
meanST=0.7848783890540787



REPORT for Queue of Queueing Place : A/isLoggedIn_category----------------------------------------

queueUtilQPl=0.0508075602424452

------------------ Color = category --------------------
arrivCnt=277036 deptCnt=277036
arrivThrPut=0.02773133162708294 deptThrPut=0.02773133162708294
meanTkPop=0.05349967949933948 tkColOcp=0.0508075602424452
-----
meanST=1.9292142266652168 stDevST=1.9007821963031808

Steady State Statistics: numBatchesST=692 batchSizeST=400 stDevStdStateMeanST=0.10605563852982652
95% c.i. = 1.9290564787920323 +/- 0.007901850465833901



REPORT for Depository of Queueing Place : A/isLoggedIn_category----------------------------------------

tkOcp=0.0

------------------ Color = category --------------------
arrivCnt=277036 deptCnt=277036
arrivThrPut=0.02773133162708294 deptThrPut=0.02773133162708294
meanTkPop=0.0 tkColOcp=0.0
-----
meanST=0.0 stDevST=0.0

Steady State Statistics: numBatchesST=1385 batchSizeST=200 stDevStdStateMeanST=0.0
95% c.i. = 0.0 +/- 0.0



REPORT for Queue : Auth----------------------------------------

totArrivThrPut=0.16680420598315276 totDeptThrPut=0.16680420598315276
meanTotTkPop=0.13092101647950166 queueUtil=0.10705492496656124
meanST=0.7848783890540787



REPORT for Queue of Queueing Place : I/icon_logout----------------------------------------

queueUtilQPl=0.009127225611908762

------------------ Color = logout --------------------
arrivCnt=277998 deptCnt=277998
arrivThrPut=0.027827627924406226 deptThrPut=0.027827627924406226
meanTkPop=0.00921961596275845 tkColOcp=0.009127225611908762
-----
meanST=0.3313116011110808 stDevST=0.3307439778185718

Steady State Statistics: numBatchesST=694 batchSizeST=400 stDevStdStateMeanST=0.016803641662677317
95% c.i. = 0.33131512450683576 +/- 0.0012501777561699703



REPORT for Depository of Queueing Place : I/icon_logout----------------------------------------

tkOcp=0.0

------------------ Color = logout --------------------
arrivCnt=277998 deptCnt=277998
arrivThrPut=0.027827627924406226 deptThrPut=0.027827627924406226
meanTkPop=0.0 tkColOcp=0.0
-----
meanST=0.0 stDevST=0.0

Steady State Statistics: numBatchesST=1389 batchSizeST=200 stDevStdStateMeanST=0.0
95% c.i. = 0.0 +/- 0.0



REPORT for Queue : ImageProvider----------------------------------------

totArrivThrPut=0.16680420598315276 totDeptThrPut=0.16680420598315276
meanTotTkPop=0.03316721958952915 queueUtil=0.03172663027760298
meanST=0.1988392282678954



REPORT for Queue of Queueing Place : I/icon_loginAction----------------------------------------

queueUtilQPl=0.01118134402609264

------------------ Color = loginAction --------------------
arrivCnt=277601 deptCnt=277601
arrivThrPut=0.027787888184242666 deptThrPut=0.027787888184242666
meanTkPop=0.011313665964133473 tkColOcp=0.01118134402609264
-----
meanST=0.40714378469929835 stDevST=0.40461628251087

Steady State Statistics: numBatchesST=694 batchSizeST=400 stDevStdStateMeanST=0.01973454682624768
95% c.i. = 0.40713649316549533 +/- 0.0014682348008567688



REPORT for Depository of Queueing Place : I/icon_loginAction----------------------------------------

tkOcp=0.0

------------------ Color = loginAction --------------------
arrivCnt=277601 deptCnt=277601
arrivThrPut=0.027787888184242666 deptThrPut=0.027787888184242666
meanTkPop=0.0 tkColOcp=0.0
-----
meanST=0.0 stDevST=0.0

Steady State Statistics: numBatchesST=1388 batchSizeST=200 stDevStdStateMeanST=0.0
95% c.i. = 0.0 +/- 0.0



REPORT for Queue : ImageProvider----------------------------------------

totArrivThrPut=0.16680420598315276 totDeptThrPut=0.16680420598315276
meanTotTkPop=0.03316721958952915 queueUtil=0.03172663027760298
meanST=0.1988392282678954



REPORT for Queue of Queueing Place : A/isLoggedIn_product----------------------------------------

queueUtilQPl=0.007129406401350229

------------------ Color = product --------------------
arrivCnt=278042 deptCnt=278042
arrivThrPut=0.027832032328857604 deptThrPut=0.027832032328857604
meanTkPop=0.007369729791730728 tkColOcp=0.007129406401350229
-----
meanST=0.2647930882176159 stDevST=0.6987816195264268

Steady State Statistics: numBatchesST=695 batchSizeST=400 stDevStdStateMeanST=0.04156633126643307
95% c.i. = 0.2647835167777546 +/- 0.003090276812005822



REPORT for Depository of Queueing Place : A/isLoggedIn_product----------------------------------------

tkOcp=0.0

------------------ Color = product --------------------
arrivCnt=278042 deptCnt=278042
arrivThrPut=0.027832032328857604 deptThrPut=0.027832032328857604
meanTkPop=0.0 tkColOcp=0.0
-----
meanST=0.0 stDevST=0.0

Steady State Statistics: numBatchesST=1390 batchSizeST=200 stDevStdStateMeanST=0.0
95% c.i. = 0.0 +/- 0.0



REPORT for Queue : Auth----------------------------------------

totArrivThrPut=0.16680420598315276 totDeptThrPut=0.16680420598315276
meanTotTkPop=0.13092101647950166 queueUtil=0.10705492496656124
meanST=0.7848783890540787



REPORT for Queue of Queueing Place : P/category_logout----------------------------------------

queueUtilQPl=0.008574370337612111

------------------ Color = logout --------------------
arrivCnt=277998 deptCnt=277998
arrivThrPut=0.027827627924406226 deptThrPut=0.027827627924406226
meanTkPop=0.008661227711725969 tkColOcp=0.008574370337612111
-----
meanST=0.31124563456339865 stDevST=0.34320260436601063

Steady State Statistics: numBatchesST=347 batchSizeST=800 stDevStdStateMeanST=0.01252619232658513
95% c.i. = 0.31121805940774344 +/- 0.0013179606055168643



REPORT for Depository of Queueing Place : P/category_logout----------------------------------------

tkOcp=0.0

------------------ Color = logout --------------------
arrivCnt=277998 deptCnt=277998
arrivThrPut=0.027827627924406226 deptThrPut=0.027827627924406226
meanTkPop=0.0 tkColOcp=0.0
-----
meanST=0.0 stDevST=0.0

Steady State Statistics: numBatchesST=1389 batchSizeST=200 stDevStdStateMeanST=0.0
95% c.i. = 0.0 +/- 0.0



REPORT for Queue : Persistence----------------------------------------

totArrivThrPut=0.16680420598315276 totDeptThrPut=0.16680420598315276
meanTotTkPop=0.06757004800715408 queueUtil=0.061904237271273255
meanST=0.40508599653643423



REPORT for Ordinary Place : Finish_index----------------------------------------

tkOcp=1.0

------------------ Color = index --------------------
arrivCnt=278398 deptCnt=0
arrivThrPut=0.027867667964873288 deptThrPut=0.0
meanTkPop=139308.1934332642 tkColOcp=1.0
-----
meanST=NaN stDevST=NaN

Steady State Statistics: Only 0 batches collected!
Need at least 60 for steady state statistics.



REPORT for Ordinary Place : Finish_login----------------------------------------

tkOcp=1.0

------------------ Color = login --------------------
arrivCnt=277299 deptCnt=0
arrivThrPut=0.027757657953690035 deptThrPut=0.0
meanTkPop=138913.64509864675 tkColOcp=1.0
-----
meanST=NaN stDevST=NaN

Steady State Statistics: Only 0 batches collected!
Need at least 60 for steady state statistics.



REPORT for Ordinary Place : Finish_loginAction----------------------------------------

tkOcp=1.0

------------------ Color = loginAction --------------------
arrivCnt=277601 deptCnt=0
arrivThrPut=0.027787888184242666 deptThrPut=0.0
meanTkPop=138967.21513808565 tkColOcp=1.0
-----
meanST=NaN stDevST=NaN

Steady State Statistics: Only 0 batches collected!
Need at least 60 for steady state statistics.



REPORT for Ordinary Place : Finish_category----------------------------------------

tkOcp=1.0

------------------ Color = category --------------------
arrivCnt=277036 deptCnt=0
arrivThrPut=0.02773133162708294 deptThrPut=0.0
meanTkPop=138864.88107218393 tkColOcp=1.0
-----
meanST=NaN stDevST=NaN

Steady State Statistics: Only 0 batches collected!
Need at least 60 for steady state statistics.



REPORT for Ordinary Place : Finish_product----------------------------------------

tkOcp=1.0

------------------ Color = product --------------------
arrivCnt=278042 deptCnt=0
arrivThrPut=0.027832032328857604 deptThrPut=0.0
meanTkPop=139688.66162206567 tkColOcp=1.0
-----
meanST=NaN stDevST=NaN

Steady State Statistics: Only 0 batches collected!
Need at least 60 for steady state statistics.



REPORT for Ordinary Place : Finish_logout----------------------------------------

tkOcp=1.0

------------------ Color = logout --------------------
arrivCnt=277998 deptCnt=0
arrivThrPut=0.027827627924406226 deptThrPut=0.0
meanTkPop=139429.11835172263 tkColOcp=1.0
-----
meanST=NaN stDevST=NaN

Steady State Statistics: Only 0 batches collected!
Need at least 60 for steady state statistics.



REPORT REPORT for Probe : /index----------------------------------------


------------------ Color = index --------------------
-----
meanST=0.8155284425895607 stDevST=0.8410480283035522

Steady State Statistics: numBatchesST=695 batchSizeST=400 stDevStdStateMeanST=0.04518565728944475
95% c.i. = 0.815574825442186 +/- 0.0033593580357566054



REPORT REPORT for Probe : /login----------------------------------------


------------------ Color = login --------------------
-----
meanST=1.3902318107001819 stDevST=1.0021341271133115

Steady State Statistics: numBatchesST=693 batchSizeST=400 stDevStdStateMeanST=0.053683167503417784
95% c.i. = 1.3902318253044819 +/- 0.003996866169010929



REPORT REPORT for Probe : /loginAction----------------------------------------


------------------ Color = loginAction --------------------
-----
meanST=1.4715261593213658 stDevST=1.0047074462226644

Steady State Statistics: numBatchesST=694 batchSizeST=400 stDevStdStateMeanST=0.05594966756506283
95% c.i. = 1.4715208362053664 +/- 0.004162611370742679



REPORT REPORT for Probe : /logout----------------------------------------


------------------ Color = logout --------------------
-----
meanST=1.7002724480779077 stDevST=1.1427113771733695

Steady State Statistics: numBatchesST=694 batchSizeST=400 stDevStdStateMeanST=0.06419509139458948
95% c.i. = 1.7002819883507205 +/- 0.004776064434596317



REPORT REPORT for Probe : /category----------------------------------------


------------------ Color = category --------------------
-----
meanST=3.018484712087186 stDevST=2.052975788670935

Steady State Statistics: numBatchesST=692 batchSizeST=400 stDevStdStateMeanST=0.11333984554123054
95% c.i. = 3.0183121828263064 +/- 0.008444572336770598



REPORT REPORT for Probe : /product----------------------------------------


------------------ Color = product --------------------
-----
meanST=1.0983320221586232 stDevST=0.8832768047944668

Steady State Statistics: numBatchesST=695 batchSizeST=400 stDevStdStateMeanST=0.05099460048172006
95% c.i. = 1.0983068758130992 +/- 0.003791227818400714



