INFO Logging to /home/yjx/workloadConfig/qpme/output/SimQPN_Output_config_2025-08-14_111547975.log
WARN Batch means correlation test was run for depository of place Workload, color 0
    However, the standard deviation of the token residence time is 0 and therefore the result of the test is ignored!
    In future runs, you should set numBMeansCorlTested to 0 to switch off the correlation test!
WARN Batch means correlation test was run for depository of place W/product, color 0
    However, the standard deviation of the token residence time is 0 and therefore the result of the test is ignored!
    In future runs, you should set numBMeansCorlTested to 0 to switch off the correlation test!
WARN Batch means correlation test was run for depository of place P/getProduct_product, color 0
    However, the standard deviation of the token residence time is 0 and therefore the result of the test is ignored!
    In future runs, you should set numBMeansCorlTested to 0 to switch off the correlation test!
WARN Batch means correlation test was run for depository of place R/getAds_product, color 0
    However, the standard deviation of the token residence time is 0 and therefore the result of the test is ignored!
    In future runs, you should set numBMeansCorlTested to 0 to switch off the correlation test!
WARN Batch means correlation test was run for depository of place I/product_product, color 0
    However, the standard deviation of the token residence time is 0 and therefore the result of the test is ignored!
    In future runs, you should set numBMeansCorlTested to 0 to switch off the correlation test!
WARN Batch means correlation test was run for depository of place A/isLoggedIn_product, color 0
    However, the standard deviation of the token residence time is 0 and therefore the result of the test is ignored!
    In future runs, you should set numBMeansCorlTested to 0 to switch off the correlation test!
WARN Batch means correlation test was run for depository of place W/logout, color 0
    However, the standard deviation of the token residence time is 0 and therefore the result of the test is ignored!
    In future runs, you should set numBMeansCorlTested to 0 to switch off the correlation test!
WARN Batch means correlation test was run for depository of place A/logout_logout, color 0
    However, the standard deviation of the token residence time is 0 and therefore the result of the test is ignored!
    In future runs, you should set numBMeansCorlTested to 0 to switch off the correlation test!
WARN Batch means correlation test was run for depository of place P/category_logout, color 0
    However, the standard deviation of the token residence time is 0 and therefore the result of the test is ignored!
    In future runs, you should set numBMeansCorlTested to 0 to switch off the correlation test!
WARN Batch means correlation test was run for depository of place I/icon_logout, color 0
    However, the standard deviation of the token residence time is 0 and therefore the result of the test is ignored!
    In future runs, you should set numBMeansCorlTested to 0 to switch off the correlation test!
WARN Batch means correlation test was run for depository of place W/loginAction, color 0
    However, the standard deviation of the token residence time is 0 and therefore the result of the test is ignored!
    In future runs, you should set numBMeansCorlTested to 0 to switch off the correlation test!
WARN Batch means correlation test was run for depository of place A/login_loginAction, color 0
    However, the standard deviation of the token residence time is 0 and therefore the result of the test is ignored!
    In future runs, you should set numBMeansCorlTested to 0 to switch off the correlation test!
WARN Batch means correlation test was run for depository of place P/getUser_loginAction, color 0
    However, the standard deviation of the token residence time is 0 and therefore the result of the test is ignored!
    In future runs, you should set numBMeansCorlTested to 0 to switch off the correlation test!
WARN Batch means correlation test was run for depository of place I/icon_loginAction, color 0
    However, the standard deviation of the token residence time is 0 and therefore the result of the test is ignored!
    In future runs, you should set numBMeansCorlTested to 0 to switch off the correlation test!
WARN Batch means correlation test was run for depository of place W/category, color 0
    However, the standard deviation of the token residence time is 0 and therefore the result of the test is ignored!
    In future runs, you should set numBMeansCorlTested to 0 to switch off the correlation test!
WARN Batch means correlation test was run for depository of place P/category_category, color 0
    However, the standard deviation of the token residence time is 0 and therefore the result of the test is ignored!
    In future runs, you should set numBMeansCorlTested to 0 to switch off the correlation test!
WARN Batch means correlation test was run for depository of place I/productImages_category, color 0
    However, the standard deviation of the token residence time is 0 and therefore the result of the test is ignored!
    In future runs, you should set numBMeansCorlTested to 0 to switch off the correlation test!
WARN Batch means correlation test was run for depository of place A/isLoggedIn_category, color 0
    However, the standard deviation of the token residence time is 0 and therefore the result of the test is ignored!
    In future runs, you should set numBMeansCorlTested to 0 to switch off the correlation test!
WARN Batch means correlation test was run for depository of place W/login, color 0
    However, the standard deviation of the token residence time is 0 and therefore the result of the test is ignored!
    In future runs, you should set numBMeansCorlTested to 0 to switch off the correlation test!
WARN Batch means correlation test was run for depository of place P/categories_login, color 0
    However, the standard deviation of the token residence time is 0 and therefore the result of the test is ignored!
    In future runs, you should set numBMeansCorlTested to 0 to switch off the correlation test!
WARN Batch means correlation test was run for depository of place I/icon_login, color 0
    However, the standard deviation of the token residence time is 0 and therefore the result of the test is ignored!
    In future runs, you should set numBMeansCorlTested to 0 to switch off the correlation test!
WARN Batch means correlation test was run for depository of place A/isLoggedIn_login, color 0
    However, the standard deviation of the token residence time is 0 and therefore the result of the test is ignored!
    In future runs, you should set numBMeansCorlTested to 0 to switch off the correlation test!
WARN Batch means correlation test was run for depository of place W/index, color 0
    However, the standard deviation of the token residence time is 0 and therefore the result of the test is ignored!
    In future runs, you should set numBMeansCorlTested to 0 to switch off the correlation test!
WARN Batch means correlation test was run for depository of place P/categories_index, color 0
    However, the standard deviation of the token residence time is 0 and therefore the result of the test is ignored!
    In future runs, you should set numBMeansCorlTested to 0 to switch off the correlation test!
WARN Batch means correlation test was run for depository of place A/isLoggedIn_index, color 0
    However, the standard deviation of the token residence time is 0 and therefore the result of the test is ignored!
    In future runs, you should set numBMeansCorlTested to 0 to switch off the correlation test!
WARN Batch means correlation test was run for depository of place I/icon_index, color 0
    However, the standard deviation of the token residence time is 0 and therefore the result of the test is ignored!
    In future runs, you should set numBMeansCorlTested to 0 to switch off the correlation test!
WARN LP-1 The simulation was stopped because of reaching max totalRunLen.
The required precision may not have been reached!
REPORT for Queue of Queueing Place : W/index----------------------------------------

queueUtilQPl=0.01809920793225317

------------------ Color = index --------------------
arrivCnt=278131 deptCnt=278131
arrivThrPut=0.02784099421577501 deptThrPut=0.02784099421577501
meanTkPop=0.01843718679103843 tkColOcp=0.01809920793225317
-----
meanST=0.6622316232008598 stDevST=0.6654690901904714

Steady State Statistics: numBatchesST=695 batchSizeST=400 stDevStdStateMeanST=0.035486113061295795
95% c.i. = 0.6622492316268949 +/- 0.0026382389063548876



REPORT for Depository of Queueing Place : W/index----------------------------------------

tkOcp=0.0

------------------ Color = index --------------------
arrivCnt=278131 deptCnt=278131
arrivThrPut=0.02784099421577501 deptThrPut=0.02784099421577501
meanTkPop=0.0 tkColOcp=0.0
-----
meanST=0.0 stDevST=0.0

Steady State Statistics: numBatchesST=1390 batchSizeST=200 stDevStdStateMeanST=0.0
95% c.i. = 0.0 +/- 0.0



REPORT for Queue : WebUI----------------------------------------

totArrivThrPut=0.1667189376418428 totDeptThrPut=0.1667189376418428
meanTotTkPop=0.07554331599514869 queueUtil=0.06837427677642659
meanST=0.45311778651946605



REPORT for Queue of Queueing Place : P/categories_index----------------------------------------

queueUtilQPl=0.009873243293829508

------------------ Color = index --------------------
arrivCnt=278131 deptCnt=278131
arrivThrPut=0.02784099421577501 deptThrPut=0.02784099421577501
meanTkPop=0.010000986178842486 tkColOcp=0.009873243293829508
-----
meanST=0.35921799707769847 stDevST=0.4457813182038578

Steady State Statistics: numBatchesST=695 batchSizeST=400 stDevStdStateMeanST=0.023475078321122837
95% c.i. = 0.359235304869868 +/- 0.0017452704625478901



REPORT for Depository of Queueing Place : P/categories_index----------------------------------------

tkOcp=0.0

------------------ Color = index --------------------
arrivCnt=278131 deptCnt=278131
arrivThrPut=0.02784099421577501 deptThrPut=0.02784099421577501
meanTkPop=0.0 tkColOcp=0.0
-----
meanST=0.0 stDevST=0.0

Steady State Statistics: numBatchesST=1390 batchSizeST=200 stDevStdStateMeanST=0.0
95% c.i. = 0.0 +/- 0.0



REPORT for Queue : Persistence----------------------------------------

totArrivThrPut=0.1667189376418428 totDeptThrPut=0.1667189376418428
meanTotTkPop=0.07225105577806527 queueUtil=0.0637130757137816
meanST=0.4333704185020662



REPORT for Queue of Queueing Place : A/isLoggedIn_index----------------------------------------

queueUtilQPl=0.003439614895171091

------------------ Color = index --------------------
arrivCnt=278131 deptCnt=278131
arrivThrPut=0.02784099421577501 deptThrPut=0.02784099421577501
meanTkPop=0.003453616072889132 tkColOcp=0.003439614895171091
-----
meanST=0.12404787149922525 stDevST=0.14031920593371955

Steady State Statistics: numBatchesST=695 batchSizeST=400 stDevStdStateMeanST=0.007235184122243013
95% c.i. = 0.1240454745990341 +/- 5.379046223792208E-4



REPORT for Depository of Queueing Place : A/isLoggedIn_index----------------------------------------

tkOcp=0.0

------------------ Color = index --------------------
arrivCnt=278131 deptCnt=278131
arrivThrPut=0.02784099421577501 deptThrPut=0.02784099421577501
meanTkPop=0.0 tkColOcp=0.0
-----
meanST=0.0 stDevST=0.0

Steady State Statistics: numBatchesST=1390 batchSizeST=200 stDevStdStateMeanST=0.0
95% c.i. = 0.0 +/- 0.0



REPORT for Queue : Auth----------------------------------------

totArrivThrPut=0.16671893764184278 totDeptThrPut=0.16671893764184278
meanTotTkPop=0.036049559824958596 queueUtil=0.03416879851975062
meanST=0.21622954377506154



REPORT for Queue of Queueing Place : W/login----------------------------------------

queueUtilQPl=0.0044342327395406325

------------------ Color = login --------------------
arrivCnt=277499 deptCnt=277499
arrivThrPut=0.02777773083145478 deptThrPut=0.02777773083145478
meanTkPop=0.004473656441373473 tkColOcp=0.0044342327395406325
-----
meanST=0.16105190407805453 stDevST=0.2706275884390696

Steady State Statistics: numBatchesST=693 batchSizeST=400 stDevStdStateMeanST=0.01407532963551935
95% c.i. = 0.16109797830715025 +/- 0.0010479487603689288



REPORT for Depository of Queueing Place : W/login----------------------------------------

tkOcp=0.0

------------------ Color = login --------------------
arrivCnt=277499 deptCnt=277499
arrivThrPut=0.02777773083145478 deptThrPut=0.02777773083145478
meanTkPop=0.0 tkColOcp=0.0
-----
meanST=0.0 stDevST=0.0

Steady State Statistics: numBatchesST=1387 batchSizeST=200 stDevStdStateMeanST=0.0
95% c.i. = 0.0 +/- 0.0



REPORT for Queue : WebUI----------------------------------------

totArrivThrPut=0.1667189376418428 totDeptThrPut=0.1667189376418428
meanTotTkPop=0.07554331599514869 queueUtil=0.06837427677642659
meanST=0.45311778651946605



REPORT for Queue of Queueing Place : W/loginAction----------------------------------------

queueUtilQPl=0.0036357450008866286

------------------ Color = loginAction --------------------
arrivCnt=276726 deptCnt=276726
arrivThrPut=0.027700353306012473 deptThrPut=0.027700353306012473
meanTkPop=0.003664470159793078 tkColOcp=0.0036357450008866286
-----
meanST=0.1322896541899951 stDevST=0.2592053166790889

Steady State Statistics: numBatchesST=691 batchSizeST=400 stDevStdStateMeanST=0.013680807304635185
95% c.i. = 0.13230885047176097 +/- 0.0010200484334108584



REPORT for Depository of Queueing Place : W/loginAction----------------------------------------

tkOcp=0.0

------------------ Color = loginAction --------------------
arrivCnt=276726 deptCnt=276726
arrivThrPut=0.027700353306012473 deptThrPut=0.027700353306012473
meanTkPop=0.0 tkColOcp=0.0
-----
meanST=0.0 stDevST=0.0

Steady State Statistics: numBatchesST=1383 batchSizeST=200 stDevStdStateMeanST=0.0
95% c.i. = 0.0 +/- 0.0



REPORT for Queue : WebUI----------------------------------------

totArrivThrPut=0.1667189376418428 totDeptThrPut=0.1667189376418428
meanTotTkPop=0.07554331599514869 queueUtil=0.06837427677642659
meanST=0.45311778651946605



REPORT for Queue of Queueing Place : A/login_loginAction----------------------------------------

queueUtilQPl=0.00968132860904692

------------------ Color = loginAction --------------------
arrivCnt=276726 deptCnt=276726
arrivThrPut=0.027700353306012473 deptThrPut=0.027700353306012473
meanTkPop=0.009777106055676792 tkColOcp=0.00968132860904692
-----
meanST=0.3529596156289686 stDevST=0.3519754945685598

Steady State Statistics: numBatchesST=345 batchSizeST=800 stDevStdStateMeanST=0.012286941920978874
95% c.i. = 0.35300596655119926 +/- 0.001296529339262743



REPORT for Depository of Queueing Place : A/login_loginAction----------------------------------------

tkOcp=0.0

------------------ Color = loginAction --------------------
arrivCnt=276726 deptCnt=276726
arrivThrPut=0.027700353306012473 deptThrPut=0.027700353306012473
meanTkPop=0.0 tkColOcp=0.0
-----
meanST=0.0 stDevST=0.0

Steady State Statistics: numBatchesST=1383 batchSizeST=200 stDevStdStateMeanST=0.0
95% c.i. = 0.0 +/- 0.0



REPORT for Queue : Auth----------------------------------------

totArrivThrPut=0.16671893764184278 totDeptThrPut=0.16671893764184278
meanTotTkPop=0.036049559824958596 queueUtil=0.03416879851975062
meanST=0.21622954377506154



REPORT for Queue of Queueing Place : W/logout----------------------------------------

queueUtilQPl=0.008875333808701962

------------------ Color = logout --------------------
arrivCnt=278099 deptCnt=278099
arrivThrPut=0.02783779100644234 deptThrPut=0.02783779100644234
meanTkPop=0.008971186884223372 tkColOcp=0.008875333808701962
-----
meanST=0.3222664787643252 stDevST=0.37181093062788273

Steady State Statistics: numBatchesST=695 batchSizeST=400 stDevStdStateMeanST=0.01917901759159911
95% c.i. = 0.32226316163447843 +/- 0.00142587694257811



REPORT for Depository of Queueing Place : W/logout----------------------------------------

tkOcp=0.0

------------------ Color = logout --------------------
arrivCnt=278099 deptCnt=278099
arrivThrPut=0.02783779100644234 deptThrPut=0.02783779100644234
meanTkPop=0.0 tkColOcp=0.0
-----
meanST=0.0 stDevST=0.0

Steady State Statistics: numBatchesST=1390 batchSizeST=200 stDevStdStateMeanST=0.0
95% c.i. = 0.0 +/- 0.0



REPORT for Queue : WebUI----------------------------------------

totArrivThrPut=0.1667189376418428 totDeptThrPut=0.1667189376418428
meanTotTkPop=0.07554331599514869 queueUtil=0.06837427677642659
meanST=0.45311778651946605



REPORT for Queue of Queueing Place : A/logout_logout----------------------------------------

queueUtilQPl=0.010306152823312485

------------------ Color = logout --------------------
arrivCnt=278099 deptCnt=278099
arrivThrPut=0.02783779100644234 deptThrPut=0.02783779100644234
meanTkPop=0.010416775852591069 tkColOcp=0.010306152823312485
-----
meanST=0.37419549023054216 stDevST=0.3726594741974614

Steady State Statistics: numBatchesST=347 batchSizeST=800 stDevStdStateMeanST=0.013157816619515934
95% c.i. = 0.37419619557796086 +/- 0.0013844178268229324



REPORT for Depository of Queueing Place : A/logout_logout----------------------------------------

tkOcp=0.0

------------------ Color = logout --------------------
arrivCnt=278099 deptCnt=278099
arrivThrPut=0.02783779100644234 deptThrPut=0.02783779100644234
meanTkPop=0.0 tkColOcp=0.0
-----
meanST=0.0 stDevST=0.0

Steady State Statistics: numBatchesST=1390 batchSizeST=200 stDevStdStateMeanST=0.0
95% c.i. = 0.0 +/- 0.0



REPORT for Queue : Auth----------------------------------------

totArrivThrPut=0.16671893764184278 totDeptThrPut=0.16671893764184278
meanTotTkPop=0.036049559824958596 queueUtil=0.03416879851975062
meanST=0.21622954377506154



REPORT for Queue of Queueing Place : P/getUser_loginAction----------------------------------------

queueUtilQPl=0.035248907864631716

------------------ Color = loginAction --------------------
arrivCnt=276726 deptCnt=276726
arrivThrPut=0.027700353306012473 deptThrPut=0.027700353306012473
meanTkPop=0.0365463382034243 tkColOcp=0.035248907864631716
-----
meanST=1.3193455621193024 stDevST=1.3061110058251373

Steady State Statistics: numBatchesST=691 batchSizeST=400 stDevStdStateMeanST=0.06920727853827079
95% c.i. = 1.3194028004172265 +/- 0.005160132328570542



REPORT for Depository of Queueing Place : P/getUser_loginAction----------------------------------------

tkOcp=0.0

------------------ Color = loginAction --------------------
arrivCnt=276726 deptCnt=276726
arrivThrPut=0.027700353306012473 deptThrPut=0.027700353306012473
meanTkPop=0.0 tkColOcp=0.0
-----
meanST=0.0 stDevST=0.0

Steady State Statistics: numBatchesST=1383 batchSizeST=200 stDevStdStateMeanST=0.0
95% c.i. = 0.0 +/- 0.0



REPORT for Queue : Persistence----------------------------------------

totArrivThrPut=0.1667189376418428 totDeptThrPut=0.1667189376418428
meanTotTkPop=0.07225105577806527 queueUtil=0.0637130757137816
meanST=0.4333704185020662



REPORT for Queue of Queueing Place : W/category----------------------------------------

queueUtilQPl=0.023359549661724825

------------------ Color = category --------------------
arrivCnt=277249 deptCnt=277249
arrivThrPut=0.027752705758543297 deptThrPut=0.027752705758543297
meanTkPop=0.023923456052651778 tkColOcp=0.023359549661724825
-----
meanST=0.8620224730803866 stDevST=0.8573776380635107

Steady State Statistics: numBatchesST=693 batchSizeST=400 stDevStdStateMeanST=0.04572228488877693
95% c.i. = 0.8620399170147668 +/- 0.0034041555694379897



REPORT for Depository of Queueing Place : W/category----------------------------------------

tkOcp=0.0

------------------ Color = category --------------------
arrivCnt=277249 deptCnt=277249
arrivThrPut=0.027752705758543297 deptThrPut=0.027752705758543297
meanTkPop=0.0 tkColOcp=0.0
-----
meanST=0.0 stDevST=0.0

Steady State Statistics: numBatchesST=1386 batchSizeST=200 stDevStdStateMeanST=0.0
95% c.i. = 0.0 +/- 0.0



REPORT for Queue : WebUI----------------------------------------

totArrivThrPut=0.1667189376418428 totDeptThrPut=0.1667189376418428
meanTotTkPop=0.07554331599514869 queueUtil=0.06837427677642659
meanST=0.45311778651946605



REPORT for Queue of Queueing Place : W/product----------------------------------------

queueUtilQPl=0.015802665659827016

------------------ Color = product --------------------
arrivCnt=277815 deptCnt=277815
arrivThrPut=0.027809362523614895 deptThrPut=0.027809362523614895
meanTkPop=0.016073359666068557 tkColOcp=0.015802665659827016
-----
meanST=0.577983751062957 stDevST=0.5891034773196913

Steady State Statistics: numBatchesST=694 batchSizeST=400 stDevStdStateMeanST=0.030177536827030865
95% c.i. = 0.5779707725989552 +/- 0.0022451850637204684



REPORT for Depository of Queueing Place : W/product----------------------------------------

tkOcp=0.0

------------------ Color = product --------------------
arrivCnt=277815 deptCnt=277815
arrivThrPut=0.027809362523614895 deptThrPut=0.027809362523614895
meanTkPop=0.0 tkColOcp=0.0
-----
meanST=0.0 stDevST=0.0

Steady State Statistics: numBatchesST=1389 batchSizeST=200 stDevStdStateMeanST=0.0
95% c.i. = 0.0 +/- 0.0



REPORT for Queue : WebUI----------------------------------------

totArrivThrPut=0.1667189376418428 totDeptThrPut=0.1667189376418428
meanTotTkPop=0.07554331599514869 queueUtil=0.06837427677642659
meanST=0.45311778651946605



REPORT for Queue of Queueing Place : P/category_category----------------------------------------

queueUtilQPl=0.0035069042966761298

------------------ Color = category --------------------
arrivCnt=277249 deptCnt=277249
arrivThrPut=0.027752705758543297 deptThrPut=0.027752705758543297
meanTkPop=0.003545764153647913 tkColOcp=0.0035069042966761298
-----
meanST=0.12776282732563463 stDevST=0.31756322962771233

Steady State Statistics: numBatchesST=693 batchSizeST=400 stDevStdStateMeanST=0.0163598467298093
95% c.i. = 0.1277480649664569 +/- 0.0012180376264201603



REPORT for Depository of Queueing Place : P/category_category----------------------------------------

tkOcp=0.0

------------------ Color = category --------------------
arrivCnt=277249 deptCnt=277249
arrivThrPut=0.027752705758543297 deptThrPut=0.027752705758543297
meanTkPop=0.0 tkColOcp=0.0
-----
meanST=0.0 stDevST=0.0

Steady State Statistics: numBatchesST=1386 batchSizeST=200 stDevStdStateMeanST=0.0
95% c.i. = 0.0 +/- 0.0



REPORT for Queue : Persistence----------------------------------------

totArrivThrPut=0.1667189376418428 totDeptThrPut=0.1667189376418428
meanTotTkPop=0.07225105577806527 queueUtil=0.0637130757137816
meanST=0.4333704185020662



REPORT for Queue of Queueing Place : P/getProduct_product----------------------------------------

queueUtilQPl=0.012372964992260501

------------------ Color = product --------------------
arrivCnt=277815 deptCnt=277815
arrivThrPut=0.027809362523614895 deptThrPut=0.027809362523614895
meanTkPop=0.012552625781581382 tkColOcp=0.012372964992260501
-----
meanST=0.4513812846634676 stDevST=0.5198347033967967

Steady State Statistics: numBatchesST=694 batchSizeST=400 stDevStdStateMeanST=0.027257590604817854
95% c.i. = 0.45136009798971694 +/- 0.0020279433556726653



REPORT for Depository of Queueing Place : P/getProduct_product----------------------------------------

tkOcp=0.0

------------------ Color = product --------------------
arrivCnt=277815 deptCnt=277815
arrivThrPut=0.027809362523614895 deptThrPut=0.027809362523614895
meanTkPop=0.0 tkColOcp=0.0
-----
meanST=0.0 stDevST=0.0

Steady State Statistics: numBatchesST=1389 batchSizeST=200 stDevStdStateMeanST=0.0
95% c.i. = 0.0 +/- 0.0



REPORT for Queue : Persistence----------------------------------------

totArrivThrPut=0.1667189376418428 totDeptThrPut=0.1667189376418428
meanTotTkPop=0.07225105577806527 queueUtil=0.0637130757137816
meanST=0.4333704185020662



REPORT for Queue of Queueing Place : R/getAds_product----------------------------------------

queueUtilQPl=0.013286658488130577

------------------ Color = product --------------------
arrivCnt=277815 deptCnt=277815
arrivThrPut=0.027809362523614895 deptThrPut=0.027809362523614895
meanTkPop=0.013472859778688336 tkColOcp=0.013286658488130577
-----
meanST=0.4844720826393478 stDevST=0.48455562782423645

Steady State Statistics: numBatchesST=694 batchSizeST=400 stDevStdStateMeanST=0.024594376858990907
95% c.i. = 0.48445181663203635 +/- 0.0018298023424449135



REPORT for Depository of Queueing Place : R/getAds_product----------------------------------------

tkOcp=0.0

------------------ Color = product --------------------
arrivCnt=277815 deptCnt=277815
arrivThrPut=0.027809362523614895 deptThrPut=0.027809362523614895
meanTkPop=0.0 tkColOcp=0.0
-----
meanST=0.0 stDevST=0.0

Steady State Statistics: numBatchesST=1389 batchSizeST=200 stDevStdStateMeanST=0.0
95% c.i. = 0.0 +/- 0.0



REPORT for Queue : Recommender----------------------------------------

totArrivThrPut=0.027809362523614895 totDeptThrPut=0.027809362523614895
meanTotTkPop=0.013472859778688336 queueUtil=0.013286658488130577
meanST=0.4844720826393478



REPORT for Queue of Queueing Place : I/productImages_category----------------------------------------

queueUtilQPl=0.01665249622565781

------------------ Color = category --------------------
arrivCnt=277249 deptCnt=277249
arrivThrPut=0.027752705758543297 deptThrPut=0.027752705758543297
meanTkPop=0.016960634979640447 tkColOcp=0.01665249622565781
-----
meanST=0.6111344647690558 stDevST=0.6202854614260599

Steady State Statistics: numBatchesST=693 batchSizeST=400 stDevStdStateMeanST=0.030731534491624194
95% c.i. = 0.6111466382102574 +/- 0.0022880511013726075



REPORT for Depository of Queueing Place : I/productImages_category----------------------------------------

tkOcp=0.0

------------------ Color = category --------------------
arrivCnt=277249 deptCnt=277249
arrivThrPut=0.027752705758543297 deptThrPut=0.027752705758543297
meanTkPop=0.0 tkColOcp=0.0
-----
meanST=0.0 stDevST=0.0

Steady State Statistics: numBatchesST=1386 batchSizeST=200 stDevStdStateMeanST=0.0
95% c.i. = 0.0 +/- 0.0



REPORT for Queue : ImageProvider----------------------------------------

totArrivThrPut=0.16671893764184278 totDeptThrPut=0.16671893764184278
meanTotTkPop=0.07882624510579136 queueUtil=0.0696617560497184
meanST=0.4728091854515736



REPORT for Queue of Queueing Place : I/product_product----------------------------------------

queueUtilQPl=0.018514454417904745

------------------ Color = product --------------------
arrivCnt=277815 deptCnt=277815
arrivThrPut=0.027809362523614895 deptThrPut=0.027809362523614895
meanTkPop=0.018891777962774067 tkColOcp=0.018514454417904745
-----
meanST=0.679331572118265 stDevST=0.6788654831213026

Steady State Statistics: numBatchesST=694 batchSizeST=400 stDevStdStateMeanST=0.0324786271484597
95% c.i. = 0.6793154086693388 +/- 0.002416384378282023



REPORT for Depository of Queueing Place : I/product_product----------------------------------------

tkOcp=0.0

------------------ Color = product --------------------
arrivCnt=277815 deptCnt=277815
arrivThrPut=0.027809362523614895 deptThrPut=0.027809362523614895
meanTkPop=0.0 tkColOcp=0.0
-----
meanST=0.0 stDevST=0.0

Steady State Statistics: numBatchesST=1389 batchSizeST=200 stDevStdStateMeanST=0.0
95% c.i. = 0.0 +/- 0.0



REPORT for Queue : ImageProvider----------------------------------------

totArrivThrPut=0.16671893764184278 totDeptThrPut=0.16671893764184278
meanTotTkPop=0.07882624510579136 queueUtil=0.0696617560497184
meanST=0.4728091854515736



REPORT for Queue of Queueing Place : Workload----------------------------------------

queueUtilQPl=1.0

------------------ Color = workload --------------------
arrivCnt=1665519 deptCnt=1665519
arrivThrPut=0.16671893764184278 deptThrPut=0.16671893764184278
meanTkPop=1.0 tkColOcp=1.0
-----
meanST=5.998118834875672 stDevST=5.996915472151529

Steady State Statistics: numBatchesST=4163 batchSizeST=400 stDevStdStateMeanST=0.3007952644493418
95% c.i. = 5.998132613213271 +/- 0.009137257840546803



REPORT for Depository of Queueing Place : Workload----------------------------------------

tkOcp=0.0

------------------ Color = workload --------------------
arrivCnt=1665519 deptCnt=1665519
arrivThrPut=0.16671893764184278 deptThrPut=0.16671893764184278
meanTkPop=0.0 tkColOcp=0.0
-----
meanST=0.0 stDevST=0.0

Steady State Statistics: numBatchesST=8327 batchSizeST=200 stDevStdStateMeanST=0.0
95% c.i. = 0.0 +/- 0.0



REPORT for Queue : Workload----------------------------------------

totArrivThrPut=0.16671893764184278 totDeptThrPut=0.16671893764184278
meanTotTkPop=1.0 queueUtil=1.0
meanST=5.998118834875672



REPORT for Queue of Queueing Place : I/icon_index----------------------------------------

queueUtilQPl=0.00523403570640764

------------------ Color = index --------------------
arrivCnt=278131 deptCnt=278131
arrivThrPut=0.02784099421577501 deptThrPut=0.02784099421577501
meanTkPop=0.005295076073482197 tkColOcp=0.00523403570640764
-----
meanST=0.19018990602289446 stDevST=0.30009616673027956

Steady State Statistics: numBatchesST=695 batchSizeST=400 stDevStdStateMeanST=0.0163161980056984
95% c.i. = 0.1902006631616478 +/- 0.0012130386979286622



REPORT for Depository of Queueing Place : I/icon_index----------------------------------------

tkOcp=0.0

------------------ Color = index --------------------
arrivCnt=278131 deptCnt=278131
arrivThrPut=0.02784099421577501 deptThrPut=0.02784099421577501
meanTkPop=0.0 tkColOcp=0.0
-----
meanST=0.0 stDevST=0.0

Steady State Statistics: numBatchesST=1390 batchSizeST=200 stDevStdStateMeanST=0.0
95% c.i. = 0.0 +/- 0.0



REPORT for Queue : ImageProvider----------------------------------------

totArrivThrPut=0.16671893764184278 totDeptThrPut=0.16671893764184278
meanTotTkPop=0.07882624510579136 queueUtil=0.0696617560497184
meanST=0.4728091854515736



REPORT for Queue of Queueing Place : P/categories_login----------------------------------------

queueUtilQPl=0.005483594632115214

------------------ Color = login --------------------
arrivCnt=277499 deptCnt=277499
arrivThrPut=0.02777773083145478 deptThrPut=0.02777773083145478
meanTkPop=0.005554571150248435 tkColOcp=0.005483594632115214
-----
meanST=0.1999648993631468 stDevST=0.3810416913982253

Steady State Statistics: numBatchesST=693 batchSizeST=400 stDevStdStateMeanST=0.02010265727246879
95% c.i. = 0.19993599202731865 +/- 0.001496700632548119



REPORT for Depository of Queueing Place : P/categories_login----------------------------------------

tkOcp=0.0

------------------ Color = login --------------------
arrivCnt=277499 deptCnt=277499
arrivThrPut=0.02777773083145478 deptThrPut=0.02777773083145478
meanTkPop=0.0 tkColOcp=0.0
-----
meanST=0.0 stDevST=0.0

Steady State Statistics: numBatchesST=1387 batchSizeST=200 stDevStdStateMeanST=0.0
95% c.i. = 0.0 +/- 0.0



REPORT for Queue : Persistence----------------------------------------

totArrivThrPut=0.1667189376418428 totDeptThrPut=0.1667189376418428
meanTotTkPop=0.07225105577806527 queueUtil=0.0637130757137816
meanST=0.4333704185020662



REPORT for Queue of Queueing Place : I/icon_login----------------------------------------

queueUtilQPl=0.00506818665017975

------------------ Color = login --------------------
arrivCnt=277499 deptCnt=277499
arrivThrPut=0.02777773083145478 deptThrPut=0.02777773083145478
meanTkPop=0.0051493855182765435 tkColOcp=0.00506818665017975
-----
meanST=0.18537819195963673 stDevST=0.3329923519485617

Steady State Statistics: numBatchesST=693 batchSizeST=400 stDevStdStateMeanST=0.017836704905369642
95% c.i. = 0.18537239246197423 +/- 0.001327993963813041



REPORT for Depository of Queueing Place : I/icon_login----------------------------------------

tkOcp=0.0

------------------ Color = login --------------------
arrivCnt=277499 deptCnt=277499
arrivThrPut=0.02777773083145478 deptThrPut=0.02777773083145478
meanTkPop=0.0 tkColOcp=0.0
-----
meanST=0.0 stDevST=0.0

Steady State Statistics: numBatchesST=1387 batchSizeST=200 stDevStdStateMeanST=0.0
95% c.i. = 0.0 +/- 0.0



REPORT for Queue : ImageProvider----------------------------------------

totArrivThrPut=0.16671893764184278 totDeptThrPut=0.16671893764184278
meanTotTkPop=0.07882624510579136 queueUtil=0.0696617560497184
meanST=0.4728091854515736



REPORT for Queue of Queueing Place : A/isLoggedIn_login----------------------------------------

queueUtilQPl=0.002954298491450406

------------------ Color = login --------------------
arrivCnt=277499 deptCnt=277499
arrivThrPut=0.02777773083145478 deptThrPut=0.02777773083145478
meanTkPop=0.0029734768046236425 tkColOcp=0.002954298491450406
-----
meanST=0.10704534588032492 stDevST=0.12769335957322797

Steady State Statistics: numBatchesST=693 batchSizeST=400 stDevStdStateMeanST=0.006442843163578045
95% c.i. = 0.10704736613893179 +/- 4.796881978156183E-4



REPORT for Depository of Queueing Place : A/isLoggedIn_login----------------------------------------

tkOcp=0.0

------------------ Color = login --------------------
arrivCnt=277499 deptCnt=277499
arrivThrPut=0.02777773083145478 deptThrPut=0.02777773083145478
meanTkPop=0.0 tkColOcp=0.0
-----
meanST=0.0 stDevST=0.0

Steady State Statistics: numBatchesST=1387 batchSizeST=200 stDevStdStateMeanST=0.0
95% c.i. = 0.0 +/- 0.0



REPORT for Queue : Auth----------------------------------------

totArrivThrPut=0.16671893764184278 totDeptThrPut=0.16671893764184278
meanTotTkPop=0.036049559824958596 queueUtil=0.03416879851975062
meanST=0.21622954377506154



REPORT for Queue of Queueing Place : A/isLoggedIn_category----------------------------------------

queueUtilQPl=0.004136087588204292

------------------ Color = category --------------------
arrivCnt=277249 deptCnt=277249
arrivThrPut=0.027752705758543297 deptThrPut=0.027752705758543297
meanTkPop=0.004156358446396399 tkColOcp=0.004136087588204292
-----
meanST=0.1497640800344997 stDevST=0.16410410680994522

Steady State Statistics: numBatchesST=693 batchSizeST=400 stDevStdStateMeanST=0.008410783605237976
95% c.i. = 0.14977140649326456 +/- 6.262070218659733E-4



REPORT for Depository of Queueing Place : A/isLoggedIn_category----------------------------------------

tkOcp=0.0

------------------ Color = category --------------------
arrivCnt=277249 deptCnt=277249
arrivThrPut=0.027752705758543297 deptThrPut=0.027752705758543297
meanTkPop=0.0 tkColOcp=0.0
-----
meanST=0.0 stDevST=0.0

Steady State Statistics: numBatchesST=1386 batchSizeST=200 stDevStdStateMeanST=0.0
95% c.i. = 0.0 +/- 0.0



REPORT for Queue : Auth----------------------------------------

totArrivThrPut=0.16671893764184278 totDeptThrPut=0.16671893764184278
meanTotTkPop=0.036049559824958596 queueUtil=0.03416879851975062
meanST=0.21622954377506154



REPORT for Queue of Queueing Place : I/icon_logout----------------------------------------

queueUtilQPl=0.010088677069839623

------------------ Color = logout --------------------
arrivCnt=278099 deptCnt=278099
arrivThrPut=0.02783779100644234 deptThrPut=0.02783779100644234
meanTkPop=0.01023893374244951 tkColOcp=0.010088677069839623
-----
meanST=0.36780697649752353 stDevST=0.4260026489764789

Steady State Statistics: numBatchesST=695 batchSizeST=400 stDevStdStateMeanST=0.022979624574493006
95% c.i. = 0.36780808029358397 +/- 0.0017084356210311452



REPORT for Depository of Queueing Place : I/icon_logout----------------------------------------

tkOcp=0.0

------------------ Color = logout --------------------
arrivCnt=278099 deptCnt=278099
arrivThrPut=0.02783779100644234 deptThrPut=0.02783779100644234
meanTkPop=0.0 tkColOcp=0.0
-----
meanST=0.0 stDevST=0.0

Steady State Statistics: numBatchesST=1390 batchSizeST=200 stDevStdStateMeanST=0.0
95% c.i. = 0.0 +/- 0.0



REPORT for Queue : ImageProvider----------------------------------------

totArrivThrPut=0.16671893764184278 totDeptThrPut=0.16671893764184278
meanTotTkPop=0.07882624510579136 queueUtil=0.0696617560497184
meanST=0.4728091854515736



REPORT for Queue of Queueing Place : I/icon_loginAction----------------------------------------

queueUtilQPl=0.021813208906629418

------------------ Color = loginAction --------------------
arrivCnt=276726 deptCnt=276726
arrivThrPut=0.027700353306012473 deptThrPut=0.027700353306012473
meanTkPop=0.0222904368291686 tkColOcp=0.021813208906629418
-----
meanST=0.8046986470865832 stDevST=0.8010818926642287

Steady State Statistics: numBatchesST=691 batchSizeST=400 stDevStdStateMeanST=0.04246087147077735
95% c.i. = 0.8046835979076713 +/- 0.00316590567066548



REPORT for Depository of Queueing Place : I/icon_loginAction----------------------------------------

tkOcp=0.0

------------------ Color = loginAction --------------------
arrivCnt=276726 deptCnt=276726
arrivThrPut=0.027700353306012473 deptThrPut=0.027700353306012473
meanTkPop=0.0 tkColOcp=0.0
-----
meanST=0.0 stDevST=0.0

Steady State Statistics: numBatchesST=1383 batchSizeST=200 stDevStdStateMeanST=0.0
95% c.i. = 0.0 +/- 0.0



REPORT for Queue : ImageProvider----------------------------------------

totArrivThrPut=0.16671893764184278 totDeptThrPut=0.16671893764184278
meanTotTkPop=0.07882624510579136 queueUtil=0.0696617560497184
meanST=0.4728091854515736



REPORT for Queue of Queueing Place : A/isLoggedIn_product----------------------------------------

queueUtilQPl=0.0052424938218292045

------------------ Color = product --------------------
arrivCnt=277815 deptCnt=277815
arrivThrPut=0.027809362523614895 deptThrPut=0.027809362523614895
meanTkPop=0.005272226592781565 tkColOcp=0.0052424938218292045
-----
meanST=0.18958459002088038 stDevST=0.19671606420255353

Steady State Statistics: numBatchesST=694 batchSizeST=400 stDevStdStateMeanST=0.009929693553101608
95% c.i. = 0.18957739249882594 +/- 7.387614098701323E-4



REPORT for Depository of Queueing Place : A/isLoggedIn_product----------------------------------------

tkOcp=0.0

------------------ Color = product --------------------
arrivCnt=277815 deptCnt=277815
arrivThrPut=0.027809362523614895 deptThrPut=0.027809362523614895
meanTkPop=0.0 tkColOcp=0.0
-----
meanST=0.0 stDevST=0.0

Steady State Statistics: numBatchesST=1389 batchSizeST=200 stDevStdStateMeanST=0.0
95% c.i. = 0.0 +/- 0.0



REPORT for Queue : Auth----------------------------------------

totArrivThrPut=0.16671893764184278 totDeptThrPut=0.16671893764184278
meanTotTkPop=0.036049559824958596 queueUtil=0.03416879851975062
meanST=0.21622954377506154



REPORT for Queue of Queueing Place : P/category_logout----------------------------------------

queueUtilQPl=0.004001078819860495

------------------ Color = logout --------------------
arrivCnt=278099 deptCnt=278099
arrivThrPut=0.02783779100644234 deptThrPut=0.02783779100644234
meanTkPop=0.004050770310320754 tkColOcp=0.004001078819860495
-----
meanST=0.1455133530308963 stDevST=0.3463910248512026

Steady State Statistics: numBatchesST=347 batchSizeST=800 stDevStdStateMeanST=0.013347005926096535
95% c.i. = 0.14546889100282656 +/- 0.0014043236407013514



REPORT for Depository of Queueing Place : P/category_logout----------------------------------------

tkOcp=0.0

------------------ Color = logout --------------------
arrivCnt=278099 deptCnt=278099
arrivThrPut=0.02783779100644234 deptThrPut=0.02783779100644234
meanTkPop=0.0 tkColOcp=0.0
-----
meanST=0.0 stDevST=0.0

Steady State Statistics: numBatchesST=1390 batchSizeST=200 stDevStdStateMeanST=0.0
95% c.i. = 0.0 +/- 0.0



REPORT for Queue : Persistence----------------------------------------

totArrivThrPut=0.1667189376418428 totDeptThrPut=0.1667189376418428
meanTotTkPop=0.07225105577806527 queueUtil=0.0637130757137816
meanST=0.4333704185020662



REPORT for Ordinary Place : Finish_index----------------------------------------

tkOcp=1.0

------------------ Color = index --------------------
arrivCnt=278131 deptCnt=0
arrivThrPut=0.02784099421577501 deptThrPut=0.0
meanTkPop=139487.9374697433 tkColOcp=1.0
-----
meanST=NaN stDevST=NaN

Steady State Statistics: Only 0 batches collected!
Need at least 60 for steady state statistics.



REPORT for Ordinary Place : Finish_login----------------------------------------

tkOcp=1.0

------------------ Color = login --------------------
arrivCnt=277499 deptCnt=0
arrivThrPut=0.02777773083145478 deptThrPut=0.0
meanTkPop=138946.36085063987 tkColOcp=1.0
-----
meanST=NaN stDevST=NaN

Steady State Statistics: Only 0 batches collected!
Need at least 60 for steady state statistics.



REPORT for Ordinary Place : Finish_loginAction----------------------------------------

tkOcp=0.9999999999999998

------------------ Color = loginAction --------------------
arrivCnt=276726 deptCnt=0
arrivThrPut=0.027700353306012473 deptThrPut=0.0
meanTkPop=138528.90483182273 tkColOcp=0.9999999999999998
-----
meanST=NaN stDevST=NaN

Steady State Statistics: Only 0 batches collected!
Need at least 60 for steady state statistics.



REPORT for Ordinary Place : Finish_category----------------------------------------

tkOcp=1.0

------------------ Color = category --------------------
arrivCnt=277249 deptCnt=0
arrivThrPut=0.027752705758543297 deptThrPut=0.0
meanTkPop=139032.80342438887 tkColOcp=1.0
-----
meanST=NaN stDevST=NaN

Steady State Statistics: Only 0 batches collected!
Need at least 60 for steady state statistics.



REPORT for Ordinary Place : Finish_product----------------------------------------

tkOcp=1.0

------------------ Color = product --------------------
arrivCnt=277815 deptCnt=0
arrivThrPut=0.027809362523614895 deptThrPut=0.0
meanTkPop=139039.4765608655 tkColOcp=1.0
-----
meanST=NaN stDevST=NaN

Steady State Statistics: Only 0 batches collected!
Need at least 60 for steady state statistics.



REPORT for Ordinary Place : Finish_logout----------------------------------------

tkOcp=1.0

------------------ Color = logout --------------------
arrivCnt=278099 deptCnt=0
arrivThrPut=0.02783779100644234 deptThrPut=0.0
meanTkPop=139286.460699737 tkColOcp=1.0
-----
meanST=NaN stDevST=NaN

Steady State Statistics: Only 0 batches collected!
Need at least 60 for steady state statistics.



REPORT REPORT for Probe : /index----------------------------------------


------------------ Color = index --------------------
-----
meanST=1.335687397800678 stDevST=0.8807028280109311

Steady State Statistics: numBatchesST=695 batchSizeST=400 stDevStdStateMeanST=0.04569728999540907
95% c.i. = 1.3357306742574446 +/- 0.0033973957128701046



REPORT REPORT for Probe : /login----------------------------------------


------------------ Color = login --------------------
-----
meanST=0.6534403412811629 stDevST=0.6610218409629898

Steady State Statistics: numBatchesST=693 batchSizeST=400 stDevStdStateMeanST=0.034322079454678085
95% c.i. = 0.653453728935375 +/- 0.0025553774973090812



REPORT REPORT for Probe : /loginAction----------------------------------------


------------------ Color = loginAction --------------------
-----
meanST=2.609293479024849 stDevST=1.592812370788228

Steady State Statistics: numBatchesST=345 batchSizeST=800 stDevStdStateMeanST=0.06138013239701181
95% c.i. = 2.609402617373034 +/- 0.006476887659465501



REPORT REPORT for Probe : /logout----------------------------------------


------------------ Color = logout --------------------
-----
meanST=1.2097822985232871 stDevST=0.7979756504994674

Steady State Statistics: numBatchesST=695 batchSizeST=400 stDevStdStateMeanST=0.04328608177861575
95% c.i. = 1.2097521516693963 +/- 0.0032181328187380065



REPORT REPORT for Probe : /category----------------------------------------


------------------ Color = category --------------------
-----
meanST=1.7506838452095765 stDevST=1.122813699652671

Steady State Statistics: numBatchesST=693 batchSizeST=400 stDevStdStateMeanST=0.05772904068918615
95% c.i. = 1.750706026684747 +/- 0.004298093060275804



REPORT REPORT for Probe : /product----------------------------------------


------------------ Color = product --------------------
-----
meanST=2.382753280504918 stDevST=1.1748089406019604

Steady State Statistics: numBatchesST=694 batchSizeST=400 stDevStdStateMeanST=0.06087062104469243
95% c.i. = 2.382675488388873 +/- 0.004528726448823911



