INFO Logging to /home/yjx/workloadConfig/qpme/output/SimQPN_Output_config_2025-08-14_040636787.log
WARN Batch means correlation test was run for depository of place Workload, color 0
    However, the standard deviation of the token residence time is 0 and therefore the result of the test is ignored!
    In future runs, you should set numBMeansCorlTested to 0 to switch off the correlation test!
WARN Batch means correlation test was run for depository of place W/loginAction, color 0
    However, the standard deviation of the token residence time is 0 and therefore the result of the test is ignored!
    In future runs, you should set numBMeansCorlTested to 0 to switch off the correlation test!
WARN Batch means correlation test was run for depository of place A/login_loginAction, color 0
    However, the standard deviation of the token residence time is 0 and therefore the result of the test is ignored!
    In future runs, you should set numBMeansCorlTested to 0 to switch off the correlation test!
WARN Batch means correlation test was run for depository of place P/getUser_loginAction, color 0
    However, the standard deviation of the token residence time is 0 and therefore the result of the test is ignored!
    In future runs, you should set numBMeansCorlTested to 0 to switch off the correlation test!
WARN Batch means correlation test was run for depository of place I/icon_loginAction, color 0
    However, the standard deviation of the token residence time is 0 and therefore the result of the test is ignored!
    In future runs, you should set numBMeansCorlTested to 0 to switch off the correlation test!
WARN Batch means correlation test was run for depository of place W/category, color 0
    However, the standard deviation of the token residence time is 0 and therefore the result of the test is ignored!
    In future runs, you should set numBMeansCorlTested to 0 to switch off the correlation test!
WARN Batch means correlation test was run for depository of place P/category_category, color 0
    However, the standard deviation of the token residence time is 0 and therefore the result of the test is ignored!
    In future runs, you should set numBMeansCorlTested to 0 to switch off the correlation test!
WARN Batch means correlation test was run for depository of place I/productImages_category, color 0
    However, the standard deviation of the token residence time is 0 and therefore the result of the test is ignored!
    In future runs, you should set numBMeansCorlTested to 0 to switch off the correlation test!
WARN Batch means correlation test was run for depository of place A/isLoggedIn_category, color 0
    However, the standard deviation of the token residence time is 0 and therefore the result of the test is ignored!
    In future runs, you should set numBMeansCorlTested to 0 to switch off the correlation test!
WARN Batch means correlation test was run for depository of place W/login, color 0
    However, the standard deviation of the token residence time is 0 and therefore the result of the test is ignored!
    In future runs, you should set numBMeansCorlTested to 0 to switch off the correlation test!
WARN Batch means correlation test was run for depository of place P/categories_login, color 0
    However, the standard deviation of the token residence time is 0 and therefore the result of the test is ignored!
    In future runs, you should set numBMeansCorlTested to 0 to switch off the correlation test!
WARN Batch means correlation test was run for depository of place I/icon_login, color 0
    However, the standard deviation of the token residence time is 0 and therefore the result of the test is ignored!
    In future runs, you should set numBMeansCorlTested to 0 to switch off the correlation test!
WARN Batch means correlation test was run for depository of place A/isLoggedIn_login, color 0
    However, the standard deviation of the token residence time is 0 and therefore the result of the test is ignored!
    In future runs, you should set numBMeansCorlTested to 0 to switch off the correlation test!
WARN Batch means correlation test was run for depository of place W/logout, color 0
    However, the standard deviation of the token residence time is 0 and therefore the result of the test is ignored!
    In future runs, you should set numBMeansCorlTested to 0 to switch off the correlation test!
WARN Batch means correlation test was run for depository of place A/logout_logout, color 0
    However, the standard deviation of the token residence time is 0 and therefore the result of the test is ignored!
    In future runs, you should set numBMeansCorlTested to 0 to switch off the correlation test!
WARN Batch means correlation test was run for depository of place P/category_logout, color 0
    However, the standard deviation of the token residence time is 0 and therefore the result of the test is ignored!
    In future runs, you should set numBMeansCorlTested to 0 to switch off the correlation test!
WARN Batch means correlation test was run for depository of place I/icon_logout, color 0
    However, the standard deviation of the token residence time is 0 and therefore the result of the test is ignored!
    In future runs, you should set numBMeansCorlTested to 0 to switch off the correlation test!
WARN Batch means correlation test was run for depository of place W/product, color 0
    However, the standard deviation of the token residence time is 0 and therefore the result of the test is ignored!
    In future runs, you should set numBMeansCorlTested to 0 to switch off the correlation test!
WARN Batch means correlation test was run for depository of place P/getProduct_product, color 0
    However, the standard deviation of the token residence time is 0 and therefore the result of the test is ignored!
    In future runs, you should set numBMeansCorlTested to 0 to switch off the correlation test!
WARN Batch means correlation test was run for depository of place R/getAds_product, color 0
    However, the standard deviation of the token residence time is 0 and therefore the result of the test is ignored!
    In future runs, you should set numBMeansCorlTested to 0 to switch off the correlation test!
WARN Batch means correlation test was run for depository of place I/product_product, color 0
    However, the standard deviation of the token residence time is 0 and therefore the result of the test is ignored!
    In future runs, you should set numBMeansCorlTested to 0 to switch off the correlation test!
WARN Batch means correlation test was run for depository of place A/isLoggedIn_product, color 0
    However, the standard deviation of the token residence time is 0 and therefore the result of the test is ignored!
    In future runs, you should set numBMeansCorlTested to 0 to switch off the correlation test!
WARN Batch means correlation test was run for depository of place W/index, color 0
    However, the standard deviation of the token residence time is 0 and therefore the result of the test is ignored!
    In future runs, you should set numBMeansCorlTested to 0 to switch off the correlation test!
WARN Batch means correlation test was run for depository of place P/categories_index, color 0
    However, the standard deviation of the token residence time is 0 and therefore the result of the test is ignored!
    In future runs, you should set numBMeansCorlTested to 0 to switch off the correlation test!
WARN Batch means correlation test was run for depository of place A/isLoggedIn_index, color 0
    However, the standard deviation of the token residence time is 0 and therefore the result of the test is ignored!
    In future runs, you should set numBMeansCorlTested to 0 to switch off the correlation test!
WARN Batch means correlation test was run for depository of place I/icon_index, color 0
    However, the standard deviation of the token residence time is 0 and therefore the result of the test is ignored!
    In future runs, you should set numBMeansCorlTested to 0 to switch off the correlation test!
WARN LP-1 The simulation was stopped because of reaching max totalRunLen.
The required precision may not have been reached!
REPORT for Queue of Queueing Place : W/index----------------------------------------

queueUtilQPl=0.004100801820482265

------------------ Color = index --------------------
arrivCnt=276930 deptCnt=276930
arrivThrPut=0.027720713468122982 deptThrPut=0.027720713468122982
meanTkPop=0.0041201203543576835 tkColOcp=0.004100801820482265
-----
meanST=0.14862966492891871 stDevST=0.16278078782671665

Steady State Statistics: numBatchesST=692 batchSizeST=400 stDevStdStateMeanST=0.008429217390270744
95% c.i. = 0.14863140195286392 +/- 6.280327598347735E-4



REPORT for Depository of Queueing Place : W/index----------------------------------------

tkOcp=0.0

------------------ Color = index --------------------
arrivCnt=276930 deptCnt=276930
arrivThrPut=0.027720713468122982 deptThrPut=0.027720713468122982
meanTkPop=0.0 tkColOcp=0.0
-----
meanST=0.0 stDevST=0.0

Steady State Statistics: numBatchesST=1384 batchSizeST=200 stDevStdStateMeanST=0.0
95% c.i. = 0.0 +/- 0.0



REPORT for Queue : WebUI----------------------------------------

totArrivThrPut=0.16666191835803912 totDeptThrPut=0.16666191835803912
meanTotTkPop=0.03856440158621588 queueUtil=0.03673642637995022
meanST=0.23139300186961806



REPORT for Queue of Queueing Place : P/categories_index----------------------------------------

queueUtilQPl=0.009673014855938312

------------------ Color = index --------------------
arrivCnt=276930 deptCnt=276930
arrivThrPut=0.027720713468122982 deptThrPut=0.027720713468122982
meanTkPop=0.009769117717898488 tkColOcp=0.009673014855938312
-----
meanST=0.3524122035723336 stDevST=0.35302312314779283

Steady State Statistics: numBatchesST=692 batchSizeST=400 stDevStdStateMeanST=0.017732470424980096
95% c.i. = 0.35241553886931304 +/- 0.0013211869885504338



REPORT for Depository of Queueing Place : P/categories_index----------------------------------------

tkOcp=0.0

------------------ Color = index --------------------
arrivCnt=276930 deptCnt=276930
arrivThrPut=0.027720713468122982 deptThrPut=0.027720713468122982
meanTkPop=0.0 tkColOcp=0.0
-----
meanST=0.0 stDevST=0.0

Steady State Statistics: numBatchesST=1384 batchSizeST=200 stDevStdStateMeanST=0.0
95% c.i. = 0.0 +/- 0.0



REPORT for Queue : Persistence----------------------------------------

totArrivThrPut=0.1666619183580391 totDeptThrPut=0.1666619183580391
meanTotTkPop=0.03647760240417396 queueUtil=0.03466714268792044
meanST=0.21887185005160736



REPORT for Queue of Queueing Place : A/isLoggedIn_index----------------------------------------

queueUtilQPl=0.010598397669015257

------------------ Color = index --------------------
arrivCnt=276930 deptCnt=276930
arrivThrPut=0.027720713468122982 deptThrPut=0.027720713468122982
meanTkPop=0.010717115575620507 tkColOcp=0.010598397669015257
-----
meanST=0.3866103802827619 stDevST=0.39889688468568857

Steady State Statistics: numBatchesST=692 batchSizeST=400 stDevStdStateMeanST=0.020481319798567106
95% c.i. = 0.38664073454145265 +/- 0.0015259945499803433



REPORT for Depository of Queueing Place : A/isLoggedIn_index----------------------------------------

tkOcp=0.0

------------------ Color = index --------------------
arrivCnt=276930 deptCnt=276930
arrivThrPut=0.027720713468122982 deptThrPut=0.027720713468122982
meanTkPop=0.0 tkColOcp=0.0
-----
meanST=0.0 stDevST=0.0

Steady State Statistics: numBatchesST=1384 batchSizeST=200 stDevStdStateMeanST=0.0
95% c.i. = 0.0 +/- 0.0



REPORT for Queue : Auth----------------------------------------

totArrivThrPut=0.1666619183580391 totDeptThrPut=0.1666619183580391
meanTotTkPop=0.06422269170388423 queueUtil=0.05939123185672001
meanST=0.3853471287058805



REPORT for Queue of Queueing Place : W/login----------------------------------------

queueUtilQPl=0.003093868381560865

------------------ Color = login --------------------
arrivCnt=277497 deptCnt=277497
arrivThrPut=0.02777747021003042 deptThrPut=0.02777747021003042
meanTkPop=0.003105201318739099 tkColOcp=0.003093868381560865
-----
meanST=0.11178848524578074 stDevST=0.13261667391433718

Steady State Statistics: numBatchesST=693 batchSizeST=400 stDevStdStateMeanST=0.00655142581187265
95% c.i. = 0.11178931367856158 +/- 4.877724881750254E-4



REPORT for Depository of Queueing Place : W/login----------------------------------------

tkOcp=0.0

------------------ Color = login --------------------
arrivCnt=277497 deptCnt=277497
arrivThrPut=0.02777747021003042 deptThrPut=0.02777747021003042
meanTkPop=0.0 tkColOcp=0.0
-----
meanST=0.0 stDevST=0.0

Steady State Statistics: numBatchesST=1387 batchSizeST=200 stDevStdStateMeanST=0.0
95% c.i. = 0.0 +/- 0.0



REPORT for Queue : WebUI----------------------------------------

totArrivThrPut=0.16666191835803912 totDeptThrPut=0.16666191835803912
meanTotTkPop=0.03856440158621588 queueUtil=0.03673642637995022
meanST=0.23139300186961806



REPORT for Queue of Queueing Place : W/loginAction----------------------------------------

queueUtilQPl=0.011301802262926923

------------------ Color = loginAction --------------------
arrivCnt=278149 deptCnt=278149
arrivThrPut=0.02784273545822027 deptThrPut=0.02784273545822027
meanTkPop=0.011430307415027936 tkColOcp=0.011301802262926923
-----
meanST=0.41053104973036186 stDevST=0.40868311458584156

Steady State Statistics: numBatchesST=695 batchSizeST=400 stDevStdStateMeanST=0.021068632316677372
95% c.i. = 0.4105548258986053 +/- 0.0015663616182908725



REPORT for Depository of Queueing Place : W/loginAction----------------------------------------

tkOcp=0.0

------------------ Color = loginAction --------------------
arrivCnt=278149 deptCnt=278149
arrivThrPut=0.02784273545822027 deptThrPut=0.02784273545822027
meanTkPop=0.0 tkColOcp=0.0
-----
meanST=0.0 stDevST=0.0

Steady State Statistics: numBatchesST=1390 batchSizeST=200 stDevStdStateMeanST=0.0
95% c.i. = 0.0 +/- 0.0



REPORT for Queue : WebUI----------------------------------------

totArrivThrPut=0.16666191835803912 totDeptThrPut=0.16666191835803912
meanTotTkPop=0.03856440158621588 queueUtil=0.03673642637995022
meanST=0.23139300186961806



REPORT for Queue of Queueing Place : A/login_loginAction----------------------------------------

queueUtilQPl=0.015905348554350877

------------------ Color = loginAction --------------------
arrivCnt=278149 deptCnt=278149
arrivThrPut=0.02784273545822027 deptThrPut=0.02784273545822027
meanTkPop=0.016154461333614974 tkColOcp=0.015905348554350877
-----
meanST=0.5802038150258524 stDevST=0.5787091873925455

Steady State Statistics: numBatchesST=695 batchSizeST=400 stDevStdStateMeanST=0.02977626766479346
95% c.i. = 0.5802192293240863 +/- 0.002213736615886962



REPORT for Depository of Queueing Place : A/login_loginAction----------------------------------------

tkOcp=0.0

------------------ Color = loginAction --------------------
arrivCnt=278149 deptCnt=278149
arrivThrPut=0.02784273545822027 deptThrPut=0.02784273545822027
meanTkPop=0.0 tkColOcp=0.0
-----
meanST=0.0 stDevST=0.0

Steady State Statistics: numBatchesST=1390 batchSizeST=200 stDevStdStateMeanST=0.0
95% c.i. = 0.0 +/- 0.0



REPORT for Queue : Auth----------------------------------------

totArrivThrPut=0.1666619183580391 totDeptThrPut=0.1666619183580391
meanTotTkPop=0.06422269170388423 queueUtil=0.05939123185672001
meanST=0.3853471287058805



REPORT for Queue of Queueing Place : W/logout----------------------------------------

queueUtilQPl=0.00356566615063044

------------------ Color = logout --------------------
arrivCnt=277087 deptCnt=277087
arrivThrPut=0.027736429179726983 deptThrPut=0.027736429179726983
meanTkPop=0.003579056139288612 tkColOcp=0.00356566615063044
-----
meanST=0.12903810061839555 stDevST=0.14630691261289858

Steady State Statistics: numBatchesST=692 batchSizeST=400 stDevStdStateMeanST=0.007179295091799161
95% c.i. = 0.12903788539632716 +/- 5.349052351378553E-4



REPORT for Depository of Queueing Place : W/logout----------------------------------------

tkOcp=0.0

------------------ Color = logout --------------------
arrivCnt=277087 deptCnt=277087
arrivThrPut=0.027736429179726983 deptThrPut=0.027736429179726983
meanTkPop=0.0 tkColOcp=0.0
-----
meanST=0.0 stDevST=0.0

Steady State Statistics: numBatchesST=1385 batchSizeST=200 stDevStdStateMeanST=0.0
95% c.i. = 0.0 +/- 0.0



REPORT for Queue : WebUI----------------------------------------

totArrivThrPut=0.16666191835803912 totDeptThrPut=0.16666191835803912
meanTotTkPop=0.03856440158621588 queueUtil=0.03673642637995022
meanST=0.23139300186961806



REPORT for Queue of Queueing Place : A/logout_logout----------------------------------------

queueUtilQPl=0.01806689085493759

------------------ Color = logout --------------------
arrivCnt=277087 deptCnt=277087
arrivThrPut=0.027736429179726983 deptThrPut=0.027736429179726983
meanTkPop=0.01839705795086203 tkColOcp=0.01806689085493759
-----
meanST=0.6632814134671937 stDevST=0.6561853698271516

Steady State Statistics: numBatchesST=692 batchSizeST=400 stDevStdStateMeanST=0.03388776128340382
95% c.i. = 0.6632793599337043 +/- 0.002524863609283957



REPORT for Depository of Queueing Place : A/logout_logout----------------------------------------

tkOcp=0.0

------------------ Color = logout --------------------
arrivCnt=277087 deptCnt=277087
arrivThrPut=0.027736429179726983 deptThrPut=0.027736429179726983
meanTkPop=0.0 tkColOcp=0.0
-----
meanST=0.0 stDevST=0.0

Steady State Statistics: numBatchesST=1385 batchSizeST=200 stDevStdStateMeanST=0.0
95% c.i. = 0.0 +/- 0.0



REPORT for Queue : Auth----------------------------------------

totArrivThrPut=0.1666619183580391 totDeptThrPut=0.1666619183580391
meanTotTkPop=0.06422269170388423 queueUtil=0.05939123185672001
meanST=0.3853471287058805



REPORT for Queue of Queueing Place : P/getUser_loginAction----------------------------------------

queueUtilQPl=0.003379496192102337

------------------ Color = loginAction --------------------
arrivCnt=278149 deptCnt=278149
arrivThrPut=0.02784273545822027 deptThrPut=0.02784273545822027
meanTkPop=0.0033921044469552167 tkColOcp=0.003379496192102337
-----
meanST=0.12183086148432783 stDevST=0.14558552235855396

Steady State Statistics: numBatchesST=695 batchSizeST=400 stDevStdStateMeanST=0.007306340472988116
95% c.i. = 0.1218253315083569 +/- 5.431947890606408E-4



REPORT for Depository of Queueing Place : P/getUser_loginAction----------------------------------------

tkOcp=0.0

------------------ Color = loginAction --------------------
arrivCnt=278149 deptCnt=278149
arrivThrPut=0.02784273545822027 deptThrPut=0.02784273545822027
meanTkPop=0.0 tkColOcp=0.0
-----
meanST=0.0 stDevST=0.0

Steady State Statistics: numBatchesST=1390 batchSizeST=200 stDevStdStateMeanST=0.0
95% c.i. = 0.0 +/- 0.0



REPORT for Queue : Persistence----------------------------------------

totArrivThrPut=0.1666619183580391 totDeptThrPut=0.1666619183580391
meanTotTkPop=0.03647760240417396 queueUtil=0.03466714268792044
meanST=0.21887185005160736



REPORT for Queue of Queueing Place : W/category----------------------------------------

queueUtilQPl=0.0060728208225829874

------------------ Color = category --------------------
arrivCnt=277711 deptCnt=277711
arrivThrPut=0.02779889162584733 deptThrPut=0.02779889162584733
meanTkPop=0.0061101848486795505 tkColOcp=0.0060728208225829874
-----
meanST=0.21979958521073975 stDevST=0.22594672242553435

Steady State Statistics: numBatchesST=694 batchSizeST=400 stDevStdStateMeanST=0.011651765208592839
95% c.i. = 0.2198096841726786 +/- 8.668821899631608E-4



REPORT for Depository of Queueing Place : W/category----------------------------------------

tkOcp=0.0

------------------ Color = category --------------------
arrivCnt=277711 deptCnt=277711
arrivThrPut=0.02779889162584733 deptThrPut=0.02779889162584733
meanTkPop=0.0 tkColOcp=0.0
-----
meanST=0.0 stDevST=0.0

Steady State Statistics: numBatchesST=1388 batchSizeST=200 stDevStdStateMeanST=0.0
95% c.i. = 0.0 +/- 0.0



REPORT for Queue : WebUI----------------------------------------

totArrivThrPut=0.16666191835803912 totDeptThrPut=0.16666191835803912
meanTotTkPop=0.03856440158621588 queueUtil=0.03673642637995022
meanST=0.23139300186961806



REPORT for Queue of Queueing Place : W/product----------------------------------------

queueUtilQPl=0.010115067958355739

------------------ Color = product --------------------
arrivCnt=277579 deptCnt=277579
arrivThrPut=0.027785678416091104 deptThrPut=0.027785678416091104
meanTkPop=0.010219531510122995 tkColOcp=0.010115067958355739
-----
meanST=0.3677985240124535 stDevST=0.3662232342393265

Steady State Statistics: numBatchesST=693 batchSizeST=400 stDevStdStateMeanST=0.01837787460272756
95% c.i. = 0.3677730957210105 +/- 0.0013682856037377166



REPORT for Depository of Queueing Place : W/product----------------------------------------

tkOcp=0.0

------------------ Color = product --------------------
arrivCnt=277579 deptCnt=277579
arrivThrPut=0.027785678416091104 deptThrPut=0.027785678416091104
meanTkPop=0.0 tkColOcp=0.0
-----
meanST=0.0 stDevST=0.0

Steady State Statistics: numBatchesST=1387 batchSizeST=200 stDevStdStateMeanST=0.0
95% c.i. = 0.0 +/- 0.0



REPORT for Queue : WebUI----------------------------------------

totArrivThrPut=0.16666191835803912 totDeptThrPut=0.16666191835803912
meanTotTkPop=0.03856440158621588 queueUtil=0.03673642637995022
meanST=0.23139300186961806



REPORT for Queue of Queueing Place : P/category_category----------------------------------------

queueUtilQPl=0.0031606094439280584

------------------ Color = category --------------------
arrivCnt=277711 deptCnt=277711
arrivThrPut=0.02779889162584733 deptThrPut=0.02779889162584733
meanTkPop=0.003171930049703283 tkColOcp=0.0031606094439280584
-----
meanST=0.1141027524548508 stDevST=0.1368976194646041

Steady State Statistics: numBatchesST=694 batchSizeST=400 stDevStdStateMeanST=0.006985971138212423
95% c.i. = 0.11409977521548366 +/- 5.197507717411681E-4



REPORT for Depository of Queueing Place : P/category_category----------------------------------------

tkOcp=0.0

------------------ Color = category --------------------
arrivCnt=277711 deptCnt=277711
arrivThrPut=0.02779889162584733 deptThrPut=0.02779889162584733
meanTkPop=0.0 tkColOcp=0.0
-----
meanST=0.0 stDevST=0.0

Steady State Statistics: numBatchesST=1388 batchSizeST=200 stDevStdStateMeanST=0.0
95% c.i. = 0.0 +/- 0.0



REPORT for Queue : Persistence----------------------------------------

totArrivThrPut=0.1666619183580391 totDeptThrPut=0.1666619183580391
meanTotTkPop=0.03647760240417396 queueUtil=0.03466714268792044
meanST=0.21887185005160736



REPORT for Queue of Queueing Place : P/getProduct_product----------------------------------------

queueUtilQPl=0.003228302908517182

------------------ Color = product --------------------
arrivCnt=277579 deptCnt=277579
arrivThrPut=0.027785678416091104 deptThrPut=0.027785678416091104
meanTkPop=0.0032389122899144623 tkColOcp=0.003228302908517182
-----
meanST=0.11656768790783814 stDevST=0.13440927549997994

Steady State Statistics: numBatchesST=346 batchSizeST=800 stDevStdStateMeanST=0.004842354294570572
95% c.i. = 0.11656946220381957 +/- 5.102307203449161E-4



REPORT for Depository of Queueing Place : P/getProduct_product----------------------------------------

tkOcp=0.0

------------------ Color = product --------------------
arrivCnt=277579 deptCnt=277579
arrivThrPut=0.027785678416091104 deptThrPut=0.027785678416091104
meanTkPop=0.0 tkColOcp=0.0
-----
meanST=0.0 stDevST=0.0

Steady State Statistics: numBatchesST=1387 batchSizeST=200 stDevStdStateMeanST=0.0
95% c.i. = 0.0 +/- 0.0



REPORT for Queue : Persistence----------------------------------------

totArrivThrPut=0.1666619183580391 totDeptThrPut=0.1666619183580391
meanTotTkPop=0.03647760240417396 queueUtil=0.03466714268792044
meanST=0.21887185005160736



REPORT for Queue of Queueing Place : R/getAds_product----------------------------------------

queueUtilQPl=0.012002840018813219

------------------ Color = product --------------------
arrivCnt=277579 deptCnt=277579
arrivThrPut=0.027785678416091104 deptThrPut=0.027785678416091104
meanTkPop=0.012151972159781574 tkColOcp=0.012002840018813219
-----
meanST=0.4373466063273871 stDevST=0.43514201905901223

Steady State Statistics: numBatchesST=693 batchSizeST=400 stDevStdStateMeanST=0.022617752541922262
95% c.i. = 0.43733684336478884 +/- 0.0016839567066923658



REPORT for Depository of Queueing Place : R/getAds_product----------------------------------------

tkOcp=0.0

------------------ Color = product --------------------
arrivCnt=277579 deptCnt=277579
arrivThrPut=0.027785678416091104 deptThrPut=0.027785678416091104
meanTkPop=0.0 tkColOcp=0.0
-----
meanST=0.0 stDevST=0.0

Steady State Statistics: numBatchesST=1387 batchSizeST=200 stDevStdStateMeanST=0.0
95% c.i. = 0.0 +/- 0.0



REPORT for Queue : Recommender----------------------------------------

totArrivThrPut=0.027785678416091104 totDeptThrPut=0.027785678416091104
meanTotTkPop=0.012151972159781574 queueUtil=0.012002840018813219
meanST=0.4373466063273871



REPORT for Queue of Queueing Place : I/productImages_category----------------------------------------

queueUtilQPl=0.02269979294872305

------------------ Color = category --------------------
arrivCnt=277711 deptCnt=277711
arrivThrPut=0.02779889162584733 deptThrPut=0.02779889162584733
meanTkPop=0.02322667446669054 tkColOcp=0.02269979294872305
-----
meanST=0.8355251993246537 stDevST=0.8256212814553509

Steady State Statistics: numBatchesST=694 batchSizeST=400 stDevStdStateMeanST=0.04527377176744873
95% c.i. = 0.8355379454588695 +/- 0.003368333099324275



REPORT for Depository of Queueing Place : I/productImages_category----------------------------------------

tkOcp=0.0

------------------ Color = category --------------------
arrivCnt=277711 deptCnt=277711
arrivThrPut=0.02779889162584733 deptThrPut=0.02779889162584733
meanTkPop=0.0 tkColOcp=0.0
-----
meanST=0.0 stDevST=0.0

Steady State Statistics: numBatchesST=1388 batchSizeST=200 stDevStdStateMeanST=0.0
95% c.i. = 0.0 +/- 0.0



REPORT for Queue : ImageProvider----------------------------------------

totArrivThrPut=0.1666619183580391 totDeptThrPut=0.1666619183580391
meanTotTkPop=0.06287397949259375 queueUtil=0.05754167909685138
meanST=0.37725462488390327



REPORT for Queue of Queueing Place : I/product_product----------------------------------------

queueUtilQPl=0.004671040246234574

------------------ Color = product --------------------
arrivCnt=277579 deptCnt=277579
arrivThrPut=0.027785678416091104 deptThrPut=0.027785678416091104
meanTkPop=0.0047045424513654 tkColOcp=0.004671040246234574
-----
meanST=0.1693153710668777 stDevST=0.24610313615902818

Steady State Statistics: numBatchesST=693 batchSizeST=400 stDevStdStateMeanST=0.012676791906773583
95% c.i. = 0.16930734845778125 +/- 9.438236054262093E-4



REPORT for Depository of Queueing Place : I/product_product----------------------------------------

tkOcp=0.0

------------------ Color = product --------------------
arrivCnt=277579 deptCnt=277579
arrivThrPut=0.027785678416091104 deptThrPut=0.027785678416091104
meanTkPop=0.0 tkColOcp=0.0
-----
meanST=0.0 stDevST=0.0

Steady State Statistics: numBatchesST=1387 batchSizeST=200 stDevStdStateMeanST=0.0
95% c.i. = 0.0 +/- 0.0



REPORT for Queue : ImageProvider----------------------------------------

totArrivThrPut=0.1666619183580391 totDeptThrPut=0.1666619183580391
meanTotTkPop=0.06287397949259375 queueUtil=0.05754167909685138
meanST=0.37725462488390327



REPORT for Queue of Queueing Place : Workload----------------------------------------

queueUtilQPl=1.0

------------------ Color = workload --------------------
arrivCnt=1664953 deptCnt=1664953
arrivThrPut=0.1666619183580391 deptThrPut=0.1666619183580391
meanTkPop=1.0 tkColOcp=1.0
-----
meanST=6.000170943980761 stDevST=6.0056157157625885

Steady State Statistics: numBatchesST=4162 batchSizeST=400 stDevStdStateMeanST=0.29599989574227337
95% c.i. = 6.000102825112101 +/- 0.00899266905947812



REPORT for Depository of Queueing Place : Workload----------------------------------------

tkOcp=0.0

------------------ Color = workload --------------------
arrivCnt=1664953 deptCnt=1664953
arrivThrPut=0.1666619183580391 deptThrPut=0.1666619183580391
meanTkPop=0.0 tkColOcp=0.0
-----
meanST=0.0 stDevST=0.0

Steady State Statistics: numBatchesST=8324 batchSizeST=200 stDevStdStateMeanST=0.0
95% c.i. = 0.0 +/- 0.0



REPORT for Queue : Workload----------------------------------------

totArrivThrPut=0.1666619183580391 totDeptThrPut=0.1666619183580391
meanTotTkPop=1.0 queueUtil=1.0
meanST=6.000170943980761



REPORT for Queue of Queueing Place : I/icon_index----------------------------------------

queueUtilQPl=0.015215885695528383

------------------ Color = index --------------------
arrivCnt=276930 deptCnt=276930
arrivThrPut=0.027720713468122982 deptThrPut=0.027720713468122982
meanTkPop=0.015454347571225529 tkColOcp=0.015215885695528383
-----
meanST=0.5575017969503931 stDevST=0.5616598720002814

Steady State Statistics: numBatchesST=173 batchSizeST=1600 stDevStdStateMeanST=0.013110198481072456
95% c.i. = 0.5575324852053929 +/- 0.0019674569783942044



REPORT for Depository of Queueing Place : I/icon_index----------------------------------------

tkOcp=0.0

------------------ Color = index --------------------
arrivCnt=276930 deptCnt=276930
arrivThrPut=0.027720713468122982 deptThrPut=0.027720713468122982
meanTkPop=0.0 tkColOcp=0.0
-----
meanST=0.0 stDevST=0.0

Steady State Statistics: numBatchesST=1384 batchSizeST=200 stDevStdStateMeanST=0.0
95% c.i. = 0.0 +/- 0.0



REPORT for Queue : ImageProvider----------------------------------------

totArrivThrPut=0.1666619183580391 totDeptThrPut=0.1666619183580391
meanTotTkPop=0.06287397949259375 queueUtil=0.05754167909685138
meanST=0.37725462488390327



REPORT for Queue of Queueing Place : P/categories_login----------------------------------------

queueUtilQPl=0.013417910355993124

------------------ Color = login --------------------
arrivCnt=277497 deptCnt=277497
arrivThrPut=0.02777747021003042 deptThrPut=0.02777747021003042
meanTkPop=0.013603458962489729 tkColOcp=0.013417910355993124
-----
meanST=0.4897299451545279 stDevST=0.48794526268175153

Steady State Statistics: numBatchesST=693 batchSizeST=400 stDevStdStateMeanST=0.025840722820956348
95% c.i. = 0.4897315809602717 +/- 0.0019239161105628418



REPORT for Depository of Queueing Place : P/categories_login----------------------------------------

tkOcp=0.0

------------------ Color = login --------------------
arrivCnt=277497 deptCnt=277497
arrivThrPut=0.02777747021003042 deptThrPut=0.02777747021003042
meanTkPop=0.0 tkColOcp=0.0
-----
meanST=0.0 stDevST=0.0

Steady State Statistics: numBatchesST=1387 batchSizeST=200 stDevStdStateMeanST=0.0
95% c.i. = 0.0 +/- 0.0



REPORT for Queue : Persistence----------------------------------------

totArrivThrPut=0.1666619183580391 totDeptThrPut=0.1666619183580391
meanTotTkPop=0.03647760240417396 queueUtil=0.03466714268792044
meanST=0.21887185005160736



REPORT for Queue of Queueing Place : I/icon_login----------------------------------------

queueUtilQPl=0.005956516971952514

------------------ Color = login --------------------
arrivCnt=277497 deptCnt=277497
arrivThrPut=0.02777747021003042 deptThrPut=0.02777747021003042
meanTkPop=0.00599968341209621 tkColOcp=0.005956516971952514
-----
meanST=0.21599099438255287 stDevST=0.2661195665463201

Steady State Statistics: numBatchesST=693 batchSizeST=400 stDevStdStateMeanST=0.01367669000804071
95% c.i. = 0.21599273433132166 +/- 0.0010182688939453415



REPORT for Depository of Queueing Place : I/icon_login----------------------------------------

tkOcp=0.0

------------------ Color = login --------------------
arrivCnt=277497 deptCnt=277497
arrivThrPut=0.02777747021003042 deptThrPut=0.02777747021003042
meanTkPop=0.0 tkColOcp=0.0
-----
meanST=0.0 stDevST=0.0

Steady State Statistics: numBatchesST=1387 batchSizeST=200 stDevStdStateMeanST=0.0
95% c.i. = 0.0 +/- 0.0



REPORT for Queue : ImageProvider----------------------------------------

totArrivThrPut=0.1666619183580391 totDeptThrPut=0.1666619183580391
meanTotTkPop=0.06287397949259375 queueUtil=0.05754167909685138
meanST=0.37725462488390327



REPORT for Queue of Queueing Place : A/isLoggedIn_login----------------------------------------

queueUtilQPl=0.009104815961623608

------------------ Color = login --------------------
arrivCnt=277497 deptCnt=277497
arrivThrPut=0.02777747021003042 deptThrPut=0.02777747021003042
meanTkPop=0.00919614748548425 tkColOcp=0.009104815961623608
-----
meanST=0.3310649751741442 stDevST=0.3486517190718141

Steady State Statistics: numBatchesST=693 batchSizeST=400 stDevStdStateMeanST=0.018010861424653943
95% c.i. = 0.33108381070688564 +/- 0.0013409604174038396



REPORT for Depository of Queueing Place : A/isLoggedIn_login----------------------------------------

tkOcp=0.0

------------------ Color = login --------------------
arrivCnt=277497 deptCnt=277497
arrivThrPut=0.02777747021003042 deptThrPut=0.02777747021003042
meanTkPop=0.0 tkColOcp=0.0
-----
meanST=0.0 stDevST=0.0

Steady State Statistics: numBatchesST=1387 batchSizeST=200 stDevStdStateMeanST=0.0
95% c.i. = 0.0 +/- 0.0



REPORT for Queue : Auth----------------------------------------

totArrivThrPut=0.1666619183580391 totDeptThrPut=0.1666619183580391
meanTotTkPop=0.06422269170388423 queueUtil=0.05939123185672001
meanST=0.3853471287058805



REPORT for Queue of Queueing Place : A/isLoggedIn_category----------------------------------------

queueUtilQPl=0.0035507560552502336

------------------ Color = category --------------------
arrivCnt=277711 deptCnt=277711
arrivThrPut=0.02779889162584733 deptThrPut=0.02779889162584733
meanTkPop=0.0035682559431252227 tkColOcp=0.0035507560552502336
-----
meanST=0.12835964797270796 stDevST=0.19705733528281608

Steady State Statistics: numBatchesST=347 batchSizeST=800 stDevStdStateMeanST=0.0069927904906741615
95% c.i. = 0.1283604016377187 +/- 7.357560980267975E-4



REPORT for Depository of Queueing Place : A/isLoggedIn_category----------------------------------------

tkOcp=0.0

------------------ Color = category --------------------
arrivCnt=277711 deptCnt=277711
arrivThrPut=0.02779889162584733 deptThrPut=0.02779889162584733
meanTkPop=0.0 tkColOcp=0.0
-----
meanST=0.0 stDevST=0.0

Steady State Statistics: numBatchesST=1388 batchSizeST=200 stDevStdStateMeanST=0.0
95% c.i. = 0.0 +/- 0.0



REPORT for Queue : Auth----------------------------------------

totArrivThrPut=0.1666619183580391 totDeptThrPut=0.1666619183580391
meanTotTkPop=0.06422269170388423 queueUtil=0.05939123185672001
meanST=0.3853471287058805



REPORT for Queue of Queueing Place : I/icon_logout----------------------------------------

queueUtilQPl=0.009676115276602858

------------------ Color = logout --------------------
arrivCnt=277087 deptCnt=277087
arrivThrPut=0.027736429179726983 deptThrPut=0.027736429179726983
meanTkPop=0.009777075919362825 tkColOcp=0.009676115276602858
-----
meanST=0.35249944598164257 stDevST=0.38043469119961454

Steady State Statistics: numBatchesST=692 batchSizeST=400 stDevStdStateMeanST=0.018670131476097276
95% c.i. = 0.3524620881469441 +/- 0.001391048973413038



REPORT for Depository of Queueing Place : I/icon_logout----------------------------------------

tkOcp=0.0

------------------ Color = logout --------------------
arrivCnt=277087 deptCnt=277087
arrivThrPut=0.027736429179726983 deptThrPut=0.027736429179726983
meanTkPop=0.0 tkColOcp=0.0
-----
meanST=0.0 stDevST=0.0

Steady State Statistics: numBatchesST=1385 batchSizeST=200 stDevStdStateMeanST=0.0
95% c.i. = 0.0 +/- 0.0



REPORT for Queue : ImageProvider----------------------------------------

totArrivThrPut=0.1666619183580391 totDeptThrPut=0.1666619183580391
meanTotTkPop=0.06287397949259375 queueUtil=0.05754167909685138
meanST=0.37725462488390327



REPORT for Queue of Queueing Place : I/icon_loginAction----------------------------------------

queueUtilQPl=0.0036861431332242097

------------------ Color = loginAction --------------------
arrivCnt=278149 deptCnt=278149
arrivThrPut=0.02784273545822027 deptThrPut=0.02784273545822027
meanTkPop=0.003711655671853253 tkColOcp=0.0036861431332242097
-----
meanST=0.13330786687331134 stDevST=0.2286123626470648

Steady State Statistics: numBatchesST=347 batchSizeST=800 stDevStdStateMeanST=0.008079041037237503
95% c.i. = 0.1333112065226231 +/- 8.500474477654723E-4



REPORT for Depository of Queueing Place : I/icon_loginAction----------------------------------------

tkOcp=0.0

------------------ Color = loginAction --------------------
arrivCnt=278149 deptCnt=278149
arrivThrPut=0.02784273545822027 deptThrPut=0.02784273545822027
meanTkPop=0.0 tkColOcp=0.0
-----
meanST=0.0 stDevST=0.0

Steady State Statistics: numBatchesST=1390 batchSizeST=200 stDevStdStateMeanST=0.0
95% c.i. = 0.0 +/- 0.0



REPORT for Queue : ImageProvider----------------------------------------

totArrivThrPut=0.1666619183580391 totDeptThrPut=0.1666619183580391
meanTotTkPop=0.06287397949259375 queueUtil=0.05754167909685138
meanST=0.37725462488390327



REPORT for Queue of Queueing Place : A/isLoggedIn_product----------------------------------------

queueUtilQPl=0.00613712721187907

------------------ Color = product --------------------
arrivCnt=277579 deptCnt=277579
arrivThrPut=0.027785678416091104 deptThrPut=0.027785678416091104
meanTkPop=0.0061896534151772474 tkColOcp=0.00613712721187907
-----
meanST=0.2227641636992648 stDevST=0.2630712465706956

Steady State Statistics: numBatchesST=693 batchSizeST=400 stDevStdStateMeanST=0.01377756398024023
95% c.i. = 0.22275459425025068 +/- 0.0010257792512056942



REPORT for Depository of Queueing Place : A/isLoggedIn_product----------------------------------------

tkOcp=0.0

------------------ Color = product --------------------
arrivCnt=277579 deptCnt=277579
arrivThrPut=0.027785678416091104 deptThrPut=0.027785678416091104
meanTkPop=0.0 tkColOcp=0.0
-----
meanST=0.0 stDevST=0.0

Steady State Statistics: numBatchesST=1387 batchSizeST=200 stDevStdStateMeanST=0.0
95% c.i. = 0.0 +/- 0.0



REPORT for Queue : Auth----------------------------------------

totArrivThrPut=0.1666619183580391 totDeptThrPut=0.1666619183580391
meanTotTkPop=0.06422269170388423 queueUtil=0.05939123185672001
meanST=0.3853471287058805



REPORT for Queue of Queueing Place : P/category_logout----------------------------------------

queueUtilQPl=0.0032904729500831675

------------------ Color = logout --------------------
arrivCnt=277087 deptCnt=277087
arrivThrPut=0.027736429179726983 deptThrPut=0.027736429179726983
meanTkPop=0.003302078937212787 tkColOcp=0.0032904729500831675
-----
meanST=0.119052056622571 stDevST=0.14381549801002377

Steady State Statistics: numBatchesST=692 batchSizeST=400 stDevStdStateMeanST=0.007221510120454757
95% c.i. = 0.1190492636477659 +/- 5.38050535552539E-4



REPORT for Depository of Queueing Place : P/category_logout----------------------------------------

tkOcp=0.0

------------------ Color = logout --------------------
arrivCnt=277087 deptCnt=277087
arrivThrPut=0.027736429179726983 deptThrPut=0.027736429179726983
meanTkPop=0.0 tkColOcp=0.0
-----
meanST=0.0 stDevST=0.0

Steady State Statistics: numBatchesST=1385 batchSizeST=200 stDevStdStateMeanST=0.0
95% c.i. = 0.0 +/- 0.0



REPORT for Queue : Persistence----------------------------------------

totArrivThrPut=0.1666619183580391 totDeptThrPut=0.1666619183580391
meanTotTkPop=0.03647760240417396 queueUtil=0.03466714268792044
meanST=0.21887185005160736



REPORT for Ordinary Place : Finish_index----------------------------------------

tkOcp=0.9999999999999998

------------------ Color = index --------------------
arrivCnt=276930 deptCnt=0
arrivThrPut=0.027720713468122982 deptThrPut=0.0
meanTkPop=138712.42524296592 tkColOcp=0.9999999999999998
-----
meanST=NaN stDevST=NaN

Steady State Statistics: Only 0 batches collected!
Need at least 60 for steady state statistics.



REPORT for Ordinary Place : Finish_login----------------------------------------

tkOcp=1.0

------------------ Color = login --------------------
arrivCnt=277497 deptCnt=0
arrivThrPut=0.02777747021003042 deptThrPut=0.0
meanTkPop=138919.4615136773 tkColOcp=1.0
-----
meanST=NaN stDevST=NaN

Steady State Statistics: Only 0 batches collected!
Need at least 60 for steady state statistics.



REPORT for Ordinary Place : Finish_loginAction----------------------------------------

tkOcp=0.9999999999999998

------------------ Color = loginAction --------------------
arrivCnt=278149 deptCnt=0
arrivThrPut=0.02784273545822027 deptThrPut=0.0
meanTkPop=139194.63653958804 tkColOcp=0.9999999999999998
-----
meanST=NaN stDevST=NaN

Steady State Statistics: Only 0 batches collected!
Need at least 60 for steady state statistics.



REPORT for Ordinary Place : Finish_category----------------------------------------

tkOcp=1.0

------------------ Color = category --------------------
arrivCnt=277711 deptCnt=0
arrivThrPut=0.02779889162584733 deptThrPut=0.0
meanTkPop=139282.17335320715 tkColOcp=1.0
-----
meanST=NaN stDevST=NaN

Steady State Statistics: Only 0 batches collected!
Need at least 60 for steady state statistics.



REPORT for Ordinary Place : Finish_product----------------------------------------

tkOcp=1.0

------------------ Color = product --------------------
arrivCnt=277579 deptCnt=0
arrivThrPut=0.027785678416091104 deptThrPut=0.0
meanTkPop=138922.32710614122 tkColOcp=1.0
-----
meanST=NaN stDevST=NaN

Steady State Statistics: Only 0 batches collected!
Need at least 60 for steady state statistics.



REPORT for Ordinary Place : Finish_logout----------------------------------------

tkOcp=0.9999999999999998

------------------ Color = logout --------------------
arrivCnt=277087 deptCnt=0
arrivThrPut=0.027736429179726983 deptThrPut=0.0
meanTkPop=139029.8020933825 tkColOcp=0.9999999999999998
-----
meanST=NaN stDevST=NaN

Steady State Statistics: Only 0 batches collected!
Need at least 60 for steady state statistics.



REPORT REPORT for Probe : /index----------------------------------------


------------------ Color = index --------------------
-----
meanST=1.4451540457344074 stDevST=0.7976587783946942

Steady State Statistics: numBatchesST=346 batchSizeST=800 stDevStdStateMeanST=0.02674652485902156
95% c.i. = 1.4452201605690222 +/- 0.0028182362989926588



REPORT REPORT for Probe : /login----------------------------------------


------------------ Color = login --------------------
-----
meanST=1.1485743999570057 stDevST=0.6684796541949862

Steady State Statistics: numBatchesST=693 batchSizeST=400 stDevStdStateMeanST=0.034745207457041995
95% c.i. = 1.1485974396770393 +/- 0.0025868805936511857



REPORT REPORT for Probe : /loginAction----------------------------------------


------------------ Color = loginAction --------------------
-----
meanST=1.2458735931138536 stDevST=0.759573378165443

Steady State Statistics: numBatchesST=695 batchSizeST=400 stDevStdStateMeanST=0.039206069986383
95% c.i. = 1.2459084260512454 +/- 0.0029148016020994795



REPORT REPORT for Probe : /logout----------------------------------------


------------------ Color = logout --------------------
-----
meanST=1.2638710166898028 stDevST=0.7916289035842078

Steady State Statistics: numBatchesST=692 batchSizeST=400 stDevStdStateMeanST=0.04131022012592903
95% c.i. = 1.2638285971247434 +/- 0.0030778861611772835



REPORT REPORT for Probe : /category----------------------------------------


------------------ Color = category --------------------
-----
meanST=1.2977871849629523 stDevST=0.8897019473367601

Steady State Statistics: numBatchesST=694 batchSizeST=400 stDevStdStateMeanST=0.0479509551554069
95% c.i. = 1.2978078064847511 +/- 0.003567513442966511



REPORT REPORT for Probe : /product----------------------------------------


------------------ Color = product --------------------
-----
meanST=1.3137923530138211 stDevST=0.6918346062834577

Steady State Statistics: numBatchesST=693 batchSizeST=400 stDevStdStateMeanST=0.037022666003092494
95% c.i. = 1.3137465689105745 +/- 0.0027564439304914442



