INFO Logging to /home/yjx/workloadConfig/qpme/output/SimQPN_Output_config_2025-08-14_033837391.log
WARN Batch means correlation test was run for depository of place Workload, color 0
    However, the standard deviation of the token residence time is 0 and therefore the result of the test is ignored!
    In future runs, you should set numBMeansCorlTested to 0 to switch off the correlation test!
WARN Batch means correlation test was run for depository of place W/loginAction, color 0
    However, the standard deviation of the token residence time is 0 and therefore the result of the test is ignored!
    In future runs, you should set numBMeansCorlTested to 0 to switch off the correlation test!
WARN Batch means correlation test was run for depository of place A/login_loginAction, color 0
    However, the standard deviation of the token residence time is 0 and therefore the result of the test is ignored!
    In future runs, you should set numBMeansCorlTested to 0 to switch off the correlation test!
WARN Batch means correlation test was run for depository of place P/getUser_loginAction, color 0
    However, the standard deviation of the token residence time is 0 and therefore the result of the test is ignored!
    In future runs, you should set numBMeansCorlTested to 0 to switch off the correlation test!
WARN Batch means correlation test was run for depository of place I/icon_loginAction, color 0
    However, the standard deviation of the token residence time is 0 and therefore the result of the test is ignored!
    In future runs, you should set numBMeansCorlTested to 0 to switch off the correlation test!
WARN Batch means correlation test was run for depository of place W/index, color 0
    However, the standard deviation of the token residence time is 0 and therefore the result of the test is ignored!
    In future runs, you should set numBMeansCorlTested to 0 to switch off the correlation test!
WARN Batch means correlation test was run for depository of place P/categories_index, color 0
    However, the standard deviation of the token residence time is 0 and therefore the result of the test is ignored!
    In future runs, you should set numBMeansCorlTested to 0 to switch off the correlation test!
WARN Batch means correlation test was run for depository of place A/isLoggedIn_index, color 0
    However, the standard deviation of the token residence time is 0 and therefore the result of the test is ignored!
    In future runs, you should set numBMeansCorlTested to 0 to switch off the correlation test!
WARN Batch means correlation test was run for depository of place I/icon_index, color 0
    However, the standard deviation of the token residence time is 0 and therefore the result of the test is ignored!
    In future runs, you should set numBMeansCorlTested to 0 to switch off the correlation test!
WARN Batch means correlation test was run for depository of place W/login, color 0
    However, the standard deviation of the token residence time is 0 and therefore the result of the test is ignored!
    In future runs, you should set numBMeansCorlTested to 0 to switch off the correlation test!
WARN Batch means correlation test was run for depository of place P/categories_login, color 0
    However, the standard deviation of the token residence time is 0 and therefore the result of the test is ignored!
    In future runs, you should set numBMeansCorlTested to 0 to switch off the correlation test!
WARN Batch means correlation test was run for depository of place I/icon_login, color 0
    However, the standard deviation of the token residence time is 0 and therefore the result of the test is ignored!
    In future runs, you should set numBMeansCorlTested to 0 to switch off the correlation test!
WARN Batch means correlation test was run for depository of place A/isLoggedIn_login, color 0
    However, the standard deviation of the token residence time is 0 and therefore the result of the test is ignored!
    In future runs, you should set numBMeansCorlTested to 0 to switch off the correlation test!
WARN Batch means correlation test was run for depository of place W/product, color 0
    However, the standard deviation of the token residence time is 0 and therefore the result of the test is ignored!
    In future runs, you should set numBMeansCorlTested to 0 to switch off the correlation test!
WARN Batch means correlation test was run for depository of place P/getProduct_product, color 0
    However, the standard deviation of the token residence time is 0 and therefore the result of the test is ignored!
    In future runs, you should set numBMeansCorlTested to 0 to switch off the correlation test!
WARN Batch means correlation test was run for depository of place R/getAds_product, color 0
    However, the standard deviation of the token residence time is 0 and therefore the result of the test is ignored!
    In future runs, you should set numBMeansCorlTested to 0 to switch off the correlation test!
WARN Batch means correlation test was run for depository of place I/product_product, color 0
    However, the standard deviation of the token residence time is 0 and therefore the result of the test is ignored!
    In future runs, you should set numBMeansCorlTested to 0 to switch off the correlation test!
WARN Batch means correlation test was run for depository of place A/isLoggedIn_product, color 0
    However, the standard deviation of the token residence time is 0 and therefore the result of the test is ignored!
    In future runs, you should set numBMeansCorlTested to 0 to switch off the correlation test!
WARN Batch means correlation test was run for depository of place W/logout, color 0
    However, the standard deviation of the token residence time is 0 and therefore the result of the test is ignored!
    In future runs, you should set numBMeansCorlTested to 0 to switch off the correlation test!
WARN Batch means correlation test was run for depository of place A/logout_logout, color 0
    However, the standard deviation of the token residence time is 0 and therefore the result of the test is ignored!
    In future runs, you should set numBMeansCorlTested to 0 to switch off the correlation test!
WARN Batch means correlation test was run for depository of place P/category_logout, color 0
    However, the standard deviation of the token residence time is 0 and therefore the result of the test is ignored!
    In future runs, you should set numBMeansCorlTested to 0 to switch off the correlation test!
WARN Batch means correlation test was run for depository of place I/icon_logout, color 0
    However, the standard deviation of the token residence time is 0 and therefore the result of the test is ignored!
    In future runs, you should set numBMeansCorlTested to 0 to switch off the correlation test!
WARN Batch means correlation test was run for depository of place W/category, color 0
    However, the standard deviation of the token residence time is 0 and therefore the result of the test is ignored!
    In future runs, you should set numBMeansCorlTested to 0 to switch off the correlation test!
WARN Batch means correlation test was run for depository of place P/category_category, color 0
    However, the standard deviation of the token residence time is 0 and therefore the result of the test is ignored!
    In future runs, you should set numBMeansCorlTested to 0 to switch off the correlation test!
WARN Batch means correlation test was run for depository of place I/productImages_category, color 0
    However, the standard deviation of the token residence time is 0 and therefore the result of the test is ignored!
    In future runs, you should set numBMeansCorlTested to 0 to switch off the correlation test!
WARN Batch means correlation test was run for depository of place A/isLoggedIn_category, color 0
    However, the standard deviation of the token residence time is 0 and therefore the result of the test is ignored!
    In future runs, you should set numBMeansCorlTested to 0 to switch off the correlation test!
WARN LP-1 The simulation was stopped because of reaching max totalRunLen.
The required precision may not have been reached!
REPORT for Queue of Queueing Place : W/index----------------------------------------

queueUtilQPl=0.003911397616102248

------------------ Color = index --------------------
arrivCnt=277522 deptCnt=277522
arrivThrPut=0.02777994804346966 deptThrPut=0.02777994804346966
meanTkPop=0.003935965747931446 tkColOcp=0.003911397616102248
-----
meanST=0.1416836972399122 stDevST=0.21693794035217326

Steady State Statistics: numBatchesST=693 batchSizeST=400 stDevStdStateMeanST=0.011187077407324268
95% c.i. = 0.1416850492644482 +/- 8.329100777556421E-4



REPORT for Depository of Queueing Place : W/index----------------------------------------

tkOcp=0.0

------------------ Color = index --------------------
arrivCnt=277522 deptCnt=277522
arrivThrPut=0.02777994804346966 deptThrPut=0.02777994804346966
meanTkPop=0.0 tkColOcp=0.0
-----
meanST=0.0 stDevST=0.0

Steady State Statistics: numBatchesST=1387 batchSizeST=200 stDevStdStateMeanST=0.0
95% c.i. = 0.0 +/- 0.0



REPORT for Queue : WebUI----------------------------------------

totArrivThrPut=0.16676737584769785 totDeptThrPut=0.16676737584769785
meanTotTkPop=0.049660042369564714 queueUtil=0.045558241467574055
meanST=0.29778031894509926



REPORT for Queue of Queueing Place : P/categories_index----------------------------------------

queueUtilQPl=0.012980118510996327

------------------ Color = index --------------------
arrivCnt=277522 deptCnt=277522
arrivThrPut=0.02777994804346966 deptThrPut=0.02777994804346966
meanTkPop=0.01316213252335506 tkColOcp=0.012980118510996327
-----
meanST=0.4737997530722212 stDevST=0.4780391359994402

Steady State Statistics: numBatchesST=346 batchSizeST=800 stDevStdStateMeanST=0.018995803528073747
95% c.i. = 0.4738286770278357 +/- 0.002001555840002634



REPORT for Depository of Queueing Place : P/categories_index----------------------------------------

tkOcp=0.0

------------------ Color = index --------------------
arrivCnt=277522 deptCnt=277522
arrivThrPut=0.02777994804346966 deptThrPut=0.02777994804346966
meanTkPop=0.0 tkColOcp=0.0
-----
meanST=0.0 stDevST=0.0

Steady State Statistics: numBatchesST=1387 batchSizeST=200 stDevStdStateMeanST=0.0
95% c.i. = 0.0 +/- 0.0



REPORT for Queue : Persistence----------------------------------------

totArrivThrPut=0.16676737584769785 totDeptThrPut=0.16676737584769785
meanTotTkPop=0.04877320820480613 queueUtil=0.04458983607710288
meanST=0.2924625272592212



REPORT for Queue of Queueing Place : A/isLoggedIn_index----------------------------------------

queueUtilQPl=0.0038422769673256323

------------------ Color = index --------------------
arrivCnt=277522 deptCnt=277522
arrivThrPut=0.02777994804346966 deptThrPut=0.02777994804346966
meanTkPop=0.0038780805668098806 tkColOcp=0.0038422769673256323
-----
meanST=0.13959999351840097 stDevST=0.2579150535684717

Steady State Statistics: numBatchesST=693 batchSizeST=400 stDevStdStateMeanST=0.01340150544948527
95% c.i. = 0.13960947900432563 +/- 9.977806123577394E-4



REPORT for Depository of Queueing Place : A/isLoggedIn_index----------------------------------------

tkOcp=0.0

------------------ Color = index --------------------
arrivCnt=277522 deptCnt=277522
arrivThrPut=0.02777994804346966 deptThrPut=0.02777994804346966
meanTkPop=0.0 tkColOcp=0.0
-----
meanST=0.0 stDevST=0.0

Steady State Statistics: numBatchesST=1387 batchSizeST=200 stDevStdStateMeanST=0.0
95% c.i. = 0.0 +/- 0.0



REPORT for Queue : Auth----------------------------------------

totArrivThrPut=0.16676737584769785 totDeptThrPut=0.16676737584769785
meanTotTkPop=0.05743452346686405 queueUtil=0.05140568975437272
meanST=0.34439903593204446



REPORT for Queue of Queueing Place : W/login----------------------------------------

queueUtilQPl=0.003675091042700277

------------------ Color = login --------------------
arrivCnt=278205 deptCnt=278205
arrivThrPut=0.027848316333240166 deptThrPut=0.027848316333240166
meanTkPop=0.0036984956775715757 tkColOcp=0.003675091042700277
-----
meanST=0.13280859184858498 stDevST=0.21249154049762856

Steady State Statistics: numBatchesST=695 batchSizeST=400 stDevStdStateMeanST=0.010287637109322635
95% c.i. = 0.1328063731653319 +/- 7.648412895882327E-4



REPORT for Depository of Queueing Place : W/login----------------------------------------

tkOcp=0.0

------------------ Color = login --------------------
arrivCnt=278205 deptCnt=278205
arrivThrPut=0.027848316333240166 deptThrPut=0.027848316333240166
meanTkPop=0.0 tkColOcp=0.0
-----
meanST=0.0 stDevST=0.0

Steady State Statistics: numBatchesST=1391 batchSizeST=200 stDevStdStateMeanST=0.0
95% c.i. = 0.0 +/- 0.0



REPORT for Queue : WebUI----------------------------------------

totArrivThrPut=0.16676737584769785 totDeptThrPut=0.16676737584769785
meanTotTkPop=0.049660042369564714 queueUtil=0.045558241467574055
meanST=0.29778031894509926



REPORT for Queue of Queueing Place : W/loginAction----------------------------------------

queueUtilQPl=0.003806210142314489

------------------ Color = loginAction --------------------
arrivCnt=277212 deptCnt=277212
arrivThrPut=0.027748917048112623 deptThrPut=0.027748917048112623
meanTkPop=0.0038292999362146323 tkColOcp=0.003806210142314489
-----
meanST=0.1379981759135024 stDevST=0.21794207782237202

Steady State Statistics: numBatchesST=693 batchSizeST=400 stDevStdStateMeanST=0.011344358249728636
95% c.i. = 0.13800169424651246 +/- 8.446200886822429E-4



REPORT for Depository of Queueing Place : W/loginAction----------------------------------------

tkOcp=0.0

------------------ Color = loginAction --------------------
arrivCnt=277212 deptCnt=277212
arrivThrPut=0.027748917048112623 deptThrPut=0.027748917048112623
meanTkPop=0.0 tkColOcp=0.0
-----
meanST=0.0 stDevST=0.0

Steady State Statistics: numBatchesST=1386 batchSizeST=200 stDevStdStateMeanST=0.0
95% c.i. = 0.0 +/- 0.0



REPORT for Queue : WebUI----------------------------------------

totArrivThrPut=0.16676737584769785 totDeptThrPut=0.16676737584769785
meanTotTkPop=0.049660042369564714 queueUtil=0.045558241467574055
meanST=0.29778031894509926



REPORT for Queue of Queueing Place : A/login_loginAction----------------------------------------

queueUtilQPl=0.006163860597730512

------------------ Color = loginAction --------------------
arrivCnt=277212 deptCnt=277212
arrivThrPut=0.027748917048112623 deptThrPut=0.027748917048112623
meanTkPop=0.00621852820664711 tkColOcp=0.006163860597730512
-----
meanST=0.2240998521082851 stDevST=0.30235799043795714

Steady State Statistics: numBatchesST=693 batchSizeST=400 stDevStdStateMeanST=0.015577359837490446
95% c.i. = 0.22410047075182857 +/- 0.001159779227502015



REPORT for Depository of Queueing Place : A/login_loginAction----------------------------------------

tkOcp=0.0

------------------ Color = loginAction --------------------
arrivCnt=277212 deptCnt=277212
arrivThrPut=0.027748917048112623 deptThrPut=0.027748917048112623
meanTkPop=0.0 tkColOcp=0.0
-----
meanST=0.0 stDevST=0.0

Steady State Statistics: numBatchesST=1386 batchSizeST=200 stDevStdStateMeanST=0.0
95% c.i. = 0.0 +/- 0.0



REPORT for Queue : Auth----------------------------------------

totArrivThrPut=0.16676737584769785 totDeptThrPut=0.16676737584769785
meanTotTkPop=0.05743452346686405 queueUtil=0.05140568975437272
meanST=0.34439903593204446



REPORT for Queue of Queueing Place : W/logout----------------------------------------

queueUtilQPl=0.003496473578509804

------------------ Color = logout --------------------
arrivCnt=278145 deptCnt=278145
arrivThrPut=0.027842310334138802 deptThrPut=0.027842310334138802
meanTkPop=0.003522128400039009 tkColOcp=0.003496473578509804
-----
meanST=0.12650273478635704 stDevST=0.2142871057526417

Steady State Statistics: numBatchesST=695 batchSizeST=400 stDevStdStateMeanST=0.01106202720748496
95% c.i. = 0.12651207942617848 +/- 8.224138414802607E-4



REPORT for Depository of Queueing Place : W/logout----------------------------------------

tkOcp=0.0

------------------ Color = logout --------------------
arrivCnt=278145 deptCnt=278145
arrivThrPut=0.027842310334138802 deptThrPut=0.027842310334138802
meanTkPop=0.0 tkColOcp=0.0
-----
meanST=0.0 stDevST=0.0

Steady State Statistics: numBatchesST=1390 batchSizeST=200 stDevStdStateMeanST=0.0
95% c.i. = 0.0 +/- 0.0



REPORT for Queue : WebUI----------------------------------------

totArrivThrPut=0.16676737584769785 totDeptThrPut=0.16676737584769785
meanTotTkPop=0.049660042369564714 queueUtil=0.045558241467574055
meanST=0.29778031894509926



REPORT for Queue of Queueing Place : A/logout_logout----------------------------------------

queueUtilQPl=0.0035447066245160442

------------------ Color = logout --------------------
arrivCnt=278145 deptCnt=278145
arrivThrPut=0.027842310334138802 deptThrPut=0.027842310334138802
meanTkPop=0.0035729699220532016 tkColOcp=0.0035447066245160442
-----
meanST=0.1283287873446411 stDevST=0.25503753746052077

Steady State Statistics: numBatchesST=695 batchSizeST=400 stDevStdStateMeanST=0.01329940663478845
95% c.i. = 0.12833502839397157 +/- 9.88753317522457E-4



REPORT for Depository of Queueing Place : A/logout_logout----------------------------------------

tkOcp=0.0

------------------ Color = logout --------------------
arrivCnt=278145 deptCnt=278145
arrivThrPut=0.027842310334138802 deptThrPut=0.027842310334138802
meanTkPop=0.0 tkColOcp=0.0
-----
meanST=0.0 stDevST=0.0

Steady State Statistics: numBatchesST=1390 batchSizeST=200 stDevStdStateMeanST=0.0
95% c.i. = 0.0 +/- 0.0



REPORT for Queue : Auth----------------------------------------

totArrivThrPut=0.16676737584769785 totDeptThrPut=0.16676737584769785
meanTotTkPop=0.05743452346686405 queueUtil=0.05140568975437272
meanST=0.34439903593204446



REPORT for Queue of Queueing Place : P/getUser_loginAction----------------------------------------

queueUtilQPl=0.003810739605708298

------------------ Color = loginAction --------------------
arrivCnt=277212 deptCnt=277212
arrivThrPut=0.027748917048112623 deptThrPut=0.027748917048112623
meanTkPop=0.00383948336301352 tkColOcp=0.003810739605708298
-----
meanST=0.1383651605702813 stDevST=0.204196742297823

Steady State Statistics: numBatchesST=693 batchSizeST=400 stDevStdStateMeanST=0.010697078380932692
95% c.i. = 0.13836759803756993 +/- 7.964282414089308E-4



REPORT for Depository of Queueing Place : P/getUser_loginAction----------------------------------------

tkOcp=0.0

------------------ Color = loginAction --------------------
arrivCnt=277212 deptCnt=277212
arrivThrPut=0.027748917048112623 deptThrPut=0.027748917048112623
meanTkPop=0.0 tkColOcp=0.0
-----
meanST=0.0 stDevST=0.0

Steady State Statistics: numBatchesST=1386 batchSizeST=200 stDevStdStateMeanST=0.0
95% c.i. = 0.0 +/- 0.0



REPORT for Queue : Persistence----------------------------------------

totArrivThrPut=0.16676737584769785 totDeptThrPut=0.16676737584769785
meanTotTkPop=0.04877320820480613 queueUtil=0.04458983607710288
meanST=0.2924625272592212



REPORT for Queue of Queueing Place : W/category----------------------------------------

queueUtilQPl=0.0222803585397047

------------------ Color = category --------------------
arrivCnt=277206 deptCnt=277206
arrivThrPut=0.027748316448202488 deptThrPut=0.027748316448202488
meanTkPop=0.022809122036977676 tkColOcp=0.0222803585397047
-----
meanST=0.8220002132221335 stDevST=0.8201307583187641

Steady State Statistics: numBatchesST=346 batchSizeST=800 stDevStdStateMeanST=0.031574543603831405
95% c.i. = 0.8220857512968596 +/- 0.0033269565065919137



REPORT for Depository of Queueing Place : W/category----------------------------------------

tkOcp=0.0

------------------ Color = category --------------------
arrivCnt=277206 deptCnt=277206
arrivThrPut=0.027748316448202488 deptThrPut=0.027748316448202488
meanTkPop=0.0 tkColOcp=0.0
-----
meanST=0.0 stDevST=0.0

Steady State Statistics: numBatchesST=1386 batchSizeST=200 stDevStdStateMeanST=0.0
95% c.i. = 0.0 +/- 0.0



REPORT for Queue : WebUI----------------------------------------

totArrivThrPut=0.16676737584769785 totDeptThrPut=0.16676737584769785
meanTotTkPop=0.049660042369564714 queueUtil=0.045558241467574055
meanST=0.29778031894509926



REPORT for Queue of Queueing Place : W/product----------------------------------------

queueUtilQPl=0.011722530416778865

------------------ Color = product --------------------
arrivCnt=277718 deptCnt=277718
arrivThrPut=0.02779956764053411 deptThrPut=0.02779956764053411
meanTkPop=0.011865030570830371 tkColOcp=0.011722530416778865
-----
meanST=0.4268062987256736 stDevST=0.44322709154458934

Steady State Statistics: numBatchesST=694 batchSizeST=400 stDevStdStateMeanST=0.022468423720886463
95% c.i. = 0.4268076197818297 +/- 0.0016716330969163552



REPORT for Depository of Queueing Place : W/product----------------------------------------

tkOcp=0.0

------------------ Color = product --------------------
arrivCnt=277718 deptCnt=277718
arrivThrPut=0.02779956764053411 deptThrPut=0.02779956764053411
meanTkPop=0.0 tkColOcp=0.0
-----
meanST=0.0 stDevST=0.0

Steady State Statistics: numBatchesST=1388 batchSizeST=200 stDevStdStateMeanST=0.0
95% c.i. = 0.0 +/- 0.0



REPORT for Queue : WebUI----------------------------------------

totArrivThrPut=0.16676737584769785 totDeptThrPut=0.16676737584769785
meanTotTkPop=0.049660042369564714 queueUtil=0.045558241467574055
meanST=0.29778031894509926



REPORT for Queue of Queueing Place : P/category_category----------------------------------------

queueUtilQPl=0.01733813305384693

------------------ Color = category --------------------
arrivCnt=277206 deptCnt=277206
arrivThrPut=0.027748316448202488 deptThrPut=0.027748316448202488
meanTkPop=0.017652333246930135 tkColOcp=0.01733813305384693
-----
meanST=0.6361587118224479 stDevST=0.636953558830868

Steady State Statistics: numBatchesST=693 batchSizeST=400 stDevStdStateMeanST=0.03317912702140533
95% c.i. = 0.6361655242901988 +/- 0.0024702814024662096



REPORT for Depository of Queueing Place : P/category_category----------------------------------------

tkOcp=0.0

------------------ Color = category --------------------
arrivCnt=277206 deptCnt=277206
arrivThrPut=0.027748316448202488 deptThrPut=0.027748316448202488
meanTkPop=0.0 tkColOcp=0.0
-----
meanST=0.0 stDevST=0.0

Steady State Statistics: numBatchesST=1386 batchSizeST=200 stDevStdStateMeanST=0.0
95% c.i. = 0.0 +/- 0.0



REPORT for Queue : Persistence----------------------------------------

totArrivThrPut=0.16676737584769785 totDeptThrPut=0.16676737584769785
meanTotTkPop=0.04877320820480613 queueUtil=0.04458983607710288
meanST=0.2924625272592212



REPORT for Queue of Queueing Place : P/getProduct_product----------------------------------------

queueUtilQPl=0.0036039932210658663

------------------ Color = product --------------------
arrivCnt=277718 deptCnt=277718
arrivThrPut=0.02779956764053411 deptThrPut=0.02779956764053411
meanTkPop=0.0036269042708890788 tkColOcp=0.0036039932210658663
-----
meanST=0.13046621148167595 stDevST=0.19019598140509753

Steady State Statistics: numBatchesST=694 batchSizeST=400 stDevStdStateMeanST=0.010428488511987936
95% c.i. = 0.13047184085916863 +/- 7.758713634746801E-4



REPORT for Depository of Queueing Place : P/getProduct_product----------------------------------------

tkOcp=0.0

------------------ Color = product --------------------
arrivCnt=277718 deptCnt=277718
arrivThrPut=0.02779956764053411 deptThrPut=0.02779956764053411
meanTkPop=0.0 tkColOcp=0.0
-----
meanST=0.0 stDevST=0.0

Steady State Statistics: numBatchesST=1388 batchSizeST=200 stDevStdStateMeanST=0.0
95% c.i. = 0.0 +/- 0.0



REPORT for Queue : Persistence----------------------------------------

totArrivThrPut=0.16676737584769785 totDeptThrPut=0.16676737584769785
meanTotTkPop=0.04877320820480613 queueUtil=0.04458983607710288
meanST=0.2924625272592212



REPORT for Queue of Queueing Place : R/getAds_product----------------------------------------

queueUtilQPl=0.0027689398662028254

------------------ Color = product --------------------
arrivCnt=277718 deptCnt=277718
arrivThrPut=0.02779956764053411 deptThrPut=0.02779956764053411
meanTkPop=0.002777078497834465 tkColOcp=0.0027689398662028254
-----
meanST=0.0998964636336736 stDevST=0.09988904404752383

Steady State Statistics: numBatchesST=694 batchSizeST=400 stDevStdStateMeanST=0.00496325016801582
95% c.i. = 0.09990380575828313 +/- 3.69261918512705E-4



REPORT for Depository of Queueing Place : R/getAds_product----------------------------------------

tkOcp=0.0

------------------ Color = product --------------------
arrivCnt=277718 deptCnt=277718
arrivThrPut=0.02779956764053411 deptThrPut=0.02779956764053411
meanTkPop=0.0 tkColOcp=0.0
-----
meanST=0.0 stDevST=0.0

Steady State Statistics: numBatchesST=1388 batchSizeST=200 stDevStdStateMeanST=0.0
95% c.i. = 0.0 +/- 0.0



REPORT for Queue : Recommender----------------------------------------

totArrivThrPut=0.02779956764053411 totDeptThrPut=0.02779956764053411
meanTotTkPop=0.002777078497834465 queueUtil=0.0027689398662028254
meanST=0.0998964636336736



REPORT for Queue of Queueing Place : I/productImages_category----------------------------------------

queueUtilQPl=0.011750078993758718

------------------ Color = category --------------------
arrivCnt=277206 deptCnt=277206
arrivThrPut=0.027748316448202488 deptThrPut=0.027748316448202488
meanTkPop=0.011894390238658327 tkColOcp=0.011750078993758718
-----
meanST=0.42865268099639375 stDevST=0.46520982796032906

Steady State Statistics: numBatchesST=693 batchSizeST=400 stDevStdStateMeanST=0.023681434829308585
95% c.i. = 0.42865560635046085 +/- 0.0017631509112586276



REPORT for Depository of Queueing Place : I/productImages_category----------------------------------------

tkOcp=0.0

------------------ Color = category --------------------
arrivCnt=277206 deptCnt=277206
arrivThrPut=0.027748316448202488 deptThrPut=0.027748316448202488
meanTkPop=0.0 tkColOcp=0.0
-----
meanST=0.0 stDevST=0.0

Steady State Statistics: numBatchesST=1386 batchSizeST=200 stDevStdStateMeanST=0.0
95% c.i. = 0.0 +/- 0.0



REPORT for Queue : ImageProvider----------------------------------------

totArrivThrPut=0.16676737584769785 totDeptThrPut=0.16676737584769785
meanTotTkPop=0.09499454378168679 queueUtil=0.08362143437963872
meanST=0.5696230650558513



REPORT for Queue of Queueing Place : I/product_product----------------------------------------

queueUtilQPl=0.02643389191015793

------------------ Color = product --------------------
arrivCnt=277718 deptCnt=277718
arrivThrPut=0.02779956764053411 deptThrPut=0.02779956764053411
meanTkPop=0.02715019185749259 tkColOcp=0.02643389191015793
-----
meanST=0.9766407955894006 stDevST=0.9687745440756598

Steady State Statistics: numBatchesST=694 batchSizeST=400 stDevStdStateMeanST=0.050999886258050034
95% c.i. = 0.9766113806717523 +/- 0.0037943515249214146



REPORT for Depository of Queueing Place : I/product_product----------------------------------------

tkOcp=0.0

------------------ Color = product --------------------
arrivCnt=277718 deptCnt=277718
arrivThrPut=0.02779956764053411 deptThrPut=0.02779956764053411
meanTkPop=0.0 tkColOcp=0.0
-----
meanST=0.0 stDevST=0.0

Steady State Statistics: numBatchesST=1388 batchSizeST=200 stDevStdStateMeanST=0.0
95% c.i. = 0.0 +/- 0.0



REPORT for Queue : ImageProvider----------------------------------------

totArrivThrPut=0.16676737584769785 totDeptThrPut=0.16676737584769785
meanTotTkPop=0.09499454378168679 queueUtil=0.08362143437963872
meanST=0.5696230650558513



REPORT for Queue of Queueing Place : Workload----------------------------------------

queueUtilQPl=1.0

------------------ Color = workload --------------------
arrivCnt=1666008 deptCnt=1666008
arrivThrPut=0.16676737584769785 deptThrPut=0.16676737584769785
meanTkPop=1.0 tkColOcp=1.0
-----
meanST=5.996376658905163 stDevST=5.9914531666810085

Steady State Statistics: numBatchesST=4165 batchSizeST=400 stDevStdStateMeanST=0.29699759801431275
95% c.i. = 5.99638085108214 +/- 0.009019729744463807



REPORT for Depository of Queueing Place : Workload----------------------------------------

tkOcp=0.0

------------------ Color = workload --------------------
arrivCnt=1666008 deptCnt=1666008
arrivThrPut=0.16676737584769785 deptThrPut=0.16676737584769785
meanTkPop=0.0 tkColOcp=0.0
-----
meanST=0.0 stDevST=0.0

Steady State Statistics: numBatchesST=8330 batchSizeST=200 stDevStdStateMeanST=0.0
95% c.i. = 0.0 +/- 0.0



REPORT for Queue : Workload----------------------------------------

totArrivThrPut=0.16676737584769785 totDeptThrPut=0.16676737584769785
meanTotTkPop=1.0 queueUtil=1.0
meanST=5.996376658905163



REPORT for Queue of Queueing Place : I/icon_index----------------------------------------

queueUtilQPl=0.011606678730586763

------------------ Color = index --------------------
arrivCnt=277522 deptCnt=277522
arrivThrPut=0.02777994804346966 deptThrPut=0.02777994804346966
meanTkPop=0.011774439060914932 tkColOcp=0.011606678730586763
-----
meanST=0.4238466912353637 stDevST=0.49018165864672064

Steady State Statistics: numBatchesST=693 batchSizeST=400 stDevStdStateMeanST=0.02578454638643501
95% c.i. = 0.42382254129280333 +/- 0.0019197336134957734



REPORT for Depository of Queueing Place : I/icon_index----------------------------------------

tkOcp=0.0

------------------ Color = index --------------------
arrivCnt=277522 deptCnt=277522
arrivThrPut=0.02777994804346966 deptThrPut=0.02777994804346966
meanTkPop=0.0 tkColOcp=0.0
-----
meanST=0.0 stDevST=0.0

Steady State Statistics: numBatchesST=1387 batchSizeST=200 stDevStdStateMeanST=0.0
95% c.i. = 0.0 +/- 0.0



REPORT for Queue : ImageProvider----------------------------------------

totArrivThrPut=0.16676737584769785 totDeptThrPut=0.16676737584769785
meanTotTkPop=0.09499454378168679 queueUtil=0.08362143437963872
meanST=0.5696230650558513



REPORT for Queue of Queueing Place : P/categories_login----------------------------------------

queueUtilQPl=0.006203377277309348

------------------ Color = login --------------------
arrivCnt=278205 deptCnt=278205
arrivThrPut=0.027848316333240166 deptThrPut=0.027848316333240166
meanTkPop=0.006257135432380198 tkColOcp=0.006203377277309348
-----
meanST=0.22468630984744983 stDevST=0.2697054246539775

Steady State Statistics: numBatchesST=347 batchSizeST=800 stDevStdStateMeanST=0.009969544491358433
95% c.i. = 0.22465939326806625 +/- 0.0010489593766392486



REPORT for Depository of Queueing Place : P/categories_login----------------------------------------

tkOcp=0.0

------------------ Color = login --------------------
arrivCnt=278205 deptCnt=278205
arrivThrPut=0.027848316333240166 deptThrPut=0.027848316333240166
meanTkPop=0.0 tkColOcp=0.0
-----
meanST=0.0 stDevST=0.0

Steady State Statistics: numBatchesST=1391 batchSizeST=200 stDevStdStateMeanST=0.0
95% c.i. = 0.0 +/- 0.0



REPORT for Queue : Persistence----------------------------------------

totArrivThrPut=0.16676737584769785 totDeptThrPut=0.16676737584769785
meanTotTkPop=0.04877320820480613 queueUtil=0.04458983607710288
meanST=0.2924625272592212



REPORT for Queue of Queueing Place : I/icon_login----------------------------------------

queueUtilQPl=0.004994888800015122

------------------ Color = login --------------------
arrivCnt=278205 deptCnt=278205
arrivThrPut=0.027848316333240166 deptThrPut=0.027848316333240166
meanTkPop=0.005064079790694424 tkColOcp=0.004994888800015122
-----
meanST=0.1818450972079006 stDevST=0.3700987720812723

Steady State Statistics: numBatchesST=695 batchSizeST=400 stDevStdStateMeanST=0.019390094704298245
95% c.i. = 0.18180394449605713 +/- 0.0014415696122712378



REPORT for Depository of Queueing Place : I/icon_login----------------------------------------

tkOcp=0.0

------------------ Color = login --------------------
arrivCnt=278205 deptCnt=278205
arrivThrPut=0.027848316333240166 deptThrPut=0.027848316333240166
meanTkPop=0.0 tkColOcp=0.0
-----
meanST=0.0 stDevST=0.0

Steady State Statistics: numBatchesST=1391 batchSizeST=200 stDevStdStateMeanST=0.0
95% c.i. = 0.0 +/- 0.0



REPORT for Queue : ImageProvider----------------------------------------

totArrivThrPut=0.16676737584769785 totDeptThrPut=0.16676737584769785
meanTotTkPop=0.09499454378168679 queueUtil=0.08362143437963872
meanST=0.5696230650558513



REPORT for Queue of Queueing Place : A/isLoggedIn_login----------------------------------------

queueUtilQPl=0.010490760900666238

------------------ Color = login --------------------
arrivCnt=278205 deptCnt=278205
arrivThrPut=0.027848316333240166 deptThrPut=0.027848316333240166
meanTkPop=0.010656815382107027 tkColOcp=0.010490760900666238
-----
meanST=0.3826735970169548 stDevST=0.4465576013965753

Steady State Statistics: numBatchesST=695 batchSizeST=400 stDevStdStateMeanST=0.024116413084190276
95% c.i. = 0.38265561462655334 +/- 0.0017929509261985527



REPORT for Depository of Queueing Place : A/isLoggedIn_login----------------------------------------

tkOcp=0.0

------------------ Color = login --------------------
arrivCnt=278205 deptCnt=278205
arrivThrPut=0.027848316333240166 deptThrPut=0.027848316333240166
meanTkPop=0.0 tkColOcp=0.0
-----
meanST=0.0 stDevST=0.0

Steady State Statistics: numBatchesST=1391 batchSizeST=200 stDevStdStateMeanST=0.0
95% c.i. = 0.0 +/- 0.0



REPORT for Queue : Auth----------------------------------------

totArrivThrPut=0.16676737584769785 totDeptThrPut=0.16676737584769785
meanTotTkPop=0.05743452346686405 queueUtil=0.05140568975437272
meanST=0.34439903593204446



REPORT for Queue of Queueing Place : A/isLoggedIn_category----------------------------------------

queueUtilQPl=0.0057288619249893855

------------------ Color = category --------------------
arrivCnt=277206 deptCnt=277206
arrivThrPut=0.027748316448202488 deptThrPut=0.027748316448202488
meanTkPop=0.0057796408920989415 tkColOcp=0.0057288619249893855
-----
meanST=0.20828798398950585 stDevST=0.2856831342761846

Steady State Statistics: numBatchesST=693 batchSizeST=400 stDevStdStateMeanST=0.014402065738929274
95% c.i. = 0.20828840014121158 +/- 0.0010722752026905453



REPORT for Depository of Queueing Place : A/isLoggedIn_category----------------------------------------

tkOcp=0.0

------------------ Color = category --------------------
arrivCnt=277206 deptCnt=277206
arrivThrPut=0.027748316448202488 deptThrPut=0.027748316448202488
meanTkPop=0.0 tkColOcp=0.0
-----
meanST=0.0 stDevST=0.0

Steady State Statistics: numBatchesST=1386 batchSizeST=200 stDevStdStateMeanST=0.0
95% c.i. = 0.0 +/- 0.0



REPORT for Queue : Auth----------------------------------------

totArrivThrPut=0.16676737584769785 totDeptThrPut=0.16676737584769785
meanTotTkPop=0.05743452346686405 queueUtil=0.05140568975437272
meanST=0.34439903593204446



REPORT for Queue of Queueing Place : I/icon_logout----------------------------------------

queueUtilQPl=0.010289459575794227

------------------ Color = logout --------------------
arrivCnt=278145 deptCnt=278145
arrivThrPut=0.027842310334138802 deptThrPut=0.027842310334138802
meanTkPop=0.01044444650393597 tkColOcp=0.010289459575794227
-----
meanST=0.37512858590364645 stDevST=0.4653803464550371

Steady State Statistics: numBatchesST=695 batchSizeST=400 stDevStdStateMeanST=0.02509181435340729
95% c.i. = 0.37516993910917085 +/- 0.0018654677885923373



REPORT for Depository of Queueing Place : I/icon_logout----------------------------------------

tkOcp=0.0

------------------ Color = logout --------------------
arrivCnt=278145 deptCnt=278145
arrivThrPut=0.027842310334138802 deptThrPut=0.027842310334138802
meanTkPop=0.0 tkColOcp=0.0
-----
meanST=0.0 stDevST=0.0

Steady State Statistics: numBatchesST=1390 batchSizeST=200 stDevStdStateMeanST=0.0
95% c.i. = 0.0 +/- 0.0



REPORT for Queue : ImageProvider----------------------------------------

totArrivThrPut=0.16676737584769785 totDeptThrPut=0.16676737584769785
meanTotTkPop=0.09499454378168679 queueUtil=0.08362143437963872
meanST=0.5696230650558513



REPORT for Queue of Queueing Place : I/icon_loginAction----------------------------------------

queueUtilQPl=0.027860703835572355

------------------ Color = loginAction --------------------
arrivCnt=277212 deptCnt=277212
arrivThrPut=0.027748917048112623 deptThrPut=0.027748917048112623
meanTkPop=0.028666996329990556 tkColOcp=0.027860703835572355
-----
meanST=1.0330852292464645 stDevST=1.021915063337586

Steady State Statistics: numBatchesST=693 batchSizeST=400 stDevStdStateMeanST=0.05262548679734063
95% c.i. = 1.0330783580058296 +/- 0.0039181187994287185



REPORT for Depository of Queueing Place : I/icon_loginAction----------------------------------------

tkOcp=0.0

------------------ Color = loginAction --------------------
arrivCnt=277212 deptCnt=277212
arrivThrPut=0.027748917048112623 deptThrPut=0.027748917048112623
meanTkPop=0.0 tkColOcp=0.0
-----
meanST=0.0 stDevST=0.0

Steady State Statistics: numBatchesST=1386 batchSizeST=200 stDevStdStateMeanST=0.0
95% c.i. = 0.0 +/- 0.0



REPORT for Queue : ImageProvider----------------------------------------

totArrivThrPut=0.16676737584769785 totDeptThrPut=0.16676737584769785
meanTotTkPop=0.09499454378168679 queueUtil=0.08362143437963872
meanST=0.5696230650558513



REPORT for Queue of Queueing Place : A/isLoggedIn_product----------------------------------------

queueUtilQPl=0.026591332647064283

------------------ Color = product --------------------
arrivCnt=277718 deptCnt=277718
arrivThrPut=0.02779956764053411 deptThrPut=0.02779956764053411
meanTkPop=0.02732848849714789 tkColOcp=0.026591332647064283
-----
meanST=0.9830544435266918 stDevST=0.9789172877370677

Steady State Statistics: numBatchesST=694 batchSizeST=400 stDevStdStateMeanST=0.05159922078246862
95% c.i. = 0.9830316581715286 +/- 0.0038389415433218335



REPORT for Depository of Queueing Place : A/isLoggedIn_product----------------------------------------

tkOcp=0.0

------------------ Color = product --------------------
arrivCnt=277718 deptCnt=277718
arrivThrPut=0.02779956764053411 deptThrPut=0.02779956764053411
meanTkPop=0.0 tkColOcp=0.0
-----
meanST=0.0 stDevST=0.0

Steady State Statistics: numBatchesST=1388 batchSizeST=200 stDevStdStateMeanST=0.0
95% c.i. = 0.0 +/- 0.0



REPORT for Queue : Auth----------------------------------------

totArrivThrPut=0.16676737584769785 totDeptThrPut=0.16676737584769785
meanTotTkPop=0.05743452346686405 queueUtil=0.05140568975437272
meanST=0.34439903593204446



REPORT for Queue of Queueing Place : P/category_logout----------------------------------------

queueUtilQPl=0.004201806524071974

------------------ Color = logout --------------------
arrivCnt=278145 deptCnt=278145
arrivThrPut=0.027842310334138802 deptThrPut=0.027842310334138802
meanTkPop=0.004235219368238136 tkColOcp=0.004201806524071974
-----
meanST=0.15211450908386467 stDevST=0.21453867736914822

Steady State Statistics: numBatchesST=695 batchSizeST=400 stDevStdStateMeanST=0.01132572550248313
95% c.i. = 0.15211998744947905 +/- 8.42018668309334E-4



REPORT for Depository of Queueing Place : P/category_logout----------------------------------------

tkOcp=0.0

------------------ Color = logout --------------------
arrivCnt=278145 deptCnt=278145
arrivThrPut=0.027842310334138802 deptThrPut=0.027842310334138802
meanTkPop=0.0 tkColOcp=0.0
-----
meanST=0.0 stDevST=0.0

Steady State Statistics: numBatchesST=1390 batchSizeST=200 stDevStdStateMeanST=0.0
95% c.i. = 0.0 +/- 0.0



REPORT for Queue : Persistence----------------------------------------

totArrivThrPut=0.16676737584769785 totDeptThrPut=0.16676737584769785
meanTotTkPop=0.04877320820480613 queueUtil=0.04458983607710288
meanST=0.2924625272592212



REPORT for Ordinary Place : Finish_index----------------------------------------

tkOcp=1.0

------------------ Color = index --------------------
arrivCnt=277522 deptCnt=0
arrivThrPut=0.02777994804346966 deptThrPut=0.0
meanTkPop=139497.94676684393 tkColOcp=1.0
-----
meanST=NaN stDevST=NaN

Steady State Statistics: Only 0 batches collected!
Need at least 60 for steady state statistics.



REPORT for Ordinary Place : Finish_login----------------------------------------

tkOcp=1.0

------------------ Color = login --------------------
arrivCnt=278205 deptCnt=0
arrivThrPut=0.027848316333240166 deptThrPut=0.0
meanTkPop=139369.7769935975 tkColOcp=1.0
-----
meanST=NaN stDevST=NaN

Steady State Statistics: Only 0 batches collected!
Need at least 60 for steady state statistics.



REPORT for Ordinary Place : Finish_loginAction----------------------------------------

tkOcp=1.0

------------------ Color = loginAction --------------------
arrivCnt=277212 deptCnt=0
arrivThrPut=0.027748917048112623 deptThrPut=0.0
meanTkPop=138903.82333520736 tkColOcp=1.0
-----
meanST=NaN stDevST=NaN

Steady State Statistics: Only 0 batches collected!
Need at least 60 for steady state statistics.



REPORT for Ordinary Place : Finish_category----------------------------------------

tkOcp=1.0

------------------ Color = category --------------------
arrivCnt=277206 deptCnt=0
arrivThrPut=0.027748316448202488 deptThrPut=0.0
meanTkPop=138774.85575660793 tkColOcp=1.0
-----
meanST=NaN stDevST=NaN

Steady State Statistics: Only 0 batches collected!
Need at least 60 for steady state statistics.



REPORT for Ordinary Place : Finish_product----------------------------------------

tkOcp=1.0

------------------ Color = product --------------------
arrivCnt=277718 deptCnt=0
arrivThrPut=0.02779956764053411 deptThrPut=0.0
meanTkPop=139378.77033203488 tkColOcp=1.0
-----
meanST=NaN stDevST=NaN

Steady State Statistics: Only 0 batches collected!
Need at least 60 for steady state statistics.



REPORT for Ordinary Place : Finish_logout----------------------------------------

tkOcp=1.0

------------------ Color = logout --------------------
arrivCnt=278145 deptCnt=0
arrivThrPut=0.027842310334138802 deptThrPut=0.0
meanTkPop=139279.9503400824 tkColOcp=1.0
-----
meanST=NaN stDevST=NaN

Steady State Statistics: Only 0 batches collected!
Need at least 60 for steady state statistics.



REPORT REPORT for Probe : /index----------------------------------------


------------------ Color = index --------------------
-----
meanST=1.1789301350658978 stDevST=0.782223422885625

Steady State Statistics: numBatchesST=693 batchSizeST=400 stDevStdStateMeanST=0.040388488435888645
95% c.i. = 1.1789415855998187 +/- 0.0030070390879341287



REPORT REPORT for Probe : /login----------------------------------------


------------------ Color = login --------------------
-----
meanST=0.9220135959208903 stDevST=0.7416941930522095

Steady State Statistics: numBatchesST=695 batchSizeST=400 stDevStdStateMeanST=0.04089860862973739
95% c.i. = 0.9219465382322864 +/- 0.003040634524169407



REPORT REPORT for Probe : /loginAction----------------------------------------


------------------ Color = loginAction --------------------
-----
meanST=1.5335484178385332 stDevST=1.1230839239726915

Steady State Statistics: numBatchesST=693 batchSizeST=400 stDevStdStateMeanST=0.05867751224091085
95% c.i. = 1.5335481210417392 +/- 0.004368709494321287



REPORT REPORT for Probe : /logout----------------------------------------


------------------ Color = logout --------------------
-----
meanST=0.7820746171185093 stDevST=0.6460316965182156

Steady State Statistics: numBatchesST=347 batchSizeST=800 stDevStdStateMeanST=0.024746625073841184
95% c.i. = 0.7821276020230501 +/- 0.0026037502950994533



REPORT REPORT for Probe : /category----------------------------------------


------------------ Color = category --------------------
-----
meanST=2.0950995900304807 stDevST=1.1574758353316632

Steady State Statistics: numBatchesST=693 batchSizeST=400 stDevStdStateMeanST=0.06174842454977733
95% c.i. = 2.095103211010141 +/- 0.004597347745119849



REPORT REPORT for Probe : /product----------------------------------------


------------------ Color = product --------------------
-----
meanST=2.616864212957116 stDevST=1.4694495126256415

Steady State Statistics: numBatchesST=694 batchSizeST=400 stDevStdStateMeanST=0.07714864404484348
95% c.i. = 2.61682630524256 +/- 0.005739798588883435



